0.0 48.73986267089069
1.023 62.13443056208711
2.03 49.114826249184645
3.041 85.32500862791838
4.05 71.95190206067625
5.051 75.7007201992231
6.052 77.81099284834504
7.053 77.37065529751796
8.061 85.79759193160469
9.11 81.69106140203655
10.112 93.56966849022213
11.12 81.86207506995497
12.121 84.41605611256355
13.122 81.20493958617254
14.123 83.75554978612155
15.124 84.856393663592
16.18 78.6451288632999
17.19 80.60893757354262
18.191 86.17692349009266
19.192 90.80143342775185
20.2 80.64101639446345
21.21 83.44562695505603
22.275 58.235492821713024
23.281 56.66851157957951
24.282 79.13200550122902
25.289 74.50223194236095
26.29 73.18744856345248
27.3 66.42549066637841
28.301 70.98576080871298
29.37 76.03942425222981
30.38 78.42686881845488
31.381 81.9941995824105
32.382 63.05968489161047
33.4 63.95505410089581
34.401 73.40761733886602
35.409 75.95879977758106
36.41 62.61934734058203
37.411 60.85799713687097
38.412 56.67479040280549
39.413 64.600866319908
40.419 68.66127840077289
41.42 68.12356672753148
42.421 68.34373550294502
43.439 43.60479795197781
44.44 55.35377774992151
45.441 58.78506305192743
46.45 47.925357097728856
47.451 56.0142840763635
48.47 61.72949522295002
49.479 47.70693396164165
50.489 53.897098247546225
51.49 54.47310264806599
52.509 49.18527660999273
53.519 44.386596241301035
54.579 46.45117083826259
55.58 42.712742442107526
56.581 35.978925508093035
57.582 39.19004203468542
58.59 52.12721860665642
59.591 57.775634280074556
60.599 47.31698261791998
61.603 48.731419943994084
62.609 54.85958507302721
63.61 56.23445285177705
64.629 53.510869235233734
65.63 54.69327142347952
66.679 45.88779443990154
67.68 49.978312032969406
68.689 34.819968936121185
69.69 43.373248768549516
70.699 35.693661480268645
71.839 29.27213780923403
72.84 38.52953570824343
73.944 2.3930299492914524
74.948 51.02280566113005
75.949 38.74970448365696
76.959 31.73059746239618
77.969 33.16744507532012
78.97 26.071330611664568
79.979 35.60297117234736
80.989 39.80425185571743
82.019 16.475678356603428
83.028 19.53034941430599
84.048 17.069339799819573
85.058 17.456550039675022
86.069 24.7775184450467
87.079 19.148131848617364
88.082 25.049192068400735
89.088 26.598974925584997
90.099 30.736737032020176
91.108 31.106775623645543
92.119 22.889059491869936
93.128 19.876505378418155
94.198 19.858733802604107
95.199 23.117721424865508
96.208 21.40546733050503
97.219 16.131337165739087
98.22 17.264579592686406
99.229 26.210776323215335
100.242 26.850133820874024
101.248 21.25022623497802
102.249 19.595021017302432
103.258 22.934429282712728
104.269 22.543588307119194
105.278 19.221235970337773
106.281 19.336218438755232
107.289 17.144686678840333
108.298 17.692274018150215
109.299 21.35637122115445
110.32 17.358101920451322
111.328 22.957181692788936
112.338 21.60248067405983
113.348 19.292805559181343
114.358 22.693515051503017
115.379 26.981996112976834
116.389 23.002322442649287
117.398 26.210776323215335
118.408 25.09379068199886
119.418 22.34770181622365
120.438 21.17462405544281
121.441 23.950543293410814
122.458 19.593423307067088
123.468 21.820687549669294
124.528 26.28350329839408
125.538 25.7484113084245
126.559 33.02596324218859
127.578 21.93404307165901
128.588 24.87558380659077
129.628 23.822181035306176
130.638 30.76716944482427
131.658 25.49597590361566
132.668 25.620804948553214
133.678 26.18482505944205
134.728 21.496360794582266
135.738 24.00275630455567
136.748 24.00275630455567
137.758 28.021080579049062
138.768 25.09379068199886
139.769 38.841119589274534
140.778 27.739738275423036
141.868 26.571062584841364
142.878 23.784549428946207
143.887 19.43965910636457
144.898 14.823390909060805
145.908 11.655564916837363
146.918 15.710895035705507
147.938 18.149677761822506
148.958 20.31035368580824
149.968 22.34770181622365
150.978 32.07641069787692
151.988 26.057218699570768
152.989 23.99839652672103
153.997 23.831740995400143
154.998 26.28844148745594
156.008 24.22096317996376
157.017 22.49758301073969
158.028 14.916929463223534
159.038 25.09379068199886
160.047 22.7160061468269
161.058 19.709864101191243
162.067 23.371275554887145
163.088 24.39172448622933
164.098 35.44011434594467
165.108 26.18482505944205
166.117 18.219810598145223
167.127 21.38427379865174
168.147 18.7978805390283
169.167 17.807254852237854
170.177 13.96524003173599
171.187 13.96524003173599
172.197 14.401653782733403
173.207 14.619860658222041
174.208 13.521710409609106
175.217 19.43965910636457
176.227 14.83806753371068
177.237 14.619860658222041
178.247 14.928668049267621
179.267 13.396190728973343
180.277 14.401653782733403
181.297 11.235514804947332
182.307 14.83806753371068
183.317 9.473496161870434
184.337 9.939109250515617
185.357 10.15517684292426
186.367 9.60110252182227
187.417 9.445240467898937
188.438 8.850094725059623
189.447 8.081656032991395
190.477 4.796177955557181
191.527 5.247355815485984
192.547 3.8892166632548726
193.557 7.2008268913667015
194.577 6.698095364486671
195.607 7.061005009981527
196.617 5.236965011908548
197.637 5.617757402463598
198.667 3.209547731813447
199.717 2.938519256676984
200.747 2.781608034236978
201.777 3.6374874293899153
202.867 3.0470642702601882
203.877 33.603858826337664
204.878 33.997406528767065
206.087 30.442476170276365
207.097 34.78549371931766
208.098 36.09222873765043
209.107 37.23795137178376
210.157 48.15292833723737
211.158 53.280843664977986
212.167 46.177972009635326
213.168 48.30837693467454
214.257 45.61893386332764
215.267 53.24247762091921
216.268 48.748714485703
217.277 47.270087689668614
218.278 49.40922081214499
219.287 52.42155264643067
220.297 46.35045812057794
221.307 46.13225124516986
222.377 46.428839134651206
223.386 50.67416755813576
224.387 42.58398877231155
225.388 46.54702673096349
226.397 47.83466678980757
227.398 45.8865204045215
228.406 45.56786401269758
229.467 46.82282655712634
230.468 52.840506114150905
231.477 47.70693396164165
232.487 45.69583749415231
233.536 48.19883198686873
234.547 50.35593088219441
235.548 48.748714485703
236.557 46.833241417695575
237.626 47.70940378163966
238.627 52.40016856312245
239.628 48.08820815926101
240.629 47.42770183281902
241.676 47.659415397723386
242.677 53.06067488956444
243.679 42.76095648337347
244.686 47.583307579213134
245.687 53.280843664977986
246.688 47.64787060823255
247.697 47.925357097728856
248.706 46.833241417695575
249.707 52.179999787708915
250.708 43.684832649781995
251.716 43.381625580745755
252.776 44.995772149878675
253.777 50.858987134824936
254.786 43.99374064936738
255.797 45.21465675633024
256.806 45.65043542953963
257.808 44.30108215075793
258.809 42.58398877231155
259.818 43.029357797298644
262.934 3.143060129877189
263.946 39.1996145900156
265.025 85.54735100862696
266.026 91.46145692781053
267.036 103.30245262504563
268.045 88.42432757050642
269.046 76.26981142004752
270.047 75.16896754277845
271.048 88.59926284662902
272.055 77.00052877203294
273.057 89.17068756710242
274.135 92.37330881116382
275.172 66.17854559562073
276.175 123.92778186718006
277.176 88.91084672766013
278.177 88.81943162224394
279.185 90.69844837419024
280.186 105.99259610913154
281.195 91.48225147492181
282.196 94.76398856002047
283.197 83.09504345988096
284.198 86.48899019750708
285.206 81.86207506995497
286.216 81.9181788263939
287.226 78.20866194304678
288.227 78.91183672581548
289.254 69.4923486216544
290.264 71.66245567818626
291.265 60.41782052797029
292.295 63.42391652333202
293.344 62.69534023584348
294.345 66.14204774820551
295.347 69.22441060480054
296.355 76.39607942878597
297.356 86.39757509188952
298.365 69.33082442843526
299.366 68.34373550294502
300.375 69.98609383649551
301.376 76.04964264463398
302.384 62.40313058740946
303.385 40.60246979298558
304.394 45.08585632940067
305.395 68.78407305397347
306.396 85.51689999003399
307.397 69.88491693124253
308.415 73.91369008864704
309.428 77.75948629633724
310.495 71.43130160074314
311.497 90.93027993639058
312.498 84.63622488817846
313.574 82.09906202757108
314.584 19.638618794621813
315.624 26.91288069214631
316.644 30.12310761908743
317.714 49.724525313268344
318.724 48.66013323553699
319.725 52.27141489332648
320.734 57.97282135492112
321.735 42.8041575477251
322.754 59.99925817289388
323.755 77.81099284834504
324.764 87.89679099061209
325.775 81.40116985784326
326.785 80.48133121367135
327.845 62.252642312979354
328.854 84.40202081422366
329.855 80.01268060308453
330.856 89.47993794848455
331.864 86.3256518613356
332.865 89.70010672409947
333.866 85.29673121462046
334.867 86.92932774853554
335.868 92.34213202966605
336.874 91.22595161924986
337.875 74.15953877092558
338.876 94.984157335434
339.884 87.32807071112396
340.885 63.279853667024014
341.894 48.79904964187631
342.895 53.37225877059554
343.904 49.89116532190959
344.905 70.10508570665607
345.914 66.7097467959929
347.004 48.00338193414883
348.005 72.30677346159696
349.044 57.14738452758092
350.045 69.88491693124253
351.046 78.91183672581548
352.047 95.20416516892115
353.054 78.65747422952586
354.055 44.34839687584614
355.064 73.69928714897115
356.074 71.00783505176064
357.075 56.0142840763635
358.076 71.42609835954005
359.084 82.95527419826931
360.085 71.95785101618607
361.086 73.84795488989447
362.094 66.3386474490592
363.113 50.91551366004885
364.114 31.484134892996458
365.12 43.91098475928632
366.138 17.31936693523093
367.148 23.348135678130035
368.149 44.12517020060907
369.158 51.420127274117284
370.159 50.73023346482759
371.168 52.42155264643067
372.169 46.54702673096349
373.178 39.406854792744284
374.193 25.62157184388074
375.198 19.517030883904784
376.208 30.4213562095449
377.238 44.59456982992712
378.239 51.29932468565202
379.259 55.83515111501104
380.26 56.67479040280549
381.268 64.37088901833502
382.279 92.08273095396868
383.28 67.46306040108949
384.281 71.95785101618607
385.358 60.65611329511556
386.36 74.06812366530801
387.439 53.59908240444776
388.448 34.94770176428712
389.498 29.262447401399218
390.508 34.69489320378086
391.517 29.48712336351656
392.518 24.75031795878059
393.519 33.905991423149494
394.528 21.496157638627693
395.529 31.043797341968006
396.568 20.875479362208917
397.59 13.801264610613961
398.647 11.0507228432305
399.667 6.049892587280882
400.688 17.05262154340216
401.698 20.165633061135892
402.717 10.813981562840748
403.719 16.496178461890178
404.728 13.979080705694708
406.207 2.533206255750465
407.62 11.918659790362103
408.628 26.674058728735524
409.637 27.739738275423036
410.647 14.055840547292933
411.657 13.31061940524994
412.658 35.66734162706193
413.659 50.73023346482759
414.668 47.0516645535814
415.738 44.57525091487449
416.739 53.280843664977986
417.748 56.66228253880064
418.749 64.8211960374493
419.758 53.604358634385235
420.767 52.94908922632499
421.778 55.24176667359224
422.818 54.76186292940459
423.82 59.16629341663455
424.821 49.84955836297207
425.828 50.64682486864213
426.838 51.369216256977715
427.839 51.29932468565202
428.848 46.396395145521154
429.858 67.95293879483916
430.868 68.82576629667287
431.878 71.44424880277818
432.888 57.697215646430145
433.889 48.30837693467454
434.897 45.567384539472435
435.937 50.73552644786909
436.939 51.73966223668046
437.947 46.223783489807005
438.948 44.56550775163752
439.957 48.70835933395502
440.958 50.51006468941405
441.96 45.18039599101882
442.967 56.33758540442552
443.968 72.96711884591117
444.988 57.56369185428018
445.99 65.63613962820061
446.991 85.51689999003399
447.998 93.98050010357429
448.999 72.8385261180416
450.0 65.48154142176352
451.002 69.59522245894792
452.007 68.72959808077846
453.019 67.165317539422
454.057 52.10674167839659
455.058 75.60930509360553
456.06 73.11440719752423
457.061 57.775634280074556
458.067 61.8699689854914
459.068 60.69254867100493
460.069 47.72190396848103
461.07 60.19749081042898
462.078 83.61119367517738
463.117 69.113974901832
464.147 64.2797959184044
465.178 63.85185622076752
466.179 72.74711101242403
467.18 81.33369325596853
468.188 100.88373990109416
469.189 68.78407305397347
470.197 64.80816866953994
471.198 71.95785101618607
472.199 82.21436835782404
473.217 75.64562678210771
474.227 59.224663774890885
475.229 62.11695488962429
476.237 63.71496954142696
477.238 56.89495917821903
478.239 68.78407305397347
479.241 77.73333716683011
480.247 74.35721532973815
481.248 90.14044427492654
482.257 60.59389898736348
483.259 48.48011402789281
484.266 49.55270012347636
485.267 44.69426142143349
486.268 60.19749081042898
487.278 63.58880128486501
488.279 64.16052876887954
489.281 68.93537532059072
490.287 67.78498041163935
491.347 70.65553315333739
492.348 45.795105298903934
493.367 37.50617652216419
494.368 39.85054836112741
495.376 31.356275345819302
496.386 37.9679963363118
497.397 39.54688964397714
498.407 39.80425185571743
499.416 35.60297117234736
500.426 36.3129418477784
501.427 35.00683530061994
502.437 30.4213562095449
503.438 45.134598972461944
504.439 47.64787060823255
505.441 66.51593581274399
506.447 63.841639460941174
507.448 57.11512795363257
508.459 54.588271595898206
509.466 63.99709855202555
510.467 58.21452335235582
511.476 52.73210308455415
512.48 67.70049935258702
513.527 60.71014562082141
514.606 60.95218897825687
515.666 62.252642312979354
516.667 64.50945121429042
517.668 54.03276509703753
518.676 51.47113930527286
519.696 44.38356871785645
520.736 46.28490035325096
521.737 53.72118121600643
522.738 56.23445285177705
523.746 44.252988394652355
524.796 41.22933385845016
525.806 44.51420260117231
526.807 52.051246117711564
527.808 49.62938958755852
528.816 49.41260059582131
529.817 48.08820815926101
530.826 42.24635556107248
531.827 54.47310264806599
532.828 54.91344019889307
533.829 56.58337529718793
534.836 51.522252651102946
535.837 72.96727978783757
536.846 80.25198122977498
537.856 65.6973368748066
538.857 46.40089131559705
539.866 45.741125737460905
540.876 39.36783810490126
541.879 65.32486670904241
542.886 39.48512064131007
543.887 56.45462162719058
544.896 63.6518228915775
545.898 94.4494646749669
546.899 84.50747121818112
547.9 103.57073957897849
548.907 98.44850944383347
549.916 95.10475447947618
551.016 79.90710259384781
552.018 98.06652019202905
553.019 82.43453713343895
554.066 79.3211614897722
555.068 66.73588485893018
556.07 84.11185950542416
557.076 90.56872812750038
558.077 79.13200550122902
559.078 72.08660468598204
560.08 76.72491580907254
561.082 82.5722161823222
562.085 82.48989094198494
563.096 84.45304445667871
564.097 67.46306040108949
565.106 60.81232212324931
566.115 58.191244491008334
567.116 48.08820815926101
568.117 46.32685795534857
569.135 30.525384223376985
570.145 17.02013628867761
571.146 25.85116183625103
572.155 48.14378023381607
573.157 55.427159631872044
574.176 45.50852287859828
575.177 53.15208999518201
576.185 46.223783489807005
577.186 42.272404891280445
578.196 33.03983871544884
579.225 27.628934701943322
580.245 17.717542577025363
581.256 21.67162413608089
582.265 27.739738275423036
583.275 48.532686383573754
584.295 38.765811315231744
585.296 42.05223611586691
586.305 41.59108615301223
587.306 50.06972713858698
588.385 54.62034720643842
589.386 62.08759468393601
590.395 51.420127274117284
591.405 43.73197561467401
592.406 56.45462162719058
593.477 46.42898969832044
594.485 47.663481990800285
595.495 38.058596851848606
596.496 48.52854571008809
597.497 67.24289162547457
598.575 56.919882209962175
599.607 58.51411891920093
600.615 66.55728727476234
601.645 68.21962524676212
602.646 76.7106317972579
603.655 56.2254362668276
604.665 46.91447823166816
605.666 67.46306040108949
606.676 72.97169693123892
607.685 73.1345483826404
608.686 73.40761733886602
609.687 75.82947386901905
610.705 90.58358076373457
611.706 54.47310264806599
612.708 64.31644535128483
613.715 41.017119260767544
614.716 54.16151876683351
615.724 39.00866924341561
616.745 32.036307805884135
617.795 62.69534023584348
618.835 63.66172095759243
619.885 62.84552462062229
620.895 65.33445628873385
621.896 70.98576080871298
622.965 56.986768132815385
623.974 64.49874856551217
624.975 41.26297611942757
625.976 40.8226385686005
626.985 44.33989661341914
627.987 59.03766824342036
629.004 37.14652506145049
630.005 33.02531632129397
631.024 27.773593115673968
632.105 42.08291307702831
633.124 40.22801141385539
634.126 27.145056550450143
635.144 31.39135257000663
636.145 31.043797341968006
637.146 32.23605632505601
638.154 34.85451255606274
639.155 48.877468155498974
640.156 41.04280734401404
641.164 51.47113930527286
642.165 69.22441060480054
643.174 54.911863795882596
644.175 36.54801672891746
645.314 22.915243985908564
646.336 21.995765473261027
647.345 23.589698690772977
648.346 23.86964285692506
649.354 31.7027747186996
650.364 29.239721316363532
651.365 21.2276175511571
652.374 20.094928514444952
653.375 23.558058975893957
654.404 21.292528670054963
655.414 25.53020443301641
656.416 23.405922765687645
657.429 17.62241311383333
658.444 9.336674485507904
659.445 14.751307956835245
660.454 29.140967399464806
661.464 31.421790071451287
662.524 23.580620019938046
663.525 27.080759383517442
664.534 29.48712336351656
665.535 27.17217448913501
666.554 34.60474100112262
667.564 31.512390586988094
668.574 36.658755083259145
669.584 31.07597683597054
670.594 39.05903071375499
671.595 34.87808163062259
672.604 33.418739812079416
673.605 25.19065550980904
674.614 26.429199459302545
675.643 17.43732847912266
676.646 21.55500652362886
677.654 31.265495067293312
678.664 34.34907996830011
679.674 32.949238199912024
680.675 18.365423470056157
681.684 17.03700461006983
682.713 13.064845091633781
683.714 18.714345915406632
684.715 28.933524692846063
685.724 36.2582405804076
686.725 25.19065550980904
687.735 26.621238810459605
688.893 18.730244436354173
690.073 9.90722141246349
691.083 11.346757525791785
692.084 25.979915506047004
693.094 35.44011434594467
694.104 41.67751321965893
695.114 46.786871871595494
696.123 39.406854792744284
697.143 23.33529997952924
698.144 18.714345915406632
699.174 24.267434195195886
700.175 27.080759383517442
701.264 19.73275194212638
702.265 55.262362644303956
703.266 47.8680393836461
704.273 76.90965834427925
705.274 44.56550775163752
706.284 31.639996946859373
707.303 11.768900402604409
708.333 7.061005009981527
709.336 5.712973629625362
710.343 18.602840378671957
711.444 26.305593294700092
712.513 61.522368482265655
713.544 64.2174488806857
714.545 59.66573815378297
715.554 43.12004810521992
716.555 52.931921219768476
717.583 40.393607042707096
718.584 34.12616019876442
719.593 28.831853955456317
720.603 25.184391197535664
721.62 19.72015135380287
722.723 21.062870051620337
723.734 21.363122192452217
724.743 29.268700227630735
725.763 17.159210019173422
726.783 17.933610169434004
727.794 13.733435695142099
728.803 21.623890466592236
729.813 19.511012434690116
730.814 25.319409179605014
731.963 26.35752122114614
732.973 25.7484113084245
733.976 36.47513932761119
734.993 39.53027962078371
736.003 36.74935559879595
737.004 44.69426142143349
738.013 40.717393608864775
739.014 36.54801672891746
740.023 15.380309829796895
741.024 26.420253057075453
742.033 36.785777160301926
743.035 50.80822966256616
744.063 31.603775608628702
745.073 31.203583195841823
746.213 17.479396055504832
747.214 36.32784795350392
748.216 40.78189741218162
749.535 6.182252416426969
750.543 36.82227098698829
751.544 36.54801672891746
752.553 34.60154580003398
753.554 48.216961829056984
754.556 39.462203135265845
755.563 33.79484005501264
756.573 38.879318212648585
757.574 38.40078203824608
758.582 36.07557123155424
759.594 30.57901058878105
760.603 32.98189354010638
761.621 30.615272750519374
762.623 34.971898339174146
763.632 32.1988913038802
764.633 42.272404891280445
765.634 36.19909428350657
766.636 39.15093021610765
767.643 35.76455256559984
768.653 33.03983871544884
