0.0 3.0236464694047407
1.03 5.752027940016557
2.059 4.207489974800581
3.07 10.367917667106102
4.09 14.52105092698462
5.1 25.268619313043185
6.12 10.59259387458214
7.16 10.955230728939455
8.19 13.93760616232539
9.2 16.018499743056044
10.222 24.618571525687567
11.23 44.75994269242174
12.232 44.44014773254108
13.261 42.60990107024514
14.301 34.837633718033295
15.302 49.94793127661535
16.31 35.49146971069865
17.311 23.086274632198194
20.71 2.3463983438273655
21.88 44.680826666174084
22.889 7.000924453941018
23.89 26.178733170388913
24.899 39.840952273478614
25.9 46.43879623288
26.931 52.69387622880487
27.94 52.93945609061283
28.942 50.125497013119215
30.01 51.20647172183964
31.03 48.79412785178844
32.031 39.476438008459795
33.039 37.07389192710056
34.04 38.79351453443154
35.119 43.380645059955846
36.129 47.153048539427
37.139 35.96609035458001
38.15 42.37322872639019
39.151 51.31377822467185
40.153 55.128604379953025
41.16 58.92800394599863
42.161 77.26487023712076
43.162 65.19988886296866
44.163 70.20799433889823
45.17 64.13255447301286
46.171 68.61450623290172
47.18 54.971982544920344
48.199 40.25160338474452
49.201 39.89186830820349
50.209 51.635613492505406
51.21 64.06168307285219
52.212 65.58964705590866
53.229 57.80742397615021
54.23 63.15111844088392
55.231 70.20799433889823
56.249 67.69252410440983
57.25 67.93158275887347
58.259 69.19966772548933
59.262 50.529895917574066
60.269 54.17602302989334
61.27 54.728395594813115
62.299 51.68905966585992
63.379 62.96251327933952
64.38 93.1997512972941
65.381 101.39483298542491
66.382 91.01785739107167
67.389 99.20669932896922
68.39 78.40307602702903
69.391 66.11028709053987
70.4 57.00450899922785
71.409 47.97105809091686
72.449 44.350105405910355
73.45 61.91839497696512
74.459 39.840952273478614
75.46 55.866601384721385
76.462 55.58343232224104
77.464 55.489008977459896
78.469 59.27200872900236
79.47 54.500754436664884
80.471 49.720290118675344
81.479 58.86954362465813
82.481 65.13481911362064
83.482 62.69583612479568
84.568 56.529759821436265
85.579 64.52522431720925
86.58 55.63896022678137
87.581 46.76095506462232
88.589 62.48650869063039
89.639 40.238419082376055
90.648 50.18539029169245
91.649 36.28946179646676
92.659 39.03099233161106
93.662 38.26178509541158
94.669 51.00803575269802
95.709 54.64818245525433
96.71 53.040389814806076
97.711 49.94793127661535
98.719 40.10653734431542
99.72 42.34125538871049
100.721 30.143150530212502
101.738 36.07362503936442
102.739 36.28946179646676
103.858 46.51358212730323
104.859 66.47121813722286
105.878 46.605811989408785
106.879 60.191783386830906
107.88 49.94793127661535
108.896 62.66732987960568
109.899 59.3901981782214
110.959 58.34627996626521
111.969 70.48482923758951
112.978 47.877289813964964
113.979 41.297567272396314
114.981 53.08187863892824
115.999 28.427639974021044
117.019 24.797486967566712
118.029 8.666956989728586
119.03 60.55254802911683
120.031 61.32998917673918
121.04 53.391128635945094
122.041 51.31377822467185
123.049 45.30592462689779
124.05 60.78018918705684
125.16 64.42536803661078
126.24 63.3844925371161
127.298 64.27175268594046
128.308 64.52522431720925
129.309 62.01291265076743
130.379 72.37079186801874
131.381 79.00707135788151
132.383 53.214869265395215
133.388 54.5105711346777
134.389 51.086137066731844
135.399 48.826012683552506
136.4 36.65022643854447
137.41 31.905062250880256
138.418 48.376907758602215
139.419 53.36254864675661
140.428 51.35546556657606
141.468 34.055231640325175
142.478 31.56862230057893
143.488 21.675968394501805
144.508 21.09243069864157
145.518 38.12854164201568
146.528 28.29525949187408
147.538 34.2931262104545
148.548 31.905062250880256
149.568 35.07392300827374
150.588 28.688057337370708
151.608 23.010280699581454
152.617 20.09942827097113
153.618 20.715345378350296
154.626 30.83806436259233
155.768 34.6023769233092
156.769 43.47946117882698
157.818 19.5502306239966
158.819 25.590327370162974
159.838 21.02028176759112
160.859 20.97910589744498
161.867 11.170651567100276
162.888 13.837282613163648
163.908 12.957245442539161
164.918 13.987985691122882
165.927 10.840141089952366
166.938 9.78533190448118
167.967 8.414979949621983
169.007 4.601196906161234
170.008 18.894216114330483
171.017 25.293662543187487
172.038 17.277678478873618
173.057 9.839280827407443
174.078 16.515466344745725
176.849 6.331973127202598
177.898 22.681570356901148
178.908 26.171070002846786
179.927 20.349421711223826
180.948 8.704097127626131
181.978 6.28634812427048
182.988 9.250119569945502
184.017 16.829959899223145
185.027 39.575893113586176
188.736 4.239133767098801
189.737 29.138068224441927
190.748 8.564801551091271
191.857 10.358928899517815
192.876 13.640821147071975
193.886 13.311147673811826
194.896 29.555260089297946
195.897 19.21637494611445
197.186 20.506424129376793
198.196 7.896443535302573
199.236 6.134929208201099
200.237 18.666574956307183
201.256 8.590408792555245
202.257 20.715345378350296
203.266 37.71465754221921
204.278 32.96784275596774
205.286 34.813288760841864
206.296 33.484350957932435
207.336 34.05218852080638
208.339 40.21214102862725
209.528 29.784925198983313
210.546 18.57869384128705
211.556 6.317154828250386
212.566 9.250119569945502
213.647 24.32888445422969
214.648 51.90218402489779
215.656 54.12227697545242
216.658 31.704965344312555
217.666 59.67992359010387
218.667 46.305672748534086
219.676 30.581169837552046
220.686 46.701823194525204
221.706 39.188384075642134
222.716 42.64079509061723
223.717 46.07803159059407
224.726 56.101163908355105
225.728 42.620835962764396
226.736 52.2199331412628
227.737 45.622749274505836
228.746 52.48778354507236
229.747 58.37065412268616
230.756 62.876252089588355
231.757 72.93968823501123
232.758 59.281218754862635
233.767 66.94130499841158
234.856 61.60517827824537
235.858 58.900218545765135
236.859 51.086137066731844
237.865 42.224859677537786
238.875 37.22609095221208
239.885 26.2647454399201
240.886 31.18683864652668
242.091 2.2648093988585147
243.105 38.3014184549446
244.145 2.629255374946302
245.146 11.382057900186291
246.165 20.57304173001292
247.406 7.161066210566617
248.805 5.442660874779486
249.815 7.670830862872494
250.816 6.146311266108509
251.825 11.743486180783467
252.836 15.106369741011537
253.845 12.86738482449377
254.87 11.115551178636634
255.875 10.523957167077771
256.885 14.213598363552956
257.886 18.666574956307183
258.906 26.361292452157922
259.916 22.20371733601213
260.935 7.603080639349886
261.951 9.868333821981087
262.955 17.022071650536574
263.965 11.374309058972802
264.985 13.180646226037318
266.006 13.167736680262923
267.016 13.762373018692804
268.025 13.550176362445665
269.125 7.457524336201108
270.136 16.99779636856133
271.145 29.371922251634196
272.276 23.845981283583566
273.285 25.971171361289986
274.296 23.44050950831774
275.305 12.42099499890679
276.555 5.362245893727375
