0.0 43.328248356816026
1.008 48.44189761743679
2.009 29.924936163787393
3.209 21.208916943664526
4.269 28.94325587325859
5.27 23.757904494560055
6.28 36.59801736124416
7.289 40.20440821175049
8.29 42.15227304574856
9.3 50.570206981291314
10.479 38.171460744018816
11.48 42.93195729132625
12.519 33.995523267089524
13.689 39.24152902879113
14.699 33.16052663886803
15.779 16.881098450665135
16.799 11.60718621959367
17.821 3.79818739982302
18.869 2.4075724138406898
19.889 2.663944378269725
20.93 5.966182551579051
22.0 2.176680853802479
23.01 27.095366370677805
24.011 27.910456581280037
25.03 21.721481579697905
26.031 27.92066150132322
27.04 22.95112835473572
28.061 23.89115316533289
29.071 19.21657189422854
30.08 17.692408746482066
31.09 18.447909018416837
32.211 16.501618726291397
33.221 10.376948822837303
34.24 3.0474956016649863
35.28 2.985959632779415
36.3 3.8056348260945403
37.691 1.8139007115079775
38.701 8.455291633432184
39.711 18.45408978712838
40.851 23.256210702927184
41.861 41.71063688352311
42.892 35.48404620110364
43.918 39.01541125088314
45.071 33.847507290711874
46.072 47.98977083550014
47.073 57.087740609640065
48.082 45.12847307872158
49.083 52.18838679789535
50.092 36.909886956683756
51.093 29.94180262899916
52.102 26.329735128863163
53.103 28.286054336431018
54.112 29.642817067180925
55.113 42.70645690333999
56.122 54.952839513902894
57.132 42.00225679040108
58.133 46.53443583565693
59.134 38.786633689747696
60.142 41.32399239547924
61.143 51.7066295262237
62.153 51.23885378116973
63.164 42.450193290618316
64.295 45.88815518031745
65.973 31.92344952639884
67.973 24.642996068939524
69.973 26.320617544860692
71.984 22.825786967711437
72.985 48.08558369676273
73.993 45.94272763622999
74.994 37.295297999412234
76.243 36.40586603808037
77.244 53.51460121098773
80.004 2.9777151234030534
81.104 46.00056543844693
82.184 46.339044161500205
84.014 31.993049122923033
85.015 46.53443583565693
88.044 9.458480355488824
89.045 49.055051110086865
90.054 11.218948672014129
91.064 37.472315193603784
92.065 28.41971044314192
93.975 16.974845904973836
94.985 44.390281075554434
95.995 36.11015804702088
97.975 14.471140547989194
99.985 22.73528828885895
101.965 18.859072739905102
102.975 39.97046953990315
103.976 11.173820612617824
106.035 10.776499404260184
107.966 12.62644180191597
109.975 12.278587666079115
112.006 12.89520526107657
114.056 9.399506842548787
115.987 10.53451303231781
117.966 10.116908217884708
118.977 30.140176115363307
120.236 3.150700308224812
121.986 18.103309488372034
123.976 16.199186385222166
125.987 16.21536106141543
128.057 11.253772437087767
129.987 12.28439359219537
131.967 20.17042938767193
137.498 4.739108823496508
138.518 6.659860945674312
139.578 11.90158438539345
140.618 16.42277798031338
141.619 21.553216539370954
142.62 58.60473033538704
143.639 59.728435474718495
144.649 48.10745158332513
145.65 64.56100205680872
146.66 58.02098322273687
150.019 17.175025874009545
151.02 61.270340516871435
153.949 18.91891653446807
154.95 48.25878386919516
155.97 30.49626550989405
158.02 29.826919426890548
159.97 21.67105313027886
161.96 21.31879774334487
163.95 22.57187589829097
165.96 31.066558506557644
167.14 69.06763952826347
168.141 89.38489550078855
169.142 72.63196000710022
170.17 29.676252175810692
171.96 26.643658589406748
174.021 24.308283100841155
175.962 25.652863645162128
177.951 27.205738108736472
183.531 10.113065342300247
184.571 7.278276604909799
185.581 12.490771731195348
186.591 13.835931763794894
187.601 22.887667580356414
188.721 44.87700532569332
189.733 70.95364965896891
190.782 68.33535638207583
191.951 25.11558068325164
195.511 14.391242899470475
196.512 37.421442151083966
197.961 21.051022039195615
203.475 1.8301172774994705
204.485 6.917965881897447
205.486 8.676166408506724
208.226 1.7870773072811463
209.246 18.3278316103646
210.266 4.128334855201389
211.955 3.505590208773854
212.976 12.95677835999093
213.977 9.44592920400991
216.036 5.880546131016606
221.591 2.2687763130321974
222.651 6.408545438284688
223.682 7.675380096444914
224.821 8.785022498701663
225.832 12.326857144028484
227.312 5.789529493662736
229.302 4.915921992626825
230.342 8.39801146719543
231.362 3.5766847192422326
232.372 5.764971568250829
233.392 6.279297463054218
234.493 2.097997415146247
235.504 4.99136674521364
236.532 3.0208151926958173
237.552 1.9018437491624993
238.553 28.114554983917106
239.554 30.72474677973104
240.563 41.16422050753589
241.564 35.06155436879722
242.573 35.14718450450397
243.574 33.931359463507235
244.576 33.89126571498976
245.614 37.03297204497418
246.623 36.7615421027587
247.654 35.2827215975641
248.664 36.86969024165649
249.674 36.357810212486505
250.678 36.4368853246108
251.683 36.460062658969846
252.775 29.031722181510073
253.855 35.00059690055079
255.024 31.860490567909935
256.034 34.36198379824134
257.043 39.493618414742286
258.045 35.533184519066424
259.046 36.47890438833191
260.054 36.59336032368156
261.056 35.5225650027436
262.057 37.329739604846154
263.075 44.23209357798155
264.084 39.736172796532244
265.104 45.28705443054986
266.115 46.84205714732952
267.124 30.43769238324984
268.274 31.932875723517036
269.275 39.55427046032613
270.286 32.208966279475625
271.364 35.83164113018159
272.365 46.1466488702918
273.366 36.69505026614558
274.385 36.555327929054286
275.396 35.61484996433668
282.268 6.60298710581087
283.291 35.668061302718435
284.378 35.233332105991934
287.119 4.785505960178269
289.108 8.86683240914352
291.118 3.9908302635432125
293.109 4.131313762287549
295.119 4.100449453835314
297.119 4.141523827951695
299.119 4.304540198693242
301.109 4.565008776950961
303.119 4.658639123327991
305.119 4.0681735549548455
307.11 4.82117247161508
309.11 4.105699951874897
311.11 7.948715125309433
313.13 4.362288244791649
317.11 2.364529104978992
319.181 4.85915835394042
321.17 4.916182295880093
323.111 5.537797704214087
329.321 1.8796268762243251
330.331 6.725800162944521
331.382 9.3359212653579
332.392 13.005180256606446
333.402 15.75042488034544
335.112 4.259703831057997
337.122 6.934949018610309
339.152 6.9472075887078155
345.679 2.0003598274066356
346.698 6.666396628637724
347.709 9.921688603605698
348.739 11.78389608571804
349.74 17.349923321978128
350.741 22.618922018892974
351.749 24.834340494763875
353.16 9.55501111339501
355.169 4.096487744920714
357.18 4.619706917669553
359.139 7.093474731684994
361.17 6.384592873420676
363.17 5.135015678358729
365.18 4.9463453819118515
367.17 4.731553529459172
369.17 5.457927131629191
371.171 5.0314836998173265
373.421 5.079313295026784
379.152 2.0264533337076305
380.172 6.4695792043642655
381.221 8.680448859295533
382.222 12.348095103660356
383.291 5.559869283260911
385.131 5.461637516722407
387.182 4.851340475342825
389.142 4.46868289699801
391.212 3.9188136768839734
392.222 6.3414687250741375
393.232 8.368339455052011
394.233 10.50865824852377
396.293 3.742171117243217
398.243 3.982807413690693
399.253 14.837216299321716
400.254 1.889327575796966
402.323 9.667847032699903
403.393 12.383319828123161
404.394 10.588738524626683
405.504 8.242015881039862
408.914 2.6146509617044673
410.904 4.483376182086391
412.974 4.402565372201576
414.894 5.477107093003971
416.854 5.674056072251206
418.904 4.368350126224426
420.934 4.6943028521718295
422.885 4.8243908159477265
424.915 6.278499894624529
426.865 5.674632933699731
428.915 4.314229341696275
430.905 4.597519225211514
432.961 3.9643368970608024
434.856 4.004293086221382
436.946 3.4794421188920373
438.856 8.222536856201584
440.916 4.178407647218217
442.876 4.5074094552879345
444.917 4.1458454030951115
446.916 4.43820809951088
448.897 8.10924743563935
450.897 3.7725733735449123
451.932 5.625721047267106
452.989 2.8191457955573007
454.008 8.571081379669472
455.137 8.664031557282527
456.157 17.131198700716322
457.857 3.2188493335099517
459.907 5.462461996597576
461.977 4.4695969899444945
462.978 16.16941249084418
465.233 4.416550466877298
466.958 5.490259606270418
469.228 4.033861884883075
471.268 4.264786893390625
472.269 7.3679523406427245
473.278 10.615585859131794
474.318 14.058620431142256
475.319 8.638748367993703
476.998 2.541866661010175
478.958 10.817522102790015
481.009 4.592213095246164
483.039 9.48533348952478
484.048 7.117178312044465
485.049 11.266373568885832
486.089 11.293115420377996
487.769 4.607700383366366
488.779 6.149303006121211
489.789 10.258811856744526
490.79 15.317585129208993
491.809 27.236991939858648
492.83 45.39986102701904
493.841 75.1862505926186
494.842 85.56116861871128
496.08 51.4708860937869
501.414 9.795585919719844
502.415 6.980165375330805
503.424 11.541370235730048
504.425 16.86873299040347
505.426 23.02655188454896
506.446 42.25172682905888
507.447 78.28024156925554
508.449 39.387927319697724
510.125 8.988263753777376
512.075 22.697804161807174
513.086 50.33494733753202
514.155 26.74887459884754
519.813 7.824509564744193
520.822 6.924822141448669
521.843 12.356199263975277
522.863 15.983666269600615
523.873 14.062091710785468
524.915 37.02547128170406
525.916 61.00515432830345
526.917 63.86820136725633
528.163 37.182408459142444
530.144 17.93268957016217
532.083 18.764972833810386
534.104 18.686661541523936
536.094 22.62933954158115
537.096 41.45179490229805
538.104 4.659412201970753
539.174 31.52222645080117
540.324 32.39527051488955
541.334 44.00594963764858
542.336 4.556622027349462
543.344 35.81374202418466
544.355 29.931360502401958
545.365 30.938680749558984
546.375 17.61982647952033
547.384 28.85342558936945
548.454 12.515914909373121
549.455 28.979847170891542
550.456 50.41230548859878
551.457 53.902388176175506
552.467 59.36277192691444
553.636 13.833892095692994
555.707 24.304218055845595
556.708 56.57338428766792
557.727 32.30696200744261
558.728 34.90082687665402
559.737 10.831002272399852
561.658 17.40874091296951
563.657 18.523537493787583
565.637 20.201312657152002
567.648 19.645871421235768
569.947 18.04259855223754
571.667 25.36706564557341
573.698 15.783594881420935
575.638 21.087563578706124
577.689 23.59020683278241
578.698 33.66232985417569
579.708 19.710471505183477
580.718 20.369566207768752
581.732 21.246251233275654
582.738 23.344505479011485
583.749 16.78116921835151
585.689 16.82628847147649
586.69 39.9420574255139
587.693 32.95727287402385
588.699 35.207008435259695
589.705 10.755554140983076
591.631 16.05947425743898
593.659 13.766660773230564
594.66 13.766437268032252
595.67 15.424810745483033
597.699 16.364352325687655
598.709 38.048812350373886
599.73 4.4829435948611085
600.731 25.593939709487167
601.74 20.35755411008855
602.749 16.15791833002916
603.76 22.65312599746304
604.77 30.168894097730764
607.72 4.359751891576461
608.73 33.43683509585835
609.74 18.599056908510644
611.7 4.60368295536048
613.651 5.975039513318411
615.7 4.633670686125828
617.7 5.595121936248056
619.721 6.521486012521219
621.651 7.5723951668287715
622.652 15.273789013620215
623.681 4.88419973690727
625.931 3.8111874921089086
627.001 6.348652490260187
628.002 9.801684058870025
629.041 11.040713848287368
631.911 4.620633659086747
633.851 5.026093104529778
635.841 5.528059511904782
637.831 5.427818963085154
639.892 4.363277580824146
641.902 4.184869641568082
643.852 9.513817435236945
645.852 4.918369901054689
647.852 5.190631359238352
649.903 4.8437312890545385
651.853 4.8925647053260946
652.864 6.3351962535356146
653.884 9.11766677085963
655.924 5.282682933492757
656.925 14.804929627208574
657.926 23.749258659397853
659.904 13.63544467574738
661.944 4.521834157959266
663.954 3.799049619637334
665.934 9.288985248960188
667.964 4.530690319567034
669.894 7.715007016389622
671.945 6.044668407530657
673.945 7.930413026244455
676.195 3.610542257928871
677.207 5.9453642885891
678.285 6.0251549322895235
679.305 6.9292876510028085
680.376 8.460940418506189
681.386 17.880402070665586
682.395 10.419714407631753
684.966 2.5102966796238357
686.406 5.832710296334276
688.436 7.114733962328527
689.466 13.944141586104642
690.476 2.705491043000429
691.486 14.028097482730086
693.436 5.91305860905443
695.437 5.23646403288455
697.356 6.229712145832139
699.357 5.439955404712103
701.416 4.095200694353265
703.367 4.345674998803533
705.357 4.462771972537476
707.387 4.799836779643197
709.357 4.780453829669952
711.381 4.537391888340456
713.428 3.8881988595426376
715.388 4.16234496295243
717.377 3.980323679169928
719.368 4.71314377588685
721.658 3.615192730908066
722.749 2.6684790485477583
723.75 3.683976170312495
724.789 9.155623998978857
725.799 14.7751276679095
726.819 12.221289938783228
727.829 14.262826222746622
729.848 5.362575248102348
730.888 8.957878898355979
731.899 7.1030988297196
732.9 5.8168044794482485
733.901 8.725206719172373
734.921 6.616185165872584
735.941 9.13352358263399
736.951 9.127590705692358
737.961 11.365028988795634
738.981 10.465495771768854
740.021 5.038806880320804
741.048 15.685737311459738
742.052 15.658443691831879
743.061 16.680851516022408
744.081 18.457328906631233
745.101 20.930991543573175
746.111 18.853732674921883
747.122 17.661759252267135
748.131 20.005041741998287
749.142 24.693989880130054
750.152 18.063577580510984
751.167 24.667262582140747
752.172 17.93152549831483
753.182 20.94606336453886
754.183 22.685537469869452
755.193 20.613425628890447
756.202 25.198658348102523
757.222 23.97549940435659
758.223 22.83010717181127
759.233 26.903200651813552
760.242 25.39101451857418
761.442 7.304405570623268
762.453 22.07719906528958
763.472 19.237315985443722
764.473 13.103826133975595
765.483 19.9852347698629
766.493 16.36260192942625
767.503 25.17370918132589
768.513 26.921040597871364
769.523 30.568396513367013
770.533 20.79280839439192
771.534 25.981726674852293
772.543 28.649398686223343
773.544 36.66018345577636
774.553 36.25534165385973
775.554 36.4352500075856
776.555 31.206078846290037
777.563 44.97196984387468
778.643 42.57326773460655
779.644 38.003122599042975
780.654 29.02334480089851
781.663 34.816466877714994
782.674 15.944222770189183
783.716 5.774192572041535
784.717 10.664141545661034
785.722 36.94272590618141
786.724 33.897495831267946
787.736 24.918573965900748
788.744 33.37059083397384
789.755 21.117320845059602
790.795 7.091654127862194
791.804 15.58084981824177
792.806 33.12269592645596
793.815 32.26873189605493
794.824 31.539100193402813
795.825 32.76799856758921
796.865 24.040194554407996
797.875 28.824857841165468
798.884 35.00882304836399
799.885 23.932947221948563
801.015 35.17513528061322
802.016 43.044353147902854
