0.0 21.804476018746275
1.001 21.464903727651972
2.01 20.04195228738201
3.011 27.883061619194795
4.06 15.416000945965619
5.07 18.425225643304966
6.089 13.934814648058088
7.09 18.299954929432168
8.11 11.774514149659876
9.13 14.484639765354219
10.322 14.844994934207088
11.33 19.73250827590952
12.331 19.600486719783337
13.34 21.655822217512693
14.51 16.684564525226598
15.53 19.883236939138285
16.541 20.83652951884836
17.542 22.421547257789765
18.57 26.561861351318257
19.571 18.996557479442867
20.58 18.545640450137682
21.59 19.508929043519473
22.76 21.171071403953267
23.94 23.220057898005674
25.16 23.730196637471835
26.171 27.008499969395494
27.172 21.83069361673218
28.18 25.312562251768398
29.191 17.16949969600254
30.29 18.239735340377724
31.3 22.60323432757141
32.321 17.775792127283957
33.351 18.283322100713033
34.432 18.366068503749034
35.44 22.20400197522467
36.45 17.47305694579091
37.571 19.36680193699454
38.591 17.830913474814924
39.83 16.87438125735328
40.84 21.495232644879405
41.86 20.085501877659993
42.861 25.93675867110879
44.37 8.446705622555228
45.381 8.412483597058015
46.382 13.418179949691211
47.391 33.79787065673515
48.392 35.2346538523073
49.401 44.196654189056176
50.41 38.933132456271586
51.53 42.241068652557374
52.531 55.03176489571313
53.532 30.397499354865325
54.541 52.46171779640256
55.551 40.869387214769596
56.561 44.038693197609334
57.571 25.23554826686075
58.572 56.157573991104115
59.573 50.95299515487864
60.781 30.442004018650486
61.782 54.30721325227899
62.792 59.411892568303685
63.961 35.02382155883214
64.962 51.754692833838426
65.973 46.68908976966293
66.981 41.65863560657794
67.982 60.37004173431516
69.001 39.903760273262996
70.081 27.487732074909797
71.091 44.98486831868623
72.092 31.554036108645732
73.101 40.37123276887494
74.122 31.654947301812598
75.131 35.4911936430389
76.141 24.596989402468495
77.151 26.81364072208736
78.152 17.42617800959959
79.181 31.973762844478955
80.191 8.42081278874558
81.192 26.210529030256925
82.193 49.750530358852565
83.201 59.95129226316245
84.202 57.08005751820971
85.211 34.81503192199282
86.221 45.63719621010886
87.222 52.7897899593463
88.224 49.423463230667146
89.232 57.52378456179394
90.381 59.57027282006897
91.392 72.2807827620828
92.401 47.25835337733011
93.402 41.344881381465264
94.403 54.55663030804625
95.411 30.781109288033775
96.413 39.63700095871296
97.419 48.8135362961106
98.422 70.29127325226143
99.423 52.190764068749694
100.432 59.47726048715425
101.433 42.507302154750164
102.434 42.275373713078196
103.441 35.76363423167942
104.451 30.40571161525629
105.452 45.38932767423587
106.462 32.584320831087375
107.472 34.39567679838432
108.481 34.16027388146584
109.491 25.92723937585195
110.501 16.019371697131337
111.511 24.81923769315994
112.522 23.489635673806823
113.531 20.08751618273318
114.532 30.18502086705532
115.541 29.404440961237324
116.542 37.33998877634082
117.552 28.63439202527834
118.562 28.586443414353674
119.571 22.530292280332297
120.573 23.23043847387791
121.581 21.981961955617628
122.601 13.350769146441415
123.611 19.279229279474936
124.621 12.852819519656775
125.624 8.92587596854373
126.632 6.640424918222389
127.635 10.26475736381711
128.642 42.674019128956154
129.643 39.866684886319874
130.762 20.262297980545384
131.772 32.54333772782943
132.822 30.907970749547097
133.841 11.271320694876152
134.842 33.09172658018977
135.852 33.644697880074396
136.861 27.245425777764858
138.159 18.622623043453885
139.282 26.845769557068074
140.532 20.770156343754547
141.542 40.14578436139932
142.562 38.03414926589863
143.572 37.007256203181065
144.634 17.72624993062368
145.642 29.283637634393322
146.652 20.955000830359275
147.662 30.137645770163388
148.672 14.684262067150126
149.682 20.38723096220785
151.063 9.075825514147748
152.073 9.79771546464536
153.132 17.330443694735145
154.142 13.495914063570265
155.153 22.580877023586247
156.162 16.618822768933423
157.172 23.711236010467932
158.213 10.950920822539628
159.216 40.16644185840589
160.222 27.790828116424343
161.232 40.9960622610359
162.242 20.720117432599558
163.243 32.19735559158022
164.822 17.29576370926644
165.83 30.87281441327122
166.842 24.238622068991294
167.843 22.135681969160267
168.853 20.15558733556102
169.854 26.00638623701763
170.862 31.39447861156398
171.872 29.648440348825563
172.873 30.63220636146236
173.883 32.06822531033265
174.893 26.63707320239636
175.902 27.505675073396045
176.913 17.63022493455364
177.922 25.06565551037577
178.942 17.620788915356545
180.002 34.10155449345826
181.003 48.29603338737033
182.013 28.288708459290323
183.022 33.382120380368626
184.023 46.95447690435373
185.024 43.44727429574655
186.026 43.662388945744375
187.033 35.57906701924387
188.043 45.649669328465045
189.052 33.15089577277916
190.053 42.0354364668989
191.063 29.591258390718963
192.273 32.01100452855781
193.283 43.876866635994226
194.393 32.17146163500768
195.403 48.08727303051017
196.404 36.636194646817586
197.406 50.928268961900194
198.435 42.10889998678151
199.436 51.11905526534792
200.443 52.495399399575085
201.533 47.440742545922284
202.543 45.0716941816567
203.544 37.66916698752712
204.683 45.536005418714986
205.684 59.92285623990813
206.685 40.41602349976014
207.693 36.63660325929454
208.695 48.02446415251207
209.703 35.25550784406758
210.713 46.100807440499494
211.714 58.804892504197305
212.716 46.48340984592609
213.723 49.119574101555706
216.224 9.504923977791272
217.233 119.84536809530736
218.234 38.90513800645867
219.243 32.82935411968827
220.244 35.23007739244274
221.253 45.15625252578451
222.254 42.0354364668989
223.263 43.22132738993299
224.284 36.054427810706756
225.303 11.201799151589661
226.323 21.06506728571903
227.334 27.907132652827407
228.343 25.06565551037577
229.353 19.057628942936535
230.362 31.09371022010496
231.363 36.106959767161506
232.364 37.74091933843881
233.372 40.043164614951394
234.382 34.95988291836679
235.383 35.71550901465149
236.393 35.713777630631284
237.403 38.96051414034296
238.603 30.543377141829342
239.693 44.79178688379114
240.793 43.14547802386078
241.803 45.20646865534734
242.812 25.81754085807146
243.923 24.28075830004619
244.952 20.010790351628465
245.963 20.145684403472966
246.964 39.35232350086571
247.965 38.5867471649093
248.973 43.519843871612146
249.974 43.60058569701675
250.975 26.88392239165861
251.983 28.643162548123673
253.013 30.249452469349155
254.023 42.76886495330221
255.024 34.1596761488854
256.033 42.36761241123452
257.035 43.560664339495645
258.043 43.57616542624907
259.053 34.774244040001435
260.063 37.450456876298766
261.083 36.75800346815962
262.088 44.04843749393567
263.093 19.375145843052174
264.113 7.679972447937569
265.114 40.91747273098356
266.115 52.617192049450324
267.133 59.40095149897155
268.203 60.562796994320266
269.205 71.84157439206818
270.213 47.11858021519043
271.214 58.22515312243098
272.333 61.818840624825846
273.334 79.69332574989856
274.339 83.51290849056302
275.443 59.313541161430216
276.444 76.27601788622059
277.454 65.08797136412856
278.564 67.52989767957449
279.565 86.61930722726433
280.566 52.52190361990716
281.568 58.96108393011882
282.633 45.94647189868687
283.663 43.45948347790675
284.684 48.63000353032185
285.854 46.25811770577557
286.855 64.84189667756746
287.856 66.54172458004746
289.034 54.967434445970696
290.035 63.83262386052109
291.144 58.723478623603704
292.264 83.18597868977666
293.266 85.10381787050338
294.494 68.5844430361475
295.495 109.56044611029505
296.497 67.38234647137782
297.503 94.33213531049249
299.017 24.968441131002137
300.024 148.59317800885447
301.025 79.82261073744223
302.026 70.74324150879441
303.027 75.2335657359231
304.035 75.70249962932382
305.036 83.41464129642806
306.134 72.89217724487824
307.135 78.92823974883268
308.144 62.5384732282831
309.145 68.73564668896125
310.154 58.72488869210896
311.214 64.53966915756865
312.215 54.10944481363923
313.217 67.54249825749145
314.224 76.23535708994473
315.225 79.82261073744223
316.226 74.15106956308891
317.234 83.709087446869
318.24 82.7630998478502
319.244 59.77427676660037
320.245 69.09015887371851
321.255 56.08286587506096
322.256 66.18345316058405
323.264 40.40544043656622
324.265 49.19040437597988
325.274 43.920352133137925
326.284 31.308013044636276
327.285 58.134114262689
328.296 44.276229458092445
329.304 28.975248718056555
330.305 25.713165923803018
331.784 13.770985079043543
332.794 19.934634953196113
333.795 23.030052957974338
334.804 27.72749503352188
336.014 22.034946363838667
337.024 26.370440048969655
338.025 29.514242625547027
339.034 25.679714128515823
340.044 33.683251154900525
341.045 26.607536912412577
342.065 33.91185829031632
343.245 37.00448455153044
344.255 53.62728144397021
345.265 41.33397037641024
346.275 45.649669328465045
347.276 33.61785600506194
348.284 35.970483200064386
349.295 28.362841213343472
350.357 27.792482313870327
351.365 37.74680335794329
352.375 35.05513218577676
353.394 36.345156380331225
354.395 37.81103723944269
355.475 39.55991377273259
356.476 52.09711008911434
357.477 41.4663210095333
358.478 35.19183126464103
359.485 38.353099223324875
360.486 31.824210678119403
361.495 42.36745026218616
362.705 44.39508139522132
363.706 53.88585206653796
364.715 38.37225874092352
365.716 34.20969031610511
366.725 25.01425424772929
367.726 27.243501370966456
368.734 40.83653567960865
369.736 32.5843670672403
370.745 45.91673177570202
371.765 18.678950532720947
372.805 21.95121795274549
373.815 17.50642658710637
374.825 18.08521167663669
375.835 12.40961884655952
376.845 13.296020192733579
377.855 5.761608750182506
378.875 8.503628640924314
379.894 11.60206983851271
380.895 15.204306807160098
381.905 12.640776507560886
382.915 17.949627260203624
383.925 20.38723096220785
384.935 18.894992438619887
385.936 12.074008346863032
386.955 15.37501844335515
387.985 12.941744942849619
389.195 14.894452251526756
390.2 20.043254320410792
391.205 17.281934634054487
392.345 20.336959094543626
393.346 25.04238768229472
394.355 22.25447667176364
395.356 17.62410989323013
396.395 19.550656919862515
397.405 24.597637356498833
398.406 21.27743232355408
399.415 22.468351326474636
400.525 19.4119197923531
401.526 24.1369024343939
402.535 21.25742189422915
403.536 19.318871000934585
404.545 20.88950560042258
405.555 15.123898992139772
406.576 8.987727655593817
407.615 7.754945367465023
