0.0 38.49461391850227
1.001 54.19223427830988
2.039 16.21294628300583
3.05 31.03593871802593
4.051 20.52324353448891
5.25 23.008836531630124
6.251 30.651411715225073
7.259 30.011756970850808
8.26 27.84157164378961
9.319 31.262482460261513
10.32 38.976412250812764
11.321 40.90701913083263
12.409 30.64933994924888
13.421 39.29911119327753
14.431 41.74576883133517
15.521 32.26277269370139
16.53 50.9598430298252
17.531 27.82239073858573
18.54 41.27288013406258
19.541 38.50079082032632
20.559 40.00236394288067
21.56 37.58969782009119
22.571 37.49825208493061
23.58 40.30015231340947
24.601 38.583283773950264
25.602 42.3187662684112
26.603 41.14531749633226
27.61 39.846650145517856
28.65 42.735680718535285
29.801 38.72955578798855
30.88 40.76350115051057
31.981 42.34916711312349
32.982 40.78299344673911
33.99 44.854922861705695
34.991 41.12711189123441
36.0 40.92358828065376
37.001 40.09410635761005
38.011 47.60358334107137
39.012 38.76087089158376
40.021 37.031870691642915
41.16 37.09675731736708
42.17 46.50164854154532
43.18 38.65455173563634
44.181 40.24869145024615
47.83 5.185042616750218
48.832 18.493536770705266
49.84 51.20474958457606
50.89 43.66772140756477
51.891 63.876965937143304
52.893 51.56949969075243
53.9 60.5436275551263
54.94 55.86736938070381
55.941 69.27444016911154
56.951 50.49567888526833
57.953 56.51469594378092
59.08 48.78374803807152
60.16 52.54321133541422
61.2 58.05006496567463
62.201 63.26496501911862
63.25 69.30346658643496
64.251 67.455342619655
65.252 62.54795677232222
66.261 65.3751468458291
67.271 46.94242246139642
68.272 43.297480087116334
69.291 41.03487088240289
70.501 36.72826681413236
71.502 48.03158758686553
72.51 38.11703951422719
73.511 43.13948144370235
74.521 32.46825110654685
75.531 29.752239588220455
76.54 27.796278016305273
77.551 23.023912617258745
78.552 23.12631994927675
79.561 25.380262066481528
80.721 32.60409723542016
81.911 54.36241461327749
82.941 50.88259795480496
83.951 59.152955531252935
84.961 63.691831414721285
85.962 51.90499260026453
86.97 25.865814231232708
87.971 41.82981573417063
89.031 45.1634901929502
90.171 43.914559268271596
91.281 45.335100397996186
92.391 49.13861723929153
93.401 49.80745294012348
94.402 48.746482683161005
95.411 60.06852310668893
96.421 57.864304001797024
97.422 48.82320630417992
98.423 63.86786313479777
99.424 46.82416585546611
100.571 42.66361115711599
101.581 50.24822685997458
102.771 28.040028993327443
103.783 47.72945652579558
104.791 29.148799102649487
105.801 14.683120102585388
106.821 13.748257116882463
107.831 21.377535111456332
108.851 26.18715641303197
110.031 18.569643812990826
111.041 20.49598727195752
112.211 24.970542317190144
113.301 24.709624193493507
114.311 28.870691748518254
115.322 23.02680957731135
116.401 24.92563927091639
117.421 30.33345617845582
118.441 25.05821814593959
119.453 31.892954821390706
120.671 19.68207881629337
121.672 19.568424572449295
122.691 19.00432008588204
123.841 11.064314948492317
124.892 46.02893144361914
125.902 51.374487998034866
127.082 46.677417190339426
128.131 45.889915284721916
129.141 35.08856828711923
130.432 14.82789414251761
131.439 35.496067611733324
132.462 19.14759823756163
133.471 21.619327345924816
134.472 20.33159703196609
135.473 27.573689170260216
136.481 24.569763216770777
137.483 40.652816168324954
138.491 23.758621561802187
139.521 14.263101696849187
140.551 9.940949667516975
141.558 23.209570107926194
142.562 35.55642941559044
143.642 47.21618177764047
144.842 37.1948787976075
145.843 23.418097279268256
146.852 36.67919235225565
147.872 35.7862423658544
148.892 38.844282012853924
149.901 26.92546730147
150.902 27.321574050953433
151.912 23.801791670535685
152.922 24.857973621668933
153.932 32.33340908502751
154.941 34.85565021085146
155.942 26.95177269946266
156.953 28.762307832998967
157.972 26.868176673227033
158.982 22.54632706636398
159.992 18.732891592553116
161.002 16.640504286031113
162.022 29.460550964864357
163.024 36.80000277385105
164.032 45.37760478787748
165.042 39.298152543347925
166.062 37.971376799059065
167.063 40.13116776794424
168.072 48.10922802888055
169.074 51.63786496246187
170.075 62.42149283755686
171.082 50.57970287756029
172.084 30.447066517702847
173.092 36.21517464272887
174.102 27.008840801350974
175.123 41.42238747041782
176.132 37.69094539388716
177.142 43.195844142763754
178.152 37.3768551135163
179.153 48.25395604805707
180.155 43.23543204219972
181.162 43.587262426255876
182.163 43.59299606826004
183.173 45.92683810806123
184.175 45.200649428130205
185.182 38.18139095910874
186.183 44.69606067122962
187.184 40.63946175747417
188.193 47.65076231369524
189.282 46.14926627969025
190.293 53.7212288831168
191.302 44.1289780173775
192.502 43.9804007769254
193.513 61.4271428622349
195.993 16.892782212916046
197.002 117.20370419450452
198.003 40.026322989054606
199.102 37.38140495061425
200.103 44.69606067122962
201.104 32.81527790931539
202.112 35.77352617156289
203.123 34.31304440814128
204.133 39.11256352437761
205.143 46.28126158151807
206.153 22.492519138904157
207.202 12.095021241329714
208.213 3.302534562479186
209.215 33.58310007888007
210.223 30.473744516554202
211.238 39.476319779178255
212.363 44.6082725213659
213.364 48.92106143102154
214.373 42.11047103268636
215.374 40.99707185560569
216.375 37.76931561938089
217.383 45.91965726098563
218.395 41.34813224705353
219.397 44.717870442265934
220.403 45.88624563469295
221.583 54.99230656231023
222.584 50.710899972415866
223.593 49.50155760514227
224.603 54.331346376824136
225.613 41.432748463562746
226.623 37.46578318510623
227.634 21.48321264811734
228.635 28.685531475607778
229.642 19.451830185728298
230.654 29.282473120689467
231.655 44.74856433561548
232.783 50.95269892813486
233.794 44.474132108215755
234.803 21.128770643323094
235.823 16.58519906165471
236.853 7.779873652830529
237.854 33.57763761856756
238.863 41.69796477183807
239.874 47.39217568290318
240.875 50.01583598166614
241.883 52.891278542038606
242.884 35.57895376807114
243.894 27.94290775581346
245.035 54.49203440051163
246.036 64.70922216565523
247.053 23.419094157098243
248.056 27.55812763709694
249.283 27.93723532588062
250.394 9.523300151714214
251.435 56.15585209001053
252.436 84.76854787296395
253.439 68.01516238023278
254.444 65.33776857569994
255.445 68.36090891820454
256.446 69.60067810867992
257.474 56.42090876401008
258.513 64.5145258550989
259.514 65.31358323169681
260.515 79.77631090237277
261.614 56.01221912313851
262.615 61.12905743281356
263.616 67.81392801809592
264.943 44.05354603517251
265.945 49.982970698706836
266.946 69.56556729896457
267.948 63.492662915347694
268.949 68.40105877934907
269.951 43.201168212353465
270.955 68.91348370952065
271.956 86.38705866719015
272.957 83.82673291430416
273.958 71.88515643588248
274.961 115.84487836996591
275.962 79.40325854998619
277.154 70.87430284588099
278.604 21.64144838493439
279.643 125.47490124224554
280.655 51.688581951845954
281.665 59.94525309608862
282.674 54.24650843328589
283.675 84.72238366028422
284.676 62.83111895002122
285.677 73.91378099282944
286.685 86.4473613473921
287.695 80.66162732787
288.696 62.694739462686364
289.704 58.09114045870226
290.705 73.8263290688137
291.707 54.55808511220605
292.714 54.58304671630326
293.715 58.575071131633706
294.716 73.60396060782556
295.717 58.202994079353154
296.725 55.79379358635494
297.744 86.50242245979832
298.745 71.62003731299248
299.925 9.431814809806387
300.936 141.92851507181794
301.937 57.37106295101216
302.944 85.98593116188508
303.955 70.04382892170715
304.965 52.231709499202836
305.974 53.38650222178944
306.984 41.00985681895159
307.985 47.36448220369767
308.986 42.24415579809661
309.996 37.46578318510623
311.004 18.666750444344338
312.006 22.21465364382451
313.024 23.833399230697697
314.236 8.815478396493193
315.294 11.781745229352321
316.304 4.555952650821921
317.324 16.803425365083083
318.325 35.801322229059295
319.375 16.950313362326625
320.378 41.27806010883609
321.514 34.706481857305725
322.515 40.24869145024615
323.525 32.12542694677566
324.536 46.67582181653522
325.545 39.829592004891936
326.546 52.25658834686084
327.555 40.832798200571396
328.556 42.58908699261245
329.565 46.32713002724325
330.566 36.102202361803116
331.575 44.121076216422146
332.585 27.794694303095763
333.59 34.55141234202093
334.595 30.093896763499906
335.605 35.08357413826446
336.615 37.570177008277035
337.625 42.558204093533284
338.677 43.352698275549564
339.865 45.98986571066231
340.935 42.31150939651983
342.146 37.23189322569693
343.155 41.91502240560104
344.165 28.943670763714163
345.255 22.054721903395677
346.256 32.68816377441154
347.265 22.7244506476255
348.276 20.035376345747743
349.284 21.199126620238147
350.295 16.072334870772718
351.296 15.340823011778019
352.305 29.561121065043515
353.306 19.460003692675972
354.316 23.27160637448486
355.325 17.092724241517224
356.345 18.985688399509197
357.375 5.402690036685607
358.565 5.050380165379168
359.585 8.947278441153154
360.596 8.806758833298169
361.605 9.706636767592533
362.625 8.129886936155144
363.635 7.713543596926459
364.645 8.815478396493193
365.685 7.384961436260786
366.695 10.578574075795899
367.715 10.011131670437663
368.716 16.01052919564218
369.725 14.919728985607582
370.726 18.27468876724598
371.735 22.39967050327778
372.736 21.600137580206592
373.745 25.24496388325388
374.755 23.560461505463035
375.766 21.41320277797597
376.775 20.168459938419204
377.776 19.419853831653487
378.805 15.142233300100372
379.806 15.408118730239778
380.825 14.476470886139515
381.846 14.17081676617309
382.847 12.886317337887686
383.856 12.096205873507444
384.886 16.424177711535634
385.895 13.766227310984789
386.896 16.716158939364284
388.085 11.19706241267894
389.576 7.613770828366458
390.596 8.292599530827355
391.606 2.635621830535281
392.776 9.702677183835204
393.806 3.7678233937176246
394.538 12.163433306639003
