0.0 67.15180698305011
1.139 9.991607121798383
2.14 24.94274438295023
3.189 30.25810307883791
4.21 26.401224865191054
5.23 33.02140182672726
6.24 46.377429766756684
7.35 49.683756081776544
8.351 63.4479581999602
9.352 84.71252850658853
10.469 48.701762635063524
11.47 61.682627592671324
12.471 81.03451003459018
13.48 61.43299683606066
14.481 60.47980647370834
15.7 82.0005155501616
16.879 63.79655535051038
17.88 81.52310748791513
18.89 65.05072716238215
19.941 65.47235765246896
21.109 72.0360147139691
22.14 73.96283244971787
23.141 63.45029226422954
24.279 71.32625808987986
25.419 66.84135036511174
26.62 69.91051106674702
27.679 66.25869760513851
28.779 69.5391439329549
29.839 67.32721191273495
30.97 67.76451124639696
31.971 64.87982882557584
32.979 60.40748614083316
34.052 68.35681671322021
35.14 68.63084201099481
36.141 74.30166825011682
37.142 85.99859791762978
38.159 61.438469628946116
39.309 67.45202298875746
40.311 81.58394876304672
41.319 64.1897627250865
42.32 83.70467955598482
43.321 61.35679222090565
44.349 62.73759830360874
45.449 70.37302573738734
46.53 75.28793268399076
47.532 63.73626250146898
48.533 62.6375710863087
49.539 62.35814631669578
50.54 83.9080543558695
51.549 65.56749602674216
52.551 62.53806168068743
53.558 86.9478922187501
54.559 59.43383447356686
55.568 52.64776862118604
56.579 32.88091251539236
57.589 43.3155913199686
58.591 43.98242655032497
59.599 57.461028245158566
60.6 80.18662228850043
61.609 62.88728246482188
62.619 59.281442570181575
63.629 74.66486885224944
64.639 55.37495371672664
65.649 62.19862480346188
66.659 92.55209365841729
67.798 68.08977212312396
68.809 78.71086940586821
69.81 57.43820952523153
70.881 65.3071690417294
72.051 67.73358546860875
73.061 79.06988823854658
74.062 64.26768157049435
75.068 60.14112261182398
76.069 75.46247621223175
77.148 64.209884889906
78.149 83.08490769099578
79.15 63.095670099808714
80.228 72.85834959490622
81.229 82.90082782256006
82.239 68.21419508113378
83.249 86.01462022887284
84.25 66.68763940248876
85.251 58.13702836673089
86.258 62.78902303892764
87.259 82.85367972439735
88.26 65.13548666493787
89.269 82.45734003598143
90.28 82.37156039610572
91.379 66.05409804499982
92.382 79.96995605650815
93.388 60.05519146060517
94.428 62.09308057421218
95.429 79.28971919294935
96.43 68.99758500537195
97.439 60.13907847531227
98.44 64.49377459577812
99.441 59.76433797367651
100.449 64.21247770873292
101.45 56.986179078792844
102.459 83.95859765318184
103.461 79.57091849720304
104.468 59.35147808597555
105.612 25.90338688364819
106.751 7.29596276088939
107.781 7.6543131349938305
109.17 3.924498795260294
110.18 6.540064715012611
111.331 5.553767015070881
112.34 8.658335619694517
113.37 7.03369315106331
114.4 5.664820808377542
115.43 7.03369315106331
116.431 6.385999834517305
117.432 7.663199801412978
118.45 5.442109747656652
119.71 4.821263032681278
120.75 5.326988195293315
121.76 5.2742457379159084
122.832 3.7765961086087003
123.85 6.488669314498723
124.88 5.585579855257875
125.91 7.03369315106331
126.93 7.102650927057754
127.95 5.447778461969444
129.01 5.6285158289924695
130.03 8.35605991418101
131.09 6.4325895188374105
132.099 7.39126211438999
133.119 5.431438944213763
134.15 5.3734895471486
135.19 5.326988195293315
136.459 6.419305502594373
137.46 3.5007851919302477
138.492 5.368282677435975
139.509 5.237943161555458
140.539 7.03369315106331
141.56 7.0956943639533945
142.579 7.10962114385979
143.6 6.886997470900524
144.63 7.03369315106331
145.659 7.04052861574113
146.66 7.024599817965141
147.679 5.431724874160203
148.68 7.024599817965141
149.699 7.10962114385979
150.729 7.03369315106331
151.849 5.154135085512178
152.971 6.646865840838194
153.999 7.876480600050196
155.009 7.172974203560962
156.019 5.013772022960292
157.029 6.751034544522238
158.039 5.2742457379159084
159.069 5.378706527294015
160.119 4.010149592970313
161.132 5.258626056561808
162.15 4.814174007531938
163.169 5.854982118480786
164.179 5.453292501124818
165.199 7.102650927057754
166.229 7.03369315106331
167.349 4.131948263106726
168.409 7.8397184761001295
169.429 7.729355420619382
170.689 4.807912185087934
171.699 7.172974203560962
172.729 6.413073167152258
173.759 7.6543131349938305
174.769 5.463008216958011
175.799 7.03369315106331
176.89 6.44511862309005
177.919 7.661751728887888
178.929 5.519760334836769
179.959 7.03369315106331
180.969 7.172974203560962
182.049 6.116171631626575
183.079 7.861186462957692
184.089 3.375363054560761
185.109 7.102650927057754
186.119 7.172974203560962
187.129 6.540064715012611
188.139 6.00739673901751
189.159 7.102650927057754
190.179 7.102650927057754
191.269 5.8645741599498695
192.419 6.823637561113084
193.438 5.854982118480786
194.469 5.3734895471486
195.478 5.279472938849993
196.629 4.813264746389572
