0.0 28.43855090301463
1.01 23.62944710565873
2.011 31.89016105133495
3.02 31.188559127604403
4.03 23.405291138879274
5.042 29.530112129922742
6.05 23.002528767626014
7.06 19.501569099655704
8.08 19.32932756688758
9.183 2.4582724092327304
10.19 37.64417483380329
11.2 23.984688432990023
12.21 21.743128766229773
13.221 21.14279800900287
14.23 27.14975290975733
15.24 24.52607097236283
16.25 16.1392295997222
17.26 21.29481683287772
18.27 23.984688432990023
19.28 16.680612139074324
20.3 16.646876935982004
21.31 13.897669933086071
22.321 21.497687960091504
23.322 14.795045478034547
24.33 19.540262689130486
25.36 20.441718396736338
26.37 19.370483739041813
27.38 29.14027566622829
28.39 30.26105549950498
29.4 24.974382905508012
30.41 29.14027566622829
31.42 28.11256643897236
32.421 26.46204853202481
33.429 24.481478541594946
34.439 21.16373147232589
35.44 16.962851623076915
36.45 24.208844399562608
37.47 25.395411091866855
38.48 38.10651433264868
39.489 26.569781386579365
40.5 27.99178119792807
41.599 22.333880032405794
42.62 17.295795351318326
43.65 16.70506019517571
44.659 22.66219044534489
45.68 24.04009221904141
46.689 30.739802881245907
47.699 22.508667272382038
48.71 26.42424145088547
49.729 28.21637472405897
50.739 22.06035533902999
51.74 30.985475631484405
52.749 27.916214144911716
53.76 32.24653194013726
54.93 28.71866257159947
55.939 33.65671848309331
57.049 30.271022710593666
58.05 33.2471891812142
59.051 30.985475631484405
60.066 24.851356388738225
61.069 35.43809734169887
62.07 30.174697616341977
63.079 32.31044974381095
64.089 29.681658205601103
65.099 41.02054189933357
66.1 31.757897101132148
67.109 40.38806217971197
68.11 32.888753875893606
69.119 40.16368405642929
70.129 25.871006772212112
71.13 36.18741679588362
72.139 28.5891844955029
73.149 31.381835332781673
74.16 26.29328574946301
75.169 20.64278733627654
76.179 21.51897279965718
77.189 15.111520372445582
78.199 17.484165399695602
79.2 25.331191757056473
80.219 25.642509165754895
81.229 27.1228719662475
82.23 22.164792787476134
83.239 19.614059566657332
84.259 12.873584830493026
87.14 3.6915612248940515
88.159 41.42221497349386
89.189 8.572333521199335
90.202 17.208893906581753
91.232 12.308991722759963
92.242 11.207798333139268
93.262 11.633992824722474
94.272 9.862862533165865
95.282 17.260009433019576
96.302 10.875959598182634
97.322 5.7813013546157395
98.332 14.111339070893127
99.342 15.335676339100921
100.362 18.200585450008095
101.392 14.067419111734537
102.412 9.322251084156543
103.452 8.707597166511437
104.622 8.400935849794617
105.642 11.763793034751238
106.643 8.82068284400827
107.711 8.903273507335404
108.72 44.788798662354466
110.021 11.48519349557998
111.031 17.035853466364237
112.721 5.760410433237325
113.73 28.39294606115214
114.733 21.217714331936996
115.74 24.280966081071828
116.75 18.24970390572375
117.76 14.794293799748797
118.761 18.998393817854417
119.79 17.16132852641548
120.814 12.914933929624528
121.84 6.17848999729879
122.871 7.685658022809902
123.881 44.83119333251569
124.891 18.698015839055113
125.902 26.648175700551644
126.91 22.2354713359763
127.929 14.08934786148795
128.93 16.736680268103935
129.94 15.018449766404135
130.97 22.291409195529997
132.301 5.953353434648748
133.311 13.449357999754708
134.32 11.66766240745166
135.34 8.878334365851552
136.35 11.207798333139268
137.352 16.13595377393815
138.36 24.0322771003471
139.37 23.53637649963797
140.38 17.57723600573705
141.381 18.772222462881437
142.39 16.603981118305345
143.404 14.735933666411926
144.42 10.027449492937055
145.44 6.528950564359902
146.701 2.333995116796453
147.74 12.638167976033863
148.77 4.835675319659393
150.17 5.983363195840899
151.179 16.379602995084724
152.208 7.040545036484512
153.248 6.095318016555937
154.263 13.160053254605998
155.277 13.619575055308516
156.284 10.566716720431964
157.297 10.951114304182745
158.307 14.121825899741408
159.317 12.645804739154118
160.337 12.651626471340531
161.347 6.052211099900997
162.477 3.6063322778161364
163.487 13.22520203309937
164.517 14.287222535346016
165.737 6.757632999966129
166.767 8.352530097587856
167.778 14.107857723776434
168.787 18.39900610407032
169.798 17.69604394519295
170.837 8.365554825846461
171.887 4.527950526586774
172.897 4.707275299906907
173.907 10.31117446647654
174.917 17.484165399695602
175.937 17.534710372571297
176.947 11.973336839167414
178.047 14.201299378834698
179.057 21.51897279965718
180.067 20.174036999642407
181.077 15.335676339100921
182.087 21.743128766229773
183.097 23.088064566285922
184.117 21.400160627121945
185.137 25.96912802011786
186.138 23.97416362738409
187.147 22.306597045242736
188.157 24.65715633291466
189.167 23.984688432990023
190.187 18.73666031741613
191.188 19.224565172827397
192.197 15.706468625422856
193.217 16.2029602176977
194.227 12.645804739154118
195.237 15.915073633046175
196.247 17.484165399695602
197.257 16.587541533032873
198.258 12.985674638230023
199.266 17.968057645176746
200.287 19.734945977772238
201.288 20.581593302665276
202.297 16.697143964789245
203.318 22.17409660416409
204.327 23.110946691703383
205.337 19.14632777236579
206.346 18.623384227290945
207.366 17.090793654266307
208.376 18.604945233013666
209.396 18.958618676568623
210.406 21.07066086630513
211.407 22.61713549750484
212.427 25.617531701235237
213.437 31.83014726613372
214.438 28.591498131551802
215.44 28.469150017534837
216.446 26.780621901797485
217.456 23.405291138879274
218.466 28.467807766096783
219.467 24.29424238700313
220.477 23.088064566285922
221.486 23.335324814986066
222.487 21.80635748215554
223.496 26.70099666319196
224.507 27.31997844913642
225.517 21.836199372250533
226.526 24.45721543098574
227.646 23.936526267020465
228.647 27.140562596964436
229.656 28.7203997721155
230.666 22.732823238954634
231.667 29.85461885651607
232.676 26.794159509655177
233.686 30.70936743285703
234.696 31.60599129935426
235.697 25.198927806853675
236.706 26.47661853990928
237.726 24.285619296000945
238.727 22.39096414238705
239.736 27.37413103283314
240.746 22.956979205734093
241.756 30.26105549950498
242.766 27.21594257226826
243.776 26.898715999468045
244.786 20.398192966297746
245.796 18.829101199669
246.806 13.76658457247218
247.816 12.552734133112669
248.826 14.794293799748797
249.836 15.915073633046175
250.846 13.76658457247218
251.856 15.915073633046175
252.857 17.189022978049895
253.866 17.501493611187833
254.876 16.456456172418985
255.886 17.035853466364237
256.906 14.427293344519116
257.916 10.31117446647654
258.946 13.84761568810237
259.956 15.783988272432282
260.976 19.310377245729196
261.986 22.191440699581822
262.996 18.473859872379087
263.997 23.295649562444463
265.006 26.252240416833466
266.016 22.732823238954634
267.026 23.984688432990023
268.036 27.1228719662475
269.046 19.81879567235249
270.056 21.96728473300923
271.066 22.86390859950646
272.096 15.037896216020219
273.097 21.712450077447425
274.106 20.867165459497166
275.107 21.712450077447425
276.116 20.062651794007206
277.136 22.861710991982928
278.146 22.639752632933874
279.156 15.783988272432282
280.176 23.08366935123886
281.186 21.51897279965718
282.196 18.473859872379087
283.216 21.52996083727483
284.225 17.052737364746587
285.235 14.57013783307277
286.246 12.409362275187252
287.255 12.565174900334148
288.265 18.1566332996823
289.266 21.03393601271467
290.267 13.664188703148962
291.276 27.37413103283314
292.286 24.881312299487252
293.295 18.71654707377484
294.316 23.061060468438228
295.335 24.439379682226477
296.336 18.86612986756887
297.355 25.77243675575357
298.366 27.09604419967712
299.376 24.52607097236283
300.385 25.57910604719229
301.395 21.38788743889848
302.397 28.017258747359417
303.416 27.77202236614764
304.417 23.389556967152583
305.437 25.77243675575357
306.445 27.625888629502434
307.455 20.26710760568385
308.465 22.86390859950646
309.475 19.725725066311043
310.485 15.111520372445582
311.486 19.224565172827397
312.495 17.501493611187833
313.505 18.604945233013666
314.515 14.66320843911422
315.535 20.864085759713912
316.545 18.38078926633764
317.555 13.449357999754708
318.565 8.835153305889248
319.575 11.207798333139268
320.585 10.535330433152565
321.595 6.500523033211673
322.625 5.495085590514516
323.635 8.293770766516436
324.645 11.431954299794606
325.695 7.420492578385089
326.705 15.915073633046175
327.715 15.242605733059474
328.725 15.690917666390837
329.735 12.32857816645733
330.875 6.437040060389626
331.885 13.22520203309937
332.895 11.880266233125969
333.915 9.100292725004048
334.955 6.530697874878406
335.985 5.495085590514516
336.994 8.077612435942394
338.174 7.3708506766319255
339.185 13.897669933086071
340.205 11.985751393903733
341.235 13.408008840858727
342.245 8.742082699847801
343.287 5.447049619899746
344.295 7.863652128781488
345.314 8.294577346698809
346.324 12.776890099768007
347.325 22.164792787476134
348.327 29.296956686253573
349.335 23.07805240171765
350.345 21.743128766229773
351.346 15.15348078327239
352.374 7.359065837512854
353.385 11.65611026647063
354.395 12.776890099768007
355.404 8.750746805583573
356.42 34.85955833459479
357.45 8.572333521199335
358.46 8.0696147998611
359.49 5.055478743270871
360.51 5.548958978667564
361.54 12.308991722759963
362.55 12.552734133112669
363.58 9.671350639318787
364.6 6.529112814637848
365.61 8.742082699847801
366.62 6.500523033211673
367.64 7.324625851825462
368.66 8.878334365851552
369.69 8.352530097587856
370.7 4.9314312665829325
371.72 6.658750774388664
372.81 8.809814144883411
373.819 14.360199886099124
374.82 15.171997736329743
375.83 12.534382182623
376.84 13.449357999754708
377.91 11.09034830020834
378.94 9.891154062930266
379.95 11.207798333139268
380.951 21.938621432565213
381.96 22.8865685684207
382.961 20.449329352379728
383.973 23.26614895089837
384.98 21.13343344086393
385.99 11.300868939180713
387.0 17.484165399695602
388.01 15.690917666390837
389.011 15.831994848212014
390.03 14.755876398272184
391.05 19.53233560488169
392.06 20.622348932973768
393.08 19.08841888659739
394.091 16.21624451810547
395.1 21.764677952421025
396.11 20.398192966297746
397.117 17.854424917693656
398.12 19.637671775317475
399.13 19.501569099655704
400.16 11.429778028272676
401.17 8.0696147998611
402.19 8.304617437538488
403.2 13.449357999754708
404.219 10.442280409695513
405.22 8.142168779068644
406.25 7.912923250344213
407.27 10.875959598182634
408.28 10.18008910586265
409.29 19.05325716632434
410.31 21.973877555579822
411.46 22.721492904371587
412.47 26.450404066115993
413.471 22.61713549750484
414.519 17.587978000733294
415.52 19.224565172827397
416.53 23.31222053285851
417.539 23.110946691703383
418.54 18.41378715762291
419.55 18.829101199669
420.559 17.27711548796721
421.58 16.50089937362148
422.61 12.089188299148484
423.62 11.880266233125969
424.639 10.886632767544771
425.679 10.449116599821998
426.748 2.117844025523282
427.758 8.835153305889248
428.768 22.415596666361278
429.788 23.08366935123886
430.789 18.63995851259589
431.798 17.052737364746587
432.818 18.866460527444893
433.848 16.265453347932066
434.858 12.645804739154118
435.878 15.537085140240217
436.888 17.484165399695602
437.889 15.605823493239035
438.89 38.99538046035025
439.898 52.42522316149924
440.899 41.61552931519377
441.909 49.85569520520213
442.918 30.60858760442644
443.928 37.434046432724045
444.929 54.82720997847944
445.933 56.24201729887838
446.938 53.03225870587894
447.978 56.036697671867024
448.979 63.10180803793713
449.98 60.25548782797584
450.988 56.69263685231948
451.989 55.73206072830937
452.998 41.154359395816364
454.058 57.328809781507104
455.059 61.744779908057886
456.069 56.80453017164173
457.07 59.124631053007505
458.082 53.11286072341356
459.088 52.079353771604296
460.098 47.52106493242112
461.108 29.681658205601103
462.118 28.691963732876243
463.119 34.24578200577286
464.129 46.40028509914443
465.138 45.641921860228805
466.139 50.530119563910155
467.148 44.29565312094644
468.158 48.193532832552634
469.159 45.780521109539634
470.167 44.788798662354466
471.168 52.019411644199074
472.169 39.221551815261165
473.188 38.75106613209242
474.198 54.46989989906759
475.208 48.73491537192544
476.209 50.07777685408831
477.218 47.43694684607652
478.237 35.32601244981262
479.238 34.924296070712494
480.247 50.70945584781921
481.257 33.043997705431174
482.258 33.92570324615383
483.267 25.223512647090136
484.269 35.2475190693387
485.278 31.5061000973503
486.297 42.43565017556628
487.298 31.98406845604307
488.31 34.451797484944336
489.317 32.01832179833957
490.327 37.20989046594458
491.337 28.560878372117543
492.338 31.89016105133495
493.347 24.999134524014323
494.349 28.469150017534837
495.709 8.392557079828629
496.719 14.121825899741408
497.729 10.087018499821204
498.762 8.328272991788259
499.782 11.097917957314442
500.792 22.11590276049298
501.802 19.221865711433946
502.812 20.398192966297746
503.813 27.366733951875354
504.822 23.2041095381666
505.832 20.622348932973768
506.842 18.829101199669
507.843 18.63995851259589
508.854 23.51309620625958
509.862 13.251442513315524
510.882 14.87121006280342
511.902 12.077909543027467
512.912 16.363385566377538
513.922 15.242605733059474
514.933 17.46687146754849
515.962 9.772101526330001
516.972 27.57118389959955
517.982 28.243651799524194
518.992 14.439052472458881
519.993 39.80615847549267
521.002 33.74988132955652
522.063 21.338126892532813
523.072 33.52550320627384
524.082 37.88235836607609
525.092 33.94062157213527
526.093 37.996787635791584
527.094 34.24578200577286
528.102 41.10193186342119
529.103 38.09069504029283
530.112 40.16368405642929
531.113 37.186009620442285
532.122 33.974259452839206
533.123 34.15187460106474
534.126 2.7033643742676015
535.132 60.18631877794891
536.212 33.208157844487175
537.222 35.41664273274325
538.302 29.644493078329944
539.312 32.05430323270631
540.332 33.07179551279083
541.333 30.62704032616381
542.341 31.8933023201158
543.342 29.043840841373644
544.352 31.381835332781673
545.361 26.794159509655177
546.372 31.126860692220134
547.391 30.752561281114474
548.402 30.007189444303012
549.442 28.1723867391049
550.452 28.01949583274473
551.461 28.04726540247432
552.471 23.853603072231323
553.481 20.398192966297746
554.491 16.8116974997089
555.501 12.32857816645733
556.511 5.248657839279717
557.521 6.052211099900997
558.522 10.630053683792108
559.531 19.520896720173432
560.533 20.10916152026181
561.552 13.644995503618004
562.561 22.213434198779524
563.572 25.30457020296835
564.592 26.949119605830887
565.601 29.842290388322045
566.631 25.808263973355025
567.632 33.2471891812142
568.651 31.549017407980138
569.661 29.45750223882164
570.672 24.184898955051224
571.681 16.248387718348
572.691 18.829101199669
573.692 28.723762081754607
574.711 28.086447134060293
575.721 26.898715999468045
576.722 24.652677692116846
577.731 19.838437689877953
578.751 22.41779427388481
579.761 22.86390859950646
580.781 19.624493754005425
581.801 25.7471696610688
582.811 26.450404066115993
583.821 18.698015839055113
584.831 25.10546826626671
585.841 24.208844399562608
586.851 18.698015839055113
587.871 17.090793654266307
588.881 15.690917666390837
589.981 16.550730380404197
590.991 17.484165399695602
592.001 22.86390859950646
593.011 18.1566332996823
594.031 12.29986790217996
595.061 12.308991722759963
596.071 9.638706566489839
598.962 2.819201296378932
599.972 2.241559666636128
601.042 2.1158647320545345
602.48 16.12416481063563
603.481 37.996787635791584
604.83 21.760848854276894
605.85 26.13608354036262
606.851 30.080790211633857
607.86 20.062815813098577
608.87 28.691963732876243
609.873 2.7033643742676015
610.899 43.787531553425
611.909 11.880266233125969
612.929 10.875959598182634
613.93 10.177710973846148
615.019 15.26264530224149
616.129 14.685244951090564
617.139 14.121825899741408
618.16 7.095710913365608
619.161 20.129250592719316
620.169 15.590704988918977
621.17 10.856225038765087
622.179 19.969652966614674
623.19 17.46687146754849
624.199 18.49216895055422
625.209 17.70832136635094
626.219 24.65715633291466
627.229 21.38788743889848
628.246 13.356786214116983
629.249 8.57737387887739
630.259 11.431954299794606
631.269 23.31222053285851
632.279 16.680612139074324
633.289 16.1392295997222
634.31 10.200084437952718
635.33 6.4367924152361695
636.339 9.199503052024816
637.35 15.899331720464518
638.359 8.39515340562623
639.469 6.934699004690274
640.479 5.603899166569634
641.499 10.210084520725148
642.509 16.8116974997089
643.549 18.811719785027012
644.559 26.898715999468045
645.569 34.29586289946656
646.589 27.836953042440864
647.59 23.295649562444463
648.599 22.082218922166923
649.6 31.21164698639532
650.609 29.842290388322045
651.618 17.819034580892357
652.629 18.810476965049038
653.649 20.420169041470984
654.659 26.543474672343624
655.669 26.450404066115993
656.789 26.564206933967355
657.799 32.95092709941041
658.8 31.21164698639532
659.801 25.425099161764596
660.809 30.54569799678599
661.818 25.447890770372815
662.819 32.34250376136365
663.828 28.364806372220215
664.838 29.812743566152932
665.849 27.99178119792807
666.858 22.082218922166923
667.869 27.99178119792807
668.878 23.652865784525094
669.902 29.40514746269731
670.909 33.72356400148865
671.93 26.257501879416438
672.938 34.588510966982305
673.939 27.460641356583473
674.959 31.518086998826796
675.96 27.460641356583473
676.978 29.800853170966285
678.058 24.61343693767797
679.059 29.176104791783313
680.068 29.842290388322045
681.078 20.042951639028512
682.079 25.331191757056473
683.088 29.169156018680866
684.098 23.62944710565873
685.1 28.921041287503396
686.108 25.922338134909573
687.109 33.2471891812142
688.118 27.24291575622054
689.129 30.45505794342849
690.138 33.20796223652794
691.149 28.756562494756558
692.158 28.04726540247432
693.168 21.61204340567794
694.178 24.433000366135204
695.188 23.31222053285851
696.208 19.624493754005425
697.218 24.433000366135204
698.228 24.433000366135204
699.236 20.082719400218338
700.238 23.046454776050375
701.248 24.433000366135204
702.258 20.71541953897384
703.268 22.86390859950646
704.27 23.950237316194354
705.278 22.32872660596111
706.288 25.3296242328393
707.348 24.864258836101612
708.35 32.56867511627458
709.358 33.01630592302856
710.36 26.75539862177799
711.39 31.212086154153894
712.393 12.959780969959098
713.398 27.48308279809884
714.399 26.914391241846644
715.408 22.082218922166923
716.428 23.08366935123886
717.43 28.921041287503396
718.438 26.820741017198404
719.448 25.3296242328393
720.458 19.81879567235249
721.468 25.55378019961876
722.469 24.426506337205932
723.488 20.310280871522398
724.497 24.45721543098574
725.498 28.497590726843686
726.499 23.615728322063504
727.508 27.37413103283314
728.518 21.07066086630513
729.527 15.350875225465513
730.528 19.676907882773357
731.537 18.39900610407032
732.547 16.8116974997089
733.557 13.76658457247218
734.57 12.292067076132778
735.597 13.667620868961206
736.607 17.484165399695602
737.618 17.111981516459856
738.637 18.440622851168374
739.638 15.831994848212014
740.657 13.108394556853133
741.687 12.308991722759963
742.697 9.283465239220611
743.707 17.932477333026963
744.717 16.363385566377538
745.737 16.2029602176977
746.757 16.739035085105737
747.758 22.84330685241576
748.767 19.745274843394053
749.847 16.22834336986952
750.848 21.260107367625587
751.858 16.1392295997222
752.887 11.000851619501876
753.897 8.742082699847801
754.947 8.624667669683184
756.037 2.7001539837402313
757.057 2.663500309747191
758.077 8.43441764756725
759.087 15.018449766404135
760.097 13.001046066444031
761.098 15.379652138266055
762.107 14.453362732583024
763.108 35.508902730944
764.117 30.60858760442644
765.127 30.933523399429625
766.128 15.605823493239035
767.137 25.6722688936555
768.138 21.486278722536508
769.147 25.57910604719229
770.157 16.90476810575035
771.167 13.001046066444031
772.177 12.776890099768007
773.187 23.984688432990023
774.207 24.951494373561864
775.217 17.260009433019576
776.227 14.345981866417432
777.247 13.317501548777328
778.258 17.559850015626704
779.267 29.61791226503936
780.277 25.55378019961876
781.306 9.992118558717557
782.446 4.964858033538129
783.457 18.58654271546561
784.497 34.26786388564963
785.507 41.69300979925821
786.518 36.146392731050945
787.527 34.77860909909298
788.528 38.54303775032154
789.547 31.771193586935798
790.586 9.587575705963857
791.587 13.66369271335561
792.597 17.260009433019576
793.627 7.2535129794890905
795.517 2.755102172262779
796.526 30.614328272831248
798.306 2.922386099434422
799.317 13.66522745267062
800.336 8.664870978257097
801.356 10.654001239030137
802.376 11.763793034751238
803.767 4.068970638566412
804.786 18.31069526114901
805.806 14.87121006280342
806.807 16.736680268103935
807.816 18.39900610407032
808.826 9.059309272544587
809.836 10.759486399807903
810.866 8.132726673976377
811.876 8.517926733192462
813.207 2.211245561446283
814.228 10.865307336085916
815.236 10.331633145990592
816.246 8.517926733192462
817.256 3.5864954666095303
818.266 4.800345905948355
819.276 10.759486399807903
820.296 13.539459907929825
821.306 20.174036999642407
822.307 25.198927806853675
823.326 21.328913177260972
824.346 19.310377245729196
825.356 15.466761699735498
826.366 8.386841372557885
827.387 23.28280143455848
828.607 23.753183090298055
829.626 23.198571197656367
830.636 13.001046066444031
831.646 12.104422199781304
832.656 11.880266233125969
833.687 9.222789627376018
834.746 3.848116594830081
835.766 6.306992205228094
836.776 23.76053246621056
837.786 23.088064566285922
838.806 7.102667492693654
839.816 16.941472006709
840.836 9.322251084156543
841.866 7.693119826732734
842.996 5.609850209931615
844.006 10.535330433152565
845.016 11.207798333139268
846.036 14.96336821192715
847.046 19.277413133000366
848.055 21.989056075496837
849.066 14.55572622296397
850.087 9.756602505877712
851.826 3.568854535466162
852.836 21.96728473300923
853.837 31.66398969642403
854.855 38.3446682971232
855.856 36.86593086082325
856.866 34.837245438839375
857.886 38.26899592229782
858.896 33.84755096611451
860.087 23.840211673650384
861.106 40.88041692308352
862.108 32.17759836836202
863.116 44.246341951328674
864.126 24.302406575763534
865.135 14.584578009319745
866.136 13.79645265343451
867.145 15.706468625422856
868.166 12.417494098369128
869.186 5.635762869115507
870.195 26.9306233975226
871.206 31.798663441011783
872.225 23.64292355536082
873.235 21.743128766229773
874.246 27.18902274771396
875.255 26.027862293550783
876.375 37.07566842000334
877.376 49.07918402952965
878.377 30.8532116812816
879.605 45.245435881697965
880.965 49.84328065050719
882.095 26.246084910750007
883.107 37.67666574645081
884.116 73.24043101634462
885.126 55.14236779899223
886.136 26.767630638916213
887.137 56.63674614836678
888.145 60.960050542932855
889.155 36.98573449937199
890.156 39.67389452528987
891.165 54.392668665771005
892.166 45.4604423499206
893.168 43.92726688616848
894.175 50.453870119084414
895.176 70.43319880165649
896.186 67.33986060489774
897.187 83.32496603530251
898.195 77.80510458538302
899.206 51.59785595243135
900.266 46.863263753126155
901.275 47.11940587633063
902.276 39.67389452528987
903.285 47.70860802963802
904.286 48.62684131950094
905.287 61.16017324782638
906.296 66.06033107336746
907.306 46.49335570516519
908.307 45.91278505974243
909.315 41.64438857444698
910.316 47.81606330435851
911.325 48.110081215717706
912.355 64.7134699543244
913.366 69.9604644182308
914.367 63.554150747758975
915.375 49.0562123531747
916.385 49.40738327185009
917.386 46.232863819568344
918.387 53.602611128989246
919.395 40.29678425111717
920.396 37.638352330470994
921.405 60.13333702300259
922.406 49.399262789148686
923.407 50.530119563910155
924.408 50.07777685408831
925.416 54.89583108774181
926.425 52.504480833460065
927.426 59.124631053007505
928.435 60.89979825836384
929.445 51.648942938403465
930.446 55.505889373398446
931.455 59.10460925346612
932.465 55.81483569891687
933.475 37.30296107196534
934.485 48.286603438573394
935.486 45.4604423499206
936.494 37.60157560425066
937.495 59.803145117947125
938.515 49.58887223876476
939.527 71.45732431929032
940.528 89.43159261955228
941.535 68.21494715969604
942.536 63.87422950737801
943.54 66.61481232983711
944.541 69.75468473671685
945.545 80.37004052317741
946.546 76.08748267608442
947.547 59.350802407918415
948.565 61.25080653511672
949.568 53.81516707733769
950.575 68.21346805608367
951.576 84.00496806964287
952.577 79.02771029075383
953.586 67.18222168936715
954.595 55.51455928197755
955.596 81.74176655051234
956.597 79.70622435569346
957.685 68.63307792875878
958.686 74.27811183638332
959.695 73.01605289306195
960.697 72.84830817387875
961.705 71.74088513019198
962.706 85.81285093994322
963.707 93.72884836410094
964.724 68.08185659248849
965.755 65.74865342822349
966.765 77.65103507137428
967.766 88.97924990952357
968.767 86.49136500488285
969.769 56.35427681454451
970.774 58.66387329607774
971.775 68.84999931686632
972.776 64.77891492743542
973.795 70.96644966753789
974.796 59.124631053007505
975.805 45.41754373694612
976.806 52.697925708931834
977.807 35.37349751196034
978.855 44.594500139329
980.054 54.836767262340935
981.055 64.91117887763822
982.065 70.12280281082393
983.067 78.72289468533177
984.074 76.30860252005331
985.085 57.476998071773245
986.086 51.567068934170365
987.094 43.89039578006563
988.095 41.70943671990188
989.114 54.08106006876952
990.115 56.76901009856959
991.124 52.14888743356478
992.125 46.232863819568344
993.126 55.958232083427156
994.134 49.861359965478734
995.144 43.13101620533512
996.145 56.18440343833807
997.155 66.66739270476623
998.165 60.61518160503072
999.166 52.339490403818104
1000.173 51.25981728205588
1001.174 46.911377884301096
1002.175 53.69651853369736
1003.184 55.51455928197755
1004.185 42.972557445073015
1005.194 38.91057816361014
1006.195 56.8629175032777
1007.264 55.15187853855089
1008.274 47.56816212268913
1009.284 42.23439233863102
1010.294 55.23543840501299
1011.304 57.02868613842119
1012.305 64.6850075227273
1013.306 68.39765660704448
1014.363 65.50543817844958
1015.365 51.567068934170365
1016.373 47.03480586797311
1017.384 69.51259591910532
1018.385 87.8483931347621
1019.386 58.219945633156954
1020.394 76.23289954142929
1021.424 79.9713302690087
1022.425 81.06325248557272
1023.434 64.71406233387823
1024.454 55.80370629482774
1025.463 57.04858302337566
1026.474 36.594261230176414
1027.494 40.26662115456684
1028.495 67.94531389701577
1029.534 65.02450833324335
1030.544 57.21642142115519
1031.564 42.486204746091786
1032.565 39.44772317017208
1033.633 58.595242115187105
1034.714 62.91698354389628
1035.716 67.10585361256861
1036.735 48.52665559549862
1037.736 58.44611698806788
1038.744 66.12537457047404
1039.754 56.805021741821896
1040.755 61.386344602737296
1041.765 57.25284210499378
1042.773 61.18465126355678
1043.783 51.33171636581011
1044.785 47.76834268224584
1045.787 52.513035853569306
1046.833 43.161672133553296
1047.834 53.602611128989246
1048.843 40.48122502617518
1049.853 30.933523399429625
1050.863 31.026594005450384
1051.865 32.76211708358075
1052.873 44.788798662354466
1053.875 53.86887482878656
1054.893 57.69249570864315
1055.903 37.658202399296634
1056.904 23.389556967152583
1057.905 38.67530170052434
1058.913 38.4999784865395
1059.925 39.14976986926434
1060.933 42.54279145673581
1062.013 38.02958664601427
1063.023 36.0891106326679
1064.083 29.34949284829443
1065.085 50.61182225323437
1066.086 47.13754923941888
