0.0 63.95162146262783
1.059 47.21927369449789
2.06 33.67765099764287
3.139 26.28933195560498
4.141 56.462137725566315
5.15 48.65348144603173
6.151 47.1537165605268
7.152 71.32426167805976
8.21 71.55914787798623
9.229 68.716077025723
10.23 68.72326739373612
11.233 66.49483638924994
12.234 93.26074513357165
13.239 68.35290024088823
14.24 66.65085899759454
15.289 71.59721707113525
16.3 89.24903543443557
17.31 71.59433694583885
18.35 70.64494595584883
19.37 88.23270772657544
20.371 71.21570373173974
21.373 68.83543064035145
22.389 69.98386632182617
23.399 76.55724656919331
24.579 70.36972341790701
25.649 80.96931156245333
26.988 32.76726704520519
27.989 59.14903144406554
29.019 58.896765471489715
30.198 65.58267406482666
31.209 80.4974459429596
32.21 58.45219764843971
33.308 66.65068404685002
34.314 80.53595706285088
35.315 58.54993361883225
36.349 67.29590884690121
37.35 95.57833892256724
38.359 62.318477728217616
39.371 78.01159953065633
40.389 61.19536540940675
41.399 77.79487362276193
42.4 87.80630015705029
43.469 75.3896299167704
44.548 71.37683749386802
45.728 74.51062928111998
46.729 89.8428607577073
47.73 67.30305214238733
48.909 55.31652495105708
49.911 69.01094331893444
51.038 74.22632303947664
52.039 88.02443060997983
53.05 55.34413916527693
54.059 49.35854601697373
55.06 76.08339469949529
56.069 76.85623202874163
57.318 51.09409161096203
58.319 48.08119371875493
59.388 64.57925241088047
60.389 76.98939699928532
61.39 80.89224117278816
62.391 65.1156602517783
63.498 68.18831018317708
64.668 71.60800599666169
65.679 72.85853534440167
66.788 82.0939757390218
67.8 90.5132718757959
68.802 92.15267625143227
69.869 72.18021059575534
70.878 70.81428326721375
72.029 74.84459856889251
73.03 82.78152144461212
74.031 68.35599658459985
75.069 69.34053868427621
76.228 75.28090643218009
77.23 97.90228974501382
78.238 66.34265931478636
79.399 86.24017494675346
80.4 87.20010040979061
81.401 65.71391261013896
82.409 87.70532910146343
83.41 69.45222893052228
84.807 63.36304736989177
85.808 67.57191060767525
86.809 67.48448933317123
87.81 90.49877395682432
88.828 82.46557213557539
89.829 79.35095506544658
90.837 60.667496991396064
91.839 75.15270459814256
92.841 95.30373128258766
93.858 67.68534798682587
94.859 67.44441420332346
95.867 60.08649685414379
96.869 55.42636334869191
97.887 54.46959322643423
98.977 54.82007584540161
100.238 51.44719955025741
101.247 68.22704762116345
102.248 81.2985725514827
103.408 73.30815843902006
104.409 86.24759743221696
105.468 61.207801717233956
106.469 61.60020899872666
107.47 96.31761515524191
108.478 61.46544862511659
109.479 80.82071467544745
110.48 76.45742924340111
112.388 25.700686917775037
113.417 131.01786811173136
114.427 51.12463906588697
115.43 52.22194333493761
116.45 50.79964921296218
117.457 62.317835066555936
118.468 69.91276569075849
119.588 71.00364056051741
120.589 84.84581335864941
121.59 89.36483378846677
122.598 91.23700392423352
123.608 79.44560164966126
124.618 73.73559095604917
125.628 57.36221238179977
126.629 58.40316056982658
127.63 73.32852544435119
128.637 77.81720091787794
129.798 66.32362457666612
130.809 65.04969259454215
131.818 73.00815299262754
132.828 71.46395456986504
133.937 61.78370062054106
134.938 75.73354050785078
135.939 79.08818396168398
136.947 77.86409353962027
137.957 29.71880242863167
138.958 56.90465508615596
139.967 51.59737346413828
140.969 56.342779403960215
142.088 54.75330743535893
143.089 78.52645577205212
144.277 78.41582486638556
145.28 94.60334652605442
146.288 89.19107742950878
147.457 76.3357802297689
148.458 84.87405195228021
149.459 90.42149828479197
150.467 83.03432308465854
151.507 71.58549191850834
152.508 85.00002651609199
153.517 71.5351165911603
154.657 75.72208902999535
155.707 74.48934920485186
156.797 82.68401605603623
157.817 54.40593543739231
158.818 105.48179967210528
159.827 90.86408519321384
161.028 75.72402552084253
162.03 89.75927851042347
163.031 90.80043653672836
164.036 92.5449700198015
165.156 75.89154769789491
166.157 94.32484973854535
167.158 97.51209075180743
168.159 92.78102723058586
169.177 75.8625069281718
170.178 79.65566132621908
171.186 65.46645737374016
172.187 87.25167388902165
173.188 62.35926915630575
174.196 54.41721169981903
175.318 45.33002898133315
176.326 49.93796931205869
177.327 60.27248782332931
178.328 70.16647934385146
179.467 59.363423582424225
180.477 64.87746594915627
181.487 54.6175929577813
182.79 14.890290781926971
183.8 39.167502620032835
184.82 29.946181301129002
185.821 43.02547091886277
186.83 41.967530094244914
187.831 43.74851418754046
188.85 43.540651967105745
189.853 46.76639292935939
190.87 54.71455038577674
191.871 62.22500901718442
192.872 55.53280054017606
193.879 57.25458450502322
194.95 49.388607111642834
196.03 53.15437039948269
197.14 66.97151639972053
198.141 76.56683265680535
199.15 61.79388543266339
200.151 58.91128615986003
201.16 51.66950712245384
202.28 35.48255156174304
203.42 38.12919189797395
204.639 35.78019727056361
205.649 50.677015252778695
206.65 56.22574518827239
207.651 62.91169721033858
208.652 33.0993516571803
209.653 52.52479850370208
210.66 53.01159297277344
211.67 41.320320105688246
212.729 39.959687967895704
213.739 49.69841297382399
214.759 30.19244159740013
215.76 22.36682609326247
216.769 41.640915600066656
217.77 57.28900432616187
218.779 46.32754042448748
219.78 58.52389323919725
220.781 48.19228806569288
221.79 49.38169588854098
222.791 70.08988004527491
223.799 55.14678773701222
224.8 57.30726641052626
225.809 45.558108745801036
226.81 47.420545905235755
227.819 34.81824580306953
228.889 37.96462237730117
230.119 13.365955256900758
231.159 54.24129705164979
232.169 38.744681624026725
233.179 35.18262840441499
234.189 20.633262403283773
235.219 18.794049888127002
236.22 39.09303540481753
237.23 30.85755338733023
238.231 39.595580913364614
239.239 50.07751009657048
240.379 34.58333886383603
241.389 40.34949092204956
242.39 54.128818252824274
243.414 38.13893330569267
244.419 39.00750410614194
245.449 38.93842769613951
246.459 53.92913590371117
247.46 49.32081724619246
248.468 44.94254356550225
249.469 47.24079964819714
250.475 54.83497641249037
251.478 10.477059867150643
252.479 26.139130181968238
253.494 30.54979091264987
254.509 41.56044592347564
255.518 19.313384909523357
256.529 20.61285363730503
257.538 23.178054154469915
258.549 16.958224153473182
259.558 24.55496826261016
260.758 22.68356856114514
261.768 32.55470290299081
262.848 24.07695913701898
263.85 27.295728862470217
264.858 22.741621557649868
265.868 18.145808855020693
267.07 28.052367270844954
268.078 34.68671570908075
269.088 24.050185625779623
270.109 31.296812643029945
271.118 28.226739217721338
272.119 23.785857690904944
273.128 23.866511208540036
274.129 21.975374931653338
275.133 56.42745371025859
276.143 24.53065641287662
277.145 17.100576979611827
278.164 19.542091073486286
279.173 18.129369091049224
280.183 12.851198343016076
281.203 11.18692156840242
282.213 18.56993616295963
283.223 14.214025211150103
284.243 17.252823769900616
285.253 28.298034112381135
286.263 35.30580455671402
287.273 23.43179106528384
288.283 36.68135538368142
289.284 44.1262687859821
290.293 41.98552140351549
291.303 41.9543002200724
292.305 36.449202782129845
293.313 44.413934191941195
294.433 29.278024228895923
295.443 24.32548257784959
296.585 24.54305782132191
297.593 33.80139544317629
298.603 13.755508268848796
299.613 15.634154074087881
300.633 18.84189964344465
301.643 13.601496181888464
302.644 26.37044991802632
303.773 21.96529088570961
304.783 20.633262403283773
305.803 17.706845448046984
306.804 21.322336319987926
307.823 22.950595330422793
308.833 21.9582020764466
309.843 32.78396137404626
310.844 36.54851830733234
311.853 39.02591355506545
312.863 42.412817162394866
313.864 18.829054514984715
314.872 13.55308759491796
315.903 9.881907330549101
316.932 8.325936896770854
317.933 18.50557888983004
318.943 18.11141922065832
319.944 15.198450674133404
320.963 22.268894479153975
321.982 13.419953139181224
322.983 8.79809736126415
323.993 12.609215913127263
325.012 8.407643833951616
326.022 10.08737273050181
327.053 6.513761665876344
328.092 5.5714883507897355
329.093 5.089034194695326
330.133 6.2340668885107675
331.173 7.569938364632307
332.233 5.024221023349279
333.262 4.050455787619398
334.302 5.120840658427115
335.505 2.3052338082586252
336.533 5.998352008909302
337.562 4.950557073768795
338.572 8.482563432457814
339.582 6.1899787209935955
340.602 5.448260137862238
341.639 6.47539114745072
342.777 2.4416631549301435
343.815 2.6768908191829475
344.894 2.360576102353195
346.121 2.264558003510301
347.206 8.33570809730746
348.324 2.2782304243700344
349.341 2.2768048757033936
350.38 2.2285953403158945
351.478 2.9523814044058057
352.595 2.487567296597906
353.616 2.721461968963725
354.896 5.246078609307559
355.933 4.6890763481627245
356.945 8.932236576168332
357.964 7.9035107725409866
358.973 16.98194066756376
359.994 16.328771813761193
360.995 18.030764694642077
361.996 22.669334140039155
362.997 37.1323977290697
364.164 42.65936333302982
365.165 47.420545905235755
366.174 32.40428454363929
367.175 47.420545905235755
368.214 31.646053832451848
369.363 30.71104696310268
370.373 30.491376662645507
371.383 32.35748154235365
372.394 39.16442191088378
373.404 38.5154231527597
374.414 30.72968481035702
375.415 40.94359329370532
376.434 44.53778895809637
377.444 40.12023245078254
383.624 4.0099045490875795
384.634 111.41961697780008
385.654 14.982715379126445
386.655 31.22816437651546
387.673 24.201872571993263
388.674 11.797306542262683
389.683 23.4075398390189
390.703 19.29592132159102
391.713 14.214025211150103
392.723 12.838474384267338
393.903 24.706152250055645
394.904 49.271103794123555
395.921 34.60743411071697
396.924 37.4154431790223
397.925 52.97221957211072
399.124 40.64035612874896
400.133 38.78308071374532
401.145 32.26156015426643
402.153 32.61929556736081
403.154 33.00296843391092
404.155 46.03262748846412
405.165 29.574342778000577
406.173 22.34466077026813
407.184 28.19879195124476
408.186 39.285109277578115
409.226 95.19142157717899
410.238 14.428997546105057
411.305 13.02067793021214
412.315 24.32548257784959
413.318 12.004640981736452
414.364 10.847037989575835
415.686 8.75760423068561
418.387 2.662578204021688
419.389 14.789688198587776
420.402 32.22971261209939
421.65 11.503337710941985
422.659 13.080684027713168
424.01 5.484554987049221
425.314 2.126684257157217
426.419 14.810619244116417
427.54 3.718036579354168
428.589 18.32100823290168
429.599 11.921440499685882
430.601 30.503731909619024
431.749 30.703297511637622
432.759 27.96953347997774
433.769 20.4040039321437
434.789 22.701083907741697
435.809 9.080433563096678
436.829 15.890758735419187
437.839 11.364550222166544
438.869 14.387638422321361
439.889 20.20396467790492
440.919 7.193819211150102
441.92 17.58029994534383
443.019 4.213849970133527
444.039 6.356303494176139
445.049 13.296991326568646
446.059 18.34067769181955
447.129 6.237875598241735
448.14 23.778614272649186
449.144 62.03907771513457
450.149 51.83978862514148
451.15 33.77657062153016
452.159 52.09325042626138
453.179 39.4998859995171
454.199 18.84189964344465
455.269 15.341823523973149
456.289 17.042521285021046
457.299 21.550296287886386
458.32 15.875194818944482
459.34 8.626411884950308
460.349 42.225365984307516
461.35 47.65186564129383
462.969 16.479306038582482
463.979 16.27735145147425
464.999 16.11776957450295
466.019 24.06314894224428
467.029 38.05690621043723
468.059 23.379912436290724
469.069 15.131059095752716
470.087 12.055212141972408
471.091 18.21965479370228
472.119 9.910745581516826
473.129 9.170338845899197
474.139 11.462923557384576
475.149 8.25330496131774
476.249 2.5260115184609013
477.26 11.222553646975301
478.27 16.735868393775558
479.288 50.2815941720136
480.317 6.075683681429096
481.336 51.12756385510546
482.367 16.05514429631027
483.397 5.844978109072681
484.406 5.96662780212443
485.417 10.53545852573321
486.425 16.30964778372272
487.437 16.24518277272622
488.447 15.36031756689279
489.456 11.855250601760543
490.457 18.736898625951593
491.466 19.276797514534692
492.477 17.635441445255967
493.484 12.995558781319176
494.486 15.498422320228691
495.496 10.775148143943193
496.506 13.984766740010029
497.516 10.045476080068598
498.526 5.27294483639098
499.576 3.748921856775323
500.617 3.7813332849206023
501.627 14.672542153451408
502.817 20.825115263269744
503.837 29.511409080043048
504.847 22.19852126327396
505.867 17.02581293081685
506.947 5.36494568718174
507.949 2.3108887810240506
508.96 12.301413530334676
510.041 24.689303098739543
511.042 37.618710273831354
512.07 26.00912106316511
513.071 29.04516891368648
514.219 26.235829939804848
515.22 23.14972841669233
516.229 21.539110339046154
517.24 31.78032582840904
518.251 34.8384055245048
519.26 25.523069056714803
520.262 39.942226043496056
521.299 23.525034666755964
522.398 10.534624925344396
523.54 17.536303093108423
524.549 24.01212054634332
525.749 24.71133292458953
526.76 23.155105585909226
527.779 17.541172833716235
528.929 22.414913455191183
530.139 26.92266429956303
531.149 29.46608183335902
532.219 25.8993722123578
533.229 24.301397941609597
534.239 7.412187807295029
535.38 19.224567029769204
536.389 32.15265550340218
537.399 30.720635133700952
538.409 23.618985299559924
539.42 16.613839488666766
540.429 23.4075398390189
541.449 15.634873710670748
542.459 27.538282163651218
543.5 10.821578808824812
544.659 24.57358056138761
545.669 14.765217544204598
546.679 26.3647241819549
547.689 19.680364985934023
548.69 36.779838043602
549.709 20.2869123740979
550.719 25.218431826254527
551.729 23.254149267548573
552.749 24.887562588830086
553.769 24.94115650759128
554.789 38.364831804204066
555.799 32.05814380212069
556.809 27.18656887684604
557.823 30.85823547974166
558.829 20.132138483254007
559.839 15.589576038032867
560.848 8.949941703165488
561.859 7.787078040764849
562.999 6.561558384809719
564.0 23.36329334842497
565.008 18.996017782523506
566.029 26.534254197369872
567.03 19.620918787116448
568.039 23.02439268709468
569.109 26.26368199106545
570.118 22.260111415639223
571.119 11.215456241104292
572.129 17.194385336076863
573.279 18.16588442865686
574.289 19.257711576401007
575.309 24.97119229857934
576.319 24.8178998481384
577.329 24.301397941609597
578.338 19.125819258276977
579.358 13.620650344645018
580.362 18.45028333538668
581.369 17.935434316801235
582.388 16.721437526310993
583.639 12.914184648150577
584.648 8.949941703165488
585.679 8.309785709777042
586.688 6.196113486821523
587.698 4.5851694229495985
588.718 5.221249298778474
591.248 14.094412095768073
592.249 7.633551292053569
593.25 11.584248890568995
594.32 31.54989122863343
595.349 38.85437218507171
596.35 31.66425618916925
597.351 35.63287768532117
598.369 32.9429987544993
599.49 30.76741706075147
600.5 40.83431896070529
601.651 39.82064992422663
602.699 48.858169052827655
603.7 44.68867334906977
604.859 35.793973482935826
605.86 49.461164747050695
606.949 33.27936585268536
607.95 42.94024785814298
609.059 28.244243432348547
610.06 40.00783056016763
611.08 35.154818886696745
612.259 36.398758564322705
613.319 39.634243953937485
614.469 30.33948782502665
615.479 35.95604057142903
616.48 27.39904491434913
617.759 23.156005495843033
618.959 31.386480443904365
619.96 41.32084061189643
620.961 43.81040236266002
622.089 36.66228052210478
623.26 38.90593943438604
624.449 40.6377973835811
625.45 42.78502014062251
626.549 26.36320690557733
627.55 30.82622942581253
628.659 25.14226832479156
629.669 37.25332845520438
630.67 31.069554791504416
631.672 31.249027326378076
632.673 31.852964394761646
633.678 27.056563362064004
634.868 18.055895948742418
636.079 17.781504444726096
637.08 15.035782847985585
638.103 20.44895977594853
639.118 24.118150660957852
640.128 11.774634636569596
641.268 19.001196761555253
642.269 20.49394787891583
643.308 9.019830578217856
644.348 20.286432262568063
645.349 29.941363797626934
646.359 29.004380745593473
647.368 25.2902283181775
648.37 22.027117504301216
649.409 34.45639726927045
650.606 31.212168736693933
651.729 33.18433636101199
652.738 36.00291532455579
653.768 11.66497767920233
654.779 16.65000238978366
655.789 27.86847875922254
656.848 31.375891150552345
657.928 31.325310868783163
658.939 30.82722021255369
660.029 23.366450740665556
661.038 29.99820766092291
662.058 20.434460332493373
663.209 31.212969625333603
664.228 40.24343902843331
665.248 43.50692600762105
666.249 40.574631550823774
667.251 32.406498812391746
668.259 29.967852744593962
669.268 29.77004402732541
670.278 30.841297486999384
671.428 14.883469564925178
672.609 28.221112613387824
673.678 27.99575882350171
674.679 36.236371938334514
675.708 29.204602109977174
676.71 39.09709617708409
677.928 35.90490519360849
678.947 25.607301816265142
679.948 27.859317079264212
681.118 25.20057740758158
682.128 30.219551194714377
683.318 24.228286526377648
684.328 20.47489306465892
685.348 22.70722382082011
686.358 26.623477894998267
687.552 29.57698598640931
688.558 37.90873566596665
689.578 21.663263513027736
690.586 23.348145400219643
691.589 23.447998845141424
692.59 28.784426930291268
693.599 30.55984367888956
694.659 15.909712972775246
695.669 13.996330215518594
696.677 19.587596824030264
697.728 14.915711428723114
698.832 2.5119531443278253
700.058 24.23545849175212
701.078 10.337124414231461
702.08 32.24230408304234
703.088 27.099458425358858
704.09 30.961686550386883
705.108 33.687055280015144
706.109 25.52988675405168
707.167 30.66066415752724
708.169 35.00405267096991
709.248 22.879767788478432
710.268 26.534049083842003
711.287 25.585707978372167
712.398 22.103911009132208
713.518 25.321816300158666
714.528 28.86695973229102
715.539 25.422017223577303
716.678 17.170258162274525
717.717 20.883795501561863
718.718 27.865404440789536
719.728 28.76355879888136
720.737 27.631049403201473
721.738 25.887688334172065
722.747 26.52304286254473
723.757 21.530688655554734
724.758 27.878424630501247
725.907 20.9359553105089
726.909 33.68204860666336
727.927 34.24455729811698
729.098 26.875439699534333
730.107 32.657758863622874
731.127 22.91780624398645
732.137 27.863953920894506
733.147 29.809801953384454
734.148 31.414505275118355
735.317 30.556870768139916
736.318 35.2187680115676
737.319 24.443123637145135
738.507 28.5640387678201
739.517 29.286261409738593
740.658 26.207051774453078
741.667 30.32146710132444
742.717 24.526292776949184
743.718 34.00028115594606
744.727 26.553406100028166
745.728 29.04313979310751
746.887 30.689665881784308
747.888 34.87314115428628
748.959 22.428778369136452
749.987 31.30614718143713
750.988 43.45733539694179
752.097 35.173168148425674
753.197 36.99462044768202
754.247 36.00244929166444
755.248 30.48195531565439
756.417 26.232931440644425
757.567 28.697053148931488
758.585 28.650249842973405
759.726 22.916892026930984
760.727 21.83570380446248
761.776 24.57032698913499
762.777 34.76593595487785
763.927 29.329947593536104
764.929 48.64623593611503
765.936 27.880234618176875
766.937 28.57103109197547
767.967 29.12645538197232
768.968 37.059856671439505
770.137 31.47977835535504
771.296 35.508607769322964
772.457 30.44406354384722
773.627 27.40547422012335
774.827 32.928461524954315
775.947 30.73232130666259
776.948 27.351698769481292
777.966 24.319591459229358
778.997 28.22299789324066
780.017 28.79884727965914
781.018 30.43765285144342
782.106 26.135805196822584
783.286 33.42761606413321
784.287 37.38823600443433
785.289 36.44548644057783
786.301 34.46280851177727
787.307 34.905925266733426
788.308 32.85839359868949
789.32 39.47110429615659
790.326 34.151983797656754
791.328 33.396059227504
792.338 28.152928032517416
793.377 27.809057776259937
794.386 30.761985674438804
795.387 27.283723232836415
796.407 22.28091472312082
797.409 31.89912688613473
798.417 32.998960686074476
799.456 29.79508159158198
800.646 38.32230283108387
801.651 38.72961050257445
802.656 38.8507047455624
803.686 39.31030430226528
804.688 41.7750581540327
805.697 28.440959407205348
806.698 39.405858147271154
807.736 37.28258604062765
808.737 44.0664097314415
809.867 39.08345274857888
810.868 39.88845063770856
811.869 40.566853255764755
812.871 35.01790448971279
813.966 32.1816643104472
814.967 42.89898907480047
816.096 33.69867309315552
817.097 41.65175634550918
818.098 46.46432287312629
819.277 32.719339468738646
820.336 38.58337152827954
821.346 29.12488713876151
822.347 37.91800554632274
823.457 41.90709968006876
824.458 50.03760406013956
825.546 32.185693841516944
826.547 41.801403981966445
827.548 35.82834962610626
828.587 27.998846780046467
829.656 31.863144954799207
830.766 20.82523059086571
831.776 33.05427856274629
832.786 36.513936368506286
833.906 33.647565058840335
834.946 32.89860188964798
835.957 29.927646829445788
836.958 31.312203783740504
837.959 31.341964217488165
839.136 30.007920214045594
840.226 30.987609815204674
841.307 35.43128490839567
842.377 36.902856318026885
843.446 33.54851844070875
844.477 33.62330789675223
845.585 40.818988416804494
846.587 32.112401051606646
847.595 33.24294715986334
848.596 31.706191345967557
849.597 36.727588190915164
850.605 25.725376308712324
851.766 34.226153929736036
852.966 34.53659602033563
853.967 30.978075275842457
854.976 37.59505613848233
856.005 35.812747023890566
857.095 34.06228583463374
858.306 33.17809932132118
859.485 34.65028110664466
860.487 37.886920210185735
861.685 31.32500082098842
862.686 38.58000610696509
863.725 32.989711545871714
864.727 28.778673705571933
865.745 36.68423135400739
866.746 32.688962037750976
867.845 44.13330177798427
868.905 28.990233366442048
870.115 28.18821599006259
871.215 35.75608080874812
872.216 40.703480702087155
873.217 40.26535976927756
874.237 25.630984035431236
875.297 35.74647668791278
876.366 36.209964714672154
877.376 35.13714367339204
878.436 27.527666108422
879.438 34.443222937518826
880.605 32.90697338618298
881.606 46.928484185782466
882.607 32.746453784878916
883.608 31.627055646773094
884.785 32.62825277529602
885.786 29.428503593402905
886.787 34.93029471479211
887.996 28.05794906611381
889.015 32.76532686232042
890.065 30.15144878780996
891.276 34.164741567281624
892.278 38.56633502583894
893.325 37.551209878302785
894.366 34.47848826403733
895.564 37.36815129673952
896.567 37.60731897745789
897.685 19.261251281248516
898.686 32.96255511744105
899.755 34.9985382066181
900.756 24.087858457642668
901.805 26.390745636353376
903.006 30.725295464518624
904.165 29.946605108747256
905.305 32.29453646424568
906.326 41.275506529336056
907.335 40.832012112153485
908.386 32.0601795567305
909.387 56.921902610442444
910.388 42.30445677055248
911.389 44.10547030099978
912.526 34.33795080900943
913.527 42.69996617331955
914.605 32.95782050282732
915.607 35.46318978399208
916.645 36.736478136484635
917.655 33.75227675889592
918.665 31.33802417442723
919.675 29.06353881591546
920.685 30.954250856526706
921.775 24.83654962310726
922.915 23.911441560126605
923.916 25.907979539115424
924.925 36.21797427748398
926.065 27.387112706753847
927.066 34.468838896170695
928.144 30.081771689006292
929.224 32.93142361813965
930.294 31.90075492342805
931.304 33.94885584273194
932.405 32.5505100414681
933.555 28.98833177836202
934.556 36.58554975631166
935.565 38.945312379944305
936.585 28.005305004524878
937.715 24.791708880129
938.804 26.593791521197048
939.915 26.792679422107373
941.1 25.05255927486533
942.164 31.34763194752347
943.294 43.555427062042945
944.295 44.65434739412522
945.305 43.079644250556164
946.314 32.95971371199204
947.324 32.682906653291056
948.395 42.01707650245389
949.504 37.23835340607091
950.664 37.2212544024062
951.794 33.92663949493196
952.974 37.89184192922392
954.064 30.189902203587042
955.085 32.734797603957084
956.086 23.181010690768428
957.095 32.054687930540304
958.156 26.433181966200806
959.254 29.427929476693322
960.255 31.53794343852379
961.284 29.566813921443426
962.295 30.321420641739138
963.404 35.21895601160209
964.405 42.632159730091516
965.494 24.34379750574483
966.504 35.075410682122886
967.554 34.75828955251893
968.596 35.6341353376163
969.685 33.99611018598462
970.696 34.186330698620104
971.697 35.012643188060295
972.734 21.60879419311491
973.914 35.74780285702012
974.915 29.033839657508477
976.004 27.72982400681482
977.105 27.33827143477181
978.114 30.328512714382526
979.244 28.229534452600713
980.394 33.60595908284296
981.565 28.63889154093278
982.694 31.49571233074379
983.804 32.69220695476731
984.817 30.918499268982487
985.864 30.000357843519826
987.034 33.4189212255061
988.035 36.32311683938274
989.204 37.539635326744964
990.234 30.414329129337673
991.235 33.39678690272114
992.316 27.886931906002616
993.324 43.4027252826041
994.334 36.65990429858006
995.504 28.89729863660209
996.644 28.97135001434559
997.645 33.377002978028315
998.693 26.03121085341796
999.695 38.37561913146966
1000.696 27.60702976480698
1001.704 33.57122902941347
1002.804 30.736063765836537
1003.893 30.586769295518188
1004.895 35.307441285846636
1005.896 32.87902299046654
1006.983 32.78288555132236
1008.053 30.056110403558186
1009.073 34.4756117488978
1010.234 30.710130730554372
1011.236 25.925874748350473
1012.243 21.912850179646234
1013.304 20.496711702955068
1014.414 22.425216520843968
1015.415 28.090636815322295
1016.514 25.9797095946735
1017.523 34.492302319688925
1018.673 24.039097221841654
1019.674 32.42652912061048
1020.795 24.212535482458794
1021.803 39.37552115202914
1022.814 35.03800183158136
1023.903 20.87166319291396
1024.904 31.183861912516075
1026.094 29.921621649026925
1027.283 34.53111066256933
1028.284 38.019461571039535
1029.404 22.90786148116533
1030.594 22.76651309705974
1031.615 17.836550603215937
1032.894 4.634800738819209
1033.895 23.051485166049254
1035.034 27.04112813080796
1036.143 26.960046494862716
1037.144 31.961522341293247
1038.173 25.25925683453522
1039.333 29.392719353647614
1040.534 28.190586487014873
1041.535 31.399117777993997
1042.563 22.849609882871448
1043.763 27.686826055424753
1044.764 33.962573333299375
1045.773 36.97604869953712
1046.783 28.052488847843968
1047.834 29.509002818989224
1049.004 23.661301632473478
1050.063 25.193415688299016
1051.083 23.921599054979264
1052.183 27.837674818341316
1053.184 36.3300496677807
1054.193 33.04627410171682
1055.213 25.868781208315703
1056.214 22.895073794822437
1057.373 21.307063205149802
1058.383 28.540165858827322
1059.393 22.406328649439626
1060.504 26.950210827837815
1061.523 27.09877158830888
1062.553 31.72898907289488
1063.554 35.831900586802085
1064.664 26.58793141801982
1065.733 28.745802144093993
1066.883 35.49139578867366
1067.884 40.364110299748006
1068.893 29.01081530717889
1069.894 30.84077145585268
1070.913 26.546301551259862
1072.093 26.732998579787495
1073.094 28.201562069054972
1074.272 24.058978658430565
1075.393 28.952941525775
1076.573 24.911275410015616
1077.583 29.139649375675347
1078.585 28.51008356212994
1079.593 25.30272389664303
1080.673 21.009860531888762
1081.674 30.42869090267807
1082.683 23.725598945897232
1083.783 27.2277144345997
1084.784 35.519923311221106
1085.914 25.83319732094664
1086.923 27.892743604980364
1088.082 9.940482423419422
1089.193 5.210419798816941
1090.302 19.958929581130192
1091.303 32.00937576620004
1092.352 21.68447452449641
1093.393 25.62724815252732
1094.554 23.75277719606839
1095.682 27.3328874313712
1096.683 32.602893510158545
1097.763 25.213995436452166
1098.932 22.57257627862893
1099.934 31.378254659503643
1100.943 31.774205427061595
1102.122 25.05902839730772
1103.123 36.08215878089193
1104.192 23.021912332453496
1105.193 36.859819209669105
1106.203 26.023182687603036
1107.383 28.595172610348794
1108.392 30.73238847424135
1109.483 26.30239456206795
1110.503 31.953103148922192
1111.522 37.03160480276493
1112.523 25.6475757425539
1113.524 28.53197052241719
1114.533 28.24099819669561
1115.543 28.419671092298195
1116.554 30.280737377868913
1117.562 31.8179855515287
1118.566 37.30500955934079
1119.572 24.606489183517606
1120.672 24.31547673962908
1121.872 27.975982770994676
1122.983 30.42092934936973
1123.153 58.56879648191856
