0.0 44.15359221580848
1.002 38.847434714705706
2.11 26.113068570882096
3.111 24.06408468718949
4.13 28.23961303975482
5.239 32.43324228575198
6.38 40.18271497926236
7.382 45.6229494829472
8.43 44.61543912470137
9.579 46.75015723468671
10.769 36.34434565872914
11.78 47.36249447572538
12.829 41.454109547579414
14.019 44.73446244952282
15.22 45.861814082735734
16.23 34.42649453211121
17.233 54.94744479628318
18.349 48.014656917733284
19.35 59.28695937170867
20.351 50.1180996820902
21.352 63.40547851671155
22.359 49.39343082260495
23.369 51.69402131232805
24.37 52.370527596132355
25.549 56.71585764989857
26.699 54.873794661759845
27.7 66.66472714659918
28.71 52.119061837805404
29.72 58.31407858324223
30.721 54.53635836186708
31.729 48.867357579375735
32.889 53.804593793962574
33.89 60.331666340019254
34.891 52.432640431923836
35.919 51.6880643561497
36.949 59.365766955618284
37.95 60.85202241969002
38.961 48.04969516976986
39.962 54.640481123606904
40.969 51.68495787949698
41.97 40.60968123316641
42.979 47.75693362830748
43.989 45.3543017678977
44.999 33.75968666440597
46.0 37.10829563598058
47.009 45.77574939643047
48.039 42.94687666576035
49.04 60.801507416456936
50.06 49.482603784218405
51.061 52.876579682642294
52.069 42.89666549744028
53.07 35.8421989339145
54.071 40.265354476194574
55.072 55.03351877674354
56.269 48.822325641667945
57.298 48.672733628044625
58.46 37.38396384630449
59.469 58.04689540361943
60.47 55.407097844381596
61.478 26.312660975396533
62.479 42.28350617603995
63.559 41.85163761996967
64.58 51.525003544674796
65.581 57.06391263300814
66.583 48.987598719721476
67.598 42.49788566451923
68.748 44.56798568042929
69.749 55.048209364414355
70.75 44.444697808783566
71.751 57.808106877686
72.94 49.99367166378201
73.949 60.05313687919836
74.95 64.18446625858087
75.959 48.58983130328679
77.008 55.05066135814861
78.209 54.79309514270123
79.218 65.89697197107523
80.219 45.64339821820624
81.408 48.07710130369503
82.409 66.90196725123295
83.41 53.26484933795116
84.411 65.45790825440174
85.438 49.89932313078418
86.441 54.00654979817083
87.619 41.207126142209475
88.629 60.94159022092756
89.63 56.85837327013092
90.748 45.50150630122925
91.749 58.16995924825147
92.75 38.803383271582234
93.789 35.96129953174845
94.878 36.820407758316215
95.879 47.42121705814418
97.441 4.923148260361609
98.471 39.13667920137374
99.472 64.24992957915809
100.474 72.7763982194236
101.63 53.53237267162195
102.631 64.53098371729224
103.641 42.37480344506151
104.81 53.59780744138543
105.811 60.99699532465445
106.82 57.093569545861776
107.821 54.805170343582
108.93 42.2009360236856
109.95 48.43168477426513
110.951 38.780960795646656
111.952 45.00590403135645
112.96 50.13502750596665
113.962 57.54469371395742
114.97 47.12901432451218
115.981 54.42881481346938
116.982 61.978300809129436
117.99 77.37777378598086
118.991 65.09154561584306
119.992 52.00184539115874
120.994 65.16394551534698
122.0 65.82357161570043
123.01 48.47339422977783
124.18 45.517014777289965
125.181 68.45684997969795
126.19 73.97818882988403
127.31 47.06380085854479
128.311 50.88110818824458
129.32 43.93353059409775
130.321 43.61467960433451
131.33 39.05142564741496
132.331 36.66783573504576
133.332 39.386367646229886
134.34 50.76771074009685
135.341 56.15631781639931
136.509 56.87935493386548
137.51 69.23106972390075
138.53 47.73322199544774
139.531 61.41799664009069
140.532 45.81697910949233
141.54 59.04810097087214
142.55 34.878610956433924
143.551 63.25870150451759
144.552 62.72545894440553
145.553 68.32927382349048
146.56 60.248634493846986
147.689 41.78252330466676
148.69 43.190327803790055
149.7 46.46964999778358
150.701 54.167933886405535
151.77 60.37193586742129
152.785 62.746587440021194
153.789 61.8489953745974
154.829 63.368884133907436
155.883 59.187655835697385
156.89 57.3824558077587
157.9 48.55360019438847
158.969 37.781026933119634
159.979 49.22615530471839
160.98 42.99252032917761
161.99 38.86429673230063
163.0 57.22836058225712
164.001 60.5832104379751
165.002 63.806505787625035
166.009 66.25035424244052
167.01 61.11877256466333
168.011 66.1814841305348
169.012 62.32314302544792
170.019 59.52308461034298
171.02 56.40438256473276
172.03 52.83856826907124
173.039 50.50249164355585
174.04 46.81245972261396
175.059 48.33161123811862
176.229 40.65064592260793
177.23 56.76443082790746
178.24 44.727341449637365
179.249 35.69800713624642
180.26 42.56663489742511
181.36 43.42032441792387
182.369 39.19387619598473
183.37 39.11665361081958
184.389 39.38902069304411
185.39 40.43893536748067
186.391 45.05177990175967
187.4 50.42604148086578
188.409 48.49227777375402
189.41 44.95487356893797
190.411 46.008858803069536
191.412 39.80002366791133
192.509 32.133298947430504
193.529 35.47908206969191
194.539 43.176863090361756
195.589 42.117907170650184
196.69 39.84064955564222
197.829 37.69604981855967
198.839 32.84664137703712
199.849 20.267076594407243
200.859 19.405628774512447
201.872 31.007378477530928
202.879 23.855878873282176
203.889 18.169843881320705
204.91 26.519380133559036
205.911 34.904836347615294
206.919 41.47632746841816
207.93 36.662016679710604
208.938 33.78712746763709
209.939 19.56786280090409
211.169 12.950859503558823
212.17 22.564742689297436
213.179 37.076539082533216
214.189 14.633813993581835
215.389 20.757016261335053
216.399 28.82816929368135
217.4 31.66594835676041
218.409 34.75439735285368
219.579 35.23414070940369
220.58 46.72753781653815
221.581 51.64656512565056
222.699 41.53596144641511
223.709 49.53969932208382
224.719 55.13117824700307
225.869 43.474455871861785
226.87 52.30300243881352
227.871 52.08457659549502
229.038 44.6582272310797
230.069 44.72964951352558
231.07 47.06864295356092
232.079 35.01008351556512
233.088 38.825432435485936
234.189 26.57843669477641
235.191 25.00777862508449
236.27 26.942222645129505
237.278 16.105780969015797
238.279 20.096723957698355
239.288 26.849476103373405
240.298 23.88771176760154
241.299 30.673947093261177
242.308 29.632364298244777
243.309 34.199688138448785
244.318 19.696400015252287
245.328 21.31537365953234
246.329 18.94428601302764
247.33 24.503900264263486
248.331 23.199530715222295
249.338 34.10057165277097
251.621 14.937715597401258
252.628 93.070917750456
253.629 47.9500782147772
254.798 39.09181279769416
255.799 48.66231398818642
256.8 55.920881818995056
257.808 50.35615951021006
258.809 49.575965450505905
259.889 33.721333871347056
260.89 45.658346535389136
262.059 40.604757363097484
263.061 54.778152847104046
264.062 47.519283174173346
265.063 37.60197670123465
266.068 52.161445925853904
267.069 51.93805731297439
268.118 34.46910046556796
269.119 65.22620933629322
270.126 47.2218025484763
271.128 61.28666874332832
272.129 60.29017187309507
273.143 37.390863109620106
275.358 11.31277389724767
276.368 112.12870472872832
277.369 54.47269914851939
278.51 49.006741148993015
279.519 62.78527137095436
280.52 49.723902245746096
281.521 56.94071788011847
282.528 49.36627426079347
283.538 54.62626452881663
284.539 65.93135754545975
285.54 55.89188723800218
287.598 15.263247975883987
288.607 98.25252174530694
289.608 31.379095302427693
290.618 17.995766286367456
291.647 6.308530032253525
292.668 6.913353156235122
293.677 9.978581687324128
294.687 12.928997137757582
295.697 14.501442735606474
296.707 17.471617753804903
297.708 17.723678586854785
298.728 26.495476854643893
299.737 28.681850988456894
301.137 10.936636095307238
302.147 14.676158913138073
303.151 29.004560541818496
304.181 6.510297955227036
305.191 5.940350036267869
306.201 4.892052971046024
307.241 5.429641209614714
308.251 5.066769148577624
309.261 5.066769148577624
310.302 3.5748965928814904
311.533 3.010341288038775
312.553 3.1140589290527436
313.582 4.115763016042234
314.602 4.325081845905693
315.652 4.369568402024653
316.663 5.236300869818293
317.767 1.9143408282055971
318.804 1.8718387005175157
319.84 1.703314086029058
320.982 1.6997344417166698
322.025 1.6918824478658414
323.062 1.7016715459338092
324.383 1.8701640805352233
325.462 2.2896077389992078
326.641 1.796064522265271
327.78 1.8591396591321157
328.801 1.7300327383590524
329.842 2.0341595309897524
331.019 2.2488955732238987
332.053 3.5838782645749587
333.134 2.9383349746790697
334.154 2.9410556552120015
335.174 2.5950491075466404
336.235 2.494769170307144
337.273 2.550048255958664
338.316 2.5378236717987623
339.373 2.504210113236803
340.393 2.422045833705898
341.455 2.494769170307144
342.493 2.550048255958664
343.555 2.492420046782726
344.556 2.64430578390683
345.605 10.601828573988632
346.763 1.9810219439261012
347.775 2.4411924410823835
348.796 2.5925074335922016
349.838 1.8628567489884058
350.955 1.7377768419373034
352.072 11.536214473807853
353.09 2.0841727594920596
354.172 1.6308996239622333
355.227 2.174429773516549
356.229 1.7611111707819607
357.385 2.9039197615482113
358.423 2.380045038896903
359.483 2.3306478777084774
360.503 2.422045833705898
361.541 2.550048255958664
362.604 2.324070320201652
363.642 2.550048255958664
364.662 2.422045833705898
365.663 2.4680187316474496
366.664 1.9391575748693082
