0.0 1.1189657267650146
1.204 2.0051991148526622
2.212 41.96588879591562
3.23 33.71707190953618
4.231 32.79765676652066
5.241 30.793423673993736
6.242 37.50909140553125
7.25 41.16195352025817
8.26 41.562083935621736
9.261 45.155170897175985
10.262 47.284965276869805
11.27 40.84528715450899
12.271 39.72243020565703
13.281 42.675801777174286
14.29 37.8105470657678
15.3 37.77311088050223
16.301 42.053437203677944
17.31 37.21169523976655
18.311 40.728493296740396
19.32 44.1154178499853
20.33 38.3713697840487
21.34 39.9667268597432
22.35 41.76150357001453
23.351 48.89466622256641
24.36 43.599448050569194
25.361 50.386698970367846
26.37 50.386435412162015
27.394 45.91118217321011
28.41 46.785102434024594
29.411 38.91757973290074
30.42 37.21169523976655
31.421 38.8340353124688
32.43 31.223176979570063
33.431 35.010995566646436
34.44 39.00781296071009
35.45 28.91584699855009
36.461 20.80228295437142
37.47 36.330344111785074
38.471 41.332131151353614
39.486 43.14328005153753
40.49 48.631250022691646
41.5 51.849104962923754
42.51 46.5475747974661
43.511 47.16729707915869
44.52 44.79715170275571
45.62 38.3446532779308
46.621 52.31528073191861
47.63 41.603275297170356
48.631 41.734556387639735
49.66 43.730721318952824
50.661 49.09587884070946
51.67 45.795238079363116
52.671 46.161233988075324
53.69 39.416074874980566
54.7 42.675801777174286
55.71 32.9870396532347
56.72 31.707721881153493
57.73 29.19806659829924
58.74 34.699016398333725
59.75 28.799227329329604
60.751 33.20008200299082
61.752 38.31394187828752
62.76 43.043255546211086
63.769 25.551011243394587
64.77 17.99146744017011
65.78 18.346606371517332
66.79 26.123972115946692
67.8 20.024763412549774
68.809 25.551011243394587
69.819 13.560535144157782
70.839 17.261403182332238
71.849 14.956472585477886
72.869 18.759131301702904
73.88 25.98162806236792
74.896 16.652324595168157
75.91 23.63732334061638
76.919 30.025473327567575
77.92 46.27890218597048
78.93 44.35395881822514
79.939 45.196386253361865
80.949 28.91584699855009
81.959 22.816638295153176
82.969 27.719329191825228
83.97 29.66179929574346
84.979 31.93876405438127
85.99 20.004956524763738
87.0 40.083346529147725
88.001 46.36244660621838
89.009 47.63900763838685
90.02 43.71242029070408
91.031 45.66709629435452
92.049 26.79223489713502
93.05 32.99886938466372
94.051 41.332131151353614
95.06 44.19829987675447
96.149 37.067395893882285
97.15 31.187955821008106
98.151 33.88726427785194
99.159 43.95936783717071
100.16 30.86922209025407
101.24 37.93577372292138
102.249 39.12498596658025
103.259 33.38587892220434
104.269 34.89843603272652
105.27 33.48483904156583
106.279 36.92919593778632
107.289 32.787620018841906
108.299 35.38007526686847
109.309 39.684507260178094
110.319 35.18065563247567
111.329 39.9667268597432
112.33 42.65707505829116
113.339 37.01207796437146
114.399 35.8013473194513
115.409 38.08915018429956
116.419 30.3945844050241
117.429 30.11236480545899
118.439 26.206772081119002
119.449 24.32919540567536
120.459 27.320489922855593
121.469 23.01605792954597
122.479 22.93325796437366
123.482 18.758837717671355
124.489 16.401126243352692
125.499 14.557633316526656
126.509 18.147186737032516
127.519 15.836951088552656
128.539 21.52363486183762
129.549 26.722231019309124
130.559 27.602709522420703
131.569 30.710623708821426
132.579 27.403289888027903
133.599 18.166737681597787
134.69 17.799592780339278
135.709 11.859499361206142
136.739 10.950654879408896
137.748 14.172826549113283
138.749 15.49337160135891
139.759 12.845656571464442
140.768 10.978950143675156
141.789 8.28538775156005
142.799 5.783169399710018
143.809 4.586651592874732
144.819 11.366919164953623
145.828 12.376271071054338
146.848 5.610995321320174
147.852 8.626289566891732
148.859 15.201043835299354
149.868 14.971295650472815
150.888 15.681686862205304
151.889 19.71883658354101
152.899 20.739641985132693
154.038 17.226182898882463
155.039 25.151577274875926
156.049 31.109462977791058
157.058 28.428535124774893
158.059 22.938238474750158
159.079 11.452943321007702
160.088 13.656856749697175
161.109 20.318927104969863
162.128 17.39393239641727
163.138 14.042174378299727
164.148 18.147186737032516
165.149 21.529750147380664
166.168 16.685367765969918
167.178 14.158794047575427
168.188 15.95357075784676
169.189 15.292158983160638
170.208 15.894734475222842
171.209 30.181892729924733
172.219 36.37717343920053
173.229 39.48508762560126
174.238 34.81628793576157
175.279 33.939527721344476
176.288 33.136467706383755
177.308 27.33209472321737
178.318 18.147186737032516
179.328 19.343704543830995
180.348 14.809840501302746
181.349 18.19268005836838
182.358 16.168999302512113
183.388 12.515034147903767
184.398 9.771562089167107
185.408 13.045076205930854
186.429 18.740758009432863
187.438 18.96364115719686
188.448 13.161695875224956
189.458 11.44971913014434
190.488 6.6486118910664
191.518 4.302042988342495
192.568 4.41192200839303
193.628 3.6102479108861267
194.663 31.057193906710697
195.693 4.497590396895152
196.703 5.1849104962923755
197.713 5.583749765243605
198.743 4.497590396895152
199.763 4.541684420394846
200.773 5.583749765243605
201.803 5.8664222568189635
202.843 7.5530186556638474
203.853 5.583749765243605
204.883 5.084232622589932
206.163 3.527134564712418
207.173 5.783169399710018
208.183 6.580847937612478
209.216 6.239344226677905
210.242 6.460411107444196
211.243 5.6586636311279825
212.292 4.224122285975745
213.303 4.582114845514943
223.338 1.8666154724577406
224.345 15.484104208338136
225.356 22.910574227482694
226.376 21.803087602763895
227.385 26.34948034479093
228.395 27.12107028827876
229.396 28.454523586517023
230.406 35.29727530169616
231.415 26.033127820769916
232.416 20.724899674624385
233.426 15.288255544581327
234.435 14.32283134373654
235.466 13.284326377887428
236.495 5.284911012705213
237.515 5.923936200517417
238.516 10.664268764581994
239.526 11.44971913014434
240.545 18.77754065522005
241.556 23.508241381279923
242.565 23.039014609783756
243.585 18.166737681597787
244.586 15.895796837755451
245.596 20.822441950305006
246.605 27.746801272188513
247.636 21.880066975268214
248.645 22.040782313972258
249.655 16.352410026779587
250.675 13.230124181157407
251.685 8.176205013398995
252.695 6.780267572078891
253.71 10.715612674044898
254.972 33.1069749436032
255.982 25.525713212584265
257.062 31.96795651363066
258.063 39.03524793061186
259.072 30.62432515356882
260.083 38.25069784081399
261.092 37.01207796437146
262.142 33.26497209168398
263.144 33.568971802950436
264.152 25.376544160616305
265.162 17.23288852987276
266.172 17.150088564682044
267.182 13.161695875224956
268.202 11.058014240980569
269.212 11.250299495677925
270.222 13.7599547786426
271.232 12.96227624074014
272.242 14.956472585477886
273.252 12.446817302513212
274.253 13.280032801159521
275.292 9.886530675355768
276.312 6.121400740540186
277.322 7.3785264754965345
278.332 13.161695875224956
279.342 7.86016570963848
280.372 8.40853856811393
281.392 10.07069154088513
282.413 12.428081627340074
283.432 12.650132651953218
284.471 10.548580201153113
285.472 13.07882018296125
286.512 7.746685800679455
287.541 5.6763859025311385
288.572 5.079301262138841
289.612 4.841678625426959
290.671 3.8038494960862863
291.672 4.0242523639838295
292.681 16.65111587979542
293.692 28.688023380610495
294.711 21.74241549549858
295.713 18.576547305404688
296.721 27.174881935695492
297.732 26.18085044702834
298.741 14.57206109979305
299.742 19.316411347070847
300.751 10.180481042315625
301.761 8.774463916816638
302.771 15.836951088552656
303.772 16.70064731056694
304.781 22.75636938878346
305.793 24.76180136971631
306.802 19.96172753398829
307.811 21.44193048797101
308.812 16.499434692350267
309.822 27.320489922855593
310.833 25.383960908754734
311.841 25.17672885221283
312.842 27.247100792190448
313.852 37.49089128093712
314.862 30.793423673993736
315.872 22.334999061011228
316.931 25.37456795432606
317.941 17.947767102566104
318.951 14.358213682060244
319.957 52.3432895057887
321.047 30.19640586060876
322.048 35.212208184973534
323.057 28.827769675565087
324.058 35.61463342125965
325.067 31.023559704174968
326.068 36.821909130486084
327.077 23.43810324136984
328.087 21.73674015746476
329.088 31.472712859583112
330.089 18.71277349264167
331.097 20.181346143414146
332.098 22.619357658711944
333.108 28.31758809518766
334.539 18.355992991716594
335.547 33.568971802950436
336.557 32.18936111529543
337.567 34.10075749478725
338.577 33.98413782556677
339.587 40.083346529147725
340.589 37.67266898973324
341.667 25.86153675118499
342.677 35.09785566730336
343.687 25.60807585392752
344.688 22.737025856607097
345.697 30.74106040237878
346.707 34.383414418365454
347.727 30.886456443443162
348.738 37.653030687016766
349.747 33.0197324575738
350.748 31.187955821008106
351.757 31.223176979570063
352.767 45.79945961902836
353.787 45.367766759914794
354.788 46.96623154611577
355.789 46.764871842688535
356.797 47.63900763838685
357.798 51.309217640835236
358.799 48.17336017005803
359.817 47.171040962169734
360.827 32.18936111529543
361.837 32.50540041909276
362.857 31.083920983557952
363.867 37.690310915329924
364.868 32.07635071419633
365.869 50.789124206653966
366.877 48.35530462094299
367.878 44.1491078060926
368.887 41.80289257256545
369.888 45.758808751789196
370.889 50.789124206653966
371.897 56.7475475716806
372.898 52.801250388636674
373.899 54.20973871600617
374.907 52.63439034718552
375.908 52.600037770493614
376.917 49.388349035554626
377.918 45.758808751789196
378.937 47.635655767534345
379.948 37.53652636843948
380.949 39.72243020565703
381.957 46.15733622905685
382.967 29.5967600925365
383.976 28.545270373584852
384.977 30.667862386826833
385.987 40.96382503207526
386.988 39.03524793061186
387.997 42.4017443985667
389.017 53.397414005486645
390.027 54.32494054191387
391.029 54.15563718045752
392.049 53.59487854560144
393.077 53.17779777864801
394.078 59.55893498709318
395.087 51.38452178895345
396.088 48.776998024671244
397.107 47.32240778245132
398.117 41.3626643010449
399.127 52.92900310061217
400.137 52.64678350086302
401.138 43.34425733333633
402.147 53.18107726695718
403.148 52.197612534023456
404.149 51.795187297737336
405.156 54.08675500062239
406.197 48.83757284430803
407.207 32.9042396880624
408.208 28.454523586517023
409.217 45.512738777382886
410.218 40.32621514555442
411.267 31.18462207555997
412.277 48.458971176957924
413.278 50.386698970367846
414.286 50.03679133849242
415.287 51.392762061267184
416.296 49.78758358616077
417.308 48.16417693465201
418.316 35.84990444571031
419.317 52.600037770493614
420.318 51.9963999158804
421.327 50.386435412162015
422.348 52.55603032556833
423.356 50.35345770442566
424.357 48.97821064281431
425.358 39.72243020565703
426.366 47.83882294679032
427.374 52.43457503878205
428.376 53.06711710173627
429.377 45.96002136993226
430.389 43.66922619951264
431.396 36.68556008394099
432.406 38.886828722238825
433.407 38.31394187828752
434.426 42.3809497152591
435.436 46.26535519771696
436.447 46.103088905708944
437.467 52.21262676535003
438.476 52.58222544095594
439.477 53.20367562510683
440.486 46.59370718075946
441.496 55.837497652436056
442.497 28.974617020698297
443.506 35.015905210972626
444.516 32.30598078469996
445.526 32.18936111529543
446.527 39.23646054893896
447.536 40.00633709456172
448.537 33.28362642342277
449.538 40.44373625816539
450.556 38.069826603024445
451.567 37.254585917879965
452.576 33.219349732968894
453.596 29.89913374342134
454.597 29.980680111781673
455.606 33.81820155897014
456.616 24.728034674644995
457.625 30.025473327567575
458.626 35.413420803116594
459.627 29.058161441130242
460.644 26.14220812971014
461.646 26.935582165325425
462.647 25.637546931778033
463.666 22.730707109047454
464.675 19.645375009967278
465.676 22.13338800199388
466.945 3.174370856079317
467.946 7.6460794915895205
468.956 13.161695875224956
469.957 14.570852930781093
470.966 18.764023881985803
471.976 11.56633879943844
472.996 11.415990892471134
474.026 10.286251111136725
475.046 16.981950441497986
476.076 21.901309758891408
477.086 16.950668930197228
478.108 17.818857865398922
479.116 11.589287884346678
480.126 14.557633316526656
481.146 8.490975220739791
482.206 5.130352294414222
483.296 2.8484728689136616
484.336 9.683357250853918
485.355 8.499307875526467
486.367 7.749192644902683
487.376 16.381457455206366
488.476 15.639821440322294
489.486 16.152990392313175
490.506 16.192092281425317
491.527 16.965317777013553
492.546 12.139226344178834
493.576 17.990361587599015
494.586 13.36111550969137
495.596 10.369820992603154
496.606 7.777365744447764
497.836 6.290531330007519
498.856 10.465620620912263
499.875 14.009467081642896
500.905 11.952406516244032
501.975 5.835353976970594
502.995 4.16292202784441
504.015 6.897401739900141
505.375 4.058415940886265
506.376 14.688521128565824
507.395 18.579882332510277
508.406 15.951771285199523
509.415 19.032514953991054
510.416 15.090946364962367
511.435 14.824374201503076
512.455 19.15406038174844
513.456 16.98540434917875
514.466 27.519909557248393
515.475 24.835424168767428
516.476 29.779467493454572
517.477 26.643610022677368
518.495 25.127265730691732
519.525 22.68349939306523
520.526 23.021782895182103
521.528 30.95581830934616
522.545 26.818579277581502
523.555 33.70191822600166
524.556 23.42420813165226
525.565 29.74297402558734
526.566 26.44239740453431
527.575 29.94259130098244
528.576 35.496965223548536
529.577 43.05950029476133
530.585 37.44842691238602
531.586 36.100603078161754
532.587 44.87041385841694
533.595 36.84898098735962
534.596 32.478775950482444
535.605 36.52996138718017
536.616 29.96607575428808
537.617 33.20008200299082
538.635 26.594382411050642
539.645 31.907141515730327
540.646 27.04603525914753
541.655 29.543356750192245
542.675 22.39548122274018
543.685 27.12107028827876
544.835 27.920243332670168
545.836 30.986743202681005
546.915 26.957571457363123
547.916 32.3952315300505
548.925 24.15369031618105
549.935 24.611415005424508
550.945 28.11816846061082
551.955 22.018959757213906
552.956 29.175829638841353
553.965 23.837337791975994
554.966 31.791593675437284
555.975 23.837337791975994
556.985 25.12687394361463
558.005 17.77180860157066
559.085 15.369964899906671
560.095 35.09785566730336
561.105 25.20967390878694
562.115 27.519909557248393
563.116 29.377042257168455
564.125 26.033127820769916
565.135 25.12687394361463
566.145 25.01025427439414
567.155 38.08915018429956
568.156 34.49090213246516
569.265 30.40553445565773
570.275 37.092052011967496
571.276 29.863011913886517
572.284 35.76694019483658
573.304 20.815764902558033
574.314 25.326293578007423
575.315 27.968553929798958
576.316 23.82663336793838
577.324 30.57174217763442
578.335 29.567630984967234
579.455 21.759887079359935
580.456 18.19268005836838
581.464 38.56435451174911
582.465 31.87513809586923
583.466 33.80371985760404
584.475 39.607102543771525
585.485 38.5707894184415
586.505 42.25741156376821
587.514 26.432362371376065
588.685 37.739758252624775
589.694 37.92728231457776
590.695 31.070287623112954
591.705 35.69611457066579
592.706 29.66179929574346
593.709 43.776884464785674
594.724 33.22141646450663
595.734 40.16614649432004
596.735 45.876476949500315
597.745 37.97253051507907
598.754 35.415139761762816
599.755 43.26071291290438
600.756 33.88726427785194
601.764 33.851751362227645
602.774 37.49089128093712
603.775 32.27756333233939
604.785 30.710623708821426
605.794 20.044609560573427
606.814 20.73377670174655
607.824 17.947767102566104
608.827 2.405039416929258
609.834 35.49015635961451
610.844 20.340802716163058
611.924 18.167379216819207
612.944 21.72109940195241
613.974 15.448245276304046
614.984 19.941963447377464
615.994 14.042174378299727
617.024 14.079413416380238
618.034 11.965178068371268
619.065 7.423594152355352
620.094 3.1317991186442162
621.154 4.750326198527597
622.167 4.771897275045262
623.174 2.2831977198066182
624.194 5.923936200517417
625.267 4.692773318208196
626.284 6.535552032436737
627.292 7.59298171732614
628.294 9.246543131358118
629.344 7.289262448648553
630.385 6.967582734633212
631.394 6.385418105892692
632.414 7.190711641447109
633.461 6.733031593709398
634.514 6.503390548728551
635.554 4.841678625426959
636.563 7.186221912235785
637.583 4.936613500440384
638.593 4.985490861825962
639.843 2.9003591637749175
640.853 8.57504428233182
641.903 4.29974499316447
642.914 4.781337230101749
643.936 7.291890156813708
645.474 2.226290717749575
646.493 12.254816006570477
647.504 12.949454998179203
648.505 23.42420813165226
649.514 39.52422051718639
650.524 34.5823967289292
651.525 39.03524793061186
652.534 27.82968329877365
653.544 15.355311854410713
654.545 16.499434692350267
655.554 22.440016864578407
656.563 32.13838132959232
657.575 22.77169161100936
658.603 16.262011632175327
659.623 6.713794360590088
660.663 6.197348640536202
661.683 6.713794360590088
662.735 3.446244253540154
663.803 1.8858972922939692
664.806 2.1412542709205122
665.895 1.9886504851175997
666.973 4.114302950784105
668.013 7.5530186556638474
669.064 2.682962541810863
670.073 6.7601382543370905
671.083 4.613474116817528
672.103 7.1087234406172195
673.133 3.9200965880001664
674.143 3.181384578031713
675.153 4.187812323923502
676.204 3.449523268055684
677.303 2.7490513760393713
678.313 7.660746075172066
679.324 13.746344536526426
680.354 11.732844513656334
681.393 6.397166907591805
682.403 7.5581207661991465
683.41 8.820488732075866
684.413 9.119450303727943
685.428 16.271856282811648
686.433 24.650647950765624
687.434 34.29013076999059
688.443 35.93110956117893
689.446 26.590482186258686
690.453 14.801016365942104
691.463 15.554731488895529
692.483 12.32478968191026
693.503 14.217446881252844
694.513 14.557633316526656
695.533 12.637730561107505
696.585 15.01321936180189
697.593 21.180422685247503
698.603 28.716427364157294
699.613 24.41199537084767
700.633 28.632358302473243
701.663 15.920532292314283
702.673 23.73093650231293
703.693 15.402234121352645
704.703 22.617218660576334
705.706 34.338748823381295
706.713 36.68556008394099
707.723 33.502498591424825
708.733 16.036370723037475
709.743 26.123972115946692
710.763 30.145531382279326
711.773 25.675715262207913
712.774 33.40129462113388
713.783 21.441492730726782
714.793 31.707721881153493
715.803 32.18979843912449
716.812 31.739146778986175
717.813 31.87513809586923
718.833 28.829822842588033
719.843 21.22128121927464
720.845 27.538617586827307
721.853 24.260616561253205
722.862 33.9349368077801
723.863 25.43589305778244
724.893 24.6389734785918
725.993 22.781258802940883
727.003 31.907141515730327
728.022 23.916657045122058
729.023 20.405871773301993
730.032 36.13072683638998
731.033 28.65573620466008
732.043 30.31178443985179
733.052 34.01781883436524
734.123 31.86047187024529
735.124 42.053437203677944
736.133 34.41705338497138
737.142 37.52804776378757
738.152 28.400388060359973
739.163 31.87558153388897
740.172 30.823942428963914
741.183 25.898909996284786
742.193 29.596905867268873
743.313 34.602753108760616
744.324 33.668582995280644
745.333 28.827769675565087
746.342 30.142208576377534
747.352 24.92745430903779
748.353 12.156301512383433
749.363 18.147186737032516
750.366 6.626776088716894
751.372 15.6165793278103
752.392 16.076615942232436
753.412 17.574344061547887
754.422 19.343704543830995
755.432 14.158794047575427
756.442 10.253201323309051
757.443 18.10913563795484
758.533 30.381189191772627
759.545 29.8538286784805
760.552 16.601139978022115
761.602 9.97478019288459
762.612 4.270612289114217
763.622 11.56633879943844
764.632 24.528615040252195
765.652 19.15406038174844
766.662 18.42940633667124
767.663 22.13338800199388
768.672 25.234658719373574
769.682 25.12687394361463
770.683 29.578254875311515
771.692 33.81820155897014
772.702 28.400388060359973
773.703 30.584317966394888
774.712 30.823942428963914
775.722 31.707721881153493
776.782 25.160616634662617
777.792 35.496694936272995
778.793 28.253310968373963
779.812 32.02064827530259
780.862 22.71472381070412
781.872 35.09785566730336
782.882 28.998646963722404
783.892 31.508302246760692
784.903 29.169186215830432
785.912 29.94259130098244
787.051 21.64716007436709
788.052 33.60250723927694
789.062 35.18065563247567
790.063 39.23646054893896
791.072 33.61858428357504
792.082 29.314686267519726
793.161 8.290858684719819
794.162 7.243654255174574
795.171 7.78507373823703
796.202 6.642163188943714
797.222 10.465620620912263
798.242 15.994627741402548
799.251 9.18239466561621
800.271 3.0439563010793953
801.282 15.340123613220873
802.292 14.956472585477886
803.302 14.358213682060244
804.311 12.975122897073986
805.322 6.85627914208975
806.351 9.982609690671538
807.391 6.778350075601423
808.392 10.865481382780265
809.401 22.955986663994512
810.423 11.709436382665599
811.432 11.977036520374572
812.441 15.370530201152581
813.472 12.6982531553379
814.502 12.987321163895599
815.511 12.975122897073986
816.522 14.543234074873649
817.532 16.551829661264403
818.542 20.623022315912205
819.551 21.159431185990783
820.553 24.12141686430846
821.571 22.043775231478
822.58 2.3954073040785953
823.582 24.12141686430846
824.583 24.832696459021754
825.598 21.431225348016184
826.601 24.298178991986486
827.611 15.637531454086245
828.621 20.340802716163058
829.631 13.161695875224956
830.643 10.747378324271383
831.662 9.372009826573267
832.711 8.832255688865068
833.723 5.771740211172896
834.731 8.791873567434141
835.762 8.205025115748587
836.763 8.048504727986064
837.771 14.186886892910948
838.791 11.732396061841955
839.802 24.30513091955353
840.821 24.311973690541603
841.841 14.299435082082734
842.851 21.53732052307196
843.941 24.283339267781965
844.951 35.29727530169616
846.081 21.81957108375618
847.083 28.94570023724377
848.101 29.875725396348756
849.111 13.44406124946723
850.131 15.994627741402548
851.191 12.540861164129787
852.231 6.197348640536202
853.241 9.572142454700694
854.261 7.783105261497011
855.271 18.546026006075767
856.281 23.930356136705726
857.302 15.666327717367937
858.331 11.548509249993645
859.341 6.979687206545305
860.351 14.956472585477886
861.352 15.49337160135891
862.362 19.227084874610505
863.371 39.52422051718639
864.381 28.200968425967176
865.483 35.53349468548812
866.501 37.39411986700305
867.511 32.787620018841906
868.521 36.09495383963542
869.522 36.100603078161754
870.531 40.605188920562966
871.532 40.242523639838296
872.541 33.418967008363985
873.601 40.17164742203706
874.603 39.59932601907356
875.611 29.65562988685884
876.621 38.68740908784603
877.622 29.058161441130242
878.631 32.33799860498742
879.641 25.608513177756574
880.642 25.554002511346088
881.651 25.035041443978482
882.661 37.690310915329924
883.662 31.27150024125601
884.821 39.17320094808768
885.822 43.26071291290438
886.841 30.52145035396093
887.851 36.29437347402822
888.861 28.799227329329604
889.871 33.10365932245519
890.872 29.058161441130242
891.88 37.56527796991576
892.881 31.2701764740665
893.941 28.20207548759178
894.951 38.68740908784603
895.952 33.88726427785194
896.961 43.316948748772994
897.962 44.55153304256277
898.964 38.27570441141917
899.971 32.002197548027695
900.972 55.81943966170276
901.973 48.776998024671244
902.98 38.28566996122275
903.982 35.17706626059554
904.983 37.10666616906109
905.984 59.64247940752513
906.99 54.34073172617263
907.992 44.10504682031365
909.001 56.42442023396305
910.002 46.63146552343533
911.01 36.84898098735962
912.11 33.58396273126363
913.111 50.3031545499359
914.12 33.0197324575738
915.121 39.52121758751396
916.13 55.693219819772125
917.201 57.70297680660357
918.202 52.31528073191861
919.21 54.832358739071665
920.211 48.37457278838514
921.212 54.20973871600617
922.22 33.65178998996429
923.221 29.175829638841353
924.24 27.5565755136824
925.242 31.96087734530533
926.25 25.576359468835744
927.251 40.12485544212718
928.252 65.67885795347327
929.26 55.23198935569458
930.27 29.995745136054467
931.271 40.644948876308455
932.28 37.21169523976655
933.291 33.75130106136378
934.292 48.08981574962609
935.293 59.03884155291191
936.3 72.4880185906509
937.302 73.93825532905002
938.31 64.22367823145859
939.33 41.747006144419366
940.4 56.36108727036918
941.41 68.28431495493086
942.412 67.22140464866294
943.413 78.55646551830986
944.414 75.13585100877361
945.415 75.62182066567571
946.421 70.35773616485332
947.431 63.697663362056126
948.45 55.624057335157595
949.451 49.38063587928446
950.53 52.15763370066807
951.6 56.36108727036918
952.68 56.025719639078474
953.681 65.67885795347327
954.69 64.55926196134892
955.691 66.48370842622955
956.692 67.08734628084277
957.701 53.580311817563334
958.71 48.58987993415828
959.77 51.38241725054526
960.89 53.66513352540976
961.892 77.55040242722647
962.9 75.6131508075122
963.901 74.5322131541604
964.911 63.697663362056126
965.921 58.9115921347886
966.923 56.96980248129043
967.93 52.486791332040305
968.931 50.18548635204075
969.933 51.34147187962459
970.95 40.0877303736874
972.19 47.33471994583122
973.191 51.912855495448454
974.199 47.23937702157989
975.2 66.6849210443726
976.26 70.65262939918604
977.27 84.83614461615845
978.271 63.666731771490554
