0.0 10.268649004475563
1.014 20.808358369508376
2.044 7.712045829506955
3.054 11.05981819919321
4.064 12.534460625749281
5.084 12.497320496797569
6.114 9.158054422548014
7.174 7.032053120043893
8.184 6.635890919524999
9.334 5.954273420921491
10.344 6.144343443998748
11.384 5.0123663248999
12.474 5.047077783092405
13.484 9.12956013012031
14.494 30.169312472571065
15.514 33.42077032209044
16.545 32.968803790972814
17.664 37.42691194328698
18.665 63.734295195724954
19.814 59.27302038278956
20.825 65.0191334029678
21.827 66.73039983743763
22.834 66.30685263996435
23.884 48.595752603736386
24.994 59.65100297665672
25.995 59.314098221762244
27.014 49.92579743730766
28.075 18.258793114609546
29.083 61.8893741531322
30.084 39.349976948548104
31.154 44.76920520842758
32.155 76.70357802456694
33.164 62.00427729234054
34.304 52.02798141972556
35.305 62.31020286347491
36.314 64.60400416894933
37.414 54.58255144831002
38.604 61.34348204481962
39.614 68.69519697710707
40.624 60.31984602197157
41.803 45.605726272377154
42.804 59.30775361487899
43.814 74.4406970748963
44.824 62.009720128076246
45.904 66.65205972018903
46.905 82.10936435817825
47.907 62.99702003598602
49.024 62.82235472071579
50.033 86.90202128557699
51.064 51.868010448336165
52.065 68.02814385560595
53.134 61.63622603446684
54.135 71.88185807258945
55.136 50.88302205472994
56.294 64.15604890695437
57.295 92.4858782681461
58.303 50.962245297866644
59.304 60.34953806406494
60.314 78.173116228251
61.323 61.403081460284625
62.325 36.720886376305856
63.503 43.09266146845775
64.513 69.98191591724343
65.704 54.74783754551265
66.714 62.70995855019885
67.715 73.74844141569034
68.723 59.3372925436976
69.724 59.694049536419335
70.763 55.01165708176472
71.764 60.58646381239756
72.765 52.347176047630995
73.773 57.423546363718664
74.784 48.00895745482291
75.793 34.10882665074705
76.932 37.446637379151014
77.933 36.453573271916795
78.943 32.26049796839088
79.953 39.30169996425127
80.954 34.221721847050006
81.963 55.0848603507592
83.003 50.67274138946893
84.013 24.4063382509645
85.022 31.946823571637765
86.224 41.368440407834775
87.233 50.144731871181584
88.253 45.752467966406925
89.273 36.2191027265773
90.283 31.704812170978194
91.293 15.65549964063557
92.294 31.98987042241005
93.314 62.584268376600235
94.315 58.88212113079861
95.343 59.99248570174524
96.344 76.69252028109648
97.353 66.27275478337245
98.354 83.30269427445117
99.483 2.69644218760919
100.484 81.2370715497894
101.485 103.00686794020672
102.487 93.51225438632986
103.488 73.8573873796452
104.493 69.22148928385106
105.503 63.17678606418417
106.504 44.107888282637624
107.513 42.79835638794428
108.524 54.43708596663993
109.543 59.400316563905164
110.553 64.46727784647622
111.554 39.802800604985265
112.663 44.28208291664512
113.673 45.22236774777998
114.674 40.54330686482103
115.692 38.359889559946325
116.713 43.87728157475259
117.734 45.022375392566595
118.743 31.228913382726734
119.744 32.22987783680701
120.822 37.44957296629982
121.832 47.05327429860995
122.873 59.62409344790401
123.875 62.56149000115952
124.876 68.86762598263893
125.884 73.9549218630193
127.732 30.229174036033637
128.763 13.964525274465515
129.764 32.496170051148866
130.812 53.46850124874166
131.813 76.93144004855381
132.814 73.54070085906602
133.822 84.6592914742338
134.823 81.94911771580101
135.824 77.08044767293285
137.022 65.61912734127148
138.023 63.001765013068486
139.032 71.44334377057102
140.083 54.15444331003862
141.092 53.927068317612246
142.103 43.0870373604625
143.162 40.73741708671637
144.167 41.2484142765607
145.172 38.61595165732853
146.302 35.69604068614094
147.303 56.08469332159134
148.332 50.690697228193095
149.333 69.5455925460541
150.363 52.72276287116265
151.372 59.34736217914467
152.373 65.8336349741545
153.374 65.01554323595147
154.382 60.68478748745818
155.392 46.53262203848126
156.413 40.39780968033522
157.612 34.17043447319052
158.622 30.72171721988033
159.802 36.8379811097909
160.803 47.98716220168186
161.812 54.14305282071344
162.963 50.561992349106646
163.972 51.90965436462608
164.973 37.439525180620876
165.982 37.79405099744123
166.992 35.671686534846394
168.002 37.33443210712151
169.012 38.413285393220335
170.022 39.69371626241673
171.032 34.258667201959554
172.042 33.895216711020254
173.043 37.0657371983193
174.222 33.99440472267899
175.232 35.39141823748178
176.242 32.371168014030864
177.252 39.33745213823356
178.262 36.784675062186224
179.272 39.62041532304666
180.282 41.92274752278061
181.292 36.408289111584914
182.302 33.65752763570466
183.312 34.92053156593141
184.313 32.23785391398631
191.701 2.6517792474339386
192.702 37.197523746872385
193.703 58.084694683541365
194.704 57.53778957079511
195.711 62.74603118230565
196.731 40.250978480985275
197.741 44.700637532490425
198.851 44.666560558961095
199.852 50.34064880404316
200.861 31.35677764737977
201.863 42.11512053239862
202.871 37.88843003529396
203.881 42.14157238595678
204.892 56.751319919995396
205.902 69.18764274847217
206.922 72.26386560849735
208.132 44.13933775753057
209.141 61.674995339319956
210.142 51.18375642072371
211.144 66.39306774561703
212.151 56.47292367762956
213.161 58.582334638189664
214.168 75.28702055438013
215.171 80.72266481285483
216.302 57.87556227234999
217.303 79.86953685613217
218.472 60.29111991990543
219.491 56.936329022008564
220.493 69.28839173531912
221.494 73.20969365465113
222.501 72.6417668224063
223.521 53.77441349195071
224.531 34.899870761932846
225.533 26.09196149943589
226.541 51.85638294014068
227.552 55.40485000233918
228.752 58.263491193404754
229.761 55.086299048583484
230.771 30.84083124632834
231.781 43.54417148728541
232.831 42.85501090758015
233.832 75.00050426420854
235.011 59.62214460695314
236.053 49.80716722339503
237.061 54.516833959864805
238.062 49.90776534066764
239.07 54.421590674554096
240.071 45.34381770226949
241.081 60.77150916269314
242.171 54.15788444199833
243.172 49.705463018514685
244.174 62.052249275367835
245.181 76.08798464424359
246.302 65.37069083269677
247.371 70.9885813439775
248.54 55.4464530064801
249.541 47.84558683112569
250.55 36.69524557304831
251.551 31.871679459808533
252.552 47.599778633201886
253.691 43.868323152584736
254.701 72.03685744680186
255.702 51.446604419945736
256.721 58.70209475623173
257.731 70.23936750074142
258.733 59.60079123282937
259.735 92.793069406765
260.751 77.55429756371466
261.77 42.964413829979314
262.771 49.66522008333592
263.772 69.94892826889266
264.781 70.11212817470441
265.911 62.616045961606964
266.913 64.42458064461604
268.01 42.0944273317429
269.011 61.747889419726505
270.07 43.63136255930316
271.072 63.870615415451404
272.081 70.60625127998851
273.082 54.743262153124434
274.083 41.43590241510018
275.13 41.929984386405614
276.131 46.53388467795033
277.14 47.62862930260361
278.141 60.992518652471794
279.281 51.5132200889827
280.43 58.08463520529297
281.431 79.95926772468272
282.432 75.87696638560138
283.441 70.6923933090984
284.442 79.04800090280932
285.443 62.62543918805897
286.45 65.94358073778079
287.451 47.627151080086406
288.452 62.148506025556195
289.46 55.21025417285739
290.47 48.179377944956485
291.631 47.10113187922634
292.632 68.86545068875965
293.64 61.881453465322636
294.641 69.28310709588756
295.65 46.00290081855459
296.651 59.05088767371155
297.7 47.35407118178239
298.71 49.17612699264148
299.711 51.09910123758904
300.831 47.733556935177745
301.85 40.48172868816544
302.851 55.30031863692924
303.86 47.65884195577935
304.87 45.27536720138722
305.872 44.835161505350484
306.873 45.49645081629611
307.88 40.24912124207585
308.89 37.57661266174473
309.899 32.63398159563224
310.91 30.527822154158432
311.92 38.286266363544726
312.921 47.936767895671366
313.999 40.846734451592155
315.009 48.974890744153235
316.01 54.381619561232945
317.02 50.47419366114667
318.021 45.32659662644354
319.03 49.028122561610154
320.031 45.52237306741233
321.039 52.45367480580156
322.175 32.240131583842576
323.18 45.44735465202713
324.191 34.66576722855317
325.199 36.2781902104424
326.211 37.52906689333971
327.219 33.36499724375277
328.22 36.39121485002395
329.229 39.45233001857374
330.23 38.39937356390782
331.24 39.63550669280355
332.25 46.76145421952715
333.26 43.89091367572653
334.27 45.18122579912754
335.29 50.133023410129375
336.291 38.18800751763594
337.299 38.27383027398103
338.31 43.4754352412185
339.32 42.99728898891649
340.47 49.8392692801008
341.6 61.66508933228194
342.61 66.9176491983469
343.62 50.88845849460386
344.75 50.370191090473725
345.751 51.82854975395435
346.759 37.49149556755769
347.76 37.94147422182798
348.769 28.196498150549775
349.771 21.800224994837585
350.78 31.982251504369813
351.789 25.99708892937018
352.799 24.874530034839562
353.8 25.54229963961279
354.949 19.87880189035768
355.95 33.477771372094416
356.959 36.40696650665874
357.969 49.15474755194462
358.989 37.122645656213855
359.99 44.637028496201495
360.999 38.920011842416834
362.009 37.60338187733857
363.019 29.351592625446326
364.029 29.738622269009284
365.03 22.814481231366678
366.052 16.03983665206364
367.059 12.81830854732395
368.069 8.856623493517795
369.099 8.917052990385844
370.129 8.435050126038826
371.139 8.847854559359105
372.179 7.637891542680848
373.338 6.031915282922629
374.349 12.534460625749281
375.369 13.87175890473551
376.379 17.20416164319196
377.389 13.517555576801781
378.409 11.348456500099367
379.429 13.628394713440278
380.449 11.924845374260244
381.489 13.60499431041018
382.49 8.183455224307389
383.509 5.400494437741371
384.518 6.642467620138346
385.559 6.67673516220051
386.578 6.8208844983837755
387.589 8.839102972257344
388.619 8.6844830951815
389.639 10.221296035080208
390.668 7.7195405290603025
391.878 5.4376741629703
392.918 6.683155099851412
393.948 5.543032939956706
394.988 4.5349981034625
396.008 5.59737640015325
397.026 2.4384231349375898
398.046 2.433641913111095
399.056 2.457737377608572
400.096 2.3868411070962705
401.146 2.6005202157161316
402.276 2.4164125898261295
403.316 2.6255252178036295
404.346 2.6510157538972687
405.426 2.528283543074362
406.436 2.457737377608572
407.466 4.097024346938329
408.496 4.579027211262667
409.536 5.967102767729335
410.566 6.995833604446722
411.596 6.266037236488577
412.626 5.061030075609686
413.666 3.818945771340424
414.767 2.9309801787378884
415.787 2.433641913111095
416.797 2.703511115360356
417.896 2.484573454522617
418.957 2.339599200169124
420.018 2.339599200169124
421.061 2.6179733715269164
422.118 2.348452934137311
423.858 6.664327661263458
424.878 9.977931843762294
425.879 3.2237853913986307
426.961 3.2118675156372585
428.059 3.1650643460251113
429.177 2.4423490398099448
430.279 2.7030650650154513
431.317 2.6305840332551194
432.398 3.4444700527815817
433.459 2.5735591201860366
434.479 2.433641913111095
435.498 2.436030177982864
436.518 7.585028526995289
437.616 2.486836271862292
438.655 3.822621368815738
439.675 4.623919634904276
440.718 4.28395642615145
441.816 3.1650643460251113
442.855 3.583707533260502
443.897 3.335163773446248
444.919 2.91465528538094
445.957 4.782880060449419
446.958 4.711686341264453
447.999 4.530641717217209
449.238 3.6062684039232273
450.474 4.418359589828781
451.504 5.543032939956706
452.737 3.623817155299116
453.739 5.697928072010389
454.854 2.915334910452467
455.876 4.857758808953112
456.895 22.411477637524005
458.071 2.5329742361021648
459.236 2.3438165034348484
460.418 2.3101067906184913
461.513 14.287113714956206
462.567 2.3551373352746547
463.617 4.733748654251649
464.733 2.6691556466430963
465.784 2.361859896648356
467.283 2.8112931908814742
468.479 3.225239528000373
469.679 2.4823147513746773
470.699 2.677006104429009
471.908 2.4669878184762943
472.94 2.407676771456443
474.067 2.422844921494944
475.147 3.217815418456217
476.286 2.615256981253714
477.666 5.131516203013401
478.674 7.734731644094004
479.676 33.2558914059353
480.684 31.668349915709726
482.614 7.5793975546421715
483.624 9.945212739361608
484.674 10.7368235302297
485.684 21.79732785632638
486.694 33.72400152678117
487.864 28.2055138362985
488.944 38.03043836654379
490.074 42.27292867410468
491.244 41.499086643048955
492.246 45.63594171135241
493.394 26.147964212528656
494.404 29.24707479346035
495.413 28.005931890230528
496.584 32.08342322574445
497.585 42.36022099979557
498.654 29.632454962687092
499.674 37.05646767433938
500.684 34.31238529226509
501.694 54.970314724075
502.704 54.10974732357192
503.874 40.2053226069481
504.884 50.164432059518454
505.887 50.878962736576554
506.894 53.07860184178609
507.933 48.2274123040806
508.934 46.86887992106827
509.944 18.787497864592456
510.963 20.949859530738824
511.964 11.159257124061716
512.974 28.263979842362485
513.993 23.629492726572146
514.994 24.956057964099685
515.995 55.052335145352984
517.003 48.98333345930735
518.014 37.488472159678594
519.025 38.248935108265194
520.034 41.990912239918906
521.044 42.90520467503932
522.045 44.91129678772264
523.054 47.23532529867084
524.065 37.808667085351516
525.074 41.999724263809085
526.084 43.752597663599
527.133 45.91609052849358
528.153 10.708024417693354
529.163 19.416125283026062
530.164 40.576480095005564
531.174 45.60689925637142
532.183 55.63642110969209
533.193 56.10198780443638
534.197 48.978957143163896
535.334 51.142570251983834
536.343 56.88637971900303
537.359 41.67802981316676
538.373 39.73988441554157
539.383 36.866060663901756
540.423 26.701912502117942
541.448 29.303422918700118
542.453 21.241698369965256
543.464 34.8321465424799
544.466 43.01171479506208
545.474 47.508465389478474
546.493 50.0759124548686
547.623 57.97174207236879
548.624 55.79628562030858
549.633 40.846967672820284
550.653 16.305400817846603
551.673 10.951388609011268
552.692 12.180150889959686
553.695 2.964078880801632
554.753 8.933694621616032
555.793 9.5473644283624
556.805 5.39633641602599
557.983 36.93810734433687
558.984 50.092665312466906
559.993 24.09225307739125
561.013 13.385030522122364
562.033 21.65941302670462
563.043 20.967302513890388
564.053 22.11963639838642
565.055 20.809824263014185
566.093 9.565760120898839
567.104 8.593572334139713
568.123 9.509850226281552
569.133 12.042913150223029
570.143 16.958387905440173
571.192 5.148050309368764
572.225 4.085125921918517
573.232 22.67854589141232
574.264 13.229390632315207
575.523 10.252610569628512
576.542 10.474929765369412
577.553 4.419551486117331
578.563 9.330059758283852
579.583 41.12854833170679
580.762 24.174093046362888
581.763 18.35077838179189
582.764 25.54229963961279
583.793 17.24712255363727
584.823 9.399055854710182
585.842 7.064487516188866
586.843 11.655224107350323
587.862 23.541168825358167
588.873 35.1456444995939
589.882 30.636349737162842
590.883 33.33184541400654
591.902 32.88640740289342
592.912 29.294864131288488
593.933 32.493389087213544
595.052 33.52164028276853
596.053 42.15719357975846
597.062 35.7163915752749
598.073 22.37200510245093
599.082 29.522078311725984
600.092 19.843354777479966
601.103 32.16451359350019
602.104 27.201142426089366
603.123 27.23403387158798
604.133 26.735320724538795
605.143 37.849155614999624
606.144 33.874218664693316
607.152 22.63444545818546
608.292 17.417683408916776
609.302 26.052016202505698
610.312 25.074311026531632
611.322 25.995603224751672
612.323 24.00382310916336
613.332 28.04597439618505
614.342 30.260130269496447
615.344 10.50089172336013
616.367 29.11806159972225
617.382 30.826919608905293
618.383 47.116863412644534
619.384 40.71370487803001
620.392 23.641092870332233
621.412 10.708024417693354
622.413 18.126904396281244
623.422 28.78402635395551
625.594 7.200084223591562
626.602 33.30469200712911
627.612 60.70611322677749
628.613 50.5772120033203
629.623 46.867147403731835
630.624 39.92534215489168
631.632 40.63312837074885
632.642 23.774836285851126
633.653 56.22651612907325
634.662 52.42362914431731
635.672 56.036412209176035
636.673 43.620259925493066
637.682 35.256008287836885
638.692 39.815345517195354
639.702 35.51376612873188
640.704 44.04788642915179
641.842 47.264122168482075
642.852 53.5786748316582
643.862 45.47532785219716
644.872 44.87508658175843
645.874 63.75496048667075
646.882 66.9830964656011
647.884 56.17902823643545
648.902 52.395617112161716
649.903 50.919639500261134
650.912 53.765988760423
652.052 61.92750714867112
653.053 68.17280089222645
654.062 57.78511623426702
655.072 64.54417196911093
656.073 65.75677459367138
657.082 93.77701843336477
658.083 75.38897547962814
659.084 62.661875359062414
660.092 55.42789307160174
661.093 62.978199330586094
662.529 38.371574440369315
663.551 45.75650147701533
664.552 59.7640214866628
665.692 64.60191032738375
666.693 79.67394168991795
667.703 75.09627336792819
668.704 82.11462131812186
669.744 43.58898781158083
670.752 55.685315424845534
671.762 49.60443444214282
672.763 54.92707447821089
673.772 50.97827739369293
674.792 48.76321034506257
675.802 58.690337395121304
676.811 44.78036738558331
677.812 47.16888918917789
678.822 53.750428993477705
679.831 68.63883207469486
680.832 63.349268195652
681.842 68.39281475536244
682.843 59.926262148164746
683.852 65.57350663109176
684.855 65.7577209078976
685.862 63.4860895662382
687.022 49.37772798262438
688.032 47.43433138763677
689.041 49.06786658758821
690.052 39.087651973770015
691.053 68.93941067747936
692.062 38.220984561712285
693.071 50.43355044908514
694.072 54.77480391323975
695.081 38.54864797973726
696.101 26.039968470222938
697.281 31.090650896418303
698.282 49.84468182089064
699.291 39.82711078864268
700.301 50.52051652458376
701.302 52.07653324553061
702.311 35.7482241908226
703.322 56.717577405263135
704.342 47.840632350670234
705.344 76.05495296134387
706.351 56.645009325774026
707.352 49.196806821368845
708.353 67.72124615725667
709.36 82.34703698611723
710.362 58.21796073591611
711.363 62.69504858924696
712.372 67.27422723645273
713.381 65.09460010978991
714.531 53.30901892296173
715.541 44.23927279668211
716.542 31.645630180645437
717.551 35.628810848340734
718.561 48.6664339414246
719.562 47.61283039602387
720.571 39.51922946513449
721.581 37.111834401789636
722.583 25.003045865833652
723.591 34.476593769092744
724.592 46.69086837950867
725.601 65.03345545429947
726.611 54.58979661240179
727.621 65.86736171970105
728.628 48.67915566571174
729.631 28.931971604779537
730.641 49.89206876515461
731.651 33.67028343647563
732.652 52.242036847851466
733.661 67.50819546190377
734.671 59.95801246354672
735.681 51.1257882514569
736.771 39.342105145599845
737.781 56.036412209176035
738.791 30.615538653547976
739.801 35.637191975142834
740.804 35.7610761942189
741.821 48.18319424485863
742.99 42.953169831020595
743.991 64.47570782797261
744.992 64.75088249190566
746.196 58.93438825505617
747.301 57.093863292314246
748.312 51.189009974062316
749.32 64.76674400911378
750.331 53.41422112281906
751.341 35.09875345758193
752.351 37.789508772216685
753.381 38.11169870436045
754.382 48.10879737917639
755.391 42.919771489999796
756.4 47.7273599373357
757.401 45.71035470527594
758.402 67.23089868287643
759.411 50.401539423742456
760.412 53.399474416704166
761.532 56.67624747230271
762.543 135.69103540793134
763.544 64.47570782797261
764.553 43.522226182481845
765.643 43.96356685320231
766.645 47.06984059496705
767.652 47.713854286981274
768.742 42.077758769189536
769.743 53.5644341954418
770.754 54.7226409706708
771.755 57.36594136159102
772.772 40.44072511472439
773.823 49.10363173769848
774.832 43.26685732774524
775.843 65.31114973938017
776.852 41.11330659818348
777.853 57.28418657021977
778.862 46.12594533864154
779.863 80.3466512931627
780.873 62.244714315943355
781.874 59.7640214866628
782.882 40.65797052779449
783.884 54.25418468577064
784.885 54.06040117882113
785.897 42.43482727154516
787.056 135.01546207560517
788.057 43.14912754629031
789.058 42.90114405471405
790.066 36.93920760970982
791.076 36.6202869262407
792.077 48.22608196936601
793.086 77.74147288749973
794.088 54.48417351911225
795.096 44.32704913178788
796.098 53.22267571362758
797.099 77.61883288514339
798.106 50.785447959564166
799.116 54.070222307207125
800.126 28.018206104701427
801.136 28.75552731791142
803.676 3.758920294968862
804.685 124.42092133399167
805.686 28.518101539208345
806.696 22.856957611777865
807.726 20.26379388877195
808.736 19.17035154527428
809.738 26.755488338141657
810.746 14.513580284248459
811.755 19.68138554112797
812.762 20.48033045368382
813.765 30.93612601403951
814.776 28.582243121151585
815.785 22.879610691564952
816.795 24.331600038197845
817.801 26.155602747977564
818.806 17.839718899978166
819.816 28.75552731791142
820.826 31.244199546599347
821.836 65.37581424415212
822.847 54.402266563479834
823.856 64.45653764717767
824.866 49.89961445014647
825.875 34.19640737768122
826.876 23.558431706322267
827.886 44.23927279668211
829.79 8.12250508512389
830.806 136.01859225336128
831.815 51.90965436462608
832.816 37.26441403082469
833.818 55.245128698193604
834.825 46.088861224514865
835.835 34.40832328638392
836.855 26.039968470222938
837.877 13.358836724621058
838.886 21.15748945671427
839.893 83.85240067258975
840.902 17.71324698701291
841.984 7.800249680839822
843.152 24.449298941099844
844.153 55.79628562030858
845.163 44.89628636333742
846.168 35.8144914378152
847.172 34.90565349650921
848.182 64.39271929305426
849.183 45.985348094908055
850.192 50.925585087749994
851.213 29.66135158349099
852.222 25.358127280901286
853.223 51.33258277057502
854.224 39.9155533328886
855.235 44.1955148611733
856.242 36.34039330575389
857.252 41.044214205954276
858.262 34.59983995638583
859.273 47.14188251876631
860.282 42.27055911958962
861.292 53.93098645434098
862.293 55.84287316214376
863.412 46.602670649018705
864.603 46.22261645325715
864.63 36.77503335362332
