0.0 50.02286972286982
1.001 54.0236567388896
2.011 38.6184090199142
3.012 38.14708722898864
4.02 41.049225288230055
5.021 34.87292621449347
6.03 42.31090949696408
7.031 53.00048142177798
8.04 39.26572071903225
9.041 50.834461160087244
10.042 47.764935208939534
11.07 47.70597114304672
12.071 55.25146711934869
13.072 47.764935208939534
14.08 47.433085721747936
15.101 44.22114012158118
16.12 48.328339581522656
17.13 52.122576738962316
18.132 48.53498896011516
19.14 37.88217690107324
20.15 44.09432175128857
21.151 50.749495724394436
22.16 46.168148615927294
23.17 48.556176569299886
24.18 41.660582759441844
25.19 39.75107019772991
26.191 37.32854697541164
27.2 41.09283398579135
28.201 49.93095547081743
29.202 48.17420533582162
30.21 43.36895453856262
31.22 42.87745225536521
32.221 48.49851002701089
33.23 41.49885915630704
34.24 40.84933642901344
35.241 43.38263344182708
36.25 42.513922082221924
37.26 50.38148081309134
38.27 49.36742289991546
39.271 48.785268372427346
40.28 48.113982692820294
41.29 19.556937079117194
42.3 52.05437986169147
43.301 46.81071951490918
44.309 44.181810484892
45.31 49.40201571628071
46.311 47.764935208939534
47.33 46.63671250703134
48.331 47.96957027247416
49.34 47.58923671235787
50.349 44.34103534898103
51.35 48.29387496347626
52.351 51.03909622343471
53.359 50.48144406871075
54.36 46.537124828667615
55.361 49.40201571628071
56.38 50.740583331792756
57.396 55.242202146041684
58.399 45.627420896758686
59.4 46.12785470178553
60.41 48.35336498673958
61.679 38.0002990868413
62.68 50.340225597512344
63.7 44.063670946708356
64.71 49.57023448247577
65.711 47.15103001870999
66.72 45.27180649995914
67.729 41.295846571049196
68.73 39.78416773614264
69.839 43.48262380932073
70.84 46.042889266092715
71.849 42.513922082221924
72.85 43.87686900440199
73.93 47.49534723904631
74.931 52.18194116820097
75.939 44.99466643122138
76.94 40.19343786302473
77.949 40.60251704033889
78.97 28.97352299767452
79.971 27.216463432885845
80.989 26.040639983770106
81.999 22.5120856731784
83.207 17.8751810764022
84.209 27.59816296720518
85.309 30.61705540897877
86.31 39.289932173754906
87.319 37.03258228175746
88.339 41.57040939495346
89.34 37.32854697541164
90.349 35.205469014998364
91.359 38.737012284554034
92.369 32.93968470597952
93.449 39.150026190276776
94.45 43.79190356870917
95.451 43.057879989608274
96.463 41.173871936771825
97.469 45.203193896552236
98.471 38.92673963086396
99.489 41.333191146537104
100.49 46.65679445632226
101.509 34.658958329368154
102.519 39.632466933090086
103.53 49.842300517466576
104.539 44.341183750139216
105.549 42.06620592474964
106.569 36.633211296465966
107.579 43.198867102752516
108.58 38.96562748256564
109.589 34.51213948428805
110.609 34.624978958486736
111.649 30.019889008033445
112.659 46.84947559033543
113.669 41.254959594321235
114.679 42.26901750749711
115.68 45.63361913921063
116.689 34.39341867415415
117.699 42.06620592474964
118.7 45.22434901251571
119.709 40.48379623020498
120.71 41.8305183703659
121.719 43.2416806479422
122.739 38.038973932957845
123.749 40.24090168095818
124.75 44.610443822286165
125.758 38.898246833844595
126.759 38.760992419218184
127.819 43.56036090238749
128.82 48.9077801537058
129.829 42.10789691189341
130.838 40.686808815462825
131.839 45.63361913921063
132.84 40.39807292637219
133.849 38.25065779293019
134.859 40.96793969365327
135.869 36.99576810464109
136.878 37.64162003734383
137.879 39.69920230044983
138.88 36.714641785182096
139.889 43.528985008323986
140.89 51.36340091462397
141.899 44.34103534898103
142.919 40.44885273853292
143.968 40.89280017254075
144.969 37.243581539718825
145.978 34.799443844669845
146.989 39.711751631817855
147.999 35.1706121148916
149.006 40.157369413403046
150.009 45.134170848968594
151.018 41.49885915630704
152.128 27.942202585390604
153.138 20.686781429386944
154.158 19.07820721033476
155.362 2.0393057437401803
156.368 42.23823017493696
157.398 34.802861390273954
158.4 27.274181933595397
159.408 20.524612644115027
160.438 18.180061127892372
161.448 28.393621569860557
162.468 29.40357487992791
163.469 32.12770495453502
164.478 22.534396957444233
165.479 21.77628215651277
166.488 38.572391188321944
167.498 36.995916358683054
168.499 36.714641785182096
169.508 42.02360513676946
170.518 33.34530787128731
171.528 34.883592214410804
172.548 20.968999060602314
173.561 19.41225177987472
174.568 19.731331431490307
175.588 19.563383224584143
176.598 18.253042437764826
177.608 19.67272351621106
178.618 15.903511764007039
179.638 14.459272833057398
180.658 11.647747559961344
181.668 13.18275287171696
182.678 12.77712970642789
183.71 8.220424455741096
184.718 9.957485342207393
185.738 11.045277858586294
186.748 18.658665603053898
187.758 17.931627590414955
188.779 22.47017260378983
189.788 25.17356056504754
190.798 20.16255499943933
191.808 25.148636247585433
192.849 22.710485806917067
193.858 32.075988461755415
194.868 31.11438046218807
195.878 40.1566933630377
196.879 34.87292621449347
197.888 38.166366017806254
198.897 28.70906628861901
199.898 28.44427381334493
200.908 18.13443917306885
201.917 17.865107497730392
202.947 11.335789138526588
203.988 8.657969964070592
204.997 7.917490822847365
206.048 6.90241660085789
207.068 16.869151638557604
208.077 14.413893549301587
209.098 16.250749829503174
210.108 15.903511764007039
211.117 22.12837178692854
212.128 19.855875815908927
213.147 19.180394264604665
214.148 22.714492037931585
215.158 23.526143586541455
216.168 19.148497086263447
217.198 20.881716834201807
218.207 15.02293130490667
219.277 14.628848116539695
220.297 14.071421877112167
221.323 14.374715681983604
222.327 14.281652283640042
223.337 13.993999202295102
224.348 10.822506844645439
225.357 12.586780282486338
226.367 13.18275287171696
227.378 15.80365626164944
228.387 13.280109813234084
229.394 17.493757763924147
230.397 18.788885602303353
231.417 15.262565768230372
232.427 14.281019102869475
233.437 17.847419272475758
234.447 17.64460768984058
235.578 16.918781926323476
236.848 26.339427102686674
237.857 21.113308861013653
238.877 20.968999060602314
239.887 19.87553509895854
240.897 12.574318123792716
241.907 11.154637045309045
242.917 9.616352702110682
243.937 5.823873779971314
244.977 5.908837455809617
245.987 11.965883375868469
246.996 12.992805452889726
248.016 13.254333430307293
249.046 9.429627406911345
250.057 13.980157462232668
251.066 15.225943890108365
252.076 17.847419272475758
253.086 12.371506541157538
254.096 3.9376283881385703
255.106 5.070289566047864
256.136 4.574090354140665
257.156 13.053510196509372
258.166 16.22492661135691
259.176 15.210868698143594
260.186 5.154497883987063
261.196 10.5462022973848
262.216 11.446924326163423
263.246 8.551560227312157
264.256 12.371506541157538
265.276 20.968999060602314
266.286 18.050230855129648
267.306 11.246101092384215
268.326 7.22963641651934
269.346 13.455156664086502
270.356 8.805106371532542
271.366 14.196810784930278
272.367 21.691316721007126
273.376 20.994588050879752
274.386 25.959882578201004
275.396 20.281158264266328
276.406 17.32319284249071
277.407 13.710549248116651
278.416 15.225943890108365
279.417 18.007885579629868
280.426 19.37048736919133
281.436 24.134578334409547
282.446 25.757070995453525
283.456 22.59629399109888
284.466 20.07834668151885
285.476 20.365366582186805
286.486 20.07834668151885
287.496 24.540201499717334
288.506 23.20472873915415
289.507 22.714492037931585
290.516 26.391636076220273
291.526 21.582236077923
292.546 22.492202184805866
293.551 19.77059776253057
294.552 18.91139126889969
295.555 24.303015072579143
296.586 18.162427702947067
297.606 18.274914275105633
298.626 14.258449599259475
299.646 8.83622228686529
300.656 7.09840539245578
302.063 7.4853411677336865
303.066 8.577534731479805
304.566 2.0497634936700586
305.576 5.8815358966072875
306.606 6.3395287364409
307.626 6.651829217543152
308.659 12.294347826755171
309.696 4.345683091894212
310.716 8.032929351692315
311.717 4.382301767187317
312.736 7.035710938556083
313.746 8.923709636247237
314.806 5.604104958099376
315.824 2.4146133414796744
316.834 11.560260210579399
317.835 15.552264818767847
318.864 7.846257183065071
319.894 11.136915644876435
320.925 9.337988193986822
321.926 14.529089501749803
322.934 19.914970684414786
323.935 17.069675698285927
324.945 26.5683173260691
325.994 20.194031785851354
327.054 10.628474920527491
328.059 50.42831435102693
329.086 20.543806175520636
330.129 7.8270763321052685
331.174 17.512163594395236
332.183 3.21377232831074
333.194 2.3128457806817955
334.243 13.473726591333074
335.244 5.934416838742087
336.245 21.07741153077758
337.253 24.063625813848073
338.254 33.35551533499411
339.263 32.160280236879366
340.274 41.53525043115975
341.275 35.07756127784092
342.283 31.498167919280945
343.293 27.46377197460515
344.303 22.30927409061809
345.345 14.235612947061346
346.353 18.492472778385157
350.225 2.4864322902987266
351.233 36.86610696811472
352.234 32.74639692995311
353.243 32.155531404496465
354.244 28.035003686462847
355.279 15.437194667167999
356.312 4.957398317230328
357.333 4.0958319005653445
358.399 4.227460943997676
359.773 3.425415933688663
361.194 36.703609425233985
362.205 38.49608576546514
363.271 21.02493202078992
364.283 44.32795846292708
365.342 15.55451017806937
366.373 17.08653158902026
367.382 2.0301258520169445
368.403 3.0093981165836743
369.672 16.02685915929984
370.703 5.364376196547215
371.772 4.023979109285781
372.862 2.255115946444781
373.863 5.814747211012579
374.872 11.571717356477865
377.513 2.712835242139679
378.522 12.99755428529134
379.533 13.372324529093746
380.544 26.828774084064005
381.553 37.96335343273557
382.563 32.534061540671736
383.572 35.12117723987442
384.573 23.617997727201406
385.803 12.15715283593063
386.842 6.308826131842768
388.262 2.163799631710466
389.292 4.176343366821644
390.854 3.1473449188515867
391.992 7.094726398399819
393.033 7.8708817855153175
394.062 4.578535534280812
395.072 9.532144384171483
396.082 8.716153923015236
397.092 10.749013880019977
398.093 17.274310761689534
399.103 44.01011343336808
400.112 44.74706051949672
401.113 38.14708722898864
402.122 44.053730988786405
403.123 34.66829115114601
404.133 32.65266480531157
405.142 27.694003362516952
406.143 47.56015055851984
407.144 50.015920906510246
408.152 56.290274281484855
409.163 37.36454492510124
410.172 38.85969554870373
411.182 47.74493023868431
412.212 55.48570473078818
413.213 50.015920906510246
414.222 50.837438075547546
415.223 51.65300141366425
416.232 52.66455134230665
417.242 53.62646613536647
418.243 51.03909622343471
419.244 48.9077801537058
420.252 51.49751400166927
421.262 52.2067850568828
422.263 52.266906603893794
423.272 49.61936256437482
424.273 47.47533470989926
425.282 34.39341867415415
426.283 32.417305453575295
427.284 36.42504128614182
429.222 9.876126899154487
430.224 31.482348866419485
431.232 46.41716433725101
432.242 46.32524916020064
433.243 55.86537230957823
434.244 44.90004432132644
435.253 44.13802276391036
436.254 51.243731286969336
437.256 47.308403939379595
438.262 52.126205574357044
439.263 45.10467938467391
440.264 37.737817102106554
441.282 43.86547570339144
442.283 35.28219634137555
443.292 39.4687333042901
444.301 16.44401940131853
445.302 12.482738867695
446.322 15.262565768230372
447.332 17.12038125985553
448.341 22.940422127772752
449.352 20.66631972668596
450.362 16.309134929296107
451.372 21.29521617744221
452.392 25.30372745778962
453.394 25.02544272875756
454.401 26.037220857883124
455.412 21.76349964123964
456.421 19.89523334965375
457.422 16.370805072382282
458.442 18.759943488918744
459.462 23.89796482129774
460.482 23.697141587593404
461.492 18.13443917306885
462.501 18.474145253335475
463.521 15.865035469605425
464.532 13.574935506806721
465.561 14.41546034094054
466.571 16.022115028703016
467.572 12.687373931098609
468.732 5.827336249519231
469.751 7.035710938556083
470.911 6.783585295616182
471.921 15.41368028077877
472.922 21.691316721007126
473.931 17.459082327327003
474.933 17.257070930590995
475.941 16.866760885782544
476.961 16.06585870338463
477.971 15.616491863413946
478.972 15.841865317864272
479.981 18.880170423738864
480.982 18.82642583320687
481.991 21.603625806466123
482.992 16.370805072382282
484.001 17.459082327327003
485.016 14.81610678749227
486.026 11.35744862794422
487.031 15.490365257296984
488.041 24.743013082277646
489.061 23.178054632285882
490.081 24.09878805500208
491.091 21.78504766067048
492.121 7.756066252674115
493.131 18.050230855129648
494.161 15.59485108570222
495.171 16.833361359281156
496.181 19.67272351621106
497.191 21.092404594694727
498.201 21.987859243230787
499.202 24.14693748173813
500.211 21.603625806466123
501.221 19.67272351621106
502.525 1.8813533816852495
503.661 21.822530886093432
504.672 11.429895455472368
505.691 21.308153128259384
506.721 19.29072888488829
507.722 23.209176361536027
508.731 30.451887780254165
509.732 27.50606393192612
510.74 24.18246440250367
511.761 14.244484418459873
512.762 15.552264818767847
513.78 13.565137719539562
514.8 15.061742534432451
515.81 14.196810784930278
516.811 22.714492037931585
517.82 11.859021716822221
518.821 14.324454438346194
519.842 14.645737500661046
520.85 10.363913315353367
521.86 9.734955966806659
522.89 14.003717761070728
523.891 13.505914184713044
524.901 11.560260210579399
525.911 16.833361359281156
526.931 16.55088791717903
527.941 27.98799840455277
528.951 27.666583557165463
529.961 28.59643315242086
530.981 23.37887786617739
531.991 18.455854020400004
533.002 23.705484392380576
534.021 23.401820827670935
535.031 23.323332003793972
536.04 19.083183008996713
537.221 7.805068950947177
538.238 8.744500919614365
539.25 18.621790769840693
540.251 20.258871277013412
541.262 21.56044434117724
542.271 27.20368641706449
543.295 27.605349988887458
544.301 23.908294564421904
545.31 25.37657315011822
546.32 13.875395937580407
547.321 11.868833677484174
548.322 5.934416838742087
549.353 16.490489789389347
550.362 10.556654430469393
551.434 11.735328365378122
552.453 18.091828127718315
553.522 3.640743003640407
554.539 5.6396377159353355
555.549 7.305961105687779
556.55 12.068681955774109
557.749 9.125566655499574
558.759 18.658665603053898
559.77 17.627155061066208
560.779 18.068120082932086
561.799 13.538099008452154
562.814 15.539563332082478
563.819 18.9553153806651
564.879 18.05244487597875
565.89 23.5028734147799
566.9 26.36550574350879
567.919 17.773105132189684
568.93 9.72532693024149
569.959 9.157071068542907
570.969 9.734955966806659
571.999 12.52903010048365
573.079 6.638323561477833
574.105 3.394030091573223
575.121 4.233891405339624
576.141 14.860919300634528
577.151 21.700839342749997
578.211 18.245266091633678
579.281 8.423314703371462
580.301 18.274914275105633
581.31 11.165692186074477
582.311 7.980767472796891
583.34 8.958004306185313
584.341 4.996206957398144
585.361 8.032929351692315
586.391 8.352686733662006
587.46 4.9820693734085735
588.49 4.578535534280812
589.53 5.7118762072838765
590.531 13.306065906423106
591.541 14.276274972272653
592.551 18.861477185782658
593.561 22.91770883848619
594.571 22.190670825978263
595.584 21.434361340161352
596.591 16.27326303620503
597.601 15.41368028077877
598.611 9.210729536821612
599.631 15.6642122358075
600.632 22.509856974584128
601.802 14.604055875200595
602.811 19.692220764583077
603.871 10.628474920527491
604.88 10.353641845267699
605.89 11.763071793233292
606.91 8.91960503306384
608.449 5.457067990390983
609.461 6.679555384827448
610.47 5.2783272152440555
611.471 30.081354320498935
612.473 27.069751096774944
613.48 41.78469571709093
614.491 45.182248030030735
615.501 39.83527851565039
616.51 38.25065779293019
617.511 43.99653863205663
618.512 34.05438596091647
619.52 38.40744346279994
620.521 32.82657558045738
621.531 38.21278585460641
622.54 46.69289459638971
623.541 45.513949511555985
624.551 49.16461131735515
625.553 50.17043565449163
626.56 46.87009041595179
627.561 56.070007372925694
628.571 50.584292395838816
629.573 50.17043565449163
630.58 45.85301147621706
631.59 35.69483854502638
632.591 13.181609493598643
633.612 15.046990582880936
634.62 7.925345476458802
635.63 9.32933280151759
636.651 13.441978254038807
637.66 8.001782597990028
638.67 12.574318123792716
639.7 14.730940414630403
640.71 11.560260210579399
641.739 14.133740127538905
642.75 12.24078368863626
643.781 17.08653158902026
644.783 27.18930129375144
645.79 46.25984305199865
646.791 39.78416773614264
647.871 41.99502200233603
648.881 43.401678685312824
649.89 37.84463262260167
650.9 41.660582759441844
651.901 50.13559053416489
652.91 43.528985008323986
653.911 44.49077419444436
654.93 47.12221770620042
655.931 48.9077801537058
656.94 39.67174588936077
657.941 39.98880279967727
658.95 43.64770581827072
659.96 36.38748161081496
660.969 34.1904060888963
661.97 31.309164700958018
662.971 27.710698995273574
663.979 22.963180483103176
664.999 8.83622228686529
666.073 8.391942953998928
667.14 45.446179900248296
668.149 15.834981645713448
669.169 17.873267807528503
670.174 3.549577388147086
671.189 38.74800207475493
672.19 25.459713297890033
673.203 25.680791417137627
674.27 27.340616045284456
675.272 39.289932173754906
676.28 34.02111115605547
677.299 27.338762504121817
678.331 20.328197330314502
679.34 30.04586260973847
680.349 32.7693179926529
681.35 39.08529711040745
682.37 39.84638303704556
683.42 39.098085804562274
684.427 43.98148595349829
685.44 37.29077484627909
686.449 28.82778709856574
687.47 17.939063236824044
688.489 28.946925004364278
689.499 31.11438046218807
690.5 52.795846358430516
691.52 36.23156482887012
692.539 25.328559378771953
693.54 17.683580888496753
694.551 24.31331732555693
695.56 22.618688732568177
696.579 41.00814375608914
697.589 30.100322549012184
698.59 29.46744913026939
699.599 35.205469014998364
700.76 37.65366595587428
701.779 33.16835156743055
702.789 27.666583557165463
703.79 28.035003686462847
704.893 2.22419293719481
705.899 63.00726520853858
706.909 35.576235280199384
707.91 41.336282807791
708.919 30.53617955537811
709.929 29.20486790047613
710.939 27.260960391857676
711.949 24.94582466502512
712.959 25.43432186150139
713.979 24.29961128889359
714.989 8.923709636247237
716.029 5.3179537102323975
717.039 13.18275287171696
718.04 26.48423489827745
719.049 36.339252751047155
720.059 29.897510966264708
721.06 32.94624520811202
722.068 28.737547505195234
723.069 30.28598938384639
724.07 24.845808107660492
725.079 40.07777105987646
726.08 39.69920230044983
727.081 42.035153433713354
728.089 36.98494555677031
729.098 19.77651253970702
730.108 13.993999202295102
731.118 11.965883375868469
732.218 16.27827651623756
733.219 25.374747862197218
734.228 31.669963291426896
735.229 31.598765199998294
736.23 34.66829115114601
737.239 35.52720241020294
738.24 40.807343053254264
739.248 41.86208123455944
740.259 39.7958766576195
741.26 40.60270798990681
742.269 40.39950445508104
743.271 24.207719381662912
744.278 33.15677343621346
745.279 28.733874312385208
746.289 29.00205631772865
747.29 30.370954819539204
748.298 31.70138190572291
749.299 28.529239249037747
750.3 30.49062444738102
751.309 30.739192140635957
752.332 36.442644302237085
753.338 29.201915787389844
754.408 34.53850105170816
755.41 43.74819907414942
756.411 42.035153433713354
757.428 50.23597402467721
758.429 47.35566508224461
759.438 46.89590718146039
760.439 38.55635735587073
762.218 20.428148977040802
763.229 35.254310122169855
764.238 25.460864925242163
765.239 38.47139192017791
766.249 35.1706121148916
767.258 38.978416358650456
768.26 34.22483038455501
769.269 39.06270813377441
770.278 40.19649186982319
771.28 36.06470791575194
772.288 49.26216014931026
773.299 47.208357807160475
774.3 30.16631975619175
775.308 37.391373529841424
776.31 41.584340509155545
777.318 41.74324264590385
778.32 32.09564137669368
779.328 27.92469155886585
780.329 40.39807292637219
781.338 41.21155479592525
782.339 42.239788497060815
783.34 42.035153433713354
784.348 46.5360029259066
785.371 48.33960677603494
786.378 66.39800605927056
787.379 61.270849393802315
788.388 44.544047934238876
789.389 49.40201571628071
790.39 58.2013234426546
791.398 52.31036994781149
792.399 45.838254202745254
793.4 39.57953267279518
794.419 58.98241614555876
795.42 52.062271540546334
796.429 43.528985008323986
797.438 48.723020448406665
798.439 45.92321963843807
799.448 30.333166970120264
800.449 39.69920230044983
801.458 44.13802276391036
802.459 48.17420533582162
803.46 48.37884039916907
804.468 41.2524392748592
805.469 37.32854697541164
806.478 48.60429963827276
807.48 58.55209996319443
808.489 55.625448345114535
809.498 34.596431259412
810.518 34.022509257186556
811.519 44.20117369540409
812.528 40.280783644947135
813.529 60.65694420357277
814.53 59.42629166948987
815.537 35.88846308582746
816.538 49.521685343935346
817.548 43.08041209215465
818.549 45.718584574903446
819.551 53.64575988006502
820.638 46.62415448270374
821.639 57.50245281673223
822.649 51.19272714370692
823.65 47.15103001870999
824.658 47.02680629695125
825.659 59.22449875976622
826.668 65.8603693803232
827.669 51.243731286969336
828.67 50.62982609673979
829.678 48.161714818378194
830.688 41.86339434218932
831.689 54.517892301464514
832.69 66.59136104233357
833.692 54.05462155370593
834.698 59.540549844835375
835.699 61.066663091484386
836.708 63.01819318764922
837.709 74.57212851513046
838.711 69.38693431318119
839.718 71.48340075813142
840.719 52.47139208035618
841.72 61.47548445714977
842.728 64.90963711563617
843.729 52.47154166724125
844.738 56.927815631598385
845.739 61.88475458403185
846.748 43.32597242306614
847.758 46.73087232550843
848.787 52.23814518929516
849.788 60.98124889457487
850.789 51.65300141366425
851.79 52.266906603893794
852.797 54.80330614603249
853.798 51.65300141366425
854.799 60.65694420357277
855.8 65.56818572522194
856.807 65.17751133155144
857.809 65.09388674051314
858.817 52.107155961369514
859.827 48.15055340399209
860.828 51.857636477198874
861.857 52.23814518929516
862.858 47.066064583204344
863.859 42.239788497060815
864.867 48.65251818961002
865.868 49.40201571628071
866.917 54.7570695636481
867.918 53.61438661200752
868.919 52.062271540546334
869.927 45.401094404292486
870.928 49.81128584297562
871.929 46.12785470178553
872.937 53.851706442496706
873.938 55.541067618388965
874.947 53.679614268408706
875.957 43.080263837925514
876.958 62.089389647379306
877.959 62.70329483760885
878.967 66.12892103503665
879.968 53.49471698435288
880.977 43.32597242306614
881.978 46.86142951966971
882.979 52.67617673077587
883.987 59.8292874512179
884.988 48.17420533582162
885.989 45.30931444820853
887.017 44.11928381585564
888.096 56.65178919810124
889.097 65.56818572522194
890.207 51.37881673443723
891.217 52.5281999042701
892.218 54.10862217458242
893.219 54.10862217458242
894.227 53.52965386739915
895.228 53.29008192100542
896.229 53.29008192100542
897.23 48.78811052605116
898.277 55.83988965101928
899.365 56.37143404695048
900.377 58.49671230953076
901.378 60.452309140038146
902.387 47.79224929742855
903.388 40.19343786302473
904.389 38.760992419218184
905.397 43.487793127218204
906.398 52.88081179412334
907.407 59.76999182445954
908.417 49.77304606522324
909.426 48.19827446794424
910.427 44.40580875893871
911.437 50.98991556095944
912.447 48.556176569299886
913.448 42.444573147480504
914.456 50.07501609563965
915.457 44.20117369540409
916.467 47.136495490816216
917.468 51.857636477198874
918.476 35.03718108901399
919.477 57.29781775338478
920.489 64.38245645401624
921.557 57.571347590754364
922.558 58.93489826053878
923.608 61.02865402323945
924.61 88.69194789003562
925.616 72.36892977872739
926.617 61.68011952049723
927.618 72.73041294444182
928.657 68.76946186075311
929.876 50.315804133621526
930.877 53.819021675542146
931.937 64.89754697089712
932.938 81.32508560746825
933.94 71.02238100755764
934.941 64.1357402814154
935.947 73.99787370286171
937.027 71.28239604420311
938.037 77.35542130446824
939.038 88.89658295338307
940.087 74.56055854980005
941.088 79.07409990989755
942.097 87.17669082659471
943.496 55.760676354573896
944.497 83.16680117796973
945.498 93.80782447503225
946.508 81.09023810997162
947.517 91.84598028621495
948.519 78.87563344564303
949.52 92.17074396787825
950.616 82.38998028438026
951.617 82.34826092439272
952.627 83.64258036645818
953.677 74.87971934818302
954.678 87.66877257292398
955.687 89.81585443419802
956.688 74.65709395082328
957.69 83.90152372574894
958.696 81.53173935238065
959.707 72.90559105086058
960.708 78.46019471966801
961.71 70.81795017073719
962.716 77.86661552284448
963.776 72.24085691595414
964.777 78.46019471966801
965.778 74.36749345159583
966.785 72.90731127383492
967.786 62.908079488028555
968.787 70.68406231040575
969.796 49.41634997911697
970.797 50.015920906510246
971.798 47.15103001870999
972.807 50.431412905031856
973.808 53.2051164853126
974.826 55.21721785999844
975.827 52.67617673077587
976.828 47.35566508224461
977.836 58.00036157192999
978.846 59.30519044930114
979.847 57.99668837930714
980.848 63.52183509118586
981.849 53.08544685747079
982.85 60.65694420357277
983.855 66.7339619902081
984.856 70.47942724687111
985.857 82.55289598792734
986.866 70.61395061525457
987.867 69.45625192994666
988.868 72.52577788109437
989.876 83.40210989402132
990.916 75.00883290406051
991.946 59.40454863420597
992.947 51.97730610485352
993.948 54.313257237929875
994.95 57.3255149422717
995.955 50.22449375551376
996.956 51.65300141366425
997.957 47.56030014559207
998.966 45.474819085216986
999.967 45.718584574903446
1000.968 55.541067618388965
1001.976 59.62607346458876
1002.987 54.78908900849191
1003.988 61.47548445714977
1004.995 59.07503769314301
1005.996 62.49865977407423
1007.006 58.29113253612526
1008.007 55.745702681736425
1009.008 69.04698180306457
1010.009 84.18997649508135
1011.016 74.94132045753939
1012.017 56.76887799884805
1013.018 57.792053315772506
1014.019 51.03909622343471
1015.025 48.13838890622337
1016.026 48.17420533582162
1017.027 52.67617673077587
1018.106 49.43778684231538
1019.115 52.17423439685418
1020.116 47.764935208939534
1021.117 57.792053315772506
1022.118 67.20526623256312
1023.275 70.07932730964016
1024.329 58.18986740330976
1025.356 84.05312897400204
1026.357 86.03169206576997
1027.36 73.07863724375804
1028.373 80.15949752678898
1029.375 64.07173255659804
1030.376 57.58741825242505
1031.39 57.85932337239385
1032.395 61.02698531658828
1033.397 69.18250347636072
1034.411 77.45429478743655
1035.446 77.94406019357821
1036.448 75.7242902538666
1037.449 69.45625192994666
1038.456 65.17751133155144
1039.457 52.67617673077587
1040.465 56.37464967945839
1041.466 62.49865977407423
1042.468 61.414131678306454
1043.469 58.610593569536675
1044.475 51.803512735572376
1045.525 55.29017625496442
1046.526 59.9580735776504
1047.527 44.90004432132644
1048.528 59.63376888646114
1049.535 56.227216661736
1050.536 44.69540925797899
1051.545 44.544047934238876
1052.546 53.2051164853126
1053.555 49.01032480860128
1054.556 46.537124828667615
1055.565 44.95007310475456
1056.575 47.74493023868431
1057.645 55.4053488396652
1058.655 56.17880839185302
1059.656 56.564242935500594
1060.666 47.94774182143179
1061.674 47.02680629695125
1062.675 48.992745589398616
1063.685 58.49394411887274
1064.686 58.40595850600205
1065.687 61.066214330267684
1066.695 62.06464130357691
1067.696 58.610593569536675
1068.697 64.95428053499239
1069.715 59.845226764485545
1070.735 51.09248412954208
1071.736 54.22829180223707
1072.745 51.64948841639176
1073.746 46.12785470178553
1074.748 49.35271230739698
1075.755 49.514495659374425
1076.874 48.76890991397505
1077.875 50.749495724394436
1078.885 42.87745225536521
1079.886 58.610593569536675
1080.894 68.97391684709591
1081.895 71.7072376273302
1082.896 63.11256496430377
1083.955 68.24709599910778
1084.964 60.58204216511658
1085.965 60.77661383122741
1086.966 56.35960787196597
1087.968 50.17043565449163
1088.974 54.857782593581575
1089.976 51.80573291115814
1090.984 44.181810484892
1092.075 44.951180875373225
1093.076 51.36340091462397
1094.084 49.26216014931026
1095.095 56.20736585244529
1096.096 52.47154166724125
1097.097 49.81128584297562
1098.104 46.46325883998304
1099.105 50.95413078774189
1100.114 43.528985008323986
1101.115 43.87686900440199
1102.144 43.280140883109844
1103.146 50.69884752510903
1104.147 45.30931444820853
1105.154 46.25984305199865
1106.155 47.96957027247416
1107.156 53.40975154866006
1108.165 50.6344254902897
1109.166 45.513949511555985
