0.0 11.36492750039826
1.088 10.507352209253815
2.109 4.175102217509409
3.129 8.928281199276858
4.201 4.699468430553318
5.208 8.273878877652939
6.22 10.801543762283313
7.228 17.300240925659033
8.268 4.471446885403174
9.3 10.1387458448087
10.304 14.295553020118602
11.321 14.177867117043254
12.328 10.775284119735293
13.329 8.71061081571495
14.333 29.14160104922804
15.34 29.71192326463244
16.361 31.012508337562366
17.368 39.6376522975882
18.388 29.143278459848137
19.392 32.036462080690384
20.4 26.030174065880214
21.401 28.64823112717182
22.441 19.267316452656193
23.449 12.494618446302416
24.46 15.332359910375898
25.588 23.604557495798705
26.6 27.37951172584469
27.708 27.353278090361872
28.709 32.13247545354279
29.712 26.546301949246768
30.728 30.89523340116894
31.748 28.763351600293895
32.752 33.00141575778549
33.76 26.991298561825896
34.768 21.336963808259103
35.781 21.996752529397227
36.789 9.114382938617158
37.792 19.511498040962397
38.8 29.794859372014564
39.801 23.11509718730353
40.808 30.786526056411848
41.812 26.326870674095222
42.82 33.06268265794661
43.829 26.388444851549718
44.84 37.56428178040502
45.853 31.2574244943512
46.864 30.744295665391277
47.868 34.54534164117305
48.88 34.92614849976489
49.888 40.214899661235556
50.892 32.11659273684286
52.02 26.352964564782663
53.029 33.606018051771755
54.12 22.0958761303061
55.121 22.4540189916963
56.128 23.474726117941
57.148 20.975267566135024
58.16 26.230721023956995
59.161 24.857219350489014
60.168 27.90028923852918
61.24 25.199128966347786
62.248 26.527036086082514
63.26 22.78434891864801
64.268 22.954575679172713
65.269 27.293247222531022
66.288 15.481089054571306
67.308 22.60564814285783
68.361 20.24111758827032
69.368 10.582868331888251
70.38 8.503962358720385
71.4 17.6665989687943
72.448 16.455038315553907
73.64 3.0884993867255632
74.709 11.856900442211726
75.716 27.323041875058877
76.729 26.58737914414636
77.753 11.8102914820607
78.768 10.881254982213523
80.209 2.016960774121751
81.216 4.617978908452924
82.236 14.62718409243117
83.256 15.27594808650775
84.276 17.874086012263458
85.296 16.716781819926396
86.316 18.236489258072552
87.396 7.43029797399475
88.408 22.209953567881215
89.428 14.817147522208293
90.477 4.433083661413037
91.497 8.928281199276858
92.508 12.153809273979503
93.516 17.1080160264876
94.528 20.486767515049674
95.529 17.695161568722618
96.537 18.261365421551602
97.556 13.880939137204422
98.689 15.633589347120427
99.696 15.58567881603526
100.716 10.637952067235547
101.728 10.913511666941618
102.768 10.805996639709582
103.948 7.785845764501458
104.949 17.22765250219297
105.957 19.03026501827274
106.968 16.865595901409947
107.969 19.050145473381125
108.976 16.932589331017663
110.088 23.944191416568444
111.109 23.911949064012482
112.116 19.049162997352823
113.136 20.59492412014323
114.14 35.12431384746552
115.153 15.955335778225686
116.189 10.099600107948088
117.197 10.572369454570392
118.208 17.63221389692697
119.22 19.034543791734848
120.229 27.076848830409116
121.236 29.247199753529287
122.256 23.254412136845882
123.268 28.71976754453662
124.276 17.18782870392353
125.288 26.613651257919564
126.3 24.012636832717043
127.308 28.833734876068878
128.376 22.93497300849376
129.388 31.208814065116236
130.396 29.49022225103681
131.401 32.775779823386166
132.408 29.327091688867537
133.416 30.7559838677832
134.428 27.076078704240512
135.436 30.179309170286608
136.449 27.623178424304584
137.461 31.591744299078805
138.596 15.435325138252795
139.608 29.294162895480465
140.668 26.94676211212416
141.669 30.777491548901985
142.7 26.201228178431855
143.708 26.719260985130017
144.716 29.218184674517975
145.728 28.033404288969876
146.908 26.50529289493764
147.917 30.917536607587525
148.928 30.552641166441205
149.929 33.29389022899977
150.936 28.36501274963233
151.956 24.125355581074807
152.969 24.99285228274907
153.976 19.001340360083503
154.996 27.164770457331706
156.008 23.821171715735762
157.012 17.94813839453539
158.02 30.066896948533397
159.028 26.527036086082514
160.26 22.8702792870054
161.261 28.841800256532686
162.296 28.15928109568182
163.297 32.71318284127128
164.301 30.379676118142505
165.309 41.328353322477525
166.316 33.75265480945572
167.388 32.790577969493455
168.396 37.48385533887184
169.416 32.37265676597069
170.42 43.22992473538304
171.421 29.115740193772286
172.468 29.502120553346565
173.469 34.84244326282439
174.476 25.09394435616181
175.489 22.953133074099746
176.496 24.821636632941107
177.516 16.03580180559853
178.529 39.59415455280878
179.536 36.25406005157348
180.54 33.467527884917644
181.541 34.84244326282439
182.556 27.18695009559072
183.568 29.10269777849918
184.576 22.400123326161594
185.588 24.5075349713025
186.597 27.076848830409116
187.608 19.245025732458867
188.609 22.841157250063933
189.668 18.921632776921925
190.669 28.45466199798801
191.716 19.061659915744755
192.757 6.328464692109778
193.768 11.578845777341735
194.796 14.513353866031618
195.828 10.1387458448087
196.836 19.433994573117722
197.849 24.778497300642176
198.868 30.233826339945185
199.869 26.792910642858313
200.876 22.32023139082334
201.896 16.225765235375654
202.908 25.6563256731902
203.916 32.75804553696885
204.92 27.790665901330314
205.988 26.01907809552864
206.996 34.023807153715246
208.008 24.012636832717043
209.009 34.84244326282439
210.017 30.835796545254535
211.029 35.038116404387786
212.036 23.16978647751435
213.037 29.80964590262881
214.048 19.053371233685837
215.068 22.22572128330359
216.076 14.801317236395008
217.169 18.33303669786069
218.176 23.282310330058547
219.188 22.78434891864801
220.208 17.745472673574923
221.228 20.89597727495226
222.229 21.099035086878448
223.236 16.820065478473463
224.256 14.437220662671754
225.268 16.08306982495821
226.556 7.521843880722089
227.568 15.971101920299905
228.569 19.550482053053834
229.576 17.894668270235165
230.596 13.946204078103307
233.056 4.804684796912307
234.597 29.765073420040913
235.609 23.358744269591856
236.624 26.725889429991913
237.628 21.116120817640052
238.648 13.48740351380385
239.656 13.840192740520145
240.728 15.077196962070927
241.808 15.608661812925646
244.256 7.915142907155816
245.26 24.975935526197496
246.276 22.88535807493996
247.288 26.230721023956995
248.301 20.16341017509381
249.316 24.435098907390824
250.32 20.923130082150212
251.328 20.952514009987055
252.348 22.795611572546427
253.353 15.118349902003274
254.357 21.80795310309283
255.369 17.614790760666832
256.457 15.92401776980786
257.469 20.486767515049674
258.488 20.15588422668914
259.508 9.878098348144764
260.536 4.978872895334255
261.568 6.946918449212578
262.577 7.489341165825444
263.596 10.45824181570754
264.597 7.355626911056443
265.608 10.15768844061828
266.788 10.741547942997904
267.796 38.444979834817524
268.797 42.08487185262887
269.809 23.741674503554425
270.829 8.358390909963198
271.838 23.31603500567671
272.849 37.452203126165244
273.861 40.01620944536998
274.87 31.18930457315552
276.005 36.60411332986751
277.01 43.95810470427491
278.017 29.327091688867537
279.021 31.26449913890808
280.03 17.74689735241141
281.069 4.662240095455394
282.129 3.1075149738147
283.13 10.259163849628093
284.137 9.235957816905849
285.138 12.388424271234319
286.337 9.116899322298885
287.358 7.4013175674054565
288.365 8.46629466549998
289.377 22.209953567881215
290.489 17.49705127301653
291.497 19.799164614993877
292.509 12.636697719613817
293.657 9.283056106444711
294.67 21.311066828913876
295.677 38.867989146235445
296.681 27.512217693903214
297.689 25.18146179186479
298.69 11.6141477542866
299.697 11.047591842885176
300.71 15.875917042929318
301.729 25.48008006005398
302.737 26.222398965104762
303.741 31.07150840359529
304.749 25.261274469159076
305.751 26.51897070561871
306.757 21.074140458225
307.769 28.71976754453662
308.77 27.373618030586808
309.789 32.89592425662761
310.793 30.379676118142505
311.797 36.28225826005046
312.809 30.713915926530778
313.889 35.59765319966641
314.917 30.723073768318155
315.937 37.50166936986445
316.938 35.423150650552884
317.95 26.693148470277947
318.957 37.90591020700024
319.969 29.94805545860565
321.117 27.07521017268279
322.129 30.25148848020983
323.137 31.989145940247717
324.149 31.40027918209752
325.15 28.147894547499114
326.157 27.735416068416075
327.161 28.44976876377526
328.169 37.67608023809639
329.17 29.8900167106846
330.177 35.98175232835278
331.181 31.151639059747765
332.249 31.461983142671382
333.257 30.5637589687357
334.297 25.974486780743252
335.301 31.07150840359529
336.317 26.397346017250307
337.321 28.56262884293557
338.337 31.927974218753143
339.35 38.82905011704677
340.357 29.51950747674999
341.378 36.437255716523005
342.389 13.495390766134296
343.397 34.63484181335267
344.41 22.6499995914974
345.418 32.87045775872206
346.429 25.186315197786623
347.437 35.17715654888548
348.449 25.735822885371533
349.45 19.550482053053834
350.457 21.550568239470586
351.469 21.523170432583832
352.478 14.978682331668592
353.49 12.636697719613817
354.529 13.691581403142392
355.541 18.380651228609665
356.569 9.612740872305965
357.617 4.622201774029012
358.637 7.408573761112999
359.642 16.387889911675376
360.649 6.814444510144039
361.658 29.96410271213027
362.669 10.725927218005202
363.678 8.44951311016431
364.689 15.603590253823818
365.69 36.39099629682606
366.697 32.213328506573156
367.769 31.373854338382905
368.797 36.56611233787672
369.798 29.69658907943782
370.801 30.90930382723561
371.809 21.993451183227027
372.818 28.805158330165956
373.829 27.677823683252363
374.83 32.71318284127128
375.837 28.55742853751478
376.849 35.99544198911715
377.857 31.028021444479084
378.861 39.756091497628226
379.869 31.989145940247717
380.87 30.277154969229276
381.889 36.88907113182829
382.89 29.3093093229561
383.897 41.561810176058614
384.921 29.21865891350256
386.109 27.14230564637809
387.118 30.149399052258072
388.129 25.490048350976473
389.137 21.032326687458394
390.149 31.40027918209752
391.157 23.91570017494135
392.169 27.37951172584469
393.177 29.8746720494859
394.189 36.95276757402356
395.197 30.066896948533397
396.278 29.111941086385396
397.297 37.839820387735706
398.302 34.97661650086384
399.305 37.863897188372476
400.309 31.730611266040235
401.31 34.92281407088018
402.317 38.29074178258809
403.329 31.671241511260142
404.33 34.06816674591208
405.338 25.837949166832715
406.35 29.868558246424314
407.358 23.14680057839726
408.369 21.65695837339135
409.37 15.872668597516759
410.377 6.044640703909653
411.39 16.067193151887526
412.397 29.247199753529287
413.409 20.757729844389342
414.41 30.003215031989672
415.422 31.288311277474627
416.429 33.09551551064716
417.437 24.876824670887032
418.461 33.30296378188877
419.482 29.494289349373904
420.489 29.63203132929419
421.509 19.455143541480496
422.51 19.16334379450915
423.518 13.647967841348713
424.55 9.7632367394382
425.557 9.893097115785224
426.562 21.593454942497427
427.569 19.241578785235273
428.598 10.434790659916246
430.177 3.06780713058711
431.197 9.878098348144764
432.209 13.594023304431705
433.217 15.762441732269872
434.469 10.588110757059862
435.477 12.110168647959553
436.489 11.48790701783235
437.497 14.609092337223576
438.517 13.297440084026729
439.529 9.65275306050185
440.537 16.33911642978417
441.55 17.597402023482374
442.737 7.67215402127974
443.789 7.919958203226752
444.793 10.308639633785441
445.809 10.679833768275804
446.829 9.308208058831104
447.849 9.878098348144764
448.857 10.187919656227528
450.037 7.950051441098363
451.049 6.509813976761634
452.069 11.587769216085746
453.081 28.71976754453662
454.089 29.49022225103681
455.09 32.13247545354279
456.121 24.321861559827934
457.13 29.765330274416296
458.137 25.09394435616181
459.157 31.533929342116984
460.169 16.35403215422706
461.177 18.453590320776147
462.19 18.362506459350616
463.197 15.47315496349106
464.209 20.678232632030955
465.217 24.220337295919105
466.218 19.824421990293434
467.221 22.216062125858794
468.229 23.83588749764706
469.237 20.07120219151271
470.241 29.52758252020772
471.249 21.41677648573044
472.257 32.293783061225476
473.261 24.010981848925347
474.265 29.33459178471788
475.278 21.693758868429633
476.281 25.113809359651064
477.289 20.183614413265918
478.297 18.14895319979839
479.298 22.841157250063933
480.317 22.057382738503982
481.33 18.441925194629277
482.337 21.165736663705687
483.357 21.085940704640855
484.369 12.71619493191909
485.381 29.485628012461746
486.389 20.84010178823385
487.39 22.4540189916963
488.409 22.057382738503982
489.421 17.502822856008525
490.429 24.797011993415694
491.437 22.87476300170138
492.441 17.642287579956058
493.449 21.913638505755696
494.45 23.308666316664397
495.462 28.336837310574055
496.477 26.232454044506934
497.49 27.35248357990837
498.497 25.591299784293867
499.501 20.730139346837422
500.502 30.390353290357304
501.517 26.47552177048452
502.522 25.449429039251825
503.53 24.684599771662487
504.537 25.976131360058766
505.577 21.503039895233847
506.582 23.95471046609875
507.59 30.948208767007745
508.609 28.601428787014378
509.689 29.31830649325799
510.697 28.641509976844333
511.709 26.996581491882125
512.71 22.92152805811972
513.73 24.50528244062905
514.741 21.161570721251426
515.749 26.911485884354562
516.757 22.57012588072362
517.762 31.6189875942005
518.769 27.595349598279576
519.781 32.74053500078945
520.798 26.588057334482453
521.81 31.017348948134956
522.829 28.981728489448166
523.837 31.524883464504338
524.842 24.372687734390883
525.849 29.247199753529287
526.85 29.502878452316963
527.862 25.6563256731902
528.87 21.336963808259103
529.89 14.70605779719409
530.897 19.241578785235273
531.902 18.12307825529453
532.91 14.30445521631664
533.941 13.343502991344236
534.949 7.881220866134936
535.957 11.533493950445257
536.969 12.062302368723085
539.889 2.0570697429435
540.897 3.9243106609176786
541.917 17.85656239851831
542.949 13.142818687701865
543.989 5.775618893635438
545.001 6.355298268339546
546.009 12.345110191397204
547.029 11.967696075622285
548.037 11.91794374878812
549.049 11.870837251759507
550.069 11.017878926772084
551.11 7.631383893427538
552.129 9.015994113958216
553.137 24.028112396694556
554.157 20.13612355584377
555.161 14.361445077726492
556.177 16.210461969707826
557.189 16.274534941921786
558.209 11.777732645862867
559.217 6.807684148524567
560.229 13.019627953540972
561.23 11.22700949581274
562.265 5.990730770772671
563.277 7.46713956157952
564.289 9.190325614269423
565.357 7.332358720544234
566.37 11.85911875496629
567.389 12.92685391893562
568.39 17.81175583947209
569.409 14.720489649792254
570.429 18.4264526879382
571.477 6.655970554608859
572.518 4.46715154737265
573.537 2.6620979167178294
574.589 1.841850744937689
575.597 7.688995966963504
576.609 13.21109307050455
577.61 9.178119882244596
578.621 18.59048639125243
579.629 17.876915623102512
580.63 18.46943808565263
581.637 22.705062966588244
582.641 23.15888825099056
583.649 21.41677648573044
584.657 26.719260985130017
585.67 19.398305739331796
586.677 25.976131360058766
587.681 26.053749282452905
588.689 23.91570017494135
589.697 33.83158225466775
590.698 25.825064996762187
591.702 30.29954546181298
592.71 24.876824670887032
593.717 25.20646820870601
594.729 20.374799610426777
595.737 24.220337295919105
596.749 18.5721163454139
597.77 16.98561895446644
598.777 21.550568239470586
599.789 17.614790760666832
600.798 12.36993446418458
601.81 14.742814006213168
602.817 15.008431452494136
603.849 13.518327793072363
604.909 7.7532872738506455
605.917 14.99354213556644
606.922 27.184617382853272
607.93 18.91785279651953
608.937 20.58848930023538
609.949 9.573255848196577
610.95 9.678456461899598
611.957 11.544947271141163
612.97 12.894918035018286
613.977 20.396073512352928
615.081 24.81973881211719
616.11 11.298116522874672
617.126 8.58200927808478
618.53 2.2081219187171794
619.909 22.964687072806644
620.961 1.8436032194820842
621.985 1.89221385124368
623.065 1.9735089648585695
624.085 2.0895977274952258
625.226 2.0378197900090447
627.598 1.7952137029167152
628.942 1.8775651336050407
629.985 1.8613131447371283
631.085 1.9376269836735283
632.206 1.9013288867363622
633.286 2.3323287766381604
634.39 1.9306065960538321
635.49 2.9945144293216828
636.506 2.860669759367495
637.51 3.4738332376662893
638.606 2.1948937584563692
639.63 2.83832077686552
640.69 2.7419249768911573
641.746 3.486260671380686
642.766 2.469524587031765
643.786 1.899634297718104
644.791 3.855974096860629
645.826 3.369786058569586
646.887 3.1045861189927604
647.923 2.2443555795361507
649.003 3.0499684002327516
650.043 1.86310286892094
651.048 2.3135844581234597
652.084 3.1795037376880173
653.163 2.693642702048185
654.183 2.659488016808887
656.178 3.2440037278157257
657.182 2.8525385016931293
658.498 2.176252777887463
659.518 3.182165172986199
660.762 2.3022095303026546
661.782 3.182165172986199
663.078 6.45945606607209
664.098 3.182165172986199
665.118 2.8077927996968297
666.149 19.231086017780775
667.313 2.1323787241707555
668.453 1.9138713230030613
669.593 1.770740982571088
670.614 2.136937618244845
671.826 8.009871645445912
672.846 1.871861866464553
673.866 2.4334204264074595
675.006 2.1772709078280035
676.086 2.121443448657466
677.266 2.7506851495283424
678.271 2.4697401342592666
679.328 1.8063378465487618
680.431 2.2503071939595305
681.452 2.2440342062189345
682.592 2.5122356628866367
683.612 2.4334204264074595
684.633 2.6180399072554237
685.796 2.1342122398398082
686.8 5.895246236821845
687.936 7.731316793536648
688.976 2.5702103320279956
689.977 2.2888700545047476
690.981 2.6623692682398388
692.016 2.5826268070666516
693.04 2.0510048966550647
694.045 1.899800103277721
695.064 2.435808473922512
696.124 2.3415932405109707
697.181 2.7095067698142907
698.285 2.7671001504197026
699.34 2.8956194939096855
700.4 2.7018383544289253
701.404 2.8525385016931293
702.508 6.225975338462036
703.544 8.108992332726105
704.564 2.620606613060997
705.584 2.8077927996968297
706.649 2.6891536673232532
707.728 2.836470349186606
708.732 2.8525385016931293
709.828 4.678752568951906
711.112 2.5278882215291074
712.132 2.2462342397539223
713.152 3.182165172986199
714.328 2.272975123566629
715.392 2.3327902583922047
716.408 2.255077681645157
717.532 2.7178634929442804
718.672 2.3447532853573203
720.055 10.76828127953751
721.091 1.8429528028971252
722.151 2.7018383544289253
723.175 2.6103698684700825
724.551 2.0813580346625895
726.631 2.8325156043732376
727.747 1.8819256399409305
728.811 2.8711264718755007
729.927 2.566262236281477
730.987 2.7018383544289253
732.051 2.696750146607176
733.108 2.8901405544709373
734.111 2.4746648404101648
735.207 2.6130918391374
736.527 9.401851647471295
737.632 1.900659741332966
738.712 1.944656494605628
739.732 2.05904805311809
740.932 2.3866238797440755
742.948 3.0171440314843556
743.969 2.4310370567460318
745.084 2.054851053410431
746.264 2.8188471020564463
747.284 2.2462342397539223
748.304 2.2462342397539223
749.368 2.3327902583922047
750.448 2.298230402709304
752.244 6.803738454504229
753.264 1.871861866464553
754.387 3.5441381325878156
756.563 2.005603480724859
757.623 4.683186481004236
759.999 3.6160967874835124
