0.0 7.220876659152565
1.008 11.279820877319844
2.019 11.867560813800715
3.028 7.317590292153643
4.196 7.407366589465405
5.295 7.906513079376953
6.307 9.509200169835925
7.319 10.632255150036151
8.327 11.764152719255861
9.336 12.639474140972212
10.363 9.544216881680391
11.383 8.563193136056995
12.423 4.059423495146319
13.444 5.6976126709994235
14.451 10.145337350087205
15.456 23.741424526232066
16.464 11.277711559418881
17.471 32.97149370199703
18.499 23.448097062598148
19.512 31.64586154802274
20.52 31.732254045279163
21.528 28.990140769529916
22.539 27.89270710330401
23.56 20.13835679678182
24.568 29.963672109898326
25.587 30.489763414753465
26.595 28.07875317953554
27.695 21.52242022369704
28.696 28.26056639790475
29.868 23.04161286614921
30.876 31.083070896434606
31.883 32.63902743191589
33.032 25.487833387823525
34.036 31.82283900335472
35.043 27.32119127550019
36.044 28.0811643146864
37.112 22.707563825699307
38.131 23.08893803791299
39.152 25.61522862590527
40.159 27.16072392082432
41.16 27.130888799753784
42.367 22.9906838460258
43.38 30.152893094380666
44.388 25.888632173675617
45.468 24.97367496885999
46.615 27.10250141150304
47.616 33.51681868745711
48.627 21.53624054820651
49.636 28.752955794469596
50.815 20.97435372385483
51.824 20.585666576368933
52.832 19.2400621385764
53.843 22.094897536578785
54.851 19.937759599306645
55.86 24.423251862729973
56.864 21.411956905271072
57.879 25.375248813805094
58.948 21.05752114534964
60.02 30.87586613259081
61.039 33.194892690351466
62.051 40.07976196948247
63.239 25.16338574283015
64.243 31.42584766146452
65.26 19.295908089072395
66.267 31.77253620067531
67.268 26.13241327154837
68.276 26.1889665922266
69.288 21.82353277471133
70.289 21.746702237765902
71.296 20.4936951386247
72.308 27.260062704127716
73.311 23.244457477193286
74.331 18.20636465230382
75.332 14.150706933369557
76.503 23.18308174760193
77.691 20.26614942104982
79.119 9.202879768937207
80.3 10.755877603137327
81.719 13.952395955296748
82.728 23.476458381889504
83.74 17.274586375567253
84.747 17.108288723404385
85.907 5.786401727887266
86.92 7.339392231057601
87.928 24.19420087546192
88.94 21.35323633025786
89.947 20.906882334833842
90.959 17.110548268659393
91.96 12.500632582340724
92.98 21.716025308243758
94.0 10.771585977667643
95.04 5.808657119139013
96.067 9.150064660246361
97.071 3.119892565093413
98.08 5.765374169575598
99.115 6.499622561814084
100.12 14.02554687474536
101.128 14.512918459300556
102.22 5.670146075487997
103.227 13.108948502356512
104.259 6.287291799932523
105.26 5.167694977173916
106.359 3.257373857126487
107.608 9.673344121547794
108.66 4.512017930621407
109.907 3.588466187842452
111.1 18.13590473469047
112.107 27.9953815474782
113.12 14.467117798024514
114.187 11.453633630022548
115.192 12.70241972932204
116.3 10.366885712249612
117.416 7.417931964166713
118.523 6.265552729125071
119.547 8.09724557501084
120.567 8.116090266683496
121.599 10.458375508402582
122.608 13.082964461708796
123.616 11.35234896219886
124.64 16.16877357816332
125.648 13.89261674015014
126.66 16.180621897101393
127.667 23.399486070022775
128.68 19.171413443166436
129.684 23.535054221573912
130.688 26.741936272170843
131.692 19.0319636734059
132.72 23.28820306311099
133.728 21.897802698225803
134.739 26.777115296238343
135.747 15.562385244410288
136.752 30.391939686678217
137.759 21.51773023016518
138.764 32.01636617378363
139.767 33.59984143259569
140.848 21.59538552901871
141.86 28.426430209126085
142.867 27.379661161588402
143.888 20.631899999625613
144.892 24.59505531378801
145.9 26.131528243124215
146.907 25.277831166612117
147.912 21.176160725589217
148.92 29.67323526009637
149.928 29.144445486851858
151.008 22.4808506181027
152.18 26.086885352065387
153.288 26.96709929759122
154.347 28.67216925404265
155.359 33.761789837935886
156.36 34.63130102726825
157.368 23.56968052044825
158.48 25.74257795928763
159.487 32.76311352397331
160.492 39.47166836919873
161.5 33.578069467056
162.507 31.587219144314844
163.688 29.00293791176322
164.692 29.189533692359102
165.707 23.50086222367555
166.728 19.50336645073823
167.76 7.717748943160183
168.768 15.093629903945518
169.785 13.28110408490298
170.79 23.955503402328763
171.807 31.659698678652415
172.86 24.421003168273234
173.867 30.91416578689588
174.979 25.786702041602783
176.199 30.474799471023285
177.287 29.289263045970866
178.3 40.183245119540715
179.307 25.1046953366478
180.347 32.12783727247033
181.352 43.05763473644068
182.36 26.528729030099203
183.367 37.102066334390436
184.38 20.889404441872568
185.387 34.078523548579156
186.562 21.16615882110127
187.659 25.998850844220886
188.66 30.845394225673154
189.667 17.378387114725648
190.848 17.8475250248206
191.86 26.35082291155856
192.867 14.974462707148719
193.871 17.170160617503626
194.887 20.470880436993784
195.888 22.0270792639621
197.684 9.377994880242136
198.688 19.17124459149098
199.792 22.117468052571414
200.999 13.468685917462981
202.008 13.018612978772847
203.02 16.763401614830983
204.027 19.74122018553214
205.147 18.27839165485315
206.16 34.34053479223
207.168 37.29890625065103
208.18 4.031297082482742
209.328 23.049043083014617
210.34 29.29655943823919
211.347 28.623770408452007
212.528 20.965977544751905
213.54 34.62901001687965
214.547 33.749305605605144
215.552 32.15750125303968
216.56 29.33850273423109
217.58 28.312032286323376
218.587 30.12677131833197
219.6 27.960504359735
220.619 25.737570012892714
221.688 22.022011120970156
222.692 33.3648661034456
223.7 22.598096242653853
224.84 23.431444194047966
225.848 26.73592895031305
226.871 24.829719850641442
227.879 21.633651194501965
228.899 28.337687700458396
229.907 26.662917805713302
230.911 20.14458200149868
231.919 16.980658152372822
232.92 19.699427099823414
234.119 17.08265430288471
235.139 19.741841189245598
236.168 10.75462058708147
237.248 16.738010874263345
238.26 18.350288483539167
239.279 11.82591224817307
240.308 13.915855661742652
241.427 5.5084856651841525
242.44 7.470331715826961
243.507 11.742725905753002
244.587 8.263225848464392
245.62 13.645377162738061
246.768 13.983376771712699
247.784 13.334581421173555
248.811 17.033268342151946
249.92 16.404289266162415
251.139 15.402182636083008
252.239 17.35493434133051
253.248 20.890728266329752
254.271 19.46123979918776
255.288 15.990266627464965
256.3 14.463150998453298
257.307 14.422896779978815
258.32 19.72762370836266
259.34 17.183355013015714
260.36 16.232180533366993
261.368 13.323912182032506
262.568 13.884036683928905
263.587 12.04002417732157
264.74 12.924537906869395
265.759 10.758883683755004
266.88 6.216774871289981
267.92 4.948115323717069
269.04 8.190513874352497
270.088 5.33732983805524
271.108 10.339292249206352
272.12 25.630024924471986
273.121 28.05273447639011
274.128 35.18069753408551
275.14 22.8908309600195
276.207 24.65377701057218
277.215 25.28293342456633
278.236 21.532163810113495
279.268 17.344253241184
280.3 3.5606116371575927
281.301 15.86973181179849
282.309 6.732618240810946
283.321 12.159829718014779
284.336 5.172311586277429
285.368 6.504094965451666
286.441 2.2937087930244218
287.448 17.61226665981449
288.549 11.027590048212392
289.721 19.28742349688854
290.728 17.20476403576682
291.732 14.708064949755295
292.741 8.606078800755403
293.749 11.986117864899112
294.761 8.834462143866244
295.768 16.760230483740614
296.78 20.015073251294705
297.788 17.45882429581023
299.101 8.722633203760406
300.108 17.068496717476794
301.208 12.000646492600861
302.22 11.044208977129406
303.228 13.494117911418254
304.273 15.001782257459757
305.288 9.372166073481814
306.568 8.891419932116902
307.58 14.812883474668089
308.583 12.767590787278724
309.6 13.916354551579484
310.601 13.566588129025844
311.621 12.211335750541467
312.64 13.040925219381386
313.648 12.828546984917503
314.84 10.719599327209139
315.856 15.23443933065967
316.861 12.873676216861783
317.868 12.093846310125512
318.873 12.731441834961757
319.881 12.725677173260502
320.888 13.232060096220469
321.893 12.687339412209957
322.901 12.971980602428298
324.128 11.182937847029613
325.141 14.51135629226815
326.208 6.816660972149556
327.221 12.559534551745307
328.229 16.44894778520595
329.349 12.488167977219574
330.361 15.229362490927288
331.608 12.343353121452042
332.633 10.477621079943235
333.66 6.662685449585681
334.84 7.3948252590133565
335.848 9.2700756358414
336.869 10.956947444239095
337.88 9.260253221882596
338.881 10.077887510823997
339.901 10.8703593221488
340.909 10.144845589455429
341.92 11.912857464898295
342.921 12.001966682802268
343.931 12.68169347711543
345.02 9.48984404867715
346.029 10.180177669408033
347.041 11.676604161690726
348.061 11.729655349870262
349.069 11.528395879613326
350.1 11.417953265722304
351.109 9.281202041195565
352.121 10.829100878325583
353.14 12.544166283326927
354.161 8.85189998275553
355.248 7.821667837020427
356.269 5.367782922649808
357.281 7.932171748937495
358.308 9.847116891835286
359.309 8.498234196054328
360.4 2.4609444562214913
361.408 7.4710417626401595
362.421 15.3239560788754
363.429 13.19848889432292
364.441 18.388267749673062
365.649 18.80023120939942
366.709 10.013471514895466
367.88 8.623908079054663
368.892 12.1625771542722
369.901 13.802177383160966
370.933 11.49468830029756
372.069 15.74128191201652
373.229 16.262552341556617
374.429 16.983916237272187
375.44 22.94388619712367
376.461 16.465536752902526
377.473 23.871019253975156
378.481 24.841436961732455
379.5 28.676232164933737
380.501 23.37047081898218
381.508 27.873406867968853
382.52 23.521125163787104
383.521 23.92207503810119
384.528 29.046052920520196
385.533 29.364076579037263
386.54 29.679476688418042
387.56 26.008977827295052
388.561 10.851538570544452
389.789 21.62232768272579
390.98 22.720171432595688
392.288 21.666431215390936
393.293 24.72404603400719
394.301 24.452348935993655
395.308 24.66259802981905
396.32 11.724280261742889
397.321 19.446009403187105
398.332 18.09601211347231
399.341 18.36967382238479
400.36 14.06461778614335
401.368 19.58323193612731
402.381 20.504703536004744
403.389 22.52573041299956
404.393 24.236997468295662
405.401 25.073461931247238
406.42 24.7515958144675
407.633 20.166940086271456
408.641 25.456059747997102
409.648 26.81152876672417
410.66 27.080671276813483
411.781 22.56013763902172
412.793 29.148197879398
413.86 14.888098916209414
415.001 19.693045873162543
416.025 26.730896503230117
417.033 22.882691904529313
418.233 19.554155800093987
419.24 20.86026884220618
420.528 16.155202339634187
421.541 11.701081727319032
422.548 9.460590015287043
424.041 12.097350998062202
425.089 14.23022650947018
426.113 22.854652173685654
427.12 23.947154004664135
428.261 26.971954556382098
429.401 18.007931838824263
430.452 16.432979308483343
431.46 26.425210197625084
432.461 29.813096993361693
433.473 28.289704850962288
434.481 27.925421993398384
435.62 16.251795437701862
436.621 20.17505502693667
437.622 16.480156386056976
438.629 18.16058425995905
439.633 17.039024782357664
440.728 20.2677596071369
441.868 22.011543609980176
442.873 20.947850079962567
443.888 12.207035625102028
444.893 6.456204116936542
445.905 6.442091605397873
446.956 15.48636226538899
447.961 17.788372411815725
448.968 26.09218674920426
450.041 21.0604170996046
451.052 25.87765322446986
452.061 29.785335126635808
453.069 27.101652223936988
454.24 22.23584157274125
455.241 28.28817928682353
456.48 22.003524351736836
457.481 19.19585950404037
458.521 22.19889597203449
459.533 26.05636238852049
460.54 29.048326749433848
461.549 22.327857353864513
462.553 30.087447634544827
463.561 25.787547169572353
464.781 26.21959931452781
465.785 29.418410522794876
466.788 30.136686650396694
467.793 31.41850087761741
468.888 23.97272649627148
469.893 23.153283729816255
470.901 10.552917476384675
471.905 23.215278265639846
472.909 25.627688927531132
473.929 9.599935282647882
475.013 5.160075341585066
476.021 7.324849806329507
477.08 20.464853276738246
478.081 30.601126362208014
479.092 29.245297459853965
480.093 28.725573983008218
481.252 25.317593884197848
482.421 21.818621177749392
483.428 24.350596219960792
484.593 19.861964683088082
485.6 23.329484622796283
486.601 19.35124327547829
487.62 17.60613181649802
488.621 26.186495320380093
489.641 22.949248997064903
490.653 19.564493702460737
491.66 20.542907292897166
492.661 20.688752794918997
493.68 13.395156874273034
494.713 13.428783874452312
495.721 10.501482570556176
496.74 14.877247993964591
497.869 16.306361947660474
498.872 21.414878578072546
499.892 17.26304714322884
500.9 20.09384912424366
501.905 17.045016807834998
503.16 19.321765455855786
504.161 26.151529887063763
505.3 8.814788666916053
506.433 6.51672427605034
507.593 9.836882937402217
508.601 11.218975168539153
509.613 12.38091753106922
510.86 9.06494300336509
511.868 14.871664758302266
512.912 13.555249099070533
513.921 14.191690263550258
514.933 14.518907793406688
515.94 15.108618612890671
516.949 16.187396706864888
518.041 11.283677559176224
519.06 14.930695724415978
520.08 15.354765369397342
521.081 11.921742254013044
522.1 16.906817217338055
523.12 13.691973839738976
524.121 15.422697112877467
525.149 16.10586006230214
526.153 13.163431423103457
527.168 18.516485529222894
528.172 12.789409215009554
529.18 17.535246506041723
530.4 14.824226650800894
531.401 19.446009403187105
532.429 13.958825710112714
533.44 17.261906638266737
534.441 12.699151280870023
535.449 16.869351069111968
536.453 13.708174569396748
537.468 18.736919880743738
538.473 10.300275437936985
539.481 15.315595049588769
540.488 14.442061909379285
541.513 9.872075088254785
542.521 12.873978447472117
543.534 25.069547924768727
544.566 17.77785957222229
545.573 13.939545720136712
546.641 17.12638627211399
547.654 13.625294772551477
548.666 17.465937231321398
549.674 17.757211651684976
550.686 12.114901054240478
551.693 16.663917587743757
552.702 13.2320913239565
553.706 18.27365645272504
554.713 15.908194307666736
555.725 24.76183506213844
556.726 19.87343731706845
557.773 16.027282722879654
558.801 11.762298554404937
559.881 8.07953130152065
560.893 11.059239069691479
561.9 18.885773266108227
562.909 16.133419266517596
563.913 15.376613356559568
565.48 6.112529306911873
566.492 20.34007880102915
567.501 19.210295461030956
568.513 25.204010688288218
569.521 22.64044485593872
570.533 15.265887231976507
571.541 21.97454941902941
572.553 30.810073596984193
573.572 21.259195914882426
574.58 31.297085536168623
575.581 19.244222907147787
576.601 11.625750922541657
577.612 2.4343714489805683
578.616 22.953495300436714
579.621 22.3164768742372
580.64 30.73966766781303
581.644 28.970430961654706
582.653 23.27302989039078
583.66 26.884453708122187
584.661 27.492633983867716
585.669 20.355566799637536
586.672 17.622660496600624
587.681 20.844045074660357
588.693 24.09857162291378
589.86 18.54360474154473
590.88 22.59344047202941
591.892 22.108781305444246
592.893 24.139873741857834
593.972 10.160613970124997
595.061 14.19474132996375
596.073 11.275478465797008
597.08 16.663917587743757
598.101 15.778004319698574
599.132 14.756914590852714
600.153 15.5588653708187
601.161 17.313281360398474
602.173 20.34007880102915
603.18 18.27443812184371
604.188 27.773195979607
605.193 26.49269965233087
606.201 25.52599174928054
607.261 23.475139606117178
608.273 20.782254427199366
609.293 25.225685963999698
610.3 29.106309386629768
611.301 34.19815446768304
612.312 27.2312142236495
613.32 38.43810323578917
614.332 37.36384040618033
615.333 26.808357185964542
616.34 35.54969085387243
617.8 14.7117282286898
618.813 24.093995381086756
619.82 26.66226814045543
620.832 31.173381640696828
621.833 32.186498322477114
622.84 24.568883795467002
623.873 17.977242928698335
624.881 24.86009631237123
625.893 30.067942575526835
626.9 27.9953815474782
627.92 15.767015805550319
628.953 27.5073476138232
629.961 27.301712914508325
630.972 25.67155346205868
631.973 27.492633983867716
632.981 19.01209354965926
633.993 24.31965943598867
635.012 25.68957940810965
636.02 27.74564320571305
637.021 24.81042579025981
638.041 19.96119498022268
639.069 7.522495608754537
640.109 3.8724380794191937
641.113 6.016935661258883
642.133 6.7999675207392425
643.233 3.864614972201467
644.633 2.077593763251088
645.696 2.7362476656198633
646.852 2.516117014317219
647.932 2.486009631237123
648.997 2.7311091723375216
650.132 2.9569277552061446
651.233 3.4546727845628102
652.297 3.364524312943735
653.376 3.7324704379934186
654.433 3.598481301607644
655.497 3.574807082509108
656.572 3.3300966222988237
657.697 3.3809730984824875
658.732 4.107320260303035
659.776 4.071912327024207
660.996 4.218065521844773
662.052 4.237516416887035
663.129 3.947146211156264
664.181 4.678991511261922
665.216 3.6749707592174286
666.335 9.797410611051282
667.536 2.421841189469485
668.579 5.362916270636252
669.696 5.2032487310685
670.74 3.0053695784038355
671.781 4.513504517809094
672.801 2.193537909913906
673.921 3.396066728380586
674.961 3.01189628399725
676.001 3.01189628399725
677.161 2.7003208063501165
678.245 2.6832391776201456
679.424 2.277260730902206
680.521 3.2633125514822043
681.556 2.377922255960611
682.636 2.6931771005000686
683.641 3.1167881943810434
684.66 3.073966766781303
685.74 2.071674692690788
686.761 2.8488063354997117
687.765 4.011290440846071
688.801 3.8873895778089853
689.865 3.1542415433988076
690.921 4.025640596035529
691.945 2.8404602231908536
692.98 4.3234950108560595
694.221 3.245234168087325
695.281 3.377220631110725
696.321 4.08757352827468
697.342 3.506223182159782
698.382 3.657302630563708
699.462 3.9361819161186298
700.582 3.7956039905466157
701.626 3.857601151911214
702.662 4.967220016076766
703.682 3.509660655858161
704.746 4.836503699860454
705.918 3.6271983527467935
706.942 3.9329449244181047
708.062 3.595835359473823
709.082 4.167722028830289
710.086 2.8970430961654707
711.102 3.7436956060907667
712.165 3.5781700242689842
713.422 3.38192241004555
714.481 3.5916853029257596
715.786 3.4289788017056715
716.902 4.2101776012893355
717.982 4.14334938540202
719.041 3.3804096968592776
720.081 3.8724380794191937
721.237 6.0586863981002015
722.313 2.287313694164033
723.337 3.9329449244181047
724.356 3.9522429858645958
725.437 3.9325406747599643
726.541 5.066595715846306
727.556 4.413034848356455
728.577 4.3827789776997275
729.633 3.390013133501451
730.8 4.601354587372407
732.017 3.4930784465300513
733.217 4.474817336226821
734.28 4.420092382918104
735.337 4.868533525698446
736.356 4.391381095416464
737.46 3.1483236418150264
738.517 4.656858155013238
739.56 4.075816365687641
740.797 3.617475615385043
741.817 4.82578340182286
742.88 4.209611793245602
743.897 4.4000170464363
745.04 4.1107245870904805
746.2 4.243361267118691
747.261 4.428424319554362
748.337 3.7428769540828823
749.404 4.1938306806289924
750.621 5.7039201243022815
751.805 4.157347187365708
752.845 3.01189628399725
753.988 3.9149757972212402
755.005 4.6200178987601594
756.064 4.01423651503828
757.144 3.7324704379934186
758.205 4.63930166810457
759.209 4.902688316578284
760.369 4.243361267118691
761.424 4.453609671117306
762.452 4.352935151976866
763.489 4.103355665450275
764.525 4.5352878407737425
765.548 4.37421049485509
766.569 4.3827789776997275
767.605 4.5352878407737425
768.609 4.011290440846071
769.625 4.844782549069462
770.685 4.432602078345604
771.689 4.234139909774013
772.729 4.30270897715061
773.744 4.408687030764435
774.883 3.732288384032616
775.888 4.2299268352328765
777.059 4.012432282692562
778.123 3.9953726216398526
779.247 3.9811542137165636
780.348 3.8611048768462783
781.424 3.5349393455318086
782.547 3.3869944218899857
783.604 4.449392237718099
784.617 4.417391249980268
785.664 9.61636963373188
786.777 18.896353531230346
792.113 2.5868450007819592
793.197 2.6832391776201456
794.317 3.396066728380586
795.376 4.225512121084319
796.497 4.390989357583113
797.621 4.1802119244177245
798.696 3.954489738984964
799.737 4.513504517809094
800.857 3.396066728380586
801.897 4.517844426006096
802.941 4.071912327024207
804.056 3.8126246362541267
805.077 3.944501079919532
806.156 3.9398299067890035
807.377 4.031366969569845
808.417 3.876165161320668
809.541 3.7820965030358464
810.597 3.178137312670388
811.604 3.332783517556929
812.777 3.2426212581318223
813.817 4.08757352827468
814.881 4.415938160750152
815.897 3.523478217503205
816.925 4.570581909577754
818.641 10.988377591153894
819.645 3.3427420340418
820.825 3.2233853693124654
822.11 3.656465527662203
823.142 4.119260144781967
824.162 3.0709530738835573
825.242 3.3146795083093497
826.421 2.6568041860491665
827.562 2.549194801527928
828.565 2.6768598222744013
829.702 2.558162945073634
830.725 2.8432368216496755
831.762 2.8075591395207615
832.902 2.5514309373223103
834.062 2.1216806335593454
835.142 2.9003445697834587
836.246 4.255940401292906
837.691 18.4257184432809
838.791 2.2374086681134107
839.835 2.5717341012741426
841.054 2.936713592279973
842.114 3.377220631110725
843.17 2.54250985013631
844.251 2.690685724829309
845.307 2.330634029284803
846.567 2.13086539821201
847.627 2.110762894449314
848.767 2.5514309373223103
849.783 2.8628260517200763
850.843 2.32183918389629
852.019 4.417885223426392
853.056 2.8048517536553774
854.096 2.3664899374307913
855.14 2.3574229261815938
856.196 2.4416829792484616
857.256 2.955068052216773
858.276 2.8515992828860335
859.316 3.01189628399725
860.48 2.1939181125807923
861.56 3.1075120390464037
862.656 3.062146899794132
863.676 2.0731178097512157
864.7 2.8432368216496755
865.736 3.2394913148442286
866.8 2.5233932347231347
867.82 3.290306864881081
868.9 3.1075120390464037
870.124 2.0834334241829677
871.164 3.4421671817082222
872.228 2.3131104651577625
873.324 2.774287183918007
874.328 3.119892565093413
875.416 2.4677301486556997
876.592 2.6635817477599018
877.692 3.051011820147217
878.732 3.01189628399725
879.736 3.119892565093413
880.916 2.275330848924041
882.156 2.3456703778614933
883.18 3.058957163436304
884.196 2.2021738859369475
885.356 2.610366510482984
886.456 2.644210244130314
887.51 2.1227786225026044
