0.0 6.93433486069688
1.003 18.741612020363757
1.527 4.624830065407707
2.939 10.908047819224766
4.04 20.99767145443034
5.1 11.845201370837145
6.104 13.2397678538893
7.111 18.17143928021064
8.251 15.725814156768593
9.256 16.09610205126468
10.275 12.555485112436665
11.395 3.7368790039003628
12.403 11.951585035247595
13.407 20.484760055014462
14.628 27.036824775753157
15.647 25.256048529086296
16.828 23.291729884917366
17.847 31.217159681852348
18.947 25.579023973253843
19.952 27.559758988365218
20.959 25.232474501158794
22.139 25.411443931071005
23.219 27.688184334951547
24.224 34.94383354304876
25.264 20.176377250020078
26.271 32.55529835401092
27.287 32.03964942284826
28.288 32.63616047754562
29.295 21.661448011545907
30.304 23.144690593800306
31.316 23.79727032864385
32.324 26.324715418071012
33.335 18.867176609502643
34.336 16.23666175881563
35.348 19.973314856597746
36.375 22.404728751404445
37.379 27.744480602714397
38.387 28.13400318214868
39.4 28.14832818687315
40.42 29.64717319616466
41.432 26.76516900882288
42.44 34.57543858512365
43.484 24.41538974547159
44.5 37.92756867097705
45.691 34.12941906524764
46.844 29.133456878935952
47.851 38.95654520479525
48.863 26.868124239992078
50.036 24.93494489899362
51.044 33.76522165081406
52.048 23.202901815556924
53.068 34.87787064116405
54.075 29.674273106864007
55.235 30.80093067518323
56.236 39.52115844870725
57.247 22.814110940129112
58.252 29.796630230423705
59.263 41.64161141976686
60.499 19.991186423078606
61.631 24.464954400793
62.64 34.00852495431164
63.651 37.03514548880467
64.663 29.44254642415247
65.671 20.231816623452346
66.676 33.06470909852785
67.692 30.205879382036976
68.704 9.879671323437572
70.067 8.821278154604755
71.084 16.690004772120542
72.096 10.636299898706332
73.107 13.109262315005777
74.115 17.12432694929467
75.128 23.02209147800554
76.147 13.46270660655209
77.18 4.50177958951392
78.328 4.091680856741223
79.351 12.273620188741225
80.403 4.6414973685886824
81.415 31.77789630235795
82.448 14.705977864440124
83.455 14.214734503033235
84.476 16.179470194909097
85.487 16.948936599577102
86.488 17.714589704475163
87.499 20.89923331415092
88.507 6.458803216607419
89.515 7.381489390417585
90.526 6.010597443916692
91.554 8.142615728331299
92.559 15.038407489406044
93.579 12.590000470270123
94.61 7.216819888968847
95.611 7.433108197331399
96.638 10.86739236446255
97.643 6.612874170540617
98.651 9.457533281463899
99.662 8.969495268168556
100.67 5.305445499350024
101.674 4.6587977654031265
102.694 14.589296677509479
103.702 16.929571369839447
104.734 14.853798054355607
105.746 14.245107489598276
106.854 10.095178151284488
107.866 16.772465270007103
108.887 13.208600505660439
109.906 9.826981858030083
110.927 12.29766253975209
111.939 11.57616527211942
113.026 4.636215449868862
114.03 6.484535500328596
115.15 14.14198670464285
116.17 17.780705325717996
117.178 6.739048907543458
118.182 8.105669375421368
119.19 17.300365758775943
120.198 13.540824287441806
121.214 17.392997638415935
122.234 11.979693864464478
123.235 15.516375643752545
124.243 12.415288795829976
125.266 15.078017459242554
126.286 17.552747565125603
127.287 15.568334048080686
128.294 18.065441046263132
129.295 18.384106006160245
130.366 16.627712620203283
131.378 18.84030345397796
132.387 13.639088207155911
133.39 14.677788754955015
134.478 15.985475472692146
135.491 18.362638957375225
136.499 13.519578224229281
137.51 18.398964652652356
138.562 14.234539218360194
139.583 19.585166267018884
140.59 16.855744640758182
141.602 10.94902851295061
142.615 16.985441035583236
143.642 12.224823409974947
144.783 12.059719821179137
145.794 13.783756523580026
146.986 11.804255684462117
148.006 16.885428625163065
149.014 14.729760729611144
150.019 15.73012011460775
151.026 19.088121459415472
152.027 21.455934414407903
153.139 19.253060203682388
154.151 23.783666130182645
155.191 20.697424487876468
156.198 23.60469270473579
157.199 20.011287015267335
158.202 29.10375976363541
159.21 16.106033491028143
160.223 14.857227287999802
161.235 14.704627086036243
162.263 11.709308923815305
163.282 14.603613946096166
164.294 12.66416525228315
165.302 15.685664954624087
166.307 12.651745248175502
167.314 15.239440360139865
168.327 13.152676400130316
169.335 18.280719818442602
170.338 23.4754806213153
171.339 21.288512889315157
172.346 24.70636543238144
173.359 22.619402027163076
174.378 21.61102012166497
175.618 16.633885567518785
176.63 15.62366627891218
177.639 11.51924451083204
178.81 13.941336467965137
179.95 13.660398622165625
180.954 16.44292930443956
181.974 11.45994718756201
183.014 9.997907054049175
184.023 13.135246977673667
185.035 13.785587893160304
186.047 9.295698502961665
187.054 5.541614676408701
188.247 2.533713248425422
189.275 11.546604387234819
190.306 2.5482087222128396
191.319 6.885989609023676
192.339 8.899077248397038
193.378 10.579926022771378
194.59 23.05331084696522
195.599 31.530421200710858
196.603 23.117917562706825
197.61 17.419661996809666
198.611 18.350485862163218
199.623 20.674518919141878
200.63 19.743521367688974
201.643 12.761564271024007
202.655 15.393906480693197
203.714 8.643837434371665
204.722 12.686934889767608
205.754 8.561669380153033
206.759 4.51067663237462
207.767 8.073504020759273
208.818 7.300721428478972
209.847 7.209869101374443
210.866 9.583621652114985
211.867 9.755954509005427
212.886 8.122459620774283
213.898 11.258230112751477
214.907 9.525816678733861
215.918 11.499352907902411
216.931 6.228766867816849
217.951 8.890352662869622
218.971 10.030141465789095
220.011 6.530876400267983
221.042 5.187089295210302
222.075 4.051601630545531
223.295 3.9928666994920845
224.382 2.9946980875588705
225.513 14.397279206971596
226.533 16.02290934845532
227.754 15.915372010808404
228.766 19.749601368853174
229.785 18.523231134948844
230.793 18.602858843833047
231.794 24.618774929631194
233.017 20.13188699812627
234.026 27.760624184615764
235.03 23.31801992691877
236.11 23.698645798542763
237.117 24.17603668872588
238.129 27.20268675312217
239.13 24.623529293346774
240.137 25.52548872743766
241.141 14.423114322849749
242.142 16.49866116369194
243.149 16.586866954982344
244.462 8.323149308841856
245.501 6.937463320240485
246.734 3.450650149784037
247.754 8.662394902277228
248.785 4.736038052145765
249.953 2.7190595282647663
251.045 3.6230866806217246
252.046 3.9488387298309777
253.118 5.537929073785875
254.137 9.127258716310102
255.245 8.133177079169991
256.278 11.479537953226503
257.297 10.705680668653716
258.309 11.140495011455807
259.518 7.319339127911438
260.542 8.81545638450915
261.549 8.397153086976832
262.97 5.137211366155673
263.974 9.495212696917317
265.014 8.080041270985049
266.167 3.226600739599188
267.195 4.976042945100792
268.287 7.665392828496677
269.299 8.886396874103415
270.314 11.054986050064034
271.315 13.636194561206292
272.479 15.251314902381319
273.487 19.29850741803592
274.49 23.70848829355349
275.491 23.511347762491425
276.498 18.35237894070039
277.503 14.980567460615507
278.51 11.754326451795036
279.511 16.475398740853098
280.535 19.993375407329705
281.542 17.424725606706
282.558 20.88738951545159
283.562 23.760547490586507
284.563 19.680349335346584
285.567 23.098449058596636
286.574 21.731325828191817
287.586 24.327666120200774
288.594 19.088744698699905
289.699 20.265321861983274
290.703 9.726803250514141
291.706 14.321414111400529
292.711 17.211636641892607
293.718 17.31737707678897
294.859 15.435702507137032
295.99 17.499542569645715
297.122 17.09489777338757
298.29 18.112268888677054
299.303 23.167950179567338
300.31 18.441160900983363
301.311 18.310243568608076
302.315 20.62882698564231
303.326 20.221208602487188
304.334 23.639617714946493
305.335 23.980671388622543
306.347 26.000478686276146
307.359 23.569022108128454
308.366 23.81365100662502
309.558 18.360876346471812
310.559 23.159524841589622
311.574 19.040156684855546
312.578 21.5736419560115
313.591 17.967451355032132
314.598 19.37337148388021
315.603 20.683222230455048
316.722 24.358051367019048
317.87 21.138278306464404
319.07 19.606716975046023
320.094 22.731627788712633
321.115 24.368755896186727
322.122 26.69636412368072
323.134 24.32833793240489
324.147 24.658856308180567
325.226 20.97338899254455
326.726 15.223512493873738
327.806 9.874225911714674
328.818 19.783695841834454
329.947 12.462650875878634
330.974 11.067481871173175
332.158 9.702990936472345
333.171 10.417576092716608
334.199 9.499718349712767
335.21 6.113654510165118
336.37 12.171503303027126
337.591 16.347323094502844
338.602 14.063295133018421
339.61 13.7515829840208
340.622 9.352298687160348
341.63 20.189661736128606
342.634 22.481043540299627
343.642 21.746188795772003
344.795 18.207710332227894
345.802 5.758168393206169
346.803 13.847424152704603
347.834 13.047844182489666
349.055 13.516741935702871
350.247 15.31769862108831
351.254 17.431814660577864
352.318 12.691727234857932
353.487 16.04726604417096
354.498 14.806593703295572
355.499 14.741244546318306
356.511 16.708643103838703
357.514 14.40834715570198
358.538 19.255572665301024
359.763 13.395876995781633
360.771 19.60994772560937
361.79 14.882836005509668
362.823 12.613703403183434
363.915 3.7572067390894
364.922 7.914759850345576
365.935 16.665974071260965
366.954 10.849128082689838
367.966 15.451514383304282
368.987 16.322803087565443
369.994 16.26077047730144
371.006 17.396075014732503
372.019 12.617602792362698
373.027 14.513084608740778
374.299 11.041538964646831
375.318 15.7658715984196
376.331 12.213906617912253
377.51 12.420819774479007
378.53 13.39915606613907
379.542 13.414747517077496
380.543 13.405268319698317
381.551 14.112444559593355
382.562 14.738169191097237
383.583 12.276686994482716
384.591 13.775374080532847
385.595 13.082665490049694
386.614 15.302336291902288
387.635 13.645424559494543
388.646 10.960194650957018
389.654 9.205447055253488
390.658 11.347937125585664
391.719 13.652908451267454
392.887 13.47102272359664
393.891 18.10621672325503
394.938 12.183024304955303
396.138 9.514553668261177
397.23 14.680017962550435
398.239 14.159152174763525
399.25 15.233952695861149
400.271 13.363420006437963
401.283 14.868797805280535
402.331 10.576809255000096
403.682 7.2285051543460925
404.755 6.284395235009533
405.822 2.9452180898745817
407.107 7.237880647396155
408.127 9.520569220278729
409.134 6.654764919795297
410.194 3.9484004569457145
411.206 4.292376581197783
412.238 12.288343788924232
413.258 12.35204456228985
414.279 14.154997131429425
415.479 13.895208621826713
416.498 15.390406332130425
417.528 15.59370279916761
418.582 12.637392448501299
419.583 17.421347337502105
420.59 3.3873862372265826
421.67 13.704340285070185
422.682 21.275622952692366
423.683 18.582770493328496
424.695 17.411190790939784
425.762 17.988784857735066
426.775 15.276192104124839
427.807 12.391889892317812
428.848 8.977308692522005
429.874 10.877984364812495
430.914 5.377215167827908
431.946 7.6604410243508045
432.959 13.170965212692597
433.971 29.899677133256613
434.978 23.741747746046073
436.099 21.761887275835974
437.111 26.128123018442977
438.118 21.051114231303046
439.143 14.41813814840707
440.151 23.403887584915882
441.27 25.182375835599267
442.422 22.838485158747844
443.423 26.945017215427235
444.562 17.661354306537444
445.575 21.706471484662785
446.582 16.855744640758182
447.614 11.715968625471453
448.634 13.333603933919584
449.646 17.23198486644507
450.655 14.502070025510791
451.667 18.151024059321006
452.726 16.31842103877805
453.739 19.280770905257796
454.754 15.141933193030846
455.758 16.289212767410962
456.767 18.21425630906167
457.871 18.65173414590311
458.883 17.51045105462517
459.922 9.622932992598495
460.93 13.986991614904818
462.05 12.639131247539428
463.063 17.674039996489853
464.095 13.560258670863133
465.234 11.023629019383616
466.254 7.040599240041499
467.275 13.149169794060338
468.506 14.235380128108895
469.675 15.592573104259332
470.698 13.182777239752799
471.719 6.151661303763281
472.747 15.848280531494604
473.755 10.098456188382134
474.778 11.909924138907341
475.791 15.378710126815294
476.798 14.074303721756657
477.81 15.182508222329245
478.818 16.380040258653697
479.823 21.81177928370062
480.83 16.352928177529463
481.831 17.682837346278173
482.843 17.656234318427707
483.854 24.069288846820662
484.862 19.104763555884624
485.914 16.696820612709942
486.927 21.637561816061467
487.946 21.905420919144248
488.995 14.577108278202891
489.999 18.99042539385588
491.099 15.613152416802365
492.107 21.913796627805525
493.119 18.589213616015627
494.126 20.815318796886757
495.138 21.026716504573994
496.159 20.674063422519335
497.171 20.303006730791214
498.35 20.707180876396034
499.562 20.641777493835242
500.75 20.650242696757438
501.754 25.938142001271892
502.803 12.097091168333543
503.902 12.521838092828302
504.923 14.57500745451234
505.935 8.537054490846852
506.963 9.952085890180337
508.026 9.186933643949462
509.034 12.830430126227474
510.095 9.423399980494748
511.105 15.107131280959434
512.107 13.797473338477726
513.114 13.854036691032375
514.147 7.553972988084028
515.246 3.1735702793175644
516.259 22.954808782146944
517.278 17.41284807072427
518.299 20.440668863273086
519.318 17.862705833120955
520.343 17.597129585281703
521.538 16.252260505290977
522.542 18.75883484025906
523.562 10.614366545192706
524.63 12.845035610558
525.635 8.560324263208862
526.643 22.12710035768404
527.655 25.704041519713208
528.674 25.224060162905385
529.767 20.74626561204202
530.946 24.64168508118411
532.126 24.171970209436314
533.127 30.197002051698643
534.135 17.316890474591382
535.147 25.273577804088276
536.211 21.097021280364046
537.215 22.464283697638248
538.43 20.712236202027402
539.442 25.503337602328504
540.45 25.14319823610923
541.463 18.01901294719005
542.47 26.553570324383113
543.49 18.153969495099236
544.495 30.30817509397423
545.503 22.266548724885702
546.514 29.43834344421828
547.522 19.702013999523228
548.526 21.351362426240556
549.527 28.80329426466448
550.555 20.65828302014265
551.579 29.518749075901095
552.586 29.093477051257224
553.587 23.500820242774793
554.778 20.303744116696105
555.97 12.289065180601522
557.031 13.587227878862281
558.05 12.333475219322176
559.071 18.920494128658717
560.078 20.3192538135269
561.082 21.306330929760364
562.083 18.6955168347785
563.087 26.864504215701672
564.282 24.522401730332458
565.294 33.085410943618726
566.303 29.161137719254505
567.307 35.43335469838042
568.315 25.870791591235392
569.326 30.818265793249
570.334 17.7617088456704
571.343 20.509420719537477
572.347 22.036484480545287
573.359 33.31517074185896
574.366 30.278047683430202
575.386 24.84739590382723
576.39 15.508948979780612
577.391 28.80329426466448
578.41 24.415417066209198
579.411 29.9647174205971
580.422 28.44240533563538
581.431 33.87511062670813
582.45 33.31449431458499
583.515 22.269225738411212
584.523 12.300796121849011
585.542 30.804498167520038
586.548 36.749691463146576
587.562 24.299455973310046
588.574 21.137901436167805
589.595 17.08008686076561
590.607 11.487989910970462
591.635 7.011696877183616
592.679 2.2271735229702734
593.748 4.13266735280942
594.872 3.102983751749685
596.013 3.0567517414323544
597.033 2.5075353664525855
598.193 2.6057930218711833
599.233 2.459313532480709
600.254 5.465627795450095
601.437 2.3585824087682083
602.577 2.85547089576328
603.793 2.868218533690795
604.957 2.9963520077033774
606.017 3.070978133170557
607.098 2.798814727189466
608.157 3.073878018111624
609.38 2.4715616560644413
610.481 2.534244313874195
611.576 2.7604747994206207
612.6 2.9518749075901094
613.656 3.3027970994111784
614.696 4.471479149968788
615.735 4.475782787249185
616.739 4.404607577437382
617.759 4.331197451127991
618.799 4.471479149968788
619.859 4.606467199777082
620.9 4.471479149968788
621.919 4.563629358155051
622.924 4.373179721794219
623.928 3.9370394109122726
624.943 4.581614104390527
625.968 4.536915430210057
627.004 4.488743548218583
628.044 3.8007572774585983
629.064 4.559155211720385
630.128 4.589149653905271
631.207 4.467183780933828
632.243 4.264306370801281
633.307 2.6223712308121176
634.368 3.2872325513427887
635.428 4.387111618833293
636.448 4.103239690556845
637.467 4.335447890241987
638.511 3.563477636748188
639.551 4.918627064961418
640.795 4.298946192407233
641.796 4.413407992161535
642.851 3.526322893611907
643.856 3.9370394109122726
644.972 3.5419243445836264
646.031 3.5130034492522166
647.115 3.002985997395072
648.212 3.391313265961877
649.276 3.4964949743949107
650.279 3.2455003202192545
651.3 3.4193664088009115
652.455 2.5894076418175365
653.491 2.4688089515265945
654.691 3.100225543971561
655.694 3.0136788687628813
656.695 2.322846311674029
657.7 2.776321382668076
658.779 2.8014086240760636
659.799 2.7354931270237324
660.8 2.322846311674029
661.92 2.4912526692598265
662.943 2.9547604158088596
664.063 2.2836482801636935
665.16 3.1793561868445717
666.32 2.6057930218711833
667.423 3.162061411568485
668.508 2.1430130488281702
669.588 2.1529344055287245
670.649 2.410637204318045
672.628 13.073489625668204
673.708 2.798814727189466
674.773 3.2748861379891507
675.833 8.121287619536403
676.874 3.350387835710994
677.914 3.1300354049696537
678.965 3.318509740209988
680.013 3.3280092909990326
681.038 3.4026865726522315
682.057 2.738177614893031
683.078 3.1914086482085184
684.137 3.2934407336819205
685.177 3.3536093624659684
686.238 3.2872325513427887
687.277 3.3568370904368883
688.317 3.1300354049696537
689.357 14.313963080042502
690.477 2.2836482801636935
691.772 2.154596903155118
692.853 2.5811313501997875
693.932 3.016901595155569
694.952 2.7354931270237324
695.992 2.682887489977024
697.036 2.4498908752736743
698.06 4.318495992326219
699.093 3.826512651082583
700.116 3.6366282040675393
701.12 2.787415574004586
702.152 3.830220512164779
703.252 3.1735702793175644
704.273 4.32695533806997
705.376 3.162061411568485
706.397 3.4160173721616207
707.512 3.1280302573795553
708.532 3.8752819299644514
709.576 4.008912341333745
710.777 3.484849695553363
711.892 3.9621716593431877
712.897 4.395842189206748
714.016 3.324638653062353
715.037 3.8714863551051724
716.077 3.577183319962283
717.112 3.8191184237303113
718.156 3.7861949890515896
719.273 3.330591452792583
720.332 3.5130034492522166
721.357 2.948995029641849
722.572 3.444695048850208
723.696 3.5167149186595585
724.717 3.1914086482085184
725.737 2.9634508876161254
726.892 3.4223268991995948
727.976 3.860981996635631
729.136 3.4075754901506796
730.157 3.6437518636333963
731.252 2.7604747994206207
732.257 3.470401728324472
733.313 2.6422376795289426
734.332 3.194540550697913
735.378 3.1120810909789873
736.456 3.6667788205603715
737.475 2.9663590828060946
738.556 6.679132761025729
739.616 2.412911390360436
740.716 2.327284871505213
741.733 2.2863020235772833
742.754 2.5050794062532717
743.773 3.194540550697913
744.853 2.798814727189466
745.873 2.9634508876161254
746.99 2.706105555391318
748.115 2.893543841040124
749.118 2.3205281017702863
750.274 2.815948807250309
751.334 3.070978133170557
752.454 3.3216702256868507
753.514 2.412911390360436
754.517 2.7818574173277546
755.634 2.708530381163433
756.718 2.359488997959341
757.733 3.2071298730754942
758.753 2.2795776058601924
759.849 2.333655176795036
761.353 2.6281832237881235
764.133 7.386170948421192
