0.0 23.23697295593912
1.012 66.78201633171048
2.019 40.108890555164024
3.024 42.2558819265792
4.031 43.81120646725055
5.043 44.929437908633155
6.044 37.55027101681533
7.051 45.63286949386743
8.063 36.18617040980048
9.076 40.587576914024176
10.087 37.17902876546638
11.107 46.09817197277007
12.108 51.70509548447508
13.115 20.51442572565851
14.128 34.141314698176394
15.132 32.620256097098235
16.135 31.588136878851866
17.139 25.77529909351907
18.147 26.972311835660708
19.148 37.20833974105484
20.219 19.2885403414989
21.232 7.878764930382398
22.239 21.37539676289242
23.244 32.24722777562506
24.252 25.532703452883446
25.263 29.90284474736123
26.271 24.81289926127382
27.275 39.26517525470404
28.276 50.35573859021775
29.283 43.23113952035478
30.288 35.71626052712516
31.296 38.38955687568098
32.307 22.34704290032633
33.308 29.718349273801536
34.427 25.80971384129507
35.436 36.19423732012454
36.44 30.11133071685181
37.447 21.9554637096777
38.459 27.244446391520412
39.479 34.00546155691066
40.492 36.29006877019932
41.499 31.082037608451188
42.511 35.608969406323254
43.539 33.505560875284715
44.544 36.57894493954798
45.551 13.689860848138128
46.571 13.752494198429636
47.583 17.067260661360844
48.596 26.262549768014992
49.603 28.820759680383848
50.604 26.436091613651715
51.615 33.01274060113099
52.624 28.86315559648201
53.627 39.78658461847374
54.635 30.81126752314041
55.648 31.515059721529592
56.768 29.457670830247483
57.78 34.892010290913944
58.827 35.20733702873702
59.831 38.542503317481916
60.899 31.600894053208112
61.912 39.871325556756865
62.92 35.60996213276628
63.932 42.300587818430714
64.944 36.90312952520979
65.963 39.3992135236701
66.971 38.48917889832081
67.983 48.03626074281012
68.984 43.590585909925515
69.996 41.92184333417989
71.003 50.676502437824105
72.007 40.81053805213496
73.135 39.754829377273374
74.147 45.40741065238669
75.148 39.241559187054136
76.159 45.45232401598906
77.167 40.16872201163461
78.247 42.19352792806396
79.251 53.95950464451888
80.259 42.80800404687359
81.272 48.08465526581047
82.279 53.55857840586249
83.283 23.710647908422278
84.284 48.80574433574684
85.292 31.290610811422138
86.303 32.7735178432847
87.311 49.76663740323571
88.327 47.94597920328602
89.328 53.637996250146585
90.335 48.85483941120723
91.355 48.70640363127467
92.368 57.06135813205628
93.384 43.42311507143275
94.387 45.915149923268004
95.388 47.11445616572902
96.4 38.57603412834715
97.419 45.015502984121305
98.427 44.32846762759429
99.439 48.852448118164126
100.451 49.23119260219395
101.459 44.24761242965085
102.472 46.17796762497367
103.484 50.904097205110325
104.491 44.291552461997284
105.503 49.330420861696666
106.591 48.99664046744909
107.604 37.4838210323115
108.624 19.680293421897925
109.636 2.862246137765459
110.655 21.227773255533922
111.663 12.236671254137127
112.675 13.861209567592772
113.695 14.938054043110036
114.715 10.195814664344242
115.735 9.878798735117744
116.759 5.137558020443967
117.807 5.769422908328179
118.827 11.14426254010182
119.828 7.006765275923832
120.879 7.593899975707955
121.888 3.835150974310807
122.912 4.723715006195078
123.919 15.15196663894097
125.103 8.850451583589523
126.123 19.917405390820743
127.124 24.886097359401788
128.135 25.59683510369701
129.143 23.613225609033098
130.144 30.926412252290977
131.172 29.035492822748598
132.295 20.45961691018349
133.303 29.032102387186782
134.315 20.891042611035516
135.327 25.810528160259814
136.347 26.319428552112573
137.348 26.19447901799803
138.359 29.90284474736123
139.36 24.503190847980218
140.367 24.497645728326273
141.38 26.262549768014992
142.392 23.280906329560082
143.399 29.54127867228295
144.412 32.98011931589981
145.431 28.81725044675976
146.443 29.63431011006708
147.451 26.012572913735532
148.464 25.78504886294912
149.471 15.371071829486485
150.475 9.15384453789643
151.495 7.824694974961346
152.595 2.4185420831718796
153.603 10.077258679882833
154.607 18.548579721540936
155.608 21.745133614931458
156.735 19.402946719894853
157.755 25.3709806763329
158.76 26.95290679761983
159.779 25.257080549844222
160.78 19.329007657709486
161.788 18.954843707392346
162.791 21.70177342827046
163.792 19.67093893353627
164.799 27.86006769089039
165.812 29.12755519708423
166.816 24.18908349646812
167.823 28.100240688263757
168.831 20.553707013671062
169.832 12.503805063370589
170.843 16.267147542608708
171.855 21.269787095087445
172.984 2.56790167678856
173.987 40.37460537990116
174.988 27.543835912255354
175.996 22.313929933931565
177.007 19.23714704664496
178.027 20.154517359765666
179.035 14.636018558883762
180.04 7.708500663496383
181.079 3.2588632496940124
182.1 8.397368911632846
183.111 20.333934428249833
184.119 22.313929933931565
185.323 13.056913239714122
186.383 10.13396619314602
187.403 4.268015440898052
188.516 3.0449270831329263
189.597 2.6847830710429994
190.661 2.5003724544101757
191.761 3.2980119315899823
192.94 3.0770255511009954
194.08 2.9701394003865187
195.1 3.319567565140474
196.139 4.655518928140618
197.299 7.093707319964661
198.379 3.1351471448598036
199.42 3.7172596859424183
200.568 3.3707903598272106
201.619 2.9915363540627515
202.639 3.5566795340853936
203.743 2.374548558747445
204.767 4.189189360757213
205.832 4.027915404137188
206.888 4.5136046984495755
207.923 3.6841480669169133
208.967 4.1089366910162415
210.222 5.097865899324166
211.225 13.543514158006603
212.386 4.515937310709319
213.389 4.752110230878734
214.425 5.2908509129398
215.629 4.156715024631424
217.565 2.444432908721771
218.689 2.9683777518799426
219.709 4.205617554330111
220.75 5.0413492478155275
221.877 4.2292516074337385
222.909 4.387643637108492
223.949 13.749134312232204
224.953 3.560532790028128
225.974 4.6683315980046105
227.013 4.8168285752285955
228.029 4.691305670840791
229.034 4.742653295094307
230.894 4.8506193638099
231.914 3.9719721346365104
232.958 4.565485212230446
233.959 4.523524708778412
234.978 4.443619463690551
235.995 4.6866927842438
236.998 4.514504719328167
238.078 8.164609387882354
239.114 10.5817018258796
240.163 4.543724081585609
241.198 4.605185083646142
242.514 8.666668159183489
243.574 3.372429170926131
244.594 4.205617554330111
245.595 5.237765452277882
246.694 3.9033029166683577
247.798 4.533229066721768
248.974 4.053032790448125
251.663 5.583508616193346
252.798 3.149581428362
253.914 3.416750223340383
254.934 3.7383267149650092
255.938 3.560532790028128
258.237 3.182753617082289
259.287 9.581225194982036
260.347 2.3797141152709207
261.367 5.126333036055037
262.391 10.254052691810601
263.526 2.5196651426851804
264.55 2.560060164907186
265.73 2.4256318379424178
266.75 3.5046812952714093
267.89 2.717665144745481
269.367 5.3016657930327
270.411 3.4241139091838844
271.591 3.029470272192375
272.711 3.1917633224911577
273.792 3.08645383266445
274.812 3.037390455906307
276.011 2.9814636540385657
277.155 2.2915223853646673
278.335 3.034613685221658
279.556 12.30660218767615
280.675 2.768666903514377
281.679 3.3231639373507464
282.759 3.530641897462042
283.779 3.037390455906307
284.863 3.51761369857059
286.903 4.18897811790168
287.963 2.2482861139581205
289.008 4.105004694180787
290.187 3.43631177042395
291.247 3.372429170926131
292.268 3.5012486985145075
293.291 3.49440363750721
294.347 3.385203523848231
295.367 3.5046812952714093
296.427 7.644172787417832
297.467 9.166089541480769
298.471 3.3231639373507464
299.551 3.309976778874808
300.592 3.4339816725949417
301.651 3.6006546262976333
302.731 9.677835171455065
303.791 2.922771948143347
304.816 3.4875852889480528
305.851 3.453888812723557
306.895 3.4241139091838844
307.955 3.597257782328573
309.036 3.3069148207087538
310.075 3.440591839442683
311.115 3.4372835780470012
312.403 6.1059820082266585
313.439 9.661553841021465
314.443 3.560532790028128
315.499 3.385203523848231
316.663 3.07111247524125
317.72 3.8329343210445934
318.86 2.9267163097310025
320.164 5.273993147221455
321.209 2.5086139797820586
322.288 11.032733553243855
323.449 3.0668659777921365
324.689 4.420420601467062
325.749 9.183281412014573
326.81 2.470783797240576
327.834 4.189189360757213
328.973 2.9292858587399193
330.053 3.309976778874808
331.089 3.910628935663647
332.309 2.930143378006555
333.333 3.7237238762286347
334.437 2.6141172560666543
335.438 2.6188827261278917
336.457 3.508120629228219
337.601 3.1248032527880825
338.605 2.3736885266854184
339.657 3.624613354797597
340.722 3.3565961701290563
341.725 3.5640826731701
342.921 2.988942241780001
344.205 3.9770391281226485
345.245 9.8725318953683
346.286 2.976117449592596
347.329 3.655889980110752
348.445 2.7761095564806357
349.489 3.8806624303980892
351.153 6.8541678470492124
352.249 3.0442122199931796
353.513 2.6396017350551393
354.529 3.0493486860564585
355.533 3.3231639373507464
356.613 2.647981423091007
357.669 3.1595232889279625
358.734 3.3565961701290563
360.454 3.303992278720427
361.534 9.301984197958367
363.033 13.148568129266403
364.078 2.736669796127891
365.137 3.1505727980214786
366.277 2.717665144745481
367.297 3.7383267149650092
368.317 6.542071751177717
369.337 8.878525948025322
370.338 3.3331234696273615
371.382 2.9675653879475803
372.438 3.1595232889279625
373.481 3.1989037325913827
374.522 3.4339816725949417
375.581 6.976268338457189
377.405 4.16251033017669
378.461 2.7081628190653255
379.481 3.271035875599908
380.525 3.195839648565732
381.565 3.4372835780470012
382.606 3.4339816725949417
383.645 3.440591839442683
384.67 3.4875852889480528
385.689 3.2742459206071115
387.194 5.70063774805143
388.273 9.939133237756089
389.293 3.5046812952714093
390.338 2.9647256124516246
391.378 2.9789791009829076
392.394 3.0493486860564585
393.417 3.2614433950067294
394.957 4.620522981873506
396.017 3.1476005595236893
397.081 3.1357674747165234
398.101 3.5046812952714093
399.165 3.583734256825198
400.221 3.1595232889279625
401.261 3.2081313395149547
402.382 3.1889160759896478
403.546 12.693931564330502
404.75 2.969082160438389
405.855 2.803745036212707
406.934 2.871305157565633
408.115 2.6233177519157866
409.174 3.1505727980214786
410.374 2.780380494243347
411.438 3.359750865770861
412.474 2.990480950783413
413.494 2.803745036212707
414.499 2.3713266475471535
415.502 3.5640826731701
416.518 3.5184792531250677
417.538 3.271035875599908
418.558 3.5046812952714093
420.299 6.930650592948066
