0.0 0.7388172548758378
1.03 3.9090314201869636
2.089 2.9134096849522613
3.109 2.520670634278401
4.129 2.7727376977132887
5.179 3.1832469152871123
6.18 10.017210572601536
7.191 10.17243935495817
8.244 7.080858249009293
9.54 4.566404098852711
11.16 2.8567600521837537
12.169 4.586671243353001
13.172 14.142139020994986
14.213 5.141669796628192
15.233 7.562011902835201
16.244 6.262407977905154
17.254 3.8184416539008366
18.284 3.4946773453839044
19.344 17.80026587359422
20.354 20.876938966544913
21.474 15.631129117766944
22.483 15.757927787710331
23.484 18.89980569516284
24.501 17.13734473938314
25.543 10.906747120633765
26.643 7.136774364819785
28.075 2.872719605549352
29.103 8.361895511631356
30.114 17.424763991575567
31.135 17.388109859350415
32.143 21.77474062331454
33.183 14.766673670552631
34.203 14.012754463913055
35.223 17.505209961135762
36.224 19.171302292992586
37.234 19.458607471138198
38.243 17.74168545265223
39.246 19.786102707014656
40.534 22.28759143948149
41.544 25.232790927345
42.553 21.404465802290513
43.564 17.556566979569716
44.575 33.797892576921726
45.654 28.355944756764572
46.884 30.521003415892945
47.893 22.168911009516012
48.923 21.059481853763597
49.943 17.140560313102522
50.954 20.493412683689158
51.963 18.091869904313345
53.123 12.68821422452034
54.133 16.54658050026828
55.143 14.764641061789055
56.173 6.619121799510543
57.183 12.982701623286337
58.194 20.893097344020024
59.203 27.492087211245526
60.204 29.857303240138037
61.214 20.207595173724666
62.234 28.162782292025565
63.235 27.30305723927633
64.243 21.04794637968271
65.244 25.591089065646806
66.245 30.522338474777428
67.383 29.80162784982416
68.393 38.42037092589311
69.523 35.695862184499624
70.533 40.98460708525713
71.543 26.52721728594045
72.555 33.34719126868928
73.563 34.860952524305645
74.583 36.41576750476948
75.593 38.69354209289313
76.605 29.220108967252635
77.615 32.53081545085905
78.723 34.165571928538604
79.724 37.500326758987924
80.733 28.92914734135842
81.748 34.204459931374096
82.753 43.490973928837725
83.763 32.157717228799584
84.772 32.307309689800285
85.773 34.32742149826536
86.793 38.0282228206568
87.863 37.0493534362185
88.864 50.34290441607902
89.865 37.50089002984439
90.874 48.74250910844945
91.876 49.25390154583757
92.894 46.70980660508471
93.902 58.15547249091712
94.913 40.36183009850498
95.914 40.0312908937102
96.923 53.00153436749372
97.924 42.80540032180377
98.934 56.767499254745246
99.935 47.674877683416554
100.944 47.22330464707059
102.175 46.57609605797075
103.193 33.230587069132696
104.243 34.048069148263735
105.253 37.42072820829868
106.322 31.004904482839848
107.332 36.657039877588986
108.333 31.84959258977387
109.343 18.997677647691845
110.344 35.702365887018665
111.352 26.386844884567402
112.353 34.9318112275697
113.372 23.567422004731075
114.382 29.783844900497
115.383 24.91460065496817
116.392 21.055026423933604
117.394 27.052589423596313
118.413 22.108314212527183
119.414 16.6953509543124
120.424 17.334645822128508
121.572 27.98182850030373
122.602 23.963501796938335
123.613 15.339339563858058
124.814 27.255743104966523
125.922 33.43601387071754
126.923 48.28809199103842
127.932 34.19141380079214
129.222 32.79256914450748
130.223 48.28809199103842
131.233 32.493412586891345
132.242 34.864401260249416
133.246 41.08119743141948
134.252 41.380163377594414
135.253 47.7743888846608
136.262 38.96286322269545
137.263 42.200822835703896
138.272 48.92449326233803
139.274 53.11520935336102
140.275 9.103209577938529
141.282 40.85138505609357
142.283 31.40066564269675
143.292 36.693369946870995
144.294 26.32333024489847
145.302 39.535518579395855
146.312 20.19791881083831
147.314 32.84418742621701
148.342 24.467004627292628
149.359 27.83653987847337
150.362 28.966350678726158
151.372 18.76097892530347
152.392 22.433968645094208
153.413 25.433838270663102
154.415 25.95794466204512
155.531 29.335546772353833
156.532 35.44551433371239
157.542 28.793692461960006
158.543 29.50826300813117
159.552 29.22111869120746
160.554 36.94971085455287
161.57 28.915742255351947
162.608 29.06129528794495
163.612 37.388273989719664
164.622 27.495067504556324
165.643 28.939256183440257
166.653 34.909664463321334
167.654 28.321451116683576
168.672 36.116406553724325
169.682 29.199422681407757
170.691 32.871143910626024
171.692 30.051631717804607
172.822 17.150706002619934
173.832 25.456277692828863
174.842 26.47452880036347
175.852 23.165212700370898
176.861 10.980145242568577
177.881 14.367822615389233
178.921 11.124882895512428
180.001 11.312707158393074
181.002 31.089740078477224
183.245 10.274759556676928
184.252 26.2980791299498
185.257 24.036355689144685
186.262 34.8724452716401
187.354 40.35356010917158
188.442 16.970822719541438
189.452 37.883891038655314
190.453 40.83564181018551
191.461 37.48192396673268
192.472 36.116993106000564
193.511 28.705076944024654
194.621 4.864213061834645
195.631 8.02021614442221
196.641 16.801143277210667
197.651 15.273766615626839
199.402 2.64303328642875
200.451 11.274534429025067
201.481 6.490115070018816
202.491 9.840488866577585
203.541 24.175063449152468
204.673 27.429970344801742
205.733 22.800179284401537
206.741 31.913874583149592
207.922 25.903750388581596
208.923 42.18786760389078
209.932 37.43583549172814
210.943 40.82843870185655
211.951 44.56285392859488
213.161 30.664038670265946
214.813 19.921232325157746
215.881 17.085901477595055
217.102 31.416349814518842
218.103 42.13435686359906
219.111 34.11532651596654
220.121 31.053309274808257
221.122 45.7195764596202
222.131 32.674444559161444
223.141 41.23916986231698
224.142 44.06412313783012
225.143 43.0064880509226
226.152 50.7081987458877
227.172 41.748447351199644
228.182 45.7777562140681
229.183 54.7093808194665
230.191 53.81931884031463
231.201 40.547309917434184
232.221 52.48140154750776
233.222 34.562868755267
234.231 53.00153436749372
235.232 38.16085582607079
236.281 41.384571813651064
237.283 57.534747904190986
238.291 44.502256666090425
239.304 43.16253931138979
240.311 59.32465461692824
241.321 42.975890912677734
242.322 45.72201730031146
243.381 48.18182597078368
244.383 62.368955622329175
245.385 49.22070172651094
246.391 47.11920361255431
247.393 46.91847244279949
248.401 43.34792542882422
249.402 46.74379080332737
250.662 38.83132245320602
251.671 41.83112933551426
252.672 33.232235014661896
253.68 41.61734852577933
254.681 36.09421471116493
255.682 43.16364064595416
256.721 47.60826587911446
257.891 46.7029828662681
258.901 43.57337681168906
259.902 49.57234975663007
260.911 34.54681376541824
261.912 51.88401373497694
262.913 53.93882616001755
263.914 39.10208158345581
264.921 44.68120240499222
265.931 40.78289213637916
266.94 39.49633570653337
267.95 23.3628338035325
268.952 31.33588948339625
269.955 30.508509415038187
270.961 31.691294415871702
271.981 21.67776745481304
272.991 21.19328159869951
274.0 29.332804107210336
275.05 13.693653776454491
276.06 4.327567207762113
277.07 12.728138846367445
278.08 15.273766615626839
279.101 10.967312633257356
280.14 2.474575598616334
281.16 15.880224995951576
282.23 6.4877821745903645
283.251 3.021842170775343
284.26 23.9763790093658
285.261 24.164135992610582
286.3 13.610165792413332
287.31 16.145011441341918
288.32 20.874147708030396
289.34 22.20366988546056
290.36 16.233450551947758
291.38 20.92156626453187
292.4 13.124439176785815
293.42 18.40089563025347
294.43 13.941219798690096
295.432 21.8105932127817
296.46 15.697042325431703
297.47 16.39287519783536
298.49 16.396520253078602
299.509 18.155941455564
300.52 18.95825178833403
301.53 22.472422335991094
302.54 21.135781673220524
303.56 22.392510246488882
304.57 24.51394881681402
305.58 25.36937651072755
306.59 24.318932888267533
307.95 14.31365030789675
309.1 20.79224490154304
310.12 7.88446611408991
311.13 20.874147708030396
312.159 13.719600744188241
313.18 15.864671396552932
314.31 13.43272660074182
315.339 16.2410556902629
316.57 9.41281001417968
317.58 15.782892169488115
318.59 15.584340646852992
319.61 13.638363313954207
320.78 14.121878638535014
321.8 16.888493249667633
322.939 10.950462509989125
323.949 12.982701623286337
324.97 10.07280723591781
325.98 10.393344137221156
326.99 12.219013292506169
327.999 12.457253062553471
329.011 17.728277630381776
330.14 17.451060339278225
331.141 21.832382017195826
332.16 17.13137518251149
333.179 23.212927607528016
334.181 21.668227885555964
335.28 21.349872048992502
336.29 31.05665878509146
337.291 19.538742709286495
338.52 20.207347465611086
339.529 24.462246631169016
340.639 21.16996674567392
341.64 26.198858420559816
342.67 20.820445339445943
343.671 22.131103377606635
344.679 20.95938114988658
345.709 17.990092456909853
346.719 10.59959905387267
347.748 28.55116220647458
348.752 28.318817095816367
349.76 33.97474086708777
350.83 28.980376353331476
351.899 30.05674172878841
352.9 43.92161558741601
353.91 33.65457613067008
354.911 42.12365471544675
355.919 33.201333344620814
357.009 30.771726774163046
358.019 42.25742096985158
359.039 36.35791000624652
360.04 38.29040814467179
361.041 39.79922326231722
362.119 38.87143554070574
363.139 28.735645230872436
364.141 23.863354926879154
365.179 20.490865426031228
366.209 13.479469760786623
367.229 10.082682537113604
368.239 9.418822746304391
369.24 19.953873399360756
370.389 42.56498543018167
371.399 48.11236483917403
372.409 30.212954376699283
373.439 28.538952634141822
374.44 35.95921744009001
375.449 24.368739931949307
376.45 29.28107705835565
377.459 25.333757689183678
378.619 29.384512056650657
379.849 30.74699550590846
381.079 31.88994400788435
382.239 33.10322557303359
383.5 24.670988872649477
384.51 21.1465745394798
385.519 27.242860191940157
386.649 29.461585459101837
387.741 30.17769488552969
388.839 35.87433743264064
389.889 33.07379941368619
390.899 34.87510043910976
391.909 25.059546815169483
392.949 29.33727037644781
393.959 33.85684933134022
394.96 26.073624512719803
395.969 23.59442250344895
396.999 28.82634386323314
398.009 34.62053766204991
399.019 25.807045846490258
400.028 26.56558856102482
401.038 33.34772377745546
402.049 28.933451410996007
403.051 28.204103002243688
404.258 27.48804717930028
405.268 38.69354209289313
406.269 31.9179361317135
407.278 38.98670556847702
408.288 29.510304516524567
409.289 36.071871629942905
410.298 37.00611446495465
411.469 40.106701377544596
412.47 52.14086528804828
413.478 39.69441440559062
414.559 39.65842654115816
415.569 46.29265036878734
416.579 46.80345067781371
417.588 42.48333457179425
418.601 43.79093876794702
419.609 47.199673885953665
420.61 46.763693043623206
421.619 48.1520385172744
422.629 47.37137874433232
423.879 49.62373143188688
424.881 59.78668492446552
425.888 43.03281318360737
426.889 48.605213535853736
427.891 42.53215732161922
428.899 39.16932466078029
429.979 40.1594404240156
430.999 44.61587022668305
432.008 27.635513821776552
433.128 36.19295493512779
434.139 46.03028808117339
435.141 35.07026345180041
436.239 45.03758495646702
437.24 57.791599457262336
438.249 43.36550136077886
439.259 54.98555981626601
440.26 48.031240437732144
441.278 30.769581776582655
442.288 43.275672077621124
443.308 32.451239042174585
444.318 36.438554877725345
445.328 20.498072143580497
446.329 25.42830376111085
447.338 28.513955244122666
448.358 14.82718167178029
449.368 42.04448639728505
450.378 25.566997613912644
451.387 25.99113704557303
452.388 16.088332627333312
453.398 20.365022154192612
454.408 20.14808594782496
455.409 17.465905613761358
456.718 10.802874146910787
457.727 11.10308233729267
458.728 11.558319891452468
459.746 11.882099332081738
460.757 5.849152629110932
461.909 4.686871960613971
462.918 10.056999422134568
463.919 17.722757166903182
464.977 8.571026250982733
465.988 10.681061322704904
466.998 19.34677104647006
468.007 12.987000179846882
469.019 4.064955014960567
470.028 24.92177058987581
471.029 27.818450158458276
472.038 24.46653080262709
473.047 20.74824249209565
474.058 24.003015800946258
475.067 28.09932195194141
476.098 15.236831397829281
477.099 26.940122990773883
478.197 19.278542994271007
479.248 10.274550901295518
480.267 8.326376207062394
481.277 11.709887738644893
482.278 19.357369463433038
483.287 17.59695496385647
484.288 17.32189600757338
485.317 20.229173672673042
486.319 20.721611704034025
487.338 18.71866903414844
488.507 22.595813154197398
489.628 18.807216043806182
490.657 14.492018923615952
491.667 13.149991050516547
492.707 15.822055673634905
493.717 13.237264400228721
494.727 12.442872225718355
495.757 14.631589265735368
496.767 16.54658050026828
497.787 13.756265171297983
498.798 15.075547688062239
499.887 12.040889476150282
500.897 11.25602910346978
501.917 15.880224995951576
502.927 13.338121874691195
503.937 14.390054168534375
505.097 16.174265113957563
506.317 18.960697285520688
507.347 3.7442971557818936
508.377 14.477949002331595
509.386 12.385167220647606
510.387 12.95035016558496
511.447 13.8178391501267
512.456 17.58223976616301
513.677 11.07827264728624
514.686 13.483777803552524
515.687 15.924796294886935
516.817 9.672501213008172
517.847 14.228329191933605
518.857 11.724774450761489
519.867 16.037454946407003
520.877 13.574076261505459
521.887 13.871624419632528
522.947 12.4144593206093
524.027 16.362155847137036
525.236 17.579440040761437
526.357 18.843933169704865
527.367 18.14578554772599
528.376 17.50084050798981
529.377 17.979608720045004
530.412 16.024513575189584
531.416 16.548496942055902
532.547 15.424762760244903
533.557 20.619584931111504
534.576 16.700681002517108
535.947 15.74143441360681
536.956 25.99113704557303
537.977 8.22244432772241
539.026 7.3529572363258024
