0.0 28.926098028003846
1.008 38.108021701676876
2.019 40.77519814808087
3.027 40.40798852370879
4.04 49.101443711427954
5.047 42.64883859287869
6.059 50.60986281332176
7.06 39.95259049764741
8.08 37.03570103605044
9.088 47.879309317612616
10.108 46.450624044644435
11.12 45.01357990623197
12.127 38.98096697551557
13.152 41.70033595231686
14.159 49.63852922313251
15.16 38.96862866762668
16.168 52.03210655431218
17.188 38.9669672942928
18.192 36.89014513249034
19.2 52.27638874477245
20.207 35.06857058361658
21.208 41.32639685367072
22.227 37.79698174730491
23.231 47.824808111719086
24.24 40.611981050267104
25.247 39.22549175005145
26.26 50.55990243544958
27.284 45.54778045105359
28.379 42.59445404735228
29.38 48.46012011985853
30.4 42.588091528384716
31.408 50.322131221540296
32.42 44.87128946876593
33.428 47.49217204503157
34.44 52.55639599863125
35.447 34.57952103454483
36.46 43.67202548855872
37.468 43.42098077405115
38.48 32.94930729889801
39.488 41.0394079865251
40.492 36.644889706194476
41.5 40.06227922490903
42.519 39.00520769405639
43.539 43.93630737388863
44.548 41.83218148605574
45.647 42.2153691847363
46.648 30.50281672524268
47.668 34.27997608290185
48.696 18.06417521313775
49.7 19.129923244710135
50.708 31.756684751509894
51.716 26.97246805176903
52.72 38.995612767992874
53.727 38.24739265190795
54.739 45.01357990623197
55.74 36.01674317823948
56.748 42.99366550975724
57.759 25.918201784949083
58.768 35.38581263449528
59.779 29.32800422883589
60.8 23.876012090156397
61.808 23.939654658806308
62.827 18.948656980231902
63.828 26.074988491049385
64.839 24.842846377500283
65.84 19.781372985709915
66.86 16.898579759148127
67.867 15.40506079335259
68.868 22.385131629011646
69.88 20.05299135822992
70.887 31.543695910177806
71.899 34.408673598627416
72.9 42.064368225848774
73.907 34.8240458090807
74.908 46.73818691765975
75.919 36.87828106916024
76.92 39.85045410886463
77.948 23.812886059380176
78.952 26.978096883545383
80.119 36.16852709455747
81.12 36.89856861925244
82.239 32.65883182939832
83.24 39.11248273646158
84.248 35.76662690608869
85.256 41.28369017698537
86.459 25.875337458887895
87.46 30.994797640253044
88.471 27.03486223447751
89.48 18.16029303387131
90.488 19.054010850883436
91.7 12.799419322536567
92.708 8.305594473466627
94.06 5.645954057326722
95.068 11.725545139010386
96.099 9.41363723957684
97.107 28.581016276426404
98.119 32.60443085100897
99.12 28.391038996816317
100.127 34.96704275323005
101.14 29.513177416897346
102.148 34.68807103613312
103.16 30.27229058006975
104.167 33.010844557168056
105.18 30.384556752025468
106.188 23.308235195989997
107.199 26.7913049169606
108.2 27.058950320845117
109.208 23.063953005529733
110.219 28.739763456420913
111.22 27.407077167020585
112.228 32.4895313226657
113.239 30.931779313398142
114.248 25.969575822153548
115.26 27.981414536348932
116.299 25.93071352101119
117.3 24.845036203635974
118.308 27.848169705045606
119.312 28.551460641130856
120.32 32.4895313226657
121.328 32.651671840934654
122.347 26.037622431823014
123.348 41.818377768456095
124.36 35.86857348738454
125.367 40.34658779211929
126.368 33.80282906103034
127.528 36.38678544762428
128.548 31.865893260098897
129.567 29.23906790801069
130.568 25.439333324835165
131.572 30.16641742426666
132.58 27.359605324350063
133.6 23.034020664243354
134.62 26.79631933232521
135.627 24.798530054684853
136.628 25.828998033431706
137.648 28.727585590567568
138.659 30.058676181161633
139.667 31.26812037058936
140.779 27.10709098144261
141.78 31.24078809764573
142.787 32.521795008096305
143.792 25.337903145064974
144.8 39.573714844213484
145.808 28.92672557500117
146.82 38.93066370258982
147.828 31.12526528869359
148.839 38.482056153497496
149.84 33.31084814601997
150.848 38.108021701676876
151.859 34.929822529699926
152.868 41.2427747257857
153.88 31.975507117215553
154.887 39.61301346851167
155.888 30.604953114025463
156.9 41.36383018400168
157.92 35.10443477780809
158.928 41.0394079865251
159.948 31.724718826108962
160.959 36.04648297922835
162.107 25.828059473420893
163.108 29.026873980436584
164.119 28.496206138904004
165.12 18.305430240926317
166.128 30.04670941873802
167.148 26.554911050157415
168.16 19.079724765665176
169.168 29.069580657121946
170.18 31.631164258354225
171.188 27.461032432689564
172.208 32.590118107052284
173.22 25.162640969307336
174.24 33.79715951834125
175.319 31.359251056634772
176.331 21.655181684588086
177.348 37.52866217057066
178.36 29.055707339476314
179.38 36.69405890570479
180.388 30.880804529334263
181.4 38.687347054426134
182.407 26.2656787016751
183.42 33.058397746290105
184.428 33.22237789382151
185.44 26.13590756173708
186.448 30.290991609198286
187.459 30.058676181161633
188.467 43.48222989045278
189.479 27.352490802555515
190.48 21.401169799170912
191.488 15.63406018533968
192.508 19.312662581883576
193.531 12.857057932424008
194.548 28.328086928805597
