0.0 23.537579707396453
1.009 16.161819316713082
2.016 21.320909851382837
3.029 34.36941060139115
4.036 28.378642244711312
5.037 37.199048205593485
6.048 39.07663696081536
7.049 31.071749390823037
8.057 30.065814282626313
9.076 27.1592917684176
10.209 29.68080277125158
11.216 34.03677088603559
12.221 29.332604148158005
13.228 31.887080093229873
14.229 24.584021233939392
15.309 16.703230156959673
16.476 5.410300770657634
17.485 26.355747272350786
18.489 24.076608250161676
19.516 19.745986366485262
20.528 26.203604937941982
21.636 24.81491283955327
22.641 30.335060380709205
23.649 26.202930666727205
24.656 34.21591178546354
25.669 29.81327414776647
26.808 9.502803460701966
27.816 16.285649403089252
28.817 17.73586373494256
29.836 19.65047331915561
30.849 20.657262330433866
31.856 19.24245637536943
32.868 23.529767699453846
33.876 22.086777520962105
34.889 30.095494257237345
35.896 22.64613346384112
36.909 29.20509501890631
37.916 28.736924043567214
38.929 36.150209078218055
39.948 22.733509489303255
40.956 28.455145660413404
41.977 20.56876350752192
42.988 27.121684100720458
43.996 23.51848296287419
45.008 24.955814226658507
46.016 21.117655269892815
47.028 17.72094751134736
48.036 17.89631802530216
49.049 19.232623548939372
50.057 17.076200936909515
51.068 19.984398810927047
52.088 17.05177434043476
53.089 23.247692562262536
54.108 16.640941369351257
55.116 12.706385798012336
56.129 9.334091665031774
57.136 17.018385443017795
58.141 25.309133216989714
59.276 3.244756400359305
60.376 7.2289389531967965
61.381 11.487833516950673
62.396 22.92703473373114
63.516 9.408753723970996
64.536 1.9454350418208752
65.556 6.190020587604383
66.569 15.671026595483365
67.576 27.22941670876254
68.588 17.54308260738525
69.6 19.786395565438585
70.616 10.298133238540474
71.652 4.701411113691258
72.656 12.112906516037999
73.668 16.399535063249218
74.677 16.26950901716237
75.688 12.92119937742891
76.696 14.67498078081041
77.708 12.12139548153633
78.724 13.138997580207379
79.736 8.556279163442257
80.768 6.889826882391076
81.776 2.5054845235521928
82.841 2.032618430369165
83.856 12.974213453977123
84.869 14.61697690420218
86.196 13.7865744203144
87.209 21.19150187343249
88.216 16.480962744799882
89.288 14.878405542655393
90.301 17.80798476760972
91.316 22.21611892802383
92.329 19.30656313480091
93.336 22.57175332446004
94.348 24.064535147217406
95.356 18.14958755533299
96.368 22.816744435769095
97.369 13.155670984807397
98.376 9.927129606517179
99.396 15.386622603454914
100.409 16.56142583394627
101.416 10.56931306460064
102.428 6.491222021293628
103.449 10.247701636000292
104.469 10.611463864450528
105.476 11.285876662197053
106.488 11.632606716487613
107.608 3.7714135459785636
108.616 13.78016487953706
109.628 17.647325774549177
110.748 6.120540764672789
111.749 12.434812300712878
112.756 10.10627050591216
113.768 11.230116402012813
114.777 11.978649496148169
115.788 13.91770631480869
116.796 12.422765787206629
117.808 13.190930376964552
118.829 11.307808701786035
119.836 15.226976449002043
120.848 13.799710473386476
121.849 17.661037760414626
122.868 19.473442027971252
123.869 18.997366432091486
124.876 25.975430412931733
125.889 24.292798869784377
126.908 30.980475953635583
127.917 29.216320286327292
128.921 30.544950765157548
129.929 23.160556602437374
130.936 27.766839407046387
131.94 22.893477374293024
132.949 26.281514566228484
133.956 20.854724469891302
134.976 26.174944199050493
135.988 25.134070042579694
136.989 20.258869129240413
137.996 30.991375596254965
139.0 28.28376280359361
140.008 32.64560515590851
141.016 31.855446085140045
142.028 29.307966457194592
143.029 30.27606473223355
144.036 25.512387854358632
145.048 24.955814226658507
146.056 21.191961619622816
147.061 28.360588994932826
148.069 23.876409323475837
149.076 27.587698507618438
150.08 29.002467527390465
151.081 36.403363547004
152.088 28.378642244711312
153.089 32.97928479750558
154.096 28.916064942830324
155.101 33.820039115711715
156.136 32.418791052621145
157.14 24.869915364981626
158.141 40.368086309589785
159.148 32.319872982428656
160.156 33.719384237383785
161.161 40.925406904149135
162.169 37.47761102271207
163.176 34.111151025581506
164.236 37.17074139820401
165.249 38.28716725037738
166.256 30.52833303751703
167.269 30.629733800235968
168.276 26.587233250761493
169.288 28.9060054231276
170.289 22.241230510615722
171.296 31.707939193801923
172.309 28.922874909435432
173.316 26.33371221178763
174.328 17.721338423306438
175.329 26.131127298508744
176.336 18.52589277765763
177.349 21.19150187343249
178.356 20.780344330345386
179.368 18.07785005514881
180.376 15.569796682067276
181.381 18.30873466765868
182.388 11.897679499911431
183.389 6.487728156883642
184.396 5.73250878080426
185.409 15.136787052451776
186.508 20.42208064317557
187.528 28.120379240838403
188.536 26.202930666727205
189.541 26.565615007878375
190.581 25.22323002543997
191.588 30.633093797399066
192.608 22.711221734801786
193.609 32.97928479750558
194.621 33.942617670650954
195.636 36.256706090578405
196.649 32.12831216759199
197.676 24.664250046667497
198.689 36.86252846888288
199.697 29.42426791131786
200.701 28.92786513653221
201.709 29.60310027054647
202.716 34.39505268472666
203.721 27.537630161103557
204.928 23.078469923484707
205.936 16.49734541160766
206.949 15.136787052451776
208.08 19.525266892543044
209.089 22.705798298716648
210.096 20.063780732798424
211.108 17.54308260738525
212.116 25.591734776259564
213.128 21.28645474140051
214.129 23.968551246324086
215.136 24.00488051955396
216.141 20.537231611772523
217.149 23.44417661330902
218.168 24.326791109797608
219.177 18.951296217779767
220.189 23.35151188353266
221.197 13.854471229234099
222.209 19.6081397495174
223.216 20.601203430917433
224.228 18.07785005514881
225.248 17.862630838579083
226.388 16.522779748078527
227.389 18.201681773502
228.397 16.82253894382689
229.409 17.825581590470364
230.417 17.79166119489618
231.421 27.670131869640457
232.429 20.29714571844837
233.437 26.486550677598846
234.449 21.108198925479325
235.456 20.780344330345386
236.457 20.72468716779985
237.461 21.456067926534477
238.468 23.109176022579053
239.476 21.54988798022447
240.489 24.57501897925526
241.496 20.959485229773335
243.244 3.4484737004838615
244.249 23.87315402737912
245.3 25.13087926930284
246.308 19.86491300811672
247.309 18.38189644447618
248.329 11.142037057671406
249.348 6.446630702205321
250.356 6.800600849634601
251.368 7.6650000839187395
252.369 5.226225459718233
253.373 21.381465535676217
254.376 18.41991938337601
256.817 4.508024591331581
258.088 27.451702391574813
259.337 16.89848008512075
260.368 31.917460586478587
261.369 42.530662361774446
262.376 34.64857372370052
263.377 37.379262876567665
264.389 36.89895389238904
265.396 24.079260659099877
266.409 25.643498065417333
267.428 9.55968972283424
268.468 5.796088488901467
269.476 3.5792636050769158
274.616 1.9302954695111134
285.044 3.5015983612398562
286.045 26.572705936880602
287.072 25.566137162637
288.077 13.536833062359072
289.092 18.128353045206786
290.093 24.764235904913573
291.097 33.41976966083947
292.112 28.68815507149096
293.124 34.75988410149962
294.125 30.89153471968402
295.133 33.719384237383785
296.137 41.145845442562255
297.144 37.335687214790084
298.145 35.93754550844456
299.152 36.365602578269254
300.224 28.340710445283545
301.233 33.86475143405971
302.245 36.542442260546665
303.252 33.75286922672561
304.265 35.51182927341477
305.272 37.26130707524417
306.285 30.169433843098883
307.404 34.566046773424986
308.405 41.26915966462552
309.424 33.355386959045816
310.432 35.86694240049916
311.444 35.294651549098354
312.445 31.071617654919304
313.452 37.38021053768226
314.456 34.81252274777434
315.457 33.774969456095064
316.624 33.76262714839914
317.625 43.25152104600083
318.657 36.081634935870504
319.664 34.64857372370052
320.673 39.15409312920516
321.676 34.606898159572665
322.677 35.03647215324399
323.684 38.15701157221908
324.692 31.392862894132413
325.705 38.36110683623891
326.712 41.91897045954667
327.717 33.820039115711715
328.725 34.614200138723064
329.732 39.76927966674095
330.745 30.34751369076509
331.753 30.140120632356318
332.757 39.16940745187365
333.764 38.231391711765
334.765 31.611998196199217
335.772 35.2907571818664
336.773 31.612788611456768
337.892 30.05214436087899
338.912 30.242672013623014
339.913 26.386167944175693
340.924 32.11778380332859
341.932 26.73982020746484
342.952 26.70551739220544
343.964 18.07785005514881
344.984 22.460931846471382
345.985 24.50919525941146
347.004 14.944262086884901
348.012 8.948159012684048
349.024 7.843255899823443
350.044 14.856049410234034
351.064 21.67132174219713
352.065 24.328980588272444
353.085 10.25774840230877
354.164 9.431894716825882
355.165 28.473918021832414
356.172 26.228951451905594
357.185 34.36941060139115
358.204 27.33632305943712
359.212 32.034409265440864
360.216 25.947972450841743
361.224 34.18196742839141
362.233 23.852745885059534
363.244 27.30011623286227
364.245 21.340157155415156
365.252 26.33371221178763
366.265 25.00511826044921
367.272 35.82817987998541
368.284 31.625292063840355
369.285 32.87389610105934
370.308 19.39729953720485
371.504 25.100712229159768
372.505 27.032200653709314
373.644 23.664388735041776
374.652 27.56032975907412
375.684 25.418758940291752
376.692 27.381366578773296
377.772 24.478734116923615
378.773 29.55520604800716
379.784 26.83890569232002
380.884 10.167711739221437
381.885 26.671771311596117
382.892 18.88417457651353
383.904 22.995000251690282
384.912 24.338992514483465
385.916 22.19688109785486
386.924 28.455145660413404
387.932 27.276709748202478
388.936 32.595991146869245
389.937 36.76379288911719
390.957 31.907823750751216
392.032 33.63139169492732
393.044 41.177093474003016
394.052 30.498046992793128
395.072 35.26812064117208
396.084 37.25546552406657
397.092 32.466641975607686
398.104 32.11778380332859
399.112 24.413298864213473
400.124 28.01384476192403
401.132 23.339519782738197
402.133 31.717782100356654
403.144 25.768312898809796
404.152 22.19143435153292
405.172 16.167485685105095
406.192 11.318894788750526
407.345 31.35635554177685
408.352 34.39505268472666
409.464 17.425497814748482
410.472 26.665513857734833
411.484 26.812385034462807
412.492 29.349961561587854
413.493 29.269602680586736
414.504 27.83541262961738
415.512 25.84500430629039
416.513 29.915635390120357
417.525 25.386338507258145
418.532 28.12512120573745
419.545 19.30656313480091
420.552 11.644158461003501
421.564 15.15174435191629
422.572 20.58076572915518
423.573 14.311784985477109
424.584 9.100038744292918
425.593 16.26950901716237
426.604 18.378509620826552
427.612 8.664539001878339
428.632 7.604882436187896
429.644 4.991162845331702
430.652 8.411269471929927
431.665 20.123022787435243
432.672 6.702593417308601
433.684 26.76481983610716
434.704 24.47979904559299
435.712 30.960630183965595
436.717 26.81964056638068
437.725 27.739292939374945
438.732 23.18355616212497
439.745 27.246216694413196
440.752 24.18402141898191
441.753 21.340288891318888
442.757 15.811503925525317
443.765 12.706385798012336
444.772 19.95901997291639
445.773 22.16640453608779
446.792 16.891476880878912
447.812 24.583224619255994
448.825 26.533897303748372
449.832 24.437542457955775
450.952 27.28717543134198
451.965 18.87646385360696
452.972 13.256426555591306
453.984 14.973488536011587
454.985 13.050282288295216
456.004 16.640941369351257
457.024 3.5371546214835092
458.032 12.34845943750959
459.052 14.575766105442462
460.053 20.184043154712477
461.064 19.627534546478586
462.068 14.987725411588057
463.072 29.287217498430635
464.236 12.39827393098638
465.248 13.621454657481772
466.264 29.65152156609579
467.272 17.35942848456453
468.293 10.321061871538111
469.304 9.813767273255776
470.324 10.08089067122965
471.332 18.97009710694227
472.345 13.429928161568824
473.364 28.14797529501559
474.385 24.455822748807744
475.392 26.51285311121558
476.405 22.15584069762506
477.425 9.904032940167014
478.444 12.923284254941363
479.453 11.978649496148169
480.532 9.028103640005893
481.544 10.94761741891122
482.549 10.769843922128894
483.552 11.690595782880122
484.604 6.344687044440509
485.613 10.012005549016658
486.664 5.492517927942122
487.672 5.264238577052798
488.692 7.251166974046138
489.704 8.021511715728147
490.712 9.306085373186793
491.864 5.324154612548409
492.873 8.939290668763109
493.884 7.672581686367203
494.892 7.411796740102244
495.904 9.625814058870478
496.912 11.632606716487613
497.944 10.13847225809722
498.953 13.408936003152904
499.965 9.878082523482997
500.985 11.495752519829646
501.992 12.898144756801342
503.004 14.08220945648807
504.012 10.991060345179159
505.013 12.254597629689247
506.024 12.31181712464226
507.025 12.434812300712878
508.044 7.966408102356371
509.544 5.5820436949934535
510.552 8.769195832432676
511.572 11.142037057671406
512.605 11.001817811062779
513.612 10.56931306460064
514.632 10.96517932660877
515.652 8.208887786758957
516.672 10.25774840230877
517.692 10.25774840230877
518.704 12.12139548153633
519.713 9.296862295514291
520.732 10.1642878166317
521.733 10.632665590460094
522.744 13.025545653605118
523.745 11.353524274554614
524.753 9.664011733706023
525.765 7.0259894690077385
526.792 7.904352343039344
527.824 7.516453570656578
528.844 9.373459746929651
529.864 11.142037057671406
530.885 10.954439679862949
531.892 7.419157014921495
532.912 13.794903023792278
533.932 12.733756637350522
534.945 12.96233838609552
535.952 11.039688876474273
536.964 11.230116402012813
537.972 13.601201699285685
538.985 12.8217490326757
540.004 13.350851057587438
541.005 11.713953616601874
542.012 12.898144756801342
543.025 12.109429641961421
544.032 14.331271951994166
545.045 12.539528923188339
546.052 11.285876662197053
547.064 10.6953489542987
548.065 14.597388352996436
549.072 11.539397701121468
550.104 12.236087208039843
551.132 7.019256252745207
552.144 9.625814058870478
553.152 10.737790815230747
554.264 7.205283966818252
555.304 4.509872142393947
556.312 4.116153145831036
557.332 5.128874201146143
558.364 5.244037374881282
560.28 2.353795481419872
561.292 16.177497117125775
562.293 11.112184159562492
563.321 7.5457004717072795
564.341 7.604882436187896
565.345 18.326970459127498
566.46 17.70219133750122
567.48 16.094053527754912
568.493 16.56142583394627
569.512 19.65047331915561
570.513 13.590926301366107
571.52 20.422062531654323
572.692 17.61085133948005
573.7 14.853943961061782
574.732 9.963671012264546
575.772 8.672831043067818
576.78 11.095717175733494
577.8 14.575766105442462
578.813 23.01774505915106
579.82 22.930035123151104
580.833 14.854566942980899
581.84 17.018385443017795
582.861 12.544600278549808
583.872 14.348656435371108
584.873 18.201681773502
585.892 14.693597166587098
586.893 15.138032366083808
587.913 11.746042408242467
588.92 17.376667241873694
589.937 12.061801600103399
590.94 6.115080871035096
591.98 3.6425890380937584
593.0 2.829723697183511
594.012 1.6783149918501463
595.02 6.263711308880482
596.032 7.308488452092848
597.052 6.36687831866702
598.072 8.135455629408774
599.081 14.481650883406456
600.22 8.93504337090428
601.233 16.02718629083226
602.24 19.347217135251466
603.34 15.743553660725182
604.404 9.056230960879681
605.412 15.406117348397025
606.433 11.131124190824492
607.44 10.56931306460064
608.452 11.838896498434737
609.461 12.693792749650537
610.472 14.096138447049405
611.492 11.849467981971404
612.512 12.099757870400706
613.532 11.672610250908766
614.54 13.24327533878294
615.552 11.943139665631627
616.6 14.358469764549168
617.601 14.597388352996436
618.613 16.04302343143981
619.621 13.422238519034314
620.652 14.595224358134354
621.653 19.282969799676746
622.661 19.32802346737908
623.672 13.456495774167536
624.676 9.343161410529445
625.68 13.116361210940955
626.693 14.780627357102878
627.7 14.763933890313561
628.72 16.094053527754912
629.733 16.205266138514954
630.74 17.018385443017795
631.744 9.777116163418
632.752 21.296618450193638
634.392 3.1899095641403443
635.396 12.397656487061683
636.652 5.517441446607447
637.712 3.7440447974672115
638.74 10.879847191767434
639.756 13.849213665619986
640.772 14.720370530629827
643.873 3.1709460437631343
644.94 2.705077948573452
645.961 1.766845109648402
647.441 2.1619159487760724
648.521 4.279348030288493
649.576 2.190377190852472
650.62 1.8729242042396808
