0.0 38.12557539516274
1.034 58.13923355121998
2.04 30.850948276849525
3.05 36.431079953432054
4.051 31.144242516426026
5.11 34.380739061455806
6.111 46.825730173631946
7.16 50.45163979507279
8.161 42.96714981015217
9.17 44.23783572498167
10.23 44.64496862924734
11.232 51.099347079145105
12.24 48.776775162534
13.241 44.5133323763557
14.242 63.646226598647665
15.4 54.10326087060834
16.401 54.337910206896304
17.41 59.11847803288148
18.411 39.706785994940724
19.412 47.283823926737085
20.42 73.29388546243172
21.421 78.2208556783636
22.43 68.06997451008957
23.431 83.90344828797156
24.433 65.50960801844857
25.441 74.79648098113466
26.442 70.31934241484238
27.5 60.98222093919514
28.501 64.04020581041058
29.502 65.69529017747966
30.51 53.80240537197722
31.511 49.23216263169845
32.52 48.79180309386091
33.521 65.08239232866602
34.53 51.78153107469768
35.532 48.47475955679673
36.533 63.512422338202484
37.58 57.79873219798646
38.711 62.1578742167605
39.721 64.51994762808604
40.731 63.80974009073253
41.741 51.59967630260028
42.751 48.649797251585525
43.752 66.2790112642676
44.753 64.49328190364729
45.761 70.83422038340954
46.771 64.00883908870806
47.781 43.08963638620494
48.782 59.646408404685054
49.791 56.41372174511596
50.792 56.3468325074785
51.801 65.60620042470299
52.811 72.77505130594892
53.812 68.13238611195148
54.973 51.934808289256665
55.981 65.13535651495174
56.991 53.22067315127873
58.081 67.23020792669125
59.091 53.316632628324754
60.102 58.73719216802748
61.252 51.401158783013756
62.261 61.287615976473404
63.262 39.74711311225546
64.271 47.09071208070956
65.472 53.15392013934963
66.482 67.02207718038987
67.483 66.26563083810682
68.492 64.97308827505191
69.493 80.16417672368908
70.502 90.68898285306278
71.503 79.58565913606702
72.511 58.35442662054232
73.512 43.378597911224546
74.521 48.79056473669584
75.571 51.236979123687526
76.572 55.67595281227817
77.573 59.59586012856855
78.582 59.555683671579025
79.592 57.72726909402692
80.593 69.67708196424049
81.601 57.033484018576665
82.602 51.881301151075675
83.603 57.21172838061501
84.622 58.24246581495811
85.701 56.672310923461175
86.702 69.15004184898964
87.712 61.87139238619298
88.713 56.072533773507764
89.722 60.081126195450835
90.732 52.29994104723646
91.733 45.9755156012733
92.742 60.53097874221893
93.752 46.453361173588966
94.753 57.45554947747788
95.762 51.35656791064298
96.763 72.9634632745837
97.772 24.071536027211398
98.792 46.26438511758579
99.802 57.4474947259488
100.803 45.14760173926013
101.812 49.26807215306796
102.822 58.95927090303925
103.842 45.507950106556024
104.852 58.45534551067577
105.854 46.96799345858724
106.862 52.320848405242
107.865 61.907962954463244
108.883 64.66438823161569
110.013 53.45784902871721
111.172 56.46527576704424
112.173 43.72723234580431
113.203 38.05856613274202
114.211 92.68335263919958
115.213 46.879622257949784
116.221 50.096667467771596
117.222 60.946168124559044
118.231 59.522129096468774
119.242 53.341360551491405
120.252 71.30544301513066
121.272 61.77364344242136
122.285 63.05534363797692
123.292 50.8415622853807
124.412 46.744118866655505
125.573 51.29101086308624
126.582 40.63846225406339
127.592 40.99594753617264
128.602 48.376837664103746
129.603 40.88073254183446
130.632 42.47554810238218
131.642 66.5181517880264
132.643 56.46502627112365
133.644 69.650135272854
134.652 59.57176684394835
135.663 60.999669425040175
136.672 75.05023544412597
137.673 62.023478261195855
138.685 68.18609365542699
139.872 67.01933910313359
140.882 73.82506997694807
141.883 49.03015536606482
142.892 51.48728326144109
143.893 61.77742709322867
144.902 33.68731857867224
145.912 35.022814767285375
146.913 26.459606683209966
147.922 38.840711359636984
148.934 46.6380325304138
150.122 52.810299520429794
151.123 61.77742709322867
152.133 52.171012767160796
153.143 51.84274051964451
154.233 74.55043229683496
155.243 39.520938280090405
156.252 46.15487129091868
157.253 34.2182095630364
158.262 41.61504788515925
159.293 33.37133116115396
160.347 40.11216793595393
161.353 41.58114255648634
162.369 42.08378232038407
163.373 36.858166439023286
164.393 38.531762982704464
165.394 47.03219758124166
166.404 41.50643379534853
167.413 43.63274717665956
169.548 5.096477547845794
170.573 133.2692819198793
171.893 37.78676919184141
172.903 36.039690531350224
173.923 39.41981083746108
175.044 35.43703289077262
176.053 59.522129096468774
177.133 50.23934821976997
178.153 47.40356999441817
179.173 43.41169041605588
180.183 32.82624523907482
181.193 43.085621044403474
182.204 32.97446521250937
183.213 45.035955263991006
184.313 57.0437482817171
185.333 51.89443452033733
186.334 42.92607933564765
187.335 47.15224973716368
188.393 54.85542316226551
189.553 61.24587428833191
190.694 60.66749361703635
191.823 61.41283040026276
192.884 58.496387303831916
193.885 61.10766243334795
194.954 52.574797257243894
195.955 58.71312368752772
196.956 67.11305782146881
197.957 59.81961058642278
198.964 51.39760550381766
199.994 55.47358487422409
200.995 60.51873784785921
202.005 50.74267160564324
203.024 49.697725517722745
204.044 25.330234045059036
205.053 32.28318866237724
206.054 31.524283784135836
207.064 26.097294112100926
208.065 55.930180907240256
209.074 59.774341507964444
210.084 48.68829155228288
211.214 48.91636747297094
212.224 47.117024183078776
213.225 43.41613744000769
214.226 51.09984710179781
215.234 55.04091170033711
216.235 60.57077283789023
217.236 49.04650922005464
218.244 47.08870820007004
219.245 61.97831932307761
220.246 62.79433947330957
222.181 15.82472659718226
223.185 128.3000593625169
224.195 72.44756339462444
225.196 76.4276927479382
226.197 62.847117820530386
227.315 59.746000955691926
228.316 78.55666720467494
229.317 85.27364108390577
230.506 74.59981601449743
231.574 57.66847462517085
232.575 73.98037565466461
233.674 58.78240503365666
234.675 75.44404559372926
235.676 74.5274864089241
236.685 72.98968189608976
237.686 72.42954710718756
238.687 73.97071201375519
239.705 28.74438980230047
240.715 42.329732955974514
241.716 50.55050627643402
242.845 58.338061397164054
243.846 37.117301874929616
244.855 42.371685119413726
245.865 48.02467927578814
246.876 73.61901536761674
247.885 68.62830976761121
248.9 74.0788563595195
249.915 64.24690194307694
250.925 52.15627810648106
251.935 37.35881102127976
252.945 45.35328530992287
253.955 32.34847386937717
254.965 37.542441728870244
255.985 32.933006522477044
256.995 39.536041307188306
258.015 38.42184094281238
259.075 26.14301847441037
260.076 55.42172471731607
261.085 57.62279264728297
262.09 69.38125028569864
263.095 49.25629714064125
264.106 43.66143183233027
265.126 36.00543244562446
266.145 35.667344465410466
267.155 46.92363176284901
268.175 36.63107588533092
269.185 29.668423290359645
270.306 31.665320288965
271.315 44.365232491418
272.325 35.27477746335085
273.355 22.062033854078543
275.185 4.316514390303688
276.226 29.958617016741563
277.236 38.32927260456387
278.246 48.12487496780575
279.247 51.968459759720616
280.306 54.5891417097201
281.308 63.355281526926056
282.316 56.61197478701874
283.326 38.56944757222508
284.327 49.30761336739457
285.336 51.69838209990686
286.346 69.0114096628738
287.347 69.57877300053907
288.446 47.36445922238467
289.447 67.62467327898455
290.456 44.41316759891768
291.586 44.34725403264822
292.587 54.15058424204054
293.596 41.704096565688836
294.597 51.862531386916636
295.606 34.078358435891744
296.766 34.684386112580654
297.776 39.30618060202617
298.817 35.493265516031805
299.826 34.236005839762
300.842 40.320572067750476
301.847 29.15281554815476
302.896 34.17967192360877
303.906 49.384688448598176
304.907 44.85973673983116
305.908 40.26783469302081
306.927 38.38713618131402
307.936 46.15487129091868
308.937 35.167662295118646
309.946 33.03964153088552
310.966 31.186559206958083
311.976 25.450626695259995
312.977 28.9820028338173
314.216 25.055582744246088
315.226 29.7315981475851
316.227 29.2362309287794
317.407 23.0259649332399
318.417 23.330309035607804
319.427 31.112604211811433
320.517 31.373216762040048
321.518 40.42226711036697
322.807 23.543935751349277
323.808 28.924020987663148
324.838 33.306799027666806
325.913 36.21380710314069
326.917 35.53784000121986
327.927 37.86144713071459
328.937 48.376837664103746
329.947 36.23492478436843
330.957 32.10977236762117
331.987 23.03260797919366
332.997 20.15701569335331
334.007 22.92860535116643
335.046 11.674820061633733
336.047 19.067107127505263
337.067 25.85378183176947
338.087 25.315643841930417
339.108 35.143983899233774
340.117 27.705742745297453
341.277 22.78310216560252
342.287 32.251225109402505
343.297 21.885023014575967
344.307 21.16855014316882
345.317 20.15701569335331
346.318 17.821426629701694
347.567 20.06582128665788
348.568 24.15166902814233
349.577 21.729906029130657
350.588 21.023963189026993
351.598 31.999262413104493
352.617 17.406633421996116
353.627 20.906457367836612
354.638 22.402499266497315
355.657 13.681150436943534
356.668 18.87851061784213
357.687 15.718935922265931
358.688 18.018973753242975
359.818 20.399050422947628
360.828 24.692344224415354
361.838 23.3306774022585
362.858 26.209840916716356
363.868 22.067479804952924
364.872 25.367411452053755
365.918 27.41700377697503
366.928 37.79440442493572
367.929 28.385458838993465
368.938 46.65929611367749
369.939 39.00524282333508
370.949 33.42115716044387
371.968 23.248385118815825
372.998 15.400506544508442
374.038 11.255948907614947
375.068 7.165036282258265
376.128 5.761863919882697
377.158 5.929685199115901
378.197 7.666238983523905
379.247 3.8778258762495867
380.268 4.735714142459671
381.287 10.738704508855133
382.337 3.9038515532531366
383.707 2.414795766901032
384.868 16.67528265903082
385.877 34.04240710538325
387.067 26.18482913972512
388.068 39.12213571213062
389.147 28.592177017493228
390.148 41.50069228255594
391.158 35.32929570765659
392.178 43.36299561301529
393.188 37.48902858428408
394.207 37.32824364962151
395.218 39.67596847976204
396.228 47.753929887280435
397.229 58.075323378901906
398.23 55.66982011709012
399.387 62.98211437553797
400.467 52.25444778273367
401.548 63.375013896515846
402.578 63.19037518569911
403.658 62.92505364005799
404.787 53.359707039741394
405.788 58.305949888901445
406.789 66.00173910200276
407.791 65.53689912436023
408.798 70.55615772263927
409.878 67.96254417931253
410.879 74.2795768484475
411.88 89.4321659981257
412.978 70.23311198698768
414.058 92.76898993163556
415.059 66.36226724859627
416.068 70.73765367559119
417.228 55.8549954730865
418.239 74.5572368648864
419.248 53.666118260001646
420.258 49.62338995035419
421.259 50.97886574938855
422.268 57.50442980496847
423.269 49.80640591640933
424.27 53.055061858904494
425.288 52.362042648052196
426.29 62.285883283152856
427.298 48.91334120099459
428.309 54.37011057934441
429.337 36.86391168347919
430.338 39.40535473028606
431.348 18.978427029043427
432.358 39.55814329809164
433.368 33.09202167954207
434.369 35.08347711453527
435.378 27.938977368216932
436.478 38.31541867478962
437.479 41.693407585409965
438.488 30.847347828899085
439.548 31.043200137722142
440.549 37.87998616004843
441.56 47.519198436727365
442.578 56.68569116917763
443.589 37.145585653042254
444.599 31.92466819389294
445.609 39.30618060202617
446.61 37.5755814673322
447.629 46.04360415894322
448.639 47.117024183078776
449.649 42.51815242839637
450.659 55.683755852792885
451.669 26.791112442791462
452.689 34.36901285550184
453.699 31.999262413104493
454.889 22.626591241745224
458.24 5.69388881877565
459.519 102.15686355968947
460.52 35.3377052097299
461.529 44.38938441091404
462.549 31.308022648038726
463.55 40.93072330029115
464.559 41.781530200719644
465.56 41.184951395485776
466.579 30.097545155986364
467.589 33.25907589412947
468.609 30.632744218442106
469.709 40.26039554781121
470.719 37.03851633650677
471.72 26.14163572526803
472.721 39.15112663509143
473.759 34.68200639708066
474.869 32.2458572459081
475.87 51.354075196759915
476.879 39.23986331178222
477.88 42.41353468210974
478.89 53.33313338958359
479.899 49.248345012643455
480.92 37.636465026782936
481.93 27.480878741952033
482.939 36.30512854195199
483.95 49.01705425518149
484.96 40.53928751052552
485.962 41.5786498079561
487.01 43.28952948529431
488.02 54.675905068298455
489.044 39.99649726687943
490.05 68.80635376830345
491.06 43.009921725704885
492.061 69.15004184898964
493.081 48.24688373585699
494.091 76.7419469208613
495.092 51.59362199094414
496.1 55.39413791289728
497.101 51.438632055938186
498.11 50.950410058049236
499.131 43.25193634198743
500.14 34.044988226527686
501.15 50.39253923332514
502.151 49.96585599362391
503.171 53.940345755199104
504.31 55.47826749220898
505.333 52.98605554877834
506.34 32.86233893877026
507.341 39.65958282524815
508.47 24.82273324581501
509.48 22.424679958849453
510.481 19.57556331756897
511.49 23.618549262060256
512.5 23.180568047348167
513.52 25.1987398392984
514.521 21.132896238898734
515.53 33.54425071962307
516.531 22.754901219486293
517.532 40.67649520532906
518.55 36.490703584015755
519.551 38.01397625979105
520.561 32.67613588414123
521.711 35.621054800058666
522.831 37.937491793133674
523.841 33.76300128626041
524.851 24.06556859927116
525.852 35.10763621715764
526.861 43.887540709299664
527.882 32.075754207057635
528.891 46.91150852517316
529.911 40.046781480148134
530.931 32.71743627124006
531.942 31.683881650378364
532.951 34.553100365373226
533.961 26.401380670056458
534.981 28.247790079609153
535.982 25.271350513900735
536.991 36.27913296452885
538.001 40.06206869045512
539.011 28.541774304614464
540.031 24.74133697082086
541.043 13.184803983087177
542.081 12.748632757876928
543.091 11.722343419245933
544.101 20.408978389511798
545.122 19.34863337249808
546.131 23.707966674082254
547.151 22.41292292758469
548.161 23.180568047348167
549.231 16.311792565169963
550.251 17.713965629526147
551.281 8.153317148781458
552.317 36.01859131613557
553.327 12.094209416002684
554.377 11.603536447586528
555.437 10.49620246053977
556.438 13.94593489443277
557.567 14.547359762225495
558.568 22.986271086675625
559.578 26.38940875821057
560.587 25.07540779641888
561.768 24.066858194024363
562.777 28.015489174516723
563.788 30.96075741323133
564.807 25.80345078203372
565.808 18.583739236295372
566.827 19.064011873565516
567.828 16.026591145901538
568.837 18.615796507036233
569.877 9.010232556625189
570.997 9.136821608259533
572.148 17.386153807408423
573.218 20.425381027442064
574.297 24.10050725848631
575.298 29.453662852148135
576.308 33.19332247104671
577.498 22.92657623982768
578.508 26.901622397308135
579.518 34.58630044711894
580.528 36.94016247704507
581.538 35.669666367335395
582.552 33.670174377787426
583.738 31.284996945597932
584.748 36.030665551779805
585.758 17.561689412860574
586.788 10.624019315066185
587.827 5.633391176094169
588.828 4.32187761556476
589.858 7.659176715519861
590.888 8.153317148781458
591.908 13.998570400497726
592.988 28.017962236709288
593.998 17.133463339335197
595.009 13.712680348877237
596.028 18.98003587612632
597.038 16.766386107270293
598.046 18.93469666134914
599.048 12.235141224236965
600.068 11.47665378813453
601.069 12.45717665663057
602.079 9.011350053103259
603.088 29.703173687765613
604.098 21.71096983629941
605.099 24.538400508932526
606.1 25.611436342890702
607.109 32.13698658471249
608.119 26.217749962465966
609.129 37.0779315537146
610.249 30.018470149036645
611.269 30.55243250297468
612.319 23.75168349198802
614.498 2.922104993461324
615.499 35.95320480824276
616.599 13.186811289378733
617.619 21.035060618759452
618.628 28.438608680411797
619.629 23.861016439949243
620.63 29.149629838026797
621.631 27.858418723742616
622.82 34.776991616084295
623.829 33.98211948939997
624.849 21.692896402722226
626.039 23.666924833257177
627.049 21.416829174169
628.069 17.46447315586397
629.289 10.444546405942408
630.319 13.094721481374167
631.359 26.020080594280774
632.36 29.99891521389821
633.579 30.575718628914913
634.58 30.11915320911768
635.589 33.68860913936072
636.709 33.622540174241955
637.71 38.50570691736306
638.729 30.43819561530546
639.939 25.283269567647423
640.96 30.93737539972833
641.961 39.07214495367393
642.989 37.329879199885234
644.01 37.056343688258586
645.011 43.116750406927345
646.019 42.644037299399336
647.02 36.86065786956577
648.03 34.5244148725896
649.04 34.20909313585705
650.049 33.74502507351107
651.179 36.33444216891478
652.18 40.42226711036697
653.19 25.292965826893724
654.2 28.046689708612316
655.21 36.7865536404413
656.23 30.580386153754116
657.24 30.88974247045473
658.25 40.565994082818605
659.26 28.63331338371235
660.27 41.32188217124755
661.28 35.65697704252143
662.29 37.73914944779365
663.3 49.132725752532714
664.31 36.51783026769857
665.36 26.35497175146045
666.37 35.52674015941633
667.371 38.457017033523435
668.372 46.7818721103633
669.38 45.64498371675503
670.382 35.6243616976267
671.4 44.75420122155566
672.401 63.557023758428386
673.41 51.34716525502876
674.42 41.34545762828862
675.451 32.82846651421528
676.46 47.357858121600735
677.461 58.72668995275342
678.471 47.84141693461582
679.472 45.84617148280421
680.48 53.35266018912476
681.58 52.57621492050526
682.68 49.25589244561579
683.681 53.612207932668305
684.701 61.125656045489016
685.702 48.20577244977303
686.71 53.05904320671354
687.84 43.054930898046074
688.842 56.184409002434876
689.85 46.96007775592978
690.851 41.10504051758104
691.871 69.35890767622455
692.872 52.39068653748709
693.891 53.68384704891737
694.892 73.98037565466461
695.901 57.14790421281174
696.911 51.19115783765556
697.921 54.55342320193591
698.961 50.232677020779086
699.971 60.219084383831685
700.981 36.67328093709077
701.991 36.895967327244605
703.131 38.462155977797515
704.141 47.45058006239377
705.142 43.50422524490734
706.151 42.62318329641251
707.161 43.30133125533743
708.171 32.305190803848454
709.181 32.251225109402505
710.191 25.54179740770718
711.201 38.04636712123373
712.212 38.84560690682305
713.221 41.36818208193119
714.261 38.7130733221469
715.262 47.28642567620375
716.272 46.789177984873106
717.291 40.939559430678166
718.311 30.687574259633735
719.361 12.468110199212115
720.362 35.08347711453527
721.372 54.92786776436394
722.641 43.922876636953625
723.651 49.88861384096166
724.722 45.512228066255396
725.723 57.45554947747788
726.742 41.88083805055764
727.752 21.920754566509224
728.761 8.827434399906927
729.821 12.61460704683976
730.827 36.173928635557274
731.833 58.06701067451912
732.841 41.83460669965346
733.842 31.482284113376604
734.872 34.342760111413526
735.873 31.46834616955601
736.882 41.526183570608396
737.902 40.77797637210919
738.913 54.52559149037044
740.033 37.97668993719891
741.222 38.36419368836105
742.233 44.5532850581837
743.252 34.28779798217661
744.372 43.26810718472624
745.373 47.54065377116585
746.572 37.523231061762225
747.574 41.90577177258377
748.582 29.538126791793943
749.586 26.9658561249255
750.592 48.063261823532756
751.602 42.60379764317585
752.622 39.17031836391517
753.632 32.04723543577296
754.633 43.473004250609684
755.642 33.49871236752163
756.652 41.06991947518208
757.653 42.201863775566686
758.662 32.682098451710935
759.663 44.74414472588522
760.672 49.83555007870069
761.673 51.85454029898664
762.722 59.05596131893764
763.873 67.65850506426584
764.927 67.2750736792688
765.928 80.08184993561512
766.933 55.94209440534763
767.934 64.1372138992624
768.953 57.33923805009654
769.962 60.81195221802838
770.963 55.28866381382815
771.973 55.93571854909089
772.983 44.06879127260233
774.003 51.754099346142155
775.004 73.13313451060006
776.005 85.26918094192969
777.013 68.91122292517392
778.015 40.38693817841905
779.033 39.14718651044233
780.103 38.6641848988444
781.104 53.13367186195963
782.113 40.226773427688364
783.114 45.3557417000818
784.133 45.35328530992287
785.143 34.589431562370955
786.144 53.64212805211635
787.145 59.0087939353567
788.273 67.42205626937962
789.283 65.75254330406078
790.323 50.52530879710631
791.433 61.56776877539213
792.434 63.30279566323376
793.443 54.934186217463456
794.463 37.883288408849474
795.464 23.424294200702356
796.473 35.30973759962771
797.493 13.836436768143738
798.513 9.979698946207984
799.533 18.66371844549425
800.542 70.9603675593232
801.621 27.107999829232433
802.949 28.05210730382175
803.95 32.54119616421674
804.96 29.3133179700011
806.13 40.303528218333
807.14 54.42394237200045
808.15 45.873050462453115
809.16 45.3190272241971
810.17 50.89646462568862
811.18 34.52673605622515
812.81 18.302586340170226
813.83 53.51449420112091
815.02 20.58719349029179
816.021 29.99891521389821
817.04 27.58593260615727
818.05 28.07265954806907
819.051 33.30388044933556
820.06 22.59015684179457
821.07 18.63879310234047
822.19 20.332210150020504
823.2 27.463933882065703
824.221 13.804118432163381
825.25 9.892412949604429
826.261 18.62679714293819
827.29 11.214760361962659
828.31 19.460412945114868
829.32 24.188418832051873
830.321 18.156494798799983
831.361 32.961320635468574
832.391 33.78083935328994
833.41 26.95885097299545
834.421 24.938954128739223
835.44 19.22977319026844
836.46 15.934325601808188
837.48 22.699117028308844
838.482 20.678118288312938
839.5 21.39745374682455
840.51 14.865799073839055
841.542 9.123881740064203
842.582 5.522798729844235
844.431 3.1655453931631836
845.941 4.044752155685559
847.041 12.552803959904633
848.051 20.408978389511798
849.081 12.776672759526631
850.106 9.960781502333992
851.21 9.752668645344679
852.211 21.60938807784705
853.241 21.058040188698655
854.26 18.1630954661222
855.261 15.762141892067918
856.271 9.679751094336348
857.291 16.715995734900698
858.331 10.39874819099789
859.341 11.66579915922172
860.391 13.395578147963814
861.401 20.660941085670284
862.411 16.75238817970593
863.841 14.570172476262622
864.871 23.965811013082774
865.881 13.633428898362064
866.891 19.067387542377027
867.901 13.605985593000112
868.911 8.818694365826087
869.931 8.562990221535353
870.943 3.7719711926111272
872.023 13.195379717778874
873.032 24.308630443332834
874.042 20.635892162654258
875.081 24.52057764852398
876.091 24.440381528117353
877.103 16.290062723667774
878.113 20.17819676795544
879.242 17.850170151221658
880.342 21.008658982979473
881.343 27.62073032206779
882.362 14.486428155330888
883.373 24.667920540632792
884.383 29.476956853693082
885.561 24.34165148453307
886.582 28.503562321872053
887.583 24.732788365231052
888.591 26.33583774226911
889.594 25.51381403941961
890.602 24.392355378310903
891.612 36.030665551779805
892.624 23.150013646521856
893.642 21.70225713595469
894.732 13.108382909501895
895.792 7.202329899870811
896.802 4.787291227174027
897.822 2.993909683853094
898.932 2.98042360420762
899.952 2.494924736551996
901.012 3.1210096232843276
902.032 3.492894631177445
903.112 3.0632131487605454
904.123 6.87041625691007
905.124 4.531132611915335
906.242 7.73917619531472
907.245 3.963094838728301
908.253 29.05313280706856
909.263 16.64316750804815
910.284 18.555683880018474
911.292 12.16711126886524
912.303 12.786418921491528
913.312 7.76087825948071
914.313 8.135299041065812
915.323 14.613836377680569
916.383 17.266638259926093
917.493 25.95150559681262
918.643 27.512302007143333
919.653 22.009162530076058
920.674 31.217050730838913
921.683 36.11691886374348
922.685 28.592353379974995
923.713 33.975747312486995
924.923 27.50127285161856
925.963 30.466974596858318
927.184 26.481281480748386
928.203 28.470053814247617
929.213 17.19571728035246
930.283 17.34310175574254
931.313 15.565423647658895
932.323 17.772763425882776
933.333 24.89955038904691
934.343 24.82458780318466
935.363 22.710563071594567
936.423 16.897396005801074
937.433 29.479635451519624
938.434 25.73947958674272
939.444 26.66034232992736
940.454 24.035915094935135
941.463 20.611911831120022
942.474 22.110121553332185
943.483 15.889381919809216
944.493 10.792586335726252
945.603 19.910047516146633
946.611 38.12185594486944
947.614 32.28638850273851
948.623 37.69211243919945
949.636 34.292731102710356
950.644 30.755040922173475
951.654 30.487486236246585
952.664 21.687210196095766
953.674 9.574582454348054
954.94 7.854392689154646
955.949 43.844526595590644
956.969 27.074492830038945
957.979 24.910233017964146
958.989 26.062115109864678
960.169 29.2060967793267
961.179 33.76300128626041
962.189 22.613467797712726
963.2 19.27245692613823
964.209 31.93473730462233
965.229 9.480713998906886
966.239 13.716311364214688
967.249 17.469413600903103
968.259 22.441256452015327
969.269 13.354022896841627
970.279 10.14665565193093
971.289 20.912903781852027
972.299 16.487348472261033
973.331 26.038099649538474
974.349 23.99833302593441
975.539 5.6625099456351995
976.549 10.330470542846768
977.569 16.466503261261774
978.589 14.722609231208935
979.599 15.099527627531359
980.75 17.046912570276202
981.76 19.803568022341583
982.769 19.640410891685214
983.79 21.979383651130973
984.8 25.79983815130014
985.81 29.37888720964224
986.82 30.764866221909028
987.84 27.66667269996944
988.85 32.67171548596057
989.86 34.94674708193609
991.01 36.585797092874905
992.02 35.52674015941633
993.03 23.677126109464794
994.05 33.431991469801396
995.06 30.734291801062525
996.08 36.088685083594285
997.1 37.02975318608788
998.11 26.960008489934754
999.14 17.789055597324452
1000.16 11.405778903252891
1001.17 13.354022896841627
1002.18 19.149164908672855
1003.19 12.66609843032997
1004.2 14.10991098534034
1005.23 13.999027598430734
1006.24 11.35858148582815
1007.27 10.12987888180459
1008.28 12.598134808342913
1009.29 11.388419173536024
1010.31 16.157607817675604
1011.33 11.726146261796707
1012.35 7.235281735993813
1013.37 9.730206472569062
1014.38 16.65128774715232
1015.39 23.089949884691006
1016.401 24.30948644034234
1017.421 24.239616360380822
1018.43 25.70575445917932
1019.44 22.36036449013331
1020.451 33.7296056372677
1021.461 32.49103171041301
1022.861 23.336581791178897
1023.871 27.715896578363704
1024.886 24.49831306006541
1025.891 30.752631322207836
1026.901 39.94234957315895
1028.111 38.75102486488014
1029.121 49.132725752532714
1030.151 28.008939928459164
1031.171 32.933006522477044
1032.181 20.780107653222938
1033.191 30.487486236246585
1034.201 24.681845778707206
1035.211 29.177933359679827
1036.221 19.113433356739595
1037.231 22.676642655007942
1038.241 20.408978389511798
1039.512 2.3979819627602534
1040.521 23.37518640894019
1041.591 5.470180777525326
1042.671 3.770108490783999
1043.75 12.264208343539707
1044.77 12.22513120912106
1045.797 17.524231832198875
1046.798 9.660667611280186
1047.828 17.191608026714203
1048.838 15.574904614952843
1049.847 16.613755139479156
1050.968 12.542837112422427
1051.988 18.346633313080424
1053.138 15.076929142638738
1054.168 16.134154723799686
1055.198 11.380039729396755
1056.207 9.884034787224534
1057.218 12.890931533861547
1058.387 10.564761099659107
1059.398 12.837387220124278
1060.417 9.775353772864662
1061.438 7.700819249963076
1062.448 10.355703649095133
1063.458 17.64641371129235
1064.668 9.273273866938647
1065.678 17.234395764421667
1066.688 23.1345222329856
1067.698 16.877448611507226
1070.676 6.719578561801602
1071.706 9.40709013404771
1072.734 14.370438202976777
1073.756 15.968930478366882
1074.766 15.831840259058767
1075.786 20.141045921483553
1076.796 10.595141883757233
1077.836 17.128617902867035
1078.866 20.27856037584608
1080.066 18.57445021620017
1081.076 16.637089460567175
1082.086 18.271531687019973
1083.096 21.32676356130186
1084.097 25.931265693342052
1085.116 18.180438335175996
1086.236 12.724116156422156
1087.416 9.766159576943055
1088.627 6.934695840828275
1089.646 22.283029288860437
1090.666 15.400506544508442
1091.688 8.964152282416872
1093.297 5.377500923792747
1094.306 11.601770925568708
1095.316 22.29961952704816
1096.317 21.34400962775872
1097.427 20.290644794875792
1098.637 25.169040938097016
1099.867 24.60189377321291
1101.057 21.261417198855884
1102.067 16.420674133086358
1103.308 20.491240776676232
1104.327 28.01859154958993
1105.507 20.004318407687343
1106.509 24.812071061985293
1107.517 25.42195257791062
1108.528 25.52334155298146
1109.537 30.55623423425807
1110.538 26.996310439602766
1111.547 26.79885927466259
1112.548 29.312239182367865
1113.557 28.82024588201709
1114.568 21.623806703780062
1115.577 15.03429334950394
1116.587 16.859030285762195
1117.718 20.643686159745258
1118.808 22.64898137130531
1119.809 31.65195534939296
1120.947 16.641235687877984
1121.948 9.107052483261006
1122.989 13.934190603584613
1124.007 15.398053226205073
1125.009 21.841796196663108
1126.187 20.278030507816247
1127.197 23.180568047348167
1128.207 19.367237885477234
1129.217 26.438033138197905
1130.237 22.908989834260066
1131.257 27.480019097688107
1132.267 28.975710059156143
1133.278 28.45815874936641
1134.289 39.77072903486929
1135.29 27.938515440712273
1136.318 36.747447445787664
1137.319 37.625758064853805
1138.328 30.50534927412154
1139.348 28.69163447033633
1140.368 19.997697175663475
1141.378 30.991411628610063
1142.478 9.775280252377387
1143.498 11.227161314495609
1144.508 19.080280370384592
1145.707 6.155118741225218
1146.748 14.824212997778128
1147.758 14.392816468763495
1148.769 9.565112046373036
1149.828 14.584261659830075
1151.238 17.326456042780194
1152.258 17.199296213850157
1153.288 15.812493864301318
1154.478 10.161815946085435
1155.498 8.732236577943612
1156.518 6.237311841391617
1157.718 5.8989680672380995
1158.748 5.929685199115901
1159.768 6.237311841391617
1160.798 5.435544765854305
1161.818 6.337984243025601
1162.858 7.511299619833956
1163.878 11.869859762706628
1164.908 10.741775003111185
1165.918 13.10206020068314
1166.948 12.071944700093677
1167.968 11.624014839826607
1168.978 11.842246719844196
1169.979 6.979936419126682
1170.988 8.575221988481013
1171.989 10.031231077284998
1172.998 13.322088185080576
1174.018 9.634823019540136
1175.207 5.3890952273079655
1176.228 7.726691495565171
1177.278 9.17351727184544
1178.279 14.166897763592644
1179.289 18.83108042308321
1180.359 16.08908402284612
1181.43 22.101552360252654
1182.649 23.064516881415166
1183.659 24.69529115645829
1184.669 21.769355928902776
1185.77 15.957100431835736
1186.779 24.90155084915009
1187.839 18.08813207721289
1188.859 25.311996291031992
1189.919 18.710087661150595
1190.929 10.834395935163743
1192.049 3.181029039105539
1193.099 2.6426192786086053
1194.289 2.780058992159267
1195.319 3.2119128161887485
1196.359 4.893890829403869
1197.389 4.428480783453767
1198.489 6.035668602117795
1199.539 9.007512024860088
1200.711 10.710886603002198
1201.719 17.729040001621474
1202.729 12.34893486104153
1203.749 12.117893216055942
1204.779 2.3784120488350617
1205.789 9.958604546090015
1206.799 16.18933996173998
1207.819 12.861937125883447
1208.839 11.48595504263484
1209.849 10.776930758861582
1210.869 18.969270232001218
1211.87 15.592842334623205
1212.889 15.694944225761354
1214.089 16.251151862939174
1215.109 22.13552669042159
1216.119 21.668791870350738
1217.13 19.584154752529106
1218.17 23.085054525739082
1219.18 24.18694536591414
1220.184 25.897323561000274
1221.189 29.54855847588767
1222.19 21.660493871786134
1223.35 25.515253199042778
1224.53 35.643668432276776
1225.531 39.67054734100718
1226.55 43.68504410024869
1227.559 38.16077029719597
1228.56 39.852483967399635
1229.57 42.24408774142756
1230.58 44.002669483333946
1231.64 38.805886747521356
1232.65 36.948450723546614
1233.75 32.01336636013466
1234.78 33.44062872843822
1235.92 35.76348673350031
1237.05 44.328461956639885
1238.06 46.61309879094784
1239.07 47.66568037286282
1240.08 28.461102037875428
1241.09 32.54444485523171
1242.1 40.02523203910459
1243.3 41.95516867454197
1244.304 39.03414119695336
1245.31 29.71797041757688
1246.44 38.79347472100781
1247.59 39.62140303996085
1248.78 36.843285179178594
1249.79 42.329732955974514
1250.791 29.311124146815708
1251.8 27.238940433859
1252.81 24.188418832051873
1253.84 18.036125813966873
1254.86 16.2170107875996
1255.881 18.019290280630635
1256.89 26.734515611100186
1257.95 12.836784182636512
1258.97 9.730206472569062
1260.031 6.805639969050011
1261.051 10.977668840833433
1262.071 13.697282705705698
1263.11 18.859613937344587
1264.111 15.054280185953521
1265.181 14.477077349559886
1266.191 19.653090301013084
1267.201 18.647818081934144
1268.221 30.188589312309382
1269.231 17.860803022938423
1270.251 22.12889766334187
1271.261 23.684493439688392
1272.262 18.807861372697996
1273.271 21.18584255975337
1274.291 16.9047564879993
1275.311 22.65421274140126
1276.322 20.892218417073668
1277.341 18.515709474343232
1278.351 16.65587615282338
1279.371 24.72399410188333
1280.391 19.539455985164327
1281.401 21.444825029297718
1282.421 24.450262418195607
1283.481 22.39636786453244
1284.491 31.243374324675543
1285.492 25.00318447511805
1286.501 33.03982589686426
1287.511 25.319488215977724
1288.521 27.211971186000223
1289.534 19.64318440541897
1290.541 22.74419968376952
1291.681 16.380814614274403
1292.708 11.894013154986562
1293.711 12.432336822816056
1294.713 15.746411211549441
1295.742 19.095293111600245
1296.753 20.892218417073668
1297.761 16.727678753223266
1298.771 19.653090301013084
1299.791 12.74089489002007
1300.821 13.985289592935185
1301.831 12.598134808342913
1302.861 7.412106498877436
1304.111 3.4457799472023227
1305.12 17.49502365307004
1306.152 4.931827967609813
1307.17 2.4011490006663143
1308.23 3.361087286592426
1309.269 6.2041784589884355
1310.349 8.011480542924717
1311.359 19.45104126760781
1312.509 23.35682501822023
1313.65 27.820451650704733
1314.651 29.02586089708594
1315.819 21.37138416308636
1316.829 30.73944893231206
1317.839 29.108137821367066
1318.849 27.967859274429184
1319.85 31.058198943333238
1321.029 29.47211752514947
1322.18 36.049593701886046
1323.3 38.11873439735286
1324.38 37.40912886393171
1325.48 40.21439661642195
1326.499 42.14974379904317
1327.5 35.59193330469199
1328.51 39.98982473780916
1329.54 38.92529856648338
1330.541 57.017340524316474
1331.542 49.48769160151014
1332.549 55.83671465262339
1333.56 38.057540170188524
1334.57 38.60517912432111
1335.781 37.55878825905228
1336.79 45.146021645168524
1337.791 9.660667611280186
1339.02 15.431369709523363
1340.022 19.048078078483105
1341.03 16.157607817675604
1342.05 9.979698946207984
1343.12 4.162267925079194
1345.493 16.23795999520458
1346.512 20.728197075237404
1347.784 8.146056240907498
1348.79 25.685700921689733
1349.793 34.6967395193329
1350.794 39.34291274192329
1351.804 18.335811643848725
1352.812 12.88057654463374
1353.813 24.91435331326114
1354.821 13.73300699177798
1355.832 20.712817365884426
1357.022 20.543266557279388
1358.042 20.208890366078144
1359.082 8.564308951445144
1360.113 3.7024586294101876
1361.173 2.955517491304508
1362.323 2.4341787429576067
1363.352 6.430068417237065
1364.372 12.724116156422156
1365.392 6.520544159806167
1366.583 10.93143406739314
1367.613 14.287991160657604
1368.853 12.9299439172947
1369.854 15.739469503476338
1370.873 6.742907482302223
1372.019 6.827447163040063
1373.033 10.27540955743545
1374.093 10.911775491794016
1375.123 11.118159748327782
1376.135 10.772727667796563
1377.143 10.77838229833822
1378.193 7.804904109660497
1379.413 10.879418173721227
1380.433 13.848108930646635
1382.043 8.337390338301892
1383.263 7.300722384838102
1384.273 8.582203063299934
1385.283 24.00460394101977
1386.284 29.989251572988785
1387.285 36.28046772873175
1388.303 34.21929703315819
1389.304 52.27658123745567
1390.354 51.11136789628956
1391.365 73.3676698946613
1392.374 70.71903273010896
1393.515 68.78102438323505
1394.634 82.39182567761583
1395.635 104.16141333448526
1396.644 100.24060610693995
1397.656 70.98854955683075
1398.664 54.04822424088073
1399.684 31.556967989008005
1400.764 36.877751639281215
1401.765 62.79433947330957
1402.776 48.744520437740164
1403.777 76.35112697668991
1404.864 78.65489923374736
1405.914 85.09141950381539
1407.064 90.72265702556365
1408.065 97.51505837037958
1409.066 85.14113769807767
1410.084 82.36452732649198
1411.085 80.26490159755971
1412.086 84.68099971316568
1413.105 83.91497969635735
1414.115 77.1005850269619
1415.116 68.56353317367014
1416.204 101.67844175117183
1417.206 123.43154594851099
1418.219 39.062881609924304
1419.224 65.07657417307128
1420.345 55.04998504294296
1421.347 54.65904043219725
1422.354 39.17056612212889
1423.366 41.693407585409965
1424.384 34.247621088958255
1425.385 13.72831713181309
1426.404 14.734501535408041
1427.424 8.124189862174694
1428.445 15.702631103908512
1429.455 19.653090301013084
1430.484 10.881654244553244
1436.332 2.744880910491428
1437.341 8.089971208582558
1438.482 21.634832093529177
1439.533 25.594468211498143
1440.642 30.15294295505394
1441.652 22.766155718131564
1442.662 21.336156907429963
1443.682 26.333492888336046
1444.692 22.42339067603707
1445.892 23.6824376850224
1446.912 26.147285420726824
1447.962 22.59673343316831
1448.982 22.454322628991218
1449.983 18.88238291225568
1451.002 19.253134985727545
1452.022 9.327881621029952
1453.282 8.280774006553807
1454.283 27.233069645022887
1455.292 27.654316576553285
1456.402 31.663313810950157
1457.403 31.734467976764368
1458.412 32.30328453452669
1459.422 27.41917735063178
1460.432 16.650719021620354
1461.462 15.416350123398256
1462.602 24.06658806978154
1463.603 35.24144047783534
1464.612 21.690267382605196
1465.632 14.444301106356107
1466.783 14.896068176030413
1467.853 17.792343655364267
1468.854 29.178063243327795
1469.863 22.409109628331073
1470.873 21.913939785982635
1472.063 12.640475270695676
1473.064 22.903572620099776
1474.074 20.012063469739015
1475.114 23.022035850505315
1476.134 34.82207307382243
1477.144 33.76465893560723
1478.153 29.320061559725634
1479.156 26.894442922893955
1480.183 17.90496019671664
1481.383 18.59578143218727
1482.523 31.202608430446073
1483.533 24.267985999303875
1484.544 21.39564536688155
1485.553 11.526549680073666
1486.554 23.388984743023517
1487.584 12.6386891005207
1488.593 17.907081211216514
1489.624 9.466349512297626
1490.664 5.627974453807473
1491.674 2.771589657836371
1492.704 5.435544765854305
1493.71 12.90119133156271
1494.724 14.23697345645831
1495.744 17.416507863049567
1496.754 9.826545150506542
1497.764 13.490502690605767
1498.774 23.601610973742762
1499.794 27.216747310659255
1500.795 30.318372885987188
1501.804 29.750002600323015
1502.805 32.8952199370273
1503.814 27.774338710816156
1504.834 29.38503387438442
1505.994 22.285645416276072
1506.995 39.15112663509143
1508.004 21.24152103068637
1509.015 31.843410585023786
1510.034 26.971629929115874
1511.035 22.11003901937122
1512.054 25.04348905549313
1513.064 7.810843581168886
1514.114 4.424030973846004
1515.115 4.067649520532906
1516.164 3.638927404129088
1517.264 3.2465850840800523
1518.324 4.561475603249188
1519.354 5.435544765854305
1520.364 19.765304087511918
1521.395 6.664425532942988
1522.414 4.495271654860397
1523.455 4.644730201202622
1524.463 38.3036364148254
1525.473 17.49722527277623
1526.609 22.7571239289267
1527.754 32.51621092905282
1528.852 32.74041584108625
1529.854 47.60051589521619
1530.863 44.23212038545419
1531.873 44.47344188922616
1532.874 52.193139413829556
1533.883 44.16537996649354
1534.884 43.107644283677736
1535.894 47.15496593414888
1536.903 55.18990157906711
1537.904 57.21618852259108
1538.905 55.00191384971881
1539.924 73.0692896940118
1540.931 64.72047490903026
1541.933 63.308868081409486
1542.934 59.35073815685608
1543.944 74.65573646779765
1544.963 64.7044673074935
1545.964 58.0063770167562
1546.965 64.5739361385093
1547.974 50.575594391146254
1548.975 56.19946198180763
1550.154 56.065895182389845
1551.344 56.99777493063797
1552.345 72.40408712971558
1553.504 62.91211249284714
1554.514 61.47889786462412
1555.524 35.52058123306287
1556.534 33.76300128626041
1557.543 22.699117028308844
1558.544 42.27750035056026
1559.564 59.37920872997006
1560.604 30.084150602382653
1561.623 12.969362580291783
1562.624 30.761599499017024
1563.654 38.04881336093363
1564.655 53.13274266570492
1565.744 55.29658768298706
1566.754 42.077770259909045
1567.764 30.024817893414305
1568.784 43.6611828896018
1569.794 30.28985760104523
1570.804 19.653090301013084
1571.824 20.45838283974032
1572.856 20.71367746393331
1573.864 14.13790684046906
1574.874 10.834395935163743
1575.883 9.584071634184664
1576.894 17.871656718226365
1577.914 15.144813234504978
1578.924 21.57375330951291
1579.934 16.711499496569644
1580.954 17.212706242788094
1581.956 12.50730966928745
1582.994 14.464615644976295
1584.014 14.365514009415053
1585.034 11.593010658166662
1586.254 14.933240340047487
1587.324 21.284051980289725
1588.179 21.71445854723315
