0.0 16.560614324617475
1.01 29.367866628724624
2.032 32.0797808304968
3.04 13.731902170070613
4.05 14.380545723783513
5.18 8.832383298899229
6.19 12.610507318323
7.2 10.573871944528998
8.39 7.6709507522164
9.51 7.56858232484925
10.55 5.306132226778028
11.58 3.4616863036308563
12.6 3.6711895238437258
13.65 3.003198648087883
14.67 4.637292030128816
15.68 7.9946282949200445
16.69 11.21105153652514
17.71 10.497042714029911
18.72 9.846542922887325
19.73 11.1621255011443
20.75 8.604668243405294
21.76 9.561545200725337
22.78 5.047038136949064
23.82 5.874646393928958
24.84 5.796615037656518
25.841 4.9770356230010515
26.85 9.961675396725157
27.86 7.229641916614477
28.89 7.271093814229968
29.9 6.1210321585797995
30.92 7.638706980190095
31.93 9.014657679857864
32.94 7.140205694492709
33.951 11.003739395999862
34.961 13.58902802599383
35.981 12.990552677400958
37.121 10.828094136860678
38.131 11.719853776225268
39.15 8.85190610510226
40.161 8.1875037327182
41.191 7.868625992864428
42.261 8.604490039549066
43.271 16.037754700735483
44.291 14.060887514967076
45.301 20.13926846583942
46.321 16.58411742442705
47.331 14.357865724884485
48.332 20.6720910500886
49.341 15.21408611717865
50.351 18.19492214424422
51.361 11.067687733761705
52.561 13.751162678569248
53.581 16.61696310796309
54.631 11.130412898904131
55.731 2.6875215174538565
56.761 2.870168610885464
57.945 11.907748777395792
58.95 15.444367469327839
59.951 13.989987874770925
61.06 20.04793490569201
62.07 13.707135190116972
63.071 17.744820944046346
64.081 21.269845015267375
65.091 18.700586270865013
66.111 14.015035647021827
67.121 9.171278049687817
68.13 7.976850696442224
69.341 8.300025165394981
70.36 7.516297811200826
71.471 10.313888354957243
72.841 4.315727984234047
73.911 2.0261065645660064
74.951 3.9795991700925253
76.011 3.3467249085362774
77.181 2.3724415114929225
78.191 2.7318700573526686
79.221 2.870168610885464
80.231 3.4830202099205807
81.243 10.022827805150547
82.311 9.172458982422185
83.331 4.637292030128816
84.411 2.3723183765176876
85.451 2.8425708357726576
86.514 2.0394487526726524
87.581 5.0664109392761185
88.661 2.3723183765176876
89.662 16.67517782353679
90.831 9.768026646015896
91.861 4.018236055225242
93.162 1.8178469910586048
94.283 1.8980948144149568
95.323 2.463561391005371
96.391 2.214437205401121
97.401 4.371106204961588
98.431 3.8268914811746155
99.452 4.246687608388557
100.491 3.983429390652478
101.511 6.95593804518422
102.891 1.8565969903244541
104.021 2.091279692415786
105.091 2.2102980704323687
106.29 1.972492856844719
107.541 6.309046201395848
108.561 5.216953533892667
109.654 4.435393803598395
110.661 4.892872673305813
111.732 5.336566225150956
112.751 4.91937506672538
113.793 3.2153968251159637
114.842 2.4424250206315423
115.852 4.258989983940793
116.856 5.300092235627075
117.987 2.7804725954279284
118.996 9.766348428161566
120.007 4.9903644653221235
121.026 8.510045236843824
122.036 7.389685682490051
123.176 6.8152971301694105
124.257 6.879809475009796
125.317 7.286438802454007
126.327 7.8783754703298685
127.337 13.772607639811351
128.357 13.251988530541944
129.367 21.05876018974
130.417 17.74546284504624
131.427 11.494337560655314
132.437 12.97709597993543
133.447 15.610686042022968
134.457 19.534040570443146
135.467 25.767902157423432
136.487 11.995331839162493
137.507 12.10721355782639
138.517 5.854007265760864
139.557 4.548113337243455
140.588 3.249702707824301
141.657 2.0501039874411475
142.667 2.7318700573526686
143.707 3.9795991700925253
144.717 3.359350027180538
146.187 6.128570810516914
147.427 9.209890184168394
148.517 19.423533065167465
149.597 18.99015248330973
150.608 21.895045966134646
151.617 19.155036160597458
152.618 27.960689934414972
153.627 15.32131605386381
154.959 4.290887708052535
156.157 21.329627997879548
157.159 16.522088370808856
158.207 13.53935992814021
159.247 11.214717697456845
160.257 18.134299505534933
161.268 17.839911711691336
162.287 10.609704357854104
163.317 10.906640721335949
164.347 4.016277850521362
165.348 27.105205716303686
166.349 40.84361445033659
167.358 22.675633429523398
168.368 32.39588221629646
169.378 21.46469330778383
170.388 16.28053053810672
171.458 20.123864516631546
172.667 28.870543375422304
173.678 27.87650080422953
174.888 14.058885598922462
175.898 18.927956825895897
176.908 20.293891854563224
177.917 20.796753619953392
178.997 23.380876597686633
180.238 33.18646854890882
181.248 34.34350929249015
182.249 36.94269852747394
183.25 45.175870582008656
184.258 40.04330609391319
185.268 28.398354106575702
186.308 32.91896506484473
187.368 40.03253282109429
188.379 45.02599801475355
189.388 37.32172928283963
190.458 31.45837427327168
191.459 44.690990647451095
192.468 42.821154371312986
193.469 43.70914116307682
194.488 28.067946292309816
195.498 26.818599465486784
196.508 32.19703996167575
197.528 27.33335628871635
198.529 31.502083721134827
199.629 24.74769818394174
200.638 28.127083473193185
201.639 22.193079814557255
202.649 33.17270783926954
203.668 24.7502744412007
204.999 31.92911206757302
206.009 33.56297499034308
207.018 26.781640472614903
208.199 23.441960587609653
209.209 21.46469330778383
210.228 20.308062497036182
211.239 10.538333046949333
212.248 11.328964176670295
213.259 10.136909383361102
214.269 15.649769813716375
215.278 16.602792327887265
216.299 8.686406471717781
217.338 7.271093814229968
218.348 7.3146562521465555
219.379 4.014338639083434
220.389 9.561545200725337
221.539 16.4168524019413
222.579 15.349882513183154
223.608 5.171324202689395
225.028 2.3177687166406566
226.048 8.501702055233162
227.068 8.928962301063148
228.298 13.771838767325589
229.348 17.911758384234737
230.358 13.073949560189059
231.368 12.63361524172548
232.538 13.716250835556458
233.558 17.969506616751413
234.598 19.253568972871523
235.599 30.581114086046025
236.698 27.237040094617424
237.718 29.28448787085111
238.719 44.59153916791186
239.728 45.831017307982904
240.729 39.01534795956551
241.73 40.37168767521679
242.738 22.598796555194795
243.739 14.251353847174197
244.878 26.562253524617276
245.888 39.221848680639205
246.889 32.895699751312186
247.938 19.99893424732583
248.949 18.7142942462439
249.95 20.47635441876465
251.078 17.467851849961786
252.079 11.025729302406194
253.089 14.24475101333763
254.098 16.333932180374486
255.109 21.053581026979366
256.119 32.02929355455797
257.129 23.39762830910691
258.139 26.595793438420678
259.149 20.392457132902692
260.159 23.297208691360538
261.179 20.850864968840497
262.199 24.92544466198966
263.209 20.580458633291894
264.389 18.7752511729458
265.399 18.147422523928913
266.4 17.663072115666697
267.409 25.392505913266888
268.519 9.420224738377112
269.739 28.37711740330617
270.849 21.4619664134704
271.859 27.318700573526687
272.87 20.385824091463427
273.899 17.8386603669508
274.909 22.05009403430409
275.929 16.606369878729723
276.93 23.232786744312175
277.939 18.575194918311897
278.94 30.123867558361066
279.949 24.982147939843795
280.979 18.986752822435523
281.989 23.416029062971425
282.999 17.366888221745825
284.019 9.276278976934252
285.308 6.418119550368565
286.331 24.688335437540548
287.339 9.298240590742669
288.349 5.601372059014099
289.359 19.896349986967035
290.36 27.04245485517146
291.369 30.45787107175901
292.37 31.938749117785147
293.5 30.0853335012003
294.501 38.002842664413805
295.51 36.77372862104472
296.52 28.36396025738353
297.53 36.845120056922966
298.54 35.7993084677827
299.541 37.82667969627628
300.59 31.26617157826309
301.599 26.369140755994803
302.62 13.705219099814988
303.649 9.959587353331726
304.679 8.801850406707018
305.689 2.7643923199391285
306.769 3.1022624923831366
307.789 3.8644100251043456
308.859 2.2102980704323687
309.889 2.870168610885464
310.909 2.7050870175766435
311.91 3.937760465137351
312.919 3.7112124027082376
313.969 3.190898563595627
315.009 3.2371434703042254
316.029 2.7932226848148543
317.069 3.60058972530723
318.089 2.8983075188372633
319.129 2.2740566686217276
320.179 2.6277988170723954
321.209 4.018236055225242
322.249 2.750311957770805
323.269 3.091528020079875
324.339 3.3154471056485537
325.37 2.8673847421947345
326.379 2.586511721881327
327.419 3.9795991700925253
328.439 4.4196364801001
329.449 3.90267151050124
330.45 5.31597662794713
331.459 10.13415710581131
332.529 3.2854217359164735
333.539 8.000476596539247
334.789 3.3216884177037507
335.819 3.061513184936091
336.869 2.5730530083833876
337.879 7.024808718909435
338.899 11.284190267762764
340.0 24.736500708001753
341.109 24.160150809612308
342.11 25.62221288632988
343.111 31.737111602681306
344.279 32.786429032551894
345.28 51.64036067896994
346.29 41.52964555083953
347.291 50.16024632869111
348.3 77.7031527245061
349.301 64.71038638659033
350.31 49.54779824269721
351.312 58.11616403475446
352.313 50.12642419015916
353.32 66.07867465231872
354.321 43.332492071893526
355.33 52.74756239875643
356.46 43.434309763790736
357.461 56.524421402114626
358.47 56.07169043623044
359.48 40.69390898709893
360.481 55.765510183667516
361.64 46.98752136435503
362.642 63.07744902959759
363.79 54.784586551765706
364.8 42.3439858890474
365.811 36.39061548369121
366.812 48.894434804894345
367.82 45.20130914783246
368.831 29.0461441946873
369.84 30.47100709588425
370.85 28.09923487567376
371.87 14.458627961999108
372.891 20.58226659669587
373.9 11.133637208106704
374.92 13.718655589125829
375.93 16.925983337277643
376.95 16.810183609205705
378.0 8.923883266063514
379.03 7.079749240179341
380.05 5.511162820527026
381.051 16.341705930353324
382.08 18.439853406978614
383.11 23.642437734683895
384.12 14.453720814612053
385.131 23.587808372851157
386.14 15.94584833493964
387.15 24.977097667265564
388.17 17.3976645749603
389.2 11.86336359164311
390.22 9.192098115274817
391.23 17.95228894832011
392.231 11.708504728085952
393.245 21.832759632913728
394.251 14.129980666834644
395.269 26.91041519448193
396.272 17.67683185212719
397.331 28.882556546263437
398.341 33.49407914467511
399.351 31.5172105603854
400.505 38.49060307436717
401.511 36.46464968938426
402.521 41.151788210474145
403.541 22.330527228411256
404.542 28.25012108552804
405.721 38.0383292675004
406.731 47.04887321003267
407.732 53.961422923774904
408.741 45.24203796194239
409.751 32.37348750032769
410.791 29.56273669206445
411.811 16.810183609205705
412.812 30.68042164155549
413.817 43.33907004283103
414.821 32.51601420780125
415.841 21.447475639298503
416.871 16.264288794987614
417.872 14.766601744287579
418.881 13.477560830869802
419.991 3.195971534272371
421.031 1.8950472238544411
422.081 2.252398986056908
423.111 2.870168610885464
424.151 2.653066113389014
425.16 2.007955525513966
426.501 17.794438833978568
427.52 14.255230614367521
428.531 12.053112437761435
429.54 9.559884395603847
430.541 12.763323677238954
431.761 11.675405748659216
432.83 7.89341247332915
434.191 3.4754135714327257
435.201 3.995103204165177
436.266 15.49440308188206
437.271 9.938392695995809
438.321 2.0646990705491644
439.381 4.276370716455018
440.421 4.927122782010742
441.452 4.045449658901004
442.461 5.851242084587947
443.541 4.562150724078018
444.551 9.472358495214602
445.572 8.855873238644781
446.601 8.465565245721269
447.611 11.51687491805319
448.612 8.595860518305978
449.613 8.541025476740122
450.621 8.497720346213358
451.631 8.336539976599333
452.641 9.45413614929653
453.961 8.466173006388463
455.111 19.064319621730952
456.112 23.65563543752619
457.301 20.11970870484688
458.361 25.413037012575188
459.362 28.018259531916158
460.373 22.299319637869576
461.374 27.112401915991335
462.381 25.58586128722023
463.382 25.826153185189703
464.392 36.29484504767774
465.401 24.737846446239995
466.402 33.667851976896436
467.412 26.423625144803246
468.413 32.68341186070665
469.414 27.99494384485614
470.422 29.194334445571926
471.442 30.622765830931048
472.462 33.62036721844742
473.482 20.046344519059744
474.483 20.548028567581593
475.544 20.032908723453936
476.552 19.356553786522223
477.602 3.566298394593106
478.613 5.515193486616549
479.653 4.169103892476168
480.663 3.1221372084081955
481.683 2.8983075188372633
482.769 2.903645101741533
483.853 2.185784598311334
485.424 4.062605230890326
486.433 10.352329333852339
487.463 5.622844939448081
488.543 6.151700081633295
489.563 13.56018087976291
490.603 18.94867138957438
491.604 21.996047867325547
492.663 11.641340741350206
493.674 17.33375024450244
494.684 20.616832216445435
495.694 24.202411666809727
496.704 25.1271565278445
497.714 20.067805073078716
498.723 23.003034554452732
499.734 20.25315620677172
500.735 22.88924017151197
501.744 29.833909922028298
502.754 30.72555022107656
503.764 30.331717032474263
504.774 26.168296855222717
505.874 28.975201529832137
506.884 31.806772810602215
507.904 23.534992076227525
508.934 23.477895313953947
509.944 27.318700573526687
510.945 22.813248303062526
511.954 23.04401323851826
513.005 27.149605926071104
514.024 25.723545829483122
515.044 20.669367641318352
516.045 23.232786744312175
517.054 17.291719684121308
518.064 21.832759632913728
519.074 18.086229319179004
520.075 20.47059745901453
521.084 24.41587107035889
522.094 17.36032671262087
523.374 21.279763212399935
524.384 24.781964091638752
525.394 17.58056519259423
526.404 20.491022411242163
527.414 22.2452276099309
528.435 20.018458026455527
529.444 28.908391347303482
530.454 23.209056242857173
531.455 23.653332653590123
532.675 23.403478949200533
533.785 24.973200084617257
534.794 29.494372253156335
535.804 17.836036123711928
536.805 18.90125023260886
537.814 14.03298620200613
538.824 16.58635391963477
539.835 16.56994803050069
540.845 17.811359143778784
541.865 24.15256265694718
542.875 16.28038789660557
543.885 14.932425697263286
544.894 17.579427170705223
545.895 14.543663478180331
546.915 24.53900365946842
547.935 18.710326447953996
548.945 21.966363472300376
549.946 32.289635814122676
551.035 16.193948324897722
552.037 27.733505479656905
553.047 23.860214702092126
554.065 29.101719355735963
555.066 32.451406383065
556.165 35.74614744634625
557.346 29.17881581974232
558.354 42.84691350626194
559.365 39.427402353248056
560.426 40.35680476780243
561.435 41.64591875268412
562.526 33.82506064333169
563.606 33.98215346079253
564.607 43.315365116492856
565.615 32.78259748073235
566.625 40.587783709306535
567.636 30.35358548454766
568.647 39.9628158381795
569.666 48.15911963579779
570.668 25.313250731981476
571.676 37.539983101008495
572.685 26.87130811600306
573.687 36.584624249591585
574.716 26.15228185040632
575.727 29.241084759643538
576.746 21.59477703885402
577.766 23.959342155596516
578.776 15.025285315430674
579.796 10.3185058634305
580.806 13.464216711244585
581.815 17.38410020214163
582.906 19.55203680284505
583.907 25.989219069859693
584.926 21.80634385890695
585.927 22.36636430281973
586.946 20.893527586618973
588.056 29.26564528355409
589.076 29.56273669206445
590.087 20.911271325588487
591.096 23.384978736248254
592.106 21.45770387419144
593.116 20.75348277588021
594.226 17.838074226628034
595.227 26.186107093241723
596.236 20.639978026720833
597.247 16.611558151120885
598.256 14.45419567368776
599.306 5.630997465160279
600.326 10.276179128638558
601.426 26.90402875805909
602.436 26.53816627137962
603.446 27.47517830183748
604.448 19.610059095779388
605.466 18.3972012515924
606.676 15.328350175343308
607.686 13.464216711244585
608.696 11.122613804929435
609.97 1.852754130307912
611.137 23.373075269704763
612.146 26.764220962275736
613.157 11.501493338811136
614.166 4.883174214089786
615.176 4.878339388131052
616.186 2.8567473491393165
617.477 2.2899098909473836
619.406 16.117084820460953
620.407 23.035898721110232
621.416 21.830644394431783
622.426 26.12122515930281
623.436 22.03197856354993
624.437 26.60909971048551
625.516 22.520926533812087
626.526 26.999896815213862
627.546 20.28772890259714
628.576 18.195399972505687
629.596 14.41343018391992
630.606 15.69256226449372
631.607 23.232786744312175
632.616 17.428791241003932
633.715 17.758763237159098
634.716 22.24834662812238
635.726 21.045849739596573
636.736 20.184343180707206
637.737 22.293394838095026
638.747 24.667422965062382
639.756 29.494372253156335
640.766 21.69933857951746
641.826 13.561548005946022
642.837 19.104175376336464
643.856 16.43986011661661
644.876 7.743085598917074
645.896 8.781010898632292
646.897 9.450625116340449
647.898 14.569713721031611
648.908 10.537213078355148
649.918 14.476543455030239
651.009 6.850554930694146
652.258 5.365001588103847
653.488 7.150336720242567
654.688 7.702951384419864
655.708 8.888143057736393
656.738 4.1311125693072235
657.748 6.2442744167983815
658.788 5.962472412930422
659.868 4.059380370898095
660.878 4.878339388131052
661.908 4.7373167973677335
662.918 7.024808718909435
663.928 5.435782380191709
665.038 6.603632053779722
666.095 9.414572632518018
667.201 9.390727229479234
668.218 13.719033903859863
669.228 12.532910340904772
670.248 12.154529981737845
671.258 11.572647745561287
672.259 11.552203271032306
673.269 8.940341457020121
674.278 12.244621604275505
675.289 12.735974417141003
676.298 13.380611260953993
677.299 15.106406293196175
678.9 6.760303796266167
679.909 15.302040366189292
680.928 12.220465678021483
681.939 13.645839554536336
682.948 12.476795682728241
683.958 11.404758697032396
684.978 10.433907067785334
686.019 6.986948019294048
687.249 8.302411547495534
688.279 8.993194980757645
689.289 8.375053182306146
690.51 14.488729497773969
691.519 15.235503547942125
692.529 12.447182797866942
693.549 14.125435591766495
694.559 14.960383431758904
695.699 16.008668490939385
696.709 20.489025430190036
697.729 13.083626807223075
698.73 14.623973066622455
699.739 23.25518910596532
700.749 25.632753311898142
701.909 23.264484763295393
703.329 21.502035245966727
704.33 18.11369813962101
705.339 14.171200021867127
706.351 22.05145860474035
707.359 13.574256422931425
708.369 15.288744170702838
709.519 18.50345695461085
710.539 14.684758095410919
711.559 5.854007265760864
712.609 6.381797127173245
713.619 11.849229619065355
714.639 17.003404110466324
715.64 12.756559249550575
716.67 17.23737790443475
717.689 28.652816178257144
718.69 16.949640879353574
719.7 21.140041247959854
720.83 4.709108499625667
721.932 5.901816762480486
722.939 19.720422870256392
723.96 13.693648512892159
724.97 20.293891854563224
726.091 14.576820176851516
727.18 18.96933936565017
728.19 17.95228894832011
729.2 9.806318019148696
730.22 16.61696310796309
731.23 8.345241108259552
732.26 6.888404666110707
733.34 4.37966469512066
734.4 3.7185832317109773
735.68 4.357941954419634
736.702 7.7212501970864755
737.71 9.384995775261128
738.73 7.873668300737877
739.921 5.95722653744957
740.95 6.560275574799876
741.99 7.390684173016113
743.0 7.024808718909435
744.02 8.07062824687628
745.04 7.116813886519189
746.07 7.079749240179341
747.09 3.9923762342701146
748.16 3.131255599782191
749.25 2.169742142541797
750.259 2.8953510734931247
751.37 6.124377750188255
752.38 11.203348895390983
753.4 8.009187517308325
754.461 2.414800986475497
755.48 5.743707742747777
756.63 14.736394100456444
757.867 12.37889314967524
759.021 12.892705361060642
760.074 6.992014177665283
761.08 6.269102545695328
762.09 7.003555135021913
763.306 10.681285453509215
764.44 16.162413059513057
765.451 27.042730887500735
766.46 21.26336804494435
767.62 19.68315504601286
768.63 22.646906081096475
769.631 26.408901435319198
770.66 16.48758611537098
771.68 13.418514094114299
772.69 16.294224122361236
773.691 26.776771163027632
774.701 21.042474460056404
775.71 23.56274341169493
776.711 26.05024284317494
777.771 19.336632804940304
778.781 24.092149785267875
779.79 18.557347059297317
780.861 22.49571434586908
781.871 23.61116263859823
782.881 23.025761911897888
783.89 13.076769309859074
784.891 22.445234651324323
785.911 17.85877206047361
786.92 24.02521713330374
787.961 18.776851927605836
788.97 25.392505913266888
790.051 19.309765507492877
791.061 26.147899120306082
792.083 20.910040474311135
793.091 13.321842909607073
794.101 14.04961743781887
795.102 10.909870487543104
796.111 14.64952264225135
797.121 10.342079502836391
798.241 7.544785392020663
799.251 12.683682409133532
800.401 4.113076409328357
801.421 7.53559954896608
802.511 10.88437379852642
803.531 4.187432895259236
804.571 5.116627504394384
805.591 5.796615037656518
806.611 10.992523356134328
807.651 9.159443379482823
808.671 7.53559954896608
809.701 5.924688207580548
810.702 11.025729302406194
811.731 8.427343145125459
812.751 6.467458387659647
813.771 9.661025062760865
814.791 8.982634662525431
815.811 6.728395481217564
816.822 11.696433903875425
817.831 9.562168921560595
818.851 7.812577182694467
819.881 6.123026369872182
820.902 3.9575640401545704
822.031 6.018312841355462
823.162 9.489613489374287
824.242 9.124301448174043
825.263 3.0670521616249626
826.331 3.6907286756685354
827.391 1.8592916158554886
828.451 1.9247917931674343
829.491 2.2740566686217276
830.52 4.708458764806696
831.56 2.8425708357726576
832.631 3.0329592326749197
833.641 3.5124043594457133
834.66 4.6418428564602685
835.68 4.19789995481673
836.701 3.8606250985432378
837.781 1.9201051907113604
838.841 3.5326540701236273
839.971 2.790582814582983
841.011 8.13969881770052
842.021 3.2827515403063794
843.031 5.073472963649811
844.096 2.950483897501863
845.121 3.845559244502777
846.161 3.8244491049708937
847.181 6.95593804518422
848.191 4.259275266943095
849.282 6.8823792827982935
850.321 8.535920122837029
851.551 8.03149358537001
852.552 8.269296976804645
853.571 6.219096721794301
854.601 5.227147717216755
855.621 6.183056040177758
856.632 5.56008111674141
857.661 6.377770505880553
858.801 7.852333386170823
859.832 9.82470535278054
860.852 11.414307418772033
861.861 14.962788262890841
863.042 7.275002880676053
864.052 10.841610044853685
865.057 16.556342431368797
866.282 13.623062288506894
867.351 12.132971455502062
868.352 13.820301486316263
869.362 19.90362470348969
870.382 15.210464751590713
871.402 7.078254532094593
872.412 14.506783453580281
873.422 11.512880955984961
874.432 14.985347956632687
875.442 12.558871094384285
876.452 14.772096648367402
877.462 12.541468831063842
878.472 12.978522394964944
879.582 10.651291583831132
880.593 15.010423509986367
881.602 11.175329806673286
882.622 7.53559954896608
883.722 2.5083534162914662
884.732 5.749878968876529
885.733 5.31597662794713
886.742 6.250462994034926
887.752 9.561545200725337
888.762 5.679699349608167
889.763 5.989396994032945
890.782 3.6405778982103922
891.792 5.463740114705337
892.822 6.904838709735594
893.832 6.1856487592492675
894.842 8.69856411013893
895.952 8.935845037037328
897.182 7.646961086606247
898.192 7.80534302100248
899.212 7.877125259511896
900.222 4.380092619624111
901.223 8.891624325162182
902.245 7.356485663424434
903.253 8.06046326206718
904.263 9.805890094645246
905.273 11.154137577007841
906.293 9.706787813065592
907.313 10.814133375807629
908.333 8.835313140085432
909.353 6.638706140354617
910.493 8.576590610546269
911.593 10.931087762677675
912.603 10.257493091807763
913.723 10.828247592675995
914.803 11.694579815182713
915.823 12.606931491631357
916.833 13.36097599295736
917.834 12.207057441941997
918.853 7.500580141964647
919.865 13.840780119600627
920.883 9.69628032862669
922.084 8.533235126211327
923.103 9.910683958458245
924.113 8.781010898632292
925.133 7.885317356791226
926.134 10.435065232638292
927.143 9.113830704241632
928.273 9.173046551844669
929.293 11.206789072809805
930.303 8.716679580965124
931.343 7.580188895399756
932.453 16.15066251784058
933.473 13.884192451316997
934.493 11.138286190413599
935.503 8.875154290328043
936.523 11.332354150021533
937.543 16.056647843409706
938.554 21.273601664735878
939.563 20.19606607846558
940.583 21.89648731594683
941.603 11.786450576573657
942.614 9.345723197771445
943.623 17.38410020214163
944.654 9.93118425988157
945.883 14.33387862377331
946.903 22.396770221851277
947.923 20.305127070714995
948.934 13.17102817822172
949.943 18.94671595068638
951.045 2.1419317259559163
952.053 14.634470522907806
953.054 15.751041860567414
954.063 13.207272854643062
955.073 14.04961743781887
956.083 11.497903598220095
957.084 16.341705930353324
958.134 4.4105561812919944
959.144 10.146945927317631
960.163 23.629683356737225
961.174 25.223000612638035
962.175 19.124764194835187
963.314 15.228320403671162
964.324 26.801767768098905
965.344 23.04055607329492
966.354 14.259871012603647
967.384 13.585464758170787
968.413 5.604508009363864
969.434 4.825781373174545
970.443 6.250462994034926
971.463 9.274584060257633
972.484 5.687507889143763
973.504 3.8644100251043456
974.534 12.054708165693736
975.554 10.054951947266002
976.563 10.67230574945826
978.064 10.94081136549109
979.074 19.36615152186023
980.084 16.085539604089114
981.124 14.866562355003335
982.144 12.172891579076888
983.173 7.871092575035512
984.174 14.569713721031611
985.184 9.911355121777206
986.194 7.050626830869789
987.204 11.903148107040488
988.214 8.777730144069814
989.444 10.86717186600346
990.474 12.402590287071497
991.484 8.116158855124821
992.674 10.33463337666448
993.694 11.013568571549186
994.704 8.896835798719016
995.814 12.041805369932801
996.825 7.797622602589619
997.834 5.744440496524183
998.844 12.924746548490964
999.855 15.216764108087666
1000.895 9.350973905506356
1001.914 10.250736308002919
1003.025 4.831786388650997
1004.034 3.3205584655810547
1005.053 4.6418428564602685
1006.063 5.853294058237103
1007.093 4.209580629293878
1008.223 2.616171388674923
1009.231 12.212757431780922
1010.281 5.443297549652535
1011.411 2.3243382352394995
1012.431 8.888143057736393
1013.452 3.220432990635738
1014.522 3.3154471056485537
1015.552 2.4874794627662014
1016.57 7.825378687472032
1017.6 4.650088903519016
1018.78 7.825085572019296
1019.99 7.4144970519661415
1021.14 7.383167586017021
1022.16 8.782634494558335
1023.17 13.101479370181226
1024.18 12.749868066333663
1025.181 13.065132291850793
1026.381 11.188434537626058
1027.401 16.51413816284284
1028.42 11.268684302855863
1029.62 12.325850747099006
1030.621 17.290596820212194
1031.711 13.825233193789622
1032.74 22.96294198424579
1033.811 23.309543385596694
1034.911 21.0673135326225
1035.921 22.316677289766957
1036.931 19.35516812616359
1038.181 22.970649799903367
1039.311 24.78414410827892
1040.323 11.100632354733595
1041.381 5.029577130979712
1042.391 2.927003632871428
1043.401 7.61020944548372
1044.411 14.84056456960395
1045.421 20.795276736149507
1046.422 19.81315265616326
1047.441 22.19720431750207
1048.442 22.56195701011391
1049.461 21.087136690287522
1050.471 17.086455027674678
1051.481 16.32104072484765
1052.492 16.682238355997153
1053.494 22.27617825354069
1054.511 17.401141749488584
1055.742 14.040711787666973
1056.751 18.165408076395998
1057.761 11.70801453150372
1058.781 12.172891579076888
1059.792 10.989748304003967
1060.811 11.60460714115067
1061.831 10.240686566524715
1062.841 11.122613804929435
1063.951 8.471712718706131
1064.952 9.844401162852384
1065.961 11.133637208106704
1067.062 7.170813762530893
1068.082 14.4915375941503
1069.101 9.421250073888642
1070.111 11.70801453150372
1071.132 5.404875137960532
1072.142 3.720493289367007
1073.145 3.7334130751114913
1074.153 9.97155801120707
1075.162 8.101928492105946
1076.173 8.38244429778249
1077.174 20.64359409939755
1078.183 17.489473961491434
1079.184 20.875455653009425
1080.223 23.484318510746643
1081.433 20.261664305845038
1082.463 10.308129440349552
1083.474 11.834089302891385
1084.483 16.016811422196493
1085.513 10.654172186132762
1086.523 10.927480229410675
1087.533 8.284761111159465
1088.546 11.867896928039322
1089.563 8.218387649669195
1090.693 9.588421131982976
1091.713 9.274584060257633
1092.733 5.990207348696555
1093.743 7.024808718909435
1094.763 4.637292030128816
1095.803 2.910448989254367
1096.833 6.314370943940817
1097.863 4.457180884419134
1098.873 4.683205812612293
1099.883 4.12733187706429
1100.933 3.190898563595627
1102.494 6.253525919868914
1103.514 15.67840299769557
1104.614 13.616120834303315
1105.624 14.251740446966037
1106.633 10.956300881389472
1107.644 7.894950384699122
1108.665 6.930076040375563
1109.684 9.828570653482242
1110.694 12.56871335805371
1111.704 11.234444742947927
1112.714 16.514890526856057
1113.734 15.858346651647004
1114.744 17.273030113052375
1115.745 16.10797336473261
1116.754 18.93872010976573
1117.764 20.293891854563224
1118.774 15.764025657290444
1119.785 13.18499321870421
1120.794 15.626157485069307
1121.795 11.065020552664738
1122.814 16.63327023564029
1123.825 8.496872129474518
1124.844 14.318145455710555
1125.854 15.3212664332893
1126.865 16.305324763446592
1127.964 15.924289680339344
1128.966 19.66915282235719
1130.186 17.732044622376797
1131.194 25.222176145981642
1132.415 24.967170706481575
1133.425 35.70944432115748
1134.435 32.68915314550716
1135.444 29.1037183159211
1136.457 19.213938535086598
1137.474 28.321256935916207
1138.475 10.041289186108349
1139.485 17.366888221745825
1140.495 13.275384131913775
1141.505 19.70849112804297
1142.524 16.43986011661661
1143.525 9.467032451610278
1144.544 12.571657736233053
1145.666 8.872596580624919
1146.695 6.789393127599847
1147.705 8.97614447415105
1148.713 12.513327700342167
1149.715 12.876249861184686
1150.725 20.293891854563224
1151.745 13.430237267816757
1152.765 13.138994085361979
1153.795 9.949917851046797
1154.805 6.9021370266954545
1155.815 14.830151739911914
1156.835 6.183056040177758
1157.925 3.2518375933704187
1158.985 5.949733170723157
1160.015 4.018236055225242
1161.125 3.610653513317359
1162.175 1.876999155059429
1163.335 9.426140295078222
1164.426 13.837914960047137
1165.535 13.101476669123873
1166.545 18.287211196316964
1167.616 16.230441395136783
1168.675 23.110316939117318
1169.685 25.901985169945554
1170.686 22.72171264299962
1171.946 21.129389550274833
1172.956 24.53747655628973
1173.957 33.27609086636908
1174.958 22.788061604155757
1175.975 39.45506038420914
1176.976 38.10546047188763
1177.986 40.44257465962264
1178.996 42.953920954053686
1180.006 40.508189750872205
1181.086 36.22974637148053
1182.088 48.976190527824286
1183.106 37.26066197418062
1184.116 42.73425303994086
1185.122 107.69606712856681
1186.242 43.4607886182954
1187.243 62.24079458016026
1188.273 36.53520428875461
1189.283 53.838466091041795
1190.295 51.79061732823194
1191.297 57.24528641320687
1192.302 65.39120931499684
1193.303 78.7552093029271
1194.312 40.70725395508609
1195.332 48.102740203893596
1197.573 13.147210006774662
1198.593 87.82493251506453
1199.602 35.54950827850161
1200.613 32.1795731327693
1201.615 36.97800730608915
1202.622 28.086090609963204
1203.802 30.135589801690923
1204.803 40.9527088375293
1205.823 34.074698770612265
1206.833 42.91353488940534
1207.843 42.282222118436955
1208.993 44.25152574139459
1210.013 39.22376175491536
1211.014 32.46594270628998
1212.023 47.659780329372246
1213.043 41.793255438254434
1214.053 38.10724797944816
1215.054 43.11847709329091
1216.063 28.570424289941244
1217.073 32.392173537122474
1218.075 25.58010707448513
1219.203 36.208686798094924
1220.213 38.497943054917094
1221.215 35.69016664946964
1222.223 31.01176266007968
1223.233 33.884774220144045
1224.234 35.468053289065764
1225.253 30.186258115175868
1226.264 30.86795460534357
1227.273 27.624059416014177
1228.274 30.99950113541768
1229.393 31.770258880445212
1230.403 32.00190638604894
1231.413 22.431705795947558
1232.643 26.656781378443114
1233.644 30.850683726093216
1234.733 27.91848385976356
1235.783 30.12899221194456
1236.785 38.748231060148115
1237.794 32.39770174439234
1238.803 37.69810493275514
1239.804 28.68865749402511
1240.805 27.562884016077952
1241.823 30.41289446714311
1242.834 31.706911907329303
1243.844 29.019557850208884
1244.854 36.68511219875127
1245.864 27.19659944731731
1246.873 25.113793747480095
1247.893 26.47120867189453
1249.023 23.85713718014312
1250.024 34.65229209326632
1251.034 30.868619648243193
1252.054 37.098336240958496
1253.055 31.28360709886994
1254.064 33.04495392503948
1255.065 44.496693256064674
1256.066 28.184203896461213
1257.074 28.15441562774711
1258.084 23.18623360231293
1259.274 26.125445669648165
1260.283 31.838295875847397
1261.284 22.342185071941262
1262.294 35.124043594457135
1263.304 36.566719751535786
1264.314 31.837012809134247
1265.364 33.85911641014248
1266.604 40.917263723841955
1267.605 54.60764165518548
1268.614 48.245761235225096
1269.615 33.004650214475134
1270.644 27.771926273682293
1271.714 6.2972490712922955
1272.724 32.97757426382282
1273.734 18.732823250449172
1274.754 11.209048961711964
1275.784 34.756846422790225
1276.785 40.866930137216514
1277.835 37.892469272682966
1278.836 41.937148953719095
1279.844 22.127288558858904
1280.845 29.139427441991185
1281.854 25.278422398621448
1282.864 21.854960458857366
1283.875 20.85864046184304
1284.885 20.834645790971273
1285.895 28.489502026747292
1286.905 15.127131348278592
1287.906 28.548763372205276
1288.915 19.488719731745775
1289.924 25.392505913266888
1290.935 9.679340557033644
1291.958 24.783484206803102
1293.015 22.97999139815126
1294.085 25.114269468027924
1295.275 26.202201182160554
1296.285 30.83110493300842
1297.305 26.43942898423044
1298.315 29.012283133686225
1299.355 28.986187967883023
1300.365 25.172231242712286
1301.375 18.95990852254979
1302.376 25.76354624790716
1303.396 26.340982573988683
1304.405 33.47544428332586
1305.417 25.251603909583658
1306.425 27.30444349876716
1307.426 29.638555851894274
1308.445 27.089434104329406
1309.455 28.29436845112048
1310.465 23.51587811485726
1311.505 33.062755928676566
1312.506 36.01093459285366
1313.515 30.536972782714262
1314.516 38.18303550448447
1315.675 37.41551964309059
1316.676 49.61578186075584
1317.685 45.20291545505013
1318.687 43.86221079389616
1319.755 34.86268242408968
1320.766 44.25150826973796
1321.776 30.985870963197357
1322.778 46.2686854654224
1323.909 39.06471388935074
1324.916 39.08489640660782
1326.086 40.40477100393335
1327.096 36.29484504767774
1328.106 29.69368159145321
1329.107 36.03050825604008
1330.116 27.577083851033056
1331.126 40.97805086019999
1332.256 32.09629214208594
1333.265 37.89343190137276
1334.266 32.68341186070665
1335.276 24.650733909319726
1336.286 33.17270783926954
1337.306 25.259766976619325
1338.327 34.1665321219951
1339.346 34.26721934841961
1340.366 26.556801964180845
1341.367 38.393164535183715
1342.377 32.517270135000075
1343.466 37.54933816060244
1344.467 46.46557348862435
1345.486 38.43983701007979
1346.517 35.50386844678211
1347.526 41.409317335409355
1348.527 33.955268192132976
1349.546 38.80749055541387
1350.666 37.09131444340884
1351.667 44.6935812794467
1352.668 36.35779141761822
1353.687 31.984632906192584
1354.706 39.180716628171574
1355.716 27.99710355980553
1356.717 32.09274779092074
1357.726 40.23735552406382
1358.727 36.64117776092163
1359.737 35.21295964488357
1360.738 48.63134174456604
1361.746 31.488701788201368
1362.747 31.961633032755852
1363.759 40.50757069787349
1364.776 34.66929341874157
1365.867 31.693093155067128
1366.877 37.465646500898345
1369.347 6.748152925921678
1370.379 96.61275522836674
1371.398 28.431287495886675
1372.407 32.22894981290255
1373.417 37.66078007634507
1374.427 22.05009403430409
1375.446 20.228822140699663
1376.447 28.548763372205276
1377.448 40.16515674454145
1378.467 27.548389823714626
1379.477 32.392173537122474
1380.497 21.10687801737534
1381.507 27.123566998079962
1382.517 25.959041770945994
1383.518 33.27407593049256
1384.527 25.19175319560104
1385.547 30.44083778193488
1386.667 22.6836222586585
1387.677 31.221372084081953
1388.678 27.20652820786976
1389.787 35.6230984933451
1390.788 43.11847709329091
1391.808 32.102004361364166
1392.817 35.37845439812942
1393.818 30.102278959298122
1394.968 29.801889435284853
1395.977 31.86988148673833
1396.978 23.466231461891354
1398.127 32.650003080943456
1399.138 41.9122214890025
1400.166 36.467296955918954
1401.167 43.53456135890659
1402.168 40.505824837286504
1403.17 46.61589218901896
1404.188 36.551077947816715
1405.189 33.156921799613656
1406.368 31.73428866603086
1407.378 35.31917717008395
1408.418 24.54030744152736
1409.428 28.879769177640743
1410.429 34.06162802348041
1411.439 20.940913710228795
1412.448 23.634563196248592
1413.458 20.68415900563676
1414.459 27.930034123817624
1415.528 26.812535400298664
1416.539 21.44346215707193
1418.848 5.121305620097568
1419.858 38.47483513162267
1420.859 23.034747329052156
1421.868 27.93175650457557
1422.879 24.245590279502487
1423.888 22.342520989702194
1424.898 16.06770941626522
1425.908 15.025285315430674
1426.948 17.69029354001534
1427.949 21.06701848855056
1429.118 13.048313868268558
1430.12 19.47246129410841
1431.318 8.061068992277162
1432.328 4.097805086019999
1433.572 3.718782075673523
1434.6 4.567149189454901
1435.68 7.481927187503795
1436.72 7.20117945063247
1437.74 7.92204055146931
1438.75 5.276309180320738
1440.189 5.318098481685693
1441.2 9.659960500850923
1442.221 6.263779559554377
1443.7 2.398599325932424
1444.729 10.826514997448665
1445.73 18.69313613796622
1446.739 15.682985068036313
1447.749 17.502112366187106
1448.769 14.561029177927693
1449.949 15.240920584897232
1451.139 16.36442052298479
1452.149 11.70801453150372
1453.159 13.653074060640689
1454.18 20.766790039492484
1455.26 10.239627243608581
1456.269 19.926492016613828
1457.27 19.69052941359378
1458.43 17.334599596100283
1459.44 19.449596800933676
1460.442 19.77138065616665
1461.449 17.81005653079498
1462.629 6.499538638619597
1463.649 6.7627175439416085
1464.659 16.5524052420188
1465.679 7.114977726772678
1466.849 9.950413977392483
1467.85 16.64955935266677
1469.029 18.407334215271852
1470.03 27.52834225757724
1471.039 29.138700119431206
1472.041 32.12815309341998
1473.042 40.60023897722447
1474.049 38.75684503131247
1475.06 39.31287145423324
1476.061 39.811823340238085
1477.085 55.173088245413766
1478.09 50.92736250606289
1479.14 54.10079604071862
1480.142 51.86200607094054
1481.143 55.24148292291719
1482.144 58.24028325390869
1483.15 52.718546818689134
1484.22 49.40035037433224
1485.221 63.022014017459
1486.222 74.60516094720222
1487.281 67.63097659812748
1488.282 78.55170077597651
1489.301 71.86260422221673
1490.302 71.90543467497727
1491.303 61.24699940437653
1492.311 62.560635671780716
1493.36 73.02430556383294
1494.371 87.7232542791107
1495.945 22.274785575453706
1496.95 130.20614695958307
1497.951 82.69296976804645
1498.953 69.19214004737415
1499.955 77.23852015991899
1501.02 57.07226882696939
1502.021 57.29441476779258
1503.022 47.06458515015598
1504.031 75.00555592827504
1505.032 65.25830503015958
1506.04 60.285563139698844
1507.142 75.7126585594406
1508.143 93.52181104721468
1509.144 71.97955553176004
1510.151 66.21458778210877
1511.295 6.718803793652649
1512.302 115.5985519667578
1513.321 73.49002802202607
1514.341 71.68480596579906
1515.343 60.37899379891678
1516.521 65.48804095601172
1517.522 85.84317814017794
1518.541 51.67097954569092
1519.731 59.27196261124385
1520.732 82.8898577912484
1521.741 69.03851693480821
1522.743 66.15823073673819
1523.831 71.10687239650333
1524.841 70.44322076454108
1525.842 30.729787571520806
1526.941 50.58474968948121
1528.031 57.72034858415901
1529.081 58.948338449179325
1530.092 42.69198374918762
1531.102 39.17135358865567
1532.111 64.65322659442272
1533.112 34.94546526825298
1534.883 6.788356627959237
1535.901 112.64186477076338
1536.902 48.828229767767986
1537.912 55.21681093059735
1538.913 62.04534579689586
1539.921 54.70521812499324
1541.091 40.612869107217215
1542.092 63.29000049353889
1543.102 63.37619016091293
1544.104 64.83875840153017
1545.132 57.273023434266065
1546.133 58.76157595863364
1547.134 82.69296976804645
1548.141 53.463933275269284
1549.142 52.962878256269356
1550.143 51.83206743836076
1551.152 83.79526951372671
1552.153 71.31952009709326
1554.213 23.562797475161943
1555.214 115.2639769897761
1556.221 43.414373390352665
1557.222 45.810431469709144
1558.391 46.63425499467364
1559.392 62.80727941906771
1560.552 35.15679457541576
1561.562 61.71712684450002
1562.712 50.841442845557566
1563.713 52.37221418648345
1564.722 35.283932137020145
1565.732 31.12794189992797
1566.741 23.04858229039574
1567.752 20.06291815533047
1568.772 22.529587273564445
1569.782 19.267443602055625
1570.792 16.196086768597254
1571.793 9.819646235962889
1572.824 15.690255072817724
1573.852 18.622196341503297
1574.872 10.299867407190511
1575.882 11.122613804929435
1576.892 5.854007265760864
1577.902 15.805819617541728
1579.087 20.844864820644617
1580.092 23.924735498640878
1581.114 16.333946849838078
1582.122 19.96292050711221
1583.132 10.956008529928905
1584.333 27.193569176403756
1585.343 38.831581529565675
1586.344 32.64887010220593
1587.352 40.29856928910642
1588.363 32.27292354795799
1589.372 29.749382462024816
1590.373 31.18948080699152
1591.374 47.25312558179228
1592.375 45.34080747870549
1593.376 45.57856991609726
1594.384 59.63797213309978
1595.385 56.78765838629262
1596.393 43.80493657344388
1597.763 31.1407536055605
1598.764 51.58466209331551
1599.784 44.99147888482057
1600.793 61.723322066058884
1601.803 47.38065734491416
1602.813 55.613069024647174
1604.865 2.5932225168477587
1605.874 119.90934126719164
1606.875 46.95822531880855
1607.884 46.90345945784635
1609.193 27.603809226994763
1610.203 44.88072237075525
1611.204 36.663629903983114
1612.313 30.02900230953789
1613.314 41.740260930517145
1614.323 25.827422540598967
1615.324 30.91141965134892
1616.333 25.429058328466805
1617.343 37.27051292527154
1618.353 33.60519687500777
1619.354 41.937148953719095
1620.355 37.45434832490557
1621.364 34.86015257362817
1622.494 35.11177390060395
1623.504 44.490455219681714
1624.513 29.35587286743369
1625.514 32.627569351202524
1626.523 37.30745099551991
1627.524 28.63195144052246
1628.533 36.721470089847145
1629.553 13.639983206669909
1630.563 14.439884588856387
1631.583 17.95228894832011
1632.604 16.711031813589766
1633.624 20.288152631734786
1634.643 12.958477974280413
1635.673 14.998309453028728
1636.693 17.579427170705223
1637.703 10.342079502836391
1638.713 14.24475101333763
1639.734 9.27678861396925
1640.744 8.97614447415105
1641.773 7.528218942145807
1642.914 7.487617512492444
1643.924 13.464216711244585
1644.934 10.359624407657982
1645.964 8.036472110468493
1646.994 6.170956126205512
1648.025 5.352451518777912
1649.154 3.8229678861453547
1650.194 4.548113337243455
1651.224 4.59226977741314
1652.274 4.317098056624081
1653.444 2.703182047120861
1654.484 2.653066113389014
