0.0 43.708945895055216
1.005 63.4532095922904
2.01 23.364236246342443
3.021 42.14291960518207
4.141 33.110970034285245
5.143 65.09382253394634
6.151 52.46970555440401
7.152 61.05023109348103
8.153 56.37248945398156
9.161 76.43295452679818
10.261 58.19169369072629
11.262 58.43215780870963
12.271 38.72109337717808
13.272 55.85274038281964
14.281 44.316304469758194
15.291 31.394106527153106
16.301 31.6971838447071
17.311 32.36365048691081
18.441 30.827963522433226
19.465 37.61251684659578
20.471 35.7411854640279
21.481 32.41827268161426
22.491 27.772730868493674
23.521 34.346356615318
24.651 12.595974823722281
25.661 38.658858450728516
26.681 25.35200594395932
27.701 25.177351029390152
28.711 21.01001002095824
29.712 48.430815503449466
30.721 30.466676198511664
31.722 42.94168356120576
32.723 51.11835451455669
33.731 38.3902658340056
34.732 45.551145392287296
35.741 33.31269307853606
36.761 41.259876037988654
37.762 43.580270693096296
38.771 46.07373080944176
39.781 33.502181862123464
40.801 33.9757638784051
41.812 46.786897986553505
42.882 42.22883082371722
43.883 57.83107834182729
44.891 37.09801621079987
45.911 49.906389656409274
46.912 52.588808072026474
48.112 60.7626795052609
49.152 64.77407961681595
50.153 71.72996458338636
51.162 54.485342436598685
52.163 54.473759600004236
53.172 42.25701922544442
54.173 49.2161800791992
55.182 37.056502889400235
56.192 44.917440757954886
57.193 37.12742140128693
58.282 34.179820355132236
59.283 34.556041332030475
60.782 23.35858106812678
61.792 100.85002056884444
62.802 36.72071883319869
63.812 34.74047460712689
64.822 48.083652658609736
65.992 39.819789205270375
67.092 39.93806784053297
68.093 45.551145392287296
69.102 37.883102682177075
70.103 36.96112466254104
71.123 34.93999734694788
72.142 31.631719552128025
73.155 36.03143733697749
74.162 37.72056042956194
75.163 46.33650996803703
76.293 30.786020341611604
77.302 39.73602275088816
78.352 26.881467883623248
79.353 45.551145392287296
80.362 42.03546618036915
81.382 48.30653746184526
82.383 35.2508899613136
83.393 44.62633324512824
84.402 39.3756905490998
85.403 46.59829816011324
86.413 38.22396715574506
87.423 48.777620058634106
88.433 40.10501899307375
89.434 37.186553383242796
90.443 48.046824894774
91.453 37.636745246909314
92.463 53.966728575576305
93.464 39.95637961849766
94.473 39.85296934544393
95.484 51.839758674883164
96.493 46.07430035462481
97.494 52.881214765871654
98.503 39.32538073162152
99.504 38.25590456483329
100.513 42.361815524278455
101.523 53.18836229787934
102.524 42.9524000369566
103.533 42.30941737486144
104.543 43.348211816252416
105.623 49.50826216006821
106.643 51.214133016056
107.644 40.89521943542093
108.653 51.16337569891078
109.654 47.45944352814225
110.694 45.99928304989515
111.713 59.21446527572536
112.714 50.933495308872416
113.715 48.22567154013672
114.724 48.19490662153306
115.733 52.202225966716924
116.744 48.55463918285709
117.753 35.58062167894524
118.764 17.08267837126331
119.783 24.430567330406358
120.794 31.881451585101036
121.883 35.597795518040876
122.884 32.46173579685749
123.896 36.76985886809007
124.903 31.487634153173794
125.904 20.796852005860885
127.024 43.81199414740233
128.047 52.00014267916903
129.054 36.0642676538366
130.083 53.8217469319282
131.084 49.2161800791992
132.114 30.82940942366486
133.115 38.99897733487545
134.116 57.33161402829385
135.124 35.338276282269355
136.134 43.847966967670715
137.164 29.544850697758637
138.174 20.559756233712932
139.215 28.94884506418909
140.234 32.94930987532983
141.245 17.141983358357443
142.344 38.80420211747769
143.494 33.01476618117911
144.504 40.3614398525072
145.514 53.51647478823523
146.524 45.200624933425644
147.654 32.90745888155534
148.694 42.05910284984644
149.695 52.35763838195869
150.705 48.06772118520444
151.706 39.42285222157562
152.714 47.8345201772665
153.784 37.073441089677
154.794 46.70197665176145
155.797 49.37930831426435
156.804 40.38295547833525
158.014 49.41626572268249
159.015 60.473072331292784
160.016 46.36999895460873
161.415 19.582630060663792
162.424 28.828094937008068
163.434 26.464453435950265
164.69 15.815501316833089
166.004 6.581163883831113
169.415 19.110211829486897
170.425 22.832077474234396
171.485 22.958106809384336
172.495 48.258709206915945
173.515 25.380927295458175
174.544 16.29854103648552
175.595 9.724023999972315
176.615 10.202476220497742
177.625 14.270048421411461
178.645 11.817940279103455
179.655 10.37821703374073
180.685 4.579514215375734
181.715 4.631216008418776
182.887 2.6778753729676206
183.925 52.61241469339338
184.926 45.59037534798558
185.927 42.50556127375012
186.935 24.886447306157276
187.936 33.1866288310927
188.946 26.495368081014735
189.955 29.005793008975274
191.195 23.785663958639212
192.246 26.246225597283146
193.263 28.085986067917116
194.265 17.522304058730455
195.275 15.640189593144498
196.317 18.61007536232791
197.325 42.11517537362165
198.326 47.523168285351495
199.327 46.079314551453635
200.355 39.21324418896258
201.516 48.385220044130484
202.517 53.68782092743762
203.696 44.26315304565317
204.816 55.262911471049854
205.826 54.25652966509302
206.827 71.46817639154959
207.828 64.68809185976468
208.846 63.893668997276514
209.847 52.61942657403489
210.868 51.06216229495147
211.876 45.56814238188717
212.886 57.33964911138521
213.906 37.65390935706421
214.932 54.14677951419613
215.936 43.47618951534475
216.946 39.69668015416485
217.956 41.99251928419158
218.957 41.22436833153254
219.958 52.61942657403489
220.967 44.51949324139045
221.976 39.00244865809213
222.996 44.445731919180695
224.006 29.58038413127804
225.016 31.134651101174303
226.036 26.964183766848798
227.096 15.440036584139516
228.116 12.074852024308644
229.126 30.09682939797742
230.136 20.46739161940953
231.166 18.00147066452003
232.168 14.582993758226854
233.186 10.03924285262796
234.376 22.182783864048783
235.379 43.93530794492885
236.386 37.94502643121921
237.406 18.75455739947594
238.407 24.1669922455197
239.676 18.470382101582665
240.677 21.466631736624613
241.697 28.260291971852418
242.717 16.221122134318634
243.753 29.48058549359345
244.808 6.706492381753556
245.862 4.475236851837766
246.896 11.657929482309509
247.915 6.118544978999669
249.152 19.324611697644112
250.458 22.670609962839944
251.558 22.603552211113424
252.568 22.823163435498298
253.759 24.17832170176456
254.768 26.570228299902983
255.788 18.7737130997758
256.818 20.091539949471624
257.838 15.414704711880317
258.839 14.44734015823415
259.848 33.61834895041468
260.849 35.21185137130075
261.858 44.48318118492373
262.998 28.159383538135312
264.049 39.601084094667996
265.05 57.47877420352392
266.059 50.32747333584852
267.068 50.16021692405391
268.069 41.08639370704866
269.116 43.57436979566182
270.179 51.497658490075686
271.181 64.6567972755121
272.189 56.41942852117699
273.205 67.31795748678529
274.208 52.149340987867426
275.268 27.688299784342167
278.072 3.7382308145812755
279.139 6.992458959495764
280.149 37.31814909008742
281.15 46.82793692493694
282.169 51.87829844710796
283.389 60.90500337953802
284.739 52.964092388337114
285.74 70.28094397717881
286.75 70.08862113287388
287.759 71.55328023706518
288.761 75.04178681346312
289.769 62.01771994111545
290.771 59.07889440477249
291.889 51.06793189418772
293.01 51.13580873348259
294.011 47.87528105820887
295.019 47.02971471330585
296.029 42.63319211195706
297.149 46.22150759229772
298.15 57.33161402829385
299.16 45.576531844236854
300.179 52.718592660325356
301.189 36.82882526074972
302.208 39.08890772869806
303.22 31.591005506393987
304.229 38.95688504991383
305.239 20.25364434973331
306.249 24.648265455056414
307.26 24.10548778386856
308.27 30.27852406018255
309.309 39.80506026878391
310.349 9.680443660199932
311.53 5.325317123156917
312.55 29.031027207348263
313.559 17.66045455593699
314.56 29.197803486064323
315.569 21.556143060928374
316.57 24.08451365568663
317.571 35.59018123635917
318.58 34.796168223487896
319.629 12.659419328606386
320.659 12.720872820482828
321.679 10.5333815531254
322.68 11.708706521948264
323.9 29.92069768977875
324.91 45.92361037430393
325.92 35.10557087539849
326.93 45.15927896628058
327.94 39.57131463028507
329.141 37.8257586006215
330.15 44.23315088476694
331.161 45.06307443242875
332.17 34.1032216814951
333.171 41.38090542295481
334.2 39.40084573763188
335.21 28.28064141684412
336.222 28.868132494397088
337.24 28.36003311082921
338.241 36.70373788027221
339.251 19.437007786776796
340.27 13.841168374655917
341.3 15.773882297415946
342.306 13.920824428654896
343.32 13.696892451095156
344.34 18.5314228956769
345.381 15.52384576751415
346.382 29.58206568593476
347.39 35.58627418800562
348.401 30.264680164220852
349.433 37.205816210838805
350.441 30.47409667048001
351.58 20.592293732346953
352.591 26.69747571761272
353.601 19.80225260008139
354.602 33.06664257649087
355.61 34.1743014376863
356.631 36.18907658609677
357.64 35.465763416328215
358.651 30.439942506285977
359.652 31.4740977423583
360.662 36.064304192377136
361.671 23.54708289287892
362.691 31.85705640448561
363.701 32.43192823034999
364.721 17.835175632068143
365.731 34.50757163722265
366.742 36.998543553569
367.751 26.452142615220573
368.841 22.56471199176223
369.891 32.19836054591247
370.931 28.724709357328152
371.951 9.788375052252139
372.991 4.283509290123262
374.211 3.221925984857679
375.311 2.858727055657195
376.335 4.0945309390954545
377.625 2.6286372612977584
378.626 8.377222141122967
379.635 11.054111057086777
380.885 10.6294214735921
381.886 16.10475794340129
382.896 18.316832355055098
383.906 17.164076449867487
384.915 18.491800558061698
385.916 26.67713531075931
386.917 30.73351272574799
387.919 31.129542384612925
389.057 27.685878405172403
390.058 45.621376581364885
391.066 37.439892250687556
392.196 36.440641225761766
393.206 44.76535431750429
394.207 47.010117011503915
395.217 41.63425079040756
396.218 40.06756305372417
397.247 54.41194493788638
398.257 37.10895367006161
399.446 35.77766049360108
400.466 29.28793895267317
401.47 30.17995845744668
402.536 28.71665893171808
403.537 43.4568398571143
404.546 16.101419760466808
406.557 5.60325666056798
407.578 43.313646254900334
408.587 37.400887828218444
409.757 32.493634322268576
411.167 35.438996546908506
412.177 46.61093966042939
413.187 45.56003138954445
414.198 45.34785205399714
415.256 42.38153427406339
416.336 38.93449296220196
417.347 36.356420226964374
418.367 35.86341478193488
419.368 44.242204432864035
420.377 36.73319111900233
421.378 40.05359336227861
422.407 25.2056624382496
423.417 49.296530910352274
424.427 34.5976603268086
425.428 43.4568398571143
426.497 36.601364603927564
427.507 50.3343526137886
428.517 29.372137013237797
429.527 44.107422393410076
430.537 31.590974021366634
431.538 40.838957938028344
432.547 28.061487228145086
433.567 40.21559100588301
434.577 32.10191913626243
435.578 31.243119418215397
436.579 31.93815941294451
437.597 23.84075556574198
438.598 25.599555406610396
439.767 28.33601641285034
440.917 30.5416819868343
441.92 42.14464148426405
442.938 40.92583380171365
444.078 33.95196648948948
445.079 37.861308620582896
446.188 44.57871736872981
447.189 44.242204432864035
448.198 37.23913701898195
449.207 36.938417204478384
450.208 33.6315539381631
451.367 40.603308244709304
452.428 39.145152003918845
453.527 37.34524912789795
454.538 33.97758919563478
455.54 32.44463282714846
456.658 38.584000950034145
457.678 47.01484937123258
458.679 32.39801103964824
459.687 28.90325323128363
460.688 41.362534321701865
461.689 34.221342832477724
462.698 42.90857882337584
463.699 42.67147528136457
464.708 18.647096522832207
465.758 12.72814189068071
466.767 13.764766050945608
467.778 19.699108296503493
468.808 15.265047384593762
470.127 3.640163972836809
471.167 44.16512474618338
472.177 33.8883304344266
473.178 46.6576215075151
474.207 32.119771912041024
475.217 40.907661801696825
476.227 32.55577647095709
477.23 28.842793326857045
478.257 38.37449951410436
479.258 55.41929721424184
480.268 59.617849824384756
481.277 49.16028557126244
482.287 53.85520826078148
483.298 74.98339410697002
484.308 63.826034757503095
485.318 61.59619744648543
486.327 41.420737165753096
487.328 66.49420074521444
488.337 56.98084081499512
489.338 62.17909698839828
490.34 70.5644764238734
491.341 64.66838119919254
492.343 65.59814127044355
493.358 81.89511587443947
494.368 53.35697039263586
495.389 72.15451365447969
496.398 52.71181232205621
497.408 55.00455027877319
498.488 33.734065879748854
499.498 42.031778986776864
500.508 37.75683359301311
501.509 52.09585019012192
502.528 22.773853034621318
503.548 46.981072129922204
504.549 46.11605675395952
505.55 62.04380148279225
506.639 55.48240148288033
507.64 82.3945801879729
508.649 78.23100672224497
509.65 88.79193344489202
510.658 76.9050057128959
511.659 73.22204245780381
512.668 94.7950869546706
513.678 62.40509980615637
514.679 59.12815463186597
515.688 49.07067714190099
516.69 51.367864748225415
517.698 51.04062950034814
518.699 49.2198160262648
519.918 55.53059914399651
520.919 65.44704797762793
521.928 29.227915599233587
522.939 24.623885370569504
523.949 18.421335234893387
524.978 14.515888110616924
526.209 8.515027785608005
527.23 15.451014128260539
528.248 5.66316263482007
529.252 6.786154863208324
530.288 13.911919793068966
531.969 10.285049888547798
532.989 25.776060564285363
533.992 30.306877060616827
534.999 25.921257766310603
536.009 34.24811621148329
537.01 22.435133227320645
538.059 24.448626641030014
539.069 21.015889493340545
540.099 18.318056861502935
541.209 2.591369330645036
542.229 5.908970139551728
543.954 2.7344345749889403
544.997 41.651985765094366
545.999 41.458708923335294
547.009 31.13692702608331
548.02 42.316476692200276
549.029 33.09550654589225
550.079 34.409840536766886
551.099 47.805064487325076
552.1 47.90130678472447
553.101 43.49243386574698
554.111 41.73932265141325
555.129 43.92846159827148
556.15 42.30420258360965
557.159 38.137119798136254
558.16 42.22061783972159
559.23 40.27047376216866
560.231 43.19505166527754
561.249 21.017489941110014
562.269 8.991911081942158
563.279 9.080939904517153
564.58 2.8199075491492325
565.588 29.318293404367484
566.628 26.712624068157243
567.648 25.691174519800533
568.649 18.630592990944162
569.668 22.630420263959145
570.788 17.60631200507548
571.794 14.066301118812556
572.799 11.994327447457932
573.808 14.543903751943885
574.819 16.696722273233878
575.82 14.136562363159973
576.828 9.369759953232482
577.879 8.477354256395332
578.9 5.646522587894322
579.938 7.321242218663723
580.959 8.225694106241024
581.969 12.713315866328804
582.979 7.33265034645982
584.069 8.83060209785557
585.129 9.64146153206867
586.189 4.449905322489548
587.199 3.0453770268837985
588.279 8.593282628025538
589.369 13.628665672067065
590.389 13.616322495491886
591.409 19.79422364319848
592.418 14.393733693102416
593.419 19.444279681003792
594.429 24.75580290132033
595.529 26.077003103552993
596.53 39.37175759625328
597.549 31.959159629993025
598.779 33.28786141038689
599.789 26.433538791125244
600.799 22.832077474234396
601.899 8.986983867053858
602.9 33.447651560666586
604.059 19.96994259981137
605.099 16.126152621670094
606.109 7.78366277531752
607.36 9.494551181411317
608.819 13.472930073127758
609.839 22.37325639734093
610.849 6.428918545194357
611.85 19.47700320500135
612.859 17.129068974770384
613.871 24.085453843317538
614.9 19.863846888198772
615.913 11.643564563319861
616.919 24.51148938861296
617.92 25.688157696940927
618.93 31.61373326902007
619.939 28.692353354045824
621.009 32.94225473345477
622.019 47.41509975208569
623.02 63.61453063429171
624.031 52.44152429464021
625.08 49.18942792925904
626.112 31.994474314753408
627.113 41.541461192813564
628.12 46.00335588604587
629.121 47.562398241049785
630.131 46.28662037801574
631.132 45.57889340973242
632.311 44.1957102833866
633.321 65.64222273839694
634.322 55.19826990310801
635.37 47.3262778782865
636.371 62.567377866465776
637.392 44.99799674019312
638.4 54.593745854606055
639.41 45.706069896757306
640.411 46.75081657309901
641.412 56.284461260707346
642.44 41.28325993291538
643.451 49.316928314034136
644.52 53.46429422698123
645.521 50.26333284678569
646.522 47.13431331022768
647.54 54.432184893684095
648.651 50.55449661128405
649.66 46.228836925754074
650.67 35.771468536315076
651.715 43.63320242837631
652.72 27.109322594750726
653.741 13.089665999219358
654.806 4.429013748216464
655.812 10.679969367978886
656.82 11.438689607624903
657.861 7.295377650204087
658.881 6.1658818847569155
659.92 5.548700252405783
660.931 8.035162594630835
661.96 15.927155010254916
662.981 15.629223465341965
664.47 8.370616492352807
665.491 17.966208234235324
666.501 14.509968826152516
667.511 22.572622048399257
668.52 18.666461056325943
669.521 21.99020812046575
670.541 11.186928975119276
671.591 35.32000995383754
672.671 28.264767895178945
673.703 47.384743061568905
674.831 35.07772785286326
675.832 44.51490046613708
676.841 44.014255716813466
677.851 30.713794675864456
678.861 40.00013679241729
679.862 40.97444480931982
680.871 39.24564441701019
682.052 41.28651518174825
683.232 45.99575847598665
684.331 44.28818825461144
685.352 39.18926075342061
686.431 42.93752885191583
687.432 45.727201778835706
688.632 43.8408531221943
689.633 52.35763838195869
690.642 39.71400034017686
691.643 31.015202944081782
692.781 36.81210514644474
693.782 46.86008635195
694.783 37.06522756932177
695.791 37.847140918818354
696.792 45.551145392287296
697.812 36.79302125727361
698.821 33.775353550590644
699.822 39.79180517044185
700.832 38.18641439678167
701.841 43.37199868892801
702.862 31.38825388101212
703.871 32.72378344187973
705.042 26.460385536223516
706.052 40.993957283340535
707.073 46.19882117365904
708.082 30.634122458620787
709.092 43.847966967670715
710.112 37.17670705853033
711.122 45.92361037430393
712.322 36.407643251509135
713.332 40.734501857361735
714.333 42.67147528136457
715.352 37.56885873326745
716.362 49.815441762070435
717.372 35.25995444013217
718.373 44.242204432864035
719.382 34.102082591368465
720.392 39.43722472818604
721.402 29.70707727784182
722.412 30.09682939797742
723.432 24.599491875176817
724.442 33.729205359765125
725.443 21.90619860565198
726.632 25.157282701723183
727.642 24.388810029317053
728.662 28.907554420622056
729.672 36.323759618116505
730.673 14.188422450864898
731.683 42.291234412516225
732.693 37.21269790838329
733.713 39.46813205697023
734.714 49.06155664415245
735.715 62.102742099062674
736.723 48.00783365621562
737.842 43.696394919071416
739.043 55.337325161944044
740.423 57.37867929755289
741.544 66.19755481587563
742.623 61.93220764889856
743.753 63.70033187324694
744.754 74.34784650247232
745.756 64.61741529706345
746.763 78.83911762630214
747.766 80.56452102478008
748.853 51.1490680831929
749.983 59.718149964049914
750.994 64.02210196367227
752.003 53.83511177734788
753.004 65.32935811053308
754.193 58.49899543641757
755.194 46.159496753540296
756.203 48.85785712168864
757.204 48.38622730999548
758.205 49.86931099935218
759.234 46.132684322287425
760.244 45.501047005372186
761.245 49.425151355023544
762.334 45.72548335400539
763.504 46.85762624043312
764.514 57.33964911138521
765.523 39.1383800893689
766.533 117.1391935979751
767.558 48.58520341149874
768.573 42.857435169517494
769.574 125.53796313111125
770.584 44.36687781914944
771.593 37.0608694018317
772.594 49.477968271035955
773.604 37.243233232509866
774.613 37.5404263784291
775.624 49.80253353179715
776.625 34.14996344976637
777.784 40.29027203804062
778.794 49.815441762070435
779.994 42.224750540069664
781.004 49.296530910352274
782.014 41.48195348999423
783.025 41.99020452684692
784.034 38.8765791903589
785.044 44.62633324512824
786.054 33.91170711962663
787.055 46.33650996803703
788.065 38.37019532330714
789.204 37.39952872074653
790.214 50.59380803952797
791.364 41.965308789105855
792.365 43.4568398571143
793.554 47.632971933809294
794.555 62.567377866465776
795.565 40.939904069684744
796.614 21.983220447074267
797.615 21.204843544716017
798.644 40.86836795287852
799.704 24.72169623607965
800.736 19.298254348602704
801.955 28.82500752587175
802.964 26.750394400916882
803.985 28.081581218224855
804.994 34.80148397797091
805.995 23.528405113557326
807.004 27.26981953481996
808.204 25.006010802355206
809.205 38.48286421077914
810.224 22.363857133198877
811.225 35.34140590778021
812.244 21.900473411531934
813.254 27.502275139386594
814.255 24.6080900395996
815.295 15.165236386430156
816.304 24.93240643189696
817.404 16.65710040984198
818.414 20.496978641646322
819.425 23.58709019711973
820.427 16.94629482714806
821.435 30.41651554766885
822.455 21.61927359921536
823.462 75.5688568539843
824.463 25.370108007472133
825.472 23.35970255397329
826.534 18.253831170878257
827.662 17.359619687005665
828.682 16.44235169267713
829.692 16.605147253999533
830.702 15.08065696676113
831.722 12.845587259900267
832.742 7.588474333499468
833.752 14.5295038472466
834.782 12.21203790766064
835.812 7.2667056098573
836.832 5.908970139551728
837.835 21.83119586816195
838.843 33.34270079768817
839.852 32.51836750808914
840.993 25.288212915115867
842.003 36.36093305638144
843.233 32.200264991748405
844.234 41.89146894337053
845.243 32.72909919612329
846.244 40.79245608819883
847.253 33.26010508056506
848.254 38.88932482465358
849.262 42.6335955166386
850.273 38.37657924369699
851.274 35.87703832676321
852.283 39.39391599232323
853.303 40.60951509052392
854.493 34.02744554021986
855.693 33.111905014917916
856.833 36.40843300415778
857.973 38.46615849413796
858.983 48.777620058634106
859.984 36.7284240474686
860.993 47.26768719379967
861.994 30.1220995144857
863.003 34.02234627699658
864.013 32.172472804610635
865.043 22.623068031802596
866.053 27.502275139386594
867.054 28.554049481864084
868.063 22.80857274256416
869.083 28.260291971852418
870.096 21.019457280665183
871.293 24.40327397183172
872.294 29.843853877771522
873.304 25.236971333725887
874.314 30.615740249456138
875.323 25.051821055259985
876.334 28.10127970894115
877.335 32.87221508892897
878.513 23.351904427517198
879.594 31.648897934716324
880.974 27.98939313595936
881.983 30.12665777188547
882.984 30.27366109928371
883.993 39.4763101838169
884.994 30.215103214144715
886.014 29.484190980222227
887.023 34.80148397797091
888.024 27.719886668777875
889.025 40.838957938028344
890.034 27.499346211500033
891.204 26.43895951214141
892.215 30.067060031528012
893.224 27.593321153532393
894.523 22.40479042159772
895.534 19.819369876560398
900.891 2.543699638844746
901.941 11.605435417858738
902.942 23.48075506985461
903.971 35.355763537834335
905.151 35.46840246962221
906.161 46.63161264376248
907.361 31.09289420331249
908.371 26.8016696254633
909.373 20.731361795595355
910.421 30.67598963944092
911.431 33.98866078550448
912.441 22.136782451478123
913.446 27.117609881313342
914.621 20.000833494369544
915.641 30.82940942366486
916.661 17.89705810957931
917.662 29.843853877771522
918.671 32.204358307976655
919.691 28.805666027490737
920.701 37.62103674729219
921.702 26.91404596971423
922.711 36.10004681284831
923.712 27.11536262027592
924.732 34.4261738565375
925.741 28.12280825097901
926.821 34.09678781285617
927.831 40.734501857361735
928.842 29.229590245865886
930.002 33.25809383355879
931.242 36.788058981491545
932.252 46.07552835401882
933.253 45.89770856170353
934.262 50.78216017653775
935.271 50.04763684192962
936.272 47.33830907966722
937.283 46.13738522069391
938.292 48.805648820586164
939.293 46.49496071583482
940.452 39.78419132766513
941.461 39.08123573065191
942.462 43.71862804895106
943.471 100.25189858716668
944.472 49.477968271035955
945.491 41.19227505610266
946.492 54.975520301044654
947.501 44.46704407363904
948.502 40.85598947972264
949.511 48.09449039569017
950.513 29.978670969283677
951.521 42.63511581022957
952.541 30.39502574923208
953.561 27.746468481442044
954.571 14.01059299555238
955.601 8.141358605107095
956.621 8.051089576982191
957.991 5.92959808989265
959.041 6.245233081556278
960.061 2.826029197185242
961.111 2.4957140962208246
962.121 6.486385646093943
963.151 9.159028430751468
964.211 5.014456338884545
965.232 5.9031827055204396
966.251 6.943424399170644
967.291 13.484125189728081
968.311 13.38420048009497
969.341 6.569661292165284
970.371 9.667863343573654
971.392 12.833005881593241
972.411 16.721464529350374
973.421 15.804211388974412
974.482 13.990521884418492
975.502 18.497645654270748
976.514 18.397611567648166
977.522 12.555345311614778
978.562 12.598556735682005
979.582 9.248822827123401
980.611 7.4729570178642835
981.632 6.929823176048857
982.648 7.584280861237252
983.802 10.882562492703261
984.822 6.1658818847569155
985.845 9.477858517871375
986.852 15.674765247347729
987.862 16.5237829428244
989.142 5.421212838769475
990.262 4.917828044809645
991.273 13.145244069282105
992.282 12.998158342226295
993.292 10.212741174842348
994.322 10.115697579701626
995.332 4.283480111609839
996.333 8.639010333031564
997.402 10.258065662916641
998.494 14.524125620206362
999.553 23.168267814051624
1000.563 28.718377617784263
1001.703 29.027103155197892
1002.704 33.978308473025336
1003.723 34.596059473920015
1004.783 34.36153134062793
1005.833 35.774091268473526
1006.834 46.81664635212977
1008.013 37.13931220311732
1009.014 40.69390278485923
1010.064 47.86790582649737
1011.183 46.60180949695393
1012.353 45.93111249672647
1013.923 34.99185194977719
1014.936 26.964183766848798
1015.943 47.07318367630548
1016.944 48.21514643007133
1017.953 49.48492628010152
1018.954 48.63710766039597
1020.214 40.745706993829984
1021.283 50.34168212754798
1022.403 47.87317364407983
1023.563 47.15159115280363
1024.603 43.44881206851361
1025.613 45.060086577537476
1026.614 45.812933584363506
1027.643 14.473257834915083
1028.654 33.43664434544331
1029.703 32.470098967769054
1030.704 41.624322513778075
1031.834 27.64116697423888
1032.873 30.265637740438713
1034.004 31.0625516418008
1035.014 30.38637033895673
1036.023 28.265574223494504
1037.043 23.122057067844423
1038.049 18.8529412195725
1039.054 20.960720019656954
1040.074 20.764215722094534
1041.083 22.333951823341813
1042.133 27.55574853417838
1043.162 32.40540162896357
1044.163 28.820047717822778
1045.164 33.24710037260722
1046.184 25.296980255739758
1047.244 30.864170322876284
1048.255 42.508602113547866
1049.264 20.54747868339369
1050.274 27.242819713647236
1051.294 32.983496008950986
1052.304 19.866357814951726
1053.305 28.796701110185026
1054.444 19.750216547107833
1055.452 66.87543830478398
1056.622 22.695902928794325
1057.632 28.540096842822923
1058.642 22.49220603920968
1059.662 22.865145322639233
1060.702 14.891899278314414
1061.712 15.307870124775958
1062.762 10.245745567044754
1063.769 20.297813751713434
1064.782 18.884154538448364
1065.802 17.728524612842524
1066.812 17.902424383223114
1067.823 16.822342741071225
1068.832 20.257580225931246
1069.862 19.35618423115594
1070.942 21.64310345730637
1071.952 25.945542584471546
1072.962 17.280148614073273
1073.982 32.6277916402209
1074.992 18.540252305079797
1076.01 17.083949216355848
1077.012 27.19880033003685
1078.062 14.97191291912189
1079.082 9.50573457232859
1080.092 14.5295038472466
1081.102 9.575005243950264
1082.113 12.959939668744735
1083.142 8.403935221934853
1084.412 5.676723909327497
1085.452 7.055191771976176
1086.462 6.745841071929081
1087.502 6.8032206372644515
1088.772 6.468485878772551
1089.812 6.551249502552727
1090.842 6.106018953842292
1091.883 6.544956275376675
1092.933 6.738428059765098
1094.153 10.085005166070104
1095.163 11.934949588799444
1096.173 8.836277989800413
1097.183 12.453860440493665
1098.184 9.631049797122627
1099.253 7.7113789214728605
1100.273 14.651105913662825
1101.293 15.369256873930413
1102.324 14.392229453233409
1103.333 14.629715214152695
1104.343 13.45811225325807
1105.344 11.9555681941517
1106.353 9.025960945048128
1107.384 13.216875815031694
1108.413 7.709564355858862
1109.423 7.315453083606248
1110.433 5.0834676746254575
1111.453 5.908970139551728
1112.473 4.881323158754918
1113.516 3.319647966625425
1114.523 3.9150893441641745
1115.533 18.05946319358819
1116.552 5.400441199365587
1117.582 3.0057711480139044
1118.602 6.422793629962105
1119.613 9.297998821119336
1120.822 9.96462955615201
1121.853 6.100096530021995
1122.873 7.333440598138397
1123.903 9.667863343573654
1124.942 6.944909283880619
1126.053 8.087981506451717
1127.063 11.634527516781072
1128.068 15.202001878771688
1129.073 18.789359444365378
1130.304 14.561133223886337
1131.313 17.53857190388644
1132.333 15.708237648842287
1133.353 16.41568395304868
1134.373 16.220370930385773
1135.374 24.63220210997912
1136.563 21.05080965754585
1137.593 23.807373852289185
1138.594 28.011336534435294
1139.603 21.114365909314778
1140.604 21.266846011235174
1141.613 25.803810439593978
1142.614 26.56403821891782
1143.623 23.50892337097871
1144.625 32.42933885497026
1145.634 26.090291626437065
1146.804 26.652946694201397
1147.813 34.776803690137825
1148.853 30.92135245136645
1149.864 41.212608146675784
1150.865 33.19332662840704
1151.904 34.05308289209526
1152.906 45.24415824114092
1154.105 33.633831013611356
1155.113 11.302813360472669
1156.168 30.462465883576012
1157.544 26.940905444254245
1158.545 39.26822878652888
1159.546 38.744652402615905
1160.564 29.228813742496804
1161.571 37.733115307561896
1162.574 31.03758203920048
1163.585 37.32462624605955
1164.604 33.688466529428254
1165.605 26.893761212085767
1168.014 12.074532084413446
1169.194 50.63517168666607
1170.204 37.36158132155283
1171.274 29.329525462017493
1172.285 38.102222626230684
1173.305 39.30749701531636
1174.314 28.696530018162758
1175.459 2.7410217791423404
1176.464 63.649912902757215
1177.487 26.755251586850974
1178.495 36.65580078816105
1179.505 29.6592828573865
1180.506 28.534912918108816
1181.524 19.589620190749894
1182.534 21.534800345034764
1183.535 20.7767586139418
1184.554 20.784592773850505
1185.585 17.79194821256016
1186.586 13.549069856448094
1187.594 19.757736595003706
1188.614 12.848779876632873
1189.624 22.137833722799574
1190.646 23.62392671324282
1191.654 26.926491380788693
1192.655 23.136488288256615
1193.666 28.430393966278803
1194.904 26.416878359277906
1195.906 28.949960157730516
1196.915 33.08335625040996
1197.945 13.017693186297766
1198.975 27.890141703601223
1200.094 27.459071551317745
1201.195 26.96638925145888
1202.205 21.015889493340545
1203.206 24.67870395980863
1204.214 27.217247545986037
1205.226 25.589327745540917
1206.235 23.091256962063046
1207.245 25.361009234682204
1208.265 28.51983293066697
1209.266 27.88101653545351
1210.275 29.149887920171377
1211.276 30.303514138789808
1212.375 37.56417141697081
1213.385 47.48034292945842
1214.386 26.507585356079247
1215.396 35.5780149291059
1216.436 33.51216091692275
1217.442 25.421480360278583
1218.455 42.165988901014394
1219.456 33.64877684530339
1220.465 43.89142382283108
1221.473 31.71636663930836
1222.505 21.743021684051882
1223.516 17.62551794950817
1224.525 18.699304823934693
1225.535 17.243567982787866
1226.545 19.459156938281826
1227.555 14.270048421411461
1228.575 15.414704711880317
1229.586 13.206443784381738
1230.616 17.76173735465315
1231.636 20.03911612545399
1232.646 16.904431363635236
1233.656 20.0637942903087
1234.657 23.91075365700435
1235.675 26.426280691492703
1236.676 30.367430261684493
1237.696 19.18894107390872
1238.697 31.13633739255681
1239.716 29.44996236189171
1240.736 33.75902659099143
1241.746 29.631782099565825
1242.756 34.809700652791086
1243.757 25.720115758268545
1244.776 30.178969287971757
1245.796 40.51516045186249
1246.806 33.729205359765125
1247.816 32.203956430962215
1248.826 43.847966967670715
1249.836 25.458494679803415
1250.846 40.47504643162237
1251.906 27.429155687819158
1252.907 35.07961771594345
1253.917 24.027317308877915
1254.926 31.425220607002323
1255.927 24.01543066072169
1256.936 15.063328885942735
1257.946 19.978067789952103
1258.947 26.425872228748496
1259.996 29.898414246015587
1261.016 26.230969267013815
1262.017 24.676407572062217
1263.026 38.437459915771306
1264.027 34.863565911433874
1265.036 26.632118867919946
1266.057 31.320714753121838
1267.058 19.836579237603555
1268.064 40.63598100976459
1269.067 24.337861535409484
1270.077 35.02648248894081
1271.097 30.619912778336268
1272.106 33.44900420644189
1273.136 17.045969579459438
1274.156 12.074852024308644
1275.166 18.21820894755122
1276.177 33.998500412426345
1277.186 22.70928204626428
1278.187 25.917030999022856
1279.217 22.571552216449337
1280.228 21.66204652703422
1281.247 18.072294817031338
1282.257 24.1293546035777
1283.267 18.90383128998295
1284.276 14.990616961124099
1285.277 12.434747750104572
1286.487 15.652168969424563
1287.488 23.410906612219737
1288.557 18.208308461820167
1289.558 35.335473573207636
1290.668 24.982657242395476
1291.687 15.66974405325286
1292.708 16.67746675176564
1293.716 16.89806419308551
1294.737 12.082537701392493
1295.832 2.866182590985601
1296.987 27.837959267004177
1297.989 35.04460811755669
1298.998 25.935375358439288
1300.008 31.248826661337134
1301.099 26.82816401845524
1302.108 29.17798547862382
1303.118 28.98314353497798
1304.119 34.269758338682756
1305.127 24.17494986655074
1306.137 19.718612364116964
1307.148 15.39485464950644
1308.157 19.47844252493297
1309.158 26.791954693051437
1310.184 30.896875005159405
1311.188 28.608771286448544
1312.197 31.684933173834136
1313.201 27.799233075574655
1314.208 27.38333038308343
1315.218 32.95083908206815
1316.219 28.230832920325035
1317.238 36.657694068378724
1318.258 23.37896881302567
1319.288 7.886941148707973
1320.31 29.640540995399235
1321.328 21.28957373837532
1322.349 25.660680544210834
1323.358 21.427615716001526
1324.359 36.91213505927968
1325.368 32.128039263984675
1326.378 37.68836618898526
1327.418 36.67229693282089
1328.419 50.52512103862246
1329.429 35.125295556746025
1330.438 32.35168064123814
1331.439 24.346301847762835
1332.638 18.954018374279435
1333.668 11.7032029948624
1334.67 16.73772327997847
1335.678 14.55833222789495
1336.698 13.327108981173785
1337.717 20.88047650216104
1338.718 20.15769077708163
1339.748 17.335164860687602
1340.749 25.734850912455876
1341.75 36.579350215863
1342.769 30.74347229058001
1343.989 28.77201886439993
1345.029 34.32075249690649
1346.03 30.175107795944108
1347.049 36.15332955526505
1348.069 34.91370520917811
1349.079 31.289413986845872
1350.089 29.692852748058424
1351.099 38.39940302474971
1352.109 27.415410676695217
1353.529 20.478927512829323
1354.539 19.718612364116964
1355.54 25.43632051811323
1356.549 33.502921142854056
1357.559 26.685976782027794
1358.56 29.405626568254913
1359.629 30.49035574203792
1360.649 38.19327378128755
1361.659 37.53018941630935
1362.669 31.27348251320113
1363.679 21.7942557708699
1364.689 17.140179239591937
1365.69 47.38366273586297
1366.691 38.35503196498977
1367.699 44.056970469369126
1368.71 35.74366518475628
1369.711 30.105642069608287
1370.72 25.02011637787365
1371.721 37.727161308850064
1372.73 39.87783948159155
1373.82 47.55847666836537
1374.821 53.66657934162139
1375.83 34.82920183955484
1376.839 29.34752007091114
1377.939 24.175886920309082
1378.959 23.635880558230856
1379.969 16.086236402305317
1381.72 5.537321110105483
1382.73 19.25394438654748
1383.731 32.199947605020725
1384.739 14.596149533041688
1385.749 19.459156938281826
1386.91 13.900174704244943
1387.929 19.030126131064716
1388.939 27.954425530698803
1389.95 24.318644686283122
1390.97 23.892792303436043
1391.979 16.436691977816967
1392.98 33.77067675652019
1393.99 36.67387271472892
1395.0 43.71539434860491
1396.02 34.47556551520076
1397.03 38.39940302474971
1398.04 22.411979690441164
1399.05 29.318463120280448
1400.07 29.776091837151867
1401.071 28.864253180145326
1402.08 27.78924466896248
1403.09 26.481902192867675
1404.091 25.11214712838642
1405.46 37.029250829318215
1406.58 25.69360922535154
1407.581 25.13166642327312
1408.64 20.34357078021759
1409.67 22.64315362047955
1410.68 14.788959273081737
1412.21 3.768038929564359
1413.23 6.775671677643832
1414.26 5.597184041020107
1415.35 3.365779560952209
1416.41 3.7082544353999753
1417.48 3.9185043753624447
1418.488 19.703929974785005
1419.528 4.535480424834986
1420.568 5.078286663158142
1421.588 8.47808759153178
1422.778 6.252806911331541
1423.788 5.708019368564585
1424.848 7.169291908460704
1425.849 8.203462142392798
1426.868 9.257899198902173
1427.879 7.6204066306735765
1428.899 6.930983090840127
1430.178 9.259736721952532
1431.188 10.12879011295365
1432.199 7.0832512364931075
1433.248 8.993135637452534
1434.249 12.503256648276578
1435.259 19.788976372139885
1436.263 24.978346333215274
1437.349 18.854959332915602
1438.35 28.35120190629775
1439.573 21.99459701233426
1440.649 20.235903604224188
1441.819 19.95205351574376
1442.829 31.315018140695425
1443.839 27.109867773882986
1445.049 22.981616077938522
1446.21 27.59097314931485
1447.419 27.951478186043076
1448.549 28.190749101440897
1449.55 31.93815941294451
1450.569 24.50294166426187
1451.58 30.287985318923155
1452.589 33.03836218717526
1453.609 30.007592320782532
1454.62 35.916274907460455
1455.63 41.1018740503029
1456.7 44.72623287214371
1457.701 52.61942657403489
1458.711 36.90506874101128
1459.72 39.99801349821269
1460.73 48.97733245880433
1461.731 42.946276336698574
1462.749 41.95738143479962
1463.75 44.5039926247008
1464.77 33.49468097931418
1465.78 32.272234174401405
1466.789 27.618381137994543
1467.8 34.99183710554613
1468.81 25.51747906373623
1469.98 27.189470026367985
1470.99 38.39940302474971
1472.01 28.07925182377015
1473.02 30.09682939797742
1474.04 18.667981146148158
1475.041 30.534683828618153
1476.07 30.584895828710078
1477.22 27.30770006218225
1478.221 31.41458302927099
1479.23 28.33410948419621
1480.251 34.90577599796618
1481.26 31.28137261158585
1482.42 26.058522957039415
1483.43 32.172472804610635
1484.44 24.1293546035777
1485.451 16.09021983348703
1486.46 8.051089576982191
1487.7 4.437943211409776
1488.71 19.718612364116964
1489.73 11.817940279103455
1490.74 8.914797394994924
1491.75 15.567325550611097
1492.76 18.161879809058252
1493.78 12.351295071768153
1494.811 16.01275339130175
1495.82 14.018593318542367
1496.84 12.074852024308644
1497.85 11.156583311270088
1498.87 12.588675514719021
1499.911 10.441052744609106
1500.93 12.8581933317966
1501.95 10.576763580277905
1502.951 13.089409595501644
1503.98 11.438689607624903
1505.0 5.628395470449527
1506.02 9.248822827123401
1507.05 9.413445887174532
1508.074 6.348692937272548
1509.11 9.248822827123401
1510.111 9.94795129259849
1511.141 9.15121736849885
1512.211 9.885773556617568
1513.421 9.952415331010213
1514.461 11.086729927387713
1515.481 7.1954068753739
1516.491 11.765962173296593
1517.561 12.726187958104406
1518.571 15.410666061040242
1519.581 14.054404547740184
1520.601 11.571733189959458
1522.121 7.185025928930003
1523.131 10.89712788543495
1524.151 10.023877485334944
1525.291 8.05782852790022
1526.581 5.396116226333614
1527.601 9.762646317533779
1528.622 8.231322617590793
1529.641 9.134956824059143
1530.651 10.37821703374073
1531.691 8.194955939817952
1532.702 8.963579325275289
1533.711 9.670496153354469
1534.821 10.730662403478611
1535.841 12.134197135052347
1536.911 11.691959167136009
1538.031 11.611261943358631
1539.042 12.326721563890473
1540.274 13.844036065743431
1541.279 14.160351111226516
1542.281 16.211037109059884
1543.292 17.225919809714625
1544.297 18.045241494418686
1545.482 12.506813303792768
1546.492 18.710377682989268
1547.502 24.191942535103525
1548.512 21.783255467717687
1549.522 18.381885871910992
1550.652 16.74782364574458
1551.662 16.345691828140453
1552.672 15.988940617605168
1553.692 13.950983847807782
1554.952 11.693490827504041
1555.972 16.18543994747194
1556.992 13.854641943352842
1558.012 11.304116788717023
1559.022 5.536187047057165
1560.032 16.605147253999533
1561.052 11.644599971494612
1562.202 13.660512883403694
1563.253 22.2012926120582
1564.254 31.813963114460197
1565.262 35.70941797557918
1566.264 31.80917897352138
1567.272 27.508383784700854
1568.284 30.53771047212641
1569.293 33.730739184224454
1570.403 28.223249496800396
1571.404 35.07961771594345
1572.405 31.658382851225692
1573.412 25.417160389973247
1574.613 21.60798083367913
1575.622 41.294298152836824
1576.632 25.684016119601896
1577.643 30.067060031528012
1578.652 11.752563201805282
1579.742 9.856925857062354
1580.743 13.874774171251376
1581.752 23.399380862820756
1582.753 26.89337848095433
1583.754 31.505481706869038
1584.953 24.215425308163503
1585.963 26.98336428766843
1586.983 22.81922798221034
1588.153 17.16989270211742
1589.173 16.699263437882315
1590.193 15.890780204646601
1591.203 15.307870124775958
1592.403 18.275957026824877
1593.423 26.975733245706753
1594.433 12.440773872973217
1595.443 12.453860440493665
1596.493 10.981142023333318
1597.683 7.126242456087813
1598.693 11.156583311270088
1599.774 2.9033024395267746
1600.783 29.933961678760216
1601.793 20.827367056719662
1602.794 27.274578830576036
1603.903 22.908939360411082
1604.904 19.147088846171908
1605.913 20.908760127113883
1606.914 25.50253302851488
1607.923 21.735929465121657
1609.123 18.60704911711455
1610.134 24.18127690480689
1611.233 26.710959491916043
1612.243 36.064304192377136
1613.244 30.03694180577478
1614.246 29.069061967070965
1615.254 30.10732582142383
1616.266 30.97507024176605
1617.474 31.517554547953285
1618.684 30.10848645883995
1619.874 30.619662554127746
1621.474 22.307052445442785
1622.484 34.24811621148329
1623.504 23.851288286103713
1624.513 35.06119654480272
1625.514 24.319702023951464
1626.694 26.443145572368785
1627.704 37.10212589557402
1628.714 29.026955087141836
1629.894 29.804970974994525
1631.024 31.77066130434083
1632.124 15.003266903046091
1633.255 17.84071482570312
1634.264 18.846817005630438
1635.274 26.204998010210907
1636.278 21.12640974605881
1637.294 29.14532259000816
1638.304 22.021848249678953
1639.315 31.881451585101036
1640.324 22.7056749272825
1641.334 31.394106527153106
1642.335 25.0258412258023
1643.485 24.887918686146428
1644.487 36.09071582244759
1645.655 31.2510161997845
1646.664 40.25544788479123
1647.675 30.54055256411071
1648.685 42.031778986776864
1649.686 32.01776751821429
1650.725 32.998136625207856
1651.734 37.138897080893905
1652.914 14.038530936713666
1654.004 9.856925857062354
1655.174 5.1514098652440845
1656.279 8.319988056028263
1657.304 10.993316238418846
1658.334 11.957620451261521
1659.364 8.574314627417138
1660.4 9.864815853275356
1663.279 6.571975996903602
1664.289 20.629361600147405
1665.299 13.515958674951879
1666.309 17.014244734664498
1667.319 8.49526859239303
1668.32 18.372249380511512
1669.509 15.43099888046443
1670.62 19.022075927828382
1671.739 20.214313799910194
1672.74 20.686625398750294
1673.749 20.51729279293067
1674.759 12.34594367345947
1675.769 17.64296895736403
1676.819 8.73499933673697
1677.919 5.875749852885424
1678.929 20.496978641646322
1679.94 19.97157018603613
1680.949 18.53109917016038
1682.03 16.425348493948555
1683.089 27.96189589368858
1684.09 43.224904704544194
1685.11 56.854612585418785
1686.141 40.127197486586105
1687.19 50.5207353477433
1688.191 57.567759224746446
1689.192 51.63618992910364
1690.21 59.06994033079038
1691.213 62.602471042849054
1692.221 43.07923159997683
1693.23 41.353508242639556
1694.24 46.961432077740255
1695.241 39.852468077402364
1696.25 52.84391344965878
1697.251 45.02756900861377
1698.26 40.5971749467271
1699.261 48.7687672189364
1700.28 41.85520515519798
1701.29 31.839429143977725
1702.501 52.89092906087759
1703.7 59.57710368399321
1704.94 50.50802035849851
1705.941 43.86827597737355
1707.0 35.48037259784145
1708.02 46.75793762614711
1709.021 44.577859760844
1710.03 49.34538772989085
1711.035 39.57624863153515
1712.04 44.95947692557414
1713.05 51.6316297429643
1714.053 45.48705335804728
1715.06 44.309778926966
1716.061 56.54624945254412
1717.072 40.81206264280766
1718.08 52.851109230051534
1719.231 49.75705634887079
1720.232 53.66657934162139
1721.241 48.34982288977029
1722.36 52.11206410977866
1723.371 55.209342988798454
1724.381 43.34441860831017
1725.391 48.258709206915945
1726.401 37.74740341367791
1727.43 52.46092896109798
1728.431 38.09821927977726
1729.45 40.06605522786018
1730.451 51.31048561437219
1731.471 47.26309406392639
1732.472 75.09627751027018
1733.473 78.01288118914478
1734.481 66.62972083967362
1735.621 53.54371101972264
1736.623 75.84280861237252
1737.642 68.14748473222032
1738.661 55.46468166897254
1739.801 49.22947764070046
1740.802 59.42591956370628
1741.813 56.864490507458896
1742.921 58.0191239234607
1743.922 66.42358682500542
1744.926 74.07474963066323
1745.931 67.00450275799582
1747.152 64.81212462771167
1748.156 85.7824312790423
1749.161 92.16179092029083
1750.172 57.135334022886724
1751.173 66.35220744229406
1752.241 61.85066313818302
1753.242 83.57721982685088
1754.272 63.75277428526175
1755.282 80.51899477620351
1756.288 75.78040738116133
1757.291 67.39082316555071
1758.301 67.01991587695377
1759.305 63.12165757071529
1760.312 57.637352654952785
1761.332 49.71636651642082
1762.351 67.39915079090537
1763.352 53.815653172987545
1764.362 45.12058824498241
1765.371 45.188847567581846
1766.377 43.514858075892136
1767.422 45.43643187181786
1768.522 49.51870427423091
1769.523 63.62486437867166
1770.532 46.70212890653525
1771.533 48.97754712931474
1772.672 52.62099462973065
1773.701 141.04837793847943
1774.711 59.93420336997603
1775.721 51.89108516870365
1776.911 54.519215692983465
1778.011 62.89199522450618
1779.012 53.69662374657348
1780.021 56.35686764540171
1781.022 42.43188550329236
1782.023 50.84910306266382
1783.191 55.847886609713
1784.192 69.96404248182266
1785.201 68.78111437198606
1786.203 65.44704797762793
1787.211 44.91137551442913
1788.212 56.14074566709689
1789.301 56.085744476623546
1790.411 53.71724313536993
1791.621 48.029198179964126
1792.622 41.88611070561484
1793.631 40.83486510308706
1794.632 43.95573007359143
1795.633 54.8599354562502
1796.691 66.9310669711092
1797.692 80.10718672455722
1798.702 56.1656512415295
1799.703 55.16133633491668
1800.811 69.72242695683683
1801.812 79.32182214880748
1802.813 68.38470187663333
1803.821 63.91466637353467
1804.832 45.39957812902138
1805.842 70.05296497788162
1806.852 52.686900203078594
1807.861 53.71930427291875
1808.862 44.29004584225219
1809.863 67.27956532096417
1810.872 50.93460841572828
1811.902 57.7324357978267
1812.922 56.14779899157489
1813.923 70.30008054093406
1814.932 68.82383025472805
1815.942 58.02868534113257
1816.953 55.20688135679788
1817.962 50.89379101661051
1818.972 52.40772009575225
1819.982 45.502943609343305
1820.992 66.68004444183327
1822.074 55.277495277006906
1823.083 42.866052788948394
1824.084 60.996648714966305
1825.093 43.33421886380053
1826.193 45.25098839021701
1827.203 58.636926240560896
1828.211 48.441497426866434
1829.212 61.258436907042515
1830.213 45.208600901546994
1831.231 57.661292281887064
1832.252 64.14900404888205
1834.603 4.4406840580233276
1835.784 117.6036727182023
1836.792 30.41651554766885
1837.793 45.02756900861377
1838.794 50.786909230459216
1839.803 45.950139521961816
1840.804 58.90234317979331
1841.813 41.44522760527165
1842.815 49.69011598746602
1843.823 34.99659027890095
1844.824 59.687707755543045
1845.833 44.864966252479796
1846.834 45.42943684699538
1848.042 45.145133252147176
1849.043 57.06982583645708
1850.044 45.541959841780546
1851.053 59.73389040986787
1852.063 43.760533523692224
1853.083 66.23241255337767
1854.193 49.073970412404485
1855.253 48.556989547775245
1856.255 53.38227207414654
1857.263 72.79166113947474
1858.283 59.474177842796614
1861.094 11.000387480995236
1862.373 108.68905409691719
1863.374 43.71862804895106
1864.375 50.786909230459216
1865.544 44.068270257025915
1866.545 63.090954250378736
1867.553 68.89210786407733
1868.554 59.510311809675436
1869.556 80.21459059309457
1870.563 59.62178428885547
1871.573 32.95083908206815
1872.713 12.840872466810788
1874.033 9.330567473339203
1875.035 2.6178819191099065
1876.193 37.51969782225443
1877.324 68.43090238071859
1878.334 75.05693186276214
1879.544 60.491801808162016
1880.545 80.50082584061984
1881.553 45.099321819969596
1882.554 41.362534321701865
1883.555 35.607212778053466
1884.565 54.43177587374846
1885.574 44.94565180866379
1886.654 44.45399516246608
1887.664 52.928906872139976
1888.674 28.9499529650045
1889.675 33.563045039775595
1890.683 47.57454995908226
1891.685 37.15001457859661
1892.694 39.47555079031933
1893.734 37.35085274323054
1894.764 47.83247919438776
1895.774 42.23338799091819
1896.784 44.16697575863
1897.795 45.8562075823216
1898.804 38.639458579181984
1899.824 43.42217937184441
1900.834 45.148278663152304
1901.844 38.7011527196197
1902.845 40.091292392732804
1904.085 33.21165883927834
1905.112 56.39050204720443
1906.115 43.975987547755956
1907.125 45.92721392189694
1908.13 49.647953701589344
1909.131 49.226705189264585
1910.147 53.217061459537064
1911.148 50.8355161023497
1912.149 48.422012684074154
1913.154 47.76497695271397
1914.213 48.50100314252131
1915.215 70.8737970137217
1916.216 55.47230549570025
1917.235 59.92613638162915
1918.236 67.8031417046377
1919.245 55.98286636089647
1920.265 54.24974458339359
1921.266 59.2569437058431
1922.295 62.40718660276574
1923.296 69.37387085613716
1924.305 48.2355341723363
1925.325 48.85748778374396
1926.327 50.605877337526
1927.455 54.41968031544033
1928.456 64.66168340187821
1929.457 45.90268406808835
1930.465 46.2754590139988
1931.475 52.669451446161176
1932.476 49.11092897854525
1933.485 53.60045919473877
1934.486 62.15594174620652
1935.605 59.4331990640872
1936.636 50.94245756856416
1937.835 52.62465489376057
1938.836 67.8031417046377
1939.846 18.334091451359896
1940.945 55.53776107602739
1941.946 61.258436907042515
1942.956 55.8866607945524
1943.965 64.40871661571386
1944.966 39.92212516942363
1945.985 51.210206219612125
1946.995 43.13958537727428
1948.146 44.189421267758874
1949.147 53.66657934162139
1950.166 44.53352546949299
1951.356 45.02668084690709
1952.486 47.046230416893486
1953.488 61.1973007424632
1954.489 47.950870484802714
1955.496 44.46861715698779
1956.506 44.328376758200484
1957.516 44.46132869796474
1958.756 42.38553998696413
1959.822 2.944155663347912
1960.826 89.23102971444133
1961.827 41.1487789049387
1962.836 37.758372304570486
1963.837 38.8602372476498
1965.046 49.39112736794038
1966.209 53.83937691757391
1967.396 55.301877387209124
1968.397 60.996648714966305
1969.406 42.84611871041528
1970.476 41.03043589095908
1971.486 42.85257355478549
1972.506 33.017854282638986
1973.526 32.6277916402209
1974.536 29.059007694541087
1975.537 16.784871418592857
1976.544 25.50238138025844
1977.546 44.19805053625002
1978.548 35.79324806136665
1979.556 42.37514559180589
1980.557 38.59730086193983
1981.558 54.451943917371125
1982.577 40.1516008277693
1983.587 58.636926240560896
1984.597 35.56341107838461
1985.606 48.82596259574834
1986.607 30.11999449242473
1987.627 33.21391963381802
1988.787 27.00095038473139
1989.788 34.03246494835695
1990.796 34.05609860464259
1992.016 20.190736171797138
1993.476 18.211959053418656
1994.717 12.880780649664898
1995.718 21.280241605839915
1996.727 34.27522430258968
1997.837 30.18610476885388
1999.086 33.77906068574583
2000.122 26.32170725749879
2001.137 28.657682552952426
2002.146 14.937459418161616
2003.147 17.278020666063128
2004.216 15.198408574689404
2005.237 5.9031827055204396
2006.296 3.2168552798144168
2007.304 38.352068455556896
2008.324 31.562021059849485
2009.334 30.65272759871273
2010.484 26.333091345322014
2011.488 29.5612140742597
2012.494 25.258295120004348
2013.504 22.436825202702273
2014.514 21.981640245084165
2015.535 31.522290207490766
2016.544 29.353785066966815
2017.559 34.8367641640334
2018.575 29.692843787740163
2019.625 23.643607227268223
2020.665 23.87868556032978
2021.674 23.63384359692378
2022.804 9.359848109344439
2023.834 8.65019351792928
2025.284 13.08809920281933
2026.294 9.859306182070455
2027.634 7.025996373425789
2028.643 6.948260409076669
2029.674 9.404315483773933
2031.045 4.206010547979251
2032.434 8.70156995046889
2033.484 4.242713963568218
2034.543 2.637481266027329
2035.583 3.023653616564639
2036.623 2.51971134714119
2037.703 2.4263887046411767
2038.704 2.5715714348700613
2039.723 10.28655466544686
2040.724 11.358124674311028
2041.904 12.687567056244971
2043.064 19.88741502425527
2044.174 20.708174893532593
2045.353 20.744209899788924
2046.424 21.47137585337983
2047.604 20.48523576983122
2048.714 22.36678242131083
2049.743 26.914418163773828
2050.744 15.49104834439259
2051.774 13.131139566722325
2052.783 9.86907754597817
2053.784 10.439569614968338
2054.804 19.186835432160844
2055.814 21.098012446104125
2056.824 27.187059556369547
2057.954 27.21228271100242
2058.956 34.855528554560884
2059.974 32.85402735609604
2060.984 30.6959665982486
2061.994 41.13146107268336
2063.005 46.91498160086504
2064.024 33.80614531614773
2065.044 36.692201781910356
2066.048 27.791028941033684
2067.054 35.426239854746385
2068.07 22.991365328410033
2069.084 17.16138747023374
2070.094 27.225971958685562
2071.274 21.42500143962414
2072.275 28.011336534435294
2073.285 29.57791854625925
2074.294 22.7656670114837
2075.295 30.891006645358022
2076.394 31.261614845949442
2077.395 40.838957938028344
2078.505 32.55364578169439
2079.515 44.36687781914944
2080.525 35.1186574428471
2081.535 37.84730160329752
2082.536 47.38366273586297
2083.605 30.65664657340529
2084.736 29.358862965358654
2085.885 36.718926715670975
2086.887 26.32494098801517
2087.925 30.03311154328533
2088.935 39.17776930244668
2089.945 31.860860768947152
2090.955 32.219318923080394
2091.965 35.565687003293625
2093.067 37.35657063835833
2094.075 39.515473190103194
2095.085 26.556559217425548
2096.086 29.843853877771522
2097.095 19.049195365598337
2098.115 26.975733245706753
2099.135 19.44942103780097
2100.136 31.93815941294451
2101.145 36.707751437911114
2102.306 2.7032471465265986
2103.32 83.96317487653673
2104.405 31.232972100941904
2105.406 31.676371221107754
2106.415 23.07398076060383
2107.426 23.268586416675127
2108.435 27.010106967988143
2109.447 18.281200938356758
2110.448 23.962039647892396
2111.466 29.425528594512496
2112.475 37.398609647965166
2113.487 24.918121092582414
2114.495 24.957140962208246
2115.505 22.818801246316838
2116.506 29.843853877771522
2117.515 6.906303919808315
2119.11 21.43324701136894
2120.115 32.364738578337644
2121.306 33.48709135963883
2122.316 44.6853176293005
2123.326 43.25983007028836
2124.334 44.322261715600675
2125.336 52.34323783140302
2126.337 51.9253434072541
2127.516 35.58394732641339
2128.526 41.52140285292874
2129.527 41.875394229864
2130.536 44.475017705243836
2131.537 46.329238073905806
2132.756 50.113606268410024
2133.757 54.451943917371125
2134.766 42.617920972415824
2135.846 56.94156071446237
2137.257 56.72680299914674
2138.537 63.501894763584744
2139.686 61.12218857032502
2140.687 47.042840535573305
2141.688 45.7325600165914
2142.689 65.18525978555174
2143.69 60.072735417915816
2144.696 64.61811804428186
2145.697 69.02826451514812
2146.698 67.17527104849799
2147.896 58.26706724862065
2148.897 73.56248192672258
2149.898 65.09704022683152
2150.907 57.90147396487294
2151.908 56.90372046315719
2152.917 56.09032053709173
2153.928 76.46364404569212
2154.93 68.1858729795035
2155.936 58.12745844080854
2156.937 80.36897491639398
2157.957 67.36155220719682
2158.958 75.08919698158495
2160.217 45.357320577297635
2161.247 42.487715220425095
2162.248 35.683759033074516
2163.347 55.99358549186681
2164.348 65.95761149804366
2165.349 79.76024082400953
2166.358 84.215596816878
2167.368 87.50949776296906
2168.398 88.1922420366887
2169.399 87.35190702374521
2170.577 83.16273290295638
2171.578 103.14454761265735
2172.587 88.91301497861834
2173.588 99.2177247339087
2174.597 108.04042787171312
2175.938 6.147394201385168
2176.967 144.51291142652636
2177.969 88.39610107226059
2178.97 66.44501977650708
2180.208 68.25685493435124
2181.21 99.38634956380332
2182.217 60.008702803221446
2183.218 72.25354096729933
2184.247 65.37399316912618
2185.258 78.43927038147187
2187.258 9.747090762080166
2188.977 91.47977959849786
2190.008 33.296360226403976
2191.009 54.71373210920788
2192.017 51.47410323424023
2193.018 38.749053812423284
2194.138 42.44390087344456
2195.158 61.462164126015054
2196.169 45.54907216988605
2197.357 37.74124440228085
2198.369 41.171884225459905
2199.378 30.89953047680413
2200.388 47.73979835519778
2201.398 35.285937914680176
2202.418 26.65891298704167
2203.567 36.66774481865421
2204.618 48.46957187013533
2205.628 53.966728575576305
2206.629 44.913323723138525
2207.63 56.3286667230299
2208.638 69.11825154830595
2209.639 55.182960652103795
2210.64 94.2582928760754
2211.649 60.52536825463903
2212.748 34.10324707524921
2213.749 57.06982583645708
2214.75 55.35136241291067
2215.759 41.16273323399152
2216.769 53.04441005498682
2217.838 53.95546143497954
2218.968 59.248241988577846
2220.118 60.382801879013385
2221.129 59.3565236828849
2222.161 46.1678592262266
2223.18 119.29508438564136
2224.32 45.291973034401856
2225.331 44.841391253821826
2226.34 43.37199868892801
2227.351 37.74601375813183
2228.371 34.93999734694788
2229.381 30.054155808148344
2230.382 46.59829816011324
2231.383 37.93345346603601
2232.428 41.12554711656855
2233.432 32.27792852932853
2234.439 39.29448559615892
2235.441 35.74086620626719
2236.471 34.8980659715449
2237.473 48.16902731137326
2238.491 49.93879777971821
2239.501 29.02050663359214
2240.502 49.73975646287273
2241.511 47.007974626728405
2242.55 115.57118875341104
2243.56 46.18306580028273
2244.58 22.938575507106073
2245.591 26.179078130911776
2246.61 12.373567273194476
2248.92 3.4032464948356953
2249.921 56.78947517768194
2250.931 40.21559100588301
2251.94 27.101803729527788
2252.952 31.33206283828524
2253.96 36.589097903085694
2254.97 37.27282025465089
2255.972 36.647476382879624
2256.98 25.030685168682435
2258.01 16.4486092943691
2259.011 8.377222141122967
2260.04 5.168638660798757
2261.061 4.363221999739786
2262.112 17.032716502594482
2263.152 3.2756247512763634
2264.201 5.495805111768567
2265.212 5.4431746608627325
2266.261 4.655985610542571
2267.301 4.535480424834986
2268.321 2.826029197185242
2269.521 2.4021248176026666
2270.524 4.180258904911015
2271.526 3.922903893735975
2272.527 13.545433909334593
2273.537 30.53741050487424
2274.546 32.36610911721315
2275.547 27.21142817018367
2276.687 35.87896272661325
2277.688 47.56010185330337
2278.718 52.50933014745925
2279.728 58.05733947468283
2280.729 60.31710933668739
2281.746 38.158117289328615
2282.767 20.336937215510158
2283.777 18.94024608658761
2284.779 39.97366421345796
2285.787 41.5952349367743
2286.807 28.120301988830636
2287.817 48.777620058634106
2288.827 33.12058513915945
2289.837 43.06960068997375
2290.905 49.64823907219789
2291.928 34.1591263656582
2292.939 32.65904796527217
2293.947 29.621972065806467
2294.967 24.71930443115614
2295.977 30.09682939797742
2296.998 28.73109459084126
2297.999 42.41121801453245
2299.0 46.681733577894626
2300.018 38.718976698394584
2301.027 42.33314842088242
2302.047 32.03176177301435
2303.048 41.624322513778075
2304.077 35.095141765082936
2305.078 34.5525967506503
2306.079 36.82027955349386
2307.088 36.1657343481137
2308.097 37.33899726044092
2309.098 37.60660095743136
2310.138 41.28808591277701
2311.159 39.301830980655446
2312.178 42.823971753171776
2313.188 45.85457398898895
2314.338 38.18863754653912
2315.348 50.3343526137886
2316.358 39.31489377085162
2317.671 49.48500063271278
2318.678 49.96384923486535
2319.688 37.27832040621502
2320.689 42.93326347320133
2321.698 35.92538631463196
2322.852 36.46045435424541
2323.858 41.93841629875859
2324.868 33.05401433910272
2326.018 41.44460688348024
2327.019 61.47219232380568
2328.028 43.58557810239848
2329.029 49.07973637971996
2330.169 39.627766881817365
2331.179 49.55598633609164
2332.189 42.08602186078188
2333.268 39.6121773939323
2334.269 49.73975646287273
2335.278 42.67886229838124
2336.289 42.89758977637651
2337.408 40.66366581699043
2338.429 45.4288408207328
2339.439 33.78686212101393
2340.44 35.33509084183675
2341.448 42.11517537362165
2342.449 34.70951657320401
2343.459 43.58851154169191
2344.46 47.38366273586297
2345.468 37.504124658617705
2346.469 44.242204432864035
2347.479 37.90533768548421
2348.489 46.961432077740255
2349.509 44.52385712829374
2350.511 59.10508533244193
2351.519 47.42442095871248
2352.529 66.93949986757264
2353.549 52.61731259357124
2354.559 57.080193685645845
2355.561 39.72188719454373
2356.569 65.25252480710358
2357.57 49.38553866819382
2358.629 79.61453005622259
2359.63 69.80559173402487
2360.631 71.44406432117007
2361.639 46.59795130976348
2362.64 70.46006221397595
2363.659 66.93935644285834
2364.66 63.62122843136661
2367.161 22.047207687781054
2368.169 138.87350614619
2369.279 56.508798163001345
2370.28 67.01777712912741
2371.449 55.24297497865907
2372.45 71.2063881994734
2373.459 55.53235618456361
2374.46 63.39025010722371
2375.461 70.94460000763662
2376.469 50.09519687155994
2377.47 57.658849268269385
2378.472 65.01563210063155
2379.49 69.4070431192473
2380.491 77.87969070559971
2381.5 65.59060011301383
2382.501 53.4704295633694
2383.51 48.336913200550974
2384.58 49.58807321519374
2385.581 64.92959529421243
2386.61 50.73393739966457
2387.621 56.24613816243979
2388.63 57.74408966806791
2390.062 52.417183473352765
2391.16 52.45504157441837
2392.161 54.190155725294915
2393.169 60.24752799372795
2394.25 45.51915369594441
2395.26 50.728466922914116
2396.27 52.46101466777171
2397.28 56.948569368805046
2398.44 57.55049425001218
2399.441 65.97062436130146
2400.442 54.17752559340799
2401.45 46.899349530815996
2402.57 57.36636243990424
2403.571 62.82916605854198
2404.58 49.32298562255049
2405.581 57.06982583645708
2406.582 40.61544287346266
2407.59 40.40123429221307
2408.611 39.237665951224976
2409.62 52.461938533788185
2410.64 32.07469187275556
2411.69 38.851191079765144
2412.7 26.680286970114437
2413.71 35.02648248894081
2414.72 35.02648248894081
2415.73 29.694370031091655
2416.731 38.48286421077914
2417.732 41.88611070561484
2418.74 36.20389349322129
2419.751 43.286198493719
2420.761 50.3343526137886
2421.771 36.068666381367045
2422.78 44.410848956734156
2423.791 31.820062397186486
2427.04 6.129824095955768
2428.042 27.902705404956176
2429.051 35.32926244010785
2430.061 32.0717631328343
2430.866 43.62074202940304
