0.0 0.12084683283966272
1.011 18.58053510065654
2.11 29.443137552221923
3.111 19.650650793139445
4.14 18.25715971820423
5.141 17.853091600134036
6.52 12.059678969305532
7.631 17.31612374949856
8.632 17.959129435343833
9.861 15.104396454557405
10.87 16.094075380462115
12.011 18.677624363961016
13.031 17.697535500878985
14.032 17.51791036070531
15.041 19.56353815679908
16.071 18.301900956643706
17.14 15.378576958509655
18.15 18.78284432140049
19.151 18.139006402310727
20.16 20.632441558267086
21.36 16.646776256129694
22.37 19.97495968853909
23.371 18.26295930568102
24.381 19.681772890556402
25.55 14.642871739116115
26.56 18.686988999552963
27.648 10.57520790752962
28.87 16.47935408596943
29.95 14.293319047000933
30.951 16.63982993056728
31.96 16.486042654131467
32.98 16.078387647723428
33.99 14.205302818062536
35.04 13.603448623704443
36.05 18.627124411766232
37.06 11.90129598895884
38.061 11.252841596095289
39.079 6.34767422726983
40.08 12.218560602284013
41.2 16.63896519560842
42.21 19.85668785834632
43.211 13.354230659453028
44.4 15.371521462731819
45.53 16.36400794033516
46.65 14.961642739774934
47.77 10.942192197745923
48.79 12.604763115314292
49.799 12.730530231459293
50.8 16.836290440334874
51.82 15.732937760875807
52.84 9.071742109985271
53.89 9.412508160640334
54.99 15.747648647370397
56.0 6.970205507477013
57.01 10.096720580284957
58.219 5.895378501624303
59.23 8.27926908006362
60.239 7.894946222125352
61.259 6.753972941656705
62.279 7.150385002278794
63.28 8.397446053727034
64.32 11.945962566376588
65.529 15.094987216274005
66.53 14.62184277187845
67.629 10.45480611569603
68.83 13.546167513689701
69.99 16.720668335928213
71.0 24.197410331179526
72.01 18.954040246732383
73.02 15.08395660698947
74.03 15.626816846577874
75.04 15.476615516240992
76.06 17.888198179057234
77.069 15.317105938033041
78.07 14.985470234225255
79.079 12.804864711347674
80.259 13.90350424548577
81.43 14.582163813282001
82.489 14.504443707364562
83.509 20.43012963651902
84.529 11.59003377106367
85.53 18.839872916049988
86.54 14.075616206119104
87.75 14.028343417919777
88.89 19.73085183407754
89.919 19.136428392499067
90.929 17.89435306512523
91.94 18.26496886607591
92.941 18.430973592500237
93.942 15.855561512280273
94.949 17.85368794361528
95.959 15.875152912082031
97.019 15.320995203577809
98.049 15.132454412396664
99.059 19.789543796820798
100.06 14.785983530511837
101.089 12.271255902426638
102.099 20.935930005355832
103.309 14.834766877053728
104.311 18.293950068381847
105.319 17.014360097180653
106.329 18.822074221590366
107.479 13.271671878756514
108.489 20.322134133424
109.62 12.973739992326674
110.629 17.768942894376668
111.63 14.930998743518483
112.789 15.588016516609832
113.79 19.056790496758673
114.799 15.823997439833617
115.801 11.976121515395066
116.919 11.19716807302446
117.929 17.815773295663238
118.959 10.450044761942312
120.129 14.058998945811389
121.139 17.85920211479154
122.148 16.53683988353818
123.361 9.969105982303981
124.368 16.40054703200126
125.429 13.159434698947846
126.439 13.589621326413399
127.68 6.949582613815491
128.691 16.239855813790747
129.899 9.120058977302865
130.909 13.523758282985211
132.119 10.748774525958964
133.129 12.27775906782242
134.299 13.620512860511468
135.439 15.231662790325691
136.538 16.705087778814956
137.539 15.373186200184527
138.549 14.540976398258248
139.558 16.85891593366754
140.559 14.579476056879246
141.568 13.951104793045484
142.578 14.237454540537637
143.579 14.837186731758331
144.606 13.191943923423434
145.608 13.392176111150688
146.718 11.957723623716795
147.919 14.19733171452739
148.929 15.070400097137691
149.958 13.060089550412618
151.079 13.888150071776582
152.188 16.51337420934765
153.318 13.982815686808367
154.329 15.984933906885853
155.338 14.2400365517127
156.516 11.215726072557061
157.678 11.56765837340065
158.908 10.380915706406386
159.919 13.916434991782706
160.948 7.3040414266744085
161.959 8.131733176218225
163.068 6.084990305901211
164.158 6.302334149468623
165.168 5.415885670047123
166.328 1.904230441944304
168.368 1.9501050006146048
169.374 11.101278734231512
170.375 11.931919513457935
171.543 14.436723649296136
172.553 18.084744048612784
173.563 12.204697877566927
174.633 13.196981477711603
175.814 13.910507113425892
176.903 14.156499735121619
177.904 17.789904670800887
178.993 12.103751084145387
180.202 13.099360051315516
181.223 11.609872193027757
182.373 12.44108606245728
183.374 8.897131195060823
184.583 12.525587174688235
185.593 19.660178449998757
186.803 16.592115105602748
187.808 16.983043802823065
189.023 21.769097726989177
190.254 14.49468293885493
191.373 14.299759786804
192.533 12.280876196351166
193.613 14.30274328739096
194.703 13.492424331621597
195.813 13.053373438506213
196.934 12.194489051792832
198.132 14.940376610319829
199.191 12.29125372390737
200.193 13.150684990087806
201.443 7.303667816977677
202.452 9.531625747864217
203.473 8.38675638675681
204.502 7.149077240863082
205.522 8.200514644421414
206.633 6.9771399384128205
207.642 6.152228981118658
208.683 8.55118868210882
209.692 15.409693795837333
210.713 9.487719170998096
211.742 6.626367498599926
212.772 4.829929729381203
213.922 2.7737119895916145
214.947 6.145208928791439
215.982 6.242827554900714
216.988 7.391658435041341
218.142 6.04741535190672
219.152 10.11099690482704
220.172 9.215243988687181
221.19 8.766646350278787
222.192 5.996888425127742
223.213 6.1164730987679485
224.233 5.5252975017615755
225.282 1.9630732494290957
226.302 8.612963752739748
227.322 10.516620711500227
228.543 9.623442819654368
229.563 16.75253761593361
230.573 12.047898245919933
231.583 12.44739539463089
232.702 13.786606108290501
233.712 16.63923619736501
234.722 11.798482458493917
235.732 16.42533126754968
236.762 11.365986815018477
237.772 16.180058397597065
238.782 11.156767669169101
239.792 15.534680567188369
240.812 16.235788301058054
241.832 12.037645591374687
242.842 13.30613431068157
243.932 13.208844862622486
244.942 11.012924701811258
245.962 5.6878062518178405
247.013 3.9340086853904257
248.022 6.078374853283086
249.042 5.26240871238831
250.062 5.564024002137934
251.112 2.052253357794993
252.121 3.285608028801668
253.131 7.385298640967842
254.151 8.068892060321655
255.161 4.978238343174169
256.27 3.040036813806744
257.28 5.580003417618801
258.29 6.197844353308556
259.321 9.135375723391965
260.34 5.316325904446962
261.351 6.175294431823523
262.36 8.020678371467522
263.51 7.400253051799435
265.051 1.7210530829630963
266.2 2.596745562188286
267.23 1.6093099519623324
268.411 1.5151743524262618
269.421 7.699857657162038
270.422 5.869968885338727
271.431 8.883750919086399
272.451 9.48110260170341
273.591 4.057348059680685
274.611 6.987876252222529
275.621 6.827922138597157
276.671 3.787506042303453
277.691 4.062718751300622
278.721 1.9165846299294607
279.761 3.984589544540762
280.771 6.270425667113946
281.791 5.662859733162408
282.811 8.048697259516171
283.851 8.023938068196564
284.871 5.257775787495591
285.881 8.929421103742126
286.891 7.777117766401389
287.921 8.690273740632945
288.931 6.6825195727613265
289.951 9.892957745296183
291.172 7.428610340419521
292.181 10.983129557964205
293.251 8.139033188720719
294.271 8.030521938786693
295.281 4.923532427316943
296.291 2.4617662136508986
297.311 4.337130456419496
298.441 7.4880176824841245
299.461 6.500350002068878
300.491 6.2763088126743005
301.591 2.2857944270091344
302.651 3.792583592217923
303.661 7.922760270462272
304.731 10.288590435366938
305.751 12.037448924347384
306.771 7.163214640447907
307.791 7.150385002278794
308.851 10.601127323598382
309.871 14.46114048158062
311.072 11.549273745132393
312.271 11.906982564972195
313.291 14.911365746708354
314.301 11.27889622694765
315.491 10.074422455437254
316.492 13.087441402797054
317.501 9.879640808815036
318.651 10.895709661647304
319.652 13.911897676438029
320.67 11.0539753513179
321.681 16.104904207169305
322.691 9.848864391336928
323.693 16.840287190939907
324.812 5.648588655668812
325.821 9.142540586572308
326.91 6.088482095599283
327.924 7.48593781997894
328.934 7.959470819258808
329.935 8.059238620367635
330.954 6.204580048047672
332.144 7.156697998839401
333.325 8.816389983651225
334.334 13.13042331391671
335.345 14.03412813359184
336.354 14.15777626297567
337.355 15.477045175824824
338.426 13.795028836027097
339.554 15.037295966803287
340.555 15.354544845601842
341.745 8.483954613456705
342.764 9.390285103093364
343.774 6.716110924601888
344.934 9.806212268746194
345.944 11.143811004895099
346.954 9.451526686666588
347.974 7.063190979957159
349.025 4.416032256395927
350.034 2.0115943015561766
351.044 4.595296932158441
352.074 3.501543181307194
353.124 3.4730441439665825
354.144 9.485497940711964
355.154 6.043324134829854
356.164 5.82486037873853
357.184 5.476354808032817
358.204 3.73770125118809
359.205 3.643053297857618
360.224 3.8703860937102683
361.494 4.4376405132265475
362.506 5.4424189970897
363.514 6.913480488802857
364.545 3.200219744345021
365.553 5.0977447188806755
366.594 2.2779968107423145
367.624 4.666998860711969
368.714 7.069921853662158
369.724 15.622497958557222
370.744 15.086704134933731
371.834 14.729680109712564
372.904 14.777385067113718
374.027 13.594535680092749
375.127 12.217670901280512
376.274 5.763282753371847
377.285 7.820721258692252
378.494 5.989086386275275
379.504 11.47624541902231
380.514 9.029955221038758
381.524 10.5458849420816
382.674 11.118133441715406
383.776 9.251419839434686
384.794 14.913166078309045
385.984 5.696766634016283
387.003 6.614817905527495
388.044 4.936144742206743
389.054 3.152188463146043
390.063 6.078374853283086
391.094 4.982024061069274
392.123 3.86609737732787
393.144 2.6088676173398775
394.194 2.841581572328033
395.204 2.4617662136508986
396.254 1.9719357499977985
397.273 2.9280281167274165
398.284 4.209627202785809
399.383 7.48975364146087
400.415 8.065474691155528
401.423 9.229264384705395
402.433 8.534122874015026
403.443 6.684439078576892
404.463 7.592057175303883
405.484 8.200790160291534
406.494 9.48859714281585
407.504 8.805612978373064
408.523 7.589519273011954
409.744 7.502244454422469
410.753 12.501402303147321
411.797 11.292259453229248
412.803 10.742590164761292
413.834 8.600634635004408
414.853 13.400033158823032
415.859 11.290740493723332
416.883 9.131915377453138
417.893 7.62343733171037
418.953 8.40900074730943
419.973 10.658934660751008
421.173 7.279014004153229
422.183 10.214530249967122
423.223 8.385114313459521
424.233 8.196126958101361
425.243 8.436707953659221
426.453 4.314710987723447
427.503 4.262372358499622
428.632 2.7055309139070416
429.845 6.500361754049507
430.853 18.043213074210293
432.084 14.576872989277048
433.254 13.368336758091193
434.384 13.869324537535846
435.553 16.31073079731538
436.664 15.53381897095594
437.845 14.51789011494018
439.074 15.175086473386443
440.183 15.276119433686208
441.274 14.073240245859143
442.303 13.992111990161577
443.473 16.62487784257197
444.593 15.934346958064012
445.723 15.357020111633945
446.833 16.56628632982817
447.973 15.395984695761943
449.122 15.295742500046348
450.324 13.244395529910797
451.333 16.457079760583408
452.383 14.295380198891898
453.413 15.791353903736411
454.483 14.860391360542087
455.563 15.572884065061958
456.703 14.330790932326048
457.773 14.224424997816778
458.843 14.066565825881726
459.863 6.50522051286091
460.864 11.691518667847184
461.873 18.8119072850838
462.874 19.551512680000712
463.883 20.646011503694606
464.893 19.694849524003512
465.903 18.042274982293822
467.093 13.682809099755307
468.103 17.01869850398116
469.343 15.223101429088253
470.353 19.75207479122379
471.354 19.71952696681993
472.363 14.173627880657822
473.365 18.701957600887383
474.572 16.943253834668734
475.573 20.547977816494836
476.713 15.943476374713518
477.714 21.59758291838138
478.723 19.708364300213947
479.943 16.726956236566362
481.032 18.772485996494726
482.152 16.82623591106835
483.273 15.886300407747795
484.284 18.961419830440672
485.285 20.021662168586225
486.292 12.115797547653392
487.453 12.350138263125098
488.562 13.471807762335555
489.564 13.115645530200684
490.572 16.75254892946492
491.582 6.442341407075559
492.592 9.654994303555819
493.703 13.380809630829834
494.713 21.285879910169356
495.714 20.873717330920424
496.724 19.1385527435244
497.892 16.291394790910612
498.912 21.600834118693243
499.913 22.221826201704992
501.072 16.283979186140012
502.073 20.26133672774449
503.283 14.899356859812631
504.284 20.19016064655552
505.289 17.074553377766808
506.412 16.084484486663772
507.423 20.586220038858233
508.552 15.28529984604477
509.762 17.596714651418885
510.773 13.846682029937083
511.793 12.214171909051194
512.803 20.834076227881994
513.983 16.080435315858914
514.993 21.837018018597803
516.152 16.880623163146968
517.153 20.633316485339968
518.303 11.769705519348246
519.322 17.346402438272158
520.333 19.36699375293168
521.482 14.96461104029573
522.483 17.726596693831677
523.484 19.217178774933164
524.485 17.28791962212522
525.622 14.941594946915929
526.722 16.859757969013955
527.822 16.137391531080134
528.862 17.02782884575449
529.882 15.149070431526871
530.922 15.76511008890892
531.952 15.960402032485076
533.002 17.64206258918298
534.003 18.803800684305426
535.232 20.652429128261083
536.242 19.73467926975603
537.443 15.799564678788922
538.684 16.322248410820112
539.872 15.82558425938344
540.882 17.6054674392237
541.961 12.72081545625005
542.971 12.240208735223055
543.972 14.044687065995026
544.981 8.685845874085919
546.091 3.8388678924561366
547.101 11.741737067693451
548.111 13.264984904676124
549.261 11.840088790335844
550.271 13.631610516221675
551.421 11.156591366740493
552.422 18.68711064652022
553.443 11.806066480511978
554.461 11.582928365870256
555.471 11.011005195995692
556.662 10.77232387416131
557.712 18.348419022162204
558.731 17.439151866953225
559.831 15.99196901934441
560.842 19.429315986988758
561.843 14.499705584957441
562.901 19.140319169776134
563.911 16.516867701376555
565.123 12.136575415822534
566.131 19.39410099985046
567.231 14.831722636014062
568.581 9.88136091392904
569.802 8.548603077263904
570.811 12.76379461099144
571.821 14.903283121722565
572.941 12.679449937471944
573.971 11.598795615812552
574.981 15.728430685887243
575.991 13.198641984782684
577.011 12.345913286093035
578.142 11.948358355411642
579.152 12.918754042456932
580.162 11.374856655538997
581.171 18.117438307334858
582.182 10.029684901059559
583.341 14.164831925890729
584.532 17.267114246607793
585.731 16.77101571493875
586.781 18.51667056265102
587.801 16.616757278754903
588.811 21.731805105912642
589.812 19.789855713799184
591.041 13.355604571220809
592.071 7.452116778325402
593.091 7.602392161598365
594.101 5.587321533558632
595.121 5.037771251607924
596.13 4.219892767973235
597.181 13.1822667144211
598.341 12.420115866073397
599.35 7.507061940942749
600.361 6.488703358357515
601.371 10.581755707075304
602.391 19.315851803424813
603.521 11.155143308600335
604.53 11.410522795335195
605.531 13.217809837194363
606.641 9.228259842816696
607.661 6.175332501971492
608.69 4.969569554552812
609.7 5.699012778441375
610.71 11.813238659486105
611.771 10.843180504565135
612.781 18.069747909395545
613.788 11.890425977126341
614.79 10.448330416950956
615.82 9.01401796489554
616.95 11.206934930508874
618.03 5.545267915903727
619.05 5.85031500185896
620.08 4.169618562682785
621.1 5.018289208470088
622.13 6.300424934034979
623.14 4.415463230679219
624.16 5.85031500185896
625.171 8.62587658121481
626.321 5.7968209888372195
627.331 12.08628836232213
628.741 10.531287849058764
629.743 11.617089397996557
630.75 4.4461852120115175
631.761 4.754707048998359
632.801 4.234849729968576
633.82 4.493947637095958
634.84 7.5605770446218115
635.86 6.866469861475169
636.89 5.945741490675657
637.91 4.712753751495392
638.98 2.6393283504136815
640.01 7.848915204341794
641.137 6.886409157317486
642.15 5.727109947535823
643.17 3.4181482266083005
644.18 3.1182372039679023
645.43 3.3829360967364424
646.46 3.862343884730802
647.49 3.701412889525481
648.501 7.897305696188016
649.861 5.529752237233596
650.862 17.445039610793994
651.873 14.637575148914928
652.874 9.745312829103169
653.901 14.882879961690806
654.981 16.995046815379393
655.991 14.734246640476726
656.992 13.429764459887028
658.001 18.84313016844073
659.011 12.323827207502026
660.161 10.59046963757415
661.181 11.896281985706011
662.36 8.993623506010806
663.401 5.095375217766197
664.472 3.2213252855872154
665.481 17.42152827338205
666.631 17.865655409939556
667.731 18.255953061387295
668.741 25.750170570116286
669.831 15.458582727588363
670.833 22.83898952027085
672.011 20.476499424287404
673.072 27.13952824026834
674.172 26.75605487604052
675.251 26.739787895072876
676.361 26.55616306579919
677.362 25.649051348684115
678.363 22.933587013594696
679.411 24.81405317838322
680.552 24.34409785977828
681.741 27.792801629476067
682.971 26.796333428622866
684.01 25.88674137698458
685.041 23.52872541458403
686.052 21.846340010343486
687.131 21.798930549093992
688.151 24.011142991873523
689.312 22.364985244875456
690.512 23.21473132373904
691.513 29.47803400156688
692.55 14.99350035799473
693.551 22.297117906760853
694.571 22.853862112593973
695.581 14.579006607322867
696.89 17.269840783571222
697.93 14.735175247556636
698.931 20.953003611752738
700.07 15.84311378567341
701.071 21.495418611311973
702.28 18.26572127709828
703.281 22.745236703470447
704.491 17.88121099401067
705.632 21.897995974429833
706.858 19.697540902777984
707.86 22.340286774424644
708.98 15.839575642939916
710.121 21.297036932580944
711.141 23.180780299749546
712.22 19.779151008477715
713.391 21.057813809767044
714.51 19.077150448024913
715.54 18.72646233211272
716.681 17.79503546190956
717.911 18.432238000338558
719.131 19.94885462168667
720.14 22.08334492841087
721.33 19.95232743747071
722.331 25.680160622352073
723.37 17.028706976379112
724.371 23.257510811510414
725.42 15.69881055183999
726.431 19.385330871880903
727.44 17.464759957983503
728.591 16.45811347937506
729.6 20.372931362830705
730.74 14.245093626477088
731.93 17.818127311404456
732.991 16.718325807292615
733.992 23.311619159051528
735.091 18.480613195895437
736.191 19.806252842937436
737.25 23.01623759915393
738.359 23.833652619758794
739.369 10.69224726081764
740.58 14.07699352288176
741.59 18.970595984321587
742.618 18.964568119966106
743.62 23.20684930509957
744.681 19.951397311191474
745.769 19.628900504507676
746.89 14.498966232600095
748.09 20.23630112614723
749.091 25.386861906802768
750.239 16.888588238155418
751.25 21.331941879342722
752.26 17.48333888155117
753.3 15.934979432568262
754.43 20.54004254689193
755.69 20.137697164025816
756.861 18.134758670064887
757.87 23.70008984392025
758.99 19.236603532337824
759.991 18.95389990311561
761.0 17.84724027857578
762.01 20.667439128886677
763.15 16.41688502106923
764.379 21.935891700964234
765.38 17.177887210987507
766.391 19.75243279990678
767.399 18.239511346369763
768.409 14.722489667327986
769.599 14.650326733214607
770.61 19.669296102671918
771.619 19.250588795657965
772.62 23.23862736150415
773.639 13.177196711020965
774.739 15.685962710238982
775.779 14.984581074952331
776.959 12.476792910927903
777.979 14.366462503665383
778.989 6.53579734667256
780.229 6.583081624855271
781.259 6.9199151538533314
782.279 4.875262501551658
783.309 2.5071355041150003
784.339 3.218619903939811
785.509 1.70081648057086
786.519 2.7900017088094007
787.579 2.0328924770703654
788.589 2.7015844719990865
789.818 4.253626458111435
790.939 5.626729086497427
791.959 8.305527608646278
792.969 7.612280204139406
794.019 7.412645886090228
795.099 7.967185499765046
796.109 7.392618064788607
797.119 4.586419217740623
798.139 5.904959757004627
799.15 6.6180219938025395
800.159 9.053075017073416
801.169 7.426927923438539
802.179 6.797929860162674
803.229 7.680486644256509
804.239 6.67796074643989
805.699 2.9424101422099946
806.729 5.799146065984233
807.739 3.932107671479384
808.979 3.6773755108183095
810.048 4.806853766737256
811.079 3.6047425633046655
812.099 3.5751925011469705
813.129 3.5404818943353065
814.138 2.68636884518534
815.178 3.825205962760344
816.228 1.6603588232132236
817.808 6.290725216124756
819.018 8.223656688411793
820.038 6.35029280653892
821.068 4.287258179065992
822.078 5.471071462354454
823.079 9.209434408388761
824.1 4.5457883462140005
825.128 4.764951464398088
826.168 4.257568880880425
827.488 2.0091990915565483
828.518 5.545178596925067
829.548 2.8967579135443153
830.678 2.0536503988852353
831.988 2.024536489202365
833.038 2.993100277840796
834.058 3.5751925011469705
835.298 2.3757880263196567
836.308 3.610590446698082
837.592 1.8292337332339277
838.608 4.4050108035653475
839.718 3.0744128109644926
840.738 4.387736251398007
841.788 3.5380137031376746
842.818 5.31072284150296
843.848 5.457301803503834
845.119 2.8131945418705886
846.148 4.188272158768073
847.299 15.599720399586138
848.489 24.285486815380445
849.579 25.66344170597605
850.58 29.521853289592226
851.749 26.070157649905497
852.759 26.45647000059441
853.769 24.67500737296296
854.799 26.873946882924514
855.809 40.05720719664616
856.849 28.249341769144568
857.858 30.45972399362874
858.859 19.894683071436717
859.979 26.59655266747074
861.049 27.60143764367329
862.079 26.650431611717664
863.109 23.76898616918467
864.198 27.076832875207042
865.199 28.13004617841837
866.2 23.24165355543483
867.209 19.535197385849887
868.21 17.260925972324152
869.218 16.45263209602302
870.428 12.154332662371997
871.438 17.827170361504695
872.468 13.830301498774352
873.469 19.433854260066813
874.598 13.762264850670828
875.609 17.657207234553535
876.618 15.707391979540278
877.619 18.67040605608346
878.638 17.16673014768145
879.649 13.841408610134584
880.798 12.126582427177214
881.808 16.051507509161677
882.87 16.03786650125933
883.918 16.33824903049347
884.928 17.04749109129038
885.929 19.15496022774871
886.938 15.700066610693275
887.948 15.25587234692079
888.968 15.86016500598216
889.973 16.883576873444195
890.978 14.698439142774836
892.148 14.37269151839997
893.158 20.08474914350033
894.168 15.022532420755043
895.268 19.48647735159888
896.278 21.98146083147284
897.287 19.51970603215055
898.289 17.82269774041141
899.358 18.303517098287
900.36 21.07998270905371
901.369 20.710258590549703
902.528 16.655431096070863
903.529 21.284311323041063
904.53 19.365099134022383
905.548 19.241320549092983
906.55 25.85914012045601
907.628 26.0581495364454
908.771 24.445673869278007
909.917 27.496225756984987
910.918 27.838805274802514
912.008 25.557835866939023
913.129 26.64113976116657
914.13 26.01812596013643
915.168 25.707981431756842
916.268 26.409181633782428
917.458 24.435675039947927
918.488 27.628487382211205
919.489 38.96503091691395
920.497 36.724846309746276
921.699 28.467511917227426
922.708 34.1942454367407
923.817 21.977551937036065
924.857 15.353019643872898
925.858 24.467988382570066
927.007 18.467960793518237
928.127 23.059322315385664
929.129 24.234850402423238
930.258 22.75000656406186
931.259 30.970068655664218
932.438 25.519548010434725
933.439 32.11554358103231
934.558 24.577343294238794
935.75 29.42387564947753
936.868 31.513535081624248
937.869 36.34761526502705
939.007 21.502032626731758
940.058 32.57158127380421
941.128 27.976052143169007
942.137 30.348578368027184
943.138 31.745016396584145
944.148 34.613488692159734
945.217 20.78028001239389
946.218 26.765716908044197
947.22 28.98389253330218
948.228 28.684791236952222
949.418 24.49829589285852
950.428 30.38541721723064
951.517 23.95292528534711
952.688 26.460367215873006
953.697 23.155730882182237
954.698 27.97486295374406
955.707 23.60125740953545
956.797 29.766839957313145
957.808 20.779910706991764
958.867 20.730620936262984
959.877 19.882241279526454
960.897 22.17995567565771
962.007 16.664312984541965
963.137 19.21855197069933
964.167 24.873720485634696
965.168 33.017712514828254
966.177 21.572370434108397
967.327 20.912260620958882
968.342 25.25969664650731
969.347 21.460622981985715
970.357 18.621365894304386
971.497 21.605992233518876
972.507 23.467038366789055
973.597 21.771588625008796
974.727 24.45132867623931
975.787 25.216828634776096
976.857 26.098514906930816
977.887 21.446996100397023
978.897 25.803076949315912
979.908 20.95824817643119
980.927 19.152043558906595
981.937 18.40662118076196
982.938 16.176822259627873
984.017 16.56621247653284
985.018 23.838540045746278
986.026 10.563804138266374
987.036 10.142428812611838
988.056 5.057966052413407
989.057 17.94036703297363
990.066 16.786022510043612
991.076 19.521254216421095
992.196 19.781348326145647
993.206 18.819314931941676
994.216 16.308601319940834
995.217 12.852003515217469
996.228 14.184540448231717
997.426 4.464230975828717
998.427 13.406039099500804
999.436 8.875705022243482
1000.447 4.811875713604886
1001.496 5.846596975174177
1002.507 3.7709745561052803
1003.515 2.273117162656146
1004.527 10.099156474907003
1005.537 9.026476116745204
1006.558 7.098521933487392
1007.697 11.357953134353883
1008.707 11.863745656359473
1009.718 13.261691983900024
1010.727 13.484442775504938
1011.857 14.927246155931218
1012.927 14.538897681101192
1013.928 16.971500785066706
1014.947 16.023058346658097
1015.958 15.758895958262546
1016.978 11.282122455171573
1018.157 9.213149279792429
1019.177 10.527312076636104
1020.467 8.248308085463487
1021.557 15.387326577144373
1022.567 17.01329989391748
1023.578 17.601716476207187
1024.598 16.225928486577345
1025.607 15.272072933290348
1026.618 12.615338507515121
1027.627 13.360031594296638
1028.637 12.91995373359734
1029.717 12.39186635736272
1030.727 14.351905075038776
1031.798 14.881814587200523
1032.947 13.593895526273153
1033.957 11.629206039023025
1034.967 13.585062500091965
1036.037 11.674897453256106
1037.187 12.672044340941705
1038.188 13.560496037571165
1039.207 10.242985299032998
1040.277 9.662136390045214
1041.301 8.138425840703759
1042.316 8.828729194551112
1043.357 11.501142755547626
1044.358 16.111214375301646
1045.366 19.733806399220686
1046.387 17.892277047275932
1047.407 13.81989615937266
1048.418 17.81660833290533
1049.427 16.681666026953046
1051.657 4.179454395191298
1052.677 12.21393432315188
1053.707 11.683849058455854
1054.796 11.224971267044694
1055.826 8.6267714412831
1056.827 14.937535322408747
1057.876 15.463981018675163
1058.877 19.9613803855477
1059.887 11.776408141561896
1060.906 11.383922180937924
1061.926 12.287229570810505
1062.966 8.188681039425186
1063.978 11.143339426690595
1064.997 6.690087634166927
1066.026 8.066851453798094
1067.037 9.311181453836161
1068.186 12.229718276750377
1069.386 15.73053814340634
1070.396 19.844451008777764
1071.466 12.3843577920062
1072.536 15.277800906974248
1073.546 21.718037193528595
1074.556 18.933885435615927
1075.557 23.44174549791924
1076.566 16.41495055064878
1077.577 18.15434690069655
1078.586 20.039567039331562
1079.656 16.774971719201005
1080.666 20.57146383795692
1081.816 13.750446704224117
1082.817 22.704322561588256
1083.836 17.17945346667653
1084.846 23.32883394785626
1085.856 19.80642079971315
1086.866 15.87935183102045
1087.876 16.40637614755849
1088.877 17.429666545717023
1089.878 11.859654002469066
1090.886 12.389870918707357
1092.066 15.74177877486812
1093.217 15.710046122838092
1094.757 12.428457413103818
1095.916 17.315325398384054
1096.918 20.192382271443012
1097.926 17.390488262226327
1098.937 15.270984776686813
1099.945 17.108722708108413
1100.946 13.617872674436242
1101.956 14.111846878465535
1102.966 17.187375077980295
1103.986 19.701572498956466
1105.086 15.359798318307908
1106.095 13.0491237292853
1107.106 10.942825478961781
1108.246 13.226425358221862
1109.257 11.042660903744467
1110.286 7.498335428653858
1111.316 4.647235405160438
1112.337 4.870487513793141
1113.396 2.725783227818967
1114.406 11.507677326822254
1115.417 18.992580947393478
1116.425 14.657939381165917
1117.436 13.16772923116427
1118.446 14.024989240133209
1119.456 16.92944148347404
1120.457 15.78365914451765
1121.465 14.417284671505396
1122.476 14.569260392458974
1123.577 8.540694915000758
1124.645 6.8564752369903985
1125.646 16.115329999017074
1126.656 18.12073478267358
1127.658 13.589166114267323
1128.665 11.654465672925449
1129.765 10.969411904264811
1130.936 14.234178594874962
1132.126 17.784831345663985
1133.145 13.503127716051637
1134.156 15.504093901845916
1135.217 9.168629905402934
1136.245 6.391536588048714
1137.275 4.394898428038754
1138.305 2.092102937563149
1139.309 11.131116743163917
1140.31 9.398995196009553
1141.329 9.99541567026446
1142.489 9.390373465171681
1143.499 13.688955752584771
1144.52 16.404072529103896
1145.529 18.353771516438982
1146.531 15.982552327664903
1147.679 12.085321712236063
1148.699 13.59929765875943
1149.71 13.37063604286775
1150.719 12.868631446119672
1151.729 13.404029107487478
1152.75 10.035649016310616
1153.751 11.849849134148815
1154.779 8.781791640403696
1155.819 4.313492944658775
1156.849 3.218619903939811
1157.879 3.9716310883315966
1158.889 12.841613902330108
1159.899 13.991397888292646
1160.908 9.21447330619664
1163.229 4.304859822923311
1164.25 10.46352026466223
1165.259 17.032082848183062
1166.269 13.244026573974647
1167.27 12.612086860635626
1168.271 16.022607417102257
1169.279 15.794257548143692
1170.289 17.592630744092514
1171.299 16.909286672357585
1172.318 17.407284114583533
1173.319 16.64709279600091
1174.32 18.414511097487054
1175.329 18.147220134487924
1176.33 23.683477868859487
1177.349 17.40478701453864
1178.35 16.89645117558588
1179.369 15.234807112784457
1180.379 13.896742257555237
1181.389 14.05570133324285
1182.398 11.723111892523795
1183.409 10.399783090398474
1184.438 10.494113431104864
1185.569 8.351433992484928
1186.578 11.399003400361256
1187.79 9.95843618186808
1188.839 15.921973689233353
1189.84 19.417391765205092
1190.978 20.84177976305437
1191.979 24.992609361907792
1193.028 17.334531663139554
1194.208 20.617796316335678
1195.338 13.33167817685326
1196.538 19.696998970602944
1197.539 22.942181404388116
1198.618 16.65414127565056
1199.619 20.068265555118675
1200.708 15.85497705954823
1201.729 20.933455348348435
1202.75 14.75506122296035
1203.758 19.477524760372837
1204.819 16.893283968429323
1205.829 22.990161139801952
1207.009 18.29073915033624
1208.018 18.3316753220703
1209.168 15.707902405705603
1210.288 16.343832606706766
1211.289 16.730736796123686
1212.378 18.666449383878163
1213.379 19.275402746038246
1214.389 16.894290533140346
1215.39 16.094993975863503
1216.391 15.534784955931292
1217.439 16.3878496195025
1218.549 14.88094833131568
1219.558 14.476489848811095
1220.579 15.269998974553426
1221.688 16.02116008329407
1222.689 18.882481726503062
1223.698 16.448935458131402
1224.709 18.005612492468313
1225.717 13.885488250163068
1226.718 14.36304266718432
1227.728 14.624474901424696
1228.757 14.135654043728742
1229.869 14.571093608561437
1230.878 14.774900935856884
1232.048 8.447640523673398
1233.058 12.689493066132224
1234.078 10.093480238046013
1235.088 14.027748529751605
1236.278 14.020859883069704
1237.288 17.12907008871699
1238.308 12.653111844317484
1239.318 13.1786071427939
1240.328 19.07113010173939
1241.338 11.842990999680389
1242.339 18.778380655439186
1243.348 14.909046870738434
1244.358 16.21070652308949
1245.368 16.427130804237578
1246.378 16.15288141030658
1247.379 9.302035942576643
1248.388 15.586703526745044
1249.397 16.79334787873916
1250.398 17.61305389776467
1251.418 15.4737315528283
1252.427 16.178016901497575
1253.438 15.792334233886567
1254.498 16.62127365208609
1255.517 12.822965239284349
1256.528 11.076099179262467
1257.53 16.524063214069773
1258.537 17.635896943779493
1259.538 16.091241495359167
1260.548 17.437510680020885
1261.549 17.5083475877632
1262.558 20.236991732294378
1263.559 18.427705302994518
1264.567 18.181571501117446
1265.568 20.826387657814326
1266.588 15.572092112114735
1267.717 17.996733580357443
1268.718 20.18180835133714
1269.728 18.51303378457238
1270.738 19.581718649619
1271.867 17.13760489762838
1272.868 17.861443895352416
1273.869 18.92690625331454
1274.877 15.567907489126295
1275.878 21.16495823453628
1276.887 16.2565544618064
1277.897 18.40038278681972
1278.898 17.93588826589564
1279.952 18.917048555804318
1281.117 20.860483849756548
1282.317 20.95180291886438
1283.328 24.54465303969134
1284.417 18.43768624084179
1285.587 18.498748231632362
1286.588 22.310554207691897
1287.589 18.200619710709045
1288.597 18.28314654096381
1289.617 18.182455300927522
1290.637 15.65857337673843
1291.657 16.631725189881518
1292.677 16.03087046922394
1293.697 14.355295966746025
1294.797 14.56636295336367
1295.817 11.943086406401536
1296.927 15.274364883340496
1297.952 16.7116015667315
1298.957 17.340521918666997
1299.977 15.750519116819138
1301.074 11.2156805967232
1302.077 14.24319368113859
1303.078 15.496049673618607
1304.089 16.15775825568256
1305.107 13.841452994828211
1306.117 17.924945189122344
1307.118 12.593808649324624
1308.228 15.63230408253465
1309.317 17.55978765554496
1310.327 18.905092848306708
1311.337 16.146523047282106
1312.487 16.057395384622062
1313.497 18.09182222628213
1314.508 14.31721489628797
1315.516 13.872505878215604
1316.627 16.642878895902918
1317.637 18.48592076486882
1318.646 12.88892632028653
1319.657 14.887927075167745
1320.668 17.63683265806109
1321.826 15.923966666011232
1322.847 15.513998056536153
1323.857 18.931246115049472
1324.867 17.99188795457842
1325.876 16.844025020166743
1326.947 17.87630191409753
1327.997 17.9476387752339
1328.998 20.875533047278832
1330.047 15.541718488339827
1331.048 20.657889179996488
1332.056 16.49183239891478
1333.207 14.560047839287321
1333.682 19.99030188025896
