0.0 16.450312799369932
1.001 21.869026278980524
2.002 12.475669172804519
3.02 17.86931023337689
4.05 15.74809722904946
5.15 14.103243939520256
6.19 14.454237080487575
7.23 13.650106383878711
8.231 19.96758108701024
9.232 14.460204429056528
10.41 13.126360777107012
11.411 15.709468612892111
12.421 16.652079970220576
13.43 19.694037418856183
14.432 14.696566001517047
15.441 20.24780970521113
16.45 20.642751002321937
17.65 15.620852404844603
18.66 21.093438040200095
19.661 20.177206173166265
20.74 14.393238549613777
21.741 19.682592299286338
22.969 16.315429865032016
23.97 20.54857822899236
24.98 21.68733473412557
26.049 17.673156706843596
27.201 15.548081177597972
28.419 18.770296237426745
29.461 16.698098060477257
30.54 18.741526512091905
31.541 21.9414767618896
32.61 15.742747814971557
33.811 16.36213622962389
34.82 20.37962434749168
35.83 20.98033279375584
37.07 15.388526395547487
38.071 20.435596007339687
39.072 22.3846659922069
40.077 22.956386079630846
41.08 22.765018020540584
42.082 22.028905557748878
43.09 21.604331507482552
44.299 15.535819530736386
45.39 12.388418312786499
46.391 6.649231734229723
47.4 16.071333761708697
48.49 19.49050927532938
49.67 18.74716109597991
50.68 16.556172746751784
51.689 18.302255743254143
52.91 13.568948922929998
53.919 12.977899192353265
54.921 14.82057057061619
55.929 12.855558347288495
56.949 9.85344325342554
57.969 6.802691925448
58.989 8.559207714701808
59.99 13.47439654678486
61.029 8.736558981018758
62.039 12.241100889816174
63.04 11.200692667219316
64.079 12.738872882443252
65.081 16.812868468973456
66.089 12.808767410385283
67.339 10.496046363283922
68.349 12.376754055474033
69.499 6.783507216683388
70.5 13.106951003102008
71.539 15.793996086183405
72.759 14.055319456694969
73.801 13.192680176661266
74.869 9.499866061827838
75.87 13.143682891306689
76.919 12.621423203288408
78.139 14.890875436088978
79.159 17.55359777879193
80.169 11.508490214392886
81.171 9.08890223790151
82.399 12.976911021519806
83.409 15.693384334795708
84.41 15.236767210270438
85.469 11.518344022635153
86.689 12.661998683614856
87.698 15.152526646087615
88.739 11.363207515841765
89.749 15.09521951841942
90.75 15.247280129991209
92.009 12.375912080842209
93.01 14.99357677804662
94.029 15.126882295617367
95.039 13.275116334205299
96.049 15.52479349568259
97.05 11.434130149823808
98.059 16.127753946897037
99.069 11.287803174044889
100.249 13.078325247961677
101.419 13.939565801301638
102.559 13.763430953144878
103.758 15.66528692604061
104.819 14.251320689838508
105.829 18.47230868746427
106.839 13.102006306550521
107.859 11.732396807338448
108.868 12.649305017401192
109.969 15.51193793439779
110.978 15.207557618716235
112.039 12.637607388572162
113.059 12.5962977864208
114.169 12.14186873786417
115.318 12.656765175337299
116.508 12.685440292381793
117.708 13.738573764438511
118.838 13.87232798840335
119.849 13.473550381592199
120.949 14.677018832307535
122.148 14.223347081011395
123.319 7.6124978389786255
124.418 7.259815270587785
125.419 9.942688827232994
126.428 12.057081557935556
127.639 9.629318304450901
128.648 12.764909851424354
129.688 9.290172165703389
130.708 7.912214247635047
131.718 12.333493188837261
132.723 12.54031351509459
133.728 13.335610756584078
134.738 14.02718462696205
135.739 14.127970833375473
136.748 9.322398946369082
137.768 12.890148421596301
138.808 8.510545755010114
139.818 11.972334704735905
140.838 10.70951318766253
141.849 9.232975601925586
142.858 12.102192574686853
143.868 8.39175651844531
144.888 7.073422332988581
145.908 2.72072872373705
146.948 5.972340614991172
147.949 12.287576572887724
148.973 6.644006445022486
149.978 11.479076142716277
150.988 11.890863778019863
151.998 10.453761822517196
153.238 10.031923311117474
154.248 13.208709369278939
155.258 15.058061745976344
156.268 10.887729455308303
157.278 14.814402163894723
158.288 10.46217253451604
159.298 13.086440212690091
160.308 8.71450189996634
161.328 12.821782157068252
162.343 4.22398806954993
163.558 9.739536309520027
164.607 5.130572652957661
165.609 9.649326969020546
166.618 9.495554882530474
167.637 5.759226821443721
168.649 7.242095148485066
169.667 5.385889191371681
170.698 4.878707301666124
171.708 4.450270914080809
172.722 4.774443955094819
173.898 6.3621658456655705
174.918 5.441457447489948
176.368 1.7868412639566646
177.388 9.007068898523926
178.397 8.071479247885984
179.768 3.921838176732226
180.808 2.698763073231136
181.817 16.897657009911562
182.987 8.04054840341708
183.988 16.027009453278612
184.998 13.511871600468629
186.227 13.083546211943005
187.348 12.701568194908623
188.358 12.444840973121064
189.568 12.806356951161812
190.578 18.05139648825909
191.588 15.997299764004357
192.598 14.28804223208253
193.737 9.731200290880887
194.739 9.651746940349426
195.747 14.229476099126714
196.748 12.134442597589732
197.868 9.894132279244653
198.878 13.338133907729377
200.008 10.926911308748611
201.01 10.26719871479948
202.147 13.420384640678547
203.157 9.415227189586412
204.167 8.83225186801353
205.197 9.293216411622064
206.247 10.902348671571792
207.277 5.276118494157805
208.297 4.685450864063634
209.507 5.875539567351515
210.557 5.285987234691389
211.697 3.262241876635019
212.72 4.916859460424307
213.737 4.741161027847008
214.777 3.835835087682777
215.947 3.6340573965374965
216.957 4.6366874413331125
218.567 2.233128635318993
219.577 3.778041618861669
220.587 6.4388394043943205
221.627 5.81446474293816
222.637 3.949770783349618
223.647 2.57593746739848
224.678 3.0459946852942243
225.82 3.9488685285462295
226.866 3.5961344391249503
227.867 3.9852832079856046
229.047 2.914197878504514
230.587 2.252551378424579
231.647 4.726214982213673
232.697 5.451174335777972
233.707 4.883424635096947
234.718 3.4311860759278683
235.727 2.816736912235901
236.827 7.975793743633913
237.838 12.352269873372023
238.857 10.33567640167011
239.866 9.599473575715436
240.892 9.481692149292721
241.897 11.141352361696153
242.927 7.022843365421632
244.146 8.327362818852253
245.217 11.214435045954815
246.306 4.113228140601118
247.697 1.6209949171861164
254.777 1.6012938199047109
255.798 5.7604875160750995
256.807 15.692350957974007
257.877 15.1412537655368
258.888 20.068927096552024
259.947 18.183412175014865
261.017 21.595293082061175
262.117 22.469315261853357
263.187 25.9156562385273
264.216 26.358545340545543
265.217 18.584562165526837
266.407 14.817935021602935
268.267 3.8491850929258975
269.296 14.21187687467167
270.306 15.642920062770955
271.317 22.14795497542469
272.318 29.055303550960584
273.327 15.6434702183681
274.436 12.419655812951287
275.596 13.58329447507704
276.601 21.23988635443807
277.607 18.981954509726524
278.617 21.167753585054548
279.637 17.111081593786228
280.647 14.852940799504626
281.656 11.341965133618814
282.666 13.335748780436898
283.676 9.772619683228465
284.687 10.183489241272222
285.706 8.680833427935479
286.707 7.411608406899225
287.716 6.342181719949971
288.726 7.930799287433824
289.756 9.145009452843073
290.836 8.617029000854139
291.996 10.45818036821383
293.036 7.838445613959078
294.056 4.4861942785397355
295.086 4.586783802187192
296.326 2.5177711374943383
297.787 2.0181996949712766
298.807 2.2105920880373437
299.816 5.789540350386429
300.916 11.665910897585599
301.936 9.070090164203856
302.956 7.6120241952030225
303.976 9.492096469803597
304.996 8.95834239727269
306.016 8.245095804758108
307.026 9.992176926437084
308.056 6.088425571357402
309.076 6.767017165595138
310.086 10.289439105902439
311.106 6.707973573501292
312.136 6.748709729876482
313.146 9.332124333660246
317.236 1.8618666984988423
318.266 5.220233145919507
319.276 5.770752698659814
320.286 6.524327387597118
321.336 5.6013883370548925
322.386 4.955613032534074
323.416 6.265436872619891
324.424 4.473817321038146
325.445 3.2016230305137467
326.466 4.246974929935127
327.489 3.819514389276881
328.506 6.7099334430799855
329.536 5.388627763522657
330.546 3.838799598106993
331.706 4.247737462761843
332.716 8.824719887110763
333.845 11.1715243550817
334.876 5.551632446728986
336.066 4.500346983173159
337.106 8.484334702889349
338.246 11.061504587710807
339.256 14.517767649497996
340.387 6.044698813244058
341.396 4.301747424077578
342.426 4.883443910697361
343.457 4.710476015408333
344.507 4.457153709954794
345.607 1.7446076289957815
346.726 11.031265856617246
347.737 9.650712473956233
348.757 7.698787200009259
350.076 2.4984705584776625
351.096 5.5119368510982225
352.146 2.8081807184402012
353.156 1.7172916449428854
354.207 2.3104190161137006
355.216 1.8908929806998427
356.246 1.7271526898359826
357.256 1.7172916449428854
358.296 7.671670175365554
359.307 4.869500151402432
360.336 7.5851219885596235
361.356 5.340896887467145
362.376 5.781548537951137
363.416 2.168080701731676
364.476 2.454430983087679
365.536 2.127173518687611
366.576 2.3348561403252015
367.606 2.120935132612963
368.616 2.4042083029105306
369.669 2.141314273313475
370.686 2.8993016266956904
371.696 2.4187701326453106
372.726 4.3782600578720645
373.736 3.3391781984877285
375.086 4.327614929832738
376.106 2.5506831785143804
377.136 2.020735411317034
378.211 2.4201831089068295
379.306 2.0591816710465305
380.326 2.0405465427988254
381.416 2.1008479829355196
382.436 2.72072872373705
383.446 2.7476666319022773
384.466 2.72072872373705
385.486 4.251138630852018
386.526 4.222295716580435
387.616 2.386877836766346
388.646 2.020735411317034
389.715 2.271515796021298
390.775 2.9453171797115543
391.815 2.3348561403252015
392.845 1.985407008362871
393.854 3.0941885138724703
395.159 1.5918009552591275
396.165 7.3054537032721925
397.225 4.361519072489454
398.245 3.570956449913793
399.285 2.657922596673455
400.295 4.293229112341365
401.355 3.9291229709346878
402.375 5.101366357012911
403.415 3.3269749409714215
404.435 3.911047540374981
405.485 3.128411852987077
406.505 4.765947764358909
407.515 5.8778323604452565
409.204 4.438492884863391
410.205 7.450746867091808
411.225 4.045294023465529
412.235 7.208356786217384
413.236 8.979553386289323
414.445 6.9051932052231235
415.464 6.579058427006398
416.475 8.921083797428306
417.484 7.696014852188022
418.485 11.175866977270564
419.664 10.711518155269193
420.674 18.096588373517193
421.764 11.25682761468655
422.774 17.675048509243386
423.815 10.41284300377388
424.824 5.562226062635355
425.854 6.684823175391007
426.855 13.648176376473671
427.875 16.857007694313083
428.884 16.19962999587328
429.885 16.097813334364627
430.886 15.32669700551269
431.894 13.858796284542011
432.895 15.231954066294636
433.904 10.415367257518172
434.945 7.908133764961668
435.984 8.721549388670631
436.994 5.282052671345597
438.024 6.3989954691890985
439.052 4.531326653786228
440.104 3.462334200484106
441.134 2.3898987579720177
442.164 4.0414708226499165
443.174 3.262854125381973
444.204 2.777157140278333
445.224 3.911047540374981
446.294 3.35526988851985
447.324 5.388627763522657
448.344 6.426553168232777
449.364 8.332231716465518
450.414 4.827979431758798
451.424 3.4345832898699227
452.444 2.72072872373705
453.484 3.319660228760888
454.534 3.7993033249438466
455.564 3.2510747410190257
456.574 3.6063124543578717
457.584 4.065512223161353
458.605 5.235079594188663
459.614 5.328880218335921
460.814 5.375508862670686
461.834 6.63177626412788
462.844 4.350346634156955
463.904 3.9270895729434563
465.124 4.336681027824744
466.165 5.331687412523297
467.174 3.2660878757542737
468.294 1.8161298401172015
469.323 2.0226991969439503
470.324 2.0792781954700614
471.344 3.2533640755961373
472.354 4.464958276829314
473.365 6.619956849070906
474.383 6.27054303761558
475.394 5.538681763296527
476.424 7.072573939633393
477.434 5.120491681064495
478.444 6.087598028472358
479.453 7.1560648828926885
480.474 6.265157285522506
481.483 7.85585110095726
482.624 3.9041031707396416
483.643 6.468071965907738
484.664 5.763467849367817
485.684 5.445062214159012
486.703 6.2978595457639495
487.744 5.2080657311513985
488.954 4.9643400225132845
489.964 5.838791592780453
490.983 5.53240135219473
491.993 8.242999895690984
492.994 6.315731521712932
494.014 6.731839614938554
495.034 7.664728370040343
496.064 5.1904440395797184
497.073 5.620572621189488
498.094 7.339939976136174
499.233 7.61208727397373
500.344 7.348360334208162
501.363 4.085098083736208
502.483 3.637919874211179
503.524 5.83153310744488
504.533 8.53917619593071
505.543 10.93191707658339
506.553 7.421260779635165
507.564 7.226810263598531
508.573 6.829481226800635
509.593 7.263977757585514
510.613 8.759583020929222
511.643 9.93528243899787
512.793 7.159572473411206
513.823 8.025086769364803
514.843 7.727873937999533
515.863 7.960940748902132
517.063 7.819248558101658
518.064 9.724450746641502
519.084 9.386066608637567
520.133 8.074205738565736
521.134 9.81805373072324
522.183 11.305676849528245
523.189 10.952320059832205
524.193 10.782313231015575
525.233 5.078482781821094
526.403 4.651398408584801
527.523 7.1852766447463905
528.533 9.546409190244853
529.633 9.885802531953276
530.793 11.287660326133265
531.803 10.02167718494782
532.843 5.485424604943116
533.844 9.25390259264058
534.863 5.701493953790572
535.873 11.407561670343382
536.893 13.360259716971736
537.903 15.75150612073695
538.993 10.860992074797306
540.003 13.021163044903108
541.013 9.02193225365439
542.093 9.563480517937835
543.103 12.81026757973663
544.133 11.18716347780859
545.143 5.817450980241109
546.203 6.872406752655011
547.215 7.068074386248044
548.293 10.528607680323354
549.313 9.136218987340722
550.433 9.10374279200238
551.453 9.010549362913732
552.722 6.726676220853582
553.743 11.990696984972042
554.752 12.670541122776934
555.762 13.096859452940237
556.973 10.934683363969278
558.033 8.812507656450453
559.053 4.4211841760746875
560.063 3.4345832898699227
561.072 7.186850952821823
562.153 11.34233757248081
563.163 17.93427418528053
564.182 7.745038389925279
565.192 6.263971914515691
566.283 4.83445935603373
567.293 10.971585509316823
568.403 14.328453684551846
569.413 14.336246909844377
570.423 14.953743810524557
571.432 15.39429153810149
572.433 15.789518796831462
573.443 17.503695943764914
574.463 13.525915036750815
575.523 16.113004491347393
576.572 15.196575210105628
577.573 15.593193187482376
578.622 8.24075896982326
579.623 13.273384455143544
580.633 11.765330763042458
581.642 13.003030678008408
582.772 11.57824435606656
583.782 17.974821349094185
584.842 14.563674836230005
585.852 12.132138232809003
586.862 12.611423283998727
587.872 9.904178282928081
589.002 8.658073143362868
590.003 11.79486262427725
591.022 7.766314942447214
592.032 7.426658699272901
593.053 8.727285119910333
594.162 10.167304877502174
595.188 11.42862234182398
596.382 6.427022268865004
597.522 8.800223330529665
598.532 12.48463493886822
599.542 11.60502510289861
600.552 10.140933549191411
601.562 16.037846927976503
602.563 10.740277447888445
603.652 11.003575102508446
604.662 14.640287872130143
605.672 12.261186172202416
606.682 13.29620588073304
607.692 17.92134428464493
608.702 12.127493511253618
609.712 17.957121193873636
610.713 15.528722390606745
611.812 15.705603414641667
612.822 14.497933433139206
613.982 11.578508417851841
615.162 14.206419176373668
616.343 13.791802145546137
617.364 16.238966801534186
618.372 13.57113264833091
619.392 14.815715337696066
620.402 17.66299733979896
621.412 22.99011636362666
622.422 16.672165252575123
623.432 17.462270048918572
624.462 14.936405629262026
625.632 17.352664705831312
626.633 17.95809347917345
627.642 17.975295114824327
628.643 20.521725952169817
629.663 21.37241301312235
630.711 14.769995338978772
631.712 15.908327455865129
632.722 17.062321863100617
633.732 15.889090305127082
634.742 17.109020144777002
635.751 19.714645237028737
636.752 18.132506617200892
637.762 15.746861399181567
638.882 15.948049351487596
640.032 13.055781775659103
641.043 16.999921772970502
642.121 11.23300044376656
643.282 14.813924035567808
644.392 15.929870440147639
645.522 16.39137678173503
646.523 17.377602983893933
647.562 16.841250732929225
648.564 18.451879880488324
649.571 16.638861356199122
650.582 17.944250397051494
651.601 16.28888068145399
652.732 15.047904449068415
653.742 21.509831050942864
654.743 19.324393058520215
655.752 25.105977197212297
656.861 18.56380301231008
657.972 27.644994679921194
659.032 17.507078229536273
660.061 8.427913320628848
661.081 9.152253983932622
662.091 6.012780351547155
663.111 4.064312275235105
664.282 5.231345587816907
665.292 14.287916699068806
666.302 16.081909016237866
667.331 13.238477529169806
668.342 8.234846582242731
669.351 7.813755862480143
670.361 5.386621672824834
671.541 5.466081943622656
672.542 17.165824649212247
673.621 18.30052868154726
674.651 13.885416414963384
675.701 16.597198131638034
676.702 19.81039393782204
677.721 17.113067136990505
678.731 15.975457019425956
679.741 19.678932027374028
680.751 12.6726833953148
681.881 16.375556289247193
682.961 18.027424331680887
683.963 18.145411445441233
684.971 19.640747325217358
686.171 10.58735510316346
687.172 19.881957789041195
688.181 22.181677526440854
689.301 17.534828131549173
690.311 18.615541857519588
691.341 7.041800069453161
692.351 12.435049397955394
693.481 14.613534898079065
694.491 20.28550755581255
695.492 12.562939072691723
696.511 10.69513815739958
697.551 6.337466666601504
698.581 3.1537062157683304
699.611 3.199497734586625
700.621 3.4345832898699227
701.671 3.1470074769501166
702.691 4.4211841760746875
703.711 5.101366357012911
704.721 4.828501888223151
705.791 3.566188817803117
706.811 4.4211841760746875
707.831 4.530072990139134
708.87 4.981232192711759
709.882 3.8645388279569146
710.921 4.173398848371781
711.931 3.838674065093268
712.951 4.931320811774394
713.981 5.388627763522657
714.991 5.484662957526958
716.181 5.983131352224394
717.19 7.047873837138111
718.201 5.661457025296831
719.242 3.061676676174909
720.251 4.985081494572313
721.481 5.284806232921889
722.511 5.051838528300509
723.551 4.502936842056878
724.56 2.0576403880226595
725.591 5.383401160455346
726.601 7.33200680597306
727.61 13.20332861866911
728.621 8.758553930678833
729.72 16.04939710753883
730.721 19.72477063985299
731.723 18.97067450630157
732.73 17.47702422955287
733.861 21.370842583835216
734.89 13.72369862063866
736.09 9.750235054439285
737.11 14.25424185245277
738.271 16.87049433319067
739.281 23.24260319331783
740.29 19.338175581932465
741.291 20.843699951402158
742.3 22.046344476202812
743.471 17.466799850357905
744.521 26.585704711862025
745.531 20.973679543964998
746.611 23.490710644054754
747.761 19.247132295213508
748.8 26.02748733833449
749.81 28.686679050398208
750.961 21.382617573080182
752.011 23.746370285677415
753.142 23.06269908662123
754.143 21.488534581873733
755.15 19.89066134599846
756.223 16.154111324432613
757.402 16.69960587534015
758.57 16.473583630337668
759.621 22.74578086203675
760.731 17.797542720612586
761.741 18.29819439558875
762.76 12.694636397082585
763.78 7.078394424951376
764.851 12.757796068787105
765.861 21.29152913782395
766.87 18.341418351713425
767.871 15.342403054259982
768.88 18.639143308432477
769.881 17.909075407567027
770.89 16.576350965914223
771.92 10.787226260989225
772.941 17.363421713513535
774.07 16.243282763176992
775.071 18.96936035984344
776.08 22.979350881094483
777.12 17.931041710082006
778.2 20.344363942283955
779.201 23.559833091231102
780.21 21.291645961873037
781.291 19.24567323237114
782.361 19.151912753978333
783.37 19.0826521987934
784.38 19.861080432159667
785.55 17.20517843420985
786.66 22.041525570394064
787.661 23.30942294305943
788.81 23.11078975410019
789.82 21.485603179071983
790.821 21.03090591950224
791.96 16.141414200225316
793.12 18.020667953993456
794.122 21.340933269798228
795.14 17.897208651136655
796.15 25.108485991320848
797.16 24.511074373106155
798.161 20.891958052875445
799.163 30.65405601424491
800.26 23.401753652740048
801.261 23.114743935660197
802.331 21.61942723896069
803.332 26.256840316967203
804.34 20.932026244871025
805.342 21.96627059680549
806.35 23.014851847059447
807.351 23.93424502758975
808.5 18.12322977881685
809.501 21.84369394226578
810.51 22.230432608590277
811.52 19.053149947772123
812.68 17.960880691295756
813.69 22.345157840655762
814.701 17.484250743178606
815.781 16.938218529811053
816.91 18.01921800675765
817.919 20.26628134722566
818.92 18.308313033779335
819.93 22.291901734217703
820.939 16.03313390343174
821.94 18.880190534639233
822.941 20.153773761705125
823.949 16.788009559780942
824.979 12.413686847609057
825.99 15.95789965656789
827.0 15.046512708602668
828.01 14.527057092608766
829.079 11.861411431065564
830.149 8.305229074957525
831.199 7.963274080635707
832.249 4.7904259314474915
833.289 2.501631578918727
834.319 2.5648174360616802
835.35 4.542244729134693
836.459 2.4617975073871476
837.469 2.9193957963902264
838.48 4.255122206007656
839.5 7.2820015909625315
840.519 5.882033589491968
841.639 5.278696904846386
842.649 8.929916553674477
843.65 8.370310688917813
844.669 6.125283064211224
845.699 4.960624777108049
846.729 5.220233145919507
847.749 4.796328514913199
848.769 6.248055066657509
849.779 5.808412603157791
850.789 8.928159091450624
851.799 8.262834112065622
852.819 5.734686571174062
853.879 2.4266810811381756
854.889 2.2324791384225815
856.195 1.6732954951475054
857.219 3.5570074012785313
858.269 3.3341712245154214
859.309 3.168733333292827
860.539 2.6199832261609637
861.569 2.1891300289360323
862.579 1.7172916449428854
863.649 1.6209949171861164
864.679 1.9077337600319615
865.689 4.5396504207407915
866.725 5.173968018414284
867.739 6.298779966421063
868.769 6.9380305792078945
869.788 8.34426574041712
870.789 8.066069325274857
871.799 9.575407316700689
872.989 7.734621777094161
874.001 9.39286147345016
875.01 10.592544231383751
876.019 8.186204479903925
877.029 5.838791592780453
878.049 2.9194881000805184
879.149 1.7344645613853409
880.168 6.468071965907738
881.189 1.8686689691771614
882.22 2.018775435172736
883.269 1.9841348652669288
884.28 2.0778991992774642
885.289 4.2974840470450975
886.309 2.72072872373705
887.349 1.9959411408356342
888.399 2.3126194151804547
889.439 1.6677543859511006
890.589 2.4183498699485644
891.631 3.495561975927032
892.649 3.4075924585219464
893.66 2.418509629919817
894.679 3.744673243416933
895.861 3.904265808853874
896.89 4.045398393903748
897.905 4.8436895278594925
898.96 8.072992496818104
899.969 13.98256585955791
900.979 10.490668528916972
901.999 9.469100544463783
903.0 10.491640563286806
904.026 11.20870818926533
905.089 9.09202443331062
906.1 14.836995374916427
907.109 17.057870231113654
908.11 16.645751776902305
909.27 18.65657708498507
910.279 13.754713413953064
911.29 15.264137910546859
912.3 16.5040765455803
913.39 16.043378442290553
914.391 20.58201691342412
915.41 17.06416839350298
916.412 31.40036106373707
917.749 17.517464671495812
918.789 19.319861736730143
919.79 20.202158524735196
920.791 23.325002330075606
921.95 21.50938567407411
922.96 23.571585289003146
924.009 16.157597286618635
925.02 18.89949753735572
926.199 19.786617101225275
927.21 22.698750635001552
928.211 19.831419777326975
929.235 18.722577386595976
930.37 22.71097628501955
931.379 19.612320573133108
932.381 13.832203540862794
933.409 10.480265407697052
934.429 7.141912899827586
935.433 13.21010798712489
936.534 7.739846925122574
937.673 12.866289801191819
938.674 15.506683257696615
939.713 10.867555007021432
940.723 16.479095475500284
941.873 11.13477297082337
942.894 12.436682433710804
943.903 11.947256965627025
944.913 9.296975089468473
946.015 9.904792961827246
947.026 13.667808686830433
948.173 11.22612969029714
949.183 12.49756483942457
950.184 11.377005730579604
951.193 10.34952276509029
952.333 9.697084045554758
953.343 13.270973744720665
954.353 12.05468436256387
955.363 10.117709941414489
956.382 12.784470729940654
957.393 11.135553231973082
958.414 10.664750115723017
959.422 7.930309110901776
960.473 10.70197379786697
961.483 8.58645822468273
962.493 6.810919260800726
963.494 13.08567184027747
964.495 13.226899617319534
965.503 14.890460973800536
966.513 17.6229523080719
967.514 21.83077445047787
968.554 16.6270723451141
969.683 20.560487680764012
970.813 19.066835268265635
971.823 19.8289439803607
972.845 14.035048005196854
973.853 14.706440779172777
974.862 12.181733726797104
976.033 13.224316735741084
977.203 13.412039592664769
978.204 17.09768066351298
979.213 17.764441950259467
980.222 7.721146337843163
981.332 10.073733803685473
982.346 15.295625920249206
983.363 13.451034129305105
984.372 19.75548390119457
985.443 19.758856706208935
986.543 22.37122718756071
987.553 28.024366863358463
988.633 23.15331277005096
989.683 22.382489944442533
990.794 26.632285611779093
991.963 24.62427057465647
993.063 25.670605714381995
994.064 28.744602441534607
995.065 27.258354247938623
996.073 25.129877664014998
997.094 24.012296909439318
998.173 29.093753765186868
999.183 29.75165797806295
1000.292 25.6841861709295
1001.442 33.69868837460341
1002.512 26.931503418691147
1003.622 21.155606286747158
1004.752 25.110263449968553
1005.753 26.3152313529679
1006.823 20.471104012276598
1008.042 20.4187481332012
1009.043 26.01023001914426
1010.172 17.340692602549826
1011.173 23.192387547627497
1012.182 21.104416393865847
1013.243 16.023609046758484
1014.252 21.322076501212003
1015.372 16.99212873288405
1016.374 18.28358796537517
1017.403 14.991458856842836
1018.414 26.817115858221594
1019.423 20.118382554191747
1020.443 20.61093712860036
1021.453 23.998899671876625
1022.454 26.44125972796527
1023.472 21.367946189197387
1024.482 23.39947952547402
1025.522 16.87138373330411
1026.562 19.205874138019578
1027.573 10.833694135293387
1028.574 17.61750021239238
1029.582 24.190033899342584
1030.742 15.331880634906605
1031.762 15.878375693090192
1032.772 9.786553847894616
1033.785 9.26593757818669
1034.802 11.745562584187198
1035.814 10.211222610195854
1036.822 13.334284975821365
1037.828 12.209490778198754
1038.832 14.788900707059147
1039.842 12.938436788033965
1040.892 13.25723086845185
1041.893 17.094134136277823
1042.992 17.684493755039274
1044.002 10.733574912916238
1045.042 8.496282066182932
1046.062 7.311958445050256
1047.232 3.3158945065381737
1048.242 9.913844325080026
1049.243 6.064561403439818
1050.342 10.463557167100367
1051.372 12.39534562097384
1052.522 12.95854062747937
1053.702 13.522191903668297
1054.711 17.109766748882798
1055.732 14.734643576349718
1056.736 8.500880717941078
1057.762 6.931096200462454
1058.782 4.148589234044096
1059.873 3.6149204982790093
1060.882 4.641282770808705
1061.895 3.2590737599770665
1062.962 2.1132183034634555
1064.012 5.348898404044645
1065.053 4.74755974369558
1066.079 8.189093620964682
1067.093 8.846425461518118
1068.212 11.687981896273905
1069.343 14.81674833266297
1070.383 11.809359053936905
1071.443 15.200606853036794
1072.464 12.218993923413908
1073.473 11.64681005462012
1074.553 9.335261496702923
1075.573 12.185230083139212
1076.593 13.556160140432636
1077.723 14.141500767144727
1078.733 13.48852245967798
1079.742 14.292904179253807
1080.762 14.117633625675932
1081.772 13.04275472348575
1082.783 13.4109713665291
1083.793 15.66928199592271
1084.803 12.848095068932729
1085.823 12.226001237249974
1086.824 12.340267833190998
1087.883 9.200475881247533
1089.063 12.439011134801193
1090.072 10.273374363560281
1091.192 10.357588962250754
1092.203 18.665100454149886
1093.352 21.480748470928823
1094.472 21.137315191494576
1095.513 16.802074317060676
1096.523 15.447339625437458
1097.532 18.474280762576583
1098.563 11.272971892752278
1099.612 14.155453400054808
1100.784 11.591829997797776
1101.803 16.934020592585995
1102.883 15.02653203704535
1103.972 15.339992644040207
1104.982 14.093340525860958
1106.212 9.795275840954963
1107.252 9.671268672314378
1108.272 10.032687168803154
1109.372 10.950478844650846
1110.632 12.729650476768144
1111.692 19.365723602191604
1112.862 20.871854028984693
1113.872 22.3291850397062
1114.942 20.041090082863263
1115.952 11.476102696518922
1116.972 6.3701199244154365
1118.202 2.9612809584658697
1119.406 1.725332430739459
1120.412 12.547004881836175
1121.416 11.082993559445107
1122.643 8.87559748708033
1123.652 14.791010224937448
1124.662 9.932172145274112
1125.672 7.046921328950005
1126.712 4.502936842056878
1127.732 4.369474419629926
1128.772 6.1706912280079775
1129.792 5.902121768120226
1130.812 7.076156983576043
1131.962 5.791030101159091
1132.982 4.591229721313205
1134.013 4.037550870345472
1135.023 7.219773199019915
1136.033 13.274990801191574
1137.034 18.15049257633175
1138.043 19.64251787326631
1139.053 17.339122161217798
1140.063 17.80007939215004
1141.073 23.015097433548195
1142.243 15.503830555114945
1143.253 16.00684027317427
1144.255 20.31764250421872
1145.273 17.090520919007073
1146.293 18.494939090214615
1147.295 26.64706347409898
1148.303 20.804357425209602
1149.313 22.03945484111192
1150.493 19.477590901339212
1151.494 23.808723299294982
1152.633 17.59307952841353
1153.713 17.90744499027622
1154.855 20.154572883762274
1155.856 20.476507731070605
1157.012 17.274144274482605
1158.013 12.100370604740098
1159.016 19.74725315176453
1160.163 17.065136451203916
1161.333 19.68502842560579
1162.335 21.712693906544477
1163.343 19.900235773586466
1164.353 20.77019052668756
1165.363 16.6387734706389
1166.364 21.543252429082486
1167.373 17.53888686642374
1168.383 16.22627198344841
1169.384 22.211899456002527
1170.503 12.267763810511601
1171.523 17.526624179786786
1172.543 13.67238279013032
1173.583 16.249998930257732
1174.593 24.05024267515594
1175.742 16.991624487869675
1176.743 21.720578785927213
1177.753 20.818520737447283
1178.763 20.456609055168485
1179.873 17.04537942989736
1181.043 21.298924856360223
1182.203 19.604866466345108
1183.213 20.34362934170625
1184.214 19.026864763995725
1185.222 18.875614881304287
1186.223 19.412929575148066
1187.275 18.005270742177043
1188.352 18.094945371373733
1189.522 16.17819283865274
1190.582 17.091786593488433
1191.623 19.805411303249862
1192.632 19.905141898365713
1193.773 18.117510029295595
1194.782 17.896884879663965
1195.792 12.01187760445561
1196.932 14.533503323055314
1197.935 21.896334563082128
1198.943 16.443743983802076
1199.952 18.447138758061424
1200.962 14.816536225159753
1201.972 16.822302738543822
1203.063 13.39238211992473
1204.072 16.48927036809475
1205.073 16.69312324652718
1206.193 16.598066027972685
1207.194 16.770640196779205
1208.202 12.244383179632493
1209.232 8.07727925317767
1210.272 7.0045684209756045
1211.275 5.307539628111326
1212.292 5.969150407920604
1213.598 1.5905821183893731
1215.053 1.6323019113298296
1216.062 12.612487390923699
1217.232 17.45026279990781
1218.233 17.243214937749006
1219.334 15.000869200802686
1220.372 17.625047147742723
1221.373 22.107403567212693
1222.392 16.40534181110613
1223.393 17.16430470894597
1224.413 16.37098570459331
1225.502 7.467589032759389
1226.503 22.019880343831552
1227.513 20.25086044373908
1228.522 21.91452983392226
1229.532 15.325321534876059
1230.535 14.730960131046295
1231.542 13.20084491911207
1232.552 16.197273856992574
1233.614 13.550116380062299
1234.622 24.56750594658214
1235.662 19.098835515783023
1236.732 26.84156663921781
1237.734 27.677060609189862
1238.753 30.81952180937932
1239.754 31.050858373604264
1240.762 19.64011841477021
1241.773 18.56778318833358
1242.792 11.039793423347954
1243.802 7.711744176295955
1244.852 8.049369404513529
1245.912 15.141399088087494
1246.913 20.395950900444507
1247.962 13.509304216958638
1248.982 19.74355568506481
1250.172 16.221023859470034
1251.182 14.475714089487935
1252.192 16.898877877708724
1253.242 11.294305784225598
1254.243 9.778661947163508
1255.272 4.888189725957125
1256.291 5.227935129881291
1257.301 5.323604099300757
1258.312 6.403751995449016
1260.462 2.111527202671507
1261.632 12.718205059911327
1262.633 13.05071321565867
1263.782 8.63871120560202
1264.8 2.7260739668112177
1265.801 4.705861525107476
1266.811 13.858468254819359
1268.001 14.232897371933836
1269.061 20.413760847557068
1270.271 16.034953443765133
1271.361 15.044425866185955
1272.362 17.631559659142276
1273.55 13.956323142016254
1274.551 13.09580477496337
1275.561 12.845040224887224
1276.57 13.091870479790774
1277.581 13.359052103548931
1278.591 15.184850091106851
1279.601 11.675825723352903
1280.611 12.405800205472108
1281.691 11.388997894582484
1282.701 17.58190301217164
1283.71 14.343544122854304
1284.711 17.628266455496146
1285.721 13.601753239183513
1286.822 11.558007116913616
1288.011 16.857731449415745
1289.071 17.658865408744862
1290.201 16.995809361616082
1291.39 17.79451497499254
1292.4 17.67642937252115
1293.411 17.804544940584254
1294.461 17.144588350880493
1295.471 18.004447638262903
1296.481 18.699272378561933
1297.482 16.23891444967557
1298.49 16.371922411181657
1299.491 18.83205909488122
1300.492 23.003028330843264
1301.511 26.036901191019158
1302.621 25.831126404928327
1303.781 23.171663075619207
1304.791 25.43098030678273
1305.87 20.42902180818021
1306.871 26.599460170558665
1307.872 28.027570651426014
1308.88 19.255602570490915
1310.011 19.55488820473002
1311.02 22.88290643638912
1312.19 16.048478608707754
1313.191 21.953636283385894
1314.33 17.263251726255792
1315.331 23.347294786416278
1316.54 16.11313122628293
1317.542 21.53807522765164
1318.544 14.805765943482678
1319.64 19.487808241245258
1320.67 17.12762828141843
1321.671 18.281587418672068
1322.681 19.623948566823465
1323.88 15.996797736676625
1324.881 20.389617816265822
1325.882 21.392271702357704
1327.03 14.082673062669366
1328.031 17.445240322890605
1329.041 18.233168293940157
1330.05 18.066271092939047
1331.17 12.484803063446966
1332.181 17.079932617957194
1333.182 18.003311700114182
1334.38 14.012969637189565
1335.381 14.132657315651853
1336.383 17.712660806397707
1337.39 17.346710488525236
1338.391 17.63130633587022
1339.4 18.36797457822554
1340.401 16.06551460505333
1341.41 19.087991642235846
1342.422 15.206082040693458
1343.423 15.82270415789608
1344.43 15.290397427354064
1345.452 16.012301082224322
1346.63 14.144972745115135
1347.73 17.036434673011115
1348.86 18.937129669120274
1350.01 17.424026142944143
1351.021 21.7967995231401
1352.022 24.128670711558442
1353.061 12.414641281854761
1354.07 12.443352492466497
1355.08 14.612042943756661
1356.11 13.169739290126227
1357.112 18.376844462790334
1358.29 15.750169162155245
1359.3 18.36773968601673
1360.301 16.449046182534193
1361.4 17.48548566086775
1362.581 17.361844168389013
1363.68 18.276441888652865
1364.681 19.011538700410092
1365.701 17.388648627779613
1366.79 18.52448742452024
1367.791 19.38113749269785
1368.8 18.425776995213347
1369.81 15.646183921159512
1370.82 19.089052389982854
1371.96 17.91930822722062
1372.97 11.533220218334513
1374.04 16.85562178168947
1375.07 16.287747816496267
1376.08 16.83937522853726
1377.09 17.60123509647553
1378.102 21.61553357078356
1379.11 18.38506473649184
1380.13 14.781656507727151
1381.17 15.776005578473116
1382.33 15.135249399652421
1383.35 16.77844864117414
1384.351 16.611679784052672
1385.352 16.968992393128865
1386.37 18.44371872819215
1387.38 19.80170331612872
1388.541 15.453762893547943
1389.68 15.997149322817984
1390.88 17.59040368955087
1391.92 15.75393952995047
1392.93 15.53383187275006
1393.94 14.329970259094713
1394.98 13.97329475208631
1395.99 18.802083917785616
1397.06 17.035258352932956
1398.2 16.288632160290504
1399.259 15.32810033085141
1400.27 14.809907063791513
1401.29 16.008022991150813
1402.45 16.732345347089222
1403.451 16.153164489991255
1404.461 19.83233337166789
1405.479 16.42494438027702
1406.62 10.479762339405314
1407.63 11.648836125132522
1408.64 11.22478560053666
1409.71 10.992431029026791
1410.719 19.87347622643136
1411.73 15.723385111203076
1412.75 18.89556540032679
1413.751 17.856890794029745
1414.76 17.909953252190693
1415.77 18.483481125717525
1416.81 19.368504572999132
1417.82 18.018883437355548
1418.821 14.429425639979812
1419.83 17.75740513418601
1420.84 19.32279486385338
1421.85 16.57035797752463
1422.86 16.199658984285055
1423.861 16.396354922294314
1424.87 17.122206834285578
1425.89 8.904519501731853
1426.99 15.03640615968079
1427.999 19.12003428650796
1429.02 10.841459043359944
1430.17 13.48333412558064
1431.36 16.399912625446635
1432.43 20.77492206550042
1433.45 22.0039929950569
1434.46 13.524299368938381
1435.461 17.461579680039918
1436.61 10.731877540475404
1437.629 7.879292192079081
1438.639 8.783168459155604
1439.649 10.297096619818928
1440.669 9.386315213227782
1441.819 8.729432687604948
1442.82 16.450312799369932
1443.821 16.564434976143065
1444.949 17.10923292763419
1445.95 20.355799146846728
1446.959 19.65169086549779
1447.961 17.533360322371305
1448.97 16.568434547930636
1450.059 18.138883201351394
1451.21 16.597156167865506
1452.211 20.129708041826117
1453.221 18.07449456297474
1454.229 19.569680445165215
1455.23 19.43876855856541
1456.231 17.722882733030627
1457.249 16.875802739163195
1458.25 13.166102009267542
1459.269 11.18611638102988
1460.28 17.0537221687784
1461.29 19.5192540323939
1462.3 15.07613850014298
1463.302 21.25729345329648
1464.429 16.51589758974072
1465.43 17.988998929933743
1466.62 15.768421430775172
1467.629 15.571468511967069
1468.63 13.220313209789548
1469.639 15.929969154858904
1470.649 18.686342477926335
1471.65 16.619406146782364
1472.68 17.556797385062882
1473.85 18.132250479227572
1474.86 22.733024748917945
1475.939 16.21280993453642
1476.94 20.831287106475326
1477.95 14.102504435942153
1478.96 22.295900128775486
1479.969 20.18711716738978
1481.03 12.754716321878217
1482.04 18.77925134103438
1483.209 16.789857125410144
1484.21 18.45042744265396
1485.22 18.921465815074633
1486.229 15.088692672535599
1487.23 16.00269041012755
1488.32 15.012437980944279
1489.409 14.755881415825504
1490.42 14.072252221003177
1491.429 11.398636633767671
1492.479 11.675153822829119
1493.489 16.911556712221778
1494.5 15.3175620797068
1495.649 13.63708515631439
1496.65 17.90134904499582
1497.659 12.504673317459337
1498.85 14.88725115430047
1499.969 16.25680614896216
1501.069 15.395332438543589
1502.211 15.93836080440439
1503.219 17.21614493364079
1504.399 14.22081717488419
1505.412 17.516692266595726
1506.419 16.91900442269625
1507.589 17.80758562273612
1508.699 22.40487126942856
1509.779 19.978908277095115
1510.78 25.308397631222995
1511.781 18.744662533373837
1512.789 18.47801769975603
1513.869 17.421892587025763
1514.889 19.29283554845521
1515.89 20.396837532292917
1516.969 15.80988385906507
1517.979 18.626463229808788
1518.989 16.582032547864486
1519.991 17.717089541043485
1520.999 23.165413006901925
1522.009 17.779491977708897
1523.019 11.932917338029924
1524.059 14.578831011959677
1525.069 17.67542510834795
1526.07 16.917441087850968
1527.079 15.840249751039618
1528.259 15.779776581240222
1529.45 15.265487082301183
1529.908 15.91221414434386
