0.0 0.1856841115383473
1.01 19.84770130735257
2.029 22.005795146984678
3.033 22.050431388906247
4.041 18.83993470731399
5.08 18.95437045945561
6.193 11.034443656386864
7.199 12.36536034264203
8.2 11.911155880499773
9.219 14.142105373387633
10.229 10.372323679148161
11.429 9.586974569488785
12.439 14.945180332237893
13.46 14.064153919986111
14.469 11.407213738055047
15.48 14.578921991430459
16.481 14.772722721010032
17.489 17.103628070080124
18.49 14.007195974567017
19.539 11.663840403134142
20.549 18.241312180763167
21.579 7.5052525886349235
22.58 8.086273985657582
23.599 9.476165177491525
24.629 8.582350439093737
25.651 6.037118791244225
26.771 5.591723774231115
27.882 10.05806249409909
28.883 15.208544957672292
29.932 23.28796377953119
31.032 28.086166746320703
32.083 35.996727454794495
33.122 34.89549477139216
34.123 37.765871497335425
35.124 43.909176340312314
36.223 35.942657670354585
37.231 38.431198639295026
38.383 31.15112759273399
39.582 34.72169405715682
40.584 37.01547916968977
41.602 36.159732784959296
42.611 31.516192391705825
43.647 31.6054873667695
44.652 46.54861685682347
45.752 35.587257364682294
46.902 37.40327879257307
48.022 37.896660090915105
49.052 36.97216930979537
50.222 30.11918807648068
51.223 33.44892669044531
52.322 43.5791859111058
53.372 38.14065472274104
54.373 31.8855391089336
55.572 25.95120506891803
56.573 42.27131716114775
57.574 41.503382557148726
58.772 35.4618865071857
59.783 47.162292410496384
60.811 48.711747490267086
61.812 38.820857132545655
62.901 34.035870660464376
63.902 32.55148374219654
64.913 35.95133929223831
65.932 43.28881475140888
67.093 35.92176451052748
68.102 45.304153318155265
69.103 35.43764512873469
70.112 50.73262546050232
71.113 41.80883650037414
72.262 43.68205441049617
73.263 45.73416045760503
74.411 35.32616635304155
75.611 37.68392751468094
76.612 40.65564467041203
77.618 38.66025504391255
78.732 39.08166103314259
79.882 38.30780203889303
80.892 47.865929992051456
82.072 31.051719135375464
83.272 34.60223088698591
84.451 35.94312470664337
85.621 35.38749480445475
86.631 28.735512793843263
87.662 36.79570721071761
88.663 38.03090782999395
89.701 42.658979593439334
90.84 43.11028779421649
91.841 43.53561442313019
93.021 29.555516175544394
94.023 37.8113410091505
95.031 34.877628317124135
96.032 37.328157372487375
97.033 39.29176529531408
98.142 36.40811164134354
99.143 43.91932374042307
100.145 32.70129632716136
101.311 28.857185939266046
102.491 34.570969412655494
103.702 38.43274567101594
104.703 41.17127018957523
105.89 32.620241712899926
106.892 41.54082656310355
107.893 32.762859246837
108.991 26.646981143382796
110.152 33.21462735575787
111.161 38.940137792031415
112.191 30.227270247039193
113.201 44.4804785444798
114.391 34.55374587390318
115.592 39.67090048495004
116.593 46.217967857641895
117.6 30.187643864233483
118.621 36.26881353842159
119.661 23.8331557200119
120.772 29.352583535974194
121.78 38.17739658693069
122.782 31.349946291262725
123.79 36.58131302175259
124.87 33.97150797679242
125.871 35.4741069734412
126.872 36.49194280465549
127.873 32.52207348069078
128.881 30.946770825831337
130.07 27.338978906925206
131.19 27.778002673215184
132.21 23.098884247555816
133.35 29.673902385280904
134.421 37.59139736675023
135.43 33.469862233930755
136.431 32.3899852889443
137.49 21.926490731965615
138.491 39.47218262999379
139.492 42.846795142149
140.531 35.8875379215301
141.551 32.54246658509791
142.552 44.81091903438897
143.74 37.44505153640674
144.751 40.8302793360865
145.761 45.350151435200594
146.762 41.87281671816392
147.881 34.126811936831984
148.91 38.35209942804137
149.911 38.27220956555344
151.08 37.39401917976422
152.081 42.78109502602807
153.082 24.977567468959045
154.36 27.333855095620468
155.39 25.745881285412214
156.58 33.94032895915182
157.581 32.964431331119016
158.68 38.998960820643056
159.681 33.31030288512654
160.69 31.734082032516003
161.699 40.31930926241958
162.7 20.398166176907132
163.779 27.374687162318647
164.789 17.04095222435385
165.81 23.019435257709254
166.811 28.370754883004622
168.0 27.575285126170293
169.019 25.64569142750455
170.02 18.826179103804222
171.1 18.288686669883095
172.24 27.22784532945969
173.241 32.22177923245882
174.25 24.30211720149049
175.26 36.61268324360478
176.37 30.889398323200446
177.489 30.391643419671734
178.59 30.657951356984668
179.591 38.525550589431
180.592 32.41664371307718
181.619 33.245839354008446
182.73 32.40500800499764
183.76 35.12903492150728
184.85 27.498981496241466
185.899 31.543853515346857
187.0 31.117037610269332
188.01 36.73626474989328
189.17 35.06758231516519
190.171 32.75391577564413
191.29 27.294187674601062
192.291 36.43019845482534
193.292 26.456680032244254
194.299 20.601974470545667
195.36 19.59302146710323
196.362 20.11885468820764
197.369 27.687450719935157
198.37 28.04707001742594
199.54 34.740784367643315
200.541 36.34781532480615
201.62 26.1620552318708
202.769 30.179862647391666
203.9 32.721715930285846
204.901 34.221161040487424
205.929 27.259346042226255
206.939 32.62705181762403
207.94 27.344491549795528
209.0 33.25955274173917
210.009 39.987611954619766
211.089 29.706841338130143
212.2 25.287023155796422
213.329 23.541032519586725
214.53 26.629319875018385
215.542 37.50488262478489
216.549 35.54449231797774
217.729 27.40320159118531
218.73 33.223620009279465
219.889 25.512629322997903
220.89 29.983675536367457
221.899 26.262612091009714
222.9 19.81168084656499
223.929 13.163938013638116
224.939 8.887470572015074
225.949 19.788211726999442
227.09 22.98322612374712
228.1 22.81877117962882
229.309 12.174076553167149
230.329 9.69777420533379
231.431 3.420583584106112
232.449 26.359361832249284
233.46 20.377931598589935
234.469 21.77736151107596
235.479 17.185159058085038
236.489 22.394503083593616
237.569 20.128108218969697
238.57 22.991600867827355
239.579 25.211042900001743
240.769 17.107532253331637
241.794 20.478354884407672
242.889 12.791702044979697
243.899 14.112837579147378
244.909 15.926332264813999
246.039 11.005101720872835
247.088 8.987372332736006
248.099 7.454555839622878
249.208 4.163242347344154
250.328 12.111123084579441
251.358 10.72785447517531
252.368 8.161493143086075
253.398 5.863530818427776
254.418 12.336069746321558
255.439 11.765683982412703
256.508 11.824247921641378
257.548 11.09649163879167
258.568 5.035902102300842
259.569 11.999386664780326
260.588 8.365476440573232
261.608 14.234238235488204
262.618 13.860049476980237
263.758 11.149290254469387
264.768 12.385253347620319
265.808 12.471303117775376
266.828 10.766190223139766
267.838 11.017163456919052
268.858 9.553124516969765
269.859 13.70758968558144
270.86 14.998889351319937
271.888 13.884650039805587
272.898 10.08373955443722
273.908 8.124333462532201
274.948 9.896159545568233
275.968 6.4651828035558605
276.988 4.520429350586759
278.008 9.69777420533379
279.018 8.704229027974232
280.038 10.326840002869757
281.061 9.61581840643868
282.908 2.9328097411199905
283.939 3.9854376568377687
284.942 7.786589160946182
285.959 8.371093546008199
286.962 7.748826846869479
287.968 7.00917671514739
288.988 9.294206638402756
290.068 8.976166739551145
291.139 10.387578886831022
292.164 9.872850675884381
293.347 7.656325863280672
294.358 5.36326692260188
295.368 5.36326692260188
296.388 7.471485536277556
297.408 14.225630144349394
298.417 11.20638671584647
299.418 13.544371334127176
300.427 17.864561788575468
301.428 21.19533905260033
302.508 13.632665818346714
303.548 15.268601657469441
304.549 21.11570775995402
305.558 17.93554228241607
306.568 15.273821910749907
307.758 10.471345017413235
308.768 15.061773091421149
309.778 13.761013814571747
310.788 10.459938705794933
311.797 12.52174399216065
312.808 12.458998616816308
313.827 9.6263632741179
314.837 8.161493143086075
315.847 5.410824495426063
316.897 5.383254252761723
317.967 2.2010969491442838
319.047 2.1807164218254367
320.227 20.375059925871323
321.326 22.86274542770708
322.337 26.727696842892737
323.347 24.66005039709194
324.357 18.38125758323709
325.387 13.763752715059661
326.567 12.887333733749081
327.577 15.437119956514499
328.677 13.75306895709961
329.687 21.146756011673244
330.897 17.555810600742944
331.907 22.175635974236016
333.077 16.359346128893844
334.08 22.002383938869052
335.087 18.632969790393272
336.107 14.922547954381171
337.147 9.632619524552503
338.337 9.529807922772289
339.477 5.578043057950781
340.487 8.48144140185651
341.497 18.01937684090981
342.506 13.934016942722428
343.517 18.339917063474104
344.526 18.032457956685185
345.546 12.58502924494451
346.566 8.787848336113312
347.567 10.008776338305164
348.58 8.032972078326507
349.586 14.602779498685374
350.706 11.211884992393728
351.727 14.828174702555263
352.73 13.368889061568204
353.738 12.152438506118457
354.746 13.893356620763488
355.757 13.820456354805716
356.885 13.632072273849078
357.897 12.206477379290455
358.906 21.10884810996256
360.016 12.857231045828048
361.197 17.68422899580957
362.216 13.972477826701454
363.226 11.22580313125491
364.236 10.507496278619115
365.306 13.126614941636642
366.317 11.777333160261092
367.329 11.070073252657497
368.336 20.690876305543497
369.337 17.237509016910643
370.386 13.032928988063317
371.426 14.905406427495562
372.456 6.173756394235533
373.486 5.083286751722905
374.506 11.367575100146704
375.526 17.356274741266812
376.556 9.146305769242609
377.566 6.131688206833433
378.586 8.312377890270733
379.606 8.588174378924819
380.646 9.785247602045603
381.806 7.242966616480609
382.846 7.4731474302132215
383.856 6.818119553685551
384.866 10.24396936968453
385.886 6.655235953012366
386.896 4.197339330726292
387.936 4.262494975635307
388.946 12.828271741084187
389.956 15.83360352066712
390.976 12.08035880367238
391.996 10.436719754466457
393.026 8.851959196513553
394.056 7.302001349322247
395.066 13.581010958296757
396.096 12.415708927982108
397.101 12.761388047488126
398.106 18.364955594570876
399.146 21.344920760189435
400.166 19.87051249820281
401.167 10.117129933060205
402.206 7.20594162550213
403.396 7.017547374451655
404.606 11.260236904545797
405.616 23.230936810843467
406.626 23.831798618074682
407.646 22.263899407090957
408.907 23.694846017697916
409.916 21.05714837526637
411.066 19.74172136478435
412.076 23.288721818581784
413.077 17.470039271045817
414.235 18.675840978842807
415.276 18.584380894178036
416.356 24.042239141553566
417.377 20.809659853705575
418.385 17.68091672184118
419.435 20.41068589015158
420.635 19.651554728988867
421.706 20.778483918988258
422.73 18.817757984429228
423.776 20.485940185162494
424.825 23.508705106191407
425.826 25.07026998874995
426.855 15.983610704853154
427.876 16.776419267040847
428.885 18.918690372426404
429.886 11.79162294659224
430.905 18.40695413918003
432.065 13.072722132577988
433.066 22.19958768719218
434.075 22.40509525322861
435.085 27.60350619473418
436.179 20.763282355659683
437.196 20.07691250681836
438.205 22.83012508527435
439.215 17.64573454832367
440.216 16.95750956887869
441.225 9.998694563612736
442.265 12.516826676695803
443.275 12.626961728501355
444.475 12.162658906392915
445.516 13.303759375197309
446.525 9.77227361334036
447.526 16.54009024431673
448.535 16.585377263954058
449.545 17.3532299068526
450.575 13.595435282507214
451.595 18.93425599728007
452.596 14.007883933899478
453.605 10.397106710479012
454.805 10.344056185147382
455.815 15.198138891632082
456.825 25.76631795127975
457.826 17.436501253631373
458.835 14.981832357653973
459.855 7.2905468362672075
460.885 4.2706160892611695
461.915 4.5731528846213045
462.974 4.447920180509902
463.985 4.193187659775763
464.995 23.675830233912478
465.996 33.397157750849765
467.145 9.286249894146687
468.334 15.811955736597657
469.344 12.752247807469226
470.354 14.803018985511054
471.414 15.793086153880289
472.435 17.978179610764794
473.454 12.543821915636327
474.464 9.560606253349693
475.465 9.052856846797189
476.484 10.599525294903254
477.504 12.237667449569432
478.514 9.931521229937209
479.524 14.563697006109981
480.674 16.645652967534886
481.675 31.244704991563744
482.676 30.011537889203016
483.784 30.929306527808368
484.967 22.145278589856126
486.094 27.645274579215293
487.135 25.91126392437335
488.154 24.94758283902812
489.155 26.94341125931496
490.156 26.789480358891964
491.164 30.04309205175949
492.235 25.246221208593937
493.354 25.341481816994396
494.564 28.37013415613503
495.565 32.43470264555429
496.715 23.949356313457635
497.716 20.321286721590674
498.834 20.732718400097582
499.835 32.482859798826574
501.014 24.628048096449973
502.024 29.248930031611714
503.025 29.433996030333507
504.124 22.613196943926525
505.134 28.720342098677584
506.264 19.92323649627803
507.265 26.581544650913802
508.274 28.954752071008414
509.365 20.92847089432457
510.374 23.68898858677553
511.384 22.230523208834747
512.385 28.69495571799657
513.404 22.192993674607976
514.413 18.920737886679255
515.535 16.715961651725856
516.664 18.333632974967724
517.674 25.198524850744356
518.684 20.4396993375506
519.693 19.243733258834514
520.694 13.276927143891118
521.724 7.016012146640275
522.763 6.80030914988392
523.765 13.282576718098971
525.214 4.203885171485594
526.384 20.73328645539175
527.554 24.4618406667803
528.684 19.161825693678
529.685 21.857843889136394
530.704 21.309376075851414
531.803 25.833829259272807
532.805 29.583455195052466
533.814 33.185428380064316
534.816 25.405896132642614
535.844 29.318589012075414
536.854 29.18074713153853
537.987 20.83401179084226
539.004 22.240023393257864
540.024 15.031752561575248
541.025 21.37352051953562
542.033 18.376054240401025
543.133 20.45532871777936
544.143 22.261375971213088
545.305 20.399546239916017
546.323 19.563197775163285
547.333 16.343441156215626
548.413 13.37808949338463
549.423 24.762665661720384
550.433 14.70585835285834
551.434 18.462764586797427
552.564 19.25393836580209
553.683 19.33058793483541
554.694 22.882366739701197
555.703 27.690582650800312
556.744 20.097618817719106
557.873 19.074432031691504
558.874 24.455922305636808
559.925 14.182792521042272
560.933 22.124843772360958
561.953 16.24599977045522
563.153 18.94052640092292
564.154 25.365404542203652
565.353 20.669182706415363
566.363 23.786627446773508
567.373 22.924966046434168
568.393 16.755227436450426
569.424 17.14538051928444
570.513 15.069455563687423
571.523 17.035156677837943
572.533 16.937314216169433
573.543 16.677878281265063
574.553 16.855153821541432
575.673 10.94703247396511
576.862 9.548972151755166
577.863 13.935992183721842
578.873 12.997876705110391
579.883 10.872615708690727
580.903 12.597181844191708
581.924 9.708173148393783
582.973 8.082579073494543
583.991 7.0116200120854995
584.993 12.450976695903215
586.013 9.345011254737736
587.015 19.79242416455278
588.023 18.354534012553994
589.032 21.436962267739187
590.193 20.61315302367184
591.273 17.878502691296944
592.392 16.45106990527903
593.603 17.3523763537785
594.622 15.843956247617475
595.652 17.007248026685478
596.733 21.623747907044365
597.739 18.406084020932067
598.744 15.143902108351817
599.753 18.245911316732546
600.763 15.75417044203774
601.772 17.498739243443335
602.773 18.382961304318005
603.783 25.639156842599142
604.832 19.61495940031315
605.833 15.31552263376241
606.852 11.554947383036534
607.864 11.330357431359033
608.872 16.951107725107246
609.882 15.695874062446112
610.892 16.941064275680993
611.903 14.82328620082476
612.922 15.504701154245117
613.962 13.395348593495692
615.153 11.858043396667515
616.162 17.24382371994252
617.163 23.02840669207099
618.283 19.13824605618609
619.284 30.769325093306485
620.403 27.472503628541844
621.404 29.007805224175065
622.412 21.815533195774343
623.422 16.748447582882775
624.532 20.697573515496632
625.552 12.21994490900598
626.562 10.72653384520376
627.563 8.737427493186521
628.583 18.7237797296281
629.592 18.53904710615746
630.602 24.737608446051624
631.603 24.55258059171849
632.782 21.738679150509952
633.792 22.993660318339142
634.802 21.016015300729645
635.862 20.487581744010782
636.865 32.56484647761311
637.872 26.377516374149064
638.992 34.04207985156226
639.993 27.889183350712173
641.003 28.280732850055973
642.012 30.832493259932207
643.182 31.85464591305996
644.462 35.9853179972632
645.464 21.739811489161873
646.502 22.296117063665825
647.503 32.53634863696847
648.512 27.736139842910116
649.602 23.951026427324088
650.604 27.954303473235573
651.624 30.992672607791906
652.632 28.845132701536286
653.652 23.50380210318449
654.663 30.071612866108158
655.672 29.90360429752559
656.772 29.550324793521845
657.972 34.29033105146132
658.973 38.39363438756068
659.987 35.97163387015588
660.993 32.45284586329497
661.994 27.49704653163968
663.002 30.403299675049613
664.013 30.09068519472267
665.062 26.848381876078612
666.082 26.796312570700522
667.132 32.39970730107844
668.162 32.742002891333975
669.233 30.506399851528894
670.292 29.529085294895054
671.293 22.789856793884383
672.392 28.562727305395097
673.502 32.13268586491528
674.512 34.66793647505517
675.662 20.377821873468772
676.672 27.322251731797778
677.673 30.288441520303454
678.851 21.826114684920256
680.022 18.198136858597433
681.023 26.188203902923426
682.072 23.192938331053305
683.102 26.08485621412599
684.123 34.0470660586565
685.241 25.35598709875256
686.243 33.05163360928611
687.331 14.97902800335002
688.412 22.02142419890084
689.431 20.358853588183344
690.671 9.670357353387406
691.836 2.2237691923838057
692.881 21.959446430349747
693.984 25.801016742281412
695.091 28.759733583461895
696.292 36.29331774707374
697.301 30.857916561792123
698.311 27.441742264292788
699.312 33.74560915235401
700.452 27.512214375375166
701.461 33.61267635256678
702.581 20.24484691527543
703.612 24.83805835783583
704.741 23.90670484126196
705.751 29.280123708401117
706.752 26.06110341629425
707.761 29.20301317322512
708.771 19.59457229068829
709.781 18.37120060548544
710.821 16.625369253114414
711.951 17.14625105935039
712.961 16.473840952683606
714.001 10.624370947859035
715.082 4.239066824084469
716.091 19.202953600132005
717.101 13.675444274950843
718.111 14.13738342317803
719.121 11.681776275739141
720.131 6.60487753359529
721.143 6.586040323089546
722.182 8.472383214980114
723.221 8.271058273040495
724.241 10.638587930958092
725.251 11.952973760923893
726.281 9.169037815731944
727.301 8.266299284775629
728.401 8.549243097563267
729.411 10.961083021580341
730.412 9.199564174315421
731.44 8.934997634988152
732.441 7.904308742415272
733.442 13.014470658815405
734.461 12.781030158201412
735.471 6.398965175258056
736.501 8.073219456402091
737.511 15.582860905504326
738.536 23.154841368244437
739.64 18.357690015601694
740.651 18.021647581021362
741.652 25.129262501422417
742.823 22.649791710687573
743.863 25.852580793167682
744.871 29.26341078095574
745.882 24.932131191477435
746.89 16.620447716263193
747.911 13.337904193548223
748.991 21.391584707230848
750.12 23.32098866652387
751.121 23.57086262524322
752.125 20.30960785818047
753.337 21.04678283439762
754.361 20.149153955684298
755.381 19.012741534122558
756.382 25.94122650274201
757.383 26.586876335783415
758.391 22.36190786947013
759.4 18.09047086027925
760.42 12.22483970591961
761.43 11.74501591560383
762.591 16.439897056067725
763.6 24.972678116663058
764.71 15.290916776616687
765.781 18.948409917438884
766.8 16.93910142447932
767.802 14.228264016075467
768.811 16.510984246380225
769.841 14.452901448369673
770.87 12.359512314983197
771.9 6.264517432841422
773.01 4.824563656999143
774.02 22.03807832490605
775.07 19.051263344771847
776.071 26.18562405542669
777.27 23.658825168513268
778.48 23.41429246255683
779.611 30.00593339305059
780.62 29.907187447312054
781.66 25.67578384429428
782.662 31.762309938486684
783.68 21.444632233288324
784.69 24.023392567230843
785.691 26.10444485432539
786.85 21.624356783800494
787.86 24.657493538363408
788.87 18.63114791215704
790.0 26.76004148323045
791.12 27.208485214711814
792.13 16.796686984701235
793.15 10.356039998299305
794.2 12.29104243709793
795.24 18.446311609415012
796.25 18.851719594000325
797.353 2.562292368711338
798.36 29.817504493529434
799.361 29.138173517590385
800.37 35.811536025424694
801.371 28.706479036901378
802.47 26.988989660685316
803.64 29.775607969434027
804.81 28.674360891151288
805.811 35.0004469735151
806.83 29.125421458881803
807.92 33.63536587833545
808.921 36.55145128695643
809.933 20.43979332484306
810.99 22.948014543806668
812.0 28.019251428125735
813.002 27.336617093123323
814.01 22.94688231684473
815.02 18.256312418787875
816.052 10.694885946087005
817.06 12.801119659796365
818.2 24.353497984825204
819.34 32.73279512226042
820.54 30.369775942288967
821.542 36.03319459799632
822.67 25.649669581933956
823.68 34.689755003173275
825.22 15.264716837107493
826.222 17.67854501723498
827.23 19.589726772793767
828.24 30.25803695325441
829.27 23.40080325297641
830.279 31.435998083630555
831.28 33.36723151993074
832.281 35.23641702420498
833.29 34.29040356752749
834.389 31.93405996051257
835.499 30.051854320481866
836.503 33.143551547192594
837.67 24.78628662556031
838.679 33.39359232813578
839.82 28.143554203357922
841.019 28.313943012007062
842.02 29.697140474569522
843.029 23.375787631604037
844.11 25.12511485776733
845.3 26.229938753509494
846.459 30.993138772081057
847.461 39.40598559717812
848.47 23.618418069716864
849.621 29.028936364365805
850.622 34.287033146484504
851.701 24.325236970629586
852.709 26.47175900195798
853.719 15.76746610755524
854.721 17.76531320137422
855.729 22.45174628107468
856.799 10.88835034665655
857.809 28.459712962990192
858.81 29.41043342311063
859.999 24.545150167933116
861.189 29.729887338941015
862.19 34.38816316827022
863.199 25.690161233490368
864.299 20.056226310444178
865.43 27.511641944631315
866.439 31.852837858837052
867.44 27.953507548254255
868.449 20.470023665483225
869.45 27.771886284656656
870.469 26.165049075396347
871.479 28.2991422332027
872.679 27.046048485335916
873.699 30.479394075424008
874.799 28.571193554129742
875.934 29.29632991281433
876.939 27.679167164807595
878.129 20.54917729704602
879.219 21.550237705987175
880.259 24.039749907343413
881.269 23.013092444934248
882.278 28.03439441793488
883.279 20.1570364311162
884.309 20.29085871449426
885.328 20.87517010477565
886.339 19.830113019095005
887.389 11.515658380052058
888.399 12.63845230412125
889.419 10.390472362854558
890.428 8.877680514426903
891.438 9.511003193521162
892.439 13.175797122126921
893.469 14.441869719924737
894.479 15.14921766081935
895.499 14.01380358789218
896.598 9.144158252126491
897.618 12.006768063743522
898.619 8.79280821938509
899.639 11.544969292048664
900.658 7.758601791490281
901.688 9.613482754347388
902.697 9.379150878277809
903.768 11.786253041819487
904.778 15.960202914429171
905.808 6.992611510529959
906.829 9.69468348551128
907.838 13.386136255957535
908.849 15.511763203270693
909.858 19.527143355606803
910.859 12.169656599413837
911.869 15.934002841064164
912.878 15.808686860299222
913.888 18.48557742041578
914.889 18.342027724079603
916.068 20.170239677756967
917.078 19.30752228123599
918.158 13.051779075584756
919.169 18.122969326366327
920.178 14.06130407829048
921.188 14.44659287518102
922.258 14.329816914276583
923.295 10.849515217221095
924.298 16.358806101393778
925.328 13.142131531661226
926.329 11.712335633612165
927.338 14.789877897164713
928.418 12.817447705692459
929.599 20.720353230969224
930.608 20.217667534760814
931.708 19.6635408437722
932.718 17.663121187849864
933.722 16.64653927437425
934.728 15.902549920139835
935.738 21.223802688801136
936.898 15.643276245063403
937.908 21.166529052722446
938.918 15.723829051491185
939.932 14.861775969511845
940.958 13.533832179358281
941.968 8.207175686175999
942.977 9.376591485477885
943.988 7.701133801413371
945.018 7.545702259628381
946.038 4.3545126135293755
947.068 6.402414038478434
948.108 4.507991113312306
949.138 7.5159500222908875
950.148 8.861049698228644
951.177 5.888804350111355
952.188 4.6590973997508485
953.258 3.081535728784781
954.269 8.61933018956059
955.279 6.532774116740456
956.506 15.003334594655085
957.517 22.68295873318992
958.836 2.8569203767393128
959.947 4.722285677115571
961.037 18.086784082353454
962.096 18.526335374655766
963.166 19.055739398940005
964.167 17.882298900614316
965.358 20.606946238040468
967.846 9.091362107573495
968.847 14.86370534262043
969.856 19.774721953072564
970.866 12.199966316575129
971.876 19.174224711520814
974.196 3.4676507829873833
975.197 22.2811108680458
976.198 19.680796583693365
977.206 19.755739959036156
978.346 22.82563731721577
979.476 20.448371821967104
980.536 19.296254413762675
981.596 23.106552868843917
982.726 21.089975645686682
983.767 17.148706750540924
984.777 21.490397828231483
985.886 18.872909935584662
986.946 20.61296752436505
987.966 19.544248965425815
988.976 20.109864558277085
990.006 17.58658091768655
991.016 16.776061657409187
992.157 19.34147467405934
993.167 23.317699551268912
994.176 17.726866455603847
995.186 23.46480415816121
996.206 9.503163831154204
997.246 8.697151774046873
998.466 8.890464751406814
999.476 12.369059908855625
1000.495 10.359782776248089
1001.496 11.175211385331073
1002.506 11.946155470916574
1003.526 11.802705667927226
1004.726 7.628346899023202
1005.846 10.282211149401931
1006.866 12.01486979657499
1007.896 13.571533204191919
1008.906 11.992178928503636
1009.916 14.20522540879712
1010.935 12.428089973916803
1011.945 9.47333214120006
1012.986 9.980093522823216
1013.995 11.66997806618103
1014.996 12.209214260987315
1016.015 12.44261982353292
1017.025 11.398987697544104
1018.066 9.253739319531249
1019.085 9.013913217623863
1020.095 5.886741138186543
1021.305 7.5778235696266885
1022.325 9.013913217623863
1023.335 8.103708135261675
1024.355 9.454384648027089
1025.385 10.932108598897939
1026.395 12.858101759885038
1027.396 14.546556090678608
1028.435 7.253663093218122
1029.575 12.241913752536924
1030.585 12.358832473833889
1031.595 10.637725617817008
1032.665 9.560612625575239
1033.685 9.005076047813022
1034.717 8.423083908712957
1035.725 5.34453150626013
1036.805 3.4891462749250026
1037.895 3.457135758656291
1038.925 3.887179951935641
1039.945 7.850579118597396
1040.995 4.497194738192231
1042.045 6.5047655554123445
1043.235 4.955367019932715
1044.285 6.729067815946774
1045.296 6.72674215954939
1046.315 9.476165177491525
1047.325 8.06637799743771
1048.345 7.301011574518611
1049.365 9.69777420533379
1050.385 7.261853199145006
1051.405 10.621371748680467
1052.415 6.776698441874411
1053.436 6.689523832694674
1054.475 3.7686703534333854
1055.535 13.80396743356402
1056.545 13.524760065709476
1057.594 12.829092015815949
1058.604 14.402614904619824
1059.665 5.388616373775663
1060.785 3.574817277212308
1061.805 10.742391382931196
1062.815 8.56087448048589
1063.877 4.656636873115757
1064.888 8.61933018956059
1065.928 7.510559518614284
1066.948 7.157374602769281
1067.958 8.861049698228644
1068.988 7.254865782312644
1070.028 7.140411599645328
1071.208 7.325631458979252
1072.227 7.164905378110172
1073.228 7.057602794827914
1074.317 7.5694289022271155
1075.327 4.401206202059179
1076.427 7.078198577321952
1077.687 8.305168312551187
1078.688 11.058258298920267
1079.707 8.415993010745941
1080.718 9.162040109626723
1081.737 9.387465514145083
1082.767 10.597813797380404
1083.777 9.409410672341098
1084.79 9.659756843975474
1085.837 9.654229327700959
1086.877 9.378680835957521
1087.918 9.723091147599462
1088.927 10.303432933760769
1089.937 9.926066597918442
1090.948 8.915802725111398
1091.978 9.901477725849267
1092.987 10.23159930898686
1094.097 10.158478148241466
1095.107 10.361755329629286
1096.117 10.976424174123709
1097.127 13.381405518221131
1098.148 14.045099771122075
1099.167 13.46697422145838
1100.177 11.55171739378982
1101.203 13.9513162096286
1102.377 10.767446198771742
1103.397 13.590994405475655
1104.407 13.89755007205277
1105.417 14.02147249298905
1106.608 11.485116125143394
1107.617 15.035750232763853
1108.638 14.899164053562119
1109.797 10.332828778370928
1110.837 13.61468937731459
1112.027 14.210584069078658
1113.037 17.794032356063553
1114.137 12.476567296595467
1115.147 15.336720636117455
1116.157 14.918418543932804
1117.16 10.261908848132826
1118.167 13.82543209775373
1119.417 9.816391675785827
1120.427 15.007738143086787
1121.437 14.617731954465864
1122.457 11.227482636527279
1123.497 4.60234903541911
1124.507 14.085053047350875
1125.716 11.445557210468566
1126.717 14.692575458842862
1127.727 15.0186474071028
1128.737 13.82987854368225
1129.767 14.727691775212225
1130.877 11.46644269913069
1131.887 14.539492076576469
1132.907 14.401336475234038
1133.917 14.548185396339566
1134.927 10.243287540690254
1135.987 9.358619236026621
1137.017 10.896171907727757
1138.036 10.52214539811545
1139.467 6.815320717168018
1140.487 10.748467682554795
1141.506 11.778470534689367
1142.527 12.77285593876497
1143.547 13.547616377591037
1144.557 14.414376454878685
1145.567 14.821257911280092
1146.577 14.56540157861719
1147.597 12.252351840353365
1148.607 13.916300369589038
1149.617 13.115833122303718
1150.628 14.056476420441928
1151.636 11.895562135637828
1152.637 11.549977231301957
1153.667 12.411028800764347
1154.676 11.994679700224424
1155.857 11.783390735521804
1156.907 12.87770434366415
1158.016 12.91105002404221
1159.037 13.840394136599281
1160.057 9.042715348264588
1161.076 12.193922862672727
1162.296 12.009839417383871
1163.316 11.275924247442322
1164.376 11.58096850115932
1165.396 11.792578501866373
1166.407 12.779652140345865
1167.426 12.982927487155782
1168.456 11.803280851624708
1169.626 11.150053094768898
1170.866 11.552891349355882
1172.026 11.715760455294802
1173.036 12.825203510588425
1174.046 10.28351545176141
1175.047 11.553073048298033
1176.057 12.036327356313398
1177.066 13.26925731781458
1178.076 15.019670150594214
1179.097 12.827994935883812
1180.106 10.899771457649463
1181.107 14.59454125407474
1182.266 11.238349461427326
1183.276 16.48798890446547
1184.286 17.0104403765372
1185.406 14.441302612661167
1186.407 19.915218726014324
1187.586 17.53714214740929
1188.596 24.28521490378734
1189.606 20.050034063426818
1190.616 18.124037592585637
1191.666 21.117477500897525
1192.696 24.350701931346574
1193.697 12.247739983562106
1194.706 12.385925547216482
1195.707 23.223959132193972
1196.846 11.459870866928842
1197.856 22.30313799754289
1198.866 14.362898365294376
1199.876 13.083275787504245
1200.886 18.44892911160761
1201.939 14.017046108324529
1203.146 17.731098748408044
1204.155 19.632419713048165
1205.316 11.86433701852723
1206.326 16.4600339154204
1207.356 17.139628768089263
1208.376 13.495123900238742
1209.386 11.4175675378318
1210.396 10.5828383832398
1211.416 11.14747802476275
1212.436 10.378657335797909
1213.476 6.297811909323598
1214.485 11.172943983179021
1215.746 6.496139325540606
1216.756 16.563842380831865
1217.856 13.95308969302581
1218.857 18.285099089361477
1219.876 12.352568546251682
1220.886 18.60967029862215
1221.906 13.018238400766498
1222.916 18.22119822523835
1223.917 18.338587927417297
1224.967 14.04692906576683
1225.969 13.769681276554433
1226.975 17.463204514879198
1227.985 13.307597528859088
1228.996 11.723521947599627
1229.997 14.035230317343293
1231.007 19.00155151699885
1232.015 13.529391497429108
1233.016 19.310846453049706
1234.026 18.223073254994127
1235.205 14.759919325195357
1236.305 18.210495059540577
1237.306 18.560626801753955
1238.395 14.748687576153406
1239.406 17.473999290164016
1240.415 18.393844220946903
1241.475 13.244766343177181
1242.495 17.54514638801335
1243.685 13.943371559267137
1244.686 13.254052496108303
1245.695 16.18355259333303
1246.885 12.163449789851972
1247.895 15.495927707873351
1248.896 15.535497630101682
1249.905 18.3470926456682
1250.915 16.44537459189283
1251.916 13.31940863262756
1252.946 12.101973256761031
1253.967 18.620624806420867
1255.005 12.646430311223241
1256.006 18.614803599120716
1257.195 14.760740569779225
1258.196 18.404976002935243
1259.315 14.04911246364492
1260.325 18.38620084351015
1261.555 13.714998671991841
1262.576 16.91283348313759
1263.577 12.966485495419278
1264.586 19.266597167916032
1265.596 12.342979949566333
1266.646 14.054143465975756
1267.655 20.16033713589618
1268.725 14.936888463179187
1269.736 19.797758176038787
1270.885 16.299334415518988
1271.905 22.319767606413325
1272.915 19.470308955233353
1273.935 17.640848107133465
1275.005 10.731152121543548
1276.006 11.897912663349896
1277.015 14.053114021300592
1278.016 15.276480941688275
1279.025 11.009142843575004
1280.045 12.997542475204908
1281.245 10.226699209273885
1282.257 11.449781936889774
1283.296 10.57792727853423
1284.305 13.12115378741786
1285.765 6.60393885121276
1286.776 15.689908058681638
1287.777 14.8962114210577
1288.795 10.422724103833414
1289.815 7.81513403742745
1290.975 8.602748185693775
1292.355 8.84250567866148
1293.384 11.215113026570782
1294.395 7.376733927641766
1295.404 8.007316334053824
1296.416 7.680424716275492
1297.44 9.199897404606324
1298.737 2.3677892017647366
1299.754 11.810605753641337
1300.775 11.133356033907749
1301.785 10.686646848651261
1302.805 10.056951027743995
1303.914 10.631341847787402
1304.975 11.504174280105444
1305.986 10.948878889436013
1306.994 9.523554799614157
1308.015 6.3156915495517145
1309.025 8.407292497997329
1310.034 7.194794431135491
1311.054 6.76427177408965
1312.225 9.775439450378977
1313.344 10.659570803600877
1314.364 9.924791510839242
1315.374 11.367282648987475
1316.375 11.977887935662432
1317.439 13.121028543931276
1318.445 14.127195298381771
1319.465 14.763551447466805
1320.694 13.998479210775304
1321.704 15.277401513012894
1322.705 11.40378587330459
1323.715 14.294204093432441
1324.865 3.362544957728026
1325.894 10.021357336079745
1326.914 11.45720051966474
1327.924 12.047066163080842
1329.164 13.089157937292029
1330.255 13.585621123189224
1331.454 12.603135671854307
1332.684 13.526320511741615
1333.694 15.559167347716519
1334.704 15.06160263417258
1335.724 11.441503412287634
1336.894 6.897803219034356
1337.914 10.621371748680467
1338.935 3.438683694291031
1340.154 10.293695203488937
1341.244 10.103845690823972
1342.264 8.510774936734398
1343.274 8.887811486512213
1344.285 7.963037741511771
1345.334 6.510966475856257
1346.354 5.5019205265067095
1347.374 9.661316407570672
1348.453 10.965862459635401
1349.464 11.79308486017372
1350.474 12.366332592835482
1351.504 10.26268325886892
1352.514 12.3685485370884
1353.524 13.037422787165752
1354.714 10.88554610869095
1355.723 12.138858828319316
1356.934 13.361235963509094
1357.994 10.26246880560198
1359.164 4.428531810499115
1360.215 16.624273534551893
1361.334 20.711882702377746
1362.544 19.04323183653269
1363.563 4.853645578728819
1364.866 3.4300237292885996
1365.895 11.413207874158894
1367.034 9.070161983603747
1368.043 11.166289561894915
1369.193 7.679465237347337
1370.217 11.95986662598822
1371.223 9.584074116241538
1372.224 10.516146345478829
1373.264 9.81173403632384
1374.284 7.004285609383239
1375.294 7.674326321812441
1376.303 11.586541860705523
1377.314 11.203290129028806
1378.323 11.771159395138207
1379.344 10.149622366855255
1380.353 6.64810812769014
1381.375 6.452530782401153
1382.593 8.001991059952482
1383.623 7.088386971164098
1384.633 3.917278068529876
1385.643 13.784025543365276
1386.654 11.3366261401333
1387.674 9.602072486192153
1388.683 12.550750443957682
1389.703 10.00935334732685
1390.714 9.55114966951076
1391.734 10.620021459875222
1392.743 10.634447736723555
1393.753 12.612131947746736
1394.783 5.493633620572068
1396.023 6.7065360382042005
1397.243 10.722294769008542
1398.313 12.35607011055172
1399.674 3.980087870551303
1400.803 8.02679718980469
1401.804 17.075150614621958
1402.993 8.262174742999054
1404.443 8.098848340266949
1405.453 11.192904881958299
1406.493 6.901868150963408
1407.503 7.81836269829506
1408.543 9.915362210409732
1409.553 6.961207180988896
1410.603 8.057173305928906
1411.638 7.509249591706536
1412.664 6.199335811381857
1413.227 5.856559910859727
