0.0 19.46119589876093
1.002 44.28500562465587
2.02 28.567829577681536
3.15 26.737073140281854
4.321 22.729051003257823
5.33 22.281248617848096
6.409 18.42787525426589
7.42 21.777560694687494
8.55 23.288264570289883
9.56 25.16450059582991
10.57 26.940812872545166
11.73 23.80491894125993
12.731 29.229548927263583
13.76 24.72513789838818
14.81 27.356140874252805
15.941 30.77231024138522
16.95 29.52417413900665
17.98 24.174361073922547
19.1 28.899954731388984
20.21 27.904239430536347
21.279 23.839669215627392
22.281 18.132948875725997
23.29 17.242378045201256
24.322 8.096985032853489
25.339 2.9168413962144917
26.359 9.935348560943517
27.57 5.142789682487631
28.59 9.81432281045643
29.859 4.842193138483509
30.889 3.898833399061598
31.909 8.345765679963348
33.009 8.755574580863613
34.029 8.101588256155942
35.049 5.407740309235765
36.209 5.4789194525445115
37.229 7.0629230951023665
38.279 3.9064396283386382
39.309 5.34862137299766
40.509 3.393223414604278
41.539 8.22864826614131
42.579 8.296521947927513
43.589 7.700573655922381
44.599 14.234114900149427
45.77 8.716356280455587
46.779 9.659894817872456
47.799 7.040600905246925
48.809 10.159929606869463
49.829 8.868894551295575
50.839 10.069910155391364
51.869 8.425041077456473
52.879 6.080530239733602
53.899 9.140253417190157
54.9 13.078730736149927
55.92 12.131730562311956
56.94 8.937835192087697
57.979 7.5455675029475495
58.989 6.081910435738905
59.998 12.189691833489627
61.009 10.814017075133433
62.029 11.307935460164733
63.049 11.009850707063363
64.059 8.77467286901731
65.069 7.753021104646663
66.128 8.923576194811671
67.149 8.716242017461553
68.179 5.321854205754654
69.588 3.6091587143172372
70.618 3.9544730163433734
71.619 6.81572016783868
72.649 14.796078012609987
73.77 14.167684091692895
74.78 18.23330954307218
75.789 17.151041320424586
76.799 13.806867554673342
77.809 9.193639038384129
78.828 8.051018533358368
81.089 1.9679971472512565
82.329 11.347718138447513
83.339 17.091734080151443
84.349 12.696729889980324
85.369 12.084960259729119
86.378 5.212947624599879
87.598 11.211781015448096
88.609 12.69244428956276
89.615 13.419116620449975
90.619 16.661021886676522
91.679 14.260423982541239
92.688 16.960231994559553
93.698 14.755522285138882
94.699 18.263710011140198
95.708 15.973795366987009
96.729 23.42702426254686
97.808 17.392317492694602
98.818 20.274772810473067
99.828 18.63924052778958
100.889 12.76305951762983
102.018 15.617963188774372
103.029 18.49716892278102
104.039 13.607659262580345
105.048 16.43370263996805
106.198 11.835783616108925
107.199 13.994600870405588
108.228 12.845523545539328
109.368 12.628724968589307
110.388 14.904237654468368
111.398 15.782234768253726
112.418 12.687342420017574
113.588 16.78185582540371
114.589 21.1077196524715
115.719 18.43600021764504
116.728 23.891845115849275
117.738 15.265428036654002
118.748 16.573393797415356
119.978 16.744346098193063
120.988 22.42680511453288
122.208 14.90079734371877
123.218 19.09792567147402
124.228 23.607946196582095
125.428 11.043432695422336
126.453 20.595507923051784
127.458 15.338138960257014
128.588 16.58775353594374
129.598 21.031120228852764
130.608 16.665866930700023
131.708 14.292703524086704
132.728 16.379172553461153
133.738 12.054938741086316
134.748 21.0489094219649
135.749 15.161913641619241
136.968 16.178178170982836
137.987 21.27081923715266
138.988 13.758012690764927
139.998 17.743493311402784
141.008 12.160600414112741
142.138 18.542777447312385
143.148 19.994286308423785
144.318 14.682915848034854
145.348 13.24283042597853
146.38 7.048484830073424
147.388 13.112677641234091
148.398 10.167444007400865
149.518 8.898077180947661
150.538 10.969458173038309
151.557 6.653980541022713
152.587 4.580730645289428
153.687 5.763548008940694
154.708 13.999295628184576
155.808 11.275472342231572
156.819 13.975063377670605
157.848 13.261269406543972
158.867 7.171238759700553
159.888 6.613290413540404
161.059 8.39493915455911
162.118 10.880818977217011
163.178 12.22159234679091
164.259 12.653443884223794
165.26 16.86568894964832
166.47 11.901209745555759
167.479 11.129878811899472
168.489 13.95730892076159
169.509 18.796043124121027
170.519 24.182567805854333
171.578 17.05062390415639
172.679 22.176370921598878
173.699 18.884268922155215
174.709 22.792403704350328
175.719 19.71610013285639
176.72 19.732599212784475
177.739 15.4836984144634
178.758 22.83368994095425
179.769 15.119186568065
180.779 24.07445245094389
181.988 15.730615741550805
183.068 11.543364542760537
184.069 7.83201262293146
185.07 14.58785075970903
186.088 17.964194217157615
187.159 17.41868374503454
188.168 20.35350645022559
189.36 22.56631684101334
190.368 23.568430782910397
191.55 17.20378010037998
192.579 22.048378794032125
193.668 19.62563117784313
194.728 16.156787271370977
195.748 15.816106703003621
196.938 11.20092344596178
197.958 9.96177074485799
199.008 6.659327489662413
200.009 19.787839225889144
201.238 20.298102752522922
202.438 21.662212302655487
203.449 26.136351386998154
204.499 17.669256291861405
205.508 25.602374736343588
206.628 17.303691385275215
207.63 23.92813453145924
208.643 12.173820896524395
209.659 22.503371579199108
210.668 15.6234921637341
211.688 15.17088911977737
212.708 9.803693196232178
213.717 14.42598327303635
214.908 14.421682238660377
215.968 21.010647321285873
216.978 21.603134801303547
217.988 18.935062541221875
219.188 23.929007905655997
220.208 22.340260208652253
221.238 19.79838036232593
222.598 14.99458937533579
223.618 16.305828215337044
224.628 17.825845007199057
225.638 21.086634779985307
226.648 18.522843996847318
227.748 17.33021104018087
228.757 16.7414843763919
229.759 18.594376420483126
230.768 17.65822878035249
231.808 12.88867298357907
232.948 17.569129892864993
233.958 15.366489056271336
234.977 7.449399952829964
236.028 10.75849883546288
237.248 2.7631122059501623
238.357 8.180188522925276
239.508 8.003074411117819
240.588 16.98081715458817
241.788 15.686091335927513
242.808 11.840782835902353
243.828 7.685818488473175
244.908 8.735720670258189
245.978 17.31826239199988
246.988 23.33282712344232
247.998 17.001101208226544
249.057 16.2435647445947
250.208 21.56666532994458
251.218 23.150405820669423
252.219 23.950646156424188
253.418 17.895130949673998
254.427 22.87363251858841
255.438 18.509118790051968
256.447 18.708831375918816
257.531 16.243019914966585
258.537 19.317203056385903
259.768 17.537523815344485
260.777 15.558098138931978
261.838 17.256582588192106
263.048 15.908089887702339
264.147 17.751171113976543
265.347 20.499514728877152
266.568 20.34927526151818
267.747 19.70186438192939
268.748 20.848076117211562
269.828 13.53339704900371
270.837 25.775223731468927
271.888 15.951469212504511
272.987 19.794602182884347
273.997 19.403255701889822
275.068 17.3418902055515
276.073 21.725603522622713
277.087 13.712229301287735
278.088 20.041448137894765
279.097 18.056733213148835
280.167 13.88236700004324
281.187 20.482391855376083
282.197 17.514840837553532
283.207 20.631016738515513
284.397 10.81018750442682
285.398 15.123849094732684
286.577 13.554137547628903
287.578 10.98688273060626
288.628 16.667642928965915
289.647 22.481352429518886
290.658 18.940846046427534
291.717 16.346238816718213
293.127 14.696297845557714
294.147 17.59869300791509
295.157 17.176846167997045
296.177 14.0676870152443
297.187 18.656569655585972
298.237 13.092812555392173
299.246 16.52442533634055
300.346 8.86976976888041
301.368 10.376478592217978
302.397 6.6240869317429105
303.516 6.485945518209304
304.517 7.1969845724266435
305.518 4.503376311397051
306.522 18.237214599659982
307.531 23.1163272444219
308.697 17.044129286021956
309.827 17.998611077818293
310.898 8.624883441147004
312.069 13.847655038296887
313.147 17.77670706992931
314.267 18.48803649386765
315.386 16.724792159708837
316.487 15.939464431142024
317.496 17.293035388361375
318.538 10.084411485547164
319.547 16.382431268423126
320.747 12.516811115206572
321.756 20.43777438625408
322.767 12.996399888077457
323.926 7.129956877713981
324.936 5.831788246057991
325.956 6.439723998477964
326.966 2.3354450194346965
327.977 18.99906334854804
328.986 25.256216224920475
329.987 25.14952464940088
330.996 24.61041185326904
332.196 22.83923707808132
333.207 27.676352231974636
334.218 21.015833257273197
335.226 19.657338348232624
336.236 21.62368438650373
337.237 26.439850895395324
338.406 17.630410903821844
339.408 27.682252398509124
340.504 21.13043165690154
341.516 26.719365967493882
342.534 17.2099868406616
343.596 5.187457640473946
344.606 12.31441559267776
345.607 24.347074486287475
346.626 22.916986298145282
347.636 11.851129795603581
348.726 12.866985018080108
349.876 10.932041930972039
350.886 11.748228514626483
351.896 7.4483044946582995
352.916 5.967617275414403
353.926 8.62913886656156
354.946 12.58591879281334
355.956 9.399288245226627
356.986 8.081428846324142
358.006 11.802819927983485
359.025 7.163182725145872
360.046 5.941444211465451
361.056 5.664324462416113
362.067 8.592873795228915
363.077 6.860187635401537
364.116 4.829723722938185
365.526 2.4043993515328603
366.567 15.861432445829012
367.577 21.666930528313017
368.596 19.57418795986139
369.627 26.930496580238007
370.637 21.936068752057754
371.647 23.537249489352494
372.816 18.34960309388516
373.827 22.18906509875689
374.837 23.465786006564393
375.856 19.386163153265905
376.867 22.97990118726048
377.87 15.100486585308234
378.879 17.064923837073685
379.996 17.872931616984385
380.997 14.647423322908958
382.016 10.154099554135167
383.017 17.07427028787145
384.026 18.248924102937774
385.177 17.095483086390534
386.196 12.970367633994114
387.207 12.867862213109161
388.229 9.234668283599973
389.236 14.885615849093112
390.356 8.227907120649016
391.376 8.383576736274778
392.566 7.45899553683623
393.576 6.7132734369211216
394.606 4.197933936360765
395.748 7.328186886497518
396.756 11.020605056555942
397.776 7.270656127316953
399.056 2.4116649068905933
400.086 4.114324133070655
401.094 3.1530906674536476
402.514 8.435651152185299
403.544 10.69724274597596
404.555 6.857844988167129
405.574 5.785600816256818
406.613 5.50622493458544
407.865 2.709994472949034
408.925 3.598092897505709
410.275 2.030533023669226
411.284 3.3599634149188926
412.385 2.116952426324169
413.404 2.703179594795317
414.445 3.867306593869291
415.484 5.6277208551504785
416.494 3.146846923553751
417.534 3.0560724930701606
418.564 3.2914593064526523
419.704 2.2303967668744313
420.715 2.605990287701983
421.735 8.30932128835117
422.764 3.47498513659318
423.796 5.338255827702203
424.825 3.9617780817471115
425.855 5.760053786306662
426.865 2.9370571286566207
428.126 5.365215590422389
429.146 8.932520384975572
430.185 9.93732277830677
431.186 11.385167867539824
432.195 11.757569345695646
433.216 8.968372242896699
434.226 10.597451744926278
435.385 9.087781668873932
436.585 19.28047376591396
437.595 25.04166315023496
438.655 19.888288990170867
439.695 21.278128130223156
440.8 20.91586219305923
441.806 29.760794500252327
442.916 21.9865156763923
444.015 27.928300634110066
445.156 26.908545666371655
446.306 26.949684799209095
447.307 29.058722667930308
448.316 23.128914826620264
449.326 32.69193632895814
450.487 30.25158386369229
451.545 35.468479356590834
452.571 28.289070970396704
453.576 37.06061913586694
454.585 27.40009638988158
455.586 27.35850624042098
456.807 14.578562541879657
457.986 30.6758379192629
458.995 33.339631345412556
459.996 30.89170080800252
461.005 33.44167534270499
462.105 28.049773885208914
463.147 32.41870284679784
464.167 36.3765139361429
465.168 39.71029697139209
466.175 39.52844849336661
467.256 30.883166251114826
468.425 37.53923538542802
469.427 48.544985463524355
470.475 25.062256927300805
471.576 20.146640086399845
472.585 31.646409802861122
473.646 26.26143873603837
474.736 27.946320142213064
475.746 39.11230149964672
476.747 27.916167325649866
477.765 33.89764285153015
478.767 30.284134632675315
479.768 24.193887895002803
480.776 26.7086140616604
481.815 28.952701480753383
482.816 20.624795055640416
483.817 28.59947236240214
484.818 32.27332007285179
486.006 29.345795657866432
487.007 38.90629946877917
488.185 31.688669213074917
489.186 32.83469477237613
490.355 27.503138917413516
491.356 40.04761693969233
492.445 27.103382811372704
493.446 28.971762199054567
494.447 36.54181027770915
495.645 31.606208497265897
496.685 32.73393203696141
497.686 41.64447110183821
498.687 30.953749114014453
499.695 32.68150818128507
500.696 33.02347016750303
501.835 32.72529584581077
502.896 36.53270314331506
503.905 37.352268727074225
504.906 40.34965757189536
505.945 27.081366154819143
506.955 26.577514609209615
507.966 26.2504879398007
509.105 2.3320331037850215
510.134 18.55969602043863
511.305 27.422568465962197
512.315 28.687374257164596
513.515 12.366956332432197
514.614 9.466530206392887
515.625 10.905785927705757
516.685 6.196715545693522
517.814 3.2078004873475106
518.825 13.308322064792154
519.955 14.948126807487423
520.96 24.332469758616167
521.964 13.97253109592689
522.994 17.912648467952668
524.045 13.41769109029447
525.065 17.622837417350173
526.074 17.37270557349753
527.075 17.57994077253807
528.076 16.323810725262227
529.245 16.31803090334773
530.335 22.41167923529591
531.344 27.310141229028815
532.374 31.035778528010344
533.484 16.15907387351682
534.624 20.791221713498185
535.744 23.043114646154272
536.764 19.2851572299279
537.765 16.811686807930293
538.964 11.481655120000061
539.984 12.215400811387362
541.074 10.637582949054316
542.084 11.211792328535502
543.134 12.118931639061556
544.144 22.032720622281474
545.154 22.23710483930722
546.169 20.04930755445557
547.214 24.34508900547863
548.224 23.985353130310248
549.404 22.674650370547514
550.414 24.80794995764151
551.434 23.560236218064023
552.444 26.33045952178207
553.464 19.930526664858395
554.564 23.525757614928875
555.584 30.006186133376172
556.594 18.407214241463556
557.794 23.26337387054191
558.934 26.662724898133483
559.944 28.51316284856918
561.124 25.968397196803267
562.194 18.728355614056344
563.204 26.1715836245503
564.284 16.428524333776974
565.444 20.13579341697095
566.464 20.841484603574784
567.474 19.041797700030205
568.484 17.53968436590069
569.49 15.541830353665562
570.504 12.966961260415738
571.683 15.088704543777343
572.684 14.154905222342537
573.694 15.048890616764613
574.704 17.72585747336363
575.705 19.100665840852745
576.874 18.43744841850585
578.053 24.30438301414443
579.054 26.796667338988698
580.064 20.04428007518661
581.074 18.971407703062727
582.263 14.32023211532997
583.273 18.956838967296303
584.284 13.264812291614547
585.483 16.776418828405486
586.504 20.56939667139337
587.523 12.492325583526945
588.623 10.870227273096944
589.633 13.586452940595233
590.634 11.727439321657684
591.644 12.855145721954434
592.743 12.771902222204535
593.753 13.903174565789241
594.763 8.578991744532143
595.765 6.889763133200159
596.773 6.306181334907295
597.783 5.497320744089974
598.793 6.882270771718726
599.803 8.18991082384544
600.806 5.949701356637163
601.853 5.462229373828407
602.904 3.190028571717387
603.933 4.530154754883322
604.954 3.942758459242077
606.023 3.3695891286232342
607.033 3.566426513367371
608.043 2.737542126340223
609.053 4.195795898078122
610.123 3.7206573272992265
611.143 4.777859740799986
612.222 2.552863769319007
613.283 2.596173427987944
614.313 3.7803360519447935
615.392 4.516605130323202
616.393 2.119081177327608
617.403 2.7272673337594915
618.433 3.0857430998078317
619.453 2.235559722359761
620.512 3.0012421084014265
621.543 2.671716786694964
622.593 2.133480716879713
623.602 2.51997256118917
624.613 2.305405164568417
625.622 2.51997256118917
626.672 3.2287648434808993
627.892 2.1411453479731506
628.912 2.492796386497606
629.982 2.5743364552182557
631.002 2.9082624509267814
632.072 3.1684140987405858
633.082 2.2303967668744313
634.122 3.0560724930701606
635.203 2.9401622505011
636.242 2.4516833245201504
637.265 3.5211053553238907
638.282 4.592639648051723
639.292 5.034801722574301
640.343 3.8232888864533905
641.452 3.0569910601005734
642.683 2.945025360602883
643.69 17.553638462904804
644.7 27.172839158755018
645.701 26.38631295537226
646.88 14.354724079141947
648.09 20.52223599990876
649.24 21.843072877933558
650.26 18.760661693915786
651.46 15.277314335874598
652.47 21.66846407943002
653.471 18.606445667049826
654.48 20.201380913668398
655.609 20.559858200142592
656.719 23.641261592430624
657.721 22.685851008977192
658.731 26.032490536766606
659.9 27.001903829922068
660.91 26.25301518959893
661.911 18.690775659144247
662.912 16.926189916451154
663.93 24.789793796884663
664.931 18.170714918932703
665.95 20.51263998519584
667.18 17.726063193641558
668.181 25.84397052923312
669.34 22.63138546649348
670.35 24.936614897558524
671.351 26.822353171311843
672.359 25.438004571875055
673.36 24.211372829275707
674.361 17.7478270870546
675.37 21.56636605096952
676.44 22.374897991642214
677.451 16.767195828790936
678.459 19.010432319513484
679.521 21.22747686669481
680.619 20.751272287461727
681.71 21.04498263149652
682.779 21.258577852609957
683.849 23.162369332044094
684.85 22.50543124625708
685.919 18.702407771507083
687.069 19.965283522574914
688.12 20.40742892304236
689.121 23.004757639769487
690.129 24.513743345485825
691.13 21.293090901241566
692.279 21.085618018188345
693.28 22.31882212611973
694.289 18.34686163302539
695.32 22.73618366032739
696.329 15.817218124523782
697.55 15.521848461809437
698.56 20.5117064603735
699.58 21.210635920185346
700.59 21.934535200940747
701.711 16.90623600902702
702.72 23.050165684061323
703.839 18.926315132672364
705.059 24.844192589130408
706.06 25.877547792248716
707.08 26.847975896765636
708.089 24.489448258092796
709.09 24.57128395148089
710.289 18.686109508410958
711.29 27.82471957282572
712.479 11.112121823180347
713.489 25.527185438679943
714.649 22.259236890626283
715.659 24.36368019466988
716.669 23.12549101037112
717.819 17.70027250639738
718.82 26.644873353234228
720.039 13.716985858617669
721.049 22.44183391555696
722.059 21.98100180025063
723.069 25.32260971769679
724.211 16.71970236406418
725.219 25.30232333131897
726.229 26.396708930733638
727.379 19.248889778459873
728.408 21.873771553321326
729.509 21.25125933495147
730.519 20.996922038672523
732.11 16.294949491912032
733.119 22.969113935059347
734.129 17.2138047502847
735.149 16.857657045063135
736.168 17.929084903489585
737.389 17.015934202098908
738.489 18.168299522293225
739.49 21.41734224742836
740.499 20.014562772440154
741.509 14.989848898159769
742.519 20.457418750212007
743.638 15.547555260307497
744.639 18.244987205558097
745.759 14.017147538253214
746.769 17.47662988051129
747.778 18.88060582133201
748.779 19.072349531593392
749.788 7.656013128442616
750.818 8.22864826614131
751.878 2.5005752012239983
752.908 9.385050041850597
754.028 5.486377761365862
755.048 1.9643527080726135
756.068 5.616080747957539
757.079 5.658721767596385
758.088 7.663381469273299
759.178 7.731644246021367
760.258 9.873722107064744
761.288 9.668661712713135
762.298 5.236310341381526
763.318 6.647457030692552
764.328 5.785014936524705
765.348 8.153825217458342
766.358 8.601381591072734
767.368 5.498394229891238
768.378 8.287003608931078
769.398 8.545602427332824
770.408 9.020961180866992
771.478 4.654331986321464
772.518 5.093454155123387
773.568 3.3149124434611457
774.578 3.569961128351323
775.588 3.9860061031809915
776.613 6.3397063656898585
777.617 8.981537002736708
778.678 9.331165299776945
779.688 7.76991539699994
780.808 6.011339698821119
781.819 12.08437988909638
782.828 4.829947408945908
784.117 2.170964700626287
785.148 5.548950249301455
786.168 6.6321200158827205
787.178 12.547362009693341
788.197 10.038883059926718
789.198 8.931861400485067
790.437 8.40524151519238
791.457 4.990485405767035
792.468 3.143734315320568
793.518 2.421573632600994
794.57 4.6325256041985154
795.607 3.495823712134008
796.637 4.937188959688658
797.657 2.6170110212635844
798.697 2.852334326866774
799.708 3.143734315320568
800.917 2.8584581301350336
801.918 4.656872370388015
802.957 3.059013852543164
803.977 3.115995483141369
804.987 4.405585692975251
806.008 7.886123730083339
807.048 4.315436479491473
808.058 6.083904052210372
809.098 4.618214032056367
810.118 5.816524901853563
811.687 11.009040057451376
812.697 7.552432616548363
813.698 12.136555833732588
814.708 16.895899600554575
815.887 15.387577920741796
816.888 21.790560487509442
817.898 20.543757678951213
818.917 13.062480029101254
819.927 16.007973494922584
820.938 12.056803272299398
821.957 14.481102114008971
823.167 7.981374472647656
824.477 6.313754195512594
825.587 7.532752043686536
826.607 8.213351057098667
827.832 6.408976832154124
828.837 4.849171080228493
830.244 2.576413859855015
831.314 3.960517623430573
832.425 5.222438674304648
833.485 4.397669096960027
834.889 7.739234585947967
835.905 6.654876836205494
837.553 3.4645060351187484
839.094 2.8875026281014065
840.107 5.717884000637283
841.357 5.825176800418549
842.514 8.810179680725108
843.814 7.701898408174999
844.833 10.90027075470066
845.904 8.438322865033815
846.933 4.736070880102651
847.998 3.124387959224519
849.003 4.216670504536414
850.093 3.4990628177651284
851.681 2.665489559076736
852.701 3.9432831728017153
853.841 4.832526328227934
854.861 6.96103065021119
855.905 8.406715783195846
856.931 9.985638979692212
857.961 7.405783439523308
858.991 4.937188959688658
859.992 3.7080439089552844
861.031 7.749501759787632
862.041 6.503483642023992
863.061 4.969952054951149
864.091 4.731472753024477
865.301 2.632083236941373
866.361 4.397669096960027
867.401 4.0747633241064545
868.411 2.861606412944947
869.521 7.508890817002904
870.591 9.032904247770492
871.601 10.395329705672252
872.701 8.99804574454223
873.711 10.489489745204985
874.801 11.16136241405471
875.821 11.585823946224538
876.831 11.574017105992343
878.632 4.7751461411776335
881.11 4.05404515016529
882.231 8.488893631877792
883.241 13.756107012197127
884.251 10.073283967887493
885.521 6.555083411303104
886.64 8.716397651895477
887.641 5.291900420912193
888.781 6.741325315664093
889.791 11.328648924812862
890.8 6.114801839802904
891.941 5.749342332958625
893.161 2.605176551468693
894.2 2.8550795957030806
895.22 3.7153538735842813
896.27 7.264720897822342
897.279 3.929781771839831
898.289 8.811171385969862
899.29 4.478928350402462
900.3 6.923063231837612
901.335 2.6471744772646675
902.49 7.388524547114713
903.599 9.949327126658632
904.71 9.258048185937207
905.73 8.30932128835117
906.731 5.985572631052756
907.759 7.003137276019928
908.78 11.60997489972505
909.79 12.603336626025454
910.811 13.958184141366752
911.85 13.215673842263511
912.879 11.86125048792261
913.959 9.776773276394376
914.99 14.487573567575593
915.999 14.981371962507689
917.211 7.020341491994281
918.31 4.631424980393089
919.319 10.714642105152409
920.359 6.519621318547094
921.381 4.975836231380127
922.579 6.1998131238404905
923.73 16.756100626327754
924.749 8.533787236723597
925.79 6.920443378482562
926.809 5.240222476962123
927.81 13.377057754038145
928.811 15.343571275958332
929.819 22.43949525006481
930.839 15.770854916746831
931.84 22.69652765034283
932.849 18.141469132614557
933.85 21.796285643018738
934.949 21.854663699689024
936.02 23.08925753570645
937.029 22.20127141844209
938.052 20.86303373063106
939.059 23.712731598161216
940.06 25.035485742671792
941.289 20.298228780782456
942.29 24.21880005786661
943.299 19.795815154349942
944.309 20.390555920968527
945.42 15.275145174283097
946.629 20.37791623770846
947.631 21.02111235375826
948.639 10.482182556626157
949.839 14.723845508552
950.849 19.585748286749396
951.869 20.925003001023395
952.87 18.861601918341997
953.879 18.670761615015145
954.881 16.439375815054557
956.052 19.385288532989847
957.249 17.30728782372105
958.259 19.604391800042016
959.469 9.466385543149004
960.479 19.48223358518997
961.488 13.065142827429497
962.499 10.998167593987262
963.509 9.831289599204144
964.649 9.188294478146993
965.899 6.610896017015815
966.918 10.33969235019092
968.044 8.495904597918932
969.048 8.884345908557325
970.068 6.351953755343526
971.079 10.78261037266375
972.09 15.118114144083613
973.099 16.577845807309753
974.149 11.824495663744566
975.159 12.87630872758206
976.169 11.955564627717047
977.179 11.287856464693977
978.19 10.963543619573421
979.328 12.146646715908219
980.338 13.261230061783532
981.418 12.042306823614744
982.438 16.18844690400924
983.449 13.749854340456531
984.458 15.611672116997385
985.679 15.836192532472026
986.689 17.549805803369722
987.709 15.33473703041506
988.718 20.20890276161465
989.719 14.276990293462337
990.72 20.610404800172933
991.729 15.12858527185088
992.738 20.787164009000957
993.868 14.075815780927188
995.048 15.472590000713508
996.055 21.102388476996374
997.218 14.260012003166434
998.228 20.81274254762297
999.239 19.15517764033268
1000.248 12.774780644256381
1001.299 15.095234065065513
1002.518 15.845402607440702
1003.528 16.290941036550254
1004.558 13.407042485674467
1005.799 13.886810920257588
1006.909 16.079257372610257
1008.018 17.06959673715797
1009.028 16.311923329352446
1010.238 12.63059454684952
1011.248 16.921356549348534
1012.288 13.186089005452873
1013.298 19.500789553860606
1014.299 14.54700100207184
1015.308 16.62067428833122
1016.318 18.256466165151913
1017.368 17.139832085751483
1018.418 10.329008731032868
1019.488 16.68252244258376
1020.548 18.938353889173154
1021.549 18.817657482092994
1022.798 14.4804159813691
1023.799 20.116803561976212
1024.808 22.55172812882993
1025.809 21.56604155457101
1026.868 24.660644768710476
1028.108 25.94772349796105
1029.11 24.33282367650369
1030.178 24.24645715415532
1031.358 24.89940288955537
1032.359 22.951529167685052
1033.367 24.45274056796804
1034.368 19.789077097450036
1035.388 19.852171222759583
1036.398 17.34937067038312
1037.408 17.55563329767242
1038.428 20.661844123285594
1039.429 21.16543540850434
1040.438 16.053926073431136
1041.488 16.643155768690065
1042.498 16.524013450963803
1043.648 16.80770974226651
1044.657 18.722954029156647
1045.658 19.056257202831333
1046.838 16.54854117174058
1047.848 23.596291207937973
1048.85 15.709296811266622
1049.857 20.98887523548224
1050.858 14.849970037858416
1051.878 19.067401990015608
1052.898 20.748551404955016
1054.077 16.665442244994914
1055.088 20.268506941927853
1056.097 17.221808093748677
1057.188 16.53347761207388
1058.198 22.53568724480821
1059.298 22.02263353112207
1060.337 22.588700439654986
1061.347 21.56908996619628
1062.358 16.811165212240745
1063.388 15.956840731287928
1064.397 6.35780357984816
1065.398 21.522870787974963
1066.417 10.536685195157958
1067.468 17.287402364250166
1068.477 23.151173356150434
1069.487 14.750001501059586
1070.488 15.825258001402775
1071.507 19.338738949948308
1072.517 18.658716627169138
1073.728 17.83048631046048
1074.749 22.051078928815024
1075.877 14.418788988574581
1076.887 15.384278249402831
1077.927 12.734231113435435
1078.937 12.04021665022755
1079.987 12.854136499247046
1081.117 17.78491954883074
1082.287 20.19351032905406
1083.288 24.45492403579294
1084.297 19.43630152505384
1085.307 18.376543218813705
1086.317 17.693652899596767
1087.477 13.922354531149987
1088.626 20.127707792679445
1089.697 19.487336830959656
1090.698 20.589515719543208
1091.707 19.9675895996857
1092.708 18.959857964170208
1093.709 23.545707460572036
1094.717 17.58631709991492
1095.728 16.976624913042
1096.737 18.019123973553135
1097.857 17.962936262984194
1099.017 19.12968472220886
1100.207 18.008215165599456
1101.248 20.487559585556188
1102.249 20.913064368059608
1103.397 15.93788165876954
1104.407 21.457754153978854
1105.597 11.801214639290972
1106.608 20.758604703860904
1107.657 20.40115525914428
1108.777 19.618170569970616
1109.778 27.78309614553558
1110.787 25.027644152247372
1111.788 23.74098168066757
1112.796 23.97639646134749
1113.797 22.36864645165373
1114.808 26.850892168999117
1115.827 24.840858550223345
1116.837 24.505226964008447
1117.838 26.818794290985707
1118.847 23.107423832571115
1119.848 23.751503588063894
1120.857 22.755125036912688
1121.867 21.006583410787094
1122.868 24.22731042404909
1123.877 26.22223640811728
1124.956 19.29433306530524
1125.957 27.671687715510362
1127.096 19.544120923157458
1128.106 27.038193369442965
1129.277 19.770592272821546
1130.278 27.63733678303542
1131.328 14.592724878503272
1132.427 17.212936528711058
1133.438 27.2369648042343
1134.447 20.230180551417302
1135.617 19.277549073797154
1136.626 22.881921902015666
1137.627 24.093156106343226
1138.628 26.909468374156898
1139.811 28.933411989571596
