0.0 16.267952939040335
1.103 2.4401969739738005
2.12 43.17339663237935
3.121 24.471408977683026
4.141 18.636256779357876
5.15 18.60204560118819
6.16 19.901758558196082
7.161 19.233373404820288
8.17 22.68425794700183
9.26 17.53769855965288
10.48 21.097385853329452
11.491 28.817778210900894
12.523 12.806392507123137
13.7 11.149994945829963
15.186 15.212666018484914
16.189 33.193244553058506
17.2 20.956951278232427
18.21 11.125388494259564
19.232 4.397903083836462
20.34 5.476341953762785
21.36 3.5165240469484575
22.37 5.340186477244591
23.4 5.67286799726711
24.44 2.8091605948005403
25.51 3.9905832748568426
26.52 3.3376165482778695
27.529 9.712451452844368
28.65 11.2339459273633
29.67 10.575663415719681
30.77 3.0645388306914985
31.8 8.871830925213198
32.81 19.63322030667528
33.811 30.08247631597225
34.82 28.032993239335003
35.94 28.1169810933114
36.95 24.294985798400038
38.09 25.651949151438643
39.1 30.510727337992574
40.11 29.824011106665616
41.111 28.041058748818706
42.12 26.25751660586084
43.4 31.35487662763503
44.41 26.248272208159737
45.629 24.2778944083837
46.631 30.80236345488825
47.632 31.241615497321675
48.69 22.756595121180442
49.7 29.455929905459335
50.701 35.18659463384687
51.84 27.389780942265297
53.2 23.872308580599874
54.22 36.51151804154842
55.23 22.90496284413188
56.24 31.36676417491199
57.26 23.619046051341545
58.27 27.961809748905708
59.31 19.56129220525835
60.311 35.88424445119309
61.319 24.41718060395239
62.32 37.22883277241578
63.33 25.193149471869358
64.573 30.35803939301992
65.58 36.365396890152994
66.68 12.449016951695025
67.69 27.186448243757532
68.7 24.539126268135178
69.713 26.178159935752316
70.719 22.69197425118779
71.73 27.169632034452246
72.879 23.574593408673792
74.109 30.33883818263664
75.11 28.958621705483672
76.229 18.07502795582117
77.24 27.72145145821441
78.249 21.66993246084465
79.462 18.581892780884896
80.479 27.914404962852633
81.48 20.700062752649792
82.49 15.421837866713751
83.51 17.626105692866133
84.519 13.396585818938213
85.539 13.480975190149616
86.551 10.339961537977603
87.559 11.380516356569764
88.576 19.157574875235
89.809 11.712796585587867
90.879 1.890276288090083
91.889 13.766855002253356
92.909 7.491094919468107
93.919 10.457865184603993
94.92 10.357580633346284
95.929 16.927350264011185
96.999 9.66141213912709
98.25 0.8982128200801087
99.259 11.855722833225284
100.329 20.495342147986474
101.339 23.140808068059897
102.359 12.579859863472112
103.559 10.7483248430592
104.579 14.761863517775389
105.589 11.109123306402461
106.59 11.898941979974316
107.619 3.9311868382048374
108.819 0.561832118960108
109.839 6.830115955985627
110.889 1.712250267306996
111.899 6.253802079178159
112.919 8.152073882950587
113.939 9.25370548875472
114.988 5.3558829262164735
115.99 3.376068621128079
116.999 4.900022444845342
118.038 5.191134111662211
119.049 7.5577812243891875
120.399 3.7308232478228183
121.429 7.418365842580067
122.439 7.712138822446159
123.448 9.131860010848138
124.45 6.504244091753745
125.459 6.708550133486427
126.469 13.795481732881859
127.47 11.498174900708381
128.489 14.114722517545403
129.519 9.316977533973107
130.538 7.718988876782642
131.569 8.065097342977301
132.576 11.504876668961812
133.579 23.929449782870904
134.629 3.3864818197971425
135.718 4.746423778175385
136.738 4.406526423216533
137.839 9.185266250029013
138.859 8.22664339077037
140.488 9.936069770637918
141.498 12.918240990955903
142.499 11.503590672049812
143.639 12.250845327094135
144.649 15.798051661848582
145.659 12.591532527698975
146.669 17.436606686573302
147.688 16.060430052087796
148.699 17.408472898927926
149.713 16.577861230697724
150.909 15.522660271979161
151.91 19.75673385354226
153.088 14.003408548878376
154.109 15.627847383415345
155.129 18.50741097750944
156.138 14.845785040813825
157.139 21.32829222825585
158.149 16.258188506690797
159.309 12.614456627377924
160.318 16.167080374791933
161.338 16.272419487195997
162.749 14.492125607785214
163.878 18.047924479847623
164.889 21.561905257816214
165.909 15.504176393674692
166.918 18.50354368800599
167.95 17.09784726908128
168.978 16.08442117933358
170.188 15.829513374393667
171.189 19.307717175052662
172.198 12.506161086387072
173.428 15.597232131479192
174.438 22.028269218633937
175.448 17.29509955221649
176.47 18.200503303239582
177.578 21.118225205333616
178.588 24.698362457256234
179.589 19.23681980476483
180.598 17.662776944745048
181.608 17.63374076340141
182.628 15.040653621524944
183.818 18.441009373199694
184.819 23.79788395994863
185.829 19.479514281425644
186.839 20.851157573415275
187.848 25.54862845710829
188.869 23.538149880232417
189.878 25.215350083085216
190.939 20.79956504139483
191.949 26.193295873202718
192.968 25.463474020910358
193.978 26.54494923467332
195.048 23.581473050106254
196.049 24.920425656172622
197.058 14.291569317719278
198.067 16.927350264011185
199.078 13.703515690093694
200.088 18.78905705689155
201.089 25.14493399541742
202.098 13.359952876019214
203.438 10.986179121142568
204.618 20.49219866146648
205.627 10.0227731826382
207.157 9.014052297316628
208.168 23.89511347507207
209.178 34.913063083396516
210.288 28.736139660157363
211.308 30.655476347536975
212.427 25.73900423429492
213.428 34.44578276005226
214.448 21.196422862086315
215.458 35.14858300356739
216.468 25.721768077225256
217.538 30.803120691666784
218.548 34.57913877669015
219.569 38.10245151778276
220.698 30.534683265649285
221.699 29.005230161876597
222.717 25.093444509408954
223.718 35.63265725524114
224.719 29.95889826081777
225.728 27.92032658822412
226.738 22.076251522812395
227.748 23.415852394723533
229.128 13.0537043047482
230.137 23.69744374160153
231.138 21.788140449428308
232.147 18.699733448972186
233.167 14.441842757434332
234.168 12.859502878804582
235.177 16.927350264011185
236.187 8.90649156679335
237.188 11.41299958779314
238.277 8.87374880267572
239.507 2.9233541149143836
240.521 11.812491625321346
241.537 10.099402536712974
242.748 10.305451106852267
243.757 13.809154162745966
244.767 11.73874872835098
245.801 13.457006319646666
246.807 16.531044454492243
247.808 12.050583577534399
249.617 1.3665347282611804
250.637 14.864295930244895
251.647 11.570404034029949
260.984 0.9162430995770017
261.994 5.340186477244591
263.084 6.391484656059943
264.373 6.6210948793469555
265.374 10.157525322279465
266.424 13.26493299190025
267.473 13.34397872447524
268.483 11.347896264144756
269.484 10.44209948912923
271.003 6.953550912738664
272.004 13.656441837410387
273.024 28.39729261289082
274.034 29.767082949165747
275.045 30.593479819520716
276.254 27.57431243374802
277.304 29.14596034780272
278.473 28.465553608712266
280.405 3.4896404904354537
283.373 1.7415281315475044
284.389 19.24385604312181
285.403 9.218383441419585
286.554 6.732559758223782
287.573 10.089821174651595
288.583 11.081797790802524
289.594 12.038190836800275
290.814 13.013138195864203
291.844 16.873305331614915
293.014 9.11688941775348
294.113 18.45897245931863
295.114 26.177048721667813
296.144 22.1951279380255
297.145 22.61658935038426
298.154 19.403085953016973
299.183 18.75679334174017
300.393 13.899445856357591
303.353 0.15184651863786705
304.473 3.795564364643566
305.624 9.310488874694451
306.973 9.099732367743728
307.974 19.257826432998264
308.975 16.028385570674327
310.053 17.09455401066251
311.054 23.516263850194193
312.055 24.498487834390183
313.153 17.391217331832465
314.154 28.97831541945251
315.163 24.247589137705077
316.314 19.127371975124586
317.324 24.010019707143567
318.333 18.47635390370611
319.503 20.28768002912631
320.513 26.610660593616025
321.514 22.82829677554931
322.515 23.283057453946487
323.533 17.239387928511754
324.542 17.825101585146125
325.543 18.56756175839035
326.744 14.804205616920717
327.753 22.3071828545556
328.763 21.850490715355782
329.773 18.89169039226988
330.783 16.331712475440185
331.793 23.370147216845073
332.803 19.556123316232608
334.063 13.388167865853907
335.065 28.508532060259128
336.073 22.51233347269666
337.082 18.321030225729555
338.093 22.49265368517477
339.094 16.138998597465992
340.103 23.70509595634461
341.123 22.322051998484717
342.133 12.622599036506047
343.143 19.215367630626265
344.385 17.333222690512226
345.393 22.92181209275652
346.403 17.686547654372486
347.473 13.225332174493815
348.474 23.735520532380633
349.483 18.228878022653316
350.503 15.001516709213478
351.505 19.366305974109967
352.513 16.838372754467013
353.532 9.758362504420495
354.922 2.586852921830713
360.637 0.4710425730299444
362.476 1.0813431212634803
363.666 17.237083403999463
364.767 17.408735452499762
365.826 18.155167360385292
367.027 16.99741113167362
368.196 18.638922972639925
369.33 16.06523935773567
370.466 18.215524197052634
371.547 17.18844415637
372.727 19.205536840812968
373.977 18.009512145426527
374.987 20.182170396852563
376.457 12.267237876089244
377.606 17.24079619117656
378.616 12.749729453528508
379.617 17.740425771698987
380.626 17.801168062439043
381.627 17.132874695760215
382.856 13.57549089825026
384.006 19.722835834311283
385.016 25.015045664834062
386.036 17.99734265944194
387.546 16.967129812296495
388.547 23.195420426785137
389.556 17.66326538398397
390.568 10.946752693431709
391.906 12.597132712110046
392.916 17.598933261387206
393.926 19.14136102587644
394.936 21.522909831913697
395.937 19.509249514667147
397.096 20.278247556379984
398.236 22.191561717323218
399.396 20.66009915472261
400.416 24.015569006530107
401.426 14.612970074579941
402.427 15.927127058017865
403.446 19.18720092228828
404.456 11.729542696504286
405.476 9.9146844522372
406.486 13.140319965997687
407.497 23.59872989764504
408.527 19.636850759770766
409.536 19.18031776440411
410.546 32.21222863972429
411.547 29.3749796416416
412.556 20.10839221401744
413.566 26.219482825652662
414.577 25.25089088876208
415.586 26.005644771657764
416.596 20.462094279873334
417.637 14.189487393592831
418.646 12.136575395604279
419.656 21.138238139093172
420.665 16.00159509317816
421.686 16.21883127517966
422.706 12.26595927871886
423.725 12.791467281525522
424.747 6.7042303297021615
425.756 8.686403424953108
426.776 16.41576044175238
427.786 30.378003405078594
428.876 28.660551773713433
429.886 25.66435196408968
430.896 23.299230997788094
431.906 20.364991108366418
432.966 15.105088677713486
434.147 16.47819433334133
435.155 36.73375897677818
436.186 26.664407494926383
437.295 31.35999058216183
438.297 33.494904603923345
439.306 23.928312688531044
440.315 35.404192606956215
441.316 16.164600425625487
442.325 13.766822762039567
443.326 15.71870191851429
444.335 22.878493951012345
445.376 12.157549164384749
446.385 10.853771141120744
447.396 19.72494454355495
448.406 28.13828703715529
449.445 29.025257474850108
450.455 14.06591038933824
451.465 17.800621590815304
452.475 9.429254704520694
453.495 12.589040126853812
454.505 11.792911803915139
455.515 8.812909187833386
456.535 9.25370548875472
457.555 10.355337094558854
458.578 11.299077805294347
459.585 16.73779897597144
460.815 16.26182364981962
461.816 23.79788395994863
462.826 16.3147966800688
463.836 24.05279715120775
464.845 16.334059401803035
466.055 16.351674296901177
467.065 19.13566821012645
468.075 13.474894880218327
469.085 11.395065308930358
470.095 11.711911168386756
471.105 16.243067201618967
472.106 12.321208030322902
473.146 12.611684157077708
474.415 3.687525727901667
475.425 10.680372954489181
476.446 8.992673485082403
477.455 12.472784405060871
478.465 9.50976738441336
479.495 10.11635940538288
480.505 11.792911803915139
481.534 9.24397255952471
482.555 11.885968432456743
483.585 8.083486971199868
484.615 10.472987071877743
485.625 9.29636811972815
486.635 10.381093497918457
487.645 11.77892374235803
488.765 11.238903225778829
489.766 16.599831504336894
490.925 15.599218932442197
491.926 23.75061904642341
492.935 16.243698142602835
494.027 19.34513523159346
495.035 26.924381858849557
496.055 26.40904083311713
497.065 26.902783367529622
498.075 27.846489566998834
499.085 28.84689582445535
500.086 25.32037216402319
501.094 25.943763687326136
502.095 24.695424974078605
503.105 25.498447047947213
504.114 22.165523522721283
505.125 18.133345233852246
506.126 21.594321481118293
507.144 20.123619555188878
508.164 14.237944276009182
509.365 18.819870099854516
510.385 21.4726360497989
511.395 23.04289163716013
512.405 20.69468646622993
513.434 22.781534252686566
514.435 21.72265885048191
515.446 20.957926224210805
516.625 21.393115978091302
517.825 22.016864611081466
518.854 16.37994515918682
526.672 0.34427440039563856
528.127 5.86129514912805
529.167 7.779213954832265
531.327 0.4161719399704504
533.53 1.122643652781324
534.532 8.522802602987667
535.688 4.082517127391788
536.867 2.096744125041964
537.877 7.759633170988904
538.888 11.781247202724323
539.897 7.890084652433884
540.927 10.909361533205981
541.937 9.286609007013887
542.949 12.879945810152675
543.967 9.212189775079485
544.977 9.078414602442948
546.007 9.818425379885383
547.008 4.939183463385565
548.027 7.718988876782642
549.047 3.883676734371216
550.067 6.830115955985627
551.076 7.795490253163044
552.077 9.487610818772692
553.087 8.415770849144504
554.117 8.517571482777148
555.126 9.943320399773881
556.156 8.945676457228902
557.187 8.936999758434307
558.206 7.948720688591649
559.207 11.44992530148472
560.417 9.002863476961899
561.437 9.9146844522372
562.476 10.16597096867183
563.486 7.915128366902825
564.506 11.236642379202161
565.517 12.448110251935132
566.527 9.820432472484061
567.556 12.667157589771143
568.617 8.645131306705478
569.636 11.46821204550564
570.656 11.456968700362987
571.666 8.569476874394143
572.686 10.355337094558854
573.716 10.472987071877743
574.926 9.89322523718141
575.936 11.125388494259564
576.956 12.117947663845467
577.976 10.625430106683638
579.006 14.836731685160133
580.016 15.590980506326089
581.038 10.855876559575266
582.046 14.714650734669494
583.047 11.616993641653728
584.066 14.555807596218697
585.076 11.919057121205242
586.097 16.508289489523253
587.106 11.53221324398061
588.126 14.100884554292907
589.136 11.922708003014835
590.177 12.089375086173314
591.296 12.36844566479839
592.306 14.017989502767053
593.316 14.684862204908342
594.427 10.477886152202645
595.436 13.696385430418488
596.446 13.57297396299667
597.456 9.78139602162701
598.486 12.218484917190699
599.576 5.510409875374073
600.586 13.350466193111478
601.596 11.57414502723708
602.646 12.84187700480247
603.648 13.457056741559473
604.676 8.844026600111857
605.686 12.01541957380033
606.726 10.268505554779505
607.736 14.463005042537434
608.756 13.439905590810428
611.186 1.7025461559804778
612.216 10.254799841213622
613.346 3.182058018889107
647.931 0.04548590235906615
648.968 0.4334288285131016
650.268 0.5186142636554842
651.566 0.5194133611341522
652.646 0.4161719399704504
653.869 0.7350215783615477
655.286 0.4757929024362242
656.787 0.5988883346676701
657.848 0.6354368923205745
660.205 0.19069397334242102
664.374 0.10783725891748715
665.571 0.9387336991814671
666.693 1.8026699004067637
667.713 1.1016316058041333
669.256 1.1651735454778651
670.393 1.383579536577223
671.413 0.8813052846433067
675.212 0.10270102493348177
676.55 0.5038853084844018
677.654 1.2213741716524087
678.713 1.4854862446537322
680.012 0.8650225080217214
681.033 0.6603315795809301
682.472 0.9370375854789847
683.852 0.8142494477682725
685.033 0.7611612111229237
686.413 0.4885496686609635
687.674 0.712871840076267
688.85 0.7643974407620517
690.192 0.8373056914457646
691.574 0.6504568671028748
700.715 0.31906675162769643
701.834 6.230540825577083
702.993 1.7451213358553828
704.552 0.7207596138038589
705.572 1.98293689044744
706.713 0.9848065187731956
711.764 0.799828617659347
712.814 1.5739435022942596
713.871 1.7009108615632411
715.213 1.5071502446023763
716.353 1.3799385377967566
717.59 1.2717299378240117
718.61 1.1016316058041333
719.63 1.1016316058041333
721.071 1.091693222129287
722.511 1.2485158199113513
723.532 1.1005526326348833
724.611 1.6662305659613954
725.775 1.158416740123934
727.095 1.3620172580851104
728.354 1.4280085628851036
729.41 1.7025215726063878
730.531 1.4033273265729729
731.732 1.3098500691825998
732.931 1.124601405758348
734.071 1.3799385377967566
735.193 1.0014832780037577
742.394 0.09362568292627825
743.533 1.7757643795051703
745.592 2.7934508247959045
746.732 1.5770726146248646
747.793 1.0590614872009576
748.794 1.796066713958387
749.893 1.6359078987009514
751.033 1.3799385377967566
752.174 1.1817678225278345
753.673 0.8995310777213205
755.012 1.007017987680552
756.152 1.5770726146248646
757.291 1.1838429196701135
758.612 1.1908629319366408
759.65 1.5155394345744724
760.73 1.4566017898965764
761.851 1.4033273265729729
762.89 1.514080782568145
763.892 1.5699899531819386
765.013 1.6038026589405403
766.093 1.4566017898965764
767.152 1.4854862446537322
768.23 1.4593042050911897
769.332 1.4275226253069895
770.372 1.512624935661829
771.811 0.8606635425104857
772.891 1.5575543891963388
773.912 1.7608842122158135
775.009 2.048613013528197
776.011 2.018558511233921
777.109 2.0467472457563134
778.25 2.236147737154659
779.273 2.6361624350034396
780.53 2.1454209793226084
781.591 2.118122974401915
782.631 2.3769820417543035
783.872 1.2676308888705097
784.909 1.9504297283089576
785.971 1.481289955827027
786.972 1.5715583747135888
788.251 1.2299686732512136
789.272 1.7608842122158135
793.883 0.5837209417248107
795.192 4.8784032559601584
796.231 1.2977835279155527
800.113 0.9249017652316525
802.429 1.2637236300984362
803.55 1.6038026589405403
804.631 1.0394673801297094
805.713 1.2462080272682619
806.809 1.2302893115914775
808.891 0.4317633959347612
810.21 1.3630498716242196
811.353 0.589849993658906
812.532 1.143678613659253
814.032 0.5992875935574485
815.173 0.9848065187731956
816.192 1.3232552360198815
817.43 0.5445868681358075
818.791 0.8256166332992035
820.729 0.347883664990779
827.671 0.064745850643631
848.652 0.02142251061284431
850.852 0.30645388306914984
851.854 0.6728528370779736
852.933 0.41655764149034885
854.194 0.5346538800572004
855.452 0.714571852413492
856.671 0.7374334621297562
857.872 0.7484857538186285
859.514 0.2738974376405158
860.576 0.8464514033297295
861.614 1.2990338010638336
863.151 0.5848610216891169
864.374 0.7350215783615477
865.574 0.9363868649335134
866.593 1.3232552360198815
867.794 1.1227286307279425
868.873 0.6248364622355234
870.134 0.8910898000953339
873.701 0.8805727382846058
875.312 0.553407115118013
876.594 0.8719024154570055
877.713 2.008336439535685
878.894 0.9514515139036545
880.094 1.123664237920216
885.633 0.08114563913487749
886.652 6.836818719436055
887.653 1.3470500354687904
888.674 1.5407736856888372
889.713 1.7303780372207371
890.811 1.8420725211806819
892.07 0.8925053518031898
893.354 0.700102328922253
894.577 0.7350215783615477
895.652 1.0452690585304336
896.833 1.1417418166843853
898.053 0.7368290084722728
899.173 0.8026173128001544
900.495 0.6799783588019461
906.83 0.21284879013484756
908.071 0.7243605079260055
909.45 0.9778078937666855
910.631 1.1417418166843853
912.791 0.926880013234627
913.83 0.8651890186103686
914.831 0.44901667848959675
915.93 1.6359078987009514
917.051 1.0023766618378376
918.17 1.2050018637214113
919.213 1.2928064098794432
920.371 1.1644188993991877
921.511 1.1828044609686486
922.874 0.9892861962613787
923.951 1.6693247731405252
925.053 1.2235908216917053
926.071 1.7660734584207718
927.15 1.457951745216221
928.171 1.7608842122158135
929.251 1.8727737298670268
930.274 1.9771218262525796
931.332 1.911716094760292
932.45 1.407092963406353
933.451 2.020575053203186
934.609 1.3584887159657186
946.849 0.10192239783719041
947.893 0.6457840447817333
948.973 1.6646877598818015
949.992 1.9848828540298222
951.014 1.7591612335345848
952.093 1.6662305659613954
953.25 1.5539004154471439
954.252 2.018558511233921
955.369 1.408352670625159
956.51 0.9848065187731956
957.589 1.87450938670657
958.67 1.4552543321815934
959.871 0.9356071922732856
960.933 1.2696771049945945
962.21 1.5838650182117373
963.35 1.3799385377967566
965.213 0.9650363825401749
966.391 1.7169742175351348
967.67 1.405678483715673
968.794 1.9994025585768969
969.828 1.3966841307188087
970.933 1.627025140879951
972.015 2.90781873029261
973.033 3.0906285522363506
974.173 1.3799385377967566
975.332 1.90991088598337
976.511 1.7155179204888795
977.87 1.8190296713940215
982.249 0.0513205863402702
983.593 8.41914563358337
984.671 2.710136380883638
985.771 1.8387232984148991
986.791 2.6439158539299203
987.972 1.902903027807309
989.114 2.164677165870819
990.131 2.4307387644291794
991.191 2.544145444347659
992.329 2.764727474671885
993.408 2.082788207451744
994.489 2.078934760259419
995.691 1.115917732460831
996.889 1.6883102072257001
997.996 2.0301070242460995
1009.418 0.23564500632928578
1010.77 17.969211286300578
1011.827 1.6799292308696157
1013.05 0.15111463370919978
1014.166 1.208241116043243
1015.21 0.8610453930423111
1016.308 2.2514219703319447
1017.587 1.93280791510905
1018.61 2.196802029169533
1019.713 2.4449629836885935
1020.809 2.2555304045843756
1021.87 1.6944983795215325
1023.029 1.5512189652047847
1024.067 0.8660225340425557
1025.129 1.481289955827027
1026.169 1.2965356591387107
1027.248 1.457951745216221
1028.43 1.140775876061133
1029.509 1.457951745216221
1030.651 1.3775218328268848
1032.38 1.1698066097492126
1033.608 1.2810504341109954
1035.012 0.8003306537893276
1040.534 0.27640539475581793
1041.595 1.4826860820813408
1042.855 1.6052346256003087
1044.271 1.2696771049945945
1045.272 1.1225416962239922
1046.353 1.0394673801297094
1047.372 0.6577584506531574
1052.155 0.09357891141777612
1053.553 1.674746580206364
1055.455 0.09725419317755418
1056.895 0.7803223874445945
1058.011 1.0068675967027025
1059.055 1.2915680895634667
1060.273 1.6605875437244573
1061.472 1.3120349733847392
1062.511 1.514080782568145
1063.592 1.4552543321815934
1064.612 1.3219579269649602
1065.793 0.5945180950912602
1067.072 1.7570981046445908
1068.295 1.6537985513134823
1069.434 1.9730715327835224
1070.454 1.98293689044744
1071.511 1.4882970038678358
1072.591 0.6242579099556756
1074.797 0.8053811728981523
1076.173 0.2978739835792936
1077.234 0.8472491897607662
1078.452 0.7380389083219809
1079.515 1.0570688973849633
1080.714 0.9371678381319566
1082.07 0.8286609424190384
1083.433 0.8244051635511489
1087.393 0.22706021478559554
1088.533 2.365608921937297
1104.714 0.037747177638738125
1106.251 0.14621525542227923
1107.453 1.1217945802864053
1108.553 1.2258155322765993
1109.694 0.9848065187731956
1110.773 1.6662305659613954
1111.95 1.1456219927818683
1112.952 1.5699899531819386
1114.032 1.8727737298670268
1121.953 0.04293097873102972
1123.351 0.6430124394393225
1125.552 0.30645388306914984
1127.893 0.1919973067783368
1129.153 1.0701564170668723
1130.251 0.20467472457563132
1132.092 0.36621322257041267
1133.094 0.6735250177343952
1134.331 0.726702821613721
1136.577 0.30017744557085024
1137.654 2.712652756353353
1139.07 1.11096746687027
1141.075 0.7846034578994027
1142.36 0.6995575022071383
1144.153 0.6036062921284514
1145.251 0.8186988983025253
1146.534 0.8758100061732004
1147.591 0.8504554307816206
1148.611 0.6609789634824801
1149.893 0.8764931653043806
1150.933 0.8643571060924738
1152.072 0.9865357663917612
1153.152 0.4161719399704504
1154.611 0.9241926562743381
1155.692 1.2473608561556515
1157.61 0.1938279526685821
1158.791 0.5708709083421927
1160.313 0.590625092205107
1161.373 0.6360363610869147
1162.631 0.714571852413492
1163.633 0.897137116103965
1164.991 0.4964643171959717
1166.153 0.38680352424103825
1171.446 0.0
