0.0 40.93811895722509
1.009 37.044475410178364
2.019 35.11332344695224
3.02 37.02195057039154
4.099 37.30120871180933
5.1 41.2567035405498
6.109 35.78024084959151
7.11 37.34053515371625
8.111 37.02195057039154
9.199 35.820212801847546
10.2 39.82307291558862
11.201 33.358227862157385
12.21 34.3579769689313
13.248 34.012528995633666
14.249 38.23014999896507
15.25 37.65911973704095
16.259 38.30870997076521
17.261 41.12025858127112
18.338 32.634882190200955
19.339 38.70802687395213
20.34 43.23434994522336
21.348 41.826808737589744
22.35 34.91626939077816
23.359 40.995208412012275
24.36 42.11930390358688
25.419 41.46873525116587
26.42 47.30981062371928
27.421 41.96001161192453
28.429 41.826808737589744
29.43 42.59718077857394
30.438 42.143180927974704
31.439 40.52638098696333
32.44 41.800719320262175
33.448 37.23941197700792
34.538 41.459636057446595
35.539 46.83193374873221
36.54 41.96001161192453
37.548 41.66862264239727
38.549 38.774165778677435
39.551 38.09893573716572
40.558 39.01816752365259
41.638 36.38082842251682
42.639 42.53104187384864
43.64 30.80955119555971
44.641 32.880350987170324
45.648 40.28491297711052
46.649 43.91099285958736
47.65 38.66855312623756
48.659 37.676592690471786
49.66 37.18124286205389
50.668 34.86662054912077
51.678 38.520976717604064
52.688 33.53459489295208
53.689 33.995397028806806
54.699 33.2517717284178
55.821 26.006809147580285
56.828 24.925624353933138
57.838 37.73161244060398
58.839 33.995397028806806
59.858 33.23841103226849
60.859 32.72105869550797
61.868 33.02812789533153
62.87 31.256203092432457
63.878 33.44294569238847
64.879 34.088550415743846
65.888 21.083514082769344
66.898 21.62858118980228
67.909 18.83377204169934
68.943 16.191891987593582
69.948 16.341804126630578
70.95 20.116870880075997
71.958 25.151589135603842
72.959 24.59715182072789
73.968 28.287248293130833
74.978 26.903934966151375
75.979 27.942289945637334
76.988 29.551482853717683
77.989 21.09272140415609
79.008 25.81895127812834
80.018 20.589020750150706
81.028 26.049021141002747
82.037 16.500663800642002
83.058 24.98751560493897
84.059 24.119274945740823
85.068 24.336515291296916
86.077 25.03413156609443
87.078 31.539873749146185
88.079 22.68564432077964
89.088 30.34162945408447
90.089 26.508659320676145
91.09 29.057335987273817
92.098 31.162660752917965
93.108 24.062223568951076
94.117 24.0204566511502
95.127 19.799656473150623
97.687 4.607690371478236
98.908 22.780106890452018
99.917 18.489430448582723
100.918 24.531012916002588
101.919 24.437859529065538
102.928 26.39089645225055
103.938 19.641783617750608
104.94 21.982336249404916
105.947 23.817222082157453
106.949 27.68919721357178
107.957 25.850013123149573
108.967 24.85158784595116
109.988 29.985018725926768
110.989 27.145828487325566
112.007 30.699912038297935
113.017 29.587773507951656
114.027 25.009460701351173
115.037 26.364766851802784
116.038 22.84493661244199
117.057 26.288386755912484
118.058 25.552905570702016
119.067 25.916808492030484
120.077 17.905182208350425
121.097 20.009610535406033
128.415 0.260957795276748
161.568 0.6417819072520504
162.597 4.183860803458167
163.638 3.829288759702613
164.708 2.5333429226339117
165.757 1.5200341654339065
166.837 0.8858421330778712
176.398 0.03335458298379182
177.408 7.577897059200799
178.478 9.537291002857081
179.498 11.568056090781612
180.508 8.906429450549476
181.519 8.043551712813903
182.528 10.745993764988249
183.548 13.131306913860207
184.598 10.085723413900132
185.608 10.419608456401098
186.618 13.419192709001416
187.628 14.050684130601482
188.636 12.562381126981505
189.638 16.868131635854073
190.648 14.52430269680153
191.658 14.43197938955006
192.688 11.455744866599266
193.698 12.78770128740135
194.708 14.050684130601482
195.738 12.448865786360559
196.758 13.600282160783786
197.768 12.945574142801366
198.778 12.15620986580128
199.788 10.169412293749609
200.798 12.629828432001332
201.817 11.735886944603788
203.422 1.1905792679770837
204.429 23.979269197914128
205.438 12.642345605868528
206.557 8.549682785738167
207.558 10.035414374728331
208.568 14.589852244950077
209.578 16.89239552780178
210.579 18.477905832833116
211.591 13.615653422604225
212.593 14.321998558744024
213.598 17.29375388157993
214.608 11.432395136949745
215.618 11.366845588801198
216.636 11.12088650366915
217.638 13.048932020189001
218.639 9.782968696128929
219.65 14.036786322361518
220.668 13.470369567824603
221.678 12.945574142801366
222.688 11.59026799234976
223.698 14.997921263001583
224.709 8.043551712813903
225.728 12.361800914982657
226.737 10.337520317781093
227.747 9.945989890201048
228.768 6.871566791358218
229.777 6.637231443080978
230.788 6.624101410552628
231.807 7.354489151951707
232.808 1.4997695296864952
233.887 2.8077665385786097
234.888 16.884982916209573
235.889 17.20356749953428
236.897 10.664147984671784
237.918 14.992509362963384
238.928 12.629828432001332
239.937 14.064609486528736
240.943 9.100343269392633
241.957 17.29750910743772
242.967 16.260904106201714
243.968 12.490937654388953
244.978 17.839632660201882
245.987 19.437606369022863
246.988 12.490937654388953
248.017 13.791244870658403
249.037 12.662331666936629
250.177 13.765316027301473
251.178 18.796490416157827
252.188 19.576234069602062
253.208 12.258263325532688
254.218 20.20772549120213
255.228 22.10219975600233
256.237 16.816722440788716
257.247 19.102615503402014
258.257 16.010707943550223
259.268 15.771670025125301
260.269 15.132767707923675
261.277 9.649351806741096
262.279 7.704472129164508
263.287 10.282096187511005
264.297 12.78770128740135
265.8 1.2705849273687573
266.807 29.204709941367913
267.817 12.78770128740135
268.827 14.68217555220155
269.847 11.163987749377672
270.869 15.757935400543735
271.877 15.976795614440178
273.077 11.216781746472869
274.087 14.68217555220155
275.108 16.3980571157412
276.117 13.906580166455381
281.057 0.7234393149984181
284.237 0.30085204519625813
285.267 7.895175516169764
286.277 14.366429841401516
287.287 13.577065564401432
288.307 9.28842957984631
289.317 14.366429841401516
290.318 15.451352291248382
291.327 15.960961327409015
292.347 14.134164313227004
293.348 19.115074999482534
294.349 18.225460154233716
295.357 18.824145327904763
296.378 17.959776841049884
297.397 15.399862876470735
298.407 16.576649817001748
299.417 16.576649817001748
300.437 14.134164313227004
301.447 17.997505515601897
302.455 19.45688970867467
303.467 16.60930964308478
304.477 17.839632660201882
305.497 7.347278868469402
306.506 10.653578957927806
307.526 9.535830020779436
308.547 5.778362983642137
309.587 2.6064201223252748
310.606 2.9730913592996266
311.676 1.9372622349553443
312.696 1.8759009876943153
315.15 0.5198095646422716
316.187 8.764455434309507
317.206 4.068440807462648
318.776 2.6827682970920175
319.836 3.0085204519625814
320.856 2.9701765638493325
321.886 2.9413398981808925
322.947 3.1559691451784664
323.976 2.324367113032315
324.996 2.501201316925754
326.006 2.664450647277474
327.036 2.6507366026080805
328.067 4.485059102489318
329.106 2.9158614967529544
330.136 3.7153767134916538
331.156 2.9701765638493325
332.166 3.909892062099827
333.236 4.058403161577615
334.396 1.7065724578260622
335.506 1.1492006050739951
351.758 0.029433592903153484
352.788 9.133634420666983
353.798 7.735769914600817
354.808 2.8417113972002994
355.818 10.73535416720113
356.908 13.81160911496111
357.918 18.155378371001913
358.928 13.892811275201467
360.018 6.436577700896091
361.038 3.9081270576964906
362.068 5.482194958732431
363.098 10.99132277741281
364.108 9.945989890201048
365.128 9.066854773855857
366.139 8.201268413065158
367.148 5.689055522640837
368.238 1.8164896565178412
369.358 1.423674856732293
370.378 4.37710230462007
374.239 0.8672580323839298
375.259 34.5817468634325
376.478 5.5481309021318586
377.479 25.646058957639067
378.48 26.508659320676145
379.488 34.01001046638255
380.489 26.827243904000852
381.679 21.896187860175257
382.739 9.62726544628026
383.779 3.9862895988504206
384.808 3.0991561507097534
385.818 5.683422794400599
386.819 13.53984479130013
387.828 11.444072113821067
388.838 7.577897059200799
389.848 4.7361856620005
390.858 7.0941229292030865
391.859 6.063353955732545
392.878 7.980403122330577
393.888 8.367261336200881
394.908 5.379845431265879
395.939 3.711773050335988
396.948 2.8445277613204185
397.967 2.503655881515475
398.968 1.5929229166235446
400.027 6.02272271780989
401.087 0.6017040903925163
402.158 0.5955241230775604
407.517 0.2677858286221592
408.518 21.663751666080206
409.777 4.052780529411071
410.798 4.9061744820808535
411.808 7.577897059200799
412.817 6.479202123007621
413.818 6.212399374831824
414.847 4.338818610993655
415.858 3.4697674055275667
416.887 4.183860803458167
417.907 2.9701765638493325
418.938 4.485059102489318
419.968 3.3152313656935757
421.007 3.683193469582679
422.038 3.711773050335988
423.058 5.627702963082946
424.087 7.437974761703408
425.097 4.420439951200466
426.137 4.906202583200518
427.138 6.379143937449142
428.157 7.0342115355297725
429.158 5.322784529583002
430.167 7.901466003667831
431.187 7.953381380575314
432.198 7.905203730137367
433.217 8.126815746980604
434.247 7.440711795367424
435.248 6.119245987894774
436.257 6.00511416278755
437.297 5.519477906100582
438.327 4.489413528802415
439.337 5.841295649800616
443.646 0.44318615591442156
444.677 18.7171401746353
445.727 3.252084101585127
446.767 3.0663766145003235
447.788 3.2796114231482396
448.797 3.4766450416138452
449.807 4.578312806600483
450.827 6.8783036215458235
451.847 5.940353127698665
452.867 7.659929033085121
453.868 7.486737708130659
454.887 6.793545783761289
455.918 7.578203311102643
456.937 7.823924629735859
457.947 8.209388480800866
458.967 7.659929033085121
459.977 7.893642770000832
461.157 4.785602103407305
462.177 7.1909537861615425
463.197 6.8783036215458235
464.207 7.577897059200799
465.247 6.596296126572771
466.267 4.998745906779979
467.287 3.9117837847680192
468.447 1.9212002704683413
471.437 0.373298022634822
472.718 5.030654490078613
473.777 0.9034084076714833
474.858 1.7665949545191881
475.935 2.8164437852732394
476.957 3.276402410014044
477.987 4.334606165740262
479.017 3.8701840765538065
480.127 2.154751134513741
481.138 1.2617336020100243
482.147 1.8963518408802793
483.207 3.3093724971588396
484.517 3.164687925804914
485.537 3.1265016461571924
486.977 1.5502237328862747
487.999 12.39029371428313
489.018 15.178413781687569
490.027 16.7511079277758
491.057 13.687324690857775
492.067 14.997921263001583
493.078 12.301902619597737
494.087 13.432492206235311
495.088 15.676783487636042
496.097 19.753665009169573
497.107 12.78770128740135
498.137 6.720993353060925
499.157 5.627702963082946
500.167 10.103862745601065
501.178 17.979703828642844
502.179 11.46904499968952
503.187 5.127634652935088
504.267 2.6575263992336136
505.857 1.4016303860020602
507.562 1.1200522849473562
508.587 10.585529202047864
509.627 3.6796519374003878
510.631 2.3822447801894944
511.637 9.35153424780019
512.638 11.535183904414826
513.647 19.59563568909622
514.648 16.566398332884866
515.657 15.394458560128506
516.668 20.97632113341665
517.787 18.72597188704757
518.788 21.18587479109314
519.793 20.466919731411114
520.798 13.710488819577588
521.807 15.486873367188949
522.818 15.456236624622798
523.828 10.643030859949661
524.838 12.945574142801366
525.847 13.906580166455381
526.858 12.775052720351496
527.877 7.26298126154544
528.917 3.8329707681254046
529.927 2.8417113972002994
530.947 2.501201316925754
532.117 1.3628340508890324
569.632 0.004250342101933009
570.652 9.232231063088316
571.733 7.9652040088038
572.763 3.560569350429502
573.783 3.7518019753886307
574.873 2.7794312799324037
576.723 0.17238009076109925
577.973 1.2756126716321345
579.002 2.01445149796134
580.113 2.068881385226162
581.133 3.1265016461571924
582.143 2.9995842526003162
583.162 2.503655881515475
584.192 1.7028809936836746
605.07 0.015274603310088782
606.289 1.1772471333766623
607.339 0.9111519083086674
608.35 10.724735617085205
609.37 12.662331666936629
610.53 9.266776869438928
614.661 1.6601496634437585
615.675 6.919003642975088
617.889 5.329456735590445
618.89 10.831875833040103
632.995 0.965585939717934
634.015 7.1909537861615425
635.016 9.71682979140362
636.036 12.349681502320909
637.046 18.063055063750443
638.116 15.498097879642755
639.127 11.366845588801198
640.426 13.185161298467921
641.436 20.20772549120213
642.437 21.18587479109314
643.446 19.503220882035777
644.455 23.546368690930137
645.456 21.889182862467866
646.466 27.627749695002912
647.467 25.871490154026723
648.485 26.784106931372175
649.486 20.136967654181966
650.487 24.849597499327295
651.516 20.983643223928375
652.517 26.283228124288485
653.526 22.821836603576266
654.536 24.628165442402594
655.556 16.010065300921315
656.575 7.823924629735859
657.585 5.209804228200549
658.587 9.70713235648206
659.606 9.075752570493597
660.655 14.807443934384805
661.656 12.743383332988357
662.665 23.770012524016405
663.666 27.55756645758732
664.667 24.437859529065538
665.676 21.650016850049855
666.686 22.641367870350926
667.706 29.545440556185465
668.707 25.23432098737731
669.716 30.02557081393775
670.726 22.009876448750855
671.796 20.41576355299094
672.806 20.589020750150706
673.815 21.491987529976498
674.816 18.544044737558423
675.826 23.365182599202463
676.945 20.57840315729084
677.964 23.31529539661286
678.976 23.161445495296906
679.996 13.508863983995564
681.005 18.331401128509366
682.125 14.295964283220641
683.135 11.840464155001248
684.146 9.778435415577688
685.166 15.163532983862382
686.176 19.957529328550642
687.186 20.20772549120213
688.306 15.719535070153464
689.316 19.891979780402096
690.325 14.538697446748808
691.355 5.108642981051023
692.506 6.707107796197079
693.627 9.245631540598655
694.637 6.157041360600648
695.646 13.432492206235311
696.655 10.27190580476818
698.187 4.726844857415657
699.195 3.1637219038495394
700.245 2.8853143763107805
701.255 2.9995842526003162
702.265 3.946821385000416
703.275 2.8417113972002994
704.295 4.514229569802402
705.305 3.4925907133231755
706.335 4.334606165740262
707.415 2.3622456882076563
708.416 0.9557537499741267
709.425 7.111319403301047
710.435 3.31532996340035
711.446 5.585569220594083
712.456 11.524718444201214
713.475 9.075752570493597
714.795 3.9862895988504206
715.835 5.826115567550613
716.875 1.686507137975178
717.876 6.053107083169468
719.456 2.8257242726028298
720.945 0.21431664509948498
721.966 3.656798701833905
723.055 0.43926056185679563
724.175 1.9931447994252103
725.255 2.6575263992336136
726.285 1.2384589044972178
727.315 3.0961472612430447
728.325 2.6838385418002826
729.385 2.557242384168194
730.968 0.30218240799876844
732.027 5.269882378083653
734.856 0.6763587866554265
735.896 8.432535689875888
736.905 4.740879602200699
737.935 2.6317251720565884
739.005 2.8313832664731957
740.208 1.587439023969445
741.215 4.032032310232018
742.225 3.6310756742003827
743.265 2.299782460875242
790.114 0.04424578094307709
791.115 13.53984479130013
792.125 19.891979780402096
793.135 13.326869401749944
794.144 10.904023085061606
795.164 3.9081270576964906
796.174 12.326286965721815
797.335 8.984115418295541
798.336 14.177013957949546
799.344 21.671495041369347
800.345 18.06616786257136
801.355 17.050268383201796
803.224 2.1328462273142965
809.163 0.08054466271460692
810.173 5.051931372800532
811.183 14.313228535597855
812.204 5.739662472905321
813.237 8.33531997436293
814.547 10.708404218580549
815.553 14.471751829805171
816.554 10.534716528710915
817.555 34.725719582393275
818.564 24.08607116416312
819.614 29.37177213976693
820.615 28.83190479088616
821.673 17.69569032726843
822.69 5.957876293267098
825.597 0.6569278107448373
826.605 43.254183853858706
827.614 32.07995197489139
828.623 18.713074281668995
829.624 18.637198124495473
830.638 23.967303554872373
831.643 37.76067361299105
832.644 33.995397028806806
833.645 31.445672386606095
834.654 34.924479736211815
835.656 29.984183483596645
836.674 31.70473968795818
837.675 34.566427290730914
838.684 29.933156006877308
839.694 26.58818925535134
840.695 38.548734582289775
841.703 33.12657350200352
842.704 32.2431818205209
843.714 27.31200398420288
844.718 22.93549116833511
845.724 25.677094036332726
846.733 19.503220882035777
847.744 28.389006045225543
848.745 30.33167432057265
849.764 29.639405702589997
850.864 32.530327135754355
851.865 33.13279666576973
852.873 25.375454837572143
853.893 16.101483477709543
854.903 10.893227022601149
855.913 12.379632269349845
856.933 10.786430679242315
857.934 11.628337291351874
858.935 22.207767445792577
859.943 21.196936755791917
861.364 5.722752133465769
862.373 5.214967562420767
863.383 9.156625613200966
864.393 9.853666582949575
865.394 15.451352291248382
866.414 14.694557736938805
867.424 16.16858079895024
868.433 25.758779171957126
869.444 20.568655744463122
870.453 11.536140365355031
871.463 12.629828432001332
872.503 6.439390890450679
873.523 5.940353127698665
874.524 8.50863036283009
875.543 9.38870955568303
876.545 8.91146576988517
877.573 8.375861413926952
878.584 9.936152115828941
879.593 17.764898361228855
880.594 27.55756645758732
881.613 23.693222983990747
882.614 27.55756645758732
883.623 21.241543402842698
884.625 27.05266394429427
885.633 17.624220540030247
886.637 24.61652939529144
887.643 19.244380419548772
888.644 19.115074999482534
889.693 19.063539597599743
890.703 21.47070833440226
891.704 9.876122083065976
892.863 13.952385697140404
893.877 4.560252401051763
894.903 11.34499573941835
896.407 1.2697401235606665
897.414 56.12293507940908
898.424 22.95711358115096
899.433 18.489430448582723
900.444 20.503171032662895
901.445 18.06616786257136
902.464 14.239542826119264
903.473 16.59307860770244
904.483 13.484742257149959
905.503 13.131306913860207
906.513 11.998337010401265
907.533 12.883563654764126
908.534 17.044275207871923
909.563 22.313924285110225
910.564 17.74758327924665
911.573 16.7511079277758
912.588 15.39532534728438
913.593 12.758539064628234
914.594 17.20356749953428
915.603 20.701840929609713
916.613 17.115817931350342
917.653 21.15799864005223
918.683 9.971947977366122
919.684 19.752244166131952
920.693 26.074837812103837
921.694 15.676783487636042
922.703 24.968632571590344
923.704 17.74758327924665
924.763 6.173290785755135
925.773 15.945158395401682
926.804 15.529935440379933
927.833 22.800956071245594
928.843 10.419608456401098
929.994 11.971365129170701
931.023 12.396624602839013
932.613 1.4039762109158715
933.614 26.12393583262613
934.624 19.01029219615054
935.633 28.129218973057473
936.643 23.43073214735101
937.663 17.352084136172415
938.673 15.694962232750193
939.684 27.915855944471787
940.693 21.873660683136123
941.713 11.724381173089473
942.723 13.734938419801448
943.803 15.26825758416089
944.813 18.944742648002
945.815 22.43779774203231
946.825 17.273690786750358
947.953 13.57034757055462
948.983 16.099965758463835
950.003 5.536284786294725
951.013 15.313666973801613
952.023 17.20814123860181
953.033 13.642615112549977
954.043 18.62899693720196
955.053 17.839632660201882
956.063 17.115817931350342
957.073 17.52388694940185
958.143 22.116859316658427
959.153 37.100121019003915
960.165 23.226865498883893
961.253 31.716679391266233
962.263 26.049021141002747
963.264 33.995397028806806
964.273 38.94082725105864
965.274 31.85845833247089
966.275 26.03078244568908
967.283 28.94805542022329
968.303 22.41939367554356
969.313 20.681344057402182
970.314 23.641398070753763
971.333 30.826263041159287
972.343 32.271612049751944
973.353 25.009460701351173
974.354 34.566427290730914
975.355 30.650258903897363
976.364 28.19483348607039
977.374 36.784375308203884
978.383 27.562716205776965
979.393 25.167333556751192
980.394 28.354027915899092
981.395 30.172382028910295
982.396 39.729919528651564
983.413 26.810443319701942
984.414 29.694621595656905
985.423 32.935713088271086
986.424 40.77882666556274
987.433 32.935713088271086
988.434 43.07505765356101
989.443 36.254328809811575
990.453 37.007797711752445
991.463 32.2060625016034
992.464 15.51749119597369
993.465 27.23898187426261
994.466 34.15468932046916
995.473 36.3263334350545
996.474 40.46024208223803
997.483 27.878774845923676
998.484 27.464413070650274
999.485 32.177042915795596
1000.493 30.595595978923885
1001.495 43.191201891385816
1002.503 39.61220340489507
1003.504 44.19010369519749
1004.505 49.28710770319182
1005.513 49.261902110967725
1006.515 47.010401507050894
1007.623 37.620097884141174
1008.625 44.71646216674524
1009.633 38.346714643355256
1010.64 33.95118570982088
1011.644 39.29345589850277
1012.645 36.862658278729185
1013.823 37.956407937822355
1014.825 41.215529185718914
1015.826 42.278596195249236
1016.833 45.03520842757776
1017.834 35.26973536210564
1018.836 44.302924927658694
1019.863 29.255421063600668
1020.864 26.920397290937903
1021.873 42.89156025289255
1022.874 52.632595153302276
1023.875 47.694534111769286
1024.883 43.72504187989948
1025.884 37.81841202870331
1026.893 35.46418220944479
1027.894 39.66378062392626
1028.895 37.49982744537861
1029.904 38.62476861091192
1030.905 39.41133494532686
1031.913 34.55024835873581
1032.923 35.0477738988037
1033.924 16.31395265428546
1034.933 23.072280730710062
1035.934 26.98653619566321
1036.935 36.15935020735446
1037.936 34.47327390379387
1038.943 33.15946980140967
1039.953 39.849509108952745
1040.973 39.77147781171598
1041.974 54.86268723657523
1042.975 51.35825682000344
1043.983 35.973923215468105
1044.984 39.98236520725097
1045.985 35.7476122370927
1046.993 30.27922378853893
1047.994 31.061996874159124
1048.995 33.19893557049503
1050.003 35.34117883469819
1051.004 41.32284244527511
1052.032 36.51490979846691
1053.124 43.866007536479
1054.126 40.26072928180265
1055.128 45.896468285815246
1056.213 52.29283169671523
1057.214 46.35405687374515
1058.215 28.4201668206244
1059.216 45.145857445171615
1060.217 47.37594952844457
1061.223 30.02241989158967
1062.233 32.2060625016034
1063.243 36.06056057935234
1064.244 39.57062723698921
1065.353 25.221129157423782
1066.354 32.33633520745796
1067.363 31.82950784775759
1068.524 26.700958079852963
1069.533 35.08250905628516
1070.534 27.623705362312627
1071.553 31.830104598916037
1072.554 37.75227312397801
1073.555 36.22548911207977
1074.563 40.40313388085746
1075.564 33.51752015381974
1076.573 43.68170685325934
1077.574 43.96467249880983
1078.583 33.2517717284178
1079.584 31.128135778884428
1080.673 30.369773114886602
1081.683 25.5754025748027
1082.693 24.062223568951076
1083.694 28.354027915899092
1084.703 29.6170973667306
1085.773 32.548271351033364
1086.783 35.0477738988037
1087.793 33.53459489295208
1088.794 34.313981612131506
1089.903 35.71704045466745
1090.913 43.572908090404596
1091.925 36.61953806419163
1092.933 41.35225045201232
1093.934 48.33181972015238
1094.944 46.00655046955338
1095.945 39.729919528651564
1096.953 36.60666759623801
1097.963 37.73161244060398
1098.973 29.42990065255164
1099.974 33.83610473714445
1101.013 32.445129218409605
1102.014 43.0089187488357
1103.024 41.42823766295291
1104.025 45.94231890348338
1105.033 53.37439368664057
1106.034 44.82727286184691
1107.035 40.68567327862569
1108.036 37.34053515371625
1109.043 41.39331524888621
1110.143 29.77616341291225
1111.144 37.75227312397801
1112.153 37.99265133061849
1113.164 41.86041027838228
1114.165 42.11930390358688
1115.173 38.97945902412516
1116.253 35.79026700046491
1117.343 43.80020976686336
1118.393 45.620647837938165
1119.395 50.721087653354026
1120.396 56.933487028185844
1121.403 45.51023797262449
1122.404 52.31401056997757
1123.405 42.11930390358688
1124.413 54.798068543372864
1125.414 51.517549111665794
1126.415 47.37594952844457
1127.423 39.92857559528002
1128.433 30.46946109220321
1129.434 26.827243904000852
1130.445 41.22954347737726
1131.453 50.36885787798351
1132.454 44.03081140353513
1133.455 44.667980570184554
1134.463 34.39206226354333
1135.464 39.02661145727684
1136.466 37.780669102526964
1137.467 49.92462619504225
1138.473 57.76002147404786
1139.564 49.228361407708256
1140.565 54.225401628192145
1141.573 40.71950607124241
1142.583 47.267340634206306
1143.763 40.46139258577437
1144.764 44.920426248783954
1145.766 48.283468045605915
1146.773 45.51023797262449
1147.843 48.55530361898647
1148.854 57.94751370401009
1149.855 60.91579431974471
1150.873 60.21180086637768
1151.883 56.741904636754526
1152.893 47.6508285717021
1153.894 54.70339494491289
1154.903 58.06237497993479
1155.904 39.2520426536645
1156.905 47.53524182010693
1157.962 36.41819941016848
1159.053 43.76006292014762
1160.055 60.27862515309529
1161.056 53.747757636672425
1162.064 59.860023589532126
1163.073 53.95361265802752
1164.074 55.65914869488701
1165.102 48.21245244455766
1166.103 41.73458041553687
1167.105 22.822137274505423
1168.113 28.789869325030814
1169.114 33.358227862157385
1170.123 27.246657565630247
1171.125 34.691063175624414
1172.133 45.6232750222092
1173.243 46.230962645495005
1174.244 53.90693348660111
1175.253 41.78535501237906
1176.254 53.74764119493876
1177.255 48.96887244506813
1178.262 48.835444787951545
1179.263 46.42019577847045
1180.264 54.38481036158818
1181.273 52.21529013722059
1182.275 53.69400083446477
1183.283 52.741649305870666
1184.293 48.69038901135367
1185.303 30.535010640351757
1186.402 28.93272998223783
1187.403 48.49099557008106
1188.404 46.89807265345752
1189.473 44.66064419633401
1190.474 51.995425986652855
1191.483 48.8966744156801
1192.484 46.73878036179516
1193.485 52.95117973662698
1194.493 51.47616054433085
1195.494 54.38481036158818
1196.495 64.26093244465415
1197.593 52.69023996230796
1198.603 60.84659887715495
1199.604 54.70339494491289
1200.605 58.526409944809394
1201.713 57.827161780524186
1202.714 55.181155378166274
1203.715 49.44674932005518
1204.716 53.110472028289344
1205.723 57.227633417110326
1206.724 53.2697643199517
1207.733 56.1660231390545
1208.743 49.795498999153786
1209.882 47.15376847744487
1210.942 45.039838345170814
1211.953 47.38049478717613
1212.963 50.79302625656038
1213.964 46.260903486808104
1215.004 43.91284428315273
1216.005 54.544102653250526
1217.013 52.899835401063136
1218.015 36.34812027007949
1219.017 48.124683704859606
1220.023 56.17501566933597
1221.033 47.42740616815354
1222.043 44.26994906015321
1223.052 44.471968972134945
1224.053 41.415995832212154
1225.055 34.27973612150064
1226.063 43.408669689514525
1227.064 40.844965570288046
1228.065 40.20779640363863
1229.073 43.408669689514525
1230.074 46.10161119514574
1231.082 42.617739213552134
1232.083 38.070857707302714
1233.084 23.641398070753763
1234.085 36.06619682041741
1235.183 37.67228168280545
1236.192 46.302590781493485
1237.193 46.10161119514574
1238.194 50.03023884748213
1239.273 44.50567061383392
1240.274 51.19896452834109
1241.275 45.783026611821036
1242.282 46.301953881035686
1243.323 45.249204908804025
1244.413 43.94446387569025
1245.423 44.722297580759914
1246.424 25.07724108865471
1247.425 53.5883489032764
1248.427 58.78626698868486
1249.433 41.9099634269289
1250.443 33.69246774835209
1251.452 30.881331927317454
1252.553 40.03164597178807
1253.673 42.6269898623938
1254.783 43.04980040205686
1255.785 47.80606809364778
1256.793 46.506711986588236
1257.794 52.22085718304052
1258.795 51.517549111665794
1259.803 40.244947785664976
1260.852 44.90412040997616
1261.854 54.1714007864229
1262.855 49.28745702839283
1263.863 51.31797444913837
1264.872 58.85252158030157
1265.874 39.84940222767887
1266.925 30.254110609399977
1267.932 20.109584073644623
1269.022 25.22190594836782
1270.023 44.7611339571216
1271.024 42.278596195249236
1272.032 39.92857559528002
1273.033 44.667980570184554
1274.034 51.8361336949905
1275.042 44.041414070284425
1276.043 35.7476122370927
1277.044 38.455231870151714
1278.052 41.35259735134388
1279.054 43.92079558014835
1280.055 43.39364223688572
1281.063 49.41974130682865
1282.072 34.199947648857936
1283.082 30.692883495751772
1284.092 33.21873377801798
1285.204 43.11582378923048
1286.205 49.92462619504225
1287.206 57.57065619483526
1288.207 65.53527077795299
1289.213 50.310494191901945
1290.214 45.46444202849633
1291.215 51.03967223667873
1292.223 39.92857559528002
1293.224 34.63256619545623
1294.232 39.77038950008755
1295.233 33.769965832419146
1296.252 19.46830368393338
1297.262 21.312835479002246
1298.265 1.9039772141926643
1299.272 25.087671469689816
1300.282 13.103446998201381
1301.302 11.88070625539733
1302.32 17.607841303025456
1303.322 28.32573048284929
1304.333 29.7162243590358
1305.334 32.2431818205209
1306.342 30.68810246734054
