0.0 16.155908861304496
1.161 53.32694870106186
2.221 30.220445659308986
3.251 24.964387102356223
4.252 28.666307944582883
5.27 28.68452517487168
6.351 21.431073306766535
7.361 31.884346042206936
8.37 32.6758775603185
9.381 31.279423900174
10.561 32.060201935336615
11.73 30.98587354152377
12.85 29.858971854387473
13.851 29.816356138351413
15.09 18.48876510253163
16.16 20.09174025759484
17.26 17.636868500059247
18.43 8.016836203867452
19.44 18.516485908657334
20.451 23.012968218534837
21.46 16.09205253601381
22.461 15.469374825139424
23.48 20.243185085949413
24.49 13.836158150529922
25.612 13.632780059349615
26.77 16.08505331242353
27.832 18.663841280346702
28.852 19.54922753185918
29.86 21.92640437256568
30.87 19.789643513034292
31.91 18.073657844820133
33.09 19.781620092593176
34.095 22.035394585894934
35.18 26.538473462320567
36.21 26.099683678516516
37.22 22.78554250083381
38.25 21.90687462284093
39.259 6.851774332959783
40.26 12.325661960363483
41.261 18.32449770360577
42.28 18.76832445825881
43.29 15.954108873644502
44.3 20.880963561415737
45.38 26.512369193795344
46.39 25.928355624231
47.391 26.843031797177126
48.44 20.286249092309784
49.441 16.372761098615523
50.69 12.978575244738794
51.7 16.689731636960012
52.71 17.729456421970145
53.73 17.18589839069242
54.74 24.257483624690455
55.759 17.16771071109489
56.78 20.002953814122574
57.782 30.45746897759252
58.909 17.427080837176387
59.919 22.949697312324083
61.12 12.845334788030712
62.13 20.281518522688256
63.131 23.769496404600115
64.259 14.755917170540343
65.28 12.312055383914148
66.3 6.809253629118321
67.459 16.044465180678127
68.469 19.753835955411184
69.47 17.080334382926377
70.59 14.545584860494472
71.63 18.141060556267135
72.639 17.90161009040868
73.659 18.839805646056085
74.67 14.889306674645256
75.69 7.938754825745593
76.699 9.595758616005742
77.709 8.912103230638683
78.731 3.9549107552667735
79.909 15.304703076640973
80.919 20.72211357327704
82.149 15.211491109284792
83.159 19.110036699216405
84.169 19.76194054664275
85.199 15.102319911813787
86.209 20.495479731201605
87.219 14.72221100644643
88.359 16.60744362736963
89.549 17.805417926096837
90.56 21.63684491989248
91.619 17.918176305837648
92.709 17.025906592951166
93.879 18.719858881198068
94.889 19.478574565946353
95.959 20.183680888896554
97.159 19.848433726640724
98.209 18.591956142884165
99.339 15.669140231222666
100.499 19.28731129412981
101.699 21.698511745963245
102.709 19.747895704067034
103.719 20.704578184976015
104.879 18.341215866246028
105.889 21.176560107061594
106.979 14.826858245487813
107.989 14.777616939229501
108.999 14.898743739090364
110.069 13.678985544229805
111.079 13.472925107151543
112.129 7.444890135848557
113.139 12.776667042257898
114.159 19.589499115668655
115.169 15.568625043430368
116.239 16.73750678733634
117.249 21.877828282898392
118.399 16.373215545584532
119.409 21.422350255684364
120.419 20.439484373601697
121.429 15.784943951211082
122.458 15.740664199464085
123.549 16.256170165790664
124.689 16.082622872690116
125.759 15.31068833666615
126.769 18.398306232880678
127.778 25.34339340752069
128.789 15.451208967212425
129.819 15.660359287800935
130.958 11.753892856630392
131.978 11.751569160982287
132.989 11.253944580082463
134.129 9.615055662037637
135.17 12.305119261842169
136.179 17.693336919002945
137.188 13.846920849068557
138.199 12.293250366177356
139.229 15.047989822385725
140.258 7.280364542352515
141.259 9.397685350165196
142.379 11.406206978607937
143.388 11.179195227224275
144.518 12.564393257888335
145.73 14.103216711293713
146.758 15.099416800869568
147.768 13.069758532432175
148.778 7.308425660218034
149.788 3.6284991724743207
150.809 1.5952918333655735
152.009 14.665561141706153
153.019 23.600274953912532
154.032 23.097997730869547
155.038 20.94312942344762
156.048 19.80320028382163
157.049 20.77966846297226
158.278 19.833110355996006
159.279 19.951366137505616
160.289 18.75343468502749
161.428 9.420832736844106
162.478 17.085940651044417
163.508 12.396074579637888
164.668 11.543544594190353
165.679 20.02268232151706
166.688 19.584168210964787
167.689 22.72471441912998
168.699 22.353494110089226
169.718 15.39738137179624
170.728 18.10123612519272
171.838 8.861806973801606
172.858 8.542390848281057
173.928 12.369144507969208
175.018 21.782943054412993
176.069 22.643082420322113
177.079 24.478370574801687
178.089 23.850043720048987
179.108 7.538322596256183
180.109 24.48034067278465
181.238 18.145235460889207
182.239 24.263563650610827
183.24 25.01128082791683
184.248 26.77606955344493
185.258 24.521398586431093
186.458 18.70232050169204
187.478 17.779466517275516
188.518 17.672676109205494
189.538 12.937392210328605
190.548 12.795233923988393
191.558 7.244473067590766
192.708 8.581136070549167
193.817 8.992324001359984
195.498 5.695927768431084
196.577 3.207495258974307
197.578 11.584635431890002
198.728 10.279995498023288
199.769 8.214373726991177
200.777 9.948413512222587
201.808 8.065822686084164
202.817 12.239883878483933
203.827 14.792205203446322
204.847 3.8847487222586876
205.848 17.02874204637335
206.858 15.754293860735343
207.868 19.83930255385316
208.877 12.905856519345758
209.988 12.508398374483772
210.989 13.013311979261928
212.08 10.951469876024346
213.088 15.002867270276518
214.107 11.251764016243657
215.108 10.137225067787003
216.127 8.641619999858362
217.138 14.434131959262057
218.148 17.421481955170627
219.209 15.866711922815803
220.218 20.16149200195774
221.237 10.207326667400768
222.277 4.564637552069961
223.297 8.183886205455426
224.307 8.485359663245667
225.317 13.071526806882698
226.318 19.743658661526993
227.328 20.011856668983416
228.337 12.712923581527981
229.348 20.55779231194977
230.368 16.29321161624911
231.369 15.557840070813928
232.387 17.795975733863678
233.397 10.211342883160858
234.437 7.047661854228969
235.447 6.431950957575196
236.587 11.483652543064462
237.787 9.462968612743136
238.797 9.664347160413437
239.817 10.81510892587651
240.837 10.640452817833253
241.847 11.399918026321107
242.857 11.511171960499878
243.877 11.565969687773416
244.897 9.058625861027123
245.907 10.53036906527615
246.917 11.828871936777274
247.927 11.016939251578545
248.937 7.727359348787905
249.947 9.54278778465875
250.957 12.249131831185037
252.197 10.098339688235331
253.237 10.471175794667557
254.247 11.930842430090799
255.257 11.118467676279439
256.277 12.135170587921069
257.457 10.070351717703614
258.547 8.980169629957803
259.577 9.48811434096845
260.597 7.453744881605424
261.607 3.2060289350034026
262.647 9.710856036880063
263.657 10.682293311816965
264.667 9.052975761863726
265.68 13.50766029563601
266.687 11.089073845002453
267.807 9.974783548187546
268.817 11.774809296725946
269.826 13.803702690979408
270.836 13.181012466610948
271.847 13.033130094351987
273.017 11.963496313052854
274.029 13.86472193367919
275.066 9.606624140665916
276.076 9.568133051782917
277.096 8.466516849799442
278.116 11.315439581248544
279.127 13.502142592156284
280.156 7.914445878844755
281.168 1.408294309914001
282.177 11.333925083318196
283.187 10.790305409503109
284.188 16.76275158500917
285.196 21.62815424575036
286.197 21.434608643133913
287.199 14.710233094150503
288.207 21.32842763315872
289.217 13.612766144947114
290.237 13.860866318771183
291.246 18.40311772693807
292.266 11.545104338190972
293.356 10.648428422684232
294.366 11.900192339615058
295.367 7.686366059890362
296.426 7.949533265407865
297.456 5.664200812712647
298.477 2.3929377500483606
299.487 10.066491734422138
300.516 6.531876650849926
301.536 4.990174515521601
302.547 6.83674777872789
303.568 5.172453893927632
305.537 1.8612413225998292
306.556 9.436157711745553
307.566 15.163395481852056
308.747 12.513798297089911
309.756 22.042899100316813
310.817 13.173889092705249
311.826 23.86468339098918
312.836 16.89497823752724
313.966 19.493933516151564
314.976 17.943943235021603
316.166 13.245974263493943
317.216 13.448682906470319
318.226 7.861748207027695
321.916 1.8041071665229784
322.925 13.068846501217811
323.928 14.04718311755299
325.376 6.030689022854445
326.566 8.956425252632792
327.568 23.37103109635194
328.576 22.91579749127334
329.796 15.611632521818205
330.816 20.078435354513978
331.856 18.101420320447982
332.866 10.128528696394673
333.876 14.436339970278457
334.986 15.716423316253294
335.987 17.22737997615677
336.996 20.586003466055264
338.006 18.123339555824263
339.026 12.172086206413084
340.03 15.795987145430301
341.116 16.408550251318776
342.177 21.344517014165866
343.736 12.24721865961972
344.816 9.765850967600677
345.826 11.144402368220451
346.896 7.386129203303619
347.905 0.20178307258006078
348.926 14.21171210654026
349.949 8.297223097660604
351.026 7.883140989446919
352.207 8.572342282297056
353.276 9.318497581670295
354.295 13.990436191904822
355.296 18.893500216540765
356.305 32.07392089423719
357.516 21.04091573989113
358.526 14.958865070408166
359.645 13.65642782776031
360.646 28.305904994137517
361.805 20.903968928986597
362.807 27.142624183789092
363.808 18.9827088676411
364.815 24.122689134476413
365.816 21.00313613397861
366.946 20.795469578192453
367.955 33.62917828420394
369.016 21.36050814833436
370.085 25.588128913169882
372.355 3.730250903493489
373.425 7.792281462609231
374.605 12.765179502236451
375.625 19.283960360244617
376.753 14.669627572021664
377.755 14.125905449003858
378.765 10.165367747447249
379.795 6.437826607387737
380.816 7.577636208486475
381.835 8.536168487361568
382.875 9.109669644547058
383.885 10.885497517422962
384.915 8.247047484325876
385.935 7.150686622285588
387.085 4.520930629995688
388.135 4.653694176760716
389.145 4.434832321913059
390.155 8.856992010264031
391.165 5.566085901635499
392.177 5.350665400751995
393.215 6.668949988373377
394.224 6.34289158412849
395.235 10.280747655343909
396.325 10.294923592567297
397.366 14.963324683485634
398.367 18.642823906948813
399.375 25.808380775649077
400.385 20.70855680248969
401.575 16.76248395905587
402.765 19.905793635712623
403.775 23.1145889048354
404.795 28.881291610491203
405.805 17.54214711681394
407.022 15.869998024930176
408.025 24.774888427283635
409.042 20.228116460410817
410.177 20.244388654104903
411.184 23.396571317596536
412.185 22.578709593495763
413.195 19.03739009054073
414.205 14.167120185186246
415.215 12.965430339851286
416.345 13.661123756634995
417.346 21.926445672867118
418.354 11.317115826865182
419.365 14.977780155869482
420.385 14.12029702896409
421.605 10.358429739555262
422.615 12.90250924065349
423.624 11.299852064483403
424.645 7.910571748271468
425.755 7.302044207302369
426.764 5.851709104821762
429.572 0.8683856446863601
430.574 8.781550339694922
431.598 4.17537258290909
451.884 0.0802914799303091
453.785 0.21431486340345401
454.984 0.16980743972750736
456.884 0.21431486340345401
477.864 0.019408877047977245
478.873 6.184031665145502
479.874 14.056904516050725
480.884 19.209649493262564
481.894 14.954297028077647
482.914 16.142922734641296
483.934 15.496242809121071
484.963 19.460251273043227
485.974 11.32651933256756
486.983 16.91762260708881
487.984 20.599318306664408
489.074 22.007280032351243
490.255 15.965111428634739
491.384 24.406499772395122
492.394 21.44813759142117
493.404 25.68683880553032
494.405 24.642254374531767
495.504 21.476175897090894
496.534 24.37874919689897
497.535 31.87038532993672
498.684 20.12699149619579
499.703 16.683685347640083
500.713 11.02371763697222
501.743 10.439757875471651
502.753 12.903982802695593
503.773 18.264476461415686
504.776 23.16773469021511
505.783 28.321550762312206
506.784 28.49249975602239
507.794 30.90369050318742
508.874 28.30273615967605
509.883 26.361011402937237
510.903 21.67107308170466
512.064 24.923281347192162
513.074 29.873670635757453
514.083 27.41402993740292
515.244 17.74894310595035
516.273 27.957143671517144
517.294 24.86404592478368
518.454 19.88198885152625
519.455 18.725787952472125
520.563 18.188260071244173
521.573 18.457690783177426
522.583 24.00668336512453
523.603 19.50020125591722
524.673 28.3950502820838
525.684 31.373491378547175
526.685 24.55527593970893
527.715 16.642491250148073
528.716 29.177770877558157
529.903 27.261049231785186
530.904 30.403943786932317
531.905 31.06483121050066
532.913 30.876861148577987
533.924 34.16092127368977
535.093 34.72393236696147
536.104 32.61921143260368
537.253 34.09859628910155
538.263 39.48777882325398
539.264 35.00859699456147
540.273 43.03599281529345
541.443 31.80250415449759
542.483 35.01706809938887
543.485 42.79643003070969
544.493 43.15531686440088
545.554 31.587680087727513
546.695 32.2072309938451
547.855 39.32890723980949
548.973 35.169884852671025
550.124 37.61164820889027
551.135 38.521000419944514
552.243 39.89591428109763
553.253 40.2780501464338
554.403 33.58117195406295
555.504 42.14680546760706
556.543 38.49763377160337
557.623 33.13115963185341
558.653 32.07339260706667
559.664 19.729733523453486
560.684 22.860106184832887
561.884 20.87899152000393
562.933 22.401078926207077
563.943 28.330261752858814
565.092 24.383989118376014
566.093 32.81004978819362
567.095 36.721591098617026
568.096 46.11938580802351
569.224 37.00715469681319
570.322 34.733180585712326
571.464 30.69855027964099
572.465 39.85084257628786
573.466 40.01483781322732
574.583 31.41880307175189
575.593 41.60396127191804
576.744 30.15903968784488
577.833 28.30772220740067
578.903 27.79402839425519
580.053 31.466236267022346
581.183 29.40955205802044
582.352 29.334996228440062
583.363 35.58915707208816
584.522 26.642454342521706
585.523 32.32802571008146
586.633 24.343588766684004
587.672 28.634904324272856
588.714 32.10066664698808
589.716 42.12938020647569
590.722 29.1616097165423
591.723 18.32702528205361
592.724 19.663965599877358
593.863 24.98654468137175
594.972 26.062939716142065
596.154 29.721128041693046
597.164 33.999496997441526
598.262 30.895324482187362
599.263 43.964848202865156
600.264 34.63124440040704
601.393 37.594609874422325
602.403 38.5147858068534
603.583 35.93399399570848
604.752 31.188811648800346
605.842 41.82949332219135
606.852 40.02887080511419
607.854 36.03819214200297
608.963 34.85233464879547
610.133 36.691438960344335
611.281 32.325228873814744
612.283 36.46373832994021
613.413 28.66856421294434
614.414 38.16673192459863
615.508 25.50784385038825
616.512 34.07134342083298
617.514 26.780891561483262
618.515 29.517061113909783
619.634 27.02703334303054
620.642 29.264686329421302
621.722 28.133235592555263
622.832 28.99042949552128
623.891 31.01350927977391
624.932 23.131376754121597
626.092 25.855451142197953
627.252 27.82436630849908
628.452 25.404869024868816
629.552 26.965518248759594
630.553 31.653905669933234
631.732 31.500785716643183
632.752 32.190565236573946
633.802 31.55814712142766
634.812 25.55524971517053
635.814 23.94213458282474
636.851 21.52104253527452
637.852 19.100612968178712
638.871 17.415419527153837
640.031 20.495911637317395
641.032 25.501482365713194
642.102 13.367277594536699
643.111 13.644695269750382
644.112 9.27933520637208
645.361 8.504030366801388
646.392 12.529705190277106
647.411 10.412095393883462
648.421 14.305929729552345
649.471 11.640897345724516
650.472 5.918250595081646
651.481 12.834760436755417
652.561 16.297272820655017
653.571 15.574519291598781
654.581 5.260174421694924
655.631 6.785503400033168
656.861 8.22435708306954
657.862 15.163091789694928
658.981 21.644689303082306
659.991 24.720476818319202
661.001 19.55623128556518
662.061 18.817558266457755
663.062 21.95469507904889
664.101 17.928042237360643
665.111 23.102358339885946
666.131 18.863881049420446
667.132 21.701193828838758
668.141 21.649199655497576
669.161 12.648925104562926
670.311 16.256869493531568
671.321 19.669548206602897
672.521 10.501676356379669
673.541 14.199235169692079
674.581 13.13422687177418
675.601 11.927100738238792
676.781 11.834867336238407
677.911 18.6687844138761
678.912 14.828708029153825
679.921 20.254565919207753
680.961 14.888700847018802
682.022 16.915533941919655
683.201 15.580545147980112
684.321 17.824756415682362
685.331 20.222723397208348
686.411 18.673312477806736
687.601 17.978635763289752
688.602 19.28289597859374
689.621 16.091141322433035
690.651 22.74913550389455
691.671 14.07812859519258
692.68 16.09338005622815
693.681 10.62192540543218
694.691 16.51141003796784
695.711 20.782180007185428
696.901 10.428589268226899
697.92 10.913501269785801
698.941 10.859179497295484
699.961 8.59010392040315
700.991 5.434453891992924
702.061 10.231976883232663
703.07 8.878455193522674
704.08 7.121283280870959
705.101 8.566676329958096
706.141 9.313738150966213
707.26 8.961174558553717
708.261 10.655081287424471
709.291 8.267132278024015
710.3 5.751112573023808
711.32 5.21721286482428
712.33 9.675997793264855
713.37 6.558956419852102
714.55 4.732282059144065
715.58 6.720747658185986
716.6 4.325109736523138
717.62 9.492858590798825
718.661 13.23698517580291
719.871 17.572490401169574
720.88 21.81941724742549
721.91 20.179582364800954
722.911 23.25729006619901
723.912 22.145006868062946
724.991 18.432683793456246
726.0 23.259334173248995
727.002 24.043433884804912
728.01 25.42080325936679
729.08 23.595916240021637
730.081 22.811098129612144
731.091 19.148496668515293
732.191 17.89772649036345
733.2 21.03146024909019
734.201 18.559116455999657
735.21 17.47001851850133
736.34 16.937354230553947
737.35 19.18283066409629
738.36 22.64555410683403
739.361 21.327260899643175
740.52 18.235819763160595
741.521 19.866617918960287
742.53 18.03052705344594
743.531 20.108076001271876
744.54 20.56786068979258
745.541 19.296128595173624
746.55 20.16311452666416
747.74 15.513064324718506
748.9 15.787887264358973
750.035 17.26805558415165
751.19 18.935011975519455
752.2 20.78695030312957
753.21 14.19379165814831
754.23 16.032905436842952
755.249 16.30131407379437
756.25 18.97468008904207
757.26 15.985937813753926
758.27 17.158451130655248
759.43 13.66308574806072
760.44 14.254649770487163
761.63 15.926911128524546
762.631 17.75133212028609
763.677 10.91451485607576
764.68 12.548886671949504
765.69 15.707434587796467
766.71 15.19347637287232
767.711 8.941085737616628
768.72 7.719972553139782
769.73 11.253740671744492
770.779 12.13381134337835
771.79 19.097759056073123
772.86 14.429671757747744
773.87 14.545530917598287
774.889 14.789939764491308
776.069 13.81253745050757
777.08 18.531587660418598
778.089 20.420653448246604
779.1 16.315923158079475
780.101 17.830281776509892
781.109 16.31014777662447
782.19 12.603719659182083
783.399 8.794497378691158
784.4 12.143676312118792
785.409 14.124815080604254
786.41 7.868203027049885
787.429 9.654217418335183
788.439 12.024708332172759
789.45 9.38908258316319
790.46 15.467686043546317
791.469 11.731738640882831
792.609 11.512504629329184
793.629 20.472847551837305
794.75 17.574790640197385
795.759 22.583036375164507
796.769 17.79429315182267
797.77 21.74520343004826
798.859 17.05788654272441
799.86 18.970070975401885
800.869 19.4846041948891
801.87 18.98122205678943
802.871 16.485312680087116
803.909 11.89175640986651
804.919 13.187790852004621
805.92 16.815979413499036
807.109 20.346618733861348
808.119 20.54130751071101
809.249 18.924956002691065
810.259 23.16380587704164
811.26 18.252833420555163
812.279 20.406474270120345
813.289 20.515667531178412
814.3 22.766979554432208
815.319 22.220620027353952
816.419 11.888251128666598
817.49 19.074667632931135
818.5 24.44805477406969
819.509 21.035000302995105
820.519 15.527070593843066
821.549 10.898384747398946
822.599 12.797658986091971
823.659 9.95362244260853
824.668 13.058816348487222
825.679 13.367297818776265
826.689 16.68985840126651
827.69 17.732300941384686
828.699 16.461250657847064
829.709 16.808038077043165
830.859 14.635530961696746
831.969 15.228771190253317
832.989 13.4237438532794
834.349 8.229738905499364
835.539 11.452387979606842
836.549 13.17261316297096
837.729 16.513545454147497
838.809 19.69017807519234
839.91 14.676831853636859
841.109 15.289744885464309
842.118 15.534789050482033
843.119 19.243049447768925
844.129 10.667557691395935
845.149 11.518402527186863
846.168 8.8491637661436
847.179 11.989113573815876
848.188 12.45730218914403
849.189 15.500300490854208
850.269 13.271067573522913
851.278 12.255961623302083
852.279 6.719046919792354
853.309 6.720747658185986
854.318 3.3053778314667994
855.388 2.8541932742983365
856.408 3.6915618492016526
857.448 8.026503778427436
858.478 7.203360686616094
859.498 7.528743410873789
860.518 4.306870794580441
861.688 7.626953098257537
862.738 8.919580505458038
863.748 9.745255209243695
864.758 9.944775509744435
865.919 13.01792557510537
866.929 16.00833595679389
867.939 12.837083085984117
868.948 16.95081061244737
869.968 11.932791288124914
870.979 18.191825938845366
871.998 14.254064973146804
873.199 13.515006775397874
874.218 10.29776252015737
875.235 14.345608973638281
876.238 13.40194980872422
877.239 13.702151446841713
878.251 11.01560867747373
879.268 13.061165651713699
880.278 7.660606988280641
881.279 12.87518725114157
882.478 10.679994235493226
883.488 13.797256112618404
884.498 9.316890723604363
885.518 5.217358776359821
886.548 8.902331940592504
887.558 12.09484988537686
888.578 9.110132633073295
889.598 10.928482188992307
890.788 7.507898905796422
891.798 15.521913126695704
892.808 15.279364814565557
893.828 9.472430975823007
894.848 9.581135069801475
895.868 9.150841951489392
896.898 7.710248861386399
897.908 9.675997793264855
898.918 7.354695508340067
899.928 5.358755722311612
900.948 7.385458282971969
901.958 8.717740397285302
902.968 7.854822465429811
903.978 6.2490819081502185
904.987 7.762895706736856
905.988 12.407139195035125
907.008 7.224371947734079
908.018 8.630947593005438
909.057 9.133907646856784
910.168 6.9832105175259125
911.238 3.771930468441632
912.317 7.245485441586884
913.397 9.449863324992577
914.398 10.446481724934845
915.408 16.818353011337887
916.418 14.27881618797765
917.627 14.092295410484564
918.638 13.444043291126325
919.678 7.002869818808776
920.687 11.701353178198993
921.698 11.076114354926284
922.708 6.098778579855718
923.937 7.155575311707064
924.947 7.660164919668011
925.968 6.12694685124468
926.997 6.281946780991671
928.008 5.949215967911163
929.088 7.205703377381178
930.098 8.418902015146823
931.138 10.475524192304299
932.147 14.163755673558303
933.16 10.243249065268738
934.168 8.111517557910988
935.181 6.002702625640918
936.217 4.716581935906132
937.247 3.6528315445248905
938.278 4.936933080341448
939.288 3.9669763735453696
940.337 5.628574343913402
941.347 4.233249034553374
942.357 4.329177923494277
943.417 5.57016461015581
944.457 3.5245464548368513
945.497 3.4891993853519074
946.528 4.936933080341448
947.548 3.884602810723146
948.572 4.5730271146147174
949.697 3.031364679028855
950.707 6.2490819081502185
951.737 9.743292367377904
952.738 12.98952300563517
953.969 10.05392827133791
955.087 9.105506271613654
956.127 5.686012598563995
957.177 4.0719824046656266
958.187 3.9986579574505834
959.197 5.644332046071165
960.207 3.635572270276415
961.257 5.429309872887501
962.267 4.978282003040628
963.277 7.2569983449486415
964.287 5.384100989435783
965.317 7.83032413881916
966.557 7.125345083338627
967.577 5.588995457384193
968.698 4.491446023477828
969.767 3.9996085359204
970.847 3.393318670554689
971.877 3.834895142076369
972.987 4.4021431401790565
974.007 2.7944977286920967
975.087 2.4321264301746144
976.257 18.924404406098798
977.407 20.407278714152806
978.427 15.488363586201826
979.567 12.825470383013721
980.577 16.774293506279008
981.608 18.279933035959015
982.797 13.006019228305702
983.807 13.925603366485571
984.827 19.20414675030338
985.837 19.629172606649274
986.838 18.368358623730103
987.927 19.960681983680285
988.928 24.395295092068995
989.957 18.635974462671584
990.976 10.93307260313008
992.006 2.965035731552641
993.036 4.546388121714049
994.217 5.388242434931252
995.227 18.360877757011263
996.238 10.406748432918711
997.406 10.778690006241781
998.543 17.084007864935625
999.557 18.208309154050855
1000.617 12.839656258946318
1001.626 22.333610077114155
1002.627 25.29288280322357
1003.676 19.281896456179446
1004.687 16.876794977487627
1005.688 13.696650246690524
1006.716 15.808674607163828
1007.737 10.847809544535751
1008.746 9.644139352706224
1009.776 11.336637835790716
1010.866 9.246015093162777
1011.886 10.743174538854516
1012.887 10.260779049560973
1013.896 11.606214229504445
1015.436 9.179704011201517
1016.546 9.116560627747152
1017.566 10.968316038195155
1018.576 13.76513246010056
1019.586 18.477583870745814
1020.596 14.111272183790543
1021.597 18.673006167237755
1022.606 18.957283665303052
1023.607 23.538445998250243
1024.627 15.99598981835094
1025.676 18.953733206091933
1026.756 13.912138011121206
1027.796 10.536402585622168
1028.816 6.048324971269047
1029.826 9.530999288321924
1030.836 10.708817428574818
1031.837 15.349983913750137
1032.966 11.96161573071426
1033.976 14.65221680944654
1035.006 12.70197032250811
1036.016 12.647730363573888
1037.215 9.967373978566604
1038.216 16.722607692014016
1039.226 23.228200538281538
1040.386 21.262898139607774
1041.396 21.78337295599959
1042.406 20.846187497222108
1043.566 20.65487722385767
1044.586 20.66515895568109
1045.596 23.360526409662384
1046.606 25.468162198482243
1047.696 16.06173568217285
1048.701 13.970154058891817
1049.786 20.867853612666966
1050.946 19.54532565614151
1051.966 19.42753731121752
1052.976 18.84302725718735
1054.096 25.931859281122176
1055.106 28.071062189652906
1056.286 24.848642998884586
1057.476 22.263057025901876
1058.696 24.07577651517081
1059.706 28.454483033008096
1060.716 22.627429293716162
1061.916 24.638519753474174
1062.926 27.967470778093066
1064.135 16.578207982611065
1065.136 16.174569212087604
1066.336 21.716619367523958
1067.345 30.25669322304834
1068.347 16.654971746388682
1069.356 23.68163310365595
1070.376 26.621851482630035
1071.386 16.250000131698776
1072.395 11.201910573114134
1073.407 13.546011306640175
1074.425 15.191454824446701
1075.515 14.639796979647642
1076.526 17.235841268179616
1077.706 20.598291903173074
1078.846 20.90627392838628
1079.966 21.11615327309813
1081.035 20.775465892654758
1082.046 19.929350895400322
1083.055 14.92412975188448
1084.066 16.611080112912372
1085.075 20.025199926618576
1086.085 15.15617502784575
1087.095 16.304963995869215
1088.125 14.118454010442349
1089.16 10.91274488975317
1090.165 12.31318266128178
1091.265 12.621575976928417
1092.275 12.084387594877928
1093.287 14.532961957571178
1094.295 18.639304088758987
1095.296 17.642646247028846
1096.345 12.58597575238349
1097.355 19.949377638398246
1098.365 10.467595322282563
1099.595 8.775753217063183
1100.885 9.836609202077137
1101.915 6.918416706956161
1102.945 6.3254095606456335
1103.965 1.7413082651530638
1104.995 7.709092902036865
1106.015 4.545290243655362
1108.155 3.99281053274893
1109.165 5.246359887081581
1110.215 2.804378024098768
1111.435 8.008139348884185
1112.445 10.877098213782975
1113.465 10.41866728381007
1114.475 15.757977765840598
1115.485 18.12584461129584
1116.515 6.109245162282927
1117.525 8.641851952117
1118.554 6.8714804323471395
1119.575 8.302397812606873
1120.614 7.818791107912345
1121.665 7.74877717348359
1122.675 7.4616761125967415
1123.705 7.451024977253581
1124.724 5.798226585332654
1125.725 6.131310590126288
1126.745 4.39135357365901
1127.765 3.9002153450260937
1128.814 3.2995090981561317
1129.825 6.007511306621302
1130.834 5.851709104821762
1131.855 4.840976040393886
1132.885 4.756194743654324
1133.964 2.453001448593751
1135.024 2.496970342483639
1136.04 3.0058925231291536
1137.044 2.970072905013007
1138.245 5.184629275993217
1139.264 8.135978536888976
1140.404 7.24631243494683
1141.454 5.817117720950895
1142.465 5.116004813619792
1143.474 10.2909367015831
1144.494 6.706677819632599
1145.594 5.695850454266798
1146.614 3.992139612417281
1147.634 4.191746593038145
1148.654 3.679743014822785
1149.664 4.434832321913059
1150.684 7.128799891954353
1151.724 9.656619035524622
1152.744 7.020971267189134
1153.764 11.476088181879808
1154.775 17.364355992154238
1155.785 10.204564497767187
1156.944 12.66260088039929
1157.954 12.63918370372969
1158.964 15.502167395331526
1160.074 8.574739830066124
1161.084 10.190123589754576
1162.154 8.943138926134788
1163.165 5.313119607894729
1164.184 3.9607120718670714
1165.214 4.1510500241736965
1166.234 2.7944977286920967
1167.264 2.0318875466419706
1168.304 6.264588314870195
1169.314 3.746236779638347
1170.323 4.439227596761337
1171.324 3.0509358676315883
1172.424 1.9322162653186405
1173.454 3.360373829092993
1174.514 4.033567476319725
1186.368 0.10486133016197345
1187.437 14.618730697880599
1188.617 20.80715808360865
1189.627 19.629614675261905
1190.927 15.373313462823726
1191.937 17.754949045298524
1192.977 13.158411708790192
1193.978 19.727303742158593
1194.997 17.43090132815752
1196.006 21.57382600777213
1197.007 21.548349673286843
1198.016 19.29462130199208
1199.017 20.583855473807017
1200.307 15.840909609110923
1201.347 22.62341242026485
1202.356 21.574711021248355
1203.367 20.238492843105604
1204.368 13.877743808424212
1205.377 14.525136176351538
1206.387 18.531958310099412
1207.397 19.73049043903454
1208.606 18.977333966476237
1209.656 19.533552464041005
1210.837 17.737458450289044
1211.956 16.506005791976254
1213.107 18.06865772963634
1214.12 19.48200739819034
1215.296 11.547342144700346
1216.586 8.019270847032343
1217.656 9.3592900246188
1218.666 19.115341522567974
1219.676 23.435236005197
1220.686 19.36304730184548
1221.696 16.687648058203354
1222.697 24.242302255431916
1223.707 16.950678882718734
1224.786 16.693210037933543
1225.787 24.126777052256973
1226.796 17.053029668951744
1227.816 21.28324022023517
1228.916 16.46368404262784
1229.946 15.830140817263622
1231.046 15.325406930371994
1232.086 16.940548143679273
1233.246 17.75577601847905
1234.286 19.235961077033576
1235.316 19.11451031912481
1236.546 16.210707539945204
1237.666 19.241031102037777
1238.676 19.945841089497204
1239.677 19.464881626838434
1240.696 19.6656846975667
1241.706 20.09968096669275
1242.836 15.074216289486307
1243.846 19.379551196717035
1244.856 20.01981390401077
1245.866 18.234593490003036
1246.876 20.794170757135877
1247.886 22.23781948978414
1248.896 20.49282731952582
1249.897 14.212276250050481
1251.086 16.593705317730638
1252.096 16.997243443249182
1253.106 22.88482597055837
1254.326 19.4754728386315
1255.546 19.866211970849886
1256.064 25.464255836713484
