0.0 29.215172275474046
1.227 24.810808090028775
2.239 42.43411275189599
3.248 29.379500494481604
4.255 34.7108905954171
5.26 25.124095121888946
6.267 27.76871247633368
7.355 17.14927848837139
8.375 14.686498667892865
9.395 11.161738987598579
10.407 9.276294415530751
11.419 6.90787882007609
13.015 10.689551341028402
14.016 13.368968617566415
15.019 2.1905286148721563
16.027 37.64872277563012
17.032 40.427280599518205
18.039 32.21472228927382
19.047 40.62099036317987
20.051 33.106743897243135
21.06 38.68337556734297
22.067 40.66132898320289
23.075 32.18276323938367
24.08 26.43277491590509
25.087 10.314093205495368
26.095 4.1611746225696455
27.107 2.763151528030436
28.127 0.7832799289542861
29.128 3.0759013071401817
30.504 1.3064152884811677
31.519 25.778784262776284
32.548 10.09357809323016
33.567 10.780668305774155
34.579 13.700337776825931
35.607 11.463469388246338
36.615 14.861337937748733
37.619 19.09829946294913
38.635 12.270262949768153
39.655 7.832799289542861
40.659 12.931140261371803
41.687 14.960799032118102
42.699 16.776277134470508
43.708 17.304258378640252
44.715 31.93401934778373
45.719 21.369247352305656
46.72 32.125432051167046
47.727 22.297324976297507
49.015 8.684190516667085
50.035 14.09903872117715
51.036 9.976842251915231
52.115 2.591574927124005
53.12 25.919065796051505
54.14 21.54019804624287
55.147 20.628186410990736
56.148 21.0342173605876
57.16 26.842043415152812
58.176 25.44185506215396
59.18 30.437914769075174
60.187 28.446111310342822
61.188 33.52218996643518
62.195 33.80150585935003
63.199 37.002955209463934
64.207 23.859979452199415
65.22 41.01201128502995
66.239 31.051734873549254
67.243 34.89720947189462
68.247 38.39553954530398
69.256 29.973364860834455
70.26 38.99236140352114
71.279 28.111122757129756
72.287 31.70418760053063
73.295 22.67150695922448
74.307 32.368346471213684
75.308 29.813838542273007
76.319 30.819857145204256
77.32 27.61893324685165
78.471 26.20346973447853
79.479 30.99385620436377
80.48 25.141642474826387
81.488 21.680751096707898
82.507 29.205810501097254
83.508 28.616617472043178
84.515 27.967060422593203
85.519 24.27075556749785
86.528 22.47335578672116
87.54 27.63151528030436
88.559 20.074624565552657
89.56 29.531453065669087
90.627 20.85629790932357
91.639 29.605194943183246
92.64 29.331916220630788
93.647 31.81802639675477
94.655 31.58830972187372
95.66 28.618944269852125
96.667 31.024634611716667
97.676 22.96275549897699
98.687 22.522203298418496
99.695 20.888146406694634
100.728 18.948853266764388
101.74 9.07892644924286
102.768 6.217474922438692
103.779 7.704964286301064
104.927 5.117845431022755
105.995 4.675477104010837
106.996 5.387494816034226
108.019 15.009943671225136
109.02 14.391157367587203
110.035 15.939553628128849
111.055 9.089024555716621
112.06 10.732104101194547
113.607 3.3569139812326547
114.608 15.962947603064375
115.62 25.54241575409923
116.627 36.496022111752836
117.647 27.496102886142346
118.655 30.911582910517367
119.66 28.105235149998542
120.667 34.115846756638526
121.679 29.292407113569105
122.68 36.51524264200975
123.7 23.18806327689377
124.707 32.33071524030279
125.716 26.41017866271734
126.72 36.207192731841054
127.727 32.21472228927382
128.84 34.5303834697206
129.847 42.04976460701957
130.851 37.682378143574695
131.94 36.20844693408241
132.947 45.421679693431514
133.96 36.558896474447806
135.079 32.91727055114592
136.08 36.31570579697144
137.087 26.065935955228507
138.1 19.322966855446804
139.107 30.9422796164861
140.12 23.742642947875947
141.128 27.543012977960984
142.136 23.860413994244375
143.14 25.46439928393217
144.235 22.3294703835297
145.239 24.071814948092133
146.247 26.15595477043777
147.248 22.630512120894036
148.26 29.21045901060747
149.267 27.45437157904519
150.268 35.717095261856535
151.28 26.529399860367832
152.299 31.55795631326616
153.307 16.925122956628304
154.32 28.590104020814145
155.339 27.327074153073458
156.34 30.529137290860614
157.455 26.228200210910543
158.472 23.37131705419647
159.488 20.838638267356647
160.635 12.95852113301182
161.64 10.930846769735187
162.66 23.30257788639001
163.787 22.22713328803465
164.788 34.519874191626705
165.8 33.66777092024281
166.807 36.09932621923379
167.82 32.4182607197092
168.827 35.30593443419568
169.84 29.066317489682717
170.852 28.22361917916803
171.855 19.99657992874524
173.279 10.667579074584726
174.527 6.241761933854468
175.528 21.949052954213514
176.535 19.12375783614509
177.539 19.49618070176057
178.547 15.059489110252049
179.559 10.147714383643942
180.567 18.626210215311744
181.587 15.078138632370008
182.619 22.063902649904165
183.635 17.38162705308205
184.64 20.669237528226535
185.647 19.438098733433574
186.652 13.3982776779912
187.655 19.31647960387265
188.656 18.75646343360064
189.668 16.858225237432144
190.676 21.00402428535154
191.7 19.115395922429308
192.708 18.1140299916482
193.715 21.421578196028836
194.727 22.697316123107157
195.739 20.21348066432624
196.759 22.323477975197157
197.768 22.764800710192706
198.779 17.07246322667129
199.78 23.545347714519952
200.787 18.64470694839547
201.82 5.687595890429936
202.887 6.364608232458914
203.895 5.350081657589544
204.9 10.930846769735187
207.276 1.0072271101190187
208.28 40.870081635806706
209.287 20.033142572212157
210.307 17.427978419232865
211.308 16.6444067697449
212.327 19.601215101407554
213.34 19.717313117802856
214.407 15.240330277995174
215.42 18.534274330734686
216.44 19.581998223857155
217.448 20.7392433326205
218.46 12.779864366799083
219.467 17.454619270838315
220.468 18.357389743524028
221.476 15.736215921608403
222.48 19.49618070176057
223.487 19.438098733433574
224.488 16.6444067697449
225.5 20.328900527652497
226.507 19.6364466796931
227.535 18.15020913944365
228.548 20.703178773693
229.559 20.34900824330794
230.636 16.953521106389402
231.647 19.36119230916678
232.655 19.220663732821695
233.659 17.90465574651481
234.667 15.538064749105088
235.676 18.013885779369883
236.688 19.539428662500946
237.699 17.665152787155986
238.7 19.554610813753854
239.72 20.16945817057287
240.727 17.93367015858793
241.747 21.736018028481443
242.767 21.148558081765724
243.779 15.081913540841148
244.787 21.59847780286149
245.8 16.95688928131046
246.807 18.132018104847454
247.82 19.322966855446804
248.835 20.859168945452566
249.839 18.385138061219852
250.847 18.428059042808428
251.855 18.82436138781506
252.975 17.015971213495323
253.98 20.073009522604615
254.987 21.024882303509784
256.035 17.61324295177932
257.039 20.689824418194892
258.04 19.35507396871555
259.051 14.817239012117431
260.427 6.302031904927998
261.435 10.303860970172455
262.439 6.366099820983043
263.535 12.392403255535877
264.547 17.763116965909948
265.559 10.937186248795495
266.567 17.833605525298477
267.568 18.556926588562334
268.579 17.583123627712684
269.587 11.773192471542076
270.607 16.448878508040007
271.627 17.62379840147144
272.64 16.447237094288887
273.647 20.826534357250257
274.66 22.47773695429526
275.667 19.12375783614509
276.68 21.491871298405115
277.707 21.004410168842302
278.719 17.25296117000792
279.887 17.44273197953851
280.888 22.148589799251816
281.92 15.9508864289063
282.927 18.843054894654998
283.936 19.795478878428444
284.94 18.18634286624352
285.96 21.736018028481443
286.967 21.024882303509784
287.98 17.82744901253509
288.987 18.248011055876418
289.988 20.751831883983687
290.999 16.677336853014825
292.007 16.446547317775266
293.02 15.379504231886232
296.796 0.6336859302073296
297.807 25.572301621380678
298.819 17.17101306704628
299.827 14.663186765245417
300.828 7.382863266417272
301.84 10.438572439226093
302.847 20.732580066916803
303.855 14.861337937748733
304.86 15.5019281461699
305.867 22.495672922557034
306.879 21.907844257955603
307.88 16.9606318282559
308.907 14.861632427781153
309.92 23.660775741363434
310.927 22.214969981066943
311.939 16.660857271144256
312.94 17.1601686732942
313.947 20.826534357250257
315.048 16.583962063198353
316.06 23.289420021970823
317.068 25.759652425431135
318.08 16.068753372280593
319.087 18.64470694839547
320.099 20.131532561364608
321.1 16.843943614783203
322.107 22.611665873586
323.115 22.589233665378075
324.12 18.168101722966554
325.127 19.23975078717405
326.14 18.73144746191272
327.236 13.926000459243834
328.32 8.107380814453036
329.327 4.76035071022863
330.407 2.9590575093828586
331.415 2.1796628975364807
332.419 7.758684156823083
333.427 14.266884420238783
334.451 13.458799169873695
335.46 7.406518939426033
336.467 27.173668637555103
337.471 32.34319575802466
338.475 35.411430254218175
339.48 32.87505919497389
340.499 37.43832084368842
341.507 33.37167027440357
342.599 33.36534155949231
343.607 38.243176293140074
344.608 32.00874383769436
345.627 40.182490957885484
346.628 34.40318597815401
347.68 31.786033512086934
348.687 36.496022111752836
349.699 31.068574535330942
350.7 38.5106110923928
351.708 33.37167027440357
352.72 38.092017493562444
353.728 21.08629757919795
354.732 21.087705657006328
355.819 16.430054708201197
356.827 19.220663732821695
357.839 17.17101306704628
359.176 1.790542205488525
360.179 38.72030085905599
361.187 23.381838355391338
362.207 17.70510377421377
363.22 19.163629122338545
364.227 21.223230249769312
365.232 20.155528408372952
366.28 12.007053491078823
368.355 1.0588434702249507
369.36 9.340905421410069
370.38 8.224439254020004
371.387 6.94217811908342
372.407 5.678779484918574
373.447 3.4569758402886284
374.607 2.410611505488622
375.628 0.9781409494776836
414.655 0.020471610104116942
415.815 0.8609326805316507
416.819 1.7904655746514806
417.839 1.3707398756700009
419.859 0.4351271708853442
420.879 1.157742702006993
421.899 1.9295711700116551
422.955 1.8637903346703488
424.035 1.4578982173421395
425.139 1.7827559722933772
426.339 2.1321761428628787
427.659 1.6401354945099067
428.739 2.004610048845442
429.819 1.4578982173421395
431.16 1.467682769136382
432.255 1.4379270088853977
438.519 0.031420220201339215
440.655 2.764273305353776
441.779 6.653930475947664
442.935 1.8728190767760182
444.099 1.8599474680009254
445.123 2.114237160891677
446.199 2.560806348305431
447.339 1.7264584152735862
451.62 0.4137692908364166
452.655 5.704819111338808
453.779 3.5290875989877044
454.839 3.1043191293268433
456.159 1.7892387212835348
457.179 3.8591423400233102
458.476 1.8209677040048309
459.519 2.6418289844454876
460.615 2.1549225475312648
461.62 2.154207813684654
462.675 2.2386683526959867
463.739 2.034754560858155
464.8 2.226008588213257
465.823 2.0340951354242796
466.839 2.213659824770784
467.895 2.2365484016044186
471.78 0.15198166744493347
472.815 2.662248918624776
473.835 2.122528287012821
474.879 9.049023417985692
475.935 2.0501693681373836
476.995 2.042432879955733
478.059 2.5896876229103793
479.875 1.7340639589532054
481.059 3.7996121524008983
482.079 2.894356755017483
483.099 2.1266982836474235
484.335 1.7516010135542694
485.439 2.1393071667520527
486.519 2.5513218803487443
487.543 1.7298304043659176
488.899 2.0320262763839554
490.215 2.0937899929913706
495.939 0.2063063515106801
496.995 9.878088773752848
498.059 1.849776873507414
499.199 1.0358750491641517
500.399 2.29618969231387
501.579 1.6679344011965154
502.719 2.0717500983283035
504.055 1.3258580344840565
505.3 1.1065974420789733
545.567 0.009775561096738711
546.651 8.533546299848593
547.787 2.079044993040727
548.843 2.816148481941073
550.103 0.11680490168616549
551.123 1.3506998190081587
552.203 2.5513218803487443
553.267 2.7746653102611205
554.287 2.315485404013986
555.348 2.9680114509510096
556.388 3.027942451402905
557.463 2.9293582785665317
558.531 3.3171279664245312
562.547 0.5880963924537514
563.628 5.644129546324565
564.647 8.884737909415787
565.683 3.419587517511003
566.687 2.9404819622687572
567.728 2.6469045444540282
571.207 1.0836097159876374
572.663 4.694272595256719
573.744 1.6386182553845507
574.943 2.7905558038367055
576.067 3.502068671551403
577.068 4.129012433731234
578.123 2.984891136927983
579.187 2.7746653102611205
582.892 0.4249743791442674
583.943 12.359536742643638
584.987 2.6443643289603105
586.027 3.027942451402905
587.031 2.9404819622687572
588.227 3.1266797052529998
591.484 1.3991842920742237
592.523 7.926769603360469
593.763 0.6122837588387706
594.768 2.154207813684654
595.844 2.3778916091407574
596.963 2.1106301269832586
597.983 2.7013996380163174
599.087 2.3175827639813904
600.168 2.1848243405127348
601.203 1.711445733401642
602.387 1.9947593852147516
603.483 2.3344994264922034
604.584 1.787613617994449
605.943 1.0967112181865133
613.703 0.05072584003638887
614.927 8.59098143324922
616.067 1.2085208906915104
617.387 0.8946193606417674
618.683 0.6074575905592248
619.703 0.9647855850058276
620.843 0.8632292076367931
621.887 0.9426066060401763
622.943 1.1182742008022093
624.008 1.1088239962883877
625.043 1.7147592778999994
626.088 3.0134546884775317
628.967 0.0683627159920767
631.083 4.730432915877103
632.103 1.9295711700116551
633.127 2.114237160891677
634.187 2.4137843126749576
635.243 3.5412016358736627
636.287 2.827819818120529
637.323 2.852409555669404
638.467 2.580632771082021
641.747 1.2693630245741976
642.983 2.2042672587619823
644.067 9.078779512516487
645.083 2.9086146700668296
646.103 2.122528287012821
647.224 1.7557204223121217
648.248 2.114237160891677
649.283 1.711445733401642
650.387 1.9610315695227147
651.427 2.649449644977542
652.468 2.6469045444540282
653.543 2.380103601335307
655.607 1.2260553270497943
656.651 1.8852132120803526
657.728 2.010193920847797
658.747 2.3177577154997704
659.831 3.086601853136725
660.847 1.7434511162113184
661.928 2.1848243405127348
663.235 1.3552764606508796
664.247 1.7503422273425886
665.287 1.8924640321268158
666.347 2.2281085963153453
667.367 1.7366140530104897
668.467 2.095055191152768
669.707 2.2682758327442456
670.928 1.6119267759311124
675.079 0.47414179557019714
676.163 2.7073091834547123
677.167 12.563507303873516
678.383 2.7515430993422783
679.567 3.4908289241258155
680.811 2.8478236882165584
681.888 1.0700337616166482
682.907 3.283490096958008
684.027 3.338847256680882
685.247 2.7425216465575493
686.727 3.0627699356206652
687.787 3.899190043551854
688.788 3.5391535146267725
691.943 0.7843143715440304
692.968 5.266476616025501
693.987 9.077884385707433
695.031 2.6392984969124935
696.047 3.099468651042344
697.207 2.2056994581340126
701.003 0.8380151354500328
702.008 2.1239896301638552
704.784 2.1170362471946356
705.908 1.5759309021981311
706.943 3.0425701927140305
707.947 2.74444983145084
709.223 2.1594260429284042
710.332 2.839549278141588
711.347 2.9086146700668296
712.492 2.750270872889975
713.527 2.091767007490896
717.923 0.4924883650484707
719.003 10.56976207573051
720.388 2.415795241010982
721.627 2.5416143256327857
722.631 2.9404819622687572
723.683 2.4321400869158314
724.687 2.352385569815006
727.748 1.038689782390534
728.767 4.442368954707893
729.847 1.9523414290176035
731.047 1.148094846156935
732.203 1.7025627970691075
733.267 1.479821498805931
734.423 1.5323065173621968
735.728 1.2065364557314258
736.748 1.7366140530104897
737.903 1.3632295019303124
739.447 0.7648300233465888
740.472 1.3441110394032407
741.663 0.6610117862004663
751.791 0.29449182114496797
752.851 5.727296948243821
753.951 1.6103148491551813
755.191 1.4285051081215319
756.411 1.9358976328641524
757.448 1.7081449701742522
758.647 1.4773530726194324
759.691 1.6966918908723176
760.716 2.112174490490807
761.931 1.1339208357105528
763.411 0.5319358360572671
764.431 0.9647855850058276
765.671 1.4285051081215319
766.752 1.456549560341823
768.211 2.0234707951458755
769.311 1.6103148491551813
770.467 2.3835879158967503
771.788 1.1919228423387664
773.047 0.9379646990048712
774.091 1.6966918908723176
775.111 2.122528287012821
782.211 0.24553706446000279
783.271 1.856757163596121
784.327 2.422927435071453
785.347 2.315485404013986
786.412 2.7720599907209693
787.447 2.852409555669404
788.528 2.7310304256409177
789.547 2.8971971443747124
790.611 2.5896876229103793
795.191 0.601621753444682
796.552 4.916791195885687
797.571 7.532712575374254
798.66 2.7109677595205075
799.672 2.1393071667520527
800.707 2.091767007490896
801.711 2.74444983145084
805.212 0.7308230138347487
807.331 4.077412486824577
808.551 2.4198720410801906
809.651 2.6838580819253024
810.727 2.926635826634778
811.971 2.21497397972399
813.007 2.4697020959801685
814.031 3.0752540522060756
815.271 2.3808418468692194
