0.0 24.501069497832486
1.009 37.46454217302704
2.029 22.777400368629234
3.038 25.31787900331524
4.048 23.769887681898286
5.199 16.33717087114684
6.219 23.251140884192367
7.238 19.165009825035987
8.239 25.387829368180043
9.418 20.501622224853975
10.429 23.64060016267807
11.458 27.761970045816717
12.459 27.303520567034532
13.638 20.40593172491218
14.659 24.851297122680787
15.66 26.582199651589157
16.661 24.64777696769449
17.818 19.77503315875849
18.828 23.371693370559814
19.859 25.201315615253705
20.879 28.93041883071313
22.028 18.183071638947627
23.039 26.860096175205555
24.04 26.987148959533958
25.158 19.220947530426454
26.159 27.023183257026492
27.248 17.258539636627514
28.559 25.88879175866807
29.569 26.935384789632316
30.578 24.468259324882705
31.588 19.67734377796794
32.828 16.832650641649433
33.918 22.798817157607125
35.008 22.863980793019746
36.058 22.311092996872087
37.068 26.343440643128925
38.218 15.31382827921578
39.418 12.869852009312847
40.428 22.081455698775216
41.448 16.465325982050114
42.449 20.18619121736267
43.568 16.40888899255311
44.577 17.75665757225286
45.578 16.921991837014232
46.579 16.277025534317364
47.798 16.331649504394687
48.837 15.861262102274848
49.848 12.685606432489692
50.857 13.534386358452151
51.878 11.41668714321452
52.879 16.396240324700173
53.898 16.312916045439984
54.918 16.09455898861366
55.927 8.617301053595952
56.928 7.491324084880777
57.938 6.887141119380879
59.147 10.179860584766825
60.157 19.738386604044326
61.177 16.825499632816957
62.358 20.264813372359402
63.438 18.98709543768832
64.668 19.95669490559937
65.678 21.58902259150954
66.679 30.647090646705745
67.688 19.268492403198625
68.707 18.909584477251506
69.708 10.41851547590471
70.718 14.157373170452464
71.848 9.660144177536349
72.857 16.428605162943942
73.858 17.34297402622223
74.859 21.662010000570348
75.867 23.905958569149007
76.878 20.7128140017055
77.887 20.841430558561772
78.888 21.18340468365401
79.898 19.628887101598025
81.057 20.607798921641947
82.217 24.60828936055124
83.218 21.883454251680888
84.227 13.95281814447537
85.237 20.876646518123284
86.238 18.763233319903964
87.257 15.742497289520783
88.477 12.9885234964158
89.488 20.618315795397972
90.558 22.05548794293807
91.677 23.61079998685288
92.817 20.409050355623773
93.818 22.18617409889795
94.827 20.38976990281673
95.828 19.919981891834084
96.837 21.107418999131298
97.838 16.94500933981784
98.847 20.350556686889075
99.918 18.731819123379847
100.927 21.366478196725645
101.937 22.935583283230596
102.938 18.238116773184483
103.948 21.281763211800317
104.958 22.160591115054654
105.963 18.577244631475377
107.038 24.06301459676717
108.047 20.868675082077775
109.127 15.64092332192431
110.128 22.398093866089756
111.137 24.163845082359977
112.347 17.89727734373813
113.357 20.561520794847524
114.527 13.317597292815156
115.528 18.434321141910385
116.767 12.146049687784982
117.777 17.51520058526757
118.977 17.87825200672251
119.987 19.730992241091776
121.016 10.405720055275111
122.017 14.241643320884128
123.027 13.914775134860239
124.037 16.102877261330203
125.287 12.683027817991551
126.426 13.48949187119698
127.437 15.810956862537981
128.446 16.90782530779477
129.456 15.22703856863116
130.457 10.186118068287628
131.466 17.650199202907096
132.958 5.203660082144353
134.117 10.311782772341717
135.137 4.0491494510085495
136.159 8.89452085274782
137.166 8.505654666139277
138.206 7.2875576727769
139.226 10.2294301920216
140.386 8.731973644066569
141.387 20.570345402084904
142.407 20.080615736957604
143.518 11.887189324476322
144.526 17.87169422316513
145.536 18.053573138961863
146.601 13.216612399431826
147.607 19.162946213023663
148.767 14.691687775879327
149.78 16.59658577339074
151.018 10.697136891408169
152.026 14.708194212840814
153.246 11.89250326816014
154.266 15.642939865095894
155.306 10.81315453000748
156.326 13.470993048923182
157.357 13.439776927384973
158.366 13.193121141925124
159.376 12.662767892809045
160.426 9.495418368640976
161.437 12.022186559960963
162.448 10.516643096574862
163.456 11.67458876144152
164.496 11.482826947136045
165.517 10.879445925356967
166.526 9.441093553666501
167.536 8.863323950168143
168.557 11.560646623665923
169.566 11.01733884772235
170.596 11.20616240065077
171.605 10.016850651785013
172.615 6.815714719796656
173.648 3.998192100705441
174.666 16.888413114431714
175.667 12.748680466622735
176.746 14.926451802094059
177.855 15.098808798536696
178.896 17.896032871336725
179.967 17.901066057203153
181.026 18.094959762634293
182.046 19.00990920507157
183.057 18.90015790365436
184.066 18.82880043986523
185.176 23.15232301755651
186.278 20.981162956035163
187.346 20.59542208404284
188.396 20.51809408330673
189.397 23.019883924584374
190.636 18.17925331014097
191.735 23.119319738914292
192.996 17.657321271762765
194.096 20.63258315236278
195.117 10.800384935011765
196.126 19.9266130030447
197.146 13.845966222537276
198.148 18.985236492825305
199.227 18.391770796885492
200.236 21.79057936336491
201.406 14.22129090978445
202.466 17.398965711669394
203.485 13.0313708569316
204.505 9.3769776760198
205.525 8.216850869246151
206.556 7.738791301551045
207.595 7.914572807918329
208.615 11.656415763398881
209.795 11.987399632706957
210.805 12.776515220781276
212.235 4.698554910229894
213.236 16.029388952430306
214.255 15.87364058468974
215.265 13.875286090156186
216.271 12.74454940318681
217.275 10.608641819882871
218.385 15.378097877574433
219.405 14.810271974374107
220.435 9.89330784552834
221.436 7.426716335632039
222.475 6.280761262112614
223.495 5.9671676120126
224.496 4.703348900468989
225.656 16.086173487646487
226.685 19.37624292729391
227.776 13.778287945298722
228.796 16.367337562356195
229.805 13.451865373929694
230.814 11.878139804592092
231.975 8.427729477606723
232.996 5.161530993698072
234.005 6.027968940011554
235.025 12.795044315931255
236.066 11.677557554083632
237.076 15.842186635534928
238.163 10.707998305774922
239.165 11.33535240540821
240.175 11.121593861251682
241.305 11.046372124930754
242.316 11.180534482872272
243.325 10.494810934276721
244.335 12.69187336400526
245.345 15.047685935313952
246.516 13.44042790016861
247.525 16.17789255347877
248.535 15.032110575052194
249.675 17.174596189197853
250.885 20.856628299024027
251.896 22.614743373292843
253.004 12.75030212175926
254.005 19.917442029455753
255.055 17.090391062353376
256.064 16.786406072934444
257.065 14.691992668841554
258.095 10.743655002735723
259.236 10.154289930922388
260.267 11.759380975006835
267.788 0.3461534230134415
269.35 4.998538592324951
270.51 8.466774789647982
271.55 8.842792793459461
272.56 9.254595879168056
273.561 7.937546156473417
275.389 1.3080576079786919
276.399 4.111580455361382
277.4 9.1206458005787
278.41 6.444580630327096
279.442 6.610215031237734
280.58 9.405268570383916
281.74 10.62137849891966
282.77 9.91907126629279
283.78 7.242699848588682
284.801 9.651666096944963
285.822 9.865815551108344
286.829 10.094813862152275
287.84 9.851965853996326
288.849 6.179152423106131
289.859 7.963256919284141
290.9 6.9926746547210605
291.93 6.542366154363328
292.96 3.626934264503911
293.969 6.032220975473589
294.97 7.417191851713305
295.98 10.071436995118017
296.99 6.2235363761072
298.009 6.495257638136271
299.17 8.627004760900734
300.18 12.771795414641351
301.449 7.178054001602433
302.459 9.637686810858764
303.46 6.693648556686891
304.469 3.2298146404027737
305.489 2.9835838060063
308.859 0.7095339191053556
310.09 1.7672796063451948
311.17 3.8059526135770745
312.189 17.109911742953116
313.199 12.449904635898356
314.27 8.498412718703547
315.289 9.46165348117918
316.401 9.658470652632369
317.419 7.687145478287351
318.429 6.540078041224944
319.43 9.772120500620034
320.459 9.23535643875912
321.569 3.7208400360619103
322.589 6.793292555791391
323.6 7.713022228020606
324.809 12.532476388564255
325.819 9.270485893172474
326.869 8.170191200672388
327.889 4.47537570900945
329.02 3.92389214084379
330.039 6.6194863840807745
331.069 8.164998846581625
332.081 12.038726815680368
333.089 11.645110263238873
334.1 4.945236405885813
335.109 4.349418416626378
336.154 4.004891759314844
338.759 1.2516817173538906
339.819 7.233853922615737
340.829 11.406827478974579
341.84 13.419753370319995
342.859 11.749565998086375
343.899 12.830116788395385
344.909 14.938343759738984
345.919 18.506359874652155
347.059 15.384042505857735
348.06 20.223495446044378
349.069 23.473912957946084
350.1 16.41156402761016
351.2 16.212581288709234
352.209 12.234680852223468
353.22 13.620618235776455
354.289 10.694321305537573
355.312 17.851646329559436
356.319 12.724950440361456
357.359 11.739511788745899
358.36 8.25201286719025
359.388 3.641564590759916
360.418 4.220881389911825
361.438 4.47537570900945
362.439 3.6459724440909835
363.589 9.791012107418844
364.708 11.292702088484916
365.749 7.942562384670616
366.949 7.363962156781484
367.964 12.207288000084887
368.978 10.47579006271602
369.979 12.920597401355865
370.989 10.68988892631973
372.009 12.177826320975274
373.019 12.994884918188548
374.029 11.582246940508519
375.039 10.099755831957577
376.049 11.820911804317472
377.059 9.146197664821075
378.478 4.2892959578948915
379.535 6.448759988151219
380.538 9.969359932902405
381.769 5.244091867941083
383.009 12.319374083297376
384.019 12.186854107033113
385.038 10.429400555874249
386.048 10.836202916657454
387.189 8.901610912782568
388.208 10.95553310985768
389.219 10.497468203315327
390.399 9.478662675907502
391.408 12.909494628327904
392.409 12.512473265438155
393.569 9.164839542807654
394.578 17.146569224848292
395.579 13.998768980956436
396.659 11.070631608782797
397.668 16.773177518163664
398.779 15.199492063705408
399.8 18.458562399414028
400.808 14.619601079205061
401.818 16.19066565553284
402.858 13.003073479289643
403.859 16.6503853039317
405.019 13.868420670995178
406.028 18.814626988325116
407.034 14.586116731989266
408.048 10.660256239434384
409.079 12.80201865434629
410.088 14.822753103448742
411.158 14.038307606091413
412.348 14.81042775882513
413.388 8.962579052877393
414.398 9.620538181883695
415.418 10.588045998278206
416.438 16.394132487932275
417.458 14.55120243232166
418.468 11.796211485518523
419.488 11.470409128876558
420.498 12.591184166353493
421.538 7.409482972541581
422.548 14.116153530163775
423.639 15.453803262501674
424.658 11.776855030969335
425.667 6.678530365702902
426.668 11.506687763619956
427.669 13.15124865358785
428.688 19.983057062201688
429.698 14.607800003072791
430.928 7.974720036526965
431.987 7.184266954972676
432.988 6.021696216220279
433.998 10.054760346756943
435.008 10.4411551427456
436.098 12.128308303776937
437.108 12.408527668738333
438.118 13.054669129294282
439.128 11.718020030467073
440.155 13.29577968297743
441.177 11.957779716887483
442.188 15.308166013871928
443.258 5.688328003974628
444.261 8.416004127186222
445.268 8.129943411476686
446.288 10.86876957902295
447.298 8.689949737961504
448.307 11.315611261244355
449.337 10.428477346317965
450.357 8.833757295300085
451.377 11.801451087301965
452.408 9.063472876410266
453.428 12.989619095259883
454.518 10.96513012266443
455.528 14.259006329332218
456.577 10.827022316300186
457.587 16.229210739008906
458.588 13.881617828756022
459.598 23.7969479037672
460.6 19.363298303070177
461.717 18.04419916170622
462.838 12.286198517815041
463.857 19.61223808965498
464.858 12.423101858000713
465.859 15.078210491746175
467.027 17.701856525916597
468.028 20.523040465288528
469.038 14.776769062882163
470.048 20.40010342486203
471.067 14.336098503398508
472.117 17.313002591881965
473.288 16.495354332973875
474.307 18.31094106446479
475.357 12.526779040284094
476.578 14.004815455131874
477.587 18.89069117825707
478.647 14.444922164772306
479.648 13.572865808390429
480.657 14.53676434792817
481.667 14.938501086610316
482.697 14.116503315149547
483.707 11.98736363418555
484.727 16.51237288625928
485.757 12.890041069177359
486.767 13.726612196748498
487.787 11.460283139560017
488.807 10.856774176294122
489.817 9.72405926321942
490.826 14.827950035680118
491.907 11.75140767422126
492.917 10.115488519090666
493.977 3.7167642191092214
494.997 8.983777721635928
495.998 16.573078242791315
497.007 16.119151470984733
498.008 16.46100681534756
499.077 9.359946602846517
500.087 13.918014446804639
501.417 5.682890271685854
502.427 11.566199599632768
503.587 14.817027110483155
504.598 18.277131043975636
505.607 17.594607776310863
506.617 18.683509931770732
507.827 13.08588616114373
508.837 16.88164527441809
509.887 12.828689306368066
510.897 17.24223846350848
511.907 12.417967281018186
513.127 14.364572659995243
514.158 16.922017241796752
515.367 14.447295363174577
516.377 18.5615816064893
517.578 14.758396271032337
518.59 14.730294207614747
519.867 12.945819631995317
520.868 16.453545969611216
521.917 12.766391709041681
522.918 18.273357363683797
523.927 12.32113890661818
524.936 16.407974916813327
525.967 11.850159037553906
526.987 16.720345128375946
527.996 16.45033778863879
529.057 13.239182261929173
530.078 17.791679833214832
531.097 6.940458717455385
532.106 13.375328735613067
533.107 16.774679819071164
534.118 18.333555524960666
535.136 13.275185766678497
536.147 18.639253618319675
537.207 13.462889318140682
538.217 18.011094883702526
539.238 13.373446654258267
540.247 18.961243470367876
541.257 14.528035279308034
542.286 18.269346713652713
543.497 12.538808738747555
544.506 18.096662926420766
545.526 9.137069621443269
546.797 3.2930209982408343
547.798 19.290096022008544
548.966 16.132853687620617
550.159 6.672473944387259
551.216 10.488311230466799
552.217 17.172644505475557
553.226 14.876769702096075
554.227 14.471500866122884
555.239 20.362299270110043
556.316 13.920950616276684
557.326 14.470453644400928
558.826 25.133082234337586
560.016 15.848886909349252
561.017 19.107067189370223
562.038 17.529128867245632
563.046 16.55717367880567
564.097 15.285860855402767
565.296 16.66596089345935
566.476 17.965411426759463
567.478 11.55752715211671
568.566 18.120457881951637
569.776 16.78563297557771
570.877 18.173932911049295
571.886 19.518260115894453
572.897 18.68703368021229
573.976 7.7469340750925735
574.978 12.122241122872579
575.996 15.007478256079752
576.997 18.66386120435185
578.037 19.185358447182207
579.156 19.482236383953033
580.226 20.698302541196107
581.297 20.823485019125002
582.306 18.87273813963959
583.317 22.058985811278728
584.326 21.185845430986607
585.336 15.692883434641915
586.346 21.09942136792782
587.386 15.73111386437532
588.387 22.812250175156
589.397 21.963617872148383
590.406 12.54523692374691
591.485 8.293733166829456
592.496 13.17912417703843
593.656 22.562861006120276
594.695 19.80730773598065
595.696 3.092123704216661
596.716 8.31141203101755
597.736 11.668722735029755
598.746 18.689016372267314
599.747 22.849395662439058
600.748 24.978435301073166
601.906 19.965980981857147
602.916 21.484085568331842
604.065 26.53438726731043
605.126 27.422180435789087
606.137 27.587641920274383
607.146 24.980865822250248
608.157 25.70221553059074
609.316 21.386258796681588
610.406 26.08615491723703
611.565 23.1434832099227
612.796 20.05626982900639
613.806 22.85358822887365
614.837 18.58176079963956
615.846 22.483346178086826
616.885 20.16884761188486
617.886 20.745278423392293
618.935 11.21950111787741
619.936 11.26968685544215
621.006 11.201123329881742
622.015 10.125513780259238
623.125 10.103328994503748
624.138 16.072757008517726
625.145 9.458582119691307
626.165 10.10386792449648
627.235 10.477310916259865
628.335 10.203555810928842
629.415 10.883776814471567
630.686 4.104649408285614
631.725 11.09899890608987
632.745 8.844973775773793
633.765 10.2294301920216
635.025 7.044698986514909
636.055 8.632751491837935
637.075 6.568807161866208
638.115 7.11719838801798
639.345 7.599302307284339
640.346 17.398057291552238
641.356 16.675389746103303
642.365 21.737822627076703
643.375 20.873971961310666
644.435 15.047243639015305
645.445 23.346835724889534
646.465 8.091911739525127
647.476 9.245441976221302
648.665 5.611754230946844
649.784 11.229795241264558
651.025 11.754509714495107
652.265 9.224409420113988
653.325 9.843413958360406
654.624 5.367130519306472
655.675 11.352431338624136
656.685 14.90892363480011
657.765 18.138892375322776
658.767 28.099475763044897
659.855 19.279640245490956
661.075 18.840867752650077
662.205 24.42281090519983
663.415 20.107433837080116
664.416 22.01901940612419
665.585 19.582641210955536
666.625 24.516152568472563
667.627 25.436709044998906
668.636 36.06749709972428
669.644 25.113315883234808
670.655 24.791565272018957
671.844 19.29012953259816
672.855 27.216560584325475
673.985 19.16251317177218
674.994 26.510023760633928
675.995 28.328513778088848
676.996 28.428838342032833
678.015 25.90555688445736
679.025 15.717583753440865
680.035 24.472037508648032
681.036 15.940652510587444
682.055 25.388624632988762
683.075 21.627087982270076
684.076 20.415413797006845
685.304 16.379136585337314
686.315 20.38071113730057
687.484 19.462480626011935
688.504 20.50512836599724
689.544 14.157238534956806
690.545 21.822973778796936
691.554 24.82590275207831
692.604 17.12519775969639
693.614 25.008679466757687
694.624 23.418262124473756
695.636 23.166918145079812
696.855 19.248425167748998
697.856 23.74787197877287
699.055 22.596686637510878
700.275 13.514847648808088
701.277 26.946418958392858
702.575 20.181664396969094
703.584 28.028472868965082
704.814 20.592424652881878
705.824 23.925326630773206
707.005 19.987242678954512
708.064 21.342884627031506
709.354 16.184779923121653
710.544 16.457380975047908
711.694 16.29942366959426
712.696 20.99400702569938
713.704 21.97488047833413
714.714 28.550107340415938
715.715 17.364721597836674
716.734 22.554619583760886
717.735 25.382749643423384
718.744 25.163703347117753
719.754 17.414354060744472
720.864 15.446095685251002
721.865 23.60151240922167
722.874 18.608167044224082
723.924 20.081043031451838
724.954 25.857372400648067
725.984 18.632352732017196
726.994 14.980664688126994
728.004 15.375083154553526
729.024 10.454382939299853
730.113 10.610122757863774
731.123 7.109403292522445
732.124 3.9088482002480136
733.133 1.9389281706879393
734.174 2.381668637508571
735.274 2.3713679081504617
736.294 4.0491494510085495
737.313 5.831432421091975
738.323 11.191604318993928
739.334 10.401750908273867
740.363 15.251016162337027
741.373 9.540301477504945
742.374 8.469171100537363
743.414 4.54836372016889
744.416 10.630133919603283
745.423 10.851759216464096
746.433 16.507679301264577
747.453 14.712906692484282
748.475 14.272248879996962
749.574 14.483624866830903
750.613 11.095940193095755
751.643 7.386542432345693
752.654 3.098002631465016
753.703 4.351652262335213
754.733 5.45953112235342
756.424 1.005647131137183
758.814 2.4557052605323815
760.274 1.1910980360573094
761.654 4.134051976816477
762.734 4.025470214452944
763.783 1.781529596815805
764.984 2.1719439625025045
766.033 2.6938799719217985
794.236 0.06936774542510127
795.297 1.5842089362747374
796.307 3.4435705596904396
797.312 1.2977635318236358
798.526 1.432457275653766
799.527 4.107751172750888
800.536 5.816784512063818
801.567 5.979484707366285
802.767 6.010000546821572
803.776 4.5241657316051915
804.8 2.5473678700835034
805.821 5.3994921240874705
806.916 0.1985163393428849
807.926 9.463771076130689
809.146 3.3853544590399354
810.186 5.886639034252646
811.657 2.0702418245758
812.666 6.032220975473589
814.167 1.1094426833198967
816.199 1.3906890209379756
817.206 5.3966085298028545
818.226 5.234045985494969
819.227 5.428955833677796
820.276 4.055361820079307
821.296 8.098298902017099
823.141 2.770805043632437
824.148 9.357119567508171
825.18 9.057307982519124
826.233 8.710081750570698
827.246 5.04731471490826
828.266 11.294995837023848
829.436 3.631071918138121
830.486 6.62477383864256
831.496 3.1144427448662255
832.516 8.746213007653404
833.556 6.866472301659783
834.577 6.600036375116776
835.596 4.805676659354275
836.866 4.351111236359788
837.899 21.342611549575942
838.906 16.556384700950435
839.916 22.16578290180857
841.243 12.295467548336804
842.248 13.390933791943347
843.276 14.913118201813178
844.286 14.407680222739906
845.287 15.047097177611647
846.456 18.017835041418515
847.546 21.47061607876065
848.637 21.280967059961075
849.746 21.22212384355809
850.776 20.252208528584237
851.886 23.365335097183326
852.906 22.710413054689035
853.916 21.03114150577022
854.917 21.514063017032694
855.936 14.839464207091016
857.046 13.628621651015775
858.056 16.701365363693743
859.057 16.247182151372
860.186 17.22032766579926
861.197 19.725149827583124
862.206 21.79861098590431
863.246 15.131265835708483
864.248 19.087839677065418
865.396 22.387202657446103
866.397 31.233798856099696
867.447 23.313828547284313
868.457 29.989962866836205
869.525 22.379031521168137
870.656 27.470757367428288
871.696 32.1613883449451
872.826 33.90282138415511
873.946 30.49350437498121
874.947 28.38343830202021
876.046 24.0735880958676
877.056 26.06103890908998
878.137 24.426964451548766
879.157 21.252114808655985
880.158 29.236355836942742
881.165 21.852950838709575
882.196 24.41328805361843
883.346 23.064583512994624
884.525 21.788878201594983
885.535 26.61907732170064
886.536 19.477887096606228
887.546 17.052187602940773
888.555 17.672404276986615
889.565 15.877270527841713
890.705 19.802163329525154
891.885 18.77095434010215
893.045 19.906078061157203
894.046 22.313643442010328
895.055 18.654939434306467
896.056 16.854526742589876
897.065 24.970314474992605
898.077 19.079164937658298
899.085 20.111587169482558
900.095 18.35768598124447
901.105 18.807326179508138
902.225 19.153141880327098
903.265 20.882381385134973
904.285 21.497475319018346
905.295 14.652795488273426
906.296 21.45628114792571
907.315 15.046704919670734
908.325 23.908492655540798
909.335 15.179525853489233
910.355 18.32321134495901
911.356 22.56461359326894
912.365 23.507456793257692
913.385 18.31775888917318
914.405 18.34424224584721
915.425 17.482754231686037
916.525 11.514193056947917
917.545 15.626894066640451
918.565 17.04048217522969
919.595 10.673615523531776
920.625 13.559890009052989
921.675 2.941619925884824
922.685 8.716852632959085
923.695 15.956091290378488
924.716 17.01756690806319
925.725 31.071512914628094
926.845 25.253346631648753
927.855 29.729429567912256
928.925 23.014086451335526
929.995 28.853146831146468
931.125 26.67877103504853
932.225 26.07247943312431
933.255 30.006517319569063
934.295 34.25184191810345
935.365 20.035228592320095
936.405 25.28880449943746
937.406 28.382009629432396
938.407 29.49716795491738
939.415 28.081974055171596
940.575 27.557393770043895
941.585 31.088261755597127
942.605 30.729261886684032
943.615 29.641798500580954
944.676 27.40795280779267
945.785 25.554122792247178
946.955 31.26692994979034
947.956 31.912577076708065
948.957 27.356857676979434
950.055 20.96121501300666
951.115 22.233127708032793
952.124 19.555741021078315
953.134 12.088996793065302
954.135 9.682590351783944
955.265 10.065128605259607
956.276 25.71243166224541
957.314 29.2328801955487
958.315 26.944606264696947
959.324 29.42833743274392
960.365 25.76029234801009
961.374 31.186674708118446
962.384 22.21046373326654
963.404 13.016102451933914
964.434 18.378883867849613
965.435 30.514382837438067
966.585 26.96715002795259
967.595 37.9554008448678
968.605 46.71947305667733
969.745 29.53312427417901
970.755 33.05359137111594
971.785 30.21524730935527
972.965 29.963583950316874
973.966 34.60498993913524
975.085 27.701591081038025
976.086 35.951275741048136
977.124 33.69295300883157
978.254 25.75307225459637
979.264 23.01910264630323
980.265 25.357985985234674
981.276 34.83575157237934
982.404 23.936587496852557
983.405 26.656649367553918
984.414 26.7495550916619
985.415 25.284488717661787
986.494 24.32350271610712
987.504 21.24148753273961
988.505 29.015229068629495
989.535 23.547149490782218
990.544 22.356415045405342
991.545 22.813043882149227
992.624 17.371216607352338
993.625 30.231823147848985
994.634 25.15740403532215
995.644 24.29299952907348
996.654 18.65440446057452
997.744 20.05888309143222
998.844 23.48081814900349
999.965 19.409489095550047
1001.084 21.541912903343903
1002.094 18.548208822426172
1003.224 15.693146574276264
1004.247 13.70408861747723
1005.254 11.848080452054015
1006.264 12.411202225550957
1007.275 12.442305327852292
1008.284 12.960046605487653
1009.294 13.808264842969228
1010.354 17.21308252897618
1011.364 21.811954768185405
1012.374 18.231037849823103
1013.384 16.883690523745393
1014.393 16.02151213815282
1015.504 4.304463199613049
1016.509 2.5930477036694155
1017.523 10.665740958272199
1018.703 13.503010714230191
1019.713 18.227846094564292
1020.733 6.606506999013949
1021.956 3.1029052694484616
1022.964 18.581858043501537
1023.965 18.73846966171526
1024.973 18.60408514642438
1025.975 26.945784626496472
1027.073 19.83096902598921
1028.083 21.280189943087013
1029.155 17.268235554914785
1030.284 17.599070160802743
1031.285 15.27568479166124
1032.303 12.016003615660303
1033.323 7.471889624450718
1034.343 2.717036610304713
1035.363 6.393393870013499
1036.383 4.152278757586253
1037.423 5.2253699899148796
1038.443 3.9210946322670512
1039.483 3.971281192335308
1040.923 0.9057307982519125
1041.933 3.0035118641455796
1042.943 10.761157999032621
1043.972 4.1729431335415805
1045.013 1.0440700844402448
1046.353 0.32444088295590895
1047.371 5.55291992345014
1048.373 14.12783999626473
1049.393 17.04749247552576
1050.403 19.66853347317341
1051.413 10.536023246158123
1052.453 10.60184790146794
1053.513 17.256105491422108
1054.613 18.777807367713613
1055.623 13.207590848227905
1056.783 13.258709875015253
1057.853 18.94297576052098
1058.923 19.044107531894902
1059.983 17.000066397841465
1060.993 15.973554573096216
1062.213 11.25625147790121
1063.223 15.280687031754994
1064.375 18.948979634419615
1065.513 24.95569985020986
1066.523 24.41823171865287
1067.524 22.984960816882356
1068.693 14.595297294478577
1069.703 15.836837521909676
1070.704 15.257588272215648
1071.705 10.413118268350763
1072.713 11.9624376262438
1073.723 15.752824972618983
1074.733 18.039099066799423
1075.794 13.632763381661636
1076.803 12.3657065375721
1077.813 10.788532874644195
1078.852 8.159422783097112
1079.863 3.0876293285541188
1080.873 5.595802159496964
1081.892 4.998415200173338
1082.893 4.777481133636461
1083.965 3.8800093897358696
1084.983 5.9788909275568285
1086.053 3.7987528806827213
1087.112 4.310560172983606
1088.113 4.343164666942237
1089.123 6.158560378247544
1090.16 6.302681350335424
1091.202 9.949253202402518
1092.203 17.322972609992892
1093.213 9.89806278291138
1094.222 6.463093902293131
1095.342 4.125161135647338
1096.966 0.4015555263185819
1097.973 9.066302330068794
1098.982 13.614230135461472
1100.082 9.38160872288205
1101.203 8.44325320404325
1102.282 6.69309774315906
1103.332 3.9334594666940195
1104.412 1.6101880857811774
1105.523 1.7609167634780654
1106.562 2.2149670146872746
1107.563 8.686329333884474
1108.752 9.840983694225736
1109.753 9.98165914683216
1110.772 6.826312591339241
1111.782 9.288893137118189
1112.922 10.553338862426447
1113.965 6.877649014530341
1114.992 4.800269566573665
1116.012 7.2458463860153
1117.032 5.9671676120126
1118.062 7.9090616307240325
1119.102 4.980144293019751
1120.112 10.860431254842414
1121.153 9.76205528951629
1122.172 4.90641217502508
1123.332 8.299792659722229
1124.372 9.795124113551257
1125.442 9.505198470718462
1126.452 10.54593483905197
1127.462 10.985978098164459
1128.473 10.930317842960939
1129.502 12.47111303204004
1130.513 10.470120404732052
1131.532 12.31062851415999
1132.542 10.893155244079235
1133.552 10.846429163293964
1134.562 9.842054416717586
1135.742 9.468832413006464
1136.752 11.406827478974579
1137.782 7.154671645465669
1138.802 5.438435185238092
1139.832 6.7534102238589195
1140.852 4.950985637984869
1141.862 7.532810599322836
1142.872 7.338511913229191
1143.873 16.541012480264914
1144.882 16.797114902986973
1145.892 16.6667367681801
1146.901 9.309595419933197
1147.902 9.243829125927645
1148.912 19.429396628750467
1149.922 13.705058415376167
1150.992 13.138516999990685
1152.173 16.335095853078446
1153.322 22.07384321423343
1154.392 22.679653633223815
1155.422 28.47891616741603
1156.423 33.483005733508485
1157.442 24.95324760550751
1158.462 29.429084858440063
1159.472 29.550863568951705
1160.522 23.022208956936538
1161.542 22.782073902159944
1162.553 25.423079379533874
1163.602 15.125960328172688
1164.702 17.62216998557401
1165.713 22.565077256325516
1166.722 20.900644089440483
1167.852 18.312186493146296
1169.012 18.183244387591817
1170.061 18.989854295996647
1171.062 17.0354919370458
1172.092 18.378729595868986
1173.102 19.708022517877463
1174.121 20.52899365719161
1175.141 13.141041581654939
1176.158 17.21215066622284
1177.161 11.56485675282772
1178.172 16.53834543635058
1179.184 15.024856127301419
1180.191 21.908810470860168
1181.212 10.961930816858851
1182.243 13.680053666792247
1183.251 10.848560255656215
1184.272 8.377507971046995
1185.281 10.114489984616927
1186.301 11.47586158466239
1187.371 9.156212181836352
1188.381 7.532810599322836
1189.402 5.808181416698691
1190.411 8.07571772196861
1191.483 8.236867427346905
1192.501 13.129241139034761
1193.502 13.101086371615853
1194.511 11.9967243491444
1195.904 2.6528224385267785
1196.911 9.131229717649026
1197.922 17.91092201696972
1198.923 30.261984013591643
1200.021 25.185527479208897
1201.031 26.936720274917697
1202.041 21.75075461523769
1203.242 22.384412234402333
1204.244 26.557732088883554
1205.441 18.73402118930409
1206.621 23.54442227593828
1207.791 20.194985490847635
1208.801 14.006182047103483
1209.991 19.722578558661944
1211.001 17.905843206782162
1212.021 16.42856085160852
1213.032 12.313739240259657
1214.041 11.058126891598906
1215.051 8.996894463928063
1216.061 7.677551320947251
1217.072 7.693532992248618
1218.101 12.67494994638245
1219.202 9.125572983646194
1220.212 9.831335919404376
1221.3 3.7191103549866087
1222.301 8.903487567231586
1223.33 9.469923312157695
1224.42 9.460826870264384
1225.421 17.830945085658648
1226.44 7.954519179386104
1227.481 6.227633826765724
1228.501 7.672072644016199
1229.601 2.756050701730181
1230.811 1.7964908395079253
1231.83 6.901630322096206
1233.021 14.267257998241895
1234.061 22.703468663199168
1235.151 20.055238592807353
1236.161 19.963049376304834
1237.162 18.69830808785793
1238.171 19.3185719319737
1239.181 21.68137346498077
1240.37 20.374365727870288
1241.391 18.20815071936397
1242.492 11.641275382474864
1243.5 11.429460073178895
1244.52 10.23659627676869
1245.54 16.364377657786743
1246.551 18.087896851479876
1247.641 13.499660246341838
1248.872 14.25657223960748
1249.98 14.786891371549526
1250.99 16.517276240415757
1252.0 8.79551606862453
1253.011 13.598233469742496
1254.02 8.904549671475646
1255.031 8.657307135424686
1256.063 7.240888455289114
1257.09 3.932894508065625
1258.16 5.282018860833582
1260.166 1.2978164977488003
1261.36 11.724408239324582
1262.37 26.383558995318296
1263.384 21.51921600705026
1264.39 22.485001625955583
1265.4 20.505197774911064
1266.46 13.936141905045893
1267.48 15.34632627034673
1268.5 13.418026335575114
1269.52 15.301304564000874
1270.53 10.79608456446808
1271.69 9.647841175390266
1272.7 11.125527033034954
1273.83 15.293505691085466
1274.833 18.905472893353924
1275.86 10.295553182882994
1276.87 12.626582712402941
1277.89 15.019178923196916
1279.05 13.518977345777298
1280.07 16.16014424249465
1281.17 14.264610026440167
1282.19 16.551474783466233
1283.4 16.232502901308163
1284.42 16.644010747374324
1285.609 13.356031199223565
1286.72 13.82431218384498
1287.73 18.278235911222367
1288.76 14.21199767115669
1289.77 17.588829561050424
1290.98 17.379079035792348
1292.06 17.802406615803267
1293.16 18.803809208811753
1294.36 17.26485141294202
1295.45 18.49991235965917
1296.639 16.197791146994604
1297.64 18.379079135181737
1298.66 15.96556946316602
1299.67 16.941114831781167
1300.85 9.889513800716689
1301.859 13.751555132605715
1302.86 15.47823881633296
1303.87 15.002690450113317
1304.872 15.03477602511977
1306.079 15.304176702682424
1307.22 22.742077712092165
1308.221 30.000219447225128
1309.4 19.91117140760748
1310.41 21.639367190335427
1311.64 21.452294028600708
1312.642 25.295728781027556
1313.65 22.373391940667194
1314.659 21.275768106868902
1315.729 21.10030504502754
1316.74 24.628264336800445
1317.741 22.53143664095202
1318.751 23.801982363649785
1319.759 22.724611694653767
1320.76 19.796163600890555
1321.769 18.71462541356985
1322.779 14.080597657242992
1323.81 10.539810840991592
1324.819 13.573442091584917
1325.82 10.909185139118106
1326.889 11.16685970142204
1327.899 14.286853185557785
1328.9 13.80288209502783
1329.911 16.51225500781711
1330.931 13.600761496625939
1331.94 21.372305060136583
1332.949 22.48460604044595
1333.951 18.561978534963075
1335.059 20.387834484749924
1336.07 21.822914584427703
1337.071 21.142608144202107
1338.08 17.41885697721342
1339.599 5.137004066590054
1340.61 16.010054407244983
1341.63 13.091034772876327
1342.639 17.432715463163753
1343.64 15.721748121855233
1344.649 20.920801887186425
1345.669 18.908805096357177
1346.759 19.70055598663531
1347.86 20.568114948463606
1348.99 21.102360456647997
1350.009 21.321779046774225
1351.01 26.455524015470004
1352.03 25.2018737799114
1353.039 16.38498242875936
1354.04 21.451518905966346
1355.129 19.409601036564634
1356.139 20.884827515432494
1357.14 18.56004432963766
1358.152 20.324144394585595
1359.159 20.185840630599426
1360.169 25.96145099953753
1361.179 16.776550924369058
1362.189 13.624821710997415
1363.208 8.698963996433196
1364.349 11.011598661958379
1365.359 12.205890658464151
1366.389 16.669550322519825
1367.449 20.65596886519791
1368.45 22.418095282319097
1369.459 22.377517739920624
1370.469 21.197593335638295
1371.479 21.682160099337423
1372.489 26.895185980886346
1373.619 17.847298118822305
1374.629 20.315146914343355
1375.639 21.67492306325621
1376.799 18.441183149404935
1377.8 21.34944818663726
1378.809 22.503818941422548
1379.819 22.631627767819325
1380.959 23.818155290010548
1381.969 21.724323700854104
1382.979 23.185733008646707
1383.993 21.025748017899208
1384.999 23.26749794183922
1386.179 18.475777130799713
1387.199 20.629755926816223
1388.209 20.832437667279308
1389.219 16.692066394464373
1390.288 16.654191385118494
1391.392 2.35817019427907
1392.518 18.88258626887529
1393.629 15.95837968123421
1394.688 18.951279969652443
1395.818 18.411885784554556
1396.819 18.622270957906718
1397.939 19.768170547373153
1398.969 21.2559020345333
1399.978 22.436605190823663
1400.999 22.508726204027283
1402.018 23.53297039694762
1403.019 22.10092996782529
1404.069 17.99173319007074
1405.079 27.039795882644512
1406.088 24.78495722540686
1407.089 26.791897039199924
1408.099 22.281260825365436
1409.109 16.986582297595792
1410.118 23.986676938108523
1411.133 17.775994287288892
1412.258 17.905009024748836
1413.259 21.952030535895762
1414.269 18.984318909755387
1415.289 25.818468637063283
1416.298 16.755066996751296
1417.318 18.12458616990377
1418.319 15.460618521083305
1419.518 18.679314461058528
1420.519 24.796835141022658
1421.528 16.08214301418554
1422.538 20.16725965529232
1423.548 16.2015149727123
1424.568 18.24609804170227
1425.569 19.817593689707707
1426.588 17.984720168515366
1427.758 18.92337693423755
1427.87 25.231072237017557
