0.0 6.067373482040395
1.008 9.477919275422131
2.019 9.9717703510311
3.028 6.148637539005835
4.196 6.224072469058914
5.295 6.643482510175359
6.307 7.990147411353112
7.319 8.933799315047818
8.327 9.884881243188284
9.336 10.620373931010079
10.363 8.019570358026664
11.383 7.195260826045102
12.423 3.4109485079690898
13.444 4.787444193104771
14.451 8.524664484635936
15.456 19.948836740441507
16.464 9.476146911743417
17.471 27.704443102025177
18.499 19.702367044533258
19.512 26.590574834005665
20.52 26.663166511231555
21.528 24.35909372890393
22.539 23.436970247469024
23.56 16.921343178710064
24.568 25.177107734464034
25.587 25.619158275191285
26.595 23.593296284032082
27.695 18.084308581742228
28.696 23.746065643249953
29.868 19.36081690444335
30.876 26.11768750519056
31.883 27.42508685132399
33.032 21.416264494058826
34.036 26.739280921987948
35.043 22.956751550660417
36.044 23.59532225112044
37.112 19.08013072384639
38.131 19.400582088938858
39.152 21.523308905269108
40.159 22.821918147781684
41.16 22.796849055651204
42.367 19.31802357052396
43.38 25.336101501743478
44.388 21.753037442857035
45.468 20.984240613298134
46.615 22.7729964273617
47.616 28.162654827955155
48.627 18.0959211704132
49.636 24.159798006800706
50.815 17.623793286324602
51.824 17.297197195167975
52.832 16.166547127551908
53.843 18.56533517051046
54.851 16.75279049820331
55.86 20.52174516911719
56.864 17.99149129084729
57.879 21.32166480886979
58.948 17.693675079262437
60.02 25.94358278795243
61.039 27.892155088097347
62.051 33.677196885965735
63.239 21.143645928401824
64.243 26.405707194796324
65.26 16.213471933921006
66.267 26.69701376998992
67.268 21.957875586340247
68.276 22.005394763572326
69.288 18.337319731675716
70.289 18.27276253393561
71.296 17.219917788703473
72.308 22.905387998820082
73.311 19.531257984097408
74.331 15.297978252499158
75.332 11.890193954608756
76.503 19.479686756418563
77.691 17.028721495260655
79.119 7.732760342567162
80.3 9.037673626869207
81.719 11.723562280041117
82.728 19.726197768237046
83.74 14.51504744310256
84.747 14.37531510691765
85.907 4.862049590013235
86.92 6.16695671439111
87.928 20.329284066179678
88.94 17.942151068594466
89.947 17.567100154010664
90.959 14.377213699794153
91.96 10.503711698583333
92.98 18.246986108402613
94.0 9.050872657895935
95.04 4.880749780744056
96.067 7.6883822143928855
97.071 2.6215034974042144
98.08 4.844381091337931
99.115 5.461336543509522
100.12 11.785027662957454
101.128 12.194543787887234
102.22 4.764365264999134
103.227 11.014851835170665
104.259 5.282924683722391
105.26 4.342178512087541
106.359 2.737022759801202
107.608 8.128070091231093
108.66 3.7912429798986422
109.907 3.015224551946192
111.1 15.238773995763506
112.107 23.52324290222888
113.12 12.15605958011825
114.187 9.623966208005264
115.192 10.673264239431445
116.3 8.710821473749627
117.416 6.2329500717851865
118.523 5.264658333540377
119.547 6.803746331430328
120.567 6.819580666776734
121.599 8.78769617875389
122.608 10.993018630343766
123.616 9.53886131883636
124.64 13.585883359594275
125.648 11.673332530677856
126.66 13.595838961866487
127.667 19.661521443464085
128.68 16.108864758243417
129.684 19.77543318107647
130.688 22.470029977750407
131.692 15.991691473748526
132.72 19.56801540572123
133.728 18.399725362730987
134.739 22.49958930796998
135.747 13.076362885881025
136.752 25.53696145586919
137.759 18.080367793916462
138.764 26.901892981037463
139.767 28.232415055961667
140.848 18.1456180015684
141.86 23.885433442619867
142.867 23.005881130656718
143.888 17.33604503315664
144.892 20.666103777234007
145.9 21.95713193724428
146.907 21.239809200845247
147.912 17.79336251029208
148.92 24.933066889471935
149.928 24.488748948785208
151.008 18.889633950660933
152.18 21.919620550968837
153.288 22.659224203547144
154.347 24.091916759743242
155.359 28.36849291832476
156.36 29.099103532613977
157.368 19.80452808161287
158.48 21.630314744548063
159.487 27.529350737760584
160.492 33.166243554627485
161.5 28.214121065773508
162.507 26.54130029561275
163.688 24.369846584190675
164.692 24.52663451244644
165.707 19.746703203994983
166.728 16.387789737935567
167.76 6.484872611613052
168.768 12.682489142203837
169.785 11.159506323214838
170.79 20.128717460880154
171.807 26.602201544121005
172.86 20.519855693708625
173.867 25.97576424143311
174.979 21.667390199476323
176.199 25.6065847554794
177.287 24.61043254198485
178.3 33.764149059523135
179.307 21.094331055633983
180.347 26.995557063767762
181.352 36.17936762119748
182.36 22.290881651512805
183.367 31.175174986652745
184.38 17.552414277170698
185.387 28.634629816621807
186.562 17.7849583658423
187.659 21.845649167187258
188.66 25.91797863367695
189.667 14.60226647228945
190.848 14.996461671788134
191.86 22.141395250196336
192.867 12.582358379163756
193.871 14.427303239003706
194.887 17.200747635056512
195.888 18.50835056753692
197.684 7.879901587698369
198.688 16.10872287988264
199.792 18.584300146101498
200.999 11.317122785907596
202.008 10.938947012786938
203.02 14.085522191787787
204.027 16.58764738836219
205.147 15.358499259292877
206.16 28.854785920353233
207.168 31.34057059502422
208.18 3.3873151656009117
209.328 19.367060176907664
210.34 24.616563367715894
211.347 24.05124941613357
212.528 17.616755164904138
213.54 29.097178501174927
214.547 28.358002987031522
215.552 27.020482354358762
216.56 24.651806407226854
217.58 23.789310083203613
218.587 25.31415256414959
219.6 23.4939371912873
220.619 21.626106795630196
221.688 18.504092038005705
222.692 28.034975998555847
223.7 18.988150104063887
224.84 19.68837439816021
225.848 22.46498229902951
226.871 20.86328168991487
227.879 18.177770895889015
228.899 23.81086715817367
229.907 22.4036343625354
230.911 16.92657393444562
231.919 14.2680729563145
232.92 16.552530563641668
234.119 14.353775671929
235.139 16.58816918945692
236.168 9.036617413585835
237.248 14.064187509950898
238.26 15.418910886906268
239.279 9.936774959945327
240.308 11.692859137109897
241.427 4.628529391760732
242.44 6.276979194380797
243.507 9.866877268580437
244.587 6.943211988749091
245.62 11.465588384581066
246.768 11.749594047765317
247.784 11.204440891039319
248.811 14.312278900459827
249.92 13.78377645587512
251.139 12.941751937180172
252.239 14.582560175933306
253.248 17.553526626507885
254.271 16.352392633048737
255.288 13.435892106428016
256.3 12.15272645926703
257.307 12.118902674531984
258.32 16.576222888409227
259.34 14.438389888068235
260.36 13.639161333553467
261.368 11.19547601576316
262.568 11.666123100575518
263.587 10.116683453384075
264.74 10.859900018419204
265.759 9.040199499389999
266.88 5.2236725232131
267.92 4.157675739152343
269.04 6.882115431578258
270.088 4.48471495262035
276.7 0.11373215415235638
277.72 8.687635944650518
278.732 21.53574156038797
279.733 23.571433954007023
280.74 29.560736372234704
281.752 19.234121742324707
282.819 20.715444942094038
283.827 21.24409639573106
284.848 18.092495673205246
285.88 14.573585334406596
287.047 0.9665771250069156
288.079 2.99181964280074
289.08 13.334612195587413
290.088 5.657112191118484
291.1 10.217350587708971
292.115 4.346057638257723
293.147 5.465094500402474
294.22 1.9272989365818227
295.227 14.798784792274654
296.328 9.265981208049693
297.5 16.206342717896348
298.507 14.456378913911543
299.511 12.358516487762722
300.52 7.231295695074357
301.528 10.071388436455987
302.54 7.423195807104243
303.547 14.08285763488411
304.559 16.817753635497308
305.567 14.669854168712105
306.88 7.329231046618554
307.887 14.341879698309054
308.987 10.083596180015327
309.999 9.279945336420361
311.007 11.338492131068586
312.052 12.605313751886165
313.067 7.875003907099409
314.347 7.471054840056323
315.359 12.446590715936386
316.362 10.728024508508424
317.379 11.693278331495842
318.38 11.399385551272692
319.4 10.260628758871679
320.419 10.957694971438078
321.427 10.779243222600662
322.619 9.007190645410473
323.635 12.800804884472601
324.64 10.81716325891015
325.647 10.161907738012664
326.652 10.697650191781392
327.66 10.692806409346478
328.667 11.11829689527399
329.672 10.660592936413092
330.68 10.899763952753185
331.907 9.396512881629198
332.92 12.193231170151757
333.987 5.7277294670405245
335.0 10.553204338344944
336.008 13.821300973611091
337.128 10.49323825912333
338.14 12.79653904746916
339.387 10.371556937434507
340.412 8.803867355184941
341.439 5.5983508546288485
342.619 6.2135345607965755
343.627 7.789221966302419
344.648 9.206623448278405
345.659 7.780968639617801
346.66 8.467989459515605
347.68 9.133867396530645
348.688 8.524251280606647
349.699 10.00983106203164
350.7 10.084705475651399
351.71 10.65584891453554
352.799 7.973883345130216
353.808 8.553939216722544
354.82 9.811318181312775
355.84 9.855894676308907
356.848 9.686785518175146
357.879 9.59398562442734
358.888 7.798570977503015
359.9 9.099199807017909
360.919 10.54029108298761
361.94 7.4378480281932235
363.027 6.572190920815191
364.048 4.51030329135031
365.06 6.66504232051228
366.087 8.274083428407046
367.088 7.140678790018249
368.179 2.067819440665574
369.187 6.2775758143358225
370.2 12.876021727227087
371.208 11.0900885447135
372.22 15.450823132893929
373.428 15.796977248114967
374.488 8.413863634638721
375.659 7.246276824864079
376.671 10.219659133163399
377.68 11.597340461828988
378.712 9.658462575881854
379.848 13.226681600395711
381.008 13.6646813794178
382.208 14.270810576519777
383.219 19.278701639549173
384.24 13.835239926924574
385.252 20.057729282389236
386.26 20.873127044209554
387.279 24.095330638486317
388.28 19.637141250677928
389.287 23.420753139514375
390.299 19.763729228928444
391.3 20.100629130303812
392.307 24.406074160551295
393.312 24.673294943300277
394.319 24.938311277177892
395.339 21.85415840948554
396.34 9.11805317694113
397.568 18.168256265015437
398.759 19.090724321237165
400.067 18.20531445310069
401.072 20.77448879916398
402.08 20.546194113320702
403.087 20.722856842439725
404.099 9.851378234786647
405.1 16.339595225578943
406.111 15.205254044716243
407.12 15.435199503431559
408.139 11.817857168703705
409.147 16.454897064511844
410.16 17.22916764326787
411.168 18.927344396317253
412.172 20.3652440922249
413.18 21.06808704886804
414.199 20.79763762382042
415.412 16.945360413849954
416.42 21.389566553053168
417.427 22.528505378359334
418.439 22.754653560325174
419.56 18.95625521988724
420.572 24.49190191317686
421.639 12.50979082266448
422.78 16.54716870977297
423.804 22.460753763089315
424.812 19.227282865022627
426.012 16.430465712879116
427.019 17.52793296106917
428.307 13.574480066527633
429.32 9.831885563862617
430.327 7.949302514457033
431.82 10.164852567525585
432.868 11.957010629379573
433.892 19.20372235746665
434.899 20.121701842762768
436.04 22.663303856130074
437.18 15.131244205206103
438.231 13.807883390568733
439.239 22.20389949558825
440.24 25.05058632814485
441.252 23.770549357064287
442.26 23.464459078156363
443.399 13.65564284348393
444.4 16.952179028567897
445.401 13.847524138206582
446.408 15.259511075795519
447.412 14.317115774748778
448.507 17.030074461223194
449.647 18.495296665713926
450.652 17.601523482571153
451.667 10.257015559483225
452.672 5.424854003583589
453.684 5.412995903464478
454.735 13.01248424223561
455.74 14.946758427634084
456.747 21.924075073349282
457.82 17.696108417705826
458.831 21.743812332387805
459.84 25.027259297025942
460.848 22.772282893784922
462.019 18.683764018930052
463.02 23.76926749504402
464.259 18.488558448651176
465.26 16.129405668793627
466.3 18.65272031487625
467.312 21.893973496198385
468.319 24.40798475532893
469.328 18.761080685094317
470.332 25.281110665208136
471.34 21.66810032194638
472.56 22.031134043609576
473.564 24.71894927925162
474.567 25.322483965618336
475.572 26.39953402732022
476.667 20.143189241616145
477.672 19.4546488404377
478.68 8.86713548460392
479.684 19.50674002289954
480.688 21.533778728677476
481.708 8.066387990357258
482.792 4.335776079655099
483.8 6.154737377834214
484.859 17.195683287010667
485.86 25.712731483190957
486.871 24.57349026416733
487.872 24.13679031902462
489.031 21.273219999919235
490.2 18.333192740564186
491.207 20.460695944737243
492.372 16.689103485330655
493.379 19.602702418524064
494.38 16.25996756853421
495.399 14.793629963101015
496.4 22.00331826648129
497.42 19.283207755869416
498.432 16.43915218097136
499.439 17.261268518533694
500.44 17.38381584537589
501.459 11.255339682846865
502.492 11.283594918159144
503.5 8.823917077976828
504.519 12.500673287354672
505.648 13.701492594302797
506.651 17.993946239410892
507.671 14.505351552193968
508.679 16.88394541042812
509.684 14.32215060060844
510.939 16.23519870049508
511.94 21.973938406813065
513.079 7.4066650812690344
514.212 5.475706334383838
515.372 8.265484303022498
516.38 9.426793400074626
517.392 10.40312059839459
518.639 7.616858366511735
519.647 12.49598194893613
520.691 11.389857881298438
521.7 11.924630378677984
522.712 12.199576352312745
523.719 12.695083471044157
524.728 13.601531525679576
525.82 9.481159869367238
526.839 12.545582978745305
527.859 12.901909369577604
528.86 10.017296545291115
529.879 14.206027784755712
530.899 11.504741448080948
531.9 12.958989316838474
532.928 13.533020000218421
533.932 11.060631349793493
534.947 15.558558688042353
535.951 10.746357538701172
536.959 14.734068268148572
538.179 12.456121869753725
539.18 16.339595225578943
540.208 11.728964909901649
541.219 14.50439323786342
542.22 10.670517911185659
543.228 14.174546688345462
544.232 11.51835418267359
545.247 15.74377962480476
546.252 8.65485189677395
547.26 12.868996335471538
548.267 12.135006259086328
549.292 8.295054663102112
550.3 10.817417209526798
551.627 1.696754609248116
552.64 21.06479828768495
553.672 14.93792496776676
554.679 11.71276481322923
555.747 14.390521652090204
556.76 11.448714067582827
557.772 14.675830844163796
558.78 14.920575461416277
559.792 10.179599079689526
560.799 14.001930298945762
561.808 11.118323134505678
562.812 15.354520484796112
563.819 13.366930477493572
564.831 20.80624119678918
565.832 16.698743416663454
566.879 13.46699504397171
567.907 9.883323272988793
568.987 6.788861834944406
570.38 0.26991995809597286
571.392 9.292574438023989
572.399 15.868854338805196
573.408 13.556176743194882
574.412 12.920267237206485
575.979 5.136079727653142
576.991 17.090840983076827
578.0 16.14153554537034
579.012 21.177781218160412
580.02 19.023733713305752
581.032 12.82722912233389
582.04 18.46421213350264
583.052 25.888300319522045
584.071 17.863133194484774
585.079 26.297514250746186
586.08 16.170043231699214
587.1 9.768588522680187
588.111 2.0454913540576616
589.115 19.286775730902434
590.12 18.75151818691817
591.139 25.829141426828567
592.143 24.342532475896274
593.152 19.555266080494437
594.159 22.58978088229916
595.16 23.100807043059884
596.168 17.10385484225619
597.171 14.807518259515216
598.18 17.51430086868329
599.192 20.248931164732326
600.359 15.5813457258973
601.379 18.984238072378478
602.391 18.577001068561767
603.392 20.283635452442827
604.471 8.537500732046718
605.56 11.92719405070089
606.572 9.474270544966501
607.579 14.001930298945762
608.6 13.257537765520906
609.631 12.39956261429822
610.652 13.073405296555338
611.66 14.547561074880871
612.672 17.090840983076827
613.679 15.35517728573276
614.687 23.336550498242936
615.692 22.260607807808523
616.7 21.4483272257859
617.76 19.72508966113707
618.772 17.46238100444806
619.792 21.195993964306066
620.799 24.456704922158597
621.8 28.735150224294006
622.811 22.881147935750406
623.819 32.297785889568225
624.831 31.395131805869386
625.832 22.525840443571376
626.839 29.87078463775096
628.299 12.361594574061048
629.312 20.245085957263843
630.319 22.40308847831322
631.331 26.193571506672093
632.332 27.044847269923768
633.339 20.644113043390103
634.372 15.105457713019499
635.38 20.888805645982785
636.392 25.264721453244004
637.399 23.52324290222888
638.419 13.248304618002667
639.452 23.11317023558405
640.46 22.940384771927523
641.471 21.570636097335342
642.472 23.100807043059884
643.48 15.974995514583249
644.492 20.434701175417942
645.511 21.585782478135304
646.519 23.31339915846293
647.52 20.847069770566236
648.54 16.772482180450883
649.568 6.320810135632284
650.608 3.2538331871627033
651.612 5.055756744993842
652.632 5.71370272081294
653.732 3.2472597867845967
655.132 1.7457073289857044
703.656 0.011623068016683193
704.736 1.5666604234487091
705.799 2.2991441774035617
706.955 2.1141784261072543
708.035 2.0888805645982784
709.1 2.2948265357558553
710.235 2.4845715966587454
711.336 2.902804054346382
712.4 2.8270564032157157
713.479 3.1362247587110397
714.536 3.023639795492305
715.6 3.003747428416698
716.675 2.7981283842060662
717.8 2.840877567853659
718.835 3.4511939762928083
719.879 3.4214423040833877
721.099 3.544248171080686
722.155 3.560591871474339
723.232 3.3166070245710837
724.284 3.9315432679701443
725.319 3.087910399840934
789.155 0.0471205591362479
790.715 0.3615370207958559
791.776 1.4175249825737612
792.895 8.232317506593752
794.096 2.034962748193161
795.139 4.506214065528406
796.256 4.372052710712696
797.3 2.525275052382876
800.915 1.1601977497083582
802.34 0.5277171952669336
803.896 0.7249328437551867
806.096 0.683633639323073
807.675 0.3571866703239615
822.563 0.025255138475798643
823.583 0.5529389729818973
824.683 1.0254504589846094
827.547 0.06568806806912826
828.583 1.270265208201656
829.624 3.792492091345578
830.644 1.8431299099396576
831.764 2.853560056995863
832.804 2.5307591455709915
833.844 2.5307591455709915
835.004 2.2689564753395093
836.088 2.254603561420651
837.267 1.9134783797846828
838.364 2.742012773948516
839.399 1.99805967048531
840.479 2.262953944981468
841.484 2.618895036212767
842.503 2.582914142682857
843.583 1.7407338038318987
844.604 2.3937220965523855
845.608 3.3705044966625612
846.644 3.2663962496614007
847.708 2.6503653780147336
848.764 3.3825622779006217
849.788 2.3867092388476427
850.823 3.6328357645187457
852.064 2.7268223325134664
853.124 2.8377245405863407
854.143 0.39043110082847066
855.183 3.4346016975606313
856.204 2.9461195034490903
857.244 3.0730646767647753
858.324 3.307394227280608
859.444 3.189273004877729
860.488 3.2413663933421564
861.524 4.173728541234013
862.544 2.949007855903452
863.608 4.063893579622591
864.78 3.0477694244565328
865.804 3.3046743307121207
866.924 3.0214165309367957
867.944 3.501946828885349
868.948 2.434253247589628
869.964 3.145656755743471
871.027 3.006573155066196
872.284 2.8416752310764175
873.343 3.0179294276065787
874.648 2.881214571859695
875.764 3.537620311013214
876.844 3.4814676076637974
877.903 2.8404041671591322
878.943 3.2538331871627033
881.623 1.0505937010872333
882.779 5.090837985896927
884.584 0.2939629632568142
885.66 1.921925426535591
886.684 3.3046743307121207
887.703 3.320889612020816
888.784 3.3043346581526887
889.888 4.2572294115454055
890.903 3.708072008162625
891.924 3.6826493793113633
892.98 2.848473497179471
894.147 3.8663085000276625
895.364 2.93507458131722
896.564 3.759985016276902
897.627 3.71400213272883
898.684 4.0908067821366485
899.703 3.689877346689795
900.807 2.6453928350916285
901.864 3.9129456176959243
902.907 3.4247226898015883
904.144 3.039599851476881
905.164 4.054885801867247
906.227 3.537144888313172
907.244 3.697133742651821
908.387 3.454054476894792
909.547 3.565503032676373
910.608 3.7210030792561235
911.684 3.144968879785513
912.751 3.523884738778727
913.967 0.9276278823051567
915.184 4.792744058576643
916.368 3.493229322554554
917.404 1.2315311396140534
918.444 2.5307591455709915
919.587 3.2895756922807537
920.604 3.881990429784412
921.663 3.3729799485014698
922.743 3.1362247587110397
923.804 3.898193702077844
924.808 4.119505495920908
925.968 3.565503032676373
927.023 3.742165182076537
928.051 3.657572973032006
929.088 3.4478627079759234
930.124 3.810795624604968
931.147 3.675449673779963
932.168 3.6826493793113633
933.204 3.810795624604968
934.208 3.3705044966625612
935.224 4.070849919197433
936.284 3.7245134595195726
937.288 3.5577547464771477
938.328 3.6153702079585592
939.343 3.704418735248179
940.364 1.4116822620693559
941.503 3.136071787061507
942.508 3.5542146920030415
943.679 3.371463934321731
944.743 3.357129478818662
945.867 3.345182398822866
946.968 3.2443104136812506
948.044 2.970248386464095
949.167 2.845937011429534
950.224 3.738621465048056
958.871 0.2826402521776323
959.884 3.7117324938567635
960.931 8.080197026383026
962.044 15.877744453280716
967.38 2.173607928894117
968.464 2.254603561420651
969.584 2.853560056995863
970.643 3.5505052089489157
971.764 3.6895481872476283
972.888 3.51244151876401
973.963 3.3227774562447037
975.004 3.792492091345578
976.124 2.853560056995863
977.164 3.796138718356487
978.208 3.4214423040833877
979.323 3.203574677545342
980.344 3.3143844413802266
981.423 3.31045946752832
982.644 3.3873738885377493
983.684 3.25696488416671
984.808 3.1779232788817233
985.864 2.6704439036057543
986.871 2.8003860597891523
988.044 2.7246268233890594
989.084 3.4346016975606313
990.148 3.7105115292206268
991.164 2.9606181230526785
992.192 3.840451621683606
997.407 0.3965468377664997
999.123 9.233032767932444
1000.323 1.253328338758967
1001.327 2.808753747218801
1002.507 2.708463782911328
1003.792 3.0723612973468843
1004.824 3.461226516921567
1005.844 2.580381873915521
1006.924 2.7851740861310383
1008.103 2.2323914430821303
1009.244 2.1419721828045453
1010.247 2.2492432799263615
1011.384 2.14950770499559
1012.407 2.3890422879569755
1013.444 2.3590639580887895
1014.584 2.1438511057719176
1015.744 1.7827515163381864
1016.824 2.437027325364659
1018.124 1.4461480831834237
1019.688 1.3222453701741022
1020.883 1.4158939391837704
1022.047 0.9690683031641498
1023.323 1.0313438524270497
1024.703 0.6811567058472648
1025.968 1.0403120598394588
1027.227 0.7466213296816723
1030.932 0.05074203800643592
1041.347 0.018050816208722523
1042.451 3.5760727056981403
1043.896 15.482291243493124
1044.928 0.9108490834004123
1046.028 1.879992508138451
1047.072 2.160910928894771
1048.291 2.467586557031601
1049.351 2.8377245405863407
1050.407 2.1363551228846034
1051.488 2.260860555578155
1052.548 1.4188622702931704
1053.632 1.3874483454896316
1055.028 0.9426896530780198
1056.267 1.3656119913838627
1057.308 1.084611062387568
1058.432 0.8362955997057165
1059.552 1.5107082654683979
1060.788 1.0647206761301906
1064.252 0.596995311475836
1066.808 1.1279606643992282
1068.012 0.7807277857717819
1069.068 1.958325529310886
1070.328 1.7904690553699532
1071.388 1.773577837866463
1072.528 2.1438511057719176
1073.652 1.0199382884130244
1074.668 2.405502224980301
1075.932 1.4873358450462428
1077.168 1.6731324910617282
1078.228 1.9509356216531093
1079.312 1.0617580312020893
1080.528 1.5460464705085946
1081.676 1.4738617224081931
1086.252 0.4920440049108938
1087.428 3.712147557231747
1088.568 0.9894697411255005
1089.68 1.3525125957830582
1091.052 0.8221541580780397
1092.089 2.356789065168742
1093.332 1.0587246626684759
1094.448 1.0107486602894897
1095.748 0.8434806692778171
1096.812 0.8834551260049112
1098.028 1.2368371764068757
1099.032 1.6852522483312806
1100.532 1.253328338758967
1101.552 1.474503927951726
1102.648 1.2007251420592298
1103.968 0.8064428256269073
1104.988 0.9215649549698288
1106.248 1.4920575461416277
1107.288 1.9884536143772076
1108.348 1.5962200540798168
1109.368 1.474503927951726
1110.528 1.6206831966710782
1111.708 1.4338925909530558
1112.788 1.3925870430655192
1113.808 0.8066387990357258
1114.872 1.59021922680884
1116.028 1.6262910970055802
1117.068 1.6269165935813517
1118.112 1.9808350181535404
1119.168 2.051634899626935
1120.228 2.4830089730130487
1121.248 2.3960688829215546
1122.288 2.5307591455709915
1123.452 1.8434493769011986
1124.532 2.611100705747848
1125.628 2.5729824472697773
1126.648 1.7419463892989646
1127.672 2.3890422879569755
1128.708 2.721996874717834
1129.772 2.120292302411787
1130.808 1.5200468902237652
1131.828 2.7646948649094867
1132.908 2.611100705747848
1134.132 1.7506141298598406
1135.288 1.4636619873050223
1136.328 2.8922961663668474
1137.392 1.9436012772108042
1138.488 2.3311070505454405
1139.492 2.6215034974042144
1140.58 2.073521148682115
1141.812 1.2134122298840182
1142.988 2.2380863192124414
1144.088 2.563626147461524
1145.168 1.6961974857514044
1146.208 2.5307591455709915
1147.212 2.6215034974042144
1148.628 1.2266466629477795
1149.808 1.9118567879374075
1151.048 1.970959887564505
1152.208 1.4994873699024733
1153.232 2.570302257220538
1154.248 1.850386326907924
1155.408 2.193371981225756
1156.528 0.8097111634036678
1157.628 2.2218093277999875
1158.682 1.783674106393217
