0.0 24.240981079137402
1.009 16.644802105075183
2.016 21.958067852530824
3.029 35.39651240489373
4.036 29.226714821993294
5.037 38.31071142093539
6.048 40.244410384672534
7.049 32.000303278563
8.057 30.964306620170426
9.076 27.97092505116991
10.209 30.56778935387103
11.216 35.05393202283444
12.221 30.20918509885807
13.228 32.83999947402384
14.229 25.318694657227525
15.309 17.202392566761347
16.476 5.571983196431695
17.485 27.143367283266603
18.489 24.796118050415355
19.516 20.336079063856097
20.528 26.98667829939754
21.636 25.556486270235663
22.641 31.241598918261502
23.649 26.985983878070417
24.656 35.23842640190199
25.669 30.70421952935484
26.808 9.786786991449828
27.816 16.772332752592312
28.817 18.265885556928968
29.836 20.237711686980866
30.849 21.274587766671882
31.856 19.817501489548263
32.868 24.232935615785546
33.876 22.74682285268994
34.889 30.994873556616792
35.896 23.322894691831706
36.909 30.077865463225763
37.916 29.595703580128397
38.929 37.230528591675785
39.948 23.41288187842647
40.956 29.30550447980415
41.977 21.183444228662392
42.988 27.932193508996466
43.996 24.221313644126628
45.008 25.701598380378613
46.016 21.74873917369113
47.028 18.250523574229064
48.036 18.43113489295859
49.049 19.807374817246234
50.057 17.586509274216205
51.068 20.581616269786867
52.088 17.561352708866522
53.089 23.94243089311879
54.108 17.13824232951533
55.116 13.086105774000597
56.129 9.613033381361163
57.136 17.52696601141722
58.141 26.065476020561373
59.276 3.341723298895276
60.376 7.444969897745894
61.381 11.831138051886013
62.396 23.61219046700681
63.516 9.689926655040173
64.536 2.003572781305145
65.556 6.375004304152734
66.569 16.139342443682114
67.576 28.043145618267555
68.588 18.067343322614526
69.6 20.377695858728757
70.616 10.605884551003255
71.652 4.8419089502583095
72.656 12.474890847743225
73.668 16.889621792820233
74.677 16.755710024393508
75.688 13.307338882036905
76.696 15.113530612226041
77.708 12.483633499041042
78.724 13.53164580645243
79.736 8.81197658755838
80.768 7.09572373928834
81.776 2.580358885014202
82.841 2.093361574321381
83.856 13.361937241019353
84.869 15.053793337078902
86.196 14.198574952259959
87.209 21.8247926227065
88.216 16.973482874214568
89.288 15.323034557160142
90.301 18.340161867820587
91.316 22.88002952229342
92.329 19.883524027340695
93.336 23.246291762511262
94.348 24.78368415250795
95.356 18.691973176239053
96.368 23.498604233489015
97.369 13.548817482152492
98.376 10.223793778035677
99.396 15.846439270322511
100.409 17.056350537073143
101.416 10.885168364985432
102.428 6.68520689701828
103.449 10.553945841155052
104.469 10.928578807118972
105.476 11.623145881255631
106.488 11.980237680423079
107.608 3.8841191637582195
108.616 14.19197386757811
109.628 18.174701711839162
110.748 6.303448133391836
111.749 12.80641652422633
112.756 10.408288157103227
113.768 11.565719271170376
114.777 12.336621666311705
115.788 14.333625616458713
116.796 12.794010010492304
117.808 13.585130572485838
118.829 11.645733341964194
119.836 15.682022220741725
120.848 14.212103565557731
121.849 18.188823469191014
122.868 20.05538996007113
123.869 19.565087233299753
124.876 26.751684964794705
125.889 25.01876935033046
126.908 31.906302209204068
127.917 30.089426188654475
128.921 31.45776170575083
129.929 23.852690946267455
130.936 28.5966287554702
131.94 23.57763027330234
132.949 27.066916193251053
133.956 21.47795090115621
134.976 26.957161057560135
135.988 25.88518122595275
136.989 20.864288909670545
137.996 31.917527578686098
139.0 29.1289999860819
140.008 33.62119243953551
141.016 32.807420109466285
142.028 30.183811130507298
143.029 31.180840232898888
144.036 26.274804756912502
145.048 25.701598380378613
146.056 21.825266108042012
147.061 29.208122065593592
148.069 24.5899363419858
149.076 28.412134376402655
150.08 29.869182614452505
151.081 37.49124837527128
152.088 29.226714821993294
153.089 33.964843825122
154.096 29.78019795919594
155.101 34.830723400376044
156.136 33.38760018174898
157.14 25.61313250132151
158.141 41.57445364386518
159.148 33.285726025791575
160.156 34.72706053311302
161.161 42.14842930984393
162.169 38.59759886063432
163.176 35.13053495215489
164.236 38.28155868774397
165.249 39.43134801581426
166.256 31.440647370803894
167.269 31.54507841265141
168.276 27.381771031317797
169.288 29.769837818798866
170.289 22.90589154396749
171.296 32.6555050949563
172.309 29.78721143596381
173.316 27.120673722929805
174.328 18.250926168188656
175.329 26.912034724823442
176.336 19.07952397327806
177.349 21.8247926227065
178.356 21.401347971835765
179.368 18.61809185933692
180.376 16.03508735687397
181.381 18.855876270193335
182.388 12.253231947778724
183.389 6.681608621335476
184.396 5.9038201301615905
185.409 15.589137587647498
186.508 21.03237786645358
187.528 28.96073383886528
188.536 26.985983878070417
189.541 27.359506744986405
190.581 25.97700568209034
191.588 31.548538820550995
192.608 23.389928072663306
193.609 33.964843825122
194.621 34.956965115434755
195.636 37.340208180382845
196.649 33.088440572171514
197.676 25.40132104261815
198.689 37.964135066388614
199.697 30.30358815880296
200.701 29.79235079191696
201.709 30.48776477721432
202.716 35.42292078096954
203.721 28.36056977825088
204.928 23.768151173871715
205.936 16.99035512359252
206.949 15.589137587647498
208.08 20.10876356833814
209.089 23.384342561516217
210.096 20.663370455565566
211.108 18.067343322614526
212.116 26.35652289693078
213.128 21.922583079671316
214.129 24.684831851044954
215.136 24.72224679505166
216.141 21.150970027882842
217.149 24.144786709775744
218.168 25.053777420614107
219.177 19.51764024819464
220.189 24.049352770211417
221.197 14.26850080192899
222.209 20.194113013154624
223.216 21.216853592768214
224.228 18.61809185933692
225.248 18.396440991983606
226.388 17.01654954457196
227.389 18.74562418763564
228.397 17.32526679938107
229.409 18.358284557413295
230.417 18.32335047837988
231.421 28.4970311922684
232.429 20.90370936339408
233.437 27.278079641578707
234.449 21.73900023409718
235.456 21.401347971835765
236.457 21.344027540377216
237.461 22.097265016561124
238.468 23.79977489971391
239.476 22.19388880590118
240.489 25.30942337759241
241.496 21.585842350903317
243.244 3.551528524381826
244.249 24.58658376407562
245.3 25.881895099043746
246.308 20.458559731184028
247.309 18.931224427117183
248.329 11.47500774747492
249.348 6.639283002730618
250.356 7.0038312593242615
251.368 7.894062359687717
252.369 5.382406944964688
253.373 22.02043319402558
254.376 18.97038365041873
256.817 4.642743229406954
258.088 28.27207412744535
259.337 17.40347737979154
260.368 32.87128786364128
261.369 43.80165651764367
262.376 35.68401808935753
263.377 38.496311660416936
264.389 38.00164903384552
265.396 24.798849724372104
266.409 26.409833089661646
267.428 9.845373253125826
268.468 5.969299865980222
269.476 3.686226978591717
270.896 1.308350983950863
276.036 1.9879807752249492
286.464 3.6062407722930803
287.465 27.36680958062909
288.492 26.3301603194254
289.497 13.941370277514803
290.512 18.670104090191423
291.513 25.504294896709066
292.517 34.41849221923326
293.532 29.54547718710376
294.544 35.79865488695593
295.545 31.814703039081458
296.553 34.72706053311302
297.557 42.37545547421729
298.564 38.45143377537078
299.565 37.01150974456461
300.572 37.452358950712586
301.644 29.18764946171406
302.653 34.87677190990976
303.665 37.63448334269726
304.672 34.761546194019786
305.685 36.57307132705743
306.692 38.374830846050344
307.705 31.071022766711252
308.824 35.599024888404394
309.825 42.50245484127289
310.844 34.35218549301072
311.852 36.93879672026805
312.864 36.349403423678325
313.865 32.00016760587332
314.872 38.4972876415133
315.876 35.852866596287704
316.877 34.78430687078612
318.044 34.77159572322931
319.045 44.54405747556984
320.077 37.15990516701194
321.084 35.68401808935753
322.093 40.32418126749647
323.096 35.641097085007
324.097 36.0835085471569
325.104 39.29730274138809
326.112 32.33101299702841
327.125 39.507497225908715
328.132 43.17168470180663
329.137 34.830723400376044
330.145 35.64861727776095
331.152 40.95775215299603
332.165 31.254424385389456
333.173 31.040833554521306
334.177 40.33995324619812
335.184 39.373905670708524
336.185 32.55669697893858
337.192 36.34539267630729
338.193 32.55751101507666
339.312 30.950228184035637
340.332 31.146449600289074
341.333 27.174697052042937
342.344 33.07759757644318
343.352 27.538917924859174
344.372 27.503589997916084
345.384 18.61809185933692
346.404 23.132158475068493
347.405 25.241632569489575
348.424 15.390859170514181
349.432 9.215567446479294
350.444 8.07764520526185
351.464 15.300010329966561
352.484 22.318951516968042
353.485 25.056032330008033
354.505 10.564292846881674
355.584 9.713759197593095
356.585 29.32483783808348
357.592 27.0127822731827
358.605 35.39651240489373
359.624 28.153246778079648
360.632 32.99173145839587
361.636 26.723406443877423
362.644 35.203467645550894
363.653 24.565565741052218
364.664 28.115957939976703
365.665 21.977890346559786
366.672 27.120673722929805
367.685 25.75237582504328
368.692 36.89887581350994
369.704 32.570388122971025
370.705 33.85630567337841
371.728 19.976972013013174
372.924 25.85082654140086
373.925 27.84003592223115
375.064 24.371579691183534
376.072 28.38394773515622
377.104 26.17837781916081
378.112 28.199636386226633
379.192 25.210261120569953
380.193 30.438439274972723
381.204 27.640964498495613
382.304 10.471565511548544
383.305 27.46883544326807
384.312 19.44851273141316
385.324 23.68218707906315
386.332 25.066343454423677
387.336 22.86021678515599
388.344 29.30550447980415
389.352 28.09185197164793
390.356 33.57009575630554
391.357 37.862448854234366
392.377 32.86136303883308
393.452 34.6364384052724
394.464 42.40763732762471
395.472 31.409456252380476
396.492 36.32207966108742
397.504 38.36881472499379
398.512 33.43688109060592
399.524 33.07759757644318
400.532 25.142870388774554
401.544 28.851015663897666
402.552 24.03700229519704
403.553 32.66564214875122
404.564 26.538377912614173
405.572 22.854607267268648
406.592 16.650637808273274
407.612 11.657150727593569
408.765 32.293414652237814
409.772 35.42292078096954
410.884 17.946244604294154
411.892 27.462390990508293
412.904 27.613651292469438
413.912 30.227061224452083
414.913 30.14430088374759
415.924 28.667251232917426
416.932 26.617361180211244
417.933 30.80963975393581
418.945 26.14498852787637
419.952 28.965617513605302
420.965 19.883524027340695
421.972 11.99213463939073
422.984 15.604541873801299
423.992 21.195805126902375
424.993 14.739481006779688
426.004 9.371985979992234
427.013 16.755710024393508
428.024 18.92773639096471
429.032 8.923471682971002
430.052 7.832148145101931
431.064 5.140319676075722
432.072 8.662633399690534
433.085 20.724382910637264
434.092 6.902894954819782
435.104 27.564664647035986
436.124 25.2113578738498
437.132 31.88586336481835
438.137 27.621123650008006
439.145 28.568259084085806
440.152 23.876377829034354
441.165 28.060447657765497
442.172 24.906741174119208
443.173 21.97802601924947
444.177 16.28401782415337
445.185 13.086105774000597
446.192 20.555479005818462
447.193 22.828829456229546
448.212 17.39626489040513
449.232 25.317874236492287
450.245 27.32684118305267
451.252 25.167838482507204
452.372 28.1026304131058
453.385 19.44057157988982
454.392 13.652584050998676
455.404 15.420959028227166
456.405 13.4402793304089
457.424 17.13824232951533
458.444 3.642859602372991
459.452 12.717483076141423
460.472 15.011350987205427
461.473 20.78722682193259
462.484 20.21408740782639
463.488 15.435621361225657
464.492 30.162442106102265
465.656 12.768786235121825
466.668 14.028520719983597
467.684 30.537633103750753
468.692 17.87820084616983
469.713 10.62949838750734
470.724 10.107043703913195
471.744 10.382149866763024
472.752 19.5370029865361
473.765 13.8312706109599
474.784 28.989154578648268
475.805 25.186665064962586
476.812 27.305168101997353
477.825 22.81794992619199
478.845 10.200006886644374
479.864 13.309486064410839
480.873 12.336621666311705
481.952 9.297901153786114
482.964 11.274778036371604
483.969 11.091691923643136
484.972 12.039959702758189
486.024 6.534292841899082
487.033 10.311206168857543
488.084 5.656657346406015
489.092 5.42155605330887
490.112 7.4678621848646305
491.124 8.261228050835983
492.132 9.584190144338463
493.284 5.4832626306551795
494.293 9.206434079337095
495.304 7.9018705321503155
496.312 7.633292240463901
497.324 9.913473661003179
498.332 11.980237680423079
499.364 10.44145223238305
500.373 13.80965111900564
501.385 10.173280962926805
502.405 11.839293707712221
503.412 13.283595292863579
504.424 14.503044800356502
505.432 11.31951921905562
506.433 12.620816284744787
507.444 12.679745737636553
508.445 12.80641652422633
509.464 8.204477710938189
510.964 5.74885851799515
511.972 9.031256097549708
512.992 11.47500774747492
514.025 11.33059816304397
515.032 10.885168364985432
516.052 11.292864767356273
517.072 8.454203702934043
518.092 10.564292846881674
519.112 10.564292846881674
520.124 12.483633499041042
521.133 9.574691442510577
522.152 10.468039267835106
523.153 10.950414129410918
524.164 13.414803461557513
525.165 11.692815087337081
526.173 9.952812842197636
527.185 7.2359554337406795
528.212 8.140567465867589
529.244 7.7410766550426064
530.264 9.653577946288426
531.284 11.47500774747492
532.305 11.281804175027814
533.312 7.640872471089983
534.332 14.207152449254666
535.352 13.114294568542768
536.365 13.34970729641888
537.372 11.369600974349932
538.384 11.565719271170376
539.392 14.007662518648523
540.405 13.204916544830823
541.424 13.74983035221038
542.425 12.064015566300164
543.432 13.283595292863579
544.445 12.471310070117998
545.452 14.759550325403977
546.465 12.91426251756887
547.472 11.623145881255631
548.484 11.014970734447978
549.485 15.033619398004822
550.492 11.884243189643625
551.524 12.601752694255405
552.552 7.229021000817998
553.564 9.913473661003179
554.572 11.058680935775152
555.684 7.420608001394496
556.724 4.644645993025565
557.732 4.239161025380475
558.752 5.282146423440837
559.784 5.400751154680888
561.876 1.420924204367285
563.792 2.424136739574929
564.804 16.66094842377175
565.805 11.444262719844259
566.833 7.771197575879348
567.853 7.832148145101931
568.857 18.8746570234505
569.972 18.231206887369638
570.992 16.57501119079711
572.005 17.056350537073143
573.024 20.237711686980866
574.025 13.997080048853526
575.032 21.03235921370067
576.204 18.13713726793708
577.212 15.297841961155626
578.244 10.261427193893688
579.284 8.932011525049163
580.292 11.427303633634324
581.312 15.011350987205427
582.325 23.705611596450947
583.332 23.615280520646362
584.345 15.298483560385547
585.352 17.52696601141722
586.373 12.919485426241527
587.384 14.777454329878823
588.385 18.74562418763564
589.404 15.132703333508216
590.405 15.590420116449444
591.425 12.097063305307035
592.432 17.895954769552322
593.449 12.422258703077219
594.452 6.297825075288899
595.492 3.751444840520647
596.512 2.9142876818983923
597.524 1.72847006651669
598.532 6.450897212535505
599.544 7.526896668539451
600.564 6.557147284271384
601.584 8.378577085457879
602.593 14.914423208526092
603.732 9.202059854436303
604.745 16.50614568103853
605.752 19.925392939295367
606.852 16.21403692110742
607.916 9.326869036691619
608.924 15.866516599809273
609.945 11.463768758496002
610.952 10.885168364985432
611.964 12.192692264242268
612.973 13.073136392658672
613.984 14.517390047438953
615.004 12.20357966794952
616.024 12.461349265544333
617.044 12.021436687830871
618.052 13.639039820789353
619.064 12.300050653466908
620.112 14.78756092239557
621.113 15.033619398004822
622.125 16.522456101671967
623.133 13.823351169718938
624.164 15.031390733919068
625.165 19.859225624524885
626.173 19.90562568439527
627.184 13.858632174977625
628.188 9.6223741688179
629.192 13.508332967763591
630.205 15.222334350291087
631.212 15.20514201285952
632.232 16.57501119079711
633.245 16.689547299716736
634.252 17.52696601141722
635.256 10.069297305538749
636.264 21.933050522620718
637.904 3.285237409701008
638.908 12.768150339392983
640.164 5.682325684095974
641.224 3.8559325225117886
642.252 11.204982551267896
643.268 14.263086120314721
644.284 15.160276797698442
647.385 3.2657071799884423
648.452 2.785916996753853
735.428 0.006408176038942555
736.464 1.255309727844747
737.508 1.4236462813871458
738.648 1.4667303135870202
739.888 1.4982729009759883
740.988 1.688962179282023
742.068 1.2041674796732944
743.089 1.8196458346819053
744.188 1.3523991972412923
745.349 1.2801780514799144
746.528 0.9454750113029137
747.864 0.5562450291048578
749.048 0.6276548639223735
750.188 0.4889101045290067
751.764 0.5894220803331933
752.768 0.7401826283706077
753.909 0.651308815849334
755.004 0.5090023006055412
756.264 0.5897963165746747
758.049 0.4163268116997704
759.204 0.804267704420011
760.368 0.798049139695114
761.484 0.6658990671004392
762.889 0.7933914863531212
769.369 0.08601196283380672
770.648 1.0168106943292867
853.276 0.0404197033376409
919.916 0.27049178152063325
932.116 0.015228347518116601
936.436 0.1290179442507101
937.952 0.1225500262012022
939.173 0.45647626467081703
940.472 0.28604440295769445
941.672 0.3096430662017042
943.137 0.3804488185413431
948.212 0.08791536803081992
951.572 0.16345506470860638
952.772 0.30511612078939865
954.372 0.3432556358880734
955.556 0.309239311610877
956.732 0.31134298039734554
958.172 0.3813951509867482
959.173 0.5486603570638536
960.932 0.3122279803416245
962.072 0.481762295983261
963.452 0.39797754885573733
964.773 0.41575247344505495
966.056 0.4280662645525468
967.992 0.28368234370915163
969.132 0.481762295983261
970.856 0.1061889051471225
972.596 0.21042491088924045
973.772 0.15567149019867277
975.016 0.4414863484090977
976.456 0.2542634339911655
977.897 0.2540869846962376
979.137 0.2952736652800632
980.972 0.19953097817290372
982.712 0.31563736633386064
983.972 0.14529339085209458
985.037 0.34379281215706886
986.097 0.34541447636535694
987.272 0.3116079531466199
988.977 0.10737224192002297
990.496 0.24103972675923527
991.712 0.3011014349895381
992.792 0.508526867982331
994.797 0.09130656981228888
996.416 0.33922731156325975
997.817 0.2613414310829967
1000.472 0.20685838697586348
1001.516 0.3507081848154007
1003.157 0.4462392991435446
1005.316 0.16958746871110622
1006.696 0.2653183659038249
1008.136 0.2542634339911655
1010.312 0.2523938499177011
1011.692 0.39797754885573733
1013.396 0.21487050759816803
1015.876 0.2214552489600474
1021.196 0.054119121846360384
1024.556 0.10897004313907094
1027.576 0.2683789094765555
1029.512 0.18912156247276773
1030.876 0.2684306048000574
1033.097 0.08242668729114776
1035.332 0.16382073599430796
1036.893 0.11727717647254271
1038.332 0.2544401285248633
1044.256 0.03090826818734411
1079.88 0.00513894207482706
1081.696 0.1008092910097132
1083.236 0.23775282139433657
1084.321 0.4340860835910382
1086.04 0.3194933201983232
1087.14 0.4039681469744722
1088.62 2.226523043598314
1090.06 0.508526867982331
1091.14 4.4072328558468685
1092.196 0.5200842968001113
1093.456 0.5811735634083783
1094.92 0.2500951809749169
1096.097 0.9332353736973958
1101.48 0.06801771223245
1102.576 0.668137490779705
1103.74 1.4154871583013338
1104.821 1.1854650391447494
1105.84 1.2575934321054705
1106.98 1.2846994559553626
1108.26 1.2872086345802753
1109.46 1.2204644831575946
1110.521 0.8627223019492892
1111.576 2.2558348266893926
1112.62 1.928895016484704
1114.061 0.635217461740594
1115.16 0.9994704593647271
1116.176 1.441493484044403
1120.92 0.1488624545361881
1121.94 1.256360497368112
1122.977 1.4123021984465896
1123.98 1.4601768492413891
1125.016 1.4136654245068663
1126.02 1.4587224898297941
1127.101 1.3548171875939996
1128.136 1.5919101954229493
1129.2 1.5485216656604817
1130.217 1.080057064741234
1131.72 0.8526198984134891
1132.756 1.236957246443508
