0.0 14.19652051319745
2.908 0.7389611547613009
3.911 38.208454392942095
4.919 12.104045572140306
5.939 8.370476922765006
6.95 12.31176398656698
7.959 11.940222932495526
8.98 11.149105330539172
10.089 13.374962416413464
11.09 15.029231410738591
12.1 17.958700027826985
13.109 14.553251601161973
14.12 13.82676661912614
15.129 13.988061637409029
16.15 18.56000389625878
17.17 16.028712361027193
18.18 15.504869423777476
19.19 19.71894949003545
20.203 13.808531233104846
21.21 9.087049108776633
22.219 13.800358254782704
23.22 9.865050024101448
24.32 11.852068164106711
25.439 13.186047858605352
26.559 13.936281417938556
27.569 15.988337424353066
28.599 11.4730482040787
29.869 15.752742111097902
30.989 17.87232123726139
32.149 18.110938242740506
33.34 17.94843630685898
34.349 20.80543809531772
35.35 17.334002694095535
36.37 15.453287077916507
37.371 20.613224462633013
38.38 13.91669795523323
39.4 13.265642308852337
40.409 16.02006031606805
41.412 10.554392678821303
42.419 8.469810177941689
43.42 11.471707527030548
44.429 14.394665640771313
45.449 14.966729559270641
46.479 10.453960258849099
47.48 12.905670967909368
48.489 9.48980986747557
49.49 20.79246989274287
50.789 27.26827314195994
51.8 21.695232081532208
52.809 21.430812730923837
53.81 25.090036312460008
54.831 21.482870512064263
55.839 22.272333856089055
56.85 20.22304079241752
57.859 27.207111355415474
58.87 24.226031135819245
59.89 22.415482950261786
60.909 26.411875692830545
61.92 20.716409092779095
62.929 21.85080554897484
63.939 23.478000849869336
64.949 27.8907663958159
65.959 13.671669647580446
67.031 20.825309358503564
68.26 23.04929923481806
69.269 30.585772242689288
70.27 25.611394182640637
71.279 26.15862417794738
72.3 25.350951058300755
73.32 25.097157649540762
74.329 24.623070120492564
75.45 26.393373422367084
76.62 26.981378610699142
77.949 25.00812488789085
78.951 35.276108863645256
79.96 24.456164896606
80.98 26.895699199232205
81.981 25.69040368143906
82.989 25.060230317525654
84.04 26.23030497762442
85.29 25.53076728209567
86.46 23.645279128738157
87.48 28.672766777464545
88.49 21.495821005446615
89.51 25.858262063112193
90.52 19.94737286178201
91.559 20.3690618479991
92.57 25.37856439388189
93.59 18.988005649409182
94.709 15.553345422141492
95.719 20.624591670001642
96.899 21.023578173215014
97.911 26.975816698391938
98.92 19.03954442982007
99.921 24.556623925049767
100.939 17.90518146593421
101.949 23.44956155571783
102.96 17.254917378278023
103.969 26.317990069290783
104.979 17.85351359740361
105.989 19.495330930542792
106.999 22.206024200490372
108.01 13.28669503500696
109.02 16.165985617956988
110.039 19.01655049883799
111.049 9.026424188022718
112.249 18.077123499576892
113.26 26.798344220113044
114.27 20.85457335923596
115.279 31.29706927158904
116.449 19.622079635777126
117.46 22.47193363668991
118.47 21.6730796196786
119.479 17.621629957737014
120.49 18.091554814257986
121.499 18.55013775697512
122.679 17.83854120374479
123.689 16.165985617956988
124.709 14.088596903692206
125.719 24.693098910945285
126.809 11.058697744530743
127.819 18.83070852201583
128.83 20.764279958630638
129.839 13.964793697318923
130.849 19.186004909223676
131.859 15.214502931892701
132.879 18.822000277231325
133.889 15.24618872081036
134.89 17.924543010985232
135.899 14.62799498413298
137.119 17.502382204646047
138.13 15.795050566821596
139.159 13.426336264895129
140.259 7.013873680198522
141.27 8.696151435665822
142.279 19.544029767751343
143.29 20.25482497164144
144.3 27.71311820221198
145.31 6.068477876684885
146.319 21.479168449993775
147.33 21.294881154654526
148.539 23.274159109428073
149.54 35.66984059186061
150.549 26.642831311107393
151.639 25.958771999293898
152.659 30.607738768581783
153.67 21.680572439686067
154.799 24.389879062760816
155.81 32.29999104675877
156.959 23.891259572579937
157.97 25.833272753799672
158.979 35.20920293053767
159.98 22.27386523837298
160.989 24.755528393966404
161.99 23.1051028177713
163.011 22.479982570776617
164.029 24.675299190171614
165.031 19.744573340981365
166.039 26.522099856601553
167.05 19.981740493003233
168.063 24.974214463114183
169.07 25.657550424781085
170.079 17.138332744021866
171.089 20.60719045805506
172.099 19.3636531028276
173.109 11.724780777858914
174.129 10.04261779015526
175.139 10.125947035423607
176.159 7.127686897901361
177.169 8.349465099384378
178.179 9.415354261007915
179.189 12.668471876484432
180.21 12.477132187401875
182.838 2.8383713370485886
183.857 27.667720341962166
184.859 16.11415626861962
185.879 16.252195968188396
186.894 22.626954156763702
187.911 9.317920089787792
188.918 8.73937286427251
189.928 9.237706067403993
190.939 5.647075663013152
191.949 16.698930198768757
192.97 16.692185120984675
193.979 17.239853756370316
194.999 19.87743954511346
196.01 13.859935455662788
197.412 10.037639413794716
206.037 0.20802860932169526
207.349 18.325386068868088
208.459 5.819178666160936
209.468 1.2902657728177864
210.509 2.75772796218962
211.53 2.636013842408847
212.599 2.5176521357338
214.574 1.0895775599911761
215.789 0.2953492601480859
217.089 5.761888900184008
218.148 5.25228039824252
219.189 4.176027654732044
220.229 5.693282973864184
221.249 5.157482163192539
222.259 8.65073981368343
223.29 7.0493499368239005
224.308 7.22633761997883
225.319 4.110148433356674
226.349 5.225961423494044
227.359 3.147411745890556
228.389 4.1807691387952355
229.409 3.8699439822344783
230.438 2.8569330622138622
231.449 7.994168712176533
232.529 3.311870753905613
233.568 4.835313681538923
234.578 4.796501227305919
235.579 7.3081820978122245
236.588 8.46479064215243
237.609 6.187695651128135
238.619 2.842371097662767
239.669 1.8845586743744145
240.728 1.1561506677417919
241.998 3.110593271772394
243.048 2.5632096505708883
244.079 0.8958461417918883
245.088 1.244769800574564
246.128 3.1054270766531915
247.468 2.865908669268838
248.499 8.005368646787836
249.539 3.587938609924598
250.589 4.1011354409134215
251.608 4.401979282138424
252.628 3.852584783749575
253.629 6.273590053844831
254.758 3.4956208251088148
255.788 6.096954994076385
256.829 3.964233945647579
257.858 2.406227462678384
258.908 3.417612867427851
259.919 3.3719770872989923
261.068 3.440710311359955
262.098 4.006570424678768
263.14 3.6160443247017326
264.158 4.053799152671051
265.178 2.5561741235658957
266.199 5.974964709460053
267.268 3.5029963999676283
268.288 5.629009428704695
269.299 5.443527184636262
270.628 6.430412551776198
271.849 7.847482453489336
272.878 7.672192151368645
273.899 6.035983548404702
274.909 7.930537414759923
276.019 5.143653884759821
277.028 11.069300035268126
278.039 14.105818739577822
279.269 9.040545120542166
280.288 12.1817697426733
281.298 7.611731628723643
282.309 5.008278526284149
283.328 4.578058453423962
284.438 2.9487005282254333
285.439 6.811326344174388
286.478 6.274395134377888
287.488 11.539600716397516
288.518 7.084717731942937
289.538 3.6109101397985772
290.578 5.865806700344917
291.598 5.453102884057674
296.911 0.025105981772632825
297.918 5.491980746483711
298.928 3.730612065682382
299.938 2.748482469025606
300.988 1.3368162612285404
302.108 1.922407237928166
303.118 3.552963872078459
304.308 1.6119255735981786
305.368 3.0468341129427543
306.378 3.02001929126669
307.388 1.9541301296431526
308.788 1.5769922532185583
310.279 0.4813539249898382
311.478 4.875066508953584
312.668 6.48462503402727
313.918 3.4449537703672735
314.929 5.671594886985894
315.968 4.317244358516895
317.069 2.6903551744523226
318.228 2.1673386173938485
319.229 3.943399462416751
320.238 3.3786608872738166
321.258 2.1777435965950005
322.398 1.7312907288943717
323.428 3.1355768540964264
324.438 3.375315678474536
325.478 1.9506026882145433
326.508 4.1807691387952355
327.588 3.9872150119991594
328.618 2.3661992000820256
329.658 3.62299825609539
330.708 1.7088064337139255
332.528 1.3301766680791007
333.656 6.899303318401867
334.718 6.982640424082555
335.758 6.389521650605005
336.788 2.504997883113422
341.664 0.808684535161092
342.778 1.8503458119324268
343.898 1.602006031606805
345.068 0.9201265412305752
346.158 1.6460979407335978
347.214 1.8690070368746061
348.218 2.801616335556916
349.248 4.1807691387952355
350.268 3.7567877254439965
351.318 4.272016084284814
352.338 3.4839268425924024
353.348 6.046024745647883
354.368 3.385429464522506
355.518 4.356283312308922
356.528 3.552963872078459
357.587 4.235709998582676
358.698 1.6887675501755168
360.058 2.110878535764261
361.088 4.234378538388095
362.108 5.317315375909096
363.139 5.568952102113278
364.148 3.855328687890664
365.418 4.0970988902826
366.468 2.9735480376140346
367.488 4.221757071528522
368.568 2.4920093824994747
369.708 0.23412922868820088
371.318 5.776753099784905
372.718 6.586774273111769
373.728 10.726678426952663
374.729 17.05347311378472
375.748 15.007531530979353
376.749 16.3046517445758
377.75 20.708219299496793
378.758 20.25980727301056
379.769 20.84328634698725
380.788 21.533810989701927
381.789 22.597502820515768
382.79 22.511941953657775
383.958 25.394981517793518
384.959 21.582695908088276
385.968 22.79049235853557
386.978 20.993003896064753
387.979 20.54102838661655
388.988 17.652177253386036
390.008 20.11853952407045
391.009 20.008926272818222
392.018 21.984953672846284
393.028 23.531373223824897
394.199 24.84101797331401
395.208 32.36401481493866
396.21 27.292725512524186
397.218 38.27014408838479
398.219 28.35065219570831
399.229 26.550483496557064
400.23 28.184378474356407
401.248 25.21745488666411
402.249 31.36795026922416
403.25 25.98167750536757
404.258 28.47646393999452
405.368 29.213226916239574
406.369 34.415122581091644
407.378 26.63243223173751
408.379 36.20757688219017
409.388 30.505179377572723
410.39 42.080637476937234
411.399 31.313837787072973
412.408 33.253136101063355
413.413 32.76506203661079
414.418 34.6982453297747
415.419 38.89625833383795
416.428 32.74059147662042
417.431 26.631821946782967
418.438 31.749577542726414
419.538 32.69993249434047
420.718 32.09979293530568
421.818 35.377948318787276
422.819 40.15097634460692
423.828 26.576667168616535
424.838 22.808703488879114
425.948 24.013683015456884
426.957 28.096232641540162
427.958 23.36126130890051
429.168 21.20462598663309
430.178 26.82487723419236
431.188 21.674767796956996
432.189 25.273605645489177
433.208 18.310174408183734
434.217 13.514643549095267
435.218 12.547180107689663
436.823 1.338877905324525
437.829 50.72153030070083
438.83 31.454166272888106
439.838 34.421400065569834
440.847 33.1205478390974
441.849 33.95313697432273
442.859 32.999918518406794
444.028 35.96365258054034
445.038 39.61554717367481
446.049 21.48649434940447
447.058 38.587863817811495
448.158 31.835446713694143
449.168 37.66141704403166
450.179 29.71574267883803
451.18 30.637079648498457
452.189 40.543930647285805
453.209 32.19887004304249
454.219 40.68143633529835
455.267 28.80916531762086
456.268 35.849086021970464
457.269 31.48888852360383
458.278 30.46543926481109
459.279 33.093580616115055
460.288 36.4045771041053
461.289 28.027669750371476
462.338 27.546137328112327
463.479 27.843856851143283
464.608 29.078012234814278
465.618 36.24023149520028
466.626 27.07197619591038
467.638 27.492716367256786
468.648 33.753156784745364
469.649 25.550335432325443
470.658 28.493607461961677
471.728 25.44742409373615
472.738 29.844896525459056
473.749 26.366079382667667
474.758 24.153311698268066
475.923 21.477552017989147
476.928 23.744758056532305
478.077 11.555636196655527
479.097 9.087604700174683
480.107 9.770650648215762
483.448 0.16111165118823303
484.458 35.116684586529864
485.468 22.028376006886443
486.488 19.936332233306683
487.688 20.568695687447857
488.697 21.516735124217465
489.708 19.876917567236163
490.787 13.87276497714831
491.797 21.850727813282525
492.867 14.528917269498168
493.868 17.566052150765525
494.887 9.860433591990072
495.898 8.82523412271809
496.928 11.497115131686897
498.047 12.230431824763189
499.048 19.358506451864052
500.067 11.93142326010724
501.088 12.477132187401875
502.117 7.495274908112072
503.127 17.409522973184448
504.128 18.737567787177948
505.138 20.301630370664686
506.169 22.095476956185173
507.197 12.439250397580958
508.227 9.755127990522215
509.277 8.057994410477344
510.297 4.397663616175543
511.307 7.994168712176533
512.317 8.342452670689488
513.318 17.924543010985232
514.337 11.092987790988827
515.357 7.246500967531367
516.377 5.10128979476363
517.388 6.7439541745979845
518.408 5.682758650680174
519.428 8.091701053763
520.437 6.404662995416598
521.477 8.97123377699811
522.527 5.297299944513169
523.557 3.9063552287652725
524.567 9.237706067403993
525.568 6.70100130605122
526.577 6.579497517322696
527.587 11.063015284726173
528.597 6.524675321224784
529.607 15.455392843541297
530.647 9.124335972866243
531.658 6.54222193503389
532.748 5.102903616274153
533.857 5.145808373240575
534.877 5.98082251799874
535.897 6.981226697350953
536.907 8.851503050022364
537.958 11.658745282719762
538.967 11.282744234298999
539.987 13.11956786826826
540.997 13.274267799848687
541.999 25.94305071774784
543.077 29.658221028523553
544.107 27.18493178499146
545.117 14.567151875521683
546.147 10.848581468678729
547.157 10.30359522902753
548.177 6.584794038617935
549.207 7.142147278775193
550.208 9.171391173954111
551.287 16.125553128256197
552.288 10.396234946371434
553.307 7.037889624796693
554.327 10.378486134174281
555.337 11.121582050307584
556.347 9.134597393630955
557.377 10.09792253613737
558.387 11.724780777858914
559.827 4.063268660916815
560.837 9.770650648215762
561.887 14.597803733153812
562.907 16.359308652173024
563.911 8.588523004982463
564.947 14.27129990533058
565.948 21.239142167044392
566.957 9.457052767460452
567.967 9.545084191863413
568.976 15.410915672192775
569.977 19.38720144396497
570.988 13.00556721305494
572.027 6.852426184601539
573.046 5.458454309851646
574.307 8.908577303354898
575.317 21.605812248123897
576.328 32.09631283703811
577.337 27.39637459994728
578.35 31.19006038377895
579.417 27.488069359439404
580.477 30.007678223218722
581.517 26.20481546363453
582.647 24.396853103229137
583.657 28.483056900952956
584.658 24.696168064718623
585.667 24.060739903566336
586.668 21.465688474544347
587.677 28.386106978975555
588.688 27.548066408300734
589.697 18.72406235943635
590.957 22.38040940919599
591.968 32.47746352503766
592.977 21.655562833805355
594.037 26.115986113071084
595.047 35.174342333576746
596.278 22.52600041250327
597.609 4.047285751038729
598.817 37.78805635486971
599.827 20.251894070847214
600.888 20.49383816004231
601.946 22.046510227027486
602.947 23.89624602464505
603.977 28.827467759690524
605.057 30.360738090880538
606.068 30.234927516610053
607.077 24.334625656470536
608.087 29.033059704274173
609.127 27.27148628130561
610.128 39.07550376394781
611.136 30.28301460136788
612.148 37.409690255861676
613.168 31.621130200133813
614.227 33.9274178327995
615.237 43.16851104575327
616.257 27.36002561203951
617.266 33.96443312996311
618.267 26.088071722655
619.277 32.68726762312182
620.297 24.65469096815889
621.307 33.753156784745364
622.328 28.217294960136453
623.337 35.920499959437414
624.338 27.01902112391998
625.347 35.20920293053767
626.357 29.70659584842091
627.368 35.13955069922108
628.369 25.990063256483822
629.377 34.53213001463557
630.527 28.5050517618417
631.537 37.48376885042774
632.538 40.330221774716776
633.547 32.78725734529276
634.556 39.630371524641895
635.627 34.50151414429183
636.787 32.546275713870635
637.916 33.10895445447615
638.927 43.879103820168964
639.928 32.26666693963605
640.937 30.76099673007176
641.938 44.63211209735322
642.957 30.556686711644037
643.967 30.59107088251179
644.976 37.16526976001199
645.986 30.106894637706343
646.988 26.8936279392598
647.989 30.471723118674895
648.996 27.642249059105396
649.997 32.62266827999312
651.007 26.937076093310633
652.008 28.34331466348159
653.016 36.84613872695652
654.017 25.543522009543487
655.027 29.522454665284684
656.037 37.34309401723692
657.048 35.61579446220486
658.056 35.189093014439244
659.066 24.337802523737448
660.067 19.284738047513287
661.076 26.317990069290783
662.077 19.69996375512887
663.086 25.962341554840908
664.097 19.336716251773215
665.226 21.890091087856558
666.236 29.134303751043365
667.246 21.149387645476477
668.266 26.7377947863473
669.267 19.1792610217542
670.276 7.215791186267192
671.286 7.283575937760841
672.306 6.162770994993793
673.316 5.329445808117688
674.356 3.795521982576123
675.376 4.221757071528522
676.406 4.354967852911703
677.416 5.334727716748132
678.426 8.882409680196146
679.436 10.535914394493481
680.946 12.067006046139404
681.956 17.94246755399622
682.966 12.26954259961948
684.046 12.152553357112934
685.066 13.720710482467696
686.086 11.101657484389817
687.096 15.455392843541297
688.106 16.731654866011585
689.136 22.09534961794386
690.146 24.16015433013352
691.156 17.48289375489952
692.166 14.93647312011931
693.186 17.10601136033476
694.376 12.215144442443687
695.409 8.510947823289591
696.416 9.265226542282058
697.446 6.300186827212264
698.452 4.9939273510128634
699.476 4.555704652381852
700.526 5.809941874627347
701.536 6.04003858253338
702.556 5.277196339410652
703.565 6.579497517322696
704.576 10.16016965012293
705.666 10.997570715737421
706.676 14.034207294709914
707.696 9.677303102039627
708.706 9.019121537496403
709.716 9.461844066059236
710.726 10.433455019673673
711.736 11.85554958703958
712.766 6.271153708192853
713.806 3.799175035494868
715.756 1.6562277742150353
717.016 2.6287888448471906
718.027 3.5494495655778864
719.296 2.545030858722868
720.306 2.664722904058844
721.346 1.4989890445540868
722.375 3.312992065363733
770.056 0.041393247434818564
771.386 4.593107597914346
772.437 19.87530043085677
773.438 26.114146167532088
774.447 28.35633961427927
775.647 23.4733075006024
776.667 32.77056631314531
777.677 28.693170042218416
778.678 33.47840797593424
779.697 33.41295344409825
780.816 18.705952372006898
781.836 24.884732494747716
782.837 25.094360215379325
783.846 23.2360929095349
784.847 29.613755957593522
785.857 29.074308527764845
786.866 27.947005852582393
787.867 32.40791443500039
788.877 29.79152415150349
789.878 29.953378877801665
790.886 29.436990948224008
791.966 27.133634517724666
792.976 32.154323042310054
793.986 28.931982197216673
794.987 33.87738629076209
795.997 27.027718227181637
797.006 32.541839072163604
798.017 31.59010113364319
799.026 29.99848423527535
800.027 38.89625833383795
801.036 34.142257387188046
802.037 28.196039909502442
803.046 37.16526976001199
804.056 30.319165845344006
805.058 34.19595015871902
806.066 36.504970775781
807.146 34.0107060241662
808.156 40.32613994809051
809.157 28.34082514361895
810.166 32.719663329388545
811.187 24.3621889459703
812.195 27.590103877672757
813.197 25.758879208073676
814.199 47.631700293043856
815.206 42.097805078866365
816.207 54.08652237148079
817.208 68.14222048856718
818.318 54.16935975790869
819.32 74.89759200351885
820.457 60.46286357491793
821.458 74.13344657904453
822.468 65.6113995043822
823.469 57.848973048092205
824.476 75.30119586193454
825.488 53.25911876660776
827.411 35.52734946082469
828.419 111.85936852272077
829.42 73.13213548481976
830.426 63.87517823417221
831.437 67.00468228165904
832.438 79.58497096877441
833.446 52.710448456618344
834.467 51.341508009455
835.469 32.77007406133347
836.486 36.52006670282416
837.496 32.79232419375455
838.497 51.981174731857166
839.507 68.39455453751033
840.509 71.36051453415065
841.647 69.21647686358811
842.657 85.44878112348694
843.658 33.4957035876115
844.659 86.93403360327837
845.661 69.7974891424983
846.666 68.48595127951802
847.667 83.34912500108132
848.668 69.8614304947597
849.669 66.30443072049643
850.677 71.33609673312927
851.687 74.2518803946046
852.697 89.71233776998108
853.949 16.765855288127668
854.95 111.45685246914077
855.957 81.96161941249512
856.965 64.30612515566835
857.966 71.64274747015696
858.967 69.03071702480615
859.986 69.47069841712573
860.997 68.14943165909543
862.006 59.06482099353314
863.007 62.550758877084846
864.008 56.76157697756467
865.026 54.99066676666817
866.027 48.99244062308106
867.036 51.36716246696415
868.037 53.7736290329557
873.552 0.16887682993871994
874.946 0.3632729829279797
875.986 36.330495287565846
876.996 43.94792950921142
878.005 42.18615883231254
879.006 25.99936619912841
880.016 33.07437965903797
881.026 37.66141704403166
882.036 25.776259424724763
883.157 27.728591558105098
884.165 38.62614542874185
885.166 30.642713825029688
886.206 29.846604681166784
887.225 8.451800221705774
888.396 6.741832385788502
889.399 23.381761538920138
890.405 31.390400492080857
891.406 27.55374378494214
892.415 39.1213365894863
893.416 36.402807650365375
894.426 35.35199052718067
895.445 22.34442109356574
896.446 38.717012903728104
897.455 24.238694149283397
898.615 22.834120937859158
899.616 35.66984059186061
900.625 35.1423888455862
901.635 36.89381582152232
902.645 29.850090917084902
903.676 16.374679126948003
904.855 1.5218377908393739
905.875 7.2121683305278905
906.955 3.654947094332563
907.975 11.433925402056412
908.995 21.0361338973169
910.005 28.101139256662652
911.065 21.228356390225414
912.085 29.37639295605263
913.095 17.815204959162998
914.215 16.886642526147757
915.216 26.707569086367997
916.225 15.33292257691868
917.235 21.495431426074678
918.237 16.95163268574493
919.245 18.83853437801047
920.256 23.248894654535157
921.266 19.498187845937007
922.275 15.389727547976648
923.277 23.099583976701716
924.285 20.243412474441485
925.286 30.803877479295128
926.295 29.730057999040337
927.305 27.4649561422872
928.306 21.50945161318228
929.315 23.98833631345355
930.325 33.87405624983692
931.335 37.48376885042774
932.345 29.539466297859327
933.355 32.0064127407641
934.366 32.66220095856774
935.375 33.659870092917764
936.475 31.896885451702484
937.476 41.04720349515618
938.477 31.391142112155038
939.485 29.601199168812684
940.495 30.46553288747506
941.515 29.397995514167178
942.525 18.622802997191357
943.536 18.367493382459166
944.545 24.36192323981647
945.556 21.888776731941842
946.565 17.071128693594023
947.585 12.906499780198
948.596 9.228568870502507
949.805 16.59169887943362
950.815 10.8365398098393
951.836 10.719789625795977
952.855 6.909820344512257
953.865 17.94246755399622
954.875 15.22670975221344
955.885 15.455392843541297
956.895 14.228347681725896
957.907 16.31133413999656
958.934 9.25950126934566
960.265 0.26960882876027376
961.275 15.63304103714522
962.295 13.544932524476117
963.315 10.730299223468327
964.356 8.790257879479414
965.375 9.332196078133459
966.384 9.29415926182931
967.388 14.832916404200061
968.395 11.403355744347147
969.425 7.008060110672385
970.445 8.267607598410022
971.475 9.591116335710804
972.484 10.515029104853555
973.494 8.349465099384378
974.534 6.397754856993844
975.555 6.502167477941822
976.565 9.148460087159277
977.574 21.847555836671752
978.575 25.396902392370297
979.585 25.958582570791947
980.594 21.571850244877826
981.595 23.922975606328094
982.605 24.51661945545718
983.614 24.00003527774467
984.725 20.556214587508695
985.735 22.561320587698216
986.744 20.44978958086784
987.745 22.30295331255747
988.765 24.30660689187271
989.766 29.57549596812563
990.785 27.98127140590405
991.795 27.66571937862614
992.796 31.620964103684774
993.934 25.52240818226707
994.936 36.35050811837557
995.945 36.90022322457219
996.955 34.63490476323267
998.185 26.98205297901239
999.195 29.311951944647284
1000.205 26.369069369024405
1001.215 38.37200981844735
1002.216 30.115590750956635
1003.225 33.96443312996311
1004.245 19.461590301408435
1005.27 26.607366519096832
1006.276 11.758232195222355
1007.284 17.81774335054242
1008.295 20.231862523793954
1009.305 12.968318133086376
1010.316 24.718750779461967
1011.375 14.700390718472871
1012.384 12.282046242318838
1013.404 8.795327232351086
1014.454 5.783585284165824
1015.474 8.443514143057044
1016.476 7.162661698202083
1017.484 8.900033508926695
1018.494 7.283575937760841
1019.898 1.5316457862051767
1020.904 14.697692461929124
1021.908 12.353186791146745
1022.914 13.911654763535836
1023.964 8.806723683927844
1024.994 8.709935705823407
1025.996 9.132393665207656
1027.004 7.754089135927902
1028.015 10.64834869673366
1029.034 9.666334622473556
1030.035 8.111903931360349
1031.044 11.736400976845891
1032.055 15.299736296303452
1033.065 17.054490166602218
1034.074 11.93294357693661
1035.075 7.528308064613798
1036.084 4.826732689529524
1037.265 11.61323682552565
1038.435 15.28948086725611
1039.514 16.798484397048796
1040.524 17.653010080645963
1041.534 20.335783495604623
1042.544 20.2507253327314
1043.754 15.119743920691787
1044.756 22.741450891791615
1045.764 21.30074686469789
1046.765 20.924021363379048
1047.775 18.87927608371749
1048.784 18.47589704775639
1049.804 17.905177423917536
1050.825 23.456155533177434
1051.835 20.00710836547924
1052.844 20.627613838092778
1053.864 10.094952558920859
1054.875 14.020325784032652
1055.884 10.729900082333689
1056.894 21.140135038866834
1057.909 17.85808683702592
1058.924 19.287267883487058
1060.304 6.370876160476918
1061.344 7.705933668970921
1062.355 16.32746800165828
1063.544 13.497290249385628
1064.555 15.440105610263807
1065.564 17.798804272501332
1066.574 22.738968781302138
1067.584 19.895169225942265
1068.604 18.443698336915872
1069.614 21.448032602488833
1070.615 22.388907261499035
1071.624 20.701577290111043
1072.806 20.12349174211538
1073.984 18.42597215342622
1075.194 19.200504130476812
1076.204 23.44956155571783
1077.214 16.944624922671256
1078.244 16.48406267623605
1079.254 20.074245877243296
1080.624 13.022304734372877
1081.635 16.85988543649496
1082.644 20.44978958086784
1083.654 15.768744518370436
1084.664 14.211855488313835
1085.675 11.693075208122503
1086.695 23.92329007199496
1087.704 17.93958180947108
1088.715 25.91098182871857
1089.723 19.054008873489742
1090.744 17.106139946990204
1091.755 25.201091915602998
1092.764 23.08790602851412
1093.774 19.985681500022626
1094.775 17.011282303481085
1095.784 22.250083772316735
1096.795 18.992538996748426
1097.804 19.433279572462126
1098.824 17.54847804171663
1099.835 23.426367132814054
1100.836 15.075353041877968
1101.844 24.920093824994748
1102.854 19.852315495029035
1103.954 19.005804380461782
1104.955 23.12266048417095
1105.964 16.726919166451015
1106.974 17.89753606643265
1108.144 17.060119112716265
1109.154 17.94246755399622
1110.155 19.896242742193603
1111.164 17.848329888000386
1112.174 24.515450717341366
1113.184 18.23698955918167
1114.195 22.006587306582897
1115.214 16.67140247192097
1116.303 17.24425689273161
1117.304 23.83964220461036
1118.324 23.21966389340687
1119.356 10.45301854813427
1120.364 21.538081091602603
1121.554 17.913590665087998
1122.564 23.44956155571783
1123.604 18.214621210242868
1124.634 21.078044408092644
1125.755 17.171686793865224
1126.764 19.56066829474315
1127.783 17.777560657613886
1128.784 21.150960752962572
1129.794 18.61202463456773
1130.803 29.19210990927956
1131.814 14.237106859474197
1132.843 10.985184216732378
1133.853 9.429249258607053
1134.856 20.92989734613716
1135.873 17.040144268502463
1136.874 19.954287863201404
1137.884 28.372156639741153
1138.893 21.662972177856396
1139.894 22.711103542668724
1140.903 22.9085219093837
1141.909 28.715082268323965
1142.913 22.528543407432476
1143.914 22.36230870717718
1144.916 26.368202859483223
1145.917 24.66249403289243
1146.933 29.66864713652918
1147.934 23.57221536041868
1148.935 28.141532527246817
1149.943 24.324025791304788
1150.954 27.00252542779629
1151.974 22.67702820743433
1152.975 24.424941427052396
1153.984 22.163167895547595
1154.993 30.76359649991423
1155.995 31.165644023544615
1157.003 35.059886387621056
1158.013 31.507881004473557
1159.023 29.844896525459056
1160.024 26.01286201733113
1161.044 31.342092488825582
1162.053 25.141594215573175
1163.073 22.550884698444033
1164.074 25.63209650570888
1165.093 19.426629621437204
1166.114 25.12999863096434
1167.123 17.226204964697345
1168.133 23.627209749321754
1169.153 21.108785357642606
1170.154 13.718826771463274
1171.173 23.970290641880993
1172.183 21.677235132979277
1173.194 29.10548643773867
1174.203 21.026938485896146
1175.213 27.8907663958159
1176.223 18.169531452037536
1177.234 22.53900474141958
1178.235 21.086757345978782
1179.243 22.34845256373119
1180.253 27.37444386820684
1181.263 25.437448023646244
1182.273 25.20565550462561
1183.383 24.031525282728452
1184.393 31.088433880686512
1185.394 29.728797980719584
1186.403 25.479859090424608
1187.413 25.37836902618498
1188.414 30.830213978894598
1189.423 21.088293054178433
1190.427 34.312288549474836
1191.433 29.15770923565606
1192.443 31.413083357301872
1193.573 30.891746862731846
1194.583 38.37200981844735
1195.594 31.564933252951594
1196.604 34.88163193038647
1197.643 31.21216188949522
1198.644 36.74531317251972
1199.653 33.89436933270854
1200.654 29.418001079973553
1201.663 26.807187187274923
1202.853 31.311254730036634
1203.875 34.76133635705725
1204.883 29.07604514480642
1205.893 29.574788160915077
1206.923 32.634371821990186
1207.924 33.518895430542386
1208.943 31.183775690082005
1209.953 34.456477410884865
1210.973 30.303374155146475
1212.143 27.04071197563544
1213.163 31.83908458111093
1214.173 24.72543399881618
1215.183 26.469580846984517
1216.203 24.08479491123228
1217.213 30.37784110627082
1218.223 24.477531658472692
1219.233 31.976674848706132
1220.243 27.59455621335205
1221.253 32.5096194295179
1222.263 25.484074895770945
1223.312 30.31146628866327
1224.314 29.933986828345336
1225.323 24.014593988862497
1226.324 27.96228709713696
1227.343 25.34642300743145
1228.522 22.982086796178024
1229.533 27.863179089786414
1230.543 20.71731156052299
1231.553 30.555489299874747
1232.563 29.003032362593643
1233.564 30.17822182960613
1234.573 28.73811581564597
1235.583 32.66960669159395
1236.593 15.24618872081036
1237.603 24.77049534617039
1238.613 30.67729778350083
1239.722 28.44564077066934
1240.731 20.80543809531772
1241.732 20.25473360241331
1242.733 11.824040101274257
1243.802 11.916886775806654
1244.803 28.320777957356665
1245.813 11.05093832419608
1246.853 21.70936169599403
1247.862 23.65062621091672
1248.874 13.267863351082728
1249.916 8.265244170746817
1250.922 9.452791057274348
1251.942 6.750542237484903
1252.952 8.5271132929883
1253.972 10.730299223468327
1254.982 7.143197504072361
1255.993 13.514503274669051
1257.012 17.607917128553694
1258.013 7.45440863290184
1259.022 9.968037529997899
1259.893 8.533125607474634
