0.0 26.469584003721067
30.566 0.07360498650312818
35.537 0.4525870081381243
36.7 21.22836545952809
37.717 13.299139691120688
38.721 20.207009560562362
39.728 18.281364565475485
40.74 17.154375861650088
41.753 17.61676512637964
42.76 16.975552810798664
43.772 13.441918388585272
44.784 16.891681502444918
46.016 13.719267185184119
47.044 18.86660956971678
48.045 21.01822077058235
49.057 20.975384722816216
50.065 17.408808254094215
51.076 22.85419665762691
52.085 25.505944197006862
53.088 11.127783532867657
54.117 8.762698455373982
61.628 0.7747259528769977
68.42 4.658605563986792
69.428 30.00387504967246
70.441 34.754206757169264
71.448 41.03979800412864
72.453 25.124321386813175
73.46 30.220214893949272
74.484 10.716129429032401
75.488 4.1162426882627035
76.52 6.916970183342083
77.672 4.23967799614937
78.68 11.367927813851056
79.688 11.181568341492843
80.7 6.3111777042101895
81.72 5.156676223370817
82.729 3.2422718153705743
83.74 8.175484983216132
84.741 8.444820845323266
85.76 8.479996088621853
86.78 5.893344255280933
87.781 8.444820845323266
88.92 12.437903822352533
89.928 17.704149874030332
90.941 33.19369429075743
91.96 20.354793560802086
92.968 14.536038843940695
93.969 6.568193990806985
95.088 6.379189659704227
96.1 9.652389429968526
97.108 7.345396746750659
98.129 16.374809974730752
99.14 17.28000235088864
100.148 13.976960426866054
101.161 15.283045301697031
102.168 14.923562910592235
103.189 12.143117509350894
104.2 12.263227474824197
105.201 19.03184965556804
106.22 20.09390377521265
107.28 19.21305088885204
108.288 22.922215100060324
109.301 22.809074847838904
110.308 18.358818729704435
111.32 18.562287365324085
112.321 24.396149108711654
113.332 23.117150852993515
114.341 24.947419871524964
115.36 22.93566193560004
116.361 24.95913716506654
117.368 20.037719557146065
118.369 25.522125221421426
119.381 27.499358579908805
120.4 22.56656218212408
121.409 25.878293747328133
122.42 19.958848216185885
123.428 29.07207768788139
124.568 14.733927480332149
125.572 25.44586389107853
126.573 28.712390874099103
127.58 23.395521212029315
128.581 30.401355043163758
129.6 24.410443864056017
130.601 30.213692357712127
131.62 28.65044190836694
132.728 29.400818204957897
133.729 22.33185956874375
134.741 21.161007596469457
158.579 0.09437914327773371
180.649 0.10193973799069397
208.68 0.277858404529967
209.693 19.100282189653715
210.701 26.27668560250818
211.713 13.441918388585272
212.72 11.938850328473785
213.721 22.519522254195373
214.733 26.24989667065889
215.736 25.845810611083753
216.74 22.15571456529279
217.753 32.822815024938905
218.76 28.24567915797179
219.775 32.08105649330187
220.78 23.815911001778787
221.785 32.3364280872784
222.793 23.745030314273492
223.801 27.581201909015675
224.813 19.119155986283804
225.832 11.137406507952246
226.833 15.388340207033506
227.84 19.027542711005097
228.852 17.33999873530333
229.853 16.88964169064653
230.88 13.535468122827558
231.892 9.466766556315285
232.893 7.694170103516753
233.9 15.9337397567332
234.921 25.599214108876552
235.94 18.142620668118123
236.952 18.562287365324085
237.96 18.07686881874676
239.08 17.177439154786327
240.085 25.046713084943967
241.092 24.623878802477186
242.1 22.99959242484064
243.113 27.815944936388906
244.121 21.15698677544048
245.144 9.18134643876245
246.152 25.717607185433536
247.16 16.84972983701957
248.181 21.158462326899283
249.192 18.766454166018846
250.201 13.668059224366079
251.212 19.50968007358395
252.22 6.522581532537491
253.237 12.745008870657328
272.81 0.1149445673864311
290.996 0.5623176785973386
292.001 13.831766927506369
293.096 29.67863947736511
294.108 31.076091385643153
295.184 32.195595167845006
296.188 27.691087175585462
297.208 26.15171513280914
298.216 21.881435590691353
299.237 26.494074565856497
300.249 23.651176439513517
301.256 28.727858602890052
302.277 27.85837307745112
303.289 35.45396886776901
304.476 23.487656164841077
305.496 33.59486245522262
306.504 35.594659220418876
307.509 25.3112371561038
308.516 33.39147201245012
309.525 28.37586646205617
310.529 30.497616281219123
311.536 28.6187682307366
312.537 34.7175968085512
313.549 28.662994028151022
314.636 22.466002997074856
315.649 11.017933744784067
316.737 15.711747868082956
317.749 19.304778859937052
318.856 15.173150250748556
319.868 19.304778859937052
320.876 20.12682301468712
321.925 15.653933871596275
322.944 14.563471543502748
323.964 12.155022526516925
324.977 12.424455404920378
326.096 14.674811393038821
327.097 17.077304376098155
328.136 7.4127663846200855
329.144 9.504333090268915
330.209 8.642879867339818
331.217 11.367927813851056
333.776 1.2050027016693354
334.777 14.450026779775364
335.789 22.831613459348624
336.928 14.74686332535439
337.956 10.415826696316678
338.969 8.530223113825931
339.976 24.81042333885959
340.977 19.03184965556804
341.984 19.214087247387504
342.988 18.148888216431008
343.996 15.917932475228504
345.008 19.490401733590286
346.016 19.754104069970687
347.036 21.43983992870569
348.048 20.604138975509734
349.056 17.51779040167212
350.057 14.152619833825709
351.069 15.406698513218991
352.076 18.281364565475485
353.084 16.29065141994493
354.096 21.53225334377594
355.105 24.388895546043056
356.124 14.824361329092183
357.144 16.575030717977626
358.156 17.63417299705788
359.176 17.940666777132638
360.184 23.108574572418537
361.197 19.471161455472235
362.204 16.86646243864521
363.216 15.406698513218991
364.237 14.350957056505603
386.565 0.10076182450083374
471.528 0.20655566791064817
472.584 1.5775908921998574
473.589 2.0260139086560027
474.725 1.6308722292345075
475.728 2.0300538167490356
477.108 0.8047999913831155
478.448 1.3813731195381833
487.685 0.24356501217436569
488.784 7.721766940487849
489.888 2.5358961152817385
490.948 2.4252942693619843
494.244 0.28080096786728853
495.424 3.1373558986121455
496.584 7.021186131721664
497.628 1.9503294810337954
498.829 2.0036236255083395
499.869 2.491784588705416
500.884 1.4589477676304756
501.924 1.9578307482685406
505.188 0.34026470223918487
506.704 3.4014162159401176
507.724 1.6332705707480875
508.944 1.6689704739338382
509.964 1.814745078608986
510.965 1.4793526315134191
511.968 1.6609531227946652
513.025 1.576098374799479
514.125 1.6827636183465142
515.164 1.781559172455405
516.265 1.681235222689524
517.285 1.6332705707480875
523.248 0.3104209257389176
524.328 9.426592491663346
525.384 1.7528787691109526
526.464 1.7139259075751534
527.508 1.2411187606578697
528.528 2.1776940943307834
529.584 1.7528787691109526
530.604 1.814745078608986
531.784 1.5686779493060727
532.864 1.885318498332669
533.944 1.371140726060123
539.824 0.06296054354357708
541.284 3.2963725674459115
556.684 0.33484071320553366
557.945 0.8807486027824739
559.008 0.8706679116562399
560.344 0.6927544836007358
561.468 0.6587330890324433
562.485 0.5460294926788101
563.784 0.8549838245640489
565.044 0.5876317397400526
566.089 0.7085320498301113
567.244 0.48078960524186126
568.324 0.5407127498094935
569.584 1.0283555445450923
570.624 1.0679076808737495
571.644 0.7258980314435944
573.008 0.5428269736601659
574.009 0.3698381578783548
575.449 0.3856333292044095
576.624 0.47260595238668063
578.105 0.12498581905342106
580.368 0.24538753603815722
591.632 0.03286647692083036
592.816 1.4070405254755483
593.832 1.821889744272801
594.872 1.525808748785491
595.976 1.7483105648616888
597.116 2.1720036761738446
601.036 0.09444081531536562
602.396 4.735030705106474
604.561 1.5278954315859767
605.612 2.289583229529511
606.616 2.2123983826866525
607.637 2.1755611912021537
608.696 2.4470783496257154
609.756 2.4447697851449357
613.533 0.4900820704742298
615.012 5.617939749440596
616.092 1.885318498332669
617.172 2.399496270605215
618.197 2.1670711963096574
619.472 1.8873348817533457
620.672 2.7765599702717485
621.776 2.011999978457789
622.952 2.203619024025197
624.212 2.79125076376525
625.232 2.5406431100525806
629.292 0.3191448241691665
630.297 5.905611103269921
631.316 7.629409143043079
632.356 3.0257384291422906
633.376 2.722117617913479
634.412 2.6800771913819967
635.433 2.7194514890026924
637.036 0.23094697195023903
670.093 0.17838772349086984
671.216 2.8021086075761197
672.236 3.9924391729397692
673.357 3.632727882603537
674.397 3.737676883058123
675.433 3.752108067934796
676.44 3.1248937103356327
680.197 0.6897673601952709
681.856 8.046457789705686
682.892 2.317431731657905
683.896 3.5029641059205328
684.897 3.698381578783548
686.852 1.2308705750565299
687.918 1.7380657090902965
688.977 4.344886675458799
690.136 1.7568110251935136
691.217 3.76714889583586
692.312 2.8737606998246408
693.332 3.266541141496175
694.476 3.397888075507385
695.592 3.1514121526381857
696.612 2.9035921257743778
701.832 0.2836842881503702
702.853 13.959850976880487
704.013 2.074441357099582
705.016 2.9528055516349605
706.113 3.7122041535082633
708.061 1.6153839662771983
709.413 3.4032803175376247
710.641 1.8103080490769348
711.732 2.884296944370286
712.773 3.734086415351055
713.792 2.906441578302125
714.836 3.014145561597684
715.856 2.9035921257743778
716.985 2.2973900463241423
718.036 3.1762363816264045
723.392 0.2419208338548947
724.512 13.386985570953074
725.896 1.6049479596946525
726.932 1.9653899403467976
728.116 1.4070405254755483
729.212 2.702248146249877
730.232 2.359168602191682
732.613 0.9449013093047526
746.056 0.161148625592363
747.196 1.786091208946739
748.277 2.5685106107971776
749.356 2.401720085499196
750.46 2.011999978457789
751.496 1.9653899403467976
752.58 1.707601457731703
753.72 2.1108350651188736
754.756 2.144061753105597
755.76 2.581131446467761
756.796 1.9653899403467976
757.88 2.561402186597554
763.26 0.1323148607500464
764.277 11.886808214013778
765.36 3.5629011238626327
766.456 1.8577956005467904
767.516 2.0955169586956597
768.556 1.9578307482685406
769.676 1.6527142680188982
772.6 0.31652530440854415
773.62 4.87396371112461
774.901 2.1708834794931575
775.916 2.735527064307141
776.981 1.9118722799993264
778.017 1.786718127587998
779.056 2.3160269241920264
780.061 1.8418308260509113
781.116 2.280902345246935
782.2 2.2198818950512136
783.316 1.990365570087275
784.356 2.135815361747499
790.14 0.38403319090895555
791.176 1.1743562767381055
792.256 3.5010878183226577
793.316 0.8731320661231914
794.32 7.55902780751273
795.616 1.5710987486105574
796.696 1.7139259075751534
798.017 0.9808690281050841
799.36 1.1026299211801436
800.8 1.285444430681365
801.92 2.644342828830237
803.04 2.1485285484245678
804.24 2.4680533069082213
805.4 0.7751336456452903
806.416 1.8254832151688025
807.418 2.403948026209306
808.56 2.4313134590820913
809.636 1.720297379350526
810.761 2.3035164197810065
811.876 2.4901883141450663
812.965 2.379665722914263
814.02 2.105448318689478
815.021 2.1400130797115486
820.636 0.13186393447417033
821.681 4.20336112944466
823.096 6.239552199606182
824.116 0.907372539304493
825.296 1.254942359444858
826.556 1.3221714144151184
827.68 2.305565811613552
828.84 2.074441357099582
829.86 2.722117617913479
830.88 1.814745078608986
831.944 2.2658681489976606
832.977 1.6127163428490312
833.996 1.8165259864388281
856.521 0.05635351942218734
857.66 0.812572423257755
858.76 1.17793453284256
859.96 1.235055866676341
861.22 1.9113200748494963
862.404 2.1887297062952977
863.48 2.0643568552206313
864.541 2.0935419191492923
865.556 2.370790122399523
866.576 1.4517960628871889
867.6 1.265359361451969
868.965 0.9492512718877775
870.1 0.9785233375407045
