0.0 27.957623328578354
1.005 40.586678457723494
2.01 14.944503990158625
3.021 26.955943415314202
4.141 21.17882299167688
5.143 41.63606635100818
6.151 33.561282113144934
7.152 39.0496574575787
8.153 36.057626052753186
9.161 48.88893357619803
10.261 37.221246583357484
11.262 37.3750550336948
12.271 24.76723520416833
13.272 35.72517811888368
14.281 28.3461090700488
15.291 20.080662826502405
16.301 20.27452065839037
17.311 20.700813788086432
18.441 19.71853986629608
19.465 24.058154615772605
20.471 22.86119191524501
21.481 20.73575187042919
22.491 17.764316492291655
23.521 21.969015296426246
24.651 8.056783625554777
25.661 24.72742777808974
26.681 16.215944317322265
27.701 16.104229513589434
28.711 13.438666485014359
29.712 30.977880376912132
30.721 19.48744907446498
31.722 27.46685808857901
32.723 32.69691527502084
33.731 24.555627450940317
34.732 29.13595235450114
35.741 21.307851426643804
36.761 26.391120838820257
37.762 27.875318602320732
38.771 29.470214504917678
39.781 21.42905444191837
40.801 21.731972468341556
41.812 29.926378772919797
42.882 27.01089494602517
43.883 36.990585607964285
44.891 23.729063746926283
45.911 31.92170424448048
46.912 33.63746384786815
48.112 38.865730372957785
49.152 41.431548674936685
50.153 45.88075255823743
51.162 34.85054717238395
52.163 34.84313842394126
53.172 27.02892513875111
54.173 31.48022438302422
55.182 23.70251051442756
56.192 28.73061484049976
57.193 23.747872236312052
58.282 21.862493440556513
59.283 22.1031362689319
60.782 14.940886759424377
62.632 1.08570285085566
63.642 64.50686078104242
64.652 23.487732418851255
65.662 22.22110562114022
66.672 30.755824048433027
67.842 25.46999578299636
68.942 25.545650536606917
69.943 29.13595235450114
70.952 24.23122986879929
71.953 23.641503585895045
72.973 22.348726671920033
73.992 20.23264762766197
75.005 23.046846187326047
76.012 24.127262706458904
77.013 29.63829636061323
78.143 19.691711682064227
79.152 25.41641611102898
80.202 17.194236516573064
81.203 29.13595235450114
82.212 26.88721280835336
83.232 30.898388213407777
84.233 22.54758341469043
85.243 28.544413274036476
86.252 25.185936245480622
87.253 29.805744362650593
88.263 24.449257559992677
89.273 31.199707532086386
90.283 25.652437770671543
91.284 23.785694920982774
92.293 30.732267846669025
93.303 24.073651866374533
94.313 34.51882535464877
95.314 25.557363328503815
96.323 25.491218849268062
97.334 33.15834817792289
98.343 29.470578803967545
99.344 33.8244964115473
100.353 25.153756496075818
101.354 24.469685736322525
102.363 27.095956163926395
103.373 34.0209576812644
104.374 27.473712685153636
105.383 27.06244065133875
106.393 27.726886409773034
107.473 31.667049314082274
108.493 32.75817823190659
109.494 26.15787494984541
110.503 32.72571224753404
111.504 30.356560158826127
112.544 29.42259536478701
113.563 37.875443616435334
114.564 32.5786734841085
115.565 30.84666381391209
116.574 30.826985599634103
117.583 33.39019371448905
118.594 31.057081916033244
119.603 22.75849024320895
120.614 10.92662102841137
121.633 15.62656305568501
122.644 20.392384129422577
123.733 22.76947517357639
124.734 20.763552252632994
125.746 23.519163938334817
126.753 20.14048605240062
127.754 13.30232388114945
128.874 28.023536247874116
129.897 33.26093485630327
130.904 23.067845495725663
131.933 34.426090512911614
132.934 31.48022438302422
133.964 19.719464710517673
134.965 24.94497856666688
135.966 36.67111244618248
136.974 22.603478467636588
137.984 28.04654560065212
139.014 18.89782034757944
140.024 13.150669931258399
141.065 18.51659630598562
142.084 21.075420044246787
143.095 10.964554372635382
144.194 24.82039418136299
145.344 21.117287966380122
146.354 25.816452657225067
147.364 34.23082880089281
148.374 28.911748389779124
149.504 21.04865082579598
150.544 26.902331569210336
151.545 33.48960040747257
152.555 30.745633774416387
153.556 25.216102341895507
154.564 30.59647103893814
155.634 23.713344722775044
156.644 29.872060403061433
157.647 31.584566358371532
158.654 25.830214731429905
159.864 31.608205484817358
160.865 38.68048847063082
161.866 29.659716974908946
163.265 12.525669146369662
164.274 18.439360708001416
165.284 16.927500895068146
166.54 10.116094531998318
167.854 4.209520434779458
171.265 12.223495513720554
172.275 14.604118419274476
173.335 14.684730765513244
174.345 30.867795749830144
175.365 16.234443327832864
176.394 10.425062004394183
177.445 6.219793103269847
178.465 6.525826266225531
179.475 9.12757401204655
180.495 7.559128139031776
181.505 6.6382356451247615
182.535 2.9292020395234997
183.565 2.962272140522018
184.737 1.7128537297202346
185.775 33.652563389086225
186.776 29.161045074104692
187.777 27.187900488693664
188.785 15.918158297479591
189.786 21.22721674950254
190.796 16.947274879171857
191.805 18.55302201155951
193.045 15.214062475250245
194.096 16.787915471775523
195.113 17.964684419168755
196.115 11.207819513612593
197.125 10.003959612334812
198.167 11.903592421224202
199.175 26.938197327760754
200.176 30.39732052774312
201.177 29.473786042822137
202.205 25.082030419133975
203.366 30.94871608007966
204.367 34.34042720729838
205.546 28.31211173926628
206.666 35.347904903814076
207.676 34.70419129152286
208.677 45.713304556200065
209.678 41.37654818764468
210.696 40.86841021498155
211.697 33.65704840950994
212.718 32.66097295525405
213.726 29.14682416628059
214.736 36.67625193931431
215.756 24.084630573794367
216.782 34.63399162607491
217.786 27.808744991145165
218.796 25.391251342602217
219.806 26.85974261607143
220.807 26.36840898749473
221.808 33.65704840950994
222.817 28.47607503068285
223.826 24.947198934801975
224.846 28.428894957662983
225.856 18.920548654822433
226.866 19.914706935374284
227.886 17.247144209848376
228.946 9.875935421436278
229.966 7.723457011619423
230.976 19.25088337086181
231.986 13.091590604519077
233.016 11.514309619978427
234.018 9.327743740921292
235.036 6.421417044731443
236.226 14.188809703596952
237.229 28.102411650438967
238.236 24.270838255863435
239.256 11.996007698898254
240.257 15.457972100359976
241.526 11.814240196280291
242.527 13.730736167063757
243.547 18.076175984641203
244.567 10.375542427547842
247.462 0.6936643300732948
248.498 18.856714291706112
249.553 4.289684503378017
250.607 2.86250294184934
309.545 0.005687856732138866
310.579 7.456780175834053
311.598 3.913614760975959
312.716 1.4992437391717375
313.953 12.36063244605372
315.259 14.500838695388055
316.359 14.457946437841649
317.369 14.598416718336596
318.56 15.465218778707607
319.569 16.995157841317226
320.589 12.0082602902754
321.619 12.851183996661902
322.639 9.859732355258837
323.64 9.240975410681832
324.649 21.503358583405053
325.65 22.522613098597137
326.659 28.452848691659444
327.799 18.01163176102442
328.85 25.3301050814601
329.851 36.76524074557336
330.86 32.191042675347845
331.869 32.084060187703955
332.87 26.28015605659638
333.917 27.871544201815684
334.98 32.93953008667374
335.982 41.35653118246364
336.99 36.087649763766635
338.006 43.058693366420734
339.009 33.35636681035729
340.069 17.710311702276254
342.873 2.3910905854408027
343.94 4.4725977652163245
344.95 23.86986769447521
345.951 29.952628574964066
346.97 33.182999434267394
348.19 38.95676522138102
349.54 33.87750755845611
350.541 44.953913178539395
351.551 44.830897408343674
352.56 45.76773966574212
353.562 47.999098735253014
354.57 39.66849390443565
355.572 37.78872820231314
356.69 32.664663373363645
357.811 32.70807954523196
358.812 30.62254298662378
359.82 30.081692026217638
360.83 27.269537206883406
361.95 29.564737206099803
362.951 36.67111244618248
363.961 29.15219033145744
364.98 33.72047817279396
365.99 23.556880706821303
367.009 25.002500889096012
368.021 20.2066056371609
369.03 24.918055010812722
370.04 12.954871094795838
371.05 15.76580965717131
372.061 15.418631902734145
373.071 19.367101019765858
374.11 25.46057468952915
375.15 6.191917740469494
376.331 3.4062411523671514
377.351 18.56916260240415
378.36 11.2961849382351
379.361 18.675837981617455
380.37 13.787990439316372
381.371 15.405216187437384
382.372 22.764604838383587
383.381 22.256729018527285
384.43 8.097364736202909
385.46 8.13667233200972
386.48 6.737483776093539
387.5 0.9859732355258838
388.501 7.489258775333369
389.721 19.138223963209295
390.731 29.374192729677073
391.741 22.454632734021533
392.751 28.88530220245023
393.761 25.31106359111414
394.962 24.19455078163264
395.971 28.29292140876841
396.982 28.823766741769422
397.991 21.81349850785737
398.992 26.46853505888841
400.021 25.202026299287766
401.031 18.089192132964975
402.043 18.464969995260795
403.061 18.139973569813684
404.062 23.476870864593685
405.072 12.43252453723315
406.091 8.853248778293562
407.121 10.089473691692055
408.127 8.90419930815725
409.141 8.7609653373651
410.161 11.85328381752731
411.202 9.929542424115589
412.203 18.921624230222005
413.211 22.762105766715756
414.222 19.358246026344307
415.254 23.798016034324977
416.262 19.492195442939074
417.401 13.171481943818216
418.412 17.076549311630295
419.422 12.666146664324403
420.423 21.150469748568746
421.431 21.85896336659454
422.452 23.147677233648807
423.461 22.685023268152705
424.472 19.470349359913673
425.473 20.13182773617479
426.483 23.06786886680855
427.492 15.06145848463018
428.512 20.376780200868268
429.522 20.74448639101488
430.542 11.4079420610405
431.552 22.07213352003983
432.563 23.66543789126894
433.572 16.919626504978407
434.662 14.433103005900874
435.712 20.59508911748387
436.752 18.37323202354964
437.772 6.260954070278337
438.812 2.7398679333363503
440.032 2.0608456972057407
441.072 0.8058435098048089
443.292 0.15100490994540564
446.482 0.2627201411275866
449.742 0.7198209510894489
450.842 1.8285321822480025
451.978 1.0328416815808115
453.002 2.618991406865629
454.292 1.6813594771960783
455.293 5.358336065195612
456.302 7.070558825826421
457.552 6.79891394481455
458.553 10.301112213054349
459.563 11.716024925058736
460.573 10.978685812283366
461.582 11.827940118022376
462.583 17.063538944456532
463.584 19.65812615146383
464.586 19.91143923867591
465.724 17.70876291166944
466.725 29.180874442767013
467.733 23.947738468032348
468.863 23.308585928554912
469.873 28.633335546110242
470.874 30.06915671673276
471.884 26.630582763482963
472.885 25.62847976796559
473.914 34.803599812294664
474.924 23.73605969161387
476.113 22.884522497036514
477.133 18.73349147499179
478.137 19.304055344908647
479.203 18.368082716854552
480.204 27.79636833820224
481.213 10.298977005736104
483.224 3.5840200654869268
484.245 27.704777184244904
485.254 23.922790006579675
486.424 20.783955557754542
487.834 22.667902332404207
488.844 29.81383026582349
489.854 29.141636119083064
490.865 29.005919509720513
491.923 27.108568899461915
493.003 24.903732323816104
494.014 23.25471551562939
495.034 22.939373650365546
496.035 28.298712344314325
497.044 23.49571008712047
498.045 25.61954431171652
499.074 16.122338385564788
500.084 31.53161931434262
501.094 22.12975709334821
502.095 27.79636833820224
503.164 23.411389681219383
504.174 32.1954428788551
505.184 18.78734721589065
506.194 28.21250149178024
507.204 20.20658549827944
508.205 26.12188831782861
509.214 17.949014186882206
510.234 25.723163124858452
511.244 20.53340214352736
512.245 19.984086699289485
513.246 20.42865624855827
514.264 15.249300808467993
515.265 16.374284778175543
516.434 18.124611730557213
517.584 19.535425147453747
518.587 26.957044783518228
519.605 26.17745686622471
520.745 21.716750906151287
521.746 24.217289698163867
522.855 28.51395665446491
523.856 28.298712344314325
524.865 23.81932907641782
525.874 23.62697917808874
526.875 21.511804910859897
528.034 25.971159325712662
529.095 25.038476505284848
530.194 23.88720173515781
531.205 21.733139998912204
532.207 20.752612652681986
533.325 24.679546554665407
534.345 30.072183683539453
535.346 20.722791883716006
536.354 18.487434328618495
537.355 26.456784321903335
538.356 21.88905252948501
539.365 27.44568325179745
540.366 27.29402433209015
541.375 11.927272325619086
542.425 8.141321859056584
543.434 8.80437943715383
544.445 12.6001723076107
545.475 9.764006798411666
546.794 2.328363933800176
548.505 0.6861451171203519
549.545 28.24940974042498
550.555 21.67604727403595
551.556 29.843689450831576
552.585 20.54482134318088
553.595 26.165833480652683
554.605 20.823703640215655
555.608 18.448762262809744
556.635 24.545542814390167
557.636 35.447934168142
558.646 38.13346112369367
559.655 31.444472489156436
560.665 34.44749343653229
561.676 47.961748914564176
562.686 40.82514921751729
563.696 39.39887479354557
564.705 26.49401270053167
565.706 42.53179251749017
566.715 36.44674681187364
567.716 39.77171576460969
568.718 45.135269493208774
569.719 41.363940626087775
570.721 41.958644555129126
571.736 52.38270461980371
572.746 34.1288047479405
573.767 46.152307563070764
574.776 33.716141254161684
575.786 35.18264891916124
576.866 21.577374788868152
577.876 26.884854362755288
578.886 24.15046416829052
579.887 33.32215240543521
580.906 14.566876227355122
581.926 30.050578692322752
582.927 29.497287516792294
583.928 39.685176482855
585.017 35.48829765294996
586.018 52.702177781585526
587.027 50.03902459240063
588.028 56.79412712961845
589.036 49.190872435134914
590.037 46.83513272774424
591.046 60.63393385964429
592.056 39.916274310228204
593.057 37.8202366005149
594.066 31.3871561053109
595.068 32.85650990693079
596.076 32.64719989929413
597.077 31.482550049719187
598.296 35.519126400505826
599.297 41.862000509340724
600.306 18.695098641007124
601.317 15.750215384513375
602.327 11.782868270096452
603.356 9.28482084766357
604.587 5.446480911109675
605.608 9.882957005619396
606.626 3.622337820104917
607.63 4.34063914444662
608.666 8.898503621782831
610.347 6.578642994265157
611.367 16.487183055847783
612.37 19.38523649508517
613.377 16.580055775557145
614.387 21.906177628911717
615.388 14.350220332495843
616.437 15.638114361578767
617.447 13.442427181377644
618.477 11.716808158093999
619.587 1.6575217308042478
620.607 3.779564069515888
622.332 1.7490307830198286
623.375 26.641926613924028
624.377 26.518300636953036
625.387 19.916162688805233
626.398 27.06695601374614
627.407 21.168932055628357
628.457 22.00962161913912
629.477 30.577630248626054
630.478 30.63918986401931
631.479 27.819135391110823
632.489 26.697790046878414
633.507 28.09803251067627
634.528 27.0591051060621
635.537 24.393707245039383
636.538 27.00564166191469
637.608 25.7582678705613
638.609 27.628920336164875
639.627 13.443450878358766
640.647 5.751510540567655
641.657 5.8084561894841675
642.958 1.8037019988867051
644.649 0.19824417509095238
645.657 18.75290714179006
646.697 17.086238675434473
647.717 16.43288725876473
648.718 11.916716144992325
649.737 14.475132093687165
650.857 11.261553651384908
651.863 8.997250797343552
652.868 7.6719509470770255
653.877 9.302740537370083
654.888 10.679751308972667
655.889 9.042192110017595
656.897 5.993194621531135
657.948 5.422383731055765
658.969 3.6116943201437857
660.007 4.682897929809833
661.028 5.261413944645933
662.038 8.131838665277835
663.048 4.690194928943962
664.138 5.648332215770551
665.198 6.16698353918548
666.258 2.8463000950086834
667.268 1.9479194033948886
683.338 0.08344266336746745
684.418 5.496535181773137
685.508 8.7173253330084
686.528 8.709430247145306
687.548 12.661011089720779
688.557 9.206687021222164
689.558 12.437175870623076
690.568 15.834594006783622
691.668 16.6796754161018
692.669 25.18342060465576
693.688 20.442088651058587
694.918 21.29196830684378
695.928 16.907726910964428
696.938 14.604118419274476
698.038 5.748358938186688
699.039 21.394175137498852
700.198 12.773406488428481
701.238 10.314796925501552
702.249 1.4921256680065302
703.318 0.8412911198154789
704.328 4.978676733843571
705.579 6.0730150354237376
707.038 8.617711921514141
708.058 14.310641956258902
709.068 4.1121395040715285
710.069 12.458106870877746
711.078 10.956293924710417
712.09 15.40581756120519
713.119 12.705544317855413
714.132 7.44759191961087
715.138 15.678323361891426
716.139 16.430957603426496
717.149 20.221143032588927
718.158 18.352536101116762
719.228 21.07090735250314
720.238 30.328196478091932
721.239 40.68986449507918
722.25 33.54325648864323
723.299 31.463112862370487
724.331 20.464677039694216
725.332 26.571231603997585
726.339 29.425200479485994
727.34 30.42241324734667
728.35 29.606385401913343
729.351 29.153700863489018
730.53 28.268973216804568
731.54 41.98684045541412
732.541 35.306558113790274
733.589 30.27138320010931
734.59 40.02007248692973
735.611 28.78214099286656
736.619 34.91988542487505
737.629 29.235046964235586
738.63 29.903299960328795
739.631 36.00132043803302
740.659 26.406077917020077
741.67 31.54466613848926
742.739 34.19745246463023
743.74 32.15001639117367
744.741 30.148596594892297
745.759 34.81654592772981
746.87 32.33625393799411
747.879 29.569425279497764
748.889 22.880561925359853
749.934 27.90917541325899
750.939 17.339979591683168
751.96 8.372564105787866
753.025 2.8329371837645114
754.031 6.8312459757608455
755.039 7.316547422354772
756.08 4.6663541343070625
757.1 3.943892942103535
758.139 3.549124062431959
759.15 5.139543967578049
760.179 10.18751176340864
761.2 9.996945330381724
762.689 5.3541108834492
763.71 11.491754655002955
764.72 9.281034686225691
765.73 14.438162528146357
766.739 11.93965849331452
767.74 14.065632171138484
768.76 7.155513364255098
770.78 1.3276471290249525
771.83 22.59179474657338
772.91 18.079038926744033
773.942 30.308779379277006
775.07 22.436823456812927
776.071 28.47313734643658
777.08 28.152909140603366
778.09 19.645513863434743
779.1 25.585351800062003
780.101 26.20855000309356
781.11 25.102754629094623
782.291 26.408160077168425
783.471 29.420340935897702
784.57 28.32812505022589
785.591 25.06668985570554
786.67 27.464200605139357
787.671 29.248563583941472
788.871 28.041995360240524
789.872 33.48960040747257
790.881 25.402329881100837
791.882 19.83830411856836
793.02 23.5461859933469
794.021 29.973192364687957
795.022 23.70809109547715
796.03 24.20822758828265
797.031 29.13595235450114
798.051 23.533979334512736
799.06 21.603783688151363
800.061 25.452096309679156
801.071 24.425237628382032
802.08 27.742101245371497
803.101 20.07691928911873
804.11 20.931166209082686
805.281 16.92489893782564
806.291 26.221030798242815
807.312 29.55022625572188
808.321 19.594552995125497
809.331 28.04654560065212
810.351 23.779396900369502
811.361 29.374192729677073
812.561 23.287479381265943
813.571 26.05507490711469
814.572 27.29402433209015
815.591 24.03022950660702
816.601 31.86353109659886
817.611 22.553381341754196
818.612 28.298712344314325
819.621 21.812769909757638
820.631 25.225295451474096
821.641 19.001585595811896
822.651 19.25088337086181
823.671 15.734612533794122
824.681 21.574265846655475
825.682 14.011897030133804
826.871 16.09139317682584
827.881 15.599853766043193
828.901 18.490185505324906
829.911 23.23382475793667
830.912 9.075363461298387
831.922 27.0508102538834
832.932 23.802417785507938
833.952 25.2450647558561
834.953 31.38132234673315
835.954 39.72287676401546
836.962 30.707327818064726
838.081 27.94959532758676
839.282 35.39550225252092
840.662 36.701216879945655
841.783 42.34204840486336
842.862 39.61379753947966
843.992 40.74474567956931
844.993 47.55523257861106
845.995 41.33134122414336
847.002 50.427991547674665
848.005 51.531614097160684
849.092 32.71656064429424
850.222 38.19761626328073
851.233 40.95055999973478
852.242 34.434639090453956
853.243 41.78672235053006
854.432 37.41780649284893
855.433 29.52507311362159
856.442 31.251029693677758
857.443 30.949360359021266
858.444 31.897987563545797
859.473 29.507923035154903
860.483 29.103907842664317
861.484 31.613889016229486
862.573 29.247464425147307
863.743 29.9716187995616
864.753 36.67625193931431
865.762 25.034144974703253
867.523 1.1399571670824051
868.533 74.92593071191202
869.558 31.07663176272904
870.573 27.412970154227036
873.202 0.9980572245783523
874.203 80.29804916997988
875.213 28.37845738290836
876.222 23.705303473809867
877.223 31.647672385061586
878.233 23.821949144039824
879.242 24.012043273796767
880.253 31.855274584602434
881.254 21.843396020157574
882.413 25.770931473526986
883.423 31.86353109659886
884.623 27.008285067721708
885.633 31.53161931434262
886.643 26.53316859639533
887.654 26.858262024117547
888.663 24.86668884478166
889.673 28.544413274036476
890.683 21.690999740788197
891.684 29.63829636061323
892.694 24.542789717931115
893.833 23.921920678381664
894.843 32.36139876998321
895.993 26.842337923421265
896.994 27.79636833820224
898.183 30.46755441185261
899.184 40.02007248692973
900.194 26.186456654257785
901.243 14.06116263438248
902.244 13.563288165026394
903.273 26.140699892919304
904.333 15.812778305603796
905.365 12.343773452513972
906.584 18.43738590232339
907.593 17.110397774091403
908.614 17.96186693804895
909.623 22.2601291429927
910.624 15.04951158661825
911.633 17.442638507568905
912.833 15.994634888658629
913.834 24.614856299492345
914.853 14.304629889832432
915.854 22.605480275043988
916.873 14.00823501500738
917.883 17.59132445958062
918.884 15.74011219151211
919.924 9.700164529207447
920.933 15.947555206920143
922.033 10.654407912791541
923.043 13.110515399121407
924.054 15.087048420954918
925.056 10.839385802840631
926.064 19.4553647367161
927.084 13.82837072700642
928.497 1.4277841900655157
929.504 48.33622939256753
930.505 16.22752296937233
931.514 14.94160409722437
932.576 11.675727376341742
933.704 11.103761447403489
934.724 10.517047845609426
935.734 10.62117703219962
936.744 9.646064859036008
937.764 8.216443629382365
938.784 4.85382803702417
939.794 9.293529903174667
940.824 7.811205438729332
941.854 4.648014591061635
942.874 3.779564069515888
943.877 13.963922908579672
944.885 21.327045312364334
945.894 20.799775685097796
947.035 16.175140279784536
948.045 23.25760206397549
949.275 20.596307261295582
950.276 26.795107624265377
951.285 20.934566333548098
952.286 26.09214426483513
953.295 21.274214481039536
954.296 24.874841355287195
955.304 27.269795237253444
956.315 24.54687307510678
957.316 22.948087700265173
958.325 25.19759381507632
959.345 25.97512942050631
960.535 21.765029692785088
961.735 21.17942103482743
962.875 23.28798453196307
964.015 24.604170795161043
965.025 31.199707532086386
966.026 23.492660917417385
967.035 30.23390674645277
968.036 19.2670469361792
969.045 21.761768042776442
970.055 20.57853049988676
971.085 14.470429373610973
972.095 17.59132445958062
973.096 18.264072573098677
974.105 14.58908404997101
975.125 18.076175984641203
976.138 13.444709250921914
977.335 15.60910536084252
978.336 19.08907223225937
979.346 16.1423645446433
980.356 19.58279515311805
981.365 16.023936574375313
982.376 17.97446671532266
983.377 21.026107782143335
984.555 14.936616169061988
985.636 20.24363546421427
987.016 17.90290052678968
988.025 19.269962541695172
989.026 19.363990516306096
990.035 25.250295744290224
991.036 19.326535042166153
992.056 18.85902047488513
993.065 22.2601291429927
994.066 17.730515671869977
995.067 26.12188831782861
996.076 17.589451024664772
997.246 16.9111941755464
998.257 19.23184194319528
999.266 17.64956036789261
1000.565 14.330812114894252
1001.576 12.67709541539035
1006.933 1.6270306892008237
1007.983 7.423203313009195
1008.984 15.019033112563204
1010.013 22.614663869021346
1011.193 22.686711289993085
1012.203 29.82705335948794
1013.403 19.887997903675913
1014.413 17.143195028420333
1015.415 13.260434272662746
1016.463 19.621332567297795
1017.473 21.7402217377836
1018.483 14.159385746119737
1019.488 17.345280402087187
1020.663 12.793165280971618
1021.683 19.719464710517673
1022.703 11.447524049603517
1023.704 19.08907223225937
1024.713 20.59892547560518
1025.733 18.425014468555332
1026.743 24.063604213577264
1027.744 17.215074490159935
1028.753 23.09073097668646
1029.754 17.343842982954747
1030.774 22.020068926744738
1031.783 17.988237051251076
1032.863 21.809383202048743
1033.873 26.05507490711469
1034.884 18.696169797923282
1036.044 21.27292802384879
1037.284 23.530805306152576
1038.294 29.47136427119288
1039.295 29.357625111584227
1040.304 32.48187475015728
1041.313 32.012050408847166
1042.314 30.27907873683077
1043.325 29.510929878351376
1044.334 31.217635614106733
1045.335 29.739646467109527
1046.494 25.447226255262695
1047.503 24.997593636700064
1048.504 27.9638163402396
1049.955 1.383504184170996
1050.964 64.12428305640739
1051.965 31.647672385061586
1052.984 26.34788111401183
1053.985 35.1640804278462
1054.994 28.442526885246586
1055.995 26.132782230241858
1057.004 30.762756207628023
1058.006 19.175305505238406
1059.014 27.270767665140518
1060.034 19.44161918252409
1061.054 17.747518239465908
1062.064 8.961618120918429
1063.094 5.207470292486222
1064.114 5.149731368901295
1065.484 3.792758358555772
1066.534 3.9946484756768417
1067.554 1.8076175984641205
1068.604 1.5963376194228596
1069.614 4.148897278202976
1070.644 5.858404079046999
1071.704 3.207404769180513
1072.725 3.775862243786685
1073.744 4.4412337105631075
1074.784 8.624872671930303
1075.804 8.560957669281029
1076.834 4.202163013570809
1077.864 6.183870972327387
1078.885 8.208396182144966
1079.904 10.695577238023212
1080.914 10.10887313729169
1081.975 8.948780003832837
1082.995 11.831678826310604
1084.007 11.76769386266809
1085.015 8.030795705411602
1086.055 8.058435098048088
1087.075 5.915839413155302
1088.104 4.779939510718153
1089.125 4.432533938358282
1090.141 4.85114575962336
1091.295 6.9608309418188705
1092.315 3.943892942103535
1093.338 6.062337880212912
1094.345 10.02607529362926
1095.355 10.569133847043213
1096.635 3.4675790831033404
1097.755 3.1455982581120687
1098.766 8.408113596081632
1099.775 8.314032916034618
1100.785 6.532392055475891
1101.815 6.470319904717438
1113.083 0.04462605166118218
1114.093 2.7398492698308257
1115.094 5.525784067232975
1116.163 6.56138303064808
1117.255 9.29008981917415
1118.314 14.819156386774253
1119.324 18.369182042850724
1120.464 18.566652654634936
1121.465 21.733600071453246
1122.484 22.128733137242584
1123.544 21.97872153042707
1124.594 22.88223950788504
1125.595 29.945406767858653
1126.774 23.755477968931412
1127.775 26.029106457050595
1128.825 30.617825555338314
1129.944 29.807990324734224
1131.114 29.378991324319827
1132.684 22.38189451481996
1133.697 17.247144209848376
1134.704 30.109496148851303
1135.705 30.839931620847725
1136.714 31.652122947579873
1137.715 31.10983136097374
1138.975 26.062242066506396
1140.044 32.20013106764051
1141.164 30.62119501796703
1142.324 30.159648049064877
1143.364 27.79123351094678
1144.374 28.821855615418063
1145.375 29.303400356538507
1146.404 9.257553175891296
1147.415 21.387134574760267
1148.464 20.768901601083346
1149.465 26.6242323239407
1150.595 17.68016406718965
1151.634 19.358858522356144
1152.765 19.868589842268165
1153.775 19.436082908433924
1154.784 18.079554679750743
1155.804 14.789598532888256
1156.81 12.05893709991587
1157.815 13.407139042239711
1158.835 13.281448682495046
1159.844 14.285501508416274
1160.894 17.625527733048717
1161.923 20.727519138270527
1162.924 18.434213452361785
1163.925 21.265896258745084
1164.945 16.18074814797418
1166.005 19.74169888021983
1167.016 27.189845505896773
1168.025 13.142816822004248
1169.035 17.4253685684525
1170.055 21.097286575821435
1171.065 12.707150385962784
1172.066 18.419280224109915
1173.205 12.632862760101046
1174.817 1.2453254163970937
1175.825 42.77564411061309
1176.995 14.517016875850816
1178.005 18.2551480240931
1179.015 14.386725906919514
1180.035 14.625269660300608
1181.075 9.525329475325819
1182.085 9.791397576559024
1183.135 6.553502707924503
1184.142 12.983123240390485
1185.155 12.078902125247993
1186.175 11.339724698157175
1187.185 11.450956487840214
1188.196 10.760102130763466
1189.205 12.957388605622615
1190.235 12.38082723641678
1191.315 13.843613057455988
1192.325 16.595589112811904
1193.335 11.052929237261734
1194.355 20.86976681863121
1195.365 11.858931386863507
1196.383 10.927433901094012
1197.385 17.39721237933895
1198.435 9.576508729033318
1199.455 6.08016828574295
1200.465 9.293529903174667
1201.475 6.124475996785885
1202.486 8.289587044480722
1203.515 5.375422596015752
1204.785 3.6310120399242916
1205.825 4.51272365490693
1206.835 4.314853169331096
1207.875 4.3515549529459685
1209.145 4.137448021255027
1210.185 4.190386250985006
1211.215 3.905602719364666
1212.256 4.186360903961966
1213.306 4.310111572441721
1214.526 6.450688066838437
1215.536 7.633970991893476
1216.546 5.651962695657212
1217.556 7.965882774149715
1218.557 6.160323864427192
1219.626 4.9324416962042665
1220.646 9.371310428401108
1221.666 9.830662481599328
1222.697 9.20572486184992
1223.706 9.357628260883178
1224.716 8.608233975555702
1225.717 7.647159303570356
1226.726 5.773289909254723
1227.757 8.453931524780614
1228.786 4.931281042694407
1229.796 4.679195016055042
1230.806 3.251546600809192
1231.826 3.779564069515888
1232.846 3.1222485791652983
1233.889 2.123351765503075
1234.896 2.504214891026896
1238.957 0.4943276462034266
1239.967 11.551403474575656
1240.986 3.454292885993528
1242.016 1.9225862314318876
1243.036 4.108221814691182
1244.047 5.947293933242728
1245.256 6.373692021955111
1246.287 3.9018145498987447
1247.307 4.690700398885262
1248.337 6.183870972327387
1249.376 4.442183489757757
1250.487 5.173328613057508
1251.497 7.4418115390082855
1252.502 9.723680900171981
1253.507 12.01826818683192
1254.738 9.313761052196213
1255.747 11.218224941563843
1256.767 10.047485299596916
1257.787 10.499990316437318
1258.807 10.375061933768345
1259.808 15.755535033805025
1260.997 13.464763222139934
1262.027 15.227948809433164
1263.028 17.916936217997826
1264.037 13.505415809637226
1265.038 13.602946902351032
1266.047 16.50493275321464
1267.048 16.991198469892144
1268.057 15.037050448289177
1269.059 20.742830144596436
1270.068 16.68817517529708
1271.238 17.04806714075951
1272.247 22.24434285083185
1273.287 19.778274377048497
1274.298 26.360886801448704
1275.299 21.23150087236168
1276.338 21.781428153354934
1277.34 28.939593669477286
1278.539 21.513261400335207
1279.547 7.229636679947415
1280.602 19.484756023953228
1281.978 17.23225465901187
1282.979 25.11720030560443
1283.98 24.782304301529706
1284.998 18.695673121761594
1286.005 24.135293203290004
1287.008 19.852618495174628
1288.019 23.874010688104484
1289.038 21.548208003102484
1290.039 17.202099718072244
1292.448 7.723252367942477
1293.628 32.38785626613114
1294.638 23.897648322449143
1295.708 18.76009152081277
1296.719 24.371385910773327
1297.739 25.142317505910036
1298.748 18.355207627482443
1299.893 1.753244167014948
1300.898 40.71249611246199
1301.921 17.113504583811878
1302.929 23.44620878527325
1303.939 18.97101477376198
1304.94 18.251832222072554
1305.958 12.53014025451364
1306.968 13.774338963633882
1307.969 13.289471512572021
1308.988 13.29448248885667
1310.019 11.380292437204673
1311.02 8.666413333515619
1312.028 12.63767282043097
1313.048 8.218485727945223
1314.058 14.160058172479973
1315.08 15.110610220983371
1316.088 17.2230349684488
1317.089 14.79882919760325
1318.1 18.184978596846967
1319.338 16.897070372154488
1320.34 18.51730955513422
1321.349 21.161160342564557
1322.379 8.326528019756614
1323.409 17.83941617353564
1324.528 17.56369007910284
1325.629 17.248554907524767
1326.639 13.442427181377644
1327.64 15.785279086798505
1328.648 17.409011801851953
1329.66 16.367742842741254
1330.669 14.76989781172101
1331.679 16.221703106629988
1332.699 18.242186585457087
1333.7 17.833579427509928
1334.709 18.645189671175526
1335.71 19.38308546390684
1336.809 24.02723135089666
1337.819 30.369928076445788
1338.82 16.95508943436508
1339.83 22.75682288372924
1340.87 21.435437360807917
1341.876 16.260382349877467
1342.889 26.970699265964697
1343.89 21.52282122678341
1344.899 28.074341978849
1345.907 20.28679058016551
1346.939 13.907523913449129
1347.95 11.273838380493784
1348.959 11.960666405190107
1349.969 11.029531109272598
1350.979 12.446691834608929
1351.989 9.12757401204655
1353.009 9.859732355258837
1354.02 8.447258868236126
1355.05 11.360968617601785
1356.07 12.817652061836489
1357.08 10.812608608369336
1358.09 12.833436996097557
1359.091 15.294073800120188
1360.109 16.90308440114339
1361.11 19.423968236334094
1362.13 12.273853226891841
1363.131 19.915785540563718
1364.15 18.83712676874938
1365.17 21.593340448721875
1366.18 18.953424419804684
1367.19 22.265384787998237
1368.191 16.45139898964012
1369.21 19.30342264078652
1370.23 25.91477721124523
1371.24 21.574265846655475
1372.25 20.598668422348215
1373.26 28.04654560065212
1374.27 16.284057878588946
1375.28 25.889119015986573
1376.34 17.544554947230672
1377.341 22.438032273006627
1378.351 15.36863159609422
1379.36 20.10056437538893
1380.361 15.361028520233083
1381.37 9.634981270847586
1382.38 12.778603616865167
1383.381 16.902823135483537
1384.43 19.123970768248345
1385.45 16.778157040613902
1386.451 15.783810244675369
1387.46 24.58581427733522
1388.461 22.299838709921698
1389.47 17.034745004735964
1390.491 20.033719128215168
1391.492 12.688103066658599
1392.498 25.992057858992485
1393.501 15.567265499059058
1394.511 22.404045302296073
1395.531 19.58546403440812
1396.54 21.395040332578322
1397.57 10.903140924893027
1398.59 7.723457011619423
1399.6 11.652942276384307
1400.611 21.746515474173684
1401.62 14.525574582277759
1402.621 16.577352201698925
1403.651 14.437478229810289
1404.662 13.855729643587605
1405.681 11.559610986500884
1406.691 15.433897874915072
1407.701 12.091487997457516
1408.71 9.5884724254814
1409.711 7.953657693264476
1410.921 10.011622000042912
1411.922 14.974355831317853
1412.991 11.646609612780688
1413.992 22.601685766225888
1415.102 15.979697213630587
1416.121 10.022863579172219
1417.142 10.667434868816496
1418.15 10.808535964842276
1419.171 7.728373013598479
1420.266 1.833300978294169
1421.421 17.806038637701153
1422.423 22.415639027225186
1423.432 16.58908583373361
1424.442 19.987737232493533
1425.533 17.16014167961168
1426.542 18.663161757635567
1427.552 18.53853469198439
1428.553 21.920020617581102
1429.561 15.463062046328337
1430.571 12.612647725737048
1431.582 9.847035627940107
1432.591 12.459027505406361
1433.592 17.136981050613272
1434.618 19.762617828755165
1435.622 18.29907436890443
1436.631 20.26668474212768
1437.635 17.78126814168089
1438.642 17.515243633797148
1439.652 21.07639817327112
1440.653 18.05733304426746
1441.672 23.447419787224867
1442.692 14.953927405475905
1443.722 5.044736845846027
1444.744 18.959026886408882
1445.762 13.617484275002855
1446.783 16.413382348071835
1447.792 13.70578028706335
1448.793 23.610168287268163
1449.802 20.550109402923184
1450.812 24.106670252576155
1451.852 23.456760240920882
1452.853 32.31746439321103
1453.863 22.467249263756415
1454.872 20.693157496503773
1455.873 15.572664189474747
1457.072 12.123589242871398
1458.102 7.485738545448943
1459.104 10.705976848823967
1460.112 9.311969446633347
1461.132 8.52444014203933
1462.151 13.355812752143446
1463.152 12.893496156876942
1464.182 11.088119367528627
1465.183 16.460824059930236
1466.184 23.397308582923884
1467.203 19.66449660386629
1468.423 18.403492679554873
1469.463 21.952638092977963
1470.464 19.300952708521557
1471.483 23.1248123027804
1472.503 22.33190938963767
1473.513 20.01369816867878
1474.523 18.992487136868466
1475.533 24.56147188696162
1476.543 17.535763203632758
1477.963 13.098969326574887
1478.973 12.612647725737048
1479.974 16.269874583922714
1480.983 21.42952730929894
1481.993 17.06919422901379
1482.994 18.808768193761153
1484.063 19.502595259003133
1485.083 24.429625107472525
1486.093 24.005495389125237
1487.103 20.00350789466214
1488.113 13.940294854762
1489.123 10.963400401258408
1490.124 30.308088368762682
1491.125 24.53309075463784
1492.133 28.180230846527717
1493.144 22.862778022912277
1494.145 19.25652023429673
1495.154 16.003657260599457
1496.155 24.131484837470747
1497.164 25.507126574445532
1498.254 30.41990488544959
1499.255 34.32684041765939
1500.264 22.277858363419494
1501.273 18.771601441478918
1502.373 15.463661415516917
1503.393 15.118256278063551
1504.403 10.28926524994338
1506.154 3.5418456033454078
1507.164 12.315431400251748
1508.165 20.596104250595637
1509.173 9.336158590324345
1510.183 12.446691834608929
1511.344 8.890991091737154
1512.363 12.17227016969148
1513.373 17.880534141195703
1514.384 15.554973794913105
1515.404 15.2825851506512
1516.413 10.513427713090369
1517.414 21.600792262819812
1518.424 23.4577681607309
1519.434 27.961747963299374
1520.454 22.051661392746603
1521.464 24.56147188696162
1522.474 14.335410598478582
1523.484 18.753015697477455
1524.504 19.04572948928562
1525.505 18.462488663232133
1526.514 17.77487924104641
1527.524 16.93866167137208
1528.525 16.062523037540192
1529.894 23.68507923554804
1531.014 16.43444457342506
1532.015 16.075008195586836
1533.074 13.012390882094735
1534.104 14.483276750977302
1535.114 9.459485794302786
1536.644 2.4101567979521605
1537.664 4.33393376760945
1538.694 3.580135826084277
1539.784 2.152858991331746
1540.844 2.3719167458405694
1541.914 2.506399252925611
1549.106 0.2791246622959004
1550.114 12.60325640544054
1551.154 2.901036635297312
1552.194 3.248232662109413
1553.214 5.422852795392361
1554.404 3.9994929365880774
1555.414 3.651029604818619
1556.474 4.585705708625102
1557.475 5.247193677878416
1558.494 5.9216449474174775
1559.505 4.874252943596056
1560.525 4.433275856520257
1561.804 5.922820285251156
1562.814 6.4786943028113075
1563.825 4.5306713753050785
1564.874 5.752293804974651
1565.875 7.997478149937997
1566.885 12.657654769310536
1567.889 15.976939819856684
1568.975 12.0602279489904
1569.976 18.134324852221773
1571.199 14.06843944510358
1572.275 12.943523553226147
1573.445 12.761964064828229
1574.455 20.030075394776947
1575.465 17.34032830552793
1576.675 14.699768036748836
1577.836 17.648058510282215
1579.045 17.878648926454826
1580.175 18.031694166700426
1581.176 20.42865624855827
1582.195 15.67285596716884
1583.206 19.373152739889207
1584.215 21.132380717625164
1585.235 19.193804515749
1586.246 22.97318465737897
1587.256 26.290057773426952
1588.326 28.608312233046018
1589.327 33.65704840950994
1590.337 23.605648446758074
1591.346 25.58399367396719
1592.356 31.327449895652105
1593.357 27.469795772825275
1594.375 26.837267337045255
1595.376 28.466160346351693
1596.396 21.42425664016964
1597.406 20.642341025276668
1598.415 17.665589526086706
1599.426 22.381885020097954
1600.436 16.32178615500769
1601.606 17.39124442232291
1602.616 24.56147188696162
1603.636 17.960376983782655
1604.646 19.25088337086181
1605.666 11.940630790811333
1606.667 19.53094890430241
1607.696 19.563066086576463
1608.846 17.466868090172436
1609.847 20.093760244483548
1610.856 18.123391998751245
1611.877 22.326837615434314
1612.886 20.00855465097608
1614.046 16.667854930219928
1615.056 20.57853049988676
1616.066 15.433897874915072
1617.077 10.291813178426134
1618.086 5.149731368901295
1619.326 2.838648750667262
1620.336 12.612647725737048
1621.356 7.559128139031776
1622.366 5.702186189024933
1623.376 9.957353467687142
1624.386 11.616912378968335
1625.406 7.900278722473968
1626.437 10.242263193484204
1627.446 8.966735380377301
1628.466 7.723457011619423
1629.476 7.136103318509119
1630.496 8.052114756794717
1631.537 6.678427351881071
1632.556 8.224506871413162
1633.576 6.765232291859435
1634.577 8.372400101868143
1635.606 7.316547422354772
1636.626 3.600099642874115
1637.646 5.915839413155302
1638.676 6.021137525687193
1639.7 4.060824669508667
1640.736 5.915839413155302
1641.737 6.363024077419789
1642.767 5.85340787673787
1643.837 6.323253232207247
1645.047 6.365879417486429
1646.087 7.091422886282317
1647.107 4.602409666902864
1648.117 7.525881299645556
1649.187 8.140072062018914
1650.197 9.857149106523527
1651.207 8.989641374464185
1652.227 7.401646302801947
1653.747 4.595769685430289
1654.757 6.970147427381
1655.777 6.4115888701503465
1656.917 5.154041814910613
1658.207 3.451526496544361
1659.227 6.244497158330597
1660.248 5.265014118410031
1661.267 5.843007118559228
1662.277 6.6382356451247615
1663.317 5.241752841847303
1664.328 5.733388653513072
1665.337 6.185555000686055
1666.447 6.863670843554452
1667.467 7.7614160201996105
1668.537 7.478546637852646
1669.657 7.426930142886411
1670.668 7.88456073011443
1671.9 8.855083044144521
1672.905 9.057408145185711
1673.907 10.369091726627902
1674.918 11.01824277995563
1675.923 11.542306826270824
1677.108 7.99975309922913
1678.118 11.9677489558269
1679.128 15.473931094266154
1680.138 13.933258713179084
1681.148 11.757635210626681
1682.278 10.712437362025069
1683.288 10.455221141071501
1684.298 10.227031790770337
1685.318 8.923490225910795
1686.578 7.479526336228598
1687.598 10.35271897302178
1688.618 8.861866898690426
1689.638 7.230470393856482
1690.648 3.5411202207820143
1691.658 10.62117703219962
1692.678 7.448254199413063
1693.828 8.73769581600001
1694.879 14.200648483830037
1695.88 20.349216370398732
1696.888 22.840872425568854
1697.89 20.3461562826422
1698.898 17.59523174222688
1699.91 19.532884841126418
1700.919 21.57524692924521
1702.029 18.052482446784705
1703.03 22.438032273006627
1704.031 20.249702316556352
1705.038 16.257619160369014
1706.239 13.821147517229642
1707.248 26.413138311461484
1708.258 16.428308519726222
1709.269 19.23184194319528
1710.278 7.51731089397837
1711.368 6.304801331757257
1712.369 8.874744107980234
1713.378 14.966983597698345
1714.379 17.201854911051722
1715.38 20.151901911857628
1716.579 15.488951418135906
1717.589 17.259412677324384
1718.609 14.595899478028914
1719.779 10.982406071051347
1720.799 10.681376718197075
1721.819 10.164245288014456
1722.829 9.791397576559024
1724.029 11.68987977316155
1725.049 17.254531621702967
1726.059 7.9575121919217615
1727.069 7.965882774149715
1728.119 7.023885525460582
1729.309 4.558169918204979
1730.319 7.136103318509119
1731.4 1.8570440066902083
1732.409 19.146708029823948
1733.419 13.32184227218075
1734.42 17.445682703492093
1735.529 14.65328171109029
1736.53 12.247083219187385
1737.539 13.373903852635713
1738.54 16.3122261984731
1739.549 13.902987506057306
1740.749 11.901656739121961
1741.76 15.467109019953332
1742.859 17.085173959805253
1743.869 23.06786886680855
1744.87 19.21257737411295
1745.872 18.593490836850425
1746.88 19.257597215182155
1747.892 19.812633973709875
1749.1 20.159624082608136
1750.31 19.258339595562887
1751.5 19.58530398308553
1753.1 14.26829581608239
1754.11 21.906177628911717
1755.13 15.256037869334042
1756.139 22.42624950973145
1757.14 15.555650101548437
1758.32 16.913871711993227
1759.33 23.731692431321026
1760.34 18.566557945530143
1761.52 19.064201498682902
1762.65 20.321519164068878
1763.75 9.59656372816622
1764.881 11.41148510436235
1765.89 12.055019859105318
1766.9 16.761545003940025
1767.904 13.513119428290311
1768.92 18.642269541783687
1769.93 14.08587019785684
1770.941 20.392384129422577
1771.95 14.523267354961943
1772.96 20.080662826502405
1773.961 16.007319054412374
1775.111 15.919099438556387
1776.113 23.08476258027668
1777.281 19.989137730443225
1778.29 25.74865684450648
1779.301 19.53470273302214
1780.311 26.884854362755288
1781.312 20.479576108826944
1782.351 21.106651176838596
1783.36 23.75521244364146
1784.54 8.979488111127994
1785.63 6.304801331757257
1786.8 3.295004573424108
1787.905 5.321727335338425
1788.93 7.031672538238254
1789.96 7.648471992089138
1790.99 5.484402649049359
1792.026 6.309848022718735
1794.182 0.9311060163414263
1797.061 4.203643571884395
1798.071 13.195191723688238
1799.081 8.645234375258974
1800.091 10.882848711412597
1801.101 5.433842306586776
1802.102 11.751471406139665
1803.291 9.870154620501433
1804.402 12.167121005256337
1805.521 12.929714031986409
1806.522 13.231819459238983
1807.531 13.123508972361368
1808.541 7.896855798965578
1809.551 11.285000596712095
1810.601 5.587181667980008
1811.701 3.758315324148992
1812.711 13.110515399121407
1813.722 12.774447544013672
1814.731 11.853076752463108
1815.812 10.50617206226372
1816.871 17.885312421579062
1817.872 27.648015283765627
1818.892 36.366007246441946
1819.923 25.666623836052683
1820.972 32.31465916663156
1821.973 36.82215837784483
1822.974 33.028139173787736
1823.992 37.78300089355128
1824.995 40.04251919166839
1826.003 27.5548381616524
1827.012 26.451010956336013
1828.022 30.038016294189546
1829.023 25.490898222431966
1830.032 33.80063731067105
1831.033 28.801056350426414
1832.042 25.96723627442589
1833.043 31.194044976033467
1834.062 26.771912159070872
1835.072 20.365505247824643
1836.283 33.83070998164623
1837.482 38.1073986044917
1838.722 32.30652625759408
1839.723 28.059535885263884
1840.782 22.694367762383635
1841.802 29.90785481095181
1842.803 28.513408101312525
1843.812 31.56286968036278
1844.817 25.314219534186456
1845.822 28.757502501995646
1846.832 33.02522233449569
1847.835 29.094957063592872
1848.842 28.341935126648266
1849.843 36.16876844007038
1850.854 26.104685236945304
1851.862 33.80523995931495
1853.013 31.826185940924496
1854.014 34.32684041765939
1855.023 30.926074941197566
1856.142 33.33252334092035
1857.153 35.313640809487886
1858.163 27.724460154054785
1859.173 30.867795749830144
1860.183 24.144432327582017
1861.212 33.55566832664378
1862.213 24.36882524386727
1863.232 25.627515314792
1864.233 32.81980839932312
1865.253 30.230968835406355
1866.254 48.033952707242726
1867.255 49.89950460713414
1868.263 42.61847545336454
1869.403 34.24824995543817
1870.405 48.511457596233605
1871.424 43.589285211847105
1872.443 35.476963499951914
1873.583 31.488729923786373
1874.584 38.01069646248137
1875.595 36.3723254776348
1876.703 37.11086550570047
1877.704 42.486625622203775
1878.708 47.38055118746283
1879.713 42.85819781432522
1880.934 41.45588346644091
1881.938 54.86915442128756
1882.943 58.94959448394067
1883.954 36.545565550820434
1884.955 42.44096911287634
1886.023 39.56163909305113
1887.024 53.45863147499993
1888.054 40.77828950392205
1889.064 51.50249406959434
1890.07 48.471543796344996
1891.073 43.10530055764928
1892.083 42.868056532281564
1893.087 40.37460730519811
1894.094 36.86667253544493
1895.114 31.80015943805211
1896.133 43.11062717001456
1897.134 34.42219275215289
1898.144 28.860554394124108
1899.153 28.904215214443028
1900.159 27.833478624709358
1901.204 29.062577960924546
1902.304 31.673728420290892
1903.305 40.69647428463329
1904.314 29.872157789936146
1905.315 31.32758720572847
1906.454 33.658051387526854
1908.465 1.2502395577279977
1909.494 90.21900072756226
1910.504 38.33581085059549
1911.514 33.19117822562381
1912.704 34.8722135777522
1913.804 40.22770800945606
1914.805 34.34605776877041
1915.814 36.04763385024258
1916.815 27.14077513724309
1917.816 32.5246935360833
1918.984 35.722073492178644
1919.985 44.7512129655468
1920.994 43.99457475702921
1921.996 41.862000509340724
1923.004 28.726735319064055
1924.005 35.909395401826835
1925.094 35.87421490201903
1926.204 34.3592465815909
1927.414 30.720993242686074
1928.415 26.79168032597806
1929.424 26.1192704112365
1930.425 28.115474289453264
1931.426 35.09014870764842
1932.484 42.81122596391399
1933.485 51.23908862343304
1934.495 35.92532579451676
1935.496 35.28293423630986
1936.604 44.59666803895619
1937.605 50.736744617320944
1938.606 43.74101679536086
1939.614 40.881840800533894
1940.625 29.039005142222607
1941.635 44.808090604592145
1942.645 33.7002066753121
1943.654 34.360564950314604
1944.655 28.329313221879634
1945.656 43.034136523602264
1946.665 32.57938546250465
1947.695 36.92749071893883
1948.715 35.91390693120749
1949.716 44.96615352956551
1950.725 44.02189718576914
1951.735 37.11698129053394
1952.746 35.31206627175203
1953.755 32.55327736393095
1954.765 33.5216342544491
1955.775 29.10512097052344
1956.785 42.650664019926595
1957.867 35.35723316703842
1958.876 27.41848225607415
1959.877 39.015384474705556
1960.886 27.717936075063744
1961.986 28.9439624486564
1962.996 37.50603139495491
1964.004 30.984712872852963
1965.005 39.18283247674292
1966.006 28.916850071133542
1967.024 36.88198507743188
1968.045 41.03173058447162
1970.396 2.8404018827988318
1971.577 75.2230262382134
1972.585 19.4553647367161
1973.586 28.801056350426414
1974.587 32.4849123952484
1975.596 29.391161611096823
1976.597 37.675800458406655
1977.606 26.509677559675893
1978.608 31.78336876994615
1979.616 22.38492530001641
1980.617 38.17814446451874
1981.626 28.697050488086077
1982.627 29.058103721975
1983.835 28.87625415660161
1984.836 36.50366444414511
1985.837 29.130076986008604
1986.846 38.207684349912846
1987.856 27.990620406346515
1988.876 42.36434451545281
1989.986 31.38926258525239
1991.046 31.05858528380272
1992.048 34.14498850314856
1993.056 46.559847233166735
1994.076 38.04156398317409
1996.887 7.036195528482034
1998.166 69.52095439859175
1999.167 27.9638163402396
2000.168 32.4849123952484
2001.337 28.187458547814135
2002.338 40.354968491004456
2003.346 44.065569702818514
2004.347 38.064676410506586
2005.349 51.30778753248756
2006.356 38.135977731536485
2007.366 21.07639817327112
2008.506 8.213427898687371
2009.826 5.968125872615009
2010.828 1.6744800203736288
2011.986 23.998784633995726
2013.117 43.77056809799911
2014.127 48.00878598749918
2015.337 38.69246843600785
2016.338 51.490872644040394
2017.346 28.846951716603737
2018.347 26.456784321903335
2019.348 22.775498750796835
2020.358 34.816284305705885
2021.367 28.748659520150376
2022.447 28.434180389237437
2023.457 33.85500179013629
2024.467 18.51730495444972
2025.468 21.46798445418638
2026.476 30.43018587024826
2027.478 23.762323546551965
2028.487 25.249810012223737
2029.527 23.89078598476143
2030.557 30.595165561656962
2031.567 27.01380985418013
2032.577 28.250593706556725
2033.588 29.3310797734682
2034.597 24.715019007020913
2035.617 27.774198396278855
2036.627 28.87826606086731
2037.637 24.754480529348196
2038.638 25.643657803237986
2039.878 21.24322673379467
2040.905 36.06914747683297
2041.908 28.128431610193037
2042.918 29.376497672609407
2043.923 31.756400439260467
2044.924 31.486956576088588
2045.94 34.03931457205576
2046.941 32.51600288685475
2047.942 30.972249815440115
2048.947 30.55198899433652
2050.006 31.022774609421653
2051.008 45.33312071923899
2052.009 35.481839940484356
2053.028 38.330650949940924
2054.029 43.369032527676985
2055.038 35.80841080749745
2056.058 34.69985133868979
2057.059 37.902614162920706
2058.088 39.91760909136391
2059.089 44.37372053990116
2060.098 30.852972265191184
2061.118 31.250793453453955
2062.12 32.36911867454128
2063.248 34.808547604293686
2064.249 41.359656503228635
2065.25 29.360807602851022
2066.258 29.599246240742392
2067.268 33.68904589900817
2068.269 31.412902452380546
2069.278 34.2845478819093
2070.279 39.75690493986808
2071.398 38.015352661051466
2072.429 32.584406028718554
2073.628 33.66039260816643
2074.629 43.369032527676985
2075.639 11.727064388576764
2076.738 35.523707398475054
2077.739 39.18283247674292
2078.749 35.74687468643966
2079.758 41.19785095121036
2080.759 25.535453100167054
2081.778 32.75566652889341
2082.788 27.593442345269427
2083.939 28.264950563590467
2084.94 34.32684041765939
2085.959 28.485050487293957
2087.149 28.800488254134674
2088.279 30.092255992266104
2089.281 39.14372785351263
2090.282 30.67089237317697
2091.289 28.443533078981133
2092.299 28.353830887368147
2093.309 28.43887115029272
2094.549 27.111131080020495
2095.615 1.8831750199175565
2096.619 57.07498698246256
2097.62 26.32005960094154
2098.629 24.151448376878704
2099.63 24.85623602172749
2100.839 31.59212619857175
2102.002 34.437367208990764
2103.189 35.372828735430495
2104.19 39.015384474705556
2105.199 27.40573178932885
2106.269 26.24436366865474
2107.279 27.409860511893992
2108.299 21.11926321363453
2109.319 20.86976681863121
2110.329 18.587059806349334
2111.33 10.736134288522761
2112.337 16.312129199464966
2113.339 28.27047011642579
2114.341 22.894492798012767
2115.349 27.104482496450633
2116.35 24.688053598628557
2117.351 34.82918442377149
2118.37 25.682232984414302
2119.38 37.50603139495491
2120.39 22.747481799213983
2121.399 31.23062894688528
2122.4 19.26570049756632
2123.42 21.24467280938506
2124.58 17.270661300818116
2125.581 21.768240264857173
2126.589 21.783357098374434
2127.809 12.914633035822643
2129.269 11.648944646544726
2130.51 8.238954433846425
2131.511 13.61151514806932
2132.52 21.92351682091681
2133.63 19.307986719971133
2134.879 21.60615488898594
2135.915 16.83619592746567
2136.93 18.330359560959042
2137.939 9.554471180827269
2138.94 11.05156813446595
2140.009 9.721382509301044
2141.03 3.775862243786685
2142.089 2.0576023139869717
2143.09 1.0046880122241773
2144.742 0.2029242736554482
2145.75 24.531195200277548
2146.77 20.188066268971195
2147.78 19.60645343075444
2148.93 16.843477549757655
2149.934 18.908286880405715
2150.94 16.156003912400163
2151.95 14.351302573433102
2152.96 14.060151887243421
2153.981 20.162653160042463
2154.99 18.77560873102744
2156.005 22.282695465188006
2157.021 18.992481405555747
2158.071 15.123198499795512
2159.111 15.273562031888163
2160.12 15.116953373226385
2161.25 5.986854692901882
2166.74 0.1221241894640439
2187.154 0.008210808760625073
2188.184 5.5329371857666105
2189.634 8.371561933279603
2190.644 6.306323862868524
2191.984 4.494049355190322
2192.993 4.444326975344711
2194.024 6.015297431093898
2195.395 2.690297288302849
2196.784 5.565799175900664
2197.834 2.713773953018861
2199.144 1.0362624422837727
2200.735 0.5267613137630428
2202.624 0.17746474329211248
2205.315 0.062287421047714696
2206.374 1.6870163821549726
2207.414 1.9340244235315414
2208.454 1.6116870196096178
2209.534 1.5519949077722244
2212.474 0.11402411567306138
2213.544 1.3332422561135275
2214.545 1.6448583708904112
2215.564 6.57960549713053
2216.565 7.265015544534795
2217.745 8.115368912478544
2218.905 12.72061924259869
2220.015 13.245603197228723
2221.194 13.268652326210947
2222.265 13.733770654086115
2223.445 13.103004287139406
2224.555 14.306500996560077
2225.584 17.215312557164157
2226.585 9.908564155646584
2227.615 8.399091910436818
2228.624 6.312573936072556
2229.625 6.6774786952808896
2230.645 12.272506391875131
2231.655 13.494955617677698
2232.665 17.389702609394266
2233.795 17.405836136356136
2234.797 22.294697762490724
2235.815 21.01447433329794
2236.825 19.63411046155898
2237.835 26.308982568029275
2238.846 30.008305101020223
2239.865 21.62347907476191
2240.885 23.469492011475108
2241.889 17.776020517883904
2242.895 22.659742748865245
2243.911 14.706003965502703
2244.925 10.976965855907606
2245.935 17.414592211885743
2247.115 13.704108113260732
2248.116 17.916936217997826
2249.126 18.918971588605572
2250.135 14.56164018821446
2251.136 19.758864240408823
2252.235 19.99591695957422
2253.236 26.12188831782861
2254.346 20.822340783963107
2255.356 28.37845738290836
2256.366 22.46300331624948
2257.376 24.208330367170717
2258.377 30.308088368762682
2259.446 19.608960130827214
2260.577 18.778856715276625
2261.726 23.48658612388463
2262.728 16.838264323600935
2263.766 19.210127417148414
2264.776 25.059339560345975
2265.786 20.379213592632745
2266.796 20.60849475800712
2267.806 22.748937552644932
2268.908 23.894443331116065
2269.916 25.27534564086194
2270.926 16.98641466412045
2271.927 19.08907223225937
2272.936 12.184467454824258
2273.956 17.254531621702967
2274.976 12.440464444932093
2275.977 20.42865624855827
2276.986 23.47943806289314
2278.147 1.7290823180293842
2279.161 53.70550052388755
2280.246 19.977596154445372
2281.247 20.26120824652091
2282.256 14.758847407208417
2283.267 14.883323335841292
2284.276 17.276518140830156
2285.288 11.693233944714072
2286.289 15.326877940870197
2287.307 18.82149815882832
2288.316 23.921332810380214
2289.328 15.938417852391744
2290.336 15.963376194228593
2291.346 14.595626524260611
2292.347 19.08907223225937
2293.356 4.417490278671273
2294.951 13.70938224157708
2295.956 20.701509765822344
2297.147 21.41940207959141
2298.157 28.582141550455226
2299.167 27.670354651537867
2300.175 28.349919512822364
2301.177 33.480389360086626
2302.178 33.21309087779245
2303.357 22.76061743243057
2304.367 26.558401655865104
2305.368 26.78482572940343
2306.377 28.4476270719447
2307.378 29.633645027223302
2308.597 32.05424653921039
2309.598 34.82918442377149
2310.607 27.25976930334933
2311.687 36.42162201801693
2313.098 36.28425619537659
2314.378 40.61781903210007
2315.527 39.095683734168205
2316.528 30.09008771698743
2317.529 29.25199088222879
2318.53 41.69455250730336
2319.531 38.424420327164334
2320.537 41.33179072358296
2321.538 44.15265980036938
2322.539 42.96742661050989
2323.737 37.269457893216014
2324.738 47.05288857249897
2325.739 41.63812448907293
2326.748 37.035612873478314
2327.749 36.39741819723836
2328.758 35.87714189490545
2329.769 48.90856356243628
2330.771 43.613839548199444
2331.777 37.1801596870732
2332.778 51.40653662547041
2333.798 43.08657792750543
2334.799 48.02942377736306
2336.058 29.011975876493672
2337.088 27.176485588912467
2338.089 22.824460154901328
2339.188 35.81526710243595
2340.189 42.18857307471768
2341.19 51.017171059329435
2342.199 53.8669575753726
2343.209 55.973840732752386
2344.239 56.41054555017453
2345.24 55.87304071490269
2346.418 53.19351253751154
2347.419 65.97451280272098
2348.428 56.871574705648136
2349.429 63.462792772160526
2350.438 69.10607256332062
2351.779 3.9320676354631865
2352.808 92.4350258519641
2353.81 56.54094023285158
2354.811 42.500334815353035
2356.049 43.6592418500751
2357.051 63.570650543126526
2358.058 38.383463042967676
2359.059 46.215648562312154
2360.088 41.81527234479079
2361.099 50.172236611634844
2363.099 6.234547333391682
2364.818 58.51335848571717
2365.849 21.297404418197317
2366.85 34.99663242580883
2367.858 32.92446340059648
2368.859 24.785119582265715
2369.979 27.148460547643616
2370.999 39.31314284535491
2372.01 29.134626255937448
2373.198 24.1404928291333
2374.21 26.33483849433265
2375.219 19.764316352362904
2376.229 30.535883967573906
2377.239 22.57000119342419
2378.259 17.051883370200507
2379.408 23.453848564678495
2380.459 31.002670174032154
2381.469 34.51882535464877
2382.47 28.72798145480046
2383.471 36.02959564890337
2384.479 44.21021835102097
2385.48 35.29676583296938
2386.481 60.290583400230496
2387.49 38.713938596209516
2388.589 21.81351475049017
2389.59 36.50366444414511
2390.591 35.40448092199926
2391.6 26.32898523094251
2392.61 33.92888127675692
2393.679 34.51161853539511
2394.809 37.897048269497915
2395.959 38.62274863619034
2396.97 37.96630866372171
2398.002 29.530422015403328
2399.66 1.210774771551336
2400.679 76.30490660212061
2401.819 28.97017752255185
2402.83 28.681971173903307
2403.839 27.742101245371497
2404.85 24.14354345984316
2405.87 22.348726671920033
2406.88 19.22358799403153
2407.881 29.805744362650593
2408.882 24.26343582153235
2409.927 26.305199814795827
2410.931 20.64598331454951
2411.938 25.133994991012347
2412.94 22.860987707819763
2413.97 22.321906038826743
2414.972 30.810432374874768
2415.99 31.942433504561542
2417.0 18.562433310809123
2418.001 31.81512038709895
2419.01 30.067786379714022
2421.651 0.5783909757626594
2422.69 73.92298525238523
2423.7 29.54014862080519
2424.72 14.672237927246348
2425.731 16.74496582985106
2426.75 7.914524726464286
2429.06 2.176824026485718
2430.061 36.3243433016124
2431.071 25.723163124858452
2432.08 17.335170287858528
2433.092 20.040977722102202
2434.1 23.40354351172782
2435.11 23.840873938642154
2436.112 23.44088423257688
2437.12 16.010417393265865
2438.15 10.52105040544251
2439.151 5.358336065195612
2440.18 3.3060246556094723
2441.201 2.7908547019292893
2443.3 0.31941962846955746
2444.351 10.894663838033697
2445.391 2.095193125492503
2446.44 3.51529065859562
2447.87 1.289349615687694
2450.177 0.5085861076184662
2452.49 1.1599685123833927
2453.66 0.8750654149355404
2454.671 3.481626558681904
2455.72 2.978115560945392
2456.76 2.901036635297312
2458.1 1.2486670734802139
2459.12 1.8076175984641205
2487.991 0.04063967823337611
2489.584 0.10521999374726945
2490.947 0.24613135101233516
2492.086 0.5886407376273933
2493.106 0.48145476705503676
2494.426 0.6750917155375621
2495.727 0.1061388968643127
2497.246 0.551729591966426
2498.585 0.6258978716930554
2499.628 0.6428205178883998
2500.708 0.6207979631088898
2501.849 0.8814134094972843
2503.265 0.7102349577940689
2504.427 0.4281025902859338
2505.507 0.7759974538861122
2506.726 0.825014520292372
2507.765 0.645295284078538
2508.906 0.7345111745810704
2510.066 0.722480388100863
2511.125 0.7936337596562512
2512.228 0.7598161833155042
2513.327 0.7625816653293914
2514.767 0.5077167551906175
2516.088 0.50754110534262
2517.226 1.0310264940912142
2518.366 0.7351554826289485
2519.465 0.7625816653293914
2520.466 0.6697920081494515
2521.667 0.5582529560013331
2523.029 0.6153283775308379
2524.145 0.7509652779543021
2525.249 0.6073023552152182
2527.487 0.3744759831085796
2529.028 0.5096632753246333
2530.187 0.5789825562673583
2531.508 0.5605867894294322
2532.725 0.27545677902941695
2534.165 0.3494415219723424
2535.27 0.4550645702427156
2536.566 0.3879987269430561
2539.173 0.12858876105822806
2540.373 1.5364749586945021
2541.376 2.673825723460024
2542.474 1.1080895480427229
2543.476 2.509213323943117
2552.707 0.09078943236886591
2553.708 8.664087666820656
2554.718 19.53269297253624
2555.727 20.70238640576704
2556.728 17.405289545105887
2557.868 22.949318607143795
2558.869 30.420944405223533
2559.899 33.58662725529353
2560.909 37.135309380124895
2561.91 38.58072960976792
2562.927 24.407137904006728
2563.948 13.008147844441316
2564.958 12.11478005235269
2565.96 25.568419101846303
2566.968 26.60562699038099
2567.988 17.9866339667747
2568.998 31.199707532086386
2570.008 21.18497311666269
2571.018 27.548677927267764
2572.086 31.756582971297025
2573.109 21.84925691081556
2574.12 20.889759352091424
2575.128 18.947149612233357
2576.148 15.81124843154172
2577.158 19.25088337086181
2578.179 18.377316220675354
2579.18 27.127555558134876
2580.181 29.859112293124486
2581.199 24.765881309533103
2582.208 27.07761977841649
2583.228 20.48852727657136
2584.229 26.6242323239407
2585.258 22.447961945522714
2586.259 22.100933005747198
2587.26 23.551414602342774
2588.269 23.13274680043763
2589.278 23.88320284316094
2590.279 24.054370626006172
2591.319 26.409164766280078
2592.34 25.13869333098751
2593.359 27.391565895467572
2594.369 29.330034875604973
2595.519 24.42665962521168
2596.529 32.1954428788551
2597.539 25.147048704560618
2598.852 31.652170505894446
2599.859 31.95845720711504
2600.869 23.844392009433616
2601.87 27.461472334127514
2602.879 22.979012601394313
2604.033 23.321259031731184
2605.039 26.825136636524295
2606.049 21.142392328807446
2607.199 26.5092805265085
2608.2 39.31955719770471
2609.209 27.878713389071127
2610.21 31.39295068020796
2611.35 25.347172235426232
2612.36 31.69757520547074
2613.37 26.919549819526225
2614.449 25.33720070629431
2615.45 31.81512038709895
2616.459 27.298749301684964
2617.47 27.438654310024244
2618.589 26.009765936723717
2619.61 29.05772248479319
2620.62 21.611144933572835
2621.621 22.601440959205366
2622.629 26.938197327760754
2623.63 22.20130388416141
2624.64 27.880589709524
2625.641 30.308088368762682
2626.649 23.98882354626128
2627.65 28.298712344314325
2628.66 24.245452079659902
2629.67 30.038016294189546
2630.69 28.478866310730574
2631.692 37.80548074740963
2632.7 30.33415861639957
2633.71 42.816619911054715
2634.73 33.655696240852265
2635.74 36.5102960481862
2636.742 25.407374562487966
2637.75 41.73757734116018
2638.751 31.588551489605408
2639.81 50.923969846697254
2640.811 44.649862859050494
2641.812 45.69788171390716
2642.82 29.805522506288245
2643.821 45.06848286414391
2644.84 42.816528172032534
2645.841 40.694148617938325
2648.342 14.10209089602213
2649.35 88.82788398672649
2650.46 36.14481341147166
2651.461 42.866688521564896
2652.63 35.335152893106574
2653.631 45.545856554162704
2654.64 35.5202502590537
2655.641 40.54640758105301
2656.642 45.37840855212534
2657.65 32.042471307019156
2658.651 36.88042244872917
2659.653 41.58605327842081
2660.671 44.394938567870255
2661.672 49.814311763992315
2662.681 41.95382099254855
2663.682 34.20137681964163
2664.691 30.91781749606728
2665.761 31.71809898752182
2666.762 41.53102141759435
2667.791 32.45102993786037
2668.802 35.976807773046346
2669.811 36.93494490269877
2671.243 33.527687329941756
2672.341 33.55190256793087
2673.342 34.66173642173412
2674.35 38.536223183422315
2675.431 29.115489454257037
2676.441 32.44753084798099
2677.451 33.55572314729048
2678.461 36.42610497476301
2679.621 36.811115154253116
2680.622 42.196896513415446
2681.623 34.653657790056876
2682.631 29.998306334900928
2683.751 36.693338628580086
2684.752 40.187520488967095
2685.761 31.548540584401398
2686.762 36.50366444414511
2687.763 25.978921017843494
2688.771 25.841906438569204
2689.792 25.097651350076788
2690.801 33.556314081227804
2691.821 20.51598672525243
2692.871 24.85044980683645
2693.881 17.065554845436417
2694.891 22.404045302296073
2695.901 22.404045302296073
2696.911 18.993457639155764
2697.912 24.614856299492345
2698.913 26.79168032597806
2699.921 23.157154595840108
2700.932 27.68722072856562
2701.942 32.1954428788551
2702.952 23.07065906088453
2703.961 28.4065827123265
2704.972 20.353117664475043
2708.221 3.920829240687725
2709.223 17.8474523139763
2710.232 22.597712929201563
2711.242 20.514113410567298
2712.047 27.901205348173455
