0.0 55.493620227683415
1.01 32.92308896734535
2.011 70.82280995791658
3.02 62.79540550350949
4.03 58.11753709964006
5.04 43.15605503027785
6.05 54.59628544609365
7.06 52.86789426828489
8.062 60.96274963821096
9.07 59.54786437058892
10.079 53.59942561805832
11.08 52.019019376673896
12.09 69.1417870454859
13.11 53.389216728334794
14.111 61.44337204011691
15.119 45.34570563933345
16.12 47.9364238761257
17.13 78.06617985878965
18.131 78.76807358379375
19.14 82.0846839466096
20.141 60.758809365138795
21.15 60.80255906885115
22.151 58.37523027737565
23.16 51.23474507608516
24.17 39.743787189897006
25.179 51.34383690095851
26.18 67.00505657823095
27.19 67.30441205451159
28.2 57.067608533369025
29.209 48.190737448589
30.211 53.44471708847701
31.229 49.58781593138503
32.23 57.580703914787925
33.239 47.81909540434614
34.24 41.42533454217098
35.241 42.63958145887424
36.249 42.452673305188824
37.25 47.40673963440055
38.259 40.045918755975634
39.26 45.133124234247
40.27 55.12124972922916
41.29 50.53022006870951
42.309 47.97816961751653
43.31 48.99579235957599
44.311 44.07375575079671
45.319 50.49656437779723
46.329 42.8935728887101
47.339 42.25962479240902
48.34 39.836281816995545
49.349 42.038765190633974
50.35 37.71754485009497
51.359 46.154292696595704
52.36 42.04407388301659
53.361 41.95501878389612
54.369 43.3954850121695
55.379 43.68044369468187
56.389 53.28387473825485
57.399 49.193719905067795
58.409 49.45562642790404
59.419 52.49642831355158
60.42 43.014387267346414
61.429 50.446518228760766
62.43 49.90028240977332
63.439 49.76738320630973
64.579 54.978518164059295
65.58 65.15116173219293
66.589 56.33594026734629
67.59 60.22912512341366
68.591 66.32049390325284
69.669 64.04256403245867
70.67 65.15116173219293
71.679 58.17513624443653
72.69 58.322274415054295
73.699 66.8456315650048
74.7 61.44337204011691
75.709 56.59868254978776
76.729 52.34958157938014
77.739 53.39285855142042
78.74 55.61684538114031
79.749 36.89301136667808
80.759 51.446499747280555
81.769 53.655340692988176
82.77 94.12891659382299
83.83 98.2472422566992
84.831 73.62610959979527
85.839 70.06798194929668
86.849 66.77944777137606
87.85 73.47123116654231
88.859 68.1593429772121
89.869 57.33009067493678
90.878 51.76022964096808
91.879 56.78598395415865
92.88 48.311229684597876
93.888 45.499508527911054
94.889 44.07375575079671
95.898 48.344579969229066
96.899 44.868282113384424
97.909 45.780876445955435
98.919 53.54635687982261
99.92 54.66744058529962
100.929 54.75948657269752
101.93 65.94568809478065
102.931 53.07838786012419
103.949 36.566845254399
104.958 46.76812627458029
105.969 41.80225595021113
106.978 47.29361083946322
107.979 43.80891362993413
108.988 45.45441486237298
109.989 44.33859787165928
111.009 43.25277402602696
112.018 50.70926051120223
113.03 45.6904004055484
114.038 49.444552619926455
115.048 41.31868003930355
116.049 36.813054799897635
117.058 34.79107310714638
118.068 41.20969622613799
119.069 37.71754485009497
120.088 40.065232874827345
121.098 32.39428722599978
122.108 34.12267840380853
123.128 34.15596647267379
124.138 33.86019626224077
125.148 26.773178439911305
126.158 20.320108713882917
127.159 30.19200177833331
128.168 24.172289984614533
129.178 19.00769800604413
130.188 17.848785626607537
131.208 15.594527234319735
132.238 12.097113844875212
133.268 10.810186840101252
134.678 7.786987890253673
135.698 11.695895425739801
140.497 1.6572637819343747
141.638 6.278849123291892
143.558 0.9665358025437751
144.578 8.05717240439853
149.708 0.6237597569597607
150.727 7.544751645259695
151.797 0.47814012015376134
154.378 2.675390818482844
158.187 2.2239485824455336
162.218 3.8417954612593586
163.227 19.18018661822675
164.247 14.2630646751322
165.257 16.043645284597694
166.268 14.422238342323395
167.297 13.912318757148217
168.457 0.3234315640350443
169.458 14.831158768304084
170.467 16.290021511370664
171.507 8.6669584052277
172.547 22.432127637059928
174.417 8.423200249903696
175.427 20.21112490071736
176.438 22.02669128645755
177.457 17.430977939048258
178.467 13.124107078387896
179.477 12.70812660841794
180.487 24.935803448937005
181.497 22.57346417482718
182.588 22.2133888934829
183.598 25.19828559050476
184.607 22.61825279422168
185.617 25.19828559050476
186.627 30.29443009345772
187.629 18.25586870844017
188.637 16.30618224699702
190.142 2.109689184939387
191.157 33.02438652184979
192.167 18.63623205131081
193.168 13.771790284853793
194.187 16.910650239375176
195.217 12.976137670358243
196.237 15.594527234319735
197.267 15.443124057287504
198.287 13.788684041336683
199.289 8.466489835798338
200.317 9.541787578197582
201.327 11.549214228981347
202.337 6.146073069223992
203.347 11.549214228981347
204.387 8.412047863897474
205.388 9.799158471915199
206.427 7.654676505777733
207.457 6.440655735003239
208.487 6.171228911781556
209.517 6.692020424824586
210.527 6.29957139762619
211.567 4.33347920261385
212.596 4.379804053176291
213.647 4.392856348254632
214.676 9.274879171432145
215.687 6.0311178522443285
216.696 6.043072496153633
217.697 5.561684538114031
218.707 6.010994540230058
219.737 5.43068144236777
220.807 4.459743302525083
221.856 4.043576175152495
222.947 3.401922531409804
224.047 3.8561012797590615
237.401 0.019852251234344427
238.411 24.7823051205348
239.412 96.24765356072358
240.413 115.05144414196624
241.431 100.47772893046866
242.433 112.55542207510707
243.434 104.98744354918848
244.442 110.15362879927625
245.444 127.37177928775418
248.731 5.92116883148403
249.783 75.45347488911067
250.784 115.58112838369138
251.786 113.08457768984447
252.791 109.1635054873167
253.792 113.72723353765339
254.8 98.47229941180764
255.811 80.08674318619687
256.831 78.8602778777237
257.832 81.79130060089167
258.842 91.71525122031306
259.904 85.97633608060171
260.911 133.16699464670242
261.922 121.51790060596225
262.923 119.13403964251447
263.924 132.53102411889606
264.925 103.50835451162264
265.926 117.4350232297294
266.951 113.75815029494888
267.952 127.23418170164459
268.961 120.55414900793646
269.971 122.6881439253085
270.982 109.82676343191933
271.992 130.56260817234124
272.993 126.81446114752907
274.041 124.66867661301974
275.053 123.2315674441817
276.091 109.52401489354992
277.092 118.22954959231711
278.152 112.75309494824565
279.171 77.63665832062942
280.172 117.4350232297294
281.251 111.99612183508579
282.253 120.61312868008028
283.29 113.20870293276077
284.292 124.05607625129375
285.331 109.92891374925091
286.341 98.90019002286319
287.342 118.49439171317971
288.343 106.9513020828361
289.344 120.3482865592177
290.402 103.6950123012791
291.403 111.87333869161537
292.411 111.09644050625694
293.412 106.15677572024838
294.42 119.77553750869083
295.45 101.10881241951566
296.451 114.52175990024111
297.452 112.40302293334052
298.453 99.80056481954664
299.455 116.52408918563755
300.48 109.3612543235163
301.481 123.79123413043115
302.561 105.75568646802934
303.562 114.52175990024111
304.563 106.04681203263877
305.57 96.04675454673779
306.571 110.01944384557736
307.572 125.64512897646917
308.612 87.64599577491616
309.613 121.67269076157214
310.641 103.88438367892559
311.65 115.97786219234237
312.651 118.4949725073044
313.652 104.56404463228317
314.66 66.65259655482038
315.661 96.24765356072358
316.662 94.12891659382299
317.67 101.36533174595225
318.68 94.97402073229173
319.681 97.57186416503644
320.682 118.493810919055
321.701 100.90002291668574
322.702 116.37565474627912
323.77 109.92213817074354
324.771 111.87391948574009
325.787 115.70104769814914
326.79 101.45175884870409
327.791 107.37102263695165
328.799 115.7420567557433
329.801 104.55233021186388
330.802 105.51712779091363
331.803 104.98744354918848
332.804 91.85530119366943
333.81 113.95256626256595
334.811 97.57186416503644
335.812 102.18414390730979
336.821 107.04520077854852
337.822 100.48512749452475
338.889 95.11809480999699
339.89 109.75460172471479
340.891 111.6084965707528
341.892 80.88681055069434
342.9 93.21224062245375
343.901 99.27088057782149
344.91 113.61375783958509
345.922 102.90719050602878
346.93 112.67445814306309
347.941 101.58898944202447
348.942 108.54035480801153
349.947 112.48322376342361
350.95 107.68555093275718
351.951 95.29824876488289
352.952 120.08344443835513
354.01 105.69960181344118
355.012 126.17481321819432
356.014 116.89852093641665
357.02 128.71020415392977
358.021 115.16140782957585
359.023 130.54671297617855
360.024 113.57235510440043
361.026 129.22382393933506
362.041 102.86422044835919
363.042 124.05607625129375
364.05 104.63056707045469
365.051 126.70449745991947
366.129 97.83637440354204
367.13 104.19291718660075
368.131 118.22954959231711
369.132 98.47635421523377
370.14 108.72941405104768
371.15 102.73777430996438
372.151 98.89781715172339
373.152 95.0334066440203
374.159 97.78029485417258
375.16 99.9554432527996
376.161 99.42575901107445
377.17 96.64460130576339
378.171 109.75460172471479
379.172 98.63123264848673
380.279 86.41251488403904
381.29 103.68676956454425
382.291 93.86407447296043
383.3 88.39049872520471
384.301 96.24765356072358
385.302 88.30238993484639
386.309 95.78349043255363
387.324 105.89004301437299
388.33 106.57384363479638
389.331 90.79573911217757
390.34 105.20235560309106
391.349 58.44152772524524
392.35 92.27502174778496
393.351 81.15165267155692
394.36 92.06889067938516
395.361 101.27965385711245
396.37 80.50823025196082
397.379 77.8808074275462
398.38 49.90028240977332
399.381 80.09228418810663
400.389 89.26719653043834
401.399 100.63964403361685
402.408 94.54266304623168
403.429 77.56073394153039
404.479 75.84967861555035
405.48 119.55376019662998
406.489 104.94326251901683
407.499 88.30298337993223
408.558 77.3117015122687
409.599 76.76010519626445
410.659 74.38381288431846
411.66 75.74484656669586
412.668 45.871711518268846
413.669 64.46659905721482
414.679 76.22880486781534
415.68 59.434598760825935
416.681 46.08252903008769
417.699 46.7232023824481
418.7 53.23326629337715
419.708 45.60870857880115
420.718 39.02157755476466
421.719 30.65586268592595
422.72 36.283370558172486
423.729 42.41059929794879
424.73 46.08252903008769
425.749 30.287027828631725
426.75 54.66744058529962
427.758 67.85475838266504
428.768 36.85648363265167
429.788 49.230676132516194
430.789 50.320002963888854
431.798 39.520434191092704
432.799 52.70358205165201
433.823 45.67275306287291
434.83 53.025395442867676
435.838 73.11481717201892
436.839 53.60807210184933
437.84 50.42996665149846
439.098 43.92091871501701
440.119 56.344966667390295
441.129 56.01767996709799
442.138 53.18303287804874
443.139 51.64421356820172
444.14 49.37059816804816
445.158 58.44207599173553
446.159 65.94568809478065
447.168 62.641755045941395
448.169 58.37523027737565
449.17 66.32049390325284
450.178 63.75591140207202
451.18 69.42923947400931
452.188 67.06574956426195
453.189 59.434598760825935
454.199 63.62966207256297
455.208 67.37111612988771
456.209 58.90491451910079
457.21 72.03705687461982
458.218 76.11704955705365
459.298 79.98139840019533
460.299 77.86358353359644
461.308 60.27707450396823
462.318 61.0048406568854
463.328 76.22880486781534
464.329 78.50323146293118
465.339 63.89195234122023
466.34 64.46659905721482
467.379 67.9774069344476
468.38 78.12842565445901
469.388 64.01891434153971
470.39 78.42488492454503
471.398 85.58515537789063
472.399 71.88217844136686
473.4 70.82280995791658
474.418 66.77549722500657
475.419 90.95081114347212
476.517 95.57140043811609
477.519 99.32653170667218
478.52 124.85060261388145
479.521 96.62245936919575
480.528 106.46801062224941
481.53 82.92270764981289
482.538 82.95512598321369
483.544 81.80241767014137
484.548 90.94309653147313
485.558 80.69100127446723
486.559 91.21565326433469
487.598 87.22004011544362
488.599 110.5491280873025
489.608 103.36680882436804
490.647 98.4468989905843
491.648 93.0695481103727
492.649 97.30702204417386
493.668 72.43357150215141
494.669 110.81397020816509
