0.0 17.902694107872705
10.727 0.23732724565638402
11.768 56.99647612575449
12.77 8.270081747542584
13.788 20.780227058871134
14.939 20.985192702993203
15.95 16.466387055436396
16.951 26.141124510336603
18.159 20.31039574179103
19.19 26.552556750640644
20.391 18.79096887288455
21.399 28.799044209379552
22.41 26.260950275478308
23.741 18.243771047000077
24.748 26.402913995387905
25.749 26.041467721093856
26.879 18.540596156689137
27.88 25.461843965591626
28.881 25.009042011976202
29.889 25.770908507065865
31.099 20.039639705703458
32.109 26.550314445748082
33.339 20.941956138727548
34.35 25.70842305391086
35.358 26.939524713502436
36.409 15.885524560862633
37.418 26.590661893269278
38.638 17.488327466233784
39.639 26.434972332823403
40.838 20.311613909158872
41.839 27.271965179547564
42.989 19.596743744678484
43.99 26.187693103440694
44.991 26.46943309172043
45.999 25.25697018332763
47.009 28.501863701343428
48.03 25.615510744574053
49.031 26.975788927405553
50.049 21.252789405349553
51.069 28.23142155570978
52.149 17.15423563061115
53.318 20.75537748461643
54.329 26.194247406449026
55.33 26.466794204777866
56.338 27.123888911220174
57.339 21.017492668381067
58.719 19.79635572211033
59.938 15.441893720216148
60.939 7.857053028521873
61.958 6.375008390822852
63.118 18.44500330615452
64.239 20.1642801593094
65.248 21.922985807897895
66.298 22.332806022884064
67.318 25.229923088651635
68.319 27.396303323135477
69.408 28.51429607814122
70.418 26.09218291697665
71.428 23.608194795647023
72.438 19.58975247376359
73.448 16.387152404290106
74.588 15.243566779909262
75.608 17.034794857729434
76.609 16.668762215677564
77.618 18.316663189381657
78.718 18.93295981041354
79.878 18.877131213152058
80.968 18.07114435127847
81.989 23.675114689597848
83.008 19.466595215653744
84.198 19.349992792909582
85.208 18.360373737386464
86.218 9.67518450156689
87.227 14.621175791801415
88.228 15.458599709545979
89.229 17.81667803569336
90.247 15.24196731093089
91.248 10.999812148473149
92.249 14.44712986732517
93.257 11.710363719082862
94.268 13.428947422658208
95.328 17.10600528016426
96.398 10.445426684477855
97.407 10.606604763442894
98.417 12.304556543041228
99.418 15.039016685678138
100.427 12.48183708583047
101.508 14.244575729355919
102.517 20.514059100373547
103.539 9.291104146495307
104.757 15.78740966160652
105.758 16.846654241335187
106.927 13.20629994418194
107.938 22.813918140481135
108.958 15.809242649056506
110.058 18.357050676354586
111.197 16.905465181966193
112.407 17.122275398714944
113.427 15.709004817694566
114.428 21.512672041721213
115.43 16.775255261994495
116.437 17.668859054817855
117.438 18.8664893529032
118.457 19.615574649667998
120.007 5.04746965904014
121.008 14.687734265029627
122.017 16.739108790881343
123.027 12.109019016582046
124.207 14.425944051556163
125.208 16.242349131487796
126.528 11.953610668850637
127.557 11.233846256238978
128.567 21.706973118241375
129.617 16.8496791301717
130.827 15.45273347798435
131.828 22.40958314490596
132.957 18.165324319242416
133.958 24.05329925283662
135.037 18.758102355121903
136.267 19.914022342711124
137.268 19.728939697190928
138.285 20.19975061561515
139.287 18.87634916031541
140.288 22.768626997738487
141.297 22.217891769741712
142.298 20.539854131776796
143.299 23.303234446573427
144.309 20.01805811787245
145.327 13.756814975260662
146.497 19.93986782774913
147.587 21.706556747614293
148.588 19.276913886793903
149.597 14.829688936624667
150.817 13.590102728348578
151.826 16.547535414101333
152.827 16.053901558059913
153.837 14.886698041145804
154.967 13.911669347802393
155.969 16.597695847013505
156.987 18.131832590606578
157.997 15.335465125867627
159.007 15.537618005306939
160.068 14.039028057230006
161.296 16.084888001589224
162.297 19.362755326749106
163.396 12.850486598411193
164.397 17.2215314158231
165.398 13.90817601646718
166.407 15.522371451702217
167.527 17.594865035485423
168.528 18.494095836714173
169.537 18.545350057965504
170.547 20.773131430116095
171.557 14.335623753359187
172.66 15.061529201738848
173.666 19.270534853634473
174.667 18.24184929073369
175.697 18.24312261773413
176.706 23.624822921257923
177.707 16.115372100957313
178.746 16.99352205213999
179.847 20.099842398050008
180.857 19.950827670144154
181.976 8.929087705137322
182.986 12.718400717844693
183.987 11.467050365950842
184.996 5.7274895733135125
186.006 9.961490824730177
187.036 8.461330709618634
188.046 8.114115043674424
189.067 7.492668154873982
190.076 5.056058767235676
191.507 1.9966447549219286
192.636 1.8827735813923814
193.646 11.743636148493488
194.661 10.369385804792657
196.166 4.340114179988705
197.267 7.915686313267207
198.287 14.24565434951406
199.467 15.634909586985339
200.567 18.68830084053615
201.576 18.916946969677852
202.577 27.94193200567172
203.587 21.37559008756232
204.596 22.25592924889337
205.597 20.074633886666945
206.816 13.06830628252561
207.817 14.827595272985574
208.828 16.877670183368107
209.835 24.969123586614927
210.846 17.536553131590548
211.847 24.84092939087044
212.856 21.599128242489247
213.867 20.683114969462725
215.098 14.483897492840788
216.136 20.650786083658197
217.256 19.201423286835105
218.266 21.19405249415411
219.267 14.915920371239661
220.366 17.049244429535058
221.376 16.88807308576225
222.386 9.685184453746155
223.388 11.804677158600862
224.406 9.663106276116212
225.416 8.546420668654994
226.425 9.839541266866357
227.426 8.24776352466518
228.436 15.205927283791597
229.586 12.956853089248176
230.756 11.212208052095484
231.787 7.009907535919297
232.806 5.006440918685768
233.926 2.8413050939241415
234.942 17.138412894064427
235.956 14.692357292456157
236.987 10.37394576496244
237.995 8.243977670522087
239.036 6.781662685079297
240.146 6.632091638822554
241.166 6.877107384503525
242.216 3.9170054443269846
243.406 7.2739238450014785
244.416 12.72145780469678
245.425 20.16325190398701
246.566 14.02118151674347
247.575 18.748729023091236
248.587 14.854053320393737
249.787 12.320387236568099
250.806 16.253854483569484
251.816 19.079447221784747
252.926 15.551125910218806
253.935 17.455250776394326
255.096 12.09785906199932
256.107 17.936001879533194
257.115 20.382571942497812
258.116 23.21568549153774
259.125 20.016155807067168
260.127 20.786702377041028
261.145 16.3085905916774
262.235 7.765629765916166
263.255 11.812373376346532
264.265 11.677944154946617
265.285 8.127490545322347
266.295 3.616905780531374
267.366 6.977475790548088
268.435 4.77227623586604
269.485 3.239087807073522
270.685 1.203707064269738
271.926 1.0277121869743748
272.945 1.6688136395619224
274.125 1.441119575181016
275.265 2.05106711467649
276.275 1.052302660095049
277.466 0.5354285575294707
278.925 0.2792436691113546
280.965 0.3125957902047057
282.734 4.9804527668975656
284.025 7.915911618029133
285.185 7.879569746194478
286.195 10.174105192603184
287.215 4.356384898871329
288.232 10.158774504248965
289.315 5.101555261517666
290.354 6.342174453816359
291.355 4.652512908385838
292.375 5.626724223684702
293.475 4.098037745446257
294.545 4.3704981508994365
295.715 3.6293422759569487
296.735 9.142360503579535
297.755 10.113052694215199
298.785 7.9131122707590915
299.795 11.018408847369503
300.925 10.119615323839295
301.945 15.212995123295675
302.995 5.611281591219563
304.004 4.845389651934189
305.035 2.4740850126773988
306.074 2.0205885456874366
307.095 6.662178643344168
308.105 6.287046857813489
309.144 7.538435853931361
310.154 6.28350841319621
311.174 6.899257412461548
312.186 7.066127656345576
313.194 4.81304627536857
314.204 6.822275067531424
315.475 5.686242855651294
316.494 4.31991586887346
317.505 5.887066118197424
318.534 5.99065984726608
319.554 4.38609063916856
320.574 6.043518610624309
321.584 6.3138159605702935
322.594 4.244748931971125
323.785 3.971616995202765
324.794 5.266727882537162
325.825 3.9739689092518065
326.845 4.37634106286588
327.924 3.1520316936303967
329.444 4.9525542516313745
330.454 5.892894896532273
331.474 6.867967156719762
332.524 4.478607154297928
333.539 4.607323173854579
334.574 5.750554440094295
335.594 4.7931354498054874
336.624 2.555687554408239
337.634 9.681184472874449
338.644 9.135802465559106
339.664 7.916351283517415
340.714 10.040165906373819
341.715 12.334468026836337
342.734 15.529238034812334
343.744 12.509940176261535
344.865 18.151359022923323
345.874 18.8180803234618
346.934 16.408390328853123
347.954 18.411617836223652
349.024 8.65996433847478
350.034 10.736102505077923
351.054 9.992401687469524
352.064 13.24609050207364
353.084 8.174867392668187
354.135 10.56181584676742
355.154 7.5096613780286505
356.234 3.501316589700271
357.244 10.523026600950487
358.264 9.752623045275467
359.274 6.762583045292113
360.324 5.465960674436568
361.354 5.365721913416696
362.413 3.5431631245319966
368.793 0.4323471005478418
369.803 13.426089641300425
370.824 3.9556685694856
371.834 3.9987501083611856
373.024 2.3221401558063848
374.865 1.443103448666676
376.044 4.858414817091663
377.065 5.9796157957701865
378.074 10.352816238576777
379.124 7.769489585479443
380.385 10.757221784306761
381.554 10.351304055690331
382.874 8.844638356768408
383.884 20.72959317678175
384.894 16.216999371824443
385.974 18.751955910386854
387.106 19.06225187047285
388.143 11.5504009624819
389.163 9.945634188642602
390.193 7.63583503063145
391.209 5.686499154281589
392.214 6.133720380932136
393.223 2.470588170162096
394.233 3.577829044323166
395.333 3.4783386110050887
396.513 1.5720107354268065
397.573 3.0079972264981114
398.643 3.575862123463175
399.663 2.48461858588633
400.683 5.209929836745094
401.703 3.8801790313372604
402.734 5.154343776411247
403.753 3.9646522869709417
404.763 5.261513300475244
405.773 3.5570599128739215
406.814 5.717410034099515
407.853 3.602121502631837
408.883 4.333852314682716
409.893 4.630131704418215
410.913 3.8477312227049008
411.933 5.626724223684702
413.003 3.823169352031149
414.033 5.365721913416696
415.063 4.283918274159185
416.073 5.051052768456234
417.093 3.9296885984993115
418.113 6.043518610624309
419.153 4.944643514001925
420.172 4.589237508795286
421.213 4.083864310071083
422.383 1.5428157647757565
423.423 4.700959768078459
424.463 4.496570212944612
425.482 2.6489976742022767
426.533 4.44950810795661
427.613 4.330030575428146
428.953 0.6345227980274623
435.772 0.1549281343203866
437.434 0.10527210603898769
438.534 24.760420054825655
439.535 25.265790188623413
440.544 25.91384116099586
441.554 25.245798308526673
442.684 20.023755844199233
443.693 27.2217745847576
444.774 17.676820043279978
445.784 13.023322336603227
446.794 20.074365540912623
447.795 16.552495961561025
448.874 20.269602933354026
449.924 23.67621058760507
450.926 27.257153547418188
451.944 26.700383121698
453.144 20.11366535297714
454.145 23.42959056252919
455.154 29.143792933169383
456.155 19.843808893514346
457.164 25.138923771962904
458.204 11.304923749417004
459.344 18.13561502812868
460.453 20.35949062536042
461.624 19.610081615199718
462.634 23.710963534966247
463.643 17.885931087409244
464.656 17.807789395312984
465.674 19.998270695496146
466.675 20.908677389161177
467.794 14.686761415630048
468.824 16.767579263170234
469.944 17.252465573971516
471.105 17.20960033636793
472.106 31.36938045813266
473.114 22.617602463157862
474.124 19.648521423494042
475.355 17.63802600756989
476.403 25.213702091532586
477.404 23.092744405742945
478.414 24.97280365457145
479.423 24.60085513975282
480.634 19.98267392577963
481.635 22.267393707294815
482.753 19.26885102224367
483.843 20.9962101092745
484.863 21.817266708453868
486.034 20.13753754388273
487.203 19.253643532934404
488.213 19.33898444219123
489.403 19.680869038681816
490.404 20.402321553476053
491.423 19.724145127680433
492.424 22.111233691752435
493.434 26.71294917918184
494.656 19.937963322749194
495.664 26.11512694645023
496.834 19.639724621379738
498.054 14.22335568998367
499.344 18.05912590902036
500.353 20.449533983917902
501.433 24.735385986506795
502.603 22.52906780623481
503.605 25.899172938694573
504.622 25.283568676291644
505.775 18.58542049627025
506.783 22.905555909091582
507.935 14.578568104396421
508.983 22.68604535930057
510.083 21.554144478453278
511.093 21.657434893599476
512.183 17.25716094671892
513.203 25.134255371181574
514.223 20.02425869153896
515.224 21.32313786778757
516.393 16.303742524819768
517.463 23.236714185330964
518.483 24.50266563132353
519.663 21.90859927268976
520.853 21.16981214465686
522.183 16.968386177695
523.193 21.612204340665564
524.222 10.25639260652751
525.223 15.647357740261217
526.432 12.450502272549958
527.532 10.24431744425402
528.582 14.344447154388275
529.583 12.24117561198448
530.642 12.872798178092003
531.732 13.30071691692108
532.742 16.20546096546375
533.913 9.053399522562144
535.102 11.993047390280612
536.284 19.185701562032783
537.303 19.52926721911317
538.312 13.49945515155578
539.322 14.453161652820095
540.353 14.808791377964702
541.362 9.310250514460503
542.523 9.849677935988845
543.533 11.737636177185928
544.552 8.177400315130411
545.582 4.746600154176308
546.592 2.104605320190098
547.612 3.5427522889866645
548.632 6.509213216207051
549.652 9.937712657896673
550.762 21.156984064350304
551.782 10.162105249988064
552.802 16.473889546065827
553.814 13.49951130296081
554.832 18.521513362751083
556.003 16.138691791230844
557.022 16.35236084423807
558.132 11.813093889797955
559.172 10.295526209589324
560.182 14.369162054514263
561.202 17.441992005496093
562.212 20.92728453909493
563.213 17.84834467900414
564.214 17.964766161764363
565.222 22.334581838567768
566.232 7.882577689369885
567.421 13.794402559425853
568.492 20.25247252527702
569.502 22.26450891358998
570.642 18.700176430905795
571.652 22.074048285929504
572.657 24.44953635206403
573.662 15.355946466882932
574.672 23.907270288516138
575.814 18.370945423326326
577.103 10.151063230822139
578.112 20.23162696772521
579.322 20.628172174183444
580.332 27.5089453726514
581.342 20.30159522350917
582.343 22.395457338331056
583.351 16.700374960153738
584.352 17.032773385107863
585.353 23.34033409241302
586.392 23.034200946182395
587.393 22.768471769094806
590.332 2.8351873212812397
591.391 9.7777392519334
592.401 2.9464474482661367
593.681 5.635336032049717
594.701 3.5427522889866645
595.721 2.2923691281678416
596.731 2.525526384228117
597.732 1.9624005134063047
598.782 22.421300837788575
599.802 11.538318879963361
600.943 9.536021275735434
601.954 32.182904760656484
603.152 21.70082341090915
604.153 31.741463517034333
605.162 30.168032908220688
606.163 24.085586810722123
607.172 26.094788683276008
608.181 18.916946969677852
609.294 19.802438995552382
610.341 22.789634607516554
611.382 20.38379670730728
612.392 18.129913301008926
613.482 20.915096876841158
614.552 19.814928967041375
615.561 22.339088110196588
616.622 20.26199837088732
617.623 22.422622350975107
618.632 26.9063575704389
619.852 23.454940799644707
620.861 24.463951014385117
621.862 25.55404977993772
622.913 26.45014944052649
623.921 27.860574948756167
625.081 14.298263189315433
626.153 22.860852215665044
627.154 30.706864606905153
628.162 26.63384394086509
629.171 8.631119813817554
630.332 20.414978236591217
631.501 21.760653982808247
632.572 24.01973272698599
633.573 22.38660930564128
634.721 19.770432124343447
635.921 20.222952009845006
637.061 19.674187967420824
638.231 21.15053396459132
639.431 21.17480771438963
640.654 20.726023283796085
641.661 24.101165014795292
642.662 20.49142279494854
643.671 21.33948779775364
644.681 18.152528577475877
645.692 33.097072191500224
646.781 24.09734185255718
647.782 24.272792555000557
648.792 21.00943799238305
649.801 20.891815927737984
650.961 17.411700555200074
651.962 24.478470507876953
652.963 22.15624999841972
654.0 25.632045661867306
655.001 29.788531950892526
656.091 23.52782679606487
657.181 18.078842267889012
658.411 27.761117791323954
659.412 30.204079030024676
660.421 23.209638189728242
661.492 20.746285907413018
662.741 18.710382903049716
663.75 28.127560848465794
664.815 16.73797990680867
665.832 21.372387016880165
666.841 20.551326590068694
668.051 16.19844764871603
669.091 16.918763767398822
670.201 18.58903921806937
671.211 21.170821836014586
672.212 23.26209885599815
673.221 22.421630979934598
674.231 24.067731059638824
675.321 20.601050389933157
676.33 15.55809896248434
677.331 22.55410101217232
678.34 19.535556499039014
679.37 20.73575147444196
680.38 20.768054531317386
681.381 20.225360899680513
682.66 15.483717378960755
683.741 16.278652674089123
684.82 18.709139874500817
685.94 19.702536275079932
686.952 15.553587828603257
688.1 11.312297819878907
689.101 11.648357421769425
690.14 7.23753849963315
691.31 6.542457865210303
692.34 5.778469752910288
693.37 2.840055126573963
695.16 2.6125324142248023
696.19 8.992200463704144
697.2 9.118879469563426
698.21 13.60239649049179
699.22 15.368234199931988
700.41 8.7461533916005
701.42 9.701338222651124
702.43 13.259013517197614
703.431 11.60178882866534
704.432 14.74237474760509
705.55 15.31003687262279
706.58 15.424640203531363
707.59 13.240705912438651
708.6 9.985029173705987
709.62 7.800270390663621
710.63 7.155658088646332
711.66 5.300400343789237
712.7 6.540465764283073
713.789 4.198646305790021
714.814 4.769754301269851
715.86 4.475055522930524
716.869 3.1313931217400777
717.89 4.163861652090105
718.91 4.584738256335683
719.95 3.61506555264513
720.96 5.261513300475244
721.97 5.682434364513264
723.0 3.9853700379172925
724.08 8.489138891299916
725.11 8.461330709618634
726.12 9.34226301670641
727.14 7.9719543358686416
728.149 10.32971655488144
729.159 10.229489543134502
730.17 8.682438887562888
731.21 5.752042019808434
732.239 8.469553577169284
733.25 6.950008611760848
734.289 6.373729792661747
735.299 12.627631921140587
736.36 11.566066635870282
737.37 15.237311749092678
738.389 16.474960091881325
739.399 11.826712674290466
740.419 8.820929159850525
741.429 9.630877021141835
742.56 13.39502402096851
743.579 10.638686952207255
744.599 9.73220986989173
745.6 15.509825161960475
746.619 12.537297937787072
747.639 6.314221690153433
748.649 5.261513300475244
749.65 2.972938983765033
751.819 1.4628578482506225
752.82 1.061763922773226
753.83 3.7882895763421756
755.736 1.335681723061926
756.919 1.9871535117408627
757.96 2.2461253705390956
759.019 2.8101151300744083
760.069 3.846416770899807
761.099 2.9735645702698066
762.169 4.7678161646175665
763.469 1.6351164410707681
764.499 1.7938540056353443
765.519 4.37634106286588
766.521 4.030676256930936
767.559 3.5314652524035934
768.809 5.033070085220388
769.839 6.603965431897471
770.869 5.723255677890311
772.009 5.578144714788366
773.017 5.061074698552377
774.159 4.72043142078434
775.179 7.710696158382741
776.209 3.9577630004073048
787.155 0.21361378683822385
788.215 0.8021325937328296
789.554 0.47624750710799074
794.157 0.09235939054494888
795.44 0.6627128210107557
797.48 1.4964076253317855
798.583 1.9271544636373512
799.76 2.1671891657352575
800.919 3.11786655286143
802.196 1.486185290967149
803.377 2.699811227847585
804.439 3.4026434413996207
805.519 2.9522935741555534
806.575 2.045887652265691
807.576 3.1852917683196784
808.596 3.1259579020470567
816.101 0.35859409309144213
817.171 11.434800817322017
818.181 24.852804228420258
819.341 27.131631527135166
820.361 21.995044138848066
821.552 22.639730267214077
822.553 35.69032498361739
823.732 34.79913416786434
824.751 24.481575385419138
825.76 14.003028256114156
826.77 20.299133696818892
827.771 11.008349723875565
828.801 13.144570449837593
829.814 21.05919308894707
830.831 14.9072167195226
831.871 10.027638437400007
832.88 12.850816033390675
833.931 9.358219172562384
834.941 20.617132176119544
835.951 23.43450331856408
836.952 18.76341753349949
838.101 21.809052833607808
839.111 21.481897271498823
840.131 19.30477042782706
841.2 18.89927207418903
842.201 18.17354868751436
843.21 15.47216813913768
844.216 17.375191416966963
845.22 11.510478207393854
846.33 20.61370045309863
847.341 25.081661994230167
848.352 29.941596145324592
849.41 18.26861992285391
850.411 23.90133041067361
851.53 17.355364863639146
852.54 24.17720694078032
853.59 10.715123850821112
854.692 17.663705841779954
855.79 18.464641979132793
856.931 18.490136077815873
858.16 18.54845983800321
859.295 32.7237066093393
860.301 38.89971916207638
861.302 27.19310902855797
862.4 36.015094691222885
863.582 34.80007177091373
864.592 35.08398607115433
865.631 18.651149425420986
866.671 24.89279516144012
867.691 25.82342854607733
869.151 14.279458584644008
870.152 28.987241692214834
871.153 33.997867081571115
872.251 26.87107929029962
873.252 35.425349688855114
874.3 21.106259901655562
875.481 20.67039682077109
876.5 24.32115945442324
877.501 24.12625671536636
878.59 32.15404557227558
879.731 35.50010799411614
880.9 34.37944604360954
881.901 37.54018473035548
882.91 30.733821160865176
883.912 26.418980064472994
884.92 33.237812665301085
885.94 32.69489945678087
886.95 48.10269304521327
888.001 27.429614858363163
889.004 35.76542853636759
890.01 37.56582739131111
891.19 32.848809015527294
892.192 37.72506204497871
893.36 35.36473077707819
894.361 39.07586170228465
895.501 31.180227411368897
896.79 22.54054626395919
897.791 30.777648868423366
898.84 41.03719174475827
899.942 36.326801758575435
901.02 32.11242671214945
902.051 23.675619079648996
903.052 23.323258941608188
904.07 25.72915760146474
905.071 25.69561830297415
906.2 23.448788867200903
907.291 20.62631890508485
908.293 21.698225731851736
909.294 22.609672866609866
910.48 20.669854456101856
911.481 24.3370572134842
912.536 21.939466355688968
913.54 30.0364453913274
914.55 32.40153736042081
915.599 20.586067134384443
916.6 30.21013294712821
917.789 20.95068586343002
918.989 16.962221449126353
920.1 17.663831613772512
921.109 19.715888029753955
922.11 22.36534298145708
923.119 24.494442596862964
924.129 22.956659449813316
925.31 21.014977990641107
926.319 23.006206975317966
927.32 26.67511104459682
928.549 22.020006108362647
929.65 26.45858513322629
930.74 31.46537669961655
931.75 30.902775296876076
932.761 35.570303915968495
933.92 37.28153804980475
934.93 32.97538077009253
935.932 30.002268625141777
936.939 30.49489503824742
937.95 16.938993788765995
938.969 17.896745396639673
939.979 25.807261202576644
940.989 9.62456935899799
942.009 3.751149482456468
943.031 6.268872625892563
944.239 3.519290353298011
945.249 11.916664824751189
946.259 7.975500321927986
947.269 6.908582347109395
948.289 8.127490545322347
949.299 7.732270715844613
950.329 8.871513960928239
951.339 8.792573337683073
952.349 21.23912920166988
953.409 8.060171905409291
954.419 15.580387031550568
955.428 21.231997269624667
956.789 16.03182521636843
957.799 18.453296369944564
958.8 23.01311211153495
959.934 17.979037614967908
960.939 24.03301480774483
962.122 14.144792232095543
963.129 20.235856174958542
964.139 19.222215769821034
965.149 17.868068399330298
966.158 14.311948026066483
967.179 15.759211912850237
968.189 18.797140879493167
969.278 11.66092467004314
970.289 14.992468820434482
971.291 15.449374914319842
972.299 13.012474403131105
973.309 11.8745585993328
974.329 13.691147197299083
975.339 10.599026237512907
976.509 13.5905109457517
977.51 12.799843500589866
978.529 10.529506527689133
979.549 9.349234325752047
980.568 9.387076722535815
981.578 9.772722496669267
982.814 10.296947273818725
983.949 16.794463909554022
984.958 16.737260816185714
985.959 21.051487741347053
986.96 21.349681965856895
988.059 22.313633057479503
989.072 15.906829543673261
991.488 0.9952028312670582
992.498 7.155658088646332
993.638 9.553654718361546
994.654 9.040710854881445
995.668 11.633103222361616
996.67 14.401541755344685
997.709 7.555185607252136
998.738 1.5983851200673387
999.978 7.177231186474256
1000.98 8.273493369489815
1001.99 8.24103751364203
1003.018 6.241504124391013
1004.03 5.875567828282222
1005.048 7.5170382556102116
1006.058 8.688419989600566
1007.209 12.927506180489999
1008.228 18.038557959212095
1009.238 16.570997678970453
1010.239 22.575677793643877
1011.258 21.638157262528868
1012.259 18.7506887847177
1013.29 20.218742377907923
1014.298 23.231738720438344
1015.299 19.07418527814744
1016.308 13.848568371137993
1017.309 25.738771865917276
1018.31 19.35282069355357
1019.318 16.32517223670477
1020.328 19.348830548952353
1021.329 18.749602184211938
1022.33 27.005437598348493
1023.338 23.214011393734715
1024.379 22.01704390324287
1025.38 30.31522273889977
1026.428 15.167867865090765
1027.538 24.066722055454964
1028.548 25.617877492843164
1029.559 22.119685745538103
1030.661 26.409336223717016
1031.747 26.505111952368324
1032.749 29.346285545047362
1033.757 26.921334934797848
1034.868 17.82676789753258
1035.888 18.837095439557835
1036.898 20.389902493522996
1037.909 24.977304279781126
1039.018 21.524799611941585
1040.038 17.506582948501354
1041.058 18.856746929292928
1042.098 12.84456875355025
1043.108 16.195307167866343
1044.118 17.356993920260745
1045.119 18.09096704907644
1046.148 14.1354022394316
1047.158 13.875472107694817
1048.167 11.46006107704
1049.178 10.959865415848434
1050.188 15.43946462853199
1051.198 15.903616255068068
1052.208 15.51069505713199
1053.318 11.237613620316992
1054.347 10.058576403666082
1055.947 4.251302746783997
1056.958 10.474872985071869
1057.968 19.360215109894902
1058.969 15.384555646510476
1060.018 17.725463376214154
1061.019 22.88411710863663
1062.027 18.604135697456428
1063.028 19.569985566062304
1064.029 19.329536397001526
1065.318 10.085486173766869
1066.357 13.906482694573558
1067.437 11.677098005146837
1068.457 19.26866652808119
1069.477 15.577690211867832
1070.497 9.438503883773466
1071.537 10.148210346020631
1072.538 16.563517195262325
1073.588 14.349330647518459
1074.597 18.335604930011833
1075.607 7.723039990756059
1076.608 5.096466829311485
1077.617 12.323989247245658
1078.628 20.02008230358178
1079.629 19.564086877602453
1080.637 21.598204102365745
1081.638 20.66807299145672
1082.767 19.913083216179686
1083.867 18.514977193862045
1085.029 21.728468844918478
1086.037 25.574366406656075
1087.047 12.577016778571686
1088.057 11.06840860826583
1089.137 15.892892659625687
1090.148 18.151143968712592
1091.15 16.00236781722134
1092.557 9.916296136257639
1093.957 0.7591612047828566
1094.967 14.522392090984244
1095.988 13.936457124579652
1096.989 12.52881428872407
1097.99 20.4256058500281
1099.047 18.898471593522657
1100.138 20.605667519670575
1101.167 20.210171724097542
1102.177 17.636684890443902
1103.188 14.147770737059036
1104.207 16.87920213852594
1105.347 13.779687140646539
1106.348 12.642286427254364
1107.388 12.167304240815072
1108.397 13.482823379295134
1109.407 10.769486960814856
1110.428 10.237833961906194
1111.437 10.702853445506806
1112.447 11.395330121818754
1113.467 14.211683169584406
1114.476 11.127579629718428
1115.487 10.59653458085943
1116.496 9.226167665809472
1117.497 9.418187498014612
1118.508 10.445607812687182
1119.527 10.60087026885461
1120.547 10.174292220366414
1121.556 10.417033359249817
1122.667 9.965267030448222
1123.668 14.836598534319032
1124.677 15.105499159947009
1125.687 11.985634991231722
1126.696 15.017566364013419
1127.707 14.337120816884099
1128.708 16.00329702022014
1129.716 18.32928505821669
1130.717 14.429123344658253
1131.727 15.888385558671954
1132.731 15.172677979109249
1133.736 13.051472221122864
1134.761 18.105631991233302
1135.787 11.249277438940206
1136.896 11.618762499969119
1138.076 13.435174343619217
1139.087 14.953891815535057
1140.108 16.336612903640802
1141.116 23.898748656495734
1142.117 21.011128293990172
1143.187 21.93991233500095
1144.197 27.834020741186613
1145.376 24.396190505420943
1146.377 24.014026405985504
1147.387 27.656944664904536
1148.388 30.298613274025975
1149.396 26.682247250299348
1150.397 24.60855211128104
1151.407 18.8026793145463
1152.596 16.62424475564401
1153.606 19.564214134351925
1154.607 19.792738669743528
1155.616 20.874876159694733
1156.636 17.21348631090201
1157.637 14.822783185031485
1158.646 15.474632105398518
1159.836 20.340010036573776
1160.906 18.83194445137689
1162.006 17.21003518247214
1163.016 11.180561918091751
1164.028 17.704395421008655
1165.036 15.34569889866256
1166.037 20.148522721058765
1167.046 18.483442905661995
1168.056 19.60544470641413
1169.067 19.278051308942654
1170.236 17.293334423410023
1171.266 10.882603671560211
1172.267 13.790047018626474
1173.428 14.965434297497614
1174.436 17.82336256916184
1175.446 14.505776785824848
1176.576 13.984135985603043
1177.596 13.992927051293002
1178.606 11.792866682299104
1179.626 20.795389242229128
1180.636 19.809751421707436
1181.637 23.930513395685505
1182.816 19.839581513284248
1183.827 22.196071289103898
1185.006 16.32690437244375
1186.007 17.973769423097817
1187.016 20.773853543000456
1188.026 23.76850172135156
1189.027 27.89924412865964
1190.126 22.44780893995034
1191.306 20.925072033378083
1192.386 21.469447188586177
1193.476 21.79494023462426
1194.477 23.327139657700194
1195.486 19.90592142762094
1196.496 19.678367434613698
1197.506 16.01961570034755
1198.516 15.453003025328535
1199.536 16.562397418438604
1200.546 17.077302950077588
1201.576 20.178481547874224
1202.586 24.60326696019304
1203.635 20.538518780699036
1204.666 22.0289418837113
1205.676 22.932505719164936
1206.686 25.453878277103204
1207.696 23.160812319688482
1208.716 25.161676054532865
1209.717 23.241763903676027
1210.826 20.571339511702938
1211.827 27.37596837081336
1212.906 19.79970712668754
1213.907 26.23301986739534
1214.908 20.753138288193522
1216.016 22.928517123964973
1217.017 28.2769154187338
1218.026 14.621945781257924
1219.035 20.075473105944727
1220.045 20.41544083293466
1221.046 24.464810387233086
1222.056 20.633747481278938
1223.057 19.67817993070747
1224.065 20.780743115328
1225.067 20.41375006871851
1226.075 20.847027902132872
1227.186 17.152645247126127
1228.187 24.11275182336617
1229.195 18.44875182513245
1230.205 21.050976255281537
1231.206 19.716366177052823
1232.235 16.731777653171594
1233.335 19.5537890093807
1234.405 21.620286257444807
1235.495 15.446012233071102
1236.515 23.088520056045613
1237.665 16.342194759750118
1238.675 20.465286748412847
1239.685 18.713295126605477
1240.686 20.16140669848423
1241.795 18.136198212342507
1242.955 19.277646539228517
1244.145 22.770336862790028
1245.215 22.957458870864603
1246.315 20.854634536863884
1247.325 23.72465577718093
1248.335 22.33620087844441
1249.345 17.415762869991198
1250.346 18.132413096939082
1251.365 20.515093258931135
1252.545 19.526748863710026
1253.546 20.622125312927356
1254.565 14.995992302214741
1255.575 18.671756863706985
1256.576 23.814712827500003
1257.595 19.33408433729306
1258.625 20.174257520277063
1259.655 22.487968636619616
1260.661 31.114770918663787
1261.665 24.147489489136536
1262.675 18.053913664446505
1263.795 20.16286099683971
1264.835 20.83010453044631
1265.935 22.843406844545033
1266.946 20.068649369510936
1268.094 8.158465407839728
1269.125 10.721035054935395
1270.145 4.298344452444432
1271.174 12.627468955634487
1272.185 13.035646404580012
1273.214 5.127516781956216
1274.294 5.573820923799234
1275.564 6.320820166930138
1276.574 2.3150658522091074
1277.63 6.2955482740353546
1278.654 6.227494257984371
1279.686 3.1975652098297376
1280.694 5.4828309234317425
1281.191 4.276964533987925
