0.0 9.584053344722793
5.511 0.3759874462321431
6.588 49.04927453288082
7.737 1.1711308345259903
8.838 8.386922672667763
9.899 17.115738890270944
10.928 15.100561339786077
11.938 18.211775185137657
12.949 14.563315416423816
13.988 13.794241618564223
15.017 14.444250316585974
16.118 14.560926380630887
17.207 15.564038973628731
18.218 20.79494332214937
19.227 14.989262071893275
20.238 14.328641136049216
21.239 15.73470482689444
22.408 17.47564655943847
23.637 11.914010446015839
24.657 15.236653337101236
25.748 17.038876159693192
26.868 15.994027708768792
27.887 17.588364342609175
28.998 15.810436570397663
30.188 15.204433873668295
31.327 15.497717095945601
32.417 14.8264777955755
33.598 16.172280315150527
34.717 15.109702087491492
35.837 14.49932313822494
36.857 13.317214707873598
37.897 15.008577700125528
38.917 14.790168447186913
39.957 15.575742172892605
41.087 14.702291967783555
42.107 16.566684102208658
43.117 17.20290379539705
44.118 16.301098609927745
45.128 18.43115493874639
46.138 20.08261302310456
47.147 22.280088878913112
48.157 20.073748322216336
49.167 21.757412801110746
50.169 21.5431785679547
51.287 16.443787862257413
52.467 24.786898957805942
53.687 15.073333216986077
54.688 16.579304969561772
55.787 15.091804576617209
57.067 18.71819086993601
58.156 20.26255104128385
59.158 17.87280029650689
60.237 21.644939143487864
61.267 10.917951519620392
62.507 11.797408599606154
63.527 17.22643104144588
64.547 16.564329038629307
65.567 21.090180594211827
66.757 14.843731755279938
67.767 21.7415102733092
68.777 21.807749936356583
69.778 17.132938152085067
70.779 20.92751117899167
71.787 21.96544354412745
72.876 14.933320227288455
73.877 22.002433843735666
75.107 17.521909256432636
76.117 17.96134167645189
77.126 19.090038798706434
78.377 10.36084763977817
79.386 10.468342801806656
80.387 15.783346719927637
81.397 15.622668355589855
82.407 14.196449523624413
83.417 19.25107424618359
84.427 15.53777139614538
85.437 17.603346975785588
86.447 16.615762434283265
87.457 18.191740504442798
88.577 16.512663207182925
89.597 17.09735834763838
90.606 11.49400701171319
91.617 16.861397082075097
92.637 15.357666736866962
93.646 13.208544556294825
94.656 14.61968215330336
95.897 9.683891460311704
96.906 13.416986396826971
98.077 6.719700982787758
99.101 8.609767072791605
100.116 7.161754376533457
101.136 7.8335098194660056
102.146 6.483097456102792
103.156 8.945109279992566
104.159 8.666336460785775
105.198 9.71339746537798
106.206 6.171633201971928
107.216 10.906504520019492
108.406 13.531643259810684
109.416 17.8653004258709
110.417 13.134827229914885
111.656 10.414853516405248
112.666 8.728859945242409
113.816 6.996920596604117
114.896 9.031754636340274
115.936 10.19862410753784
116.949 14.616711191121096
117.956 13.721689639974887
118.966 12.999001701843419
119.985 10.405823177344535
120.986 10.660028786449264
121.987 11.089593556093083
123.176 11.664923234169972
124.286 14.146973112554823
125.287 14.15681235392925
126.356 15.195199557603322
127.776 12.57733428159376
128.786 10.171857822289796
129.926 18.31702645751834
130.966 17.95554678954177
132.076 15.623013547723449
133.216 21.642396759851245
134.336 21.464373173753078
135.516 20.382503125975703
136.517 18.589289063756915
137.546 11.269990991456927
138.556 21.249408428741667
139.557 14.252832714202576
140.566 12.734630786570198
141.696 18.12892823450322
142.716 17.663864724205595
143.726 17.944186981106917
144.736 19.486106094085184
145.816 18.863308102757873
146.826 19.066629967036523
147.836 18.16494411901342
148.837 21.245515451107398
150.006 14.792320067097833
151.007 16.786001429308033
152.008 16.977031409220224
153.016 10.497296912164773
154.206 8.528150114930362
155.356 10.268506646339686
156.366 9.183396763507073
157.376 8.721472156736176
158.575 8.087576802029188
159.597 7.806424137256483
160.615 6.768075044640872
161.645 7.049475934231891
162.655 5.6450217192858725
163.685 6.245477390045898
164.715 8.566489070062365
165.745 7.7769791984808245
166.775 7.582118830487059
167.795 5.614104229500328
168.805 6.2515716773228
169.815 8.050936437230035
170.825 6.966308911111979
171.835 7.025411219161819
172.845 7.976933335413392
173.855 10.98676845955328
174.895 7.168477381034831
176.125 5.1294972154994705
177.145 7.049774471188182
178.156 7.419134805297029
179.187 6.770809972219961
180.298 6.932568687487223
181.336 5.50030155070875
182.375 5.427939012200505
183.395 7.07494426642634
184.404 6.420209233756878
185.405 8.006834621002154
186.425 7.950803545058604
187.435 7.117445533603839
188.445 7.42623004981339
189.455 7.657380178330353
190.475 8.93812905974557
191.505 7.731794185612705
192.735 6.778837033368036
193.745 6.680564277701519
194.764 6.739713772437982
195.795 4.81097101491869
196.8 7.402395881632274
197.825 4.7924935257640415
198.845 5.562648736772074
199.855 7.194453837524713
200.895 5.375537203831188
201.904 6.137816289247599
202.964 5.415375373111159
204.015 7.378998313903371
205.055 7.890444678380058
206.074 9.677665017671332
207.075 7.118646288473907
208.145 6.68299605728586
209.276 7.121396780947555
210.405 7.507145915017707
211.635 7.516983692084976
212.865 7.848681856316881
213.875 6.3379712378193895
214.884 5.746502142439801
215.965 4.117785979308543
216.975 9.505955122694342
217.995 11.68052083845288
219.015 11.043092674318045
220.104 8.660508154958544
221.105 12.078476924329014
222.115 11.204269961846869
223.255 9.404517469358206
224.395 11.491809368736243
225.565 12.398061882492518
226.574 12.189147389098215
227.585 10.020566753415476
228.595 12.45405838694319
229.605 8.140967283602567
230.625 13.44166257028933
231.654 8.209172691498987
232.844 7.454439595756066
233.854 9.398809292930638
234.864 10.701524693160193
235.924 8.477116385796581
236.934 7.446139513753908
237.964 8.395326276752153
239.144 8.503641695172703
240.145 7.942905275872809
241.165 8.068717216346725
242.195 6.298029524577298
243.204 6.151854464917834
244.214 4.967599078290873
245.234 3.4261918808671252
246.476 1.114392818940259
247.504 11.726793874635385
248.515 13.24183402096684
249.564 11.41041434033188
250.565 16.324345644520232
251.675 13.015361101586485
252.855 13.719841660668411
253.885 14.656397407651996
254.895 14.04957027078021
255.904 15.933204044862372
256.905 14.226932485444637
257.914 16.476305966104587
258.954 16.485467177345974
260.045 21.199599361586326
261.214 16.872295680601887
262.324 16.429680184619926
263.325 16.392570637346015
264.326 21.962383246095346
265.345 18.862361872700433
266.356 19.040015028239306
267.365 18.11137740912435
268.374 16.212588808870887
269.395 19.584102737351035
270.396 22.279882147893847
271.404 13.75723155148812
272.414 12.689090234844782
273.534 13.571809098605145
274.544 16.976136253282082
275.644 10.58912785779376
276.653 12.04350131651953
277.654 10.487697508274511
278.684 8.004132116431968
279.693 10.516599030673092
280.704 5.876364069764003
281.764 3.590762899141939
282.783 4.374409833959729
283.784 8.956551789652913
284.824 5.270470714879481
285.854 5.878963087297702
286.873 3.648237447348528
287.894 5.930785484737153
288.934 4.855190553108563
289.944 7.742680586405521
290.973 4.67332778017992
292.275 3.3219947223593556
293.303 8.232536298432148
294.323 7.708776745527151
295.395 4.692681255477467
296.423 3.5342404552042606
297.435 3.0772438068463974
298.443 4.349627563447099
299.603 2.8337760497146807
300.944 0.5037065710624862
301.963 6.961127468851309
302.964 5.6351317222510495
303.983 8.657598217883697
305.114 9.501942208036596
306.124 10.776054598864038
307.239 11.462281049455763
308.243 15.225145070273701
309.254 8.968535464529339
310.264 11.200638675970925
311.275 12.101737330490232
312.343 7.897084205689403
313.353 7.853469615631308
314.363 8.711454816388747
315.484 9.497579115967172
316.493 17.732346666028008
317.494 14.64537910810944
318.693 14.49034285402496
319.703 16.850824438449777
320.843 15.251153540632266
321.894 13.890763973159117
322.895 17.008617054046972
324.053 12.039229769481453
325.063 11.148798939672972
326.075 10.846334652526501
327.083 8.699129661693913
328.284 8.637479864883236
329.453 7.181141229229802
330.493 6.321500418594288
331.594 2.2497913751728547
332.723 5.517920835427686
333.734 12.326904550465862
334.863 9.062523222716065
335.874 6.331702225714722
336.883 6.45655808147445
337.893 5.299423477299515
338.943 5.439488553626428
339.963 6.445451407194175
341.093 3.054280423254392
342.123 4.367229721992579
344.074 2.3001656710476195
345.083 9.298160587009223
346.103 3.7315771304808387
347.123 2.5818258435673345
349.675 1.1524926517978364
350.722 6.079205253767263
352.043 1.4406543047276514
353.543 1.038749410449818
354.733 4.768409737138706
355.763 8.566489070062365
356.783 4.602104876131621
357.793 7.879639917288971
358.833 4.100998001628842
359.853 5.258131411132091
361.152 4.3645895058994455
362.162 7.030117830286902
363.213 3.4568974195527877
364.313 1.808505582974266
365.343 2.3538705461289147
366.362 4.697718510617082
367.674 5.825384276085996
368.693 6.451776678447556
369.703 6.574130036510068
370.943 5.834194950534454
371.952 6.001320099025404
372.962 6.496746082326165
373.972 10.607361693894346
375.003 7.802433282660202
376.013 8.393529477112164
377.043 2.7475680243203984
378.122 2.405136494075189
379.132 2.2268547592338397
380.172 2.4449847533136495
381.192 3.9011942727754216
382.462 3.3739319231733442
383.753 6.232635334758209
384.772 6.967965511551557
385.792 4.176698139865016
386.799 5.154205118385558
387.854 2.441869136326239
388.873 4.7539407104350415
389.892 3.4548727954359917
390.914 3.893559841713239
392.113 2.9904256917421517
393.122 6.687185253199736
394.142 4.610164170173396
395.193 4.609196559403717
396.202 2.696708478081278
397.274 4.034736127343173
398.302 3.993120881892923
399.602 4.514551376197083
400.642 5.323368773553084
401.662 3.158127362123785
402.682 4.5796628419537555
403.692 1.8852634533864536
404.752 2.6114639266486823
405.922 1.182970838567352
407.222 1.716961540285789
408.242 4.74927998424834
409.252 3.768523438703421
410.262 2.670497719870676
411.302 1.497197467561805
412.492 4.2835767777728595
413.722 6.926692569687156
414.753 7.6785403523932985
416.462 2.125921116413095
417.472 11.45232435220012
418.482 5.00053108468305
421.492 0.8046952797231405
422.562 5.577043064678175
423.962 2.7158297625643524
425.242 2.800891404400923
426.273 3.020534173160576
427.282 10.252505850876796
428.301 9.037129094359008
429.302 7.086302588171314
430.331 4.523629872641021
431.552 5.711195646101044
432.622 2.5870577217267323
434.952 1.6318290418841601
436.011 1.9110063154152686
437.022 5.133812615444369
438.042 3.1916044296819264
439.061 4.074806323230035
440.082 4.066824332391191
441.122 2.859778496154237
442.132 5.995378197937261
443.151 4.131276744680743
444.171 5.427748553426674
445.192 4.999424247065084
446.202 6.166674717878325
447.221 4.368080182324594
448.472 2.784237072478759
449.481 3.2578594823280764
450.493 3.2482017961156417
451.532 2.595473360329006
452.571 3.4968230875360726
453.711 3.157174603475932
454.793 1.7588764663079735
455.841 2.9715369585196125
456.871 3.071230236060514
457.911 3.160750209297144
459.151 1.2557140050518365
460.191 1.6635527417353388
461.241 1.2880558577640226
466.131 0.5652565964718287
467.201 5.08877846999373
468.211 2.2268547592338397
469.302 1.1100516920103818
470.971 0.4146422651659083
472.091 0.3089455091794201
473.261 0.591485419283676
474.665 0.2242030958511619
475.721 5.539242968831171
477.091 0.8688507246671324
478.961 0.6476290887611372
480.191 5.021535940718471
481.321 7.45360819449967
482.701 5.766982838015841
483.791 2.6867104176141727
484.821 4.199259348069787
486.043 2.551422529675333
487.49 2.6304137339947857
488.571 0.48058190316798677
489.651 1.1213577740586358
490.661 5.011800592573911
491.751 1.5872429829401398
492.772 2.8806672354437604
493.82 3.4060928628255387
494.891 5.492364607634135
495.941 2.306793135206336
497.08 1.1396637526260838
498.201 0.6173398220891176
499.211 1.199075639587452
500.271 1.6321649541554266
501.361 1.5872429829401398
502.521 1.3423149709174802
503.591 1.2935288608633662
504.63 1.0739512009652872
505.85 0.7090552669691607
506.94 0.634897193176056
507.952 0.8547899463462215
509.12 0.7406227959780618
510.28 0.8948766472783202
511.38 1.4155321511493428
512.46 1.6019396772266226
513.49 2.015644487073498
514.5 0.9572820869513441
515.79 1.609390559446281
516.801 2.224652133359226
517.81 1.8861291739794128
518.84 1.6797037392279148
520.11 1.4845658956544439
521.13 3.9011942727754216
522.19 3.1011134128953106
523.43 1.6274714407579722
524.44 5.824081677996197
525.481 2.6935086139687128
526.781 6.918725581255881
527.79 9.271086962502341
528.981 13.53376744941585
530.001 17.139762633212026
531.011 12.666926869326092
532.13 13.36569678487515
533.14 18.949281019441496
534.141 14.426680103329014
535.151 13.892548460834234
536.161 14.545553834732374
537.28 15.369593870994068
538.41 16.30497777434284
539.42 19.592289901767945
540.43 14.37826425093028
541.451 14.204652386126101
542.461 15.071965069989854
543.462 14.465719960334878
544.47 12.270496587779109
545.481 15.957350693872941
546.491 16.770405125896726
547.511 16.961094283762836
548.59 16.87697874180733
549.701 17.526019938308202
550.74 15.231654032958316
551.79 15.193133149275653
552.97 18.372719038507796
553.971 24.326252904929415
554.972 20.508432843430324
556.19 15.339288859002394
557.2 16.552027106322736
564.216 0.295334494895288
565.453 3.0237011841452595
566.483 4.53520009591537
567.503 5.811866906371572
568.524 6.947491567834951
569.563 10.714559046239309
570.683 16.631340740131606
571.694 20.311209077901722
572.696 21.226584238675105
573.703 21.284330225107027
574.863 16.642655970642735
575.873 18.677706728047525
576.983 12.827708566138957
577.984 18.6178424866803
578.994 20.043195434156672
580.203 16.680403486409823
581.204 19.09377498292979
582.213 17.630319210710407
583.643 13.046109470725506
584.653 15.862708873665163
585.654 15.64361182721409
586.732 9.319633289171394
587.734 8.123322479123212
588.743 11.146311482166482
589.753 12.619344502675796
590.8 11.20512232078498
591.833 12.032177322424866
592.853 15.962857724834699
593.863 18.07377515286479
594.864 17.05864871545255
595.884 16.727622734829577
596.893 13.547340885193439
597.894 17.9487321866704
598.913 18.258562751035168
599.914 20.37829998674411
600.915 20.47975307792764
602.023 12.921859366270334
603.024 19.21796973838857
604.032 19.291654660874272
605.033 16.49301298789509
606.034 20.389165448564516
607.035 19.45738892617535
608.043 21.560943738411705
609.044 22.38487283129797
610.222 16.281639064168573
611.232 21.544714087330362
612.233 17.613545323768918
613.235 19.0974382872777
614.383 15.671019692726317
615.423 18.773825035092727
616.633 20.893920132860643
617.642 19.100818112167513
618.712 14.409538013014947
619.992 9.98541300984092
620.993 12.733310512877223
622.132 6.7144005051687365
623.173 14.399233907447915
624.302 15.25804415423791
625.303 16.454225816047835
626.313 16.65595701242733
627.343 12.793743480452619
628.482 13.178972147963282
629.663 13.156730069326176
630.762 13.922062893734475
631.862 15.037833762818593
632.942 14.998628631448648
634.003 15.27687361417279
635.012 16.228757779062498
636.032 16.740517605296414
637.033 18.568821565909186
638.034 19.193585620582322
639.172 14.769636368728289
640.272 13.497108258948757
641.792 5.335740455031132
643.032 13.982567189456347
644.112 16.415783161696936
645.223 16.66407333477701
646.272 16.337277030328103
647.352 16.368591517696764
648.362 14.363363457163478
649.512 8.21454138193042
650.522 12.239812520262516
651.562 7.852260792348998
652.582 11.762354400325295
653.672 11.890747267591692
654.812 14.422782102276921
655.932 13.788725883376221
657.012 13.464139045894724
658.032 12.351426070145855
659.062 10.45296335730635
660.131 4.730931447438487
662.032 0.9100972390345883
663.051 12.083180860655146
664.101 5.980414199523027
665.102 10.370198909518995
666.142 10.381274415877495
667.151 16.919260544842174
668.152 14.171341750549557
669.232 13.750333532089304
670.272 15.50764352264613
671.301 16.798735386144852
672.341 14.961030249685578
673.352 9.282143364795397
674.362 11.01406571200003
675.371 10.94338463921907
676.381 7.537046877406842
677.431 4.973962474492526
678.481 3.4601897028095046
679.491 3.2546338788802274
680.501 1.724610357564534
681.531 6.718814956911659
682.761 5.634344700427758
684.092 6.991802515463865
685.112 11.611582877110928
686.141 8.717875186822065
687.142 15.836031575498657
688.152 15.9650109619633
689.192 18.702078242868765
690.231 21.12517882592412
691.311 21.112698399530256
692.312 20.686196852515284
693.511 22.190707469027746
695.272 8.855050844692897
696.281 16.19592630906587
697.311 10.119848939938844
698.341 7.5586668265256165
699.351 2.948478914511877
700.371 3.392342845891671
701.382 4.540121712108624
702.391 8.57331442717915
703.431 5.180726422233233
704.451 7.61516494550346
705.751 4.272022897533563
706.821 5.335806551061387
707.831 6.5154033787232555
708.841 7.210231148571916
709.851 4.367936041742803
710.941 6.492032647986084
711.951 14.357603486463704
712.971 12.282116141386592
714.101 10.442863446412515
715.291 7.8616907795109805
716.301 10.629024192395663
717.321 8.905519916161158
718.331 13.50400087210827
719.341 19.823815680547938
720.351 18.357527487192772
721.45 10.937778059554333
722.641 11.897316941279861
723.651 18.50770519010009
724.652 17.637929441575167
725.68 13.190413294558981
726.681 8.378660831902671
727.801 4.320607462621401
728.831 12.21063580080398
729.861 9.710111922925583
730.871 13.198847641774659
731.93 7.779689751994267
732.931 6.567792642695363
733.96 6.401367665234878
734.961 8.267858389850428
735.991 7.5586668265256165
736.992 3.330895760849888
738.011 4.4398162341894505
739.54 4.206063536194158
740.541 7.051558378861887
741.561 12.665242581218656
742.571 15.296603927280987
743.59 12.063943684116992
744.801 2.922883720688777
745.85 4.782912363273385
746.89 4.1520719893137
747.9 8.620422235981469
748.93 7.924648343426283
750.06 7.322438657817583
751.131 7.222898734845999
752.17 4.495915398260665
753.22 2.8905977679520087
754.221 8.066341975855753
755.231 12.401216916610492
756.24 17.20328292045603
757.241 18.854734822880935
758.25 16.41952655915265
759.251 17.818220302246264
760.252 20.136985660267733
761.38 23.764721295094443
762.381 18.85435579514301
763.601 15.62948548413367
764.61 19.389478099386714
765.611 13.41808729272119
766.63 13.082272932475377
767.65 13.884923742586945
768.861 18.864756053362154
769.88 17.735187438381015
770.94 9.048493430054647
771.96 11.055491588228469
772.98 10.490845048747815
774.16 9.486991151365006
775.311 15.54315136500074
776.32 20.407120494624543
777.411 16.22615974232845
778.49 12.854821630175547
779.511 14.48515516499051
780.52 16.46753210631069
781.76 11.292246849523165
782.77 15.00747844150327
783.779 12.03986643174777
784.792 10.88494165103841
785.81 16.73899417096251
786.82 17.529921186497393
788.01 13.044153390321178
789.02 17.84889703105198
790.03 18.981232140574676
791.031 20.542418997263912
792.039 17.623343892697395
793.19 14.072332087528823
794.32 21.991938241430617
795.37 9.861685188917814
796.45 15.57253991493459
797.671 15.690018253348557
798.72 17.725903381411563
799.74 20.659114161363973
800.94 17.519528967374367
802.119 18.295622830304858
803.209 15.232659521804035
804.42 14.973983011416282
805.431 21.020861099524918
806.591 14.696233847852794
807.599 18.326074479488298
808.6 18.82201209484042
809.61 18.954560971899642
810.713 14.596669175645502
811.72 27.155527473630578
812.721 24.633391715224747
813.84 19.95993781827888
814.86 24.468075115918364
816.08 21.705798865517345
817.081 27.384754064793402
818.09 16.399597363335083
819.188 16.21900573549845
820.19 22.480545055981008
821.191 18.58840466570177
822.199 20.8943471293026
823.21 17.655611904089138
824.27 14.703921134142465
825.291 21.735684689520717
826.299 16.425653090785946
827.3 15.925103093910097
828.311 19.03376038323998
829.319 16.896649452652234
830.32 11.569189987142474
831.329 20.289550773386328
832.459 16.45181602701084
833.471 23.322820645075776
834.63 16.477623829477547
835.839 14.895089102759124
836.84 18.20786081682907
837.909 10.311653601995198
838.91 14.785114000822986
840.129 14.94812857612942
841.159 13.764975686395074
842.169 17.956458223032516
843.179 10.84214310828725
844.189 10.10649467652281
845.199 5.680207627256222
846.239 3.964192677472976
847.279 4.158881854338347
848.289 1.8077542824482087
849.349 4.080412385388566
850.399 3.2047224805991537
851.479 4.791532727540858
852.499 7.4631542609616774
853.839 7.936396747328359
854.899 9.866604182294687
856.029 8.54941103891461
857.059 8.062577948293992
858.079 4.697204545824564
859.099 5.6318346763922325
860.109 10.64718062177538
861.239 14.583657403890198
862.258 15.290949020688146
863.458 10.419563692676792
864.459 10.189529021109976
865.468 11.318028452418464
866.489 5.820419363874564
867.499 6.3379712378193895
868.558 3.9149236990340794
869.568 3.7722583479588256
870.669 3.3621665246252146
871.698 4.035206650506711
872.829 4.156030433022607
873.839 6.166674717878325
874.858 4.423805938877051
875.868 4.967599078290873
876.879 4.904892608469145
877.908 4.878701510473437
878.918 6.3379712378193895
879.929 5.998704925950762
880.949 9.254921310156872
881.988 5.839845491183451
883.009 6.35812905036671
884.098 6.755693410441285
885.163 6.178910183588401
886.168 1.8216558340559768
887.228 2.937896917479768
888.258 2.687525982764664
889.378 2.662396643067385
890.569 2.0336967186957624
891.619 5.27267002332877
892.668 4.817151804470443
893.698 5.077911391777021
894.708 6.8074088498508605
895.718 6.680564277701519
896.728 6.445281996291241
897.748 6.20069684660243
898.838 4.920453247114433
899.848 2.7555198960694933
900.858 2.7407443190570335
901.888 3.0234667306102465
902.928 4.04360056784967
903.949 4.066824332391191
904.978 3.1945385983178127
906.058 1.43952079328559
907.108 2.8011059498934086
908.148 3.160750209297144
909.298 2.1751554834690183
910.399 1.8856619633839262
911.408 2.7434606166973277
912.428 3.287696012487703
914.299 0.0761111737274119
915.388 2.0653106582425877
916.398 4.282412998526614
917.408 3.1803803435548974
918.538 1.5310573906236746
919.568 4.53520009591537
920.608 1.9945608238262447
921.678 2.7487488293346534
922.698 1.3569371383566684
923.907 1.5906422052963314
924.919 2.3957792205407054
927.268 0.8105214380516302
928.316 3.586383482384843
929.657 0.9031069321277604
930.678 2.8834914190079206
931.867 2.4489659020272954
932.898 1.6780745406447648
933.915 3.402349756941499
934.927 2.840609572892561
935.969 1.661954708361914
936.97 3.2838963213476813
938.208 5.696720055727146
939.218 8.621173536507527
940.238 9.572333506263695
941.248 8.518245364437677
942.258 9.459624923587475
943.458 14.029619067921578
944.558 15.109472041252069
945.717 7.285220967055871
946.758 7.478796187628612
947.778 5.87224961711533
948.8 6.7074314804342325
950.108 5.158539694555454
951.237 10.974791571273407
952.307 16.99044958152851
953.308 20.2446295378373
954.317 21.25354728302719
955.318 11.470390090124399
956.325 14.10436174026048
957.328 15.469053115510034
958.329 18.2841717347305
959.507 14.71688139312188
960.607 15.607299706495462
961.777 12.739311785394305
962.877 13.486645829956345
963.887 18.489881596533202
965.008 14.274403934511643
966.009 24.647289398948516
967.098 17.606355282437445
968.107 15.909263941710453
969.117 7.345715676770916
970.137 5.766982838015841
971.147 4.307706782903877
972.177 4.068492938546561
973.188 4.620431353899932
974.237 3.7226271968978644
975.267 6.718814956911659
976.287 5.304751327435279
977.607 5.449181766881828
978.617 8.2222329571711
979.629 4.953157825063229
980.647 5.253056869391777
982.017 5.8280017849989445
983.027 8.564825997053228
984.037 5.668312035593649
985.177 4.970672380735183
986.197 6.275834264899593
987.217 6.3897802837363775
988.227 6.152900874900608
989.247 7.491299795538336
990.257 10.183252546934998
991.267 12.659789514328548
992.489 15.26558542143758
993.497 9.21000190428086
994.498 10.310312526927474
995.507 6.772417034054733
996.508 14.902612599578502
997.568 15.35117953153232
998.647 14.96306676267703
999.656 11.69054147109648
1000.716 6.018369647840804
1001.767 2.636335011664385
1002.803 5.750551644110534
1003.858 16.013123274403302
1004.866 22.195797651848945
1005.867 20.24058657529948
1006.927 17.527231151620878
1007.928 20.935976131805237
1009.117 25.54533946579158
1010.118 20.590176492241962
1011.188 16.974966003241498
1012.19 19.893523509943133
1013.191 24.808123502406335
1014.197 17.982748134724183
1015.206 18.97083964636364
1016.207 16.580315710196228
1017.226 9.290869147534137
1018.236 5.577029021677687
1019.362 4.867705688837379
1020.366 5.5142465383418395
1021.577 5.253838581549628
1022.777 13.533123158749563
1023.778 25.3612513146124
1024.779 19.811148148234967
1025.797 23.363828874802874
1026.807 22.64131787001716
1027.949 22.49873260888362
1028.957 29.66837951556608
1030.137 24.948245560176467
1031.138 28.180080601531
1032.139 23.354425784899927
1033.156 22.004970633774455
1034.582 16.282031157969357
1035.586 16.908125703235342
1036.596 17.39410977927863
1037.677 24.296774060597194
1038.707 22.139919593212152
1039.797 22.590714218376757
1040.846 14.118947037279346
1041.876 18.89138729578869
1042.911 21.35846254318461
1043.937 25.7056095897597
1044.977 16.137677642158614
1046.096 21.93597234040604
1047.226 24.98522259173984
1048.277 23.567621975303233
1049.366 21.685413512313325
1050.367 25.98108800869257
1051.376 19.956645464635045
1052.799 15.265500983050279
1053.806 18.914199645327002
1055.436 1.9105341917353091
1056.466 4.947022196892741
1057.507 2.7986113156649917
1058.626 5.577403776736038
1059.656 5.375051965529328
1060.686 3.7865777495650343
1061.756 7.15920473605217
1062.906 8.412822656853049
1063.907 11.600270261651998
1064.916 10.79535709041061
1066.066 9.189891702112773
1067.096 9.915138871038268
1068.106 9.524487202337088
1069.107 13.279489483221408
1070.116 14.144840737157809
1071.126 9.308363084341272
1072.185 5.416786930046603
1073.187 4.4892680774973615
1074.394 1.7167082155636624
1075.396 10.195136891583708
1076.404 11.337160962866136
1077.405 13.13924922019063
1078.406 12.271402042930811
1079.416 12.367784043200942
1080.606 12.45697625299187
1081.616 16.401641784356936
1082.626 15.745380774845882
1083.636 22.770040693481644
1084.647 23.273784228281087
1085.648 15.948350128502586
1086.716 17.31250597357571
1087.806 16.913505339394526
1088.916 15.986355342223854
1090.006 15.20028811886249
1091.116 20.27969040035
1092.117 15.214805113046111
1093.165 9.053992177828581
1094.167 7.586746931800746
1095.176 12.672963086304524
1096.195 9.123882555005263
1097.196 13.14139704403885
1098.206 11.573158520141005
1099.225 11.939460535292683
1100.285 5.712577339543994
1101.295 8.067564080488099
1102.386 5.121469695562937
1103.395 11.545020739371992
1104.396 10.44297223519983
1105.406 12.620471453464884
1106.516 10.998238765482636
1107.535 13.796530680714557
1108.565 7.709815605983919
1109.725 12.518678867822347
1110.835 13.512691591706984
1112.206 12.19184390878792
1113.215 13.45007638233538
1114.225 13.756312632109177
1115.235 11.054135073389753
1116.355 13.504283727812274
1117.365 15.193550538456796
1118.375 11.344387509956556
1119.405 9.396149754708786
1120.415 8.440861410253774
1121.426 10.69143997604287
1122.427 14.742536551596526
1123.565 14.271539964603111
1124.675 13.977094587750775
1125.865 15.93178958912201
1126.866 17.79232007348833
1127.875 12.104792994222608
1129.085 15.923377943418105
1130.086 15.229839879983647
1131.095 18.044570733836537
1132.096 16.887075492753638
1133.106 15.712949635471073
1134.115 12.292804275520396
1135.116 14.750243448934254
1136.305 16.865891168127092
1137.455 16.22068397518731
1138.495 17.42352608449118
1139.745 14.991221299853423
1140.755 12.972205316414042
1141.865 6.43909109946391
1143.015 3.9115187944803096
1144.035 11.882741892209223
1145.055 13.750271537519753
1146.175 13.310402353813346
1147.189 14.21091613385249
1148.205 15.927366565985437
1149.215 10.06129142820503
1150.234 9.712912489521885
1151.235 5.8764460487274315
1152.245 8.587991096606663
1153.254 10.636800909849477
1154.266 7.758218517415173
1155.267 8.208730062734746
1156.275 9.344146256354161
1157.509 7.3318153993718775
1158.526 8.136540372685756
1159.534 6.007273789599834
1160.535 6.108663709493706
1161.555 7.33978506755297
1162.565 8.061329427840494
1163.574 8.530322514189054
1164.706 7.47317372252413
1165.714 11.143944554428716
1166.715 12.574497890688317
1167.765 9.90733444738916
1168.774 12.972903750401594
1169.855 11.158513257791578
1170.865 15.237501619231146
1171.866 14.12472133878527
1172.885 11.909798050179013
1173.895 13.542442415691532
1174.905 13.931741304943557
1176.084 14.52687041168425
1177.275 13.698888501920647
1178.285 14.978302937741377
1179.304 8.310300188350775
1180.374 13.963114538281673
1181.455 14.423195036865925
1182.744 11.335660835471435
1183.745 12.449671422332996
1184.754 16.77812674301463
1185.774 13.195668118306543
1186.904 13.212980513322352
1188.085 19.99504710049987
1189.094 13.3161235669463
1190.095 15.081766377035835
1191.104 16.876268631852078
1192.106 20.030556789778206
1193.115 18.954043971901037
1194.124 18.951411813962867
1195.125 19.148860347507647
1196.286 16.160680313770573
1197.295 19.677386041480727
1198.404 14.627174270286607
1199.414 21.62693694308546
1200.435 14.559037876348176
1201.664 11.897237106497963
1202.667 13.210643484497334
1203.674 12.684192357251124
1204.684 12.868525843818134
1205.874 13.425791960483988
1206.875 17.401037105374535
1207.904 10.168027576847914
1209.135 8.894741120286879
1210.345 17.163818575605504
1211.346 16.87772614188492
1212.354 19.917475079891062
1213.355 21.92801806452384
1214.524 15.986472299588094
1215.534 19.378044035087274
1216.585 16.675727558446283
1217.694 16.965651918799427
1218.714 15.451650504307965
1219.733 7.329612482669231
1221.544 1.9106514096131997
1222.574 5.474876464066776
1223.575 10.953269913020826
1224.584 16.0581688764983
1225.664 18.557323572305158
1226.754 16.469154292943877
1227.854 13.873755702675629
1228.873 11.22780911419738
1229.984 5.7999262277493235
1231.189 16.268416353452054
1232.191 11.700016088839698
1233.354 18.289167752683856
1234.355 22.501108004260416
1235.364 19.670492294499812
1236.374 15.13206911207444
1237.375 16.59370802360277
1238.384 19.942105925548013
1239.564 16.597974227054028
1240.566 19.839338809081834
1241.574 20.607408216253
1242.644 18.19911424994854
1243.655 22.006092779818285
1245.213 11.566548875803932
1246.214 7.673795581948888
1247.223 11.464382675954154
1248.254 10.966486988902238
1249.264 4.741708053456311
1250.274 12.473592200620681
1251.352 9.672643480225119
1252.454 13.985947887877593
1253.464 17.106987761570394
1254.474 8.847815861868147
1255.484 13.238666569655697
1256.493 9.544204683800928
1257.495 10.796306028254872
1258.523 10.49532120140388
1259.524 14.33141779853153
1260.564 11.470001586693028
1261.594 9.321250684465436
1262.653 8.043375662782726
1263.663 9.122165770633405
1264.814 7.197521049663673
1265.823 6.172786387568987
1266.833 5.533954458183735
1267.883 11.253445562628613
1269.003 11.526400124454554
1270.033 12.52754481768609
1271.043 12.183214547299533
1272.233 9.518221103411777
1273.253 9.493104446376094
1274.263 9.14069785027615
1275.273 10.909134071860693
1276.293 11.873323949759953
1277.513 13.145615125676354
1278.514 17.66686189223647
1279.523 12.384804462502114
1280.733 13.314773519915143
1281.753 12.386019039955935
1282.763 6.519911181879599
1283.773 7.708218180593564
1284.783 15.144716004263069
1285.793 17.345776112102275
1286.803 10.178243876761282
1287.824 10.624132644651327
1288.923 9.046152820275715
1289.933 10.321241410220855
1290.993 11.026061713324108
1292.003 8.870730527912892
1293.191 15.594033594104932
1294.193 19.503981598051965
1295.233 11.013862234774225
1296.245 17.623794178870742
1297.253 14.691974953261083
1298.333 13.692602811265274
1299.343 15.036779162019505
1300.562 11.761402239246756
1301.783 13.44302441821064
1302.799 10.124733433453612
1303.802 9.420862910005805
1304.803 10.73494993597832
1305.893 9.5413259838523
1306.903 9.764428564627737
1307.922 10.926095719589306
1308.933 9.783390615041146
1309.942 14.762520466648144
1310.953 8.817423241345693
1312.143 9.82291555639334
1313.151 15.061971828898717
1314.213 8.977030827265423
1315.323 15.535282854162675
1316.332 15.94962369676238
1317.333 13.177025651403424
1318.343 13.34810601295138
1319.352 14.118519157776118
1320.365 11.636139580939636
1321.402 8.182917311288232
1322.413 13.824892027803735
1323.633 14.210583403291196
1324.643 16.22045314082278
1325.662 18.95966475273858
1326.664 17.675861972701316
1327.672 14.75558580980509
1328.682 9.1055119423058
1329.683 12.20936783649107
1330.782 13.162089061502042
1331.783 16.47974701706785
1332.972 13.422405148659072
1333.982 12.457314022556105
1335.032 9.446626231946166
1336.042 10.23108534709398
1337.052 10.277791196463875
1338.082 5.925007597693204
1339.132 3.1306478263514563
1340.222 8.564382568913997
1341.223 16.07557710586474
1342.242 12.862969119940427
1343.323 15.180482357336114
1344.522 12.912803908460583
1345.703 12.81844444338303
1346.843 13.372868175318974
1347.853 14.018622496979894
1348.962 7.0620747751611015
1350.182 5.512801037634499
1351.192 7.156763594467505
1352.202 7.427857867619847
1353.212 9.563304396183382
1354.302 6.181893723030018
1355.312 9.119285785283518
1356.319 14.03064053157402
1357.342 10.589639667506965
1358.352 10.747228808495345
1359.362 8.92444851552599
1360.372 8.86409403993272
1361.402 6.938477967838468
1362.412 11.234071549380475
1363.422 14.734380700281442
1364.432 8.449125716040404
1365.442 17.42491310084698
1366.452 15.371984413395403
1367.453 17.188402544400844
1368.462 13.743750003722528
1369.472 14.256929215972027
1370.482 17.43205045584452
1371.483 18.596995961094642
1372.642 14.41254674000519
1373.652 16.395506163394135
1374.662 13.135738397585849
1375.672 14.236018017996765
1376.732 13.988894484270137
1377.822 13.222267769947031
1378.982 13.569025069074703
1379.983 19.979815491609816
1381.082 9.320840096474647
1382.092 6.166674717878325
1383.101 7.152575844838862
1384.221 10.118078344306262
1385.231 8.48645321521957
1386.271 5.15701349937955
1387.272 7.8165626965658035
1388.281 9.142361905240456
1389.322 8.347556284083002
1390.324 11.76855164231701
1391.442 11.080283870917869
1392.452 11.090698365657873
1393.531 11.312697806951997
1394.532 17.492130105054883
1395.552 14.462465152534438
1396.562 4.384840303579094
1397.571 12.267485422972294
1398.583 13.292983420006955
1399.602 14.089059874910864
1400.611 10.563977873560132
1401.622 9.339936284589141
1402.631 8.367254062876773
1403.722 10.650167001196097
1404.723 16.43287392014495
1405.812 17.08875015401936
1406.852 18.778202805465718
1407.862 21.568961585824706
1408.882 13.39008308842197
1409.912 15.893459920277815
1411.092 15.584210668710018
1412.101 15.73040254276916
1413.102 14.626680406372005
1414.112 12.0870480799642
1415.113 17.465724505979722
1416.141 9.65420445146544
1417.151 16.14131615207808
1418.152 17.626558609437534
1419.221 19.64744436473143
1420.222 23.565544234921937
1421.223 17.17955856384935
1422.241 18.050982590217732
1423.332 12.16721446290661
1424.333 18.456503012905255
1425.451 23.201391132064682
1426.641 22.519863931754365
1427.652 15.542792823317807
1427.748 45.05455342199876
