0.0 42.211015136822034
1.023 53.811341379500654
2.03 42.535751244228805
3.041 73.89547350724244
4.05 62.3137337812591
5.051 65.56038673678799
6.052 67.38798217622325
7.053 67.00662913150887
8.061 74.3047528915691
9.11 70.74830416883147
10.112 81.03573700371913
11.12 70.8964100544344
12.121 73.10827784693882
13.122 70.32729979571764
14.123 72.53624827986725
15.124 73.48963089165319
16.18 68.11038322589934
17.19 69.81113400046748
18.191 74.63327187552798
19.192 78.63831514556554
20.2 69.8389157693585
21.21 72.26784052069924
22.275 50.43467778316654
23.281 49.077598273475495
24.282 68.53204131036637
25.289 64.52243949648997
26.29 63.38377520672233
27.3 57.527601399308764
28.301 61.477009983150474
29.37 65.8537203886935
30.38 67.92135975413537
31.381 71.01083610100977
32.382 54.61265517829179
33.4 55.388087056371276
34.401 63.57445172907953
35.409 65.78389579873236
36.41 54.23130213357741
37.411 52.70588995471993
38.412 49.0830360299334
39.413 55.94739083479208
40.419 59.4638988103556
41.42 58.99821519250706
42.421 59.18889171486425
43.439 37.76380739558832
44.44 47.938976895790276
45.441 50.910631469368646
46.45 41.505614973776694
47.451 48.511006462861836
48.47 53.46064831657559
49.479 41.31645025734504
50.489 46.67742388440311
51.49 47.176270806361536
52.509 42.59676457269581
53.519 38.440881511354455
54.579 40.22890028684798
55.58 36.991245337294075
56.581 31.159442928357915
57.582 33.940420979579095
58.59 45.144624811565684
59.591 50.03641864171932
60.599 40.978734039585376
61.603 42.20370333790695
62.609 47.51098277714366
63.61 48.70168298521902
64.629 46.34293138093022
65.63 47.36694732871872
66.679 39.740989809019204
67.68 43.28357057508121
68.689 30.155731987877207
69.69 37.56327490436563
70.699 30.912390853603842
71.839 25.351049109413825
72.84 33.36839141250754
73.944 2.072476570041854
74.948 44.18815121889751
75.949 33.55906793486473
76.959 27.480190882628218
77.969 28.724568544248076
78.97 22.57899942228455
79.979 30.833848778360284
80.989 34.47235559405702
82.019 14.268712925946428
83.028 16.914201837661135
84.048 14.782851677925397
85.058 15.118193970656879
86.069 21.458497189525623
87.079 16.58318343574109
88.082 21.69377933426512
89.088 23.035964232947777
90.099 26.619460971330938
91.108 26.93993180853902
92.119 19.823002850991124
93.128 17.213989195280895
94.198 17.198598174165312
95.199 20.02103484750452
96.208 18.538142210302503
97.219 13.970497247365172
98.22 14.951938527997113
99.229 22.699765971798982
100.242 23.25347965774763
101.248 18.403696114627913
102.249 16.970210489789547
103.258 19.86229522532411
104.269 19.523808544523924
105.278 16.646495045985922
106.281 16.746075275573077
107.289 14.848105621552689
108.298 15.322342030964315
109.299 18.495622668647037
110.32 15.032933265704404
111.328 19.881999883285744
112.338 18.70876503868789
113.348 16.708477678535186
114.358 19.653652161853945
115.379 23.367678609150726
116.389 19.921093897299777
117.398 22.699765971798982
118.408 21.732403832819266
119.418 19.35416162340014
120.438 18.33822106881885
121.441 20.742297784516648
122.458 16.968826797521757
123.468 18.897742463321098
124.528 22.762750955418095
125.538 22.299336106718897
126.559 28.602038617600485
127.578 18.995913680819037
128.588 21.543426408186054
129.628 20.63113002733613
130.638 26.64581687328275
131.658 22.080715164496162
132.668 22.18882299289831
133.678 22.67729095598532
134.728 18.616860228222997
135.738 20.787516709653215
136.748 20.787516709653215
137.758 24.267574663863627
138.768 21.732403832819266
139.769 33.63823771900134
140.778 24.023918986820586
141.868 23.011790832239353
142.878 20.598539285019996
143.887 16.835659762417578
144.898 12.837754227308537
145.908 10.094267816372804
146.918 13.606374573591193
147.938 15.718475201844727
148.958 17.589722249683387
149.968 19.35416162340014
150.978 27.779681421082017
151.988 22.56677784216473
152.989 20.783740936933263
153.997 20.639409402649004
154.998 22.767027659609
156.008 20.976494134286423
157.017 19.483965792460793
158.028 12.918763017851086
159.038 21.732403832819266
160.047 19.673130508892452
161.058 17.069670005821784
162.067 20.240624658187425
163.088 21.124381462672254
164.098 30.692807101392802
165.108 22.67729095598532
166.117 15.779213539071185
167.127 18.519787614054678
168.147 16.279849316196326
169.167 15.421920845140471
170.177 12.094555176525505
171.187 12.094555176525505
172.197 12.472510025791927
173.207 12.661487450425138
174.208 11.710437647924952
175.217 16.835659762417578
176.227 12.850464875058348
177.237 12.661487450425138
178.247 12.928929185870969
179.267 11.60173169659968
180.277 12.472510025791927
181.297 9.73048464876102
182.307 12.850464875058348
183.317 8.204493570040693
184.337 8.607736420057828
185.357 8.794861124841693
186.367 8.315006683861284
187.417 8.180022809123276
188.438 7.664598583801438
189.447 6.999094507971353
190.477 4.153715853660868
191.527 4.544457116179598
192.547 3.368244686109584
193.557 6.236255012895963
194.577 5.80086584829984
195.607 6.115162682548468
196.617 4.535458191197065
197.637 4.86524232438051
198.667 2.779619401158395
199.717 2.544895985060575
200.747 2.4090034810039422
201.777 3.1502353213128473
202.867 2.638901075768993
203.897 1.2841516531667436
205.227 1.0045642046291743
206.632 0.49796921784947695
213.43 0.021119295024750344
214.44 29.102523393514495
215.441 29.443354227143242
216.65 26.36461721495757
217.66 30.12587482749317
218.661 31.257568857992023
219.67 32.24981858556802
220.72 41.70270237841535
221.721 46.143718410439
222.73 39.99229724232343
223.731 41.83732818036032
224.82 39.50814389514963
225.83 46.11049161050349
226.831 42.218681225074704
227.84 40.93812082448173
228.841 42.79071079214625
229.85 45.399531943597964
230.86 40.14167833305335
231.87 39.95270090842014
232.94 40.20955998038481
233.949 43.886214212144694
234.95 36.87973859907349
235.951 40.31191600150284
236.96 41.42707289853315
237.961 39.739886434431284
238.969 39.46391500085884
240.03 40.55077163225066
241.031 45.76236536572462
242.04 41.31645025734504
243.05 39.574746059153725
244.099 41.742457099462456
245.11 43.61060627218047
246.111 42.218681225074704
247.12 40.559791391618404
248.189 41.318589237694304
249.19 45.38101232101025
250.191 41.646651658003144
251.192 41.074622090931584
252.239 41.275296944314704
253.24 45.95304188808181
254.242 37.033000966201115
255.249 41.20938399126137
256.25 46.143718410439
257.251 41.26529861328877
258.26 41.505614973776694
259.269 40.559791391618404
260.27 45.19033579865307
261.271 37.83312121085942
262.279 37.57052961793301
263.339 38.968456520662315
264.34 44.046276664509946
265.349 38.100650078006844
266.36 39.15802089217228
267.369 39.53542573421656
268.371 38.366822284140625
269.372 36.87973859907349
270.381 37.26544913703666
275.994 0.40725844588565213
279.11 2.7220380084784965
280.122 33.948711263159844
281.201 74.08803247404124
282.202 79.20992656236876
283.212 89.46478616232142
284.221 76.57962958887701
285.222 66.05324651972295
286.223 65.099863907937
287.224 76.73113177172534
288.231 66.68608213958403
289.233 77.22601247518533
290.311 79.99963321198092
291.348 57.31373534508593
292.351 107.32729206876435
293.352 77.00097807821915
294.353 76.92180829408254
295.361 78.54912524203606
296.362 91.79457703794304
297.371 79.22793561892023
298.372 82.07007439772656
299.373 71.9642187127957
300.374 74.90353633229012
301.382 70.8964100544344
302.392 70.94499854826674
303.402 67.73238232950216
304.403 68.34136478800917
305.43 60.18364473800771
306.44 62.06305959050582
307.441 52.32467629342833
308.471 54.92809691482088
309.52 54.29711555769742
310.521 57.28212649129239
311.523 59.95159780429299
312.531 66.16260055841398
313.532 74.8243665481535
314.541 60.0437571840792
315.542 59.18889171486425
316.551 60.61125133337418
317.552 65.86256999736575
318.56 54.04404824860171
319.561 35.16364989785882
320.57 39.04647366016514
321.571 59.57024475957862
322.572 74.06166045872475
323.573 60.52362737136455
324.591 64.01273454994592
325.604 67.34337507790487
326.671 61.86286927955376
327.673 78.74990228659885
328.674 73.298954369296
329.75 71.10165191418099
330.76 17.00796821698899
331.8 23.307821401636517
332.82 26.08802901782082
333.89 43.06377933073892
334.9 42.14196569320605
335.901 45.26950558278968
336.91 50.20719192963298
337.911 37.07041512143068
338.93 51.962181593281834
339.931 67.38798217622325
340.94 76.12275808077014
341.951 70.49724444707253
342.961 69.70062088664689
344.021 53.913718319720886
345.03 73.09612261786361
346.031 69.2947473997951
347.032 77.4938378611541
348.04 74.76207764521973
349.041 77.68451438351127
350.042 73.87098393636757
351.043 75.28488937700448
352.044 79.97263265179751
353.05 79.00596788052752
354.051 64.22565108028769
355.052 82.26075092008375
356.06 75.6302195504548
357.061 54.803331700648975
358.07 42.26227383950333
359.071 46.2228881945756
360.08 43.20809742166163
361.081 60.71430389372173
362.09 57.773780586899306
363.18 41.57318815447015
364.181 62.621069117293594
365.22 49.49232478586895
366.221 60.52362737136455
367.222 68.34136478800917
368.223 82.45128805901814
369.23 68.12107489410026
370.231 38.40779906296371
371.24 63.827051512712366
372.25 61.4961273166062
373.251 48.511006462861836
374.252 61.85836302786485
375.26 71.84317195363847
376.261 62.31888585671583
377.262 63.95580477379389
378.27 57.452391085736416
379.289 44.09523129598958
380.29 27.266742697077586
382.095 1.2664496713330557
383.101 38.02897958213491
384.119 14.999386945347199
385.129 20.22058443575358
386.13 38.2144742555738
387.139 44.53225043668323
388.14 43.93476992628938
389.149 45.399531943597964
390.15 40.31191600150284
391.159 34.12819103294203
392.174 22.18948716038038
393.179 16.90266736346203
394.189 26.346326334828948
395.219 38.62099642802497
396.22 44.42762970922433
397.24 48.35586888710085
398.241 49.0830360299334
399.249 55.74821966716907
400.26 79.74797911086839
401.261 58.4261856254355
402.262 62.31888585671583
403.339 52.53104904574327
404.341 64.14648129615108
405.42 46.419328137498646
406.429 30.26635462906531
407.479 25.3426567601688
408.489 30.04741051668055
409.498 25.537236718273856
410.499 21.434940288141437
411.5 29.364184443006632
412.509 18.616684285546057
413.51 26.885389652363216
414.549 18.079147684423457
415.571 11.952544743924422
416.628 9.570446112219287
417.648 5.239491733948243
418.669 14.768372880983257
419.679 17.464387377068032
420.698 9.36541702058602
421.7 14.28646698200173
422.709 12.106541851626124
424.188 2.193875849190151
425.601 10.322120360060879
426.609 23.100990340579624
427.618 24.023918986820586
428.628 12.173019487338122
429.638 11.527622902625872
430.639 30.889596621864122
431.64 43.93476992628938
432.649 40.74895610805007
433.719 38.60426533822622
434.72 46.143718410439
435.729 49.07220363104303
436.73 56.138206740572045
437.739 46.423897600999815
438.748 45.856403451704836
439.759 47.8419700316781
440.799 47.42635080121295
441.801 51.24079490877954
442.802 43.17206383686063
443.809 43.86253415600319
444.819 44.4881590996172
445.82 44.42762970922433
446.829 40.181461958755094
447.839 58.85044337174125
448.849 59.60635307027408
449.859 61.874082165872615
450.869 49.96850441398033
451.87 41.83732818036032
452.878 39.46349975441182
453.918 43.93935389860591
454.92 44.80898275393869
455.928 40.03197214038129
456.929 38.595827300288164
457.938 42.183731764259775
458.939 43.74409340393219
459.941 39.128349456894696
460.948 48.79100062997212
461.949 63.19295930094237
462.969 49.85286652537178
463.971 56.84398624752953
464.972 74.06166045872475
465.979 81.3915365176214
466.98 63.08159194614458
467.981 56.71009692422083
468.983 60.27273832320995
469.988 59.52306686887337
471.0 58.168326293300424
472.038 45.12689082794683
473.039 65.48121695265138
474.041 63.320517946036986
475.042 50.03641864171932
476.048 53.58230520671164
477.049 52.56260379610649
478.05 41.3294149877656
479.051 52.13386038764837
480.059 72.41122909316093
481.098 59.85595528748124
482.128 55.66932875512979
483.159 55.298712834975326
484.16 63.002422162007974
485.161 70.43880653393822
486.169 87.37006710058543
487.17 59.57024475957862
488.178 56.12692442685071
489.179 62.31888585671583
490.18 71.20151262336697
491.198 65.51267324448064
492.208 51.2913463864128
493.21 53.7962066247025
494.218 55.180162527646615
495.219 49.273712552290576
496.22 59.57024475957862
497.222 67.32072870099746
498.228 64.39684828437959
499.229 78.06586742822566
500.238 52.477168526812875
501.24 41.98606058624774
502.247 42.91497062909998
503.248 38.70733403850874
504.249 52.13386038764837
505.259 55.07089487907702
506.26 55.566037790077715
507.262 59.70127964392988
508.268 58.704983506659616
509.328 61.191017290572276
510.329 39.66071665029468
511.348 32.48211419046291
512.349 34.512450546650655
513.357 27.156010311205765
514.367 32.88207188617872
515.378 34.24946780526019
516.388 34.47235559405702
517.397 30.833848778360284
518.407 31.448716799925645
519.408 30.317567054792562
520.418 26.346326334828948
521.419 39.088687083223114
522.42 41.26529861328877
523.422 57.60593115323629
524.428 55.28986464002763
525.429 49.46438907464776
526.44 47.2760125359115
527.447 55.424499530037075
528.448 50.41651723562872
529.457 45.66848323998655
530.461 58.63181893308768
531.508 52.57784358283588
532.587 52.787464522729
533.647 53.913718319720886
534.648 55.86822105065548
535.649 46.794917761647156
536.657 44.57642925656089
537.677 38.43825953355597
538.717 40.08490222082802
539.718 46.525071455153366
540.719 48.70168298521902
541.727 38.325170827649494
542.777 35.70654368345616
543.787 38.55139462517505
544.788 45.07882906043249
545.789 42.98138731450344
546.797 42.793637844024545
547.798 41.646651658003144
548.807 36.58733234655358
549.808 47.176270806361536
550.809 47.5576238510759
551.81 49.00386624579678
552.817 44.62069581987426
553.818 63.19309868436515
554.827 69.50199300566211
555.837 56.896985943570016
556.838 40.18535585362249
557.847 39.613967809460114
558.857 34.094400744790605
559.86 56.57440924872685
560.867 34.19597294164698
561.868 48.89235950757621
562.877 55.12547455685608
563.879 81.79768190942589
564.88 73.18744763107543
565.881 89.697135292014
566.888 85.26104290442538
567.897 82.36519372301487
568.997 69.20331187445423
569.999 84.93022223308435
571.0 71.39218914572415
572.047 68.6958592994744
573.049 57.796417379662984
574.051 72.84482926737148
575.057 78.43678140275551
576.058 68.53204131036637
577.059 62.43039259493641
578.061 66.44738834124001
579.063 71.51142568238464
580.066 71.4401281493015
581.077 73.14031149387134
582.078 58.4261856254355
583.087 52.66633324324453
584.096 50.396356646064625
585.097 41.646651658003144
586.098 40.12123947914565
587.116 26.436419491174437
588.126 14.740239121390458
589.127 22.388322899927363
590.136 41.69477969020836
591.138 48.00252905952582
592.157 39.41252278569657
593.158 46.032211672218416
594.166 40.03197214038129
595.167 36.609892292579694
596.177 28.61405543042748
597.206 23.92795787702727
598.226 15.344225792276996
599.237 18.768646531152832
600.246 24.023918986820586
601.256 42.031590720777736
602.276 33.573017209175454
603.277 36.419215770222515
604.286 36.019838197258615
605.287 43.36274035921782
606.366 47.3037915243362
607.367 53.77077930472643
608.376 44.53225043668323
609.386 37.87394923745482
610.387 48.89235950757621
611.458 40.2096903755308
612.466 41.27881880529801
613.476 32.960536196991335
614.477 42.02800470271751
615.478 58.235509103078314
616.556 49.29529707090328
617.588 50.67598109786319
618.596 57.641743465577235
619.626 59.08140639137632
620.627 66.43501771470564
621.636 48.69387419817971
622.646 40.63014629614037
623.647 58.4261856254355
624.657 63.19692413830509
625.666 63.33796116035946
626.667 63.57445172907953
627.668 65.67189347500856
628.686 78.44964448484261
629.687 47.176270806361536
630.689 55.7010688889694
631.696 35.52275585342136
632.697 46.90642449986774
633.705 33.78334360563434
634.726 27.744950429082397
635.776 54.29711555769742
636.816 55.134046747868915
637.866 54.42718230371822
638.876 56.58271427614271
639.877 61.477009983150474
640.946 49.35322342813344
641.955 55.85895205304089
642.956 35.73567946493038
643.957 35.354326420216005
644.966 38.40043743562661
645.968 51.12939945472885
646.985 32.17063909766236
647.986 28.60147835357789
649.005 24.05323887193549
650.086 36.44578346263333
651.105 34.83935131658001
652.107 23.50889662285883
653.125 27.1863888384418
654.126 26.885389652363216
655.127 27.917942048285756
656.135 30.185648388658834
657.136 42.33018796329527
658.137 35.54500294257319
659.145 44.57642925656089
660.146 59.95159780429299
661.155 47.55625861186154
662.156 31.652302711292865
663.295 19.845679855157684
664.317 19.049368185629547
665.326 20.429789374619087
666.327 20.67223419871269
667.335 27.456095076918402
668.345 25.322974900850276
669.346 18.384115930426457
670.355 17.403153911712554
671.356 20.402387892218893
672.385 18.440332014572903
673.395 22.11035868208569
674.397 20.270630773605106
675.41 15.261839199647575
676.425 8.085999558443698
677.426 12.775326997931458
678.435 25.237449360654093
679.445 27.212749147182386
680.505 20.421926818216146
681.506 23.45321224993387
682.515 25.537236718273856
683.516 23.532382034070476
684.535 29.969334465875267
685.545 27.291213457995003
686.555 31.748207338379448
687.565 26.913258608728583
688.575 33.82695900934477
689.576 30.206060316571985
690.585 28.942201614043704
691.586 21.816293332855807
692.595 22.88893068823064
693.624 15.101547194522585
694.627 18.667650189815593
695.635 27.077390317236773
696.645 29.747919978226747
697.655 28.53559111961486
698.656 15.905321139783041
699.665 14.754847881669338
700.694 11.314770779059407
701.695 16.207504400360804
702.696 25.057794212927966
703.705 31.40134292765526
704.706 21.816293332855807
705.716 23.055245805251744
706.874 16.22127326780308
708.054 8.58012005141288
709.064 9.826826080926972
710.065 22.499829638147936
711.075 30.692807101392802
712.085 36.0946881049433
713.095 40.51963318231978
714.104 34.12819103294203
715.124 20.209468116657508
716.125 16.207504400360804
717.155 21.01674022068846
718.156 23.45321224993387
719.245 17.089491953342307
720.246 47.85980711165367
721.247 41.45597513564596
722.254 66.60738407213543
723.255 38.595827300288164
724.265 27.401726571815594
725.284 10.192421681468177
726.314 6.115162682548468
727.317 4.947704058692045
728.324 16.11093535726034
729.425 22.781881932008076
730.494 53.281266810125906
731.525 55.61533328592016
732.526 51.673337558797385
733.535 37.343991212280216
734.536 45.84153514986123
735.564 34.98276492536465
736.565 29.55486096536382
737.574 24.969742568978884
738.584 21.810868143631886
739.601 17.078579250775242
740.704 18.241436841589092
741.715 18.501469327591717
742.724 25.3480720018422
743.744 14.860683517853776
744.764 15.531350497060862
745.775 11.893801710594675
746.784 18.727306926734162
747.794 16.897455103168397
748.795 21.92780007107638
749.944 22.826853960329114
750.954 22.299336106718897
751.957 31.58918745164921
752.974 34.235082743360465
753.984 31.826671649192072
754.985 38.70733403850874
755.994 35.26317933153197
756.995 31.652302711292865
758.004 13.320072225459626
759.005 22.88118268286231
760.014 31.85821443576213
761.016 44.00231830456533
762.044 27.370357187950958
763.054 27.023771722549178
764.194 15.137979695683882
765.195 31.461626188935675
766.197 35.319042661313595
767.516 5.3541215758476834
768.524 31.889819807226182
769.525 31.652302711292865
770.534 29.966567271445548
771.535 41.75815839622372
772.537 34.176125302753455
773.544 29.26792212648499
774.554 33.671319524835155
775.555 33.256884674286965
776.563 31.24314267373473
777.575 26.48286244768457
778.584 28.56387218118039
779.602 26.514267186577925
780.604 30.287310001843668
781.613 27.88575539069731
782.614 36.609892292579694
783.615 31.350119450715102
784.617 33.90654830395078
785.624 30.97378587019491
786.634 28.61405543042748
