0.0 0.09970969928191849
1.011 11.677271564610042
2.021 21.252591527533006
3.15 16.12500559524113
6.1 0.908339541145419
7.16 3.6654928181599344
8.21 6.427574124616262
9.25 7.338524709618732
10.43 10.424657014607513
11.431 11.285546745039703
12.44 16.21336120400896
13.62 12.42418258896189
14.63 14.431018637302671
15.631 16.777156057071227
16.8 14.944148797367836
17.81 17.8952349832326
18.82 12.44140937247999
19.84 9.337394711894095
20.85 10.14014184773236
21.86 8.925508567141227
22.892 4.8488176211538345
23.9 3.065149604999111
24.91 5.431522748343544
25.929 2.7379573232987773
26.96 2.599031664771083
27.97 3.148194482490163
29.02 5.578026234222923
30.21 5.7632372871312745
31.22 5.43879542086824
32.26 4.296493530504768
33.261 3.6138483742373944
34.27 6.695063274063783
35.28 10.241862294111101
36.312 6.425516111315891
37.409 2.2004028118075616
38.62 1.5472043275601208
39.709 1.5993949220811214
40.79 1.1154678453936575
41.84 4.159128286411828
42.869 4.557145657107119
44.09 7.025835279297891
45.109 11.078025030390718
46.319 6.746030859354811
47.339 6.699004115947466
48.37 4.618505866575485
49.419 4.43627570079775
50.429 6.2338439812679445
51.439 7.528864535498714
52.449 5.983664046418422
53.459 5.962524811613307
54.5 5.339679536724056
55.529 3.8836627274978888
56.54 7.34074934339446
57.549 6.00784257119504
58.57 3.799271669506608
59.699 4.64900663245247
60.7 5.220003207231791
61.709 5.770033147179727
62.739 5.077216030419731
63.749 2.9176992479408157
64.859 2.6554610910062024
65.9 4.936823314011877
66.909 7.995929355963064
67.92 7.384342217281359
68.96 2.925163993611676
70.089 4.966331349975816
71.09 9.431561125497133
72.119 10.754597251026773
73.14 9.898135323588718
74.15 9.510425376060732
75.339 7.993573589138323
76.349 9.920701075420551
77.359 8.012351804940467
78.369 8.625874459123773
79.38 8.347647857128734
80.381 8.973959629766455
81.389 9.915317373764836
82.409 7.806959174053157
83.449 3.8648100668927685
84.509 1.7475582567724592
85.519 9.014623047810494
86.529 12.150987316327154
87.539 9.16540979148918
88.549 9.40967461935195
89.559 11.350314555841683
90.569 9.616412456987293
91.629 5.899233349815373
92.699 9.618125273320214
93.7 13.360946130850934
94.709 10.30724282724986
95.719 14.791355318659582
96.72 13.115854887146561
97.729 6.506368775987959
98.809 9.86922402185779
99.819 14.386122005583552
100.829 11.377562835567542
101.839 12.116563333043594
103.179 9.20499122124871
104.539 10.867806245162322
105.659 11.73121471876217
106.78 13.985220809221282
107.789 19.06548899232734
108.799 15.608900679402344
109.969 8.328887521025852
110.979 9.2676150827029
111.999 8.618217713435683
113.199 10.935557580033787
114.388 11.578424957310377
115.389 10.271622370385648
116.408 6.851957578379371
117.409 5.137327717838501
118.458 9.188961418221552
119.48 7.971496813172877
120.489 7.599127345606083
121.569 5.125909785222148
122.649 11.934460102329247
123.919 11.908029660680894
124.929 12.52043908058168
126.049 11.80781673951157
127.059 13.20630058414396
128.069 10.09000889179546
129.079 9.62416997434697
130.099 15.210257453377451
131.108 11.538610318294051
132.109 13.357815224743732
133.218 10.458064617702778
134.239 13.105458461963826
135.265 8.445252273436047
136.328 8.070679687641318
137.34 9.975323157942194
138.508 9.115087048687082
139.678 6.097644022368136
140.698 7.550398300904842
142.078 5.044550518704401
143.208 4.863130996038559
144.228 8.562047013289064
145.248 9.752097710070583
146.249 9.511888435310022
147.266 10.056191036066664
148.358 6.211660642878638
149.368 10.159024463792154
150.382 10.248884415655985
151.4 10.39535140477768
152.439 11.977266152010662
153.448 12.344444537957372
154.468 10.837776524699322
155.488 7.6684047803581645
156.508 4.6375874297119974
157.558 3.5728021951719815
158.589 10.146102852736469
159.599 11.368932597504903
160.618 11.287069758799284
161.628 11.943279789021853
162.709 11.161020457605968
163.728 13.723810448152108
164.738 13.336432937852509
165.739 9.781733405424456
166.878 9.448371792591985
167.958 7.4923072349412445
168.978 9.90159818892235
170.008 7.172532766623364
171.051 5.20952898673767
172.058 10.334813837767348
173.059 11.907325129766761
174.068 10.560388532487385
175.078 7.006686648225581
176.098 8.099526906269816
177.138 5.410734093649876
178.168 3.417203342969966
179.448 3.247367124227857
180.5 6.4547346792934865
181.524 8.313021700615147
182.527 9.147743940609551
183.528 9.734671973000582
184.568 7.591281781244956
185.638 9.346551446845707
186.808 9.502309819438302
187.908 10.25809489918622
188.918 12.053727442430226
189.928 10.824160940921717
190.938 11.106437603846894
191.968 10.892490170587719
192.977 10.522144894502883
193.987 6.483248164381501
194.988 10.692044356093307
195.998 10.712161784041408
197.008 11.101104310662118
198.187 9.136621687335758
199.188 10.8771591796816
200.218 7.404352616090801
201.247 11.946422186663685
202.288 11.531829936127947
203.317 10.381687963546703
204.319 12.429217024899202
205.458 11.418839093870066
206.498 13.251947792963385
207.508 13.507680133567339
208.518 14.601780988182522
209.528 14.231359534258035
210.758 11.47523891068571
211.918 11.156648302145266
212.927 10.711518848075894
213.948 7.087842645488001
214.997 4.415082111605033
216.008 6.64452271089415
217.057 6.129988923463208
218.067 5.05363468396037
219.097 7.085053578145086
220.107 5.513461525455113
221.127 4.249865571264057
222.129 6.063693057467418
223.287 2.8367534397503507
224.288 10.519942361013072
225.297 9.44821694866393
226.497 6.94474852863165
227.527 4.682798993672015
228.537 3.5220098502595087
229.568 9.623636692055149
230.577 13.78700347577151
231.578 13.27670518840404
232.587 10.671333908670857
233.598 14.072360929009324
234.818 14.527915274987164
235.82 13.53938395345337
237.068 14.119332716358294
238.078 12.939441986971135
239.157 13.079989239507816
240.497 9.622838460173293
241.507 10.01456703547262
242.518 9.537636441187981
243.567 12.326826348521063
244.568 12.298297029903555
245.578 10.85034256201062
246.657 12.454910705954228
247.847 15.97980290383547
248.848 14.222630196042312
249.857 12.8171514338572
250.859 12.846091646336385
251.867 13.06217968735127
252.877 12.109678536386882
254.037 10.904034111848398
255.087 13.905796847979838
256.287 8.655818476132119
257.288 11.175475827208398
258.297 8.906885047548254
259.307 9.508485996720813
260.326 7.675930202124953
261.399 4.5528240396039354
262.528 12.016847427775149
263.537 12.840738246116679
264.538 12.078448716688495
265.547 12.103043706314073
266.567 10.800329391268244
267.607 8.333072933703884
268.717 10.00456612795758
269.727 13.337790503390451
270.738 11.917129244041066
271.747 8.687226791814927
273.398 2.596827761481755
280.114 0.23892599029393732
281.545 0.8186438902989414
282.555 11.802286911009755
283.565 14.459721451533468
284.574 13.465740238457334
285.575 11.489936209350454
286.576 16.740172228679914
287.585 16.743724752098625
288.587 13.41974846117681
289.785 9.128814771784281
290.806 10.69353918360207
291.824 10.405453132626324
292.825 8.019815993596781
293.854 6.9861956636867095
294.895 6.037104380013496
295.974 5.749062683878301
296.975 7.866695116791455
298.065 11.194927568783767
299.301 7.079158241530244
300.305 10.76320474157894
301.326 12.208437626567658
302.346 8.882171994979364
303.426 13.687290004824762
304.445 11.79031490728078
305.446 14.26607151827973
306.454 12.915466025083902
307.605 10.981637785094883
308.784 10.194757911771903
309.806 9.497653936888987
310.864 7.354563642201304
311.885 3.850399293407611
312.995 4.092335887226166
314.045 5.824595838664205
315.054 4.647475600756417
317.004 0.1374154690450762
318.319 5.4917891456831684
319.477 5.808912569761585
320.874 4.780556190442109
322.034 5.489461706123618
323.035 15.485657287850588
324.036 16.569635686653278
325.244 13.915639976389217
326.414 13.601502996300741
327.424 17.77737069346151
328.452 16.778187573376854
329.564 12.975903190584694
330.784 17.186066750004567
331.794 15.438720142324472
332.994 9.534409841972453
334.064 8.58912865814448
335.592 0.43841649973478175
336.613 1.0497949643012678
337.624 7.705154117497331
339.105 3.9302432430571823
340.124 7.321371120240262
341.137 5.258329376845898
342.164 9.357003946836715
343.165 13.294316535257051
344.274 14.397424092811649
345.395 15.968194663231898
346.404 18.840524416416507
347.605 12.855651514364906
348.606 19.933794298841345
349.607 16.5196390297539
350.654 14.097647571595907
351.664 13.467147105363036
352.704 15.440844593330949
353.844 12.742248787745103
354.845 16.470425099381327
355.854 14.111708286139747
356.864 15.456077587416747
358.014 14.709023606429577
359.033 15.574553110329285
360.164 11.911020588627489
361.172 14.15446776100011
362.174 8.753291875307273
363.183 4.016067313728003
364.544 1.9702953282198428
365.723 7.910934766974999
366.814 13.592556954833826
367.825 16.646953471093877
368.834 17.545191043565744
369.843 13.54145099385813
371.024 9.416872327721805
372.034 10.125790440616962
373.044 10.148481178894011
374.233 6.970530598566025
375.394 5.722367592533362
376.454 5.789375743423152
377.463 6.809794188017294
378.477 7.11088735804417
379.483 6.852006494492323
381.023 4.9163297750372035
382.024 4.818464498983192
383.033 3.4126137671552668
384.253 3.259751715225803
385.273 4.860061809608946
386.293 6.295343221218605
387.303 6.76814298941557
388.318 4.5220641819185605
389.323 4.532659501337588
390.484 1.3423754035524933
391.574 13.26925034657178
392.603 15.55758892384625
393.673 13.006253605231338
394.823 11.540580317213845
395.903 12.42623911630996
396.904 9.724985732231428
397.973 10.570412021968867
399.163 11.759552116848958
400.18 14.427317512040252
401.183 7.008912100519977
402.203 9.543642000637576
403.213 10.779749154037576
404.223 9.69670276165993
405.243 6.320980104875267
406.244 5.112573991428438
407.266 5.877373534223315
408.283 2.8982908662899556
409.353 2.7547306645017615
410.383 2.4275474802722252
411.413 6.8941207406838
412.432 5.571738827849666
413.483 3.636217242397745
414.503 4.651702118466789
415.504 5.086156971148925
416.523 3.4778314930868905
417.544 3.330010250888022
418.562 3.290277070701113
419.652 2.015559583788475
420.684 2.728983248009637
421.763 2.5566618557074756
422.772 4.116335532098542
423.783 2.776575447436188
424.843 2.6543223855640905
425.882 2.1591750429153747
426.902 2.889766481389103
427.903 2.1735337241088293
429.002 2.956606744499107
430.132 1.1856644453004364
431.322 1.1258830446970531
432.343 1.4434680759142435
433.402 0.9308334082552121
434.443 3.4749877258517112
435.592 1.9695983808345687
436.743 1.396838390814415
437.952 0.8865514131940402
439.012 0.8856096092848398
441.173 0.24811126355360982
442.183 1.0622801373157527
444.362 0.39391206379987864
445.483 0.8366285247392018
446.532 0.38316515439165677
450.322 0.106052835608667
451.352 3.3820214954297887
452.422 0.8134400390559262
453.482 2.6543223855640905
454.502 2.1016483501011654
455.542 1.7298415233614346
456.582 2.576540044595179
457.632 2.1692013327829893
458.662 1.2446767143268087
459.752 1.3520925738609564
460.892 0.2350527759981567
462.262 3.2272574573177577
463.292 0.7804664989453358
464.432 0.8226847159935485
465.472 1.381405917915449
466.483 5.300893464646857
467.492 3.5851954634406655
468.502 2.5911077670984923
469.532 3.7722547449024564
470.582 3.5372644540389273
471.602 4.203296700202331
472.792 1.8941665404753418
474.102 1.3295733359895734
475.192 1.7208450940048536
476.672 0.8147437438314485
477.683 1.5287536506869892
478.982 1.547114114537521
480.013 2.4690800815325287
481.032 1.8324812836035556
482.052 3.415178568914394
483.081 2.683747620999362
484.082 6.10282088864678
485.412 6.793113592051991
486.632 6.026438488450008
487.662 6.404997973800905
488.732 7.075564521109623
489.742 5.969409608270019
490.772 3.1127377326357837
491.782 4.4741481371926355
492.792 7.798147356846437
493.812 8.667859169804576
494.832 4.071943678321008
495.841 2.5514524570067505
496.891 2.6796016463789862
498.122 1.4709097355313838
499.132 2.520417390158453
500.421 2.194540124500504
501.513 4.858098182803783
502.521 6.548093082680131
503.772 6.413571694960371
505.102 5.7932556370072
506.242 12.771029007028503
507.252 11.631815467030894
508.262 9.343929659728703
509.265 11.421326873619305
510.272 12.903271983937909
511.402 16.075980456375408
512.602 15.693445497501932
513.822 15.868711540260804
514.832 14.725707328003333
515.833 13.97881088294399
516.852 12.396016000812176
517.862 10.734329139767159
518.941 12.145120244060601
520.102 9.287539697602453
521.103 14.000825066510252
522.221 11.043678559838856
523.242 14.228923248321324
524.302 17.25050844731126
525.312 19.099979351270765
526.392 15.323269824859754
527.442 17.09062236160096
528.452 15.602694665514607
529.461 13.943591583121576
530.463 15.089199662130506
531.472 14.545297958415832
532.481 13.53145329154238
533.482 11.844315644359328
534.661 10.767852731397038
535.871 11.093940628050742
536.881 13.052895678356382
537.882 13.976951907442839
538.901 12.223590142069662
539.912 18.76208230176187
540.921 15.883728222802429
541.924 13.69383570371448
542.932 15.440884243397429
544.142 15.096555926220454
545.143 18.190858005288582
546.331 13.134249866459852
547.341 17.12927711293168
548.343 15.892257549522744
549.361 16.20509560786244
550.371 15.17515849002951
551.372 13.751037463645076
552.381 16.963674203045034
553.391 14.038294320969118
554.401 10.743773667282083
555.431 11.83346196317581
556.432 13.817569218423108
557.451 13.433070078756286
558.551 10.567759124535309
559.611 11.225340768217002
560.651 11.640291860097818
561.751 11.513045231646077
562.752 14.0040538134333
563.761 12.440247763060684
564.771 16.26955025154568
565.871 12.718759130345713
566.881 15.68686372886708
567.884 9.960156326910925
569.051 13.943544173446782
570.17 9.393446225797648
571.171 12.602973330460607
572.191 14.573080075304018
573.391 12.791572723288622
574.443 16.691093154945154
575.446 16.434360467408506
576.731 13.560273912861232
577.921 13.68876001515758
579.103 16.83045157186745
580.261 15.47261623927993
581.267 15.721880321702422
582.28 6.589154262340562
583.281 4.046304780294609
584.3 3.4185300689820237
585.321 4.623260955265735
586.34 12.512888823683358
587.341 16.394794148729236
588.342 15.833970592276762
589.421 13.21164340347378
590.431 14.8458518781113
591.441 12.40562782365849
592.45 12.700479218483157
593.451 13.992215074715448
594.551 11.792971719425699
595.561 13.820792927997227
596.603 15.059901287530652
597.811 12.782129745556494
598.821 9.663927250815302
599.831 13.348166182859018
600.841 11.832832135613478
601.951 11.276356936229888
603.15 14.176436764250795
604.163 18.507599567321922
605.17 14.19449168263943
606.391 11.65895137076306
607.581 11.239242715637351
608.59 11.704203329465532
609.61 12.223704534812638
610.611 9.02151026626958
611.77 12.446997679824735
612.85 11.53672033553607
613.86 12.474184883324618
614.99 6.472705149084935
616.0 5.571448967718684
617.02 4.32168725281905
618.05 2.9680167273488927
619.08 2.4714772466602297
620.09 2.3877638433080075
621.1 4.1667565118155085
622.12 8.219165696667572
623.33 10.486801897760737
624.34 13.404699090617651
625.451 9.085286978668627
626.461 14.821124791527337
627.57 11.134980581042827
628.58 9.636000188320473
629.59 10.265716659992103
630.73 12.727042522631187
631.731 15.532816561090312
632.94 12.28461825261665
634.001 9.340726302242176
635.01 13.37081059899326
636.011 10.287570423369207
637.02 12.962457845184108
638.13 10.610903469045917
639.14 12.63815940651475
640.19 5.272644175247541
641.2 6.871317970299249
642.201 5.327530263850995
643.22 8.77276626676797
644.33 8.294257190289311
645.34 10.113572350775474
646.35 8.351743189426253
647.47 5.677119167913813
648.48 4.90818123346646
649.58 1.101097606351971
650.63 3.317602038373983
651.65 5.225987516034181
652.662 6.6534413495855045
653.67 11.790337409814946
654.672 13.662247118552209
655.68 13.224827813599992
656.69 13.70229685032819
657.691 13.150588376773328
658.7 17.58285229112409
659.71 17.437832365912758
660.72 14.499575696968801
661.722 11.074887656872566
662.73 11.054534387066088
663.94 9.752909501075031
664.941 12.934164492113021
665.95 11.028145109764854
666.951 16.310553206282346
668.14 9.808610005987
669.27 12.83819780410286
670.279 11.23596142683293
671.35 8.510329732918011
672.48 10.873184331599097
673.49 11.37785374246853
674.65 8.870757913856233
675.66 11.529319268916186
676.71 10.269474438341687
677.72 10.225999362800547
678.73 11.99176427251982
679.939 10.527594841115013
681.04 9.141594213194978
682.189 5.7849440823335145
683.209 8.452106070267051
684.219 7.809395757017965
685.39 4.660491686929008
686.399 7.192327632933356
687.52 9.86655519589051
688.63 9.726367403212013
689.639 7.120790675586708
690.65 8.15332051264625
691.77 6.603164144781551
692.789 9.208636539564683
693.799 5.010580462614172
695.799 2.667604160937414
696.829 2.4714772466602297
698.109 3.143677849824306
699.119 3.979606405513346
700.349 2.343122642038536
701.35 6.982409823138716
702.36 8.657389373397454
703.37 11.588276400849717
704.371 11.568404543662194
705.719 9.448101521876946
706.72 11.121956900938422
707.729 10.648426551908564
708.85 12.840098621067908
709.869 13.424419952063518
710.879 12.960387283842257
711.889 12.879515165367645
712.89 13.046583589524728
713.899 13.014193528041318
714.91 13.116708260355429
715.929 14.86370492122135
717.14 10.725940826023788
718.149 15.204004833723362
719.16 14.886772686269673
720.342 12.693164765910048
721.35 16.3801431660058
722.351 16.122796680666106
723.37 11.029488208392408
724.38 15.759687423081033
725.381 15.440063467664466
726.39 16.097986559896906
727.391 15.442411647244866
728.401 17.377420699474285
729.409 18.41178732362876
730.469 11.614785520902625
731.47 17.592463575549687
732.48 15.813602168730773
733.481 12.54554077155663
734.482 15.844439559572717
735.489 16.035291041840484
736.49 17.270469450587175
737.5 18.536781668877737
738.51 16.90013944392027
739.719 12.785328622221215
740.72 16.722365200195203
741.809 12.825377364380596
742.82 16.769112980705952
743.999 13.006320060638744
745.0 16.894173672827886
746.001 16.07328922784598
747.009 16.420562294153637
748.01 16.204102398637495
749.189 13.165065415081942
750.19 12.42685986193052
751.2 17.072259360338066
752.209 16.72955325172873
753.265 11.027187879036
754.369 12.79962433067861
755.389 7.809071576451832
756.519 12.749792998970813
757.649 12.729251882484247
758.651 13.318385375956161
759.659 10.07621659543024
760.66 12.641326930273825
761.661 12.418054188504016
762.669 9.35148996837574
763.679 12.46458495559202
764.689 8.830091103617223
765.849 10.708916667404527
766.859 10.614514034276496
767.869 9.89830124404449
768.879 11.752153955072856
769.919 12.252125948903917
770.97 12.804337828577037
771.979 13.805856247334745
772.98 13.944566597396472
773.989 16.25199310227757
774.99 15.719496837732205
776.169 13.268735850636686
777.18 16.67659921501264
778.189 10.83712104998439
779.4 13.53559142158942
780.629 13.948727897059044
781.63 15.835340363698663
782.64 12.212950486237558
783.649 15.193886763015966
784.66 15.74245236414295
785.661 14.931976110955162
786.67 16.06727827211384
787.849 12.392189026939855
788.85 13.165851544045934
789.859 12.095181435560914
790.969 12.460797050719098
791.979 14.898409058223098
792.989 10.895336162696736
793.999 13.2960938475822
795.009 12.091545339558643
796.029 12.839565852317612
797.039 11.135043449110697
798.049 9.155228049954607
799.05 10.168693832111398
800.179 11.721929956276544
801.239 12.279567251762192
802.339 11.179252482700209
803.419 10.672593058342231
804.569 10.225732560461838
805.769 13.046326838917134
806.779 13.78035686875992
807.829 7.547525982318589
808.939 12.896315257298266
809.94 15.337624133469463
810.949 14.023961461931647
811.958 15.124970562587036
812.959 12.69181279125245
813.96 12.482531286149197
814.978 8.198850942754957
815.979 12.231569593493822
816.989 12.349191884866853
817.99 10.61660908707292
819.009 11.445943752389795
820.041 13.901974745808293
821.098 12.96941310391595
822.28 14.193061143992564
823.419 12.88387757698998
824.499 12.526988975157934
825.509 16.436918688580672
826.519 14.872518344035182
827.529 12.463227390054078
828.708 10.24027986584562
829.709 15.026392498250457
830.719 15.160516176013124
831.729 14.568908508370896
832.739 15.880025911122992
833.748 14.69147795538198
834.749 14.468112803010081
835.758 16.23141530721992
836.759 13.442741052901573
837.761 13.12162964348326
838.999 12.151671581994096
840.0 16.7196256573514
841.001 14.28231309371084
842.088 11.238077927581298
843.089 14.970525392400083
844.109 15.786175161889275
845.339 17.741229342869
846.34 14.672306585689133
847.349 15.534585162319537
848.359 15.875565338641179
849.418 11.797400187845792
850.419 14.488365851891041
851.598 11.430163935465918
852.599 13.250679531387929
853.808 11.917895094033916
854.859 13.62307145128549
855.86 15.162391232282028
856.868 14.550691810487745
858.019 11.678355179343692
859.138 10.249862450530284
860.279 9.918585095280092
861.319 12.72467996731688
862.32 17.20158951622874
863.328 11.159080016602305
864.358 12.224265729095077
865.359 12.46990982090454
866.519 11.569594827794328
867.668 13.028654196155445
868.719 12.207014527693678
869.789 11.560148150404672
870.798 9.636329056313595
871.8 10.069305920566412
872.999 12.660715569011083
874.008 14.622076429597922
875.009 8.813109328508975
876.448 9.671221150042294
877.468 9.842354903468568
878.64 3.0036749788387884
879.668 9.272130135315148
880.678 9.623103315710013
881.779 7.812142330347456
882.8 9.332278187768802
883.808 6.50747963180082
884.828 4.631346240806818
885.848 4.968658496559074
887.038 5.5071976561332825
888.059 7.217340379571217
889.068 3.3996070476376943
890.069 9.74836968721959
891.098 5.663024424649468
892.108 4.953368772086567
893.266 6.612973717363224
894.378 8.798185348597071
895.388 3.714299311812456
896.418 5.723420992265796
897.468 2.8140107932890435
898.508 2.44771304236542
899.548 2.963021051284456
900.599 3.9518387743933667
901.638 2.45280248806867
902.639 6.692311804143322
903.938 2.80553914795593
905.078 7.639215219940093
906.107 6.252274398817182
907.148 3.989800722274187
908.179 2.6851910843598024
909.208 3.385308202422432
910.228 3.021119503270426
911.258 2.438957809204174
912.278 5.163264041935793
913.337 1.7302496010975423
914.358 3.8092376345583627
915.368 3.3485323683037738
916.378 6.102063155120463
917.398 4.232582278911253
918.498 3.6180320475231427
919.508 4.377567046064681
920.518 4.377567046064681
921.557 3.0541024792830753
922.758 3.4938249843411833
923.778 5.254120875252915
924.798 2.8439657566541676
929.178 0.7647264972542769
930.188 3.846952858662901
931.27 1.5630357886383894
932.288 3.9483324848413357
933.518 2.3670897441982395
934.528 2.9183780307097873
935.538 3.0510315775602317
936.568 1.709267274006013
937.571 3.2059042628661847
938.608 3.229992341344005
939.648 1.8764669930045155
940.681 3.1127995892108262
941.698 1.9761074088340609
942.731 1.80224194052475
943.778 4.734730702770892
944.798 2.2101490187604456
945.828 2.861710496132898
946.938 1.8998334732703865
947.968 3.1218659957813433
949.018 2.04160125438399
950.028 1.1922334492150728
951.038 1.7244961090557833
952.052 6.31289013775457
953.548 5.097458304797369
954.798 6.2374388148124185
955.819 8.4087195331368
956.948 8.282712965863597
957.97 12.040992437782286
958.978 14.851892044281678
960.008 7.893190124750398
961.018 10.070421160462281
962.028 8.13453270335535
963.24 7.743699281878217
964.248 7.748521756397569
965.269 6.210999099373428
966.468 5.527075709405738
967.479 6.7983571191883625
968.488 7.22037943846006
969.568 2.913856403693199
970.708 3.064449020414565
971.748 2.44771304236542
972.953 1.3316406230822266
974.068 9.066183205886412
975.079 3.021567398680558
976.138 0.633176192433598
977.159 1.1810193348389264
978.165 6.782884778555158
979.168 4.676058215769245
980.188 6.318099556149799
981.199 7.897672525562859
982.208 7.077499653908819
983.338 0.629927572254647
984.339 12.239103336314276
985.34 8.741098488043338
986.348 4.363128289919487
987.359 5.129428160691723
988.388 6.388665161695932
989.428 4.941193572365097
990.438 4.510220592915125
991.448 5.000689627980586
992.517 2.4265699349419934
993.527 3.1868404119472586
994.588 2.9043750172816534
995.598 3.6964570218852035
996.608 6.88993601196247
997.618 9.54174635240042
998.628 7.121594874115769
999.748 6.033283586306853
1000.768 4.466002743964977
1001.788 3.5104287134365233
1002.799 5.718125704271017
1003.808 7.98001068431469
1004.827 5.861133621982169
1005.959 4.668957249978109
1007.026 3.5158784488571517
1008.038 3.0450018708852116
1010.147 1.404669742451447
1011.148 9.498582084354416
1012.168 9.047419473530356
1013.328 6.709895570007725
1014.347 8.283361320994903
1015.419 6.223307289895226
1016.439 5.689083732798523
1017.468 5.5818371805911475
1018.498 8.112553698467124
1019.518 5.807378267124393
1020.528 4.310367551936494
1021.558 3.367283153892687
1022.568 4.90818123346646
1023.578 5.296735884219189
1024.599 6.395557351503878
1025.637 3.9843483561537254
1026.667 3.4024650014328643
1027.668 3.480002138154528
1028.717 2.4503336932283215
1029.746 3.124899879159168
1030.767 2.2272651019838396
1031.778 3.7106254252528
1032.797 3.3242436880308497
1033.818 3.674282375054438
1034.857 2.1475807649847627
1035.867 3.5816457649620115
1036.898 2.9038669210667845
1037.918 3.2838255470330715
1038.927 2.7884853604538513
1039.967 1.8646013480623007
1041.008 1.4157357401618083
1042.217 1.4406460464403152
1043.277 1.2639630407448048
1044.298 2.130285687792631
1045.658 4.384195160161697
1046.747 2.3375771938108696
1047.767 1.3135302188132287
1048.817 2.6796016463789862
1049.837 1.4375858505900334
1050.888 2.8045307431178736
1051.904 2.373662875729417
1053.018 1.8482624587856253
1054.047 2.0832665861061117
1055.448 3.321245951603743
1056.458 3.4489922181115666
1057.477 6.746618257765215
1058.479 4.546230338167941
1060.648 0.9875594098385748
1061.708 10.188669326904378
1062.778 8.754892122837886
1063.798 9.812781269887099
1064.838 4.932718111692085
1065.928 2.3354326275780157
1066.947 5.992729787543049
1068.267 1.320501190406627
1069.277 1.7244961090557833
1070.288 2.3738741657743283
1071.307 4.315644319540903
1072.313 10.682128393647178
1073.448 9.57753772627144
1074.458 10.749494836334843
1075.487 5.25775445372294
1076.507 5.187676217985461
1077.527 7.9391763605521195
1078.658 5.365670188319255
1079.938 4.917132681232272
1080.948 5.286554142684615
1081.968 4.117072275020001
1082.978 5.34231129870728
1083.988 4.650922564026233
1085.127 2.5583572008608266
1086.128 5.086156971148925
1087.147 4.5340119622738975
1088.168 3.5972552043367916
1089.208 5.2725840846798055
1090.209 7.194724393533323
1091.218 11.552975948805997
1092.227 9.133143728111397
1093.368 9.94819844896084
1094.588 10.88660418670151
1095.597 11.689643568811533
1096.598 14.015892552151158
1097.607 13.322472193621985
1098.808 12.047677983768969
1099.818 14.897439368553142
1101.008 12.64807794656748
1102.009 15.707755939830198
1103.018 13.92281965792187
1104.048 5.798063560695631
1105.049 10.444213569545134
1106.058 14.028426455198874
1107.068 16.376797929043192
1108.078 13.112822499959874
1109.088 14.468254720629112
1110.258 14.567412534136473
1111.288 17.88198224392773
1112.289 12.716566517662512
1113.308 11.37856887670501
1114.321 11.576194527039855
1115.388 12.279414761112701
1116.478 11.410841873341708
1117.608 11.700375959226829
1118.758 11.937444786833922
1119.958 13.760218030464314
1120.968 14.35227983610197
1121.969 7.69273414621007
1122.978 7.90624123033443
1124.168 5.61273344425091
1125.178 8.706746577598388
1126.18 6.978862361222716
1127.207 6.909681896187293
1128.518 5.725638796982813
1129.527 7.366850630639289
1130.528 10.397054296305411
1131.719 10.045989865865803
1132.728 7.231638986699153
1133.738 8.854624252267195
1134.947 5.240730731467035
1135.957 8.206386707899341
1136.958 9.60855516136987
1137.968 7.56716727746211
1138.979 7.13450661338289
1139.988 10.6380036121388
1141.057 9.450668091407023
1142.058 7.711323901221578
1143.077 5.259277029203113
1144.078 6.076110345919717
1145.097 7.5903900603853565
1146.107 8.277658898641356
1147.307 5.964382575406004
1148.315 8.670388794538487
1149.318 8.962802947862581
1150.32 8.981522178016725
1151.328 9.11733107694239
1152.388 6.801747310487541
1153.399 9.834842968043548
1154.407 10.575820338065212
1155.418 10.7708304069218
1156.427 8.864661741651659
1157.647 9.138078054865497
1158.657 9.833622943058197
1159.878 9.62084872766411
1160.887 12.066935499892155
1161.928 9.236339749777072
1162.937 12.739402311964847
1163.938 12.205054732398459
1164.947 12.44451862618586
1165.958 13.683609366991275
1166.96 10.53114240035321
1167.967 10.888016498259534
1169.047 11.587503342696166
1170.168 12.501638000261758
1171.337 12.252050547029667
1172.657 12.085036664955734
1173.758 14.791939510447122
1174.768 14.93612998638452
1175.827 9.023858815409247
1176.828 9.213180424519823
1177.938 10.162415007935321
1179.007 12.161342586050562
1180.017 13.217645953282485
1181.018 11.104639076532964
1182.028 13.986221985692296
1183.029 15.747283629433618
1184.038 14.201008151484272
1185.058 10.377176783497053
1186.077 11.150493869572355
1187.167 13.514636100108083
1188.227 13.237148608069148
1189.298 12.652101570184007
1190.428 11.93430200731644
1191.439 12.29774346960023
1192.44 10.984784077116654
1193.447 9.681435590020072
1194.607 8.559332013340924
1195.608 15.971828301809479
1196.618 12.727370856151015
1197.627 14.646536827496638
1198.657 10.062103482565105
1199.737 12.061780355994916
1200.827 12.675418620053502
1202.037 11.414386199736933
1203.148 13.08557509382831
1204.165 17.951183121399705
1205.178 11.12527064284464
1206.247 11.724944535569724
1207.257 15.554113213049641
1208.258 13.162524956307037
1209.267 13.675400791874916
1210.268 14.451284182683874
1211.269 16.635091192456958
1212.277 14.049869257155626
1213.367 10.260556843399659
1214.377 10.848694089571689
1215.678 3.6271178750778845
1216.818 12.487092813799736
1217.878 10.962840756539777
1218.977 11.670117238422282
1220.107 11.395726067031578
1221.247 9.672387367883214
1222.468 10.012300981989789
1223.477 13.955142326573746
1224.478 10.594594903506659
1225.48 11.457845398206887
1226.577 10.281324947714383
1227.597 8.634156749716604
1228.607 5.696054090308467
1229.647 4.89542608473084
1230.657 3.9821275986552407
1231.818 7.64410793491565
1232.828 12.592002178224684
1233.838 12.647177520445373
1235.108 11.517971609172143
1236.118 10.318758684938881
1237.218 12.804321902214738
1238.228 14.020452031041865
1239.251 10.434152798341113
1240.257 17.09662363261609
1241.266 10.521899177330075
1242.397 9.68770050914301
1243.407 10.871966641650713
1244.478 12.80710252541155
1245.479 16.67549944940303
1246.487 13.209476317813076
1247.488 15.66793472777923
1248.497 13.830899035659625
1249.507 13.939482943600257
1250.527 14.300101110928093
1251.528 14.7031264426819
1252.537 13.476223266128212
1253.627 7.313771353477812
1254.629 13.119479293736104
1255.638 15.061101745851495
1256.767 9.761335111895697
1257.769 15.016412735033756
1258.778 10.780046788220714
1259.787 15.042076991930271
1260.827 15.052135639910807
1261.838 14.584722506760007
1262.839 15.871834988010729
1263.84 13.564161505371484
1264.927 14.235523401326574
1265.928 14.379175501402388
1267.128 13.413678416961478
1268.129 16.092270346120888
1269.247 12.779067458364306
1269.991 17.204820630268305
