0.0 32.624612874193915
1.05 36.22876355700818
2.051 22.028908256222092
3.052 20.152293964288724
4.061 23.35006518125647
5.062 27.155811372348214
6.18 21.460105334696998
7.181 28.68696256064895
8.19 27.194607319825955
9.201 26.556580673383152
10.21 15.646315019112953
11.22 15.63643477890976
12.231 4.828299346351597
13.241 5.003492872634654
14.261 11.401218620878854
15.262 5.3360681819067315
16.271 5.122450387973319
17.351 3.32340048962518
18.491 4.618421949114305
19.502 20.50895719299634
20.511 16.27101931228562
21.512 19.64956389390376
22.522 18.001227327410742
23.532 18.84279753789978
24.533 21.738174057019275
25.542 24.486619262424934
26.622 10.387570039136946
27.643 17.95766964084773
28.652 13.780731235838717
29.653 14.916457262525485
30.663 12.261945016515458
31.673 13.278604226223411
32.864 18.146568554420845
33.874 20.895962840906677
34.883 14.557607087604733
35.893 19.3323193630157
36.894 20.084459479296218
37.895 24.707688923236866
38.896 32.65438875323236
39.904 23.254432937273933
40.905 25.472635449520226
41.914 23.971857100101996
42.924 19.10527517115022
43.935 16.89904771223059
45.015 21.678580264006214
46.025 24.805902818716458
47.035 20.61166402674468
48.036 19.711002855581672
49.045 18.924608377790317
50.048 14.991244525867318
51.085 17.193892630388298
52.095 16.227788781612944
53.101 23.976055063124956
54.106 16.840372554875568
55.126 9.712149195563466
56.146 3.8600833674544353
57.187 6.757900246338695
58.196 8.395127024734053
59.207 8.219486202358949
60.217 12.366998416046808
61.257 10.629768642970383
62.276 3.3651811662005002
63.277 7.171373683906482
64.287 16.36193708902637
65.308 8.999547182875315
66.358 7.1467603551632966
67.367 15.082770586810332
68.378 15.946301509082694
69.379 22.325933134095003
70.388 12.73009219732104
71.389 13.7659969784099
72.398 20.608792845830934
73.418 17.86003654457054
74.419 22.231258420110095
75.428 15.779660157948676
76.429 18.118517550247528
77.43 26.79042778626029
78.439 24.139110597175197
79.449 18.479422920529714
80.45 10.881196584949567
81.47 14.524186164566267
82.48 23.17035335420264
83.49 16.916091173794616
84.491 36.47157257024504
85.5 39.54983533589586
86.511 19.873239417001823
87.61 22.823792269212486
88.71 33.524301543804896
89.711 25.960372735741466
90.712 27.34505595567353
91.72 30.195467305737353
92.721 19.020286337605416
93.731 22.459606318797654
94.741 16.3932141149996
95.751 16.631480628476744
96.761 14.499239522261774
97.771 15.1746570266671
98.772 17.7595294874742
99.773 23.672452903428493
100.792 22.68392059415216
101.802 18.466849763909245
103.002 21.73049139095235
104.012 19.758767584258695
105.013 19.140438300204202
106.032 21.27498142681352
107.033 15.548251090291863
108.042 24.04705876576364
109.043 16.63758694666304
110.123 13.748091551774902
111.133 18.09900699997158
112.143 22.548034056682102
113.154 17.196664117158136
114.193 13.395352794625001
115.194 21.98990604846751
116.204 25.91618528557352
117.214 26.45277851522723
118.215 28.998351154818575
119.216 31.12376178815413
120.224 26.286827650943525
121.225 28.909233206992248
122.234 34.7496183645474
123.235 29.054128505693402
124.236 34.11330198147152
125.256 45.18260712718656
126.266 30.975166303954705
127.275 27.266272530947493
128.276 34.42259368275111
129.575 20.606294923541544
130.611 18.01565361943534
131.615 12.011908064493879
132.625 9.702008764433979
133.645 14.638601686066673
134.717 19.23032957508656
135.726 28.600347999517705
136.736 25.20928293442438
137.756 31.525283164635535
138.757 30.119769472407224
139.916 24.76654005855994
140.917 30.980334314476003
141.927 24.48409235546365
142.937 30.846421336576523
143.938 26.553374045042272
144.939 33.185322032988246
145.948 32.00012897298456
146.957 29.065495784910343
148.138 28.329963794060202
149.238 28.548360037510783
150.428 26.492337810145884
151.429 30.119769472407224
152.43 23.870923815469943
153.448 27.886357629236784
154.458 31.27286955781952
155.468 26.000976159972716
156.478 26.013341495822594
157.489 19.02917977679747
158.499 17.910825292205722
159.508 12.606524315155019
160.519 10.934677931443323
161.529 9.381860867345855
162.549 4.785696705060259
163.559 6.112424504482905
164.579 4.504185134174361
165.619 4.141468302455993
166.629 2.842988141619956
167.649 2.9558714943019244
168.65 3.0119769472407225
169.69 2.899027811719195
170.7 3.8380339911869408
171.72 2.8151157088589764
178.522 0.2110715982825754
179.574 1.0917939251088045
180.655 1.1953174008938667
181.725 1.2076057106226823
182.985 0.9325511749835468
184.176 8.668422456990804
185.186 16.804491419989798
186.187 13.95576578495772
187.196 16.51638684934762
188.197 18.79895929306263
189.396 18.48564021080572
190.397 24.578625165855446
191.398 24.63052326488372
192.549 22.60325687434664
193.556 28.70154877248221
194.557 25.617111369643368
195.558 16.91982872966123
196.567 18.3032325124201
197.597 17.005485379146165
198.598 14.407226824181423
199.607 15.367351163919961
200.647 14.74409135640687
201.648 26.247227683097726
202.649 24.315674797445546
203.658 22.725256874714972
204.768 25.520784738552436
205.838 25.087734004009018
206.839 26.257712147547878
207.84 25.966348880478055
208.849 26.960057173121925
209.85 26.208854543210155
210.879 33.904498522730115
211.889 23.98875154877131
212.89 34.56602115642925
213.891 26.215669445102755
214.899 27.204406865074688
215.909 25.023387255134974
216.91 33.131746419647946
217.911 26.97883361242959
218.93 32.264706932054935
219.931 25.847245364324284
220.94 32.44218579049769
221.961 26.053993355430773
223.721 0.4078718782721812
224.84 61.61576066787404
225.881 14.761584198131608
226.882 18.07028901377681
228.022 12.4767451013139
229.241 15.836008355257201
230.251 17.346591900064038
231.361 14.028815677059052
232.401 14.489790671168342
233.402 17.93902351886086
234.412 17.48229886325687
235.603 14.693457193239832
236.604 18.282180040314454
237.605 20.321722909803242
238.762 12.961125847106292
239.773 14.301677615372503
240.774 15.367079544593174
241.982 11.933486697122746
242.992 16.258754076430296
244.123 12.721622602977904
245.133 16.189238028669195
246.183 11.38042274731529
247.203 15.255334272283804
248.213 6.416674112621181
249.283 3.5630841983260377
250.403 13.835997160590392
251.404 15.667249761801129
252.444 18.56506006508605
253.445 23.51529078132066
254.584 20.138692051572253
255.655 17.13469446601444
256.714 9.046764887324104
257.944 12.232502895882524
258.985 12.449570139931268
260.055 18.437173152094548
261.245 18.417224259564883
262.246 21.96096892658508
263.325 18.04761604360623
264.485 20.432308431274457
265.545 18.716850308631283
266.665 17.427143787406056
267.696 17.5649409797371
268.826 16.668672270363295
269.827 22.53111410338455
270.846 12.742145090933453
272.016 16.20303501871645
273.017 20.96001710552872
274.357 11.521887497951441
275.366 18.52103650674304
276.367 16.290656018007386
277.368 13.357941622009841
278.577 10.109005631939683
279.586 13.61763827351858
280.597 15.921387683766122
281.707 12.220375245620623
282.727 15.12075198620239
283.728 13.920433139760693
284.737 16.466772472417322
285.747 13.346353797434531
286.758 15.62989592756223
287.768 13.093228098860473
288.778 16.485798268295778
289.779 13.662515314286864
290.948 18.185618750540765
291.958 16.834833252495393
293.168 10.480377415286378
294.178 13.60581802951147
295.249 13.199431595224004
296.25 18.862599992275076
297.279 14.605215593503937
298.309 18.7206453313749
299.379 19.178293096008208
300.38 19.830420905668948
301.42 12.805250457403773
302.421 12.168269440850677
303.56 12.363952810864522
304.57 17.685028024963756
305.68 12.087155578767652
306.69 18.615025973337243
307.691 19.780410010241702
308.692 23.353410650210254
309.7 24.350467929576073
310.701 24.03982853776195
311.901 20.300292227614438
312.922 24.21146681973724
314.081 28.889542767618035
315.271 31.34417915122257
316.281 26.079532411254316
317.302 25.069153927900523
318.322 30.95094194070093
319.333 30.056038861912107
320.342 25.37135697766415
321.354 27.565730000419578
322.362 22.61567786196533
323.364 25.803434428698093
324.432 24.00523029592215
325.433 28.25521231459154
326.434 22.619078760121354
327.453 19.979128166327055
328.493 25.5031295143735
329.494 36.14372336688867
330.495 32.95214754361678
331.503 31.666738368359326
332.504 36.14372336688867
333.505 25.932484060304052
334.514 35.430281850148795
335.524 36.105949398573436
336.525 23.723721934589754
337.634 28.67363887675455
338.644 29.140628451604545
339.664 20.080232698289798
340.674 22.886054540040647
341.675 20.29739895227888
342.685 18.621572327610714
343.694 9.675739621727383
344.695 7.001735049102963
345.716 4.359155666705231
346.738 0.28096066761606214
347.755 11.293679539965213
348.805 6.016304429218612
349.815 14.92932460699003
350.826 28.237952459435284
352.036 28.161504077602313
353.266 25.163730480071614
354.276 26.43978971706559
355.296 8.14027336646118
356.306 8.813263239021863
357.326 11.5419744063218
358.346 13.230220698388983
359.356 17.48437707096273
360.367 13.244500961105976
361.377 15.920733593071754
362.387 12.518707578574773
363.407 17.031450038596805
364.408 14.33509370876435
365.409 27.82492989355715
366.417 23.48609227591479
367.497 19.37037173096332
368.498 24.526097998960168
369.508 20.792675917925305
370.528 21.261737584431156
371.529 28.5420672619478
372.538 16.405404584809613
373.548 17.48437707096273
374.56 18.44290232187254
375.579 12.01017647527002
376.589 14.499239522261774
377.84 7.988996724132684
379.309 4.007084375237658
381.149 0.9363319640335288
382.209 2.8443291737622296
383.269 2.1671079419140797
395.86 0.011402660722087822
407.975 0.03555201844452525
409.075 3.523726802392156
410.076 37.43457062999184
411.078 53.124132629621535
412.08 56.222865799667574
413.082 58.17343898965464
414.085 54.76364793800426
415.086 55.20164893187015
416.236 56.990584200346035
417.237 71.85716431274294
418.238 53.89004242915567
419.239 65.29923664381508
420.247 59.64025423772164
421.328 59.41636203273606
422.397 62.581998882735284
423.447 59.83410260763404
424.468 29.107910419612352
425.658 33.100186948186575
426.659 40.87682999826695
427.66 35.70190803495911
428.662 62.75853762923333
429.663 62.46706826189453
430.668 61.51857099890501
431.679 60.64710212249759
432.68 62.24479761555123
433.686 56.02070196475333
434.687 62.967701439389465
435.688 65.259500523549
436.704 48.824960813188916
438.469 28.40967805817064
441.169 32.10171651890933
442.17 44.46251684022019
443.18 35.57933156590787
444.31 25.21899073918137
445.38 24.352499078178315
446.399 30.780686138035747
447.401 19.951191158691245
448.57 29.269326219312426
449.76 28.11349874248441
450.761 32.526373442295956
451.861 23.598846720756175
452.991 24.241753106619573
454.071 23.021933725075762
455.151 24.00204534315645
456.301 26.114535754001015
457.302 34.21929991706259
458.451 23.626148617491502
459.642 27.972167074775243
460.643 31.059387176430178
461.652 23.16336118421269
462.653 27.71777866687656
463.662 20.48917747168032
464.732 23.87659728253656
465.742 17.344617602743476
466.802 17.41013015981083
467.804 22.7094145590628
468.805 19.855898154282823
469.813 23.740657257027994
470.822 27.399929709889694
471.933 18.454484428059363
473.013 22.303418426236913
474.123 24.876716342099332
475.124 30.749885785861583
476.283 22.495683036295187
477.394 25.555247839058513
478.395 28.907555692680223
479.435 22.237585794405764
480.444 23.49589192435139
481.445 25.151496303411953
482.615 21.574206352542795
483.904 19.081266390451464
485.084 16.574548304493938
486.254 14.514873150572157
487.255 22.209555578698275
488.419 17.048611730378635
489.476 27.549389835782332
490.645 25.05653342360773
491.646 26.052426333613834
492.647 22.89429595193794
493.649 25.42490403571021
494.656 19.634934265767864
495.657 20.076071907736093
496.658 21.83001796560264
497.696 20.12472174190644
498.766 15.958599702822683
499.776 16.89946551214772
500.777 17.071643774899485
501.806 14.733419196863116
502.807 20.26636493750642
503.832 13.54739200770075
504.836 14.01514711827382
505.837 12.254346893986455
506.847 11.838094554904792
507.848 11.73809186446079
508.857 8.722249069693767
509.887 7.724995650105253
510.888 10.67266058703597
511.889 17.09628226635735
512.898 16.7882777954604
513.899 21.037287608526366
514.908 22.055618806209196
515.918 12.094753206578815
517.028 15.402235748532604
518.029 15.877148740093245
519.05 14.711430838965589
520.058 14.10196290466143
521.169 16.630006990285313
522.339 18.603418206364754
523.352 18.494420686999316
524.359 7.619833167761431
525.379 6.632396147406783
526.389 7.862171482433872
527.439 12.087782304159722
528.44 19.323811583437426
529.49 11.542744623861193
530.56 13.681588122892084
531.561 20.591907558683754
532.57 43.353084167041175
533.701 26.959027615505647
534.702 34.80443787802579
535.71 18.37365699264207
536.711 17.946048110042465
537.731 19.846565747455777
538.732 26.21975838623832
539.733 37.08711547811368
540.734 39.33991235451863
541.741 34.04344650403173
542.881 25.7948352739487
543.882 22.231258420110095
544.883 25.44883571521837
545.892 25.754542228421414
546.902 12.820151606310136
547.912 14.783538336423772
548.92 12.260453366440862
549.922 17.910541560854263
551.112 10.469020217287392
552.113 17.928434209766205
553.114 21.571051693683792
554.194 21.895087173096414
555.203 17.786286069351807
556.213 11.48947521224635
557.234 24.467518903442265
558.243 8.830839026748759
559.393 5.617991784201174
560.403 6.538872725725898
561.404 13.877761369448558
562.405 25.279616458992855
563.406 15.861736577351518
564.414 14.385576405091852
565.417 5.725659068865714
566.424 9.197097883487794
567.655 6.9977693493976165
568.657 24.215052190274964
569.665 23.309094129537506
570.666 24.800790967554246
571.675 20.669848693332156
572.685 23.881100389607628
573.686 19.884101363653745
574.696 16.755341807746152
575.705 16.647963760913292
576.718 15.15996924754632
577.725 19.247340273579
578.726 15.6853878852999
579.736 27.29268615955158
580.738 21.63666738557584
581.756 23.371777001343816
582.757 21.677154473919366
583.906 23.550519220613403
584.917 24.70953194897582
585.926 16.517426983035882
586.927 21.37069357804132
587.998 18.170862438218382
589.007 24.90080049709253
590.017 17.092842739178224
591.018 24.526097998960168
592.019 19.64956389390376
593.037 16.63727756227003
594.038 24.95638041999456
595.039 25.960372735741466
596.04 23.493378250619834
597.048 22.728331976306638
598.049 15.732253441392094
599.059 20.75381343382568
600.06 23.001761712552035
601.069 24.13203768809499
602.209 20.5703760554936
603.22 27.407699230760535
604.229 14.690848213071632
605.239 21.89100869047366
606.24 19.85820473646186
607.249 25.469961651311788
608.261 19.509404838056398
609.262 26.67751010413211
610.29 15.026153317581173
611.381 4.6058492578490124
613.03 2.0025049887759727
614.031 13.051900104709798
615.11 10.309658111247868
616.111 16.207304525628647
617.121 14.064062828654158
618.13 16.505673472358474
619.15 11.41191935310551
620.445 10.49964935504635
621.451 22.263479701473173
622.461 15.951283246347934
623.462 19.136873582291148
624.464 17.711745023529694
625.471 18.447660601068865
626.711 17.326229654481484
627.712 9.609640736434686
628.731 11.69419508891074
629.732 9.138678593333694
630.752 13.231043831637187
631.753 13.977888004947548
632.763 13.157340806586333
633.813 19.458834710412305
634.822 20.48657713745965
635.903 17.39501375511338
637.043 15.464767530448647
638.044 25.243235367350817
639.053 27.630319321840656
640.054 28.091654669169117
641.063 21.457437922087312
642.064 20.054054532390765
643.225 17.44529889002541
644.234 25.469961651311788
645.235 19.74193202570963
646.254 18.16007234954817
647.255 20.965678716331805
648.275 20.9074816127352
649.294 20.85229967661192
650.304 5.655842271504905
651.315 13.49083640892358
652.325 14.796215403429533
653.485 15.009495948139593
654.495 17.910825292205722
655.515 8.90424391245087
656.525 10.94550434523683
657.545 7.055898203607936
658.546 11.330770420572241
659.555 4.866473487291011
660.556 4.446251684022019
661.566 8.38681501777887
662.567 12.203392396758698
663.596 4.78157623920846
664.597 6.454236315515834
665.626 3.488117131968119
666.636 3.695884584105943
667.727 1.1100981711691227
668.748 4.359155666705231
669.757 3.699547502425176
670.767 6.146195379703171
671.777 7.249619761130887
672.787 4.861239555168363
673.797 9.524010274426853
674.808 4.886016375001654
675.817 11.08834518376169
676.858 10.495654626828717
677.888 6.969461220961542
678.908 2.2520925670871805
679.928 4.729003402590182
680.948 9.964851102762212
681.968 7.908046898811519
682.978 10.661205531074835
683.998 9.627057796030341
685.018 5.573949681871977
686.019 6.8845187365502225
687.02 7.601656104940871
688.03 3.9945230314383897
689.129 2.8740307782891454
690.132 16.875312822541222
691.133 27.3772432615355
692.16 22.56904530318833
693.176 10.45693571381277
694.42 3.1799526482173444
695.43 9.66615968150785
696.46 6.272515098865388
697.47 7.548362118848627
698.67 10.213072078341044
699.671 9.179358315400297
700.711 5.521957736607991
701.791 0.5317440783400288
702.792 16.092709329188448
703.244 15.91695134720707
