0.0 57.41242006852381
1.001 59.03045394137551
2.02 55.46115930625935
3.021 55.8154651024162
4.022 61.51345311875502
5.024 56.830354467849006
6.03 55.324784936049106
7.031 53.672139209776645
8.032 50.24281778155337
9.04 55.00216936886129
10.041 53.243474031248745
11.121 57.89095846756332
12.13 60.175202065868085
13.131 56.67279545947201
14.14 58.562422591989
15.141 54.31513697756851
16.142 59.24478653063947
17.149 56.54817793126585
18.15 51.52881331713709
19.151 55.172467334624336
20.17 58.829903908468864
21.172 58.88263823316882
22.18 59.47189690747001
23.19 57.2299038259382
24.2 48.30815063996277
25.209 36.235934192992
26.21 40.72319196015141
27.211 36.31119947939631
28.22 50.05709367808537
29.33 54.00691178624303
30.34 60.32804535278625
31.341 57.10146063799992
32.35 55.58555747212272
33.361 51.23134426538819
34.38 53.35569392987839
35.399 49.77640279003078
36.45 51.731162811176105
37.459 51.031973483421694
38.469 27.70330451400534
39.479 28.889486506968066
40.489 24.516808810694947
41.491 37.68488846922804
42.499 23.288388261589866
43.509 25.27830069359706
44.51 20.147263390811748
45.519 19.012643142337176
46.52 32.792886157385084
47.521 41.02651644320332
48.529 50.869756272737376
49.539 41.72304709793328
50.54 33.09621064043699
51.549 48.05510836355543
52.559 44.69696482659176
53.56 45.09883563921845
54.57 43.634851352070875
55.579 40.18767911819458
56.599 33.53141319641522
57.6 36.65087276413627
58.619 27.87956287566891
59.62 45.438508923958416
60.629 44.78564928061277
61.63 40.597851264675406
62.639 44.652976797993986
63.649 38.53670667437063
64.659 32.16402582724532
65.669 49.069642522864875
66.68 40.83292767705216
67.689 40.27596542709621
68.7 44.5646425214401
69.709 38.149633198620315
70.828 34.9746386621694
71.829 44.79551115616654
72.831 38.414738926647665
73.839 44.78704957119505
74.859 46.9058466404586
75.86 44.67017046069055
76.869 46.01706244398116
77.879 43.12180706554793
78.881 42.31251197878704
79.889 47.97831180819044
80.899 48.09572794505859
81.901 53.101433752094046
82.909 46.701246797159364
83.929 42.57603833336464
85.02 44.328266088593914
86.021 48.43916517365378
87.029 43.33873487774096
88.039 39.38639745398733
89.049 51.193869471906645
90.05 46.170498585538226
91.058 46.701246797159364
92.059 44.24150528216264
93.069 50.34417869228994
94.07 50.24281778155337
95.071 46.59916376406614
96.079 47.3397793026749
97.099 50.060948432417696
98.1 42.31251197878704
99.109 38.574899644315494
100.119 29.95159998148895
101.128 21.05068906191145
102.138 20.90562299732394
103.139 24.862580354618753
104.148 24.541106936374526
105.158 28.252218422255535
106.168 27.19010494773465
107.178 26.64088047998898
108.179 34.721879460760675
109.189 30.67706696291608
110.199 34.41247657447666
111.208 30.920103621802237
112.209 40.294526781623496
113.218 35.598034524449226
114.258 28.76067598392226
115.26 30.404853196763533
116.268 25.541300220621277
117.288 11.866380891629406
118.298 7.64721701655037
119.323 9.209819084430853
120.328 15.15704622047615
122.734 1.0679735747264196
124.008 37.84185357370608
125.018 28.039795727351358
126.038 23.435087462146104
127.048 17.20623828723833
128.058 18.055929066855043
129.068 20.605001405705163
130.069 18.950259749015977
131.088 21.47574683908568
132.098 14.019897863675679
133.118 15.144488601403673
134.128 17.719282573761287
135.138 28.252218422255535
136.139 29.02389144442185
137.148 29.130751530119884
138.187 23.419521708465314
139.188 30.435227675481578
140.189 29.3635647291618
141.198 26.02953949630766
142.208 32.71309501524325
143.228 29.53495092660036
144.238 33.1379404050516
145.239 30.524219569269537
146.248 38.69924655826146
147.249 29.881221801477672
148.268 27.160503355314244
149.278 17.506859878857107
150.288 30.58886806620148
151.289 27.094898141046258
152.298 30.83181731290061
153.307 27.004419301643978
154.308 26.023235194726485
155.324 29.141215763527736
156.338 24.42009556094862
157.348 26.55283686302212
158.349 26.14857589020248
159.357 27.119583294683057
160.367 31.65098154072237
161.369 25.35490784866423
162.378 33.1707827642241
163.387 26.88007238769802
164.397 30.58886806620148
165.398 19.807590106071796
166.427 15.220529927390638
167.437 7.859639711454547
168.447 6.585103542029485
169.467 5.048162867134558
170.537 5.0127785479724
171.557 4.837822747670618
172.587 3.957661665253549
173.647 3.0360413469795104
174.667 3.1551017919590985
210.874 0.08295790609398906
211.894 5.135497068783328
212.904 13.382629778963148
213.924 19.56163111014641
214.934 14.657165948388212
215.954 12.620407167836394
216.994 8.13116426726661
218.024 10.623197101470053
219.034 9.559021270687962
220.044 7.434794321646193
221.054 5.522990067508601
222.084 4.790853594780613
223.085 4.50098437454305
224.094 5.31583057118976
225.104 6.797526236933662
226.124 7.238898263422728
227.154 8.74851526003416
228.194 8.458099803828814
229.204 8.921753185975433
230.234 9.165111224797693
231.254 6.9412239423100175
232.264 7.222371626742016
233.36 6.345421884110168
234.394 5.809781249410178
235.424 6.457237453834738
236.464 5.363673046330469
237.474 3.611185813371008
238.514 4.332197460497686
239.553 4.749354381736314
240.554 5.572647320862824
241.594 6.601443749329807
242.634 5.363673046330469
243.683 5.317654879107423
244.713 5.624045524307675
245.733 4.294136590927568
246.753 4.206802389278799
247.763 3.1863404235626547
248.814 3.4703117711748033
249.863 2.863352627211689
250.933 2.0051114191889603
251.983 2.4519648211796428
253.053 2.0051114191889603
254.103 1.4303128123547912
255.143 2.0629511716655644
256.193 3.2692864282395235
257.203 2.7614950337543007
258.793 1.0794813678149369
260.003 1.0638690339829027
261.043 1.0314755858327822
262.063 2.1058613129957027
263.153 2.162850293267868
264.193 2.8881316403317903
265.293 2.340511874762386
267.44 0.3997148055020377
285.41 0.0955133764510712
286.438 2.5044387764967166
287.458 1.6827209557115193
288.618 1.1097254578614761
289.769 1.1184027203469264
290.928 1.1106829431573015
292.098 1.100240624888301
293.248 1.119375244451576
294.348 1.170255937381193
295.518 1.100240624888301
296.538 1.0517005973196998
297.568 0.833191929527063
298.808 1.2829914021405457
299.838 5.624045524307675
301.109 4.220041735901233
302.129 9.465305375877296
303.138 13.608526262245787
304.148 17.010657827807233
305.158 18.162110250946814
306.168 19.967733320992632
307.178 17.20623828723833
308.189 13.581605339867458
309.198 12.208380011214285
310.218 11.15896649481903
311.228 13.17020708405897
312.246 16.860268907915025
313.258 17.68426422875385
314.278 17.458229915507015
315.298 12.830747287300335
316.299 13.931618302157059
317.308 16.58539138211205
318.328 22.80406710375428
319.338 20.817424100609344
320.348 24.729231505599124
321.358 29.101909201872246
322.368 16.993815592334155
323.369 16.592601267112475
324.378 29.130751530119884
325.379 24.21958258682689
326.388 19.22527636518477
327.408 30.288977202807345
328.438 14.16426280196007
329.458 16.073183280908204
330.478 11.779046689980637
331.507 7.714515168677447
332.537 6.457237453834738
333.597 5.464874424563118
334.648 2.656295222944612
336.028 1.3992190555644697
337.097 3.010480662112517
338.147 3.2692864282395235
355.322 0.08744270468544577
356.325 15.703894497474288
357.326 52.94014954819683
358.327 51.10014813860919
359.328 43.16984233584287
360.386 36.99113484212434
361.396 45.07824324368917
362.406 45.37931820908082
363.415 29.98128442151025
364.416 28.166561087366034
365.425 36.78554755263314
366.426 17.878596802696205
367.435 19.562256501978318
368.445 29.314331896776423
369.456 24.068133585653275
370.457 37.29387053192813
371.465 38.18748005695228
372.466 42.95550974657892
373.556 48.30557499056911
374.566 53.1583057118976
375.567 50.45715037081733
376.576 42.61493087841971
377.585 44.953896329743216
378.586 49.29649553070959
379.597 48.09572794505859
380.599 38.20202891771924
381.605 42.22692895321801
382.606 35.88253430086841
383.615 44.74126310689561
384.625 53.74294181075677
385.636 33.40548725681215
386.645 37.723900451997835
387.646 49.93949329850146
388.655 42.615397179347006
389.656 49.38548742449756
390.745 45.78876653409411
391.746 45.65284151322236
392.755 45.591795998285974
393.776 49.25862938230649
394.876 8.776919530358947
395.885 59.62543327258451
396.935 43.076273353871834
397.936 51.6541540126131
398.946 50.85722297881289
399.955 41.380142584529935
400.956 51.314480727873146
401.965 57.198336946001824
402.966 56.02979769168016
403.967 53.45780662051269
404.975 53.29941602081986
405.976 53.243474031248745
406.977 45.52750081774637
407.985 44.910119554592406
408.996 42.742840927971024
409.997 52.81480885272083
411.005 46.82571707113901
412.006 33.09621064043699
413.065 38.98214341973535
414.105 53.928680278242155
415.107 57.38380744177906
416.115 47.97831180819044
417.116 43.59850751437077
418.124 53.937948526335404
419.125 54.31513697756851
420.14 42.275255537580044
421.155 30.737324684136414
422.195 51.040548637910355
423.197 35.543701624385534
424.277 43.78648490128691
425.387 44.922492572638276
426.435 57.20197717817726
427.436 61.72778570801897
428.445 48.781294340999835
429.455 47.55262347118008
430.456 38.240192782771906
431.457 41.580522317207226
432.465 32.22784333880731
433.474 44.4403435751464
434.476 40.34321576256174
435.477 51.314480727873146
436.495 49.82529905996205
437.505 54.68083148708808
438.506 56.798136154948004
439.515 49.20656078669501
440.516 53.672139209776645
441.524 52.02235100978881
442.575 42.13677144381047
443.576 52.29715178040496
444.577 50.88581554934524
445.584 48.66512320577519
446.585 46.59916376406614
447.586 46.51017187027818
448.594 32.86637584432285
449.595 30.64956026474553
450.604 21.989508262203447
452.274 6.038146902455857
453.275 16.932274551852423
454.284 25.94125318740603
455.295 18.99381874318635
459.806 2.3304808625155657
461.0 0.7187501569622068
462.2 0.7151564061773956
463.401 0.7145609387284554
464.6 0.7157528668998123
465.8 0.7151564061773956
467.02 0.7040095877053937
468.26 0.6920868446878023
469.46 0.7151564061773956
470.72 0.6811013392165673
471.94 0.7034325306662909
473.14 0.7151564061773956
474.34 0.7151564061773956
475.36 0.6310203583918198
476.58 0.5275743979997182
477.801 0.7028564188475633
479.0 0.7157528668998123
480.26 0.6811013392165673
481.46 0.7151564061773956
482.74 0.6704591307913086
484.08 0.6404385726961753
485.36 0.5028443480934813
486.64 0.5028443480934813
487.92 0.5028443480934813
489.24 0.4876066405754971
490.52 0.5028443480934813
491.843 0.4865009565832624
493.12 0.5040256582299578
494.4 0.5028443480934813
495.7 0.4951082811997355
496.959 0.5112317438917047
498.24 0.5024518076187792
499.68 0.4469727538608723
501.019 0.48068765165022864
502.28 0.5104209084533355
503.559 0.5032375023922253
504.839 0.5028443480934813
506.119 0.5028443480934813
507.399 0.5028443480934813
508.719 0.4876066405754971
509.959 0.5190651335158517
511.239 0.5028443480934813
512.56 0.4872375212412235
513.88 0.4876066405754971
515.42 0.4179485490647118
516.719 0.4954894269127453
517.959 0.5190651335158517
519.239 0.5028443480934813
520.519 0.5028443480934813
522.299 0.2911093985326872
523.479 0.7272777011973516
525.585 0.6112447916046118
526.599 0.8463389422217702
527.799 0.7151564061773956
529.099 0.6601443749329807
530.279 0.7272777011973516
531.599 0.6501421874339961
532.839 0.6920868446878023
534.059 0.7034325306662909
535.199 0.5645971627716282
536.359 0.7398169719076507
537.559 0.7151564061773956
538.779 0.7034325306662909
539.979 0.7151564061773956
541.179 0.7151564061773956
542.339 0.9247712148845634
543.439 1.170255937381193
544.442 10.909165517960275
545.449 37.42613234892542
546.469 15.512891325260105
547.47 34.507546871496714
548.479 24.32847371352694
549.489 23.57891913436364
550.49 25.93424330093853
551.499 18.587376696641996
552.509 23.57891913436364
553.96 6.949486786424039
555.019 3.2415021243168076
556.059 1.4440658201658951
557.08 2.9447616724951593
558.085 11.61653200572692
559.089 33.54966805872046
560.09 27.094898141046258
561.099 31.044450535748197
562.109 27.19010494773465
563.12 23.265307599288985
564.129 23.602287736082534
565.139 22.180159166749
566.14 28.29190178284203
567.159 25.476131054209485
568.16 20.664920463127615
569.169 28.067585415881936
570.179 26.853458454640897
571.18 31.50689062180135
572.199 28.423782581142813
573.219 27.85222997088884
574.229 32.07582693053072
575.23 27.52356331957417
576.239 27.004419301643978
577.249 20.69320030241976
578.25 32.149888389593215
579.258 31.37646666478661
580.259 34.29321428223277
581.269 24.091963420886593
582.279 31.65098154072237
583.409 27.799054403762547
584.41 39.22286383530373
585.411 32.02454769411722
586.419 43.207366206550994
587.42 40.812183853939366
588.428 37.33610338293157
589.439 40.53260343616694
590.449 28.55284001387431
595.288 3.6807347072792798
600.712 0.039555110961139145
601.726 28.775524035540183
602.732 24.614291151890555
603.733 40.50885937088745
604.742 31.345525501139857
605.756 13.324888989453571
606.762 52.39611480713153
607.764 41.62792786946724
608.772 43.420210375056165
609.773 35.668201711604446
610.842 44.638444842933865
611.862 48.425703656761826
612.863 38.45452537203586
613.872 44.953896329743216
614.873 48.01049999512587
615.892 38.19634321993556
616.893 38.45452537203586
617.894 36.22220758560835
618.902 29.248024979734833
619.922 25.66149457460067
620.952 19.788308326267746
621.962 17.294437183952933
622.973 21.879537575130225
623.982 16.798024604959643
624.983 16.932274551852423
625.994 11.547591162962965
627.012 18.124789076008657
628.021 19.562256501978318
629.023 12.859955355837284
630.042 9.351467563516556
631.073 12.485756848877909
632.081 12.344961773300282
633.102 8.61549833103033
634.112 10.196289355400493
637.111 2.3608030747436537
638.239 2.092212890412594
639.243 5.128611677766185
640.251 4.7709456016394425
641.263 7.420101052235825
642.284 6.51415727468147
643.301 8.438423671709685
644.321 6.310203583918197
645.323 5.3529671121062545
646.346 3.775019152842558
647.348 3.854136320716504
648.361 5.083046519720878
649.411 4.086608035299404
650.421 5.310567372604424
651.541 4.293851041475499
652.611 2.807155986864544
654.142 1.821757011163843
655.162 11.989386809444577
656.201 8.672734088388053
657.211 9.983866660496316
658.222 8.064078170546301
659.261 3.9233797066517377
660.281 6.099863464454257
661.311 7.082131400980035
662.411 3.5917504354906207
663.441 13.747666837196538
664.461 11.989386809444577
665.641 2.727291379490069
666.651 6.160258152221132
667.701 3.0649560264745532
668.705 2.5618588442589885
669.721 48.74157920952792
670.723 33.40251477954303
671.731 25.974456774070408
672.751 33.02339875583856
673.761 25.154076895407478
674.792 30.619803410119566
675.793 34.38220617602072
676.811 24.86889663917466
677.821 13.17020708405897
678.831 7.947838608169147
679.832 7.930305802766327
680.866 11.204578123862488
681.871 7.898742396586162
682.877 9.383761989604
683.911 8.507179686636333
684.921 8.2844851012629
686.001 6.439428134245134
687.041 10.727346092660937
688.05 8.080062468208435
689.061 9.125141087723447
690.062 16.71794196258847
691.131 17.14272146230621
692.142 24.616659678509766
693.151 18.924356833435546
694.161 19.89614935728589
695.17 15.682166485937088
696.181 24.404447095074335
697.191 20.392578710800986
698.21 12.08857255281179
699.251 7.007296198856326
700.291 4.332197460497686
701.31 6.526942666780943
702.33 4.417142508742738
703.345 8.032298552140208
704.35 18.572718608189085
705.351 21.95091599871134
706.352 43.08085044205491
707.37 42.02742469005135
708.371 46.170498585538226
709.38 41.676111678127725
710.391 29.006404616173924
711.401 25.70314608340541
712.402 24.308574480614848
713.41 34.05506696082836
714.42 34.500675471191265
715.43 29.130751530119884
716.44 15.719279422909095
717.45 11.346601726635978
718.484 7.262226561762723
719.49 16.208316163861454
720.491 29.881221801477672
721.501 46.520570184014744
722.521 38.1588958246219
723.531 48.520573334866945
724.54 54.646738271830735
725.541 34.810871354548624
726.56 31.248307477878427
727.561 34.29321428223277
728.57 34.96013485590646
729.58 36.78554755263314
730.61 21.124582517336734
731.63 14.303128123547914
732.661 9.57241358413973
738.076 0.4746110862193878
739.09 45.16034899592129
740.11 14.934148481939735
741.116 13.862375666460453
742.571 14.306577361655721
743.58 15.818170923065484
744.591 19.77488972482591
745.6 44.10336343835285
746.679 49.792080182058584
747.691 52.62872069198639
748.692 45.741833407010326
749.7 39.677389236488516
750.701 43.938180799110725
751.702 40.1691860861475
752.71 33.344964047774546
753.711 34.88294225444733
754.712 43.38417492510682
755.72 26.81836523165234
756.73 28.977685403682663
757.731 55.51214061936428
758.75 32.511586703706996
759.76 29.95159998148895
760.77 30.67706696291608
761.792 27.080775850357355
762.82 12.40014520916503
763.84 15.985849079259433
764.849 17.648557496350005
765.9 25.19348456101584
766.929 18.973537306747236
767.93 7.501640624238417
768.949 16.6331764734095
769.95 30.952884747797444
770.96 41.847270896122865
771.97 35.137943555903796
772.98 37.17397160823097
773.99 31.739180437436964
775.01 33.9520934353431
776.019 35.08448176985242
777.03 34.67876275742472
778.04 39.72304394708109
779.041 36.31119947939631
780.05 41.88874490097531
781.051 38.45452537203586
782.06 38.574899644315494
783.079 31.792527183352334
784.089 23.02984994636571
785.091 34.25898951748003
786.116 29.80950613545249
787.119 32.513591347646305
788.139 17.458229915507015
789.25 11.087679805454929
790.26 19.967733320992632
791.279 19.370281462704735
792.299 16.827209557115197
793.309 20.268354912611407
794.329 31.971698158518866
795.343 26.959112387613924
796.349 19.833860568935727
797.359 17.20623828723833
798.619 14.04442293697036
799.629 28.039795727351358
800.659 16.263031977211917
801.66 16.503609373324515
802.669 34.534868410211274
803.67 35.4538691223405
804.689 24.633944903657106
805.699 18.268351761759217
806.779 15.974846883277078
807.794 21.56038032416582
808.809 17.755607325783618
809.861 20.80207797436151
810.879 19.266061664366063
811.889 28.67706381206389
812.9 23.007070668476132
813.909 29.556017975815067
814.919 25.91556877830959
815.929 12.833560590965217
816.941 19.504265623019883
817.949 25.11561188361092
818.954 22.71746726579396
819.959 27.965817674399656
820.969 30.889489657820256
821.979 32.2882496254349
822.98 24.094241891350894
823.989 31.46971698144338
824.999 34.500675471191265
826.009 33.1379404050516
827.019 31.31433504762861
828.038 22.107386451999968
829.04 19.91303765703527
830.049 25.604273050612484
831.059 33.1379404050516
832.069 28.55284001387431
833.079 31.013713456009835
834.089 11.470825524825555
835.109 9.465305375877296
836.119 12.40871520115686
837.129 17.20623828723833
838.139 16.5689702025258
839.159 22.3833868648264
840.17 39.935466641985265
841.179 33.04643585027815
842.181 36.40017636232253
843.189 30.312245822260717
844.209 23.768433499425214
845.219 24.216187219076172
846.229 13.47082867567775
847.239 31.65098154072237
848.248 20.41278939336868
849.249 20.879253052391572
850.25 26.14857589020248
851.258 20.734258239527744
852.259 27.863236604314118
853.289 27.911929639156615
854.298 19.012643142337176
855.308 22.113855176149404
856.329 24.820134096744912
857.334 31.897086807772475
858.339 50.46980541596156
859.399 45.62465877609053
860.41 45.20128027174638
861.419 33.8969687416685
862.428 28.946806916704116
863.438 29.21903783902152
864.44 35.15054463928858
865.449 24.115840490679343
866.458 34.65921532415724
867.459 38.88319055056377
868.46 35.57920981781649
869.468 43.72142843808689
870.549 31.242319719368258
871.558 28.918118307272298
872.56 19.28993303375593
873.579 23.879178660545104
874.588 37.84871366687109
875.59 37.59719501498004
876.598 37.67341782541639
877.599 21.093585641655526
878.608 31.46971698144338
879.618 30.25222157310773
880.628 39.124513003956636
881.629 44.67017046069055
882.639 49.58268680938783
883.648 44.953896329743216
884.659 37.98605243494179
885.668 37.724366752925135
886.758 47.802646269867154
887.76 36.61429504680679
888.768 28.18380413720895
889.78 18.232248299779453
890.788 27.669741905673046
891.789 33.953540997492816
892.878 43.621625909314126
893.888 47.37026096363146
894.899 44.27211943678341
895.908 49.41919400954261
896.909 50.88581554934524
897.91 59.79879240464338
898.918 43.934272606592074
899.929 48.26036809729218
900.977 37.13938334075795
901.979 52.725816958932874
902.98 63.31710572665461
903.999 55.25061276862125
905.01 37.724366752925135
906.027 45.65507965189477
907.048 44.00422636636184
908.05 62.8884405481267
909.051 74.67673295764422
910.059 67.55950854713933
911.128 65.99627936094937
912.129 77.46305661807563
913.13 81.32104322482682
914.131 87.53684498935084
915.218 68.65312203719446
916.22 63.37913060733807
917.221 60.95944724475111
918.298 63.51354031632966
919.299 67.81809010119767
920.377 56.00813165717645
921.478 58.54056080076963
922.489 61.39015882730714
923.497 53.51226018932505
924.508 50.17028134821104
925.509 55.8154651024162
926.51 57.31579322726388
927.518 55.85058987387498
928.667 42.6534019900563
929.668 51.86848660187706
930.669 61.816777601806926
931.67 69.9614159938372
932.671 65.67476420855812
933.677 39.96953804396983
934.687 17.631083677046686
935.688 15.949603499320611
936.697 26.79178607879639
937.707 33.77520848976413
938.709 38.84438497117199
939.717 44.99849344911795
940.718 49.38548742449756
941.719 54.22614508378055
942.727 49.89390932473703
943.728 53.029141441984784
944.729 53.45780662051269
945.73 44.02717269289869
946.738 60.44774385547036
947.747 54.73502458073236
948.767 37.738215585694014
949.768 23.790917408298977
950.769 31.1672173370614
951.77 53.243474031248745
952.777 54.89653032252892
953.778 40.4557462511795
954.787 43.46546376981007
955.827 42.58244883408154
956.829 42.652185263526995
957.837 29.035180811229655
958.918 52.478694037864464
959.928 62.301534294343995
960.938 47.88330525015441
961.939 51.52881331713709
962.947 53.937948526335404
963.948 61.173779834015065
964.949 49.38548742449756
965.957 51.93397711526327
966.967 45.33423291130429
967.968 34.59653876528468
968.977 41.88874490097531
969.987 39.173974759083166
970.988 42.0981793895231
971.989 66.53209456561395
972.997 63.09024777205802
974.077 51.73266719214687
975.078 57.01246874421197
976.079 50.24234775394534
977.087 57.55676615445084
978.088 62.24544278033484
979.097 55.798190694970316
980.098 58.1731235843197
981.099 61.60244501254298
982.1 55.172310658754995
983.107 54.843733666294895
984.117 45.033611319685505
985.127 41.29820170812493
986.137 41.5106244030291
987.138 49.29649553070959
988.14 58.32918525923876
989.146 57.45745811550455
990.147 51.314480727873146
991.148 72.96207224353257
992.157 41.126498318486576
993.166 33.38341598707169
994.176 28.977685403682663
995.177 39.651529013831635
996.187 19.843509522803057
997.197 32.925517710147425
998.206 21.475955507606628
999.207 22.165248587975302
1000.208 48.95682224596964
1001.286 56.60520101298318
1002.288 37.25665110025954
1003.306 40.97365788330666
1004.307 46.72450445954214
1005.323 27.961884419593122
1006.356 37.26329128500281
1007.357 65.03176644076625
1008.397 61.14900937907162
1009.406 65.79195216880707
1010.417 63.32746152120764
1011.497 57.692449125611475
1012.498 55.51214061936428
1013.499 48.95682224596964
1014.5 47.45649412112196
1015.501 78.32038697513146
1016.506 75.44690975111239
1017.507 63.102773137390656
1018.509 51.6910364817084
1019.516 42.06086890605906
1020.526 39.72304394708109
1021.527 43.38417492510682
1022.528 48.52815706744174
1023.538 63.81500736796769
1024.547 48.99392756384742
1025.716 52.19880811975694
1026.796 59.48019492573531
1027.866 60.03608459793845
1028.867 64.60310126223834
1029.876 56.13517083176387
1030.886 56.80505843612984
1031.887 48.74248965670569
1032.897 54.68083148708808
1033.898 52.81480885272083
1034.906 44.48443121758206
1035.916 49.37026411448365
1036.917 58.38729949771431
1037.926 70.04461662575888
1038.927 74.24806777911631
1039.929 64.96686447825051
1041.006 66.90007483026162
1042.046 61.82734409989811
1043.047 64.60310126223834
1044.056 59.9625688430205
1045.067 49.74585618134019
1046.076 42.40229765557213
1047.077 41.240849032467274
1048.086 46.141409357927124
1049.096 37.68701589475393
1050.106 40.873356318316574
1051.107 50.36815847702936
1052.116 46.867595335371526
1053.117 38.88319055056377
1054.125 48.10278208217007
1055.126 29.238224033685807
1056.136 35.049744659189194
1057.137 35.025203943812585
1058.146 41.126498318486576
1059.156 48.21995174324817
1060.157 41.88086995874158
1061.226 31.19441870092584
1062.227 44.581178566902594
1063.229 35.20436733493974
1064.236 44.10249535612341
1065.246 26.641035759736717
1066.255 35.93501466124278
1067.256 27.737895908838123
1068.316 38.945367812735604
1069.337 43.961084967963444
1070.346 40.27596542709621
1071.486 37.717951979232886
1072.497 54.167787200565115
1073.506 37.93699997577273
1074.516 40.873356318316574
1075.517 54.86914285157242
1076.526 46.65496211252393
1077.537 45.50160451263161
1078.556 49.35530971475459
1079.605 50.19359079096314
1080.616 53.47757102572811
1081.625 38.3622664214679
1082.626 35.88253430086841
1083.627 47.153169638070054
1084.635 30.525089990765895
1085.636 50.08175498786672
1086.645 41.83589746254828
1087.646 41.02651644320332
1088.925 35.464019856693426
1089.926 51.86848660187706
1090.935 45.37916277543839
1091.937 40.55733444704599
1092.938 53.15448213746078
1093.945 36.09484675161441
1094.946 34.59653876528468
1095.955 27.642318970186754
1097.015 29.027780701167206
1098.025 30.83181731290061
1099.036 24.616659678509766
1100.055 24.0897251981832
1101.056 34.507546871496714
1102.065 26.454805942002842
1103.076 39.25932793555437
1104.085 30.494837176107055
1105.095 29.739177286584773
1106.115 20.069645550723063
1107.135 27.97523588870401
1108.136 36.096866890132354
1109.137 44.581178566902594
1110.145 41.380142584529935
1111.155 32.50067232033907
1112.165 32.16402582724532
1113.225 32.873285118776586
1114.235 37.423447221175905
1115.236 30.524219569269537
1116.245 36.57291432978555
1117.255 35.987634335520504
1118.269 34.48831189553713
1119.275 31.438845326148005
1120.276 45.0098437454305
1121.285 39.42543253570586
1122.286 37.16852983645213
1123.295 45.503509689384344
1124.296 43.16984233584287
1125.298 44.839708136731
1126.315 47.044211969781486
1127.336 32.4479009315156
1128.344 35.42050586638497
1129.345 36.22220758560835
1130.346 34.16787358675677
1131.347 53.368814726724736
1132.355 43.72142843808689
1133.364 38.3622664214679
1134.365 49.171154835233594
1135.374 42.73927779236567
1136.375 40.1691860861475
1137.376 46.59916376406614
1138.385 49.75617414633616
1139.395 38.11186128456227
1140.404 37.93699997577273
1141.405 42.009187495735134
1142.415 38.53670667437063
1143.524 41.287263517058
1144.525 54.0118124945166
1145.526 27.52356331957417
1146.744 38.47316079612761
1147.746 47.153169638070054
1148.755 44.31599666120044
1149.794 35.18966082842053
1150.795 44.152513388374686
1151.796 43.38417492510682
1152.894 37.20673591784454
1153.905 45.458456709493866
1154.914 41.55176476418176
1155.915 41.88384680025914
1156.924 48.05510836355543
1157.925 47.242161531858
1158.934 42.8275641012673
1159.935 48.43916517365378
1160.937 41.84204655395149
1161.944 40.35595741404179
