0.0 9.663357066680879
1.088 8.934178965940495
2.109 3.5500009583285195
3.129 7.591528341680511
4.201 3.99585843961113
5.208 7.035103912318181
6.22 9.184323810483694
7.228 14.710028321645366
8.268 3.801976550825264
9.3 8.620760783847983
10.304 12.15520585541344
11.321 12.055140025421046
12.328 9.161995792786469
13.329 7.406447826282982
14.333 24.778485953751634
15.34 25.263418850096777
16.361 26.369278782438105
17.368 33.70305595203594
18.388 24.779912220436294
19.392 27.239924955779944
20.4 22.132905511112416
21.401 24.35898396199736
22.441 16.382590966080404
23.449 10.623909343410542
24.46 13.036780787531404
25.588 20.070455132629583
26.6 23.280218735125715
27.708 23.257912830733126
28.709 27.321563092510555
29.712 22.571758115260394
30.728 26.269562388576134
31.748 24.456868461215848
32.752 28.060404623122714
33.76 22.950129306759383
34.768 18.14236826336262
35.781 18.703372634036754
36.789 7.749766707725837
37.792 16.59021339725348
38.8 25.33393766505591
39.801 19.654277402559906
40.808 26.17713083653277
41.812 22.385180350999743
42.82 28.112498570255585
43.829 22.437535569480847
44.84 31.94011292945194
45.853 26.57752580145045
46.864 26.141223229734933
47.868 29.373172090871144
48.88 29.696964094580473
49.888 34.193877155220925
50.892 27.30805835505636
52.02 22.407367433373246
53.029 28.574485144127767
54.12 18.787655331836273
55.121 19.092176618862794
56.128 19.960062262856233
57.148 17.834825611844952
58.16 22.30342634064491
59.161 21.135566967816505
60.168 23.72302482060782
61.24 21.42628547015954
62.248 22.555376759856227
63.26 19.373049157202512
64.268 19.517789365042134
65.269 23.206869855686673
66.288 13.163242027743081
67.308 19.22110367361661
68.361 17.210593439949754
69.368 8.99838872505814
70.38 7.230739021522094
71.4 15.021534803750798
72.448 13.991370449442844
73.6 1.2871274781439694
74.792 2.6260855929917235
75.861 10.081671235763658
76.868 23.23220361742283
77.881 22.60668518374877
78.905 10.042040624437563
79.92 9.252100571959016
81.361 1.7149790132105631
82.368 3.926569625479915
83.388 12.43718472998722
84.408 12.988815008889972
85.428 15.197956640852052
86.448 14.21392540569968
87.468 15.506100442581468
88.548 6.317824942752847
89.56 18.884652959962114
90.58 12.598706609597443
91.629 3.7693571142595563
92.649 7.591528341680511
93.66 10.33412652485311
94.668 14.546583562515975
95.68 17.419464368240916
96.681 15.045820977317165
97.689 15.52725211729233
98.708 11.802668455129787
99.841 13.292909795493804
100.848 13.252172485994715
101.868 9.045225258172524
102.88 9.27952774756759
103.92 9.18810999782772
105.1 6.620139696091224
106.101 14.648307923093007
107.109 16.181031153809904
108.12 14.340458866284543
109.121 16.197935083627847
110.128 14.397421960093022
111.24 20.35923865971778
112.261 20.331823670426974
113.268 16.197099705104648
114.288 17.511427637976233
115.292 29.865459891276807
116.305 13.566483969077053
117.341 8.587475993176753
118.349 8.989461752116613
119.36 14.992297905661113
120.372 16.18466930426275
121.381 23.022870887554376
122.388 24.868274294706126
123.408 19.772733952519363
124.42 24.419809862019978
125.428 14.614446591160343
126.44 22.629023805471842
127.452 20.41743634701288
128.46 24.516713869408946
129.528 19.50112162956879
130.54 26.53619338339504
131.548 25.074911175441493
132.553 27.86855116856993
133.56 24.936204714640112
134.568 26.151161460702873
135.58 23.022216065628346
136.588 25.660827183314698
137.601 23.487403366261766
138.613 26.861790848221972
139.748 13.124329939288153
140.76 24.908206059260376
141.82 22.912260907198544
142.821 26.169448986199868
143.852 22.27834919884678
144.86 22.71882151898562
145.868 24.843603387667727
146.88 23.836209727695678
148.06 22.536888985139367
149.069 26.28852633259755
150.08 25.978263469890795
151.081 28.309089469348283
152.088 24.118169375998466
153.108 20.5132787104984
154.121 21.250892776435304
155.128 16.156437129792053
156.148 23.09762878426198
157.16 20.254637614599414
158.164 15.26092181257551
159.172 25.56524545282967
160.18 22.555376759856227
161.412 19.446113928738644
162.413 24.52357169147032
163.448 23.943240109408443
164.449 27.81532628092942
165.453 25.83119495383938
166.461 35.140623212819484
167.468 28.699167272391698
168.54 27.881133718762133
169.548 31.87172803023163
170.568 27.5257841738101
171.572 36.75748909695607
172.573 24.75649701622152
173.62 25.085028049722627
174.621 29.625791305131926
175.628 21.33684922461686
176.641 19.516562748560094
177.648 21.105311736954544
178.668 13.634902527330867
179.681 33.66607074126616
180.688 30.826059152859983
181.692 28.456729889336238
182.693 29.625791305131926
183.708 23.116487660707694
184.72 24.74540732684691
185.728 19.04635027642024
186.74 20.838237748923714
187.749 23.022870887554376
188.76 16.363637639086384
189.761 19.42135207780871
190.82 16.0886634605511
191.821 24.194396232524408
192.868 16.207725570057395
193.909 5.380959447533675
194.92 9.845247245320682
195.948 12.34039730018187
196.98 8.620760783847983
197.988 16.52431384056131
199.001 21.068631276666746
200.02 25.707181977611455
201.021 22.781444262546056
202.028 18.978419856486255
203.048 13.79642440694109
204.06 21.81503014340451
205.068 27.85347208064117
206.072 23.62981441947176
207.14 22.123470842547125
208.148 28.929722365902556
209.16 20.41743634701288
210.161 29.625791305131926
211.169 26.21902448934724
212.181 29.79216803166437
213.188 19.70077854733356
214.189 25.346510338835092
215.2 16.20067787924224
216.22 18.898059914396164
217.228 12.585246452963258
218.321 15.588192685017034
219.328 19.796455195127905
220.34 19.373049157202512
221.36 15.088599443822877
222.38 17.767406757124597
223.381 17.94006251255211
224.388 14.301745312298678
225.408 12.275662850376996
226.42 13.675093522731187
227.708 6.395664487671898
228.72 13.579889585647287
229.721 16.62336067676847
230.728 15.215457298734671
231.748 11.858161851618407
234.208 4.085321686726876
235.749 25.308611301264822
236.761 19.861445354442917
237.776 22.724457545162494
238.78 17.954590147348796
239.8 11.468053452325877
240.808 11.768022657316292
241.88 12.819821138689417
242.96 13.27171444130671
245.408 6.7300783170926515
246.412 21.236508816719866
247.428 19.45893510264899
248.44 22.30342634064491
249.453 17.14452047297974
250.468 20.776646898434283
251.472 17.79049421388024
252.48 17.81547874510383
253.5 19.382625553226834
254.505 12.85481261160489
255.509 18.54284048194659
256.521 14.977483382038917
257.609 13.539854930045609
258.621 17.419464368240916
259.64 17.138121318407634
260.66 8.399137739731628
261.688 4.2334301363197016
262.72 5.906817574118062
263.729 6.368028117834188
264.748 8.892421438796415
265.749 6.254333719972296
266.76 8.636867271739552
267.94 9.133310636467247
268.948 32.6889518258786
269.949 35.78387489090951
270.961 20.187042819269845
272.12 1.2793536279739885
273.14 7.10696270284984
274.149 19.825130572197956
275.16 31.844814824279926
276.172 34.02493507441451
277.181 26.51960487578481
278.316 31.123702038936685
279.321 37.37664509667025
280.328 24.936204714640112
281.332 26.58354122190573
282.341 15.089810818133705
283.38 3.964203975034362
284.44 2.642254143812526
285.441 8.723149662066625
286.448 7.85313925095983
287.449 10.53361468626913
288.648 7.751906335454126
289.669 6.293183517036921
290.676 7.198710980046511
291.688 18.884652959962114
292.8 14.877371990212529
293.808 16.834810190327474
294.82 10.74471633928879
295.968 7.893185928687757
297.168 0.8251368140355332
298.181 18.120348610407742
299.188 33.04862768112262
300.192 23.393055808193733
301.2 21.41126344595048
302.201 9.875263768377309
303.208 9.393533280448784
304.221 13.498955901087397
305.24 21.66517223270399
306.248 22.29635027024181
307.252 26.419445288437174
308.26 21.479126474594846
309.262 22.548518937794856
310.268 17.918895137115495
311.28 24.419809862019978
312.281 23.27520745096492
313.3 27.970707434759632
314.304 25.83119495383938
315.308 30.85003549208813
316.32 26.11539198148421
317.4 30.267930313846563
318.428 26.123178700385
319.448 31.886874923286133
320.449 30.119554493550794
321.461 22.69661860080141
322.468 32.23059234248097
323.48 25.464197051830343
324.628 23.021477571673874
325.64 25.72219972132771
326.648 27.1996930441236
327.66 26.698992115808508
328.661 23.93355836885674
329.668 23.582836657206407
330.672 24.19023561915384
331.68 32.03517278936102
332.681 25.414847934113336
333.688 30.594521665197675
334.692 26.48757868771359
335.76 26.751457686229948
336.768 25.98771670157348
337.808 22.085555792318296
338.812 26.419445288437174
339.828 22.44510404213445
340.832 24.286198153345975
341.848 27.14768002527462
342.861 33.01551864964748
343.868 25.099811782368445
344.889 30.981826545412535
345.9 11.474844843762106
346.908 29.449272191099364
347.921 19.258814770740415
348.929 27.949053811126195
349.94 21.415390194254805
350.948 29.91039092067891
351.96 21.88262493873408
352.961 16.62336067676847
353.968 18.323991585572937
354.98 18.30069581087375
355.989 12.736056235668377
357.001 10.74471633928879
358.04 11.641661585747842
359.052 15.628678311692784
360.08 8.17350990012046
361.128 3.9301602386075403
362.148 6.299353304798721
363.153 13.934275584284965
364.16 5.794177790425528
365.169 25.477841691415776
366.18 9.12002866496166
367.189 7.184441979094982
368.2 13.267402202047675
369.201 30.942493140915566
370.208 27.390310730565062
371.28 26.676523631086447
372.308 31.09139060045822
373.309 25.250380517308123
374.312 26.281526173866897
375.32 18.700565569395163
376.329 24.4924158378238
377.34 23.533867072228652
378.341 27.81532628092942
379.348 24.281776443726795
380.36 30.606161693731703
381.368 26.382469248476635
382.372 33.8037622945221
383.38 27.1996930441236
384.381 25.744023393059248
385.4 31.3659956204819
386.401 24.92108474569447
387.408 35.33912662931923
388.432 24.844006623093215
389.62 23.078527431377598
390.629 25.635395243588913
391.64 21.67364805927096
392.648 17.883341773748203
393.66 26.698992115808508
394.668 20.335013160689094
395.68 23.280218735125715
396.688 25.401800693700277
397.7 31.420155355799036
398.708 25.56524545282967
399.789 24.753266715695535
400.808 32.17439756946339
401.813 29.739875966679612
402.816 32.194869562986945
403.82 26.979866488119253
404.821 29.69412890041017
405.828 32.55780647793763
406.84 26.92938564355154
407.841 28.967440387240107
408.849 21.969460751983025
409.861 25.396602256500774
410.869 19.68123412417152
411.88 18.414452862388107
412.881 13.496193816782323
413.888 5.139629923702465
414.901 13.661593923992065
415.908 24.868274294706126
416.92 17.649857895983953
417.921 25.511098068308048
418.933 26.60378817872461
419.94 28.140415649272725
420.948 21.152236956336058
421.972 28.31680451916733
422.993 25.078369343045914
424.0 25.19548843016279
425.02 16.54229636031489
426.021 16.29418521782256
427.029 11.604577898186902
428.061 8.301473347409168
429.068 8.411890874078805
430.073 18.360457240469596
431.08 16.36070677283298
432.109 8.872481417888308
433.688 2.6084914059915785
434.708 8.399137739731628
435.72 11.558710001356122
436.728 13.402470248610223
437.98 9.002846248113926
438.988 10.297019825151756
440.0 9.76792394480799
441.008 12.421801693833864
442.028 11.306531572715654
443.04 8.207531416002894
444.048 13.892804525998402
445.061 14.962698107229404
446.248 6.523470015597407
447.3 6.734172661315977
448.304 8.765217873109773
449.32 9.080836381236193
450.34 7.9145721009009575
451.36 8.399137739731628
452.368 8.662572233857828
453.548 6.759760303889892
454.56 5.535156902057862
455.58 9.852834656223642
456.592 24.419809862019978
457.6 25.074911175441493
458.601 27.321563092510555
459.632 20.68036358097648
460.641 25.308829699084598
461.648 21.33684922461686
462.668 26.812632015297122
463.68 13.905487050474221
464.688 15.690696876421724
465.701 15.613250198848073
466.708 13.156495838200367
467.72 17.582263100654387
468.728 20.59403965030351
469.729 16.856286001519667
470.732 18.88984693746683
471.74 20.267150132044726
472.748 17.066117978101236
473.752 25.106677820688745
474.76 18.210231292006988
475.768 27.45871953373802
476.772 20.416029149377096
477.776 24.94258188722019
478.789 18.44574354366072
479.792 21.353740016266855
480.8 17.161699708586262
481.808 15.431670386807307
482.809 19.42135207780871
483.828 18.75492521637062
484.841 15.680778266837729
485.848 17.99677745011628
486.868 17.92892863673482
487.88 10.812311134618358
488.892 25.07100479167384
489.9 17.71989701461881
490.901 19.092176618862794
491.92 18.75492521637062
492.932 14.88227944495502
493.94 21.084373927691693
494.948 19.449926336397763
495.952 15.000863344914821
496.96 18.6327025407508
497.961 19.81886513203286
498.973 24.094212397193044
499.988 22.304899891237607
501.001 23.25723727536744
502.008 21.759740007867862
503.012 17.626398280411685
504.013 25.84027352725396
505.028 22.511575228833763
506.033 21.639110319124885
507.041 20.988792197206667
508.048 22.086954143324522
509.088 18.283579241493033
510.093 20.368182784746846
511.101 26.314606219832267
512.12 24.319188923687673
513.2 24.928734848953056
514.208 24.35326911027955
515.22 22.954621270298777
516.221 19.489689673086954
517.241 20.836322469718844
518.252 17.993235237527806
519.26 22.882266278115015
520.268 19.190899846783346
521.273 26.88495524497334
522.28 23.463741105085145
523.292 27.838583242702775
524.309 22.607261834656526
525.321 26.373394650981574
526.34 24.64254970328027
527.348 26.804940497220446
528.353 20.723580000377577
529.36 24.868274294706126
530.361 25.085672475167428
531.373 21.81503014340451
532.381 18.14236826336262
533.401 12.5042493700593
534.408 16.36070677283298
535.413 15.409669469679843
536.421 12.162775204219447
537.452 11.345697886879142
538.46 6.701235124305112
539.468 9.806685547763578
540.48 10.25632014204839
543.4 1.749082819614819
544.408 3.336758211232227
545.428 15.183056683361022
546.46 11.175060275358495
547.5 4.910886378149299
548.512 5.403775468882081
549.52 10.49678564186546
550.54 10.175878415444089
551.548 10.133575066022363
552.56 10.093521409634922
553.58 9.36826901739297
554.621 6.48880403967296
555.64 7.666108774668934
556.648 20.430594891174117
557.668 17.121319238683704
558.672 12.211232475949405
559.688 13.783412364376368
560.7 13.837892255144652
561.72 10.014356535833866
562.728 5.7884295981731215
563.74 11.070313804115724
564.741 9.546088309431397
565.776 5.093791449736908
566.788 6.3491505641251935
567.8 7.814339155846392
568.868 6.234549270571766
569.881 10.083557420089381
570.9 10.991430008081693
571.901 15.144958615537716
572.92 12.516520468557887
573.94 15.667622322191692
574.988 5.659430743594859
576.029 3.798324315906123
577.048 2.2635254571481784
578.1 1.5660866654223204
579.108 6.537790365175718
580.12 11.23311253652919
581.121 7.8039608805071365
582.132 15.807096704881825
583.14 15.200362599033545
584.141 15.704171895208981
585.148 19.305633991942916
586.152 19.69151201622647
587.16 18.210231292006988
588.168 22.71882151898562
589.181 16.493968381361068
590.188 22.086954143324522
591.192 22.152951018254775
592.2 20.335013160689094
593.208 28.766277606773162
594.209 21.95850561518128
595.213 25.76306155456296
596.221 21.152236956336058
597.228 21.432525872411205
598.24 17.32426043115702
599.248 20.59403965030351
600.26 15.791477044106252
601.281 14.442511925381986
602.288 18.323991585572937
603.3 14.977483382038917
604.309 10.517893195073263
605.321 12.53550239583692
606.328 12.761351282809725
607.36 11.494347711797309
608.42 6.592455901297645
609.428 12.748691212092652
610.433 23.11450420451976
611.441 16.085449423324878
612.448 17.505956246931287
613.46 8.139936620673325
614.461 8.229386473647757
615.468 9.816424063699788
616.481 10.964275602602374
617.488 17.342349179202955
618.592 21.103698060159314
619.621 9.606549108013303
621.048 0.23090724204965396
622.064 7.297100663493371
623.468 1.877519284358155
627.589 0.4788095003775737
628.968 19.52638686892129
688.344 0.011098916545569125
690.608 0.8004750394110907
691.66 1.5675767573970323
692.72 1.3988404290772198
693.744 1.6089093476799619
694.864 1.1768022657316295
695.944 1.6780328603951011
696.964 1.77674067571246
698.105 1.7327149924882885
699.308 1.3695121961964098
701.68 1.5264321766780196
703.024 1.596453853426132
704.141 1.1799628805903535
705.184 1.5826351316275513
706.284 1.647523172024281
707.504 1.3504288295280993
708.625 1.6166596692477333
709.9 1.4213925405699679
710.98 1.983129744103301
712.24 1.4383138803386581
713.344 1.6415538851691207
714.604 1.3075580730351437
715.704 2.546172174946616
716.72 2.4323668878311238
717.724 2.95372680243397
718.82 1.8662716599476825
719.844 2.4133640215199432
720.904 2.3314007151286997
721.96 2.9642935860285355
722.98 2.099784434932907
724.0 1.6152187961022364
725.005 3.2786530786552857
726.04 2.865257690477011
727.101 2.639763800604409
728.104 1.4783358472800128
729.14 1.9083279984837231
730.22 2.5933235115197015
731.26 1.5841568961771932
732.38 1.4710028321645365
733.444 1.3935816304716662
734.56 1.4762752437493558
735.565 1.9671918471931715
736.601 2.703464664518608
737.68 2.290347319774255
738.7 2.261306314543131
740.605 0.34593662404709313
742.6 2.758307639571643
743.604 2.425453051706257
744.92 1.8504216291132842
745.94 2.705727626570091
747.184 1.9575199870683937
748.204 2.705727626570091
751.444 0.7593225073575918
752.74 5.492338637515066
753.784 1.3995142896052195
754.804 2.705727626570091
755.824 2.387406729326551
762.609 0.2908141416442124
763.64 16.351784995026048
765.321 0.8554252148179131
766.48 1.2606496275650123
767.644 1.8131164507943909
768.784 1.1412559409082985
770.141 0.9570738841220662
771.364 0.9291950966144221
772.58 0.9345440815455908
773.584 0.8084843505687523
774.604 0.7958022431088503
775.684 0.6012728059044647
776.8 0.29093845446990224
778.72 0.4227699416515768
780.445 0.6587858569040222
781.804 0.4778326934340117
783.04 0.3940380038694307
784.504 0.44356190599509693
785.56 0.307469048473874
786.924 0.3570608304857892
788.044 0.1449496942805406
789.4 0.2394449227053178
790.6 0.2705727626570091
802.368 0.013795348198012022
803.448 0.5370418830185278
804.672 0.663168535924042
805.812 1.6273242370640983
806.952 1.5056235410696914
807.973 1.8169927818345466
814.656 0.5624650882226906
815.868 6.81062415625327
816.888 1.5916044862177006
817.908 2.069085832083011
819.048 1.851287323442694
820.128 1.8038184177133942
821.308 2.3388493043232987
822.313 2.099967710173802
824.248 0.6592383093099259
825.252 1.4552718310237542
826.309 1.5358908003236091
827.412 1.9133885301220952
828.433 1.908054741557753
829.728 1.5043427730737184
830.868 2.136100757818493
831.888 2.069085832083011
832.909 2.2260638651507114
834.072 1.8146754503221594
838.908 0.5706869683832698
839.912 5.012602973526264
841.048 6.573774867370996
842.088 2.1853953906912276
843.089 1.9461777134170488
844.093 2.2637561815925067
845.128 2.1959528563467408
846.152 1.7439260093127542
848.448 0.5656573435338169
851.508 1.371833975558956
852.513 1.615359777056771
853.532 2.0711163382970277
854.592 1.991007121438369
855.649 2.3038362004854136
856.753 2.352806631800079
857.808 2.462083906641979
858.868 2.2973159093519646
859.872 2.425453051706257
863.868 0.3656388684554177
864.972 5.293814921550179
866.008 6.894904376587877
867.028 2.228246280704781
868.048 2.387406729326551
869.113 2.2865303886507813
870.192 2.4117906420680475
871.848 0.2941008289750099
872.852 2.425453051706257
873.948 3.9782441813910676
875.232 2.149409796808016
876.252 1.9099253834612409
877.272 2.705727626570091
878.448 1.9326625904072081
879.512 1.9835221322600294
880.528 1.9174447747347103
881.652 2.310941745113245
882.792 1.9936940406305934
887.609 0.337022332560111
888.992 9.156041426137401
890.028 1.5670237219517904
891.088 2.2973159093519646
892.112 2.219542193670778
893.488 1.7697346394717166
895.692 0.9579970715954023
897.772 2.408428006337227
898.888 1.6001614995844626
899.952 2.4412580089354208
901.068 2.182038408524267
902.128 2.2973159093519646
903.192 2.2929895140424503
904.249 2.4574252805177745
905.252 2.1041550834742484
906.348 2.2218566276579215
911.068 0.3783432698170043
912.388 7.994195260320724
913.493 1.6160907090825885
914.628 1.4303405955436606
915.708 1.653500216237278
916.828 1.449496942805406
917.848 1.7507649348394707
919.048 2.0292957199275685
921.456 0.8764400119288501
923.472 2.565413646218074
924.492 1.2732835889741605
925.513 2.0670593033542324
926.628 1.7471963149152159
927.808 2.396805968418388
928.828 1.9099253834612409
929.848 1.9099253834612409
930.912 1.9835221322600294
931.992 1.9541366191895102
939.332 0.22117664522371316
941.128 5.7850746581454064
942.132 0.6467874804550019
944.128 0.4880069867561287
945.508 0.8234823211300278
946.993 0.5466116417313316
948.268 0.3819850766922482
951.313 0.1066296601603977
952.352 0.9374994663765475
953.576 0.9284359502936588
954.776 1.4881501946135502
955.796 1.5916044862177006
956.876 1.3528638132850455
962.973 0.32363030196096126
964.096 3.0135055650514686
965.116 0.7958022431088503
967.292 1.7053221472554176
968.301 0.9653735833153944
969.356 0.7694012208256183
970.452 0.8887426510631686
971.553 0.8847065808948527
972.672 1.1606338344536584
973.876 0.9438584743849154
974.997 0.8689223421634548
976.152 0.9839009551163967
977.156 0.9701812206825029
978.237 1.0512540269745034
979.352 0.8735981574576079
980.756 0.8094057002560102
981.776 1.1152164898522456
982.796 1.4324440375959306
983.896 1.180681146139676
985.032 1.0003570450347168
986.116 0.8985811305952331
987.212 1.1849902014175582
995.776 0.1326956566043249
996.836 3.982014242876738
999.212 3.07469048473874
1000.337 1.0101383139195008
1001.516 0.8261763745252186
1002.616 1.3282662894071358
1003.692 1.05613903639353
1004.696 1.1318780907962533
1005.732 1.0969166053662531
1006.773 1.0916480337746766
1007.776 1.1330065834092107
1008.796 1.1141231403523906
1010.132 0.8506029963768251
1011.156 1.109771096835389
1012.256 0.8855108596047572
1013.312 0.768672621184685
1014.416 1.3234537303875447
1015.536 0.7432096201536413
