0.0 43.28449732974977
1.01 42.361024405703986
2.011 42.205394513420075
3.03 44.38719168659606
4.11 34.05650772875434
5.12 41.60915259301422
6.121 34.29772866466259
7.124 38.57418472991776
8.13 25.51324768632761
9.131 42.42752816875387
10.142 42.09918779502661
11.15 44.20980254134327
12.151 49.980072450102725
13.161 41.26025317308456
14.181 45.651650061349144
15.182 48.42513686276619
16.183 41.85335813566887
17.19 44.25370502648859
18.191 44.20459741142418
19.192 42.96402641233781
20.2 56.783492990133
21.201 60.95685249437479
22.208 55.73583117091206
23.22 43.28467433879185
24.23 29.37192386079478
25.231 52.20140900344061
26.232 51.62723897035561
27.233 59.84618421770585
28.238 46.33301797271257
29.259 41.90463726715086
30.26 51.53500803743925
31.261 46.74029855301223
32.27 47.91231850791786
33.279 52.540139686085936
34.28 54.8670128674461
35.29 47.864880568801105
36.3 43.68194988484729
37.339 50.38107177699071
38.34 38.429122372745645
39.349 32.48624791402425
40.36 43.767361037423946
41.361 42.96402641233781
42.369 43.54802935982802
43.37 44.87099837742555
44.379 31.604758165801748
45.389 33.68359971815437
46.39 35.189348475655166
47.391 38.429122372745645
48.399 34.283204818614536
49.4 48.29523414034877
50.409 37.02256942534467
51.429 34.75185648345093
52.43 39.095523338747014
53.431 40.29842254833233
54.449 42.90182495650051
55.45 39.984057960082175
56.451 36.74412168458868
57.459 38.82402664889461
58.461 36.929525085872065
59.469 45.22116740354202
60.47 38.7434869609958
61.471 40.74268985899991
62.48 48.04119127812582
63.5 45.43365418979118
64.501 38.7434869609958
65.519 39.31634775839121
66.52 32.96801192231727
67.521 40.87259258141733
68.529 40.01857239174669
69.539 36.196705503035204
70.54 49.757938794768926
71.549 39.97891077391543
72.55 38.20698871741185
73.559 29.621406232301144
74.56 34.20858292140363
75.561 29.41387343697663
76.579 36.25840959940523
77.589 28.491306874699244
78.59 31.76511271273195
79.599 25.87507480235555
80.609 25.978201089818405
81.619 22.235578898912365
82.62 17.640789704285766
83.629 22.698361016729173
84.638 20.93538152028419
85.639 11.643181010273443
86.649 21.575116159340713
87.659 21.134807666292943
88.679 11.55378119257211
89.689 7.576653454930188
90.709 12.425764678803969
91.729 10.02781009166636
92.74 12.096506819388528
93.799 6.299030849550245
94.848 4.875293752859718
95.891 5.329716898109387
96.939 4.667774196336565
152.304 0.07229123456704102
153.364 4.702028793971704
154.365 17.548558771369397
155.374 21.155753957339815
156.384 18.93326520105409
157.394 21.226216739411043
158.404 24.657275610675097
159.414 24.437121364151213
160.434 20.146133089067312
161.454 24.633533486049977
162.464 23.116195885007905
163.474 15.282052083266155
164.484 17.612339721910782
165.494 13.869717531004742
167.424 5.18446140130081
168.433 17.518284220228228
169.434 13.550152975361181
170.444 15.410797256671936
171.445 22.879766499380356
172.464 17.983805555404736
173.473 17.189050090338597
174.474 21.769098222711403
175.484 24.308376190745427
176.514 27.848443475336843
177.515 28.87737519339268
178.516 20.750660878958826
179.524 24.706198776569295
180.533 23.4509779947437
181.544 22.653458225400332
182.554 25.097584103722866
183.573 17.32917614719338
184.583 24.877429857198983
185.593 26.198355336342292
186.594 32.079477300982106
187.604 33.68359971815437
188.614 20.56575399983939
189.623 25.122457824341026
190.624 33.98644926606985
191.625 23.19413108763051
192.644 17.238574416232353
193.653 16.74830521622735
194.673 17.31218675881378
195.683 25.53789259677064
196.693 24.437121364151213
197.694 15.641586806281657
198.713 20.948141062763366
199.723 18.27280246148244
200.843 16.957647524932852
201.873 22.883217119269034
202.893 15.04171513749954
203.903 14.750334517100283
204.973 11.931404800214331
206.003 14.248040847846758
207.013 13.869717531004742
208.033 10.899793577898219
209.034 13.328019320027392
210.043 13.754590764296285
211.045 18.418693099897467
212.073 18.385449478672676
213.083 20.2541906801974
214.103 17.966174373487668
215.113 21.795270405864596
216.114 20.658429946042457
217.123 17.280549757186254
218.133 16.95187698233913
219.143 14.310026024052512
220.163 13.733739908151756
221.19 14.939191275802855
222.203 12.822269422723057
223.215 18.456409362733584
224.223 18.970831203437132
225.513 13.861074637968354
226.523 31.482057252915528
227.653 30.778607297480153
228.673 38.40492528173284
229.693 26.90400510736421
230.694 31.98724636806574
231.703 30.191023876620356
232.713 26.289764409460393
233.723 33.68359971815437
234.732 23.8918839598177
235.733 34.652850232071216
236.735 26.72157469315781
237.743 26.470927260609958
238.752 21.59649883145106
239.762 11.979738385407884
240.763 15.54935587336529
241.772 18.290912275616712
242.773 16.21575683936666
243.782 17.720811358409218
244.783 24.212568431383094
245.793 24.437121364151213
246.802 21.24773689707575
247.812 24.437121364151213
248.813 20.880563601376245
249.823 20.56575399983939
250.833 19.373573694101864
251.843 18.93326520105409
252.852 23.010233120632453
253.862 24.877429857198983
254.863 25.767504018719624
255.873 20.785908246363274
256.883 26.198355336342292
257.892 26.224320009619145
258.902 24.088221944221548
259.903 30.876578091396787
260.912 32.48624791402425
261.923 29.47148934178296
262.932 25.434329928244306
263.933 25.10110305271825
264.942 23.80022320200729
265.962 24.28805464866864
266.963 40.20619161541596
267.972 26.095447239411175
268.982 27.959589308533367
270.012 25.131645326784106
271.022 25.978201089818405
272.032 28.620052048105023
273.033 26.525648782428295
274.042 27.987299506064122
275.052 24.529013231669587
276.053 46.42593396476207
277.054 34.96721482032138
278.062 43.67702998000643
279.063 26.08186860696978
280.072 31.733630936009714
281.082 23.42775920464989
282.102 33.57136421992651
283.112 30.031903805966166
284.113 36.207785819407746
285.122 40.640511357970574
286.123 35.09711754273879
287.132 22.569327155558447
288.152 31.391405504346867
289.162 30.032386600366436
290.182 30.08343027499908
291.183 25.545370363385832
292.202 13.401399697925246
293.215 24.145248557555384
294.232 21.426614868175136
295.242 13.300663864551192
296.252 12.989100544909203
297.262 16.07125999624359
298.263 13.550152975361181
299.291 13.41056314914948
300.302 14.607126841870866
301.303 16.882157805368028
302.312 16.74830521622735
303.322 23.99681287110344
304.332 25.188993176840974
305.341 29.970651439564737
306.342 36.96641771832548
307.352 42.361024405703986
308.362 38.967301634727605
309.431 25.254792920049812
310.451 17.657665596195116
311.461 11.00771232619424
312.492 9.273810791980909
313.502 11.00771232619424
314.521 23.220840821095578
315.522 27.988840572057523
316.523 29.76590981472784
317.524 35.63361578632274
318.562 31.578635978083295
319.572 37.42622190906042
320.602 27.93807761499634
321.611 29.970651439564737
322.631 22.235578898912365
323.632 27.41467053897252
324.642 31.70221149943941
325.651 22.128743372409957
326.662 27.492060953155743
327.671 23.80022320200729
328.681 18.144057288076656
329.682 25.323236708052047
330.691 22.257616142617923
331.711 14.914232171676169
332.733 13.92443296996469
333.751 22.06083957554174
334.771 12.643760550361932
335.991 12.651534921392473
337.051 5.6691277645952205
338.201 3.4803514798297615
339.342 0.7795119684106
340.371 8.64356808509713
341.692 1.8515622095990614
342.711 11.783329347804393
343.731 10.681797706340255
344.751 13.297748165035825
345.781 5.828743983210037
346.891 1.6857382664524996
348.651 0.8843696152976508
349.661 15.410797256671936
350.662 26.211771329387204
351.663 22.879766499380356
352.671 26.562517700936628
353.681 27.959589308533367
354.691 15.942514822837811
355.701 27.299126568961714
356.851 30.243327170567454
357.862 34.09015558191312
358.863 21.546964567377618
359.871 16.85651103871298
360.872 39.53979064941459
361.873 40.9648235143337
362.881 40.809346193440355
363.891 40.81994468003679
364.893 48.912771199058376
365.901 47.51866844891951
366.902 47.53660224143103
367.911 43.50486976680539
368.912 50.516570693686674
370.071 49.769173867154706
371.072 59.97608694012326
372.081 28.739916484078652
373.082 46.07389758701087
374.084 52.37122375392533
375.092 51.04812541700084
376.101 55.18460893075342
377.111 62.61521508590139
378.112 60.95685249437479
379.131 60.31650728640571
380.132 62.28965442637753
381.141 69.28844490231329
382.151 65.03691179766412
383.152 69.62006505239259
384.161 53.20125699725281
385.163 58.8066707406365
386.171 60.9748843905048
387.172 55.403511111030035
388.173 49.8501697276853
389.18 37.85021159979089
390.191 51.02526512905706
391.192 45.4074966210095
392.201 40.19928321097105
393.21 29.309534128397864
394.22 28.179743555057257
395.221 30.96880902431316
396.223 46.4717395834093
397.261 57.070291941190916
398.281 65.4892743731239
399.291 79.56709206824051
400.293 58.23307373153661
401.301 58.897813154857154
402.311 51.82765700623103
403.312 56.95844669836657
404.331 59.44366807545723
405.341 56.450896183232615
406.35 40.419655648026676
407.36 36.10529642991711
408.39 29.233354055709686
409.391 20.658429946042457
410.402 18.47466496052066
411.42 13.97914586965021
412.43 17.043286055457234
413.431 39.095523338747014
414.44 35.791834469858586
415.45 23.99681287110344
416.491 28.495850367310187
417.492 44.64886472209176
418.5 31.416972289025463
419.53 23.74673474641126
420.54 13.869717531004742
421.63 16.608387221989265
422.64 29.280514787676676
423.65 35.00452519729768
424.652 30.715990064219906
425.66 35.294569680813275
426.661 38.52135330566202
427.67 34.46959984752485
428.68 46.89285450958746
429.69 24.308376190745427
430.7 27.959589308533367
431.8 25.553775069526242
432.81 36.10529642991711
433.812 26.629435807080675
434.821 24.99358505413306
435.83 32.174375810120964
436.84 32.0137748190814
437.85 53.368736731898224
439.01 51.068071581858774
440.24 54.127401684225404
441.243 65.84214290106652
442.25 49.11152762605237
443.251 50.07230338301908
444.26 44.82710438913914
445.27 49.09439697482631
446.271 40.29842254833233
447.28 42.84375245563853
448.281 48.20300320743239
449.29 42.403007581527284
450.3 52.2679654992788
451.302 37.946946025089964
452.31 48.40103269093984
453.311 47.40669951901361
454.312 53.182012179289124
455.33 35.38471298255209
456.331 24.971200330300835
457.339 41.4711193749556
458.359 29.955947309175713
459.369 19.373573694101864
460.38 20.67402983677312
461.389 16.17868757190814
462.39 29.321642504060264
463.391 41.186957169667494
464.4 53.99124707862764
465.401 48.073100485014976
466.402 39.40988792699717
467.45 51.22143922731687
468.451 44.42673106675797
469.452 52.73790724702456
470.46 45.533348904373774
471.51 53.87685101627303
472.521 34.53002855716361
473.539 25.118777734527722
474.56 8.801718632139305
475.562 28.62664349261173
476.565 34.89748956644237
477.569 42.965162414233056
478.57 46.51816489767845
479.579 48.57343581908473
480.58 43.31606279008903
481.581 42.741892757004024
482.602 39.85417177767838
483.604 62.44940106765772
484.609 38.58928402781771
485.611 42.2554122472882
486.619 41.91230149596576
487.622 51.30260261249934
488.624 65.7780805435428
489.629 30.181801459074727
490.63 87.61289113442956
491.632 90.18839670003342
492.636 78.04936343428368
493.739 69.31340158745964
494.799 62.8082113882993
495.839 64.01606160730506
496.84 63.5302254254639
497.841 49.18376876168393
498.849 40.45975451275685
499.85 54.959243800362465
500.86 59.09274714151923
501.909 61.55910578712597
502.911 72.43235738468715
503.919 60.75719584395373
504.99 61.747892150904775
505.991 81.61528244041725
507.01 85.1924247984372
508.011 90.50062865376883
509.014 80.2144428242993
510.07 59.0455555128649
511.071 103.38438066312865
512.15 86.92903938101911
513.151 94.49903444977706
514.155 93.1093172702004
515.189 75.44407395927645
516.19 75.39554009107113
517.199 57.608705738365266
518.2 82.28168340641861
519.201 107.38278645913685
520.208 36.525350890818956
521.449 31.609139424605196
522.459 40.76890085529027
523.468 30.06215110641239
524.469 36.42991947474154
525.479 30.472212299013933
526.48 50.86860707143788
527.489 62.8981275005885
528.499 41.70056166613233
529.508 43.064124892694146
530.509 45.75953299876071
531.51 35.41148213098896
532.569 43.76046012614448
533.571 49.091537828767564
534.579 49.28323568218495
535.581 97.0676676168626
536.583 87.8395039704615
537.589 93.58729811754333
538.59 79.17181223174556
539.591 70.06433236306017
540.599 68.69541025740747
541.6 74.37710274731856
542.601 90.94489596443643
543.61 79.20520456981633
544.619 79.42557700687195
545.62 64.06672366904785
546.628 60.974723139729576
547.639 76.84915283981546
548.64 70.28646601839397
549.641 65.39952560105058
550.649 66.71009071286174
551.659 68.65078881516439
552.669 73.18261891904787
553.679 58.872592894995336
554.68 59.53181962945568
555.688 51.70989859851609
556.689 49.628036072351506
557.768 35.118449760889995
558.769 41.76112720275249
559.779 40.159481940465135
560.789 55.1299707040893
561.798 42.31150791467963
562.8 40.03629259669815
563.818 44.64921819020679
564.819 52.20140900344061
565.828 36.01220690691421
566.838 44.122258377895065
567.84 54.81225536957439
568.848 47.7392595094246
569.849 36.744284062991696
570.85 55.31128017811368
571.86 50.06642303403996
572.861 59.624050562372055
573.869 52.81285390104151
574.87 56.06991207703141
575.879 54.082746745475305
576.88 50.2022061054365
577.881 43.1861600676716
578.888 39.39588242692482
579.898 37.6463761555843
580.9 37.59526098104909
581.908 40.147573011925104
582.918 28.711461121223127
583.919 33.32004830006848
584.924 28.190555587530337
585.928 38.314294317847
586.938 33.554854544748586
587.939 37.98485506207807
588.948 32.926992788135486
589.958 34.784370950773805
590.979 22.086442558032097
591.988 17.850167401505466
593.007 20.29351165455201
594.078 14.82687598700006
595.087 13.663091097448628
596.098 21.553775787274102
597.108 20.474344926721287
598.118 24.528530437269318
599.127 29.52990656545349
600.128 14.88295490736392
601.138 14.181280850646731
602.158 26.159504586955723
603.228 7.688938497754743
604.259 15.096901289271248
605.407 8.021699052616162
606.417 28.399897801581137
607.418 15.327222218031501
608.439 12.849159207011063
609.447 12.665280889116403
610.457 13.429409037956974
611.547 4.691911143807196
612.548 25.10110305271825
613.558 44.78272111746672
614.559 40.575764860693525
615.56 33.709106953708655
616.698 28.999103632899455
617.7 48.20300320743239
618.707 20.627022383155694
619.718 26.172442027404266
620.72 29.292379387788746
621.727 29.238616991473293
622.728 22.879766499380356
623.757 20.312384999978253
624.767 9.558041673645151
625.787 11.771777064130076
626.807 10.02781009166636
627.817 7.485244381812083
628.837 8.937830733876538
629.857 9.373822476992467
631.167 7.708651655236527
632.168 11.328816422023284
633.187 5.455245068427959
634.207 4.359917431159287
635.217 5.724010409621005
636.218 16.21575683936666
637.219 31.190942679646948
638.227 42.7946657379861
639.237 22.98745071160212
640.247 10.347249586622585
641.309 8.165608070222055
642.337 6.056383357680411
643.347 12.989100544909203
644.367 13.297748165035825
645.387 13.170265199212455
646.399 28.343771521340862
647.417 30.505934871337825
648.427 21.96070795369102
649.429 35.727826374499905
650.447 29.79653537048284
651.607 38.991852007449474
652.627 50.35704632988977
653.647 32.353901896313324
654.666 20.511721457289127
655.687 12.41359448812933
656.767 14.08566371769416
657.777 17.40942252739422
658.787 17.612339721910782
659.887 28.383757838478722
660.897 28.42804438017537
661.899 33.286794758850846
662.907 35.386160121139945
663.927 26.159504586955723
664.937 18.804520027648312
665.938 36.65205313007533
666.939 47.18456586367982
667.947 38.16225346737936
668.948 38.299219650328226
669.949 38.52135330566202
670.958 39.2262937959009
671.963 31.7305482480537
672.966 35.913896127854464
673.987 30.362172216784984
674.997 22.235578898912365
676.007 24.21696711762733
677.016 41.52151783330479
678.026 36.196705503035204
679.027 35.09711754273879
680.036 31.604758165801748
681.037 41.98326085808628
682.038 48.29523414034877
683.052 45.26392080434789
684.086 52.90089370534276
685.097 48.47734593615874
686.116 50.497066163235374
687.118 40.25820456175715
688.119 53.97847824611093
689.127 48.40103269093984
690.128 46.29603124234466
691.136 45.533348904373774
692.137 46.87020127542966
693.138 43.630427378339185
694.146 41.562709815282275
695.166 38.149277522643764
696.167 40.9648235143337
