0.0 47.00813328926819
6.115 0.3709203612361533
28.972 0.5029808578935324
29.982 54.652132258118904
30.992 44.05664497575784
32.002 24.29912671818481
33.023 24.4166328958985
34.172 36.24669526666902
35.282 37.16527622354728
36.422 43.16272647685497
37.423 52.22993767410868
38.432 70.00273308963293
39.438 54.7240206315336
40.592 43.233870674477714
41.593 76.75293177074671
42.652 46.12188473178697
43.832 50.09377247145603
45.003 52.766877827823286
46.004 61.92644822923587
47.011 43.75952010970376
48.012 45.024077201524946
49.013 36.95148875585554
50.211 38.77759920660308
51.291 52.76189837678442
52.293 59.07303646272822
53.441 46.071835206078475
54.561 52.95171259720712
55.562 58.063997482094265
56.572 61.57995613765959
57.621 49.785766775519505
58.622 69.49216607950731
59.641 49.308459766489584
60.652 46.805528960025356
61.653 48.7790686164362
62.831 47.972030136606946
63.882 51.94081885966515
64.891 43.16979271147587
65.901 24.014162512546736
66.902 32.91989674318278
67.911 26.988803855528772
68.912 40.125065714272125
69.921 40.71509416646583
70.931 50.00539270288259
71.932 42.19044237775725
72.941 37.08343368312262
73.951 36.00938739374185
74.954 58.8976105390045
75.961 29.65363043003619
77.031 52.50342095728289
78.041 60.273065277715816
79.221 39.546393705822794
80.231 51.5644032247332
81.232 68.47662698482596
82.251 38.327385090835776
83.27 35.963467891890154
84.396 33.12985674008893
85.401 71.53790506383704
86.411 46.75523818432079
87.412 44.89227701669159
88.421 56.74843775112956
89.441 48.40627772020964
90.45 53.84095276082671
91.451 52.530740824174316
92.461 54.86746596040721
93.462 51.333060235867016
94.551 54.35857065914553
95.552 58.47032376020591
96.553 67.5258124300208
97.661 56.589401250940284
98.662 70.07869764706058
99.663 69.13535130839499
100.811 58.933962862786046
101.821 62.454175331290955
102.921 57.84518428121709
103.922 73.03694104011983
104.931 75.11823827477998
106.121 59.17808042091517
107.131 79.60877378844697
108.24 59.56230226561698
109.241 71.86443110620883
110.492 53.91873335584472
111.494 105.9657671241567
112.501 27.352827653600933
113.503 62.60864923557625
114.505 73.63427507562908
115.511 75.93123223035964
116.512 72.95548216407906
117.513 94.97579405217104
118.515 75.77786276651928
119.52 94.03245555740298
120.521 63.57678569577986
121.67 67.18637458548613
122.671 81.5429626224815
123.672 58.48235588620853
124.674 69.220266725738
125.681 65.67846090017252
127.071 73.38533282741493
128.072 77.75906644510418
129.073 67.54655747485292
130.35 13.444805506388942
131.351 116.17598516790015
132.421 68.34959467048337
133.422 89.29994978610503
134.431 71.28215820098085
135.432 78.51584568057963
136.441 63.567739293672695
137.442 86.65122246194092
138.45 72.98804324069681
144.368 0.3833324334897883
145.481 96.77430245779514
146.499 33.67240143975454
147.502 65.51969020555754
148.503 57.1613114312996
149.562 65.08862644828774
150.571 71.7705252032688
151.572 62.27289047793214
152.573 74.1643650765957
154.315 16.90874109819369
155.321 98.8239674243226
156.331 21.28116525606885
157.451 21.719532940578638
158.481 28.86162539440672
159.482 28.288772934861978
160.483 34.672023229703015
161.511 32.84038295052842
162.682 29.695611525479485
163.701 35.998519077943484
164.791 35.507722579127226
165.792 33.33106353175526
166.793 36.7779218807602
168.001 26.41816453649581
169.072 33.467886819600906
170.082 30.85138449698076
171.083 35.33102415386979
172.085 31.240839052595472
173.201 24.95454989352049
174.281 32.31272270351908
175.302 24.706476466521192
176.303 30.180721023550646
177.451 24.46962536057115
178.452 29.702201989423248
179.453 25.838229938993962
180.48 16.454512644654372
181.541 18.29973000465907
182.601 25.590375058354827
183.602 22.696323749021076
184.66 23.15379028812452
185.802 26.80144610685243
186.811 26.09286326817199
187.813 31.31005835218529
188.961 22.703689083230977
189.962 28.774068683634532
191.06 29.549832469153902
192.121 28.020311720288987
193.201 29.5638192225865
194.29 30.124696829749496
195.341 27.26607541671056
196.411 23.637032300303904
197.6 26.971541683231614
198.601 32.95654632238619
199.602 29.26876885273098
200.603 20.23692953402469
201.605 30.592719822304403
202.8 26.58032689068934
203.802 34.05451377544297
204.803 24.349703822140444
205.82 28.515084443412764
206.92 23.039203382018183
208.071 27.700950284153656
209.25 29.604607140088646
210.252 41.22939360083491
211.36 27.03538416235507
212.361 33.260668679624956
213.37 35.27728331681868
214.47 19.62442655334461
215.48 22.747380796093122
216.493 14.531679730076725
217.5 15.488900908810653
218.501 19.258731520041138
219.52 19.908258534430615
220.523 32.31408360192419
221.59 26.739798181187354
222.791 30.242551736190467
223.981 28.542200097249253
225.081 29.585209617591055
226.083 33.8008478392216
227.084 26.468187800395782
228.09 27.27405539344714
229.091 27.35082030785273
230.15 28.24735689266656
231.151 27.166051108548046
232.17 22.351108830651366
233.171 32.59060373154772
234.18 25.6122384783541
235.3 24.507340231558462
236.31 32.95099089523184
237.38 31.181418428120235
238.382 41.58131817275628
239.39 36.18026866417194
240.48 38.99104094710939
241.59 40.2973559903924
242.76 36.14738315810309
243.77 46.3606034771067
244.771 27.90941521503208
245.78 30.594244399872032
246.781 28.53384106447867
247.79 32.2882992899324
248.8 38.5944883645615
249.81 34.12847619002874
250.812 50.209414061148294
251.813 50.16096520285266
252.82 57.73673200502958
253.821 47.82106244608924
254.83 43.77911463313766
255.84 37.04000108407022
256.849 43.92057171515372
257.85 33.02279216555007
258.9 35.56052520184447
259.901 42.75802680436385
260.91 33.51627298929582
261.919 42.982097960556416
262.93 30.67188639569053
263.939 40.16667669676451
264.94 32.583412116005924
265.95 38.81434530820914
266.959 33.03372734676385
267.96 36.32540330282239
268.989 30.864542617683895
270.71 0.11010697888240434
271.719 98.42339543974904
272.72 50.13662435024965
273.87 40.64424852384322
274.871 53.6206854796535
275.89 55.26009681542116
277.139 63.95047310335565
278.14 45.025598504812635
279.15 40.22806383488114
280.159 37.53895018389206
281.16 25.76838828805918
282.169 26.710280211986003
283.17 34.43345521413372
284.179 26.847483977278007
285.18 34.622650023002585
286.189 27.80489185148561
287.19 36.892987729428995
288.199 33.15282021503731
289.2 38.80872346952514
290.209 38.94775844591035
292.448 7.274240427103729
293.479 20.790899496776486
294.48 39.541715053593116
295.489 35.602593444326025
296.499 27.880848535177822
297.509 32.25153329957475
298.529 20.36732038588103
299.539 26.063739120005177
300.54 24.38815130522929
301.541 32.344014298643344
302.549 32.315524437073904
303.559 18.345241049663155
304.568 16.51713808091251
306.173 1.4131950211583038
307.188 25.20592806483419
308.219 9.00079163938801
309.228 9.947821798731399
310.238 9.395594710857605
311.239 13.811221047427262
312.249 13.313132931801205
313.269 11.312062242377982
314.288 15.425782438912702
315.429 8.323908936650831
316.448 12.266284830942633
317.458 13.125624017268796
318.491 10.095564486738429
319.499 9.394047801474974
320.508 7.348084853978521
321.518 8.062883324893688
322.538 11.346536168056046
323.558 7.6124942654776016
324.578 6.504848016408971
325.588 4.646465419396354
326.618 6.4353787657482915
327.648 5.332170977334299
328.668 5.013105979704762
329.698 4.145765623005557
330.718 7.241153081795767
331.748 5.699906906805631
332.778 4.178964005527275
333.839 3.6312405421009766
334.859 4.08876161031421
336.108 3.389473469105782
337.248 2.824147423264476
338.288 3.6420000707256817
339.318 2.6492846877958356
340.498 2.7284136123063583
341.528 4.596699118391637
342.538 3.2602975446403044
343.548 4.687722863310284
344.588 4.370400084870818
345.598 4.072287902600834
346.618 4.827435387863845
347.638 5.013105979704762
348.648 2.7894692395095784
349.688 3.277800063653114
350.708 2.39010169760128
351.718 4.312705034245461
352.728 6.534164813358612
353.738 9.723461175449362
354.828 8.433450847822654
355.859 9.077194707218476
356.881 7.041675283516582
357.918 4.326172849580644
358.947 4.233072968501376
359.978 4.224861381753556
360.988 3.9464595520593475
361.989 4.351480603983932
363.008 5.575584014064832
364.028 4.858787658854526
365.068 4.916700095479672
366.098 3.727482826891022
367.108 5.489296059352346
368.118 7.875374410361276
369.128 10.015689980846368
370.138 12.765409523561793
371.298 11.991123842143223
372.308 7.6878654958288655
373.318 6.451924061370713
374.327 7.883179538617334
375.347 6.681698272169846
376.367 6.051938370019368
377.398 6.103195431020772
378.478 2.995913833357722
379.498 3.899082428659259
380.52 3.706144886061359
381.577 1.8713440918434914
382.617 3.0957000601168296
383.648 3.122723629991758
384.677 3.25458518246303
385.688 5.245056481678134
386.717 4.004360025250285
387.737 5.19877657154568
388.797 3.4307958130657843
390.088 2.9339117533343995
395.346 0.32416432732971073
396.356 9.190815238407733
397.366 11.592245196454403
398.396 6.619246730483957
399.466 4.424859899012511
400.486 3.5277412449774253
401.496 9.000427897555745
402.498 14.553461360464702
403.706 11.570739375969753
404.707 9.459740443443328
405.716 8.070874289536793
406.736 4.2704236123410935
408.106 1.3823649903484339
415.975 0.048134198418537416
417.015 0.3642000070725682
418.035 0.9283529592045856
419.315 0.5918250114929234
420.454 1.1639052025848535
421.515 1.2494703352913743
422.555 1.2747000247539886
423.892 0.8498908168035997
424.912 2.0423765102500884
425.952 2.003100038899125
427.211 1.2033931925511385
428.376 0.9753682592844745
429.492 0.8484946401332234
430.531 0.9113763410863112
431.572 0.909625377894983
555.273 0.004592945982920157
