0.0 32.293929617034124
1.001 32.42920831070933
2.002 56.913536918257186
3.011 51.131750624729456
4.012 49.230252419419934
5.02 52.64235895954732
6.03 49.832275241475806
7.031 51.54039598436764
8.041 56.19824494135169
9.042 54.060552600674235
10.051 48.21487956254572
11.07 36.395039191408586
12.071 37.172310090522224
13.08 36.33904738079769
14.11 42.74165637046924
15.111 43.05267552857093
16.12 45.92305229940137
17.121 45.45001749496005
18.131 41.4201879382555
19.141 36.09492647803428
20.15 42.172789505165134
21.151 51.033171480208466
22.16 44.04792090228326
23.161 36.83948238924586
24.17 42.502978334677174
25.18 34.22165164665589
26.19 28.307264118606774
27.191 32.21919525935044
28.201 49.20785029768301
29.202 54.69059175475089
30.22 56.58263226758956
31.222 50.859087995637886
32.24 48.202083126641696
33.261 47.85410043390682
34.27 45.92305229940137
35.271 55.02341945602725
36.28 52.79853408883443
37.29 49.62413359354488
38.291 52.59046124116205
39.3 50.09001095966383
40.35 48.13411529361982
41.351 54.39338030195059
42.352 41.2497564677824
43.36 40.96329982564502
44.361 48.93304096661965
45.362 49.020239368061056
46.37 49.93114880346287
47.371 49.020239368061056
48.38 44.04792090228326
49.39 49.12142891169999
50.4 45.66944228285716
51.401 48.60021326534329
52.42 42.37783494008082
53.43 48.080720672045324
54.431 45.45001749496005
55.44 39.04757050996829
56.441 43.89272773400646
57.45 39.67261430900766
58.451 42.509834775935694
59.46 47.086632860965885
60.461 42.71984782729457
61.462 42.71984782729457
62.47 47.428493274769515
63.48 45.791162544805076
64.481 37.25950849196363
65.49 38.12767174140158
66.491 35.369391029733684
67.499 38.87775355173389
68.5 45.99285824759529
69.51 43.79616745147877
70.511 46.50008275175446
71.52 47.173139897480105
72.521 49.98310622341406
73.53 44.67296470132262
74.531 47.13012190583111
75.54 54.465317552939425
76.55 56.076524679403775
77.6 54.74112588937026
78.65 59.94664938905243
79.72 58.62968111597646
80.73 61.40178613962499
81.731 51.33053645132116
82.74 51.75679442376882
83.752 47.44875917527461
84.819 35.93990939316476
85.82 53.1333019937973
86.821 52.380448189803175
87.839 50.473195791691325
88.84 53.640526497956465
89.85 54.411391495956316
90.86 55.86838303147284
91.94 51.46868018902463
92.941 53.97335419923282
93.949 48.26271178433396
94.95 49.440265470778826
95.951 48.39020021398441
97.04 46.989430901314535
98.041 47.042923504389705
99.049 43.04884609955615
100.05 45.02999139224229
101.059 51.6702873872546
102.06 50.07030462485547
103.069 53.423577887873805
104.07 53.640526497956465
105.071 53.85053954931536
106.079 44.50872849129394
107.081 53.290078203793755
108.089 47.845450077338725
109.09 46.920108854472225
110.099 36.54739531381081
111.1 46.83291045303082
112.109 40.29765810804703
113.119 44.00430909940971
114.12 48.93304096661965
115.139 45.059777861899406
116.149 45.253158986995295
117.159 43.79616745147877
118.16 47.042923504389705
119.169 41.547745706125774
120.179 46.50200887458089
121.18 52.17043513844429
122.29 55.380558925795825
123.291 58.80365438048713
124.299 53.47657746911178
125.3 49.6502785221377
126.309 47.79818369651947
127.319 46.710150522511825
128.32 52.71327589107954
129.329 44.256268835296375
130.33 47.76016105990776
131.339 47.173139897480105
132.34 45.99285824759529
133.349 42.1698957838733
134.359 30.477992840120375
135.36 45.572832144877516
136.379 42.377985746587896
137.38 40.199691210987986
138.389 35.002452746204725
139.398 23.00477966795779
140.399 33.392075166062334
141.4 41.879795621859046
142.409 47.79818369651947
143.41 54.183367250591715
144.429 43.821958051829284
145.439 43.58802580354784
146.459 35.65548053232527
147.468 23.83817140001029
148.469 16.17100495463396
150.174 1.4766916565045174
151.178 52.22883081332238
152.179 37.3823231418811
153.189 32.55651846320844
154.229 31.415250560990657
155.238 35.83584447825722
156.239 32.63922136206821
157.24 42.63264942585317
158.249 36.75574324682393
159.259 39.33877145894618
160.269 33.38908505493216
161.289 31.00073064841085
162.309 31.739560705075675
163.409 25.87945390475041
164.428 27.850945726577628
165.438 31.845672133432622
166.439 24.44871235907179
167.448 23.334968497469816
168.46 14.125660454443105
169.468 12.599870500453708
170.469 19.741226827734966
171.478 22.70992469843045
172.488 19.651736291490643
173.498 23.3118645682644
174.499 29.961094402305267
175.509 29.71267669312287
176.518 33.213828385600834
177.538 33.594470096930756
178.548 28.809816650124223
179.568 31.32735861799677
180.598 29.27105224321105
181.619 31.29667560270001
182.628 28.126970956771657
183.638 22.357577714592757
184.639 23.10143564947709
185.768 17.58038410487648
186.788 24.113822094115935
187.798 24.144431159988134
188.808 21.941294418730898
189.818 25.80956434343559
190.821 24.522530943168746
191.828 16.996379162931884
192.839 16.426925903470895
193.848 17.084530507076117
194.858 13.112923819648726
195.878 11.215030468623421
196.898 14.427073047761668
197.908 16.443190186543642
198.918 20.606023145162286
199.928 21.52501112286903
200.948 25.96873148597101
201.958 22.565719362523694
202.968 21.85487303274788
203.978 17.06761513033644
204.999 12.971648440592764
206.008 12.170687151275377
207.019 14.139632423240771
208.039 9.686749046354265
209.048 13.959311511879267
210.078 16.412748303555503
211.098 16.9002855702351
212.128 16.12390494020299
213.138 16.23504853861271
214.158 15.749253426491373
215.168 18.524606665852964
216.188 19.57959913624798
217.198 17.06761513033644
218.208 11.117928726322424
219.218 11.031507340339404
220.227 14.376007377905514
221.228 13.440835286968486
222.248 12.5721636559066
223.251 2.5102285885744786
224.267 3.194438055688156
225.278 15.387247048820841
226.279 14.070874441045135
227.307 15.541782971963377
228.318 20.879912997890205
229.328 28.931689062399567
230.337 26.668535425679792
231.348 24.206429333272734
232.358 23.728147864126267
233.367 20.088365509135937
234.369 23.91759415445861
235.377 24.8180006595424
236.378 20.248451331894135
237.387 27.08523129170604
238.407 23.787194124530018
239.408 28.981801087525803
240.417 29.58540648786352
241.418 27.388895078096148
242.427 33.12732134908662
243.437 28.18554385665886
244.448 30.982429868571693
245.457 21.9631923040128
246.467 24.76885610378093
247.468 21.42133123860603
248.477 16.54599374455097
249.497 14.427073047761668
250.537 12.734666401774245
251.569 10.592635028423022
252.577 10.774560154142458
253.589 9.919577412135533
254.617 13.087817239548107
255.647 13.674704189792408
256.667 9.480648002814812
257.687 8.244041741578098
258.718 7.22123458215451
259.727 8.750613186551181
260.737 10.823365692408474
261.767 7.143502188697527
262.787 7.62573861095974
279.574 0.3506431049911694
280.584 12.072215579994067
281.589 11.382418983080486
282.594 25.101261422118387
283.595 30.241879395679096
284.604 29.463565591364617
285.664 36.9705430001394
286.675 43.45857612437238
287.684 42.79783330420452
288.695 39.386196610661216
289.705 42.46089617791016
290.715 29.01811044838259
291.724 27.501927157732286
293.128 1.7932758364246455
294.134 33.10879450819453
295.144 14.153632059303387
296.184 4.851301486390188
297.204 3.297616696631239
298.234 4.898401500821161
299.264 5.918901813492236
301.714 0.9438586565357782
302.744 4.49020137575273
303.754 5.619824494135169
305.294 1.774610283982558
306.504 1.042428418563181
308.054 1.0057077746545415
309.094 5.457714172188962
310.104 5.8279661420661
311.124 5.358627132025763
312.164 3.840613676725565
313.174 4.579116254480508
314.194 6.389132349723026
315.214 7.007435480341383
316.253 8.29561659366689
317.254 6.090378489407596
318.274 5.564728175565215
319.294 6.268605423676561
320.314 12.984365742985505
321.324 11.434401407386998
322.334 17.497287655012574
323.344 13.945490411372456
324.354 20.692444531145302
325.374 19.37349809270853
326.384 19.565314905507623
327.413 12.547028696664315
328.414 8.190509002996421
329.423 9.37565698559055
330.433 15.818765242750846
331.454 11.11855580622237
332.463 9.37565698559055
333.493 8.452845864721116
334.514 17.089632072526978
335.515 30.241879395679096
336.524 29.046869725338368
337.534 35.800363444120336
338.544 31.93209351941564
339.562 35.811272831841485
340.564 38.39403272163093
341.573 33.63052425162709
342.604 33.03214009161893
343.614 27.1448356170042
344.623 31.46053788498163
345.624 27.59875461114263
346.633 30.62714615292914
347.634 28.43896033489056
348.643 33.75236514812599
349.654 26.823714449971465
350.663 17.796081342629705
351.683 22.465013745800317
352.693 18.1083233699911
353.703 16.945894868388525
354.723 16.694184526695647
355.743 8.037940698038645
366.069 0.2438271619543097
367.076 2.9275475673545945
368.116 2.829925867060943
369.146 2.857400875479011
370.166 2.6793135660128815
371.206 2.6277883051280186
372.656 1.5947956610432112
373.674 1.2390357430859027
374.706 2.037045197773658
375.716 1.8732748313783896
376.746 4.779044739105246
377.756 14.153632059303387
378.766 14.569915355165254
395.096 0.39907623984797835
396.106 3.746549662756779
397.266 16.56688315618519
398.268 18.252900802086835
399.328 5.330382897657895
403.821 1.1724616863371413
404.822 28.36527154494007
405.831 25.29660693110215
406.832 33.60208821742122
407.841 34.67226391669271
408.842 39.98967815962911
409.851 47.086632860965885
410.852 40.82973036506463
411.861 32.71062548306037
412.871 32.9728017590703
413.881 33.80536835079403
414.891 34.551513556534736
415.901 34.42979329458682
416.911 33.302663668949144
417.921 23.190144306316487
418.922 31.711970755191274
419.931 31.54704492149585
420.932 44.10274078536534
421.941 38.839222576955166
422.951 32.47009707722542
423.961 29.850677040106316
424.962 27.091683625295857
425.981 35.15721938133847
426.982 46.50008275175446
428.061 50.7370550013954
429.062 44.312753836724234
430.071 39.88096224202079
431.141 38.58986906175784
432.151 37.25735497963686
433.161 37.96820130941267
434.163 36.92540851916417
435.171 30.744123083480506
436.181 33.302663668949144
437.191 27.769260560796997
438.211 44.86057385046636
439.212 37.54029348533746
440.221 35.08895978271895
441.231 39.54691310687712
442.232 48.39020021398441
443.241 38.839222576955166
444.242 51.96042208708541
445.251 58.962465042713916
446.261 55.66024138354191
447.262 55.32063090882753
448.263 50.07030462485547
449.271 45.760056255640606
450.28 46.75644403145386
451.281 43.89272773400646
456.996 0.4405528039090467
459.646 6.063832450416565
460.647 21.42133123860603
461.648 46.50008275175446
462.656 53.80709386690705
463.657 52.380448189803175
464.658 51.12036988164988
465.66 55.685027613330185
466.666 57.13536996405445
467.667 55.7406570115453
468.668 49.020239368061056
469.676 57.769631787338184
470.677 53.85053954931536
471.686 52.38183822280819
472.687 51.33038293300877
473.696 46.75644403145386
474.726 46.41545749608512
475.727 60.48375879135819
476.735 49.09693029389841
477.736 37.04949544060475
478.747 30.358622555781658
479.755 28.65857680956938
480.756 32.34200990926792
481.765 34.04722011765333
482.775 39.96319640273898
483.776 39.779665108270216
484.777 47.13012190583111
485.786 50.29835889267696
486.886 47.4750959759843
487.888 42.42263637449429
488.896 42.840291472165035
489.897 47.340134957189996
490.899 53.49988166128901
491.905 52.329077238969404
492.906 55.7406570115453
493.916 53.16254160837072
494.917 51.12036988164988
495.925 44.717283118685046
496.926 47.88297570982523
497.935 41.33939777311265
498.936 46.71009580311335
499.937 42.212623323135396
500.945 29.49279531913383
501.955 24.76885610378093
503.396 4.96015557942277
504.405 6.75364089293417
505.406 15.33095274919843
506.415 30.83549408594226
507.416 35.789417132451455
508.425 43.00618123721764
509.435 39.54691310687712
510.454 28.555513727631183
511.455 41.582584169058755
512.456 46.08005664903669
513.465 32.58878458656147
514.475 39.33877145894618
515.495 28.527518125937423
516.496 38.6424014500344
517.505 33.42217631861396
518.645 41.01474201659339
519.655 38.71434651515338
520.665 30.891385279760982
530.833 2.2535714025094733
531.853 6.183031306183573
532.934 6.612011276547836
533.973 4.653638576935085
534.974 8.81563557107637
536.003 10.519046092750836
537.013 18.1083233699911
547.317 1.7341770647195776
548.318 7.350456797560891
549.327 8.333917320524936
550.337 9.452795542874966
551.357 23.90772105057648
552.387 27.55350844211903
553.407 17.604162818346445
554.427 24.938226268273745
555.437 22.479297976540675
557.276 5.305898076516562
558.277 19.53121377637608
559.287 18.31646501792203
560.297 20.48430288321437
561.307 22.479297976540675
562.316 15.626094975984254
563.317 15.33095274919843
564.327 14.44819509321734
565.347 20.610104353945243
566.348 16.591031057351724
567.357 21.337996203852803
568.358 18.271135468222788
573.745 1.639014053319128
574.925 1.0689308359842786
576.065 0.7376247874043561
577.264 0.5259959910181189
578.544 0.6569470762820047
579.555 0.6238073127900341
580.824 0.6626416529873648
581.825 0.6300391540766477
583.111 0.6538820043864432
584.124 0.6225757090135483
585.15 0.6152870177860726
586.425 0.6595233393262478
587.595 0.5390334984877987
588.864 0.6626416529873648
590.144 0.6569470762820047
591.164 0.6183031306183573
592.184 0.6183031306183573
593.464 0.6569470762820047
594.544 0.5839529566951152
595.744 0.7007435480341383
597.064 0.6370395891219439
598.344 0.6569470762820047
599.624 0.6569470762820047
600.904 0.6574607174675262
601.912 0.6256638821733377
603.184 0.6610788189001304
604.464 0.6569470762820047
605.764 0.6468401981853584
606.864 0.5733356302097495
608.144 0.6569470762820047
609.504 0.6183031306183573
610.555 0.6000658356143906
611.664 0.5686827711728805
612.704 0.6064126857987735
613.824 0.563097493956004
615.104 0.6569470762820047
616.385 0.710813404599295
617.664 0.6574607174675262
618.944 0.6569470762820047
620.224 0.6569470762820047
621.244 1.5809046136653306
622.264 0.15502775862726356
623.464 0.7007435480341383
632.968 0.022119430177845276
633.97 13.847028194686565
634.978 20.646908111720148
635.988 17.275756778267368
636.998 13.615476351166174
638.008 24.144431159988134
639.028 16.281982439616744
640.289 14.40639900009803
641.298 31.252189951968507
642.318 30.58852856133195
643.328 34.551513556534736
644.338 28.393685504589794
645.348 21.64673138481695
646.358 18.524606665852964
647.368 12.280357227924997
648.388 6.595233393262478
649.398 8.620228951151237
650.438 13.138941525640094
651.468 8.776302688971246
652.479 6.446008898830351
653.988 1.1145026608892856
656.799 2.3931476560397464
658.048 15.386376670276078
659.059 15.803118590680862
660.068 25.001751961574808
661.069 31.169130002556034
662.078 34.169061014152234
663.088 28.601827152520723
664.089 28.771788036166917
665.098 21.668185033364832
666.108 18.194744755974117
667.117 18.959661904194224
668.137 19.57959913624798
669.138 24.238699307712906
670.157 21.661846676227043
671.158 20.791292084529378
672.168 19.651736291490643
673.187 22.074453279583746
674.189 19.741226827734966
675.197 18.856509322187087
676.198 20.581279033170492
677.208 21.02230644102415
678.217 14.670862347432857
679.228 23.912613656951308
680.247 27.64464242489927
681.257 12.991203557700812
682.267 7.70124097344449
683.268 9.240574259790835
685.173 1.3216584117271402
686.178 55.36961364813675
687.187 23.334968497469816
688.197 18.194744755974117
689.209 27.42039970568367
690.428 23.967258781329676
691.439 21.52987993334695
692.44 22.471396495400437
693.461 22.32260191591472
694.467 30.091571844010712
695.477 26.433989287228382
696.507 20.086549429171374
697.527 13.190466786524956
698.537 13.32106546757966
699.558 10.089059898238819
700.628 10.298023316986361
701.638 19.149031609645757
702.639 23.941487854912616
703.648 23.213127600970914
704.649 36.542270936445576
705.657 34.289551749129416
706.658 40.11249280954658
707.659 39.35963900555245
708.667 45.13439237346727
709.668 47.46294960710746
710.688 39.65697447706786
711.697 43.00618123721764
712.698 41.79259722041765
713.707 24.879911065075902
714.708 30.241879395679096
715.709 28.43896033489056
716.717 41.502370850831404
717.718 33.689286618862624
718.727 33.63052425162709
719.728 35.70221873101004
720.737 27.796782127259632
721.74 32.90630220579054
722.808 4.133599581100254
723.867 11.712144287256136
725.758 2.5569172297385268
726.777 5.7764924469938785
727.807 3.35034430136574
728.817 9.574515804822878
729.827 13.112923819648726
730.837 13.112923819648726
731.839 15.105848939658072
732.85 11.10693176417967
733.858 12.304723016075643
734.877 9.077345273847524
735.898 10.70675744302895
736.926 9.611365785293142
737.946 7.007435480341383
738.958 9.971054438430425
739.967 10.920599553196638
741.006 8.700280817748204
742.007 8.374730977872634
743.027 4.559533612337711
744.037 12.280357227924997
745.038 24.44871235907179
746.058 31.53345966153622
747.067 31.33869698848273
748.068 46.41288435031306
749.077 31.963740787522095
750.087 23.3118645682644
751.096 15.626094975984254
752.097 17.098255561510896
753.117 21.434508528103052
754.197 23.828240238789174
755.217 10.92335530759098
756.226 8.958961119564306
760.336 0.6125934974063753
761.366 42.74643064093789
762.646 0.6569470762820047
763.676 4.694301438286946
766.316 1.9907487160060748
767.426 10.63093133635073
768.446 4.311248144681997
769.447 5.267520334960512
770.497 6.590618933808128
771.506 2.291827263144357
772.526 7.213536523880834
773.746 8.342616960274132
774.771 6.973252868242156
775.786 9.734467021952069
776.818 13.037089265751408
777.837 12.171894799022816
778.876 7.486288145504269
779.886 9.158232508961015
780.896 8.203945655289374
781.906 10.198940748615676
782.946 6.26626441992066
783.969 5.959402607914959
784.997 7.770891485981688
786.026 10.623517346290145
787.037 9.35710969185051
788.346 4.884744999221392
789.426 11.28975716277223
790.446 6.8013344368019295
791.461 8.052101127527354
792.476 17.008973546008825
793.486 19.027311347697843
794.506 12.778264699446051
795.516 20.606023145162286
796.526 11.239648988270337
797.562 10.754654839520075
798.716 5.722877466690065
799.717 18.271135468222788
800.726 41.669586602624676
801.727 45.029530837305096
802.736 34.67272082005457
803.796 44.903488826940965
804.797 50.823158428849595
805.816 41.140015130010696
806.817 44.18993918680675
807.826 39.794455205506566
808.846 33.267842127344835
809.856 26.017705991366523
810.866 15.905186628733862
811.876 22.895581272402538
812.885 30.83549408594226
813.886 22.978620999559613
814.956 43.89441959189411
815.957 48.93304096661965
816.966 45.08966056734887
817.976 48.37528370595928
818.977 45.659569991381744
819.986 47.71167666000526
820.996 37.55237446453311
822.026 38.659655119784944
823.036 43.085321121702954
824.045 40.50600604106016
825.046 41.2497564677824
826.056 36.424788387913125
827.066 34.01305354774266
828.067 37.3823231418811
829.086 40.521557644496866
830.145 36.80679777517168
831.165 36.47988470648308
832.336 22.156039728695603
833.337 25.411579214424798
834.345 31.700303363449112
835.356 14.018032557199831
836.375 10.315165083917638
837.415 7.074814667652357
838.436 17.295531254123684
839.445 27.588434194246506
840.446 25.411579214424798
841.486 27.372499322332164
842.526 30.118496728005752
843.538 14.125660454443105
844.545 20.127805147195662
845.555 12.48849887585593
846.575 11.74775948174879
847.59 11.598513898496082
848.675 21.58713893952042
849.676 37.172310090522224
850.677 34.52933882429815
851.678 36.752283987804454
852.685 20.545328611764162
853.695 21.02230644102415
854.705 26.433989287228382
855.795 6.750281884732526
856.815 8.329615859071087
857.835 14.633174091301122
858.845 10.407082396546608
859.848 12.575656893932692
860.855 12.1081804724866
862.095 6.8517807873004095
863.096 28.561774984808036
864.105 37.58913497887643
865.106 42.212623323135396
866.125 34.125702872946704
867.135 38.08992157136059
868.145 26.936693969073268
869.146 26.881670573936972
870.147 31.79916915663268
871.155 42.545143987786965
872.165 29.01811044838259
873.175 21.02230644102415
874.305 14.402178371178266
875.315 26.017705991366523
876.325 34.551513556534736
877.326 28.228947283531674
878.338 30.951814819294448
879.345 27.643227509428723
880.355 35.38408014825847
881.365 30.891385279760982
882.375 33.51080531688008
883.385 28.601827152520723
884.395 23.728147864126267
885.396 18.98837302374084
886.405 25.626795760614176
887.406 29.401827190243566
888.415 29.255217658351494
889.425 30.388680597916096
890.435 21.733152770799965
891.436 20.37126598181161
892.455 20.011420262800222
893.465 18.819169699766913
894.484 22.074453279583746
895.495 12.892017797660703
897.6 1.1960851659573406
898.624 16.51371899535631
899.664 7.68122735345113
900.684 16.694184526695647
901.704 8.244041741578098
902.716 11.21743624323423
903.914 9.373212031373663
904.924 12.904782171717795
905.934 9.782657452753812
906.945 10.188852775570556
907.954 23.334968497469816
908.98 10.534758172285736
910.054 6.850844743350514
911.064 14.986198651027117
912.065 19.3212007250172
913.074 17.796081342629705
914.104 5.102501563355376
915.134 10.613203251779181
916.144 11.447790636201269
917.146 11.748993619734055
918.155 20.001401569259844
919.176 13.263037925659455
920.185 17.101479446071234
921.186 28.771788036166917
922.194 35.54087951347609
923.284 29.58845362808238
924.295 33.26972334880182
925.304 40.50600604106016
926.305 44.312753836724234
927.306 33.89929967022151
928.354 34.38495192175014
929.355 35.70221873101004
930.364 30.088609390403988
931.365 46.622897401671935
932.366 41.45976951914128
933.374 39.50341743390723
934.375 48.09298876118412
935.376 46.920108854472225
936.384 48.471266411725075
937.394 43.379884155616914
938.404 38.08992157136059
939.414 34.84607659044869
940.415 46.20287129895418
941.424 41.13120214122015
942.434 30.475101983899112
943.464 27.96170856718746
944.484 13.808769917143312
945.604 11.152184285756336
946.605 35.91223178236892
947.614 38.2141787779158
948.624 39.75505475480804
949.625 41.879795621859046
950.634 34.67226391669271
951.654 37.510389924180345
952.674 28.93972021301633
953.675 39.06242755275216
954.684 34.04722011765333
955.694 33.51080531688008
956.713 13.082766101754723
957.724 11.852338943010647
958.744 27.411438790747173
959.745 26.96886897537838
960.754 39.37775933948032
961.755 47.13012190583111
962.764 34.67226391669271
963.765 48.93304096661965
964.773 28.241467554787153
965.864 42.2787687494828
966.874 47.664437376183464
967.876 36.17330606627184
968.884 44.09161923651171
969.886 43.42931570151695
970.894 46.80282939259617
971.895 51.54039598436764
972.914 33.627438173571505
973.915 46.71009580311335
974.923 29.909904573916055
975.924 42.212623323135396
976.925 52.16905347363272
977.926 75.48326550409183
978.935 53.63192582088692
979.936 60.99098329551737
980.944 58.06477927171625
981.945 59.94091803872295
982.946 59.520891936005185
983.953 62.088913336330265
984.954 44.60996528952452
985.964 53.49240351824957
986.965 56.160683114263065
987.966 67.50138788764272
988.974 53.05946821432955
989.975 49.6502785221377
990.984 55.71540515101817
991.985 67.50138788764272
992.986 64.1411790659006
993.995 56.34044895005753
995.004 49.673315093637584
996.013 44.4646167683095
997.014 52.50326283972065
998.015 66.24130957948944
999.024 64.25767040455622
1000.034 50.87298348113047
1001.036 48.13194977840064
1002.054 39.3218741039182
1003.163 49.17498582695707
1004.173 59.944794604108466
1005.175 46.243872026043896
1006.184 50.29835889267696
1007.186 48.39020021398441
1008.193 54.5734909740972
1009.194 67.08136178492495
1010.203 64.0493224715431
1011.213 47.12643381837369
1012.214 52.29324978836177
1013.215 49.6502785221377
1014.216 69.60151840123154
1015.253 77.2028309311258
1016.254 66.03129652813054
1017.283 60.14855834446438
1018.343 57.39787850415344
1019.344 59.22368048320489
1020.363 56.200156152530454
1021.364 45.87004359767782
1022.365 54.69059175475089
1023.373 65.15563660301407
1024.374 62.46107465502954
1025.383 57.173840682110026
1026.394 40.8417470071713
1027.403 48.961764258083996
1028.404 44.60996528952452
1029.413 39.464266375994534
1030.414 45.362819093518645
1031.434 38.21426717229169
1032.543 26.996357751214735
1033.544 29.19181413888468
1034.553 28.960362688824148
1035.573 26.672608734082353
1036.582 31.877233751007882
1037.588 44.17927653121651
1038.593 52.79950032957582
1039.594 39.569652056911345
1040.603 41.8779345356378
1041.612 34.88061184970583
1042.623 36.804631454612014
1043.634 38.34651775601115
1044.635 58.68083973056965
1045.642 43.71788089531611
1046.643 46.83291045303082
1047.662 24.223144392385773
1048.682 25.1443273118132
1049.692 22.982002658385554
1050.702 23.520006216195338
1051.712 24.76885610378093
1052.742 26.209551305197824
1053.744 26.645039101896877
1054.753 27.588434194246506
1055.773 43.28121914328501
1056.782 28.838521792325245
1057.783 25.201566163065912
1058.792 26.338346596167764
1059.793 52.71327589107954
1060.794 58.47098019752317
1061.803 50.29835889267696
1062.804 52.380448189803175
1063.813 55.08746763068694
1064.853 39.099285380579744
1065.883 59.53566311294764
1066.912 60.965751986486694
1067.923 59.67756625691326
1068.934 48.95124207344174
1069.953 45.67868776693446
1070.954 47.97017411126664
1071.955 50.28031767621435
1072.956 61.83103550095289
1073.963 53.6517651970527
1074.964 49.230252419419934
1075.973 52.38183822280819
1076.974 65.19124432269501
1077.975 80.31172346559738
1078.993 72.65552831352908
1079.994 82.62232758548227
1080.995 71.28162281210261
1081.996 79.8921579178168
1083.123 71.970095231409
1084.125 79.47213181509903
1085.134 79.46706951451424
1086.142 67.65829213170744
1087.143 46.50008275175446
1088.144 51.54039598436764
1089.145 52.800474292520946
1090.156 60.3013735697033
1091.172 60.50435079491473
1092.192 63.44416860159788
1093.193 83.6723928422767
1094.194 75.69189689063916
1095.195 67.50138788764272
1096.202 51.65082672211767
1097.213 58.10041599436224
1098.222 53.00688202184756
1099.223 72.7517141716148
1100.234 86.79555238270382
1101.242 77.12984322129445
1102.243 86.61257556130104
1103.244 90.18279743440205
1104.245 82.70952598692368
1105.254 85.71750750490793
1106.322 88.15007583432926
1107.323 91.23286269119647
1108.324 94.38305846157968
1109.333 86.22071040744841
1110.334 96.48318897516853
1111.336 83.04658846480147
1112.338 90.51240155754185
1113.343 77.27323021614126
1114.353 81.76436876089144
1115.356 93.98526266762813
1116.402 79.75421100013511
1117.403 94.17304541022082
1118.462 89.29624846070267
1119.463 92.91296710206751
1120.464 91.86290184527311
1121.465 80.60939547333486
1122.482 90.62437346266334
1123.532 79.04996054982936
1124.533 94.59307151293858
1125.542 90.09281409818354
1126.543 75.56908224072167
1127.544 81.57226232868786
1128.552 73.08071244387637
1129.553 64.35119211725949
1130.554 54.27056565203312
1131.555 64.77121821997726
1132.556 67.92141399036048
1133.562 69.67352489905892
1134.563 59.94107155703534
1135.572 64.46601833756934
1136.573 58.89085278192854
1137.574 61.83103550095289
1138.582 58.690443153889596
1139.592 72.51971486594742
1140.593 76.53194909607468
