0.0 67.34384874928604
5.515 0.4287214190984574
7.064 10.910652881778404
8.126 6.50624456480119
9.164 10.531398409766368
10.165 13.403952144220836
11.364 20.465263819960537
12.444 23.38647051662446
13.475 29.569287997990916
14.554 38.70234866541795
15.555 47.28066612919852
16.556 53.29676640323279
17.689 41.88865617927427
18.834 42.25817059923236
19.925 51.20688392734827
21.034 61.614087947644784
22.035 54.289934742265196
23.174 55.98244915289331
24.175 72.4423243349851
25.184 54.52126234689248
26.194 42.47600044695617
27.195 41.422717352902474
28.215 43.986692715835446
29.216 50.423801000382205
30.394 48.07531025985429
31.396 50.925087440151955
32.413 41.6604115822787
33.414 30.255808773315948
34.415 58.399134505284565
35.416 69.94505884380797
36.424 67.23667539973817
37.426 54.270039658684624
38.434 68.12187146225526
39.436 64.70150105596097
40.437 69.47089268513798
41.443 46.71889198402567
42.445 37.82516723935704
43.454 38.54445562453111
44.455 26.444026093098696
45.473 32.13509558695517
46.475 43.19136144975971
47.483 46.79273349925543
48.484 62.63202978795698
49.544 57.8581319911451
50.545 65.21608397707249
51.546 69.94217549836151
52.924 85.09237077136659
53.934 58.05206278813747
55.064 41.044983024127724
56.065 55.06887051462577
57.066 63.604726374319526
58.074 59.26561585376322
59.084 53.82073707311501
60.085 54.093867251906055
61.223 49.500979575950375
62.313 47.219232618818715
63.314 58.54575262123694
64.315 57.717511641741936
65.363 67.17725053508298
66.374 56.69155715524642
67.533 57.33024078269486
68.534 58.189659458599394
69.535 62.896000063580196
70.543 39.685073224241115
71.545 39.493518682675955
72.563 50.11179300002858
73.564 66.85786087428558
74.565 38.34344858335784
75.573 53.88514708107736
76.593 43.19651684314989
77.594 56.584356881284
79.053 69.03131545881541
80.054 62.56138782451876
81.055 64.94274282874828
82.063 72.96589681811247
83.064 73.27935951809181
84.153 53.983874904299064
85.154 60.12150090772615
86.164 48.67039038831392
87.165 37.45335984403631
88.313 39.315816398013986
89.314 62.124560989380406
90.323 26.500099875083944
91.453 35.334719839507535
92.463 47.49760989702925
93.464 36.20717794207723
94.823 50.11178734095617
95.833 40.85185377974944
96.913 14.618347965885231
97.914 37.27473659362824
98.918 35.97020126508167
99.922 30.4778861073399
100.923 28.597020137968755
101.933 31.71236740974163
102.943 39.740084164412444
103.953 33.389523526542256
104.954 35.96786027002123
105.955 37.05646734333139
106.962 33.57655715134096
107.964 42.36016029315814
108.973 36.0086361755488
109.983 41.62205082493728
110.984 42.714888614732544
111.985 43.07934347916482
112.993 45.384659257698544
114.0 57.637444402858456
115.003 52.194221577590106
116.173 58.31378587821082
117.183 49.061317218742154
118.342 42.95550155323091
119.583 39.089910590500004
120.584 46.9385571919763
121.732 47.23471808555801
122.743 63.48717452156555
123.747 64.24935022950524
124.748 64.31446185596513
125.763 52.7032486339634
126.932 30.72944833296727
127.933 45.55801139221229
128.934 47.00516247178948
129.942 28.255979440187986
130.943 58.568242715719315
131.953 66.88920954806264
132.954 68.55456550225368
133.963 57.886908329602676
134.965 58.011036208191335
135.992 59.50746147156587
136.993 63.717753515820675
138.002 61.915614603654205
139.012 49.75215465482419
140.013 63.516640170930245
141.014 65.38894053658763
142.016 84.72032058631628
143.723 29.26740825796512
144.732 119.49058710594551
145.733 43.19136144975971
146.742 41.28365551662977
147.743 44.30130527937365
148.744 61.53289850376726
149.747 59.63400466646869
150.752 73.149530218939
151.753 66.50854357344721
152.754 70.24420593387796
153.762 59.73462803244767
154.763 43.50968278704865
155.765 72.30780850041413
156.842 71.5015270080051
157.843 63.899548446219846
159.046 1.9654186420016564
160.061 119.36591215851854
161.067 43.761655078205244
162.073 46.90853385593907
163.074 54.255622931452336
164.082 51.11717349661915
165.083 38.49972590655585
166.091 38.582694171777675
167.101 36.74712206025309
168.102 31.41376030461341
169.104 60.40038645309522
170.112 59.25903021267058
171.162 49.04403658723418
172.302 45.62646681868696
173.312 54.35040292121349
174.372 48.26972597298345
175.442 50.18652848255667
176.532 49.34643619677863
177.591 45.465053315192584
178.592 47.60230331375089
179.622 48.27161611182408
180.631 47.33858593809994
181.632 55.81104363254401
182.721 51.24566803895845
183.747 60.90435041403996
184.752 50.10076761676365
185.753 58.651427231849624
186.754 69.32845542008296
187.756 65.91950688895172
188.962 66.82684638177496
190.163 3.1231831290248224
193.681 33.292419397713815
194.682 35.89419079386423
195.683 45.119454549806065
196.693 47.35217323915202
197.694 50.144116492075796
198.701 46.83988192390967
199.711 36.26189270494086
200.712 46.74133636343859
201.722 34.59026496993361
202.724 43.148256298612246
203.731 33.3916894680462
204.732 40.82471150730713
205.746 21.061357999385592
206.751 39.12967313135897
207.752 44.28256353397167
208.771 53.592793453208046
209.911 43.57306694002556
210.971 38.19311163181383
212.091 37.54481145218888
213.112 46.680722426947575
214.114 67.77568037548178
215.132 62.745281394219056
216.133 61.536935187392295
217.134 56.037962919180245
218.241 41.10203594397033
219.331 46.39361230935472
220.341 43.19741476231879
221.351 31.351874575980517
222.361 30.86364468578562
223.37 34.04434151608332
224.381 26.354038051023977
225.382 43.585803106835144
226.391 18.31940044796098
227.392 47.72744050612717
228.401 41.6435044581774
229.402 45.71861373357999
230.403 43.78302393537285
231.411 36.35044817359455
232.421 38.7939154980763
233.521 34.42890491310155
234.53 27.58765605613648
235.531 24.551253974771456
236.532 32.146995051647636
237.551 28.47396410415566
238.56 29.34857027248562
239.563 26.96537663327687
240.57 25.931203634990325
241.571 39.83860736461854
242.572 42.0841567983199
243.591 41.847201828371645
244.8 34.65894143284346
245.801 46.9385571919763
246.81 44.98040257234583
247.821 41.48889654783959
248.831 59.616341640304206
250.041 41.92760162546978
251.054 41.88066134898313
252.261 32.519094364792366
253.271 42.03535046704366
254.29 32.35408659878734
255.3 9.333235193860393
256.301 21.102628653535564
257.31 29.324685227478284
258.311 24.633717654540146
259.341 28.236144401032185
260.382 22.567481147535197
261.39 33.9900685063264
262.48 25.838632269982778
263.49 34.401561077683745
264.491 31.949774223109923
265.5 35.24277197503486
266.501 39.44416570754311
267.51 32.479084434884086
268.511 28.412053527578486
269.52 37.174855678481784
270.521 29.721236527542665
271.53 29.039208881163074
272.531 41.41637399292026
273.551 28.36087640735127
274.56 37.76182708393149
275.561 24.39079580067607
276.57 40.69668411118006
277.571 31.152529207164328
278.58 35.41394146213265
279.59 29.53955150684616
280.6 37.13804889068131
281.61 26.537730680652242
282.62 22.087365919194674
283.64 16.064409899410805
284.66 14.04122010900731
285.675 19.061053042258937
286.68 16.697048951374654
287.7 16.64505122107626
288.71 9.98706603305614
289.72 15.050682971486635
290.749 17.650593334980858
291.78 8.679822192763181
292.79 4.6911219651386915
293.8 10.555024421562058
294.81 7.623073193350374
295.82 10.750487836776168
296.829 6.77620157100304
297.83 6.902728998820045
298.849 11.236748639099796
299.85 11.761021908829166
300.929 7.867447750462364
301.959 4.7917002273362455
302.969 4.300195134710468
304.009 4.176151044286128
305.019 4.166457008511339
306.04 7.1542290171903735
307.052 8.058624579451338
308.069 7.764721705654012
309.109 3.416850854415922
310.39 1.9906191550721608
311.47 1.0967669409236291
329.625 0.021748063824428895
330.655 1.9166800909344976
331.677 1.9316834575954331
332.715 1.9019079900409757
333.855 1.3070312401934987
334.895 8.389906319466776
335.925 9.852127970345908
336.935 10.890941445807947
337.954 6.977507671655169
338.955 10.88866574400335
339.956 9.61336205303505
340.965 10.80791135370819
341.975 10.327412418319307
342.976 9.911355804926469
343.995 9.982414565993992
345.005 15.619927303513698
346.105 9.704813120560353
347.125 11.03692190576432
348.135 10.937092529955724
349.146 12.728097682755363
350.165 17.5214481041801
351.173 13.924622259831093
352.215 9.084827937015158
353.255 5.884576471494088
356.363 0.7607460187670503
357.365 24.092521195974705
358.384 7.945768037221882
359.504 3.096640024814096
360.505 5.522183199056036
361.524 2.324844546020647
362.825 1.083278646492593
363.936 1.4215521106480886
365.005 1.66207899372898
366.074 1.66207899372898
367.435 2.3201165391498058
368.444 6.456685459946837
369.445 4.55510913631408
370.464 7.4526449433351925
371.465 10.760933540725265
372.484 9.174327152519709
373.495 7.878890733271066
374.515 8.23736495000554
375.535 5.922003850134204
376.564 5.316523191073841
377.575 3.9054015700544666
378.724 3.512457545448012
379.795 7.440266239915511
380.805 8.185030512090947
382.145 6.121497416441479
383.225 8.290291339635079
384.244 9.04800153513116
385.294 9.155667485785525
386.295 9.663820598348062
387.304 5.288749666354645
388.344 8.00942365853401
389.354 8.0140000237786
390.355 4.27888464254342
391.424 4.801561537439275
392.474 2.8202578480893328
393.494 2.25861551146863
394.504 6.450292702065701
395.516 3.5881071572082845
396.524 5.287983465167499
397.544 3.4442330250057838
398.564 6.774148752763592
399.584 3.157449409261176
400.804 7.086992852842688
401.824 9.324924188510767
403.024 7.3745550823814465
404.074 4.700429746815554
415.971 0.0829696769632064
416.975 0.7865260930926424
417.991 1.1658546222416533
419.371 0.572226230047111
420.471 0.4685197602144904
421.491 0.1593085107688347
422.622 0.87275883893127
423.692 2.952045598000049
424.922 19.02259426612235
425.932 17.89547580548735
426.942 16.894011567741945
427.943 20.969994762998503
429.111 19.28089792098664
430.112 24.020141743533923
431.121 22.654464604681447
432.272 24.675250103854186
433.282 27.313440389129884
434.441 19.3597718400196
435.442 27.21647433820475
436.452 23.365879544440197
437.461 31.696455894284473
438.462 23.499986224992924
439.662 23.824976860438923
440.672 30.883219603829723
441.674 26.1082726017378
442.682 28.20650922233215
443.692 31.504901854996824
444.693 29.507292295415493
445.701 21.11027252245352
446.721 16.257957006632623
447.731 11.036321035604681
448.821 11.591518494899276
449.822 10.656123933746525
450.831 24.12632686917535
451.841 26.583024469119252
452.842 22.677800270935478
453.851 21.463930984076327
454.861 19.473185623319385
455.872 20.308088164283227
456.881 16.563921152032677
458.244 18.98807963801702
459.251 21.95712167727941
460.281 7.549029480961312
461.301 11.612826433309015
462.311 11.185994042604102
463.321 14.8164983680247
464.331 9.577707345491497
465.341 15.966417641155672
466.342 24.99485667170899
467.352 32.985022847835275
468.416 19.17280554622134
469.431 18.8665525010114
470.441 11.065115351616429
471.451 13.291512234559626
472.453 17.43316755924464
473.461 31.373850999220306
474.471 21.731445329064297
475.481 26.77848788433337
485.731 0.11556178499487997
486.733 14.382752099537415
487.764 10.381465423761261
488.913 12.584108249610889
489.943 9.609320470522116
491.043 7.00159747250636
492.073 0.38333601818689955
493.143 15.724012613689405
494.153 15.184421097685766
495.163 14.323124703745219
496.183 10.12528675105011
497.193 7.036682947708037
498.263 2.9252428293626758
499.293 7.714777474205136
500.312 7.3620077290653825
501.313 9.00800367655123
502.328 7.084340985921918
503.343 11.225439497892573
504.413 8.48713109425014
505.552 3.98142465130818
507.083 3.352625266833825
508.103 6.564472719939957
509.113 14.090368926417886
510.332 14.156135367085275
511.342 13.346162214457717
512.363 7.0831333716307325
513.393 8.11688799035879
514.402 10.315335934515012
515.452 7.969290012846582
516.522 6.8266054453751135
517.532 9.716589245775207
518.542 7.853685731475797
519.552 8.404926854206822
520.662 2.8603567410219024
533.221 0.03143849818715714
534.262 5.694751424026537
535.322 7.805070596220416
536.362 14.752930717618844
537.363 21.803281597024817
538.491 22.311213826921822
539.532 25.236480327676084
540.542 23.665790150094015
541.663 22.59819305796925
542.671 22.67164212585174
543.672 24.250521044705906
544.673 27.557285769976062
545.674 37.57936204004651
546.762 33.36167454951058
547.763 44.87638852866967
548.771 42.299286405797275
550.832 14.730339874800599
551.981 10.991658517123748
566.025 0.5903986096114098
567.026 4.930520713442888
568.036 11.532341497632617
569.196 10.650657394387789
570.197 18.832138281722347
571.206 16.89330593437933
572.216 19.880972602135962
573.226 20.43078489873238
574.436 15.312040069315037
575.445 30.454862626567866
576.505 19.067489313686554
577.506 19.830064140741403
578.526 18.386975186072608
579.536 9.472351172399854
580.545 18.21156018487397
581.546 26.081445403206622
582.606 23.28315320714487
583.615 14.67428513624281
600.41 0.29388181696774635
601.553 0.6914817841199764
602.63 1.0998220020404084
603.85 0.6472722930041092
605.03 0.6692137266652654
606.21 1.003820589997898
607.269 0.996280391766395
608.35 0.33281074829867663
609.53 0.6692137266652654
610.69 1.021127841549586
612.1 0.8400768058138438
613.101 12.566484459297161
614.11 20.494941882730856
615.13 6.387054538319959
616.161 7.438547851026652
617.38 13.667796820464883
618.4 20.536225263416632
622.429 1.7639736354393443
623.438 8.813724631928139
624.448 20.01971161980621
625.458 28.476933510539617
626.459 28.490913025539108
627.518 34.19581524134419
628.529 40.77355410757302
629.578 38.21432954314457
630.589 46.399339508784166
631.769 31.96155953109535
632.77 33.669978116466666
633.778 31.164248846766736
634.779 26.300435489865098
635.788 22.396019836248787
636.878 23.485296638051643
638.039 24.862337767299554
639.068 26.219242835844227
640.069 19.327641196696124
641.089 18.22455407562623
642.108 22.860971369203032
643.118 10.516303233314233
644.138 21.48372890162168
645.148 13.819177726069652
646.149 19.327641196696124
647.158 20.36950964038695
648.169 17.76957714374782
649.189 14.903127256079904
650.198 11.421628288597256
651.208 22.67375616483701
652.209 19.785948955410596
653.218 29.34857027248562
654.219 20.089132729105636
655.348 9.617354043528724
656.349 12.622133026413794
657.358 12.804243438812257
658.368 18.764487860554766
659.578 13.868210079447545
660.589 24.60402989134314
661.598 14.603059073885609
662.608 10.555024421562058
663.618 16.809853708413645
664.858 2.069705356259107
675.383 0.05627117796662801
676.519 1.0436196442268895
677.579 0.9312172139917607
678.722 0.3454384065901195
680.01 0.613099532193333
681.179 0.6755108618178042
682.579 0.5640515696178665
683.6 0.9667877050257262
684.759 1.0220088836906986
685.859 0.7178838158772847
687.039 0.6692137266652654
688.242 0.6564191167622719
689.439 0.6597094381495514
690.679 0.6368324173104944
691.799 0.5287983465167498
692.939 0.8658686375712863
694.099 1.1913158151411836
695.359 0.7834049578025924
696.659 0.607440151896164
697.744 1.0917127153894193
698.91 0.8465611036288733
699.949 0.3858490656357128
700.969 5.225771894989057
701.999 6.516712309177293
703.039 4.840261188423335
704.309 4.301049055211386
705.31 5.522183199056036
706.339 4.056287431887644
707.369 5.5583722637100434
708.429 4.167877746950842
709.439 5.47297562599514
710.449 6.450292702065701
711.459 5.0458994943613815
712.719 5.315700424200865
713.73 6.44391259058987
714.759 4.97362574713769
715.869 5.874477573567502
716.889 3.9670082890296237
717.899 7.818536608564486
718.929 4.860213134095526
719.939 5.668439041209252
721.159 3.8346624990144753
722.202 4.921255305390782
723.4 3.751736048575085
724.429 4.9882111598858945
725.479 2.0681890885988437
726.799 2.020250827484823
728.21 3.6377528586269205
729.588 2.8114549400385527
730.79 0.8212065281458123
731.819 5.947482536787027
732.962 2.9172879468827855
733.999 5.711226114742138
735.089 3.6855023339559474
736.118 6.523045362927707
737.229 3.6826045220197328
738.258 7.290462464448615
739.299 4.206241786933712
740.339 5.504926376558985
741.378 4.318370518243321
742.388 5.47297562599514
743.408 4.592216378805361
744.419 4.866621386309831
745.439 6.580601645541776
746.449 5.00760695395394
747.549 4.128881479036897
748.568 7.749481820068824
749.598 4.964453630269156
750.758 5.035847209805761
751.949 5.138505063269396
752.968 6.676847037444531
753.978 6.532593087419012
754.998 4.998127673117782
756.129 3.797904508887317
757.158 8.057879565969522
758.188 4.955907030448469
759.228 5.504926376558985
760.238 6.096943998977617
761.318 4.842584150342746
762.328 6.645756117279813
763.358 5.1173116696850585
764.529 5.057678463695644
765.558 6.675210486310417
766.578 6.580601645541776
767.598 4.30203719977616
768.789 5.304263291116797
769.798 6.2424351759888275
770.909 6.041596470254375
771.928 5.096502234262003
773.068 5.1387531394106425
774.778 3.463474550285145
775.789 2.8932231148915926
791.867 0.036836307258288334
794.273 0.08205238959528399
796.108 0.21516953609400905
797.345 0.31918843874899483
798.53 0.3331950200274317
799.648 0.35316287900939763
800.848 0.6580601645541775
801.886 0.5705723970122928
803.286 0.4230386772133999
804.707 0.5557158321358291
805.805 0.3595957183356162
807.286 0.26660101197333325
808.565 0.4634226510944913
809.645 0.3655889803078764
810.785 0.5195211825427718
812.284 0.3950994983981053
813.425 0.5195211825427718
814.486 0.5582037211109895
815.585 0.5389027735202546
816.586 0.5916624856131466
817.865 0.4630603190764346
819.065 0.49354512341563317
820.084 0.4587092765936206
821.405 0.12300884253157562
822.605 1.1516052879698109
823.606 2.3666499424525864
824.629 1.3508566427798367
825.706 2.566251338094286
826.847 1.0381317232230671
827.866 1.5498963640137646
829.108 0.8476263702472535
830.206 1.7979785916780806
831.207 2.1694291139148714
832.265 2.0525506077776803
833.508 1.5895173056864191
834.628 2.1151933860669994
835.967 1.1063158532075248
837.125 1.7048190791559006
838.348 0.6456845441251129
840.047 0.2323932305665136
841.985 0.4074675941511936
843.107 0.7038076626247888
847.906 0.08227466112367296
849.347 0.6850036411042791
851.506 0.4571978910751581
853.726 0.08892704926407806
855.087 0.2901073466072788
856.384 0.30442258961642754
857.464 0.5483834704618146
858.604 0.5195211825427718
859.725 0.511333664649591
860.727 0.16231436369641378
861.81 1.6405932080298056
862.886 2.018214259320433
863.986 1.9741804936625327
865.009 2.122774724368315
866.164 0.3644644755837579
872.471 0.09390425687311872
873.5 10.089038535510328
874.711 14.03407895809183
875.721 17.252789810141532
876.771 22.789525101409975
877.871 26.85439102540219
878.961 29.955612568746805
879.962 41.02755485946543
881.101 40.36653234731844
882.111 42.327831176797524
883.112 35.978240313628476
884.231 36.17858128783296
885.232 51.30624887427062
886.241 30.281517269987685
887.251 44.797128502623764
888.253 55.64473402252239
889.401 49.28650494711993
890.412 64.69862956285625
891.421 70.31943181647442
892.611 51.725343134913274
893.613 62.04887317141089
894.69 55.57142772029977
895.692 70.96421426889341
896.693 63.11225097206452
897.694 60.48480243397984
898.701 58.24077226849485
899.721 57.08889809484919
900.722 56.47651976158648
901.723 63.3413327677856
902.74 51.73515444784544
903.746 46.36915909164681
904.78 37.717623055287326
905.781 35.4997491367888
906.782 36.708591715216244
907.79 38.05355222659522
908.791 34.38029026720155
909.801 36.96658975452858
910.811 29.872610878822837
911.812 12.325292612700961
912.813 39.48640671833372
913.82 52.22096459060352
914.821 52.61817105240895
915.83 49.50540289535217
916.84 45.43350330637719
917.851 27.669541737779166
919.091 10.030110572640288
920.129 10.270303146221268
921.13 21.891511967686426
922.152 27.325131038970955
927.657 0.8606781443760362
928.68 86.967039054987
929.695 24.7015687384376
930.7 26.78707505831647
931.73 37.15066833859054
932.731 24.652603567214445
933.745 22.694505315612663
934.75 39.49064595339012
935.752 35.012374838798216
936.76 42.27151218031963
937.77 31.817529013248638
938.78 30.257918273423552
939.94 29.858410071490187
940.949 31.892113029434377
941.95 20.99219652293623
942.951 46.521913774963146
943.96 48.66670885988504
944.961 45.917420402113265
945.97 38.7721501853196
946.98 46.5202928209587
947.991 26.670067257021806
949.019 24.028487021209013
950.02 13.213795512026945
951.059 12.54051131681686
952.079 10.451543789978114
953.089 4.454937005088306
954.099 24.62839031697813
955.108 18.196113568941083
956.11 12.412512085902154
957.119 13.771802297941719
958.12 30.372007594808196
959.139 19.70948710491225
960.199 23.729565669817237
961.22 16.822106067447635
962.23 11.72780491284673
963.239 22.08494215426703
964.24 26.82203268112932
965.249 13.404373072649243
967.019 2.3422480433284285
968.029 8.608913946595782
969.04 19.91754800727778
970.049 15.645419600912293
971.059 17.005317123627755
972.07 14.686793601771713
973.099 15.73205058117859
974.289 11.75168071762542
975.29 19.13042036815841
976.489 11.280725334496637
977.505 12.630091740951242
978.506 11.044366398112071
979.549 5.940428904679707
980.839 1.5303724757073898
981.859 22.451464437730763
982.869 10.160668408410778
983.879 19.199708301155777
984.899 4.610750495067099
985.909 17.531125141162796
986.91 19.678400170257724
987.919 20.08389026985014
988.929 24.25475228277864
989.939 25.394812655580836
990.94 22.958493950148146
991.959 25.62285723278092
992.97 20.544182250426136
993.978 19.589991592828934
994.999 23.14707434408451
996.019 26.70895710622234
997.089 26.198595459224666
998.23 31.632030439372063
999.499 30.406045044736366
1000.609 32.87531603254331
1001.61 39.6279789797548
1002.619 34.4483849421056
1003.629 26.691043724895472
1004.729 27.99641928147159
1005.89 32.147765930568035
1006.891 30.381090132964538
1008.398 13.844513648333459
1009.399 32.0214253574544
1010.569 39.065600070867596
1011.57 37.20149961928822
1012.571 39.41850393306963
1013.579 39.17024789012962
1014.589 33.880611069006356
1015.59 44.57190724952371
1016.599 26.358648919920746
1017.609 40.265463534107106
1018.61 35.429539675167554
1019.619 41.47931265177968
1020.768 31.08536231489605
1021.77 38.26084073631682
1022.778 32.51774822378951
1023.779 43.78302393537285
1024.78 41.921391947867356
1025.781 37.42582389502263
1026.789 35.45977128015994
1027.799 40.85185377974944
1028.918 14.7013248942417
1029.929 25.580380283856755
1030.93 26.759896586758146
1031.938 23.700290631299772
1032.958 17.225692542741708
1033.969 20.282537474186743
1034.978 45.49815025454076
1035.979 32.94049171851283
1036.988 33.68641318551147
1037.99 25.78277973398811
1039.008 32.38586860919872
1040.009 26.88344793913887
1041.018 37.37051281363169
1042.02 27.878634619983792
1043.03 39.679073288464764
1044.038 29.57482565204425
1045.208 35.188309383965404
1046.219 47.255358997659044
1047.22 43.33221287481917
1048.228 40.455163733747725
1049.229 43.68124184111289
1050.358 33.21080446025562
1051.359 42.79691979268428
1052.368 34.39594443018794
1053.369 31.857074667006298
1054.37 43.497428568901206
1055.378 31.273062057280786
1056.379 39.246944879005405
1057.388 24.820565447601904
1058.508 38.07863492919153
1059.509 55.616273647635786
1060.51 53.938166597797334
1061.511 38.50664593562735
1062.512 68.80440738518926
1063.529 57.304980039774
1064.53 46.354968073613236
1065.531 64.03232650402923
1066.532 64.92111773789985
1067.538 78.89154598663397
1068.539 64.65339911319624
1069.54 61.7448243940819
1070.548 42.10028551191102
1071.558 58.888354724722404
1072.568 54.100215465043966
1073.578 47.10668306660103
1074.579 44.33907710472224
1075.588 46.25989725878666
1076.589 56.639428779311345
1077.59 58.19585865130928
1078.658 50.67993454286431
1079.66 67.57422805045803
1080.669 55.36782271454765
1081.678 60.638408304759
1082.688 44.29303864233473
1083.689 41.210935629860145
1084.698 63.877906924017275
1087.037 17.892335686691993
1088.038 113.04285573383012
1089.058 35.84809344987945
1090.187 43.24033857410331
1091.297 51.51177334805286
1092.398 54.74436766181292
1093.399 72.97170655895476
1094.409 35.50462279152261
1095.418 36.94086805194287
1096.42 45.512544314974555
1097.427 37.86118815533075
1098.429 36.5251965568702
1099.438 44.45292924308206
1100.439 45.22844500768217
1101.44 41.193923891726044
1102.449 49.892569463225556
1103.458 41.975606700734474
1104.467 37.869381298575306
1105.468 43.98024476391057
1106.478 36.034566466925035
1107.488 41.438244025391775
1108.607 33.338392874780766
1109.608 45.55801139221229
1110.617 40.657495474461435
1111.618 41.53228447986787
1112.619 38.78820461847396
1113.727 33.028694634937565
1114.878 36.1213664752932
1115.88 48.731035074090585
1116.887 59.84209900735973
1117.888 49.78932083488917
1119.028 49.61731106840513
1120.087 52.68035275210232
1121.247 46.373112643374256
1122.248 48.087858686934396
1123.397 44.08029973675754
1124.408 53.190994061783364
1125.418 67.27027747816207
1126.419 56.551342575922064
1127.428 38.07333383857805
1128.477 27.690324950585648
1129.487 39.014812018486396
1130.488 45.75523222075001
1131.489 43.717139491921294
1132.498 39.78647796491252
1133.508 54.04163359352511
1134.687 40.763024422455864
1135.688 50.67767956694282
1136.689 54.683367228434356
1137.697 57.64454598219912
1138.698 60.38547118334937
1139.7 70.32143786678418
1140.708 62.043038401528264
1141.717 41.544388672608044
1142.718 44.26670513401615
1143.728 43.43488566589032
1144.767 39.7205084212522
1145.857 46.150136403468856
1146.859 53.98760086485519
1147.958 46.8162592684282
1148.967 58.12962043365924
1149.968 62.19606795645256
1151.157 40.236189782715826
1152.158 55.50497651340252
1153.327 49.39747246216139
1154.446 46.39580541824482
1155.507 51.62537537217481
1156.537 48.69614393898282
1157.538 49.940552303555876
1158.547 61.60653926077486
1159.557 53.253921745516784
1160.577 38.62891829815782
1161.579 33.67497361316831
1162.581 34.55798103448394
1163.787 42.67071485397601
1164.977 53.05652521259114
1165.987 50.23409771002683
1166.997 35.65678483693519
1168.007 57.01144871430386
1169.008 56.40515696178665
1170.009 49.569465744596755
1171.016 53.319279260968685
1172.037 39.61030994617244
1173.127 51.479561235363924
1174.136 45.045785073649064
1175.137 29.91514150881695
1176.226 33.97401378767998
1177.227 52.26351956249462
1178.228 40.94941619786642
1179.237 40.68695846411121
1180.247 54.06963858576339
1181.257 38.90865023668517
1182.258 54.03850701933406
1183.266 31.228823729071543
1184.267 36.9646327908617
1185.466 31.90161441834092
1186.467 39.04972405046768
1187.476 36.87479086156329
1188.488 44.58225281834846
1189.496 48.258862096303226
1190.567 57.886404072403074
1191.568 64.29399010329527
1193.856 16.3178520419566
1194.858 108.45235123008857
1195.956 38.61737322836529
1196.957 47.13577802051402
1197.967 33.07818231181159
1199.175 35.45951882980953
1200.207 25.236882509211938
1201.216 45.00114108447795
1202.217 32.592760257670015
1203.218 65.67453590305928
1204.219 51.49280132465645
1205.226 39.41665624407599
1206.286 44.26140766679259
1207.287 60.94123601815411
1208.288 42.464325895435366
1209.308 43.24981271919696
1210.316 55.034198285632115
1211.326 29.812885946396303
1212.336 38.89721962760832
1213.346 33.56792783393104
1214.348 44.177465592448286
1215.356 41.071923338684414
1216.357 41.8108156499957
1217.366 34.15561436048875
1218.367 41.638679926842165
1219.376 55.42590076453341
1220.377 36.17906532397427
1221.386 39.577948649818545
1222.387 45.16356973513687
1223.396 36.07085171194516
1224.397 41.81542900271003
1225.406 48.835191392930795
1226.407 47.33429635450264
1227.408 41.11708273557794
1228.416 33.2725199594502
1229.505 37.56885704263613
1230.656 42.007166840504105
1231.659 52.40838436269798
1232.666 45.151137133254245
1233.667 47.751516440605094
1234.676 39.64756370323522
1235.796 49.551652076010356
1236.81 60.159938120485464
1237.816 57.96294100199427
1238.827 51.5237516566261
1239.836 43.33934265369818
1240.837 45.993252387355106
1242.056 47.43217505186103
1243.266 50.59618705034495
1244.267 62.30376090887776
1245.268 58.77180690423924
1246.276 44.48027893634638
1247.277 42.95910797404753
1248.278 49.30520713442889
1249.286 42.80136995605564
1250.288 53.53407120089777
1251.296 68.93963628662813
1252.306 59.45545581754756
1253.307 62.937808572553834
1254.308 54.699946464751484
1255.316 38.99945072005315
1256.416 30.016254666933335
1257.426 40.5926647189319
1258.427 43.851215055181584
1259.437 61.37551237723122
1260.446 56.72440745643131
1261.475 52.07371010863
1262.476 54.23572784787178
1263.477 49.30520713442889
1264.496 36.73137241013359
1265.505 50.33376853881656
1266.506 42.95478295587784
1267.507 67.84396501697415
1268.508 53.41656940653311
1269.516 54.83834704618147
1270.517 33.52754085141164
1271.525 42.74367401343969
1272.665 37.53667132853627
1273.666 59.16624856131467
1274.667 59.487164909505424
1275.668 57.675126463679
1276.855 45.99206795665612
1277.856 49.09155123684637
1278.865 43.43044908285788
1279.875 38.46185630439384
1280.885 42.22266957329052
1281.985 32.984740979406894
1282.986 48.81590341216499
1283.987 38.208652183735936
1284.988 36.83084556214606
1285.995 36.12271539095186
1287.005 37.60256026704175
1288.006 44.46767431163427
1289.007 35.247600577496065
1290.014 34.29754111619054
1291.025 33.34693362547457
1292.027 37.67896795666786
1293.035 38.649409579368324
1294.046 38.28549661965383
1295.055 30.62835100736964
1296.066 35.25467090558342
1297.075 28.328521524028663
1298.126 26.613583403104887
1299.127 33.52754085141164
1300.135 31.50456165829811
1301.136 44.57190724952371
1302.145 38.55921492962131
1303.146 31.600312754999234
1304.147 48.319102991740316
1305.154 37.33281052098363
1306.155 39.33503108239468
1307.165 45.97942676022747
1308.166 38.854665731014805
1309.174 47.59185118650748
1310.175 38.852503221929965
1312.714 6.07278907133166
1314.146 79.62161972147022
1315.155 28.95725600218581
1316.165 33.85532084642384
1317.166 38.43528313582752
1318.175 38.205488219337205
1319.176 34.3749560781256
1320.185 42.2619411923793
1321.195 34.89779239423243
1322.205 32.60738410045888
1323.206 34.119203337024786
1324.215 29.110967453345346
1325.224 24.516782994145554
1326.225 34.71086582263794
1327.226 35.28493990102769
1328.234 35.380497773537435
1329.254 33.1339915034496
1330.255 30.372007594808196
1331.554 1.9757002630956833
1332.994 0.3360251784463568
1334.624 0.24223073541871568
1335.652 16.531599070591803
1336.654 40.192896278159346
1337.845 37.03133321381178
1338.847 44.527424308156924
1339.855 39.586002275630115
1340.954 35.379282229425485
1342.074 38.35669214941161
1343.174 36.3852432651414
1344.264 33.85877362444085
1345.414 32.21947395686094
1346.585 31.9073702085033
1347.594 39.556924089243225
1348.595 34.02938712636764
1349.617 39.169400660542955
1350.624 51.02255749028415
1351.628 42.137790469853634
1352.634 40.089603158962404
1353.635 48.91076547735346
1354.394 34.403733119309706
