0.0 10.670752562298281
1.008 11.590578471608227
2.02 13.210710167837883
3.027 9.018759039975544
4.039 11.93791993527988
5.048 11.973414246286657
6.059 10.744089054113235
7.08 13.07823467521872
8.088 13.625385309590119
9.099 8.983076511627472
10.12 11.209915435901761
11.127 7.324603026406604
12.128 3.8112965900951377
13.148 5.236422589567967
14.159 5.40882423763485
15.167 4.846499680457954
16.176 13.23377364063262
17.18 16.972923533061792
18.187 12.681060553178847
19.2 15.064591852656399
20.247 14.86874284681974
21.259 21.990905143936615
22.347 14.542200630881695
23.359 20.608619677746315
24.367 16.98930908688469
25.379 11.529701128013151
26.387 17.914858462609228
27.408 12.631731870656811
28.419 9.18242254296149
29.427 12.48993653379094
30.44 7.908910722644609
31.447 9.7764765944314
32.46 14.43690052546238
33.479 13.852697920250602
34.499 11.896055551572116
35.507 9.209751181482208
36.527 8.852047710936324
37.539 6.283115755410462
38.547 5.98194845625713
39.567 8.727370982613277
40.579 8.042388166925392
41.599 5.984482959506248
42.619 5.984482959506248
43.62 6.73329064250141
44.651 4.121649237103859
45.66 6.679904790033609
46.667 8.208606839938435
47.707 9.048653320984206
48.727 8.976724439259371
49.807 6.28965335300392
50.82 9.164293377032642
51.827 10.608045762381977
52.84 11.423982154931101
53.867 9.833741437557384
54.887 11.220905549074214
55.899 11.058283729522415
56.919 9.153167528465087
57.927 11.354487757991762
58.932 12.400682351414686
59.979 10.253203219502362
60.98 11.179803330945736
62.0 11.594935734043355
63.008 12.237614583613345
64.02 9.853836159567122
65.052 8.50266292575197
66.067 10.775017348273565
67.808 0.8753266733807619
68.812 15.888505271195577
69.827 7.26687216511473
70.867 6.847629540204263
71.868 7.3685067408505995
72.887 4.492766893054249
73.9 4.017224494041707
74.919 1.7990042870985579
75.927 3.7848292526639216
76.931 4.559889904404661
77.94 11.217198609679079
78.959 9.859127348646824
79.967 8.379006982944281
80.987 13.091056473919915
82.007 6.607866601121481
83.019 7.162751961167928
84.028 7.68819230551038
85.04 7.717301227475134
86.067 7.429616137653812
87.999 2.89621716725587
89.019 4.4883622196296855
90.032 10.419676031420675
91.039 7.532033745809906
92.051 8.41937511225002
93.059 5.677243878995881
94.079 8.103987340998042
95.099 3.9896553063374984
96.259 1.315554443684563
97.287 1.8252131730847847
98.711 2.9689982280654594
99.732 2.6393195959707625
101.227 6.549906516717123
102.267 2.3233028797121604
103.519 0.9141632316338417
104.527 14.382351160122901
105.539 5.277817234544789
106.54 5.388564165294353
107.559 9.98392642900944
108.56 10.925716891606061
109.567 7.703461803634531
110.579 6.586615966753682
111.592 9.54090817334905
112.599 15.53320986634504
113.619 8.727370982613277
114.627 5.98194845625713
115.639 5.277817234544789
116.647 4.1633121779303135
117.659 6.157453440302253
118.667 11.732970683258156
119.739 8.709170596114168
120.74 16.13597478367959
121.747 13.511152688859529
122.768 9.891530319658605
123.771 12.425409534568056
124.779 14.88699506047809
125.787 13.046963061229782
126.807 16.831358323611322
127.827 7.8623420628449345
128.879 3.86829697002305
129.887 8.505167958033077
130.899 17.467061800041087
132.027 13.350082188884961
133.047 17.704095421872648
134.059 16.71308790939183
135.067 12.794641111052188
136.079 14.9538154978769
137.088 9.326659518160133
138.1 8.094563748052192
139.107 15.78578238449699
140.12 20.389323076209852
141.128 17.662536512431636
142.139 16.478045933259658
143.147 13.551606961584973
144.159 16.71308790939183
145.168 15.680787201585018
146.179 18.239058475745427
147.187 16.957953288982498
148.207 19.324892890072256
149.219 16.51393886030221
150.227 18.16718041278682
151.379 14.1758640086435
152.387 15.675062224949267
153.388 15.88040245872974
154.399 12.505101596599001
155.408 19.91367843066623
156.411 15.521010728434964
157.419 19.1764682134972
158.452 15.562686168614038
159.459 20.079515193080173
160.467 18.345724014959274
161.471 21.786140654377824
162.48 18.201505990276946
163.487 21.468664042915908
164.5 19.008402156383013
165.507 23.741816706283473
166.519 14.629004133679073
167.527 24.97987306758188
168.539 16.63960117541042
169.559 21.818427456533193
170.56 18.6010590109575
171.699 21.036708613984004
172.707 26.24148281846985
173.72 19.008402156383013
174.747 23.155636962354382
175.76 22.021320526914298
176.779 22.016455305842676
177.78 25.02751427495807
178.787 23.4153925746368
179.799 12.440569195712717
180.807 15.822504513183327
181.808 21.47030412420261
182.819 17.159206173168524
183.827 19.302629188585996
184.84 13.934747463707168
185.847 17.606224657141905
186.859 17.84404874536571
187.867 11.785353310341808
188.88 13.68367093282956
189.892 16.210438648958995
190.908 9.940209110601806
192.159 4.0661954560993685
193.187 5.9379111076812965
194.219 3.450355969870366
195.22 9.020068596558493
196.239 4.867164134142103
197.24 2.212576541399041
198.247 11.870908353141736
199.252 21.131775027410743
200.26 17.96724108969288
201.268 18.797985288230812
202.272 16.138869596681083
203.428 22.267469543063054
204.439 20.377430848763854
205.44 18.6010590109575
206.447 27.404118219486776
207.459 20.4094706286567
208.607 23.30884746942243
209.612 24.67482712781494
210.627 22.85496505811895
211.647 18.327479063487885
212.651 13.098942993744645
213.659 13.625385309590119
214.667 14.256190185034104
215.68 10.220723575666781
216.7 7.979310612674997
217.708 13.499224334501319
218.748 1.4658983750553665
219.76 22.171682509530886
220.767 12.123480871293689
221.779 10.304309838873158
222.799 8.6544606151729
223.807 8.578946306038223
224.819 6.660102700735091
226.7 2.366272834201367
227.707 16.21707580730617
228.727 15.33523758373476
229.74 17.826433692310072
230.76 14.389590118033052
231.767 17.04864497525675
232.78 17.250866440239765
233.787 21.089805265687982
234.8 13.359180211636865
235.807 20.205801452156148
236.808 17.838799692938473
237.812 20.772831786732343
238.819 20.637094874965328
239.827 24.0967462419603
240.839 21.540431464630583
241.84 21.777139502703445
242.852 26.137761542507523
243.859 17.47993839806593
244.867 26.393828146878967
245.88 19.510463450400334
246.967 19.937209180604086
247.968 14.60997026203136
248.979 18.36484508592298
249.98 12.502984466805279
250.999 6.364753098493519
252.028 7.168003156065549
253.039 12.075514577045247
254.047 10.523743559453836
255.06 14.562438790901187
256.067 16.669786198028824
257.079 6.718917528431486
260.16 0.33020516167350283
261.179 30.877190011588556
262.18 12.83136518665363
263.184 5.193207946683086
264.207 20.190013955230285
265.212 26.699428328045908
266.219 21.394812429421187
267.22 20.07282870783439
268.227 13.817636884862628
269.259 6.407803944044965
270.271 2.2619216719477664
272.927 0.09576074012764137
274.039 3.202128921678253
275.047 5.046439003551895
276.059 4.398181028787323
277.087 2.47412962820054
278.091 4.30656268749329
279.115 2.7837377653022393
280.12 13.299678887846927
281.14 6.483189872798435
282.159 8.236739303932788
283.167 8.631328933121875
284.172 16.196809601847757
285.179 17.174931234332725
286.188 9.3789902298552
287.199 10.188715424381927
288.219 8.353340797644139
289.259 5.135722155153197
290.267 8.379006982944281
291.279 16.83875022450004
292.295 15.89628286118847
293.313 13.056547717413107
294.32 17.68007627063663
295.332 11.990095516406678
296.339 17.553790011560654
297.351 17.84404874536571
298.367 12.568728323869191
299.379 18.34669800579855
300.388 16.437002838192594
302.4 7.45829573606457
303.412 20.66079525887312
304.419 21.342377783839932
305.44 14.638943574679146
307.047 2.057515143202988
308.379 23.04867495831208
309.399 9.8494615375207
310.415 6.633881823960543
311.419 18.366223226074325
312.439 15.012973759648286
313.452 21.59258165547417
314.459 13.944015458455473
315.471 14.451166237444065
316.499 12.793131095057998
317.508 17.014851823670515
318.519 15.471753051839222
319.531 5.329992815671589
320.559 8.412040735881838
321.579 4.987069132921873
322.58 14.864056701371037
323.587 16.21707580730617
324.591 19.759522919086862
325.6 15.680787201585018
326.607 15.912068643572967
327.612 14.04567082660235
328.619 12.807346812254822
329.647 9.154279624341997
330.66 14.687977056339987
331.667 15.838217030078244
332.68 19.70950767389212
333.687 16.722220843610074
334.692 22.017538052511792
335.7 17.58875816442649
336.711 19.748497797876084
337.719 10.145260634187444
338.739 6.857220057767575
339.759 7.231250242736715
340.779 5.735129502860153
341.807 3.216368516660702
342.819 4.649505659003742
344.079 4.3818436447215525
345.119 4.76888485835654
346.188 1.3085808155141117
347.199 8.310135990799518
348.207 10.976004832725373
349.227 10.535548095134658
350.228 9.771183772501217
351.779 2.4597729765862235
352.787 3.4063463273975296
353.8 7.783372457205806
354.807 11.492049575913809
355.819 4.827343555238752
356.827 7.821980455505437
357.828 7.749636399860113
358.839 7.421410000475724
359.859 9.600108080874605
360.867 8.379006982944281
361.887 10.971552092428121
362.899 10.932621414414205
363.967 10.051595291029003
364.98 13.055979605635544
365.987 13.765202239281376
366.999 11.876168545711227
368.0 16.007445678399577
369.007 17.932648788788583
370.02 15.618868989535326
371.027 18.94293886139639
372.031 16.138869596681083
373.039 19.933434064029985
374.051 16.89092580562684
375.06 23.316648795400333
376.072 18.901522847358187
377.211 21.371661018433983
378.219 22.58281454089473
379.251 14.838314219111208
380.252 24.265254956939046
381.26 22.130553267623196
382.271 24.77996220497827
383.28 22.108620112749435
384.367 18.650297596625627
385.371 26.219366950326798
386.372 21.777139502703445
387.379 27.65669073763873
388.399 19.501335979277975
389.412 19.008402156383013
390.419 23.362957929055547
391.427 17.336436214248895
392.439 19.477658841772435
393.459 15.885710857909613
394.467 17.914858462609228
395.587 16.511151613463348
396.599 13.5715300316866
397.611 12.063582250388087
399.0 1.0973115357943268
400.019 23.641762627290337
401.027 20.816560889651566
402.039 14.629004133679073
403.048 15.37638461102076
404.051 13.619162330286791
405.059 20.564238939473974
406.072 16.372098582168146
407.079 18.816652602320413
408.091 12.566231510820923
409.092 9.96212007340852
410.099 11.997194612217713
411.108 12.855665822328833
412.119 7.724934562022588
413.12 7.749636399860113
415.799 1.6614256069924491
416.8 12.704321966983791
417.808 12.742258483968538
418.828 3.2936347111597875
419.859 5.797286475079403
420.867 10.09287800710379
421.927 8.75795206691893
422.948 9.393311855840748
423.96 11.81225762017167
424.967 11.870908353141736
425.979 12.817556141037343
426.999 12.020732279895164
428.007 14.760834085389293
429.051 11.622583010156667
430.06 13.611881458936413
431.079 12.854305277349656
432.08 11.486638709446574
433.087 14.144061016509305
434.1 14.813515321778791
435.107 11.797149054163883
436.139 14.294331875177228
437.147 10.09287800710379
438.159 8.168050482033602
439.16 6.658996361992733
440.167 7.577175544558556
441.187 4.4883622196296855
442.207 6.483189872798435
443.211 10.259752284910487
444.319 3.4908931180375045
445.328 11.59530642798287
446.332 13.173015279391242
447.339 11.997194612217713
448.34 9.326903975059327
449.347 6.819457990102699
450.36 6.025836741062559
451.367 7.072030508254652
452.379 5.403479549652998
453.539 3.663293416770757
454.568 5.561381759016374
455.579 8.050343051363498
456.587 7.821980455505437
457.607 7.231250242736715
458.62 8.411063784399824
459.627 6.745606376607977
460.631 8.10647094116384
461.639 8.452785330949425
462.643 7.8531437242524715
463.647 7.652407830150187
464.679 7.763300932208322
465.687 5.551082903907085
466.716 4.572691668524574
467.736 4.987069132921873
468.748 4.272518713679115
471.46 0.5618105539219941
472.467 11.168579508806925
473.5 4.06255438078776
474.519 3.9935705716037764
475.528 4.033150061907085
476.559 3.9470886638838487
477.579 3.740301849691405
478.62 4.2756572537298485
479.647 4.086288875709597
480.656 4.033150061907085
481.787 1.9581752053244508
482.808 3.612083862679456
483.847 3.6719036445478666
484.848 3.6842533704252998
485.86 3.8955317683544863
486.887 4.21011581133716
487.899 4.90083028922016
488.919 6.607866601121481
489.92 7.040126021002247
490.927 8.208606839938435
491.943 8.261060384554638
492.948 8.984167826024926
493.967 6.98874850030661
494.999 5.226698381259348
496.019 5.111745861244919
497.04 6.103176181768737
498.059 5.615958616317811
499.067 8.20046338077183
500.087 6.109159687829294
501.119 5.668441950501315
502.12 3.609959089916623
503.14 6.981896786090623
504.159 6.863949419943991
505.167 4.415634128107909
506.179 5.277817234544789
507.196 3.6262906821983534
508.227 3.577049101644738
509.24 3.263994901408886
510.259 1.923803367461176
511.279 2.2441811098148428
512.296 2.5008901256540366
513.3 2.6599357775693857
514.308 3.658668277575124
515.339 3.834562013378388
516.34 4.308325326698188
517.359 3.8687714912411586
518.36 5.0817287867935175
519.487 6.930068965714547
520.499 6.408778070518672
521.508 4.789365698514663
522.52 5.403479549652998
523.54 6.607866601121481
524.559 7.363145741394463
525.719 6.075143230192455
526.727 4.920278028463098
527.76 5.2936314658749595
528.8 5.0134430562209795
529.827 4.4577696825922875
530.839 2.890233247488813
531.847 1.5139317010655684
541.64 0.15552623421653483
542.648 11.91446541935081
543.747 1.0414307242998817
545.179 0.444030247519231
546.192 7.4067576608893955
547.207 9.271526555491207
548.22 12.55382654388033
549.227 10.913052926115183
550.228 11.052760111275898
551.235 8.08232058086246
552.239 14.270303600888553
553.247 13.341799784445342
554.259 11.183946044630623
555.267 5.298760953729491
556.387 7.200471651910099
557.4 15.441206648972807
558.407 7.324603026406604
559.419 10.17864752376495
560.42 10.851422611097384
561.427 9.850328207926124
562.447 4.987069132921873
563.459 7.791063536708973
564.468 7.31008448720659
565.48 2.6910841983991944
566.52 5.258001254085417
567.527 4.67259158581111
568.547 6.857220057767575
569.559 6.157453440302253
570.587 5.3193787006311615
571.607 5.485776046214061
572.628 3.4145992413306026
573.647 9.484730107558969
574.659 8.922024372682856
575.667 8.578946306038223
576.679 8.293712797141811
577.687 4.9726606555467505
578.719 3.450355969870366
579.739 2.3688578381378895
580.839 1.618530618593735
581.847 1.1354487757991762
583.379 0.4980558598805787
584.387 12.009120252985326
585.399 11.183946044630623
586.4 4.753348066945164
587.419 6.364753098493519
588.428 6.679904790033609
589.439 8.306329836987995
590.447 9.583807405868292
591.472 7.371558242518321
592.48 11.60680970816936
593.488 8.578946306038223
594.499 8.176129661541053
595.507 6.360431381523522
596.519 10.05298520865674
597.52 8.893025376888655
598.527 8.71375187624234
599.539 6.408778070518672
600.56 5.656673377206827
601.58 6.607866601121481
602.588 6.812692654795059
606.468 0.3926446021352219
607.471 23.511739846112487
608.479 11.127988229615971
609.488 8.16653923353993
610.567 12.375234108802886
611.579 14.126354873246237
612.58 15.24518636038055
613.588 11.911514285430608
614.599 14.33967356024123
615.607 13.499224334501319
616.627 11.39734863827993
617.64 13.68367093282956
618.647 12.502339648521616
619.66 12.35487408812644
620.667 13.765202239281376
621.699 10.351067909611096
622.719 1.8701509248457024
624.2 0.2576035034898874
625.439 5.48250655467654
626.447 4.289473153019111
627.48 7.017139384997039
628.519 3.0448885192800437
629.567 1.9564328310475698
697.0 0.014855407625499873
700.256 0.4679165627288865
701.319 2.0512573968193117
702.379 0.83980362285524
703.419 0.978232791457752
704.679 1.4130029209945305
705.955 0.6976425080145411
707.0 0.8518582203124923
708.079 0.7071562347887363
709.255 0.540689893237703
710.259 0.8866452591897952
711.32 0.5992943585744946
712.359 0.36719036445478664
713.479 0.5677243878995881
714.499 0.8727370982613278
715.655 0.6600532675926009
716.756 0.6930259558011322
720.643 0.19630089460690678
721.675 0.4929079956957665
722.899 0.5194863680126951
725.3 1.1864590825904886
726.32 0.4914158765481495
727.475 0.4339776572113528
728.555 0.3480862458882725
729.635 0.4641149945176968
730.759 0.4459467918853314
731.779 0.3685619074111121
732.919 0.4396878895430811
734.135 0.41220739644663856
735.32 0.42299088107941973
736.375 0.4751129801697749
737.42 0.47965951586517935
738.655 0.4058657441936133
739.775 0.5594243237490094
740.795 0.3685619074111121
742.255 0.343317941150077
743.515 0.49726606555467506
744.52 0.3740628314023227
745.759 0.40455544316312547
746.919 0.4321070638613039
748.015 0.4573395931378763
749.255 0.3031718915801083
750.679 0.26399799547706065
751.855 0.4262280561897215
752.919 0.5888677092094836
753.935 0.49335058472353593
754.999 0.4710941673675869
756.619 0.35370979552510917
757.879 0.39781285244374004
759.559 0.2556419758378263
760.759 0.417703495065927
761.815 0.3559972969311878
784.895 0.005429421512988653
805.323 0.006134278858418744
806.668 0.2795041974418843
807.683 0.44108258150827456
808.983 0.48196557122991585
829.903 0.07280441738444195
830.928 5.901599876441342
832.484 0.5637386501532434
833.703 0.30839470513481076
834.868 0.6453787906598014
836.043 0.42659080347158507
837.123 0.696172491776545
838.587 0.6847598279769296
840.003 0.6194755223435359
841.623 0.38676249543141394
842.763 0.8793757790861622
844.128 0.7344237275884432
845.343 0.5156833272418853
847.007 0.3765356025233717
848.703 0.517203620069839
850.143 0.08702156147206813
853.847 0.06766255319642447
854.852 0.3744354039435601
856.443 0.07876244407277065
857.463 0.7371238148222242
858.527 0.23554708368379346
859.667 0.4396878895430811
860.803 0.4412360863372469
861.988 0.31724316080956483
863.007 0.36892359721230067
866.743 0.06230557791492281
868.143 0.26852367539952454
869.308 0.21512626355326714
870.424 0.44914354308164195
871.587 0.5387405353386848
872.623 1.2095661054032638
873.744 1.2296356232984471
874.783 1.4472883370907963
875.823 1.3254053208822685
877.003 1.1681538421335247
878.247 0.9065911870401953
879.363 0.673715314622463
880.843 0.5080177642693707
881.863 0.4914158765481495
884.043 0.17244639704556622
885.223 0.5309790191516022
886.296 0.23357138587097506
887.323 0.36604980093411327
888.603 0.29369776996822994
889.743 0.4396878895430811
891.183 0.17404312294413626
892.547 0.5512216210547424
893.943 0.26929308421155757
895.003 0.3553243341770646
896.163 0.19938471344342062
897.267 0.3405191535863536
898.443 0.22955605993600725
899.911 0.3414469986914935
901.003 0.6885222446141656
902.067 0.5888677092094836
903.211 0.63252293068075
912.063 0.014156241360119533
913.364 5.70454413611591
914.387 1.9598990970835284
915.408 2.20920555666602
916.423 1.9753465776516745
917.908 0.5906918112043412
919.263 3.0386835005190207
920.427 0.968899859689006
921.663 2.4332242431024875
922.743 2.4366037212179075
923.883 2.1984394477154057
924.927 2.040505579345046
925.983 2.135983781587127
927.063 2.1708049261380395
929.667 0.04812252247303307
930.807 2.6700927772994523
931.863 6.526617110405109
932.867 1.8721770197178005
933.927 1.8914875248268392
935.003 1.9798213985466802
937.367 0.21203223099793253
939.543 2.468072899081367
940.563 1.1056857222333363
941.583 1.4742476296444484
942.587 0.9984944105161602
943.803 0.9274666420049367
944.823 1.4742476296444484
945.987 1.5071775595162316
947.027 1.9278622849196634
948.147 1.7917576195857463
949.167 2.2113714444666726
952.268 0.28286918401755784
953.367 3.420683763051268
954.383 4.810168201054474
955.467 1.2716065809202577
956.503 1.8143491581048954
957.627 1.337840375655994
958.748 1.676775849952428
959.847 1.368273505220507
960.887 1.8073708921121845
962.008 1.2296356232984471
963.063 1.187782450424437
964.083 1.2285396913703734
965.143 0.21959777272655814
966.603 0.4291474264375963
968.448 0.4075156049423679
969.603 0.542472071514191
971.187 0.5537735730040699
972.327 0.10992197238577027
973.343 0.49335058472353593
974.683 0.28054712355174205
980.051 0.09337634017867222
981.312 0.3974973783339512
982.547 1.0146643604840335
983.867 0.6645282876048839
984.872 0.7481256628046454
985.931 0.5916480100083952
987.047 0.5614294288520525
988.067 0.7371238148222242
989.071 1.2481180131452003
990.331 1.0939853442202854
991.391 1.252245897797113
992.627 0.7530119041154212
993.635 1.4917981966640252
1000.307 0.13147142380672164
1001.352 0.7194892737977692
1002.527 0.7465339060752738
1003.571 0.9602379196917863
1005.527 2.1782084098529935
1006.727 1.1486846114312994
1007.807 2.6686612184767564
1008.867 0.5910898515083872
1009.907 0.7229483568448738
1010.951 0.7201784397688397
1011.987 1.0886094948629372
1013.007 1.1056857222333363
1014.087 1.0442587376648176
1015.107 0.7371238148222242
1019.747 0.16204014894798893
1021.151 2.0401037450181567
1022.231 0.696172491776545
1023.311 0.696172491776545
1024.451 0.769453806700392
1025.531 0.9282299890353936
1026.611 1.0442587376648176
1027.707 1.143348982844691
1028.787 1.0442587376648176
1029.803 1.1100388156279557
1030.887 0.8092041878583458
1031.951 0.8244147928932771
1033.031 0.696172491776545
1034.187 0.7588039270228778
1035.192 0.8728132732720865
1036.227 0.7264408609842209
1037.252 0.7335280888962622
1038.371 0.7838939585687639
1039.691 0.6645282876048839
1040.851 0.7593929037740569
1041.971 0.7798740275883816
1043.067 0.8003442879912835
1044.227 0.7561873617572819
1057.188 0.02094323724870984
1058.471 2.03484709117254
1059.491 0.4965196022689759
1060.531 0.5974513868881227
1061.831 2.1206485134116297
1062.887 0.49579049859457214
1064.471 0.46057810522848036
1066.187 1.8743827853335007
1067.371 0.7760335654733032
1068.407 0.4838264421613055
1069.691 0.7807541963849103
