0.0 34.14436878360468
1.208 37.03002685370705
2.298 2.225502984177514
3.309 11.140356946209033
4.509 18.642004459449563
5.59 18.233726809808616
6.599 15.221018078107399
7.819 15.510372614821684
8.839 16.442016639136646
9.849 17.75774342439652
10.969 15.318559355033132
12.038 18.838106886019194
13.288 16.685005880020977
14.289 18.00626777139052
15.369 20.62781191246085
16.389 18.90274110731302
17.418 20.469784294006622
18.479 22.963400071640656
19.48 24.06067272834598
20.481 23.868055833534676
21.499 22.718886970107935
22.649 20.48791738510787
23.65 24.7224249748515
24.651 28.33996256613056
25.799 19.84652660373921
26.8 24.382166144564856
27.809 24.893818902453237
28.999 20.49757217101208
30.009 23.010888847444676
31.019 18.12924626219701
32.02 22.31843585531036
33.218 16.957957807713218
34.238 9.161054378307275
35.249 14.778312822345606
36.269 17.892912628444254
37.349 18.003373980264914
38.569 15.348260132367683
39.57 22.890238183143932
40.579 18.12675089346307
41.778 15.753027999890028
42.78 20.51352254262581
43.789 21.347735564090566
44.809 26.694933791732474
45.819 17.96124766818959
46.858 19.507343273244704
47.868 22.872708851092735
48.878 20.70486606071701
49.889 14.80739300173188
50.898 16.401250865706327
52.0 9.43421052555511
53.109 19.45315826358205
54.11 26.48001536848803
55.149 18.302169896901507
56.219 16.753131914320743
57.229 28.695328007715915
58.259 13.715480485012382
59.398 16.51130725783877
60.439 22.49609834150215
61.451 24.3325166888931
62.489 21.502694350236457
63.499 25.09219622297486
64.5 26.715591103768524
65.739 22.014799241570874
66.74 33.82628726085267
67.778 20.76447630598142
68.878 20.806971702070285
70.009 18.70415685402996
71.019 27.095729318022197
72.188 20.98159210324704
73.19 25.326618002802345
74.409 22.420311879787274
75.41 26.21171647313894
76.418 20.68973382993372
77.459 18.947324362816243
78.468 26.390380540437175
79.469 16.061798667409686
80.518 19.185231458892464
81.549 17.920641158870197
82.738 20.040340230814397
83.748 23.318911887143553
84.888 15.237600023920127
85.908 14.826443270155194
86.988 6.6509334605491315
88.008 11.978376906165561
89.018 12.799095079224132
90.019 12.872143534089082
91.028 13.182112472415703
92.038 13.331526121897241
93.198 11.898029900489073
94.2 14.798262179835234
95.208 10.586584166186373
96.218 8.722247222451175
97.238 11.026383366553786
98.248 11.357811624505386
99.258 13.285414888409385
100.268 12.794176547652096
101.298 9.78591996627345
102.348 12.80961283200541
103.359 14.49952366614463
104.578 11.006584994316274
105.579 18.365757273944954
106.588 20.267663322017246
107.609 17.471243777692177
108.61 20.915682382228
109.626 17.65562519624985
111.079 13.40084794564832
112.089 23.462317823290785
113.098 16.616039652165377
114.099 16.91104996852621
115.108 19.604080475854527
116.119 16.628768936786
117.12 17.64445197783594
118.128 20.808166812531873
119.148 18.30308410554317
120.149 19.70709666462371
121.329 13.17957918693702
122.339 15.850275399115551
123.468 19.881730306628235
124.608 20.124787013332867
125.668 19.88155868702408
126.67 27.30276660882023
127.678 22.52906427358754
128.858 20.736271197423
129.968 22.04662125663176
130.978 21.007048344174088
131.979 20.92808926756206
133.198 17.56071618864776
134.199 27.849735509368447
135.209 24.476764960023612
136.218 24.444558083813053
137.219 24.77050165552099
138.239 24.101188963265027
139.459 22.531726358408182
140.469 25.736831267135088
141.478 23.445568188117598
142.648 19.1580850958774
143.658 26.225292575231382
144.788 16.528099649680016
145.789 20.36357598486225
146.888 23.01298238415708
147.889 24.104096827015198
149.068 16.913648679580707
150.078 20.80031631403687
151.128 21.334421999602366
152.138 20.44602833673851
153.188 22.685907120763044
154.247 20.571431733239326
155.248 19.122577279322723
156.249 18.15313427653247
157.268 18.322874074079436
158.278 19.947412198623162
159.28 17.23300740473301
160.298 17.05822725517703
161.308 15.859497645813123
162.429 16.49239907440107
163.449 21.38188143772648
164.458 12.634998954921011
165.468 13.854427509649524
166.588 17.266974430122943
167.708 19.74071447743943
168.888 17.467855644714685
170.069 16.769725065428048
171.078 18.77171710981227
172.088 19.624633564208175
173.098 10.837830614874
174.118 19.455064777217277
175.159 13.33715553498555
176.218 11.175750483121808
177.228 18.405759959012517
178.229 15.472471614041753
179.368 13.89319724639919
180.379 20.647226866825427
181.488 18.952159088049836
182.489 23.49057634724584
183.548 21.644340134487653
184.928 14.824460622834838
185.968 19.30229682911411
186.978 21.041939177513232
187.987 16.685116006251235
189.088 16.466005686429416
190.177 16.87880459886506
191.368 16.19721797177795
192.378 18.082673916374276
193.379 14.114072756028666
194.38 15.7787665957264
195.607 14.403772643817419
196.619 17.57326778002912
197.718 11.37060221215294
198.728 16.77958386332147
199.738 13.144109930564976
200.748 14.02550018588947
201.848 12.402639077556183
202.858 13.065003192337434
203.908 7.688281127390504
204.999 4.477092236377983
206.128 1.3625195593666215
207.258 8.2655610219021
208.489 0.5175545823355044
209.658 13.749399478479111
210.708 16.764270311581598
211.728 18.019388508766777
212.838 19.309481977061985
213.978 22.752905934051892
215.088 24.850612131706836
216.168 21.70961276018276
217.169 23.190019550028197
218.178 21.88546383845613
219.189 19.76814120960434
220.268 19.857343298616467
221.281 27.042150613800196
222.288 26.194901878541458
223.289 23.54532172878239
224.458 17.542383058145315
225.618 24.179746339695903
226.628 19.99152527865988
227.708 16.88319406978168
228.718 23.57175515076863
229.719 14.071579173759503
231.068 15.100165380469262
232.078 18.850887066281953
233.28 9.659564306084159
234.287 13.025765600616074
235.29 13.93656940816374
236.317 10.27357833119812
237.328 9.765144518947547
238.358 8.69802614055016
239.368 9.915298536893632
240.449 6.246409971956994
241.617 7.985083882243819
242.618 16.006898199806464
243.619 13.594379346598151
244.622 8.96529265349307
245.647 5.159913007592639
246.799 6.010473866856474
249.002 1.831606010931323
250.178 12.803830891112453
251.338 10.473290838337265
252.888 6.281557817871511
254.018 8.556397765579767
255.028 11.006136617104675
256.039 14.148288638663843
257.199 11.313466663265787
258.228 16.055378285283627
259.407 19.048313283703322
260.479 16.201030478079733
261.488 18.003819594115978
262.499 20.042999432560805
263.507 15.956264753009972
264.508 21.675914281072636
265.519 14.394893278925338
266.52 22.152338677900605
267.527 21.527800927076846
268.528 15.144619669089169
269.678 11.153199374551116
270.688 17.156760347938132
271.828 14.815453029620489
272.939 17.096787798201802
274.048 18.90540476432037
275.058 18.99244855308967
276.148 15.94212700204211
277.158 19.976154867497257
278.348 15.160276975926559
279.527 17.81230929660124
280.657 9.627561719502655
281.667 12.031804153986212
282.688 8.944079891206417
283.698 4.37134493464873
284.76 4.999291359502559
286.183 1.790891611679567
287.197 4.984251448405455
288.207 5.256680617615561
289.238 3.9409570230146334
290.258 11.65952375420926
291.267 11.292447618121606
292.287 8.905058673490807
293.298 10.5029622626938
294.327 4.643354906809582
295.338 8.54286996323055
296.358 12.730231116506435
297.387 11.016539801320725
298.597 8.392131439699385
299.608 11.133139998455428
300.618 8.185051352317656
301.648 5.963671778362308
302.657 8.83997588896936
303.677 8.84798472027667
304.777 5.860918029310105
305.787 9.251757887003388
306.827 5.655853151357066
307.847 5.4133503144542985
308.877 3.457054680051967
309.897 5.4133503144542985
310.937 3.983577541574717
312.237 3.593952102259008
313.257 9.707442357077264
314.267 5.4438922255762545
315.578 7.670049722796777
316.607 9.287313277769767
317.657 2.57360261503599
318.697 3.4714310078638144
319.877 4.711700546032226
321.143 8.677195648905085
322.307 8.707641634496923
323.588 6.789617353771653
324.647 7.544075017549192
325.664 7.517518476165261
326.667 4.4476667649122446
327.677 8.179671708410739
328.679 8.053948187787833
329.698 6.792067038976008
330.707 7.464191560106158
331.887 7.063077768884574
333.058 8.29857424271478
334.077 9.973825110640409
335.147 11.351320139641473
336.307 9.243941502913017
337.308 11.00583780771284
338.317 9.223693862150395
339.347 8.823274099704504
340.399 7.111431931379567
341.427 8.88317662346474
342.439 5.4362015522597495
343.478 5.109959021936204
344.704 6.284987452178956
345.707 13.91041212519916
346.717 11.526117626736061
347.727 10.13294355895631
349.478 3.800172204454336
350.527 6.883295039424913
351.547 6.351037316460398
352.627 8.991768805373912
353.727 8.52034010410891
354.737 11.267587310980817
355.747 14.467092098591502
356.767 11.926934249668554
357.777 10.35904230715843
359.337 10.823990347848277
360.347 12.76328202121523
361.477 15.149613165947516
362.547 20.10155300230481
363.717 20.716998175852634
364.727 21.962319397930834
365.736 14.857147586297796
366.887 10.436224740010763
367.907 12.535418689535522
368.917 14.085291085312058
369.927 13.681971496404946
371.087 10.465930266439992
372.097 9.251757887003388
373.102 6.478421836834093
374.117 9.460380553429921
375.307 6.625274943847022
376.327 4.788732970478803
377.367 3.8798346558477923
378.427 2.9510464412833244
379.777 1.730421382569152
380.817 2.654623711895858
382.147 3.7871837908883177
383.217 2.7786715489003377
384.227 2.312939471750847
385.247 2.914880938552315
386.277 2.992386258785009
387.307 5.154609149312346
388.317 3.7848100446832036
389.617 2.910413365106876
390.678 4.003202581558316
391.707 3.7100975979030877
392.747 1.9761900203435259
393.898 7.501479090555572
394.927 11.649573695302564
396.127 7.223500204733384
397.146 6.877533463596728
398.147 11.689457189619645
399.157 10.328762597168073
400.167 9.082990772437833
401.357 6.037837203679591
403.627 2.245320496405307
404.687 7.144900828012321
405.717 2.886581123614914
406.728 5.461540376600777
407.837 4.859510024755705
408.847 4.205344494092448
410.067 3.829621092571074
411.107 3.3775036166920436
412.127 4.580527189153638
413.337 3.0563262319261093
414.367 2.886581123614914
415.407 3.063027359879836
416.437 4.216681291529576
417.467 6.597899711119802
418.477 4.705036560989178
419.537 6.490837631646499
420.807 6.95468140573352
421.837 7.422637175009778
422.857 4.362276392062785
423.907 4.600164977550973
424.967 6.811864619204466
425.977 5.5172090868219446
426.987 5.940510210240462
428.007 4.6549516241448705
429.028 8.32007431740132
430.057 4.9307547085339385
431.077 5.9143835250701216
432.087 8.7253213046837
433.097 9.041490662298765
434.157 4.092654729611042
435.367 5.189673246638029
436.387 6.454379221080126
438.294 1.333755137143296
439.327 9.199202984340232
440.917 1.869923620958089
442.668 6.492732917640024
443.677 12.62853698424194
444.688 15.658934000365328
445.737 14.064789242602004
446.877 17.17729737450208
448.037 17.105701432098446
449.087 16.40618071925568
450.088 18.989668520181585
451.377 9.693358742923705
452.449 13.591855291929036
453.457 17.501859811020218
454.527 13.839676224394486
455.637 15.072530099540424
456.657 19.210027271417925
457.658 16.197343889684312
458.887 18.25883533679482
460.097 18.374522456458802
461.307 19.29506400267952
462.397 20.824959736557783
463.507 20.285403385923967
464.527 19.99643024810442
465.657 17.680730863404914
466.818 17.66165624559773
467.819 22.72739781313437
468.828 24.189156385545
469.837 21.98731680487387
470.838 20.679641388747473
471.858 12.871470126060348
472.867 23.110622707919074
473.907 8.582596691569734
474.908 19.77269807082756
475.917 18.429232663821494
476.918 22.792533961138194
478.027 25.177903243343227
479.147 23.861535433718878
480.317 16.915309727734847
481.498 17.515960479584592
482.587 16.517288011762354
483.627 17.483736286939838
484.727 19.905334194590335
485.817 21.791869998914184
486.888 22.117443299264135
487.947 19.433143205340265
488.957 20.919898112882045
489.958 21.768965921078095
490.959 21.658544641604944
491.96 24.273760983958496
493.047 16.345308124538324
494.207 21.231101237649046
495.247 22.171571288744236
496.438 23.48916050268419
497.449 21.919589654898754
498.467 19.12821095589018
499.477 18.80554435335223
500.587 17.3435136130074
501.667 18.466078860522266
502.677 19.90917780577353
503.707 13.168971339532659
504.717 16.957098706935717
505.767 11.555412166563329
506.777 16.443726974104255
507.817 17.944086012956866
508.818 5.940416697948773
509.958 12.694473858892756
510.967 25.6117130736091
511.968 27.092295159723975
512.969 25.470405074428754
514.137 20.08020386573311
515.317 20.51209244803899
516.367 26.884219285786426
517.368 27.621914077421735
518.567 20.875468138296586
519.758 24.64476110199231
520.761 25.22691994974779
521.937 20.78145723778282
522.948 27.260500125685468
524.167 18.889116897635844
525.168 25.725056395910368
526.377 18.8134557290035
527.379 23.50741479371869
528.577 11.404134297372176
529.848 17.07921390266087
530.857 20.629072110711007
531.859 21.997764302378958
532.867 16.07315764480711
533.877 17.217627176142102
534.917 19.16144984822183
536.127 16.402190025789672
537.138 20.290678937381347
538.147 18.401004890543323
539.158 21.40807742255127
540.159 21.435375791658508
541.337 18.104307574367354
542.338 20.729579102217073
543.457 20.964214758149705
544.637 21.140424435749104
545.867 21.134126654935077
546.878 17.996610864214016
547.887 15.20455543852024
548.907 9.734381262994335
550.127 2.0579632486095156
551.247 18.376532847715172
552.257 19.41159966549428
553.387 10.320239500146393
554.527 18.47533129374858
555.547 23.892374393105577
556.607 20.74695488660438
557.608 26.321982666545413
558.617 21.85715425262401
559.618 21.312857798984652
560.627 17.990434083423615
561.767 19.038965619363488
562.777 20.116025609077088
563.787 17.037332253204585
564.806 23.673894926803417
565.807 16.59343370397423
566.817 13.960944459006473
567.827 20.789557026223036
568.867 12.303458436195694
570.037 18.11969427420014
571.127 16.00450830929091
572.237 21.093356664656508
573.306 19.81524794252036
574.417 20.67042941610411
575.438 19.157001525444887
576.452 15.106311422337347
577.457 20.602541988062473
578.467 20.654143703880365
579.478 26.720979385843748
580.487 23.389102872898096
581.497 25.51334548883061
582.607 21.96004983902133
583.617 17.073141959884985
584.657 11.157659312685087
585.837 13.567813629092072
587.057 5.396284266804694
588.087 14.91807190028616
589.118 10.080435938553498
590.127 13.691377304504408
591.358 21.53942619598485
592.597 10.793332220090946
593.607 16.757283361821674
594.617 21.617253667330047
595.627 14.687042682328576
596.645 9.76311304604813
597.656 12.20370509926685
598.667 12.149040558835285
599.676 11.702013474018926
600.817 7.258102133390554
601.836 14.963632250751687
602.846 8.980908392351006
603.947 14.717171480289265
604.948 19.74230120175911
605.967 16.968360738423787
606.987 16.33532639592836
608.207 9.021546923880384
609.217 9.401619395838917
610.226 5.472366026504841
611.237 8.516459005493951
612.238 6.2947883603029124
613.266 4.758564167380617
614.277 5.671599621854653
615.279 5.168553344103456
616.306 4.717698517129305
617.416 7.560383995451572
618.449 5.13963932603264
619.486 3.6823740358329142
620.506 6.870790783730456
621.518 17.09677564767915
622.627 19.929940379218458
623.637 23.216852357023768
624.647 27.021182823883493
625.837 10.162555495621367
626.866 10.112852235793744
627.906 9.455380364728477
628.917 12.767701888607117
629.929 4.8359459883455225
630.936 9.63512616326017
631.946 8.831223437594142
632.957 5.562731197231116
633.958 5.728258958736317
634.996 9.01864353822263
636.187 15.091369155768774
637.188 25.04577942387049
638.197 33.139601201837536
639.35 25.184881268673333
640.366 21.487147977912866
641.368 23.45940404784401
642.587 23.586467118230747
643.588 29.917498036356516
644.747 22.290700739510513
645.847 22.24902088272695
646.927 21.614455683223966
648.127 22.239588806628504
649.137 24.857182636298422
650.187 16.56452669505298
651.407 24.642497048319434
652.587 21.726657127800248
653.598 26.74574505584937
654.626 14.008399855882967
655.638 8.566335664621063
656.687 20.557687560449622
657.705 24.497755385373804
658.767 24.3402632620506
660.226 21.270272376851466
661.227 17.841411282514173
662.228 17.437877337023814
663.238 25.53317331923039
664.246 17.929429087272116
665.256 21.594659162921
666.347 18.120811696240136
667.356 21.778841322251456
668.357 21.642105518537317
669.366 21.042792090616302
670.376 19.373757378079063
671.377 21.235780023846793
672.547 16.379931885517255
673.556 20.085402199614904
674.557 15.344990867234266
675.566 25.184146013677218
676.737 16.52840611621708
677.747 26.837352706378578
678.758 21.40208889143658
679.767 23.321406037212586
680.777 24.676272896914405
681.786 24.018068018994356
682.787 27.6599101637573
683.796 24.414863789978273
684.797 26.205978288671936
685.917 17.80338805611694
686.926 25.55970959528705
687.927 26.776384841905426
688.937 23.493366053839278
689.946 25.126142134010323
690.947 21.114347633639664
692.017 21.24337344350394
693.026 28.561602688605088
694.027 22.306184056042973
695.036 22.778908213060088
696.037 21.946539467421857
697.207 17.703727595697938
698.216 22.23641038890759
699.386 23.03380652460125
700.597 26.086410517069925
701.937 24.35084917532471
702.938 29.816692093017263
703.947 29.26980390374234
704.948 25.676669543107526
705.996 18.778550508740565
706.998 30.032346078896524
708.006 22.119708138677392
709.177 17.394698250500927
710.196 21.980867517159822
711.216 17.999602871652545
712.226 17.984764397268396
713.267 21.085953922354616
714.406 19.997486542163905
715.407 23.350378542970947
716.606 17.397885051132782
717.607 24.68582466311602
718.617 25.307689387474774
719.627 23.807383553891576
720.767 21.392339884715454
721.777 25.575749358150844
722.877 14.295452114448647
723.887 17.784795348042728
724.896 15.03700577019861
725.996 16.5979606662605
727.176 17.490547062415434
728.186 17.260049510950928
729.196 14.99352868091119
730.217 15.276580899450753
731.236 16.940805165185196
732.246 8.52980967469519
733.267 7.069934495806406
734.303 4.714775704525462
735.366 2.8200438941266865
736.396 4.742240417367358
737.426 4.273050409127319
738.436 6.728551190547918
739.449 6.463426315958026
740.466 8.89560807986125
741.586 9.815260490313356
742.597 15.823541829979478
743.607 10.127102802714516
744.667 8.655280081062193
745.676 12.212355301220809
746.686 12.521659157738867
747.796 13.273817843951104
748.816 17.58227812575079
749.836 17.161300646843323
750.856 14.926764381307454
751.886 7.869822126647489
752.906 7.287202346380787
753.916 4.089451593926304
755.886 0.10780197814805516
757.026 4.288417585503406
758.487 0.2907185447661446
759.499 8.417537326518122
760.507 5.688479382633982
761.556 3.6375858287982537
764.846 1.6783031370040684
766.024 3.2512347022996013
767.036 6.721895848124032
768.146 3.845085596710017
769.176 9.484480834734716
770.226 4.167855329342481
771.597 2.3235218484865277
772.776 1.2608899734195764
774.816 0.20820578132516535
776.307 1.566779923855369
777.456 1.5424134027047733
779.477 0.3152447752869896
780.826 0.6297105914059856
781.877 0.6061938067126603
785.966 0.15581063606138565
787.076 0.9566211574399489
788.136 2.6045364720487663
789.426 1.9927428281102275
790.576 1.6620252804913198
791.657 2.16302672821144
792.948 1.8095033822373008
794.176 1.383517243984812
796.116 0.3284070571417556
797.126 6.79014647570114
798.166 5.736906945529324
799.206 4.0840364798397815
800.495 2.635125230414863
801.776 2.9864516758828406
802.786 2.943741145864714
803.916 3.323809247301578
804.926 10.092826785821877
805.946 5.527802615299712
806.966 9.419028646835166
807.987 8.75097875116439
808.996 9.187383741191805
810.216 6.176689176451771
811.227 10.324074089652306
812.358 9.216465465998589
813.377 9.387667350515803
814.426 4.439689782910806
815.436 7.1956579857798975
816.636 12.52071643918756
817.646 16.409758365434868
818.656 13.010438232710138
819.746 11.595089879101748
820.747 23.041292012086135
821.957 25.614790202503894
822.966 21.002020132760258
823.967 17.61560596943425
824.976 22.47273388802791
826.006 19.144248524459208
827.016 28.15106174844759
828.018 12.536575206048555
829.226 21.89015913467743
830.31 19.60807464025621
831.316 17.82727054728756
832.397 20.290779790273767
833.406 26.32052971452531
834.606 21.758988071263346
835.616 28.256810177246408
836.646 14.986347863579685
837.676 12.933698097366678
838.686 7.607431300826449
839.696 7.149085639957162
840.706 5.860891480418098
841.726 5.50390765355406
842.766 9.393283903631499
843.796 6.525102160853199
844.816 7.038359910367157
845.826 8.620956212889519
846.856 6.703855565855668
848.096 7.3680706147994215
849.106 9.251757887003388
850.126 6.056079126249747
851.136 9.672292336412632
852.146 7.820465199540343
853.173 6.273133241296578
854.336 6.529205283958808
855.366 6.804084077092296
856.406 6.171582173208178
857.416 9.059627747470655
858.456 6.498185675324022
859.546 6.819216874594865
860.556 12.009517057800414
861.616 13.311928847664902
862.626 15.456639169240889
863.627 17.625531477701497
864.636 20.106267911485205
865.637 24.419386800567047
866.646 23.68589195480115
867.807 22.85802289320928
868.817 24.525796571632366
869.818 26.75203632943733
870.827 21.097718841388406
871.837 21.328289937472817
873.063 13.361122312461347
874.086 10.973665946744285
875.196 5.548402713151704
876.357 6.453138046945112
877.376 16.92204738176657
878.416 20.425406861070048
879.418 26.89762128504628
880.426 22.34255927758446
881.436 24.880545661265604
882.486 27.27557483941429
883.506 25.92938183262021
884.516 19.05454501418665
885.566 19.212497214688447
886.567 25.602538403236508
887.646 19.534199990868977
888.656 22.340124104308
889.666 21.18642104244185
890.746 15.696317960342425
891.756 23.16320962206623
892.759 20.609926877399413
893.776 20.225464599037952
894.836 12.562084789135342
895.845 17.9130442917195
896.846 7.691493476784916
897.855 6.402889804291089
898.865 8.977215837677251
899.866 12.451550121264388
900.886 6.228822957977863
901.897 20.894292163326515
902.921 22.558783213263403
903.966 24.273625487710763
904.968 26.211585532208392
914.954 1.636499189670012
915.965 19.651288076827882
916.966 31.002480158820216
917.974 24.340365064662866
919.124 25.464678757417285
920.134 28.450323653783773
921.135 29.192315588580602
922.144 22.69874900535066
923.294 21.365502371176266
924.295 22.320141802043793
925.296 24.529032649706814
926.304 20.688655766373003
927.305 17.209590646877075
928.474 17.81156510828128
929.484 23.4483307491328
930.486 28.257918012669723
931.494 29.811229617113238
932.514 31.246695708466188
933.634 27.157221941537784
934.764 28.318871272795576
935.944 24.01330668357693
936.974 21.74536679050694
938.034 27.125023001636084
939.044 26.066833994796504
940.054 25.72699420399101
941.064 23.698407338748606
942.224 24.067597989697482
943.226 27.927139708173588
944.244 28.39479630711571
945.245 20.55262590014002
946.305 26.116248416645536
947.385 24.95616523781325
948.454 26.071800406133907
949.522 22.936444247042896
950.625 22.479284852733944
951.634 29.711679613035017
952.684 20.31337876070775
953.844 22.653297556781805
954.845 24.969942337266033
955.864 16.592217062151853
956.866 27.527156490682838
957.874 26.46168613398278
959.034 25.52351911097773
960.044 23.298622944408898
961.054 12.674133636472042
962.076 5.709593394601888
963.581 1.6911376639177298
965.634 5.263832013983087
966.644 17.33336637219662
967.823 10.784849107443321
968.833 9.903002207963537
969.834 12.215509127783863
970.845 15.428452328489547
971.847 24.39021328506247
973.004 22.75550846962441
974.005 30.082664697366212
975.014 21.162953973958075
976.165 22.803859825175177
977.226 25.727599748935962
978.306 25.624995870878628
979.314 24.636832543858514
980.324 19.51688698195822
981.325 24.55446676464164
982.334 25.533246286791805
983.335 24.194822176020523
984.344 28.53975507345204
985.354 29.568674769975903
986.444 27.605982508754135
987.584 27.869736034312837
988.744 23.462023665421984
989.914 25.1673772392154
991.105 25.275631949409146
992.194 22.853695030887067
993.365 25.379938202201213
994.374 29.83676490260846
995.394 21.469242635446253
996.414 25.680235002189434
997.415 21.79346951961287
998.525 18.980398704626868
999.705 24.640980869792365
1000.714 18.398307518428794
1001.854 17.754004639295296
1002.865 25.39505717621859
1003.874 15.925219025681416
1004.884 18.329983831980808
1006.134 11.82912745313014
1007.145 10.873483431405498
1008.153 11.383581155712333
1009.172 11.431477072799133
1010.174 19.244015551037375
1011.184 22.804617929642337
1012.185 21.820454495214452
1013.193 16.535492903272218
1014.224 17.888418455973124
1015.233 12.19743122608105
1016.917 5.54885716500797
1017.934 9.086649716969125
1018.944 13.918214715974393
1019.954 11.105429473215189
1020.974 12.619735943083871
1021.983 13.24503975831428
1023.014 12.235140978072826
1024.033 7.1124518713777425
1025.074 6.601700855672837
1026.084 9.46202511170801
1027.119 8.911592124676131
1028.143 8.116201516816101
1029.154 7.288810126981715
1030.164 15.689039786019682
1031.324 19.13721927574531
1032.364 25.370882468291242
1033.365 25.653871891306185
1034.554 19.91774019513302
1035.564 24.040992629260586
1036.574 19.167517536231895
1037.584 22.293705462596893
1038.759 22.88796283956655
1039.764 30.70129360415172
1040.814 25.060505362854904
1041.984 26.107448664155783
1043.154 28.079924093314894
1044.164 31.187332769511265
1045.173 25.1573749922925
1046.174 32.76146632705682
1047.225 23.944507657107508
1048.404 27.09241209909062
1049.414 26.447405375182946
1050.415 27.358577936206274
1051.514 25.370557306151124
1052.524 33.84979539110006
1053.525 24.4958442314382
1054.526 32.02372190788017
1055.584 32.09764900256706
1056.585 30.62251929546457
1057.755 24.959990981321003
1058.76 24.67172343928705
1059.764 23.60608719923981
1060.771 27.395361517474374
1061.784 19.720070616878765
1062.853 18.585807718836953
1063.854 19.432594326607592
1064.873 13.576821442690349
1065.893 7.949564598081898
1067.154 6.371781397693001
1068.173 5.632600410309483
1069.189 12.833981676623193
1070.193 19.068066689440904
1071.194 18.56380218108992
1072.204 18.34981166238059
1073.205 15.929820424668604
1074.264 20.368694703737155
1075.404 19.97667665250778
1076.413 20.55552873012539
1077.422 17.259462114464874
1078.425 14.145208564591277
1079.443 15.732120119373171
1080.444 11.14603561198774
1081.484 16.68887173083067
1082.494 20.449256123082662
1083.584 10.752942231242946
1084.594 18.145538898029386
1085.595 28.411922501068116
1086.773 15.216400425642393
1087.793 8.740990082651239
1088.804 5.983771000218051
1089.904 13.964223945824534
1091.044 19.177457068783724
1092.133 20.53545364293901
1093.134 24.427296189967507
1094.145 20.428875809258898
1095.154 18.98080801821364
1096.174 20.853300532359306
1097.185 20.388645164334548
1098.193 22.419409808555173
1099.273 18.027953829449135
1100.305 21.304742229270737
1101.313 20.833578310748642
1102.494 22.359195257565535
1103.585 20.84518381333707
1104.586 25.238086146548447
1105.593 17.758693734028082
1106.693 16.672758676218226
1107.803 20.87951547317615
1108.864 20.907661903844808
1109.865 22.323398609443984
1110.873 16.907270822637564
1111.874 19.869006518233213
1113.084 21.590708586167633
1114.094 20.768192154707
1115.104 23.314915580241273
1116.105 21.796416154879708
1117.113 21.733145347622294
1118.124 18.63016674573265
1119.133 21.28003872840506
1120.134 20.721824798883286
1121.143 18.677403109186777
1122.144 20.647073314745562
1123.145 21.56518282946613
1124.154 19.773937990847255
1125.167 19.08010314022283
1126.363 22.186764413266395
1127.364 26.454426167486524
1128.465 22.57581421244215
1129.624 21.367424410042272
1130.634 16.719318446250007
1131.644 17.797245381084444
1132.645 19.43554096187443
1133.653 23.459433126481514
1134.654 19.78262357909481
1135.674 21.456762464343427
1136.693 13.28142144743264
1137.793 12.022862766619886
1138.803 15.325529562023753
1139.863 17.0460643867915
1140.864 23.710953647992117
1141.904 19.368722130047175
1142.913 20.51906475272206
1143.964 15.862366691733085
1144.965 23.15000734482585
1145.974 19.663622919968827
1147.194 16.05918826382019
1148.214 22.73430583308863
1149.215 25.285852655084582
1150.223 23.023895447954093
1151.23 20.212028098222042
1152.233 21.82028162759477
1153.234 17.732695949774453
1154.374 20.92800533062949
1155.483 25.94682989078621
1156.493 22.168590315733177
1157.494 17.17299033514159
1158.505 22.553422386256432
1159.513 23.36856776922155
1160.693 17.72840808288861
1161.694 23.87518979260176
1162.844 19.709686736794644
1163.846 23.906827350203613
1164.864 20.896709628143782
1165.865 23.386048338306374
1166.866 19.793014345562085
1167.873 20.035666748929724
1168.884 20.20944988713332
1169.893 14.252184045580941
1170.913 14.850642626317988
1171.953 10.754778667250601
1172.963 12.873641573362834
1173.973 9.73930732908165
1174.984 8.88621241380633
1176.003 12.280352149424177
1177.013 10.336447802749383
1178.024 8.129200660077084
1179.033 10.292688440202452
1180.043 11.931742777317565
1181.044 9.972034087252144
1182.053 11.271061572302777
1183.064 10.756323194469308
1184.083 14.018778836317281
1185.113 6.927372681891638
1186.153 5.717651071775694
1187.173 5.713026618130653
1188.204 7.849089049620098
1189.213 10.679945111612504
1190.223 14.0908244333306
1191.233 16.945878306787
1192.234 13.700923474404409
1193.344 15.46495580792942
1194.353 19.196360897294085
1195.354 22.3220028348439
1196.373 19.380006909094003
1197.385 19.356822983009664
1198.393 20.2079934273758
1199.403 15.968320156844463
1200.413 20.791247771450927
1201.423 19.28925119263984
1202.424 24.81082403285669
1203.433 23.106930153245322
1204.434 22.798117059538523
1205.435 21.929480000087523
1206.513 20.16536491407442
1207.633 20.43126039079914
1208.634 20.449493665800627
1209.644 24.463700110535385
1210.653 20.92078392993765
1211.654 22.511828180455048
1212.663 21.20049494647459
1213.673 21.822756064574257
1214.674 20.404673792531334
1215.784 19.839959177379196
1216.793 20.37613211555879
1217.803 13.029651246663413
1218.833 20.671188445268662
1219.834 23.46870921184456
1220.843 16.0686132321789
1222.043 19.478236802222217
1223.203 19.971506643156015
1224.343 21.51043200631321
1225.523 21.98815146629928
1226.533 21.670435289952707
1227.553 20.977493454553265
1228.713 20.89666361635303
1229.723 20.614641747192437
1230.724 19.993075371573834
1231.733 24.201772614013663
1232.803 19.700102283016633
1233.813 21.173817305288505
1234.833 18.92054818071583
1235.853 20.922854656676265
1236.863 19.2097861669291
1237.864 27.09245024579065
1238.883 21.849697122153692
1239.884 25.217459699680568
1240.933 17.28903995261126
1241.993 19.776697681964084
1243.003 18.610186427475348
1244.024 21.896909040056943
1245.043 19.133205469012783
1246.044 26.174495817136755
1247.103 25.37555171215859
1248.233 24.847239476510925
1249.234 24.542525137507603
1250.243 22.347033172675495
1251.288 18.477559635653975
1252.423 25.18148273828532
1253.563 25.274212901618927
1254.643 21.58858215776689
1255.773 24.12439263423517
1256.853 27.79506594768672
1257.973 25.636274469178073
1259.113 28.52542563997502
1260.283 27.298294258910882
1261.423 27.326255823264496
1262.553 24.243310177877472
1263.554 28.90308007423029
1264.743 25.721330808591226
1265.745 34.87342838304748
1266.853 26.48977305347554
1267.863 29.1401477067621
1268.864 25.88370944211968
1269.954 26.059719891648303
1270.955 29.533970193467333
1271.963 26.529758147387707
1272.964 30.560639954860942
1273.993 24.983717567011514
1275.003 34.01963843444699
1276.053 26.075191106922926
1277.054 28.68440872021745
1278.203 24.744277802922003
1279.204 27.009324114052436
1280.213 25.647100055899255
1281.214 23.589676343851664
1282.403 21.902058983509576
1283.413 31.120471480953874
1291.111 2.3056678975512535
1292.112 17.082575158269616
1293.122 22.032562176944
1294.153 24.607454303525255
1295.232 30.974278785273977
1296.401 28.174343648147982
1297.402 31.38399188284261
1298.442 23.01375454237202
1299.451 30.27125550255363
1300.471 24.117321867373555
1301.531 23.983365472692093
1302.701 29.20457600374058
1303.862 23.128926058976894
1304.882 23.537907094343655
1305.901 23.69628987229227
1307.021 25.826029056771297
1308.131 23.372324758294514
1309.141 22.663671259281124
1310.151 26.38577002642084
1311.331 13.514531708023691
1312.772 8.03416087984596
1314.001 9.08621793346013
1315.002 15.173310591424189
1316.011 8.433487161966834
1317.021 7.005987112033184
1318.031 7.7811169469640395
1319.071 6.942862015727629
1320.101 4.670648623626908
1321.123 5.610555007529407
1321.8 4.230722700292707
