0.0 17.48019351011278
1.009 28.538126372525493
2.019 17.315265558848647
3.092 19.71592884079912
4.229 17.087938241323076
5.348 17.87195045500634
6.538 20.153229969648216
7.648 19.291482420079767
8.819 19.820979766532908
9.828 23.14795252022691
10.829 19.91001483456659
11.838 15.633055643014442
12.849 22.531172902506707
13.85 16.580682468268563
15.018 20.561296974118967
16.159 21.227007436413455
17.169 10.374836576099838
18.308 19.22345611566241
19.309 18.118869180051664
20.329 20.256548844675454
21.488 21.07588433191848
22.518 20.155733048107162
23.598 18.77347115466437
24.659 20.23885061522101
25.709 20.784520137161017
26.71 23.93863713009528
27.729 21.01909606882031
28.739 23.993110622759374
29.74 25.555131529023704
30.759 18.894479177380482
31.768 27.57836581202314
32.888 20.24832102301756
33.889 26.98145011631349
34.891 20.076367347303368
35.899 19.093300632284116
36.9 18.405959315868692
38.092 22.071416056259597
39.258 21.466784491635178
40.259 26.077258877424146
41.278 11.734563985776301
42.279 22.42727593796109
43.398 17.55396820316718
44.399 22.346114472129717
45.408 19.615467427159075
46.538 20.466431773396646
47.539 27.10404844866637
48.638 21.831534186853162
49.639 14.352452070197607
51.048 12.810770016253226
52.158 21.281345682905897
53.168 20.620813572899127
54.178 16.165032597699657
55.188 22.55585680762838
56.317 15.817596506089012
57.478 21.324404577787963
58.488 28.06231286005719
59.489 19.4475885362784
60.538 18.83580117456047
61.548 25.48987290032416
62.55 24.304525506791055
63.617 21.013249193300517
64.618 25.43550112650432
65.619 19.8028269071184
66.658 20.242883975162304
67.817 19.982230356720507
68.958 18.400117998563083
69.968 22.64104667875509
71.188 15.598711818773614
72.189 17.98348591918526
73.278 13.881187705796851
74.468 18.320952299323192
75.469 16.612188184962598
76.477 9.81718021205881
77.488 3.1824750521127654
78.507 12.194204279121521
79.508 10.72872389464625
80.509 10.906913835803461
81.527 12.442795098086158
82.528 15.155391241305756
83.798 16.325215707414483
84.807 14.645549791972492
85.808 13.286280353087836
86.867 10.822941492283844
87.908 10.870680222017096
88.988 13.825466322127422
90.137 16.9010210879062
91.138 15.297737722166131
92.247 16.963399665640083
93.437 18.3811576289162
94.477 21.075135620057907
95.478 19.556032126348452
96.658 16.00692213742352
97.847 16.656497743354382
98.849 20.33511370764119
99.857 14.959005290159745
100.858 18.852290302367535
101.859 18.073551174517124
102.868 15.974719077944894
103.873 16.91001352630137
104.877 18.153842408393796
105.878 16.146908107988356
106.888 16.46619519655661
107.977 15.150172573696432
113.793 0.32189179024966214
114.927 4.445454630654064
115.929 4.992093524010385
116.938 6.8787936243107906
117.968 7.54772218916713
119.007 12.480322054422697
120.017 21.833722747333898
121.028 16.35519567586952
122.157 18.689511574980546
123.168 21.015660153952833
124.227 16.918817138287757
125.228 21.17423879248851
126.317 18.695964341592124
127.447 17.73832248963659
128.547 16.823072156258718
129.548 18.71827685527044
130.557 16.07324317088142
131.707 16.41326621166881
132.808 20.12522219918366
133.818 24.178424047600725
134.827 17.778502701270142
135.838 19.4982260304474
136.927 17.19624541345514
137.93 20.512386911517595
138.937 19.69629645400503
139.988 19.815298816024953
141.007 15.684061612493046
142.028 18.27371839795039
143.187 15.998226287690477
144.197 20.629298619824095
145.377 18.50487776659078
146.387 25.371195377333567
147.392 17.927372622599634
148.397 15.518364516613085
149.407 15.351260030615492
150.408 15.260410296952543
151.435 13.456713796023914
152.627 14.484085197730254
153.677 14.731517590547034
154.688 13.152263631625484
155.697 13.49009999860311
156.717 14.96931423925052
157.727 16.380892191470906
158.737 17.20575188653703
159.738 19.910928043746125
160.739 10.396315753294683
161.747 16.47755483371759
162.877 12.956774782461451
163.887 19.310043523929693
164.888 15.446362516135821
165.889 23.439111708888394
166.897 18.560062572199307
167.918 13.93264428728236
168.927 17.104801748535216
169.929 17.136031560043595
171.067 16.408416550367622
172.077 20.412307686462853
173.087 17.02292740879367
174.097 20.306866836675223
175.098 16.081271198209112
176.277 13.465472481290996
177.287 19.237524656210947
178.357 14.733175378145619
179.447 12.743096725920548
180.448 15.632086433024217
181.476 9.933300266301895
182.496 6.896246844290081
183.497 5.658928983297619
184.546 12.119528743256689
185.547 16.033213565135963
186.557 12.654146448064894
187.566 9.838253533173093
188.587 14.062241952088195
189.606 9.200767433341914
190.806 10.261767157240312
191.817 8.882290356931959
193.016 4.572994456065087
194.426 11.224337007909778
197.136 1.1536157082699274
198.147 7.8240648468484375
199.156 12.688204478966865
200.157 14.062622306841964
201.166 16.091815528630374
202.177 15.733913434181055
203.327 12.92728035452308
204.446 14.772287239021209
205.496 12.014397614180199
206.512 15.622068209240778
207.686 19.7259474705734
208.887 20.915306731763465
209.897 21.576795526445792
210.906 9.617310423610839
212.128 4.221270572445975
213.146 7.122275040673869
214.156 8.265906446388188
215.157 10.304424079603745
216.178 4.37789417260337
217.366 5.932177235532219
218.367 14.855059572385438
219.377 17.637244806161526
220.556 14.696416974409345
221.566 16.687598354318833
222.726 14.410725738936021
223.736 19.030376377282668
224.836 18.528637554024783
225.838 21.173211432161526
226.846 19.816073989235804
227.856 15.905503295754562
228.926 10.396753901670893
229.93 17.674360632539226
230.936 19.07196873904435
231.937 19.741641892089405
232.938 21.089995245676192
233.979 14.850537278944838
234.996 16.48285358799444
235.997 15.913240709174255
237.026 14.500366331514854
238.036 13.393816272004317
239.046 16.54572836973333
240.048 19.196684200277232
241.057 16.090003591289012
242.066 19.780919955642133
243.067 18.972034856034362
244.075 12.131052508498245
245.085 7.878422636814539
246.097 8.079301818753905
247.105 10.931266873307425
248.125 10.603483634707423
249.126 10.670735111745635
250.137 6.571667444601773
251.145 6.936062326192421
252.146 8.921711230636866
253.156 11.667957727465332
254.186 9.907688885183243
255.205 6.721580498584795
256.249 1.4972694297947813
257.257 6.582724096327552
258.535 5.688677326105954
259.595 6.296880331899052
260.726 13.766998388692015
261.736 13.003730381373675
262.752 14.291484796235286
263.755 15.733180988155302
264.765 16.96070373134388
265.766 13.829753966059958
266.788 10.126342816593755
267.795 8.235952236574452
268.986 6.233071300393992
269.995 9.399877942647477
270.996 10.877691142058271
272.177 10.501184121694338
273.178 14.636688427328584
274.196 11.551795156824609
275.235 9.751371987817908
276.385 1.6325318900321166
277.396 6.594949988132394
278.695 2.0456919045417843
281.897 0.08086357482949329
282.905 8.59823700200525
283.926 4.286795295960926
285.042 1.935240509535898
286.045 14.66492006604693
287.046 14.572649633613533
288.056 18.02959337597216
289.057 17.16194011104404
290.065 13.935718732254651
291.075 11.417818544117203
292.077 13.032744160990651
293.085 11.93811645869715
294.095 9.94413559418834
295.285 6.2064301173424345
296.296 4.483811004596123
297.297 5.9975012866110635
298.345 6.9351840146839665
299.355 5.63780457882735
300.357 6.016832020144277
301.595 8.6772403201165
302.624 12.233715918676223
303.636 15.866504499710084
304.655 13.400998335472153
305.665 14.014016635240154
306.765 12.367348776529285
307.777 14.500176062721179
308.785 11.901501685438776
309.915 11.29588316358162
311.04 9.418609247566541
312.045 13.685571866598778
313.055 10.01801206941508
314.065 15.431698275464212
315.076 22.125536743616422
316.235 14.859221115468157
317.236 23.375529519763113
318.245 18.34439338219407
319.405 21.484634262742116
320.445 20.981855583036207
321.555 20.71187214074583
322.674 20.40657630795675
323.865 19.62974213881468
324.905 21.3422307555111
325.936 21.089761075281586
326.985 12.313529216839227
327.995 21.901263720856665
329.105 17.191162701950358
330.115 24.836976822937427
331.315 19.05469075063767
332.485 19.383105821434405
333.585 17.897269840545146
334.685 20.8015820980603
335.686 25.273977252873664
336.694 15.436130926830016
337.864 14.245952854672321
339.005 19.094121959322013
340.085 19.73319386161463
341.165 19.88184455098351
342.225 23.36251047370757
343.356 24.202117659624108
344.476 25.624401299070296
345.485 23.264369494409376
346.495 13.439861793317156
347.504 13.97173559315373
348.505 13.556818572525755
349.554 14.136872241711814
350.564 17.353731104908515
351.574 19.632814708955568
352.576 23.576511867872874
353.584 19.309021726744447
354.585 28.0615482734112
355.594 20.062336473972323
356.595 23.69903387161419
357.624 22.956886787095545
358.665 24.061900960348094
359.666 22.38070226980469
360.724 19.1139492240918
361.854 19.2507703400832
362.945 20.602944525528958
363.955 22.37414202938177
364.974 21.285640342370346
365.976 23.891824792623623
366.995 15.61846279043719
367.996 22.34542956524506
369.025 18.806580144931925
370.034 21.445261361586752
371.04 13.65572543561974
372.044 14.105163392431155
373.046 10.533504356709503
374.054 10.78310740380682
375.074 9.532414497633717
376.144 12.94882129017024
377.306 13.199805357640283
378.484 12.241712855010269
379.624 11.331008078647988
380.634 14.22139118208643
381.635 11.563625387038206
382.643 15.078145001288387
383.663 12.024518254912422
384.664 14.396971017700048
385.675 12.660391644027118
386.773 13.238748355899448
387.933 14.261786832498542
388.995 13.868170556600315
390.004 14.903411124864983
391.024 12.972136059588346
392.044 12.342668694122686
393.134 13.311487963491942
394.135 17.206687360841364
395.191 16.44933373701957
396.194 19.363582055109276
397.195 22.717219852464176
398.204 21.720032649150312
399.324 17.124287355060243
400.325 24.330403868116775
401.334 21.750269353534282
402.354 18.86867356602195
403.433 20.52348785659128
404.435 21.42884882561941
405.544 16.05896252315178
406.554 22.602015462900223
407.563 19.09057182858345
408.564 21.11545095155579
409.644 24.694529645653695
410.823 21.163987941991948
411.834 18.528044701967538
412.843 13.443895596398393
413.855 15.464204836790367
414.863 15.89194517844588
415.963 17.455998032900943
417.064 20.788811953209013
418.383 17.11848374715668
419.393 18.52489384847243
420.394 16.843458409680416
421.413 16.67353854552018
422.473 13.87784390606163
423.483 12.585926670788133
424.493 13.093671878778363
425.495 15.712961039984075
426.503 10.966294628529834
427.513 12.567033299635197
428.523 13.535573122630822
429.623 14.99752819497357
430.633 9.834395653958723
431.663 9.516191566034987
432.683 6.338699402054348
433.708 4.703847067134835
434.723 3.850121390900866
435.873 2.380891378090467
436.913 2.2545422375563726
437.993 2.4605127629627574
439.003 3.7114726589410636
440.062 6.215535906755436
441.073 5.875338557746643
442.103 6.250311832851215
443.302 3.9860386812416033
444.313 5.262086700989658
445.383 3.7511054936993933
446.393 4.333483165520896
447.463 3.6522179549199807
448.483 3.2819906399799623
449.522 3.7611869218136467
452.092 1.3989273754175986
453.143 6.841566802708333
454.153 2.709784585958555
455.193 2.705450685067647
457.863 0.8781737554526694
458.864 5.4655569395306
459.874 5.87267067771053
460.913 7.9887641398695415
461.932 2.454405157536018
462.948 4.047308366480312
463.952 7.12781014478901
464.953 8.439536783841184
465.963 9.547148532058724
467.153 8.220668074076952
468.292 5.898456976184568
469.403 6.181948066899362
470.432 8.612760761815453
471.433 10.084112365040378
472.452 10.657734091413255
473.462 11.121633839456235
474.464 9.608320357250982
475.482 11.279152317655509
476.494 9.465163750462178
477.502 12.036511576927083
478.503 10.178287061680157
479.522 7.451465511852429
480.542 10.877720351322468
481.552 11.262598752369744
482.553 9.780926917434002
483.612 8.563423439625819
484.613 11.449930844185817
485.622 8.700243636714314
486.773 7.878448389288265
487.802 6.9761796436293
488.892 3.872021163950027
489.902 5.026202396475481
490.922 5.23043803053775
491.932 4.3194545546049445
492.942 6.481670779005408
493.943 9.065655827561429
495.132 12.35237669378963
496.142 11.996725012318185
497.143 11.413516628151767
498.152 8.442155811654153
499.162 10.713672783303657
500.172 8.784173112565384
501.192 7.271753982400224
502.202 5.497971005503837
503.222 5.363747545558951
504.225 2.221280949052896
505.242 3.0740398912600817
506.252 2.78581060640629
507.272 2.750208902328159
508.292 3.8312482468278226
509.312 2.917461932518625
510.332 4.444247966320274
511.392 2.178370899904407
512.402 12.044128141139021
513.442 5.716561043862479
514.462 1.8389991584773548
515.471 6.740746648115821
516.492 6.915120993685506
517.502 6.07665120578682
518.513 7.014826926075393
519.532 10.429315628972608
520.541 9.351182126598388
521.542 8.163633460473484
522.594 7.11008217269518
523.601 9.328451039772748
524.732 6.511808625370637
525.821 8.049355478423054
526.831 10.006246137679124
527.832 8.397985766172237
528.841 7.854182144382386
529.941 5.741415743950798
531.122 6.654478159522123
532.152 7.197271627764652
533.162 9.412858522726193
534.191 8.85206272339037
535.201 7.102776213913243
536.202 9.023648205302715
537.211 11.743845385866084
538.362 9.910901437094449
539.541 12.734232720596726
540.581 13.541426717182523
541.641 12.716110771250179
542.821 10.302566027833473
543.831 9.684153756407246
544.842 12.265266536342402
545.851 11.716892817913335
547.001 11.143946807491627
548.011 15.336778883863543
549.034 12.996979612791845
550.041 11.880865042219028
551.042 15.15710350851739
552.051 11.87532408919862
553.081 12.208304188242623
554.161 11.305810687024307
555.171 15.710460350439241
556.191 14.643210039060001
557.211 12.614216815476798
558.232 12.633981677259108
559.271 12.229356307183552
560.361 13.047858962547433
561.471 13.265377632569233
562.473 17.184383343079517
563.501 9.994879036164384
564.503 25.019424864932986
565.612 17.235926008984983
566.621 24.519475841553636
567.821 9.084281680037654
568.831 15.18291669962408
569.891 9.76612571351146
570.941 15.102172454352923
571.981 14.720227090805443
572.991 9.378465799190312
574.191 9.202831927324365
575.271 7.144226191910052
576.301 10.346778255879984
577.321 9.710085834460294
578.37 8.95452157850982
579.371 8.223448661733174
580.381 9.217928711369872
581.391 9.219512586795867
582.411 9.274309352584263
583.421 9.804075752946826
584.431 14.503886677708447
585.441 23.062583809987615
586.501 16.04446488375258
587.502 24.14993090401072
588.571 18.49184508017073
589.573 15.912754256679666
590.631 9.666001851106582
591.662 7.725819301049997
592.671 13.857810032815634
593.851 10.270804148225515
594.86 11.960371898158769
595.874 12.819124099562044
596.881 11.38211859479662
597.961 14.46873763270592
599.021 13.319237512390577
600.03 13.479228374554939
601.031 16.75773089795135
602.04 14.495158992639496
603.08 12.282420893588055
604.22 13.03596661286652
605.371 13.3953477578559
606.38 13.404032974888443
607.391 11.766952291553528
608.45 12.021486286177419
609.651 12.360917450507616
610.721 14.343498672955473
611.741 14.112212475025968
612.901 11.089348723553098
613.902 13.345068194020548
614.93 9.849157434558384
615.931 17.506219971729593
617.051 14.536484409769843
618.052 16.828276307070606
619.06 10.198291257553096
620.061 12.01315260566543
621.07 19.763819796983036
622.211 14.49787292858725
623.22 16.177542814093535
624.33 15.320402998104566
625.331 16.31060085342041
626.34 12.56091588073623
627.341 17.978805722140134
628.35 15.794431312479437
629.461 10.181644913749967
630.62 12.150275809733483
631.81 13.823412534080877
632.91 13.1296962431242
633.912 15.621161074550312
635.026 12.801508609044204
636.03 14.658621706217247
637.201 16.257678392838212
638.21 13.458844079464626
639.212 11.31215052314643
640.41 10.386791945833922
641.43 10.880745020991014
642.44 3.0444348366793883
643.47 4.552861994288597
644.51 5.235657955471433
645.54 4.297484598799992
646.64 3.126298569411503
647.74 1.616750097498692
648.75 6.345457492369883
649.76 2.384411319875689
650.769 3.5631747817871444
651.79 3.0440902268728376
652.825 4.530867491900729
654.01 2.261970780012555
655.04 2.1246689306680118
656.11 0.7304435909839961
657.18 0.7304435909839961
658.19 1.5819521486914863
659.22 5.008148193717457
660.26 3.088678917260465
661.32 2.506937532075262
662.34 3.218248527335371
663.35 3.447417998635984
664.38 4.85638612724117
665.39 4.577286847165046
666.41 5.512852557738128
667.43 6.882355768775266
668.67 6.574032795710304
669.709 7.973716274244931
670.719 5.12134805599415
671.72 10.580213251824002
672.729 14.034473923598368
673.84 10.357311097360263
675.033 9.028491065340845
676.039 10.62474184430411
677.04 5.309398169829726
678.049 5.95606453322251
679.05 8.839636555625951
680.059 5.213623207599688
681.07 6.106807728381168
682.099 6.376425632276103
683.129 5.284936465543725
684.139 2.0777051570277583
685.17 4.548446027271829
686.399 1.7756213771067646
689.064 1.5250236923958553
690.079 8.792686582307638
691.25 8.452411980469591
692.269 8.61800319706109
693.3 10.29063747753939
694.309 8.742937410320142
695.31 12.749884111257128
696.311 10.824725009645109
697.32 10.69280848179265
698.329 11.477603842769797
699.339 10.089738999420831
700.369 6.273275829752231
701.729 2.8657064737456883
702.829 7.395977267528229
703.949 7.802993600025454
705.029 4.0526092566445415
706.049 4.1377481065740485
707.149 3.9953381039575113
708.459 2.8637849490792395
709.469 12.63208532605997
710.479 12.742504070043585
711.549 13.602696452099336
712.57 19.48441575362357
713.579 13.367567735893546
714.739 15.069130269774726
715.75 13.947599839513739
716.789 10.627442602413451
717.969 12.707947398143393
718.99 16.569363616147214
719.999 18.815950075283368
721.0 14.345717152498521
722.019 14.992638814550475
723.031 15.025773854158526
724.039 9.978262542709427
725.199 11.706972363343446
726.219 13.884129977056922
727.229 11.156931634664112
728.249 9.389470849594174
729.259 15.734784151624158
730.269 13.802342997951891
731.27 19.728400358986114
732.279 16.577527982199058
733.289 14.717483592299702
734.299 14.091173995277886
735.308 9.864866362874338
736.309 11.762704988177333
737.319 14.939339285897928
738.329 15.266409561365789
739.339 14.019447065272136
740.348 8.985284029727225
741.429 9.566996896158809
742.439 10.738222852406572
743.509 12.25180296877367
744.578 13.347768845723037
745.588 14.46643933727958
746.589 17.12666740648441
747.618 13.723828690079396
748.739 8.767542723359503
749.874 13.76267633805419
750.888 15.62414561089574
751.898 13.54485010726879
752.918 7.3444580792479215
753.931 9.417581223342399
754.939 12.092170566617058
755.948 11.334913777137588
757.148 12.52728556870667
758.159 13.290602628137524
759.308 10.059423627705817
760.318 12.472340175952528
761.329 10.09976394388269
762.348 13.129071594471384
763.358 13.973854079795293
764.408 11.656910465735589
765.419 14.242813449717536
766.448 11.369674822149797
767.548 16.181836076082707
768.559 11.75156372316604
769.588 9.9158737637095
770.598 8.05932383725491
771.788 7.726446652362094
772.798 11.440445335917126
773.818 12.277918358255246
774.838 10.914128412147585
775.848 9.413989862316189
776.858 8.034660634192996
777.878 7.601555001074525
778.879 6.8448452540742135
779.888 7.667552598222165
780.908 7.254950262019399
781.968 9.018550387361566
782.978 8.976500842864713
783.988 5.420361109630107
784.998 11.024225500757575
786.008 8.329940267181966
787.027 8.286869314102214
788.028 10.650187905206046
789.228 9.509158148626655
790.238 10.372347629001847
791.247 10.48239725802706
792.368 10.238721184147836
793.37 16.262164311448664
794.377 8.261710153932784
795.388 6.138905992277753
796.398 7.070419901639356
797.408 9.490129016722921
798.428 8.375310312210189
799.437 7.532676512374578
800.538 8.054406260619265
801.558 7.968996353401871
802.569 6.670109655355031
803.587 8.225081090421252
804.74 9.316734592980962
805.828 13.753320015442364
806.838 15.287565611698714
807.951 11.110734658186034
809.038 6.482532137464176
810.048 11.909498729929489
811.058 12.966961844698805
812.197 8.840161410374991
813.218 6.77209351905523
814.227 7.9061620968626904
815.237 10.77906421160543
816.257 11.55076536497573
817.277 12.147969587310207
818.297 10.105645412224883
819.298 11.622527379118361
820.398 9.751816091813302
821.408 9.653833855395352
822.678 5.35687245365846
823.697 7.996101513679811
824.707 10.270187664025203
825.747 9.42853519083334
826.827 12.039580659270836
827.879 13.951771234349575
828.888 9.653549170438067
829.908 11.408157791343806
831.009 10.099142784517843
832.187 13.239351731066343
833.357 13.367282007312793
834.517 12.966944289429303
835.527 14.383964681168866
836.537 11.724072171129137
837.727 11.204432686155341
838.797 8.871258770500368
839.807 12.249579410682305
840.827 12.36339328259237
841.828 11.781882380947616
842.957 10.948619549004372
843.967 7.107550713657664
844.987 8.845142334058023
846.007 7.1073015722732285
847.047 10.218833549251613
848.057 6.7796656270103695
849.087 5.96597983257437
850.092 9.467533744831977
851.247 8.46928457286461
852.417 11.13979232335413
853.437 9.797129106032958
854.547 9.098091310493324
855.557 10.084195435429853
856.567 7.302683919465547
857.697 9.303622178791944
858.707 10.470661039372505
859.727 9.554483383733864
860.766 6.991848530445158
861.767 5.5020853067120905
862.847 7.454329516137945
863.997 7.332453891059346
865.007 8.723872712418594
866.107 8.061520693040574
867.277 7.389839613999482
868.297 10.265840879855405
869.316 8.743818373722064
870.337 7.288917367132391
871.347 9.89254650888452
872.348 10.104317118137638
873.467 10.731543601408047
874.477 11.876237345983606
875.506 6.9878393679751785
876.526 5.855312379099317
877.547 11.696357121349527
878.686 8.752079819363868
879.687 12.083698014784687
880.757 9.048103008317549
881.766 8.78676364476432
882.777 11.839851517656685
883.786 9.167043994282539
884.796 8.244863530014262
885.807 6.348561906109317
886.816 5.073537801895686
887.817 6.634236387043431
888.846 6.898670237977655
889.873 5.812406879726947
890.987 7.121682178074181
892.006 7.670801060469956
893.008 7.819304384921967
894.016 8.476149971666954
895.025 7.487944309259719
896.036 7.945111468796472
897.086 5.352513058218629
898.106 8.609218099911256
899.126 6.673317487237819
900.136 5.57162121281258
901.137 3.9803363601606625
902.156 4.702930935081351
903.166 4.797784933255277
904.196 4.25821283598376
905.256 3.6813907661636684
906.436 5.744833139090434
907.456 7.751780261279089
908.457 9.240078780853048
909.476 9.701336906260446
910.486 6.500564150158342
911.496 4.225327100717273
912.516 5.27804857161675
913.575 4.871003436760133
914.586 3.780926838494507
915.596 7.342846474910406
916.606 8.081724361136832
917.675 8.799069330774019
918.696 8.57347867683998
919.736 5.505060370992303
921.026 4.454840823230108
922.056 6.834063290306053
923.106 5.508240336582173
924.116 3.3818003024162127
925.136 3.0649985974622584
926.196 3.2442721003326924
927.206 4.302031924919005
928.226 5.210497615685839
929.276 4.615012173893172
930.286 3.4753620865088863
931.296 2.166741582760448
932.325 2.7343719265989828
934.332 0.9327965381624488
935.336 7.615901770701362
936.346 4.488250421432356
937.389 4.347120851424158
938.416 3.805134578154215
939.436 3.9844981767009355
940.566 1.3120285391151172
941.615 1.4901327785564837
942.635 2.6052488078429197
943.736 1.9876557662016825
944.785 2.3221235799171875
945.877 2.4334741611719575
946.885 2.3261150070026066
947.935 2.1229404237009053
949.022 2.732275658639308
950.096 2.619803270456567
951.105 3.2533334964143497
952.106 2.1786888000810576
953.146 3.4569647642531045
954.176 2.7317171965731584
955.345 1.2034511173953606
956.395 1.786456325378002
957.415 1.7580052262417842
958.445 3.1870033960020177
959.465 2.1454990182235805
960.515 3.7505135719924136
961.545 6.981055057909183
962.565 5.182267365446055
963.575 5.821081592406711
964.586 4.483811004596123
965.635 2.3736464457254636
966.745 2.67566093778462
967.946 1.301539787431933
968.966 1.6857492286042421
969.975 1.2393651414911808
971.125 0.6796301237851095
972.176 0.5054418393368777
973.215 0.9026848612352754
974.275 1.917069877469318
975.345 1.314798463771193
976.385 1.202422526696732
977.645 0.7443568022408341
978.675 0.6070482659051463
979.836 0.4210395756815816
980.954 0.8388994372302782
982.135 0.6617905523733072
983.215 0.7243509196968265
984.295 1.1578883590412974
985.445 0.6796301237851095
986.505 1.032268395560402
987.535 1.5176206647628656
988.565 2.482885094887259
989.605 2.2545422375563726
990.705 1.847358245561343
991.754 1.1073603674565216
992.845 1.8625976811342593
993.935 1.434081912574084
994.976 0.601211263348366
996.035 3.5624014147632588
997.045 1.392905303203145
998.215 1.0688200237304286
999.375 0.404262746044591
1000.385 6.608380813084967
1001.395 3.559646885963593
1002.415 1.3202122979200555
1003.935 0.6174388221352541
1005.085 0.5437040990280875
1006.135 0.7443568022408341
1007.225 0.717040956287042
1008.335 0.9857698191838075
1009.424 1.1483190337599645
1011.03 0.9970821260489905
1012.035 8.323630093976272
1013.045 9.250624425520757
1014.055 16.403745251188823
1015.06 12.823750012559792
1016.074 8.12793634780157
1017.095 8.229004054843118
1018.144 6.488286473298023
1019.164 4.325165601221503
1020.165 4.620267692721409
1021.175 7.836676205943686
1022.224 5.840274784728395
1023.235 6.488370189349017
1024.365 5.6936477012266495
1025.384 7.18929449310612
1026.394 7.193509649030927
1027.395 6.402509557735846
1028.414 4.706182842499505
1029.504 6.808429676604462
1030.584 8.080143628320808
1031.604 9.418933372661886
1032.605 12.922138192747347
1033.754 9.680130460760001
1034.874 12.671001387706568
1035.974 14.761933924790647
1037.124 14.099741679181603
1038.125 14.165015886097581
1039.127 11.545698758187852
1040.134 15.38780252406742
1041.275 14.853387223059718
1042.286 13.48726100553209
1043.464 10.916506989703699
1044.474 12.937660149317907
1045.495 12.67863579492537
1046.504 11.806923454562225
1047.514 11.850103401454698
1048.524 10.102523136787788
1049.544 5.161206702568756
1050.554 6.8223171295532214
1051.574 11.372645928938999
1052.584 16.927668615315998
1053.594 11.984054008910231
1054.595 9.818596796089913
1055.774 9.912490423364957
1056.776 11.076207506398042
1057.784 4.487860288851521
1058.794 7.428828283750106
1059.803 6.070896062231288
1060.854 7.436485655117754
1061.874 3.9414806525260264
1062.894 5.215610959764039
1063.895 7.691618465800154
1064.904 14.265609180705777
1065.905 9.37078184467432
1066.914 12.626485363276744
1067.934 8.950669698049596
1068.944 11.09436855533733
1069.962 9.814356495853641
1070.964 12.776844630017534
1071.974 18.736793753678693
1073.114 15.707569480065855
1074.115 16.021113543507095
1075.116 14.729835763641386
1076.284 10.20238458391592
1077.334 16.248743107629153
1078.344 14.962305479574848
1079.394 7.837402418213836
1080.464 2.629596927542386
1081.524 3.605177967953434
1082.533 3.718095424473542
1083.554 3.1413444330181495
1084.604 3.27516992985967
1085.784 2.1945715779119865
1086.794 10.96799792313477
1087.804 13.101364987990335
1088.823 12.31575833571733
1089.824 10.878376048942922
1090.844 8.509628050454241
1091.854 9.80633843212682
1092.864 11.285451812087665
1093.884 10.106653635447735
1094.885 9.915054515678538
1095.894 8.71179473726549
1096.903 13.18954489210479
1097.954 14.970384923495526
1098.964 16.23529831684943
1099.974 10.38026700613182
1101.054 12.216335834859596
1102.164 13.86223366970663
1103.173 18.752758760503387
1104.174 16.865261278841867
1105.175 21.65892456452791
1106.183 15.57658202301307
1107.343 20.63690395268857
1108.363 19.778651037044828
1109.414 17.94780591985598
1110.415 18.0236671230849
1111.424 12.785482864981205
1112.433 15.164443348104854
1113.493 15.976660286759312
1114.494 18.112705018089788
1115.544 17.1156358395956
1116.673 15.546355584724857
1117.713 16.4731007193617
1118.733 16.47055861807332
1119.773 17.58586893485736
1120.843 15.375730800214436
1121.844 14.156112096597093
1122.853 16.224313446717424
1123.903 12.521953188105822
1124.933 14.766404693269443
1125.935 13.91083078687881
1126.943 15.603788046486782
1127.953 15.718832263405211
1128.963 8.629066454776924
1129.964 12.821342729555921
1130.973 15.313701686599497
1131.983 10.809270978658324
1133.203 9.64024479772994
1134.213 13.92562983188315
1135.223 11.243365979339812
1136.224 12.328552226048117
1137.253 9.273700564736064
1138.263 9.40788062853021
1139.273 8.20266456330741
1140.293 6.614168391497318
1141.303 4.637813515229834
1142.322 7.209815150262053
1143.323 5.573658076158326
1144.343 7.509246563782533
1145.363 6.845611633542531
1146.364 14.580754365081926
1147.384 12.507009079447142
1148.463 11.37442742438549
1149.493 11.794421923321057
1150.543 13.191330189653097
1151.683 17.26809266755841
1152.693 9.85215768552166
1153.723 5.615196459622602
1154.923 4.392929404277238
1155.931 7.443568022408341
1156.932 3.487317554357975
1157.942 4.178715909609434
1161.842 0.7908893595890182
1162.862 2.9146061245740222
1163.893 3.7903716893931896
1166.234 1.5540763954695982
1167.254 2.7584987377160326
1168.263 2.3238096402959636
1173.382 0.3358984593038341
1176.143 0.276620520019159
1177.153 5.41685395690112
1178.162 9.461257320086093
1179.172 5.727972344150035
1180.202 7.734096656769587
1181.232 5.888212867223583
1182.253 5.2053942879525525
1183.262 2.5038709135937505
1197.367 0.46200283435412876
1198.447 13.09702504361871
1199.448 13.379313538253196
1200.647 11.595307043115458
1201.667 14.010830028728332
1202.678 15.689495766183315
1203.697 15.515298830964731
1204.907 13.307846618052773
1205.917 17.06795472447551
1206.937 18.825207942636883
1207.938 14.999803227342094
1208.957 18.497410068150078
1209.959 16.12155641408242
1210.966 12.530602704319483
1211.967 12.92544857602317
1212.996 6.749425766350421
1214.047 7.136960538453288
1215.167 13.41994920640859
1216.268 13.378276639410718
1217.426 12.522115014608142
1218.616 11.647852804840621
1219.627 12.158008605223182
1220.637 10.201628484871442
1221.646 12.194451553445893
1222.656 12.022972090806094
1223.816 12.142362552796929
1224.827 12.687856003628776
1225.836 11.344766186431242
1226.975 8.957636971962721
1227.977 19.2117522656629
1229.016 13.571616142877577
1230.017 15.30995189494244
1231.018 16.657049585907366
1232.026 17.762812725988326
1233.166 12.94204855604331
1234.167 20.23842768575768
1235.326 14.20172734817389
1236.426 19.67741931502697
1237.487 8.633114859132567
1238.497 13.239501551928853
1239.606 10.818832175388064
1240.727 16.81565237138858
1241.728 17.70484296827895
1242.737 14.43242066219486
1243.756 20.68885926376989
1244.866 13.29564249543891
1245.873 15.09447998498686
1246.876 13.572685582020215
1247.877 14.51386179268082
1248.906 14.981413244527637
1249.932 16.180122197849034
1251.146 16.271133799409423
1252.636 12.123548180356742
1253.946 13.648509188734508
1255.106 14.920979399879242
1256.116 16.11593245949383
1257.126 13.580939840189664
1258.137 16.294502831811545
1259.146 18.798963162708105
1260.156 14.919201441195998
1261.166 13.01730645645363
1262.176 16.363017025948967
1263.177 15.894748223288623
1264.178 14.706548929563185
1265.406 11.672460790696588
1266.556 13.585945280045229
1267.557 22.459694863834663
1268.566 15.066938469922848
1269.576 9.604054913435524
1270.587 13.572479635736402
1271.606 16.749453763523277
1272.796 8.681090012511524
1273.806 10.515351868423071
1274.826 11.584484830539916
1275.946 7.623127777334858
1277.056 15.28107926471607
1278.226 17.869823084984937
1279.246 16.37040844460361
1280.436 6.053468251247279
1281.445 11.971583260458441
1282.685 6.102964887331236
1283.696 9.531149980278057
1284.786 4.612753824348307
1285.795 10.53426396442353
1286.805 7.541509706913714
1287.825 12.16970239900274
1288.826 8.248219460728123
1289.835 13.14877630192416
1290.837 9.592811294767762
1291.856 13.869385138424818
1292.866 12.063474048127954
1293.875 11.135034439168662
1294.896 12.764250832556167
1295.907 11.950387088399149
1296.916 13.199682438859528
1297.932 12.437485340280972
1298.935 11.395998353454676
1300.015 4.760525101888084
1301.026 7.952683946546723
1302.035 7.9120508932221165
1303.106 5.456461405945846
1304.115 12.531132160687601
1305.116 13.086972449653826
1306.126 13.522449583386868
1307.135 16.87683738177519
1308.136 16.35432074289076
1309.336 13.872378575270597
1310.346 16.159715301626676
1311.347 13.608529042317052
1312.355 16.252084914179175
1313.365 15.444934948667168
1314.366 14.609748756532236
1315.576 11.068530068089776
1316.577 14.21204615884375
1317.586 14.184977969015195
1318.596 14.443812545479656
1319.615 13.91524824649464
1320.616 13.23514063903375
1321.626 14.68014938582983
1322.627 15.259497087773005
1323.655 13.400415606066428
1324.745 14.01416713454341
1325.946 12.796286315075491
1326.955 13.752830913100508
1327.966 14.742370937122127
1328.975 14.114425658785938
1329.977 14.092264010487646
1331.065 14.581008267450319
1332.066 16.64026936723337
1333.146 10.786644186858405
1334.485 11.898780913773358
1335.486 16.137433562750655
1336.487 12.024567720409646
1337.505 17.08681520009616
1338.525 10.80031121276814
1339.775 14.031778666803092
1340.785 17.978230558586336
1341.825 14.574978317021353
1342.905 14.61220406315731
1344.146 12.33531188722719
1345.155 16.603234843229625
1346.165 10.37110315545285
1347.325 15.568154409994488
1348.385 16.39879510683184
1349.414 15.284677122514227
1350.537 7.773703305650553
1351.545 12.87457045834864
1352.586 12.912966625050842
1353.745 14.031364590656347
1354.945 13.63270711147891
1355.954 16.291694866599304
1356.964 11.477213872591996
1357.975 7.6318143296368515
1358.995 13.856347826027292
1362.614 0.8707400951931573
1363.696 3.7561812756330446
1364.705 6.122196538208582
1365.914 6.007576045946605
1366.915 8.794661003533742
1367.945 8.863659055060195
1368.946 9.745768364021815
1370.124 8.726260434395373
1371.125 11.459062935981189
1372.134 12.374852564995182
1372.491 6.2353005093110125
