0.0 24.679202428780957
1.001 24.29486054865631
2.01 22.684305605125815
3.011 31.55919552691408
4.06 17.4484636852221
5.07 20.854427919156162
6.089 15.771996135655275
7.09 20.71264137480016
8.11 13.326879212798051
9.13 16.39431080895967
10.322 16.80217560472322
11.33 22.334064150442263
12.331 22.18463672526357
13.34 24.51094994492466
14.51 18.884276100040058
15.53 22.504665048543686
16.541 23.583640783971077
17.542 25.377629027512963
18.57 30.06380674370751
19.571 21.501084781068233
20.58 20.990718348252134
21.59 22.081007982976278
22.76 23.962289043875156
23.94 26.281416200083356
25.16 26.858812199224104
26.171 30.569330694887555
27.172 24.70887658413917
28.18 28.649798659157643
29.191 19.43314566397927
30.29 20.644482368030847
31.3 25.583269923049784
32.321 20.11937236484653
33.351 20.693815655411658
34.432 20.787471436395155
35.44 25.131402332594423
36.45 19.776724239763844
37.571 21.9201426803903
38.591 20.181760972260076
39.83 19.099118481593273
40.84 24.329188064076753
41.86 22.733596821907785
42.861 29.356289829626377
44.37 9.56032870207646
45.381 9.521594806604318
46.382 15.187247743074506
47.391 38.25381957747941
48.392 39.88002987007024
49.401 50.02359031551215
50.41 44.06612001367247
51.53 47.81017820333551
52.531 62.287214088937866
53.532 34.405139534898126
54.541 59.37832911670043
55.551 46.25765275660485
56.561 49.84480357105036
57.571 28.562631064615825
58.572 63.561451109673314
59.573 57.67069480141564
60.781 34.45551174315796
61.782 61.46713674966373
62.792 67.24482267369909
63.961 39.64140121228757
64.962 58.57808919553692
65.973 52.84463137991328
66.981 47.15095653571649
67.982 68.32929529309588
69.001 45.164716483312326
70.081 31.11174529507291
71.091 50.91572347430496
72.092 35.71415538256422
73.101 45.69382107362183
74.122 35.8283708200566
75.131 40.17039215263458
76.141 27.839883887997157
77.151 30.34878098714729
78.152 19.72366473240009
79.181 36.189219358935965
80.191 9.531022128195017
81.192 29.66615437807758
82.193 56.30969570711387
83.201 67.85533742524906
84.202 64.60555589263366
85.211 39.405084517051215
86.221 51.65405500151027
87.222 59.74965467932287
88.224 55.9395076843559
89.232 65.10778440415052
90.381 67.4240839541491
91.392 81.81036168753127
92.401 53.48894733591624
93.402 46.79583660398051
94.403 61.7494372278348
95.411 34.83932502896591
96.413 44.86278732355681
97.419 55.24916730316229
98.422 79.55855302737169
99.423 59.071652547935614
100.432 67.3188087716524
101.433 48.11151222701629
102.434 47.84900608119405
103.441 40.47875161198325
104.451 34.41443450879741
105.452 51.37350720184617
106.462 36.88027399066413
107.472 38.930441146663604
108.481 38.66400244691077
109.491 29.34551549996887
110.501 18.13138350841531
111.511 28.091433640995838
112.522 26.586535410228205
113.531 22.7358766951975
114.532 34.16464764654794
115.541 33.28115521629687
116.542 42.262934496100044
117.552 32.409582170605894
118.562 32.355311961504135
119.571 25.500711114876957
120.573 26.293165362580222
121.581 24.88008830926848
122.601 15.110949424415017
123.611 21.821024346130695
124.621 14.547349564087131
125.624 10.102673400301168
126.632 7.515905937361864
127.635 11.618074410346342
128.642 48.30020935293936
129.643 45.1227530361043
130.762 22.933701919967884
131.772 36.83388762950621
132.822 34.982912046971435
133.841 12.757344172360133
134.842 37.45457667917849
135.852 38.08045233113744
136.861 30.83749306574712
138.159 21.077850412446526
139.282 30.38514572353898
140.532 23.508516895564803
141.542 45.43864929695097
142.562 43.048613877949975
143.572 41.88633408969916
144.634 20.063298469786083
145.642 33.144425044166816
146.652 23.71773148517689
147.662 34.11102656406638
148.672 16.620251537413015
149.682 23.075106205103726
151.063 10.272392461044822
152.073 11.089457186860331
153.132 19.61530869880004
154.142 15.275230409134343
155.153 25.557965007201066
156.162 18.809866877355947
157.172 26.83735178202281
158.213 12.394702423897668
159.216 45.462030301355256
160.222 31.45480185620223
161.232 46.40102878200206
162.242 23.451880798698692
163.243 36.44229082298447
164.822 19.57605646541489
165.83 34.943120659944825
166.842 27.43426900608333
167.843 25.054074940801826
168.853 22.81292242464591
169.854 29.435097171501134
170.862 35.533561647495695
171.872 33.55732375498764
172.873 34.67079057464495
173.883 36.296135861616165
174.893 30.148934609036093
175.902 31.132053918291792
176.913 19.954613431261564
177.922 28.370339457798167
178.942 19.943933356790634
180.002 38.597541429537124
181.003 54.663436234476706
182.013 32.01832329823039
183.022 37.78325632145165
184.023 53.14500745018568
185.024 49.17541134232547
186.026 49.418886947401916
187.033 40.26985085272041
188.043 51.66817258968877
189.052 37.52154680386367
190.053 47.577435241118614
191.063 33.492602863727775
192.273 36.231371028094074
193.283 49.66164161533193
194.393 36.412982978187486
195.403 54.42715267942944
196.404 41.46635136438013
197.406 57.642708679502796
198.435 47.6605842732854
199.436 57.85864846184932
200.443 59.416451340121014
201.533 53.69538289552023
202.543 51.01399655565138
203.544 42.635511929282565
204.683 51.53952310354448
205.684 67.82315236499888
206.685 45.74451706436965
207.693 41.466813848780795
208.695 54.35606300918027
209.703 39.903633275330165
210.713 52.178789253027944
211.714 66.55779504475636
212.716 52.61183438589507
213.723 55.59555347395625
216.224 10.758063744200342
217.233 135.64591494136116
218.234 44.03443474443957
219.243 37.15761274118697
220.244 39.874850044782704
221.253 51.10970316620336
222.254 47.577435241118614
223.263 48.91967534476061
224.284 40.80788374060886
225.303 12.678656831344593
226.323 23.842309224710753
227.334 31.586440112421293
228.343 28.370339457798167
229.353 21.570207974336093
230.614 0.40178356147906696
231.623 35.193139616178755
232.624 40.86734156862789
233.625 42.71672419004082
234.633 45.32250004875515
235.643 39.569032830114345
236.644 40.42428151278274
237.654 40.42232186105886
238.664 44.09711172939167
239.864 34.57025001165228
240.954 50.69718596789167
242.054 48.833825913800865
243.064 51.16653984609957
244.073 29.221354207486424
245.184 27.481960524897918
246.213 22.649035245048363
247.224 22.8017138789735
248.225 44.54057767253657
249.226 43.67406689943483
250.234 49.25754857188507
251.235 49.34893548945814
252.236 30.428328670387398
253.244 32.419509009046806
254.274 34.237573982902056
255.284 48.40755975635891
256.285 38.66332590877857
257.294 47.95340563220752
258.296 49.303750855824596
259.304 49.32129562312344
260.314 39.35891911514606
261.324 42.38796683328837
262.344 41.60421959651876
263.349 49.85583256624751
264.354 21.929586656310452
265.374 8.692508571509128
266.375 46.31207792087609
267.376 59.55430126847841
268.394 67.23243912143239
269.464 68.5474636213225
270.466 81.31324759653944
271.474 53.3307463242117
272.475 65.9016221770809
273.594 69.96910544349723
274.595 90.20018260094258
275.6 94.52334338526447
276.704 67.13350450775567
277.705 86.33233306123051
278.715 73.66924202142057
279.825 76.43311462270736
280.826 98.0392931923573
281.827 59.44644990624137
282.829 66.7345789222596
283.894 52.00410594151158
284.924 49.189230196611994
285.945 55.041437373065584
287.115 52.356839479071795
288.116 73.39072457406594
289.117 75.31465968086744
290.295 62.214402240933715
291.296 72.24838810440257
292.405 66.46564746753782
293.525 94.15331079550585
294.527 96.32400003022178
295.755 77.62669241397684
296.756 124.0050173837666
297.758 76.266110098985
298.764 106.76898912258643
300.278 28.260308226427426
301.285 168.18386814095237
302.286 90.34651266531566
303.287 80.07010928235195
304.288 85.15244285823246
305.296 85.68320151855532
306.297 94.4121205347557
307.395 82.50236309996458
308.396 89.33422680912166
309.405 70.78361521102369
310.406 77.79783092496325
311.415 66.46724344093134
312.475 73.04865104125011
313.476 61.24329429973779
314.478 76.44737647499682
315.485 86.28631150030313
316.486 90.34651266531566
317.487 83.9272291839684
318.495 94.74538679388097
319.501 93.67467913585412
320.505 67.65498400833408
321.506 78.1990823909875
322.516 63.4768933924484
323.517 74.90915335835697
324.525 45.73253871839221
325.526 55.675722090670725
326.535 49.71086028888528
327.545 35.435696363931896
328.546 65.79858065261084
329.557 50.11365687686484
330.565 32.79537778954745
331.566 29.103218365577874
333.045 15.586567093740507
334.055 22.562839434055387
335.056 26.066360796995838
336.065 31.383118869245756
337.275 24.94005824106344
338.285 29.84714824355808
339.286 33.40543325440243
340.295 29.065356248194856
341.305 38.12408851278007
342.306 30.115504221771893
343.326 38.38283546759524
344.506 41.883197020523234
345.516 60.69756197429458
346.526 46.78348707992863
347.536 51.66817258968877
348.537 38.0500715934856
349.545 40.71287177880296
350.556 32.10222979723581
351.618 31.45667414497527
352.626 42.72338396541052
353.636 39.67683986711378
354.655 41.13694228869701
355.656 42.79608651319638
356.736 44.77553687713056
357.737 58.965651123301264
358.738 46.93328696786066
359.739 39.831561504879666
360.746 43.40961455311974
361.747 36.019950068289496
362.756 47.95322210519659
363.966 50.24817838579737
364.967 60.99022283568929
365.976 43.43130008286123
366.977 38.719933999421
367.986 28.312161395332954
368.987 30.83531494298002
369.995 46.22047003853382
370.997 36.88032632275604
372.006 51.97044484747097
373.026 21.141604180647057
374.066 24.84529098296181
375.076 19.814493371773853
376.086 20.46958613231634
377.096 14.045716820497919
378.106 15.048982307676342
379.116 6.521225666659749
380.136 9.624756514589736
381.155 13.131699651556469
382.156 17.208859555298222
383.166 14.307350565052673
384.176 20.316126115363062
385.186 23.075106205103726
386.196 21.386129292112564
387.197 13.665859058619176
388.216 17.402078003806302
389.246 14.647999014140941
390.456 16.85815342986391
391.461 22.685779299631502
392.466 19.560404149531198
393.606 23.018206438395243
394.607 28.344003973432365
395.616 25.18853166928288
396.617 19.9476921760863
397.656 22.128237309007122
398.666 27.840617269201235
399.667 24.082672705627342
400.676 25.430603796701213
401.786 21.971208924057652
402.787 27.319138541540035
403.796 24.06002407906655
404.797 21.865892476319438
405.806 23.64360129126352
406.816 17.117850684379803
407.837 10.172679682678378
408.876 8.777366004284758
410.697 2.2258059133447716
412.527 0.830572247582137
436.031 0.0
