0.0 14.796075268619239
1.004 24.420088913324626
2.005 33.31409371901186
3.052 22.602652621208005
4.2 23.662601042748754
5.204 28.879409497496948
6.212 24.957701636813276
7.22 21.44991881185528
8.232 26.965754136700244
9.244 26.025592504947998
10.252 42.30118921493776
11.261 23.75291981409938
12.272 26.992426494896783
13.28 10.57529730373444
14.292 14.325556885122005
15.293 16.275293028239727
16.3 18.842722377609213
17.312 20.434985556718154
18.32 15.739258267838684
19.333 10.94402336569683
20.34 15.878698632816757
21.352 24.85905459477054
22.36 24.622508002975614
23.365 22.274417246313497
24.376 21.29871153112949
25.384 19.334859351108392
26.393 24.51037389754332
27.492 22.992608428311467
28.493 27.26208110523541
29.525 34.08688851854868
30.533 26.949073409797187
31.54 30.487101375008173
32.544 21.53537665572722
33.552 28.3417967740083
34.56 24.411002056900927
35.577 28.719887049292257
36.692 27.804690477717237
37.693 28.53999115704332
38.701 29.39932650438174
39.712 23.28417418906004
40.713 26.410141070696806
41.732 25.402824372145094
42.74 31.30288001905394
43.764 25.27878714376548
44.772 29.39932650438174
45.784 27.387094045086187
46.792 18.488835566809637
47.8 26.22673731326141
48.812 23.805704823805687
49.832 24.332831438234724
50.84 29.39932650438174
51.841 22.451858278644625
52.852 27.625061490870927
53.892 23.044900088871415
54.9 28.3417967740083
55.904 26.33122630654134
56.912 21.449454983026172
57.924 28.22977386185807
58.925 25.434115471917103
59.929 26.755923505033937
60.933 29.728803894482155
61.944 26.025592504947998
62.945 27.688051122504714
63.952 27.187551132789327
64.96 28.764808666157677
65.964 24.932954243668032
67.044 23.732615247861183
68.152 31.2514402297749
69.172 26.96327566665091
70.18 28.3417967740083
71.184 26.63174303763844
72.192 31.937397857278008
73.193 24.58170836499114
74.2 29.42852146615372
75.204 22.17242245346612
76.213 30.42667104522619
77.216 31.671486593070448
78.22 24.295908445929125
79.232 27.597763999279156
80.244 24.946525745341887
81.253 28.947596758305473
82.344 20.599734314320138
83.352 28.13029082793361
84.361 31.69444900544395
85.372 22.6515391930859
86.373 25.558201036158195
87.512 16.3623759888886
88.52 25.803725421112034
89.524 30.365849692221058
90.565 9.09628484599693
91.585 13.37712901291208
92.593 12.055838926257263
93.652 11.273926009465566
96.358 0.9436026741126505
97.365 27.19250355341555
98.369 23.570694516339422
99.38 30.78823647074164
100.404 20.6983614990855
101.413 18.594076749860452
103.02 2.9187030865913495
104.033 5.261549695046552
105.364 13.040990450401502
106.373 21.55222532370189
107.384 21.08783319913811
108.512 18.03398067419362
109.545 21.2578831996694
110.593 9.968226802023883
111.604 10.754794931560436
112.652 7.730461601569542
113.852 2.1319799364328627
114.884 5.991028891138859
115.964 3.437858052142661
116.972 19.45854703887137
117.984 29.49379358701589
118.992 23.141966380452793
120.004 15.378906656086858
121.024 17.76649947027386
122.045 14.408091637009555
123.052 13.002580354139694
124.072 21.11078172350188
125.084 24.648384640577568
126.093 22.90773450728754
127.132 21.750709649844417
128.164 15.287453032561228
129.212 6.306429201280416
130.224 8.93560922667612
131.232 15.228428117377593
132.24 14.382404333078838
133.244 16.563190741211486
134.252 12.478850818406638
135.26 7.0675144787764435
136.28 8.569723273896802
137.285 11.243277276710621
138.304 15.900929849744612
139.324 8.569723273896802
140.332 7.191202166539419
141.344 8.93560922667612
142.36 20.984054492449438
143.365 22.910829167636738
144.373 23.800095424455087
145.384 22.56398152307778
146.385 30.456856234755186
147.392 24.85867533330954
148.404 25.28039450315648
150.144 9.730553047240129
151.152 30.456856234755186
152.164 32.44317294571748
153.172 29.487144762693458
154.173 36.08289883126233
155.185 39.81662134247145
156.192 34.80932647654137
157.212 36.99612242633497
158.233 29.32050922080146
159.249 29.58751683435371
160.252 20.919166681376137
161.264 31.6004931289456
162.268 30.24166922482556
163.272 35.24986747488599
164.281 29.24662430837633
165.284 30.18356440413425
166.412 26.53921978230345
167.433 26.519241128988597
168.452 20.71305335690416
169.464 17.994417256973854
170.481 15.722565902897221
171.493 19.17096583156033
172.512 18.411602983914815
173.541 8.788136427485727
174.56 11.298029103765908
175.584 16.656093253381744
176.644 31.258688508573194
177.652 28.976314612232365
178.672 22.78292285011589
179.685 27.657905203996755
180.692 29.42852146615372
181.772 16.46662433034349
182.784 24.016374777998656
183.8 32.10560337344764
184.804 12.192038288889966
185.812 18.401017308497927
186.832 17.34846418862036
187.833 18.316710742580042
188.852 23.938265043879138
189.864 37.49925184634878
190.872 36.0438290910088
191.873 40.34259900395536
192.884 42.17566639827622
193.885 35.86991382262768
194.952 38.84623389988356
195.953 47.069686908258014
196.964 33.8280907886291
197.965 35.14252642471752
198.973 43.86954909577229
199.984 45.21552071616368
200.992 40.82064759241494
201.996 34.48864120975158
203.004 28.13029082793361
204.012 27.583591248021257
205.024 32.864512854103424
206.032 29.06413287054408
207.044 29.49379358701589
208.052 28.006603140170636
209.064 31.17915322055966
210.092 16.17650146320655
211.101 18.893104299931306
212.104 28.908202527903224
213.112 22.084436650079347
214.132 11.286952604644569
215.137 10.182590741171884
216.164 26.571901836748438
217.192 15.01826492869146
218.204 14.746896793507945
219.212 12.69035676448133
220.224 26.755084182507275
221.232 20.815400973631217
222.244 24.22704473219163
223.245 32.461997993677464
224.252 45.73065206251225
225.261 30.725698595297047
226.265 31.852289886945165
227.273 33.50575773811254
228.385 35.9321453378352
229.392 37.05029680990576
230.424 26.11576356921733
231.432 31.091374072979253
232.445 34.18222682585448
233.452 37.68544475521843
234.464 27.895905104043475
235.472 27.70727893578423
236.564 28.390320405361464
237.572 41.24365948456432
238.584 25.578535607920802
239.585 39.18924158877591
240.592 30.36329085935268
241.604 36.867241983769865
242.605 36.508868848531634
243.612 42.7666283177198
244.625 32.28806893563772
245.712 29.697716508292952
246.724 30.757813312173717
247.725 20.020590811657254
248.752 12.541772563754026
249.776 26.025145708408974
250.792 26.85958975033528
251.805 20.29173563093158
252.812 24.13562192188147
253.832 19.43864059688787
254.844 16.730397531816035
255.845 20.87253084619586
256.852 16.513846578129424
257.864 12.008187388999328
258.892 10.663052996289696
260.884 1.7124336838818177
261.912 54.00778127590724
262.924 25.28039450315648
263.932 36.59052867092116
264.944 27.895905104043475
265.952 32.99492758765145
266.965 30.604373033222828
267.992 35.58459368780931
269.004 43.18734060955899
270.012 31.39085288697536
271.024 48.03274955599731
272.032 33.50575773811254
273.045 37.12869465508055
274.072 23.458007090254483
275.092 36.03781932453279
276.113 13.781652870183052
277.124 20.455198203163967
278.256 3.766749004298345
279.272 28.62544088569404
280.332 8.045207307293824
281.444 4.026221102975731
282.464 21.73783464598213
284.804 7.562151056578104
285.852 6.187462417630531
286.853 6.389550259039549
287.857 13.59031035176327
288.864 32.81597717448796
289.924 4.429042360861472
290.925 9.885742769200176
291.932 42.34319635417801
292.933 32.88812370174255
293.936 39.961338788572114
294.944 34.351781522411294
296.004 35.080161979537756
297.008 42.894417047752825
298.012 41.283796385633224
299.025 40.82962563356125
300.032 29.09299496872734
301.144 32.48109867814172
302.145 11.927160483540492
303.204 3.8250820389258164
308.192 0.1282265398816878
309.744 2.7473968253000813
310.784 36.28465853352085
311.884 1.93816357857533
312.904 6.357314327134113
313.912 20.516076769244815
314.924 18.328286014788446
315.932 17.978005416348548
316.953 13.241914205587896
317.972 8.368910447234006
318.984 12.42952729738527
320.793 6.714924571639976
321.804 41.67674518779823
322.812 29.822338396531123
323.832 20.988549185006704
324.844 31.81116308313857
325.852 30.544674493066903
326.864 28.65111377024401
327.872 20.516076769244815
329.112 13.65416314693373
331.412 0.9269477984490709
332.492 47.064484529148466
333.504 22.963025007033803
334.512 28.13029082793361
335.532 19.94346098087295
336.545 29.67514028006256
337.552 25.49366851547764
338.553 28.96596117431263
339.644 31.542986050364163
340.645 33.864616372909616
341.652 30.36329085935268
342.904 26.56460623670341
343.912 36.2553350370835
344.932 35.95103422220122
345.945 31.02529700882655
346.952 39.379172609385556
347.965 30.1834490576191
348.972 35.99171690105132
349.973 36.72185385716629
351.052 34.46243901604266
352.065 37.32546476247445
353.124 24.443322035142447
354.125 30.243871226120536
355.132 30.487101375008173
356.152 17.017214009298428
357.164 22.752355052840834
358.173 26.711068387940813
359.185 28.22977386185807
360.192 23.71218995833969
361.204 21.9971463866403
362.212 32.99492758765145
363.216 28.967577629347755
364.232 37.35161699656
365.244 30.845284462745067
366.252 33.62944542587552
367.284 28.801397210072675
368.293 24.72167022424628
369.304 25.814251720474175
370.305 27.901036131139367
371.424 30.18254811392063
372.432 35.53299894054772
373.444 28.52791496662239
374.452 34.89848110232365
375.472 33.32058999378503
376.492 26.545240384997413
377.504 19.3816357857533
378.512 15.950764213913374
379.528 23.50214103154337
380.544 16.577403049035055
381.564 10.659899682164315
382.624 6.519676038644687
383.644 14.213199576219088
384.652 15.65144000952697
385.676 5.82963263868361
386.692 7.9739407071307875
387.693 9.797310397193977
388.984 7.500066897608576
389.985 21.085515854830515
390.992 26.04106575781948
392.164 14.08256511511199
393.172 10.152285411585062
394.185 11.785871316904277
395.244 15.300328155703266
396.332 23.39989158817029
397.345 25.465900524025315
398.361 26.020227570637307
399.364 24.1075713719537
400.365 29.817901208851232
401.372 28.90998801179438
402.373 35.78148145062148
403.384 30.454037476767
404.392 36.802034616995854
405.404 31.477294325323978
406.412 38.28257623951867
407.424 12.93833835634256
408.565 29.335744962310212
409.612 25.94523972977609
410.632 24.66408161755665
411.645 25.255438536223455
412.672 20.845491887737914
413.673 28.53999115704332
414.685 27.053225287271598
415.704 35.35864663956367
416.712 34.140275576336606
417.725 40.40870165795752
419.605 12.745589896199824
420.852 44.52685343961768
421.872 26.75425802582416
422.885 39.02285254529731
423.892 45.94236804428315
424.904 32.95198400467478
425.912 30.245350288680502
426.924 31.68796427951695
427.932 44.62775462175934
428.944 36.53337322595527
429.945 36.72185385716629
430.948 41.23670066480313
431.952 30.666366423318163
432.953 42.38401671829568
433.956 39.837034512136334
434.964 35.620662589249726
435.972 38.91709407774274
436.984 28.106575058236448
437.992 32.36040974942738
439.004 28.94925487500833
440.005 34.92954141608288
441.009 28.330531831608848
442.012 32.30916753118596
443.032 22.24265502996721
444.052 25.291134540036904
445.065 14.521877158328486
447.425 1.0824030674645326
448.432 42.85948620446142
449.444 27.387094045086187
450.465 23.891373241638437
451.472 36.41514886459309
452.473 27.989468503145567
453.484 30.999114802733025
454.492 21.44991881185528
455.493 24.493275992984938
456.504 21.509589863120873
457.604 15.198149371413216
458.605 23.641335958446334
459.612 16.090414614587647
460.632 11.914005527124823
461.641 16.146252052792832
462.644 21.04347095781191
463.652 19.670052984946057
464.672 17.139446547793604
465.692 14.299984678550661
466.732 11.479891965407724
467.752 6.061511583975786
468.764 10.954837618034475
469.765 15.547905630329572
470.772 7.0745328645547705
471.784 20.645655510911126
472.792 25.803725421112034
473.972 16.697234084373346
474.976 19.3237225314134
475.984 26.438243259336097
477.012 18.751303727892974
478.024 21.488335327683007
479.032 23.265654068215767
480.044 20.311786753096534
481.052 27.495772989709543
482.064 23.173694961226772
483.072 20.815400973631217
484.084 23.59503486961271
485.192 21.438175179407025
486.212 26.12720510334391
487.224 27.597763999279156
488.232 23.77648421867686
489.244 26.965754136700244
490.252 23.56497827260217
491.272 25.70916982169041
492.292 11.077934963817818
493.304 16.85359633543765
494.312 19.334859351108392
495.364 9.525005419424387
496.385 6.890826435091526
497.392 13.761538815107855
498.404 23.05065015610968
499.472 12.775909731432886
500.484 17.274936243823596
501.492 22.208124337842325
502.504 17.994417256973854
503.512 22.208124337842325
504.525 23.78220462161042
505.545 20.570513903353202
506.553 19.45854703887137
507.572 14.64559328265951
508.692 13.594266386653155
509.704 17.906946106402504
510.712 21.785112445692942
511.725 19.9938888411769
512.732 12.579148390597913
513.745 19.362502877771313
514.752 16.302130596358538
515.772 16.51239362531335
516.792 15.76310816433792
517.805 20.414812816780625
518.812 24.13562192188147
519.824 17.994417256973854
520.832 28.3417967740083
521.844 23.682506020184064
522.845 27.475066113870064
523.853 30.03384434260581
524.872 23.729042282698295
525.876 27.817666501265442
526.884 25.045519895124993
527.893 23.031299610622607
528.904 20.876954867146733
529.924 20.361496262526448
530.932 22.208124337842325
531.944 20.01364564833221
532.952 17.431305836436195
533.953 22.150440898003772
534.964 23.196616519051926
535.965 17.553203080047634
537.021 10.498386050616372
538.025 17.41258513819669
539.032 16.513846578129424
540.044 12.51699844795662
541.052 19.88155893102075
542.072 20.692746441848378
543.081 18.17148409645453
544.084 13.9046763621055
545.092 24.957701636813276
546.105 25.465900524025315
547.112 23.164947479142416
548.124 27.808433953472125
549.444 11.373015423794126
550.445 24.493275992984938
551.452 29.640237447924612
552.464 26.210545470499714
553.484 29.262469715745176
554.5 26.107354346600108
555.504 32.70168428393037
556.512 22.084436650079347
557.516 17.624933737442994
558.524 24.74619569073859
559.532 19.96937718933246
560.545 24.203128597214143
561.565 25.500152180863658
562.572 21.4712196249753
563.584 29.915133495401832
564.585 27.563498485876266
565.592 30.91053333854995
566.744 26.541522478618184
567.752 32.36040974942738
568.852 28.209490339085278
569.856 31.215244089206262
570.864 31.514385965128632
571.872 24.199496110826235
572.892 29.262469715745176
573.897 25.544557255296084
574.905 28.13029082793361
575.912 20.624355697891737
576.932 26.96327566665091
577.944 35.11088903963915
578.953 29.740421352579077
580.044 31.152155631219735
581.052 34.89848110232365
582.072 32.693537071304775
583.085 36.830847865325865
584.092 26.552403187476656
585.104 27.597763999279156
586.112 22.208124337842325
587.172 13.961492797891474
588.173 11.50119046627119
589.185 25.069724548963507
590.192 23.5883794426842
591.205 28.622830341053245
592.212 27.7347936119866
593.224 24.525185836955945
594.225 24.493275992984938
595.232 17.99585845052566
596.245 12.715104070064545
597.252 17.784142468754766
598.272 12.95909373125858
599.324 9.727665109199375
600.332 5.499154597941909
602.512 1.564755916647973
603.525 3.875700582386338
604.572 15.679317584081227
605.592 9.823829118857311
606.624 10.268954542181953
607.952 2.9366735543762754
608.957 13.364650347788096
609.964 11.097136518201683
610.972 12.478850818406638
611.984 13.482877068350122
612.992 10.786803249809127
614.012 11.704987886298072
615.024 10.410298906026911
616.025 12.779100518079098
617.041 12.38059215054517
618.045 8.281595370605743
619.232 1.4368862250600594
620.264 4.544918469139824
621.284 12.123023167951573
622.292 13.412692861017108
623.304 23.147823212466236
624.313 27.28317481638216
625.316 22.407088870312332
626.324 26.22673731326141
627.332 22.208124337842325
628.345 14.609261960281305
629.352 24.98248584896503
630.361 26.34083644707313
631.365 21.819284249310172
632.385 26.75425802582416
633.393 20.392389081481838
634.405 28.440443816051037
635.412 25.194201830735917
636.432 18.062302213432183
637.444 22.963025007033803
638.464 22.364887568462386
639.465 18.831113131855545
640.484 25.73439962524457
641.504 21.824619748313708
642.512 21.785112445692942
643.524 24.22704473219163
644.532 21.87293070400466
645.533 24.70626100161959
646.545 22.752355052840834
647.552 21.89465158851708
648.564 29.28312363282292
649.565 28.20245351178022
650.568 30.396124716839424
651.572 31.72810941954967
652.576 32.48933568468407
653.585 28.824031654970412
654.604 39.12465634081898
655.612 33.71726368418723
656.624 43.8193504721379
657.632 32.23672206166441
658.645 34.30530401170352
659.652 29.09299496872734
660.724 36.875139578718446
661.732 36.16751677877179
662.784 26.024585542508415
663.792 32.148903803352695
664.964 26.634324126534136
665.972 32.36040974942738
666.984 31.05595441693804
667.992 37.648058401294605
669.005 29.76252508201538
670.016 20.455198203163967
671.024 32.36040974942738
672.033 31.993476555514803
673.045 33.7071926708753
674.052 25.28210729685132
675.064 33.49652271668234
676.068 23.658862648190226
677.072 31.00289548995996
678.085 27.02636539410886
679.092 31.33396530209173
680.104 26.631885378885656
681.112 29.822338396531123
682.124 30.002604645973186
683.132 33.20643353372614
684.144 29.37059478339427
685.152 35.74450488662241
686.164 24.016374777998656
687.165 11.58962283827739
688.176 13.074456583465627
689.204 7.4660775984030225
690.272 3.5932246119655
728.489 0.06681465449416037
744.044 1.3161037915349465
745.5 0.5857087737452921
746.66 1.1027482429825155
747.72 0.8045207307293822
748.76 1.0249903540542609
749.9 1.1220947033857174
751.04 1.1220947033857174
752.744 0.1770650223130827
753.824 0.9870277483485477
754.864 1.84498263729767
755.925 3.0141092409512678
757.024 3.491868867678939
758.06 3.4984226756137717
759.064 3.3975775879408174
760.1 3.4984226756137717
761.124 4.372224479012707
762.38 3.2042831763350104
763.4 3.9970040087922616
764.464 4.007481083520419
765.544 3.750705443724481
766.604 4.424864019011603
767.685 3.1555669734436456
768.84 4.060914164634025
769.904 3.4063589209923566
770.984 4.145516543063901
772.144 1.5466420289004286
773.284 2.8052367584642934
774.305 3.3410067564080124
775.308 4.2512062541034155
776.344 4.527370521382528
777.44 3.3069031860728715
778.464 4.372224479012707
779.6 2.627440062505289
780.62 4.807405739015279
781.665 3.87632715715066
782.701 4.115791383075025
783.741 3.894963345406192
784.76 4.184455223617003
785.78 4.04467469880538
786.8 3.897995652611169
787.864 3.8071070293443983
789.36 2.054340050390518
790.38 3.135264612401269
791.4 3.762317534881523
792.441 3.89122178599658
793.484 3.883760191009051
794.54 4.037840788698604
795.545 4.030608835047204
796.564 4.158761200314093
797.565 3.646901200481053
798.584 3.766009701255303
799.632 4.068664000826074
800.7 3.5932246119655
801.704 3.82227478643342
802.82 2.870033147150446
803.9 2.36424892236003
809.181 0.48350479760439924
810.284 7.816344186473493
811.504 2.621286807089586
812.624 2.474619569073859
813.84 2.2792548662522387
814.924 2.9501567386063603
816.184 3.553299894054772
817.185 3.83373015542373
818.345 3.6758274766083843
819.464 3.429458342787447
820.504 3.0749710621627835
821.524 3.553299894054772
822.56 2.469474829845015
823.684 3.2245248148895613
824.824 3.1792683262595323
826.04 2.2792548662522387
827.06 3.135264612401269
828.104 2.2463390134829013
829.124 2.5082116899210156
830.24 2.292451544551466
831.305 2.6024168238147625
832.324 2.231097690136142
834.56 0.071650352506989
835.58 1.0450882041337564
836.825 1.541190315493636
837.924 0.7759708594842085
839.024 0.581449073572599
840.125 1.7427628908170543
841.38 1.0209002089862074
842.924 0.69040801050287
844.14 1.05196378442411
845.384 0.34276204765801654
846.464 0.19740554966970952
859.108 0.01686159392939626
860.133 1.2479882554728954
863.596 0.06156453758108181
864.732 1.876742901789492
865.772 7.969749559944711
866.872 1.768149229577494
867.928 2.4227044732191625
868.932 2.548183190955613
869.968 1.8521061223837612
870.992 3.5394198163436204
872.008 3.147608173867416
873.072 2.4044886501122513
874.108 2.6752643989987663
875.252 2.795428238329803
876.312 3.0169527402351837
877.392 2.171461046366805
878.608 2.8052367584642934
879.748 2.618220974566674
880.792 3.682882807657537
881.872 0.8715859064364369
882.892 2.5082116899210156
883.972 2.9610832450456432
885.028 3.0283805915239537
886.192 2.564237036946742
887.212 3.553299894054772
888.248 2.469474829845015
889.328 2.566272145706224
890.428 2.325796294290396
891.472 3.650748731641271
892.512 3.1001462638413093
893.588 2.9720909894510172
894.608 3.135264612401269
895.612 2.972880389448216
896.648 3.086843537306269
897.688 3.0749710621627835
898.808 3.045685623475519
899.828 3.135264612401269
900.972 2.981790120885123
902.029 3.2272165546760467
903.909 1.358185551142996
905.368 1.086973164805904
906.412 2.654764288661611
907.468 3.0283805915239537
908.488 3.135264612401269
909.548 3.0169527402351837
910.568 3.135264612401269
911.608 3.0749710621627835
912.653 3.0602582819610475
913.732 2.963827529795454
914.812 3.1584887947153524
915.868 3.0283805915239537
916.948 2.9610832450456432
917.992 3.06318956384032
919.012 2.926246971574518
920.068 3.0283805915239537
921.088 2.926246971574518
922.148 2.8158225575528384
923.192 2.654764288661611
924.253 2.411287392761014
925.329 2.575812190857548
926.356 2.491115797195166
928.268 1.4958654402410716
929.293 2.079980425788159
930.369 2.9720909894510172
931.388 3.138341417712752
932.452 2.8052367584642934
933.508 3.0283805915239537
934.529 3.132193834132512
935.548 2.929118656531902
936.568 3.135264612401269
937.588 2.926246971574518
938.632 3.06318956384032
939.673 3.072017199470984
940.708 3.0898259948302362
941.728 3.135264612401269
942.788 3.0169527402351837
943.808 3.135264612401269
944.828 2.926246971574518
945.848 3.135264612401269
946.888 3.0749710621627835
947.908 3.135264612401269
948.912 2.972880389448216
950.248 1.5024721161435506
951.292 2.2463390134829013
952.328 3.086843537306269
953.348 2.926246971574518
954.548 2.4873099258383404
955.628 2.7636776953759337
956.648 2.717229330747766
957.712 2.2041145959362307
958.808 2.139760885105976
959.948 2.2441894067714347
960.972 2.9111636673125547
962.032 3.2216115226137108
963.088 3.0283805915239537
964.372 2.656672817984876
972.389 0.3184967988211092
974.848 9.74854948352862
975.988 1.6831420550785763
977.008 2.299194049094264
978.112 2.3173694961226774
979.136 2.7066151536745333
980.168 2.6856336408553507
981.192 2.914816319341805
982.252 2.614692374870492
983.273 3.132193834132512
984.293 2.273525216010277
985.372 2.3953272784662674
986.393 2.2712984528212368
987.412 2.7455899186539634
988.468 2.826488552089023
989.472 2.7605317902019144
990.488 2.465319618440405
991.568 2.4185065880587224
992.668 2.325796294290396
1000.432 0.493634311953703
1002.772 6.417678396144808
1003.808 1.8521061223837612
1004.932 2.2761351634514555
1005.968 2.469474829845015
1006.988 2.299194049094264
1008.132 2.2363425906638423
1009.272 2.057173622873815
1010.369 2.1378103282371463
1011.652 1.827886149708612
1012.808 1.8442733014125112
1013.952 2.027094161128044
1015.088 1.149093460920233
1016.188 1.550530862860264
1017.232 1.2216931476836834
1018.432 1.2467718926507971
1019.512 0.9870277483485477
1020.712 0.888324973513693
1031.512 0.07896221986788382
1032.516 15.713796344226282
1033.596 1.5792443973576762
1034.696 3.101061725720528
1035.88 2.3408563491239205
1037.016 2.627440062505289
1038.056 3.0749710621627835
1039.956 0.9442656597497353
1040.996 2.0499807081085217
1042.116 2.664974920541079
1043.256 2.9922525423619133
1044.417 3.121762180823314
1045.676 2.8787656012199103
1046.692 2.9377676289429213
1047.696 2.7605317902019144
1048.916 2.2503210718172584
1049.952 3.7294846479969306
1051.076 2.4658130937390768
1052.096 3.135264612401269
1053.136 3.0749710621627835
1054.256 2.855330272008299
1061.873 0.3352223757580192
1063.076 17.799922906298786
1064.136 2.8158225575528384
1065.173 3.083866831870101
1066.212 3.0779306108270403
1067.257 3.0602582819610475
1068.276 3.138341417712752
1069.332 3.0283805915239537
1070.365 3.0958082329615633
1071.417 3.039895346624805
1072.452 3.0898259948302362
1073.472 3.135264612401269
1074.492 3.135264612401269
1075.493 3.100115125682152
1076.516 3.010289906986773
1077.536 3.135264612401269
1078.556 2.926246971574518
1079.576 3.135264612401269
1080.613 3.083866831870101
1081.632 3.138341417712752
1082.677 3.0602582819610475
1084.236 1.971323101593467
1085.32 2.556802506792179
1086.336 2.5180865390939324
1087.376 3.2799691329736356
1088.416 2.869972991351931
1089.476 3.218082922917529
1090.656 2.5294677211915326
1091.677 3.5498196786835132
1092.716 2.257149114606496
1093.736 3.558189195594579
1094.856 2.660522163781612
1095.912 2.826488552089023
1097.12 2.823814485341541
1098.18 3.4192131055998747
1099.316 2.627440062505289
1100.36 2.858976926250966
1101.372 2.5280394503156476
1102.452 2.3688665960365145
1103.592 2.8052367584642934
1104.596 2.7605317902019144
1105.656 2.413562192188147
1106.717 2.612228008824432
1108.812 0.3475488235360695
1109.892 1.1844332980182573
1110.896 2.335834591709312
1111.976 1.5792443973576762
1112.996 2.717229330747766
