0.0 25.16899695034479
1.009 35.407010073320805
2.039 23.170558938327304
3.04 27.108761920519846
4.065 20.695019115303
5.119 20.94698441770347
6.13 25.033981612579556
7.209 22.584206798130865
8.359 26.94333586493051
9.36 31.522203178724023
10.369 32.102607627763014
11.38 36.918249707314345
12.39 37.888019335013276
13.391 46.276544890072245
14.4 47.42074233982202
15.401 70.15222417109857
16.409 36.1807114339161
17.419 27.902724238506117
18.429 29.097862437773127
19.439 27.915163403485042
20.44 26.226806986061483
21.449 23.25841676920796
22.569 24.53825955989732
23.57 30.674093652687468
24.579 25.20210202539854
25.6 27.420986503820917
26.88 32.55372425305947
27.889 33.30172839328551
28.89 27.20775974015364
29.9 29.495636185301354
30.901 47.394712570807826
31.91 51.843196171472925
32.95 40.306674930485485
33.951 43.48443971780791
35.12 36.18991651216024
36.141 38.77366121510994
37.142 38.90275857524031
38.143 44.815974494136
39.144 51.95481726550652
40.15 37.022317972642654
41.151 53.21175112077154
42.16 50.687015386130014
43.161 45.411935727430055
44.162 51.55741576162042
45.163 41.68386398976755
46.17 45.601015857609774
47.181 46.132250632167256
48.182 47.401481652492194
49.183 59.74363290111091
50.191 62.181426788544684
51.201 67.50133840696915
52.209 65.13053150948288
53.36 54.41260321759639
54.43 49.83416598448944
55.431 49.58013879711119
56.44 37.97215757487895
57.441 34.7248249506379
58.531 33.11904274466928
59.541 45.5055403426674
60.552 37.28993852076671
61.553 43.11834521671199
62.581 48.20290883296584
63.59 21.24420604399248
64.751 20.184321746129978
65.752 38.77668442886906
67.164 34.776622168229245
68.171 46.282441928731764
69.172 36.01997591291254
70.18 36.2084525310615
71.181 27.94502555360876
72.191 33.268756384975326
73.201 27.685949282533088
74.202 39.162522084877715
75.212 42.372268426965405
76.213 26.299433591633285
77.221 46.745303796714325
78.231 37.92279297889378
79.232 35.120534184102915
80.242 40.517435186119606
81.252 48.947135830768296
82.261 29.7856505634977
83.271 38.70844516002759
84.281 35.449383935549974
85.291 34.6071546303479
86.311 25.558907668984595
87.321 23.21525552993205
88.322 41.310295294311814
89.323 52.30229679197045
90.332 55.13409260998322
91.432 43.359285038365456
92.442 40.151947361177115
93.461 26.882256178680894
94.462 28.400528341952306
95.471 28.899775789575358
96.481 23.899968667367332
97.501 13.686222098772062
98.521 18.793397407714146
99.532 19.674094880049246
100.541 17.990588902119757
101.551 16.35862007447178
102.561 17.01677769116554
103.582 19.349490506017
104.592 15.976639873489823
105.602 23.708768918028394
106.612 19.8508108178802
107.621 17.657756292018483
108.811 21.714466337657896
109.812 18.520207488415075
110.822 22.7527701713337
111.832 17.572486904156488
112.842 19.119974933893864
113.852 18.88717683589635
114.862 16.30942247815065
115.872 19.88477393124962
117.172 13.860089611829931
118.182 15.295979947115091
119.202 16.065381627348597
120.203 16.01226272435887
121.302 15.180996400757975
122.312 21.796771424639008
123.322 18.704311151339766
124.332 26.194365659434595
125.342 24.24924364806763
126.352 25.811966160756718
127.362 18.488792135637542
128.373 30.9437220443493
129.472 43.594712198223725
130.562 35.866292788632315
131.563 36.82521458828147
132.572 37.81126749433399
133.573 30.146387326377397
134.582 25.30423225044012
135.723 35.133147481888734
136.733 42.828743851922255
137.752 29.077060773212107
138.913 29.229610757731052
139.923 35.56315337704259
140.943 24.990931943007155
141.944 27.570610722942476
142.945 23.536097016527492
143.953 37.932664556350154
145.063 22.40047497662371
146.074 32.089785823769645
147.083 38.46923797155395
148.093 25.62076641141778
149.103 22.02291264863784
150.153 24.226355318285652
151.163 40.151947361177115
152.164 28.769584316285137
153.165 39.07480606805119
154.173 43.87161708789992
155.174 33.14410335480423
156.193 32.359009589421014
157.203 36.901551622415155
158.234 27.740624399968418
159.235 41.27828317884619
160.243 42.14740506261128
161.244 32.210252127432426
162.253 24.306433942225627
163.263 19.566946277743227
164.283 24.990931943007155
165.293 22.80490285152626
166.313 28.398786298871773
167.323 23.70261921848825
168.334 33.42686023309338
169.354 21.4331951038985
170.364 30.97435939290806
171.513 27.49667072994856
172.514 34.91830786878259
173.516 36.43444114354464
174.524 52.6842563282641
175.543 35.469444501704125
176.544 32.71271541996123
177.554 54.300728812258576
178.563 33.69947665327622
179.564 34.23336141584619
180.703 43.801766356941265
181.814 49.026827804974424
182.815 59.611917853336024
183.816 52.77331205917399
184.824 45.37596127045764
185.874 43.51905688932521
186.876 41.050700673937996
187.884 34.98727572302732
188.904 32.78897294103946
189.914 39.96074761183818
190.944 36.432099892947356
191.945 41.95448623460696
192.954 41.480260852848446
193.955 52.473921217176056
196.605 13.099338916485744
197.606 102.59036871523786
198.625 47.195036286136755
199.626 59.245541307169916
200.634 65.32847784704748
201.644 44.3987341913406
202.804 58.47992437188859
203.805 64.24196972543979
204.806 62.80734747596027
205.815 57.143399859362994
206.816 56.496024940503034
207.935 48.58536797701364
208.945 56.437469870660394
209.946 56.3341310702187
210.947 54.10512888057225
211.948 53.223597013719164
212.949 71.83631528515386
213.975 45.66822068120188
214.977 68.029986877577
215.986 51.99701584819219
216.987 81.79758307383327
217.988 61.017348438051734
219.005 70.68501783274169
220.099 68.62574739611877
221.105 79.6633945680081
222.386 4.500924549317057
223.495 132.68381562242982
224.497 47.45803168906363
225.505 81.80428164425007
226.506 71.18704753359545
227.507 60.34072231468569
228.508 65.78532034947439
229.515 41.09093130994308
230.526 63.60653975782911
231.536 49.78824700878126
232.546 49.71193482812404
233.555 38.97639148631524
234.585 44.17841161299013
235.586 48.95202442581642
236.596 65.785715464149
237.813 3.1453838883676664
238.815 116.26960373768071
239.895 43.25815530195849
240.896 39.74127856889068
241.897 39.225418135528244
242.916 50.78895795001365
243.926 31.964321252972173
244.945 36.7467347787978
245.946 33.670681500833574
246.955 42.79969941773499
247.986 30.756951436341
249.065 34.9725845541257
250.135 37.43062473130148
251.136 39.162522084877715
252.146 27.150504172027926
253.156 25.535494253171272
254.176 39.37965033443552
255.185 26.028377517310314
256.186 35.02449783770603
257.316 39.651219331604985
258.326 53.727129564241764
259.327 43.24047073210069
260.356 39.124392277532664
261.376 48.306723002186125
262.477 45.8482823783707
263.486 50.316204171959875
264.496 44.93194109465058
265.497 32.01719227689301
266.686 29.174672556484698
267.696 21.605571675300066
268.726 23.435891605865052
269.736 26.354816911072827
270.758 31.962003687808505
271.767 43.40982258404506
272.777 43.593542849278016
274.097 27.738211305146816
275.099 38.63612760592251
276.116 31.641825474024138
277.117 30.095337168674497
278.122 27.955300553740134
279.136 28.75727196418297
280.146 27.336253051319922
281.147 33.953713728760974
282.194 35.78192825737501
283.196 29.732116459139473
284.206 28.29756290216292
285.217 27.388243477200216
286.227 30.967122749008777
287.247 32.168683661353576
288.257 30.048111251412784
289.258 36.84749614882583
290.266 31.20708930338661
291.267 34.91830786878259
292.268 43.6901915965055
293.278 43.311075968127426
294.28 42.295109560674724
295.287 41.594746430208964
296.298 52.141990022759
297.307 52.83392407586173
298.308 39.66935707599434
299.317 32.326454696347305
300.358 30.110959783289566
301.367 39.76232912022248
302.517 38.22979192534573
303.527 46.843938588039975
304.577 42.47477007482007
305.597 44.68075711022492
306.607 45.67613173579016
307.608 27.985216976109662
308.617 29.416582709169347
309.627 35.371953627703654
310.628 37.31413971744155
311.64 54.69869273076977
312.642 73.17287676893035
313.648 54.892417602090966
314.649 49.60439467314683
315.657 37.35792721458728
316.677 33.798049843123394
317.687 36.1367526250594
318.697 40.256492253359525
319.698 43.23200937999524
320.699 50.54473293713281
321.798 38.45617334759657
322.808 42.896250780965175
323.899 39.31579755229569
324.968 45.31970844060119
325.977 36.363956291518654
326.988 28.752987990576106
328.007 30.03251225206031
329.008 33.00970887886262
330.105 33.07576681672655
331.258 40.77533236175114
332.268 44.050996635525344
333.278 36.24367353751868
334.279 41.73435005733009
335.298 37.71255785679652
336.308 40.725546609193934
337.328 31.051138830147977
338.329 34.53021385221249
339.338 41.14868738250795
340.339 24.263068184920975
341.348 37.09971362507166
342.359 37.42188665326576
343.361 51.09965661271542
344.368 36.07675127744721
345.379 35.8358561378618
346.458 32.34819231282775
347.468 24.09116841670627
348.578 20.409452596438104
349.588 23.899968667367332
350.598 24.85596741406202
351.609 33.44012486017
352.61 50.15889528112416
353.611 35.49635924012011
354.613 43.25521898704297
355.629 42.75116112221009
356.638 34.450063855122934
358.299 7.56232130323548
359.308 104.74182080987381
360.349 47.058180511304286
361.359 51.07968391221093
362.369 60.63693297185038
363.398 43.743280345276894
364.432 55.713416218233704
365.459 46.267283815236155
366.46 45.931885814310135
367.468 45.22527477442039
368.469 45.633764175128
369.509 44.979188687905115
370.51 42.780878290239514
371.519 35.89779477119186
372.59 8.92686376866422
374.209 0.5963920532190489
375.249 27.424142955215398
376.251 35.74171114741396
377.279 44.08161651596913
378.289 49.2674792704502
379.459 41.318693969735
380.469 48.56473633209041
381.47 41.89892335578114
382.479 45.933418473497255
383.48 44.724309846326925
384.484 44.38117575230135
385.509 43.32700094653537
386.519 44.16714209729483
387.521 36.215292124013416
388.529 39.93178140665841
389.689 28.237944312244085
390.69 42.635060988955544
391.7 34.5386233516316
392.709 34.18228679932898
393.71 30.789309063856717
394.78 43.52639774410354
395.781 52.859758873184695
396.79 48.82636202611353
397.89 55.94337454818609
398.9 52.25567418336432
399.901 54.989622220662255
400.91 45.97455037234962
401.911 49.96597645311984
402.912 41.79513076995426
403.929 41.42380178656625
404.93 21.29496688886323
405.931 38.969603256873384
406.94 36.73036596190757
407.941 35.511730696445014
409.08 34.62014330969849
410.09 36.71035187307622
411.1 29.933522745739147
412.11 31.79646240870604
413.111 35.111226696786915
414.141 21.639069909167723
415.155 19.615887498747323
416.16 12.609346996657735
417.17 13.001582955047827
418.36 3.407854355864612
419.37 26.36725607605175
420.408 22.511099582573888
421.42 22.179170923316885
422.421 20.608892255646097
423.43 21.626984531271624
424.44 26.622798264596675
425.45 14.144169176426354
426.46 18.16397618719917
427.461 20.06355811244967
428.47 15.568983333291284
429.471 19.67772045644102
430.48 18.181978145759327
431.49 13.912297550583299
432.5 17.20797744050448
433.51 12.845604212166062
434.53 20.84077267794431
435.54 13.834168413243775
436.55 18.73757543521599
437.561 18.817060343245874
438.57 23.708762269105566
439.581 32.83103332690248
440.59 32.46258169493014
441.591 22.91630297480307
442.6 25.532556260396106
443.601 27.5934563736272
444.62 28.333803754211164
445.621 31.636149387077452
446.622 41.03417317060387
447.631 25.9573060730348
448.641 31.29134845102262
449.691 37.50240643367835
450.701 28.679962400840797
451.711 13.390551450961766
452.731 19.68982516721776
453.771 7.613059250120624
454.811 4.962515784542501
455.831 4.543805807819483
456.851 4.165155323834527
457.861 4.779993733473466
458.891 5.062152586866851
580.761 0.01921319180693045
581.941 19.759069903361304
582.952 19.716122803734127
583.972 21.969063040298263
585.224 10.050574701900189
586.232 25.322193451642026
587.233 24.35430976512478
588.242 23.30080098661069
589.372 20.388639890776165
590.423 23.35981535899985
591.432 17.168510542743935
592.485 21.166079932745014
593.492 25.87035971475438
594.592 26.459953902425827
595.602 35.51157976044458
596.642 41.50086315857186
597.643 52.0880835611674
598.653 48.530604086746536
599.663 53.98907928525475
600.664 40.1632179938826
601.673 39.16973939180493
602.802 48.70881093583575
603.983 43.30171212630011
604.992 46.94178442305286
605.993 54.36982817893784
606.994 61.315329054698765
607.995 57.61517977898426
608.997 72.10442924294695
610.083 69.37466918565944
611.192 56.72916596418544
612.203 57.02505068536842
613.363 54.13086986978778
614.395 41.72860420892359
615.403 40.53200661299266
616.405 60.32333009832203
617.412 37.92000809892078
618.416 36.202969086093965
619.423 40.503557238192066
620.424 32.21688018658169
621.433 44.402304524380675
624.133 12.995673963444233
625.152 99.18630877651921
626.163 17.572977951111948
627.183 25.180257184999636
628.193 13.740105963459342
629.203 15.104780197776154
630.223 14.9566941174058
631.393 9.812449260392157
632.394 34.532470212773944
633.403 22.66339645881691
634.413 27.022758140671353
635.423 25.45476940406306
636.433 20.461028731340587
637.434 29.70949951266585
638.443 21.454059894908948
639.453 36.901551622415155
640.454 43.12497327586126
641.455 43.445376475587736
642.463 24.138968354041005
643.643 22.30719174864366
644.653 39.76954786249924
645.663 24.289635992774468
646.683 32.72756066236679
647.684 49.221095422769814
648.704 47.64020957715998
649.713 33.89995968407703
650.744 31.93664611384378
651.745 32.98911958873936
652.763 30.196937255814863
653.843 36.59887433349556
654.844 45.14300575301175
655.845 34.85865533643915
656.864 38.773250271574994
657.865 39.72294563932886
658.874 40.7575146301569
659.884 33.6511558836532
660.885 32.36015908223403
661.904 40.6525687239869
662.905 37.92363911410433
663.906 49.00138231309822
664.907 42.89002973239985
665.914 45.16378732112973
666.924 33.26397250963148
667.934 36.86004115051921
668.935 49.77305762511551
669.944 46.37817461789068
670.945 39.820674256146845
672.114 39.20714552283385
673.115 55.17478480923658
674.124 37.96460273631423
675.135 46.563728006821826
676.274 45.19303581882122
677.424 45.37156318294278
678.425 55.56062246524523
679.434 51.40102302808651
680.435 56.451743864484506
681.445 57.57278826530966
682.446 50.41174868654211
683.524 38.281775915005845
684.525 54.6673857279796
685.526 61.33930288566421
686.535 61.11934351067366
687.545 53.383724751284326
688.625 61.553454353819944
689.626 54.445134212676365
690.634 41.89224633047387
691.635 63.084456757413854
693.965 7.186315617083487
694.975 98.98318777783751
695.976 36.268739664812855
696.995 30.70078801456049
698.075 36.342571998985576
699.154 29.77203536117856
700.325 41.8303424470871
701.335 43.593542849278016
702.346 40.5995327902112
703.365 24.493885954274308
704.381 32.31200488336197
705.385 31.384472950394546
706.393 27.676765892275164
707.395 32.83024799182682
708.415 35.21449501060099
709.425 28.584921589765884
710.455 27.771120396957002
711.466 38.39313661058154
712.475 33.44904774529755
713.476 28.705560085353873
714.485 33.72577868383488
715.495 29.68823359362669
716.505 30.24086795684757
717.506 40.320035052903656
718.525 31.26667873101854
719.526 32.08911376978936
720.535 34.044620852149635
721.545 35.754353126381524
722.555 27.360991615379127
723.565 35.671368206167884
724.725 42.32448535792878
725.726 38.39084677286042
726.735 34.58353266976633
727.746 38.20212598067815
728.756 30.502306271232445
729.765 34.067285367843795
730.766 21.125598824219082
731.775 28.325608058656638
732.787 32.68990547824682
733.815 36.82862365478193
734.816 24.114853500540463
735.826 19.50237443257174
736.835 12.057522349293029
742.016 1.3305503132805747
743.025 96.65156803798381
744.026 9.511687946809667
745.069 6.923580070538892
746.116 5.164402016528352
747.146 4.687178321173011
748.156 4.20639448545665
749.596 1.7433699366807391
771.696 0.05242852855176326
772.732 7.642453301279392
774.136 5.595968751273971
775.196 7.773450964325982
776.206 9.013642569164833
777.306 9.370950277239672
778.326 11.73664265144162
779.363 9.46435632353254
780.404 7.599485831118127
781.416 5.328505831336051
782.434 5.880613115719223
783.446 5.246904367688628
784.497 4.961005865340493
785.526 7.010848991715488
786.566 4.456424926899878
787.576 4.015194736117712
788.626 2.8869964156762826
789.797 4.617531094197425
790.857 4.37943773768434
791.946 5.232644013487201
792.956 6.118391978846037
793.977 4.468289770182295
794.987 6.309591728184976
796.027 5.234163632323895
797.187 6.051170605992584
798.207 6.247732985751789
799.217 4.536102240347408
800.227 5.544792730829221
801.277 3.193095217830188
802.897 1.3112526019479065
804.317 0.5439767516403607
805.597 0.6034742088510252
806.617 0.9466262099623923
807.637 2.46122814590222
809.137 1.767273632438737
810.217 3.218529113872134
811.227 2.676796490745141
812.287 2.368351612094589
813.337 2.3406262269220495
815.397 0.6562049649642215
816.557 0.33295128764194487
878.861 0.006199016012850798
880.021 0.8323782191048622
881.381 0.851963588966153
882.781 0.4138108860692744
884.181 0.4138108860692744
886.461 0.24753153657396104
887.721 0.45978987341030486
888.741 0.37865048398495693
890.021 0.4526056566382688
912.913 0.008435774368003147
922.687 0.019757698673248215
923.948 0.15314175006528788
925.069 1.0336043541427014
926.107 0.9302107265526398
927.548 0.8040738938195476
928.81 0.9181224096624153
930.308 0.46655592376914645
931.328 0.9466262099623923
932.748 0.8159651274605411
933.787 1.116252871863168
937.718 0.09825069795590334
939.159 1.2061108407293215
940.899 1.4434379409662483
942.101 2.0885629857073744
943.179 2.866222587492809
944.258 1.6107559976746548
945.554 1.3263492601940172
946.663 1.39430864138865
947.715 2.0192292919730117
956.469 0.06617948829072241
957.479 12.349575037894212
958.609 29.313566914648618
959.679 29.30660999161977
960.68 35.90264516371693
961.689 22.1635179737846
962.69 31.387244612642046
963.71 37.362174312986745
964.72 32.702704495485044
965.729 34.93329371442928
966.73 39.27548113548551
967.731 33.804934954240096
968.75 37.60639104925453
969.751 40.51619739921507
970.771 39.15987805060215
971.78 44.27079437158741
972.781 48.47057349101615
973.8 45.71010437412387
974.801 49.12505907637292
975.802 49.43657785638867
976.81 56.66540475702511
977.869 38.23479608276236
978.89 63.0266773933641
979.891 52.24518266525864
980.9 52.71122790139396
981.911 65.66339472062651
982.921 58.96579480647488
983.941 53.162139840173445
984.951 48.34963661408411
985.96 51.16500427514794
986.961 45.97814120581994
987.97 49.455232384417535
989.071 36.19223429144455
990.081 58.48462098803425
991.082 41.40351119000689
992.09 59.229736010684974
993.101 50.27028369499099
994.13 55.882289732124335
995.141 57.05213845013543
996.142 53.839301401925944
997.161 58.930590379097
998.171 64.8858991457268
999.182 64.08176812557656
1000.183 65.49862153563463
1001.191 69.78983444951827
1002.192 52.99090983081921
1003.401 59.03917681444893
1004.451 59.580028897551045
1005.453 58.876896718934965
1006.461 45.133266384182036
1007.462 62.08094039770716
1008.481 52.49857469649266
1009.491 52.23764438243981
1010.492 49.32911868464942
1011.501 44.68127393360386
1012.502 56.52521660526685
1014.611 19.01397485934905
1015.612 101.38660035570211
1016.614 55.83272291336412
1017.623 53.501687862332254
1018.631 47.424653417789315
1019.633 52.893506044351525
1020.641 52.14719061051053
1021.671 48.251485672526854
1022.821 51.70035509953391
1023.822 51.89516473316308
1024.842 39.67636124196434
1025.843 44.69314386607184
1026.851 33.50477828153076
1027.921 47.385835795309276
1028.931 39.19594861448242
1029.961 26.075754464639207
1030.962 32.63487098059107
1031.966 41.16126874712968
1032.972 59.61901131488739
1033.981 51.63522302359283
1034.992 36.922238092424
1036.191 47.20490529506858
1037.202 49.853774404784986
1038.21 25.132720548688976
1039.231 17.40086259409812
1040.251 12.77244524952219
1041.252 44.72233553083565
1042.261 44.29765601981752
1043.262 50.54473293713281
1044.272 30.12919500383455
1045.291 27.669742829706703
1046.323 11.59839183936174
1047.332 41.14868738250795
1048.342 33.925376576784046
1049.442 38.273547048622525
1050.452 46.27033934002315
1051.922 4.812813048366261
1052.932 31.165559142246998
1054.122 25.141229613185395
1055.132 33.6511558836532
1056.142 25.86591579763159
1057.152 34.41595488100896
1058.162 27.21633391028717
1059.172 38.81354911580455
1060.182 39.98255109202596
1061.202 36.61027948965029
1062.242 28.948573643385856
1063.244 40.66524808545031
1064.253 30.621719364660045
1065.272 30.827267237438328
1066.431 39.303836738077
1067.432 42.635060988955544
1068.433 27.386012224508516
1069.442 28.13799623429943
1070.484 34.537293183474056
1071.492 27.73177695611866
1072.502 28.59736075474481
1073.512 34.6071546303479
1074.523 27.600198255119334
1075.562 38.54906387754988
1076.702 44.59864478901142
1077.704 56.10448389406323
1078.705 79.34689345902395
1079.792 63.726190765998275
1080.793 68.57939983722999
1081.795 61.77765285817522
1082.852 49.79734805634187
1083.853 66.58378994315895
1084.854 45.42434571051806
1085.863 55.94847622637646
1086.883 54.92521792017319
1087.884 50.71254975389096
1088.892 48.725234726988106
1089.893 52.61254636917039
1090.903 56.403926054986904
1091.913 38.74548312316707
1092.914 46.10759989303337
1093.915 42.81274938317005
1094.933 39.46325707388742
1095.943 26.194365659434595
1097.153 25.99938640725328
1098.173 25.96301208638758
1099.193 18.1309366249639
1100.195 22.74170272077316
1101.203 23.372651898357162
1102.223 22.155270954649517
1103.423 21.45627257765745
1104.428 41.582871467536215
1105.443 27.531900523344635
1106.453 24.47580416976238
1107.484 25.26170469985377
1108.493 38.95540582363546
1109.494 54.60054104634652
1110.503 53.1796278924066
1111.703 33.04003648014659
1112.704 17.362694520389134
1113.733 15.201216222952935
1114.773 6.313268646441494
1115.783 6.883190976201791
1116.793 14.14878145108146
1117.794 20.132518132109105
1118.823 18.816991079134326
1119.825 21.178055688746564
1120.834 43.42311350374226
1121.933 45.737121118091714
1122.934 37.587441390447665
1123.944 20.98622173950524
1126.323 1.8669904065336465
1127.453 1.1962674582533595
1128.484 1.9688889988880547
1129.485 10.224697884229158
1130.493 12.069484177020502
1131.503 7.6298204067344
1132.504 18.134369832406428
1133.544 25.39355947244182
1134.554 38.666643105161725
1144.537 0.5477140379729893
1145.548 6.118391978846037
1146.577 8.069781451691064
1147.587 7.456790224218608
1148.618 5.43185320866878
1149.638 6.23043353016037
1150.678 7.3565712769417635
1151.898 11.42915702300237
1152.908 17.486670642391793
1153.909 12.919356484745691
1155.07 18.059816283254364
1156.078 19.26042302322918
1157.079 24.323989920080237
1158.088 24.67018542867511
1159.158 19.111434845619982
1160.269 18.786950915408113
1161.29 16.833443161681878
1162.298 6.513689873312652
1163.328 4.124716922632248
1164.629 0.8905999085272622
1165.648 6.046067035356103
1166.658 12.619183456369951
1167.698 4.235449665539223
1168.848 10.579165261249274
1169.858 11.789253550248153
1170.91 8.553142896042779
1171.928 16.061722707523153
1172.939 11.269627164300053
1173.949 5.343669602686872
1175.11 2.162319301309444
1176.118 11.686325949178581
1177.128 17.15626405800784
1178.129 22.25476626269176
1179.319 15.514112232770872
1180.329 21.329953323182824
1181.339 18.66447787022749
1182.349 25.811966160756718
1183.358 18.384979456081712
1184.359 17.723148120081422
1185.378 21.983280306722328
1186.488 15.888526947724689
1187.509 14.563765432016902
1188.51 8.91445751069979
1189.569 3.464705561675385
1190.646 1.9723576742391906
1191.659 8.959775025784221
1192.67 13.395318560242465
1193.671 17.941451004402104
1194.699 13.809860567440301
1195.709 12.2276991742805
1196.859 17.360662569600912
1197.899 16.138387991399085
1198.909 18.478589225036853
1199.91 24.89597732240885
1201.021 24.964730695185185
1202.059 22.871488241252905
1203.311 21.03607826003705
1204.33 35.24905290560649
1205.351 31.812680181030846
1206.429 22.14905979960292
1207.431 24.476239368967725
1208.439 20.030100515999354
1209.449 20.858662712970176
1210.45 20.844540911782957
1211.64 20.266223256717414
1212.66 22.529703797104936
1213.669 11.228728577859679
1214.689 9.087611615638966
1215.719 4.87466545401993
1216.759 3.52800306712907
1217.83 2.344026805621162
1218.932 1.7523751981154994
1219.989 1.6442816665004278
1220.99 2.3150259360518843
1222.079 2.127953133138601
1228.07 0.03223364160112303
1230.714 0.22151573395996701
1233.509 0.05694034697368257
1234.72 0.7973234799022628
1235.74 7.580441485076665
1236.751 8.94985333007861
1237.76 4.147186658777653
1239.0 4.46967792420789
1240.032 3.5553519281145665
1241.211 2.4568924533375065
1242.48 2.0376942857309164
1243.49 1.1471984960336319
1244.581 6.998011928689854
1245.59 18.21093836025742
1246.62 12.682928918703848
1247.621 11.889609933512086
1248.671 11.548657870122398
1249.73 17.552268757277933
1250.74 19.036534692406036
1251.771 14.064737274503004
1252.774 16.65335510963149
1253.781 17.11261185067801
1254.79 21.604180111159597
1255.792 12.76572200315578
1256.801 15.884467795577276
1257.811 17.399177189843417
1258.831 10.17138790953012
1259.84 10.143629912897312
1260.86 6.317484390696386
1262.09 14.568079147000185
1263.261 16.03429957286966
1264.281 19.14634547035777
1265.291 14.744323945184687
1266.481 15.935823533073666
1267.491 21.796771424639008
1268.501 15.821639491898534
1269.511 12.91842224535728
1270.512 15.433506240345897
1271.531 12.245903991187994
1272.751 10.832914553783823
1273.901 1.6792325811506787
1275.763 0.830141845598401
1276.911 15.027401754278976
1277.921 19.69091862983653
1278.922 18.517104992643077
1280.081 14.830577593415622
1281.141 18.4363601454545
1282.161 8.898286373646489
1283.481 6.0576276955799155
1284.501 4.198081452876696
1285.521 6.626383469736746
1286.541 8.695259962825604
1287.581 8.355796737937272
1288.731 4.383067088826556
1289.751 10.791538793571274
1290.761 7.3797792140682015
1291.891 8.338893627122834
1292.894 9.434173075557402
1293.901 10.007052358180289
1294.911 11.28078521099738
1295.921 7.723603324721556
1296.931 6.500791477523913
1298.092 3.326645078937606
1299.112 3.7109408178262555
1300.161 4.10479075392388
1301.201 0.5570531158624847
1302.202 6.603944295770815
1303.212 13.798528109090684
1304.222 15.926044618182296
1305.242 14.503430736844386
1306.402 17.964888098736154
1307.412 17.543275831340818
1308.421 12.79132102099592
1309.432 15.66287165207804
1310.452 4.663379644867365
1311.492 3.156634323220747
1312.552 11.435047206709063
1313.652 17.30857712254801
1314.672 16.281970811353148
1315.682 11.805466394490344
1316.692 16.741997934440132
1317.693 23.46671392926278
1318.702 25.756403328980397
1319.722 16.10717711205746
1320.773 24.88170584185765
1321.782 24.440182565704745
1322.783 28.166148888631263
1323.792 22.74034388864276
1324.962 22.729987135275117
1325.963 28.937824200648556
1326.972 18.348884116272497
1327.982 20.458373179266438
1328.993 25.589699673263393
1330.003 32.31275763828063
1331.023 27.681808814220435
1332.042 28.333978022372353
1333.043 35.689983180799885
1334.052 22.245501962653606
1335.066 23.424797692678844
1336.273 10.555522579138385
1337.283 18.73757543521599
1338.303 20.725993359321333
1339.304 29.13074302865288
1340.323 21.027828827874124
1341.343 29.9133882348116
1342.344 17.72117380459015
1343.353 17.41642117120104
1344.382 15.201216222952935
1345.392 7.0088405190787695
1346.393 14.275993272319955
1347.403 12.81038320570889
1348.423 13.44209218146597
1349.542 5.758312557100146
1350.553 7.64042519613563
1351.573 12.619183456369951
1352.583 15.295979947115091
1353.623 9.846429612791512
1354.634 16.99994606140178
1355.648 14.301093475584912
1356.663 16.349102072458052
1357.664 11.616026215435777
1358.673 9.760851425618167
1359.693 6.626383469736746
1360.705 8.777806674196729
1361.743 7.114532804499514
1362.768 9.796888619786397
1363.813 7.517601096117608
1364.823 12.619183456369951
1365.833 10.029740652274542
1366.853 13.39724705477003
1367.873 11.058227200968574
1368.893 11.165622221280096
1369.903 12.190661211141014
1370.913 12.114069498686527
1371.953 12.88675052463033
1372.984 7.895027216128737
1374.003 9.665062893472747
1375.034 7.524387302943961
1376.054 11.17018927755623
1377.067 10.257462542105095
1378.094 8.085496702814124
1379.114 6.035018879799714
1380.133 6.064353188061332
1381.153 5.301106775789397
1382.163 2.719196521622347
1383.173 5.544792730829221
1384.203 2.062358461316124
1385.393 0.8113938942534791
1416.149 0.006907632794481923
1418.85 0.28598555621225924
1420.067 0.4760355304001513
1421.429 0.42535627055578856
1422.868 0.40259571959484647
1424.406 0.2511206070641457
1425.509 0.5252359388005295
1427.028 0.2542616811485557
1428.846 0.3186662488982311
1430.226 0.5597441937168929
1436.585 0.0911047712685932
1438.127 2.50917765951377
1439.446 0.5856307712883337
1440.526 0.7152286919715852
1441.685 0.6670526660874889
1442.807 1.1337284549843134
1447.41 0.16781381432311798
1448.511 1.4031734556390774
1449.869 1.8486396972166894
1451.089 1.1225974066288267
1452.127 2.0464635984158077
1453.268 1.5407852140877236
1457.131 0.7986722017792435
1464.147 0.3722041979080436
1465.157 6.883190976201791
1466.211 7.677074275785836
1467.226 9.2878667048055
1468.247 7.454154795148471
1469.436 8.213843205042188
1470.447 7.64042519613563
1471.457 4.70997101825504
1472.496 2.6020832104452287
1473.517 3.0262369728866294
1474.527 3.0734521110842548
1475.537 6.500791477523913
1476.557 5.6893065592608165
1477.607 6.437058227744268
1478.617 6.78828993102552
1479.628 10.664899797259421
1480.837 8.58190362738532
1481.857 9.655587341616403
1482.877 10.801226488702467
1483.888 13.775105777594236
1484.997 9.834861241129852
1486.008 11.947379794088839
1487.017 7.148975848493044
1488.047 13.487424145174185
1489.057 14.540685030866829
1490.068 15.161608376235078
1495.418 1.8946788004575859
1496.598 0.9819241364355662
1497.599 4.244214216095122
1498.618 6.253864225188249
1499.628 6.118391978846037
1500.638 6.309591728184976
1501.889 3.9380231795273817
1502.919 6.562049649642215
1504.119 1.9273531067865879
1505.138 9.801239318542747
1506.159 5.295914702551602
1507.299 4.426217198527997
1508.428 5.482497497593948
1509.449 6.052473945773259
1510.478 5.817749418660999
1511.488 4.898515215519826
1512.489 6.366321324142683
1513.519 4.888370653789442
1514.549 6.374562516795294
1515.569 5.080780909377098
1516.589 6.437058227744268
1517.619 4.9256487971625145
1518.679 2.942194791160918
1519.689 6.500791477523913
1520.719 4.344411274937522
1521.739 4.695072247510842
1522.8 4.3682204750008236
1523.819 6.216599262478351
1524.98 1.1643257776281621
1525.999 5.855236955556598
1527.029 4.847666210473992
1528.039 4.864691868049048
1529.049 6.500791477523913
1530.069 4.979097731297981
1531.199 4.235031652281448
1532.36 4.56732806086302
1533.379 6.056595426307599
1534.389 6.309591728184976
1535.55 3.713294616621144
1536.559 5.958529156878192
1537.809 5.104361312909003
1538.829 6.437058227744268
1539.94 2.917676664055056
1540.949 6.452251847524427
1542.02 5.048673119799426
1543.029 5.0800693171027005
1544.2 3.7386041098669787
1545.389 5.852529498042246
1546.39 6.366321324142683
1547.399 4.853983777832564
1548.42 4.882517016653803
1549.45 6.374562516795294
1550.48 4.783937031545764
1551.5 4.918858005041425
1552.519 6.253864225188249
1553.52 3.1077136057977204
1554.55 6.374562516795294
1555.77 4.3030586430755955
1556.9 2.221639565327668
1559.681 1.2499142189794694
1564.182 0.7969264606256204
1565.201 9.475551856345831
1569.112 0.13217615648844414
1570.131 8.148974596457416
1571.242 5.808289567737177
1572.272 7.874459579570657
1573.291 9.286040819218915
1574.302 8.310637932638754
1575.342 11.141062317249695
1576.352 9.740704773887902
1577.362 11.4715656626404
1578.402 9.114822328556913
1579.412 14.922106168254228
1580.632 9.682315851298041
1581.783 15.28123106262442
1582.792 13.576744422891062
1583.832 8.113782677122746
1584.902 3.7135250654727336
1585.912 2.676796490745141
1586.922 2.8679962400840795
1588.082 1.9105757368342597
1589.092 2.8679962400840795
1592.755 1.1058775456278618
1594.092 4.316310695069044
1595.132 2.970949951266585
1596.172 3.899371811037393
1597.192 5.111781533796918
1598.213 5.218489049005525
1599.232 9.424776488828758
1600.242 6.779065381715308
1601.262 9.174247289240785
1602.292 8.778317504369955
1603.323 3.558800378093339
1604.332 13.549742870243083
1605.343 16.39829050273678
1606.352 12.575308599812075
1607.523 15.073881072779049
1608.533 16.6539454182972
1609.712 13.276995071623118
1610.722 20.649572928605373
1611.723 10.858312134392479
1612.733 12.754896143948978
1613.753 12.679947365930461
1614.773 14.687484094447717
1615.783 14.950758177475342
1616.793 14.895969945208627
1617.803 10.847231393417418
1618.823 11.876145461330815
1619.843 13.5820713811442
1620.853 12.132378831408312
1621.863 11.265410962147026
1623.103 10.265664362033801
1624.183 10.53589897181169
1625.193 15.823735980378128
1626.203 14.877241314790925
1627.213 16.946195912352554
1628.223 19.19796430533475
1629.383 14.754877475410414
1630.384 24.883426316785762
1631.393 25.781586124196128
1632.553 22.623650578559463
1633.733 22.976043825496884
1634.753 25.434351588726386
1635.774 26.095625227226844
1637.264 24.620724522180645
1638.266 43.80268563867424
1639.274 44.29846879786416
1640.275 33.922547748505885
1641.284 36.851243378943096
1642.293 34.94742406063367
1643.294 32.72357415516323
1644.304 32.578452611594464
1645.305 41.4775480209296
1646.314 41.80693766856365
1647.315 44.63250417598277
1648.324 34.37955202851889
1649.334 49.71193482812404
1650.335 38.62014941491819
1651.344 43.25620753322909
1652.354 42.36304387765519
1653.355 47.45803168906363
1654.364 37.4889277155726
1655.394 35.69552129367598
1656.524 39.377012244004085
1657.705 44.11175906112755
1658.746 46.6588273151386
1659.754 46.36214556887241
1660.774 33.485872447920144
1661.784 32.913890768329445
1662.794 31.778292841882898
1663.804 33.45995613431426
1664.814 22.22347671318563
1665.974 19.4274198041648
1666.984 19.119974933893864
1667.994 22.7527701713337
1669.004 17.163671650635735
1670.005 27.973230060626936
1671.094 13.249881024731643
1672.114 12.684791213496057
1673.264 7.3886233570629845
1674.274 22.370370672655824
1675.286 23.116927458067202
1676.308 28.9020643630175
1677.314 29.945757958094607
1678.315 27.426062624474323
1679.316 27.75210672560444
1680.334 21.30793181917674
1681.354 19.194091967790087
1682.494 21.45624162073692
1683.535 22.75228387730404
1684.536 23.253487856205368
1685.645 23.692692941023285
1686.655 30.97435939290806
1687.656 24.406488103108405
1688.664 33.52634493616806
1689.665 27.099172388133663
1690.675 22.924961758457655
1691.715 30.778426497808834
1692.726 22.9429178746898
1693.735 19.817600695021195
1694.736 28.166148888631263
1695.815 21.526722983218242
1696.835 30.936309691547077
1698.055 22.810411002679203
1699.065 23.326369419350513
1700.085 23.665655249059807
1701.095 19.021020677657045
1702.115 26.220326378621348
1703.125 19.54234747958266
1704.135 22.589383835824037
1705.166 23.70986399943403
1706.185 30.132254903179742
1707.267 26.538889856217597
1708.385 24.53758494744457
1709.386 30.481174824683144
1710.395 25.459526154270478
1711.406 38.77515787038832
1712.426 25.750447241292772
1713.454 31.872067330409237
1714.455 43.02089864496419
1715.456 33.6533357290174
1716.472 44.09638313494105
1717.476 41.28457595832288
1718.477 38.58376560086474
1719.487 22.8445963667399
1720.496 27.177272596819208
1721.506 26.910945421759696
1722.508 38.35253255452423
1723.526 24.229934261509214
1724.527 29.323661856657203
1725.536 22.09776289738797
1726.537 33.56787607275233
1727.545 26.492674616957363
1728.546 29.323661856657203
1729.566 23.814015380211806
1730.576 23.708768918028394
1731.586 16.187406848638304
1732.596 20.267173429927496
1733.606 22.370370672655824
1734.616 14.674970159292089
1735.626 17.01677769116554
1736.646 10.602213551578794
1737.676 6.925511547529665
1738.686 7.07439072554073
1739.716 5.468985017712415
1740.746 4.31220405547917
1741.856 2.6096182004368655
1758.569 0.1386549968280941
1763.397 5.773934521396817
1764.398 11.640000046401227
1765.407 14.047942502261003
1766.587 14.102478667101645
1767.588 21.091330348192
1768.596 18.397756837737138
1769.787 22.65752141301077
1770.797 31.3760465855982
1771.807 25.811966160756718
1772.817 33.84039891041119
1773.827 30.75003512559154
1774.847 29.67437895636057
1775.907 22.858508347839393
1776.918 30.28272473297309
1777.927 32.23822747283108
1778.928 31.57283026882165
1779.937 30.995264160360083
1781.007 29.02956001870898
1782.008 31.873631336170494
1783.237 28.84514772475614
1784.247 31.930358139602756
1785.257 26.694308278868355
1786.267 27.62850354537527
1787.277 25.317893709065817
1788.448 28.632936129223385
1789.457 32.91894990600636
1790.458 24.93292522660266
1791.459 28.360759987056674
1792.467 35.05897784753574
1793.468 27.928807962073307
1794.598 26.859927158157173
1795.607 32.91894990600636
1796.609 29.069126736397138
1797.617 39.84845569555975
1798.618 25.360082485392933
1799.628 24.7382845274075
1800.658 23.74480680866985
1801.667 29.856722007773215
1802.907 19.820160381737413
1803.916 34.450063855122934
1804.918 29.984294870467306
1805.928 32.50395738761957
1806.93 23.729847624154953
1807.938 35.25055696145671
1808.948 30.506562930161405
1809.949 29.21225405393541
1810.968 35.01639693864121
1811.978 34.50470622664509
1812.998 33.15682856473537
1813.999 42.82797981695986
1815.008 33.28801776033472
1816.028 37.320902509716525
1817.029 32.808187676217756
1818.038 41.14868738250795
1819.049 37.837004782009835
1820.058 47.84731090989296
1822.093 10.385006783847357
1823.098 42.36479894794458
1824.265 42.61591116793082
1825.469 47.017782291666784
1826.479 50.094334326801935
1827.489 40.31849456689595
1828.499 43.26229766950222
1829.509 38.85201645883309
1830.51 20.423306599466503
1831.519 33.11033914964594
1832.528 27.200733096478107
1833.529 31.252850136700445
1834.539 21.664273352728692
1835.719 42.35947510941281
1836.75 43.52617128405819
1837.778 15.343488092486002
1838.798 10.034237825601359
1839.892 8.64942924568928
1841.901 1.1512313231179219
1842.918 43.75320745391151
1843.938 9.466262099623924
1844.978 6.684637390349817
1846.168 3.732411913566004
1851.259 0.45518384639323045
1852.329 2.1657392168111556
1853.359 4.687178321173011
1854.389 7.686972446723737
1855.43 3.223166763892123
1856.45 2.2719029039097416
1857.519 2.8903535540853587
1858.529 14.277645609627147
1859.599 11.400606385278754
1860.68 10.54978861562158
1861.681 15.757435003449647
1862.819 13.510642535982301
1863.826 15.163377224273717
1864.899 12.24636619307653
1866.069 8.018452030995208
1867.082 17.347649518007753
1868.097 17.19372131884324
1869.1 18.37251443275359
1870.261 18.633224842913346
1871.269 22.475395039518276
1872.27 13.697236788306984
1873.289 11.895557929130995
1874.299 16.8255779418266
1875.3 14.34579942718994
1876.31 23.48654113919147
1877.5 18.079967486089988
1878.889 18.574644420578423
1879.899 11.471984960336318
1880.91 14.631721431437292
1881.959 6.697517231179008
1882.979 4.733131049811962
1883.989 3.4415954881008957
1885.339 1.2874116455488533
1886.46 1.6651255329957284
1934.526 0.028123459988896437
1935.596 5.233869773960293
1936.826 7.185569384521977
1937.827 15.455787800890256
1939.126 14.920662664070584
1940.136 20.413228794005853
1941.137 14.2304429934856
1942.146 19.69952136634298
1943.156 12.155300438785202
1944.166 15.823456448580846
1945.176 14.926299145213415
1946.186 21.185575149888145
1947.187 19.389752439785443
1948.206 19.863333376054783
1949.236 9.87782588228955
1951.356 4.645612777570156
1952.376 3.5971795978570906
1953.466 3.96760252424701
1954.486 4.543805807819483
1955.496 10.898385712319504
1956.516 10.05558307889729
1957.517 6.553035160603008
1958.538 8.328649899932277
1959.556 10.451788633538602
1960.566 10.249592410834596
1961.586 11.614162505854381
1962.587 13.910321838829303
1963.597 11.73111093641409
1964.697 14.865934253590984
1965.707 26.489830769158658
1966.787 21.006836565715876
1967.789 27.335012733584687
1968.797 20.56814653623644
1970.056 6.288786036636576
1971.058 11.75630394887426
1972.067 8.580757660925338
1973.217 13.143922976933652
1974.227 18.581876224131502
1975.248 24.6614532553814
1976.267 16.637054338751202
1977.287 23.76170182650336
1978.637 12.460559514443561
1979.827 18.309269298603432
1980.997 13.912694151252943
1982.017 11.359514519548707
1983.027 9.559987466946932
1984.047 5.305258645131337
1985.057 7.07439072554073
1986.947 0.40870210969804877
1988.997 15.518419761047026
1990.067 0.5414348042027889
1991.084 10.63348851780764
1992.09 11.465820533971868
1993.097 8.730412319153759
1994.257 13.708928529035225
1995.264 23.63711578571829
1996.377 19.22259550205942
1997.588 24.60850329220567
1998.597 26.524618487478122
1999.607 26.165573884314842
2000.608 21.4825268605341
2001.618 23.736442565959027
2002.627 20.898082514194012
2003.637 22.56157042199476
2004.638 18.34999328856038
2005.639 19.918163878770972
2006.739 16.533460860674495
2007.748 21.052816800352907
2008.768 14.848053536291694
2009.958 21.35531789752753
2010.959 39.73507357734669
2011.96 37.268025348466836
2013.058 28.653245220089012
2014.068 34.2518697160061
2015.083 38.21972030308907
2016.099 26.75771907661413
2017.108 25.132429625301675
2018.118 22.122146436671933
2019.138 14.854825540127955
2020.298 16.383369482436915
2021.308 34.6071546303479
2022.318 13.80649476531314
2023.328 16.44317844314872
2024.338 13.711873251934149
2025.348 18.54637568587705
2026.358 14.365278828074162
2027.838 13.5700146422717
2029.093 0.7693695092921434
2030.128 15.619236189148356
2031.338 27.582192519142573
2032.349 36.36309015724425
2033.358 34.50378715158317
2034.64 38.815683979944296
2035.641 43.826842433008565
2036.649 42.16911176046051
2037.659 41.15015540926096
2038.698 38.07828549714222
2039.889 25.378149710027174
2040.89 62.89153792940953
2041.899 55.584444931091255
2042.908 35.21562082968123
2044.108 29.258264771346834
2045.122 29.519054002969277
2046.128 27.45027812825339
2047.129 33.374957244748
2048.14 60.93239093918165
2049.4 48.2395785785373
2050.409 36.04651316738256
2051.428 28.426655569037493
2052.429 20.859912368107864
2053.629 27.24891916483916
2054.63 21.799827564488577
2055.639 8.421126720141164
2056.65 9.741542125072927
2057.679 7.13837196461913
2058.699 5.155237766242561
2059.779 7.688708438694543
2060.789 4.971193482812405
2061.799 12.045584208353135
2062.809 10.515986213641627
2063.829 8.518251933214216
2064.862 7.18028021490065
2065.869 5.944850200399373
2066.969 4.0377910701304955
2067.989 3.218529113872134
2068.999 6.118391978846037
2070.229 6.428380140185294
2071.23 13.697236788306984
2072.249 10.167516498486876
2073.269 11.738165003533664
2074.27 18.315019699857846
2075.283 25.702079534584453
2076.291 21.72056212721274
2077.3 17.151022490510787
2078.301 16.112811791878666
2079.31 16.04647711146516
2080.32 15.844561099275426
2081.321 17.348169199274775
2082.33 20.50621023975363
2083.341 18.916056349533523
2084.342 29.833176275940556
2085.56 20.01903227318057
2086.57 19.69357418191068
2087.571 15.257933184157752
2088.581 20.248025501813874
2089.59 27.284719189739672
2090.6 30.57163106981129
2091.61 26.805561934185455
2092.841 23.586584229683325
2094.06 29.684646459988596
2095.071 37.62909409096797
2096.08 20.718445241655118
2097.09 28.48876265150186
2098.101 15.440025917190752
2099.11 18.564756633038474
2100.141 8.506507767397006
2101.15 13.780025542049174
2102.16 9.177587968269055
2104.153 1.1604735213968416
