0.0 25.824285770258925
1.003 44.90651633173325
2.069 6.681862989427122
3.109 20.686796223712676
4.268 15.688331528867622
5.398 19.50217313798872
6.555 18.521213638413247
7.758 19.782004216111797
8.759 23.194054334222162
9.909 19.026390973480723
10.969 24.84690810639628
11.979 23.921890901723298
13.118 17.279552073026938
14.198 19.783721846038006
15.218 23.81122363315699
16.398 17.23768263374237
17.399 21.124475382757346
18.428 23.998153054526334
19.588 18.545843921920465
20.748 17.113318255171777
21.75 24.95988931177887
22.978 17.814880967907133
23.979 22.27575262690203
25.139 17.95152064022168
26.358 19.81697248417632
27.359 18.828177096857893
28.578 19.198700722450447
29.579 24.43876660101628
30.758 18.267755913638887
31.768 23.107609533748004
32.788 13.255537353718347
33.797 13.184300886529163
34.808 15.785957904736176
35.818 16.03113915842361
36.827 18.123269662575833
37.828 24.37783662991447
38.838 14.205375025130236
39.928 18.62962776730887
40.978 21.2459418188976
42.198 19.15361578226852
43.208 18.517386440712006
44.428 12.868727500419409
45.438 14.473746851589231
46.456 16.588266929825526
47.487 14.417414054369834
48.488 11.502436107063518
49.537 14.491490630324746
50.553 16.95658213290827
51.558 16.209513198260026
53.178 8.22220811421636
54.197 11.239666263892083
55.207 13.471564767348829
56.428 9.803447090233917
57.447 12.601070305698142
58.448 12.466571297109788
59.537 14.566898118276896
60.557 17.22443054853649
61.567 20.519863514481397
62.568 16.199076044694756
63.587 15.720409026805887
64.588 24.64086913909058
65.597 22.26819851929359
66.677 12.891361772535227
67.678 20.692389404653664
68.679 16.614977499224523
69.699 19.002931416876272
70.717 13.947437301775985
71.767 15.696599629440513
72.949 17.008221104015163
74.077 17.182320275284148
75.097 18.809398489364625
76.098 17.799031803716385
77.237 20.94613946428618
78.337 21.791251913166818
79.397 18.055685321624672
80.398 20.279888060118417
81.407 19.602329237033516
82.552 18.68856994646593
83.768 20.344481649739325
84.769 25.030113731263302
85.777 16.72892746331589
86.787 16.601715723667677
87.797 18.437589292915053
88.798 22.525456704899625
90.027 18.55685650833142
91.028 21.96008641501074
92.037 15.036161191166249
93.038 18.659531641129668
94.047 21.074777434083025
95.057 21.548734509640372
96.058 18.790639882518384
97.257 18.56857464359918
98.258 23.05002567485427
99.267 22.49824746788421
100.277 19.521455619663822
101.287 18.570494677590382
102.477 14.006902727267503
103.567 16.240675922572674
104.666 15.315733532008734
105.677 14.65158919571795
106.846 14.510773619250234
107.857 16.853266355315288
109.137 8.618006663704666
110.157 10.477205340558058
111.167 15.699549659132234
112.177 16.32916533034769
113.186 11.801038821455256
114.189 14.614122669309571
115.197 14.509352659442792
116.267 13.660226368263938
117.268 20.516263706937494
118.347 17.125428229317578
119.466 19.012086524485376
120.497 15.518157419306334
121.507 18.558363354445575
122.517 13.088484540931717
123.526 17.760318535473917
124.607 18.51433933264654
125.727 19.90858924849678
126.736 18.409582782170723
127.846 18.1400342874955
128.967 19.72384201834796
130.106 19.229144814545702
131.246 17.872607797955713
132.256 16.644714524592043
133.257 9.474338497531852
134.265 15.927211749807876
135.266 11.115911602886412
136.267 14.348600181276849
137.276 14.43884348124797
138.286 14.151323240896152
139.296 16.97819111859484
140.316 20.608053476362514
141.446 15.486513127595993
142.447 18.401939307944783
143.448 18.444780693875746
144.456 18.92689267922381
145.586 15.590485843355165
146.607 17.085954075312934
147.616 13.107527952952587
148.665 9.002527566059202
149.666 9.673856952010322
150.686 6.590797214155225
151.699 5.785362407864493
152.756 6.794655517638311
153.986 6.2616838095198615
155.056 7.719160917040368
156.086 4.882021328946474
157.145 2.8138254643107707
158.146 8.240642587119984
159.167 8.670850345794765
160.176 14.663495387056404
161.186 13.129191869706512
162.196 15.840273007611987
163.207 14.073632108929463
164.216 18.64813207314328
165.226 14.36254305609517
166.236 15.869657768118298
167.356 17.31183259268402
168.387 17.698252543478795
169.436 16.201876127651925
170.437 20.87286724316282
171.447 16.57462243531094
172.496 15.344931333748642
173.586 17.823276896308876
174.636 8.997843456115735
175.656 15.975409075671672
176.657 17.483501596224873
177.666 19.10634100535075
178.876 14.572648883861243
179.877 16.481149169840187
181.087 20.09634888621056
182.096 22.105663068901134
183.105 21.878936808628524
184.256 16.305031152650507
185.306 16.011926737028354
186.315 15.55778537606439
187.346 15.815395100984844
188.357 16.733285049553746
189.367 18.062461822781763
190.396 14.491080981047237
191.415 16.662355126206716
192.516 13.816458076229232
193.525 13.359839703019716
194.551 12.064215933821353
195.555 10.892859510594073
196.557 8.633502697453348
197.565 8.44421661724192
198.645 6.001270705768793
199.775 7.983610640205349
200.79 10.479323781504016
201.966 11.763410740142952
202.985 7.887592916599238
204.025 3.191837956861268
205.035 3.5035261242201132
206.055 5.667311472463447
207.266 8.29287299355142
208.285 14.915323574801636
209.405 7.573660860072344
210.547 7.705761458695445
211.604 9.457314529583128
212.686 10.400397106436897
213.895 9.50674410500221
215.055 11.55503416724634
216.065 13.26115370702613
217.075 11.632995348513713
218.095 11.013091343288579
219.155 4.408894145954572
220.164 9.268071717706476
221.167 13.48658693897229
222.325 9.66103096195638
223.335 12.425709919787124
224.355 11.815385431062719
225.366 11.454376914352835
226.375 12.75118820325885
227.395 12.581775824008838
228.566 10.848216152085703
229.574 14.607676284684342
230.575 13.938818924737223
231.576 12.587615212914724
232.585 14.380015714922157
233.726 10.784921116109382
234.735 14.562300834890442
236.295 6.624539705734378
237.334 8.53185879802756
238.574 7.074689810153142
239.754 11.039256180688929
240.764 10.212282615777488
241.794 8.360606918485495
242.945 8.685781442744249
243.954 9.598100883837065
245.095 7.995653606442398
246.115 8.46099264884018
247.124 8.816339236837626
248.264 7.485692066011345
249.334 8.821516488835481
250.535 8.294362626393946
251.764 7.756569065528398
252.774 7.375844472042343
253.794 7.697138204599386
254.804 9.73525203122782
255.814 10.393443708073264
256.834 13.89072576891002
258.254 8.42622815706288
259.264 8.962351954424257
260.274 9.587115096381792
261.284 9.387487434410032
262.304 8.436834400647346
263.334 6.5093617719286305
264.384 4.584430867636068
265.394 4.522826853342631
266.404 7.439196937354111
267.444 4.2978478365939035
268.904 1.5277564260925003
269.934 2.599620844101127
271.004 2.7848982866402867
272.014 5.422836238207886
273.194 7.163523470825283
274.224 7.413439795807607
275.254 6.14773056237704
276.264 4.5578728979831835
277.274 7.5374606548270435
278.354 7.393180282585694
279.364 7.0070522484402264
280.374 2.922166160625109
281.594 1.6792137722211153
282.644 1.2416004861271277
284.184 1.0710006471740539
285.204 4.564707669585029
286.234 0.9040780238789765
287.261 3.821608288337579
288.324 4.636714198452176
289.545 7.238317473094276
290.824 8.545870594248743
292.025 10.39700072559966
293.034 13.658835873152743
294.134 7.013087275358224
295.144 12.03642923931822
296.154 7.375844472042343
297.184 5.137780243596447
298.203 8.407304567494782
299.205 8.378748947115387
300.394 8.988358173744121
301.424 10.66812068177192
302.47 5.592298992761092
303.583 4.683083121705918
304.593 7.929032807445519
305.594 9.78551656423038
306.634 6.461956646126385
307.653 6.843627147936573
308.664 8.783951241449177
309.693 8.462667456762187
310.724 7.804106719183319
311.873 6.892330122877161
312.894 7.478788432597293
313.897 6.000764973902887
314.914 5.31215305712782
315.923 4.6144715787678185
318.494 1.3770779273126574
319.504 7.157076277997666
320.545 8.64981985870266
321.553 7.141968822490528
322.563 5.889083424406615
323.566 11.328971919176759
324.743 13.590212955646672
325.744 17.531375144947724
326.754 14.938106943076546
327.894 16.16213498297429
328.903 17.839924916511144
329.913 16.36892911176678
330.924 12.618370637139344
331.953 9.351615343729621
332.973 8.242500647228756
333.993 8.833376695569484
335.01 8.206843420944367
336.013 9.641943919614693
337.053 9.298389605535396
338.843 1.6647157355894449
339.943 7.025711203745879
340.973 3.797127700291701
341.993 3.469177828884621
343.497 1.4830614242653262
344.933 3.4214283053439374
345.983 1.773714980181611
347.243 3.7983172766389104
348.446 3.2510735921034515
349.453 3.698909094718355
350.464 1.983394671786496
351.493 3.2562561979524567
352.576 3.2673697003345468
353.613 2.2479577056745597
354.672 3.5172818303884643
355.703 3.61280451831366
356.723 3.035397129289553
357.744 2.0065042136236637
358.764 3.1040012153178194
359.773 3.48675948943035
360.793 6.938355657769242
361.813 3.5328434884867286
362.823 4.241110571424347
363.882 2.7653599946449647
364.893 4.421129327455647
365.943 4.256915952435866
366.973 2.7447491584606474
367.983 6.085071689434933
369.072 3.0317180365324874
370.133 3.865360003980681
371.184 2.786797959601865
372.203 4.203652283747391
373.222 2.558744868367977
374.258 1.6039862677881065
375.302 3.5678174888710568
376.303 6.068924331419766
377.333 5.606341149247173
378.336 5.756173739273324
379.343 7.194621538509747
380.352 7.492039864159084
381.372 6.110034728019399
382.373 6.883998699306253
383.402 4.750096143145094
384.432 5.019086959174909
385.46 6.703193285997626
386.462 9.452654889873381
387.463 11.385064310052666
388.472 9.144232207388827
389.482 9.533063312147709
390.492 10.65682821279495
391.512 10.266454656047099
392.533 10.015186834481222
393.543 11.673433092329734
394.564 8.11548816811384
395.612 12.307638659891987
396.633 14.471018261027071
397.643 14.106976515177914
398.812 9.544747788990987
399.832 12.34059375503398
400.844 8.797333726670688
401.852 8.182065303239384
402.872 9.09604759304736
403.882 6.9054187189826255
404.892 5.279147455181622
406.612 3.5602298721184087
408.012 2.7936010937860374
409.143 11.589869740163996
410.393 15.189457175238585
411.402 18.87467294392548
412.422 14.814344981586288
413.603 15.617990279428653
414.612 19.177312117936484
415.613 12.25562847304973
416.692 15.889439907396154
417.752 17.59910123024537
418.903 16.645559583263854
419.912 19.219139199498407
420.922 13.543409158861962
421.963 17.054822391155472
422.964 16.80266357092206
424.063 16.312940314223365
425.203 17.189636770316337
426.342 17.66418756086995
427.343 19.84494598961934
428.344 17.284527159345526
429.352 17.15787778442462
430.362 17.291583633169004
431.372 16.511135177519787
432.527 12.61520597215026
433.532 20.986483559478827
434.539 17.73678284654878
435.542 21.9099181479853
436.545 22.14378645945408
437.547 19.98927000385143
438.553 20.45178018151338
439.562 19.234520771427636
440.57 20.565844866457596
441.792 17.325036214505772
442.802 21.300311970130615
443.804 21.78450269889968
445.002 17.44619960819283
446.012 23.644849206959325
447.013 23.13870054351137
448.232 19.32668833786552
449.242 21.37808723073676
450.243 23.607507709555872
451.252 21.60058432713736
452.253 16.752613951802715
453.472 17.39503581062371
454.483 20.027586580586732
455.503 15.339019421619586
456.652 15.955916039148235
457.672 16.638225984652937
458.682 12.441750224834147
459.772 13.980120715907727
460.823 16.267547725044167
461.852 8.693008023990986
462.854 14.98169441854163
463.902 18.750352861664602
464.912 19.743189248255007
465.913 22.63820435231793
466.923 22.681530506406524
468.032 19.103972803417587
469.052 23.080469993069915
470.142 16.393303054599006
471.143 19.281479761327386
472.152 24.24500036433825
473.172 23.775138003885928
474.301 16.925664793624815
475.302 22.976175285773284
476.431 16.290664467305
477.432 21.61789934516218
478.443 21.442180988022212
479.451 18.739564563550694
480.452 12.645689091621136
481.453 21.689573663846673
482.544 19.907695253306304
483.612 20.841209290180128
484.622 21.97440915954369
485.631 23.78098961113993
486.811 16.3211577432248
487.822 23.50650581105751
488.825 19.961332263222808
489.832 21.848033781138877
490.902 18.115452903579925
492.031 16.674848105674716
493.071 18.925741553095662
494.151 20.986295416300027
495.261 19.639786415712127
496.271 17.65318723624755
497.282 16.683999799375606
498.471 20.430907620160333
499.601 22.77183192476524
500.602 17.4450123510869
501.611 15.654257515795939
502.851 12.970118264416051
503.931 16.47261073806395
505.061 15.43121361828723
506.062 17.030606944954723
507.171 8.65258814090698
508.361 7.0857076246470765
509.531 2.228513693048691
510.543 14.286401821316213
511.551 9.938924804808158
512.554 14.986167383027459
513.561 10.73616476384754
514.57 14.038922611088092
515.571 13.22669988748482
516.88 9.363942926203874
518.071 7.799553483169855
519.081 10.747004381504677
520.091 10.68284316131659
521.101 11.43471561133582
522.111 12.439863130122731
523.141 4.941103620857863
524.171 8.621917189422444
525.3 14.525903780694573
526.311 17.211863681064997
527.331 12.15974057104896
528.771 10.424573282340523
529.772 18.90216349033866
530.791 10.428835927314948
531.87 9.430530333337389
532.94 8.625576094033486
533.941 9.780348397038708
534.944 14.570145111029893
535.96 9.763518120291026
536.97 8.511740695834389
538.2 5.736934495519656
539.41 7.821997552925552
540.411 16.78783909134595
541.42 16.870481106761236
542.47 7.981717410817249
543.481 8.159806065012866
544.65 13.12829052427335
545.681 18.005129652417427
546.74 10.726424026460258
547.75 13.428161588986299
548.78 13.021102696551681
549.81 4.864177683738335
550.83 5.9010191663068206
551.84 9.256738729404896
552.841 10.179521310395428
553.85 12.354640484837839
554.89 7.0272011319454775
555.921 6.950159101495657
556.93 1.9996972463274347
557.95 5.842825817068836
558.96 4.509482397883344
559.97 9.47186752650613
561.0 11.606035543971515
562.009 9.044364294384925
563.01 8.943241316387729
564.04 12.84821760075728
565.07 7.1945577479211185
566.09 8.665203255111088
567.1 13.631310954963602
568.12 13.260342309160018
569.14 9.920097451293497
570.15 10.671116215609945
571.16 8.78995237328862
572.18 4.92988428315183
573.19 10.096361083504892
574.209 10.102179118461581
575.21 7.924568362029348
576.23 9.85976856630366
577.25 4.055782805721646
578.29 3.7606168570196656
579.329 3.5849869666808307
580.339 4.348405385016192
581.379 5.730463782125205
582.389 3.4692888344558814
583.4 4.973770493387604
584.48 3.7717194754517736
585.489 6.644839073425659
586.529 4.245355238443497
587.53 8.372430850507603
588.63 9.664236000769826
589.631 18.071856629676724
590.84 21.959255764483043
591.841 29.906959498604138
593.02 15.34449003387958
594.03 23.626290994428174
595.26 17.29425866115423
596.3 22.202667262569808
597.302 23.760648663709084
598.31 19.50238301872139
599.49 19.186221011883266
600.5 23.058949448689393
601.55 13.259816052135454
602.553 21.054120293190966
603.56 22.61715270803408
604.561 27.80120337679762
605.68 15.719289349196634
606.681 22.269768433311675
607.689 21.77625191235699
608.69 18.734334061009122
609.699 22.169432636379614
610.801 14.892549531368317
612.02 17.497336557325465
613.21 17.606386371582133
614.419 16.443148370611105
615.42 21.05633717846715
616.469 15.09834718890293
617.7 18.61894211683667
618.82 20.33864706098873
619.83 23.288096663646847
620.84 20.350089514505193
622.019 27.47391876699528
623.069 28.191954897719917
624.28 18.782766564230492
625.289 23.84184126850906
626.459 16.716761680860493
627.59 22.024291434590026
628.6 27.189395394537232
629.61 23.955454229090595
630.619 26.106575345983266
631.699 16.68476286791206
632.7 25.443159093397675
633.939 19.18766592416331
634.949 22.031965548241832
635.96 19.88309730888961
636.979 19.301342543246307
637.981 14.858189800377788
638.989 20.603796705321432
640.12 16.608647823193344
641.129 22.56557557659196
642.36 14.155394827860828
643.361 21.61885137596065
644.459 16.066675513776975
645.46 21.54676904407681
646.469 20.64598238503846
647.479 17.827114153772516
648.689 17.949943522116826
649.699 25.341660087103815
650.729 11.763720497551576
651.799 17.094145404180182
652.809 25.791388047503688
653.919 20.952744097471935
654.92 25.24772077091263
655.938 18.840735326302884
657.02 21.961636513216003
658.199 24.343360438199227
659.209 24.767983294833854
660.219 15.413654810352961
661.229 15.164153931008109
662.239 24.32195498054314
663.24 19.471205899021633
664.249 18.82029773789497
665.279 13.874028937500661
666.439 20.371768411784146
667.539 20.622424661274415
668.541 22.370504259010414
669.549 23.30094340322491
670.553 19.361226564266595
671.579 19.78547336000992
672.589 28.308712143364705
673.748 16.05164668860068
674.759 21.817880026265428
675.76 16.03967888815163
676.88 19.24441856238711
677.889 22.403799219195978
679.049 16.299527252940464
680.059 23.189832946173915
681.168 16.452856330302737
682.348 18.64604357766835
683.358 19.804654618855363
684.438 9.287674851502665
685.468 8.753034937914833
686.568 8.244044057158504
687.598 6.870992981480221
688.628 2.756512746783049
689.668 4.476924829785316
690.708 2.6140266645024264
691.739 3.793444744229343
692.788 3.503311792613233
693.798 3.87231834782223
694.888 4.428060320564247
695.918 5.9669149576012455
696.928 9.10186217058953
698.018 10.514660482517732
699.048 10.655167517102313
700.058 11.46275244704826
701.078 7.42419004131572
702.228 5.758857479799795
703.238 7.191448360241285
704.248 8.402963164969293
705.268 11.232384170806949
706.288 10.288343897503589
707.299 9.798877281319829
708.318 9.964702694612862
709.348 6.426884478522128
710.368 7.1209439645526444
711.398 4.063064101467798
712.417 4.386419774345104
713.418 4.465296453604055
714.437 3.0799261408984426
715.477 3.7606168570196656
716.487 2.6788657353320455
717.499 2.5764436965088615
718.537 3.9472847824850885
719.578 2.937807914998209
720.7 3.9872986173574128
721.707 8.770713725140837
722.708 10.27513240344135
723.717 7.8393395671926625
724.734 11.56631203777474
725.738 13.32426746613436
726.748 11.064305877981061
727.898 11.566843888064767
729.097 7.91510545039689
730.187 3.5881114966059195
731.287 2.0317098863898453
732.347 1.229887273993853
734.118 0.3154829016133301
735.148 3.517048558098785
736.168 2.1910596814008136
737.198 3.4354964907401104
738.228 2.350602862085339
739.287 2.082215416915276
740.317 3.2546808859643153
742.658 0.3977788827831465
743.707 0.8877029214445622
745.087 2.7926540301047806
746.127 4.2978478365939035
747.137 3.6879222360211714
748.157 3.6888710693564626
749.387 6.534518034158231
750.677 7.869020896836073
751.699 4.920236760092826
752.737 4.4855508891876
753.738 6.27877912028158
754.763 4.91699293928394
755.807 5.708507982193691
756.847 3.4024628706368403
757.907 1.3888889913293156
759.037 2.3073991335105912
760.047 3.87231834782223
761.077 2.235874832154498
776.38 0.13387184226032547
777.401 10.02425397207601
778.541 24.08848470213353
779.691 24.25183121678907
780.76 25.3894849379403
781.762 27.723457995445063
782.763 32.62283135782744
783.902 26.784160325913348
784.91 34.91082959744027
785.911 30.261794977632313
787.03 25.863270242646657
788.161 26.049521422034296
789.301 27.559116976813012
790.31 26.45616879219927
791.381 25.01818267862371
792.512 27.073403188577384
793.56 29.94920015517767
794.6 28.06822421499731
795.601 31.389271451815357
796.79 27.618640061234807
797.8 25.07072720353647
798.81 23.35037078912352
799.95 17.355393683476585
800.96 18.0244503435947
801.962 18.76169659888958
802.97 16.164782157500024
803.99 22.751330545315625
805.18 20.004745559180645
806.33 21.808982451972156
807.34 23.989152348937278
808.35 21.546712622449572
809.36 18.402004078356956
810.37 18.450529370936184
811.38 16.935596695108625
812.381 20.01780758174077
813.39 21.524486023908555
814.4 20.520267891919552
815.41 17.893566846110183
816.419 11.19791929054613
817.42 14.381241237224247
818.43 24.226926282575487
819.44 15.984231375597025
820.441 18.960509377844637
821.449 16.870335204563006
822.589 14.135892046377139
823.59 20.37549915316434
824.601 19.73079780628994
825.602 24.240064172936492
826.69 31.538776538347214
827.691 37.13164921936135
828.85 29.849400300913636
829.851 36.44088287287455
831.02 27.418141691230502
832.19 33.611785839673715
833.191 32.58080599829516
834.193 32.88796189096305
835.34 27.01716409834534
836.36 32.32120013330529
837.379 20.66141056538425
838.381 26.82604545092121
839.382 30.858174270671228
840.389 25.3667292127264
841.39 30.302324288766997
842.421 29.30071935840868
843.54 28.264645843823423
844.58 27.767144474982505
845.73 32.123453004535506
846.82 31.083517075726267
847.829 34.337335440953865
848.96 29.606144341861324
849.969 38.90822589925554
851.141 29.49460947637036
852.142 23.12238001553767
853.219 23.20467050681341
854.4 22.73498639603021
855.419 29.699316416227866
856.42 37.18972309806777
857.55 27.422050792520142
858.554 31.60233710948992
859.69 31.93858675753223
860.849 30.717809281161454
861.85 34.112895561826164
862.86 26.522442206531647
863.875 25.35417188360177
864.961 36.91799319518965
866.01 39.528392334832155
867.011 36.492972557990605
868.02 34.64685584451215
869.022 30.111621552613244
870.22 30.691933640652987
871.229 30.36416747077913
872.269 27.43281505933129
873.27 25.253976973302542
874.28 21.281980192934018
875.439 16.21586091210757
876.481 23.813857187323144
877.519 20.157436145007082
878.52 22.094322757594412
879.529 23.656452848941022
880.53 23.151348952690984
881.54 26.319983902492766
882.544 21.705038203969558
883.549 24.969233831433055
884.638 19.29768351784673
885.649 20.893848915002003
886.659 17.528414019451507
887.669 18.954248866404427
888.839 13.493143084775442
889.979 16.875558469443536
890.988 11.577736176342366
892.039 14.396944892720539
893.248 15.870547911340319
894.274 22.532961867771743
895.409 16.00495378945446
896.519 19.524251045677772
897.528 16.633685854692885
898.529 15.486548994243014
899.549 15.101040656272506
900.55 10.025836338643098
901.558 10.333569905022175
902.568 10.277791760759442
903.578 14.94080279266428
904.588 15.518388566836457
905.589 21.384515795138284
906.598 17.686244123288436
907.633 17.22708836205374
908.648 15.286756655042225
909.649 20.415620451099684
910.658 21.65104667715078
911.808 17.73779245217125
912.818 20.467024862561793
913.859 20.264518779056154
914.868 24.587307802798303
916.039 15.77229017314923
917.049 19.522938336937077
918.058 15.718617250973487
919.059 19.6111544263961
920.199 18.081117574884956
921.208 20.71587408906775
922.209 15.691915637912059
923.348 13.052969683783772
924.358 14.958730192422717
925.398 10.504410320646862
926.399 6.0158826155052445
927.408 4.132110880110072
929.79 1.0946100003639665
930.808 18.86761570080219
931.818 19.73671920924444
933.278 6.341904910363961
934.689 4.3557210533871595
935.71 13.193885262749063
936.739 17.511572164179633
937.898 18.72770422789539
938.918 18.23961085657344
940.038 11.750253974041653
941.039 18.451852922664347
942.048 17.468473447027286
943.239 18.081754689596288
944.408 27.123850158840096
945.419 27.41916217492664
946.518 19.16185479588449
947.708 20.063549061490587
948.738 14.010565867130337
949.768 20.79538065101274
950.919 17.23908916465246
952.047 17.588060886548927
953.157 16.407862280069644
954.188 16.95007453175492
955.308 16.40941619925829
956.319 19.980455876864465
957.338 16.629971216856493
958.347 11.860001513850623
959.357 10.177506156095708
960.417 10.800942990921163
961.427 10.610459599885912
962.478 10.77568786201357
963.487 15.621875259102831
964.488 11.378672103262968
965.737 12.230945471184942
966.868 15.669628112306599
967.878 22.95286776741203
968.888 17.017550522575764
969.907 17.73592829811955
970.928 9.460358017835283
972.287 0.5481679850450895
973.297 10.102696330036068
974.307 14.206722949924101
975.348 12.85186340022721
976.357 9.789156198326397
977.358 13.471235798290744
978.368 15.602364281494394
979.377 13.312885430814713
980.387 14.087970775584385
981.407 11.667633051231416
982.437 8.230546571190624
983.577 4.448805681526421
984.587 7.560240583843402
985.588 14.561991084532965
986.589 21.576281998829245
987.608 22.051271826121102
988.628 21.516723938775815
989.637 20.074705406544222
990.818 18.03105300653503
991.827 14.073193832754965
992.867 17.06755594026518
993.878 21.346545790560263
994.968 27.872312216638257
996.078 28.01561014715156
997.098 27.892098983962903
998.107 18.94429479581566
999.108 26.84563646393754
1000.207 18.77944767331349
1001.208 27.36190916550556
1002.347 21.967132732513342
1003.357 24.51524739598372
1004.368 18.866151381716577
1005.377 23.837658560352867
1006.387 19.822582018613797
1007.397 17.01404591811171
1008.538 17.618310325423575
1009.547 16.744325231727668
1010.551 19.520825424546054
1011.627 20.366022452538346
1012.637 25.964131756911776
1013.648 21.63447425920906
1014.818 22.662606563958605
1015.826 21.55340303646612
1016.838 17.067594228460333
1017.967 12.438940118025176
1018.977 17.356014438315867
1019.987 15.200952277880686
1020.997 19.00156102666917
1022.007 17.70216152538101
1023.017 19.12152633332337
1024.038 19.56394944386571
1025.047 24.028578948772648
1026.057 20.86574101658777
1027.066 19.207535557516714
1028.177 17.714427641005205
1029.337 21.069107745179274
1030.346 19.650902622073176
1031.347 21.071297662443044
1032.356 19.81281390553871
1033.357 17.859145748419515
1034.367 16.036800442557855
1035.487 17.839984428545392
1036.506 13.025924560157737
1037.516 13.890365000803426
1038.517 8.89387171926729
1039.536 5.423171036799964
1040.616 4.656001822976729
1041.636 4.707521622990175
1042.746 18.602053118620134
1043.747 25.079211319584186
1044.895 16.25288734648121
1045.947 17.015221124025146
1046.958 17.55551384077707
1047.966 19.616238535312906
1048.967 18.53495161093043
1049.977 15.777729297176542
1050.986 14.905687681906937
1051.998 8.20017240833303
1053.006 9.15422664182272
1054.026 15.642665911336133
1055.076 13.966060606013322
1056.077 12.562318394555488
1057.087 13.262501631819998
1058.097 16.658328565010105
1059.117 18.28539140425378
1060.136 10.972195126336072
1061.357 4.848538473213478
1062.666 4.695127888716029
1063.686 13.169315097737298
1064.687 22.083170396812385
1065.786 20.681449280036897
1066.906 19.55717683020559
1067.918 16.470971014487027
1068.926 12.684828135558062
1069.937 19.454611882477455
1071.136 16.610264759610097
1072.157 15.259992572032601
1073.166 9.362519966394705
1074.186 11.381070847529688
1075.196 12.304261895859673
1076.216 10.45758510583791
1077.226 11.4115313048813
1078.246 9.690260416000358
1079.256 10.696861579172813
1080.276 11.13094622259395
1082.086 1.1318457470219672
1083.096 12.74867270039775
1084.116 13.970274475666528
1085.136 11.227178802411808
1086.376 13.142160210666866
1087.377 1.4884321512013519
1088.496 13.334216531004852
1089.497 19.614690540790402
1090.666 15.97221581947472
1091.676 20.503284039516828
1092.677 18.453620979861498
1093.686 20.909358072809066
1094.7 19.64252029005414
1095.705 19.653391303218783
1096.717 18.897122987019777
1097.726 18.705475652703996
1098.826 21.92466950926381
1099.837 23.47445693252637
1100.896 17.08349955689555
1102.076 22.899392849297357
1103.086 21.71749469383257
1104.096 18.875395265963185
1105.165 15.611827621410628
1106.166 19.752326993368598
1107.186 19.32206054079375
1108.295 14.363733338106565
1109.336 15.082290483128492
1110.345 12.288121932547412
1111.356 12.232572162384216
1112.376 12.160274454986924
1113.566 10.361886409958016
1114.576 15.067777308246589
1115.586 11.893684003647664
1116.595 9.320018254485001
1117.615 9.170524402393221
1118.616 9.920160920013398
1119.625 14.992849922839218
1120.626 18.392963017559254
1121.646 20.020380731649567
1122.647 19.45257329625166
1123.656 20.762423583064095
1124.665 20.12341371765344
1125.775 15.245026989946828
1126.805 21.804934444344266
1127.815 20.168729105678946
1128.816 19.37681884557374
1129.825 11.460755274038519
1130.826 15.854440895650146
1131.836 17.515743526389155
1132.995 16.108264181970007
1133.997 18.827321164976635
1135.046 19.075230320748794
1136.047 21.533304608498504
1137.055 20.313687986888947
1138.106 20.517304509399377
1139.125 19.82265741774358
1140.136 22.17270689571735
1141.156 19.42016171439448
1142.245 18.615573594074405
1143.255 20.170750992869745
1144.276 18.486426812931843
1145.277 19.051496321298007
1146.295 17.948734839186336
1147.325 17.506676930987524
1148.385 17.356488755248048
1149.445 18.303692039051793
1150.615 17.62087359580349
1151.616 20.828937822033613
1152.617 23.038329296473115
1153.785 17.041445028446507
1154.876 16.958652015909177
1155.877 20.442549322256287
1156.895 17.05753675130858
1157.916 9.492226339675796
1159.036 14.212085764996845
1160.045 17.112632709622535
1161.205 15.655677031100115
1162.216 19.82613648696241
1163.285 17.23889011328287
1164.295 16.057962861821572
1165.305 17.849489705350717
1166.315 19.275594137262413
1167.316 18.635730871168025
1168.325 18.321071280542895
1169.334 16.388306333014807
1170.345 19.51440054662799
1171.346 18.390514938363193
1172.555 15.295695336202193
1173.556 18.95887732504726
1174.565 19.98835272202927
1175.575 16.43309033195487
1176.774 13.691137444281322
1177.775 16.713988702264963
1178.945 15.501621304058725
1180.035 17.816282526919778
1181.055 19.13626893038257
1182.065 17.5863747855878
1183.075 18.9789158901322
1184.076 15.742509274630528
1185.185 14.813524538212732
1186.195 20.040271872823382
1187.196 16.405122710362708
1188.205 17.844107624667334
1189.395 15.343938780762246
1190.405 20.01749194380702
1191.555 19.219828730377344
1192.574 17.93068085631366
1193.584 10.798764693589186
1194.604 11.628526052775614
1195.614 12.656744229455994
1196.704 9.177362035213374
1197.714 10.69403093710569
1198.724 11.019419982345276
1199.734 12.621293807377281
1200.744 9.536028746694218
1201.764 13.038513532936323
1202.904 13.239654306563944
1203.915 17.3808609186977
1204.925 15.629322777371742
1205.934 13.483162130592635
1206.935 17.279903009752974
1207.945 16.537284918520815
1208.946 17.58428085646246
1209.955 15.882147647273683
1211.115 18.20255885103402
1212.254 18.726417386992026
1213.334 17.57648251529503
1214.335 20.715238143816844
1215.344 16.79708132492352
1216.395 16.59773030378476
1217.404 19.76612948547282
1218.414 17.5559116852464
1219.424 20.682423244621805
1220.444 18.436080145743883
1221.504 13.521310822005521
1222.514 12.367883946130211
1223.564 15.436895601275031
1224.624 20.226298859070504
1225.625 21.363843126371602
1226.644 19.70308365744756
1227.804 17.75188716822926
1228.944 18.46422144910547
1229.974 19.527292264887752
1231.114 17.159542575707995
1231.876 20.458936960012554
