0.0 65.76038497959354
1.001 71.01984521954452
2.011 50.768007883546744
3.012 50.14840523798114
4.02 53.96357452156363
5.021 45.844172194372376
6.03 55.62219266463441
7.031 69.67477239341677
8.04 51.618967989845906
9.041 66.82730828196507
10.042 62.79208980358185
11.07 62.71457526471797
12.071 72.63393261089779
13.072 62.79208980358185
14.08 62.35583834192795
15.101 58.13339408041665
16.12 63.532744800707405
17.13 68.52067327349371
18.132 63.80440739775303
19.14 49.800152423828486
20.15 57.966677838349575
21.151 66.71561217593575
22.16 60.692943919366506
23.17 63.83226076448523
24.18 54.76726896954831
25.19 52.25701152375396
26.191 49.072346977078944
27.2 54.02090279471901
28.201 65.63955391503356
29.202 63.33011893403296
30.21 57.01310545393848
31.22 56.36697340394895
32.221 63.75645195845473
33.23 54.55466608469081
34.24 53.70079934661456
35.241 57.031087827816044
36.25 55.88907430962031
37.26 66.23181741608617
38.27 64.89873038741898
39.271 64.13342631630368
40.28 63.25094986165825
41.29 25.709674764127588
42.3 68.43102122185819
43.301 61.537671739565944
44.309 58.08169108802884
45.31 64.94420632538623
46.311 62.79208980358185
47.33 61.308921012227
48.331 63.061104368807406
49.34 62.561115434267805
50.349 58.291009114493406
51.35 63.48743739322918
52.351 67.0963228471906
53.359 66.3632297522292
54.36 61.17800241222858
55.361 64.94420632538623
56.38 66.70389588754674
57.396 72.62175281759035
58.399 59.98209979608945
59.4 60.63997328177748
60.41 63.56564335875179
61.679 49.95543660596295
62.68 66.17758304548465
63.7 57.9263840944261
64.71 65.16534779315242
65.711 61.98504610790522
66.72 59.51460683185566
67.729 54.287784439704915
68.73 52.30052175978551
69.839 57.16253580545077
70.84 60.52827717574816
71.849 55.88907430962031
72.85 57.68081306429646
73.93 62.437687731322754
74.931 68.59871413251459
75.939 59.150276722119216
76.94 52.838550890236604
77.949 53.37632899717997
78.97 38.08877893438457
79.971 35.7789371749978
80.989 34.23319213668473
81.999 29.594532036411678
83.207 23.498827549806713
84.209 36.280721828098144
85.309 40.24937717074737
86.31 51.6507965233051
87.319 48.68326989500102
88.339 54.64872648695098
89.34 49.072346977078944
90.349 46.28133509012791
91.359 50.923924495086766
92.369 43.30272052301046
93.449 51.46687522132831
94.45 57.56911695826714
95.451 56.604164859172286
96.463 54.12743580417832
97.469 59.42440826396779
98.471 51.17334127982256
99.489 54.33687785780334
100.49 61.335320871424805
101.509 45.56288864195122
102.519 52.10109491221393
103.53 65.52300754552931
104.539 58.291204203415184
105.549 55.30050378101519
106.569 48.15825423927061
107.579 56.7895074212224
108.58 51.224463498883324
109.589 45.36987964760298
110.609 45.51821914328264
111.649 39.4643383945508
112.659 61.5886207244243
113.669 54.23403415808144
114.679 55.567121186748636
115.68 59.990248045297065
116.689 45.21380851018431
117.699 55.30050378101519
118.7 59.45221891484597
119.709 53.22025785976131
120.71 54.99066741204099
121.719 56.84579038199666
122.739 50.006278806462184
123.749 52.90094712941425
124.75 58.645175219169325
125.758 51.135884466441446
126.759 50.95544893365777
127.819 57.26472948590496
128.82 64.29448108890581
129.829 55.35531101964852
130.838 53.48713950474721
131.839 59.990248045297065
132.84 53.107565455462144
133.849 50.284559764916416
134.859 53.85671595815459
135.869 48.6348737419148
136.878 49.483914829958714
137.879 52.18882565375619
138.88 48.265303281402296
139.889 57.2234825345498
140.89 67.5226558716124
141.899 58.291009114493406
142.919 53.17432092164775
143.968 53.75793706235166
144.969 48.96065087104962
145.978 45.74757180015611
146.989 52.20532308505587
147.999 46.23551198607828
149.006 52.79113507538989
150.009 59.33367012339065
151.018 54.55466608469081
152.128 36.73299851400186
153.138 27.194975384810732
154.158 25.080333411885714
155.362 2.6808843943333818
156.368 55.526647962158606
157.398 45.7520645275585
158.4 35.85481428573668
159.408 26.981787260781815
160.438 23.8996248185395
161.448 37.3264368026814
162.468 38.65412789371392
163.469 42.235286740410935
164.478 29.62386259343488
165.479 28.627240019937343
166.488 50.70751254732097
167.498 48.63506863767923
168.499 48.265303281402296
169.508 55.24450051208126
170.518 43.83595533447733
171.528 45.858193786151425
172.548 27.565980490564442
173.561 25.519470542857057
174.568 25.938934696827186
175.588 25.718148908394504
176.598 23.995566516009468
177.608 25.861888356143538
178.618 20.906858441401624
179.638 19.008252691113384
180.658 15.312203556730223
181.668 17.330131372673502
182.678 16.796896561206626
183.71 10.806622648795582
184.718 13.090174017607016
185.738 14.520193027933834
186.748 24.528801327476344
187.758 23.57303249873601
188.779 29.539432846784106
189.788 33.093323978251576
190.798 26.50582396180383
191.808 33.06055831094638
192.849 29.855350123030007
193.858 42.16729990777217
194.868 40.90316387140951
195.878 52.79024633522083
196.879 45.844172194372376
197.888 50.17374925734917
198.897 37.74112245057912
199.898 37.39302456635108
200.908 23.839649904469447
201.917 23.48558475875918
202.947 14.902101017547626
203.988 11.381822776939488
204.997 10.408384154450093
206.048 9.073961079745388
207.068 22.176294806298944
208.077 18.948596793998885
209.098 21.363339826692073
210.108 20.906858441401624
211.117 29.09009930346308
212.128 26.102661542527937
213.147 25.21466916806553
214.148 29.860616740035756
215.158 30.927619065078872
216.168 25.172736933136637
217.198 27.451238716535105
218.207 19.749241728956587
219.277 19.23117744507859
220.297 18.498381339896078
221.323 18.897093318650732
222.327 18.77475157903795
223.337 18.39660099560726
224.348 14.227336825960746
225.357 16.546661989125788
226.367 17.330131372673502
227.378 20.775587758338563
228.387 17.458117431650734
229.394 22.997406019867398
230.397 24.69998937263321
231.417 20.06426672950857
232.427 18.773919195534113
233.437 23.462331704542592
234.447 23.19571429880915
235.578 22.24153910051037
236.848 34.62597959723094
237.857 27.755691078533584
238.877 27.565980490564442
239.887 26.12850576187698
240.897 16.53027915547319
241.907 14.663957315339122
242.917 12.641718863665027
243.937 7.6561017783651115
258.422 0.01859051292998087
259.462 7.76779557088768
260.472 15.730426938272872
261.481 17.08042527909759
262.501 17.424231633520602
263.531 12.396248594467648
264.542 18.378404555453344
265.551 20.016123373942488
266.561 23.462331704542592
267.571 16.26366174973975
268.581 5.176431503128748
269.591 6.665435143335962
270.621 6.013128480764832
273.523 0.8351317085172144
274.543 17.160228123921804
275.553 21.32939245867508
276.563 19.99630543000789
277.573 6.7761359375293795
278.583 13.864105098138806
279.603 15.048200047131429
280.633 11.241935855342946
281.643 16.26366174973975
282.663 27.565980490564442
283.673 23.72894911027603
284.693 14.784196537532631
285.713 9.504126345556692
286.733 17.688235143119396
287.743 11.575249240731273
288.753 18.6632184013407
289.754 28.515543913908022
290.763 27.59961994111493
291.773 34.127027933880136
292.783 26.66174057334385
293.793 22.77318028153569
294.794 18.023975870111673
295.803 20.016123373942488
296.804 23.673281739848168
297.813 25.464566781227727
298.823 31.72747128227919
299.833 33.860410528146694
300.843 29.705232830605095
301.853 26.395123167610414
302.863 26.77244136753727
303.873 26.395123167610414
304.883 32.26070609374606
305.893 30.50508504780541
306.894 29.860616740035756
307.903 34.69461384816698
308.913 28.3721458019379
309.933 29.568393075065263
310.938 25.99055446736813
311.939 24.861036106779682
312.942 31.94889929721035
313.973 23.876443805136457
314.993 24.024319373490528
316.013 18.744249181514583
317.033 11.61615442234707
344.982 0.06744373890069091
345.992 9.33160920067035
347.399 9.840277449512984
348.402 11.276082104897771
350.162 2.4480325435524812
351.662 2.6946322193873207
352.672 7.731904766269718
353.702 8.33398508737582
354.722 8.744537300395239
355.755 16.16222840951396
356.792 5.712862830662493
357.812 10.560140383951879
358.813 5.761001975765816
359.832 9.249190669948039
360.842 11.731165852271296
361.902 7.367192277294731
367.811 0.13671530536001333
368.829 3.1742661664924112
369.839 15.197192126805996
370.84 20.4451069571416
371.869 10.31473995527259
372.899 14.640660648818724
373.93 12.275779098124469
374.931 19.100034131013864
375.939 26.18034803521403
376.94 22.43990501974975
377.95 34.92688015108045
378.999 26.547203546792147
380.059 13.972261215558971
383.714 0.4420523881654276
384.719 66.29338508503112
385.746 27.007019200048305
386.789 10.289524685730644
393.205 0.502665823937509
394.25 23.021602442506158
395.259 4.2248456899229865
404.135 0.12135357358754975
405.225 1.4822949346281078
406.365 1.417281998898805
407.475 2.42597819631327
408.486 3.0404818791630586
409.535 17.71264728843025
410.536 7.801422391540874
411.537 27.708500218231382
412.545 31.634196644292217
413.546 43.84937413176422
414.555 42.27811041533941
415.566 54.6025062879411
416.567 46.11318675959792
417.575 41.40769332100179
418.585 36.10405056820762
419.595 29.327914630678244
420.637 18.714227972237044
421.645 24.31032317555589
425.517 3.2686798166751885
426.525 48.464420381215525
427.526 43.04862317445542
428.535 42.27186756984268
429.536 36.85499543589999
430.571 20.293834998724915
431.604 6.517027584481436
432.625 5.384406854016463
433.691 5.557447237708258
435.065 4.503073729317001
436.486 48.25080007049147
437.497 50.60720094979906
438.563 27.63951031832045
439.575 58.273818156303626
440.634 20.448058720866083
444.104 0.8536367082704617
445.135 22.46206388167456
446.144 2.668816449858998
447.165 3.9561740419800135
450.575 1.024747069259188
451.844 21.069011717403246
452.875 7.052043311688524
453.944 5.28994871431827
455.034 2.9645898692562156
456.035 7.644103932344648
457.044 15.212253764196289
459.685 3.56631058749369
460.694 17.086668124594333
461.705 17.57934348782494
462.716 35.269278273508775
463.725 49.906867612363264
464.735 42.76948571154358
465.744 46.17052458256067
466.745 31.04837110696727
467.975 15.981870995712539
469.014 8.293623246684056
470.434 2.844544856944784
471.464 5.4902477433070205
473.026 4.137519791919686
474.164 9.326772771507464
475.205 10.347111615399536
476.234 6.018972143039629
479.334 0.17373134180049865
480.344 12.531018069471612
488.685 0.9370007007599366
489.695 11.458311782076256
490.705 14.13072250387224
491.706 22.7089195849753
492.716 57.85597704415616
493.725 58.82477240446521
494.726 50.14840523798114
495.735 57.91331696194026
496.736 45.57515762914682
497.746 42.9254023230836
498.755 36.40671422564962
499.756 62.52287859028231
500.757 65.75125002106287
501.765 73.99955516075805
502.776 49.11967011240115
503.785 51.08520469987411
504.795 62.76579114155147
505.825 72.9418628753647
506.826 65.75125002106287
507.835 66.8312217540422
508.836 67.90336654286726
509.845 69.23315655891531
510.855 70.4976959078212
511.856 67.0963228471906
512.857 64.29448108890581
513.865 67.69896179484216
514.875 68.63137406768712
515.876 68.7104102385439
516.885 65.2299318841268
517.886 62.41137913232699
518.895 45.21380851018431
519.896 42.61599741166581
520.897 47.884592610147436
527.713 0.473166655866059
529.651 12.983219687194762
530.653 41.38689749279344
531.661 61.02030158177736
532.671 60.899469301417405
533.672 73.44097630657443
534.673 59.02588589042419
535.682 58.024127469507505
536.683 67.36533741241617
537.685 62.19193087205978
538.691 68.52544376385474
539.692 59.29490045564974
540.693 49.61037610753004
541.711 57.66583535794549
542.712 46.38220132482348
543.721 51.885849634831814
544.73 21.617413243857886
545.731 16.40988847875839
546.751 20.06426672950857
547.761 22.506562875802253
548.77 30.15762588340668
549.781 27.168076299365815
550.791 21.440093252868497
551.801 27.994827602011046
552.821 33.26444220944842
553.823 32.89860732196571
554.83 34.22869733189566
555.841 28.61043604327206
556.85 26.154401208618182
557.851 21.521165218043794
558.871 24.66194188497768
559.891 31.41641764225684
560.911 31.152414132658045
561.921 23.839649904469447
562.93 24.286229693716884
563.95 20.856277258304964
564.961 17.84569717703441
565.99 18.950656508329445
567.0 21.062775052941646
568.001 16.678903043983937
569.161 7.660653563013367
570.18 9.249190669948039
571.34 8.917744684642
572.35 20.262922835741332
573.351 28.515543913908022
574.36 22.951821468787383
575.362 22.686255992575127
576.37 22.173151907375154
577.39 21.120280767903758
578.4 20.529540241474766
579.401 20.825817628396468
580.41 24.819992983688685
581.411 24.749340000750355
582.42 28.400264876072626
583.421 21.521165218043794
584.43 22.951821468787383
585.445 19.477348893459876
586.455 14.930574721072556
587.46 20.363733397113176
588.47 32.5273234994795
589.49 30.47001909615121
590.51 31.680421151855636
591.52 28.638763207671335
603.703 2.033496621583445
604.733 10.196174380427323
605.743 23.72894911027603
606.773 20.501091136444376
607.783 22.1292446758754
608.793 25.861888356143538
609.803 27.72821019627761
610.813 28.905380613404777
611.814 31.74371869661459
612.823 28.400264876072626
613.833 25.861888356143538
615.137 2.473239207348971
616.273 28.68803889594167
617.284 15.025813784621587
618.303 28.01183460041406
619.333 25.359715766703857
620.334 30.51093192073816
621.343 40.032246747884976
622.344 36.15964784625267
623.352 31.79042261418847
624.373 18.725890465372064
625.374 20.4451069571416
626.392 17.832816943140603
627.412 19.800263219909777
628.422 18.6632184013407
629.423 29.860616740035756
630.432 15.589945916749434
631.433 18.831019565788317
632.454 19.253380337636067
633.462 13.6244668346522
634.472 12.79763547520505
635.502 18.409377075232477
636.503 17.75496130488613
637.513 15.197192126805996
676.059 0.06986031748839645
677.069 22.1292446758754
678.089 21.75790327939091
679.099 36.79320199121452
680.109 36.37066797394105
681.119 37.593054208414834
682.139 30.73402260575001
683.149 24.26218392174291
684.16 31.163381637507847
685.179 30.764183570034355
686.189 30.66100165934543
687.198 25.086874628674586
688.379 10.260593641477378
689.396 11.495576925406672
690.408 24.48032543552481
691.409 26.63244195732919
692.42 28.343498245095027
693.429 35.76214042811058
694.453 36.29016993274088
695.459 31.429997188689846
696.468 33.360205623237476
697.478 18.240684384067237
698.479 15.602844783081748
699.48 7.801422391540874
700.608 2.3872657782869937
701.639 21.67850351370917
702.648 13.877845539266792
703.72 15.427337844563898
704.739 23.783633151294957
705.959 0.22072424573014174
707.028 4.786144074859388
708.045 7.4139038683791965
712.258 0.5113383902981684
786.881 0.01804293446998733
787.891 9.604463270865388
788.892 15.865566609939446
790.091 11.996528382857644
791.101 24.528801327476344
792.112 23.172770961223787
793.121 23.752466403745082
794.141 17.797271680344046
795.156 20.428409501368982
796.161 24.918779025414807
797.221 23.731859676267394
798.232 30.89702794829838
799.242 34.660262745347005
800.261 23.36463785966761
801.272 12.7849770820545
802.301 12.037944286079258
803.311 12.79763547520505
804.341 16.470743229921062
805.421 8.726782678404678
806.447 4.461813700236979
807.635 2.3628000000362928
808.651 5.56590076339196
809.671 19.536259710310976
810.681 28.528062413477926
811.741 23.985343681573593
812.811 11.073343468031783
814.231 1.7067269141668706
815.251 24.024319373490528
816.26 14.678490474224489
817.261 10.491568043796347
818.29 11.776249845077533
819.291 6.568045671442458
820.311 10.560140383951879
821.341 10.980495486614041
822.41 6.549460312965478
823.44 6.018972143039629
824.48 7.508869051858091
825.481 17.492239478028427
826.491 18.767682531072513
827.501 24.795418733209782
828.511 30.127766847878558
829.521 29.17199801913822
830.534 28.177748724404665
831.541 21.392935832434794
832.551 20.262922835741332
833.561 12.10848405219815
834.581 20.592273748706166
835.582 29.591602174810212
836.752 19.1985854057859
837.761 25.887519563632278
838.821 13.972261215558971
839.83 13.610963894280891
840.84 15.463809532539436
841.86 11.725769914636627
843.399 7.173896537635926
844.411 8.780986297525203
845.42 6.938922769633396
853.542 0.3978580346576305
854.543 39.54514108815546
855.545 35.58606819812113
856.552 54.93042865863337
857.563 59.396872693711536
858.573 52.36771231794737
859.582 50.284559764916416
860.583 57.83813152349269
861.584 44.76811393347018
862.592 50.490671210769925
863.593 43.154026542116895
864.603 50.23477307207986
865.612 61.382778346756965
866.613 59.832929586100846
867.623 64.63211298168554
868.625 65.95437609867737
869.632 61.61572110626924
870.633 73.70999087179997
871.643 66.49843482181961
872.645 65.95437609867737
873.652 60.27866261674207
874.662 46.924663409085184
875.663 17.328628280464354
876.684 19.78087020990007
877.692 10.418709932381097
878.702 12.264400663738172
879.723 17.670910720844063
880.732 10.51919466201734
881.742 16.53027915547319
882.772 19.365388634127495
883.782 15.197192126805996
884.811 18.58030531112233
885.822 16.091812650427027
886.853 22.46206388167456
887.855 35.743229652867065
888.862 60.81348601255293
889.863 52.30052175978551
890.943 55.206924940644605
891.953 57.05612482695585
892.962 49.750796474944615
893.972 54.76726896954831
894.973 65.9085684802591
895.982 57.2234825345498
896.983 58.487856759973106
898.002 61.94716925728775
899.003 64.29448108890581
900.012 52.15273127981771
901.013 52.569536325011065
902.022 57.37955367196846
903.032 47.83521642047891
904.041 44.94692686519842
905.042 41.15922847950875
906.043 36.42866241147822
907.051 30.187544163052916
908.071 11.61615442234707
909.145 11.03210196535755
910.212 59.74383922093119
911.221 20.816768308900187
912.241 23.496312354292932
913.246 4.666297172714915
914.261 50.93837174367331
915.262 33.469502193997194
916.275 33.76013290565464
917.342 35.94214899451469
918.344 51.6507965233051
919.352 44.724370661899236
920.371 35.93971231751238
921.403 26.72357843100212
922.412 39.498483457913174
923.421 43.07875535029712
924.422 51.38178195807956
925.442 52.382310392851366
926.492 51.39859405741898
927.499 57.81834317575244
928.512 49.0226914942128
929.521 37.89719358799777
930.542 23.582807447124527
931.561 38.05381304207193
932.571 40.90316387140951
933.572 69.40575782819123
934.592 47.63024722007301
935.611 33.29708641181294
936.612 23.246948715426395
937.623 31.96244270513625
938.632 29.734673101002123
939.651 53.909568476268575
940.661 39.57007684274232
941.662 38.73809739247882
942.671 46.28133509012791
943.832 49.4997504716365
944.851 43.60332744404076
945.861 36.37066797394105
946.862 36.85499543589999
947.965 2.9239382832122014
948.971 82.82975446181948
949.981 46.76874679754516
950.982 54.34094217556056
951.991 40.14305725545222
953.001 38.392906425615145
954.011 35.83743316247418
955.021 32.79394090521294
956.031 33.4361224489934
957.051 31.944424661454438
958.061 11.731165852271296
959.101 6.991016013798913
960.111 17.330131372673502
961.112 34.816344852790884
962.121 47.77181445247607
963.131 39.30345943700888
964.132 43.31134500131313
965.14 37.778564040311835
966.141 39.81415565338101
967.142 32.662458498320554
968.151 52.68649456978951
969.152 52.18882565375619
970.153 55.25968197726653
971.161 48.62064635111178
972.17 25.99833007119953
973.18 18.39660099560726
974.19 15.730426938272872
975.29 21.399526585393268
976.291 33.35780608796787
977.3 41.633536617800374
978.301 41.539939150763615
979.302 45.57515762914682
980.311 46.70428787253247
981.312 53.64559458591325
982.32 55.03216015565398
983.331 52.315914382914784
984.332 53.3765800206877
985.341 53.10944735219407
986.343 31.82362297150355
987.35 43.58810675858589
988.351 37.773735237605955
989.361 38.12628901988171
990.362 39.925851759410335
991.37 41.674839729524386
992.371 37.50472067238041
993.372 40.08317021860656
994.381 40.409938900438114
995.404 47.90773364801629
996.41 38.3890255588627
997.48 45.40453473315371
998.482 57.51166274972595
999.483 55.25968197726653
1000.5 66.04053325989749
1001.501 62.25406067313077
1002.51 61.64965999174286
1003.511 50.68643436843223
1005.29 26.85497550595962
1006.301 46.34554192244757
1007.31 33.47101613080473
1008.311 50.5747382624029
1009.321 46.23551198607828
1010.33 51.24127583729277
1011.332 44.99218126466509
1012.341 51.352086344860005
1013.35 52.84256570720816
1014.352 47.41089605320497
1015.36 64.76035130109365
1016.371 62.06040958580622
1017.372 39.65683719418478
1018.38 49.154939168156965
1019.382 54.6670404188246
1020.39 54.87593418575774
1021.392 42.19313575564007
1022.4 36.70997840622147
1023.401 53.107565455462144
1024.41 54.176973932137656
1025.411 55.52869654249207
1026.412 55.25968197726653
1027.42 61.17652755167361
1028.443 63.54755672699083
1029.45 87.287244105191
1030.451 80.547051108468
1031.46 58.5578907594793
1032.461 64.94420632538623
1033.462 76.51183263008477
1034.47 68.76754742893252
1035.471 60.25926261052262
1036.472 52.03150719455996
1037.491 77.53866210091445
1038.492 68.44139567331834
1039.501 57.2234825345498
1040.51 64.05159479661596
1041.511 60.370958716551925
1042.52 39.87617561046631
1043.521 52.18882565375619
1044.53 58.024127469507505
1045.531 63.33011893403296
1046.532 63.5991334992585
1047.54 54.23072093008621
1048.541 49.072346977078944
1049.55 63.8955236591973
1050.552 76.97296569091458
1051.561 73.12557072613654
1052.57 45.480690155170215
1053.59 44.72620861448625
1054.591 58.10714608871823
1055.6 52.95337621477542
1056.601 79.74000741279134
1057.602 78.12218370803214
1058.609 47.17920347073556
1059.61 65.10152478458247
1060.62 56.63378570544681
1061.621 60.101944151326386
1062.623 70.52305958814158
1063.71 61.29241215313365
1064.711 75.59309282837881
1065.721 67.29828703901993
1066.722 61.98504610790522
1067.73 61.82174080734513
1068.731 77.85690545621252
1069.74 86.5804634829988
1070.741 67.36533741241617
1071.742 66.55829371673953
1072.75 63.31369881985435
1073.76 55.03388637528175
1074.761 71.66957045602491
1075.762 87.54142980433222
1076.764 71.06055176337266
1077.77 78.27238823745013
1078.771 80.27862648746442
1079.78 82.84412045319618
1080.781 98.03299784812857
1081.783 91.21650833453829
1082.79 93.97253655282687
1083.791 68.97922815569545
1084.792 80.81606567369353
1085.8 85.33062475733325
1086.801 68.97942480376945
1087.81 74.8376711036192
1088.811 81.35409480414462
1089.82 56.9566008895639
1090.83 61.432704112884274
1091.859 68.6726002986568
1092.86 80.16634043721312
1093.861 67.90336654286726
1094.862 68.7104102385439
1095.869 72.0447773245812
1096.87 67.90336654286726
1097.871 79.74000741279134
1098.872 86.19635697820448
1099.879 85.68277391775837
1100.881 85.57284049461191
1101.889 68.50040102040994
1102.899 63.29902595301835
1103.9 68.17238110809281
1104.929 68.6726002986568
1105.93 61.873350001875885
1106.931 55.52869654249207
1107.939 63.95891207552587
1108.94 64.94420632538623
1109.989 71.98399441711322
1110.99 70.48181608909341
1111.991 68.44139567331834
1112.999 59.6845695391644
1114.0 65.48223545583734
1115.001 60.63997328177748
1116.009 70.79379825848693
1117.01 73.01464328215266
1118.019 70.56756478384479
1119.029 56.63359080968239
1120.03 81.62310936937017
1121.031 82.43015306504682
1122.039 86.9335032084688
1123.04 70.3244976298972
1124.049 56.9566008895639
1125.05 61.60433543665035
1126.051 69.248439368995
1127.059 78.65196454426844
1128.06 63.33011893403296
1129.061 59.56391502087529
1130.089 57.99949312830366
1131.168 74.47480498589961
1132.169 86.19635697820448
1133.279 67.54292160718039
1134.289 69.05390808496058
1135.29 71.13154132557382
1136.291 71.13154132557382
1137.299 70.37042588006808
1138.3 70.05548306467165
1139.301 70.05548306467165
1140.302 64.1371626297096
1141.349 73.40747664040653
1142.437 74.10624830843425
1143.449 76.90015272681164
1144.45 79.4709928475658
1145.459 62.8279970792537
1146.46 52.838550890236604
1147.461 50.95544893365777
1148.469 57.169331423834734
1149.47 69.51745393422054
1150.479 78.5740141334218
1151.489 65.43196519888586
1152.498 63.36176036922551
1153.499 58.37616065394377
1154.509 67.0316696332865
1155.519 63.83226076448523
1156.52 55.79790775579162
1157.528 65.82893693518402
1158.529 58.10714608871823
1159.539 61.965938924351164
1160.54 68.17238110809281
1161.548 46.0601027045122
1162.549 75.32407826315327
1163.561 84.63758968253677
1164.629 75.68366233949976
1165.63 77.47619478495764
1166.68 80.22865952284938
1167.682 116.59500284869132
1168.688 95.13665867580491
1169.689 81.08508023891908
1170.69 95.61186676109865
1171.729 90.4047750931091
1172.948 66.1454784325642
1173.949 70.75083065431896
1175.009 85.31473097564115
1176.01 106.91047850057161
1177.012 93.36647703546262
1178.013 84.31325502162564
1179.019 97.27807879342538
1180.099 93.7082944683431
1181.109 101.69193237863351
1182.11 116.86401741391688
1183.159 98.01778789757407
1184.16 103.9513182830906
1185.169 114.60303620651825
1186.568 73.30334233364145
1187.569 109.33160958760156
1188.57 123.32036697933002
1189.58 106.60174647602881
1190.589 120.74131404119397
1191.591 103.69041299772283
1192.592 121.16825045752564
1193.688 108.31039586449701
1194.689 108.25555132669935
1195.699 109.95707195637009
1196.749 98.43735872774927
1197.75 115.24993002256359
1198.759 118.07249759133497
1199.76 98.14469395415789
1200.762 110.29748055524178
1201.768 107.18214683742
1202.779 95.8421570219171
1203.78 103.14427458741397
1204.782 93.09773094784708
1205.788 102.36395157277396
1206.848 94.96829327002736
1207.849 103.14427458741397
1208.85 97.76398328290303
1209.857 95.8444184381649
1210.858 82.69936427834637
1211.859 92.92172110884317
1212.868 64.9630502391409
1213.869 65.75125002106287
1214.87 61.98504610790522
1215.879 66.2974584640704
1216.88 69.9437869586423
1217.898 72.58890831513472
1218.899 69.248439368995
1219.9 62.25406067313077
1220.908 76.24764686756511
1221.918 77.96298326835746
1222.919 76.24281806485922
1223.92 83.506211325949
1224.921 69.78646849944609
1225.922 79.74000741279134
1226.927 87.72889392409762
1227.928 92.65270654361761
1228.929 108.52456589192491
1229.938 92.82955182524172
1230.939 91.30763371748988
1231.94 95.34285219587309
1232.948 109.64094793288913
1233.988 98.6070922353504
1235.018 78.09360017471883
1236.019 68.32969956728904
1237.02 71.40055589079938
1238.022 75.36048916522132
1239.027 66.02544122454279
1240.028 67.90336654286726
1241.029 62.52307523835631
1242.038 59.78148847684156
1243.039 60.101944151326386
1244.04 73.01464328215266
1245.048 78.38481813574586
1246.059 72.02608738441548
1247.06 80.81606567369353
1248.067 77.66042298059534
1249.068 82.16113849982126
1250.078 76.62989623969028
1251.079 73.2836578473782
1252.08 90.76960458703878
1253.081 110.67668241372928
1254.088 98.5183399408319
1255.089 74.62873067350594
1256.09 75.97380349963368
1257.091 67.0963228471906
1258.097 63.28303442620055
1259.098 63.33011893403296
1260.099 69.248439368995
1261.178 64.99123127686406
1262.187 68.58858276137626
1263.188 62.79208980358185
1264.189 75.97380349963368
1265.19 88.34847350000885
1266.347 92.12673260296111
1267.401 76.49677244741599
1268.428 110.49678178583325
1269.429 113.09781350075922
1270.432 96.0696446556098
1271.445 105.37818894302214
1272.447 84.22911005653421
1273.448 75.70478893440814
1274.462 76.06223714696102
1275.467 80.22646583042433
1276.469 90.94776224692275
1277.483 101.82191209270353
1278.518 102.4657608328932
1279.52 99.5476370506201
1280.521 91.30763371748988
1281.528 85.68277391775837
1282.529 69.248439368995
1283.537 74.11047559938437
1284.538 82.16113849982126
1285.54 80.73541091753216
1286.541 77.04986176053588
1287.547 68.10122969084658
1288.597 72.68481988849913
1289.598 78.82126761108537
1290.599 59.02588589042419
1291.6 78.39493458666361
1292.607 73.91665920991923
1293.608 58.75687132519865
1294.617 58.5578907594793
1295.618 69.9437869586423
1296.627 64.42928694916911
1297.628 61.17800241222858
1298.637 59.09165404945111
1299.647 62.76579114155147
1300.717 72.83622650623245
1301.727 73.85302138816246
1302.728 74.3597161082804
1303.738 63.0324085472849
1304.746 61.82174080734513
1305.747 64.40617719493515
1306.757 76.89651364542372
1307.758 76.78084719531032
1308.759 80.27803654324244
1309.767 81.59057503801695
1310.768 77.04986176053588
1311.769 85.38931328252785
1312.787 78.6729184675785
1313.807 67.16650693038399
1314.808 71.28885978477004
1315.817 67.89874833398581
1316.818 60.63997328177748
1317.82 64.8793917482152
1318.827 65.0920731790399
1319.946 64.11192138202051
1320.947 66.71561217593575
1321.957 56.36697340394895
1322.958 77.04986176053588
1323.966 90.6735529277851
1324.967 94.2667939349709
1325.968 82.96818219549792
1327.027 89.71806958510177
1328.036 79.6415407133654
1329.037 79.89732587198758
1330.038 74.09070154305485
1331.04 65.95437609867737
1332.046 72.11639241138495
1333.048 68.10414834778327
1334.056 58.08169108802884
1335.147 59.093110331924905
1336.148 67.5226558716124
1337.156 64.76035130109365
1338.167 73.89056320888174
1339.168 68.97942480376945
1340.169 65.48223545583734
1341.176 61.080897710458366
1342.177 66.98462674116129
1343.186 57.2234825345498
1344.187 57.68081306429646
1345.216 56.896350453579274
1346.218 66.64902972865437
1347.219 59.56391502087529
1348.226 60.81348601255293
1349.227 63.061104368807406
1350.228 70.21280152386787
1351.237 66.5643401090563
1352.238 59.832929586100846
