0.0 9.554880236944634
1.01 16.94420526625375
2.032 18.508882451763306
3.04 7.922814823682918
4.05 8.29705887953798
5.18 5.095968239675137
6.19 7.275810232138888
7.2 6.100744700060217
8.39 4.425863334789281
9.51 4.366800425379497
10.55 3.061447900087602
11.58 1.9972687848879578
12.6 2.118144625550806
13.65 1.7327378590972007
14.67 2.675551105958913
15.68 4.612613662726801
16.69 6.468374461356996
17.71 6.0564169908552765
18.72 5.681101952611755
19.73 6.440145894505688
20.75 4.964584823529573
21.76 5.516668493227165
22.78 2.911959907079369
23.82 3.389460175096988
24.84 3.344438882448641
25.841 2.8715709683551247
26.85 5.747529258836416
27.86 4.17124397169599
28.89 4.195160229246257
29.9 3.5316159204762516
30.92 4.407259835296965
31.93 5.201134017110788
32.94 4.119642480687913
33.951 6.348762795050681
34.961 7.84038156916506
35.981 7.49508276753642
37.121 6.247421783037596
38.131 6.761935096804862
39.15 5.107232198336662
40.161 4.723895869571375
41.191 4.539914855657075
42.261 4.9644820062988035
43.271 9.253208995218746
44.291 8.112627563027404
45.301 11.619635267062847
46.321 9.568440682192053
47.331 8.283973333971339
48.332 11.927054779410172
49.341 8.777981777405909
50.351 10.497817206566676
51.361 6.385658691339151
52.561 7.9339274459860425
53.581 9.587391463019438
54.631 6.421848860920322
55.741 0.8195381766000275
56.781 0.5498593907314013
57.801 0.5574064804081069
58.901 1.550603481862552
59.931 1.6559843010182593
64.712 0.28485069220472337
65.896 6.8703437704248795
66.901 8.910845854635127
67.902 8.071721014660984
69.011 11.56693908012942
70.021 7.908525164946061
71.022 10.238124964616647
72.032 12.271937368705625
73.042 10.789567263382677
74.062 8.086172680483807
75.072 5.291498350646465
76.081 4.602356626295924
77.292 4.788816698733232
78.311 4.336634137078502
79.422 5.95074349762134
80.792 2.4900201898522734
81.862 1.1689907869493381
82.902 2.296085925065702
83.962 1.9309401849609138
85.132 1.3688136241294866
86.142 1.576190998064904
87.172 1.6559843010182593
88.182 2.009577683309776
89.194 5.782812004223501
90.262 5.292179706462897
91.282 2.675551105958913
92.362 1.3687425796687955
93.512 0.9887906261152505
94.762 0.3540998009750447
95.792 0.7727926738085209
96.832 1.6400613750469297
97.895 1.176688750739221
98.962 2.923137318880676
100.042 1.3687425796687955
101.292 0.09096873760260304
102.293 9.62097926504708
103.462 5.635800878179666
104.492 2.3183780214255627
105.793 1.048832485810181
107.412 0.7023528227501779
108.533 1.0951326004333837
109.594 0.7502134345172259
110.634 1.4213865250406725
111.702 1.2776508090253236
112.843 0.39863601052849706
114.174 0.42716349362604733
115.843 0.20439350869368567
116.874 0.33087562173594703
118.253 0.16491794344199245
119.263 2.5219714361268233
120.293 2.2079790680243456
121.314 2.4501863702953806
122.353 2.2982958248973335
126.503 0.21990280643164298
127.523 4.01332665893837
128.903 1.071189844958188
130.033 1.2065933431787068
131.063 0.6623937204073037
132.133 1.2752626766720052
133.332 1.1380576013670105
134.583 3.6400932768558585
135.603 3.009994994203777
136.696 2.559063073766533
137.703 2.8230119663171256
138.774 3.0790072251114475
139.793 2.8383028963603927
140.835 1.855168593143296
141.884 1.4091915977524305
142.894 2.4572843995521048
143.899 0.7920163721619667
144.903 3.0579630419201718
146.034 1.6042329185778668
147.043 5.6348326067023695
148.054 2.8792612321148274
149.073 4.909990744007034
150.083 4.26358348192097
151.223 3.932181897451443
152.304 3.969403205589886
153.364 4.20401373683965
154.374 4.545539954319172
155.384 7.946300419129008
156.404 7.645921873948862
157.414 12.150148998498816
158.464 10.238495318467574
159.474 6.631820332396936
160.484 7.4873187359519
161.494 9.006805703228023
162.504 11.270440488199577
163.514 14.867154940394151
164.534 6.920876054410419
165.554 6.985427791535455
166.564 3.3775521387105085
167.604 2.6240982000750877
168.635 1.8749618565036998
169.704 1.182836438871039
170.714 1.576190998064904
171.754 2.296085925065702
186.109 0.0792134601206923
187.148 0.6566559499706668
188.289 0.6976130184248699
189.319 0.6623937204073037
190.378 0.6442545155991717
191.508 0.7044039416130765
192.589 0.7363334449794418
193.599 1.9382244254086547
195.069 3.535965452137024
196.309 5.313776166759768
197.399 11.206681622969166
198.479 10.956636577770475
199.49 12.632655883872392
200.499 11.051768543160179
201.5 16.13231480599819
202.509 8.839849603248505
203.841 2.4756882418125823
205.039 12.30643000453431
206.041 9.532652143985349
207.089 7.811724858893344
208.129 6.47048970466249
209.139 10.462840119360244
210.15 10.292988925497415
211.169 6.121418716814857
212.199 6.292740343869385
213.229 2.317248207574966
214.469 1.0087259209966062
215.47 15.638731108710578
216.471 23.56529998628227
217.48 13.083026841163983
218.49 18.691261608944895
219.5 12.384357841938535
220.51 9.393281942101916
221.58 11.61074774111078
222.789 16.657267594106774
223.8 16.083740698778726
225.01 8.1114725293003
226.02 10.920751915163978
227.03 11.70884741419643
228.039 11.9989806091231
229.119 13.489926843736011
230.36 19.147401555071458
231.37 19.814972547101654
232.371 21.314611471597985
233.372 26.06485632411107
234.38 23.10355078130339
235.39 16.384831329038413
236.43 18.99306164330664
237.49 23.097334989413266
238.501 25.978385230512682
239.51 21.533298616969574
240.58 18.150353165550516
241.581 25.785098000396065
242.59 24.70626956257993
243.591 25.2186060786437
244.61 16.194197875885454
245.62 15.473369585953158
246.63 18.5765367629078
247.65 15.770365802423514
248.651 18.17557194857204
249.751 14.278533854586012
250.76 16.22831790730282
251.761 12.804610720348172
252.771 19.139462119359553
253.79 14.280020262590899
255.121 18.421951981809073
256.131 19.36463226194025
257.14 15.452045573195273
258.321 13.525170114085391
259.331 12.384357841938535
260.35 11.717023366380422
261.361 6.080240031370297
262.37 6.536405823774747
263.381 5.848632981374084
264.391 9.029355637097582
265.4 9.579215431394026
266.421 5.01174484833146
267.46 4.195160229246257
268.47 4.220294192813716
269.501 2.3161293521516297
270.511 5.516668493227165
271.661 9.471934766028728
272.701 8.85633142525342
273.73 2.983668507374006
274.851 0.7100592810194261
276.271 1.3372693832696714
277.291 4.905177027591341
278.311 5.1516908584735805
279.541 7.945856807291268
280.591 10.334441877551356
281.601 7.54319977645347
282.611 7.289142674791693
283.781 7.913784565268686
284.801 10.367760535590788
285.841 11.10861844030325
286.842 17.644205515371596
287.941 15.714794814416408
288.961 16.896098714756494
289.962 25.727718065196584
290.971 26.442852477043175
291.972 22.51045582298407
292.973 23.29301517076981
293.981 13.038694721749744
294.982 8.222519802392192
296.121 15.325467176248083
297.131 22.62959932936041
298.132 18.97963839218508
299.181 11.538667458474663
300.192 10.797476273305998
301.193 11.814121766571823
302.321 10.078323735547968
303.322 6.361450182000213
304.332 8.218710204195572
305.341 9.424092773522382
306.352 12.147160807469248
307.362 18.479753105131884
308.372 13.499591980137026
309.382 15.34481850309093
310.392 11.765716043042653
311.402 13.44165346391743
312.422 12.030200915755318
313.442 14.381087194529156
314.452 11.874186162896953
315.632 10.832646232749868
316.642 10.470411630002578
317.643 10.190958823960631
318.652 14.650564777426158
319.762 5.435131657312682
320.982 16.37257851328901
322.092 12.382784521767848
323.102 15.761909980649042
324.113 11.761889016101742
325.142 10.292266944486054
326.152 12.722113055809585
327.172 9.581279549857069
328.173 13.404484312071876
329.182 10.717220952285642
330.183 17.38039067582201
331.192 14.413802951232261
332.222 10.954675095390963
333.232 13.510208554842034
334.242 10.020071344841176
335.262 5.352080118023805
337.343 0.819636631450652
357.585 0.07864602845793663
358.874 3.70302468543708
359.897 14.244283680063354
360.905 5.364751181168838
361.915 3.231790689487338
362.925 11.479480021150959
363.926 15.602526113418284
364.935 17.573098718294187
365.936 18.42751221397759
367.066 17.358157907492245
368.067 21.926276598485696
369.076 21.217121898482382
370.086 16.364987312193456
371.096 21.258312195315003
372.106 20.654916434228344
373.107 21.824636886931177
374.156 18.039459107125662
375.165 15.214048038096395
376.186 7.907419649589637
377.215 5.746324532720308
378.245 5.0783518564559955
379.255 1.5949551766132959
380.356 0.8262373987520711
381.456 0.9303620891175312
382.536 1.7898941426438097
383.556 2.2296259216324277
384.626 1.2752626766720052
385.656 1.6559843010182593
386.676 1.5607381451426994
387.677 2.271946493571505
388.686 2.1412363905469003
389.736 1.8410339752907758
390.776 1.8677156271065842
391.796 1.6115892626536141
392.836 2.077411075059444
393.856 1.6722194412243205
394.896 1.3120491000375438
395.956 0.6677991640321288
397.006 1.5161456267100506
398.036 2.3183780214255627
399.076 1.5868313128743539
400.096 1.783700737305942
401.166 1.9128940150080078
402.197 1.6543781086797353
403.206 1.4923244542458098
404.246 2.296085925065702
405.266 2.549971663516092
406.276 2.251701425807006
407.277 3.0671277663215313
408.286 5.847045015984026
409.356 1.8955704540371343
410.366 4.615987922904363
411.616 1.9164950281082869
412.646 1.7663832544194766
413.706 0.9654700924804569
415.006 0.2624098200075088
416.296 0.35286554539411574
420.197 0.3491977331873801
421.247 1.4845592594869246
422.257 1.0132656416131527
454.347 0.017717501091189438
455.357 4.053062566452611
456.377 6.510572884907087
457.478 14.272073312763984
458.587 13.939540102011675
459.588 14.783097458500023
460.589 18.311174602958083
461.757 18.916593108354167
462.758 29.79463515105762
463.768 23.96111531503773
464.769 28.94066228044763
465.778 44.831930975591554
466.779 37.33557100537836
467.788 28.587301710743017
468.79 33.530941322499146
469.791 28.921148120141
470.798 38.1250242377414
471.799 25.001293067909906
472.808 30.433450814781036
473.938 25.060038222729712
474.939 32.612562938314525
475.948 32.35135341590147
476.958 23.478925305761297
477.959 32.17469839662584
479.118 27.1101138198651
480.12 36.393424743554895
481.268 31.60874065855597
482.278 24.430960470006013
483.289 20.996079365152134
484.29 28.210334451099627
485.298 26.07953346383105
486.309 16.758582965860352
487.318 17.58067773291139
488.328 16.212250265810443
489.348 8.342109529230507
490.369 11.875229292950644
491.378 6.4237091716406995
492.398 7.915172021795117
493.408 9.765685047064515
494.428 9.698872759101059
495.478 5.148760437526906
496.508 4.08476127584504
497.528 3.1797431957666555
498.529 9.428577948321744
499.558 10.639133756557312
500.588 13.64083823441196
501.598 8.339278281271861
502.609 13.609319052812769
503.618 9.20018231994026
504.628 14.41088912516484
505.648 10.037828196328414
506.678 6.8447351108754715
507.698 5.303510781426842
508.708 10.357826558712226
509.709 6.755387103253986
510.723 12.596718904552066
511.729 8.152491832459576
512.747 15.52634396704546
513.75 10.198897698171884
514.809 16.66419876258691
515.819 19.324881831068
516.829 18.184299592023436
517.983 22.207696853121604
518.989 21.03879444531677
519.999 23.74310518795576
521.019 12.883912946275101
522.02 16.299306194834895
523.199 21.946751095088068
524.209 27.145511633340014
525.21 31.133804781972376
526.219 26.10303252817406
527.229 18.678340661435698
528.269 17.05663830048807
529.289 9.698872759101059
530.29 17.70150241159105
531.295 25.005088321113522
532.299 18.76057345747224
533.319 12.374423865059972
534.349 9.383911039103468
535.35 8.519799350893141
536.359 7.776068997249269
537.469 1.8439608973500619
538.479 0.9006805703228025
539.519 1.0933742500312864
540.569 1.2995533943229005
541.599 1.6559843010182593
542.639 1.530723950043801
544.039 0.7309987843066315
555.464 0.009952815930262914
565.418 0.011424788707249452
566.427 1.1585182887142604
567.768 10.26675270671669
568.787 8.224756557960214
569.798 6.954213386521087
570.807 5.515710268262433
571.808 7.36397978788065
573.028 6.7362901797896315
574.097 4.5542157654928195
575.458 2.0051889258472384
576.468 2.3050311964182244
577.533 8.939714607701651
578.538 5.7340959759416235
582.828 0.6096389757750205
583.878 1.1912572781293254
584.898 0.7782502760083949
585.958 2.4673124585611674
586.998 2.842773050081345
588.029 2.3340792942622812
589.038 3.3759567284015066
590.118 2.632197268593838
591.518 1.0209758849039017
592.528 5.4652109643456415
593.549 5.10952109204241
594.578 4.8843273851626945
595.588 6.644823578934855
596.589 4.959503082184141
597.59 4.9278652307933974
598.598 4.902879724358246
599.608 4.809884434571077
600.618 5.4546973246002395
601.938 4.884678041263732
603.088 10.999428355333814
604.089 13.648452835394723
605.278 11.6083499867931
606.338 14.66241048505489
607.339 16.16553039800947
608.35 12.865907286371241
609.351 15.642883057711988
610.358 14.762123890180945
611.359 14.90076369319998
612.369 20.940823260005157
613.378 14.272849755471036
614.379 19.425142520036363
615.389 15.245483575424664
616.39 18.857155896643487
617.391 16.152078083244902
618.399 16.84408342330989
619.419 17.66823707760252
620.439 19.397745518202118
621.459 11.566021484117222
622.46 11.855475178625866
623.521 11.558269512120344
624.529 11.168036982462427
625.579 2.057626207677926
627.338 0.774230335094248
628.349 3.182068745475162
629.389 2.4054233500688302
630.399 1.801361140645605
631.419 1.6722194412243205
632.459 0.9840368250281579
633.545 1.67529903503873
634.629 1.2611192828456983
637.399 0.08210174873881142
638.97 2.3439774437195675
639.979 5.972922563104511
641.009 3.2441797710006837
642.089 3.54931021165127
643.109 7.823737800886068
644.149 10.932703475075261
645.15 12.690930356689568
646.209 6.7166358928913645
647.22 10.000951921029344
648.23 11.895172415220811
649.24 13.963923100180999
650.25 14.497467703379346
651.26 11.57840345367362
652.269 13.27192554243838
653.28 11.685344407104058
654.281 13.206270266744566
655.29 17.213095523977092
656.3 17.727539982621796
657.31 17.50031236432307
658.32 15.098168314014044
659.42 16.717651593878156
660.43 18.3513666203271
661.45 13.578845944795363
662.48 13.545903161735763
663.49 15.761909980649042
664.491 13.162425685289678
665.5 13.295568772820303
666.551 15.664348436525538
667.57 14.841562930748532
668.59 11.925483470240051
669.591 13.404484312071876
670.6 9.976701795828808
671.61 12.596718904552066
672.62 10.435105346681262
673.621 11.810800207370695
674.63 14.08708151675592
675.64 10.016285589520008
676.92 12.277659812613111
677.93 14.298304053874487
678.94 10.143355289865259
679.95 11.822584671888876
680.96 12.834698127099934
681.981 11.549931978512022
682.99 16.67910451583901
684.0 13.39079266416784
685.001 13.647124211714273
686.221 13.502967589478992
687.331 14.40864035981249
688.34 17.017194472241155
689.35 10.290752850304598
690.351 10.90534316914322
691.36 8.09652950660705
692.37 9.569731059679777
693.381 9.560265450323019
694.391 10.276515118335864
695.411 13.935162010202673
696.421 9.393199643073194
697.431 8.615473821659592
698.44 10.142698692064263
699.441 8.391171970829463
700.461 14.158124602365916
701.481 10.795186996079169
702.491 12.673803525950348
703.492 18.62996124728634
704.581 9.343327111825522
705.583 16.00123752740398
706.593 13.766487730279282
707.611 16.790647839661744
708.612 18.723297060838032
709.711 20.624244432428775
710.892 16.835129732983674
711.9 24.721131659146018
712.911 22.748196422804803
713.972 23.284428267157395
714.981 24.02820078044946
716.072 19.515846279538238
717.152 19.60648319839783
718.153 24.99141142928655
719.161 18.91438244039375
720.171 23.41769482839286
721.182 17.512929676444404
722.193 23.05711079195552
723.212 27.786083983130712
724.214 14.604837381729851
725.222 21.659223238715008
726.231 15.503780586017044
727.233 21.108015461681845
728.262 15.088928230907053
729.273 16.871056677040624
730.292 12.45941148708098
731.312 13.82368071412105
732.322 8.669050489356973
733.342 5.953407634325256
734.352 7.76836991903417
735.361 10.030002039930215
736.452 11.280823668592157
737.453 14.99484685757193
738.472 12.58147795081987
739.473 12.904589652302125
740.492 12.054815715420943
741.602 16.885227218046783
742.622 17.05663830048807
743.633 12.065053216105238
744.642 13.492293630492894
745.652 12.380325189531202
746.662 11.974014884735547
747.772 10.29192876255281
748.773 15.108444182250505
749.782 11.908526717278667
750.793 9.584272996861499
751.802 8.339552257919506
752.852 3.2488834858072515
753.872 5.928986627119456
754.972 15.522659222427164
755.982 15.31156969548764
756.992 15.852192015155998
757.994 11.314300449613771
759.012 10.61452499335239
760.222 8.843908038941384
761.232 7.76836991903417
762.242 6.417349063549967
763.516 1.068972652614429
764.683 13.485425757350056
765.692 15.441995140768112
766.703 6.635948959635979
767.712 2.8174163033511848
768.722 2.814626782258757
769.732 1.6482407145797071
771.023 1.3211958404715778
773.254 0.1529057669250387
775.183 9.2989796277736
776.184 13.290886987393302
777.193 12.595498487853098
778.203 15.071009634536109
779.213 12.711661079162015
780.214 15.352495744553378
781.293 12.993766513564935
782.303 15.577971651457569
783.323 11.705291612043748
784.353 10.498092896315947
785.373 8.316032033071064
786.383 9.054045345713886
787.384 13.404484312071876
788.393 10.055787165747438
789.492 10.246169167465366
790.493 12.836497688679
791.503 12.142700132065018
792.513 11.645641760138691
793.514 12.862488889427826
794.524 14.232217933811512
795.533 17.017194472241155
796.543 12.519739744184605
797.603 7.824526583641363
798.614 11.022423695666541
799.633 9.48520939183177
800.653 4.467482552990179
801.673 5.066328208065764
802.674 5.45267158457161
803.675 8.406202026214567
809.288 0.11102187359783963
810.298 6.079593849678916
811.308 8.352446125867223
812.399 3.9525243832344388
813.648 3.095413409215876
814.878 4.125487719020489
816.078 4.444326551322349
817.098 5.128139619754583
818.128 2.3835037198135614
819.138 3.60272228129121
820.178 3.440132636684696
821.258 2.3421168152216105
822.268 2.814626782258757
823.298 2.73326180756274
824.308 4.053062566452611
825.318 3.136251386500489
826.428 3.8100587433509494
827.485 5.431870595038057
828.591 5.418112653111267
829.608 7.915390295822705
830.618 7.231039560514655
831.638 7.012727670327372
832.648 6.677002499164773
833.649 6.665206770943361
834.659 5.158256223147139
835.668 7.0647073038590245
836.679 7.348200246152561
837.688 7.720132574150572
838.689 8.715854382739717
840.29 3.900452717059351
841.299 8.828728223103697
842.318 7.05077020117278
843.329 7.8731597826189565
844.338 7.198663416249607
845.348 6.580136542360137
846.368 6.019989988407554
847.409 4.031218301296178
848.639 4.79019355557733
849.669 5.188750809857213
850.679 4.83210517232575
851.9 8.359477035273418
852.909 8.790338866455695
853.919 7.181577844253324
854.939 8.14986948723011
855.949 8.63160443128891
857.089 9.23642729584668
858.099 11.821432485486781
859.119 7.548783200754935
860.12 8.437507721685197
861.129 13.417409670851193
862.139 14.789178905873024
863.299 13.422772931569812
864.719 12.405902800344695
865.72 10.45095387042892
866.729 8.176273921275001
867.741 12.722900364000425
868.749 7.8318588842324495
869.759 8.821056795404692
870.909 10.675830721333961
871.929 8.472578502203223
872.949 3.3775521387105085
873.999 3.6820679505815517
875.009 6.836580315854824
876.029 9.810354055182682
877.03 7.360076955819325
878.06 9.945348538849034
879.079 16.531646813832577
880.08 9.779334599960855
881.09 12.1970452525695
882.22 2.7169866319361526
883.322 3.4051365028197598
884.329 11.377976387401135
885.35 7.900743836113953
886.36 11.70884741419643
887.481 8.410302196226647
888.57 10.944628155694744
889.58 10.357826558712226
890.59 5.657893626512428
891.61 9.587391463019438
892.62 4.814904675323059
893.65 3.974362322443822
894.73 2.5269093778500844
895.79 2.145489094401015
897.07 2.5143761359215007
898.092 4.454884309627964
899.1 5.414805809678752
900.12 4.542824086371379
901.311 3.4371059547583016
902.34 3.785043610694639
903.38 4.264159575122018
904.39 4.053062566452611
905.41 4.656462907970647
906.43 4.106146246830889
907.46 4.08476127584504
908.48 2.303457832633852
909.55 1.8066221252853407
910.67 1.0152760893147659
911.74 0.8501751177813368
912.83 1.2518633615037116
914.651 0.7214406976523994
915.66 1.6705136783437227
916.771 3.5335462067862538
917.781 6.463930313806062
918.801 4.621013811628903
919.862 1.3932535212462764
920.881 3.3139132717099176
922.031 8.502370624310162
923.268 7.142177167620351
924.422 7.438628376964959
925.475 4.03414129289213
926.481 3.6170472207794453
927.491 4.040800011173179
928.707 6.1627184405317905
929.841 9.325132395244763
930.852 15.602685374132701
931.861 12.268200389221104
933.021 11.356474190086002
934.031 13.066452191978316
935.032 15.236988523334157
936.061 9.512745580609101
937.081 7.742001148861312
938.091 9.401182648859134
939.092 15.449236156286231
940.102 12.140752716924322
941.111 13.594857469606117
942.112 15.030055385103886
943.172 11.156543290885278
944.182 13.900305950979652
945.191 10.706923378077487
946.262 12.979219985810213
947.272 13.622793626132385
948.282 13.285038412261335
949.291 7.544826670830942
950.292 12.950095013357576
951.312 10.30387067000015
952.321 13.86168821248783
953.362 10.83356981073885
954.371 14.650564777426158
955.452 11.141041824313527
956.462 15.08639955290694
957.484 12.06434305905582
958.492 7.686225344156321
959.502 8.106125132905222
960.503 6.294603803077513
961.512 8.452248910053553
962.522 5.967008778388566
963.642 4.353070449025459
964.652 7.318029633872769
965.802 2.373097502676601
966.822 4.3477705471832335
967.912 6.279893128384824
968.932 2.4159985269969506
969.972 2.9521104750844738
970.992 3.344438882448641
972.012 6.342291542503177
973.052 5.284670170590071
974.072 4.3477705471832335
975.102 3.4183325059713168
976.103 6.361450182000213
977.132 4.862274604609492
978.152 3.7314914241783557
979.172 5.574064804081068
980.192 5.182657885162921
981.212 3.8820427642106705
982.223 6.7484226708162485
983.232 5.5170283577610775
984.252 4.507576703335324
985.282 3.5327665088389533
986.303 2.2833724457627107
987.432 3.4723505602169924
988.563 5.475166476832134
989.643 5.264394537187676
990.664 1.7695790452133304
991.732 2.129418015042206
992.792 1.0727445472005075
993.852 1.110535799235149
994.892 1.3120491000375438
995.923 0.8823349912958587
996.982 0.8590060207988955
998.963 0.687466511575357
999.992 2.716611758257197
1001.032 1.6400613750469297
1002.103 1.749908648532663
1003.113 2.0265312832263054
1004.132 2.678176769458382
1005.152 2.4220376447772547
1006.173 2.227442154813982
1007.253 1.1078317977818626
1008.313 2.038214639680964
1009.443 1.6100661522584607
1010.593 0.7910325008922002
1012.393 0.18951820333875632
1014.423 0.37969974495728276
1015.463 4.696314148946518
1016.473 1.894029846985469
1017.483 2.9272118535491076
1018.548 1.7023233395196502
1019.573 2.2187496976244643
1020.613 2.206569904595304
1021.633 4.01332665893837
1022.643 2.4574489976095464
1023.734 3.9708858924745694
1024.773 4.924919624780001
1025.973 0.6008336607311303
1027.203 4.633883612515519
1028.204 4.77108763650016
1029.223 3.5881956546946667
1030.253 3.0158766721907098
1031.273 3.567401474611884
1032.284 3.2079672973916717
1033.313 3.67974473457895
1034.453 4.53051460620715
1035.484 5.668502458243836
1036.504 6.585645812178758
1037.513 8.632991932555088
1038.694 4.197415620316343
1039.704 6.255219976969564
1040.709 9.552415507816034
1041.934 7.860018117417894
1043.003 7.000289174249404
1044.004 7.973818057207739
1045.014 11.483677271615731
1046.034 8.775892379407752
1047.054 4.083898882919864
1048.064 8.36989351995608
1049.074 6.642519206130667
1050.084 8.646008066354195
1051.094 7.24601798374188
1052.104 8.522969713377169
1053.114 7.235977502237916
1054.124 7.4881417262391095
1055.234 6.145413053973068
1056.245 8.660475760880852
1057.254 6.44776430499095
1058.274 4.3477705471832335
1059.374 1.4472299164050482
1060.384 3.3174738477441665
1061.385 3.0671277663215313
1062.394 3.6062928682895157
1063.404 5.516668493227165
1064.414 3.2769827256134274
1065.415 3.455667153873471
1066.434 2.100482815958618
1067.444 3.152381996129808
1068.474 3.983844175927022
1069.484 3.5688973804868716
1070.494 5.018759369465016
1071.604 5.155661950160699
1072.834 4.412022158528521
1073.844 4.503402851614012
1074.864 4.54481862753803
1075.874 2.5271562749362473
1076.875 5.130148186142088
1077.897 4.244428262195015
1078.905 4.650598076479244
1079.915 5.657646729426265
1080.925 6.435537148897311
1081.945 5.600468268942506
1082.965 6.2393669248488735
1083.985 5.097658652904902
1085.005 3.830295232769274
1086.145 4.948385036852892
1087.245 6.30684540951327
1088.255 5.918205454357004
1089.375 6.247510321529021
1090.455 6.747352928160368
1091.475 7.273747108448302
1092.485 7.708803729074745
1093.486 7.043034130071664
1094.505 4.3275656059121
1095.517 7.985633493799228
1096.535 5.594405827454456
1097.736 4.923370478075935
1098.755 5.718109028630746
1099.765 5.066328208065764
1100.785 4.549545173716929
1101.786 6.020658207964487
1102.795 5.258353293652225
1103.925 5.292518712940607
1104.945 6.4659151727340385
1105.955 5.029211346112585
1106.995 4.373497000125146
1108.436 0.9469334240381996
1109.546 9.318352754331233
1110.566 8.01068085147908
1111.586 6.426391467617383
1112.596 5.120645567021634
1113.616 6.538361716751994
1114.636 9.264109660624486
1115.647 12.274104820672711
1116.656 11.65240545157344
1117.676 12.633487490968946
1118.696 6.800359060978904
1119.707 5.392146941651417
1120.716 10.030002039930215
1121.747 5.729936966957966
1122.976 8.270133637337604
1123.996 12.922132776583787
1125.016 11.715329730734995
1126.027 7.599210655679878
1127.036 10.931575257002594
1128.138 1.235817749029748
1129.146 8.443564377291004
1130.147 9.08778597428602
1131.156 7.62012253344097
1132.166 8.106125132905222
1133.176 6.633877808114962
1134.177 9.428577948321744
1135.227 2.544732656925887
1136.237 5.854423707098215
1137.256 13.633479416016606
1138.267 14.552766301199911
1139.268 11.034302705127015
1140.407 8.786194449952085
1141.417 15.463658300564079
1142.437 13.293574112504862
1143.447 8.22743390124
1144.477 7.838325691486427
1145.506 3.2336000203103064
1146.527 2.7843026935174775
1147.536 3.6062928682895157
1148.556 5.351102211917826
1149.577 3.281487972737105
1150.597 2.2296259216324277
1151.627 6.955134064276689
1152.647 5.801346481545719
1153.656 6.157537473508312
1155.157 6.312455579432862
1156.167 11.17357453139494
1157.177 9.280779169840287
1158.217 8.577473036484477
1159.237 7.023321653142147
1160.266 4.541337985056836
1161.267 8.406202026214567
1162.277 5.7184962657815195
1163.287 4.067958690651115
1164.297 6.867689348711369
1165.307 5.06443533040518
1166.537 6.269968230555489
1167.567 7.155849565593161
1168.577 4.6827324351971065
1169.767 5.962712630771633
1170.787 6.354433876652419
1171.797 5.133155019387229
1172.907 6.947689614104351
1173.918 4.498948447210832
1174.927 3.3143360443399073
1175.937 7.457114992411286
1176.948 8.779526882071666
1177.988 5.395176411603924
1179.007 5.914307032553927
1180.118 2.7877673719761717
1181.127 1.9158430862788054
1182.888 0.1291435797879089
1183.907 2.678176769458382
1184.917 3.3771406435669036
1185.947 2.4287769748267802
1187.077 1.509437017742307
1188.207 0.9056622106453842
1189.389 0.48213583952656563
1190.397 7.04632281967653
1191.447 3.140587369613676
1192.577 1.3410597597690057
1193.597 5.128139619754583
1194.618 1.858074279945889
1195.688 1.9128940150080078
1196.718 1.4351863942158247
1197.768 0.9320749064789127
1198.888 0.7106932625203363
1200.158 0.6307261917771606
1201.408 0.3638749504104122
1202.868 0.07788419315291358
1204.018 0.2966371878345751
1205.108 0.8345755743358078
1206.288 0.6745563169684547
1207.308 0.7803690725713497
1208.358 0.5902454987860348
1209.488 0.6037748070969228
1210.508 0.6688877764897283
1211.568 0.9654700924804569
1212.598 0.9935905806109555
1213.89 0.9681270449193434
1214.908 4.514962712239569
1215.938 2.6829344427253075
1217.118 4.514793595148517
1218.328 4.277898751817592
1219.478 4.259822774130283
1220.498 5.067264964657382
1221.508 7.5590834889966265
1222.518 7.356216383199321
1223.519 7.538112528999782
1224.719 6.45532526452804
1225.739 9.528065159256704
1226.758 6.501626499540413
1227.958 7.1115736045979885
1228.959 9.976053943647655
1230.049 7.976663475468337
1231.078 13.248793568102272
1232.149 13.448770139871622
1233.249 12.155083970516605
1234.259 12.875922028689574
1235.269 11.16723750618342
1236.519 13.253240701132452
1237.649 14.29956184522494
1238.661 6.404666555519236
1239.719 2.9018855331643216
1240.729 1.6887760693552543
1241.739 4.390817780323661
1242.749 8.562473247163256
1243.759 11.998128500150804
1244.76 11.431478146601885
1245.779 12.80699041052951
1246.78 13.017439626160444
1247.799 12.166521221150479
1248.809 9.858271454375657
1249.819 9.416654866258686
1250.83 9.62505293892686
1251.832 12.852555537906728
1252.849 10.039834401263011
1254.08 8.100986892327331
1255.089 10.480788648466405
1256.099 6.755104277421017
1257.119 7.023321653142147
1258.13 6.340690436993163
1259.149 6.695441923645954
1260.169 5.908508692325932
1261.179 6.417349063549967
1262.289 4.887874256490953
1263.29 5.67986623392876
1264.299 6.4237091716406995
1265.4 4.137302237665594
1266.42 8.361097206121604
1267.439 5.435723239108132
1268.449 6.755104277421017
1269.47 3.1184190167395753
1270.48 2.1465911291351403
1271.483 2.154045381916074
1272.491 5.753231172783674
1273.5 4.674522026346674
1274.511 4.836369580751645
1275.951 0.5527614264047059
1277.22 0.6272470086861912
1278.221 11.91061306136459
1279.23 10.090798918055164
1280.231 12.044388858190016
1281.27 13.549609115829917
1282.48 11.69025327496358
1283.51 5.947420810533266
1284.521 6.827844896693545
1285.53 9.241125474991884
1286.56 6.147075058131668
1287.57 6.304763992259616
1288.58 4.780009887145347
1289.593 6.8473506833153825
1290.61 4.741714781477147
1291.74 5.532174941196184
1292.76 5.351102211917826
1293.78 3.456134699434934
1294.79 4.053062566452611
1295.81 2.675551105958913
1296.85 1.6792246340027286
1297.88 3.6431654622401703
1298.91 2.5716334376350414
1299.92 2.702041710968407
1300.93 2.3813223960426066
1301.98 1.8410339752907758
1303.09 1.0244227207500343
1304.1 1.0132656416131527
1305.131 0.5514593695599117
1306.38 0.474574153360819
1307.941 3.6080600665979556
1308.961 9.045875956833491
1310.061 7.856013147411134
1311.071 8.2227428566029
1312.08 6.321392474308473
1313.091 4.555103085175837
1314.112 3.9984052101381256
1315.131 5.670732598050919
1316.141 7.25169661672363
1317.151 6.481871502067244
1318.161 9.528499246290547
1319.181 9.149696988418276
1320.191 9.965918583942747
1321.192 9.29372264475595
1322.201 10.926961943757343
1323.211 11.70884741419643
1324.221 9.095277159103116
1325.232 7.6072679829427905
1326.241 9.01573217072379
1327.242 6.384119823547911
1328.261 9.596800090559201
1329.272 4.902390333732462
1330.291 8.261056163905907
1331.301 8.839820973953081
1332.312 9.40758732045331
1333.411 9.187743749811936
1334.413 11.348395409506368
1335.633 10.230753485455965
1336.641 14.552290613511648
1337.862 14.405161625028441
1338.872 20.603068046134105
1339.882 18.860468411995306
1340.891 16.79180116797306
1341.904 11.085753099733864
1342.921 16.34034902802663
1343.922 5.793463558607337
1344.932 10.020071344841176
1345.942 7.659420296455646
1346.952 11.37109220032538
1347.971 9.48520939183177
1348.972 5.4621380282948255
1349.991 7.2533954172831185
1351.113 5.119169860299739
1352.142 3.9172362174595974
1353.152 5.178913279356113
1354.16 7.21974107957167
1355.162 7.429134143993734
1356.172 11.70884741419643
1357.192 7.748764999427667
1358.212 7.580728133550253
1359.242 5.740745576863299
1360.252 3.9822854017525366
1361.262 8.556465418066622
1362.282 3.567401474611884
1363.372 1.876193608861831
1364.432 3.432782551041624
1365.462 2.3183780214255627
1366.572 2.0832175196304976
1367.622 1.0829611619357504
1368.782 5.438544721264969
1369.873 7.983980399550932
1370.982 7.559081930583999
1371.992 10.551064678149173
1373.063 9.364382303898767
1374.122 13.3338236289523
1375.132 14.944516027391908
1376.133 13.109612893991745
1377.393 12.190899605258101
1378.403 14.157243518646665
1379.404 19.199110416399606
1380.405 13.147893863784745
1381.422 22.764154114229335
1382.423 21.9854833912458
1383.433 23.333914417154865
1384.443 24.78287111681708
1385.453 23.37177197036653
1386.533 20.903263659758576
1387.535 28.257504569670854
1388.553 21.498064971157103
1389.563 24.65613061258671
1391.437 0.7267188684262447
1392.443 62.13676638032255
1393.563 25.075315571687916
1394.564 35.91070514707451
1395.594 21.079501917518243
1396.604 31.062863101431667
1397.616 29.88132784620706
1398.618 33.028476183644024
1399.623 37.72838140578268
1400.624 45.43892987143008
1401.633 23.48662487336606
1402.653 27.75355507391669
1404.894 7.585468425397309
1405.914 50.67183472481884
1406.923 20.51079068839662
1407.934 18.566459029400804
1408.936 21.33498336987197
1409.943 16.20466649612709
1411.123 17.387153989629258
1412.124 23.628243533143646
1413.144 19.659878521510496
1414.154 24.759569806681334
1415.164 24.395324990569815
1416.314 25.53154251851725
1417.334 22.630703104569136
1418.335 18.731683997820877
1419.344 27.49798312070756
1420.364 24.11320876123351
1421.374 21.986514718934387
1422.375 24.877814104607975
1423.384 16.48410965063339
1424.394 18.689121834198147
1425.396 14.758803915940696
1426.524 20.891113041534762
1427.534 22.211931758601253
1428.536 20.591945521312407
1429.544 17.8926742900843
1430.554 19.550298870734863
1431.555 20.463794082229068
1432.574 17.41638778844693
1433.585 17.809702202567795
1434.594 15.938091075820184
1435.595 17.885599830313566
1436.714 18.330299392819484
1437.724 18.463951691617453
1438.734 12.942289349234926
1439.964 15.380006356102625
1440.965 17.79973752496441
1442.054 16.107963415410527
1443.104 17.383347417104215
1444.106 22.35633895672754
1445.115 18.69231141143626
1446.124 21.75045386187114
1447.125 16.552325966980813
1448.126 15.90279506520025
1449.144 17.547148831289636
1450.155 18.29375046232089
1451.165 16.74324359911844
1452.175 21.16599340258586
1453.185 15.69146201206385
1454.194 14.489757858591611
1455.214 15.272937563182127
1456.344 13.764712110526874
1457.345 19.99312914342924
1458.355 17.810085908428974
1459.375 21.404408847671306
1460.376 18.049518776889233
1461.385 19.06575269491466
1462.386 25.672995377358
1463.387 16.26127434198198
1464.395 16.244087579754478
1465.405 13.377624819572477
1466.595 15.073444717562385
1467.604 18.36955429784972
1468.605 12.890639103657385
1469.615 20.265312832263056
1470.625 21.09768520874741
1471.635 18.368814014415953
1472.685 19.535495234968636
1473.925 23.60779297440336
1474.926 31.506649802298984
1475.935 27.836073077109702
1476.936 19.042498900066423
1477.965 16.023404947008554
1479.035 3.633286756088553
1480.045 19.0268770480692
1481.055 10.808166843873629
1482.075 6.467219047542011
1483.105 20.05345323998269
1484.106 23.57875230104684
1485.156 21.862595111888467
1486.157 24.19623015653652
1487.165 12.766651526602782
1488.166 16.812404052429134
1489.175 14.584742683087633
1490.185 12.609527984519232
1491.196 12.034687096288977
1492.206 12.020843032077805
1493.216 16.437420408391144
1494.226 8.727811995863778
1495.227 16.471612078393406
1496.236 11.244291990555842
1497.245 14.650564777426158
1498.256 5.584632187075947
1499.279 14.29918110569376
1500.336 13.258630468104997
1501.406 14.490032332251813
1502.596 15.11772989407601
1503.606 17.788441263875345
1504.626 15.25460182369502
1505.636 16.73904634865367
1506.676 16.72399037441861
1507.686 14.523474196455188
1508.696 10.939186897597487
1509.697 14.864641736887716
1510.717 15.197801777372732
1511.726 19.314130184815358
1512.738 14.569269377134587
1513.746 15.753684160070032
1514.747 17.100383235166923
1515.766 15.62963145443693
1516.776 16.324835337100794
1517.786 13.567817874946746
1518.826 19.076023812278308
1519.827 20.77701711489543
1520.836 17.61873756718473
1521.837 22.030241401481
1522.996 21.58741228946952
1523.997 28.626525819000957
1525.006 26.080460245509784
1526.008 25.306921763199195
1527.076 20.114516815115234
1528.087 25.531532437921477
1529.097 17.87773571003765
1530.099 26.695371299465176
1531.23 22.538938193133742
1532.237 22.550582781463177
1533.407 23.312103064312293
1534.417 20.940823260005157
1535.427 17.13218880885396
1536.428 20.788310416179264
1537.437 15.910987860504322
1538.447 23.642864970973562
1539.577 18.518408886091148
1540.586 21.863150514005188
1541.587 18.857155896643487
1542.597 14.222588947451154
1543.607 19.139462119359553
1544.627 14.573979173933541
1545.648 19.712863070103744
1546.667 19.77095598681328
1547.687 15.322321821534075
1548.688 22.151478312322173
1549.698 18.76129808238648
1550.787 21.664620772416843
1551.788 26.808968624143752
1552.807 22.178406655632646
1553.838 20.48445814313498
1554.847 23.891690252418044
1555.848 19.590971363152676
1556.867 22.390529559162328
1557.987 21.400357522375103
1558.988 25.786592702036575
1559.989 20.97714105676339
1561.008 18.45398551345639
1562.027 22.605867611036473
1563.037 16.153324161246193
1564.038 18.516363922607763
1565.047 23.215510339613758
1566.048 21.140644808438914
1567.058 20.316614202861
1568.059 28.058539195608084
1569.067 18.167851053408164
1570.068 18.440715411802074
1571.08 23.371414799087738
1572.097 20.002938298176286
1573.188 18.285777538119525
1574.198 21.616333687747257
1576.668 3.893442100873182
1577.7 55.74209310555062
1578.719 16.403832712932587
1579.728 18.594947602117816
1580.738 21.728918759037608
1581.748 12.722113055809585
1582.767 11.671304524136243
1583.768 16.471612078393406
1584.769 23.17385423442935
1585.788 15.894432436288177
1586.798 18.689121834198147
1587.818 12.177911258564
1588.828 15.649324909358691
1589.838 14.977435638880314
1590.839 19.19794787067921
1591.848 14.53473766273283
1592.868 17.563271121294644
1593.988 13.087636108933657
1594.998 18.013611406456047
1595.999 15.697190550650431
1597.108 20.55324960180148
1598.109 24.877814104607975
1599.129 18.52170463159581
1600.138 20.412098737185666
1601.139 17.36793482881778
1602.289 17.194620852041727
1603.298 18.387778062034098
1604.299 13.539173537677614
1605.448 18.837880229490988
1606.459 24.181847903758225
1607.487 21.040321823167123
1608.488 25.117879795869495
1609.489 23.370407500156087
1610.491 26.895697120530087
1611.509 21.088660449244284
1612.51 19.13035414093626
1613.689 18.30954586978323
1614.699 20.377897903553404
1615.739 14.158876837832052
1616.749 16.662590550971842
1617.75 19.652337169393512
1618.76 12.08215580847496
1619.769 13.636294908219732
1620.779 11.934017556777132
1621.78 16.114627503252184
1622.849 15.469870837908953
1623.86 12.37210822982979
1626.169 2.9548095799892717
1627.179 22.198599315948446
1628.18 13.290222675553077
1629.189 16.115621255168776
1630.2 13.98883561042105
1631.209 12.890832916142982
1632.219 9.270491791250159
1633.229 8.669050489356973
1634.269 10.206664609045715
1635.27 12.154913740607547
1636.439 7.5284089020821146
1637.441 11.234911455411302
1638.639 4.6509475610679765
1639.649 2.364286497097356
1640.893 2.145603820235659
1641.921 2.6350812037539804
1645.229 0.2062471378535438
1648.832 0.6312013433430685
1649.912 4.316803520493894
1650.952 4.154822150118888
1651.972 4.570733139346475
1652.982 3.0442410723903928
1654.421 3.0683519997901194
1655.432 5.573450590058025
1656.453 3.613976048770011
1657.932 1.3839057444615066
1660.393 0.5041362274346965
1661.422 6.246510676256692
1662.423 10.785268804022445
1663.432 9.048519647002555
1664.442 10.0980908240687
1665.462 8.401191356466748
1666.642 8.793464302402478
1667.832 9.441683453228547
1668.842 6.755104277421017
1669.852 7.877333833060796
1670.873 11.981692698289978
1671.953 5.907897501009696
1672.962 11.496870890733469
1673.963 11.36072893561786
1675.123 10.001441966426036
1676.133 11.221719463196735
1677.135 11.407377201437354
1678.142 10.275763557394335
1679.322 3.7500005778838434
1680.623 0.08740270715084841
1684.022 0.033454228303399176
1711.131 0.04194581947074912
1766.589 0.0020504340660918155
1772.247 0.020111588610409233
1776.591 0.026176547422480156
1826.726 0.004536189169372845
1827.746 3.9018453628567475
1828.756 9.550143890844174
1829.776 4.105086848549411
1830.946 5.7410318239621985
1831.947 9.60619832660206
1833.126 10.620371349771185
1834.127 15.882865709993482
1835.136 16.81198441342104
1836.138 18.536791511694698
1837.139 23.42488107105459
1838.146 22.361308908984665
1839.157 22.682116203729485
1840.158 22.969993538460116
1841.182 31.832892195516663
1842.187 29.3832607891134
1843.237 31.214218069452084
1844.239 29.92251658914602
1845.24 31.872353470343175
1846.241 33.60255365821071
1847.247 30.416709866187233
1848.317 28.502229581401195
1849.318 36.36144073066757
1850.319 43.044500882316996
1851.378 39.020646760769274
1852.379 45.32151275367021
1853.398 41.46214406050384
1854.399 41.48685569494805
1855.4 35.3373209899798
1856.408 36.09524198039967
1857.457 42.13240405041287
1858.468 50.61317003112187
1860.042 12.85175201261817
1861.047 75.12427473553245
1862.048 47.71087636500159
1863.05 39.921382053317224
1864.052 44.563854657865505
1865.117 32.92865124463167
1866.118 33.05682148146539
1867.119 27.154576859021113
1868.128 43.27551441947419
1869.129 37.65170040234571
1870.137 34.78260676356143
1871.239 43.68348726534053
1872.24 53.95872922232323
1873.241 41.52962076966257
1874.248 38.203441236805766
1875.392 3.876508704656379
1876.399 66.69621657473786
1877.418 42.40110919770972
1878.438 41.35956084628153
1879.44 34.836512901429735
1880.618 37.784249788157105
1881.619 49.5284335598588
1882.638 29.812301138545127
1883.828 34.1977956287072
1884.829 47.82447368968017
1885.838 39.832747029610175
1886.84 38.17092524384359
1887.928 41.02611391426159
1888.938 40.64321073581646
1889.939 17.729984781740725
1891.038 29.18558548758545
1892.128 33.30257001008031
1893.178 34.01107609950983
1894.189 24.631742748479308
1895.199 22.60046547319317
1896.208 37.30259185636967
1897.209 20.162279545746678
1898.98 3.916638194352615
1899.998 64.99031415462453
1900.999 28.172136520286656
1902.009 31.858118615962848
1903.01 35.79793821219622
1904.018 31.56294792411977
1905.188 23.432168202879733
1906.189 36.51605931148007
1907.199 36.565787656862426
1908.201 37.4096370517892
1909.229 33.044479449561216
1910.23 33.90332084387284
1911.231 47.71087636500159
1912.238 30.846771105634787
1913.239 30.55768033853673
1914.24 29.905243072455182
1915.249 48.34686376550632
1916.25 41.148804007253254
1918.31 13.59488866225809
1919.311 66.50317881824306
1920.318 25.048535650606127
1921.319 26.43097518705539
1922.488 26.906291800455005
1923.489 36.2375465724655
1924.649 20.284208973047154
1925.659 35.60856765380829
1926.809 29.333688227986585
1927.81 30.21688836450101
1928.819 20.35756278417928
1929.829 17.959705542643782
1930.838 13.29820495181759
1931.849 11.575583877553136
1932.869 12.998763449676131
1933.879 11.116623603519999
1934.889 9.344560917099074
1935.89 5.665583529363912
1936.921 9.052714178899816
1937.949 10.744339086921618
1938.969 5.942653913859704
1939.979 6.417349063549967
1940.989 3.3775521387105085
1941.999 9.119390774518374
1943.184 12.026739045616427
1944.189 13.80371391482285
1945.211 9.424101237282004
1946.219 11.51788882257387
1947.229 6.321223798003819
1948.43 15.689713654512822
1949.44 22.40442918677971
1950.441 18.83722654143672
1951.449 23.250828485617568
1952.46 18.62031886934431
1953.469 17.16432621252727
1954.47 17.995211283950788
1955.471 27.263357922858052
1956.472 26.160018995223385
1957.473 26.29719939022997
1958.481 34.408969989626634
1959.482 32.764441232786105
1960.49 25.273876593086637
1961.86 17.96709743715774
1962.861 29.76249906578671
1963.881 25.958468931171062
1964.89 35.61214207435897
1965.9 27.336939174145098
1966.91 32.08674531774983
1968.962 1.4961963421480764
1969.971 69.1833873212553
1970.972 27.093211052780276
1971.981 27.061613116062787
1973.29 15.926407443403562
1974.3 25.89456639678057
1975.301 21.15359888932331
1976.41 17.325656831258428
1977.411 24.082632831857946
1978.42 14.901496065730477
1979.421 17.834779974536307
1980.43 14.67165420940446
1981.44 21.503748616456907
1982.45 19.38899277444167
1983.451 24.19623015653652
1984.452 21.60981504559823
1985.461 20.113057182180846
1986.591 20.25823365917307
1987.601 25.669396254199867
1988.61 16.937285296385873
1989.611 18.824936772392547
1990.62 21.52506055760305
1991.621 16.51960860884971
1992.63 21.186970601200905
1993.65 7.869780880042586
1994.66 8.331295275485921
1995.68 10.357826558712226
1996.701 9.641665730797513
1997.721 11.705536088570243
1998.74 7.4765768147379825
1999.77 8.653486384692346
2000.79 10.142698692064263
2001.8 5.967008778388566
2002.81 8.218710204195572
2003.831 5.352374160310323
2004.841 5.178913279356113
2005.87 4.343512201887266
2007.011 4.320086633835967
2008.021 7.76836991903417
2009.031 5.977131558921251
2010.061 4.636756042851125
2011.091 3.560420258418905
2012.122 3.088172469535506
2013.251 2.2057152944795893
2014.291 2.6240982000750877
2015.321 2.649574881629215
2016.371 2.490810672452226
2017.541 1.5596390455449531
2018.581 1.530723950043801
2202.317 0.001237764205199349
