0.0 71.78622357269012
1.002 56.019517095291555
2.03 35.399868168486634
3.05 19.217220945883994
4.09 30.413855144611595
5.1 40.418230543082466
6.101 58.15729314847679
7.14 46.62479127003292
8.151 69.46851591873083
9.16 87.32082109964458
10.161 63.91288121333478
11.34 57.58930722921889
12.341 49.6493719050778
13.344 80.20038728142755
14.47 44.37749594967474
15.48 74.38648049280263
16.73 40.041567073060584
17.748 75.62787348992293
18.751 86.47061146895052
19.752 66.48701809561
20.771 82.13293853478237
21.772 64.05223985528622
22.773 92.52614226810554
23.788 65.51456813515499
24.79 76.37029785548489
25.87 75.90656231439014
26.871 94.65155193852347
27.872 62.403924114827745
29.009 81.86593268624036
30.111 78.37692251165397
31.29 79.37970737845573
32.44 75.92764481098202
33.539 42.09851242070865
34.55 77.15183608536984
35.59 61.17110464230224
36.6 80.67023030852765
37.67 63.64591824479274
38.671 78.33726217794279
39.672 62.37879386791847
40.68 77.1207720775567
41.681 78.13279335081731
42.682 57.619277407828186
43.69 77.83371194690476
44.79 67.86789089475624
45.8 85.45563891515224
46.801 83.49429345277981
47.929 66.72959816006953
48.93 84.31540523247459
49.931 58.77545914631332
50.94 73.86979210071634
51.95 62.56635896603043
52.959 54.04182520115059
54.069 59.58967537286354
55.07 57.54179247985792
56.079 45.29773496769008
57.169 39.800674090194
58.18 73.02244902503669
59.181 75.92666228123626
60.258 64.53881993905492
61.26 58.366521492062354
62.269 69.22148303990838
63.27 72.37815718925135
64.271 72.4807723641309
65.279 37.063042160433945
66.289 45.9536846393079
67.299 50.41509667336332
68.31 50.2387482422219
69.319 71.52533391649752
70.32 63.729544639292094
71.329 78.40769376693677
72.359 59.59267403724972
73.449 69.22851407349783
74.451 69.53712790396786
75.509 39.23169621159084
76.51 42.42632972524479
77.689 74.55837323669
78.69 87.40147570519713
79.749 75.9154760243066
80.769 85.64561430410187
81.809 75.41079257067646
82.949 76.89608293183554
83.95 88.30311850339663
84.959 57.01284878324965
85.96 66.5978196388009
87.159 74.10972342239009
88.16 80.55519684834486
89.162 54.50940327278417
90.338 74.5189480303628
91.339 65.71293033854091
92.349 64.90981669390193
93.353 76.32465020329647
94.4 64.6401675131324
95.409 93.38981931389604
96.41 54.90178388977503
97.419 76.87529947890648
98.459 69.94341940481748
99.469 66.3298539612096
100.479 46.222345129801916
101.589 36.82502048599158
102.59 65.10675832218382
103.599 43.98281368528201
104.799 65.29583154141585
105.809 84.51806713980655
106.81 84.24267982096441
107.811 91.89103239167109
108.969 79.40064995033222
109.97 62.7808778184669
110.971 76.33826526470487
112.049 57.14320337425304
113.05 82.09099761968679
114.059 69.31667412384023
115.199 72.28810864083164
116.209 81.7555418101957
117.21 67.70869078058597
118.219 64.79018698592127
119.271 65.1171458311303
120.359 72.29385932843647
121.36 78.69917580956806
122.419 84.72907166183286
123.42 78.99978686918736
124.429 64.6353126033337
125.43 48.715174014291286
126.431 49.214352100625554
127.438 66.14858915652385
128.448 38.001451707031315
129.629 45.130642969468646
130.639 55.75391603005612
131.649 49.03656992941573
132.65 54.59450950711161
133.739 44.77789431051362
134.752 62.870759102042605
135.759 46.31425063520052
136.769 58.05435376099086
137.779 63.61846204901042
138.788 49.960239722668604
139.789 61.738924475023936
140.928 51.013139933076374
141.929 58.22792437274454
142.938 56.61980781963414
143.939 67.43987329092008
145.18 46.425623540197115
146.298 48.55572799914967
147.299 63.293001789572614
148.438 52.53887944598816
149.458 65.57437353512722
150.459 67.11812997821797
151.46 94.73075029241936
152.469 96.75078228724446
153.502 72.00688891923379
154.505 101.40507289701884
155.669 84.08881610281836
156.67 74.78723404069065
157.671 75.20702339247062
158.678 73.96351572858534
159.679 80.804785891512
160.68 74.63797560450223
162.298 38.576148242070005
163.299 109.16807714179883
164.301 79.27565034322076
165.388 83.7088986926055
166.389 89.58628414103697
167.508 70.45508387842322
168.51 97.10469317235295
169.588 71.82954812482443
170.589 98.0905881519263
171.602 75.63582058724887
172.603 80.38594844302405
173.608 71.96455454585228
174.622 73.3760520549399
175.628 75.76808995391066
176.629 73.83780569723183
177.638 91.77024878866634
178.648 73.06738927093873
179.65 80.56038823629852
180.655 73.30215465485075
181.829 84.674413694172
182.83 97.87640991122224
183.832 77.18678634919071
184.839 103.72798688313813
185.84 87.0420370221311
186.957 50.578782156925605
187.958 70.34888975132725
188.969 71.45320678943703
189.97 73.04601253893122
190.978 79.81236233558697
192.048 71.63440685698765
193.05 77.64837907554153
194.058 70.83287308136269
195.097 83.95177011260515
196.098 100.41665903630161
197.267 82.52997551782754
198.388 80.46704873536194
199.507 86.83227190376694
200.937 64.10743120815742
202.017 75.92226677964618
203.028 92.58020246610339
204.03 89.32893832104416
205.037 68.20342564325212
206.218 73.2338200761922
207.617 63.00177748982133
208.618 46.09801110321684
209.627 44.87598558193639
210.728 44.337624442261976
211.738 66.84118813532648
212.739 67.34315991645104
213.747 69.2769210461639
214.751 95.92917131732153
215.757 99.5059292519445
216.837 81.61645884495287
217.838 74.79446850570999
218.839 71.84718553296368
219.84 70.85492154136405
220.978 71.5674633135467
222.087 64.98438063928315
223.088 65.71159767393209
224.097 31.260072026911892
225.098 48.8851839422457
226.099 49.90714731655629
227.107 47.75846361064853
228.108 37.86442838857746
229.109 61.46153985572987
230.247 64.05665340759728
231.249 68.84920829489867
232.387 46.23893110077889
233.388 59.54021825112063
234.389 60.619295822952296
235.397 61.60076496680285
236.398 53.05737607116085
237.408 53.2283780519917
238.409 66.62047493715093
239.417 64.51982929529244
240.418 46.923501638054894
241.419 75.42843609819401
242.427 75.08272068758792
243.457 58.29362512649157
244.467 78.49055046373122
245.478 42.43702248976123
246.479 80.3990847084539
247.59 41.95684725170746
248.597 56.888199231576905
249.599 60.55651523583483
250.607 68.2788808525048
251.608 65.45648759167125
252.616 72.3667052638132
253.618 95.06087035409122
254.619 79.27964643704067
255.628 76.60502479417134
256.629 81.68986557243038
257.637 83.15457635500134
258.639 81.73079741398715
259.64 45.844233685564824
260.647 62.6064658813265
261.656 53.43978345423558
262.657 52.77827802594116
263.667 75.96248497763125
264.668 71.91515142801377
265.677 66.08244372453603
266.678 78.45682123142025
267.679 100.40961495194068
268.876 83.20242334860723
269.977 85.37738330119194
270.978 110.87940888018889
271.979 100.58781124820646
272.98 93.49746438728077
274.127 87.66550247390096
275.368 5.671983802413043
276.417 147.4689204312262
277.419 52.000408115792055
278.517 53.88352738986883
279.518 57.66553990782026
280.526 54.916032031133476
281.527 58.338725915935434
282.536 38.75995843931383
283.726 28.695834745751544
284.727 49.22329999157052
285.728 69.93861943246748
286.729 53.44251614311136
287.737 93.70423364736195
288.738 99.75870348085873
289.856 84.43508359343717
290.861 98.86560034443121
291.867 97.4077793013379
292.877 71.98151171667942
298.49 0.5562650817730365
300.117 42.41628752580726
301.119 64.32886295194666
302.208 61.403248759593204
303.209 81.50652899838771
304.21 74.67871706540059
305.217 77.64965544938964
306.219 75.9388466433741
307.227 78.962391612778
308.228 31.650022936966774
309.237 62.895053382404654
310.238 68.17893100684289
311.247 71.7248514169724
312.297 72.35365266010602
313.438 76.29539107324058
314.448 75.76274302638514
315.458 74.29874234115528
316.46 70.00011238513184
317.467 75.99810285962378
318.468 71.67127380459875
319.469 76.45706279554874
320.477 75.93934507051449
321.487 69.46352110649863
322.488 69.09770806429871
323.489 69.17062385646732
324.497 60.03063353881671
325.498 58.6954992697838
326.507 56.83077694811013
327.517 58.42436347148651
328.518 63.02665924846596
329.527 46.30196312893165
330.537 53.17271621384981
331.538 39.650770106378545
332.547 36.48727131044046
333.548 46.358451843912974
334.556 34.346313683580036
335.557 39.06611110442105
336.567 33.81371759230256
337.577 21.165838492891677
338.597 13.982496070943274
339.617 18.913615123848924
344.117 0.4634687669988204
345.137 104.45815204350711
346.138 46.09801110321684
347.147 51.67515984872873
348.157 40.41407949074646
349.357 40.91909588899741
350.358 53.12991110201263
351.366 49.05030082286158
352.376 33.29747762906129
353.386 18.988611542657427
354.396 34.84619751878507
355.416 26.15554783028181
356.436 17.380078762455764
357.446 24.26327827233924
358.456 14.97284577596746
359.466 20.391478548029784
360.617 21.09107689180773
361.647 12.402289213985423
362.656 10.076656170502103
363.666 22.995446132684286
364.668 37.035826782980216
365.676 50.56333656255732
366.797 50.02923277741503
368.006 44.155262462569844
369.076 43.31929063164354
370.077 39.06611110442105
371.096 31.042300010196964
372.097 17.189088885945264
373.106 14.281306786556193
374.117 12.119639493107135
375.127 7.743599448618905
376.146 10.23360869231939
377.156 22.198318419374196
378.167 17.31915634917699
379.176 23.77057353041522
380.186 24.6161177208996
381.196 19.10087863992663
382.206 10.324799264825206
383.226 9.967986349055513
384.306 10.219195515034755
385.326 13.546237858972875
386.327 10.417629627845614
387.356 11.654280219722525
388.366 13.93847900751403
389.386 10.479165136186563
390.397 7.189674156185336
391.406 9.559904572014815
392.426 12.52388028471077
393.476 5.2140236287367285
394.516 5.264158471320737
395.527 6.96234609178495
396.556 6.080494027681317
397.576 6.1341454455726225
398.586 8.517959393480796
399.805 7.720862925476401
400.816 14.18255685363601
401.826 22.198318419374196
402.846 20.447151485242077
403.857 15.962727865408183
404.876 15.862093473095056
405.896 15.079774220366032
406.926 13.42775764446291
407.936 9.034199356722056
408.965 5.827140109861262
410.176 4.787408877245763
411.186 6.711119522136385
412.195 8.52640137504024
413.196 8.594544442972632
414.225 6.840555781141481
415.255 9.871209782559827
416.266 7.993804772049387
417.276 9.808559301583948
418.336 9.591835920789267
419.366 8.60567006684703
420.376 6.116764301299407
421.395 10.489448909627376
422.397 16.1473259231607
423.415 19.719048104750893
425.02 1.9453681644810301
426.025 33.060756876081896
427.045 8.17886059409683
428.046 9.115425924364912
429.055 18.086305947055056
430.065 17.55215875020285
431.075 16.77779880534096
432.106 6.702148695780408
433.146 8.280210767483737
434.168 7.142498121557163
435.175 6.990001885595416
436.195 9.712396955489986
437.215 6.645324232703675
438.245 6.587201863321427
447.531 0.22459718409376395
448.551 2.5558939356552597
449.591 2.5067421292003504
450.661 2.436459639596603
451.681 2.3003045420897332
452.721 2.5067421292003504
453.811 2.6309293539497256
454.821 2.5811998162063015
455.831 2.3230798345856716
456.881 1.9862947157092303
458.131 1.6684875611957535
459.211 0.9655599312475425
473.46 0.10977662212232568
474.62 10.59476405957702
475.64 13.035059071841825
476.65 9.292319338342686
477.66 7.485479466998276
478.689 10.640864548442305
479.719 7.84634623741935
481.589 2.0911859473543033
491.369 0.1599393751146236
492.389 4.856198477744993
493.409 8.17886059409683
494.489 5.069189639049599
495.549 5.164834726578836
496.569 6.9009136262692
497.629 4.672945704999898
498.749 3.0259958559632807
502.96 0.7414666122042396
506.369 5.127076710539327
507.449 1.931119862495085
508.489 3.509438980880491
509.759 1.84748868734766
522.435 0.04113303588463813
523.446 14.440421523702119
524.505 12.972867050028952
525.525 7.667681806965779
526.605 5.310579621861484
527.635 3.290403260853276
528.695 2.705389618684152
529.984 2.831510116459046
531.044 4.672945704999898
532.074 6.580806521706552
533.084 5.162399632412603
534.094 6.452999540515753
535.135 6.761702112194605
536.145 4.388039687550712
537.497 0.19282631763079622
538.525 5.832808534092645
539.535 7.485479466998276
540.555 9.712396955489986
541.565 13.93847900751403
542.585 10.223575742621039
543.594 7.75896373323918
545.355 1.9245402377506382
546.394 9.283872678693887
547.395 5.469255554618947
548.434 5.596442294379404
549.734 5.013484258400701
550.775 22.03814021752316
551.805 4.049727090280955
552.844 8.531126245286275
553.854 8.259839411860167
554.865 13.151098173371572
555.885 7.923271200531305
557.606 4.847436261463549
558.634 6.086408905140151
559.674 9.149792012964994
560.694 12.268290891145245
561.717 7.390356072011983
562.725 9.052124355445711
563.765 5.514832684240772
564.814 5.4727347248190865
565.824 30.44985572656235
566.914 31.11273273875395
567.915 43.493603696255434
569.064 32.15508956831324
570.074 32.00687772095814
571.094 14.824184826800504
572.134 4.762810045480666
573.145 6.188752081586622
574.185 8.773597452201228
575.194 7.234522378822022
576.214 9.456807561924462
577.234 5.3959629207353474
578.264 8.09945418056191
579.284 4.6006090841794665
580.305 3.064068733831575
581.334 4.560370520760988
582.374 4.512135832560632
583.384 5.936759577274493
584.404 7.156503019834727
585.424 8.698567388471481
586.444 10.223575742621039
593.735 1.2514800919337918
594.895 0.6742271933711288
596.055 0.6742271933711288
597.375 0.3950017900558128
598.575 0.43450196906139404
599.755 0.441866409214977
600.895 0.45737049374883587
602.075 0.441866409214977
603.375 0.4010787406720562
604.555 0.441866409214977
605.695 0.45737049374883587
606.855 0.44948479558075255
607.934 0.7248410976001014
609.254 0.7900035801116256
610.315 0.737138119048548
611.636 0.5920541592055332
612.855 0.42772958398168415
614.055 0.43450196906139404
653.058 0.0066841315139049935
654.465 0.3708409408774346
672.65 0.0663880963683181
673.651 34.89905925328281
674.711 48.414392689705785
675.721 49.04279650791974
676.735 40.94834121383809
677.741 46.90548095434135
678.79 40.19759072561861
679.791 60.161811100808414
680.792 46.92140745081246
681.871 46.28898125353864
682.891 55.2073090101536
683.892 51.96649489850816
684.901 50.71059463912545
685.903 47.37915551386706
686.91 56.437793002214846
687.911 47.933471030886054
688.92 36.06571079588504
689.921 49.22329999157052
690.93 36.77548875901195
691.931 42.451840733470874
693.09 13.703999624155534
694.091 57.296962953150874
695.092 36.42648327565498
696.101 35.55745840132024
697.19 42.11409967635201
698.191 48.441977769482094
699.2 36.57660738722573
700.21 46.17743829089423
701.23 58.529971126505444
702.231 39.856000456137636
703.24 24.804076727389795
704.241 10.157188887149472
705.272 11.94294469047033
706.29 7.893347605157034
721.455 0.3094376040793311
722.475 2.3003045420897332
723.515 2.5067421292003504
724.555 2.5067421292003504
725.585 2.5310794314255967
726.595 2.5811998162063015
727.645 2.7311552341001915
728.735 2.6309293539497256
729.845 2.583525221446127
730.885 2.5067421292003504
731.935 2.4828683946365375
733.035 2.6070118143683643
734.125 2.6309293539497256
735.135 2.5811998162063015
736.165 2.5310794314255967
737.215 2.4828683946365375
738.225 2.5811998162063015
739.275 2.4828683946365375
740.305 2.5310794314255967
741.374 2.438738834769284
742.465 2.628517869665629
743.485 2.5558939356552597
744.486 8.931137447030215
745.497 28.10724903720591
746.606 26.782190525708153
747.614 37.76029016843068
748.615 30.8131095626245
749.625 44.912876801989654
750.626 55.73431850897403
751.635 60.65504097083329
752.636 69.0068964902402
759.281 5.839378879338219
760.283 30.701336736074552
761.291 66.83919983816229
762.422 65.64641527540488
763.441 62.93669345776426
764.442 42.78976640213728
765.532 42.00273118834637
766.542 46.719716673334055
767.552 32.032538771762525
768.721 36.202465660922876
769.722 50.78594443574737
770.801 36.52535047468113
771.802 43.754044436951574
772.961 28.353484757356117
773.971 37.427397334991376
775.071 38.27220852842532
776.081 23.230798345856716
777.111 6.833914464849111
778.141 6.833914464849111
779.171 16.45201630426638
780.191 15.590953007497083
781.221 9.11965681103565
794.201 0.5021209195624738
795.361 0.6742271933711288
796.681 0.7900035801116256
797.851 0.891286090382347
799.958 0.7423858987285329
801.041 0.9628852499975492
802.201 0.8989695911615051
803.481 0.8146911919901141
804.681 0.8690039381227881
805.921 0.8409715530220532
807.121 0.8690039381227881
808.521 0.7448605183909612
809.588 0.7329930124747042
810.908 1.1850053701674386
812.008 1.4220064442009261
813.328 0.987504475139532
814.628 0.6016181110080842
815.668 0.5013484258400701
816.908 0.6307286647665399
817.948 0.5013484258400701
830.183 0.02130782030542186
831.263 1.4483398968713137
832.362 1.8977338048177357
833.423 3.194265182543708
834.503 2.1725098453069704
835.8 2.211035463226832
836.921 2.3256126800788266
838.123 2.1688950202731823
839.124 2.6044074069614034
840.223 3.3210341584310377
841.643 0.28344086936547574
842.7 2.219783001827368
843.701 3.6461703697459646
845.003 2.402775865777295
846.082 3.140978089600439
847.104 2.5508921862704157
848.263 3.149108317614936
849.281 3.329189939763138
850.283 3.122169837566904
851.302 3.0700826076958174
852.403 2.3678581420239464
853.5 3.0894397070910427
854.664 2.2397008714504856
855.744 3.379459759366399
856.782 2.5115720754993878
858.12 1.948439323145265
859.2 3.620849742178284
860.262 2.209332046074885
861.35 2.396150564676806
871.171 0.31792240138397854
872.263 8.130099396977474
873.349 0.9602253459920311
874.438 0.5157142810980331
875.441 2.3392927546675257
876.641 3.041513783429759
877.678 3.2681922455919707
878.68 3.6425314771613877
879.681 4.427492591834386
880.78 2.846600707226604
881.801 1.5320343669157874
882.82 3.3259228250038024
884.26 1.6293823839802282
885.502 0.41980866575980114
886.66 1.3507833235069246
887.681 1.7873734280684186
888.741 1.2297225539473418
889.858 1.400364448183544
899.303 0.027602030856202907
911.538 0.06392346091626558
912.658 16.628003769014597
913.659 41.410077770686314
914.66 45.51449438520977
915.668 52.99765471628996
916.679 50.14808091305394
917.688 56.29060532103643
918.689 42.86458600088991
919.698 43.04091301947203
920.77 47.42232311584245
921.778 53.6370508017143
922.788 50.08791827560735
923.798 51.1539839891721
924.958 50.139404662594636
925.963 39.9482407375849
927.139 33.08449360287339
928.14 44.014485177647714
929.268 48.52415082116556
930.278 60.65819568084809
931.279 45.500596597146306
932.288 48.57465025780501
933.289 45.764844951010524
934.298 34.62235709864825
935.318 28.626012079338906
936.722 2.2238717264900667
937.728 58.855383823238
938.73 34.60404903303319
939.738 31.009953908798494
940.739 38.80567036372491
941.748 35.218434600412095
942.757 39.27312148503384
943.758 25.392401075898473
944.76 22.895912142157293
945.767 25.273845349287086
946.778 8.767398782247716
947.788 16.261558842099703
948.798 20.133358566409154
949.803 24.81955495700306
950.838 22.69159219469563
951.848 19.875238584788523
952.868 22.499340007847145
953.878 24.26327827233924
954.887 22.73707033344064
956.187 26.81752753958387
957.207 25.04776056942154
958.218 13.151098173371572
959.287 19.532729287134572
960.307 32.971031769952845
961.317 23.488918327477347
962.327 18.584638676685373
963.397 5.3041085180428675
964.407 4.904279650791974
965.417 15.22907891561718
966.419 9.626690332497954
967.437 22.27996344303023
968.457 7.667681806965779
969.467 11.615399172928358
970.478 26.269963262984884
971.487 37.20611509108468
972.488 26.65214989255517
973.497 42.115255276713924
974.507 24.0900661794096
975.517 25.553878180442386
976.567 24.456997060940747
977.568 25.106830088293055
978.587 25.072341296182508
979.597 18.819173133669615
980.598 30.47156666144842
981.607 32.55720924975437
982.608 34.89905925328281
983.617 32.45619332560341
984.627 26.07011814368365
985.643 19.501269477558633
986.647 18.695702254434487
987.657 7.528310779737955
988.658 12.761596294110875
989.677 10.23360869231939
990.687 6.194879558895124
991.688 18.751733330122104
992.697 24.07560051563341
993.707 19.617118603167896
994.727 9.201218168358933
995.737 25.553878180442386
996.757 21.72715363094194
997.767 19.10087863992663
998.797 10.377425668844946
999.807 5.162399632412603
1000.846 6.523802422865974
1001.947 12.948791491579783
1002.957 14.210668958400403
1003.977 24.025402995159443
1004.997 26.5812969308147
1005.999 11.968317710673132
1007.046 7.469947892172965
1008.047 12.781776643901658
1009.057 13.680359025893399
1010.067 17.294038768582222
1011.107 18.299217543162563
1012.147 6.016181110080842
1013.186 4.516478600445676
1014.247 5.405679539689352
1015.417 2.0053937033602804
1016.427 2.054959590519213
1017.647 7.26544276135446
1018.657 19.10087863992663
1019.667 11.873519154548987
1020.696 13.42775764446291
1021.727 4.5515240212056804
1022.847 1.1638445599858769
1023.866 14.853308962020153
1024.867 17.970411108033684
1025.887 8.17886059409683
1027.076 5.560859714261237
1028.086 5.420519614033234
1029.138 5.705163818313263
1030.587 2.15901599533612
1031.607 2.3003045420897332
1043.855 0.3192780634840421
1044.863 2.58632124441306
1045.95 2.638190428523644
1046.993 2.7494851350001928
1048.063 2.680105603556263
1049.083 2.5558939356552597
1050.093 2.839319797826932
1051.183 2.870104749763337
1052.193 2.5811998162063015
1053.262 2.6826127182462125
1054.302 2.757416342120386
1055.353 2.7285566087585167
1063.299 0.032809109166478286
1064.45 19.970387877935703
1065.451 35.54578234987987
1066.452 53.26984088593928
1067.64 42.03487007310561
1068.7 48.810277055757254
1069.84 38.292575618261914
1070.861 41.14542590678803
1071.88 35.53093228486265
1072.889 44.6306418953739
1073.891 39.564411577720215
1074.899 66.91142021209254
1075.9 47.94527463170708
1076.901 67.97522370235103
1077.902 88.46379977908929
1078.903 97.76199113552167
1079.904 45.64833198806751
1080.909 69.27020241248694
1081.92 61.511279674453974
1082.939 65.43880330232822
1083.94 80.18471608709145
1084.941 58.338725915935434
1085.95 64.51405729403953
1086.969 40.84952873224699
1088.154 49.25545713235091
1089.27 67.17424211840262
1090.271 60.682692582200694
1091.279 51.251509759170155
1092.29 69.6234609178495
1093.3 73.97212999599056
1094.301 70.26474150031285
1095.309 78.72436687252099
1096.319 62.22955767422281
1097.32 78.14707190019759
1098.321 94.49296485007325
1099.329 96.0697344814333
1100.33 80.89121871042724
1101.332 89.49402381196815
1102.339 82.78019490611698
1103.341 87.1639980639155
1104.342 79.60005708513394
1105.346 87.22743952971294
1106.35 101.60131709450299
1107.354 84.07393840142485
1108.649 56.66508440248609
1109.65 118.7354667492139
1110.759 76.32138129850532
1111.76 106.6255434488186
1112.81 79.19751241339218
1113.811 96.2989157756899
1114.969 85.56392800206932
1115.97 94.12476865672068
1116.971 97.99863429391733
1118.159 75.64209259645344
1119.161 86.52400650059845
1120.17 72.38469786866023
1121.187 74.20708838944518
1122.19 42.249200357873214
1123.192 87.11093487040422
1124.194 82.71049362212294
1125.195 93.61759458273345
1126.359 86.32671604520554
1127.377 102.40329167954965
1128.379 114.04630639243989
1129.38 94.20625157851741
1130.397 101.67705106627422
1131.399 91.30292715779532
1132.4 73.19241526524361
1133.417 73.20157787262434
1134.419 81.89609722565234
1135.449 76.9966204346948
1136.45 110.08437925069539
1137.451 82.26824201266056
1138.518 70.01637128589695
1139.519 84.86750914184506
1140.52 80.81773177628344
1141.521 97.49793316231585
1142.53 95.08399396244538
1143.531 81.6595950477442
1144.539 71.30854444473573
1145.54 96.50909602256749
1146.541 79.54141984234563
1147.558 99.87721347513296
1148.598 16.29382383980228
1149.628 1.5186476588553581
1150.648 1.5335363613931556
1151.689 6.643991086145734
1152.69 65.2539225711298
1153.691 97.3208791500005
1154.809 75.49306369053627
1155.879 71.51133714858405
1156.881 61.662854291946346
1158.438 33.36143708805033
1159.458 52.15811517974642
1160.459 63.02665924846596
1161.468 46.04434281448111
1162.479 64.73458805028035
1163.488 88.53847371493973
1164.498 73.61061107436402
1165.499 61.464014804289114
1166.578 52.53579041070677
1167.588 72.01547487215582
1168.589 38.3042077094898
1169.59 60.682692582200694
1170.598 42.922723494449905
1171.599 68.75635554378105
1172.6 54.24344757301535
1173.608 71.06673853306876
1174.698 36.5506511130162
1175.699 51.0463851764435
1176.7 33.4493105395393
1177.701 54.95299628688561
1178.708 52.60309492424701
1179.709 53.93198481586705
1180.728 51.41636586119343
1181.729 63.911358168067544
1182.73 91.57937925386437
1183.731 86.72257827732986
1184.778 64.12378734329577
1185.78 92.70605199029696
1186.781 103.78011412831822
1187.782 111.20495980605905
1188.788 96.96712898801891
1189.819 74.15986034047717
1190.827 64.9811286401648
1191.828 70.74335847553952
1192.829 79.77539767152368
1193.849 50.42360226099298
1194.85 78.34164093308607
1195.858 91.67886326244356
1196.859 100.89070687572661
1197.869 76.79767584742986
1198.878 72.31217132852167
1199.879 99.88854308989
1200.881 109.00739586610618
1201.889 102.25138256100743
1202.89 107.81408989923234
1204.068 93.0352282293499
1205.069 101.22653835715059
1206.071 92.708907700173
1207.238 85.91324562793444
1208.239 105.07603527007159
1209.24 102.22755985903676
1210.248 93.77758837271519
1211.259 80.01778219084326
1212.269 96.67970706331364
1213.289 85.37096780663015
1214.29 104.3693422660774
1215.291 83.00958429648422
1216.292 110.06267585563738
1217.294 83.52165677741186
1218.298 100.61391615306812
1219.299 74.86129211680965
1220.3 91.92492014886693
1221.318 78.33800142398019
1222.319 108.13031217284075
1223.329 101.93626011007471
1224.399 89.20345372453201
1225.4 108.72163449784235
1226.401 101.1069793036731
1227.419 84.2168615480804
1228.42 109.90999056759769
1229.428 75.78179432174107
1230.537 93.08424359738763
1231.698 85.58872010586663
1232.858 90.23505842510708
1233.859 105.47316932350154
1234.86 98.4968604769596
1235.868 74.81879492317267
1236.869 97.89183074455292
1237.87 83.34979453305148
1239.02 87.80370053743277
1240.022 95.7561405185812
1241.028 107.75693539248637
1242.038 88.64402447759772
1243.048 84.8371321170876
1244.058 107.98189046907078
1245.06 109.11419941547061
1246.068 42.381826924255044
1247.078 83.62370404559472
1248.218 96.98344062201879
1249.219 113.7168422130363
1250.22 107.80952076343064
1251.222 86.29710904590685
1252.224 106.01113148396485
1253.228 92.81056357649592
1254.229 84.83895204308452
1255.257 76.58805357789967
1256.258 74.33127236381401
1257.265 90.87929758216845
1258.267 90.37293702156069
1259.268 80.2463994204142
1260.278 110.85026763324974
1261.279 102.81735913877115
1262.28 94.86020914013382
1263.287 74.01688318937529
1264.288 63.615316244249925
1265.407 81.40315230087454
1266.408 71.62120369143858
1267.41 59.856803805985386
1268.418 96.63880077863239
1269.419 76.39081032642427
1270.42 87.83097447055569
1271.421 88.16547328737082
1272.437 85.33474768722898
1273.579 5.022264440989845
1274.597 146.41003838837213
1275.667 50.329633312503326
1276.668 68.4959148030849
1277.679 68.62480081404084
1278.68 89.9678069804778
1279.737 75.63037954479775
1280.738 85.69109587009909
1281.887 87.26395492422307
1282.888 86.85241788636112
1283.897 67.66518436610163
1284.907 64.28413989634782
1285.908 58.05562987688926
1286.909 86.80729767031946
1287.918 102.0899821913516
1288.919 87.10105502623622
1289.92 96.9147972056256
1290.927 62.15227472566728
1291.928 50.74920096867547
1292.937 53.48379044343424
1293.947 65.95135346184483
1294.948 55.52775549460611
1295.957 89.36705166178321
1296.967 81.33628552425927
1297.968 74.98313573818797
1299.056 52.0234414630598
1300.058 55.67869543660978
1301.059 32.508830087025466
1302.066 42.97556714847552
1303.067 46.09801110321684
1304.068 67.85528388755675
1305.076 50.174632141613365
1307.897 1.1749065974358612
1308.916 145.87418214960726
1309.917 73.47646320758179
1310.927 67.20610337250068
1311.928 89.85205554016841
1312.946 39.21120809619809
1313.956 44.20266948413874
1314.957 47.05486429235339
1315.958 62.595827818498584
1316.967 68.98633839805287
1317.977 42.56847565313269
1318.979 47.1397740660014
1319.986 39.71958430134349
1320.987 49.74418147296281
1322.956 2.7804595277671744
1323.957 22.137462959171927
1324.966 27.64621051906987
1325.967 25.00231110682947
1326.976 22.842460462079497
1327.996 34.504568131346005
1329.006 29.941917867993105
1330.007 30.732007402144557
1331.016 38.23961828805926
1332.027 23.414225140542225
1333.036 42.37363107595757
1334.037 41.930959252078594
1337.916 3.4157365459720683
1338.917 150.01995882204574
1339.927 65.10963325862141
1340.977 64.99089519188816
1341.986 41.85687947747028
1342.996 28.39319797826932
1343.997 33.23932067332012
1344.998 54.02565209980162
1346.006 66.98572023029827
1347.016 47.60917397842152
1348.017 50.54815899340125
1349.018 52.06644474417005
1350.026 36.71857744498653
1351.036 48.72599574100377
1352.046 54.466712437500604
1353.066 48.03100154900459
1354.076 45.13646757554261
1355.077 38.68039989049534
1356.078 42.90380441652105
1357.085 38.25065440541562
1358.086 38.35161249343229
1359.095 29.713216913019025
1360.096 33.434460848183825
1361.097 30.07348070472647
1362.098 42.451840733470874
1363.106 41.56774071969052
1364.117 37.6344815073458
1365.125 34.91533679957631
1366.126 39.78841532240435
1367.235 41.510290269555924
1368.236 51.323579415079166
1369.275 49.81699373763186
1370.276 49.3647528207644
1371.286 50.794540593713535
1372.296 48.96109625057929
1373.297 33.85729629049824
1374.445 20.179281801723466
1375.446 35.68038147537122
1376.447 55.182214599603554
1377.456 61.4934402199872
1378.465 43.98281368528201
1379.476 43.06339990104025
1380.486 33.14653027138841
1381.737 38.02372084421527
1382.746 42.115255276713924
1383.755 50.383280852510524
1384.756 38.548085332904826
1385.757 53.65079258340491
1386.765 61.813077741472135
1387.766 48.468631061658606
1388.767 71.62120369143858
1389.776 50.78293230806575
1390.777 66.41238887751578
1391.786 49.14447466300828
1392.795 36.95452254096807
1393.796 24.290668205716774
1394.797 42.191399992774734
1395.805 38.87157644581811
1396.816 34.6927884948811
1397.826 50.12490505326687
1398.835 34.576083655070256
1399.846 42.54767056090803
1400.856 41.46391836336136
1401.865 51.23716753992317
1402.867 44.251699478018615
1403.925 34.41104146828582
1405.106 15.672975344636232
1406.115 51.68177034066845
1407.146 50.93939844801687
1408.147 38.54522962302877
1409.155 55.34727463043949
1410.156 60.00703162552628
1411.038 67.46863719364212
