0.0 41.30138430508951
1.001 66.28775095956173
2.019 65.57893826960368
3.027 68.92667414994541
4.029 87.66070104899109
5.098 86.98472733712718
6.099 87.14090087830792
7.1 94.56376032392077
8.101 81.01684944160125
9.102 93.2146338643505
10.108 68.05644773688556
11.109 85.72369651489797
12.11 86.12861204730082
13.129 83.69537292700626
14.13 88.76056300791926
15.149 77.33116569740483
16.15 86.12816806097145
17.151 92.60770455207562
18.153 72.37324441383163
19.156 74.43978852761092
20.158 93.9306281378097
21.159 83.1758069659772
22.16 97.4662469545803
23.161 80.94877153776159
24.162 102.12277557721295
25.163 82.56843366737293
26.166 99.29243812683059
27.169 69.27027671300596
28.181 102.6148025143588
29.183 91.38528139282997
30.184 101.31294451240726
31.188 93.42361993950145
32.227 86.76557303930922
33.228 93.82200716295475
34.23 92.80107138062772
35.231 96.25150035737177
36.232 83.37826473217862
37.233 82.88928778807812
38.236 88.78562691415236
39.238 95.0258842185956
40.239 95.52573070426376
41.241 98.9870209513731
42.242 81.2015477546271
43.248 84.03900421663118
44.249 91.59497173473915
45.25 73.45783418830908
46.252 85.63814392356575
47.258 88.80595376935565
48.259 97.26378918837887
49.261 100.48678845724407
50.262 100.70557121380301
51.263 82.97334919977577
52.264 85.52123874869656
53.269 72.47678196764693
54.278 78.09757962899458
55.279 88.35564747551642
56.298 79.7175980273095
57.299 90.98759843613487
58.3 91.27411761403397
59.301 96.25150035737177
60.347 81.5349761114908
61.348 95.64412705876751
62.349 55.75994711708794
63.35 93.90606857465241
64.351 94.02446492915617
65.378 82.8460806121244
66.379 94.63183822776043
67.38 81.06716789226536
68.381 88.64216665341552
69.389 92.96941363705365
70.438 63.91436115875455
71.449 67.23587403135592
72.459 101.21277064632689
73.461 86.32888857926658
74.462 93.61954939675333
75.497 71.24053357146377
76.498 89.9753096051278
77.499 92.08394867883965
78.5 81.87699895707102
79.501 81.87699895707102
80.508 83.48522707925883
81.509 95.4416692925661
82.578 75.7995512715616
83.58 100.70557121380301
84.581 83.78318026458146
85.582 64.06071553134613
86.588 83.88732654095523
87.67 84.62851382219559
88.671 97.26378918837887
89.672 92.89377974364531
90.678 93.355695000117
91.679 83.98563803078287
92.689 93.58793053665403
93.699 87.85228596046429
94.7 93.82200716295475
95.701 84.1880957969843
96.708 86.21874568116709
97.718 89.1739894505432
98.738 64.73810170166217
99.862 65.52473912220253
100.918 101.10579251574408
101.919 96.4539581235732
102.92 78.43521693164689
103.927 88.71776513601965
104.928 90.58268290373205
105.929 88.64216665341552
106.93 87.54581641071076
107.977 71.77896257329355
108.978 90.17776737132921
109.979 83.9015766190852
110.98 78.11436281094171
111.982 90.08776959950153
112.983 87.83233558860984
113.988 83.3659880315788
114.997 86.24913930150505
115.999 67.92347089015274
117.002 108.18281684525064
118.003 84.99792686178996
119.005 88.26746818661871
120.007 81.27249576570318
121.029 88.32479954863066
122.037 93.25394309843955
123.038 90.98759843613487
124.047 86.73423932236196
125.048 103.13506440822002
126.049 89.04708218581837
127.051 101.81860092696859
128.053 92.39655995554264
129.217 84.4122331155903
130.268 73.35411867197314
131.297 102.18298052618678
132.299 94.73965098797984
133.301 87.34016714197924
134.304 89.18973503771691
135.305 91.72920360165776
136.307 82.95869927560642
137.308 82.07945672327244
138.318 85.64509540240108
139.332 92.61916091727585
140.347 78.03247642192893
141.348 61.63403425034856
142.357 78.21503726116332
143.358 101.31294451240726
144.359 93.90606857465241
145.437 82.3105833210287
146.447 96.99904321729714
147.457 83.23725115724123
148.459 101.11048674620585
149.46 88.23725112101268
150.461 93.41709163055191
151.478 83.06287523770786
152.488 93.18662316246072
153.498 90.05947651852748
154.499 88.55810524171785
155.538 83.83977577317415
156.539 97.87116248698312
157.547 82.51471954348592
158.548 84.1880957969843
159.55 95.95318526323507
160.557 86.30274757136081
161.558 92.2023450333434
162.559 79.53156717435166
163.568 95.89006174991516
164.569 82.1635181349701
165.57 79.85242129505681
166.571 77.82784363304262
167.606 71.63214753082148
168.617 97.50446520412757
169.618 86.21267345899847
170.627 83.63805613839399
171.637 85.16047567859455
172.638 69.81359439668354
173.639 101.71786004481011
174.647 89.23275994090882
175.648 101.31294451240726
176.649 85.4028423941928
177.651 100.20055522662831
178.653 89.16046855486208
179.697 94.50302662306737
180.707 95.99577478181388
181.708 85.60530016039422
182.709 91.39251396853771
183.756 85.90904504668066
184.757 103.33752217442145
185.758 93.703610808451
186.759 96.25150035737177
187.767 85.41292252826375
188.768 94.02446492915617
189.769 78.9241938757474
190.77 80.66225235986249
191.847 88.03214070482595
192.858 94.89854738852019
193.867 87.53764952639612
194.877 87.36766623665775
195.927 87.20766852915773
196.928 94.63183822776043
197.936 91.042373194031
198.937 98.27607801938598
199.939 84.91309859146882
200.94 79.04259023025115
201.941 85.72369651489797
202.942 70.13459651283183
203.946 89.18471087244961
204.956 76.73258079051952
205.976 80.23608395635839
206.977 91.99988726714197
207.978 83.6991188528838
208.98 83.90182002875613
210.096 89.12991573926519
211.106 60.88416639666465
212.108 68.64866406999276
213.117 96.89388403883724
214.118 89.45244170455058
215.12 79.97498397237474
216.122 86.04265534865081
217.124 83.90182002875613
218.125 94.6316902323173
219.137 77.0650365116453
220.138 92.80971833194765
221.207 71.81838690924164
222.208 90.98759843613487
223.276 84.97884930687748
224.277 95.23921152636467
225.295 85.1711263068691
226.326 91.09197785656423
227.357 78.51171177128029
228.358 83.78318026458146
229.359 89.57039407272495
230.36 82.1635181349701
231.363 91.81643784088646
232.364 79.6499635288554
233.377 89.19258698105617
234.457 89.1011454693249
235.458 92.80971833194765
236.459 86.53352757970366
237.46 86.61758899140132
238.475 94.72422821060249
239.476 70.82588322769062
240.661 75.4913959855106
241.676 98.40110456974193
242.677 88.35564747551642
243.695 76.21266846940058
244.697 71.95656841320147
245.698 95.23921152636467
246.716 74.22190006107425
247.717 94.02461292459931
248.775 83.10034775444089
249.776 40.896468772686674
250.815 77.20796863660141
251.826 89.48625654072022
252.887 86.49454493834423
253.888 99.69328238279591
254.889 91.67903314643681
255.896 94.87299996212381
256.917 85.99755656885375
257.918 96.25150035737177
258.919 90.86920208163113
259.923 91.72498720558677
260.925 85.51986572909642
261.935 95.19183994338057
262.936 89.04841414480653
263.937 98.27607801938598
264.945 81.39188633843001
265.946 94.2269226953576
266.956 84.64182696691783
267.957 97.6687047207817
268.966 85.32827146530214
269.986 97.83625065213597
270.996 92.06601338949403
271.998 88.67197961170378
272.999 85.20038462799138
274.0 93.82200716295475
275.002 83.69956431621361
276.003 95.64412705876751
277.005 61.974077708346
278.006 74.6725807855176
279.017 90.48853262364615
280.106 81.85135837282293
281.107 92.60726056574623
282.474 65.20565418288527
283.476 64.40129410659951
284.477 92.60726056574623
285.486 85.12741891429361
286.506 69.22539550376602
287.507 94.02446492915617
288.508 80.34139823915733
289.515 89.640461905363
290.516 88.55810524171785
291.517 74.6725807855176
292.525 75.07580259229351
293.526 81.26962565846677
294.577 78.83317062322354
295.578 98.68099355178882
296.586 83.00030081436351
297.595 67.77070460871904
298.596 97.87116248698312
299.598 89.96949140503222
300.624 93.79067944139463
301.625 97.4662469545803
302.626 89.85691325062403
303.627 94.83429599396185
304.634 83.88773000670199
305.636 101.81860092696859
306.637 68.51478638777735
307.639 80.66587647581868
308.655 104.60443192140016
309.656 94.51344187325667
310.665 94.7683413627037
311.666 106.57684643364415
312.675 89.7470275874901
313.676 101.11048674620585
314.677 84.59301132938712
315.745 91.62033604738937
316.746 102.93216265568923
317.755 90.55087825764491
318.756 98.27607801938598
319.765 87.9393546284132
320.774 101.51378635611417
321.775 95.32327293806235
322.776 95.32327293806235
323.785 100.30881787210312
324.795 86.44771015078771
325.796 97.26378918837887
326.804 63.61584945126734
327.805 71.02834099389204
328.814 80.82612042427436
329.815 73.37377277661142
330.816 76.20818150343128
331.824 72.1435031018124
332.825 77.01801256823695
333.826 77.4229281006398
334.844 64.38447722460788
335.855 75.85530181292775
336.856 78.51927834334457
337.857 76.20818150343128
338.885 79.13511214409068
339.905 88.18310800379868
340.906 96.4539581235732
341.908 84.10407574129869
342.91 97.77348667611788
343.935 79.64653754263631
344.936 95.4416692925661
345.937 87.22496229000556
346.938 89.36793630652352
347.965 72.97946795547297
348.985 94.45858025267563
350.005 84.01069162799473
351.006 100.70557121380301
352.007 82.97334919977577
353.149 78.50888768954886
354.15 51.30868817407618
355.165 93.725901984161
356.166 66.57427013746081
357.168 97.36897525103281
358.254 76.47911836922243
359.255 95.03675376016326
360.256 88.43970888721411
361.264 98.59886430282089
362.276 80.06889358626417
363.278 94.94190670052238
364.326 83.11977769878622
365.345 99.32443300584106
366.346 81.35383506560757
367.348 94.94190670052238
368.354 85.98563256105875
369.355 97.4662469545803
370.383 81.77978956110277
371.384 92.80971833194765
372.423 85.79030728393086
373.425 97.97574238866041
374.437 88.27943625688913
375.444 100.70929241004933
376.445 87.02250452380416
377.447 85.03137678593815
378.454 84.29023293414512
379.455 97.06133142217745
380.463 84.20661167131362
381.464 88.55810524171785
382.504 89.99485980316521
383.505 95.4416692925661
384.506 90.86920208163113
385.514 97.39255344587077
386.516 94.62137279351053
387.517 94.429380461559
388.518 79.12665164194883
389.523 88.00398320695717
390.643 77.05257690397991
391.645 97.87116248698312
392.646 76.61309703583412
393.647 88.64216665341552
394.648 91.79728150549742
395.673 67.78350004209265
396.684 82.47032396023879
397.685 81.87699895707102
398.687 93.00332709317024
399.691 89.70645907841923
400.693 85.9243771541815
401.694 91.19005620233631
402.773 74.90923084831485
403.774 92.60726056574623
404.784 75.72975238505182
405.804 72.08950198284057
406.805 101.92031781101151
407.806 87.83233558860984
408.814 95.58308716044557
409.823 77.09346369599206
410.824 100.30065568140016
411.825 93.703610808451
412.826 89.1654785403221
413.827 93.703610808451
414.833 80.46279804790255
415.914 81.51973001680487
416.915 88.55810524171785
417.923 76.48316525873531
418.924 84.59301132938712
419.925 94.02446492915617
420.926 94.9183574056595
421.927 99.89574014899732
422.933 65.75683746178298
424.113 52.181643057972686
425.184 56.65691170814932
426.185 100.90802898000442
427.193 80.38662729097156
428.194 85.52123874869656
429.224 80.55551172414194
430.234 71.51602495602206
431.235 83.58072249838003
432.236 97.26378918837887
433.243 85.09523878903141
434.244 85.9261542810994
435.245 75.68486961652468
436.246 83.29420332048096
437.333 89.08667688939627
438.334 89.1654785403221
439.342 83.92208220992774
440.353 57.81418578867016
441.443 65.22877920631738
442.444 71.95656841320147
443.453 75.80480664906078
444.454 71.75411064700005
445.455 73.37377277661142
446.457 89.76723569248968
447.459 99.18927666391563
448.464 87.88605808172508
449.465 82.07945672327244
450.474 69.77923011880446
451.475 69.61113663048211
452.477 73.90686905286942
453.515 58.263330101903684
454.516 87.74827417691216
455.522 62.332161708851025
456.523 65.68037766095749
457.542 67.10577928717967
458.543 63.942319176842375
459.544 85.72369651489797
460.553 88.25766481159049
461.554 71.63571429249632
462.555 73.37377277661142
463.563 61.40427954685878
464.564 74.38606160761852
465.565 77.4229281006398
466.573 69.73088138791216
467.574 100.70557121380301
468.575 92.28640644504107
469.576 99.89574014899732
470.635 67.90369238031768
471.636 97.6687047207817
472.637 85.20038462799138
473.64 95.65546501474968
474.642 85.51986572909642
475.643 99.08590908419166
476.644 87.22496229000556
477.646 98.58250952628802
478.652 76.71886287665464
479.653 97.26378918837887
480.654 94.51344187325667
481.655 106.17193090124131
482.672 92.6279595547637
483.742 86.90343319942893
484.743 87.54581641071076
485.832 85.86823574121439
486.842 70.39541518305539
487.843 86.12861204730082
488.889 82.50371523179493
489.89 100.50311344760158
490.892 89.16002501163281
491.907 88.13571297846875
492.91 90.4859532001447
493.923 98.11219666065494
494.926 87.05088644950848
495.932 102.01811013988608
496.933 91.07165984783255
497.944 95.29667372146021
498.945 46.65215955144354
499.946 84.1880957969843
500.966 91.8756558295589
502.052 75.7326718721041
503.053 82.07945672327244
504.062 96.69347195394933
505.063 73.05291865590624
506.072 99.90711277008603
507.073 75.27995408412184
508.074 83.49666108668237
509.076 74.51407973372629
510.078 85.9245250019246
511.082 91.92684001830351
512.092 82.23398272175797
513.094 94.63183822776043
514.096 90.7780707119731
515.098 103.03257874545307
516.1 89.76723569248968
517.113 90.30987806762711
518.115 89.65445548442261
519.116 89.36793630652352
520.142 76.40851598218352
521.144 91.39251396853771
522.146 63.1877598313443
523.147 93.703610808451
524.148 86.12861204730082
525.163 88.81702684177705
526.164 83.6991188528838
527.172 94.77887992247884
528.181 86.33253422034485
529.191 96.19642846891053
530.193 87.1379114294367
531.194 92.40480279954481
532.195 81.75860260256727
533.196 96.25150035737177
534.198 86.12663286672404
535.272 95.07112067218983
536.273 99.69328238279591
537.274 88.43970888721411
538.275 104.55226877162995
539.276 87.83233558860984
540.278 98.17799810120296
541.279 93.703610808451
542.292 93.393835454225
543.293 98.88345131799022
544.312 81.90543964368085
545.322 100.00884852374695
546.323 90.46428654922828
547.324 102.52769110961577
548.332 91.24342500352269
549.393 93.17984921625822
550.394 96.25150035737177
551.402 91.84658043199774
552.403 104.5524167670731
553.404 94.31098410705525
554.442 93.87784051124916
555.443 101.11048674620585
556.445 88.755957129777
557.446 99.08590908419166
558.452 90.82046891813916
559.454 94.33513956289478
560.462 84.80976709978869
561.463 87.74827417691216
562.464 86.01021569279706
563.465 98.68099355178882
564.481 75.36534978544458
565.483 95.34641812560747
566.491 82.31087534775129
567.493 50.85297047336828
568.495 94.62137279351053
569.497 99.39153237645817
570.502 92.12074932880968
571.512 89.65816914433417
572.513 104.14735323922712
573.514 92.48886421124247
574.515 103.33752217442145
575.516 84.79546909558856
576.517 99.28836685039307
577.521 94.23103119036845
578.522 95.52573070426376
579.523 100.90802898000442
580.524 90.66659631998657
581.525 100.50311344760158
582.531 92.02917800740927
583.551 91.16340541508721
584.552 97.87116248698312
585.562 95.67777975723381
586.563 101.51540227860868
587.565 89.76723569248968
588.568 94.44314064405603
589.57 87.1379114294367
590.62 94.54203853941449
591.621 91.99988726714197
592.622 89.36793630652352
593.623 71.63571429249632
594.624 85.9261542810994
595.672 81.76613116465136
596.674 86.64942248627844
597.681 40.535104757300005
598.682 91.19005620233631
599.711 82.09421196962964
600.713 94.13288385035223
601.791 81.37060083509353
602.792 97.87116248698312
603.793 84.3905535631857
604.801 98.59886430282089
605.802 83.78318026458146
606.811 93.47983113781262
607.83 84.2920173547814
608.832 89.07649103678885
609.891 87.80611286438996
610.892 98.07362025318454
611.93 80.60144818967092
612.931 95.84658482496894
613.933 80.98626253508743
614.934 85.4028423941928
615.941 87.0241928769826
616.942 82.1635181349701
617.943 97.6687047207817
618.951 79.98452367198821
619.952 100.09819791519875
620.991 74.86733082369337
621.992 97.26378918837887
622.993 85.20053262343451
623.995 96.7622081134052
625.0 84.86127861952178
626.011 89.68671175730542
627.012 86.53352757970366
628.014 82.28377432841584
629.015 81.47208342466818
630.07 80.0710370774871
631.071 86.12861204730082
632.072 81.87699895707102
633.074 81.27249576570318
634.075 93.61954939675333
635.08 81.02709057900668
636.12 57.179236366302966
637.121 70.53936404979153
638.131 95.79512109471722
639.141 83.63855853143455
640.142 93.41709163055191
641.143 89.24953995201977
642.144 93.61954939675333
643.146 87.94693427960685
644.15 101.21206940327419
645.151 89.45199771822121
646.161 74.32517657537522
647.24 81.29518785934275
648.241 89.1654785403221
649.271 90.08156631011781
650.272 89.57039407272495
651.274 79.97498397237474
652.42 66.81605181676413
653.421 84.9138654500923
654.422 94.9183574056595
655.431 91.67215817873573
656.479 83.69991192770118
657.48 92.2023450333434
658.51 87.13020382515246
659.511 86.33106981350224
660.58 89.44925765665859
661.581 96.85887365597604
662.631 81.22436667868513
663.633 74.79097714002134
664.634 96.25150035737177
665.64 85.3812780164237
666.641 86.12861204730082
667.642 98.96736473424477
668.644 99.5937880890007
669.651 90.12652538207064
670.699 90.66152267468051
671.7 86.73598534590506
672.701 89.1654785403221
673.731 64.8966064384135
674.732 96.65508393078646
675.79 80.4199036669177
676.832 74.37653649591212
677.87 100.9065187991435
678.871 94.02446492915617
679.929 82.9087974482333
680.931 90.4922810245866
681.94 85.44572909747089
682.941 88.43970888721411
683.942 95.4416692925661
684.95 73.7519175777459
685.951 97.06133142217745
686.971 76.85797784090222
688.0 88.90564284014214
689.009 85.72997656731923
690.01 94.83429599396185
691.011 79.04259023025115
692.012 92.28640644504107
693.013 93.41709163055191
694.016 86.04076384093469
695.017 96.6564158897746
696.019 82.4860300409584
697.02 92.40480279954481
698.03 88.2535933346576
699.051 90.39622661936998
700.059 85.21201768646907
701.06 88.55810524171785
702.099 81.88924426241748
703.11 94.89854738852019
704.21 72.74219926314659
705.211 102.93216265568923
706.319 71.30285424182208
707.36 58.094997325129974
708.361 98.27607801938598
709.363 92.19430424300009
710.379 87.6495903493059
711.381 90.98076996774489
712.382 101.11048674620585
713.383 90.26182878302687
714.384 94.02446492915617
715.385 85.20038462799138
716.387 74.31182402118375
717.388 88.35564747551642
718.39 76.8228700897674
719.391 94.63183822776043
720.4 85.52912401631069
721.401 97.6687047207817
722.41 81.71292554714836
723.411 93.2146338643505
724.413 72.08701118321586
725.414 90.05937101682545
726.416 91.50355958729928
727.649 55.95184235369049
728.65 73.6602919545105
729.651 87.54581641071076
730.652 83.78318026458146
731.66 91.56205097061185
732.661 91.07165984783255
733.662 93.01217609814907
734.709 81.45710125369567
735.72 77.85985397877958
736.778 97.65817102621702
737.779 91.79742950094057
738.82 86.79355486244945
739.83 87.96962729794771
740.899 87.17416801114874
741.9 93.82200716295475
742.901 84.7114076838909
743.903 86.12663286672404
744.904 97.4662469545803
745.905 88.84462441961693
746.939 91.301059082362
747.94 100.30065568140016
748.942 96.23941849385082
749.943 95.84658482496894
750.949 78.93482954031649
751.95 87.54581641071076
753.001 82.1112142078568
754.004 85.14865380207141
755.099 88.43581532308106
756.1 85.72369651489797
757.101 93.2146338643505
758.102 83.37826473217862
759.109 82.99916360255118
760.149 75.57480540546914
761.15 78.23275916544546
762.151 90.38022513753063
763.152 74.47012301931618
764.153 94.63183822776043
765.159 89.20885679911235
766.189 77.01387674218351
767.228 95.73801798879002
768.229 99.08590908419166
769.279 79.1012595704529
770.289 98.00245832945228
771.29 89.04708218581837
772.291 93.41709163055191
773.292 90.66674431542971
774.319 94.20941801914742
775.32 94.51344187325667
776.321 95.64131514534806
777.322 51.10623040787476
778.323 84.1880957969843
779.326 100.30270843574196
780.332 91.62627497765257
781.339 95.67800581701007
782.34 83.58072249838003
783.341 95.84658482496894
784.342 79.93633471131136
785.482 84.51557180502557
786.485 95.73935880648382
787.489 93.33980970732081
788.492 89.56497997994715
789.498 96.17601620841391
790.499 77.50698951233746
791.502 95.25135689118513
792.504 84.71084287892629
793.506 70.46896548287557
794.509 90.80616753197508
795.518 83.72145105723379
796.528 79.54217243988823
797.538 79.14086506569494
798.549 80.94991217128569
799.55 87.54596440615387
800.552 81.27249576570318
801.553 85.52123874869656
802.568 92.52791051243123
803.569 77.30453174613605
804.57 88.55810524171785
805.578 82.39714538588844
806.579 85.9261542810994
807.58 79.6499635288554
808.582 63.1877598313443
809.589 81.07020951460001
810.59 92.60726056574623
811.597 76.4414258490039
812.598 89.77285183892637
813.678 85.3481783588134
814.679 73.57623054281284
815.68 73.37377277661142
816.682 87.25618962390602
817.688 74.30144469811442
818.698 86.96635886246443
819.699 63.65579999894329
820.7 76.61309703583412
821.728 67.5856882715418
822.73 72.76639947800716
823.738 71.8589736404265
824.739 79.44750576265399
825.748 75.60395409805224
826.768 61.559117796287744
827.769 74.99343490622276
828.77 81.87699895707102
829.772 74.10956830864122
830.778 81.75515074861337
831.78 72.08686333547278
832.781 74.99343490622276
833.788 64.08152601272366
834.789 62.44105340173478
835.79 72.36148394560432
836.791 71.02834099389204
837.798 66.29529211366092
838.799 88.76056300791926
839.8 69.12215968638161
840.807 64.48402894016678
841.817 51.65130993345333
842.827 51.45065624635667
843.828 50.49604519585104
844.837 48.689712262907385
845.847 49.04281200119683
846.848 48.99477942074344
847.849 41.5879034829886
848.857 41.700761313582454
849.858 47.37511729113209
850.867 39.8526404846521
851.868 38.146121457564476
852.877 49.6939750179501
853.887 46.15034803223043
854.897 48.64150462700351
855.898 50.90051674192449
856.899 47.0547071567563
857.987 40.12508605344466
858.999 50.264541715289305
860.007 40.695943169215006
861.067 27.60792735765457
862.087 30.597720089228993
863.336 23.597031764409316
864.337 33.00061589083133
865.347 28.776789604434757
866.348 51.626730381361895
867.357 43.06584083466815
868.358 32.882219536327575
869.366 24.32726894849414
870.436 26.216127458542992
871.437 28.344087268198688
872.446 26.914241835144857
873.447 34.90679719834177
874.457 64.8944532818325
875.468 55.6093249378242
876.477 57.52722450728331
877.478 58.79681361010923
878.479 70.33690628359012
879.487 54.769569833633106
880.488 32.882219536327575
881.506 27.074450353238113
882.517 35.162892846135485
883.518 51.82918814756331
884.526 34.26228526548102
885.537 47.59111627441686
886.546 42.46328318164253
887.547 57.29554783500163
888.548 52.520622857865234
889.556 42.3043576451485
890.566 37.003590775397576
891.567 50.614441550354805
892.586 40.85327908387791
893.597 34.962437629550294
894.598 44.3382507981108
895.616 27.555261670570733
896.617 41.79036124919001
897.626 43.585003568853985
898.628 36.490005775729614
899.636 43.30961669260694
900.637 43.93333526570796
901.646 45.87777654878778
902.647 49.48375636484395
903.649 43.77121142726089
904.657 48.45348608749659
905.667 41.217318204427315
906.676 43.26669338567671
907.677 43.20756561259995
908.696 46.14050241461038
909.697 47.054263170426914
910.698 43.20756561259995
911.706 44.71697935904875
912.716 47.75557752900367
913.726 38.408166585074156
914.728 39.9285007366958
915.736 47.17942312223092
916.737 50.36181332893241
917.746 51.09994287500991
918.756 47.43758250442359
919.766 47.23692881732694
920.767 55.3550315846851
921.768 62.44105340173478
922.776 53.76431078617467
923.836 52.08276074745487
924.837 56.08080123779312
925.846 48.48885971189884
926.847 49.28129859864253
927.856 44.6726612427365
928.857 45.434601040815565
929.858 39.276806643075325
930.866 42.505409454640194
931.876 39.411435020557434
932.886 50.76538283545348
933.896 36.80293708830093
934.897 38.75349475616873
935.906 42.98244591582835
936.907 36.52645932795312
937.908 45.029685508412726
938.909 49.48375636484395
939.916 51.72162617644339
940.917 48.06655200143401
942.026 72.69995646341347
943.027 94.83429599396185
944.028 86.73598534590506
945.029 67.99147450087075
946.03 71.95656841320147
947.035 59.974360190539976
948.036 46.446889871822655
949.047 47.70834154727369
950.055 33.860181646497644
951.066 59.41797405294269
952.067 44.219854443607055
953.085 40.21352184819191
954.086 31.46501517291764
955.176 37.07663306666593
956.178 40.24888679596457
957.195 38.741621359712646
958.206 44.18337759246874
959.216 44.1438111612639
960.217 40.77807241818293
961.226 53.51017348711243
962.235 53.711026038120984
963.305 43.07291244276564
964.306 50.614441550354805
965.307 36.72891709415454
966.316 35.23273816737517
967.326 36.518971051591045
968.345 33.09690152280116
969.346 39.88417994167958
970.347 32.882219536327575
971.385 35.61493856957256
972.386 31.58341152742139
973.436 28.066550427061284
974.437 28.95146056680294
975.445 30.358823233244753
976.446 24.98636665447222
977.465 23.07025120730519
978.475 14.32972413347567
979.495 22.650260325792893
980.515 25.82924423116733
981.525 12.724494636702437
982.545 12.318562633325959
983.565 11.921189645154152
984.575 10.433991729026014
985.605 9.247602452891426
986.635 11.608692440863704
987.645 5.7016155883195445
988.646 6.073732986042575
989.655 4.619608673196505
990.675 4.768475858061661
991.715 4.481908799283918
993.345 1.3676456832170716
1027.293 0.08357614986292826
1028.294 25.50967854137882
1029.295 20.937211330443844
1030.303 43.829294469187786
1031.304 38.95595252237015
1032.305 33.084677302528995
1033.313 48.45348608749659
1034.314 43.00510784639853
1035.315 44.42231220980847
1036.316 43.00510784639853
1037.324 49.25769332546334
1038.325 44.62476997600989
1039.334 44.471808691727965
1040.345 44.18337759246874
1041.423 46.889184824718825
1042.434 47.75557752900367
1043.443 45.0743663447536
1044.444 39.968241353377245
1045.544 43.92479888854824
1046.545 48.5898638883406
1047.546 45.029685508412726
1048.553 43.151373785680406
1049.643 40.98109609723477
1051.812 11.772793093554725
1052.893 41.6972388472906
1053.903 30.900667812884723
1054.913 49.84542674958344
1055.923 66.29902909150907
1056.933 66.70033646570238
1057.942 43.06584083466815
1059.083 30.09090562983107
1060.084 43.12350420090228
1061.093 40.85646277357418
1062.094 40.373156885780084
1063.102 31.766185899686562
1064.103 29.035521978500608
1065.112 28.320209692204664
1066.123 27.946505049068872
1067.133 34.5124341806245
1068.135 30.82684582453862
1069.142 31.797731268008
1070.152 30.382019101207995
1071.154 41.66467678376232
1072.162 44.91803116854044
1073.163 47.864094235232585
1074.183 39.025048402708826
1075.192 40.57221530372583
1076.193 39.76578358717583
1077.194 47.45917870282975
1078.203 42.17903571179418
1079.212 37.24097003338018
1080.222 34.39509284314108
1081.232 42.53858166449066
1082.233 32.477304003924736
1083.243 42.93988903868397
1084.252 34.228328590292236
1085.262 36.80293708830093
1086.272 33.91047311933454
1087.282 29.980711727014686
1088.283 41.098926538888094
1089.284 35.10925496454319
1090.292 42.3043576451485
1091.293 40.896468772686674
1092.302 40.05305256954001
1093.303 34.90679719834177
1094.304 51.01935708275764
1095.312 49.14011916786587
1096.313 47.054263170426914
1097.323 51.45065624635667
1098.332 46.681186752821944
1099.342 43.74250378707059
1100.362 40.81322684948195
1101.363 41.18298795058576
1102.372 48.89056481391592
1103.452 52.807100377787734
1104.572 54.1781718209178
1105.582 48.55819227739028
1106.592 32.789863346367845
1107.594 49.63662709099442
1108.602 46.8450716115631
1109.603 37.13398062200051
1110.612 39.249642365505835
1111.614 54.49076419201528
1112.662 51.1321036264897
1113.664 48.33911529766599
1114.682 43.680485778014024
1115.683 44.62476997600989
1116.782 40.64549112464594
1117.783 58.307836666008726
1118.784 45.23214327461414
1119.793 49.09097689880384
1120.794 50.091573649777594
1121.802 42.3043576451485
1122.812 59.878111104416135
1123.813 47.17265952493067
1124.814 50.09112966344821
1125.816 50.24339422862204
1126.821 45.85872270025795
1127.822 40.896468772686674
1128.832 36.80293708830093
1129.842 36.20097602701096
1130.861 32.81544352763239
1131.872 24.137855933950377
1132.891 30.03110286468176
1133.901 23.877788764501837
1134.911 13.125802010895745
1135.921 32.305243622561306
1136.929 17.172881458687616
1137.932 39.40054204754339
1138.942 34.19443915604442
1140.031 41.576884549541035
1141.032 49.6021527193477
1142.041 32.82236073323243
1143.053 36.046284895426595
1144.061 18.178140506146047
1145.071 19.262753961278793
1146.072 29.64289527710487
1147.082 47.75557752900367
1148.084 37.50128433844229
1149.091 38.32133865636274
1150.092 48.79232165454202
1151.093 43.41002337880137
1152.101 50.74853364379936
1153.102 39.360868054772986
1154.111 44.79011887490525
1155.113 45.389257127601184
1156.121 47.33065288244068
1157.123 37.09677291335722
1158.124 50.816899316556224
1159.131 47.780157451276516
1160.141 46.63496775603698
1161.142 41.38544571678718
1162.151 27.315946937161947
1163.161 24.8810571999851
1164.162 20.329838031839582
1165.171 28.521062243213205
1166.178 27.45375961539798
1167.181 19.397189931098282
1168.211 5.115694973939938
1169.241 4.131907478951488
1170.292 8.098695914976275
1171.3 5.227347046783865
1172.311 2.6891477593357376
1173.341 5.115694973939938
1174.37 3.742025515437115
1175.381 9.220939962918445
1176.401 12.914622115583665
1177.411 22.473212954825254
1178.431 9.420760783909346
1179.471 9.743279998443299
1180.501 12.395722436854465
1181.511 14.246411783862436
1182.533 21.89507838507596
1183.541 39.80825827935405
1184.543 39.52384146386764
1185.572 37.89607057175033
1186.612 30.983630395049687
1187.613 44.42231220980847
1188.621 31.565134090194878
1189.622 20.532295798041
1193.021 2.086821959066408
1194.191 39.73789466811494
1195.2 6.226429081264855
1196.46 0.16084144759334967
1197.461 23.282643113163207
1198.47 35.4334438963435
1199.471 41.30138430508951
1200.502 46.86447990048794
1201.511 47.08289185483903
1202.513 44.58023427743104
1203.581 45.54162336351025
1204.601 43.396151272598686
1205.602 35.10925496454319
1206.61 32.972496756636694
1207.611 34.501881665938924
1208.69 38.581549014338826
1209.7 41.9366206032007
1210.71 31.987248597981228
1211.721 37.68558071801451
1212.722 45.637058807016984
1213.724 49.02985995336682
1214.731 52.40894111687261
1215.732 68.71724415397877
1216.733 57.986982545303555
1217.734 62.44105340173478
1218.741 57.037724782468715
1219.742 61.02384903832483
1220.751 48.89056481391592
1221.77 35.79866566650806
1222.772 35.47872721301693
1223.78 45.92329021599887
1224.781 56.97469371429646
1225.783 58.33362273032345
1226.8 51.41232820417514
1227.801 56.16486264949078
1228.802 62.44105340173478
1229.82 60.20386356712258
1230.821 60.41647573972058
1231.83 61.54427552745418
1232.833 44.939895507398944
1233.84 48.182660378719646
1234.841 48.67392530003827
1235.87 45.9708237682847
1236.95 55.9971224217225
1237.951 82.88928778807812
1238.952 90.17776737132921
1239.953 80.94877153776159
1240.96 88.23170165931201
1241.961 69.72953298498587
1242.962 58.7966656146661
1243.971 50.69823777299282
1244.98 42.66413573265107
1246.02 39.443760302469926
1247.021 55.06851240678603
1248.03 35.4334438963435
1249.031 49.68621413104536
1250.033 49.43437137845189
1251.035 49.35039386037867
1252.04 52.71488948125208
1253.041 48.47146753383686
1254.042 44.219854443607055
1255.05 52.356948119732856
1256.052 57.92911130523838
1257.053 55.75994711708794
1258.139 50.27600895064393
1259.15 57.38695450964307
1260.151 49.48375636484395
1261.152 41.5879034829886
1262.16 55.57377707159986
1263.21 35.78693991154208
1264.219 44.63350170715454
1265.22 32.27484623772332
1266.23 34.71308786772115
1267.233 34.02897617115615
1268.24 45.365139886617676
1269.28 48.60258594662064
1270.281 47.17265952493067
1271.282 44.42231220980847
1272.29 35.669647931922825
1273.291 37.65714451346397
1274.292 26.808486550284996
1275.309 32.08288698012479
1276.31 32.27484623772332
1277.429 41.367896816556616
1278.43 59.117667730814404
1279.449 41.44992351165304
1280.45 53.53291168887233
1281.451 44.42231220980847
1282.467 55.734594448893226
1283.47 52.82000391690762
1284.53 51.891571856919384
1285.54 62.6872627237693
1286.549 42.580740813811275
1287.55 36.72891709415454
1288.552 47.209558540484004
1289.57 25.282758785744416
1290.59 22.054200843535185
1291.6 7.708152459286085
1292.601 53.8537658095775
1293.602 54.54520051987943
1294.611 47.48459695685612
1295.612 45.637058807016984
1296.62 40.29383955023163
1297.621 54.05622357577892
1298.731 57.298145088363945
1299.811 56.37241913277366
1300.869 57.16152383313829
1301.879 57.38695450964307
1302.88 55.15257381848368
1303.95 64.36458586097393
1304.952 70.26670977033304
1305.954 47.32783673495331
1306.959 48.480198234167474
1307.96 45.434601040815565
1308.97 43.424508762490504
1309.971 32.59570035842849
1310.981 28.375482230241456
1311.989 43.02508723122104
1312.99 47.45917870282975
1313.999 45.67413437901523
1315.039 30.287783570599462
1316.049 28.076261819658725
1317.059 19.278008335151636
1318.079 18.759026005946765
1319.089 33.91047311933454
1320.099 25.165023236694985
1321.109 30.49936043869142
1322.119 28.375482230241456
1323.139 31.1937795714867
1324.159 25.51436680486745
1325.179 20.464708890847962
1326.188 17.875877039760393
1327.189 18.423656724329145
1328.197 27.426523742763656
1329.339 30.774399491688026
1330.34 38.66943334447107
1331.389 17.387435802751053
1332.39 22.759331226256613
1333.409 18.694858736954206
1334.43 18.65823805382599
1335.438 9.93486934928988
1336.459 12.30649743975757
1337.479 11.523816656982348
1338.489 12.44052859999255
1339.498 9.640922448410098
1340.509 8.702804256891246
1341.538 7.48405103087423
1342.578 4.0921775993461855
1343.579 16.803994594717793
1344.588 22.495485712956896
1345.609 15.366290615686728
1346.628 8.750784940701969
1347.649 14.688400170033226
1350.42 5.631482225011471
1351.469 20.172362979734896
1352.479 23.27582770321187
1353.498 18.09821430917907
1354.519 7.741183873395889
1355.549 5.590904606022077
1356.559 8.226801170962817
1357.588 14.96810206174846
1360.189 0.5454139053338501
1361.199 35.197707591527696
1364.908 3.770168631373907
1365.909 25.914594073781654
1366.92 7.617298230236976
1368.029 9.212945600983224
1369.048 12.131770031427731
1370.058 11.83856753870259
1371.068 26.285633009661684
1372.069 17.090513772616877
1373.358 18.23784792881613
1374.368 7.022879048382893
1375.408 5.456236799128247
1376.409 16.601536828516377
1377.428 7.640072604395432
1378.429 18.423656724329145
1379.438 33.54237601842679
1380.45 29.320689893658074
1381.458 30.961978661719815
1382.468 29.780058039918032
1383.508 30.28507710393323
1384.511 35.76356893546246
1385.7 26.48989082261611
1386.718 16.523377789108554
1387.728 5.618303238706313
1388.738 8.226801170962817
1389.819 21.637438695083933
1390.82 46.160370693923575
1391.828 48.13486012040743
1392.83 28.197521561485654
1393.838 53.07767770580539
1394.839 41.18298795058576
1395.848 27.198048838872573
1396.858 41.535313229007386
1397.878 34.85306774290068
1398.888 37.92354686126762
1399.889 40.98053018438434
1400.898 49.89482756895865
1401.9 37.905795763527365
1402.908 46.442967992579725
1403.909 40.5756146519815
1404.918 46.681186752821944
1405.919 51.913249559260976
1406.928 55.920404099214956
1407.929 64.87054659615181
1408.93 52.72308062406666
1409.939 59.53575001736874
1411.028 54.789946115325826
1412.03 52.38422954851671
1413.031 45.434601040815565
1414.037 37.55362537881391
1415.047 33.10785837094792
1416.057 23.3591400528251
1417.058 27.73671396959443
1418.263 2.014259002138686
1419.277 34.06422498780986
1420.317 2.3383871996263914
1421.318 10.122888310070959
1422.337 18.297095785104116
1423.578 6.368854741931671
1424.977 4.840552440343705
1425.987 6.822225361286238
1426.988 5.4663596874383185
1427.997 10.444332652444272
1429.008 13.435188522121573
1430.017 11.443897102200243
1431.042 9.885864583786372
1432.047 9.359717189671553
1433.057 12.641182287089206
1434.058 16.601536828516377
1435.078 23.4450063021365
1436.088 19.74737368508533
1437.107 6.761970181451522
1438.123 8.776623872613492
1439.127 15.13896095375652
1440.137 10.115996704445934
1441.157 11.72250315106825
1442.178 11.711021757188654
1443.188 12.2398749128959
1444.197 12.051153060512624
1445.297 6.632516420758493
1446.308 15.11737118761712
1447.317 26.122577394327557
1448.448 21.207957936518802
1449.457 23.09804336598253
1450.468 20.847342524859094
1451.477 11.046890305469903
1452.727 4.769033574536288
