0.0 48.189984919462205
1.059 35.581522957518665
2.06 25.377393982780703
3.139 19.81001390589147
4.141 42.54637338794918
5.15 36.66225317738542
6.151 35.53212315769856
7.152 53.74555040274359
8.21 53.922546109355004
9.229 51.78018383045501
10.23 51.785602046884
11.233 50.106394326428635
12.234 70.27552701213547
13.239 51.50651627708104
14.24 50.22396331008675
15.289 53.95123269773874
16.3 67.25255080782726
17.31 53.94906241365292
18.35 53.2336601072794
19.37 66.4867091326679
20.371 53.66374785141985
21.373 51.87012132939721
22.389 52.73551139936323
23.399 57.688804025041094
24.579 53.02626943208476
25.649 61.01346320684246
26.988 24.691384966376802
27.989 44.57105024236402
29.019 44.380958214355964
30.198 49.41904523891329
31.209 60.65789447282146
32.21 44.04595941058028
33.308 50.223831478021744
34.314 60.686914069850246
35.315 44.119607190432504
36.349 50.71003296395313
37.35 72.02192229008446
38.359 46.95934885220983
39.371 58.784714428597965
40.389 46.1130409014156
41.399 58.62140319435634
42.4 66.16539477218207
43.469 56.808960362228596
44.548 53.785168284401294
45.728 56.14659987147637
46.729 67.7000208284799
47.73 50.71541570955044
48.909 41.683110486070355
49.911 52.0023768241339
51.038 55.93236427934399
52.039 66.32976438465502
53.05 41.70391884924391
54.059 37.1935462119388
55.06 57.33173857565144
56.069 57.91410096757066
57.318 38.50134598452089
58.319 36.2310125564692
59.388 48.66292876728783
60.389 58.014445849783264
61.39 60.955387730006606
62.391 49.067132525868224
63.498 51.38249139359557
64.668 53.95936256453948
65.679 54.90168410423139
66.788 61.86094054157158
67.8 68.20520116524415
68.802 69.44055486443374
69.869 54.390540545228845
70.878 53.361262227263964
72.029 56.39825846239189
73.03 62.379032443309114
74.031 51.50884949006909
75.069 52.250739497679966
76.228 56.7270330714678
77.23 73.77310783502033
78.238 49.991723099069915
79.399 64.98525971788648
80.4 65.70860015147237
81.401 49.51793848627853
82.409 66.08930923241188
83.41 52.33490235647383
84.807 47.746471901205766
85.808 50.91801081329616
86.809 50.85213555000274
87.81 68.1942764306369
88.828 62.1409525934851
89.829 59.79396988683535
90.837 45.71527192355853
91.839 56.63042810193622
92.841 71.8149949639945
93.858 51.00349020333635
94.859 50.82193741189725
95.867 45.27746616957832
96.869 41.76587790619817
97.887 41.04491514233688
98.977 41.30901715788751
100.238 38.76742627894684
101.247 51.41168153004275
102.248 61.26157391510156
103.408 55.24049224787179
104.409 64.99085284367384
105.468 46.12241213343862
106.469 46.41810598066468
107.47 72.5789951162331
108.478 46.316558901279336
109.479 60.90148978731199
110.48 57.61358786463606
112.388 19.366447427921354
113.417 98.72695866164597
114.427 38.52436465646386
115.43 39.35122525779065
116.45 38.27947241213064
117.457 46.958864582164935
118.468 52.681934363171436
119.588 53.503950166976004
120.589 63.93455510150271
121.59 67.33980928238607
122.598 68.75056085602805
123.608 59.86528969642203
124.618 55.56257894531723
125.628 43.224613956655254
126.629 44.00900810234993
127.63 55.25583956293108
128.637 58.63822766236995
129.798 49.97737969820857
130.809 49.017423381155616
131.818 55.014426706419115
132.828 53.85081432242377
133.937 46.55637391330036
134.938 57.06811010417351
135.939 59.59596184204235
136.947 58.6735630406435
137.957 22.39425065556527
138.958 42.879827090152055
139.967 38.88058804851967
140.969 42.45643234214287
142.088 41.2587046153835
143.089 59.17267823534846
144.277 59.089313629998614
145.28 71.28722834782167
146.288 67.20887724143411
147.457 57.52192069501559
148.458 63.95583395831123
149.459 68.13604626559805
150.467 62.569528117247806
151.507 53.942397348239176
152.508 64.05076059497196
153.517 53.90443761852636
154.657 57.05948097894478
155.707 56.13056452264576
156.797 62.30555841568995
157.817 40.99694657133443
158.818 79.48455753296479
159.827 68.46955237473477
161.028 57.06094019874551
162.03 67.63703841848307
163.031 68.4215906854057
164.036 69.73616317494206
165.156 57.187174545844194
166.157 71.07737040073411
167.158 73.47907801740278
168.159 69.91404128299921
169.177 57.165291218728164
170.178 60.0235776710805
171.186 49.331471531362176
172.187 65.74746273426636
173.188 46.99008674840969
174.196 41.0054436649887
175.318 34.15790503896194
176.326 37.63016375532908
177.327 45.41761745575182
178.328 52.87311727359455
179.467 44.732602892309195
180.477 48.88764403773485
181.487 41.15643858244759
187.001 0.3789824298526277
188.304 11.220401794609645
189.314 29.51420648023186
190.334 22.56558930470817
191.335 32.42133267791984
192.344 31.624133932760287
193.345 32.966173346861176
194.364 32.809541239047924
195.367 35.24026003496496
196.384 41.2294997009123
197.385 46.888916614841065
198.386 41.846082387831885
199.393 43.14351224822412
200.464 37.21619839288233
201.544 40.05384459957443
202.654 50.465590887698795
203.655 57.69602750748101
204.664 46.56404855750325
205.665 44.39190010659893
206.674 38.93494351006093
207.794 26.737455369537358
208.934 28.731799765717646
210.153 26.96174275884888
211.163 38.18706304762961
212.164 42.36824259861803
213.165 47.40636234837024
214.166 24.941623382271025
215.167 39.57943817366036
216.174 39.94625636515578
217.184 31.136436531555304
218.243 30.111148341770445
219.253 37.449648921433244
220.273 22.75115582653122
221.274 16.85425619368927
222.283 31.378017459223425
223.284 43.169448895695474
224.293 34.90956794136127
225.294 44.099984771579145
226.295 36.31472638235658
227.304 37.21099052285205
228.305 52.81539678177265
229.313 41.55520702405595
230.314 43.18321007255367
231.323 34.32977183701451
232.324 35.733189241793376
233.333 26.23687565377007
234.403 28.60779035759656
235.633 10.071756861405898
236.673 40.87288527095899
237.683 29.195594739651987
238.693 26.511451835955913
239.703 15.547949861353128
240.733 14.162033111448197
241.734 29.45809259445405
242.744 23.252342917650182
243.745 29.836779794663045
244.753 37.73531305635727
245.893 26.059864319275665
246.903 30.40487972886834
247.904 40.78812820770562
248.928 28.73914028777047
249.933 29.39364150012735
250.963 29.34158979160824
251.973 40.63765994485371
252.974 37.16511614487166
253.982 33.86592000528357
254.983 35.5977435843835
255.989 41.32024530317375
256.992 7.894864046458498
257.993 19.696831143037326
259.008 23.02043215957432
260.023 31.317380489962
261.032 14.55337184964989
262.043 15.532571078107479
263.052 17.46554746566053
264.063 12.778668429764332
265.072 18.503104740848286
266.272 17.092933719012333
267.282 24.531209781246048
268.362 18.14290664072268
269.364 20.568372344056677
270.372 17.136678865042985
271.382 13.673558778881503
272.584 21.138528231512556
273.592 26.137762713348387
274.602 18.122731779182317
275.623 23.58334151349874
276.632 21.269924141348966
277.633 17.923550602893126
278.642 17.984326103254407
279.643 16.559282819367667
281.848 0.9477138858083398
282.852 42.520237660121374
283.862 18.48478483516428
284.864 12.885936711438601
285.883 14.725710663582303
286.892 13.661170789972097
287.902 9.683867901752372
288.922 8.429771901737764
289.932 13.993154875217817
290.942 10.71080990448771
291.962 13.000660472303553
292.972 21.323647562639753
293.982 26.6042697627598
294.992 17.656747901758717
296.002 27.640799753516674
297.003 33.250825838539136
298.012 31.637691070228644
299.022 31.614164718084698
300.024 27.46586391754119
301.032 33.467592689234515
302.152 22.06210747742984
303.162 18.330178528316992
304.304 18.494129769291472
305.312 25.470640140296805
306.322 10.365299907568753
307.332 11.780931144945042
308.352 14.198089726331512
309.362 10.249245928340493
310.363 19.871139383241196
311.492 16.551684106341668
312.502 15.547949861353128
313.522 13.34278311631154
314.523 16.06719332838276
315.542 17.294148570021072
316.552 16.54634241823956
317.562 24.70396477970553
318.563 27.540701952211478
319.572 29.40751372161509
320.582 31.959674715003658
321.583 14.188410432325696
322.591 10.212768212500363
323.622 7.446393920018677
324.651 6.273910876997802
325.652 13.944659216309612
326.662 13.647644878298859
327.663 11.452612021932936
328.682 16.78046098873332
329.701 10.112446324361851
330.702 6.629701788046467
331.712 9.501524915271357
332.731 6.335480169215641
333.741 7.601219932217085
334.772 4.908367751567782
335.811 4.198328884602358
336.812 3.834781284485143
337.852 4.6976070734943
338.892 5.704237160671651
339.952 3.785942088880851
340.981 3.052172859080012
342.021 3.8587486675131757
343.224 1.7370815612696504
344.252 4.519986925114079
345.281 3.7304334944311255
346.291 6.391934943000731
347.301 4.664384958405939
348.321 4.105471728095859
349.358 4.8794541030647505
358.927 0.036468293122389805
360.347 0.36862510234663526
361.707 0.38488797450898676
363.147 0.3635053092584875
364.527 0.37930988792190007
365.696 0.298515908373095
366.937 0.5623933874103916
368.216 0.5456842797312713
369.536 0.3968518918364079
370.656 0.3115759793644179
371.776 0.3115759793644179
372.896 0.3115759793644179
373.976 0.4846737456779833
375.256 0.5452579638877313
376.696 0.3635053092584875
377.816 0.3115759793644179
378.996 0.29573313295605763
380.136 0.30610973411241055
381.316 0.29573313295605763
391.995 0.01633884712464407
393.257 0.41477626413012836
394.438 1.3296722574061526
396.177 0.9051418987639588
397.216 1.511398398456849
398.52 0.9366394471691089
399.658 1.8398862753329421
400.678 1.539551898035947
401.758 1.2924633218079555
402.796 2.0171392883707977
403.875 1.7787840897913014
405.102 1.7064307916290857
408.814 0.5629604305515596
409.899 6.281273849114747
411.017 1.716733482007884
412.362 1.4269948199887095
413.379 1.7156592767362242
414.418 1.6793315538409435
415.661 1.2633491037784923
416.759 2.2247319473743494
417.76 1.394465921630961
418.877 1.874476796176265
419.898 2.0507253489998907
421.138 1.012959899710692
422.199 1.48005931762174
423.339 0.7652743352810263
424.378 1.511398398456849
425.476 0.6356376992498142
426.556 1.1309054065819613
427.678 0.622041170923615
429.058 0.2528732586146
430.197 0.7659462179283318
459.932 0.011735836451594015
461.276 0.1298233247351741
462.556 3.953120238186052
463.593 3.533397798771026
464.817 0.7127555083499755
479.503 0.03564262871661597
480.515 6.730780800513241
481.534 5.955596687439731
482.543 12.796539727315636
483.564 12.304352093999341
484.565 13.586868617996403
485.566 17.082207539979272
486.567 27.980677356761163
487.734 32.145456654221
488.735 35.733189241793376
489.744 24.417863812889003
490.745 35.733189241793376
491.784 23.846508064541396
492.933 23.14194474147258
493.943 22.976414795110735
494.953 24.382595966912223
495.964 29.51188504840421
496.974 29.02283974119251
497.984 23.155989069825196
498.985 30.85255851608502
500.004 33.56092197746664
501.014 30.232124730408863
507.194 3.0216159548405934
508.204 83.9589292513069
509.224 11.290047252263612
510.225 23.531612427522468
511.243 18.23703367629922
513.043 1.2601517387627568
514.044 8.889720250397378
515.053 17.638473678191822
516.073 14.540212370339502
517.083 10.71080990448771
518.093 9.674279913730835
519.273 18.617027639237023
520.274 37.127655163424336
521.291 26.07802100639061
522.294 28.193962894344
523.295 39.916587006686264
524.494 30.62405775141892
525.503 29.224529917788413
526.515 24.31031554408541
527.523 24.5798828165263
528.524 24.868994948852748
529.525 34.68733980057016
530.535 22.28539480127282
531.543 16.83755377764147
532.554 21.248864810515943
533.556 29.602827580331915
538.403 1.3798463076518526
539.443 71.73036531904536
540.455 10.872799754675235
541.522 9.811577232094134
542.663 0.15292072606842597
543.673 18.330178528316992
544.676 9.045954655126469
545.722 8.173656667074214
547.044 6.599188670350757
549.745 2.006354187178838
550.747 11.144593912595546
551.76 24.28631720692442
553.008 8.668203528471626
554.017 9.856794114283664
555.368 4.132821280688652
556.672 1.602537667336955
557.777 11.160366253394086
558.898 2.801682312215283
559.947 13.80557818956925
560.957 8.98325991989292
561.959 22.985724944728315
563.107 23.136105234212575
564.117 21.076109812056465
565.127 15.37519486289365
566.147 17.106132200399415
569.743 0.4368130559100601
570.763 6.842452880159765
571.783 11.974292540279588
572.793 8.563621864424462
573.823 10.841634078078386
574.843 15.224457658355478
575.873 5.420817039039193
576.874 13.247426255494132
577.973 3.175296604987698
578.993 4.789717016111836
580.003 10.019789910649795
581.013 13.820399876758337
582.083 4.700477081485469
583.094 17.918092411082903
584.098 46.74881029029473
585.103 39.063257114344935
586.104 25.45193369076262
587.113 39.25425024460337
588.133 29.76467002869498
589.153 14.198089726331512
590.223 11.560648930357486
591.243 12.842189532193867
592.253 16.238969855191048
593.274 11.962564535832692
594.294 6.500330236151776
604.147 0.12395999584984452
605.156 31.818423105757798
606.157 35.90749748199725
607.776 12.417785371491844
608.786 12.265604890623024
609.806 12.145353862283583
610.826 18.132500132423374
611.836 28.67732974427355
612.866 17.617655376877376
613.876 11.401829898325628
614.894 9.084061952392851
615.898 13.729204509045664
616.926 7.4681246415751525
617.936 6.910199938379169
618.946 8.637749922973962
619.956 6.219179944541252
621.056 1.903445983026262
622.067 8.456622031414073
623.077 12.611114887541984
627.658 0.6466103166181532
628.676 37.88909818800511
629.705 4.578259288620018
635.666 0.058541368375800706
636.685 38.526568596581605
637.716 12.098163327590154
638.746 4.404413844219344
639.755 4.496081525813602
640.766 7.938869662143822
641.774 12.28994140826315
642.786 12.241364564752228
643.796 11.57458489678511
644.805 8.933383308332575
645.806 14.11896745651348
646.815 14.52580185262856
647.826 13.288977477936399
648.833 9.792648995738588
649.835 11.6786520936593
650.845 8.119484927595524
651.855 10.538054906028233
652.865 7.569649208814403
653.875 3.9733649645680216
654.925 2.8249555462373888
655.966 2.84937879303483
666.874 0.12796666552554015
667.884 11.05631990140667
669.074 15.692518305718536
670.094 22.237971860519234
671.104 16.727432087677354
672.124 12.829599150299561
673.204 4.042691113162049
683.733 0.08285808170010163
684.913 0.4435996994340864
686.192 0.818526419596907
687.453 0.41510519058859796
690.369 0.3590175893910988
697.161 0.025689421149009718
698.943 0.09791388801575421
700.059 0.6253854782941721
701.343 0.27177967047363555
702.605 1.5208463018104708
703.659 0.6621728593702998
704.884 0.4273042002712017
710.403 0.4102539711272809
711.501 1.1160831532149516
712.641 0.7652743352810263
713.781 0.7652743352810263
714.88 1.2712753984996283
715.941 1.3156082823304356
716.962 0.6848243398646077
718.342 0.3568507498212612
719.344 1.741342798843054
720.449 1.1053193114104236
721.503 1.3243457187405996
722.523 1.0263679320239647
723.663 1.0713840693934369
724.863 0.87241274222037
726.002 0.7659462179283318
727.343 0.6505687861449441
728.48 1.2276696460444962
729.542 0.8214809248779378
730.683 1.0704450824789815
731.722 1.3434652430727547
732.759 1.1777992662570087
733.779 1.197429254027959
734.842 0.9848497560342842
736.062 1.5732033056432901
747.361 0.1080961004609716
748.46 0.4767282744373607
749.54 0.6462316609039778
750.56 1.197429254027959
751.999 0.2890386387944669
757.879 0.05934780559322245
759.032 0.45398755015804165
760.212 1.1829325318242305
761.313 0.6339057164180708
762.712 0.3741584312596298
763.732 0.34212264400798825
765.132 0.3738911752373015
766.432 0.40265203487094
768.738 0.7566459169300694
769.872 1.0770527681732962
771.032 0.7520799501899741
772.052 0.34212264400798825
773.332 0.40894347291579847
774.392 0.39274456452158335
775.472 0.9693474913559667
776.483 9.269584084917359
777.564 18.604331161390217
778.565 28.347132399762867
779.593 19.598864315553186
780.594 21.886642119750565
781.742 19.76969809730562
782.743 17.444202942332485
783.752 16.230540816222867
784.763 23.947687132550325
785.774 26.252066772479473
786.783 19.232605597952148
787.785 30.097990115967846
788.822 17.72701051034776
789.921 7.938241512469245
791.063 13.214272949957664
792.072 18.094048290737714
793.272 18.620931475123452
794.283 17.4482548444074
795.302 13.217942485172873
796.452 16.890491854243884
797.662 20.28725397279912
798.672 22.203816052000285
799.742 19.516164372204166
800.752 18.312029836704795
801.762 5.5853661015089955
802.903 14.486444191071289
803.912 24.22825173774504
804.922 23.14916979357022
805.932 17.797805893921904
806.943 12.519161455205634
807.952 17.638473678191822
808.972 11.781473418547018
809.982 20.751145503755083
811.023 8.154472203750993
812.182 18.51712981761959
813.192 11.126154341573404
814.202 19.866824822840112
815.212 14.829905328282516
816.213 27.715010192415352
817.232 15.286961909804106
818.242 19.003049830542714
819.252 17.522888034531345
820.272 18.753727245799954
821.292 18.79411230692859
822.312 28.909363418675007
823.322 24.157033567477455
824.332 20.48611613310713
825.346 23.252856900246787
826.352 15.17033388232537
827.362 11.747339895244586
828.371 6.744122288720403
829.382 5.867860185062825
830.522 4.944384401521574
831.523 17.60513226059088
832.531 14.31422361987457
833.552 19.99457215274893
834.553 14.785110351093769
835.562 17.349757691772616
836.632 19.790685679704513
837.641 16.773842615535358
838.642 8.451273865498607
839.652 12.956624884460942
840.802 13.688686489001995
841.812 14.511419870596255
842.832 18.816745420439354
843.842 18.701233714813068
844.852 18.312029836704795
845.861 14.412033980518125
846.881 10.263679320239648
847.885 13.902991907894345
848.892 13.515033543830956
849.911 12.600240678726706
851.162 9.731330484011568
852.171 6.744122288720403
853.202 6.261740341833887
854.211 4.669007738344894
855.221 3.4550999691895843
856.241 3.9344104060918648
866.531 0.42272296615523364
869.061 10.620676861813202
893.112 1.1614291964383117
894.113 5.752171926727715
895.114 8.729173187051707
896.184 23.774045876291126
897.213 29.278250759323072
898.214 23.86022423416412
899.215 26.85073183473783
900.233 24.8238055090422
901.354 23.184421759075853
902.364 30.770216140084184
903.515 30.00637787499818
904.563 36.81649309274622
905.564 33.67461911845001
906.723 26.972123659960868
907.724 37.27087333739301
908.813 25.07727094147917
909.814 32.357113852581584
910.923 21.283114234359832
911.924 30.147425620406494
912.944 26.490496304022034
914.123 27.427852276135383
915.183 29.865913869722167
916.333 22.861960765238916
917.343 27.094247389969436
918.344 20.6462249279489
919.623 17.448932960836895
920.823 23.650909619962246
921.824 31.136828752850246
922.825 33.012808446213974
923.953 27.626426118134866
925.124 29.31710864767668
926.313 30.622129639285518
927.314 32.24014384928688
928.413 19.86568149727921
929.414 23.22873911833782
930.523 18.94565772846089
931.533 28.0718032694101
932.534 23.412094058142912
933.536 23.54733345558325
934.537 24.002423061698856
935.542 20.388152021320334
936.732 13.6058059760846
937.943 13.39904151666899
938.944 11.330035613251557
939.967 15.409070805144868
940.982 18.17394602441527
941.992 8.872636105089919
943.132 14.318126178010138
944.133 15.442971055898289
945.172 6.7967862205739715
946.212 15.286600127474166
947.213 22.56195913223632
948.223 21.855906680102727
949.232 19.05715122441894
950.234 16.598272820465898
951.273 25.964208988175177
952.47 23.519559103022885
953.593 25.005662596589154
954.602 27.129569303547836
955.632 8.790005407053135
956.643 12.546411579904067
957.653 20.999961227209194
958.712 23.642930183717638
959.792 23.604816013008513
960.803 23.22948571390664
961.893 17.607511475954418
962.902 22.604793150362447
963.922 15.398144921706024
965.073 23.52016260320491
966.092 30.324965583940244
967.112 32.78412744275232
968.113 30.574531776227673
969.115 24.419532348687973
970.123 22.581919563535656
971.132 22.43286315365453
972.142 23.240093476969943
973.292 11.215261747529372
974.473 21.265684280484948
975.542 21.095871608259053
976.543 27.305487762579652
977.572 22.006781111618814
978.574 29.461152541215522
979.792 27.055714933254446
980.811 19.296078193587437
981.812 20.993057552097245
982.982 18.9895958453388
983.992 22.77158394167413
985.182 18.25693759786613
986.192 15.428612526890989
987.212 17.110758858962384
988.222 20.061805610575078
989.416 22.28738655960823
990.422 28.565677590042657
991.442 16.324094966196355
992.45 17.593717704169155
993.453 17.66896108174767
994.454 21.690163094608486
995.463 23.028007302083772
996.523 11.98857528074809
997.533 10.546768425687373
998.541 14.760000981513961
999.592 11.239557221120764
1000.696 1.8928524621443745
1001.922 18.26234194724061
1002.942 7.789417347657022
1003.944 24.295805360349124
1004.952 20.420475086804426
1005.954 23.330811225990267
1006.972 25.38448046817491
1007.973 19.237742992851256
1009.031 23.103979376539606
1010.033 26.376888212562946
1011.112 17.240777316868744
1012.132 19.994417591955152
1013.151 19.27980641347842
1014.262 16.656139654102567
1015.382 19.080953973116344
1016.392 21.752354707341926
1017.403 19.15645918904508
1018.542 12.938444139163058
1019.581 15.736736102451173
1020.582 20.99764461104998
1021.592 21.674438161984106
1022.601 20.82104915545816
1023.602 19.507360124628587
1024.611 19.98612398457425
1025.621 16.224194756638592
1026.622 21.007455820476657
1027.771 15.776040507079227
1028.773 25.380707748838844
1029.791 25.804579493420043
1030.962 20.251668436256267
1031.971 24.60886637658402
1032.991 17.269440743189776
1034.001 20.996551589081704
1035.011 22.462822266795897
1036.012 23.672027398797812
1037.181 23.02576710056637
1038.182 26.538684407647715
1039.183 18.418825551484098
1040.371 21.52409221181408
1041.381 22.068314507155975
1042.522 19.74801265255867
1043.531 22.84838146289739
1044.581 18.481496669153497
1045.582 25.620508107275572
1046.591 20.009003841641622
1047.592 21.885113100099655
1048.751 23.125833281415115
1049.752 26.27824139377585
1050.823 16.90093959540576
1051.851 23.59037544401069
1052.852 32.74675902695543
1053.961 26.504323172305135
1055.061 27.876856922464295
1056.111 27.129218129945805
1057.112 22.969315450899895
1058.281 19.767513967618367
1059.431 21.62432361923878
1060.449 21.589055543704028
1061.59 17.268751845927373
1062.591 16.45403530006328
1063.64 18.51467812688005
1064.641 26.197458188886046
1065.791 22.101233712239996
1066.793 36.65679340932948
1067.8 21.008819715115617
1068.801 21.529361194654328
1069.831 21.94789457274181
1070.832 27.92601490424109
1072.001 23.721213153187023
1073.16 26.75708971530468
1074.321 22.940762556376573
1075.491 20.65106965502799
1076.691 24.812851152363933
1077.811 23.157975770347893
1078.812 20.610547802760976
1079.83 18.325739345811165
1080.861 21.267104910792312
1081.881 21.701029377562257
1082.882 22.935931855188336
1083.97 19.69432564009526
1085.15 25.188983127855906
1086.151 28.173461251080212
1087.153 27.463063512455328
1088.165 25.969040103807675
1089.171 26.302945472454773
1090.172 24.760052298725327
1091.184 29.742981917980117
1092.19 25.734821831567714
1093.192 25.16520384836799
1094.202 21.214304599306736
1095.241 20.955185251119193
1096.25 23.180329002449415
1097.251 20.559325644455452
1098.271 16.78951870090079
1099.273 24.037208258757083
1100.281 24.86597495807233
1101.32 22.451729912879056
1102.51 28.877316216119123
1103.515 29.184238075050455
1104.52 29.2754872039173
1105.55 29.621812992110822
1106.552 31.479098987857256
1107.561 21.43134722132152
1108.562 29.69381645730285
1109.6 28.093849975429908
1110.601 33.20571975883726
1111.731 29.45087169766902
1112.732 30.057468297611223
1113.733 30.568670534232513
1114.735 26.387326086064785
1115.83 24.25011097967917
1116.831 32.32602378634638
1117.96 25.39323493334181
1118.961 31.386186374253
1119.962 35.0126387313015
1121.141 24.65526971033261
1122.2 29.074041432562872
1123.21 21.946712841562807
1124.211 28.57266279827226
1125.321 31.578597311751793
1126.322 37.70524233655602
1127.41 24.253147384949514
1128.411 31.498951573507696
1129.412 26.99802739444227
1130.451 21.098198501135617
1131.52 24.010094501810514
1132.63 15.692605209458632
1133.64 24.907659087099635
1134.65 27.514643142799557
1135.77 25.354723080998337
1136.81 24.790350778745417
1137.821 22.55162287369443
1138.822 23.594939324731037
1139.823 23.617364946277732
1141.0 22.612111929446424
1142.09 23.35034539444405
1143.171 26.6988239917355
1144.241 27.80770915223733
1145.31 25.280087678052155
1146.341 25.33644438456116
1147.449 30.75866399068834
1148.451 24.197918473484332
1149.459 25.049828068053042
1150.46 23.891823973616283
1151.461 27.67563793640439
1152.469 19.38505182529572
1153.63 25.790711853801263
1154.83 26.024641804661012
1155.831 23.343160755547668
1156.84 28.329308107008725
1157.869 26.986270238804536
1158.959 25.667230996671012
1160.17 25.00096274942659
1161.349 26.110307851346153
1162.351 28.54923881234771
1163.549 23.604582380285425
1164.55 29.071505459382017
1165.589 24.859005378350858
1166.591 21.685827820328807
1167.609 27.642966906907027
1168.61 24.63237915787425
1169.709 33.256125466097764
1170.769 21.845246090484306
1171.979 21.240895420634853
1173.079 26.94357008539203
1174.08 30.671624524060533
1175.081 30.341483697767966
1176.101 19.31392364871997
1177.161 26.93633301420532
1178.23 27.285588912817182
1179.24 26.47717735700251
1180.3 20.743145901482926
1181.302 25.954281626878817
1182.469 24.79665902069331
1183.47 35.36240197644743
1184.471 24.675701381316728
1185.472 23.83219220723075
1186.649 24.586632414175337
1187.65 22.17549941546853
1188.651 26.321308780609847
1189.86 21.142734326992798
1190.879 24.68992296464816
1191.929 22.720266181793402
1193.14 25.74443529728632
1194.142 29.06120377849879
1195.189 28.296268278373372
1196.23 25.980855394867376
1197.428 28.1583266580595
1198.431 28.33854862369171
1199.549 14.514087173145201
1200.55 24.838541974138767
1201.619 26.372732853421816
1202.62 18.151119694270403
1203.669 19.886432980810856
1204.87 23.15268153052343
1206.029 22.56590865991528
1207.169 24.335164450872835
1208.19 31.102667793165004
1209.199 30.768477841660637
1210.25 24.158567586224105
1211.251 42.8928237571848
1212.252 31.87802102862942
1213.253 33.2351533871173
1214.39 25.874955064534863
1215.391 32.17605244225285
1216.469 24.834974261619976
1217.471 26.722865531806764
1218.509 27.682336849409328
1219.519 25.43362733898833
1220.529 23.61439597363215
1221.539 21.90048454154731
1222.549 23.325208147263574
1223.639 18.715287031322227
1224.779 18.018182836208794
1225.78 19.5226503211377
1226.789 27.291624423770873
1227.929 20.637233554716627
1228.93 25.973584228331802
1230.008 22.667761831294904
1231.088 24.815083202508504
1232.158 24.038435046953637
1233.168 25.58175717319372
1234.269 24.528050300240235
1235.419 21.84381317134329
1236.42 27.56860656084061
1237.429 29.346777663259452
1238.449 21.103065019504434
1239.579 18.6814978218824
1240.668 20.039435796181255
1241.779 20.18930541206969
1242.964 18.878058539185623
1244.028 23.621635796870553
1245.158 32.82067483628481
1246.159 33.648753202688766
1247.169 32.46215434868075
1248.178 24.836400866756772
1249.188 24.62781619485826
1250.259 31.661469040172573
1251.368 28.060518998978946
1252.528 28.047634247676893
1253.658 25.565016308182308
1254.838 28.552947515231065
1255.928 22.749242296532945
1256.949 24.666918004557772
1257.95 17.467775328617368
1258.959 24.15442943648899
1260.02 19.91841037318867
1261.118 22.17506679667234
1262.119 23.765042760894904
1263.148 22.27972152080067
1264.159 22.84834645374405
1265.268 26.53882607290392
1266.269 32.124957702251564
1267.358 18.343979524750566
1268.368 26.430659194567195
1269.418 26.191696333168196
1270.46 26.851679523660938
1271.549 25.61736512243759
1272.56 25.760703530889202
1273.561 26.38336149477599
1274.598 16.283050257020978
1275.778 26.937332333105992
1276.779 21.87810509336631
1277.868 20.895479585065406
1278.969 20.60042979412944
1279.978 22.85369060100142
1281.108 21.272030457433264
1282.258 25.323371391744974
1283.429 21.58049663016866
1284.558 23.733220011195456
1285.668 24.634824326611792
1286.681 23.29826796300724
1287.728 22.606413394901402
1288.898 25.182431235459106
1289.899 27.370853352656106
1291.068 28.2875464124088
1292.098 22.918356541285082
1293.099 25.165752179433753
1294.18 21.013866376938996
1295.188 32.705608223781084
1296.198 27.624635543134502
1297.368 21.77521622844935
1298.508 21.831016764869922
1299.509 25.15084423783737
1300.557 19.615509814660328
1301.559 28.917492081138132
1302.56 20.802949442167293
1303.568 25.297200972397352
1304.668 23.160795855966544
1305.757 23.04829678078021
1306.759 26.60550310048123
1307.76 24.775597331842928
1308.847 24.703154106263376
1309.917 22.648425074412817
1310.937 25.978687831096344
1312.098 23.141254325237878
1313.1 19.536135043511443
1314.107 16.512168035018462
1315.168 15.445053702676963
1316.278 16.898255606929055
1317.279 21.167365792301116
1318.378 19.576701652746344
1319.387 25.99126481243359
1320.537 18.114376244073757
1321.538 24.43462594968974
1322.659 18.24506858583471
1323.667 29.670956374732665
1324.678 26.402470199395793
1325.767 15.727593945343946
1326.768 23.49822883181091
1327.958 22.54708267045628
1329.147 26.020508378467365
1330.148 28.649113780817817
1331.268 17.261946985401487
1332.458 17.15543558894693
1333.479 13.44052089572656
1334.758 3.492499057885341
1335.759 17.37017290756754
1336.898 20.376520986159196
1338.007 20.315422882232607
1339.008 24.084225613022607
1340.037 19.033813030680133
1341.197 22.148534626676557
1342.398 21.242681680394476
1343.399 23.660432333111736
1344.427 17.218052185250393
1345.627 20.863078989394733
1346.628 25.592093825429476
1347.637 27.86286240215458
1348.647 21.138619844393777
1349.698 22.236158651053355
1350.868 17.8296928642291
1351.927 18.98419921692422
1352.947 18.025836895822938
1354.047 20.976749283337238
1355.048 27.37607750313005
1356.057 24.901627420606292
1357.077 19.493112884415673
1358.078 17.252310976143136
1359.237 16.055684454198435
1360.247 21.506103064801
1361.257 16.884022875754653
1362.368 20.30801133206378
1363.387 20.419957528963348
1364.417 23.909002929998383
1365.418 27.000703178831362
1366.528 20.03501998492489
1367.597 21.66105784558774
1368.747 26.744119831592794
1369.748 30.41589598744564
1370.757 21.860755367497543
1371.758 23.239697092502684
1372.777 20.0036502932511
1373.957 20.14433362193772
1374.958 21.250952199884257
1376.136 18.129357664656244
1377.257 21.817145266796327
1378.437 18.771595760628536
1379.447 21.957836749971253
1380.449 21.483434907305384
1381.457 19.06656711929335
1382.537 15.83173090901748
1383.538 22.92917868506348
1384.547 17.87814334117379
1385.647 20.51712087954118
1386.648 26.765616407503774
1387.778 19.466299068668384
1388.787 21.01824571360788
1389.946 7.490532485654061
1391.057 3.9262499649881644
1392.166 15.039814371009893
1393.167 24.120284993123256
1394.216 16.34007827201809
1395.257 19.311108518515592
1396.418 17.89862318884865
1397.546 20.596372742332967
1398.547 24.567523241014765
1399.627 18.99970684172019
1400.796 17.00929680253363
1401.798 23.644711177886972
1402.807 23.943075176728524
1403.986 18.882933269574195
1404.987 27.189282269110404
1406.056 17.347888650014134
1407.057 27.7752790503221
1408.067 19.60946028566144
1409.247 21.54755274914369
1410.256 23.158026383729855
1411.347 19.81985707789013
1412.367 24.077881430670384
1413.386 27.90472604403283
1414.387 19.3264261326041
1415.388 21.49992756637429
1416.397 21.28066882560712
1417.407 21.415305664294888
1418.418 22.81769006345831
1419.426 23.97606516970734
1420.43 28.110746951635164
1421.436 18.541927718993414
1422.536 18.322638747794404
1423.736 21.080969598745586
1424.847 22.923330058742007
1425.017 44.13382107703048
