0.0 33.80911204689892
1.318 35.498752688073694
2.549 8.490797362403109
3.559 9.663490933656451
4.739 21.197414536389974
5.839 17.642301710301
6.849 23.505499334414793
7.859 16.345080188000093
8.86 23.61619721663603
9.979 19.525500904151713
10.989 33.77662999053331
11.999 25.26707320252925
13.019 36.736713908648476
14.02 35.25527573350046
15.149 28.234657424031877
16.15 34.77198632131672
17.16 37.54867748216146
18.169 36.52391795559741
19.18 36.92940985734219
20.189 31.12033451787032
21.359 26.85513154450491
22.379 31.320056866274328
23.389 33.00422995057587
24.4 32.20575629345434
25.44 21.137050647819223
26.46 17.057970698240077
27.49 29.756042174114434
28.492 23.582238842097414
29.649 26.30299317556699
30.66 33.03317509748207
31.67 27.689371129383293
32.679 29.963112877070483
33.719 33.38558165609076
34.909 35.99902315446163
36.012 38.37774449388723
37.17 36.25048270991853
38.339 37.51356217336442
39.34 36.193298652005915
40.37 35.32247420151344
41.372 38.59310974493705
42.38 36.80234124182137
43.39 32.31841704126131
44.469 38.14664907350868
45.47 34.18219109808004
46.479 37.49784009870803
47.48 31.84801591729356
48.481 44.13230355039178
49.489 21.471302456758774
50.67 3.7584933412718344
51.809 37.161360326298364
52.81 20.69361601884399
53.82 42.079356742090056
55.009 46.71678147264714
56.013 54.54439779554279
57.02 58.71080740976105
58.03 57.90353731906716
59.2 42.91961226409036
60.29 54.6927847896171
61.34 53.67153922257761
62.35 59.78550707378223
63.359 69.47341914004892
64.36 61.68446121191753
65.369 82.41203606423844
66.53 69.71662190075284
67.54 74.54983669476307
68.541 62.82098626522601
69.542 65.16488588963037
70.551 60.404917675424585
71.552 50.10403806925618
72.56 46.971223661820495
73.561 42.515730566105525
74.57 36.80874424273354
75.58 36.38372871918347
76.581 46.45505636883345
77.59 30.512398840488377
78.6 35.36793623248958
79.61 24.904049773173146
80.62 16.870416242112558
81.64 28.182734197092298
83.022 4.5883612115381815
84.041 28.070134025706302
85.042 42.02071007908118
86.06 34.586242534025764
87.07 29.936812006193502
88.071 45.39925963317815
89.08 28.890420327936855
90.081 28.295352515562197
91.092 25.01085004003412
92.22 29.129084252018295
93.231 36.169236024458215
94.232 29.858981306817785
95.24 32.92179515582954
96.25 37.042158065980225
97.27 23.08888313260559
98.42 22.815707594131535
99.43 27.833937981781748
100.431 19.238808382359892
101.44 32.260711593301885
102.451 34.93009460165497
103.461 36.1859245497113
104.61 29.447246829878136
105.621 27.806406885855157
106.631 25.749727614505034
107.64 16.549326077083435
108.65 14.440163313856695
109.66 14.021607855484039
110.67 10.299585084209635
111.691 14.077565563679794
112.7 14.454474674920975
113.73 11.323977170999951
114.751 17.596956954599744
115.76 16.75881121729968
116.911 16.257978956818846
117.92 30.794315611788164
118.921 25.26395016299867
120.023 29.120481767583115
121.031 31.034558490845686
122.041 24.540108459039896
123.051 18.39762353046572
124.052 32.096220763921295
125.071 17.612086058209073
126.08 17.80623691838091
127.081 18.582022547533384
128.11 4.519097320233458
129.121 22.22431013352554
130.651 29.468100843909568
131.652 27.457815514441478
132.671 27.551257394299252
133.921 11.890270836056576
134.922 32.72969880531448
135.941 40.205205822356646
137.231 11.113624362273914
138.241 15.067996501415683
139.243 11.180276290762663
140.261 19.30987927551265
141.262 21.896977327494398
142.271 34.1460778552481
143.282 22.404648919774658
144.291 24.509761405300782
145.302 17.42256070542303
146.331 22.412746654372896
147.362 29.703502195811886
148.363 37.49390439683509
149.371 41.57469555692919
150.491 27.405214764062393
151.492 26.183759044251584
152.503 28.831281377877673
153.512 36.43372296467098
154.521 28.7547450105161
155.541 12.226333217856217
156.551 14.649441043043026
157.571 10.98297729739626
158.591 20.016091362804154
159.592 30.618105334003864
160.593 30.195786639741744
161.601 24.193938717597252
162.617 27.253480658113364
163.621 25.05287875588135
164.622 11.21058557268619
165.632 16.532940605719986
166.641 21.266876307084814
167.652 25.571887060644716
168.713 24.756064715557677
169.714 26.606077738513704
170.715 47.08575599776439
171.882 36.93438958396785
172.883 41.97687290467677
173.922 39.61152221868345
174.923 44.175214587308766
175.931 47.60030255014845
176.942 30.79040248035853
178.111 30.189971013922555
179.112 37.37520444219783
180.114 38.436594512189565
181.122 41.09982070409293
182.132 36.54053403527702
183.142 49.80809954634629
184.152 39.942520980924385
185.153 28.71767120982432
186.161 32.53229967453292
187.332 36.20324639151102
188.342 38.50710217028452
189.362 30.478428516606254
190.372 32.228770294694655
191.373 30.924193773595164
192.374 46.03273767457133
193.382 30.307837484616925
194.552 32.70976283836312
195.562 38.08854671191186
196.692 32.65055188791083
197.702 42.6926567540111
198.703 37.34402448012145
199.712 50.69540393233154
200.715 30.26127924164355
201.717 44.93205377231032
202.722 35.25486135224987
203.724 44.128043502807444
204.732 33.768844360727265
205.742 31.68293481389289
206.902 34.16042979457182
207.912 43.739045399942746
208.913 44.28696851079041
209.914 47.24844748305396
210.923 34.1460778552481
211.962 10.78213363170759
212.963 31.885061416790236
214.092 16.808536661813935
215.093 38.64216052498419
216.65 11.53917344293278
217.823 11.17863804028244
218.824 44.554622244653906
219.825 38.52855432652772
220.834 35.78612599246739
221.835 51.52288069997892
222.843 38.52464396824751
223.844 39.90232493286284
224.853 40.02345297706077
225.854 46.689832221893646
226.855 40.631966916699476
227.863 43.58762537211503
228.864 45.44155324510352
229.873 33.828787496674956
230.883 33.90299212818529
231.893 21.86019087140385
232.902 21.367484302057093
233.913 18.583453434531744
234.934 19.25314113856207
235.942 15.517279245422843
236.943 23.30470630836814
237.953 31.96396053649178
238.954 24.740065057616484
239.963 22.58549951059512
241.113 25.422368664677816
242.133 36.56387410537792
243.143 44.18666720959128
244.152 43.494658502222954
245.154 39.918323449599065
246.163 41.15877668288186
250.192 5.517819495263008
251.343 104.90222947366503
252.353 29.08960435689972
253.354 46.2877341961068
254.364 54.57467519399807
255.403 55.13455869959712
256.404 55.799629260622424
257.414 49.373481104373795
258.421 63.28889370176224
259.423 72.31111694473918
260.424 72.49649895251864
261.463 75.30763568213642
262.464 73.38481915919938
263.465 89.24152779376053
264.474 60.041534460707375
265.476 74.26902227498047
266.478 81.09324062497085
267.479 72.00471994670025
268.534 56.41306644759596
269.545 92.4381467532596
270.546 82.02321221683293
271.553 76.632963435407
272.556 106.10715045761546
273.995 7.641671429327984
275.003 119.50153627989535
276.016 50.077908741131424
277.023 41.65234571456638
278.024 60.18041393235243
279.025 62.75430436613199
280.027 99.14584635204623
281.036 12.776602831829303
282.044 51.58446884289214
283.045 55.957226989731204
284.046 49.31944526116613
285.054 63.536967721123254
286.064 73.73873251336987
287.065 101.56764597004043
288.066 60.629127545005936
289.067 82.47748265441093
290.074 72.20601214349367
291.075 65.52237495977332
292.076 80.24487388474452
293.077 83.40794211676916
294.079 59.24294312242231
295.456 9.670546048021867
296.816 107.3435155759961
297.817 31.885061416790236
298.853 44.47757761799797
299.874 51.3417097028322
300.875 38.87014470313666
301.884 66.82575972898248
302.894 72.10459164848069
303.896 78.4728826445983
304.904 67.03108401240875
305.906 76.43968366144415
306.934 59.81258794861574
307.935 59.969254585221364
308.936 61.65852936226985
309.937 49.95060795884077
310.944 40.30103003357786
311.945 38.09172614496273
312.955 38.29782444109819
313.964 31.73194537315079
314.974 26.787549335850105
315.997 16.07892022099097
318.215 2.5730404305280388
319.224 43.79387923612832
320.225 31.25158337539705
321.242 24.888361494748644
322.244 28.480734369293486
323.246 29.512604808186794
324.294 29.740856318146918
325.295 36.741726400804644
326.296 38.969550126786075
327.305 39.94091460675628
328.314 47.76261196930408
329.315 38.41973317175623
330.324 49.85746337146655
331.356 41.79526814234886
332.365 49.64797823125029
333.366 35.622643603509175
334.367 35.35205710093553
335.375 34.59933885803741
336.384 24.20227152112372
337.394 29.926715273645037
338.445 30.733777848098942
339.454 37.07886981827554
340.455 33.565383531460355
341.465 42.6926567540111
342.485 39.19176622381593
343.486 49.622446575799366
344.505 36.45949880141908
345.519 45.02567001902319
346.525 35.20322913892927
347.535 38.10828123462023
348.544 29.537404770490685
349.545 27.028396432775825
350.555 21.665446317855462
351.556 45.61041898030921
352.564 30.689208896449266
353.575 24.67034595887901
354.595 20.125309152600895
355.605 36.2050471492349
356.615 22.157126596806386
357.624 30.37534533135567
358.635 15.092980943732126
359.655 16.992530912952706
360.724 13.34139083772549
361.735 22.9977801311584
362.755 18.101674681179777
363.854 19.246481952518373
364.865 22.16149721729809
365.887 12.597905697330368
366.955 24.83497550592318
367.965 25.74116068991846
368.974 17.842223035304023
369.985 18.859004986741198
371.225 20.296587724434833
372.235 26.368993877477447
373.245 21.43872877790361
374.495 21.081056004875
375.496 28.295352515562197
376.505 20.636889562311687
377.535 19.001654094338083
378.545 21.34632837700555
379.555 15.587213323680595
380.615 16.227257553848577
381.625 21.76488383537821
382.645 18.28860221600526
383.655 25.531882960732133
384.656 21.70125360515362
385.665 24.050364167984455
386.766 12.670711560000623
387.796 20.735473087322628
388.797 22.382890795892482
389.942 18.50942577094331
390.957 23.948382507381385
391.965 26.001927384222057
392.966 15.796972766622757
393.976 9.83605327175746
394.995 7.882315256301575
396.525 1.6578078939466054
398.315 1.586884327769237
411.486 0.12838539608424096
412.926 0.29357014788637803
420.045 0.05938207795426106
421.056 6.690263310882444
422.072 4.576920415866367
423.805 7.656967798654611
