0.0 43.618611157979174
1.002 33.80826016059038
2.003 47.974352611357666
3.018 60.47572743094796
4.022 72.09726893128729
5.024 67.73119067413191
6.036 62.790638913143795
7.037 51.50743210263075
8.042 53.452938082012665
9.055 54.97037268900146
10.056 64.46205690396543
11.062 74.68822730930665
12.072 57.07898247078638
13.073 57.592180115378866
14.074 62.499234964369265
15.089 69.18659583184542
16.092 59.95805100861208
17.132 56.70797044112021
18.192 55.684077008084216
19.193 56.33298966640986
20.194 60.143848636853875
21.195 54.451665012024996
22.202 45.73695265996231
23.355 47.784894171161284
24.362 67.59000152098685
25.372 54.93911787901476
26.373 53.66653623618654
27.374 65.05090348584427
28.382 60.50585951399309
29.383 59.55500205497503
30.384 53.47025404222692
31.392 55.82780055795557
32.393 64.26577471000581
33.402 55.77247072588624
34.412 54.355518444895225
35.423 50.80362122510367
36.431 46.276763522712294
37.442 39.920540449040125
38.452 49.21688561074722
39.453 56.021922563701935
40.492 67.85606547446889
41.493 74.07988440798663
42.502 69.59801265542427
43.503 59.94756644289426
44.504 62.302952770409654
45.511 46.12760591334699
46.512 57.984744503298096
47.513 64.65833909792505
48.522 60.64061929262498
49.531 63.36678248999868
50.532 53.2739718482673
51.541 40.77857314033089
52.712 6.543689641323192
53.721 31.740328655136633
54.722 37.57139633149801
55.731 32.405357605540246
56.732 32.77912639125591
57.741 28.510838752149247
58.742 34.54566613689246
59.751 24.61631989875825
60.752 23.94642766307318
61.753 31.682930512709518
62.761 27.678515489888664
63.791 19.457091813266732
64.891 15.435207028821853
65.892 28.26463593018474
66.901 25.200497726766898
67.902 28.460918124144353
68.911 27.261631973736986
69.921 23.230215291853504
70.941 26.004504196796805
71.942 14.802805313318457
72.943 19.235655008042393
73.952 23.56183906301554
74.961 22.8637864147323
75.971 21.593179062422692
77.01 23.71644687362223
78.011 27.283224960386654
79.021 21.982245351835715
80.03 24.61631989875825
81.041 27.20770194015887
82.05 20.5270751026977
83.09 11.146375089481706
84.091 14.13231796509237
85.141 27.023313665344226
86.142 33.76053736105399
87.151 28.316112809479694
88.16 13.825541929538042
89.161 23.553863275153947
90.162 35.41229219794223
91.171 37.77683287789268
92.172 29.131261991234506
93.181 33.184261376218444
94.19 32.129780540475736
95.191 30.701519542911438
96.192 37.88246343420594
97.201 35.32624674558349
98.231 37.65809571335044
99.24 39.13991447657953
100.251 30.203504041840525
101.261 40.65742724366075
102.262 34.62716342210376
103.28 39.26002892109275
104.381 45.22310013565051
105.39 41.67135173128368
106.391 32.664341482507595
107.392 38.275027822125175
108.401 33.57371326155755
109.41 31.431727892192495
110.411 41.022978537559794
111.42 39.999669369652686
112.51 31.078654180086687
113.52 34.4323666130524
114.522 34.004346464136866
115.53 35.085442170281404
116.54 28.871676488342317
117.55 34.82143290246543
118.561 30.397844769984516
119.57 29.793069228441137
120.571 29.916390767072972
121.58 34.07703996717124
122.59 27.509944475396743
123.651 29.891247354592107
124.67 32.97136351546759
125.672 27.53349844710293
126.681 36.60847722187538
127.7 31.123271288736237
128.71 38.128496362476106
129.715 34.098341923600714
130.741 31.86842672903519
131.75 34.66121779517988
132.751 30.701519542911438
133.76 35.05066968051898
134.77 33.54047196129857
135.783 36.85183659346438
136.79 34.811070047500515
137.791 34.62716342210376
138.8 34.66121779517988
139.81 30.427941645994405
140.82 36.183164915411
141.821 32.468059288547984
142.86 33.54982585339696
143.87 37.155830638943556
144.871 34.430881228144145
145.88 36.80320316454493
146.882 33.80553673970779
148.16 26.201602970523286
149.161 32.77912639125591
150.17 32.405499949065586
151.171 37.48989904628671
152.18 28.316112809479694
153.19 20.036913904770604
154.494 1.804559605902322
155.499 54.044014118039534
156.5 38.160242913376855
157.52 41.41458075786158
158.521 31.682930512709518
159.53 32.600083548209795
160.539 37.19265504988404
161.54 36.19742097378069
162.58 41.830117319650746
163.581 29.246046899982822
164.589 33.80193963994557
165.59 36.11592368856939
166.591 36.001138779821076
167.599 32.746412692262645
168.6 26.187029081840265
169.601 36.11592368856939
170.609 28.539123314403366
171.63 35.68080006944961
172.639 35.05066968051898
173.67 10.100251441454434
174.679 14.880022765280751
175.689 14.200919563575287
176.699 9.143057801206005
177.709 10.50478981415158
178.719 12.061054971803665
179.759 8.579913662891757
180.761 30.39337704970485
181.769 32.82734402410442
182.77 36.11592368856939
183.788 27.87276949765367
184.789 37.68618124024632
185.79 37.37511413753839
186.799 34.35261703223574
187.8 41.80810731339826
188.809 38.0524099429572
189.81 36.19742097378069
190.819 34.85594373784944
191.829 27.509802272805583
192.839 20.815046483596653
193.849 14.006386418868773
194.869 22.424590212069916
195.87 50.05195945970215
196.879 45.06254387906098
197.88 42.67473337444803
198.881 66.4248788435616
199.889 51.5395798482545
200.899 50.2703224060585
201.91 51.775324865823634
202.912 47.14212880175122
203.919 53.07065095707312
204.92 57.39589792141925
205.921 45.22640189592304
206.929 63.2347272383483
207.93 62.8917993522885
208.939 52.851581585842986
209.955 38.950543788745335
210.959 43.916659927336944
212.175 43.36648460342086
213.189 56.27705409741597
214.309 51.82386539982267
215.31 45.144904610711734
216.319 39.610217484313594
217.329 51.242988129591055
218.349 38.79793736664934
219.35 50.837088235540605
220.359 47.98343301910424
221.36 46.404095059680735
222.369 41.94692879634819
223.37 43.96721144695404
224.379 39.41549154164404
225.388 35.71569863092259
226.399 37.507760531790446
227.409 37.82020114484181
228.419 42.878062907211095
229.42 46.207812865721124
230.439 41.84085311611969
231.449 37.6256680001353
232.459 38.59833372366786
233.469 37.93396321776959
234.478 37.07878022960944
235.549 34.748842927658586
236.558 40.50299607526638
237.559 43.067297762367254
238.56 39.9267826590134
239.562 47.64897176179534
240.569 52.76143728298113
241.571 36.945641017334104
242.578 44.176479039925184
243.639 43.96510615541375
244.809 31.067109477274816
245.819 39.3764663024939
246.828 43.89418822304369
247.829 46.12631558050982
248.83 41.300614535594775
249.838 42.37838105934769
250.888 41.24461289169829
251.889 44.16349364091366
252.898 32.794809490879345
253.899 37.68618124024632
254.9 33.44947025834607
255.908 37.31048385697371
256.909 39.256438791923244
257.918 34.54734297490529
258.919 38.55280730129609
259.928 42.644981444631426
260.929 39.9267826590134
261.938 41.55747691100909
262.952 40.690808670858914
263.969 36.014331708025196
264.978 41.16802502567
265.988 38.128496362476106
266.99 34.78869167832279
267.998 40.4291898276654
269.0 37.648570280924716
270.008 33.996858763113806
271.018 42.488996617798065
272.028 35.98863177070449
273.029 31.4866483187499
274.03 35.330794912730916
275.038 28.149285068066906
276.039 31.601433227498216
277.048 19.55344538934995
278.058 22.565844785955246
279.059 23.046513978486402
280.078 28.536618715141536
281.088 29.649809067168356
282.089 29.0497647060232
283.098 24.34074283369374
284.108 16.81076371912981
285.128 29.47177142303638
286.138 27.70447762010325
287.139 36.11592368856939
288.157 37.13698055401088
289.158 25.712967408709726
290.178 24.736101696229632
291.188 32.681568310693805
292.198 25.175546738918612
293.207 22.00403152165914
294.218 24.567622925664757
295.227 25.509098489711036
296.238 15.935939707807337
297.258 11.252284705297955
298.267 14.409719757546693
299.268 16.487704292607763
300.288 16.180580389118013
301.297 16.827282191976252
302.307 17.897049312998988
303.308 22.376170111396252
304.309 38.7490894952557
305.31 44.04870873216534
306.477 39.12989310207893
307.495 54.041231162083726
308.498 38.67182311540475
309.508 36.45846913189624
310.518 43.76995755896492
311.519 39.9267826590134
312.538 40.764020854662434
313.547 38.83131371363539
314.548 45.34118680467135
315.558 35.48580340836368
316.567 37.27350617227899
317.569 38.23682919156416
318.577 35.36129262529141
319.578 39.45272098588286
320.579 39.53421827109417
321.58 30.505237348951823
322.599 30.271953637008252
323.607 38.4799985959831
324.608 40.123064852973016
325.609 51.229652623459835
326.637 49.581229675362515
327.638 36.393703167740306
328.727 33.2723768546873
329.728 48.874266295944444
330.737 38.24713588562674
331.747 37.431134855428795
332.748 37.29361685232709
333.767 39.22150092411424
334.847 30.093080877626416
335.857 36.76676434953053
336.858 30.306229013409432
337.861 34.084999851168696
338.867 22.544067999882795
339.868 37.48989904628671
340.879 37.199770255024234
341.887 39.064755965487784
342.888 44.16349364091366
343.898 36.45846913189624
344.918 40.33880421430772
345.919 42.78951828319634
346.92 36.98254974961916
347.927 39.10354916902848
348.928 39.06015659796364
349.929 37.96396071941724
350.937 50.17514598607689
351.938 53.86281843014616
352.945 49.24940891082187
353.957 38.24729229471783
354.967 25.95367931774466
355.968 46.12631558050982
356.969 45.61896628384227
357.97 52.88140746034807
358.975 40.94087591899887
359.996 37.02786112045356
360.997 45.53746899863097
361.998 41.30075801673071
363.007 42.33638068168729
364.016 46.42562547774784
365.017 48.481701908025215
366.027 42.29446347309156
367.037 38.59833372366786
368.076 44.51782548468416
369.077 33.95681955501361
370.086 28.705564694818793
371.097 38.673804900654396
372.098 37.96396071941724
373.106 38.4799985959831
374.107 39.64900317984248
375.116 27.926660924140595
376.126 29.763571140096147
377.127 31.094083930830667
378.128 33.95681955501361
379.136 30.29339542291743
380.137 42.67473337444803
381.146 32.713958368484384
382.166 30.70750636364223
383.167 34.54566613689246
384.168 35.60857439190184
385.186 37.90899814204065
386.187 35.330794912730916
387.188 32.46791580741205
388.196 34.305765677608484
389.198 32.63174233931148
390.206 39.958420249487155
391.207 34.234599034184534
392.208 36.001138779821076
393.217 42.450255501961884
394.237 40.1461782572944
395.238 34.234599034184534
396.256 34.74079146133954
397.257 29.131261991234506
398.258 36.11592368856939
399.266 35.36129262529141
400.276 31.98420680364649
401.277 43.96721144695404
402.286 35.32624674558349
403.287 33.76053736105399
404.296 26.17412744011465
405.297 30.227457869780903
406.298 25.990746887880647
407.316 32.03872990323536
408.326 25.175546738918612
409.327 28.06835373622512
410.336 22.8637864147323
411.346 22.954911075368265
412.356 19.647847615357588
413.357 15.587790608020985
414.366 20.056772094963637
415.375 18.498964553607237
416.376 10.288171371111346
417.386 19.064248181238053
418.396 18.675181891825034
419.416 10.209175721705412
420.426 6.694897991800093
421.446 10.979679549758652
422.466 8.860794022612245
423.477 10.688740047919557
424.536 5.565962497268438
425.585 4.307917017666582
426.628 4.709455324869987
427.676 4.124548163529264
483.041 0.06387812825366866
484.101 4.154816281014323
485.102 15.506293322809682
486.111 18.69369049627679
487.121 16.729850444759922
488.131 18.755952963603757
489.141 21.787712207129204
490.151 21.593179062422692
491.171 17.801567243750483
492.191 21.76673314250399
493.201 20.42598019418363
494.211 13.50355805652797
495.221 15.562651576520858
496.231 12.255588116510177
498.161 4.581104366275085
499.17 15.47954206213195
500.171 11.97321383153659
501.181 13.617320129455754
502.182 20.217065977840473
503.201 15.890886974572851
504.21 15.188623528224893
505.211 19.235655008042393
506.221 21.479416989494908
507.251 24.607498469719694
508.252 25.516685214750108
509.253 18.33574132345561
510.261 21.830941794841763
511.27 20.72180104536725
512.281 20.01709499883117
513.291 22.176778496542227
514.31 15.31244200061728
515.32 21.982245351835715
516.33 23.14944422007478
517.331 28.346133215396044
518.341 29.763571140096147
519.351 18.172353529484226
520.36 22.198757464328686
521.361 30.031175675821288
522.362 20.49484545701139
523.381 15.232384314163388
524.39 14.799171642885794
525.41 15.29742980257746
526.42 22.565844785955246
527.43 21.593179062422692
528.431 13.821250862384439
529.45 18.510239166578298
530.46 16.14625101064039
531.58 14.984151121027196
532.61 20.220115021630136
533.63 13.291191033918366
534.64 13.033720695336221
535.71 10.54285226471994
536.74 12.589882937996123
537.75 12.255588116510177
538.77 9.631297850665483
539.771 11.776931637576974
540.78 12.153859567907054
541.782 16.27516319435808
542.81 16.245788397912403
543.82 17.897049312998988
544.84 15.875307673617387
545.85 19.258781325944565
546.851 18.25424403824431
547.86 15.269474650619852
548.87 14.979052142401327
549.88 12.644654405923198
550.9 12.13543529183851
551.927 13.20059868996761
552.94 11.330039880951542
553.952 16.3084901155142
554.96 16.763044592467782
556.25 12.247951065722932
557.26 27.81823969303104
558.39 27.196655807481722
559.41 33.935438472060206
560.43 23.772971911163083
561.431 28.26463593018474
562.44 26.677454145728337
563.45 23.230215291853504
564.46 29.763571140096147
565.469 21.11139527423169
566.47 30.620022257700136
567.472 23.61177237617327
568.48 23.390294780187602
569.489 19.083142381615893
570.499 10.585560885930308
571.5 13.739753577173136
572.509 16.162253241572643
573.51 14.328600159051986
574.519 15.65849950538292
575.52 21.39475914159817
576.53 21.593179062422692
577.539 18.774968649247782
578.549 21.593179062422692
579.55 18.450526232203927
580.56 18.172353529484226
581.57 17.11891673417295
582.58 16.729850444759922
583.589 20.332349160028148
584.599 21.982245351835715
585.6 22.768734499315485
586.61 18.366886674190738
587.62 23.14944422007478
588.629 23.17238717767644
589.639 21.284883844788396
590.64 27.283224960386654
591.649 28.705564694818793
592.66 26.041657571294923
593.669 22.474334529393197
594.67 22.179887917436634
595.679 21.030401808311392
596.699 21.461460427003367
597.7 35.52707710669054
598.709 23.058512357401852
599.719 24.705709377726865
600.749 22.206875743991564
601.759 22.954911075368265
602.769 25.289308811846396
603.77 23.43864792299783
604.779 24.730194719032838
605.789 21.6743767419749
606.79 41.022978537559794
607.791 30.897801736871052
608.799 38.59398638730955
609.8 23.046513978486402
610.809 28.040535744415184
611.819 20.701284410668865
612.839 29.664397380049685
613.849 26.53685214409071
614.85 31.99399761541745
615.859 35.91085160416817
616.86 31.012586645619365
617.869 19.94275493116371
618.889 27.738137809916594
619.899 26.53727875186419
620.919 26.582382067836733
621.92 22.572452305355867
622.939 11.841772156883849
623.952 21.335273817268853
624.969 18.9330291672079
625.979 11.752759754169372
626.989 11.477455537684133
627.999 14.200919563575287
629.0 11.97321383153659
630.028 11.849869184359633
631.039 12.907179237025243
632.04 14.917446740930833
633.049 14.799171642885794
634.059 21.204112773009673
635.069 22.257549568320954
636.078 26.482728203058787
637.079 32.664341482507595
638.089 37.431134855428795
639.099 34.4323666130524
640.168 22.315691671729834
641.188 15.602702518078084
642.198 9.726657235325536
643.229 8.194543622312088
644.239 9.726657235325536
645.258 20.518446766217426
646.259 24.731556438911646
647.26 26.301813990588577
648.261 31.4866483187499
649.299 27.903578783306514
650.309 33.07063460010683
651.339 24.68670117117262
652.348 26.482728203058787
653.368 19.647847615357588
654.369 24.224207142244097
655.379 28.012772837737547
656.388 19.55344538934995
657.399 24.29259101799899
658.408 21.030401808311392
659.418 16.032488937712607
660.419 22.376170111396252
661.428 19.667320209624542
662.448 13.178544275431051
663.47 12.303935884372656
664.488 19.49344409775163
665.508 11.17230550677196
666.728 11.179175112371516
667.788 5.009366247541594
668.938 3.075315278925535
670.079 0.6887939567171809
671.108 7.637647275163299
672.429 1.6360811791743637
673.448 10.41200953120029
674.468 9.438671893652174
675.488 11.75018337781189
676.518 5.15040665645296
677.628 1.4895554880406494
679.388 0.7814484847017221
680.398 13.617320129455754
681.399 23.161298887234718
682.4 20.217065977840473
683.408 23.47122611202938
684.418 24.705709377726865
685.428 14.087157490647503
686.438 24.12210994360733
687.588 26.723670489090736
688.599 30.122812862318753
689.6 19.03937281408278
690.608 14.89478469262726
691.609 34.938230524811694
692.61 36.19742097378069
693.618 36.06003778612256
694.628 36.069402842483214
695.63 43.22040273082156
696.638 41.98854281301123
697.639 42.00438950735788
698.648 38.44186182829628
699.649 44.63755531404419
700.808 43.977139004549315
701.809 52.996192369096384
702.818 25.395223669436447
703.819 40.711911434851864
704.821 46.27636763696996
705.829 45.107248783702914
706.838 48.76233678978244
707.848 55.328184168427775
708.849 53.86281843014616
709.868 53.29699529036649
710.869 55.040511593903844
711.878 61.22479712063363
712.888 57.468048760199395
713.889 61.51782399457118
714.898 47.00980330575649
715.9 51.96287043981797
716.908 53.87875181101242
717.909 48.95576358115574
718.91 44.04870873216534
719.917 33.44528123610525
720.928 45.08704892940614
721.929 40.123064852973016
722.938 35.520972688253046
723.947 25.89855037505014
724.957 24.90024252243338
725.958 27.36472224559796
726.96 41.06345339181025
727.998 50.42856786064325
729.018 57.867766302518895
730.028 70.30723631082911
731.03 51.45602747977384
732.038 52.04340588591741
733.048 45.796060077808754
734.049 50.32973893887306
735.068 52.52573532509239
736.078 49.88125611664548
737.087 35.71569863092259
738.097 31.903435731867766
739.127 25.831235983717725
740.128 18.25424403824431
741.139 16.324621164095326
742.157 12.352281408476282
743.167 15.059823214180055
744.168 34.54566613689246
745.177 31.626453834862044
746.187 21.204112773009673
747.228 25.17956146913397
748.229 39.45272098588286
749.237 27.760729184382864
750.267 20.983138229993536
751.277 12.255588116510177
752.367 14.675537019207484
753.377 25.87290824596593
754.387 30.930770008335212
755.389 27.141325840009962
756.397 31.187059706916806
757.398 34.038316840224915
758.407 30.458098178844743
759.417 41.43555982248679
760.427 21.479416989494908
761.437 24.705709377726865
762.537 22.579878888951885
763.547 31.903435731867766
764.549 23.530356425577946
765.558 22.084882644054098
766.567 28.429987629754283
767.577 28.288077054222786
768.587 47.15779209075433
769.747 45.12487365461008
770.977 47.828165164565604
771.98 58.17956871147759
772.987 43.39602829055646
773.988 44.244990926124956
774.997 39.610217484313594
776.007 43.380891269551896
777.008 35.60857439190184
778.017 37.85768400028764
779.018 42.593236089236726
780.027 37.46823211494854
781.037 46.18512636722177
782.039 33.53075790644858
783.047 42.76821930568415
784.048 41.889604598609566
785.049 46.992798160423646
786.067 31.266712315205588
787.068 22.06510300868832
788.076 36.64479515562724
789.096 26.46973530934942
790.106 17.11891673417295
791.117 18.26802844553524
792.126 14.295844937272102
793.127 25.909249602669345
794.128 36.393703167740306
795.137 47.70785595403973
796.138 42.47845118048841
797.139 34.82344561606338
798.187 45.260392686553715
799.188 39.256438791923244
800.189 46.600377253640346
801.197 40.23427070449717
802.247 47.60677307190931
803.258 30.511494318606736
804.276 22.195505655855822
805.297 7.777392584367824
806.299 25.295133157496295
807.302 30.83619096571079
808.306 37.96496451573079
809.307 41.1044758227711
810.316 42.920558509695944
811.317 38.275027822125175
812.318 37.767678525457626
813.339 35.216024619103216
814.341 55.181667247157016
815.346 34.098341923600714
816.348 37.33781362442707
817.356 37.0346334019637
818.359 45.3321104426446
819.361 58.122961800354254
820.366 26.66930501431127
821.367 77.4166817053001
822.369 79.69245519046737
823.373 68.96613783720639
824.476 61.24684939770584
825.536 55.498719955109145
826.576 56.56600303116894
827.577 56.13670747245024
828.578 43.45986215028649
829.586 35.75113087162787
830.587 48.563199193236514
831.597 52.215653853123605
832.646 54.39498271404529
833.648 64.00282748586615
834.656 53.68639741314904
835.727 54.56179850617045
836.728 72.11706246839046
837.747 75.27790430067822
838.748 79.9683502267751
839.751 70.87924970731197
840.807 52.173954289881465
841.808 91.35271747643287
842.887 76.81241522302915
843.888 83.5014297180482
844.892 82.27344498705017
845.926 66.66404663321526
846.927 66.6211610375212
847.936 50.90432215914748
848.937 72.70590905026931
849.938 94.88579696770594
850.945 32.274605112052164
852.186 27.930532300987807
853.196 36.024299393866734
854.205 26.563579325453745
855.206 32.19027980937707
856.216 26.92591843350373
857.217 44.94862241675212
858.226 55.57817181379271
859.236 36.84753542130926
860.245 38.0524099429572
861.246 40.43413195568095
862.247 31.290366124790285
863.306 38.66770710334305
864.308 43.37836486507519
865.316 43.54775331361792
866.318 85.77113060040834
867.32 77.6169218020514
868.326 82.69579939906471
869.327 69.95795833483469
870.328 61.91038838249042
871.336 60.70077863716132
872.337 65.72124735293443
873.338 80.36091461469434
874.347 69.98746454076338
875.356 70.18219048343292
876.357 56.61076914558078
877.365 53.87860932627327
878.376 67.90560530177497
879.377 62.106670576450036
880.378 57.78846230933848
881.386 58.94650652864725
882.396 60.6613501472823
883.406 64.66577511434029
884.416 52.0211207084171
885.417 52.603627981177155
886.425 45.69200615320761
887.426 43.85242653820572
888.505 31.031436263766828
889.506 36.901052464407854
890.516 35.48580340836368
891.526 48.71405724840642
892.535 37.38738099255358
893.537 35.376950588962245
894.555 39.45303331810019
895.556 46.12631558050982
896.565 31.821179777531594
897.575 38.98740001308087
898.577 48.43331697598127
899.585 42.18346193617946
900.586 32.468059288547984
901.587 48.874266295944444
902.597 44.23979492015667
903.598 52.685125266388454
904.606 46.66660176904876
905.607 49.5446101630346
906.616 47.78870707643469
907.617 44.35977583487327
908.618 38.160242913376855
909.625 34.811070047500515
910.635 33.26516774481334
911.637 33.22000124995093
912.645 35.47528041661786
913.655 25.370079883625124
914.656 29.442329093942433
915.661 24.90979627263746
916.665 33.85535495474963
917.675 29.649809067168356
918.676 33.56425516709437
919.685 29.095016580157896
920.695 30.7362368636287
921.716 19.516067457402226
922.725 15.772801356233542
923.744 17.931794192622725
924.815 13.101354425210458
925.824 12.073008445512095
926.835 19.04539135811121
927.845 18.0915824577055
928.855 21.67395013420142
929.864 26.093276317719692
930.865 13.150906995294289
931.875 12.530892332995414
932.895 23.11511484159716
933.965 6.794115530544212
934.996 13.339954733996422
936.144 7.088150091283209
937.154 25.094775667139885
938.155 13.54347138321352
939.176 11.353800287033277
940.184 11.19132135243089
941.194 11.866521827097156
942.284 4.14587610232316
943.285 22.179887917436634
944.295 39.570999447200414
945.296 35.85364017207949
946.297 29.786109895643637
947.435 25.62424714694705
948.437 42.593236089236726
949.444 18.226491623415164
950.455 23.126546649135044
951.457 25.88339206813574
952.464 25.835886429760205
953.465 20.217065977840473
954.494 17.948471096633753
955.504 8.44569629415869
956.524 10.401801678718721
957.544 8.860794022612245
958.554 6.6141269200213655
959.574 7.897664237545696
960.594 8.282916151572316
961.904 6.811534510998037
962.905 10.01039189194043
963.924 4.820374782963097
964.944 3.852519140266194
965.954 5.05786176236928
966.955 14.328600159051986
967.956 27.56100443955758
968.964 37.81430989463662
969.974 20.312218121255842
970.984 9.143057801206005
972.046 7.215311271176515
973.074 5.3515538251946735
974.084 11.477455537684133
975.104 11.75018337781189
976.124 11.637536619324575
977.136 25.045181248825383
978.154 26.95571644169726
979.164 19.404965589656765
980.166 31.569894870983745
981.184 26.328875406679668
982.344 34.4540598635107
983.364 44.49659607007454
984.384 28.588620836495828
985.403 18.12460918394125
986.424 10.968925701032147
987.504 12.446402926795992
988.514 15.383349470894442
989.524 15.562651576520858
990.624 25.080514039997393
991.634 25.119646604371937
992.636 29.412945531972433
993.644 31.267991038758584
994.664 23.11511484159716
995.674 16.616088371832138
996.675 32.38656200333668
997.676 41.69332240464995
998.684 33.72100830810379
999.685 33.8420346462653
1000.686 34.038316840224915
1001.695 34.66121779517988
1002.7 28.03781181339091
1003.703 31.734310206260506
1004.724 26.82868459142366
1005.734 19.647847615357588
1006.744 21.398645917716184
1007.753 36.68932834427034
1008.763 31.98420680364649
1009.764 31.012586645619365
1010.773 27.926660924140595
1011.774 37.09733465836747
1012.775 42.67473337444803
1013.789 39.996198096778244
1014.823 46.744395680637965
1015.834 42.8356513712
1016.853 44.62032068103291
1017.855 35.57303689250873
1018.856 47.69657313218674
1019.864 42.76821930568415
1020.865 40.90819362881148
1021.873 40.23427070449717
1022.874 41.41554292547903
1023.875 38.55280730129609
1024.883 36.725726487469025
1025.903 33.70954247732919
1026.904 36.19742097378069
1027.905 44.752340222792505
1028.913 34.58161613261849
1029.923 31.78967365893998
1030.924 29.638611287902055
1031.943 20.052759097126486
1032.944 21.476256426809474
1033.945 41.1044758227711
1034.946 44.55605802883289
1035.953 39.493774543712846
1036.954 41.889604598609566
1037.963 65.70349380203328
1038.973 45.60152693310224
1039.975 52.7472156540039
1040.993 42.348099273211815
1042.003 23.42474843656002
1043.004 36.901052464407854
1044.014 35.68033655307019
1045.015 55.040511593903844
1046.023 52.1243372177592
1047.213 39.529356792606
1048.223 41.43555982248679
1049.224 31.682930512709518
1050.233 34.66121779517988
1051.253 28.395994879482515
1052.254 30.42374006374052
1053.255 25.009192436946634
1054.263 33.915927431272024
1055.264 34.038316840224915
1056.273 37.07878022960944
1057.274 29.0497647060232
1058.323 24.05226285048067
1059.333 23.5385105094878
1060.342 15.383349470894442
1061.352 11.088389248271113
1062.982 3.134012503063173
1063.992 8.6402294388652
1064.993 10.206674085900046
1066.002 15.578075413563994
1067.053 4.299719268822307
1068.083 5.346353092614309
1069.092 7.010133936103796
1070.102 5.6414611964888115
1071.473 3.3556409438575923
1072.483 10.699322958858092
1073.502 16.400549992560997
1074.753 6.90132932165598
1075.762 8.762667420129745
1076.763 16.37291938385945
1077.798 18.41392481825783
1078.812 23.639422180213266
1079.822 15.059823214180055
1080.832 17.897049312998988
1081.833 17.076550874486614
