0.0 1.3921884042733839
10.127 0.07504339976609693
13.913 1.4555010847374075
15.193 0.42101364460794005
19.891 0.057309115735797715
21.209 0.408555729479177
22.654 0.3726480632896576
23.671 0.794213055241232
27.234 0.5289552568306044
34.152 0.03891850617617486
39.454 0.05079008219709067
41.253 0.44922952012254336
42.694 1.4947299138197232
43.894 1.794921504845184
45.132 0.4349567459237118
46.492 1.7817235526036754
47.632 1.6532171755153013
48.633 1.6138155388218438
49.655 1.3172124546319846
50.771 1.6887702330532648
51.855 1.490248481882533
52.953 2.69728641438484
54.094 1.6517682559925009
55.133 1.2956603740460906
56.213 2.3314881551524214
57.214 1.8827847952921513
58.312 1.7164549909721707
59.59 0.8426861525094761
60.61 1.3197952241508708
61.833 1.5410200981908777
63.454 1.6609390852978263
64.63 2.5183847644511514
65.673 1.2906913984984547
66.79 1.4462214452646964
67.835 1.5458654108714507
69.032 1.3495650412369806
70.293 1.2810700668998143
71.631 1.207346303707523
72.634 0.5368658538918797
81.357 0.21605727159090263
82.473 9.493865572910343
83.574 3.2651772120542466
84.651 2.9998688103262134
85.731 1.7450625741550403
86.811 1.7450625741550403
87.874 1.772970442227134
88.954 2.2436518810564805
90.032 2.4975716672242827
91.09 2.2903062679971633
92.151 2.03007144751576
93.232 2.241576347401479
94.251 1.5853084929937842
95.41 2.55532397152248
96.43 2.6395904483017416
97.911 2.1278506651193694
98.972 3.04510717127364
100.089 2.169332167897044
101.511 2.3052696801439003
102.591 2.9915358414086404
103.611 2.9035494931319157
104.75 2.600193575939029
105.952 3.1358861565514866
107.211 1.1489793713867265
108.212 2.6896925647030736
109.329 2.6514059829852767
112.415 0.3502285863112555
113.852 5.648231792279801
114.951 2.4498473678505697
116.072 2.641945123099513
117.111 2.591320748092181
118.333 2.86423644390189
119.451 1.8827367846639564
120.512 2.79134824033417
121.552 2.5888290935267078
122.589 2.596318473739418
123.632 1.9683043827101432
124.69 3.3082201648847915
125.733 2.3232445172972183
126.97 3.264812761440311
128.09 2.4039127297033716
129.109 1.6349459543363036
130.172 3.0393779009608015
131.252 2.4929465345072006
132.632 1.6546433463016326
133.689 2.547192296374434
134.75 2.28383037845523
135.831 2.241576347401479
136.97 2.3667498278599735
138.01 1.507690159950825
139.149 2.3638123417627535
140.169 2.9035494931319157
141.249 2.4929465345072006
142.443 1.5809210666793545
143.492 2.8232797740653512
144.672 2.738015854848586
146.732 0.26139633565706566
147.872 5.453579506824651
149.011 1.6546686392339276
150.036 2.364042957600974
151.149 2.6609348454578203
155.77 0.9891261344217228
173.372 0.3670006881789592
174.751 0.585724929064781
176.071 0.8158734112932656
177.171 1.7133341637158577
178.172 1.6138155388218438
179.228 2.039683528233164
180.29 2.028159892480434
182.348 0.6371989703629537
183.729 0.7798355560514921
184.99 1.9231301837626975
186.069 1.247628478808052
187.31 1.301715837518667
188.371 1.2687946546973499
189.428 1.273596148187217
190.471 1.2906913984984547
192.17 0.5677301337762053
193.55 2.0675290371510227
194.793 1.734223676178922
196.071 1.0533576906368454
198.032 0.41188917755243903
199.111 0.9981027830464417
200.072 1.1206585878325812
