0.0 40.98064569423059
1.002 36.055797009409645
2.11 24.236542428071214
3.111 22.33480174615823
4.13 26.21027006972906
5.239 30.102538528015835
6.38 37.29512193592445
7.382 42.344412639056515
8.43 41.409303558524506
9.579 43.39061747053057
10.769 33.732583866551856
11.78 43.95895119506438
12.829 38.47515209263819
14.019 41.51977368018851
15.22 42.56611205337995
16.23 31.952552535647495
17.233 50.99883506624085
18.349 44.56424821925823
19.35 55.02650530503411
20.351 46.516534281086756
21.352 58.8490611921665
22.359 45.843941264641664
23.369 47.97920770650236
24.37 48.607099185692114
25.549 52.64016699334067
26.699 50.930477546148495
27.7 61.87409509383587
28.71 48.37370415188486
29.72 54.12353725877297
30.721 50.61728994899106
31.729 45.35567247135856
32.889 49.93811113293865
33.89 55.99613798891966
34.891 48.66474849537915
35.919 47.973678826569795
36.949 55.09964965205614
37.95 56.479100463019805
38.961 44.596768567364045
39.962 50.71393028556186
40.969 47.97079558624203
41.97 37.69140572389178
42.979 44.32504533032287
43.989 42.09507037106306
44.999 31.33366252923462
46.0 34.441635197944535
47.009 42.48623211076716
48.039 39.860646619892464
49.04 56.43221554725773
50.06 45.92670611700144
51.061 49.07678557395146
52.069 39.81404370499502
53.07 33.266522194469054
54.071 37.37182282869723
55.072 51.07872363524127
56.269 45.31387659943331
57.298 45.17503450294252
58.46 34.697493457509914
59.469 53.87555428230196
60.47 51.425456724002125
61.478 24.421791808830484
62.479 39.24494697601828
63.559 38.84411317298744
64.58 47.82233582125079
65.581 52.963210198371996
66.583 45.467272894351886
67.598 39.44392081750242
68.748 41.36526019326859
69.749 51.092358534212885
70.75 41.25083198174724
71.751 53.653925475223986
72.94 46.40104785568092
73.949 55.737624092877425
74.95 59.57206965079339
75.959 45.09808966957599
77.008 51.094634323882865
78.209 50.8555772213639
79.218 61.16151201177213
80.219 42.363391896080955
81.408 44.62220525347992
82.409 62.094286751789895
83.41 49.43715356168394
84.411 60.75400010375466
85.438 46.31347935658374
86.441 50.12555426131112
87.619 38.24591730293196
88.629 56.56223178126522
89.63 52.77244121714621
90.748 42.23169655526925
91.749 53.98977456568293
92.75 36.014911172266785
93.789 33.377064036110625
94.878 34.17443539547642
95.879 44.01345388040131
102.196 0.3105696184235995
103.758 4.569363089918124
104.788 36.32425593279492
105.789 59.63282867428098
106.791 67.54657187916214
107.947 49.685452248219825
108.948 59.89368582039599
109.958 39.32968347973842
111.127 49.74618477253408
112.128 56.61365538708188
113.137 52.99073591886214
114.138 50.86678467929638
115.247 39.168310444529155
116.267 44.95130779859202
117.268 35.99410001067852
118.269 41.771709043338646
119.277 46.532245644935884
120.279 53.40944159535752
121.287 43.74224929450873
122.298 50.51747464910317
123.299 57.52444271751095
124.307 71.81728536670397
125.308 60.41396486010269
126.309 48.264911063255134
127.311 60.4811619890542
128.317 61.09338632126973
129.327 44.99001994712419
130.497 42.24609056786182
131.498 63.53743316399701
132.507 68.66199992779174
133.627 43.68172217061867
134.628 47.22471179697257
135.637 40.7763980465097
136.638 40.4804601898505
137.647 36.24512883323534
138.648 34.032827437549706
139.649 36.55600137356175
140.657 47.1194632676056
141.658 52.120836571554925
142.826 52.79191510546081
143.827 64.25601626067697
144.847 44.303037652674426
145.848 57.004402886558154
146.849 42.524498991824615
147.857 54.80481164414976
148.867 32.37217916324787
149.868 58.712831806827204
150.869 58.21790889503266
151.87 63.41902483082237
152.877 55.919072941672376
154.006 38.779965520964275
155.007 40.08660297657368
156.017 43.13026792440602
157.018 50.27534103530796
158.087 56.03351368477998
159.102 58.23751906370485
160.106 57.40442937460468
161.146 58.81509653922381
162.2 54.93433787712174
163.207 53.25886236002154
164.217 45.064462185014875
165.286 35.066022966893115
166.296 45.68868642821928
167.297 39.90301025796454
168.307 36.07144729592422
169.317 53.115840659555225
170.318 56.22960573271448
171.319 59.22127001321644
172.326 61.48949967768886
173.327 56.72668152329402
174.328 61.4255786802956
175.329 57.84450403021328
176.336 55.24566221290677
177.337 52.351074997172255
178.347 49.041505720341604
179.356 46.87330323205731
180.357 43.44844280371753
181.376 44.858425703968166
182.546 37.729426626384786
183.547 52.68524962635398
189.062 0.10485345961568199
190.532 0.09162549590893747
191.542 41.5131644064048
192.551 33.13269224599607
193.562 39.50772962246874
194.662 40.30007167249968
195.671 36.37734266147979
196.672 36.30566941261782
197.691 36.558463768285904
198.692 37.5329299244409
199.693 41.81428820153074
200.702 46.802346898231775
201.711 45.007546489957875
202.712 41.724345710068796
203.713 42.70258990909433
204.714 36.93993142355221
205.811 29.824149589402158
206.831 32.92949947872546
207.841 40.074105858645304
208.891 39.09124817538253
209.992 36.97763787118315
211.131 34.98715244131814
212.141 30.486230110953517
213.151 18.81065262165217
214.161 18.011109795899472
215.174 28.77913953365411
216.181 22.141557929236154
217.191 16.86413034712511
218.212 24.613655803335575
219.213 32.39651995657792
220.221 38.49577339876298
221.232 34.02742654870635
222.24 31.359131393153543
223.241 18.16168543020277
224.471 12.020190388059387
225.472 20.943204820414007
226.481 34.412160720311704
227.491 13.582205123758412
228.691 19.265384454270585
229.701 26.756531746315588
230.702 29.39038354646572
231.711 32.256891744380226
232.881 32.70215998943505
233.882 43.36962351931139
234.883 47.935161796020346
236.001 38.55112198536574
237.011 45.979698679846095
238.021 51.16936514257123
239.171 40.35031315509594
240.172 48.54442649217342
241.173 48.34169707325323
242.34 41.449016844298576
243.371 41.51530660922621
244.372 43.68621630508234
245.381 32.49420389764289
246.39 36.03537584862829
247.491 24.66846846737338
248.493 23.210680354784866
249.572 25.00611218759016
250.58 14.948394239223452
251.581 18.65254179318122
252.59 24.920030558035222
253.6 22.17110326172084
254.601 28.469669052750287
255.61 27.502936034146007
256.611 31.74204480593998
257.62 18.280985758359066
258.63 19.783617412427283
259.631 17.582919850170427
260.632 22.743011484668333
261.633 21.532375981240484
262.64 31.650050986579128
264.923 13.86426788075834
265.93 86.38269534506667
266.931 44.50431024337976
268.1 36.282613699428694
269.101 45.165363634749625
270.102 51.90231937487811
271.11 46.737486755771904
272.111 46.01335866728306
273.191 31.29806582807764
274.192 42.37726600380647
275.361 37.68683569078232
276.363 50.841708702554584
277.364 44.10447281125575
278.365 34.89983956601725
279.37 48.413042452707664
280.371 48.20570689666782
281.42 31.992096739858383
282.421 60.538951434009235
283.428 43.828369610882866
284.43 56.882512418768535
285.431 55.957625379543664
286.445 34.7038969287939
288.66 10.499820187582138
289.67 104.0709598027546
290.671 50.558205386780685
291.812 45.485039718630496
292.821 58.27342310656557
293.822 46.150664492014855
294.823 52.84886841401347
295.83 45.8187362159425
296.84 50.700735317541074
297.841 61.19342658464717
298.842 51.8754083900657
300.9 14.166406990964443
301.909 91.1919411342421
302.91 29.124144203388227
303.92 16.702562241639427
304.949 5.85518915063031
305.97 6.4165487344620535
306.979 9.2615051264754
307.989 11.999899086226383
308.999 13.459346272389054
310.009 16.21607984625187
311.01 16.450027191756217
312.03 24.591470251632007
313.039 26.62072810439207
314.439 10.150712239172455
315.449 13.621507070851573
317.655 0.8891920716062803
318.659 26.92024724221217
319.689 6.042457713583949
320.699 5.5134671477256365
321.709 4.540502356950524
322.749 5.03945865991212
323.759 4.702663155413043
324.769 4.702663155413043
325.81 3.3179989059665567
333.03 0.5444290519018633
334.331 0.6294481416108529
335.61 0.5122201921724594
337.01 0.46794973270612544
338.291 0.5114204729028693
339.57 0.5122201921724594
340.851 0.5114204729028693
342.291 0.45495112901984414
343.491 0.545941354823813
344.531 0.47244924936676125
345.811 0.5118200201473248
346.899 0.45160590012999235
348.159 0.7799162211768758
349.499 0.7333540587185547
350.78 0.38356535467715197
352.199 0.34626301574449025
353.319 0.7311714573533209
354.539 0.8054872448220192
355.77 2.7940134324858015
356.79 2.890277760831951
357.819 3.8199978180091874
358.839 4.014274667822154
359.889 4.055564350119753
360.9 4.86001206074611
373.599 0.15476721610880595
375.101 0.10904288045748595
376.17 0.6128434291754683
377.278 0.886908338161429
378.382 1.7767732880103755
379.721 0.982130357981632
380.758 1.7373254300082768
381.923 0.9841002962489334
382.959 1.5809112591423156
384.221 1.0382402944351437
385.363 1.5775888536940306
386.399 1.106637881399621
387.442 1.5703011164635081
388.54 1.4916430459667023
389.781 0.9238330742385232
390.821 1.1023815818557763
392.184 0.841142219464422
393.221 1.579386754552979
394.542 1.7357711508402835
395.621 2.1250729288786046
396.943 1.3627885559142079
398.122 1.6669965032788185
399.261 1.725538961690717
401.099 0.6530754280328959
402.238 0.8627694808453585
403.317 1.0625364644393023
404.462 0.8582484180636363
405.561 1.3412571956544996
406.582 1.6057098671288619
407.623 1.887981630514627
408.639 1.4508284035672196
409.899 1.0398882949025008
411.201 0.8805505722964725
412.438 1.0592233238295483
413.622 0.8299784110497157
414.801 0.5556655010929394
415.857 0.6203879032088784
416.98 0.14597362428444197
427.481 0.06238735604119375
429.187 0.09600375524451578
430.364 2.0872864033195913
431.398 3.326335140609306
432.479 2.727181605965393
433.499 2.729706774119065
434.519 2.4085648006932927
435.58 2.315491137330027
436.618 2.366797781028091
437.661 2.3554516746952623
438.718 2.324253639268835
439.738 2.2479938139804068
440.8 2.315491137330027
441.838 2.366797781028091
442.9 2.3133108255246313
443.901 2.454281814892266
448.012 0.477148555087194
449.061 9.839964512461714
450.219 1.8386625939662096
451.231 2.265764516067208
452.278 1.4781966633588512
453.299 2.4062057754232695
454.341 1.7289889356224406
455.458 1.612897467250298
476.379 0.10158883975004053
477.496 10.707203973181537
478.658 0.8456922880231182
495.518 0.1454866506112032
496.536 1.9344008298310407
497.618 1.513700614114084
498.673 2.0181718329979814
499.675 1.6345549545623144
500.874 1.2293925421386949
502.016 1.003920179623474
503.095 0.7589546174566446
504.217 0.8758417457066519
508.317 0.11984078520522726
510.925 0.7521310237589933
512.081 2.6952395241332234
513.119 2.209011262292885
514.179 2.163163858735863
515.199 2.2479938139804068
516.237 2.366797781028091
517.3 2.1570589748447926
518.338 2.366797781028091
519.358 2.2479938139804068
520.359 2.290663027232782
521.36 1.7998066642543287
