0.0 29.862590665447776
1.001 30.85019310610022
2.009 36.29684465023996
3.01 39.57758796350054
4.011 38.83085899174437
5.02 39.97719750105858
6.031 40.22063252695648
7.039 43.89860987379641
8.06 41.74286260711296
9.061 39.740458695860625
10.069 35.48814622220204
11.079 36.709227937345766
12.08 34.43334921802208
13.081 41.53203675182156
14.09 40.13877688965368
15.099 38.846141780892964
16.1 41.92540290658597
17.109 39.65403872386841
18.139 36.78785265260334
19.14 42.1835196812619
20.141 37.52789313286369
21.149 39.85511773360682
22.159 40.90613257140869
23.16 43.87985169490699
24.169 39.33087994667823
25.179 44.06749865766077
26.18 39.80808338590487
27.189 38.199469885748144
28.19 32.804999067079926
29.199 33.44693343918338
30.219 16.52956218946675
31.439 6.948973246563213
32.449 29.768193350241685
33.45 38.763234301700116
34.459 38.03824483791752
35.469 30.252451577248944
36.479 30.34684889245504
37.489 17.33889885705531
38.499 31.315365346469562
39.5 27.592778458898533
40.509 28.50506091080728
41.51 35.99443185157869
42.518 36.62032402145513
43.529 38.60803506807968
44.53 35.736315076902756
45.531 42.99787334306232
46.539 35.649885907809626
47.549 33.64225916629977
48.55 36.22492727398301
49.551 38.763234301700116
50.559 35.164666850986876
51.56 36.06205654162293
52.569 33.51402195725503
53.579 25.504266622382428
54.588 25.273473138905498
55.609 27.145653795999593
56.619 22.504319945132764
57.628 23.913749512073146
58.639 19.579385053333418
59.648 31.831139553232497
60.659 25.868515142952944
61.66 30.131085486615643
62.669 26.242949470476034
63.709 28.12568006565565
64.71 31.5969220778564
65.719 29.6361166309729
66.729 30.8311071194623
67.739 28.47683807822232
68.749 32.35090389428041
69.769 29.569820168727702
70.779 27.99257985121506
71.799 31.234553840942148
72.809 33.57523707250345
73.81 25.63832967057752
74.819 30.700083833066873
75.828 26.404528859071124
76.91 26.581891366917326
77.918 31.862718064694036
78.919 29.71009797957963
79.969 34.22389047149725
80.979 37.324838765465515
81.98 31.664546767900642
82.989 41.26983260981929
83.99 35.57344434454267
84.998 40.920140458718734
85.999 36.876410203423355
87.0 37.202270725696415
88.009 40.300356278248756
89.018 39.00772116948806
90.111 23.716690660291576
91.159 24.177386253877103
92.168 28.789664038149947
93.179 26.513554126503667
94.18 30.456826951335806
95.191 32.15764523257247
96.194 34.85232639732546
97.248 36.723582777650535
98.249 27.036541571774034
99.25 36.71353947106327
100.26 38.64626084537481
101.261 34.36572452797784
102.268 28.72357503683912
103.269 29.221485782499375
104.278 36.19378304529989
105.288 36.709227937345766
106.289 37.202151668143514
107.299 38.162002618367545
108.3 41.857778216541725
109.301 34.759090682742254
110.308 30.82827894965121
111.309 31.75979281021649
112.318 37.55350667213225
113.328 35.74071148333124
114.329 36.22492727398301
115.388 37.78179893520606
116.389 40.391941625300966
117.39 34.43323016046919
118.399 31.736648682709053
119.527 34.89254491135944
120.528 41.857778216541725
121.539 35.060320658550715
122.558 35.26504906287744
123.559 35.736315076902756
124.568 40.879585314557474
125.569 37.202151668143514
126.57 29.71009797957963
127.579 36.42245095196663
128.58 40.55481235766105
129.589 38.846141780892964
130.59 42.576885836026314
131.599 44.33984099312598
132.608 41.75457077560457
133.609 42.25114437130614
134.618 43.531944050150535
135.698 41.87777812161246
136.699 46.74390018734426
137.707 31.444654082012445
138.711 29.946090920063845
139.718 33.83716290597907
140.728 25.248449898173913
141.739 29.736509325564384
142.74 32.41127573965682
150.215 1.7760105044576335
151.226 22.234041104057514
152.235 29.3329190501808
153.236 32.73701720437699
154.246 30.252451577248944
155.255 22.459535014717346
156.266 18.1280473403443
157.275 16.15793885950888
158.276 16.612814700728624
159.285 16.386606766175618
160.295 23.24439489634854
161.315 9.270538215060578
162.325 8.137992543917347
163.535 9.162219016765484
164.536 33.388500133817324
165.537 35.736315076902756
166.545 35.48814622220204
167.546 30.198710176659887
168.555 33.77009221637357
169.556 32.31602969734098
170.565 33.352442568659946
171.575 32.92955943649376
172.576 27.9185199236187
173.577 32.31602969734098
174.585 26.363568754036184
175.605 11.188580604383453
176.615 16.20896299403837
177.635 32.127210021158206
178.795 8.069489388796237
179.8 30.01116076826095
180.805 21.805169282708327
181.815 24.21291135036306
182.816 23.195268685176252
183.835 29.918826082715547
184.845 30.252451577248944
185.846 31.5969220778564
186.855 18.48713881791177
187.856 28.33950743065471
188.865 25.919790693285858
189.875 28.63825748722474
190.876 32.085534274936656
191.885 28.343481522212187
192.895 30.992526528464722
193.905 21.212846676469393
194.913 27.819225924504437
195.915 21.21962147380448
196.945 16.303360309244464
197.955 10.330842176154908
198.965 12.65773599598512
200.005 14.265440270588904
201.025 4.475432241753382
202.055 6.806257216480697
203.067 13.599323097331657
204.075 10.836558935708124
205.105 4.748551546381882
206.114 4.362643492067399
207.124 8.878067495133124
208.135 10.80440297447457
209.155 8.537718900621426
210.165 14.204907992212997
211.175 12.913552720193634
212.204 11.72632988786012
213.545 6.857320851710683
214.795 10.173296832968544
215.805 16.303360309244464
216.814 14.057406807772727
217.825 17.48300835679358
218.835 17.110457354256564
219.845 16.14194090024204
220.854 13.801336548654193
221.855 13.6811415182471
222.954 13.054556025600661
223.965 18.450566832119662
224.974 24.075328900668236
225.995 15.07624976045454
227.005 22.437297851336435
228.006 27.9185199236187
229.015 38.13273570844096
230.017 42.534393933994345
231.025 51.33863541174527
232.026 42.41401510366623
233.035 37.715086060727344
234.045 36.547454538411316
235.054 35.062727325134276
236.056 31.796010426738857
237.067 40.381892272844155
238.074 32.123481357535574
239.075 46.092417257903925
240.076 46.32291268030826
241.084 50.69167666931494
242.085 43.7171000200998
243.095 40.58329375340385
244.104 34.64507767742065
245.105 30.85019310610022
246.124 29.278851193245696
247.154 15.261085642338811
248.155 25.244963515813104
249.374 19.31462769486982
250.375 28.665248895374877
251.384 25.43505252750059
252.394 26.634202485399367
253.404 17.177479448052893
254.415 21.931325440724496
255.416 40.94817851242547
256.425 37.55350667213225
257.427 38.23642387896655
258.435 31.282914396404863
259.444 29.79769601956799
260.445 30.131085486615643
261.446 21.89230282629557
262.454 18.43832415926457
263.464 12.429294493186372
264.567 1.770253477402547
265.574 28.431795733048137
266.575 29.221485782499375
267.584 21.005320517361547
268.586 22.29102158050391
269.594 22.22549200238016
270.604 23.24439489634854
271.605 20.589336967414898
272.606 33.45612482386158
273.614 33.31837523516229
274.615 30.198710176659887
275.616 34.59621995038217
276.617 39.41471723114046
277.624 43.78030302849488
278.634 30.736591807612196
279.635 29.316731824815214
280.654 24.705463386624892
281.655 27.592778458898533
282.664 34.57798915934901
283.665 34.921961415102345
284.666 29.058615050139295
285.674 29.598362466187865
286.684 26.539805170193276
287.694 32.76814002749135
288.704 35.41787266532639
289.714 29.44535453223684
290.724 27.925557757418733
291.989 6.368647325109942
292.994 42.01562507556533
294.004 39.61477729938933
295.013 28.02032274502201
296.033 22.856671806097626
297.044 11.61070170391297
298.053 10.246589999562241
299.325 6.024040365837183
300.333 14.880051075897724
301.334 14.821236644767692
302.343 8.469216725016263
303.344 14.821236644767692
304.354 15.17342444622752
305.453 10.7425948474889
306.464 21.931325440724496
307.474 31.220968031263467
308.475 38.11175137225979
309.483 30.150736597151777
310.484 32.96751262678132
311.485 39.740458695860625
312.486 35.736315076902756
313.494 30.31247628275936
314.543 30.060226607794185
315.544 36.64591478101903
316.545 39.15660045646453
317.546 36.38791706389599
318.573 33.24412401271199
319.574 31.434051345496314
320.575 32.31602969734098
321.594 33.34512439446788
322.595 38.11175137225979
323.596 48.765973665709524
324.603 51.06581657284444
325.604 48.765973665709524
326.605 51.53477611583096
327.606 55.51129838251723
328.694 43.517865084139
329.695 47.558253849144684
330.698 42.00434886598704
331.703 40.298533215582644
332.705 37.49044014570514
333.743 25.130420515213043
334.803 2.9861611070667338
335.813 31.315365346469562
336.814 41.5996614418658
337.815 42.41401510366623
338.823 47.29514327155567
339.833 41.06755198041111
340.834 40.459566315345214
341.844 54.303943518609586
342.846 50.66980326994468
343.853 51.06581657284444
344.854 39.64521265354479
345.874 40.27889017578043
346.875 35.57344434454267
347.894 38.78491095496161
348.914 38.10753906934913
349.923 41.43141199841438
350.993 39.678905718476535
351.994 48.37260751094511
353.043 46.90991340352185
354.044 56.25802735427341
355.045 44.04272242726707
356.053 40.59666108750358
357.054 36.22492727398301
358.056 34.887109158201035
359.067 37.80173633864128
360.073 40.353247683915214
361.083 36.06355030133608
362.084 36.3877980063431
363.093 34.806657066015745
364.094 35.18007818977826
365.095 29.71009797957963
366.103 30.959435025189695
367.104 36.157302583938765
368.105 30.847931012595225
369.113 23.683395557370744
370.133 32.287046886935116
371.134 32.31602969734098
372.143 33.029283791469766
373.144 35.8315611192186
374.153 28.828219687997453
375.163 30.73670980425621
376.173 30.0240100744502
377.184 22.320800733423983
378.203 22.71910857617972
379.223 9.750048812391297
380.232 13.31659838286893
381.242 18.563232035278347
382.243 17.9157805596093
383.264 9.580818986823386
384.283 5.346222980161886
385.302 8.95964845257792
386.663 5.510320163300848
387.666 1.9467493375623222
388.671 69.24683354945222
389.686 23.678455142190785
390.702 14.762885319394591
391.712 11.78361685717669
393.203 5.1846221730913395
394.212 9.856342704300419
395.238 3.654749387062599
396.302 1.6854977763316643
397.312 9.362325722140385
399.713 0.20370712589643225
400.732 8.799654730210456
401.782 8.759594369439228
402.784 12.691238564082516
403.792 15.850489189543227
404.822 19.534782034082504
405.823 14.169753715327355
406.832 14.218986196367815
407.852 18.860750161674964
408.863 17.16048886501822
409.872 17.288994579674505
410.882 13.397810947200895
411.892 9.590767224939132
412.912 15.823849711913743
413.942 16.936500515428715
414.952 14.433349495011743
415.972 15.823849711913743
416.983 18.544870777083215
417.997 14.53719585113837
419.002 14.600024157532355
420.012 16.626199127249304
421.013 16.354697926052697
422.032 19.999215295932856
423.052 11.668091201714175
424.067 8.940828921931537
425.072 12.613154398277524
426.103 12.176127486050666
427.112 15.511621305128527
428.113 18.960629643814052
429.122 15.188462527938349
430.142 13.426296725260144
431.152 9.42934781593671
432.162 10.330842176154908
433.192 10.446813402040142
434.202 10.008003358150065
435.212 10.169422767152486
436.222 9.106391001287863
437.242 11.508254335937266
438.252 15.496263264232361
439.262 15.0120050372251
440.272 16.53180181204321
441.282 14.043488583210577
442.283 15.7984610389282
443.302 16.225796101149356
444.311 19.38952663141066
445.322 18.77308632389502
446.342 17.2623815039059
447.352 16.949037945254144
448.362 15.724704767031106
449.372 16.949037945254144
450.391 19.359240406463
451.401 14.433349495011743
452.411 16.303360309244464
453.412 18.40439275668955
454.422 16.04754358503595
455.423 17.752909827249212
456.431 15.203530447112891
457.432 13.748766208291347
458.441 17.93531213405486
459.442 18.24152202432947
460.451 14.770812880224728
461.452 17.9157805596093
462.471 15.999372236746282
463.481 14.594768904014165
464.491 18.88607085328319
465.492 19.70735861557023
466.512 11.89429308193646
467.531 15.519391069643895
468.532 18.078651291969383
469.542 18.79167353807709
470.571 16.79452082390586
471.582 11.93322119568833
472.591 13.639757160059105
473.603 11.277027881888461
474.611 11.968736734961212
475.621 13.720649765205735
476.622 11.957188152330417
477.631 12.926351087607106
478.641 12.913552720193634
479.651 14.110510677006904
480.671 12.946786127929427
481.681 15.17342444622752
482.691 17.271876763258984
483.692 20.589336967414898
484.701 25.529543398024035
485.702 21.566561361575406
486.703 21.33606593917107
487.711 16.72634269172231
488.721 18.40181262627593
489.731 17.433296172261407
490.742 18.450566832119662
491.751 18.743209077030304
492.771 17.48858338412819
493.776 19.466698876709806
494.781 16.87113902648183
495.782 17.82053451729346
496.801 14.559428735439116
497.811 15.980521491239621
498.821 15.563285358028686
499.823 18.874149659404765
500.831 19.732241644125242
501.84 17.032924320555974
502.841 16.938556165448794
503.851 14.366327401215417
504.852 14.888861334811939
505.861 13.895827419177639
506.871 15.334843855229941
507.881 14.756188313016585
508.883 19.03685784612377
509.89 16.675731001511217
510.901 14.257813439039976
511.911 14.204907992212997
512.931 14.225481054144677
513.941 9.685164540145225
514.951 10.236444860948813
515.961 10.169422767152486
516.981 10.709070007052734
517.991 10.008003358150065
519.011 10.229559409722015
520.02 11.377645719727862
521.031 10.80440297447457
522.04 11.633715978846395
523.041 11.726692729926086
524.05 9.600272445181885
525.06 10.976519812164588
526.061 12.21530492700634
527.07 14.218986196367815
528.08 12.012058359975438
529.081 15.961331771288284
530.09 14.380565584962904
531.181 11.26967236174852
532.19 13.249509864797284
533.191 14.006882982967271
534.201 12.267875084183952
535.21 10.569748776752418
536.22 10.653680994159748
537.23 10.169422767152486
538.24 12.590713902188792
539.241 12.866787856446678
540.25 7.661319782040819
541.27 9.110701349283671
542.28 7.748131632116181
543.29 10.81510040316217
544.3 10.492261585157326
545.31 8.137992543917347
546.32 11.62219744817427
547.33 10.169422767152486
548.35 9.110701349283671
549.36 10.330842176154908
550.37 6.362379044890722
551.41 5.800233956173511
552.42 6.779615178101658
553.44 4.954942839084102
554.45 4.519743452067772
555.48 4.431981443289756
556.521 4.385149746962968
557.541 3.836084778645756
558.581 3.2920246778282087
559.63 2.3312717315411526
560.64 2.0984523170314655
561.69 1.6171698530083203
562.71 2.077879255099784
563.741 2.5301044126858523
564.79 2.7975260778493833
565.81 3.6762479128688494
566.87 3.07610571872537
567.88 3.066968771045988
568.914 3.62647279606018
569.93 3.851187474624676
570.96 3.957126288651569
572.0 4.075840077311116
573.04 3.605550837621372
574.06 3.036900449761223
575.101 2.5057998554074103
576.15 2.642107962413306
577.19 1.7894826430299813
578.2 3.2283881800484084
579.24 3.762313917517953
580.26 3.6762479128688494
581.279 3.679855614451645
582.28 3.5831561119218596
583.32 3.919076997414534
584.34 3.836084778645756
585.36 3.9959216444226624
586.369 4.03948471487722
587.39 4.95008980985875
588.409 5.919767727596124
589.41 4.790875928486697
590.42 5.488259906082294
591.421 4.723251238442452
592.461 4.7028923968974405
593.469 4.690450882619935
594.53 3.841508084176358
595.54 3.7126464070556695
596.599 3.0790104455608054
597.61 3.0639351718659222
598.669 3.2329609678388453
599.7 4.269551196407376
600.749 5.348746253457968
601.76 6.772909327282566
602.769 7.594231263969174
603.789 8.311517020399137
604.809 8.950864483506765
605.84 7.590313238057557
606.869 7.129749406375129
607.88 6.35608589054365
608.9 8.950864483506765
609.909 8.07896942975444
610.912 5.526562816693038
611.92 6.307847738695774
612.949 4.753166270916753
613.97 4.790409493411693
615.441 3.2601405876377867
616.48 4.707418761090797
617.489 3.8779053262821317
618.519 4.748551546381882
619.559 5.956997036070092
620.569 5.6496793150847155
621.579 5.326840497079874
622.599 6.073800899522446
623.639 5.016418556690604
624.669 5.0651216494740074
625.679 3.7796685008519963
626.729 3.2606720618488922
627.739 2.0984523170314655
628.749 2.582710544038727
629.77 3.1936063289411285
630.809 1.4122256283272394
631.819 1.7756134990266246
632.829 3.0471453348527087
634.734 1.024981409750661
635.769 11.364497337918406
636.779 2.9055493620435673
637.799 2.397552986653597
638.889 1.770374015017479
639.999 1.9334526134613184
641.019 1.5983686577690648
642.049 2.0577056700988154
643.179 1.1542201988845637
644.259 0.9685306573142641
677.501 0.014713338826705188
678.511 8.716648086130704
679.521 18.563232035278347
680.522 36.55066873870318
681.524 55.062924311357854
682.526 62.70985227095222
683.662 53.36374023468034
684.663 59.84118346619527
685.664 71.2421347314012
686.681 62.973999057725536
687.682 59.35257126911502
688.692 62.21349455972818
689.746 59.92570845494341
690.752 49.98214917217418
691.753 58.768713029718924
692.772 65.66385631269537
693.781 65.99147906486789
694.782 59.189700536754934
695.783 50.29943494699453
696.802 59.10399674115398
697.803 63.58721031047722
698.804 64.07582250755746
699.805 63.98057646524163
700.806 65.8674005635184
701.811 57.16967224206447
702.813 62.059376340275136
703.821 62.24234942159456
704.832 68.27982831141283
705.841 64.11961491979847
706.842 64.23869323991755
707.843 65.05304690171798
708.845 62.87291727387018
709.851 58.152499539327785
710.853 55.22563249807686
711.854 55.11793222775282
712.861 53.17052048565653
713.862 52.512000509991466
714.863 58.70108833967468
715.864 56.095156621913326
716.971 47.10307499183235
717.973 58.049605410234335
718.981 59.263880006516885
719.982 59.5154420014751
721.04 62.84504828742302
722.041 55.76941515719316
723.042 50.883293186390624
724.051 61.14409740701522
725.052 63.91295177519739
726.08 58.81110678372868
727.081 66.68175422531881
728.082 63.58721031047722
729.111 63.19024165234358
730.113 58.37534687495451
731.114 54.46656835586538
732.115 52.83774197471164
733.116 45.834300483228
734.12 54.79085314431088
735.131 61.82943847590562
736.132 54.3035785659524
737.134 47.741055909002554
738.14 46.416801987249954
739.141 46.48578341266834
740.142 60.76352232847127
741.143 49.53996681707861
742.145 60.92041903324209
743.149 60.79906361684121
744.151 68.73041199575442
745.152 56.651393509037824
746.153 72.38222985792179
747.154 56.4208980866335
748.16 46.7409244586067
749.17 33.156938969496444
750.171 35.57451586251872
751.18 37.324838765465515
752.192 30.353764521851655
753.2 30.959435025189695
754.211 41.34945074817024
755.22 36.03220365670481
756.23 17.01606003905047
757.231 29.805344021895472
758.24 28.828219687997453
759.251 22.576364424275216
760.252 19.449241840894306
761.26 23.290514727492084
762.261 25.149717473497265
763.27 25.691122786619122
764.28 22.020061718125504
765.281 32.24840500729674
766.29 31.251910516923786
767.291 28.57000285305904
768.292 27.199412304134118
769.3 24.489847600886335
770.311 29.833052989220825
771.312 29.221485782499375
772.32 31.539238693478875
773.321 30.524451641380058
774.332 30.86756726547103
775.399 34.44259888522431
776.401 38.763234301700116
777.42 30.303021534453205
778.43 27.67198296944636
779.431 38.11175137225979
780.432 34.921961415102345
781.44 41.310774904075075
782.441 43.87985169490699
783.46 51.58429178988323
784.47 42.03606843442563
785.471 52.34912977763138
786.48 48.540905096598294
787.481 44.8570760890675
788.51 38.40799248115246
789.52 40.3948471487722
790.521 43.06549803310656
791.53 35.12981584320592
792.54 32.35090389428041
793.6 40.82226144738878
794.601 42.34639041362198
795.61 41.26983260981929
796.611 27.429907726538445
797.612 34.6366995183664
798.619 36.22542904186234
799.62 31.82741750026073
800.621 35.736315076902756
801.622 35.668690386858515
802.629 33.41868376541994
803.63 33.29325409150149
804.83 31.304517521663794
805.839 37.48641815406061
806.84 31.664546767900642
807.85 34.12651739330703
808.859 39.748529594391854
809.86 32.641771162061154
810.869 31.41348990551888
811.87 43.391239497826724
812.871 48.928844398069614
813.911 39.41262181820951
815.099 40.815380836018804
816.101 62.28424445159654
817.102 62.6099859163167
818.103 58.212476142594426
819.104 61.37464474748029
820.109 66.09190922722314
821.112 60.046951002837844
822.114 48.55459684259759
823.12 49.00978175810394
824.13 48.97710302152971
825.131 49.906068792230116
826.139 52.79429258221353
827.14 52.67487124235155
828.169 55.90205337027122
829.171 58.47979623245699
830.18 49.34892015316189
831.181 54.79219076303265
832.19 50.64143714833445
833.191 54.95506149539274
834.192 57.398122480794
835.199 51.55151747580108
836.21 40.0593727810688
837.211 48.11449073626919
838.212 45.508559018507825
839.219 43.61840272750933
840.229 44.45735956946194
841.23 37.69076386522377
842.239 41.68748225753292
843.24 41.273919977145624
844.241 57.99471987834984
845.242 49.86535110914009
846.299 45.41147507449797
847.37 45.57865512546707
848.389 47.74455940753953
849.431 47.003621153999696
850.432 61.30702005743603
851.439 64.17962260450041
852.441 53.27313425744878
853.449 50.0447179268846
854.45 50.72042245403054
855.46 51.72123297457086
856.469 49.67196081676391
857.489 55.2764487219235
858.49 53.1634834394318
859.491 64.8901761693579
860.51 75.64989724151368
861.52 70.2844650098492
862.529 74.62227517847924
863.53 72.54510059028186
864.538 73.24064804291027
865.539 73.03371278736212
866.54 59.02682980439484
867.541 43.06549803310656
868.549 39.0464193055689
869.55 34.10760775330191
870.559 39.91010898298694
871.568 35.77613339758627
872.569 37.365022400503605
873.57 41.76253217422589
874.599 34.13014283732739
875.608 41.36432348034274
876.619 53.76645118152161
877.62 43.391239497826724
878.628 38.56120024874614
879.639 38.60803506807968
880.659 35.550149216918626
881.749 36.10898225689307
882.819 45.509299981931036
883.82 39.903329428220715
884.829 23.336764633939364
885.83 46.811524877388514
886.831 40.459566315345214
887.839 41.72883888675666
888.848 30.282434185353253
889.849 33.29325409150149
890.858 34.739568547944096
891.868 30.73670980425621
