0.0 0.15798469945159424
1.01 16.88692209510006
2.029 18.723082463478985
3.033 18.761060097657413
4.041 16.029488994855466
5.08 16.126853803065565
6.193 9.388381430312837
7.199 10.520758729210383
8.2 10.134310180390695
9.219 12.032457965938383
10.229 8.825033146282474
11.429 8.156838425546072
12.439 12.71573428375692
13.46 11.966134914185865
14.469 9.705543565668426
15.48 12.404112500866935
16.481 12.569003022515314
17.489 14.552195757602158
18.49 11.917673665603626
19.539 9.923887969054235
20.549 15.52016593453201
21.579 6.385657150205732
22.58 6.880004728052112
23.599 8.062559015513434
24.629 7.302079017292405
25.651 5.1365320914480606
38.525 0.03113004329697666
39.645 4.757578839504942
40.756 8.55765184769936
41.757 12.939811512835293
42.806 19.813983695520122
43.906 23.896415128831695
44.957 30.6269185935456
45.996 29.689962205232916
46.997 32.13215071880081
47.998 37.35902856636958
49.097 30.5809146645955
50.105 32.69822773894143
51.257 26.504160692777397
52.456 29.542088198272314
53.458 31.493698104933614
54.476 30.76560761689157
55.485 26.81476698034626
56.521 26.890741384899588
57.526 39.60473076072804
58.626 30.278531170333135
59.776 31.82364775102389
60.896 32.24342893462985
61.926 31.4568489897946
63.096 25.62616066916466
64.097 28.459185798898904
65.196 37.078264432377644
66.246 32.45102568726672
67.247 27.129016431492197
68.446 22.079936184382888
69.447 35.965496895762975
70.448 35.312118873158916
71.646 30.17186250025503
72.657 40.12686131402477
73.685 41.44517655955208
74.686 33.02975895858879
75.775 28.95857245029274
76.776 27.695618828697782
77.787 30.588301206394213
78.806 36.83120936661767
79.967 30.563138240175356
80.976 38.54590996822352
81.977 30.15123732753738
82.986 43.1645902246253
83.987 35.57200674956312
85.136 37.1657875317831
86.137 38.911770827926524
87.285 30.056388388905184
88.485 32.0624307230689
89.486 34.59084221617897
90.492 32.893114673341245
91.606 33.25165745868512
92.756 32.59323881633113
93.766 40.725533817164106
94.946 26.419581483852408
96.146 29.44044593668204
97.325 30.58131203083675
98.495 30.108568173755625
99.505 24.4488950331496
100.536 31.306710609903348
101.537 32.35765027822586
102.575 36.29532981661673
103.714 36.67931415359799
104.715 37.04119271752389
105.895 25.146574477678875
106.897 32.1708373198303
107.905 29.674760977748015
108.906 31.759732562579682
109.907 33.43041943471196
111.016 30.976934577779204
112.017 37.36766222893031
113.019 27.823083133681266
114.185 24.552417597105883
115.365 29.413847890084657
116.576 32.69954399231621
117.577 35.02954934087482
118.764 27.754119834855477
119.766 35.343977172711874
120.767 27.87546240983561
121.865 22.67191992002162
123.026 28.259838048167953
124.035 33.131245935431636
125.065 25.718119690826803
126.075 37.84510681111125
127.265 29.399193671463916
128.466 33.75299716362282
129.467 39.323406298830264
130.474 25.68440457034845
131.495 30.858416257953788
132.535 20.277846673060274
133.646 24.973914297985807
134.654 32.4822865870077
135.656 26.673320628248963
136.664 31.124298656441873
137.744 28.903811064698537
138.745 30.182259979450492
139.746 31.048260234270394
140.747 27.670595840598054
141.755 26.330288829864394
142.944 23.260688973997713
144.064 23.63422140602408
145.084 19.653110087161895
146.224 25.247300434281186
147.295 31.983703752361215
148.304 28.476998284316096
149.305 27.558211894044877
150.364 18.655608278028833
151.365 33.58392302837638
152.366 36.45512799624073
153.405 30.534017399908617
154.425 27.68794680522221
155.426 38.126253868164234
156.614 31.859189049231432
157.625 34.73942576998079
158.635 38.585046319941696
159.636 35.62644272367483
160.755 29.035947569289046
161.784 32.63092814599458
162.785 32.56295584725465
163.954 31.815769440121645
164.955 36.399228689491636
165.956 21.251540893330443
167.234 23.256329506937934
168.264 21.905241559470387
169.454 28.877283174572682
170.455 28.046964994940193
171.554 33.18129404363525
172.555 28.34124118832357
173.564 27.000152951976784
174.573 34.30467961490659
175.574 17.3552714129596
176.653 23.291070453504723
177.663 14.498869576009065
178.684 19.585512893941722
179.685 24.138549853678835
180.874 23.46174423246022
181.893 21.81999751536569
182.894 16.017785382365837
183.974 15.560473338122929
185.114 23.166133738941184
186.115 27.415097962106074
187.124 20.676850864027944
188.134 31.150989227989463
189.244 26.28147486549143
190.363 25.857972508835214
191.464 26.084553981544186
192.465 32.778504744745305
193.466 27.58089354992475
194.493 28.286393999217562
195.604 27.570993597537196
196.634 29.88866402263682
197.724 23.396823190216427
198.773 26.83830175818182
199.874 26.475156080628263
200.884 31.25613547336424
202.044 29.836378603712625
203.045 27.86785308012107
204.164 23.222579470106282
205.165 30.99572659258733
206.166 22.510006961504004
207.173 17.52867662112492
208.234 16.67023409909706
209.236 17.117626192644035
210.243 23.557177533010844
211.244 23.863150651318065
212.414 29.558330713211753
213.415 30.925632959255346
214.494 22.25933279156137
215.643 25.677784115857673
216.774 27.840456644182538
217.775 29.116222153096498
218.803 23.192935335489206
219.813 27.759914042675142
220.814 23.265379268935625
221.874 28.298061693449785
222.883 34.02246322583084
223.963 25.27532572170034
225.074 21.51483355359398
226.203 20.029300927208308
227.404 22.656893269944636
228.416 31.91009483990091
229.423 30.242145596121098
230.603 23.315331244614818
231.604 28.26748922339805
232.763 21.70678493941113
233.764 25.510863201042987
234.773 22.3448890895837
235.774 16.856274983602408
236.803 11.20020864173161
237.813 7.5616828794416096
238.823 16.83630686801621
239.964 19.554705254492724
240.974 19.414782863213514
242.183 10.35800968332414
243.203 8.251109534814537
244.305 2.910318308912209
245.323 22.42720619603575
246.334 17.338055326191625
247.343 18.528725396356183
248.353 14.621564367163625
249.363 19.05380492564413
250.443 17.125499328714596
251.444 19.561830696911823
252.453 21.45018764623295
253.643 14.555517534644412
254.668 17.423497976610417
255.763 10.883500943121303
256.773 12.007556192494844
257.783 13.550522957380617
258.913 9.363416575620832
259.962 7.6466818032247375
260.973 6.342523084554344
262.082 3.542191012151619
263.202 10.304447293227996
264.232 9.12752766501502
265.242 6.944003073853819
266.272 4.988839090223533
267.292 10.495837555189887
268.313 10.010539040754766
269.382 10.060366709163988
270.422 9.441173410028174
271.442 4.284671819839992
272.443 10.209379144689889
273.462 7.117557179684285
274.482 12.110846915892411
275.492 11.792477734714451
276.632 9.486095796559013
277.642 10.53768419680753
278.682 10.610897499571735
279.702 9.16014468093289
280.712 9.37367900318283
281.732 8.128037951840852
282.733 11.66276112016661
283.734 12.76143126433488
284.762 11.813408510584962
285.772 8.579498534669389
286.782 6.912386685589405
287.822 8.419900758218377
288.842 5.500739689876359
289.862 3.8460946735136967
290.882 8.251109534814537
291.892 7.405776377679018
292.912 8.786334493674428
293.935 8.181379485496857
295.782 2.4953080888796384
296.813 3.390910321740858
297.816 6.625025362440824
298.833 7.1223363538741165
299.836 6.592896238471664
300.842 5.963583354401353
301.862 7.907744126541397
302.942 7.637147803468761
304.013 8.838012659620537
305.038 8.400068987263662
306.221 6.514194081509139
307.232 4.56320201996108
308.242 4.56320201996108
309.262 6.356927295114529
310.282 12.10352293604217
311.291 9.534674898002704
312.292 11.523890852876296
313.301 15.19961725114777
314.302 18.033526090399654
315.382 11.599014014680575
316.422 12.990909259367893
317.423 17.96577378928752
318.432 15.260009235641347
319.442 12.995350781801827
320.632 8.909282984549789
321.642 12.814934327669116
322.652 11.708215709110668
323.662 8.89957820852059
324.671 10.653813860649295
325.682 10.60042852152627
326.701 8.190351323400886
327.711 6.944003073853819
328.721 4.603665195767372
329.771 4.5802077417746005
350.464 0.18398964313295013
351.534 1.872748492548026
352.614 1.8554082287281368
353.776 1.7244758063910393
354.984 1.3061905785896322
356.164 17.335612035020944
357.263 19.452197256481583
358.274 22.7405948617435
359.284 20.981389404645615
360.294 15.63923499308744
361.324 11.710546034334575
362.504 10.964866782575132
363.514 13.134288855000488
364.614 11.701456025097674
365.624 17.992190420618858
366.834 14.936923996394864
367.844 18.867587299352813
369.014 13.918942013853446
370.017 18.720180122103752
371.024 15.853398052401095
372.044 12.696478089015734
373.084 8.195674298187871
374.274 8.108199608661064
375.414 4.745938942957234
376.424 7.216223077396501
377.434 15.331337780769317
378.443 11.855411109815963
379.454 15.604061441964047
380.463 15.342467522161423
381.483 10.707658541054746
382.503 7.476921782409478
383.504 8.51571795015026
384.517 6.834654128362663
385.523 12.424411066428524
386.643 9.539352969586577
387.664 12.616182959268125
388.667 11.37458613391822
389.675 10.33959949016795
390.683 11.820816288055317
391.694 11.758790913270877
392.822 11.59850901212983
393.834 10.385577118865815
394.843 17.959937427015237
395.953 10.9392546606435
397.134 15.046185587935772
398.153 11.888134594600922
399.163 9.551194871236236
400.173 8.94004138432688
401.243 11.168453235931697
402.254 10.020450453464525
403.266 9.418695984485957
404.273 17.604316532189987
405.274 14.666105025189191
406.323 11.08874287678968
407.363 12.681893647994194
408.393 5.252786791234221
409.423 4.324987868069502
410.443 9.671818018313568
411.463 14.76715388236179
412.493 7.781906357384029
413.503 5.216994122236207
414.523 7.072379601269604
415.543 7.307034171373457
416.583 8.325534094763327
417.743 6.16249766640589
418.783 6.358341276141423
419.793 5.801027129304071
420.803 8.71582608039668
421.823 5.662441676373873
422.833 3.571201580839107
423.873 3.6266376377672667
424.883 10.91461535781309
425.893 13.471627016023545
426.913 10.278272271403269
427.933 8.879822942351055
428.963 7.531468910466024
429.993 6.212725897819421
431.003 11.555064764123415
432.033 10.56359656846648
433.038 10.857709033707977
434.043 15.625364852241056
435.083 18.160793959041094
436.103 16.90633042842482
437.104 8.60790790630716
438.143 6.130995875406201
439.333 5.970705321275122
440.543 9.580491989226495
441.553 19.76546372020137
442.563 20.276692016678705
443.583 18.94268404168836
444.844 20.160169309265058
445.853 17.915949996001885
447.003 16.796751701765178
448.013 19.814628654245574
449.014 14.863947597767172
450.172 15.889873934849406
451.213 15.81205740079379
452.293 20.45574009247122
453.314 17.705380554325075
454.322 15.043367422162081
455.372 17.36592349900486
456.572 16.72003566644977
457.643 17.67885528710907
458.667 16.01062048277848
459.713 17.42995174073233
460.762 20.001795952880972
461.763 21.330414522486905
462.792 13.599256890830528
463.813 14.273798300888172
464.822 16.096496290093242
465.823 10.032608562090624
466.842 15.661098267404038
468.002 11.122599882225392
469.003 18.887966017384006
470.012 19.06281700922125
471.022 23.485755425516707
472.116 17.66592141574067
473.133 17.081940732722273
474.142 19.42444305098447
475.152 15.013433546477598
476.153 14.427874471818658
477.162 8.507140123374015
478.202 10.64963008531821
479.212 10.74333574983019
480.412 10.348295263069508
481.453 11.319172163171357
482.462 8.314495499761092
483.463 14.07272364071898
484.472 14.111254972906558
485.482 14.764563260873313
486.512 11.567337340952161
487.532 16.109739914124898
488.533 11.91825899865859
489.542 8.846119170952143
490.742 8.800982453374912
493.372 0.9904916932069598
494.382 12.930957770841276
495.392 21.922629587379767
496.393 14.835412611337656
497.402 12.74691874629446
498.422 6.202980110811388
499.452 0.9727382946730037
500.482 3.6335472849262054
501.512 3.8909531786920146
502.571 3.784402052929911
503.582 3.5676692350618184
515.974 0.2425565954276615
517.394 0.282231110848787
519.154 0.16121078374909095
520.394 0.48480021460315836
521.795 0.42908798437395884
523.074 0.470017408997589
524.514 0.4174668514638308
525.774 0.4771049731015209
531.089 0.45153748209360495
532.099 20.143990203550544
533.1 28.415139486512828
534.249 7.900974328958019
535.438 13.453208538371698
536.448 10.84993228824461
537.458 12.59477984424994
538.518 13.437153824111213
539.539 15.296286144035665
540.558 10.672598311702949
541.568 8.134403600800189
542.569 7.70239767027716
543.588 9.018341979679546
544.608 10.412114412980248
545.618 8.449987366228465
546.628 12.391158701482798
547.778 14.16253905336747
548.779 26.583778690792816
549.78 25.534569189769044
550.888 26.31542976696841
552.071 18.84175847525652
553.198 23.521293014606975
554.239 22.045953256803397
555.258 21.226029218188014
556.259 22.92413009789135
557.26 22.793161826843054
558.268 25.561416262649438
559.339 21.48011823342686
560.458 21.561168348403335
561.668 24.13802172362697
562.669 27.59625854261757
563.819 20.37671305256378
564.82 17.289860444067322
565.938 17.639916835729316
566.939 27.63723185646508
568.118 20.954161044651805
569.128 24.885723296692788
570.129 25.04318209012639
571.228 19.239875147265266
572.238 24.4359874250967
573.368 16.951189328434165
574.369 22.61624491098005
575.378 24.635429309150172
576.469 17.806467967707256
577.478 20.1551856600983
578.488 18.914286735229606
579.489 24.414388055830834
580.508 18.882355666110364
581.517 16.098238366569017
582.639 14.22235944537315
583.768 15.598714781841856
584.778 21.439536975871686
585.788 17.390608867771206
586.797 16.37305093062272
587.798 11.296342627758866
588.828 5.969399110950195
589.867 5.7858735910290315
590.869 11.301149427202754
592.318 3.5767709463255386
593.488 17.640400151434
594.658 20.812747594601497
595.788 16.30336191975582
596.789 18.597201822330415
597.808 18.13055165007957
598.907 21.980069901426113
599.909 25.17034569631742
600.918 28.234994827222845
601.92 21.615973663794986
602.948 24.944990904333245
603.958 24.827711575106704
605.091 17.726099793237754
606.108 18.922369730291607
607.128 12.789392107900186
608.129 18.185127351635444
609.137 15.63480785848128
610.237 17.403906736496594
611.247 18.940537039247307
612.409 17.35644560517227
613.427 16.644859353956164
614.437 13.905409664183463
615.517 11.382414092072471
616.527 21.068697045632664
617.537 12.512113140989777
618.538 15.70858319608087
619.668 16.381733691582554
620.787 16.44694906745374
621.798 19.468891560761723
622.807 23.559842258397985
623.848 17.099558181383998
624.977 16.229005200132004
625.978 20.807712104403652
627.029 12.067075611678566
628.037 18.824372019849847
629.057 13.82250408912853
630.257 16.11507493081973
631.258 21.58152240306665
632.457 17.585859073940426
633.467 20.23825925112792
634.477 19.505136119583838
635.497 14.255767759877202
636.528 14.587719788622964
637.617 12.821470767768213
638.627 14.493938579674246
639.637 14.410691759198222
640.647 14.189957158563185
641.657 14.340787634686995
642.777 9.314009803837147
643.966 8.124505015370934
644.967 11.857091694414807
645.977 11.058919515258463
646.987 9.25069415342034
648.007 10.717998277313916
649.028 8.259957216412735
650.077 6.876861004094373
651.095 5.9656621727123795
652.097 10.593603270013643
653.117 7.950969968402633
654.119 16.839890915545933
655.127 15.616497908855672
656.136 18.23910518225838
657.297 17.538187614513863
658.377 15.211478520844091
659.496 13.996982903429764
660.707 14.763837036513904
661.726 13.480435375781253
662.756 14.470193199265811
663.837 18.398027089115544
664.843 15.66035794896913
665.848 12.884811755243792
666.857 15.524078994761096
667.867 13.404043360375763
668.876 14.888366254142413
669.877 15.640684561704994
670.887 21.814437726621726
671.936 16.688899442928506
672.937 13.030830802882265
673.956 9.831239056286456
674.968 9.640152292210685
675.976 14.422427622557183
676.986 13.354443338419664
677.996 14.413882403885456
679.007 12.6120236993852
680.026 13.19178863310633
681.066 11.397098567342011
682.257 10.089120746979633
683.266 14.67147773290827
684.267 19.59314601535242
685.387 16.2832997727609
686.388 26.17931354981238
687.507 23.37429515636957
688.508 24.680568262575914
689.516 18.56120282324688
690.526 14.249999290404778
691.636 17.610014686405048
692.656 10.397035630935633
693.666 9.12640403992216
694.667 7.434022464575962
695.687 15.93066142641406
696.696 15.773486276876394
697.706 21.04737773794978
698.707 20.889951398626156
699.886 18.495813473884187
700.896 19.563582929081807
701.906 17.88095294447755
702.966 17.43134842017562
703.969 27.706988179223025
704.976 22.442652535740553
706.096 28.963855385974757
707.097 23.728816715203724
708.107 24.061956850170446
709.116 26.23305861047664
710.286 27.10273172547399
711.566 30.61721114082842
712.568 18.496776896037954
713.606 18.97009563214679
714.607 27.682741501488564
715.616 23.598603459984005
716.706 20.37813402735403
717.708 23.784222548800955
718.728 26.36934321728245
719.736 24.542162400157334
720.756 19.99762435501939
721.767 25.58568248692481
722.776 25.44273658263282
723.876 25.142157519722968
725.076 29.17507373344158
726.077 32.66626713145587
727.091 30.605568342238822
728.097 27.61169524733725
729.098 23.395176873873993
730.106 25.867889943287565
731.117 25.60190970241892
732.166 22.843276714989408
733.186 22.79897484401318
734.236 27.566483625666617
735.266 27.857717299504486
736.337 25.955610159467756
737.396 25.1240864214962
738.397 19.390181778543496
739.496 24.301884805725056
740.606 27.3392950903481
741.616 29.49634989905049
742.766 17.337961969307454
743.776 23.246457073974124
744.777 25.77016574439223
745.955 18.570205819605896
747.126 15.483431287501014
748.127 22.281580736804127
749.176 19.733133660567017
750.206 22.193649931048878
751.227 28.968097775940134
752.345 21.573509806102035
753.347 28.12115888048056
754.435 12.744532731317449
755.516 18.736380052779854
756.535 17.32182327642962
757.775 8.227782589504042
758.94 1.8920386057759886
759.985 18.683647812797943
761.088 21.952152189029185
762.195 24.469502688457478
763.396 30.87926505319123
764.405 26.254689393384197
765.415 23.348122616053725
766.416 28.711610678852324
767.556 23.408082055748324
768.565 28.598508118501492
769.685 17.224823539580484
770.716 21.132843042570165
771.845 20.340424110217725
772.855 24.91226365931842
773.856 22.173440454899445
774.865 24.84665608183804
775.875 16.671553578711737
776.885 15.630678264153492
777.925 14.145281160379215
779.055 14.58846046594969
780.065 14.01635708171684
781.105 9.039481284395633
782.186 3.6067043787957167
783.195 16.338354574146845
784.205 11.635410998520138
785.215 12.028440412265832
786.225 9.939148259343147
787.235 5.619595470043604
788.247 5.603568298859561
789.286 7.208516144807637
790.325 7.037223834546909
791.345 9.051577450211646
792.355 10.169889881951784
793.385 7.801247352716709
794.405 7.033174767953599
795.505 7.273910460720987
796.515 9.325964362178278
797.516 7.827219944248329
798.544 7.60212009669544
799.545 6.725184135014016
800.546 11.07303806728993
801.565 10.874421034170872
802.575 5.444400070853643
803.605 6.868897607120773
804.615 13.258288909890737
805.64 19.700719809071227
806.744 15.619183115408772
807.755 15.333269783406116
808.756 21.380606831950104
809.927 19.271010892718728
810.967 21.996024176773926
811.975 24.898043881372498
812.986 21.212882568820497
813.994 14.141093793389134
815.015 11.348223431032187
816.095 18.200496815622433
817.224 19.84208209773266
818.225 20.05468112919189
819.229 17.279923774158146
820.441 17.907130733843267
821.465 17.14340556938144
822.485 16.176517377465345
823.486 22.071446170071894
824.487 22.620781242156024
825.495 19.026072099852563
826.504 15.39182635564175
827.524 10.401200246928909
828.534 9.992954131114239
829.695 13.987476763086148
830.704 21.247380909844665
831.814 13.00989552244814
832.885 16.12178242441087
833.904 14.412212360850395
834.906 12.105763900171528
835.915 14.04795952762002
836.945 12.296891061956915
837.974 10.51578308060495
839.004 5.330008559363963
840.114 4.104859769759419
841.124 18.750549800938355
842.174 16.20929270017892
843.175 22.279385737848013
844.374 20.12952186729992
845.584 19.921467307696368
846.715 25.52980074376093
847.724 25.44578521646542
848.764 21.845600898311247
849.766 27.024169962392325
850.784 18.245630981342206
851.794 20.43970495433559
852.795 22.21031643736221
853.954 18.398545136823525
854.964 20.979213965086135
855.974 15.851847952700425
857.104 22.76811449303219
858.224 23.14966166771785
859.234 14.291042583426933
860.254 8.811178582186034
861.304 10.457527191121697
862.344 15.694584590238236
863.354 16.039515872031394
864.457 2.1800626150785725
865.464 25.369480709856383
866.465 24.79148887649168
867.474 30.469353080445533
868.475 24.42419238450149
869.574 22.962909344841748
870.744 25.333834096344443
871.914 24.396865460460415
872.915 29.779258171107475
873.934 24.7806391050732
875.024 28.61781293630408
876.025 31.09889154352482
877.037 17.39068883452181
878.094 19.524746359139765
879.104 23.839481897887826
880.106 23.258679483698707
881.114 19.523783032135913
882.124 15.532928513280948
883.156 9.099477213550498
884.164 10.891513686025522
885.304 20.720566923332967
886.444 27.84988309860864
887.644 25.839367110648563
888.646 30.65794575355962
889.774 21.823382228942872
890.784 29.514913649958036
892.324 12.98760395677314
893.326 15.041349516393533
894.334 16.667430890541283
895.344 25.744296776166777
896.374 19.909990349782923
897.383 26.746535651711692
898.384 28.389677498621875
899.385 29.98002740896028
900.394 29.175135431983428
901.493 27.170299188929278
902.603 25.568871420602964
903.607 28.199364967615526
904.774 21.088794354047433
905.783 28.41210593559343
906.924 23.945241816776658
908.123 24.090212888899035
909.124 25.26707198365029
910.133 19.88870643177884
911.214 21.37707791256762
912.404 22.317089794426767
913.563 26.369739841476743
914.565 33.52760093240719
915.574 20.095142494158324
916.725 24.698547166565447
917.726 29.17226779310934
918.805 20.69652174362822
919.813 22.522836527161864
920.823 13.415355646085048
921.825 15.115174063786199
922.833 19.102508873686443
923.903 9.264081578048978
924.913 24.214237619333908
925.914 25.02313443299386
927.103 20.883629407800374
928.293 25.294933837066598
929.294 29.25831175218912
930.303 21.85783354156459
931.403 17.064340397985347
932.534 23.40759501739354
933.543 27.101193387571804
934.544 23.783545355842904
935.553 17.416409566573044
936.554 23.629017429332286
937.573 22.261880028803294
938.583 24.077620014998686
939.783 23.01145642413904
940.803 25.932632967780723
941.903 24.30908810257537
943.038 24.92605230442052
944.043 23.550129676467783
945.233 17.483755461659914
946.323 18.335482766368926
947.363 20.453622189466095
948.373 19.58011626973384
949.382 23.85236593328875
950.383 17.15011217719456
951.413 17.263971532431185
952.432 17.76111831906635
953.443 16.87195753829389
954.493 9.797810987087459
955.503 10.753112219768543
956.523 8.840474501587005
957.532 7.553353252886518
958.542 8.092200073346314
959.543 11.210298668679092
960.573 12.287504990692526
961.583 12.889334360603263
962.603 11.923295588746983
963.702 7.780079195966582
964.722 10.215659424056094
965.723 7.4811417755006
966.743 9.822749446207784
967.762 6.601213006532733
968.792 8.179392254110791
969.801 7.980016816412052
970.872 10.028039712411596
971.882 13.57934095563621
972.912 5.949489262813613
973.933 8.24847987286681
974.942 11.389260479506168
975.953 13.197797201551985
976.962 16.614183349478083
977.963 10.35424907579359
978.973 13.55704927605905
979.982 13.450427296428767
980.992 15.72799292711414
981.993 15.605857244934608
983.172 17.16134583060249
984.182 16.42732423083434
985.262 11.104781004045682
986.273 15.419476865718565
987.282 11.963710197393388
988.292 12.291523569658706
989.362 12.192167653130099
990.399 9.231039675857417
991.402 13.918482544912768
992.432 11.181655139906374
993.433 9.965148927505972
994.442 12.583599076690437
995.522 10.9054059970113
996.703 17.629396239691605
997.712 17.201698640933625
998.812 16.73023375354428
999.822 15.028226535482046
1000.826 14.16329314545529
1001.832 13.53028834202679
1002.842 18.057743666011127
1004.002 13.309691796125437
1005.012 18.009013819878824
1006.022 13.378228144269958
1007.036 12.644771759985986
1008.062 11.514923875659271
1009.072 6.982870927316492
1010.081 7.977839220817331
1011.092 6.552317799156744
1012.122 6.420072744841825
1013.142 3.7049285520864705
1014.172 5.447334450168821
1015.212 3.835511909265533
1016.242 6.394758795068171
1017.252 7.539203337327004
1018.281 5.010342444878336
1019.292 3.9640769278464645
1020.392 1.3907571919260762
1021.462 2.6218478895672366
1022.653 1.6824860512396205
1028.101 0.7687490157053515
1029.112 7.33354231651596
1030.122 5.5582480744663245
1044.489 0.28863627696856586
1045.716 12.765213388860568
1046.727 19.299230227336718
1048.046 2.4307395142094164
1049.157 4.017839099123211
1050.247 15.388689552495153
1051.306 15.762670816880107
1052.376 16.213101039323128
1053.377 15.214708430954618
1054.568 17.53290672562621
1057.056 7.735158911931508
1058.057 12.646413319034364
1059.066 16.824829430007362
1060.076 10.380037343397358
1061.086 16.313911315133552
1063.406 2.950364262258522
1064.407 18.957327984397292
1065.408 16.744915369895427
1066.416 16.808679073367394
1067.556 19.420624745352182
1068.686 17.397987635042302
1069.746 16.41773724656185
1070.806 19.659634742537175
1071.936 17.94388026105643
1072.977 14.590549829613073
1073.987 18.284569497412704
1075.096 16.057545146144257
1076.156 17.538029787050853
1077.176 16.628737231355817
1078.186 17.10997716459854
1079.216 14.963104153847187
1080.226 14.273494037647142
1081.367 16.45621177824783
1082.377 19.83928363591966
1083.386 15.082462608151818
1084.396 19.96444392524163
1085.416 8.085530147219837
1086.456 7.399754872539386
1087.676 7.564230402379294
1088.686 10.523906412930838
1089.705 8.81436303154423
1090.706 9.508150144842482
1091.716 10.164088709793175
1092.736 10.042038019370931
1093.936 6.490388876954196
1095.056 8.748363145760372
1096.076 10.222552581562205
1097.106 11.547000853212653
1098.116 10.203246621863778
1099.126 12.086162075243982
1100.145 10.574130672892032
1101.155 8.060148597170006
1102.196 8.491313891311098
1103.205 9.929110046726377
1104.206 10.387905726454045
1105.225 10.58649303338508
1106.235 9.69854464406488
1107.276 7.873313516627799
1108.295 7.669263453781072
1109.305 5.0085870124382135
1110.515 6.4474023610590585
1111.535 7.669263453781072
1112.545 6.894838139809616
1113.565 8.044027594735129
1114.595 9.301312196607185
1115.605 10.939995486007
1116.606 12.376574780695751
1117.645 6.171598497097634
1118.785 10.415727274041569
1119.795 10.515204654692925
1120.805 9.050843772556293
1121.875 8.134409022456412
1122.895 7.661744568042071
1123.927 7.166571058500028
1124.935 4.547261457813351
1126.015 2.968653165965019
1127.105 2.941417815818551
1128.135 3.307310201888213
1129.255 1.8227554852291383
1130.295 1.734093075311297
1131.315 6.6794696234212925
1132.365 3.8263260825229577
1133.415 5.534417687977641
1134.605 4.216150551773296
1135.655 5.725259677218252
1136.666 5.723280950430959
1137.685 8.062559015513434
1138.695 6.863076722241237
1139.715 6.211883772590115
1140.735 8.251109534814537
1141.755 6.178566844643913
1142.775 9.03692949051116
1143.785 5.7657850084405275
1144.806 5.691614664423628
1145.845 3.2064792630205723
1147.325 0.9477625817016699
1148.385 11.744761725508917
1149.395 11.507205093814902
1150.444 10.91531326813379
1151.454 12.254106009235686
1152.515 4.584769968835213
1153.635 3.041544203522196
1154.655 9.13989603075869
1155.665 7.283806733044285
1156.727 3.96198345006064
1157.754 1.5264115356825083
1158.765 7.33354231651596
1159.805 6.390172419336708
1160.825 6.089673834304693
1161.835 7.539203337327004
1162.865 6.172621775144306
1163.905 6.075241285776275
1165.085 6.232830987808191
1166.104 6.096081206851622
1167.105 6.004785477616522
1168.194 6.440259967486095
1169.204 3.7446566283814873
1170.304 6.0223088859495215
1171.564 7.066245511703153
1172.565 9.408643525498523
1173.584 7.160537944654306
1174.595 7.795293528834917
1175.614 7.987091117154702
1176.644 9.016885794656012
1177.654 8.005762608183055
1178.667 8.218763410228854
1179.714 8.214060460723376
1180.754 7.979616892605714
1181.795 8.272649824312499
1182.804 8.766419172185378
1183.814 8.445346428501578
1184.825 7.585788585937768
1185.855 8.424425599391725
1186.864 8.705301322493563
1187.974 8.643088004891753
1188.984 8.816041329436631
1189.994 9.339016999535147
1191.004 11.385235449180165
1192.025 11.949923166427247
1193.044 11.458039448145064
1194.054 9.828490900417702
1195.08 11.87012976001412
1196.254 9.16121329649176
1197.274 11.563558931396829
1198.284 11.824384181586796
1199.294 11.929820485569495
1200.485 9.771824870551283
1201.494 12.792793426823234
1202.515 12.67658247967855
1203.674 8.791429894093678
1204.714 11.583719207756848
1205.904 12.090721357816534
1206.914 15.139609040927322
1208.014 10.61537639494169
1209.024 13.048866594964986
1210.034 12.692964683034383
1211.037 8.731089438619273
1212.044 11.763024400190108
1213.294 8.352032253861505
1214.304 12.76896003831215
1215.314 12.43713299083977
1216.334 9.55262383643707
1217.374 3.9157939960855006
1218.384 11.983916415948515
1219.593 9.738167153732057
1220.594 12.500811721611958
1221.604 12.77824191376592
1222.614 11.76680754791261
1223.644 12.530689564360777
1224.754 9.755937051325919
1225.764 12.37056454031974
1226.784 12.253018289455946
1227.794 12.377961034821967
1228.804 8.715245963180818
1229.864 7.962547980204366
1230.894 9.270736358397434
1231.913 8.952505222635166
1233.344 5.798645808984419
1234.364 9.145065898888271
1235.383 10.021418160150462
1236.404 10.867466203252304
1237.424 11.526651817249528
1238.434 12.264113031209282
1239.444 12.610297979774218
1240.454 12.392608994522451
1241.474 10.424608260960076
1242.484 11.840337405022964
1243.494 11.159279793602384
1244.505 11.959602705010468
1245.513 10.121042631144837
1246.514 9.827010326534362
1247.544 10.559614598839163
1248.553 10.205374341176562
1249.734 10.025604390428681
1250.784 10.956673855962999
1251.893 10.985045197204334
1252.914 11.775754478117852
1253.934 7.693769028955877
1254.953 10.374895421224979
1256.173 10.218272608766403
1257.193 9.59383917402569
1258.253 9.85337847625852
1259.273 10.033421572488292
1260.284 10.873248582020967
1261.303 11.046200345673126
1262.333 10.042527400091934
1263.503 9.48674484020746
1264.743 9.829489731269202
1265.903 9.968062851694901
1266.913 10.912004830341717
1267.923 8.749472878916606
1268.924 9.829644325281702
1269.934 10.240809211590767
1270.943 11.289816947347278
1271.953 12.779112089589713
1272.974 10.914379844996267
1273.983 9.273798945755212
1274.984 12.417401761279523
1276.143 9.561869603620499
1277.153 14.028394513945953
1278.163 14.472909330599293
1279.283 12.287022481617786
1280.284 16.94436760837456
1281.463 14.921040408048198
1282.473 20.662469965226137
1283.483 17.059071878906757
1284.493 15.420385773403952
1285.543 17.967279529276862
1286.573 20.718187970927175
1287.574 10.420684377532053
1288.583 10.538256121089471
1289.584 19.75952693622607
1290.723 9.750345571656657
1291.733 18.97606921871878
1292.743 12.220314181411792
1293.753 11.13157919654503
1294.763 15.696811626761624
1295.816 11.926054406473936
1297.023 15.086063549025075
1298.032 16.70375511494091
1299.193 10.094475518312898
1300.203 14.00460970809566
1301.233 14.582826054438472
1302.253 11.481989900907854
1303.263 9.714352838197089
1304.273 9.004144336679497
1305.293 9.484553906064226
1306.313 8.830421980223926
1307.353 5.3583363350506
1308.703 1.7909572060460017
1309.712 9.506220982231692
1310.973 5.527078275248141
1311.983 14.092932554210467
1313.083 11.87163868416331
1314.084 15.557420934636301
1315.103 10.50987514800374
1316.113 15.833574260400809
1317.133 11.076243756638794
1318.143 15.503052476664116
1319.144 15.602930579659787
1320.194 11.951479576193098
1321.196 11.715590203159596
1322.202 14.858132415789765
1323.212 11.322437760563233
1324.223 9.974666524034717
1325.224 11.941525987593428
1326.234 16.166996630216804
1327.242 11.511145632085732
1328.243 16.430152519588294
1329.253 15.504647799007733
1330.432 12.558109572225215
1331.532 15.49394595482332
1332.533 15.79184682314956
1333.622 12.548553318435937
1334.633 14.867316881361004
1335.642 15.64994402013593
1336.702 11.268979411841269
1337.722 14.927850616722994
1338.912 11.863370252213203
1339.913 11.276880303681299
1340.922 13.769372464535468
1342.112 10.348968166540343
1343.122 13.184323964868483
1344.123 13.217991047207146
1345.132 15.61016660727237
1346.142 13.992137187954652
1347.143 11.332486943902921
1348.173 10.296662390235307
1349.194 15.842894630410285
1350.232 10.759900108310235
1351.233 15.837941801228013
1352.422 12.558808307711283
1353.423 15.659415219463854
1354.542 11.95333726586072
1355.552 15.64344084290243
1356.782 11.669064871640257
1357.803 14.38986293749633
1358.804 11.03221108670616
1359.813 16.39250411793556
1360.823 10.50171692942416
1361.873 11.957617768829493
1362.882 17.152920499611888
1363.952 12.708679353596743
1364.963 16.844429226294952
1366.112 13.867882542893739
1367.132 18.990218106990916
1368.142 16.565827216121107
1369.162 15.009276039763929
1370.232 9.130333385269779
1371.233 10.123042519082633
1372.242 11.956741891490282
1373.243 12.997613152013031
1374.252 9.366854864169593
1375.272 11.058635144074218
1376.472 8.701132194749936
1377.484 9.741761656931441
1378.523 8.999965845616748
1379.532 11.163806748932794
1380.992 5.618796815520399
1382.003 13.349367312780881
1383.004 12.674070305881433
1384.022 8.86791509175745
1385.042 6.649312059332058
1386.202 7.319433931714909
1387.582 7.5234256203673695
1388.611 9.542099462030418
1389.622 6.276310249904276
1390.631 6.812825577641965
1391.643 6.534697990096931
1392.667 7.827503464946827
1393.964 2.0145744420759955
1394.981 10.04875961045681
1396.002 9.472538562039587
1397.012 9.092467182794305
1398.032 8.556706184252112
1399.141 9.045412300886692
1400.202 9.788040026814384
1401.213 9.315580780439191
1402.221 8.10287929463353
1403.242 5.373548781407214
1404.252 7.153135330171639
1405.261 6.12151156283809
1406.281 5.75521208781028
1407.452 8.317189073315687
1408.571 9.069430204543547
1409.591 8.444261552433682
1410.601 9.671569193527354
1411.602 10.191087486722248
1412.666 11.163700188647113
1413.672 12.01977210014971
1414.692 12.561199872958312
1415.921 11.910257224324614
1416.931 12.998396397185095
1417.932 9.702627052354417
1418.942 12.161867371913818
1420.092 2.8609375898486964
1421.121 8.526422178619704
1422.141 9.748073573224916
1423.151 10.249946057740575
1424.391 11.136583877122991
1425.482 11.558987208050842
1426.681 10.723063943208468
1427.911 11.5085327604512
1428.921 13.238129836639573
1429.931 12.81478929836515
1430.951 9.734718080556826
1432.121 5.86882399042435
1433.141 9.03692949051116
1434.162 2.9257183366503092
1435.381 8.758134067021087
1436.471 8.596605339816918
1437.491 7.241180784614779
1438.501 7.56197293804954
1439.512 6.775152240495482
1440.561 5.539693586631577
1441.581 4.681171983889403
1442.601 8.22009032603704
1443.68 9.33003082794488
1444.691 10.033852394832424
1445.701 10.521585944067397
1446.731 8.731748326699964
1447.741 10.523471325018942
1448.751 11.092566313778391
1449.941 9.261695662049698
1450.95 10.328045559679138
1452.161 11.368074686130551
1453.221 8.731565864479844
1454.391 3.7679059414171396
1455.442 14.144348895544796
1456.561 17.62218930151055
1457.771 16.20245929150952
1458.79 4.129603398189809
1460.093 2.9183502212171772
1461.122 9.710643527000046
1462.261 7.717121314723624
1463.27 9.50055923368542
1464.42 6.533881641354729
1465.444 10.175754504430875
1466.45 8.1543706471797
1467.451 8.947401078186541
1468.491 8.348069417379458
1469.511 5.95942187892881
1470.521 6.529509323121275
1471.53 9.858120430338495
1472.541 9.532040244262385
1473.55 10.015197659237653
1474.571 8.635553283953092
1475.58 5.656377143805831
1476.602 5.489975032949008
1477.82 6.8082947008528185
1478.85 6.0309774269726235
1479.86 3.3329184344242817
1480.87 11.72779466514597
1481.881 9.645485866868519
1482.901 8.169684111773606
1483.91 10.67849327738946
1484.93 8.516208883903714
1485.941 8.126357702085253
1486.961 9.035780630926808
1487.97 9.04805486910254
1488.98 10.730718200385214
1490.01 4.674121276464564
1491.25 5.706089075582592
1492.47 9.122797327559619
1493.54 10.512854366720259
1494.901 3.386358589390663
1496.03 6.829400378336091
1497.031 14.52796642421758
1498.22 7.029665504368303
1499.67 6.890703304343464
1500.68 9.523204215570951
1501.72 5.872282536464742
1502.73 6.65205908497187
1503.77 8.43623886711507
1504.78 5.92276967155995
1505.83 6.855245139827116
1506.865 6.389057900663846
1507.891 5.274550400920361
1508.454 4.982908067205938
