0.0 11.625047321301876
1.193 10.28601406127328
2.2 9.929142727114279
3.212 9.2666228676384
4.22 9.005016712746864
5.452 8.61841343509197
6.46 10.63735843629417
7.472 8.151821533249992
8.48 11.435044516008057
9.492 11.528783376416879
10.5 10.56875061635603
11.502 11.50017680650412
12.504 11.079998328229783
13.52 12.72534637307145
14.54 13.115154145001092
15.56 9.447699352675631
16.572 10.432959606521417
17.58 10.406189412426171
18.6 10.949592136429281
19.616 12.407379631109885
20.62 10.181863586392282
21.64 9.730130165423601
22.652 12.861565543329775
23.68 9.805066632736295
24.693 13.919608118463847
25.7 10.95744479869894
26.72 12.354491096722388
27.732 10.84768032782599
28.832 11.5192528087073
29.992 12.332840450373434
31.22 12.547319918953804
32.232 14.886071230705756
33.24 11.628632186279367
34.245 12.880758098534628
35.252 16.037103058220826
36.256 9.667316949797021
37.26 13.564235551064444
38.268 11.514839343528466
39.273 13.790574884215212
40.3 9.62640913164396
41.312 10.166142013994438
42.32 13.629970363048109
43.324 11.244125111396075
44.333 15.527544349745485
45.353 11.490010972932046
46.36 9.875601731044018
47.368 14.706020654867697
48.372 11.460157481671915
49.46 12.450842541231914
50.465 15.949099648701068
51.48 12.007237049407536
52.493 11.53427416364037
53.496 9.61257289601546
54.5 9.543681852429572
55.513 12.967840041987683
56.536 8.835603569193093
57.552 2.5418263086613684
58.56 12.553920071228521
59.561 9.752176071315983
60.593 2.5376742959160223
61.8 2.096827080662527
62.812 3.92992280490632
63.852 9.256525383693829
64.86 12.314797784157502
65.873 7.990103438070836
66.92 11.050327352095708
68.36 0.8369280047485681
69.713 0.6235206421186671
70.725 11.476551547537209
71.733 10.066034463127775
72.74 10.17278925334903
73.753 8.438244967500813
74.772 12.04647221999442
75.837 4.073835471001481
76.852 2.020512579511336
77.853 3.0099308862086365
78.86 0.9574389885504969
79.893 2.8544332112839026
80.9 6.462713172715854
82.092 6.801111696659549
83.1 9.564891482840778
84.332 4.626129557348245
85.361 4.8019659281200635
86.372 6.437143585484536
87.38 5.6982945887220025
88.401 5.5478244232500575
89.433 4.087322813888356
90.512 1.787101133401947
91.572 3.011875991443955
92.58 8.48884119102119
93.753 6.265149838750913
94.761 6.456301750917526
95.772 7.3907944870378
96.78 7.7518970665391596
97.793 7.971057640487844
98.8 4.89331459672834
99.801 13.243695899318002
100.92 12.896666514826931
101.932 16.92319961006099
102.992 14.440706522450169
104.004 11.19432556549073
105.24 3.830182268027065
106.256 7.117183032507509
107.26 7.568064948790025
108.285 11.169926931668694
109.292 8.257911276248036
110.293 8.782837510476746
111.3 11.8483074833124
112.313 8.086810866894071
113.393 10.349846514863385
114.413 10.397599682523387
115.525 9.165803538563123
116.532 11.8483074833124
117.541 9.545720289098766
118.552 15.987333448197724
119.692 14.7243688192773
120.693 19.383954907183618
121.713 12.858288934874958
122.76 13.987000985406898
123.764 18.485772343928534
124.992 14.277205482000454
125.993 17.337201904561745
127.0 13.205291780772814
128.013 13.715496306010488
129.02 12.211196456677483
130.12 14.449541979782959
131.136 14.471605499431933
132.14 11.883710792525484
133.153 6.975110270988119
134.172 11.353967357845148
135.173 6.058850058457928
136.18 12.042437336710933
137.204 14.840588393413164
138.213 18.028680401493176
139.225 17.06744651081701
140.233 17.732892792342337
141.244 17.295814984904943
142.713 15.520545134816341
143.721 22.59705612821134
144.724 19.048686920063673
145.725 18.979902489096375
146.793 18.599252486368314
147.892 17.35508356458692
148.9 9.086646908698738
149.908 7.651913186272623
151.12 8.83433696726867
152.121 15.892435079181602
153.124 15.62043095602512
154.132 12.542733063646253
155.145 17.90418030047301
156.153 9.782775935204832
157.16 15.19934394323914
158.161 12.313785672894598
159.772 6.72309469501117
160.777 13.071066629386593
161.78 16.98019193010421
162.825 14.511248295882249
163.832 20.34557850669806
164.834 13.931303632778167
165.845 17.523335316041234
166.856 13.553624015679347
167.861 16.668607903529693
168.865 12.263390754419703
169.873 15.558383563945576
170.88 12.247240395208442
171.892 14.17153981163188
172.9 9.338966368776969
173.913 9.503939961025928
174.92 11.8483074833124
175.96 4.932199704097711
177.12 5.298620057649555
178.132 11.313414135336377
179.14 4.662884597884879
180.153 3.481641371860984
181.172 8.042393545140314
182.193 7.554484321021355
183.201 11.144706709849457
184.212 10.836102358530214
185.213 14.688462724698146
186.217 11.153921505935651
187.22 13.697916376822029
188.233 11.333641035677056
189.241 14.945142941938716
190.245 16.20506017162566
191.34 10.961121977115589
192.345 14.869837266458141
193.561 8.127011414532149
194.572 7.793464517746648
195.58 11.597430922944442
196.601 12.51211465669162
197.605 13.204123102806093
198.616 11.216203348348866
199.633 11.319383046990648
200.652 10.644344397979827
201.656 7.479791770683811
202.66 9.602998620222614
203.68 5.3483931647110765
204.681 7.8258203041424546
205.745 5.436885684983179
206.761 6.997002529546307
207.793 7.707523020475185
208.801 6.934546325059564
209.82 5.676983678922574
210.841 3.9014935473695815
211.845 5.761799172133569
212.86 4.1557804373722
213.881 3.659203342994719
214.913 3.970542162062974
215.932 3.6505640205059953
217.08 4.829103748653759
218.112 7.240400413173659
219.121 4.994501346370282
220.132 6.437143585484536
221.136 6.842136516908613
222.14 5.380013289489302
223.165 8.818363367106864
224.18 6.6475127848258575
225.181 9.390984364970945
226.185 8.156406558334913
227.284 8.772894098911287
228.305 7.5567277488396405
229.313 9.095670391229723
230.332 6.674329008479878
231.336 9.242886171964267
232.344 9.086646908698738
233.353 7.3164734248516785
234.364 10.49015991708591
235.372 8.023007203415732
236.393 8.380756043633067
237.421 8.089218536169039
238.433 6.2175028037395705
239.452 7.687582065207652
240.46 8.84752462162772
241.473 7.4132505825092165
242.481 8.967085765163231
243.493 7.932099639762849
244.5 10.531828874055467
245.513 7.094342181884391
246.532 9.816450944803616
247.545 8.89264812901287
248.572 8.918539517009084
249.573 6.584179808743875
250.58 11.010548368330713
251.593 9.705616694336255
252.612 12.773213277575792
253.62 8.967085765163231
254.633 4.561338070458528
255.641 5.0265546898901095
256.652 5.483492683931272
257.673 5.783902058281976
258.84 3.3064940791040707
259.846 6.4691373408795885
260.873 5.280714187702747
261.892 3.7500737703604043
262.913 4.367436248090471
263.961 4.25491642108814
264.993 2.094795625104561
266.001 8.394538213042527
267.012 7.745450843883724
268.02 8.130157760414663
269.033 6.926843523688751
270.052 6.1167804621626924
271.073 7.554484321021355
272.36 3.183838004078469
273.373 2.0790879485552374
274.552 4.8043500730604825
275.553 6.501450714210655
276.564 6.830402587559635
277.576 9.169819878114746
278.593 7.261432171614498
279.612 8.180289332297377
280.621 11.46649428904282
281.633 9.127860308914746
282.832 10.498025770112038
283.86 5.510047408694852
284.932 2.023616966705493
287.732 0.5595461517461855
288.733 6.860618198029878
289.752 5.203901705679026
291.825 0.9883259795583669
292.833 4.662884597884879
293.845 6.372021964175258
294.852 9.526272977271894
295.853 8.78899818772922
296.865 5.760126088849933
297.872 7.120515050905839
298.985 10.818126561025304
299.993 14.777337828204667
301.004 14.464141035994592
302.005 12.537770295859536
303.012 13.788468708557684
304.084 12.184024848391395
305.153 11.101626854382316
306.164 9.89412810361512
307.18 5.646229170866945
308.204 3.6484830207007892
309.212 10.618655157992563
310.232 15.755407207659397
311.252 17.42693121962008
312.253 16.71004496025991
313.265 16.181507639969688
314.273 15.370773621045391
315.786 0.9539936988068695
316.792 44.0266865756334
317.804 14.723804348986251
318.825 14.815856169015142
319.837 15.60338834731988
320.844 16.313571959882445
321.845 15.390163863754914
322.852 15.455150924463707
323.873 15.944472932983519
324.884 24.794923440384878
325.892 18.82441261808428
326.905 22.485520806749285
327.912 9.571502871010985
328.913 14.04115156481322
329.924 20.043399650189667
330.925 20.094985071794135
331.932 20.021882942221012
332.944 19.233413401408768
333.945 17.504684316154
334.948 17.65256259456874
336.065 18.341669799020686
337.073 21.042761262249712
338.085 15.774447586900799
339.092 15.68051302556989
340.105 16.536970328773286
341.113 14.108214937190148
342.132 9.477979467236276
343.145 14.052451241786235
344.153 13.476673399772316
345.225 15.5995359251152
346.233 19.7275886833591
347.245 11.926964018576223
348.252 17.353581667477755
349.268 14.756015347709525
350.292 15.182397086141993
351.305 21.521838235894723
352.525 21.532735001206234
353.532 14.72062444896389
355.705 2.4403018122811444
356.736 17.48760403694144
357.764 5.041107203699546
358.793 4.450602567525913
359.801 6.8149851815240545
360.812 7.510000849731958
361.972 2.8051517952262355
363.001 2.9280280049512584
364.485 2.992887314470071
365.492 12.446706851156462
366.692 13.962234976061135
367.7 10.521380631124856
368.905 2.5003658233152244
369.913 14.053416079736373
370.925 14.886071230705756
371.945 12.236250184596404
372.972 14.669851463544472
373.993 11.782914330063427
375.001 12.539237123776793
376.004 16.461531084426472
377.016 13.663324116632698
378.017 18.78196872994189
379.025 14.402048683218208
380.033 18.771099535075027
381.044 13.810597380873112
382.052 15.542948659616265
383.065 11.23858598198659
384.073 14.706020654867697
385.092 11.015409425238836
386.104 12.504299833792835
387.105 12.641709722076273
388.113 6.756340790213875
389.125 13.57609696240365
390.372 11.591451099575112
391.373 13.966079312008073
392.376 10.52060267122569
393.505 8.710512266474586
394.513 14.586459511332189
395.521 9.647832656243702
396.572 9.984795439895832
397.585 12.729898022868646
398.593 11.277639823385652
399.605 10.881195751357113
400.633 10.74209006135813
401.645 13.457008392558006
402.653 10.477506585763141
403.665 9.939194717512276
404.805 7.188771072366648
405.984 8.39461093392912
406.993 8.838756014470508
408.001 9.325769195769759
409.012 10.013334466309278
410.024 8.504908696476555
411.044 12.288072352073094
412.052 14.825581798403206
413.068 12.356220542547756
414.073 17.38811615835831
415.085 10.534028195403577
416.092 8.736630770523284
417.104 4.3156548611826775
418.365 9.175014066331645
419.445 8.935715531401282
420.452 6.8217527934222915
421.456 8.04251134443644
422.473 9.00623410419698
423.492 6.617268682759713
424.504 7.978934179658286
425.513 8.002657472561136
426.525 5.713813867243292
427.532 7.779191781972788
428.56 6.916868023680773
429.561 5.779067301520582
430.652 5.603448794781937
431.656 7.2022489651669614
432.677 6.019979693313893
433.7 4.476705808391168
434.705 2.4308824822919655
435.713 2.2716617271746844
436.725 7.502579900275701
437.961 9.000290405690338
438.964 15.500273794824926
439.972 13.995121282413137
440.985 12.07755771387306
442.012 15.305407204556323
443.153 15.488128890865724
444.168 16.185671177133834
445.172 15.467461428921062
446.177 17.575268951250504
447.224 15.234757018425201
448.321 16.377014264008636
449.485 17.07460280984599
450.492 16.93286491894529
451.508 15.79679931383023
452.512 17.79002877613115
453.525 18.705175505339046
454.533 17.389154504677748
455.548 16.38564858163896
456.565 5.530403623367266
457.572 10.890868494761902
458.584 13.457008392558006
459.601 9.777976752264568
460.613 6.025202620414255
461.625 6.788048481201825
462.632 10.82875394049739
463.645 17.908291902731555
464.652 20.34557850669806
465.664 17.640081461434452
466.681 13.70035941075602
467.692 15.37762078754639
468.704 14.023114364565485
469.705 15.630254257251323
470.713 16.29772207743254
471.724 14.185557160604809
472.725 10.35416224855771
473.745 10.043136056982817
474.764 5.093844441070284
475.776 5.597162782745365
476.785 9.31652660984729
477.804 7.687582065207652
478.892 6.29291154654068
479.905 8.327970669166403
480.913 8.010596616879152
481.925 5.5303060417793874
482.932 10.053109379780219
483.945 7.522220374159859
484.953 9.564891482840778
485.964 8.58285811397938
486.972 8.448900078012617
487.993 11.567804116563952
489.012 8.397205025072974
490.033 11.803881751595865
491.041 8.544863627429278
492.052 6.437143585484536
493.084 9.692794101506673
494.085 8.757930772441743
495.284 10.438657188589115
496.305 8.380756043633067
497.313 8.975990517660911
498.324 9.042778568876871
499.332 8.251466873884901
500.364 7.590742368649805
501.372 7.305203349718992
502.393 6.610173780893686
503.425 7.006839109522897
504.433 5.851154559514113
505.445 6.668959911356179
506.472 4.36036359446261
507.473 9.872573306764329
508.485 10.065769849497341
509.533 11.608719339469491
510.545 10.479794146416852
511.585 8.907014761467858
512.592 14.00254520755102
513.593 9.803397702186551
514.605 14.647894091014464
515.612 12.33927491786516
516.625 11.291288052010765
517.637 11.85549346605921
518.641 11.523598344267137
519.644 12.963534779749795
520.664 6.626846036361056
521.685 16.187172233019364
522.692 11.942704108736924
523.693 13.755032111273326
524.713 14.296699563469659
525.725 6.232475928018409
526.745 14.533008647163372
527.753 10.469291127069912
528.764 11.920636269415805
529.773 9.913739854068272
531.266 0.9674212240581728
532.281 19.407442565079084
533.285 7.562361413425307
534.292 8.377591149816848
535.313 7.040221636522003
536.324 9.89412810361512
537.325 9.117362285286074
538.345 12.642535977613663
539.348 10.607031506474952
540.364 17.792957581268773
541.365 17.104944372143486
542.473 9.423510373816791
543.484 17.531613535672776
544.504 18.07764490256907
545.505 11.747531423717215
546.513 8.425215085397031
547.552 8.235564889845389
548.625 9.777693545642048
549.645 19.84996303027192
550.652 15.202493413596214
551.665 20.700955663356492
552.673 15.702450916160346
553.881 11.635676736635528
554.884 10.573830185617004
555.892 5.4998126026334475
556.905 6.878576776389385
557.913 9.923574913447306
558.921 10.282258344053837
559.932 8.582509557363318
560.948 15.776422388724978
561.965 8.977647834821934
562.984 8.633746011694749
564.953 1.0410567863945603
566.345 3.2907523090522197
567.465 4.30804763838405
568.473 6.217179463846506
569.513 5.794116955951626
571.112 2.1151708653633703
572.113 7.70542306869411
573.633 4.591106512475646
574.641 9.684452626376288
575.645 9.660999187546874
576.665 11.579145100991955
577.673 11.293475788741196
578.685 11.288168751377869
579.692 9.911995610725764
580.713 14.282696919431
581.732 6.581649206704095
583.524 1.4123160080132087
584.545 4.249397430574512
585.572 4.607671895358437
586.593 5.429785605734099
587.612 4.730819732435478
588.645 3.7949378259847943
589.652 5.624954057734169
590.668 6.524084446465216
591.673 6.221274409532404
592.685 10.003439867034267
593.692 12.925426345431708
594.705 9.23790756464978
595.713 10.162697200518327
596.721 10.401819487589346
597.724 7.514741289213254
598.732 10.880064061731385
599.745 8.46546567363541
600.904 11.309568779122221
601.913 14.21367521245933
602.921 12.441176010438458
603.924 12.529633919860208
604.945 9.258195177638756
605.972 9.759542146902485
606.985 9.160767736083043
608.004 6.442024318767632
609.012 12.075675497086484
610.025 9.672743125905335
611.028 6.987472693683459
612.104 10.687575533149515
613.273 11.89492223619894
614.293 6.616654343423974
615.484 3.440469782744743
616.726 1.1621517441987066
617.745 10.511895278277867
618.753 7.725852314511688
619.761 10.760502918195874
620.785 8.703259746749039
621.793 12.793042358299541
622.805 9.84361047066248
623.812 16.99454204677132
624.825 14.084497763291953
625.832 12.828755102527076
626.844 13.790682726050958
627.845 14.101438192212427
628.852 13.223751176476775
629.861 13.571147103654916
630.985 13.09042243051902
632.065 12.163353669012523
633.073 9.571883362579696
634.285 10.899617095714135
635.292 12.566386724725271
636.332 10.313528181593894
637.345 5.086793362679742
638.353 9.8040137699118
639.372 7.235681576511741
640.385 9.279738745642565
641.397 7.502579900275701
642.412 5.105673108771561
643.444 1.6349291255553424
644.68 0.7800494024841024
645.713 3.8212370743125414
646.753 2.433529121499683
647.844 1.2151182030446672
648.972 0.8547349835730058
697.621 0.004954578005048153
698.821 0.3012940817094845
700.177 0.44438655119392995
701.317 0.6343033299147043
702.397 0.5579520031657121
703.501 0.4366580894340355
704.541 1.7382350867854874
705.565 1.4123160080132087
706.597 1.5181484737299609
707.701 1.3099742683021065
708.861 1.5584176640145753
710.001 1.0571722165245072
712.041 0.45668285088834404
713.361 1.1869160794616058
714.517 1.6680641201909177
715.621 1.746632357736142
716.677 1.5977716454290847
717.721 0.7851157648901671
718.781 1.3643505586844584
719.917 1.8035209116412805
721.001 1.3341435352449498
722.181 1.0662806212149019
723.217 2.326595225555865
724.301 1.3341435352449498
725.341 1.5221416313084029
726.441 1.424299295353927
727.461 1.0633908766217102
728.497 1.1632976127779324
729.617 0.4507140476700466
730.681 0.4331193503007281
731.845 1.035374851235342
732.861 1.0675774548761263
733.921 0.7958711592326005
735.097 0.7173668612130584
736.117 0.4726181673874266
737.761 0.23776729139898814
738.937 0.4099239206931762
740.361 0.33853267607807247
741.561 0.8034508845586252
742.681 0.5380251459097938
743.857 0.5124049008664703
744.877 0.5907727092342834
746.017 0.4228688866098028
747.081 0.4530738070819317
748.117 0.3489892838333798
749.281 0.2050314672512092
750.321 0.5794116955951626
751.357 0.6979785676667596
752.401 0.6926300728953667
753.541 0.740020551567155
754.581 0.8111763738332275
756.277 0.5712324520990568
757.417 0.5285861082622536
758.421 0.6001874137639134
759.561 0.6343033299147043
760.657 0.6603705900481852
761.781 0.6433325588102872
762.841 0.5684793994518577
764.017 0.5124049008664703
765.397 0.40569622198147604
766.477 1.339084807597709
767.481 1.0803373447750442
768.541 1.3643505586844584
770.261 0.3698053974470418
771.361 1.533860779611921
772.441 1.1159040063314243
773.461 1.2996999603154233
775.057 0.4989994171565134
776.181 0.9649988382154309
777.201 0.8270817929279968
778.237 0.6979785676667596
779.321 0.5558931396853958
780.441 0.5380251459097938
781.741 0.4638861920084443
782.761 0.4726181673874266
784.141 0.23633161507087713
785.497 0.5332638614327159
786.841 0.35895050687652663
788.241 0.4304201167278351
789.481 0.38876655704449614
790.597 0.43196284116055134
792.421 0.19832852334140502
793.597 0.30744294051988214
819.205 0.004706249323797008
821.169 0.4295434973454973
823.449 0.3086896505049081
825.025 0.38235289557041174
826.149 0.6433325588102872
827.169 0.7089272510811401
828.269 1.205176326837938
829.329 1.2506546787940869
830.789 0.6810675118671297
831.825 1.3959571353335192
832.965 1.48004110313431
834.025 1.4780464385748295
835.053 1.6238939956973806
836.169 0.7368313522281773
837.189 1.5360090440091367
838.269 1.5622656088639937
839.353 1.5565007911191082
840.985 0.9304778133288873
842.049 0.4330365517248725
843.105 1.4836450993270072
844.229 1.6083313970257183
845.249 1.7723181277028501
846.285 1.732275999261642
847.365 0.7613923973024497
848.669 1.3863224618534564
849.729 2.160221717917059
850.785 1.7118981915311622
851.865 1.7854464101302785
852.925 1.0199384780808767
853.945 1.7723181277028501
854.969 1.6477020093487433
855.989 1.8904726695497065
857.005 1.1774711239221234
858.025 1.7723181277028501
859.089 1.6990267765572435
860.145 1.8260247376332395
861.189 1.3953019316916286
862.225 1.7449464191668989
863.245 1.7723181277028501
864.285 1.7382350867854874
865.365 1.1512246521458618
866.409 1.7315751822384169
867.433 1.6477020093487433
868.769 1.2713498212694923
869.845 1.7920837573798338
870.849 1.8005622412917404
871.869 1.7723181277028501
872.949 1.0279694654816234
874.029 1.6738560094971362
875.069 1.8541174259045201
876.085 1.3798213157442982
877.105 1.7723181277028501
878.129 1.765395010016511
879.189 0.7218192374618981
880.269 1.7854464101302785
881.325 1.7118981915311622
882.429 1.5283033130191246
883.649 0.9603369745600696
884.709 1.8191340782459442
886.769 0.4680296414904614
887.965 2.761917707104194
889.245 0.5649264032052834
890.425 0.9192022831814781
891.589 0.9318373661118078
892.649 1.1369587989037153
893.709 0.9095670391229721
894.889 1.0213358702016424
896.369 0.6278745799493525
897.433 1.5857583247867606
898.669 1.4625926296576919
899.709 1.8541174259045201
901.009 1.1291412481879064
902.069 1.7054381983555729
904.969 0.249346826242332
906.149 3.9916463669832467
907.273 1.3938872107556222
908.449 1.742176662945999
909.509 1.591742318465201
910.909 0.9389954651773034
912.209 1.4832939407236163
913.289 1.6754073125643254
914.309 1.2996999603154233
915.729 1.0095870586562972
916.789 0.43467065192006066
917.809 1.8904726695497065
918.973 1.3459873066059447
920.049 1.5680732877073542
921.789 0.8651293900265447
922.829 1.5064704085474228
923.889 1.2506546787940869
924.929 0.695294034714195
925.949 0.9452363347748532
926.985 1.0469678515001393
928.029 0.6926300728953667
929.625 0.4577657263804165
930.669 0.6926300728953667
932.009 0.5396311911214647
933.129 0.5380251459097938
934.149 0.5907727092342834
935.409 0.4782445741420389
936.789 0.5239897073208426
938.049 0.4782445741420389
939.225 0.2049619603465881
940.269 0.6926300728953667
941.845 0.22315098817501228
943.365 0.31715166495735214
944.665 0.3708234851809041
945.805 0.31715166495735214
947.049 0.4843956297580137
948.265 0.39643958119669015
949.605 0.26981559556073237
964.809 0.007926705648763077
968.573 0.192110997901903
969.689 2.0518234955126187
970.869 0.7149351091411498
974.349 0.05733944134166687
975.493 0.6320854861038137
976.513 1.4192459197306435
977.549 1.6286166578891057
978.733 1.017885411180691
980.009 0.9444955539482274
981.149 0.5285861082622536
982.169 0.7089272510811401
983.233 0.4425583879482684
984.533 0.46352935647613003
985.589 0.5706327305103873
986.633 0.5777451231246108
987.653 0.7089272510811401
988.793 0.5285861082622536
989.849 0.6847592766124648
990.929 0.8927232050651392
991.949 0.9452363347748532
992.953 1.4404497930333922
994.109 1.0425400751193237
995.153 0.9581045136030695
996.209 1.5977716454290847
997.273 1.132684517704829
998.293 1.5360090440091367
999.313 1.5360090440091367
1000.329 1.040783966120707
1001.349 1.7723181277028501
1002.369 1.5360090440091367
1003.393 1.6477020093487433
1004.429 0.6857333296375182
1005.449 1.6541635858559935
1006.493 1.6161368367558557
1007.829 1.0989131105527015
1008.833 1.4404497930333922
1009.889 1.5977716454290847
1011.073 1.017885411180691
1012.133 1.1718654286946186
1013.169 1.0469678515001393
1014.233 1.245952969475312
1015.313 1.339084807597709
1016.549 0.9313692929696422
1017.629 0.6701629250257302
1018.709 1.1159040063314243
1019.873 1.1389123363588762
1021.125 0.8663408100272718
1023.053 0.7051470282419688
1024.313 0.6526220548306713
1025.353 1.5064704085474228
1026.553 1.4060390479775946
1027.753 1.10474496626811
1028.933 0.817068696161314
1030.049 0.7559349720309647
1031.369 0.6391086581716339
1032.553 0.40142483869296985
1033.853 0.648941099066582
1034.893 0.5794116955951626
1035.957 1.5857583247867606
1036.973 0.4744788688338339
1038.009 1.2796273740557258
1039.829 0.4888453395000456
1041.013 0.8143083289445529
1041.614 1.4036995487297115
