0.0 15.241625058540954
1.129 41.87507404811061
2.249 22.815715575085825
3.411 17.512370783658366
4.573 18.021797048972193
5.579 18.21750329164336
6.659 19.60535923943945
7.789 20.865004984568927
8.791 28.295432503010197
9.792 23.867017569181012
10.799 27.850172972897532
11.83 21.602765704648004
12.969 21.438593881369226
13.97 17.123878223161405
14.98 16.33664964896414
15.989 13.526666281261452
17.009 6.44771127347221
18.039 3.9420676056214914
19.079 1.0907683774984465
20.099 1.7515147439879017
21.479 1.5299792822977323
22.499 2.5476578094369473
23.609 0.877909110008678
24.829 0.611715848864078
25.889 8.273207236277782
26.89 10.713898873324462
27.899 12.285545231028802
29.019 16.00864248184576
30.039 15.560988678793631
31.149 13.733908293209588
32.209 11.711584689321016
33.229 14.843295968039419
34.309 12.962582568693557
35.318 14.77743578865367
36.319 12.469956866731545
37.328 13.738814674660153
38.329 18.486643746884724
39.428 16.259229625340406
40.559 15.307615502946735
41.568 13.429122732660499
42.749 11.228429630112979
43.759 13.183434941465428
44.809 13.48603832028452
45.819 10.934749112781356
46.838 7.973321467796887
47.849 12.689513593099539
48.858 12.659011121570936
49.859 17.26916871633469
50.868 13.164025488995902
51.888 14.74447645596833
52.958 7.29991656929242
54.049 11.155182239584555
55.288 9.90518515154459
56.419 11.128058915881828
57.421 13.400305828784804
58.438 12.58628174244617
59.439 13.11362340261026
60.568 10.600561458629908
61.578 10.533324015815538
62.588 10.528034373249369
63.598 10.375340024506002
64.928 6.716245467104955
65.968 5.387288463726498
67.008 5.153495304425941
68.019 4.1902197456926915
69.058 7.121899855496395
70.068 7.236231030517073
71.088 6.641625651694156
72.098 8.031558177243495
73.118 8.121474033875321
74.138 8.810882714672793
75.148 12.022417171997965
76.178 9.04070557249462
77.298 9.176552737770944
78.308 12.485202122731325
79.318 11.467004702550382
80.328 12.08095588306355
81.338 13.899887640149666
82.528 11.825218704454205
83.608 12.158013785129825
84.618 11.27011245147637
85.627 6.7101489621414245
86.848 5.899788804590482
87.868 9.594687890511079
89.008 12.517683415221939
90.028 16.36108918053292
91.048 9.99031512435045
92.058 8.701697116570623
93.059 12.385273264996258
94.068 15.129604474977745
95.078 9.80523410348573
96.087 13.73340212552186
97.278 8.209636789813814
98.288 9.99554368825518
99.308 12.056329658227728
100.323 9.822317882865004
101.328 12.433083499680265
102.338 10.094048587598474
103.348 5.556593194340036
104.378 6.025139119328847
105.407 7.0793112506349525
106.417 7.911028886171995
107.419 8.007765695803498
108.617 7.15767429463644
109.628 9.317472552317623
110.657 6.613533690759903
111.677 6.527674765572136
112.688 10.249172835011812
113.887 8.131986975126656
114.898 12.45512063062694
115.907 13.661156360936836
116.917 10.721282648333354
117.937 9.0171349825055
118.938 11.966006413267634
120.058 13.988229918665938
121.067 16.63583724342842
122.077 11.809655993225451
123.078 12.229782786179785
124.097 7.757429531217246
125.108 12.244448799627017
126.318 4.998830744108695
127.347 8.891424789252127
128.358 6.419032121581793
129.387 5.6300588529162265
130.437 2.3201883621657924
131.567 3.3786699881856643
132.768 9.407593824320518
133.77 10.535785476900552
134.777 6.015028066294388
135.807 5.3124547916809615
136.827 5.462309637201504
137.847 5.095315618873895
138.887 2.1203487015862006
140.289 1.390127121411744
141.398 10.685827362937738
142.4 16.291367070759314
143.563 9.592070149789626
144.867 8.417503407473927
145.868 14.195770716661741
147.018 12.440011709689234
148.067 13.027397377258412
149.077 15.141778167073202
150.087 14.9816783187372
151.088 14.564393453627106
152.089 15.07451134027062
153.09 14.584556215945033
154.379 11.494955500340494
155.397 8.676115384373194
156.407 10.635707986374022
157.419 11.483643265111498
158.427 10.582137527775123
159.477 11.131137588372873
160.617 18.570582221149827
161.627 21.81519122855006
162.737 10.820593437164709
163.746 12.480514664119008
164.767 6.840124358588672
165.787 4.535105593434384
166.997 4.7985713853883425
168.007 3.537712948252792
171.956 0.7806140790796166
173.037 1.926696711556344
174.127 4.172081825545827
175.177 4.810885693636945
176.205 6.466135227270232
177.208 7.240806363313864
178.216 8.271159627451507
179.217 2.863112249145412
180.239 8.234758893537535
181.247 11.644285160674487
182.266 11.8896687728093
183.367 9.11795477913201
184.387 12.406213584359282
185.396 10.016039844520703
186.406 5.228282712399909
187.419 7.413922871210238
188.427 14.480801177875122
189.437 19.89481588180611
190.446 17.3199219143104
191.447 18.07484897766215
192.657 12.508311400484127
193.667 18.29181908903221
194.676 17.14189611330528
195.827 11.859931137764512
197.026 12.188870767810023
198.027 18.632171449026455
199.106 12.46031275029755
200.107 17.531047417499273
201.317 9.920148066664682
202.496 13.794333971797125
203.506 15.983728261822533
204.526 10.228576068060129
205.536 11.175251528123102
206.546 12.811044104807243
207.586 5.155550127115106
208.646 5.602945766588093
209.667 7.975726400033947
210.696 7.101809795142171
211.756 3.0791841082466735
212.757 13.147307076129618
213.766 13.795175784165409
214.776 13.847814047776064
215.996 11.469331567176484
217.198 10.836691911416759
218.206 6.283843480865687
219.216 9.1503763537942
220.217 16.12748195120322
221.266 16.601200019880764
222.276 16.03161359431515
223.277 13.639278476686998
224.286 17.884591986368278
225.437 14.929196322451595
226.546 17.094196059415722
227.676 16.65611389287424
228.816 14.593046320274002
229.826 15.405084819255757
231.006 7.741147834865027
232.016 12.300652370978373
233.026 11.412345062699986
234.036 15.065372218895227
235.046 8.476005700414143
236.246 11.88249926917877
237.256 16.978224518433958
238.266 13.462963164184234
239.276 13.321670933861274
240.286 12.16394449754609
241.296 13.754363695773769
242.306 14.46329334725279
243.425 11.49364693722254
245.03 1.2119371248477453
246.106 11.58432814440603
247.125 9.319820718229103
248.256 7.314748886288024
249.266 12.296655752150603
250.456 12.690001673290336
251.536 11.658607311058226
252.656 12.815097398376793
253.785 12.259394512477735
254.796 13.760722312375618
255.797 10.520692168525047
257.026 12.444865214725084
258.036 18.766476348636303
259.046 11.616760360979214
260.185 9.859957728867121
261.256 12.59441352424654
262.355 7.096378250394404
263.425 6.0177072112534296
264.465 4.528829206919766
265.575 1.942780345296982
266.608 2.358371520110437
267.836 3.3868951495070205
269.196 0.9553716785388555
271.105 2.952715979908774
272.406 5.4728514981120195
273.422 15.226352980146777
274.436 11.54798642919366
275.445 16.372372822774228
276.506 12.994191705207855
277.525 15.314812405603817
278.556 10.146505834401117
279.575 12.943962423165026
281.185 1.576952330438452
282.245 1.2257598894460786
283.265 1.2738289047184737
284.385 1.3051059537182579
285.425 2.0846176181579414
286.457 7.8250249716887454
287.605 16.283264602041804
288.726 16.699498576521453
289.845 16.201616855272896
291.065 15.649260115738167
292.105 16.64326468452444
293.115 19.764102936615483
294.125 13.197893297812955
295.185 13.495119089863723
296.207 14.597944712551064
297.276 17.19139227106497
298.295 15.718634020382574
299.296 17.95790495621818
300.525 12.068602862800766
301.685 6.8276010755732
302.755 7.106852854945946
303.765 9.114759427182008
304.835 7.208044870741339
305.845 9.838970268296622
306.855 9.5125405481578
307.965 10.05381341649558
308.966 20.20427388740352
309.995 11.245234053312293
311.148 11.775415179080408
312.165 16.3077894562126
313.185 17.09705593533326
314.201 16.576594407324936
315.216 17.08875575455413
316.395 13.995126031917891
317.42 17.56093030376299
318.465 14.04908818138415
319.515 16.412166713290784
320.585 22.497359573089966
321.673 11.274546848728942
323.914 2.7539942183672497
324.915 7.530791725745151
325.945 7.726452507018122
326.955 14.016619642388566
327.975 13.051857675594055
329.115 7.951114365461406
330.135 10.444605531433437
331.154 10.851686439842215
332.174 6.121455569897111
333.184 7.667748316303756
334.203 8.249332259894654
335.215 7.89637586739189
336.234 6.9367372477488285
337.254 9.445003682591858
338.274 5.733510418268212
339.284 4.668756076511974
340.294 5.594443525591278
341.304 7.6139115097414285
342.315 9.583337114961893
343.324 8.199070631618481
344.374 4.796978131816945
345.394 5.413772845053514
348.824 0.09470156580268538
350.005 7.273171437742727
351.064 16.01876039002196
352.104 14.959109177121553
353.105 5.96627997435836
354.414 4.486354150425731
355.42 11.139671758708522
356.424 13.523553104505227
357.576 10.196169708634383
358.714 12.532275706550783
359.734 17.25698291953311
360.834 10.001988503268626
362.034 7.433648327593948
363.075 6.084643831616341
364.084 6.196545114562212
365.114 7.46745174942071
366.214 7.485382812915498
367.234 7.165287589041415
368.264 6.901269407934957
369.294 7.491196367162174
370.304 4.763734547477825
371.324 5.714770793482057
372.364 5.621994877555572
373.384 4.5139216697630795
374.394 7.031110446562359
375.405 9.185714584434727
376.524 5.0403733469333
377.535 2.891629412788227
378.544 3.7021836105916006
379.564 3.141040462603503
380.774 3.7479211094561795
381.834 5.056259543965074
383.104 0.8464862742084468
384.113 3.2192900961666093
385.284 2.6360378363707615
386.434 6.765048069479629
387.453 6.853549529066765
388.455 4.634110501428896
389.533 4.3691858768057115
390.644 1.9699476106408176
391.693 2.0127468156061683
392.834 0.2846856886092996
393.935 1.7701709575106859
395.004 1.5193001436071603
396.024 0.9943640655162576
397.053 1.4205234870402808
398.364 0.6194248106468552
399.418 1.078645443511611
400.443 0.7922594407395386
401.573 1.4372848261204019
402.594 1.7113101826694797
403.613 4.144006691993858
404.679 3.025322684470427
405.753 2.419563282705481
406.873 1.4501177263536198
407.933 1.3789798756268385
409.013 1.2030606322341142
410.273 0.7733961207219306
411.443 0.5819460801166199
413.533 1.3210641870704747
414.563 3.9420676056214914
415.584 2.305274469757589
416.593 4.024112620208261
417.953 1.6719004374429969
418.974 1.0937408152605235
420.593 0.08257084489464822
422.063 0.4419406404125318
423.093 4.099750309846351
424.743 1.279619036103558
425.764 2.5122549770044245
426.773 4.189228987243791
427.813 1.7178317681419806
428.873 0.6128799447230393
429.883 6.629567801983957
431.183 5.735055788186076
432.213 4.572798422520929
433.923 2.21359546038321
434.994 2.1230481745307896
438.143 0.36103280325857035
439.393 2.9460422124187704
440.403 6.241895775690175
441.443 4.6849957312963095
442.473 4.888163830970648
443.483 2.6035620710676195
444.503 2.388429196347139
445.533 1.261461633798877
446.583 1.7014714655882472
447.853 2.0886850165256026
448.893 3.1233304875308736
449.943 3.712301379465267
450.953 4.2619237893674065
451.963 6.709970368989702
453.283 5.430052298883835
454.303 8.062800694614568
455.313 9.134272330870536
456.323 8.72920325791469
457.333 7.689259529406171
458.334 8.023118939755202
459.683 1.1593322813502196
461.053 4.727778706216217
462.453 4.957176914759853
463.723 6.225763985613931
464.783 15.620486383552391
465.813 16.53939417341017
466.843 18.599066864780063
467.853 20.661226315837485
468.862 18.16828015968179
469.863 15.423089919402283
470.873 16.911339926875087
471.883 16.38167038458285
472.933 14.207874699624988
473.983 15.194293962370326
474.993 16.710657143917462
476.003 14.040004394346813
477.013 16.60512839610028
478.192 15.761572530733583
479.193 21.49741857888788
480.202 15.919483656833245
481.283 20.46935414162049
482.324 19.960647174488745
483.332 20.822946175516723
484.413 16.775429659121144
485.415 19.276269316981526
486.422 20.530134113255322
487.432 23.679261268867467
488.453 16.431694089354092
489.643 22.35289157627982
490.653 22.37048615038506
491.803 16.123421346200757
492.813 20.546852488795686
494.032 17.432815272344744
495.033 18.31170213265566
496.042 17.922715158559726
497.043 16.819776325613404
498.052 19.10500415294138
499.053 17.99941652569626
500.062 16.399906224912492
501.073 17.35400400511063
502.074 15.745101094067975
503.082 14.997034608236389
504.083 15.503740968673984
505.093 18.512691053072846
506.172 15.694444118577511
507.173 21.786932124876447
508.292 15.405143015303453
509.622 16.098672297751303
510.623 16.97206448335585
511.702 13.871235981524507
512.773 16.762257695423006
513.793 21.412989395399144
514.802 20.095029988801972
516.043 18.506069077937322
517.252 17.841458308417728
518.262 20.039516992893933
519.354 9.668756158350586
520.362 18.34365945201577
521.392 17.27259569502883
522.612 19.120742692341455
523.622 21.58232940802611
524.623 9.947358091790628
525.632 19.82946208869057
526.712 14.191036750456735
527.812 21.381812416025948
528.813 17.623677519677514
529.822 20.941740936609534
530.833 20.776540523779936
532.053 14.702102884272358
533.182 14.937867313597303
534.193 15.130676370594733
535.333 14.07785060112042
536.452 15.366099139839386
537.511 14.282533312769674
538.642 16.36403408171819
539.643 15.880191601598076
540.653 17.86288785072232
541.661 19.76751205060974
542.672 14.570411428732623
543.693 18.62010596934591
544.702 21.346270152640997
545.712 17.944936084304207
546.793 20.7519392547046
547.932 22.42177777764845
549.032 19.83215231815357
550.042 19.731072057480084
551.052 16.86949297679607
552.252 13.409574997676595
553.253 19.250575229765648
554.261 16.54679492689793
555.271 15.346546108190172
556.272 11.690250987448946
557.273 15.02422303896003
558.281 16.42053386430444
559.293 5.04796026085673
560.301 15.171468035196241
561.501 11.361601717475429
562.533 12.977745071689316
563.541 10.847968888104894
564.542 13.027160733611627
565.561 11.069326017570637
566.601 5.6898040262980185
567.641 6.206934403071223
569.001 4.161942630301395
570.021 5.095315618873895
571.022 5.601096767435465
572.031 5.324889375073826
573.041 7.952448633976147
574.051 5.329256111607416
575.082 3.947801794522641
576.352 3.9675403828997386
577.361 4.873765170808374
578.542 8.438085198911528
579.561 18.310179148551768
580.562 13.07910949770134
581.791 6.5595231021096305
582.821 7.393566798098974
583.841 11.913396371038921
585.162 12.351605034301492
586.251 15.430512882879517
587.261 14.825339994003807
588.501 10.98696016002451
589.511 10.329966646049545
590.521 10.89513556734139
591.531 12.031820981004484
592.551 8.42549825711405
593.552 14.492044718251021
594.58 8.9916571181764
595.661 7.652532261746733
596.671 7.75743714470344
597.681 7.879451566563036
598.701 4.824347628177203
599.721 7.397030402390692
600.761 5.054635501713889
601.78 4.303391564762852
602.791 6.4559055635739755
603.811 5.573001458143324
604.82 5.472793163483236
605.821 5.36531105279996
606.831 6.914620762494092
607.851 4.945165830214647
608.951 4.398366646364051
609.971 5.8914586843229415
610.991 7.875065427215142
612.071 5.090582214683605
613.111 6.0904944506852035
614.17 1.993740707810076
615.26 1.0430204563864567
616.31 0.8699575662038792
617.33 2.388429196347139
618.35 4.458401166514659
619.54 2.2288015140515904
620.6 1.3789798756268385
621.801 1.8932427934408627
622.811 6.250594299021205
623.961 7.579591695480244
624.972 16.667617799873984
625.981 14.479623369455407
627.221 16.08343597606509
628.331 16.049115480739783
629.492 15.842834355940335
630.581 14.888027952294033
631.591 14.656424074724193
632.701 14.668291088657421
633.801 14.874599923978073
634.881 16.096762181780804
635.901 15.78528220030245
636.961 15.106169003039197
637.97 16.212114302636106
639.041 17.89182442907365
640.051 17.802468377855433
641.052 16.639497509594303
642.06 21.24165706872555
643.061 16.838278625152206
644.14 15.768274695521539
645.146 16.206999773534214
646.15 16.547207863714405
647.3 18.843522164687982
648.7 16.757255157800042
649.701 14.87762789646029
650.8 14.018830956822681
651.911 17.936055896481005
653.051 17.254005653221878
654.251 15.851609996478787
655.43 15.50096578469921
656.601 15.893977396147609
657.681 16.067117984612423
658.9 16.515657498467153
660.05 15.94843383719302
661.26 16.13535081962013
662.261 20.199766917003043
663.27 19.041112540287195
664.271 20.646668613555647
665.291 19.891587932170417
666.68 18.818763456219802
667.87 16.532339753445612
668.881 20.107886451475835
670.05 15.007349953114687
671.052 20.629499253235245
672.053 21.796301879130066
673.07 14.85929773086319
674.22 13.879761444569407
675.23 15.054205195699984
676.24 13.994748563502936
677.26 14.761353757794367
678.27 12.12562397584452
679.28 14.810528994818538
680.291 11.3918972427377
681.3 10.701197966961425
682.32 11.30709385233657
683.34 12.483383592019036
684.37 11.359379021461928
685.371 13.309439406062582
686.411 12.417635981072582
687.42 14.067215210420423
688.62 10.361557566930822
689.621 14.195889321145962
690.63 13.39617678138394
691.64 11.8322251348411
692.67 12.165312843055656
693.679 13.39205853747437
694.74 12.216840812418308
695.77 13.532472605344442
696.78 7.080833086684332
697.79 14.581546245509779
698.8 18.75519177782848
699.801 15.794914977441675
701.16 12.324836905686421
702.17 13.84452271462378
703.18 15.307520300813117
704.187 14.746539436367543
705.39 13.525542696674004
706.45 14.969749453939661
707.461 16.561225002278707
708.68 16.078553952840885
709.691 17.34484436028455
710.692 18.7906270399485
711.86 15.315685029163726
712.861 18.371716001672546
713.959 13.95526113016463
715.02 19.434443703840703
716.03 16.88794795197137
717.04 14.321295831254337
718.049 17.64726347306535
719.051 13.110725760121456
720.21 15.246851330856533
721.219 9.64386825920729
722.36 15.510963253490024
723.37 17.155251222981697
724.519 9.806175814341966
725.53 13.604656056300426
726.64 13.379771224101555
727.649 17.05007246464233
728.65 11.009817061461074
729.709 10.260186098671737
730.83 13.792530388440856
731.839 15.638384093977173
732.879 12.451312241811674
733.889 13.571929801047283
734.89 11.516258209093673
735.909 8.000235141488142
736.919 3.4295691446778123
738.13 7.344263207540055
739.146 12.948295288858306
740.159 10.806854287307594
741.161 10.984435701837334
742.169 8.223458386453032
743.17 8.940287416252362
744.188 9.14156120660393
745.189 9.23644281335742
746.199 7.563601131556547
747.209 5.693888805835226
748.278 3.599564104857578
749.299 5.090325104065988
750.3 3.2847511905584996
751.308 6.702318812390574
752.319 9.274492680441384
753.339 9.22187411293311
754.348 6.496588599402302
755.349 4.734097987764669
756.359 7.455104685143824
757.549 6.4048612175059985
758.559 7.075425896505584
759.578 3.0544106904327197
760.588 4.1809334842987536
761.609 2.8093534017323254
762.628 3.8252369464558686
763.629 6.25638654276804
764.679 2.7842260345989502
765.699 2.9569032799221597
766.718 3.669453107158079
767.899 3.3960231860376617
768.93 2.3350793334693614
769.989 3.6807520759570633
771.01 3.3405258495433046
772.05 2.084389304525812
773.108 3.2237021667142853
774.118 3.376907814241301
775.146 2.5583208765023517
776.189 3.584935953058469
777.508 1.9111806994104596
778.528 4.94093105583883
779.598 4.029039997327086
780.6 4.700581212771016
781.648 4.494257991599769
782.658 2.648582806686334
783.668 5.949789958425149
784.748 3.2861011951182726
785.808 3.524059682157476
786.908 2.068957775179687
787.918 1.3713104483757663
788.929 3.534213726741166
789.938 3.1261001196986284
790.998 3.524059682157476
792.199 3.167563639840516
793.228 2.8410469740805615
794.238 3.698518082264282
795.258 3.539111995328026
796.298 3.9041631094135925
797.368 3.035760473861784
798.388 0.23430350741943423
799.438 1.0827545690107028
800.448 2.0904667421493768
801.478 2.8382886760474735
802.508 2.207557859148035
803.568 2.451519778892157
804.608 1.5866655864836114
805.678 1.2143041895447133
806.688 0.9648308040689432
807.698 5.279180828647698
808.718 7.253398744091844
809.728 7.3085228122546955
810.729 8.422578842618572
811.738 6.682027239444648
813.048 3.5900593228723867
814.078 7.411087098568403
815.079 5.9142126057844235
816.089 6.5672675673157626
817.098 11.218096409668293
818.108 12.093063287159447
819.298 8.142707841197344
820.358 8.235126245560341
821.597 6.955505700634787
822.608 7.879451566563036
823.618 6.577729304835516
824.818 3.7037646240391693
825.998 5.224017128695891
827.018 5.413772845053514
828.049 3.624336075629484
829.058 4.828935144249914
830.077 5.793430408215097
831.238 6.429862507957351
832.247 6.438580192333219
833.268 4.039840889196375
834.398 4.911038349952189
835.428 6.464990873219245
836.438 4.350672236866438
837.498 5.004514197754905
838.508 7.236231030517073
839.687 5.3715400516660265
840.697 5.163336549706987
841.718 6.13441385382404
842.729 6.59788005837827
844.277 1.8885254110651792
845.448 5.204147005419661
846.453 5.0097599461689235
847.458 2.508660210734844
848.489 2.6780059660303515
849.527 3.689794645181066
850.588 2.908435929953349
851.597 3.2192900961666093
852.637 3.628588555433346
853.798 5.205000185359412
854.947 6.5348329174981385
855.988 4.680495255089493
857.108 1.451413631381639
858.137 3.431431857380197
859.149 5.1355947937266535
860.169 5.195066292425041
861.178 5.884382226216817
862.388 6.185963512926705
863.398 8.922098890160932
864.437 1.8481494097710252
865.478 4.836511763592476
866.907 2.044213854194163
867.917 5.1457642883676975
868.938 5.004160746835704
869.967 10.765380480976317
870.987 9.829573373855549
872.017 6.7707892754915795
873.079 6.99270049127231
874.087 8.351132819150184
875.097 5.081348196673035
876.117 6.080018884034558
877.127 7.490251421305692
878.137 6.163491518098314
879.437 3.1233304875308736
880.457 4.686884914683735
881.497 3.2370306763313397
882.527 4.888163830970648
883.537 2.605207737643761
884.547 2.733687278195339
885.657 1.6095000350159097
886.667 2.415720986162384
887.727 3.6772796683382363
888.987 2.777931826403991
890.267 1.395738311615359
891.487 5.026657724661961
892.737 6.057346964318121
894.087 5.948730288465803
895.317 6.576293886021716
896.327 7.7262962307998615
897.337 6.853613551564294
898.347 6.532238378766476
899.348 7.328689684629005
900.537 7.300920773844725
901.577 8.145957912276902
902.597 8.433995105619575
903.617 8.603815680545036
904.656 7.190574134912271
905.677 3.515063906496956
908.426 0.05908082406387975
909.427 5.6149734920895655
910.536 1.7574014645800409
911.567 1.2602381016613418
912.617 2.1655091380214055
913.657 1.0931656706358055
914.687 4.7848862703087525
916.197 3.0228785374371507
917.207 6.5930104944711125
918.817 5.180603648474305
919.827 5.467374556390678
923.086 0.5481881064337709
924.297 0.8039053075144295
925.747 1.008081840113413
926.757 0.6432205360459622
927.768 1.6064607848823484
928.896 3.1223751326162894
930.156 7.16032139448111
931.419 5.817431346658382
932.436 7.99635607696518
933.456 7.905793756057035
934.467 7.467341728792666
935.476 10.325614122408654
936.687 10.060384737379966
937.716 12.661834717207727
938.726 6.418569837400167
939.957 0.6376905463304302
941.196 11.527638208842603
942.296 11.223649086066883
943.297 13.137937321875992
944.315 17.559343275318906
945.327 12.944453443553664
946.336 13.632799310016654
947.337 15.623057079802415
948.367 8.888440329599124
949.376 18.339890465072685
950.397 15.51725885958493
959.939 1.7881996470450494
960.949 16.272005335492423
962.139 15.469418923960133
963.149 19.07374580792434
964.16 19.64438493700722
965.169 20.61192843150884
966.359 15.96147125463616
967.369 20.966615013324216
968.519 15.169816850209923
969.521 21.728576469651458
970.738 17.734224792944854
971.759 20.94414959019026
972.761 20.306506099726125
973.978 17.924845101354133
975.089 20.323447908011246
976.099 23.870511234537567
977.189 13.646728905713825
978.19 19.068991764420094
979.199 16.43449947375288
980.418 12.861830266355927
981.421 15.115036906401816
982.428 12.04962716806585
983.479 13.234292011115867
984.608 14.399249368195301
985.618 16.652617631583208
986.768 10.515252348072572
987.788 13.480191956420445
988.938 8.492520628905266
989.948 11.868899989966527
990.958 12.10517069125534
992.009 9.016177020231178
993.04 13.195881306814675
994.044 10.629145691866858
995.069 12.690166167670263
996.168 12.601283759354644
997.169 14.873120926059812
998.181 14.710400730422437
999.278 11.6747978070205
1000.288 15.362885226339001
1001.498 12.163621970212395
1002.508 15.749734419344716
1003.599 9.962945612749238
1004.608 13.48866077318171
1005.62 10.483882235503073
1006.628 5.949228108824538
1007.638 12.479207194489671
1008.649 10.384336311868507
1009.658 10.073812923366383
1010.659 12.168701476804895
1011.698 12.530484992920156
1012.858 14.328546289599345
1013.988 14.352150519190443
1015.048 12.977889633589783
1016.238 13.151525209727339
1017.458 12.52353420649315
1018.938 9.065149569228861
1019.948 9.963335642407849
1021.058 11.548975630044716
1022.068 12.772909981698467
1023.077 14.892040633451414
1024.298 11.300473911937196
1025.518 12.776939881078269
1026.738 12.402767523635953
1028.178 11.297821035931
1029.187 13.366829974508281
1030.347 10.632778416132874
1031.498 13.546087811177596
1032.699 12.37122263318419
1033.708 15.20832176570638
1034.718 9.142618211363823
1035.728 15.963083336180135
1036.748 12.591514718890698
1037.878 15.321267130018999
1039.048 14.865652797036564
1040.097 16.001133464755718
1041.098 17.493924213937447
1042.118 16.24725468959591
1043.138 18.66443349663982
1044.139 17.15661306080698
1045.158 11.70441881103832
1046.18 19.838256387293658
1047.259 20.064972920683502
1048.268 24.153265201403812
1049.278 16.566337683948387
1050.279 17.396549932390293
1051.307 19.655947012372284
1052.497 15.560912419879315
1053.499 16.748020612658433
1054.508 13.905544720941881
1055.518 16.075693949033212
1056.647 17.45744676924588
1057.797 16.341045929674685
1058.858 15.571075786113354
1059.958 14.13398371060572
1061.177 15.947559240526418
1062.188 17.55422444650131
1063.197 16.546398043981476
1064.207 15.091350241275737
1065.327 9.53282800665066
1066.328 14.064001134689887
1067.467 12.469575727365285
1068.478 13.858777484552284
1069.479 15.891221818630822
1070.708 11.992963986919701
1071.917 14.542497278917658
1072.977 13.99420407408994
1073.987 17.994070986363273
1075.118 13.79087818311298
1076.207 13.705266896843483
1077.277 8.699406585989008
1078.357 5.113007686994987
1079.397 4.753946448199405
1080.404 11.661979188254879
1081.407 13.85000115998543
1082.417 12.771430559367277
1083.507 14.611000010599925
1084.508 15.067513675701457
1085.527 13.741469334059593
1086.528 13.19735816847176
1087.537 7.63534187245422
1088.617 14.568092485888295
1089.837 11.937995825548962
1090.838 11.430269958031932
1091.847 8.55276895139468
1093.027 14.427471210401682
1094.127 14.631109662047436
1095.237 16.357474638166078
1096.239 14.617395217209484
1097.247 15.883453224914211
1098.268 16.126804825308476
1099.497 11.832122699126637
1100.507 15.653110281802721
1101.518 15.463124505243998
1102.519 14.927085966381318
1103.607 15.630418406650408
1104.657 16.310517135435664
1105.888 15.185464245518032
1106.977 17.494048808547138
1108.196 15.597330998531747
1109.198 14.615025494879996
1110.238 16.838358683179052
1111.42 18.81680601974575
1112.547 17.74515134841022
1113.548 16.94146452642629
1114.568 18.46027634213724
1115.697 13.540215788345833
1116.707 16.501216306578232
1117.718 18.228515223313764
1119.167 10.218297144206515
1120.18 20.32309567658487
1121.336 16.594735397495842
1122.338 19.34380640337191
1123.537 16.012665193673527
1124.538 20.559850131104348
1125.637 14.617739786479959
1126.638 20.67288020456895
1127.717 15.314728289913061
1128.918 16.64930682134941
1130.136 18.824725147527673
1131.297 11.945322036396353
1132.477 11.407779632967266
1133.478 25.9271774601361
1134.487 20.007840882030795
1135.488 19.387444804559095
1136.497 19.129595952287097
1137.498 19.863285995262135
1138.507 19.156188041531745
1139.517 21.95648345887302
1140.696 15.963875062720854
1141.697 19.075159197599696
1142.896 16.44191005568037
1143.897 22.303573258152227
1144.917 20.897824306557407
1146.096 15.520601918963777
1147.306 15.885836096824512
1148.307 17.17072699442953
1149.518 16.36074749194275
1150.527 19.50223819404732
1151.537 20.310111597056544
1152.538 20.640145366923377
1153.707 15.413588066741083
1154.708 20.288601675686138
1155.716 19.63642197349541
1156.837 15.64994834539792
1157.858 20.69944609888968
1158.867 15.179258730115986
1159.878 19.719423565774754
1160.886 18.5723898471245
1161.887 18.815889795088015
1162.896 18.293945430979523
1163.897 17.822102821782742
1164.906 17.66738403616639
1165.917 17.062187115459125
1166.926 16.80067018936949
1167.937 16.756748189912415
1168.946 20.082675257073262
1169.957 20.101192864872157
1171.166 21.624787041773132
1172.177 19.238894506437138
1178.794 0.29396389381602406
1179.979 3.201014923374413
1181.048 2.2789502154107404
1182.069 4.931252444563926
1183.089 5.653081345428257
1184.109 7.451968929714077
1185.146 12.73141982315153
1186.149 17.78727543682629
1187.15 17.929439880004637
1188.16 18.766123705798556
1189.261 14.924710752691368
1189.813 24.751828292941678
