0.0 20.052995059261743
1.008 26.41835653615625
2.019 28.26737454221949
3.027 28.01280675445028
4.04 34.039537831688
5.047 29.56627432981824
6.059 35.08524820612055
7.06 27.69710242551334
8.08 25.674971064997813
9.088 33.19229410952965
10.108 32.20185915040112
11.12 31.205629414097608
12.127 27.02352517119347
13.152 28.908725608669883
14.159 34.411871946721895
15.16 27.01497164889392
16.168 36.07121757821334
17.188 27.013819903029262
18.192 25.5740645475605
19.2 36.24056601754768
20.207 24.311259401993716
21.208 28.6494926180156
22.227 26.20272832860137
23.231 33.154511190793706
24.24 28.15422441559454
25.247 27.193041781768457
26.26 35.050613212827244
27.284 31.575963528185657
28.379 29.528572285718823
29.38 33.59494074850639
30.4 29.524161474338225
31.408 34.885778502872995
32.42 31.106986678475362
33.428 32.923911495145994
34.44 36.434680829432885
35.447 23.972226180843744
36.46 30.275597852875762
37.468 30.101561298959222
38.48 22.84208177094593
39.488 28.45053780816827
40.492 25.404041413248734
41.5 27.773144050830933
42.519 27.040330030510148
43.539 30.45881106521544
44.548 29.000127422774963
45.647 29.265771998192086
46.648 21.146054075201988
47.668 23.7645668750582
48.696 12.522975478672196
49.7 13.261804476317481
50.708 22.015297113463543
51.716 18.698642591061862
52.72 27.03367835557025
53.727 26.514975339468517
54.739 31.205629414097608
55.74 24.968579319035666
56.748 29.80532532284295
57.759 17.967773317897446
58.768 24.531187208232303
59.779 20.331616221840207
60.8 16.552026893292805
61.808 16.596147054764824
62.827 13.136141778824381
63.828 18.076465580414606
64.839 17.222284014440138
65.84 13.713421504815251
66.86 11.714927332775169
67.867 10.679546466224037
68.868 15.518475168091783
69.88 13.901720731243167
70.887 21.86764276417303
71.899 23.85378632817159
72.9 29.161090700480162
73.907 24.14174279141873
74.908 32.401211889422406
75.919 25.56583979485633
76.92 27.626296453086475
77.948 16.508264821450634
78.952 18.70254477429388
80.119 25.07380340152523
81.12 25.579904123228214
82.239 22.640709876722717
83.24 27.11469837062191
84.248 24.79518640709792
85.256 28.619886247502603
86.459 17.93805765700292
87.46 21.4871194635117
88.471 18.74189730983192
89.48 12.589609083474736
90.488 13.209178268078125
91.7 8.873187534230699
92.708 5.757846937367388
94.06 3.914053278342676
95.068 8.128725088048077
96.099 6.525996726974463
97.107 19.813767402117186
98.119 22.602996440481512
99.12 19.68206580023517
100.127 24.240875312222816
101.14 20.459987391045864
102.148 24.047478385475564
103.16 20.986242003632896
104.167 22.884742427622935
105.18 21.06407044040099
106.188 16.158416001046835
107.199 18.57305138812172
108.2 18.758596357034026
109.208 15.9890675617125
110.219 19.923818761803297
111.22 18.99993502361575
112.228 22.523342431466546
113.239 21.443432057195075
114.248 18.003388329429452
115.26 19.39809396011473
116.299 17.976447069240944
117.3 17.22380210964033
118.308 19.305722084114183
119.312 19.793277980960568
120.32 22.523342431466546
121.328 22.63574622014752
122.347 18.050561588912572
123.348 28.99055800632531
124.36 24.86586079565584
125.367 27.970240744872477
126.368 23.43378507164197
127.528 25.225110835844777
128.548 22.09100582751889
129.567 20.269961186192504
130.568 17.635798128779072
131.572 20.912845520346796
132.58 18.967025205445513
133.6 15.968316989269814
134.62 18.576527627686342
135.627 17.19156175784436
136.628 17.90593288625975
137.648 19.915376465717788
138.659 20.8381539869708
139.667 21.676600234794872
140.779 18.79196983271445
141.78 21.657652157666554
142.787 22.54570920647297
143.792 17.56548173517143
144.8 27.434447172162262
145.808 20.053430105736542
146.82 26.988652466246577
147.828 21.57756605974555
148.839 26.677655630211195
149.84 23.092719683332263
150.848 26.41835653615625
151.859 24.21507242117475
152.868 28.59152164269834
153.88 22.16699554903118
154.887 27.46169091314752
155.888 21.21686004762886
156.9 28.67544324538699
157.92 24.336122226966364
158.928 28.45053780816827
159.948 21.99313676041133
160.959 24.989196413109223
162.107 17.90528223020945
163.108 20.122857910272863
164.119 19.754972840093103
165.12 12.690225339886123
166.128 20.829858038123195
167.148 18.40917152293241
168.16 13.227004419587002
169.168 20.152464280785857
170.18 21.928280128825346
171.188 19.03733946973053
172.208 22.593074141780686
173.22 17.44398136743803
174.24 23.429854665550337
175.319 21.739776512246166
176.331 15.012437934349661
177.348 26.016715989770393
178.36 20.142846614062687
179.38 25.43812792259751
180.388 21.408093827692408
181.4 26.81997338833254
182.407 18.208661421294266
183.42 22.917708639156274
184.428 23.031387749469552
185.44 18.118697679094193
186.448 20.99920647745753
187.459 20.8381539869708
188.467 30.14402220151162
189.479 18.9620930686644
190.48 14.836344391472363
191.488 10.838300117397436
192.508 13.388488380314481
193.531 8.913145455910856
194.548 19.63842432776217
