0.0 1.3443382487603044
1.204 2.4090691984609562
2.212 50.41829977650123
3.23 40.50807662819154
4.231 39.403480737889446
5.241 36.99557212977159
6.242 45.06385231161704
7.25 49.452442722254055
8.26 49.93316398912819
9.261 54.249939845603535
10.262 56.80869922333754
11.27 49.0719961209445
12.271 47.7229829135605
13.281 51.27119736856132
14.29 45.42602459688723
15.3 45.38104833491012
16.301 50.52348143692573
17.31 44.70655714958242
18.311 48.931678641716616
19.32 53.000768618121825
20.33 46.09980343820771
21.34 48.01648371366795
22.35 50.17274902356072
23.351 58.74261238838733
24.36 52.3808765875005
25.361 60.53515763201535
26.37 60.53484099028848
27.394 55.15822045746176
28.41 56.20815827493872
29.411 46.756026331035606
30.42 44.70655714958242
31.421 46.65565510682615
32.43 37.51188267653421
33.431 42.062611339832905
34.44 46.864433565000304
35.45 34.73982999271678
36.461 24.9921011593092
37.47 43.64769180315914
38.471 49.6568960786103
39.486 51.83283112513414
40.49 58.42614114684514
41.5 62.292108952457674
42.51 55.922789849941424
43.511 56.66733130191578
44.52 53.819811482110154
45.62 46.06770592163302
46.621 62.85217786411813
47.63 49.98265176315111
48.631 50.14037436987274
49.66 52.538589796571706
50.661 58.98435153401856
51.67 55.01892389428485
52.671 55.45863557375966
53.69 47.354924107976224
54.7 51.27119736856132
55.71 39.631007508529414
56.72 38.09402047477219
57.73 35.07889185431136
58.74 41.68779599126014
59.75 34.59972178544629
60.751 39.88695902915189
61.752 46.030808894141934
62.76 51.71266053815223
63.769 30.697277751672367
64.77 21.615155185388357
65.78 22.041823167792714
66.79 31.385639510661367
67.8 24.057980270414994
68.809 30.697277751672367
69.819 16.291782341412006
70.839 20.73804761864709
71.849 17.968877582439713
72.869 22.537435346863926
73.88 31.214625733357856
74.896 20.006293623283273
75.91 28.3981511720372
76.919 36.07294778192457
77.92 55.600003495181426
78.93 53.287354471183605
79.939 54.29945644698003
80.949 34.73982999271678
81.959 27.412170752470413
82.969 33.3023197861216
83.97 35.636025631999324
84.979 38.37159718959046
85.99 24.034184048584713
87.0 48.15659192093843
88.001 55.70037471939089
89.009 57.23404977413205
90.02 52.51660273151817
91.031 54.86497288504926
92.049 32.18849807495979
93.05 39.645219883520674
94.051 49.6568960786103
95.06 53.10034403480533
96.149 44.53319426152858
97.15 37.46956757283966
98.151 40.712547690255015
99.159 52.81328834415482
100.16 37.08663721568844
101.24 45.57647333808814
102.249 47.005206557248314
103.259 40.11017757739447
104.269 41.92738102569267
105.27 40.22906939899257
106.279 44.36715925046397
107.289 39.391422474096885
108.299 42.50602792171977
109.309 47.67742185207337
110.319 42.26644288728724
111.329 48.01648371366795
112.33 51.24869887381941
113.339 44.466734667147485
114.399 43.01214899385129
115.409 45.76074157661314
116.419 36.51640206090653
117.429 36.177340199311956
118.439 31.48511633782341
119.449 29.229374200768603
120.459 32.82314971725654
121.469 27.65175578690294
122.479 27.552278959740892
123.482 22.537082631785804
124.489 19.704501044391353
125.499 17.489707513574658
126.509 21.802238133360188
127.519 19.026694547331875
128.539 25.85874160850703
129.549 32.10439461395896
130.559 33.16221157885112
131.569 36.896095302609545
132.579 32.922626544418584
133.599 21.825726862226123
134.69 21.384634769946587
135.709 14.24813845594827
136.739 13.156242279129971
137.748 17.027396252880763
138.749 18.613914213604215
139.759 15.432919030843932
140.768 13.190236533921718
141.789 9.9541598047286
142.799 6.947965998543356
143.809 5.5104557919481785
144.819 13.656346962654183
145.828 14.868993910966301
146.848 6.741114087436862
147.852 10.363723152793584
148.859 18.262708285045647
149.868 17.986686182620524
150.888 18.840158326279607
151.889 23.690436271859912
152.899 24.916843580983073
154.038 20.69573356644153
155.039 30.21739320390295
156.049 37.375265371474605
157.058 34.15436792244505
158.059 27.55826260195949
159.079 13.759697369664293
160.088 16.40750422225946
161.109 24.411391902072523
162.128 20.897269735390797
163.138 16.87042923743911
164.148 21.802238133360188
165.149 25.866088582540925
166.168 20.045992067408704
167.178 17.0105374447096
168.188 19.16680275460236
169.189 18.372175067972993
170.208 19.096116170345486
171.209 36.26087184468354
172.219 43.70395309388242
173.229 47.43783681764085
174.238 41.82868736036313
175.279 40.77533759018565
176.288 39.810532084200105
177.308 32.83709185748983
178.318 21.802238133360188
179.328 23.239748339955362
180.348 17.792712115945207
181.349 21.85689433101958
182.358 19.42562107723017
183.388 15.035705461862824
184.398 11.739666687193948
185.408 15.672504065276463
186.429 22.515361463076598
187.438 22.78313583131933
188.448 15.812612272546948
189.458 13.755823789816228
190.488 7.987718526614625
191.518 5.168523752515346
192.568 5.3005336665406295
193.628 4.337393217698341
201.043 0.39084426780155496
202.078 37.31246871037457
203.108 5.4034566503569526
204.118 6.229210895245768
205.128 6.708380964110827
206.158 5.4034566503569526
207.178 5.456431715556531
208.188 6.708380964110827
209.218 7.047986935248199
210.258 9.074283179132054
211.268 6.708380964110827
212.298 6.108255343881773
213.578 4.237539891034743
214.588 6.947965998543356
215.598 7.906306136273474
216.631 7.496019663949036
217.657 7.761611948169892
218.658 6.7983833411728325
219.707 5.074908927636612
220.718 5.505005291659407
225.945 0.18517764283669777
235.98 2.2425732221472345
236.987 18.602780261421536
237.998 27.525026458297038
239.018 26.194479334203624
240.027 31.65656768141213
241.037 32.58356468282401
242.038 34.18559075821199
243.048 42.40655109455773
244.057 31.276498133225758
245.058 24.89913200001603
246.068 18.367485432124244
247.077 17.20761373237135
248.108 15.959941963943868
249.137 6.349352661783361
250.157 7.1170848463780825
251.158 12.812174718454852
252.168 13.755823789816228
253.187 22.55955255525143
254.198 28.243070626774347
255.207 27.679336205533843
256.227 21.825726862226123
257.228 19.09739250486666
258.238 25.016320408145113
259.247 33.33532505845671
260.278 26.286963234731076
261.287 26.480048484526954
262.297 19.64597282346742
263.317 15.89482282357772
264.327 9.82298641173371
265.337 8.145891170706003
267.78 1.7249883899468674
268.787 2.162689139018563
271.302 0.09621506352956455
272.317 12.873859879753851
275.925 0.8034683242995647
277.187 39.77509914090043
278.197 30.66688440736378
279.277 38.40666934469985
280.278 46.89739425245738
281.287 36.79241522922939
282.298 45.954826782548096
283.307 44.466734667147485
284.357 39.964918725551954
285.359 40.33014746280914
286.367 30.487670998671195
287.377 20.703789788359583
288.387 20.60431296119754
289.397 15.812612272546948
290.417 13.285225046572421
291.427 13.516238755383698
292.437 16.531367375844535
293.447 15.573027238114419
294.457 17.968877582439713
295.467 14.953748961978874
296.468 15.954783611660758
297.507 11.87779126431145
298.527 7.354321007924019
299.537 8.864646274003592
300.547 15.812612272546948
301.557 9.443293170030694
302.587 10.102114607189083
305.767 1.141419267815353
306.787 12.099044238842742
307.808 14.9312397070929
308.827 15.198014353011489
309.866 12.673185152438714
310.867 15.713044466029533
311.907 9.306957106802107
312.936 6.819675081174722
313.967 6.102330750919714
315.007 5.816848191751318
316.066 4.56998838105486
317.067 4.834782912624473
331.879 0.06534725486817576
332.888 20.004841458783567
333.899 34.46612008691107
334.918 26.1215871692385
335.92 22.318076841221863
336.928 32.64821461275025
337.939 31.45397378951696
338.948 17.507041217750643
339.949 23.206957980597466
340.958 12.230946604181957
341.968 10.5417415150313
342.978 19.026694547331875
343.979 20.06434908739156
344.988 27.3397629975832
346.0 29.749111964193343
347.009 23.982248243494038
348.018 25.760581037222128
349.019 19.822609941760337
350.029 32.82314971725654
351.04 30.49658156488054
352.048 30.24761059710685
353.049 32.73497917452286
354.059 45.041986473315546
355.069 36.99557212977159
356.079 26.833523856443307
357.138 30.485296761808645
358.148 21.562653098927658
359.158 17.250122479142128
361.062 1.5221167257082615
362.068 62.88582792620924
363.158 36.278308086294494
364.159 42.30435048546413
365.168 34.634012887314924
366.169 42.78782877672658
367.178 37.272060194099275
368.179 44.238263650513915
369.188 28.158805861571533
370.198 26.114768753145718
371.199 37.81167794268033
372.2 22.481740543703793
373.208 24.24610055799835
374.209 27.175155534906498
375.219 34.0210748894192
376.65 22.053100360883853
377.658 40.33014746280914
378.668 38.672667370799296
379.678 40.96904088796255
380.688 40.828932680692056
381.698 48.15659192093843
382.7 45.26037629611329
383.778 31.070346655509862
384.788 42.1669660601252
385.798 30.765835828748557
386.799 27.316523456328266
387.808 36.932662294980815
388.818 41.30862815533438
389.838 37.10734276531668
390.849 45.23678261407078
391.858 39.67028501844867
392.859 37.46956757283966
393.868 37.51188267653421
394.878 55.02399570030126
395.898 54.5053549516723
396.899 56.42576886618633
397.9 56.18385301065332
398.908 57.23404977413205
399.909 61.64348213596202
400.91 57.8760270300719
401.928 56.671829245898934
402.938 38.672667370799296
403.948 39.052360612502305
404.968 37.34457892686262
405.978 45.281571507748076
406.979 38.53689537957401
407.98 61.018635923277806
408.988 58.0946171785703
409.989 53.04124411744742
410.998 50.22247424558605
411.999 54.97515728249722
413.0 61.018635923277806
414.008 68.17715404427258
415.009 63.43602737959003
416.01 65.1282013990086
417.018 63.235559813240556
418.019 63.19428823395882
419.028 59.33572857811378
420.029 54.97515728249722
421.048 57.23002279805889
422.059 45.096812990585924
423.06 47.7229829135605
424.068 55.453952761362565
425.078 35.557886787917326
426.087 34.29461498819647
427.088 36.84472136015544
428.098 49.2144088858306
429.099 46.89739425245738
430.108 50.94194169289087
431.128 64.1522651815534
432.138 65.26660619281007
433.14 65.06320319401958
434.16 64.38950134309933
435.188 63.88841572953436
436.189 71.55478710684218
437.198 61.73395340246318
438.199 58.60124446696557
439.218 56.85368307860841
440.228 49.69357895469565
441.238 63.589510951782366
442.248 63.25044909018779
443.249 52.074287534922526
444.258 63.892355744377646
445.259 62.71080994269637
446.26 62.22733165143393
447.267 64.98044735370851
448.308 58.6740197494727
449.318 39.53153068136737
450.319 34.18559075821199
451.328 54.6795259951664
452.329 48.44837706035595
453.378 37.46556237300681
454.388 58.21916336710467
455.389 60.53515763201535
456.397 60.11477459290413
457.398 61.74385336017148
458.407 59.81537354298365
459.419 57.864994185769625
460.427 43.07048608183599
461.428 63.19428823395882
462.429 62.469070797065136
463.438 60.53484099028848
464.459 63.1414171851881
465.467 60.4952211942137
466.468 58.8429836125968
467.469 47.7229829135605
468.477 57.4741101756964
469.485 62.99549941167622
470.487 63.75544269569828
471.488 55.21689642812843
472.5 52.46470885530126
473.507 44.07445234319573
474.517 46.719081714343254
475.518 46.030808894141934
476.537 50.91695872196329
477.547 55.58372798834685
478.558 55.38877940542743
479.578 62.72884821227778
480.587 63.17288829707283
481.588 63.91950567085249
482.597 55.97821382402462
483.607 67.08380964110827
489.122 0.5254959647776121
491.499 0.6554553115980317
492.5 34.8104369708962
493.509 42.06850984279807
494.519 38.81277557806978
495.529 38.672667370799296
496.53 47.1391333980886
497.539 48.06407190367158
498.54 39.98733025336135
499.541 48.58956827187594
500.559 45.73752600450863
501.57 44.75808650175257
502.579 39.91010750088361
503.599 35.921161957587
504.6 36.019132699052314
505.609 40.62957494818843
506.619 29.70854426963366
507.628 36.07294778192457
508.629 42.546089631095356
509.63 34.91080819510565
510.647 31.407548466612425
511.649 32.360717125846854
512.65 30.80124271937485
513.669 27.30893204056752
514.678 23.602178695307668
515.679 26.591306019434597
516.948 3.813725528398027
517.949 9.186087533986496
533.321 0.1574166567635017
534.331 15.812612272546948
535.332 17.505589709657553
536.341 22.543313348884393
537.351 13.895931997086713
538.371 13.715302298497802
539.401 12.358019977106736
540.421 20.402309892950502
541.451 26.312484558259943
542.461 20.36472792676501
543.483 21.407780063943832
544.491 13.923503290731723
545.501 17.489707513574658
546.521 10.201154946475251
547.581 6.163664046202905
548.671 3.4221879514554927
549.711 11.633696383502636
550.73 10.211165893429596
551.742 9.30996885817153
552.751 19.680870736897766
553.851 18.78986072860575
554.861 19.40638778903489
555.881 19.45336524676676
556.902 20.382327219206186
557.921 14.5842056592952
558.951 21.61382660142781
559.961 16.05219730697948
560.971 12.458421790491537
561.981 9.343816342868651
563.211 7.557516436548088
564.231 12.573516561934612
565.25 16.831134316383338
566.28 14.359758176844867
567.35 7.010661147740653
568.37 5.001382236099998
569.39 8.286617502420329
570.75 4.875827425457266
573.85 0.07805834992801768
574.851 17.646957631079324
575.87 22.322083580985627
576.881 19.164640847546558
577.89 22.865881600112676
578.891 18.13043592234177
579.91 17.810173069935338
580.93 23.0119076699558
581.931 20.406459457232234
582.941 33.06273475168907
583.95 29.837563238616116
584.951 35.77739355342109
585.952 32.00993844753097
586.97 30.18818503601234
588.0 27.25221614962637
589.001 27.658633826168945
590.003 37.190674905824
591.02 32.22014851554481
592.03 40.48987081909749
593.031 28.14211211743139
594.04 35.73354988280611
595.041 31.768199301899745
596.05 35.97337236524105
597.051 42.64646085530481
598.052 51.73217716508185
599.06 44.99096929435071
600.061 43.37167829219848
601.062 53.90782947576286
602.07 44.27078808965769
603.071 39.020373670836456
604.08 43.88751428559409
605.091 36.001586856539944
606.092 39.88695902915189
607.11 31.950795830581743
608.12 38.33360550920472
609.121 32.493416738793414
610.13 35.49372740037117
611.15 26.906187818841435
612.16 32.58356468282401
613.31 33.543700337688605
614.311 37.22782842720843
615.39 32.38713531353175
616.391 38.920002446626995
617.4 29.018520374627784
618.41 29.568436062363176
619.42 33.78148985498667
620.43 26.453830614740287
621.431 35.05217611652741
622.44 28.638450826441414
623.441 38.19478500973332
624.45 28.638450826441414
625.46 30.187714338498722
626.48 21.351254539134246
627.56 18.465651988088666
628.57 42.1669660601252
629.58 30.28719116566077
630.59 33.06273475168907
631.591 35.29391526215865
632.6 31.276498133225758
633.61 30.187714338498722
634.62 30.047606131228232
635.63 45.76074157661314
636.631 41.437765127148694
637.74 36.52955757724835
638.75 44.56281640445049
639.751 35.877764777630546
640.759 42.970811880016875
641.779 25.00829852647394
642.789 30.427299372931248
643.79 33.601741242740076
644.791 28.62559040869384
645.799 36.72924143934404
646.81 35.52289074422174
647.93 26.142577730356635
648.931 21.85689433101958
649.939 46.33165750191764
650.94 38.295156233942784
651.941 40.61217646604557
652.95 47.584426938801705
653.96 46.33938847264024
654.98 50.76853857083032
655.989 31.75614309809564
657.16 45.34097810552081
658.169 45.56627166263866
659.17 37.32819965141789
660.18 42.88572116342279
661.181 35.636025631999324
662.184 52.59405072916684
663.199 39.91259049573243
664.209 48.256068748100475
665.21 55.11652520391898
666.22 45.620633369342656
667.229 42.548154807667956
668.23 51.97391631071307
669.231 40.712547690255015
670.239 40.669882066192585
671.249 45.041986473315546
672.25 38.77863452520523
673.26 36.896095302609545
674.269 24.081823660177548
675.289 24.90979696232329
676.299 21.562653098927658
677.302 2.889441919988564
678.309 42.63828060825293
679.319 24.43767351211801
680.399 21.826497609989428
681.419 26.095977770052972
682.449 18.559698929486924
683.459 23.95850344325295
684.469 16.87042923743911
685.499 16.915168644595678
686.509 14.37510206595177
687.54 8.918791097498044
688.569 3.7625793551308817
689.629 5.707096339076764
690.642 5.733012077635257
691.649 2.743059908618737
692.669 7.1170848463780825
693.742 5.6379516490413515
694.759 7.851887116653106
695.767 9.122295259444924
696.769 11.108902893947427
697.819 8.757403449067128
698.86 8.370933753845954
699.869 7.671514496603063
700.889 8.639003379804352
701.936 8.089141324918737
702.989 7.8132479415128815
704.029 5.816848191751318
708.999 0.7303246019422178
710.008 8.633609367657852
711.028 5.930904038648403
712.038 5.989625860813238
713.288 3.4845247407867097
714.298 10.30215648059877
715.348 5.16576291478521
716.359 5.744353347818512
717.381 8.76056040777263
718.919 2.674691184139488
719.938 14.723076404479881
720.949 15.557623650341803
721.95 28.14211211743139
722.959 47.48485152211819
723.969 41.54768778398965
724.97 46.89739425245738
725.979 33.43490047514022
726.989 18.448047651304773
727.99 19.822609941760337
728.999 26.959693449396834
730.008 38.6114196720254
731.02 27.358171291113432
732.048 19.53736715610793
733.068 8.066029492561828
734.108 7.445565685441687
735.128 8.066029492561828
736.18 4.140357344090672
737.248 2.2657386215061313
738.251 2.5725274222945065
739.34 2.389187485019492
740.418 4.942970719675772
741.828 1.0297058926674674
742.868 9.074283179132054
743.919 3.223341947550873
745.119 1.0082536865702285
746.128 8.121707577665143
747.138 5.54268067962039
748.158 8.540501815653698
749.188 4.709648969596652
750.198 3.822151894338834
751.208 5.03128572308312
752.259 4.144296789708265
753.358 3.3027418304393286
754.368 9.203708135598166
755.379 16.51501587497822
756.409 14.095973870496397
757.448 7.685629641613291
758.458 9.08041291320014
759.465 10.597036255580887
760.468 10.956212114214452
761.483 19.549194632218814
762.488 29.615570972689692
763.489 41.1965561112228
764.498 43.168046838289264
765.501 31.94611005581107
766.508 17.782110698597076
767.518 18.687632685737302
768.538 14.807143579998689
769.558 17.081003631307397
770.568 17.489707513574658
771.588 15.18311433893991
772.64 18.037053809912873
773.648 25.44640256582005
774.658 34.500244958284256
775.668 29.328851027930643
776.688 34.39924342416074
777.718 19.127109963455247
778.728 28.510619097471015
779.748 18.504420600583014
780.758 27.172585718037876
781.761 41.25496639764923
782.768 44.07445234319573
783.778 40.25028578466496
784.788 19.266279581764408
785.798 31.385639510661367
786.818 36.21718690477919
787.828 30.847098588965437
788.829 40.12869817478312
789.838 25.760055110725563
790.848 38.09402047477219
791.858 38.67319277657656
792.867 38.131774707155515
793.868 38.295156233942784
794.888 34.636479585706674
795.898 25.495490477010172
796.9 33.08521079284343
797.908 29.146982791104264
798.917 40.769822013939866
799.918 30.558973444038298
800.948 29.601545128042435
802.048 27.369665425089725
803.058 38.33360550920472
804.077 28.733745886162346
805.078 24.515848223061262
806.087 43.4078693207242
807.088 34.42732990384321
808.098 36.41692523374449
809.107 40.86939743062337
810.178 38.27753606229891
811.179 50.52348143692573
812.188 41.34904239549326
813.197 45.086626697768786
814.207 34.12055171658123
815.218 38.29568898545675
816.227 37.03223771166433
817.238 31.115247300683606
818.248 35.55806192317642
819.368 41.572144171955166
820.379 40.44982149088869
821.388 34.634012887314924
822.397 36.21319484767599
823.407 29.948129304066192
824.408 14.604719962082873
825.418 21.802238133360188
826.421 7.961484743405991
827.427 18.76193738826509
828.447 19.314630649371473
829.467 21.114018377588312
830.477 23.239748339955362
831.487 17.0105374447096
832.497 12.31831358322105
833.498 21.756523106810125
834.588 36.50030889801638
835.6 35.86673193332829
836.607 19.94479983761564
837.657 11.983815246091858
838.667 5.130762550245165
839.677 13.895931997086713
840.687 29.468959235201133
841.707 23.0119076699558
842.717 22.14129999495476
843.718 26.591306019434597
844.727 30.317208203485997
845.737 30.187714338498722
846.738 35.53565440778987
847.747 40.62957494818843
848.757 34.12055171658123
849.758 36.744350135945986
850.767 37.03223771166433
851.777 38.09402047477219
852.837 30.22825319431934
853.847 42.64613612899026
854.848 33.94385161258076
855.867 38.46997383106034
856.917 27.289729522954794
857.927 42.1669660601252
858.937 34.83930681987882
859.947 37.854435440339664
860.958 35.04419463190353
861.967 35.97337236524105
863.106 26.007146214407335
864.107 40.37043732041434
865.117 42.26644288728724
866.118 47.1391333980886
867.127 40.38975246575349
868.137 35.219000061581845
869.216 9.960732646538718
870.217 8.70260924272405
871.226 9.353076814962673
872.257 7.979970981971934
873.277 12.573516561934612
874.297 19.216129085220825
875.306 11.031834192007256
876.326 3.657043987339694
877.337 18.42980032425106
878.347 17.968877582439713
879.357 17.250122479142128
880.366 15.588461358271124
881.377 8.237212342083808
882.406 11.993221694479685
883.446 8.143587468451845
884.447 13.053913864086075
885.456 27.579585480018142
886.478 14.067851073647846
887.487 14.38934894609642
888.496 18.466331147490408
889.527 15.255826877299285
890.557 15.603116495831149
891.566 15.588461358271124
892.577 17.47240809961464
893.587 19.88555785789995
894.597 24.776735373712587
895.606 25.42118313810368
896.608 28.97974667986285
897.626 26.483644209886588
898.635 2.877869789219284
899.637 28.97974667986285
900.638 29.834286136849954
901.653 25.747719759507703
902.656 29.19211072582197
903.666 18.78710951289935
904.676 24.43767351211801
905.686 15.812612272546948
906.698 12.912023495998183
907.717 11.259640019573938
908.766 10.611173212331098
909.778 6.934234840443468
910.786 10.562657668830964
911.817 9.857611213024155
912.818 9.669565825248945
913.826 17.044288511068146
914.846 14.095435095360882
915.857 29.200462851410773
916.876 29.20868383469396
917.896 17.179505195458052
918.906 25.875183718713192
919.996 29.17428211119417
921.006 42.40655109455773
922.136 26.214282777176948
923.138 34.77569601583543
924.156 35.89303890108554
925.166 16.15184926940061
926.186 19.216129085220825
927.246 15.066734335162657
928.286 7.445565685441687
929.296 11.500081652761418
930.316 9.35071186444216
931.326 22.281408202225244
932.336 28.75020413190354
933.357 18.821705673658368
934.386 13.874511372045127
935.396 8.385476205138534
936.406 17.968877582439713
937.407 18.613914213604215
938.417 23.09964013268488
939.426 47.48485152211819
940.436 33.8809666821487
941.538 42.6903477696402
942.556 44.92572418745143
943.566 39.391422474096885
944.576 43.36489123228784
945.577 43.37167829219848
946.586 48.783539350976405
947.587 48.34782912624472
948.596 40.14992998331855
949.656 48.26267762580192
950.658 47.57508413277485
951.666 35.628613633341445
952.676 46.479496679910724
953.677 34.91080819510565
954.686 38.85124215446034
955.696 30.76636123452582
956.697 30.700871495165398
957.706 30.07738572105106
958.716 45.281571507748076
959.717 37.56993879704912
960.876 47.0631325886333
961.877 51.97391631071307
962.896 36.66882026601502
963.906 43.604476266720376
964.916 34.59972178544629
965.926 39.7711157157999
966.927 34.91080819510565
967.935 45.131355494095935
968.936 37.568348407933115
969.996 33.88229671878612
971.006 46.479496679910724
972.007 40.712547690255015
973.016 52.04147868838206
974.017 53.52472240870987
975.019 45.98486996310986
976.026 38.44780691588557
977.027 67.06211456405839
978.028 58.60124446696557
979.035 45.99684268899001
980.037 42.2621305748
981.038 44.5803740203546
982.039 71.65515833105162
983.045 65.28557790254604
984.047 52.98830874407672
985.056 67.78894515744886
986.057 56.023577129741405
987.065 44.27078808965769
988.165 40.34815773599827
989.166 60.4347864078059
990.175 39.67028501844867
991.176 47.48124376792928
992.185 66.91047259934837
993.256 69.32501767748357
994.257 62.85217786411813
995.265 65.8762242304483
996.266 58.11776617570311
997.267 65.1282013990086
998.275 40.42964618187857
999.276 35.05217611652741
1000.295 33.10678565202795
1001.297 38.398164350818284
1002.305 30.727731400235534
1003.306 48.20646120482295
1004.307 78.90733269998834
1005.315 66.35634503357699
1006.325 36.03723199204148
1007.326 48.83130741750717
1008.335 44.70655714958242
1009.346 40.54919992356294
1010.347 57.775655805862435
1011.348 70.92994089415797
1012.355 87.08793633034271
1013.357 88.83026736923459
1014.365 77.15906310397229
1015.385 50.15533165034317
1016.455 67.7128562090778
1017.465 82.03755860308713
1018.467 80.76056597894528
1019.468 94.37863802038666
1020.469 90.26907254465587
1021.47 90.85292206012775
1022.476 84.52859060845896
1023.486 76.52710281113896
1024.505 66.8273799977722
1025.506 59.32646190385923
1026.585 62.66277891397234
1027.655 67.7128562090778
1028.735 67.30994169304641
1029.736 78.90733269998834
1030.745 77.56223724316925
1031.746 79.87428928251325
1032.747 80.59950671940692
1033.756 64.37200070924753
1034.765 58.37643864837402
1035.825 61.731424986023086
1036.945 64.47390648119321
1037.947 93.16994229223054
1038.955 90.84250599313967
1039.956 89.54385510776218
1040.966 76.52710281113896
1041.976 70.77706198475826
1042.978 68.44417364000357
1043.985 63.05823266492681
1044.986 60.29341848638413
1045.988 61.682232748035574
1047.005 48.16185872208293
1048.245 56.8684750528213
1049.246 62.36869957285569
1050.254 56.75392897100337
1051.255 80.11602842814446
1052.315 84.88287871988723
1053.325 101.92311646098707
1054.326 76.4899412436761
