0.0 16.60803751478732
1.019 18.589907061663617
2.029 19.82713763376736
3.349 12.036064544734995
4.359 22.489939280274484
5.36 20.27065378149793
6.361 19.408204310657226
7.37 30.480006734999527
8.499 30.862788788774527
9.5 36.30324941058508
10.501 35.413573453830054
11.669 35.15974667241489
12.671 36.30229826697235
13.68 31.33597200342884
14.682 33.81147882826678
15.83 29.07102741315908
16.839 36.30509985152838
17.88 24.60001121338036
18.881 41.46403576029317
19.94 32.76657928790238
20.941 44.57177862192885
21.95 36.51741037697592
23.072 40.00261758674336
24.161 31.840640902663974
25.162 33.06733994713437
26.17 31.823861684518615
27.179 31.830065776262014
28.29 33.10960933431979
29.301 55.010076211159976
30.302 42.91797766529882
31.534 33.61717526338565
32.59 59.68923435409345
33.591 50.14441015594796
34.6 52.32923675968104
35.601 55.44014000571178
36.61 54.348663707562835
37.611 44.14102945831486
38.613 40.82379448689622
39.62 36.388432845505136
40.621 39.48886715551282
41.622 49.78309447606309
42.631 46.10051774421804
43.632 41.91095436532353
44.64 40.14855130257915
45.642 39.327594680806094
46.65 46.939428547175346
47.7 37.162978610693386
48.701 48.63102177514685
49.82 41.14023564097777
50.821 56.34087300696476
51.832 58.84976163482224
52.833 49.10873365463925
53.841 40.57678142178131
54.851 45.90660746430929
55.852 50.19327515905184
56.871 45.72561575977825
57.872 47.21286664857007
58.873 47.5485014509113
59.881 38.87861935823442
60.901 31.42099381169253
61.912 38.77731336766681
63.001 54.809489757611736
64.002 57.79184258818064
65.021 56.171838732350956
66.031 50.462200421129126
67.042 34.466472201456604
68.051 29.952297128970493
69.161 30.28090196673944
70.181 30.646250039376426
71.192 26.314213358406615
72.211 36.9437082221977
73.231 28.957331951383104
74.232 47.67678694567793
75.242 53.385531957025904
76.391 52.424872888929734
77.392 58.559058804797
78.402 50.650262702208224
79.411 40.86977614865037
80.423 36.93071600880913
81.442 43.86713521735711
82.443 47.36504962660647
83.461 45.67108761197107
84.462 47.3044142212951
85.463 48.29039346883879
86.631 42.87992683119419
87.632 36.59525049969245
88.641 29.0440798812227
89.642 13.734038195979442
90.652 25.630202307065122
91.653 28.016054005841543
92.662 26.07302997816829
93.676 42.1635585789655
94.682 55.99105058816266
95.732 59.22063387820674
96.783 55.649417618950345
97.832 51.393149173509826
98.842 44.550375418610805
99.843 36.90318324431299
100.844 31.596990814809175
101.862 45.5798997546595
102.922 35.44442191256775
103.923 44.65987829905774
104.924 54.55652758948788
105.932 62.78618623647088
106.933 65.36912817897466
107.944 60.34150193504843
110.035 20.76378194313518
111.053 115.30914990564737
112.062 45.09581715768354
113.072 62.23107971755861
114.073 54.114483595472755
115.083 60.95303560079883
116.177 53.426092318988324
117.183 65.86181726121977
118.362 53.091911257284345
119.363 76.76870327046592
120.393 53.24953090228393
121.442 47.66384665496107
122.714 1.5359264465489364
123.763 92.10881432673739
124.773 58.35303921482751
125.774 46.600449054925114
126.775 51.070705141793006
127.992 32.93889941283268
128.993 42.287845021866815
130.013 48.044381572147415
131.015 37.572110586655725
132.082 46.38684622323694
133.083 58.715046357284315
134.164 57.821328040175196
135.183 54.64220367055157
136.193 46.06430034799941
137.203 49.8096384458058
138.313 42.69147855921053
139.315 63.43176753280024
141.165 24.503187846045492
142.173 96.48247732833082
143.183 35.301976762561395
144.213 47.292667504337025
145.223 37.05934572246968
146.225 46.632688978953844
147.233 42.414499041131066
148.243 53.839544468929255
149.274 44.545000522288284
150.384 48.0352175970483
151.393 57.49972260612169
152.503 49.937691623681395
153.513 46.263321145457176
154.523 29.49891208926363
155.563 32.415164550477414
156.697 1.7194797715916101
157.703 105.63720827538123
158.704 49.4442495640289
159.743 41.153012943233016
161.714 0.9086201099320446
162.773 79.78614744057911
163.783 33.206425630537204
164.794 22.614152750307017
165.803 29.591369235709678
166.804 27.889195226494007
167.814 25.748271483532072
168.823 29.68950387858321
169.833 23.33433420897924
170.834 38.87228830856219
171.844 25.14661358429031
172.854 19.81128488096901
173.864 23.05106245226612
174.873 19.660471660116425
175.874 21.637684938890597
176.875 37.40847828857449
177.876 38.40075886255251
178.895 41.095292129498446
179.913 44.69561181721494
180.914 38.75553543009989
181.915 37.89641496190373
182.924 30.103155552330154
183.944 29.07859961415317
184.954 20.56406840185549
185.994 7.514224769270181
187.004 8.221008287171832
188.016 9.009149591615106
189.165 14.431506778300083
190.184 21.137635913556522
191.264 16.955000393521715
192.274 22.567473729491308
193.275 20.502970608906637
194.284 30.17357187660358
195.285 28.166215803700904
196.334 28.24846535824703
197.335 39.19757942411501
198.344 28.338869010548382
199.403 25.656661103928837
200.534 23.41402556457892
201.555 26.151366647215195
210.567 0.9213513504264924
211.607 3.5805498061165424
212.618 9.018060718807604
213.637 10.77308297590572
214.639 15.39421772386563
215.648 22.01329888073569
216.683 28.19430502564857
217.688 32.18257906048854
218.818 31.77100180225267
219.948 30.448179884151575
220.949 30.60340241836366
222.048 28.302402757428677
223.049 32.78651479547656
224.05 40.23575267740714
225.058 30.608831037507482
226.078 30.17988695836024
227.079 35.78202271081039
228.098 29.229073352627587
229.1 35.58382887244212
230.108 22.34007143827376
231.118 26.919772234464627
232.128 17.333898407355985
233.138 21.77275373930249
234.148 17.671373578415214
235.158 19.18235267006761
236.159 16.623612491445737
237.168 10.4881399571082
238.178 22.955499476103746
239.189 26.008266984552957
240.198 22.168875315771963
241.208 17.7174464806094
242.219 17.553011041964798
243.228 17.50205406585133
244.348 16.056929300873083
245.349 24.071542550908806
246.358 20.28426555154935
247.369 20.138546307575314
248.378 22.697764424720155
249.379 21.990797005115702
250.388 23.65068483310384
251.458 24.36250316001738
252.469 23.723106312339826
253.472 24.225271137315897
254.473 22.621405220354067
255.749 17.72427731500899
256.759 17.247997778968355
257.769 9.671774455496275
258.779 10.83691219691863
259.799 16.44043621904048
260.849 8.838159609570166
261.948 1.7777055869065035
262.949 4.391430059963094
263.979 11.068217087935853
264.989 15.636035369718973
265.999 14.39689818436324
267.009 15.727592006560116
268.159 15.23279168152112
269.169 12.25091431029528
270.179 7.596962021134939
271.189 12.573306792145155
272.199 12.412110551220216
273.209 11.852047880813616
274.219 10.961344382895776
275.229 11.44493310567059
276.249 9.980776660797009
277.25 10.084024582137472
278.259 10.00407195908782
279.261 6.563348819936045
280.269 13.405834203112642
281.339 13.424313612352021
282.349 17.587803928073747
283.35 18.876515031142524
284.359 22.58983990761766
285.362 24.737258562694972
286.369 24.463847849822265
287.37 26.577687077494307
288.381 31.610417015986403
289.389 24.885518374611287
290.45 14.934360032269174
291.47 17.557747418392744
292.5 19.758161558183364
293.501 39.951122951298416
294.56 28.99236419147512
295.561 26.185934802002148
296.68 21.302801106506333
297.69 22.567473729491308
298.7 13.056895514919969
299.965 1.558665116694553
300.98 19.75995279772029
302.021 8.445382305519802
303.03 9.538911615409182
304.044 6.174414305571119
305.05 8.26190882591398
306.07 7.182714852978849
307.1 5.848450022684396
465.607 0.031059593413483487
466.617 19.20136392147501
467.706 27.056124324085314
468.716 28.60231691587339
469.907 21.962931432151766
471.097 18.213312662910656
472.257 23.654117084917285
473.287 23.024632281695453
474.367 22.21003450698874
475.369 32.63088392184402
476.397 23.66541267106156
477.417 28.09239586942839
478.43 14.39690865328313
479.437 22.484374777088494
480.447 25.754092036388215
481.457 22.92556976470394
482.537 21.229398947188727
483.548 30.163911036027297
484.557 45.545325720172734
485.568 37.70297612966526
486.577 37.34400602271831
487.587 32.5982868882758
488.588 44.02261207853029
489.589 34.882359746121715
490.597 30.9694085903179
491.717 23.07076484629678
492.718 28.302704912127304
493.897 29.55662692220257
494.908 34.80925763280029
496.097 25.39626681640878
497.107 28.50958194393777
498.108 34.80614936415192
499.128 37.84505886277449
500.137 36.82702989325357
501.138 25.495642325065127
502.139 36.52439030054424
503.288 30.626854027196185
504.477 32.70835458928624
505.568 36.960213719433135
506.728 36.819392001764335
507.738 39.976667749384596
508.739 30.932617001318977
509.758 47.20952867287257
510.768 37.53126892780913
511.858 29.386208121121367
512.998 34.77849726232932
514.118 36.446208524820875
515.128 38.525901581060154
516.129 32.92514397703161
517.13 36.208491728167104
518.138 32.21643547728044
519.139 43.19880281695663
520.14 43.19820835219867
521.149 47.30514407554896
522.159 43.247843805172025
523.178 34.34016593851145
524.198 32.667584544136105
525.199 39.73497556530608
526.288 38.72715364095899
527.289 42.613136137419644
528.309 27.647851626578333
529.318 30.60055193333696
530.389 33.47933199920914
531.39 42.18524040464384
532.399 41.14577983173216
533.4 34.46694777326296
534.419 37.87823495783592
535.429 38.53285375811758
536.439 39.90514280914963
537.441 46.03145349285173
538.558 36.8313424178031
539.569 48.13458184499201
540.579 48.0085532538923
541.589 45.940928663607295
543.471 11.215317044100251
544.479 90.97865178746298
545.481 31.196781477209534
546.489 33.64552215023961
547.49 35.4903783005578
548.499 35.94346425651607
549.519 40.07128805747138
550.529 45.25230963439287
551.53 39.904279128371584
552.531 39.46045174008259
553.549 34.01971251274767
554.559 40.49160018567259
555.669 44.211506415138025
556.67 47.52127496499698
557.689 32.75023586095927
558.7 27.130895981246965
559.701 31.19905610583428
560.709 44.64054003022328
568.776 4.192146858766951
569.777 23.746251435355987
570.787 26.564622036988194
571.798 38.507806736343206
572.808 36.32338214677525
573.81 43.73162680035962
574.917 49.176296212246676
576.138 52.922744564139684
577.145 62.042517325305425
578.148 63.12907947276907
579.149 61.53245263113491
580.247 52.80332259656668
581.248 57.026528658789736
582.257 48.34416819703082
583.258 62.58322853729567
584.259 52.31598991675656
585.307 50.87858559021681
586.308 52.1668981554615
587.309 78.23251329045362
588.318 66.80409658352626
590.299 28.262940051159156
591.327 122.61658365101792
592.338 51.04866514039304
593.348 61.41576779240134
594.349 67.98584315053974
595.368 41.386923705379424
596.377 43.40476382249393
597.477 34.92424216617866
598.487 48.08408780335759
599.688 46.58298000762325
600.707 45.866047292947854
601.708 33.01704822861141
604.717 6.341049166084488
605.869 72.88576690862601
606.888 27.161329309923293
607.898 25.821088154637216
608.918 24.553310311914508
609.927 28.398655883862197
610.928 26.8088149753871
611.947 23.909935060443786
612.958 21.73996780426833
613.988 14.542091948296338
614.998 6.952177057435186
616.047 5.635668576952637
617.078 4.895300003258782
618.108 3.7935892039033927
619.138 3.3193905534154684
629.153 0.19469696065750233
630.188 25.95861055958093
646.063 0.06153380913418101
647.123 5.799918740922878
648.124 9.62533557489961
649.133 16.32396655020134
650.153 9.503795856395163
651.155 12.428423553978316
652.173 13.93899925014827
653.264 8.726698947349423
654.293 12.326458071729549
655.314 10.731581272921632
656.433 7.823832278894074
657.454 8.992215099901543
658.473 5.940664840683042
659.494 5.2621652399884224
660.533 1.6150789297880048
661.543 4.9970834686730745
662.553 3.8267890412334533
663.563 4.9970834686730745
664.585 5.273552242615674
665.603 6.876967331404767
666.874 6.4464905187846835
667.894 12.328460311816947
668.903 10.275121729909172
670.114 8.871148788741129
671.253 6.337824795936766
672.254 4.554075617739504
673.263 7.061683976968824
674.284 8.582257667123597
675.304 10.005045742821366
676.514 8.43282521945726
677.714 6.533452735773791
678.733 2.0770428295823695
679.914 1.2407060372630698
680.984 0.7607859968887256
682.094 1.7600886846939163
683.114 1.08464128124255
684.124 2.4179436138740686
685.154 4.570748103314157
686.174 5.10770833989607
687.194 5.4984638961440595
688.254 4.005197670156448
689.275 6.537841661803799
690.294 5.8086889973728715
691.304 9.170510706304253
692.344 4.947459698992249
693.464 3.19684941344835
694.514 1.705609749215295
695.634 2.4711959434653425
717.877 0.007319525393795229
718.997 0.7268223363133359
720.057 0.6143705786195746
721.357 0.37600046959396594
749.808 0.017167824604659467
751.386 0.30952129911442444
752.387 0.1766749260641422
802.728 0.0026619919539717903
803.848 0.8721868035760032
805.449 0.6101494191162545
806.688 0.3945271486288867
807.788 0.8880447454592032
808.888 0.8880447454592032
810.032 10.538894153305476
811.049 14.067036193479835
812.059 16.564916924697986
813.418 13.789610808716454
814.429 12.71458916997337
815.458 10.556431571361278
816.459 14.138749803195015
817.469 17.87357588062807
818.47 19.629345200616378
819.49 21.57253031923987
820.499 16.380110889153023
821.509 22.497834125407504
822.519 23.282251797803198
823.529 30.6272857757382
824.549 19.53159386361437
825.779 16.699780729247323
826.789 24.50182862059056
827.79 23.81996506534237
828.799 23.84341561009343
829.809 20.526126011813215
830.919 24.847636000799856
831.939 22.998572244728948
832.949 22.180508484463896
833.95 24.55947922423804
834.969 19.47963447258121
835.979 21.572369742202486
837.039 16.32921099851102
838.249 19.47269833267024
839.339 18.81468077038992
840.539 17.821428661021837
841.709 17.7371387764234
842.719 22.72866997041624
843.729 18.0184404438565
844.739 18.249582609276814
845.749 21.2234647207268
846.769 21.094966123443214
847.77 27.16180814866061
848.789 18.703868429459025
849.79 19.46860193006542
850.999 21.964723652989925
852.01 25.443814170921453
853.029 18.114326854620238
854.03 22.933023646473927
855.04 14.237469446080022
856.06 20.590449245206035
857.061 19.982813945696257
858.129 18.36047431278156
859.27 29.764137073083187
860.28 24.824221102440433
861.29 13.481803149989652
862.3 20.310726356542176
863.31 26.113791029839938
864.32 16.58836579307815
865.34 22.34622398704531
866.341 16.86365736070785
867.35 17.552418840499158
868.36 22.516333986390848
869.37 21.116707561166862
870.38 16.66754991142724
871.39 23.534651175040935
872.4 16.62029867413857
873.41 20.794315079316988
874.42 15.795228440983296
875.421 18.54159358651084
876.432 11.710365265328184
877.44 17.299382082182756
878.441 15.100593781565747
879.47 21.173086541982972
880.48 17.57628193629063
881.49 21.600296283941677
882.501 13.466819995713108
883.502 22.445086973144697
884.52 17.863725186647375
885.53 17.433114222311243
886.54 19.988333874692298
887.55 17.262962634668256
888.561 17.564782737765245
889.58 20.229647531583904
890.581 14.833679105244078
891.59 18.071871926094126
892.591 14.302940969342108
893.592 17.24042912429955
894.611 17.27700490887694
895.661 15.580010585983972
896.671 17.73158650174317
897.677 14.389549402670625
898.69 19.19027810771098
899.77 19.173021949535027
900.791 10.451244851643674
901.801 14.185269201394535
902.812 7.540242028019295
903.881 19.959143571319977
904.901 21.277903802091803
905.902 20.881882445626967
907.351 12.249185272284317
908.361 25.791398547990063
909.371 19.393274651979624
910.381 18.672604908195325
911.382 18.21226011060392
912.391 24.947724690014766
913.401 20.062451152135125
914.601 26.936645011071676
915.791 28.21510808224662
916.792 31.553238208623707
917.794 29.316109275127207
918.803 27.694728541711708
919.811 30.93505100424461
920.812 32.79174608534657
921.992 33.40319560824669
923.011 20.450883245118714
924.041 8.85170814244125
925.042 3.8958842377320404
926.043 37.958358189682606
927.051 36.853528924113824
928.052 29.764137073083187
929.062 25.63845065272649
930.063 25.7769430485293
931.081 30.718528930978728
932.082 22.612726034887928
933.083 25.372707013120092
934.092 25.743358912265037
935.093 30.43980571697452
936.112 29.11437825520422
937.242 26.331633905576794
938.252 29.176519607413756
939.253 23.081877621865793
940.263 21.8379664724984
941.422 24.423099366021685
942.762 22.548303800342293
943.763 27.487099264213434
944.772 21.39299829555314
945.782 28.108358844267148
946.792 36.5915466899609
947.793 13.347160531502512
948.802 28.237299884522074
949.812 26.30385648057965
950.813 28.153494257880674
951.932 35.9371101193425
952.933 31.755118440425125
953.943 30.78848201666314
954.952 26.939021021410397
955.962 28.9679542956907
956.963 29.926782630859595
957.964 31.878529324176526
958.972 21.113504079527065
959.973 27.975035937542668
961.052 20.383342812928145
962.053 25.697998128672914
963.072 21.872835362199538
964.073 26.023289244225737
965.082 20.70310703814057
966.083 32.69175711305858
967.092 28.96304803067689
968.103 26.83263884145837
969.113 28.480005733066307
970.114 36.59525049969245
971.122 29.077616144777192
972.143 28.549960573966846
973.144 35.78202271081039
974.146 35.59903198232381
975.153 40.54356534841122
976.154 39.990476518275024
977.173 43.67521326862237
978.174 34.0464234034858
979.332 34.92380995641821
980.363 33.62101923337931
981.373 36.57257549493976
982.404 37.36475554977454
983.413 37.918659844929635
984.414 21.984138999826605
985.422 30.42538988750219
986.634 37.772120621120955
987.733 40.692521222700826
988.734 30.41471930418883
989.763 24.061673627131167
990.773 27.886949680014254
991.774 22.92672232003961
992.784 32.078051944062636
993.793 25.3328918963998
994.804 18.25542813037756
995.805 32.85440267083499
996.823 23.69668452003299
997.844 24.72138519964793
998.845 36.10731382636321
999.853 31.219002875400157
1000.854 28.389853445643467
1001.863 30.8398730756331
1002.883 26.379460381185414
1003.885 25.558328099841074
1004.974 28.17324009535601
1005.975 40.796332944158436
1006.984 38.48258019057667
1008.004 28.286198490786383
1009.023 10.444544881010579
1010.025 19.173021949535027
1011.043 10.075556787872099
1012.054 4.315503680444428
1013.074 4.992140755054209
1014.114 3.7571123846350907
1015.126 4.343697124528712
1016.134 20.677481518122722
1017.144 20.149530115617235
1018.165 16.379490687618084
1019.174 19.054987609208126
1020.184 32.88403314868733
1021.194 21.439217876526186
1022.195 22.77037808869752
1023.244 17.486686008608135
1024.444 20.079678411216427
1025.454 26.333904025488906
1026.634 23.155771505657597
1027.794 22.800309696742307
1028.914 23.990343866538826
1029.915 24.884770339790858
1030.924 21.2515758955467
1031.927 22.21119359911968
1032.934 28.778411314285336
1033.945 17.83965183470572
1035.134 14.192337626312845
1036.144 19.18235267006761
1037.145 18.28847049257372
1038.155 21.922688765791552
1039.175 15.69143506808187
1040.334 14.653654249734593
1041.354 12.76927084974018
1042.374 14.684661477201203
1043.387 13.057819804225076
1044.414 12.523707948783635
1045.423 5.80881597624454
1046.441 5.288061722468681
1047.449 5.511854117682224
1048.466 5.574599054545446
1049.474 11.95218953048597
1050.644 10.241325241223473
1051.655 17.069900646314387
1052.665 19.999410224580412
1053.695 18.15127056589887
1054.705 19.02115642914267
1055.715 13.28749569290981
1056.735 15.43583623716673
1057.965 19.866463370050635
1058.966 20.493340279827766
1059.975 18.34162424370441
1060.985 15.474839128794038
1062.025 7.696175570061171
1063.206 3.032836979976393
1064.254 5.281945528017526
1065.265 12.895699273995032
1066.275 10.512045211370346
1067.285 10.800148141970839
1068.306 11.614553576946802
1069.325 15.338162433839036
1070.335 10.39916070931911
1071.365 12.01303247902741
1072.375 8.472818496862324
1073.387 11.55461537730993
1074.406 14.856041831020997
1075.421 22.540179545270945
1076.426 17.964275439902977
1077.429 18.32782405955032
1078.442 18.813749891220034
1079.445 22.178800544722762
1080.486 19.90084022789809
1081.496 24.018239897815747
1082.505 17.67603074642639
1083.506 18.592241983888577
1084.546 19.322030699344108
1085.566 26.567706812742998
1086.576 15.919660626960441
1087.586 15.716162156143652
1088.596 19.504745151917483
1089.606 13.020131459972175
1090.625 14.859478875739315
1091.646 5.092914311216865
1092.846 1.6280820333418726
1093.856 17.086801538043417
1094.866 15.816320639174496
1095.886 16.05040772952585
1096.896 20.63311883839205
1098.097 8.606112135578718
1099.106 17.73630685602046
1100.116 17.892782742668103
1101.126 16.590486796248214
1102.128 23.852372887102128
1103.286 19.53664730264988
1104.406 19.866477192564513
1105.407 25.16678442096458
1106.416 20.53632532537234
1107.418 18.309057720790122
1108.436 18.391889374687167
1109.438 13.220173010785237
1110.446 18.25131644520155
1111.476 14.606253673737887
1112.486 19.665941392842424
1113.508 5.220504831087308
1114.516 20.18950934203711
1115.526 13.925446313061576
1116.776 10.854737107559856
1117.796 8.938489594818124
1118.806 4.835887227748137
1120.057 1.6918518332089805
1121.126 2.5890921016662145
1122.196 1.673729193155196
1123.276 1.8241815499628826
1124.287 1.932441582601629
1126.716 0.1340536873892032
1130.376 0.8451791976364912
1132.138 0.5547127881914387
1133.147 3.5498319854827747
1134.167 7.182714852978849
1135.197 8.266701376500617
1136.217 10.322293983322497
1137.407 12.99789360320592
1138.447 17.703011875702014
1139.457 15.630732861793813
1140.467 10.334823613160472
1141.477 10.65038175146236
1142.507 5.473273848675067
1143.557 5.661223427967594
1144.627 3.6517727850658823
1145.668 2.8151274351732667
1146.807 12.328540419292056
1147.987 15.501696181646626
1149.067 17.04723457304218
1150.087 14.796322590169053
1151.098 13.994898269321228
1152.099 17.970907418874308
1153.108 16.573313467310278
1154.111 11.10749529359043
1155.337 19.562790361565106
1156.418 22.577460691688923
1157.427 20.00814391817564
1158.442 13.732794329720384
1159.498 13.496398718853726
1160.707 12.074632651179796
1161.727 13.248118506605433
1162.737 10.560356950244048
1163.738 19.19217581761648
1164.747 13.50235966700361
1165.757 20.039944951830545
1166.758 20.168049164274944
1167.777 10.873057597032718
1168.798 14.351359745422972
1169.818 12.57892683159875
1170.828 21.116707561166862
1171.838 10.939545183647887
1172.848 14.024072960469596
1173.878 6.954913540489552
1175.028 1.7194797715916101
1176.268 1.2513519589883593
1177.278 12.747123947869964
1178.283 17.526122380393147
1179.288 21.725997085413574
1180.298 17.85743268983369
1181.308 16.939156150705003
1182.329 16.295414146285253
1183.338 15.45950886075413
1184.339 7.617828087286529
1185.538 4.324659956986775
1186.539 18.475607998377868
1187.548 14.1461323602773
1188.558 14.982884226848412
1189.568 19.13875427157183
1190.569 15.546442350031786
1191.709 16.256704775445634
1192.859 15.785524083000839
1193.898 16.63829113654514
1194.908 22.406277488566364
1195.928 11.887764721040943
1196.938 7.225197298826327
1197.958 16.759667990283983
1198.978 11.49234376476616
1199.999 11.640547349065299
1201.009 20.111337226366064
1202.019 28.83291709386323
1203.029 14.95212968088247
1204.239 11.464971619091354
1205.248 14.199327941931099
1206.338 10.474789282598712
1207.348 12.25091431029528
1208.358 15.474839128794038
1209.369 12.80336722039983
1210.381 5.63071849475944
1211.49 4.754387331204229
1212.499 10.801533882727142
1213.509 23.37345493411599
1214.709 13.442685370690633
1215.719 16.715625983282045
1216.729 16.806829119594838
1217.739 13.792647947913618
1218.919 16.946580660389294
1219.929 21.761492524866615
1220.939 16.380153981883435
1221.949 19.35768893212631
1222.959 28.85412712556388
1223.96 21.6718072159972
1224.969 25.81695989442018
1225.979 20.66163454767848
1226.989 28.04814592093919
1227.999 23.15452027356151
1229.009 17.65947239396096
1230.01 20.50855857763141
1231.019 15.659316655258644
1232.039 19.685431919495386
1233.04 19.336155181993114
1234.05 21.38583929674622
1235.06 22.54414269462059
1236.069 17.426447928733623
1237.089 13.430836691461915
1238.09 16.58984689319391
1239.249 7.8464642597314
1240.259 13.379287996769845
1241.26 11.547834602125171
1242.279 8.991058712873345
1243.3 11.800006901792221
1244.309 12.90847994721009
1245.32 10.752973245877707
1246.36 11.664305109827449
1247.529 18.834674503366763
1248.559 8.36999903574433
1249.57 7.407692733306246
1250.6 4.425854071220625
1251.65 6.2405277493551115
1252.66 5.803064673297764
1254.17 1.5094800309129943
1255.18 4.679323980863657
1256.19 7.402301063526752
1257.21 9.896184908548637
1258.22 6.46328582673521
1259.23 11.346659958790914
1260.24 10.49908352533106
1261.241 14.310074546437564
1262.25 13.847836072023515
1263.26 16.21518706865616
1264.27 14.572234446421943
1265.28 11.54061391534241
1266.3 13.208097856921032
1267.51 13.003765261957433
1268.52 20.63311883839205
1269.541 17.899567921598045
1270.551 16.834048660277343
1271.69 14.994865484293282
1272.701 14.171238272411948
1273.723 13.777412645116513
1274.74 16.64901980998572
1275.75 11.85122304624748
1276.76 17.086801538043417
1277.781 12.04479130290811
1278.8 12.023970708137279
1279.81 16.119624092493787
1280.971 7.693741595297099
1282.001 11.380767611710176
1283.011 6.195803760288128
1284.03 7.029991115509558
1285.06 4.7419865048792404
1286.09 3.6355229870740846
1287.142 2.011888444243759
1299.106 0.20990211732631406
1300.141 6.764012312434833
1301.161 6.065403653626584
1302.181 4.196567659471903
1303.191 5.803064673297764
1304.201 4.811849191820733
1305.221 4.5524364103098724
1306.301 5.589920220471435
1308.692 0.6128288707685845
1310.323 0.3992843735970258
1311.471 4.318948131956909
1312.491 3.351933598056797
1313.511 2.7359889634096985
1314.601 5.535579363726568
1315.621 8.937234057746778
1316.631 11.98626024807495
1317.712 9.506965598317747
1318.722 13.4547014428166
1319.741 8.829534295795497
1320.921 11.287800054451257
1321.922 15.259315871939657
1323.062 10.205892047651508
1324.081 11.051049796328913
1325.091 8.865793250871585
1326.112 7.016220319984564
1327.123 7.676440548430485
1328.131 7.4297394378696575
1329.142 6.3744909929008795
1330.152 13.540484237694782
1331.172 11.174374755471396
1332.192 11.84179521026115
1333.262 12.865402847093858
1334.272 15.909055611110116
1335.282 6.419216094201639
1336.332 7.442660723848561
1337.342 3.223924818498758
1338.352 8.924356505067266
1339.362 13.793472782479755
1340.383 15.887207016424377
1341.542 22.666776165801224
1342.543 25.168448922286853
1343.553 21.852224327141617
1344.573 23.841339453680643
1345.583 20.470390761844286
1346.593 28.999887176751123
1347.603 22.97234966795482
1348.612 16.987672842808717
1349.664 19.345081194651527
1350.674 28.692930884638944
1351.692 15.591025785847094
1352.693 21.469213626486233
1353.782 17.300759491129075
1354.783 19.680112490945714
1355.793 15.776610746490503
1356.804 21.143922510933407
1357.913 11.883477552225035
1359.253 3.6478018500380442
1360.263 34.690420848525996
1361.272 16.458311932692865
1362.274 19.01053871267456
1363.362 4.416017625024506
1364.445 4.509922530032888
1365.461 4.486840249367365
1366.462 10.246670139913883
1367.514 10.791321834830855
1368.613 4.147979702781841
1369.632 9.303829782240278
1370.662 7.587178407806785
1371.678 10.255634855696835
1372.693 6.539961640538562
1373.715 7.805872762598019
1374.723 8.937813138605565
1376.103 9.792087591838799
1377.113 10.28109153285216
1378.114 10.76670791017267
1379.123 17.265091929393495
1380.124 15.628121807774765
1381.133 17.035442711034413
1382.153 13.088502620983682
1383.173 5.50526897499576
1384.174 12.848999064336457
1385.175 11.67136437882816
1386.183 15.74262232532082
1387.193 13.520099040560268
1388.195 12.784271344646413
1389.213 17.912100956217067
1390.223 12.384066175971581
1391.234 7.246655934756109
1392.243 8.39051196568656
1393.253 7.0297115066520055
1394.254 8.132277888820543
1395.303 5.340330347437221
1396.314 4.831103956504073
1397.475 4.4535646838888505
1398.584 11.94389564823716
1399.724 9.71136651467082
1400.733 10.512437717242749
1401.734 12.876938907960328
1402.743 11.330894792842994
1403.754 16.103679855013574
1404.824 9.110634764788362
1405.844 10.390084063400154
1406.854 11.076467721626525
1407.864 14.50766168324441
1408.874 11.868191071607999
1409.884 12.31195206818937
1410.885 14.142911056500695
1411.894 15.815482841754498
1412.904 18.033240285930187
1413.905 19.19217581761648
1414.914 19.838767298985275
1416.095 17.363636651774733
1417.104 21.783059910917025
1418.114 16.278463663229765
1419.115 17.38119837898323
1420.314 16.34571603313675
1421.324 19.82713763376736
1422.407 13.444821924511055
1423.426 23.330526070477628
1424.427 18.216302470958016
1425.428 14.154681458708199
1426.434 18.97266911364533
1427.448 15.39783225761755
1428.449 20.33069472205136
1429.465 16.799060690333175
1430.474 22.42848390827753
1431.494 18.677742218161168
1432.515 22.324337381769066
1433.595 19.17434187487784
1434.615 19.230097190773282
1435.625 19.128149255721503
1436.635 20.542976203664285
1437.645 20.794315079316988
1438.665 22.33353087486863
1439.679 14.538224023466142
1440.685 19.6017836850116
1441.735 14.078534486312586
1442.755 21.069296902071294
1443.765 22.24508124764143
1444.775 22.846503479864296
1445.776 22.282441415368286
1446.785 22.10577190959728
1447.795 17.57168642942216
1448.825 24.629138814798466
1449.835 20.59411594676474
1450.845 20.63311883839205
1451.865 22.98468752953232
1452.875 16.360357952296166
1453.895 23.11973493226294
1454.905 19.35474309439011
1455.955 14.491788948409807
1456.956 14.150163526547743
1458.336 17.733541001041186
1459.345 26.139671893100434
1460.357 19.643304783910786
1461.365 11.467641306277079
1462.375 9.701939833914976
1463.399 13.70010321598836
1464.405 12.745624361156649
1465.406 16.752492450970315
1466.426 20.113585119083154
1467.453 10.836219652553464
1468.455 10.886376869651246
1469.495 2.6151708493562906
1481.161 0.23724836762225127
1482.192 4.579474196596927
1483.232 7.514224769270181
1484.271 5.539148006148109
1485.322 4.316698882783977
1486.352 5.667621346267827
1487.612 5.096540561766729
1488.632 8.662895499906883
1489.652 8.33841320611003
1490.662 13.908596121210504
1491.679 15.556147031044981
1492.682 12.904301237665806
1493.683 13.534060251403474
1494.692 17.51231574124796
1495.702 16.326775402103465
1496.832 16.165915977316153
1497.842 15.88631374378664
1498.852 14.049053664472583
1499.861 16.337766734355434
1500.882 16.225126053964836
1502.112 17.659519335765534
1503.122 22.567473729491308
1504.252 11.39048672488465
1505.292 13.306439695582613
1506.302 20.47192259746711
1507.303 17.565720239852375
1508.312 12.568901056785952
1509.332 17.23851564714924
1510.342 17.247997778968355
1511.362 12.175378409817137
1512.372 15.474839128794038
1513.382 10.69162347976918
1514.392 12.465371297490737
1515.413 12.491464552944342
1516.622 13.499723199932708
1517.643 16.90271258905372
1518.662 14.17035140971656
1519.663 16.091685426027855
1520.692 18.46360628063189
1521.703 13.028261972124092
1522.712 12.9062388916637
1523.723 14.365706687035358
1524.732 13.41908676091141
1525.923 14.797339190085763
1526.932 16.942379930713244
1527.952 10.819343451706024
1529.302 5.065144103730271
1530.322 6.703867196113594
1534.394 0.4788531583951095
1535.402 17.3177006878472
1536.412 2.901532336648882
1539.756 0.19474665470596564
1540.763 22.85511971882626
1541.773 8.616811045407845
1542.783 7.972379582236439
1543.953 6.376085001247601
1545.173 7.021796378701787
1546.203 7.801515273463487
1547.223 6.356399281360978
1548.233 6.9072824903354775
1549.243 7.854310405769488
1550.473 7.511872815369278
1551.483 10.741231387246811
1552.493 11.622626037918256
1553.503 10.786008120837073
1554.553 10.914519590688919
1555.563 16.925605297118476
1556.663 9.81804440441531
1557.677 12.601171279550964
1558.683 17.90134523293418
1559.693 16.767237060420292
1560.713 13.829176335842515
1561.724 14.771712475192826
1562.733 13.168914191759066
1563.743 15.44255274720527
1564.744 20.18362414093336
1565.754 21.113290389392873
1566.793 13.644553341584905
1568.213 0.8025756502389513
1569.214 16.172889311964468
1570.223 15.205797782844327
1571.233 13.840606186258976
1572.254 15.856667248285158
1573.263 19.081408474597154
1574.264 20.889848273383564
1575.284 19.20932845711782
1576.285 17.843454174768816
1577.294 18.702198286089473
1578.303 18.231812521931268
1579.354 14.885992456438677
1580.363 20.653567915536144
1581.364 16.900989747507406
1582.594 17.79817297253745
1583.604 20.63311883839205
1584.614 17.242695271043193
1585.624 21.761492524866615
1586.644 13.13307372354765
1587.744 18.23867336872937
1588.745 23.42096031980316
1589.764 17.069849007962844
1590.854 16.66111231006244
1591.864 21.922688765791552
1592.874 17.505699664131246
1593.89 13.90939219326646
1594.895 17.48442836839481
1595.904 21.0786742242294
1596.934 18.921496736501332
1597.947 24.107828726681234
1598.954 20.089837555364273
1599.955 19.075422939154173
1600.964 26.623739891120813
1601.965 17.300113385998205
1602.974 21.460347912236777
1603.984 6.541527277008718
1604.994 19.988333874692298
1606.004 14.965916201487891
1607.014 18.053978983593044
1608.035 13.520216874069718
1609.044 20.653567915536144
1610.045 14.985624297377306
1611.054 21.137635913556522
1612.055 16.30165037853746
1613.075 17.889322084718007
1614.285 18.657024591520454
1615.306 22.324337381769066
1616.315 17.206942435479252
1617.388 17.090899464640398
1618.585 19.673343936070054
1619.595 23.57424323421548
1620.665 19.37701913391455
1621.815 22.539601493630382
1622.825 30.304893293888323
1623.835 18.511055166742043
1624.845 20.25899744589448
1625.925 25.470077478235357
1626.926 32.88103469199137
1627.945 26.818425702880226
1628.946 27.052188847293763
1629.955 27.3307339408611
1630.965 24.704620090350662
1631.966 29.284047334558956
1633.025 26.179234359002287
1634.026 32.52911155528217
1635.035 23.7668658706404
1636.045 32.561640666837455
1637.055 22.453764392873932
1638.065 31.916855703137703
1639.075 20.00954390639295
1640.076 32.36646599750576
1641.077 25.398031211808966
1642.086 24.55571742296991
1643.095 28.226448457665867
1644.287 27.596398276389447
1645.296 30.818995873964095
1646.306 32.078051944062636
1647.315 24.594169218134297
1648.316 28.95090928420113
1649.325 20.49221191619602
1650.336 15.124627915290274
1651.496 13.052726646620187
1652.506 14.185269201394535
1653.526 8.300026052331116
1654.545 6.071355963394619
1655.575 6.1645824563430125
1656.586 3.509495668987718
1657.596 2.2567473729491305
1658.616 1.9153906274610266
1659.636 3.8307812549220532
1660.656 6.225019539248336
1661.686 7.429112190977477
1662.696 14.185269201394535
1663.698 13.682561344921053
1664.706 10.838460632103303
1665.707 18.378948028734424
1666.716 17.825355815991156
1667.736 12.787005948142594
1668.746 22.406277488566364
1669.756 18.583994109090394
1670.766 19.077480846658837
1671.776 25.307809825215244
1672.777 17.482614066690303
1673.886 16.910949953603446
1674.906 22.28921831360897
1675.916 20.049725133114734
1676.917 21.881772168506807
1678.106 21.003086103749297
1679.107 25.535352570896503
1680.108 20.195751221995632
1681.236 19.00180248414049
1682.246 21.600296283941677
1683.247 16.900276389797863
1684.266 19.941900302511876
1685.418 21.370374262347354
1686.427 26.462383891780686
1687.429 18.90874914104487
1688.437 21.55380217966004
1689.446 24.526111899699174
1690.487 21.697813185909972
1691.496 28.075943885181943
1692.497 18.599137775080855
1693.507 22.386481458979095
1694.587 30.12641589596202
1695.617 25.922932954677282
1696.877 25.07881816814803
1697.878 34.643503806375506
1698.879 33.25174291505193
1699.897 28.558984742398955
1701.147 38.478999397752304
1702.157 25.14661358429031
1705.779 4.355432642089062
1706.788 97.62037960077632
1707.797 17.016806564911796
1709.508 16.080997290168117
1710.577 30.685889190418376
1711.587 15.797231610643914
1712.597 19.665941392842424
1713.599 18.045260009483766
1714.607 27.80835250593864
1715.608 22.77560937856752
1716.617 33.40069186340611
1717.627 19.500267478558456
1718.629 27.784633503139744
1719.637 19.205418345745418
1720.647 26.59737975261475
1721.648 20.523063517725504
1722.657 28.075943885181943
1723.658 23.494436163886366
1724.678 26.19964082808624
1725.828 23.801747977144082
1726.838 29.821304571113508
1727.848 22.549798703074096
1728.867 27.009891911570268
1729.877 28.531734643714003
1730.898 20.121510899727127
1731.918 21.763415983623783
1732.928 28.85412712556388
1733.938 24.315533842153187
1734.968 26.573033976745197
1736.378 13.509616872411284
1737.478 25.417359638949105
1738.488 12.585767948529838
1739.49 29.57194910860487
1740.498 27.586426068812692
1741.499 29.845578744922985
1742.508 29.75661759468301
1743.509 29.3779727663158
1744.538 25.70292357667434
1745.548 26.759989995653065
1746.558 26.919772234464627
1747.568 19.628823837366284
1748.569 22.290526136076473
1749.588 24.01729722974016
1750.589 28.78826372642472
1751.598 19.907178468296145
1752.609 21.318894245486284
1753.618 20.435359875492843
1754.638 29.234409527269733
1755.639 26.392214073012433
1756.768 20.41659261544963
1757.779 28.342476544823896
1758.78 22.30312878894511
1759.789 27.107807889141192
1760.899 21.935598435236578
1761.908 25.3328918963998
1762.909 16.333275903660653
1763.989 18.385126058774507
1764.998 15.37453212400377
1765.999 13.987517968771334
1767.018 6.784609481177992
1768.019 8.782860119926188
1769.238 5.221876552257591
1770.269 4.579474196596927
1771.279 4.674690986823199
1772.328 3.2592681315709555
1773.418 2.688575834876487
1774.428 4.513494745898261
1775.598 1.9481323475885655
1776.669 3.9523933582529125
1777.679 3.7075135412735714
1778.768 1.7940297888064711
1779.799 1.579129033309285
1780.808 1.9362719920815137
1781.851 3.278017516795717
1783.029 0.18346817460886478
1784.099 1.673729193155196
1785.159 1.6895190912038303
1786.319 4.062202562773374
1787.339 4.9480924542743185
1788.499 3.993155173655161
1789.519 4.30962891178731
1790.579 3.5326308270625537
1792.989 0.5286891318142635
1794.749 4.6932885846401335
1795.759 5.964260914222701
1796.76 11.443684376531502
1797.909 15.19716000271994
1798.969 17.96517475967071
1799.98 15.189019091318727
1801.159 21.129901915916914
1802.16 23.58812380974003
1803.169 22.859828125811774
1804.17 23.505493208384323
1805.171 24.220277633349077
1806.23 19.78012818327381
1807.24 24.990012850233846
1808.249 29.32657083035984
1809.25 28.08263405873247
1810.251 23.800823300136226
1811.26 20.88015042630543
1812.27 24.663024861515495
1813.271 12.618465631201618
1814.279 19.236824249166368
1815.48 23.983611759188253
1816.669 22.059430936245214
1817.81 24.868677485858644
1818.979 25.0869638224827
1820.05 27.69108926309701
1821.2 29.600418997498252
1822.21 28.70224301807883
1823.22 17.91187177119869
1824.23 28.531734643714003
1825.24 21.798845747361646
1826.35 20.986720215235287
1827.36 27.487099264213434
1828.361 20.084229633403332
1829.37 26.705361493126198
1830.38 27.489025918608174
1831.381 24.853501493522444
1832.411 25.729355385515355
1833.42 24.97550251189645
1834.421 24.88833712833859
1835.651 19.46878964560363
1836.76 20.58990762232046
1837.83 20.898257449623195
1838.93 21.17588569203912
1839.931 27.487099264213434
1840.932 19.973540295472162
1841.94 22.28921831360897
1842.941 8.961199547312601
1843.951 14.50766168324441
1845.402 8.20500956626946
1846.403 28.04839288867428
1847.42 26.92850697646096
1848.421 33.6262557125634
1849.431 26.49686776905556
1850.441 25.791398547990063
1851.451 17.594428296745633
1852.461 17.038489799169714
1853.471 19.02115642914267
1854.491 14.396582806440893
1855.492 25.04741589756727
1856.501 21.692120235850332
1857.511 23.37345493411599
1858.55 4.4020637128143845
1860.111 0.10429737561446974
1861.132 31.448034831360903
1862.141 10.00407195908782
1863.151 15.958427851568851
1864.152 12.993572893471045
1865.161 13.069835946550217
1866.171 10.477755660120962
1867.212 4.314150783532261
1868.542 1.6034141237457837
1874.381 0.30671180624697036
1875.412 18.002070979725847
1876.432 3.355223032402289
1877.461 4.097060817370985
1878.491 5.532317589025781
1879.621 4.997008493285471
1880.632 6.619342265550208
1881.641 6.6577042271589315
1882.651 11.782526110239266
1883.682 8.792562753447971
1884.701 12.91260714904963
1885.802 10.101305958814997
1886.811 13.98135580247163
1887.832 13.841392243098202
1888.852 11.849029263556874
1890.091 13.060991311517762
1891.093 10.398927159069846
1892.131 5.20510570187089
1893.132 7.64434121549131
1894.142 6.187908915155109
1895.167 6.194653590276393
1896.292 2.975930843400924
1897.322 11.560903015245918
1898.572 19.527082614636534
1899.582 15.908819944091222
1900.702 11.16788022283557
1901.712 12.665570430042981
1902.882 8.673318759494268
1903.892 9.994166937346149
1905.112 10.687166089227354
1906.133 8.45135629452686
1907.152 5.592038387337149
1908.172 8.416587653015421
1909.173 14.398293116518044
1910.182 17.15988026900505
1911.213 12.002650420648107
1912.222 20.659937231299573
1913.382 20.196925597374367
1914.622 20.653606056293434
1915.632 18.360817442195774
1916.642 13.467663128855884
1917.742 12.63321549077599
1918.763 8.132437189073016
1919.792 7.910991415655358
1920.812 7.684664809078835
1921.822 15.3136428878691
1922.823 8.48871895769019
1923.862 7.678153958975145
1924.872 4.9970834686730745
1926.112 3.2978757986500242
1927.162 3.2561640666837453
1928.173 1.449331186951222
1996.026 0.007198275831614841
1997.035 6.1315279749247935
1998.176 6.732766389559249
1999.196 7.768789848211352
2000.246 9.135802565540352
2001.386 11.51283001416729
2002.546 18.846961933158273
2003.716 22.780087679744113
2004.726 16.811895960501104
2005.727 18.063881707018425
2006.916 20.272051198653926
2007.917 14.444185795832148
2008.926 16.707069098342227
2009.946 16.866778650372265
2010.966 17.412249604525545
2011.976 17.247997778968355
2012.986 5.218256965907072
2013.996 9.188185732721461
2015.006 10.155363178271088
2016.017 8.90222723213119
2017.036 8.787488894386948
2018.046 6.286653396072578
2019.066 4.469244797409062
2021.726 1.1887314652821808
2022.737 5.3142143521544805
2023.836 11.573387499357866
2024.846 12.093135241144335
2025.867 15.959826388755426
2027.036 15.220281251324208
2028.046 8.579339989403366
2029.056 8.68986782126564
2030.067 12.238796689810316
2031.206 16.232108022684987
2032.208 22.047835008724153
2033.217 21.798393448866015
2034.237 23.821154111419997
2035.247 26.5156032970578
2036.257 24.46117605983098
2037.267 26.9184760658607
2038.268 34.80614936415192
2039.277 26.150995121124303
2040.377 33.52563660763198
2041.397 31.301398575755183
2042.407 27.560433025333698
2043.456 29.310982033573
2044.463 43.426322957230994
2045.467 38.403012262926836
2046.468 32.13759706569319
2047.469 37.1761614611658
2048.47 42.350263821452074
2049.489 41.51402064309172
2050.547 36.898171310814924
2051.697 31.489395691789447
2052.698 33.17969378638782
2053.699 20.18469417749768
2054.707 25.51953980833491
2055.717 20.032285773716424
2056.727 33.528818112387086
2057.728 30.65131627785481
2058.738 44.05441417734396
2059.74 42.98453647883014
2060.749 41.05200232880879
2061.758 47.685179916100054
2062.759 48.152715430896485
2063.76 58.18918283239757
2064.778 42.00690524886047
2065.788 34.94729789912276
2066.789 42.613136137419644
2067.798 32.71078328789512
2068.808 34.31205744968829
2069.828 43.53420148796856
2070.829 40.709778875400225
2072.038 33.92605387814122
2073.048 39.493079026609784
2074.049 35.94407380382885
2075.249 36.723881576638355
2076.258 37.918659844929635
2077.259 26.04992126538211
2078.378 23.601463301410533
2079.408 24.18413117488413
2080.428 14.059982231019116
2082.5 0.9410666317494625
2083.518 30.12110288265175
2084.52 16.410806922907096
2085.528 11.908622694537364
2086.558 10.274304093905023
2087.608 3.2561640666837453
2088.648 2.9743806378361133
2090.099 0.2244082747542209
2100.501 0.07825812504046686
2127.977 0.005926116672157655
2129.057 2.2612250463081565
2197.252 0.033367643781116806
2198.424 7.199911956996012
2199.844 0.6879219859191013
2201.084 0.393890814518195
2202.344 0.38763857936711255
2203.784 0.4254569773541479
2229.357 0.006366410015805234
2231.277 0.08479593923655587
2232.435 0.84356582038439
2233.617 0.8264375803765852
2235.038 1.0311568121095604
2236.137 0.5627884950751156
2237.258 1.1618783467203373
2238.418 0.9824632959821645
2239.658 1.8381571344182432
2240.68 1.274428206138452
2241.717 1.5732057521591742
2242.858 1.2853279210593733
2250.869 0.203230811801507
2251.879 8.43134110153661
2253.039 14.901103708066998
2254.04 19.478351152095883
2255.049 13.848071972607345
2256.109 18.668242845071983
2257.119 24.955016297927774
2258.12 32.89149727173137
2259.299 30.409797499024876
2260.31 29.40581382647841
2261.319 30.358989735494433
2262.32 28.899666422065437
2263.329 30.500412135500873
2264.33 38.23121751358383
2265.34 52.22357572035864
2266.341 65.05822311056434
2267.35 46.57149325983582
2268.351 48.97497908409944
2269.359 26.81119613700091
2270.37 18.854960597494404
2271.379 31.78713187000485
2272.469 0.7823118038048257
2273.47 19.517466933169302
2274.476 21.9974348009667
2275.48 40.05341257325125
2276.49 28.733936945926864
2277.5 23.18574615356524
2278.651 19.378561126658262
2279.67 21.58230851407719
2280.68 16.280820333418728
2281.689 17.265091929393495
2282.84 11.804093123214844
2283.86 14.844277362822957
2284.87 12.511209238255908
2285.9 10.906568961222254
2286.91 4.029906023123447
2299.661 0.025536538833689476
2315.993 0.010733801555911913
2317.013 8.074603617374079
2318.023 11.83366585333972
2319.024 10.487666152788726
2320.063 14.777399484535497
2321.234 7.790346633539162
2322.293 16.79887585841606
2323.314 15.371910212625462
2324.324 12.99220491823299
2325.484 15.030170001545022
2326.494 21.61266880243372
2327.504 23.26339843629151
2328.884 9.37265130829366
2329.914 6.413338961834872
2331.134 1.46794281694759
2332.154 13.886582049092445
2333.163 5.492237392743884
2334.374 11.565867845187288
2335.384 13.379287996769845
2336.385 11.00104591775842
2337.394 11.386331430043183
2338.404 8.443124452481413
2339.414 9.510578214571336
2340.434 6.663496511592302
2341.444 11.283736864745654
2342.454 11.598470168481406
2343.464 11.72773352834592
2344.474 12.97865406464646
2345.475 13.848056536555157
2346.544 15.852622619219012
2347.554 21.922688765791552
2348.564 22.53153450910965
2349.565 23.821748459616234
2350.574 21.783059910917025
2351.575 19.680112490945714
2352.584 23.17569900756094
2353.585 21.302169029500956
2354.594 22.58983990761766
2355.604 15.958427851568851
2356.615 18.55584180720501
2357.735 25.332521195482354
2358.736 34.968794921928335
2359.756 26.514729131399417
2360.905 20.691488369785866
2361.915 24.353358398686012
2362.925 19.6006616286082
2363.935 24.663024861515495
2365.015 18.231431425227857
2366.035 14.525045591579453
2367.045 22.88986621134118
2368.055 24.179436138740684
2369.476 8.717177913807618
2370.495 18.893896238938773
2371.515 18.12655402833868
2372.525 28.531734643714003
2373.535 25.791398547990063
2374.536 20.383126513702962
2375.555 27.86369251092558
2376.575 20.821938950669164
2377.631 20.505199851748962
2378.635 28.922016161163008
2379.639 18.23121583912984
2380.655 25.639087139242086
2381.666 21.351972710685544
2382.678 22.639533810842305
2383.685 26.514940761476375
2384.695 20.096622869875056
2385.696 14.800745757653388
2386.705 14.642821039532615
2387.716 20.759150110174957
2388.875 23.495340940273795
2389.876 8.620214562149775
2390.885 10.4881399571082
2391.905 4.788476568652566
2401.846 0.19614626908609656
2402.955 9.012569350207984
2404.396 3.273858096923018
2405.405 5.359779214923005
2406.406 9.446282789803652
2407.438 6.618188707801856
2408.446 6.273978578517603
2409.475 6.793853022617125
2410.515 5.009483179513454
2411.596 1.191219387558024
2412.616 6.972227237729112
2413.636 4.9199729890441715
2414.706 2.317839091983063
2415.746 2.504741589756727
2416.806 0.7679632232744682
2417.816 1.611962409249379
2418.845 0.9546392272634405
2419.988 2.706348086919998
2421.006 1.4393652554103
2423.052 0.47744341153720604
2424.606 1.1154488518417087
2425.944 5.95201538819749
2427.247 5.554829892205161
2428.256 7.88462316366185
2429.416 3.8462371034957568
2430.473 4.4668286629058
2431.526 1.9552753186950123
2432.646 1.4536446726266719
2433.686 1.2523707948783636
2434.886 1.1608428045218344
2435.967 1.0542621862528314
2437.076 0.9243002858835438
2438.396 1.233395479804449
2439.406 1.2895699273995032
2440.426 0.7980794281087612
2441.566 0.7140710672552073
2442.128 0.8690829359476189
