0.0 60.19942806639085
1.008 67.3042331877509
2.009 41.57712601592188
3.209 29.467257928334483
4.269 40.21319845660217
5.27 33.00877180280134
6.28 50.84857563053566
7.289 55.85922514490409
8.29 58.56555077314866
9.3 70.26126494666417
10.479 53.03468735502189
11.48 59.648828944792065
12.519 47.23272080254441
13.689 54.52141947978328
14.699 46.07259267902479
15.779 23.454270837218598
16.799 16.12679945253552
17.821 5.2771279206910995
18.869 3.3450344253006654
19.889 3.70123266123766
20.93 8.289298343817565
22.0 3.0242381691287683
23.03 1.8812595506345513
24.04 37.64577661521925
25.041 38.77824714779468
26.06 30.179405294254664
27.061 38.79242566594744
28.07 31.887852678846357
29.091 33.19390492205061
30.101 26.699132351219323
31.11 24.58148962968585
32.12 25.631167057170554
33.241 22.927029066847943
34.251 14.417531469658435
35.27 4.23413129338277
36.31 4.148634411497158
37.33 5.287475230339513
38.721 2.5201984742739736
39.731 11.747618234536503
40.741 25.639754497400478
41.881 32.31172817742674
42.891 57.951950053452165
43.922 49.300845702228855
44.948 54.20725582378
46.101 47.02707027517887
47.102 66.67605700425304
48.103 79.31659978516376
49.112 62.70062538604828
50.113 72.50953260479702
51.122 51.28188119876032
52.123 41.60055995564657
53.132 36.58202341456733
54.133 39.30009538536149
55.142 41.18515521392881
56.143 59.335523078388746
57.152 76.35040960171703
58.162 58.35712109702769
59.163 64.65404277657906
60.164 53.88939671682358
61.172 57.41475369942615
62.173 71.84018839366887
63.183 71.19026984426509
64.194 58.979475384162996
65.325 63.75611296659863
67.003 44.353821727717886
69.003 34.238500873063906
71.003 36.569355620080444
73.014 31.713705786300206
74.015 66.80917753579837
75.023 63.831934878548104
76.024 51.817363827888514
77.273 50.58160430833996
78.274 74.35214919306593
81.034 4.137179650039656
82.134 63.91229359941751
83.214 64.38256937350752
85.044 44.450522057591684
86.045 64.65404277657906
89.074 13.141429191628186
90.075 68.15613676031043
91.084 15.587389732435883
92.094 52.06330808487768
93.095 39.48579458838998
95.005 23.58452173232983
96.015 61.67499573131664
97.025 50.17075335966004
99.005 20.10592205997873
101.015 31.587968676850846
102.995 26.202429958664176
104.005 55.5341952905362
105.006 15.524689681817701
107.065 14.972659299600515
108.996 17.542933393699165
111.005 17.05963160279672
113.036 17.916348132124902
115.086 13.059492536313156
117.017 14.63644812689593
118.996 14.056236095710966
120.007 41.8761762307898
121.266 4.377521911371566
123.016 25.15238715254887
125.006 22.506835436798198
127.017 22.529308218264337
129.087 15.635773196347385
131.017 17.067698243950208
132.997 28.024403455958986
138.528 6.584425900842245
139.548 9.25308165309415
140.608 16.535830555259896
141.648 22.81748926323436
142.649 29.945621110215793
143.65 81.42427589334396
144.669 82.98553002350121
145.679 66.8395603532316
146.68 89.69980432183738
147.69 80.61322897474184
151.049 23.862647899518123
152.05 85.12782298916244
154.979 26.285575766478843
155.98 67.0498184966688
157.0 42.37091993060956
159.05 41.44094346239389
161.0 30.109340984455997
162.99 29.619924180806237
164.98 31.360926670253036
166.99 43.16327396129208
168.17 95.96123903407454
169.171 124.18964050001229
170.172 100.91343678976354
171.2 41.23160930554717
172.99 37.01818258317958
175.051 33.773457165720096
176.992 35.64159130061118
178.981 37.79912496770846
184.561 14.050896878903565
185.601 10.11229637802432
186.611 17.354436028292564
187.621 19.223375292877915
188.631 31.79968150960212
189.751 62.35124096619224
190.763 98.5816249371193
191.812 94.94381903088433
192.981 34.89510077196869
196.541 19.994913816477244
197.542 51.99262606616566
198.991 29.247881809861703
204.505 2.5427294566152567
205.515 9.611687646438957
206.516 12.054497363930041
209.256 2.4829305565853743
210.276 25.464333835003146
211.296 5.73582839314608
212.985 4.870599057357595
214.006 18.001896601767246
215.007 13.123990865147151
217.066 8.170316761702784
222.621 3.152193814315742
223.681 8.903908760524558
224.712 10.664024268735185
225.851 12.205739904757623
226.862 17.126696279437997
229.552 1.4888848149503116
231.032 8.043860010726526
233.022 6.830086689368215
234.062 11.668034282335753
235.082 4.969376391555199
236.092 8.009739705365797
237.112 8.724334130060198
238.213 2.9149169252586953
239.224 6.934908165608502
240.252 4.19706205054187
254.434 0.1331003142879147
255.454 2.642384825454392
256.455 39.06181751084985
257.456 42.68836737614432
258.465 57.192769736298764
259.466 48.71384374334025
260.475 48.83281659317524
261.476 47.143572857922244
262.478 47.087867381385166
263.516 51.45289323369442
264.525 51.075773735543
265.556 49.021129202208066
266.566 51.226032662460064
267.576 50.51483647614542
268.58 50.62470190351294
269.585 50.656904042282996
270.677 40.33611182982903
271.757 48.629150618838956
272.926 44.26634777184866
273.936 47.7418739582644
274.945 54.871667584180365
275.947 49.36911752825653
276.948 50.68308237566783
277.956 50.842105232862416
278.958 49.354362978324204
279.959 51.86521632665408
280.977 61.455213089761415
281.986 55.20866793873
283.006 62.92095524104021
284.017 65.0814458618644
285.026 42.289539564229734
286.176 44.36691830328507
287.177 54.95593636009222
288.188 44.75051316785121
289.266 49.78378735624475
290.267 64.11525908677424
291.268 50.98339126709778
292.287 50.78926376137334
293.298 49.48258191445823
300.17 9.174062242866007
301.193 49.556512716026646
302.28 48.95250840023275
305.021 6.648889182843019
307.01 12.31940500792067
309.02 5.5447821799105546
311.011 5.739967228868485
313.021 5.697084957204123
315.021 5.754152896119063
317.021 5.9806446804923565
319.011 6.342534672239337
321.021 6.472622859868349
323.021 5.652241449190436
325.012 6.698443542216695
327.012 5.704379897377326
329.012 11.043790657446424
331.032 6.060878695913309
335.012 3.285230886649285
337.083 6.751220390496676
339.072 6.83044834964443
341.013 7.694108743929131
347.223 2.611517133005047
348.233 9.344696322926763
349.284 12.971147968384033
350.294 18.06914525833763
351.304 21.88333490409698
353.014 5.918349900757459
355.024 9.635283687260689
357.054 9.652315506855006
363.581 2.779261154174297
364.6 9.26216220427481
365.611 13.785001749232082
366.641 16.372316713859128
367.642 24.105647022185124
368.643 31.426291637862896
369.651 34.50435110792736
371.062 13.275547154763077
373.071 5.691580635678013
375.082 6.4185312082707915
377.041 9.85553623895702
379.072 8.870629531369897
381.072 7.134491207758737
383.082 6.872356356486886
385.072 6.573928721815334
387.072 7.583138119189211
389.073 6.99064588440419
391.323 7.057099396513884
397.054 2.815514965855262
398.074 8.988707891577173
399.123 12.060447318024572
400.124 17.1562038887011
401.193 7.724774567844004
403.033 7.588293256295222
405.084 6.740358381577775
407.044 6.208701362542799
409.114 5.4447237309180485
414.757 2.2079414478072446
415.767 8.810713675902377
416.777 11.626808564029158
417.778 14.600525991666368
419.018 0.957307564429077
421.078 5.199299983912938
423.028 5.533635387908524
424.038 20.61454061012566
425.039 2.624995096892663
427.108 13.432319192992958
428.178 17.205144437821268
429.179 14.711787974392875
431.319 2.2574014623184313
436.554 2.1589527123086376
437.664 11.451297039919607
441.074 3.632745344127079
443.064 6.2291159279052115
445.134 6.116838955712011
447.054 7.6097863855947505
449.014 7.8834234782175105
451.064 6.069300956444796
453.094 6.522173353141086
455.045 6.702915047422969
457.075 8.723226003931638
459.025 7.884224958340869
461.075 5.99410658790379
463.065 6.387704058629173
465.121 5.507972810251735
467.016 5.563487164665944
469.106 4.8342694083215765
471.016 11.424233260518685
473.076 5.805398559381872
475.036 6.262507291673593
477.077 5.760157208815277
479.076 6.166360269871727
481.057 11.266831136448676
483.057 5.241540289275939
490.06 1.6769763148390453
491.095 7.816267731806237
492.152 3.916866500829793
493.171 11.908494262639042
494.3 12.037637436964637
495.32 23.80175527482
497.02 4.472206845591331
499.07 7.58943877264017
501.14 6.209971385557363
502.141 22.465468165319482
505.071 1.7298190026662497
507.326 6.1362695750675185
509.051 7.628060232474587
511.321 5.6045694801596175
513.361 5.925412208970753
519.327 2.1438785436658483
520.328 10.236890106291685
521.337 14.749089140335887
522.377 19.532774609029058
523.378 12.002509464036594
525.057 3.531620248144428
527.017 15.02965544142808
529.068 6.3803318245511615
531.098 13.178738415317074
536.53 2.276832184089957
537.539 9.888469533846049
538.54 15.65328096450869
539.58 15.69043557440413
541.26 6.401849562347824
546.706 2.2484293377921123
547.716 8.543722352390185
548.726 14.253394259809198
549.727 21.28195574729061
550.746 37.84254843460852
551.767 63.07768653875278
552.778 104.46231859784264
553.779 118.87702851771895
555.017 71.51265104009305
560.351 13.609797125567297
561.352 9.69810641648686
562.361 16.035356000831428
563.362 23.43709050650991
564.363 31.992644668520313
565.383 58.703729931227755
566.384 108.76104966345217
567.386 54.72482242636156
569.062 12.488119363404053
571.012 31.535888957532215
572.023 69.93439975980624
573.092 37.16436766628759
578.75 10.871221860135353
579.759 9.621213600498857
580.78 17.167463651885882
581.8 22.207395967425956
582.81 19.537597537654694
583.852 51.44247181863027
584.853 84.75937844105395
585.854 88.73724047835566
587.1 51.660517289765146
589.081 24.915331146770416
591.02 26.071689374046663
593.041 25.962885182939363
595.031 31.440765541810507
596.033 57.59232002387769
597.041 6.473696960342931
598.111 43.79637016700107
599.261 45.00936065983791
600.271 61.141013084292254
601.273 6.330882284966142
602.281 49.75891868551649
603.292 41.58605186758621
604.302 42.98560308546312
605.312 24.480645235456826
606.321 40.088390002078576
607.391 17.38936947249042
608.392 40.26403769588584
609.393 70.04187967462731
621.84 0.4927623757123603
622.841 74.89093288287076
623.851 82.47748418101997
625.02 19.220541417567574
627.091 33.767809271079614
628.092 78.60196308549207
629.111 44.886666532070144
630.112 48.4905320824343
631.121 15.04838452768084
633.042 24.187367042559732
635.041 25.736243794382037
637.021 28.067312071735937
639.032 27.295592789394394
641.331 25.068036555070204
643.051 35.24450910211046
645.082 21.929420660359774
647.022 29.298651916265314
649.073 32.77577592365198
650.082 46.769788335758335
651.092 27.385346893228736
652.102 28.301080292292486
653.116 29.519129466422072
654.122 32.43440322706276
655.133 23.315431099629727
657.073 23.37811891497192
658.074 55.49472004989703
659.077 45.7901958395504
660.083 48.91593480261451
661.089 14.943558356946948
663.015 22.312722115678564
665.043 19.127131521855635
666.044 19.12682098807131
667.054 21.430932939256873
669.083 22.73631379166466
670.093 52.86428205541427
671.114 6.228514899611905
672.115 35.55972352711849
673.124 28.28439091671995
674.133 22.449498401164
675.144 31.473813982377045
676.154 41.91607643864526
679.104 6.057354735945304
680.114 46.456490291121625
681.124 25.841169004611427
683.084 6.396267825774444
685.035 8.301604034721718
687.084 6.437932197395654
689.084 7.7737539203110355
691.105 9.060826204283147
693.035 10.520939004537823
694.036 21.221106273551687
695.065 6.786012402418242
697.315 5.2951899968305645
703.115 1.9205002477965927
704.185 8.820694659958908
705.186 13.618269761861372
706.225 15.339753724599834
709.095 6.41981880483005
711.035 6.983156295855181
713.025 7.680578688366293
715.015 7.541306413664301
717.076 6.062253260209738
719.086 5.814376729028404
721.036 13.218313457158374
723.036 6.833487765863159
725.036 7.211762556300366
727.087 6.7297863257120705
729.037 6.797634527317892
734.963 2.0384005793523974
735.974 8.801998825580021
736.994 12.667909406021753
739.034 7.339657228547675
740.035 20.569682133977725
741.036 32.99675944714415
743.014 18.944822420492876
745.054 6.282548693827019
747.064 5.278325872179307
749.044 12.905935977368056
751.074 6.294853273046645
753.004 10.719081142862288
755.055 8.398345070116504
757.055 11.018362075911043
759.305 5.016417399257479
764.846 1.8529211687230958
765.858 8.260373852931592
766.936 8.371233426024537
767.956 9.627417892902908
769.027 11.755466546984987
770.037 24.842683908786594
771.046 14.476949143879281
773.617 3.4877575281978275
775.057 8.103854580612948
777.087 9.885073401765887
778.117 19.37371992165177
779.127 3.758956791553248
780.137 19.490366616390112
781.147 2.2383943635682346
783.097 8.215488968245259
785.098 7.275441584301496
787.017 8.655441251840731
789.018 7.558168550301242
791.077 5.689792432583252
793.028 6.037796574100105
795.018 6.200488838723936
797.048 6.668800145512979
799.018 6.6418698506891705
801.042 6.3041643027289895
803.089 5.402188097361005
805.049 5.783081377343701
807.038 5.530184535315924
809.029 6.548350567210405
811.319 5.022878676255566
817.828 1.6959837638576847
818.919 3.7075330441885685
819.92 5.118445053145843
820.959 12.720646442732509
821.969 20.528275869634143
822.989 16.98002325158336
823.999 19.8164941760311
825.01 2.3443920316935625
827.029 7.450658061246326
828.069 12.445903234491471
829.34 2.364829080755047
830.351 9.868907774135176
831.352 8.081755347072383
833.079 1.8194008953735326
834.08 12.122633020608575
835.1 9.192399371576363
836.12 12.689940552814832
837.13 12.681697528636912
842.485 0.6883214935402295
843.495 15.790350891869524
844.515 14.540556883433663
845.555 7.000820569401452
846.582 21.793459250269873
847.586 21.75553802443479
848.595 23.17605162932058
849.615 25.64425486714664
850.635 29.081113766867325
851.645 26.19501057590354
852.656 24.538905816768544
853.665 27.79461706810781
854.676 34.30935068538099
855.686 25.09718441014617
856.701 34.2722162959642
857.706 24.913713807893267
858.716 29.102054262829064
859.717 31.5188458535823
860.727 28.639893843182225
861.736 35.01052726848195
862.756 33.311093951138936
863.757 31.719708194079708
864.767 37.378785291707054
865.776 35.277783201829145
866.976 10.148599456314498
867.987 30.67363227096068
869.006 26.72795378947874
870.007 18.206201927458164
871.017 27.7670976452681
872.027 22.73388182505176
873.037 34.975863380097316
874.047 37.40357176691615
875.057 42.471137348052196
876.067 28.889124778946172
877.068 36.098507216923316
878.077 39.804918979208125
879.078 50.93494799674252
880.087 50.37246864778723
881.088 50.62242982579213
882.089 43.35712081568277
883.097 62.48318282636454
884.177 59.15047263008746
885.178 52.8008016008729
886.188 40.32447245966725
887.197 48.37332393584148
888.208 22.152593934208873
889.25 8.02255118921955
890.251 14.816551469632703
891.256 51.327506998582685
892.258 47.09652338401214
893.27 34.621383459291174
894.278 46.3644517982028
895.289 29.33999608526674
896.329 9.853006727305747
897.338 21.64773060112243
898.34 46.020031420949
899.349 44.83355035666184
900.358 43.819814217671656
901.359 45.52722178850776
902.399 33.400980138105446
903.409 40.048698526828986
904.418 48.64057986918867
905.419 33.251972773893804
906.549 48.87165085950314
907.55 59.80498956833563
