0.0 17.947910411438766
1.001 27.351876726158125
2.002 14.79378414490955
3.069 16.63849006136002
4.109 12.404544487884419
5.119 10.76068708371675
6.222 13.324323586000263
7.419 16.88611909361051
8.67 15.762162698581786
9.675 17.898417729254273
10.68 17.125023492373213
11.681 18.96716616343564
12.809 12.407954958064607
13.823 18.18150139417882
14.829 16.97433127738834
15.999 12.248793942664834
17.0 16.5228212661028
18.079 13.443116804508843
19.08 18.1483200831818
20.249 16.38553977863792
21.251 17.098903556162007
22.253 14.986624905093114
23.258 6.85407162740698
24.289 10.40679278729277
25.679 5.977942473520732
26.68 9.311720008391115
27.699 9.613341963754676
28.779 11.50406914153116
29.789 15.340055297200376
30.838 9.759995928280185
31.839 16.03140850292094
32.848 17.026579888474764
34.018 13.36619590548163
35.019 16.86959574861338
36.248 15.2288394294003
37.258 16.33922995733463
38.349 14.350638931514668
39.358 15.749443009625274
40.359 12.657846744298757
41.379 10.448050886493009
42.548 14.04108374265661
43.559 16.063608740308755
44.569 12.905615357880464
45.588 12.019981718311392
46.59 11.91381864669998
47.598 10.647589690799244
48.599 13.300204689925359
49.648 14.88609267673356
50.658 15.936580592156975
51.848 7.6958367432218235
52.858 9.620350744458115
53.878 8.392441257876696
54.988 8.237220634406997
56.188 7.316921171138344
57.189 7.692738323144687
58.388 10.278577693842776
59.398 10.932581379329463
60.408 11.678602622288633
61.418 9.454498793782093
62.438 12.102895552637586
63.448 7.311029016672063
64.458 10.551184399791197
65.459 11.780346477551765
66.46 15.287088978623446
67.618 14.365184782948234
68.628 18.35189487118875
69.688 11.26768778526362
70.689 13.321858386014227
71.69 16.768369975149394
72.698 12.118375243610055
73.699 11.46815483976564
74.768 11.560435904362707
75.918 12.433269763310136
77.058 13.224972295766143
78.168 13.816826878141883
79.252 12.64165679944644
80.318 15.24162160077736
81.327 17.887007453379407
82.328 13.762395474890203
83.348 13.655408470320905
84.349 13.085559799568703
85.358 12.582410511000388
86.368 16.090243674598643
87.369 15.213087997814883
88.398 16.165761242196595
89.527 15.496066129897445
90.587 14.534376217546026
91.728 13.118582040786844
92.768 14.403727235040746
93.908 12.934601616054518
94.918 17.415392426231186
95.919 14.10181190533175
96.938 15.902078436564032
98.077 12.0227179256347
99.177 18.170753732789986
100.188 15.945379181207832
101.198 16.18775462047349
102.199 13.296420548861285
103.207 14.23509557291436
104.208 14.678262727425725
105.209 13.905772375206794
106.228 12.408748984622202
107.23 11.209830773134687
108.348 11.336482375763511
109.378 12.630197103227754
110.387 11.50041566428855
111.588 10.796410372828294
112.807 11.610123681577189
113.908 7.2487114152874
114.928 12.048944439285533
115.947 11.320407155428063
117.077 9.073607955130347
118.167 11.616014365695927
119.177 13.187001110880425
120.187 12.373159754924966
121.257 12.232677669220795
122.268 14.049855448897027
123.277 14.056848196152092
124.307 8.137807706756279
125.467 10.544892350379275
126.667 10.752884992632552
127.767 10.858431957365795
128.887 10.823958695059652
129.897 14.090019143832539
130.898 12.30865461610835
131.908 10.221980779102608
133.068 10.390852106068339
134.247 13.088564233393155
135.257 13.949899248317934
136.427 10.057786778068806
137.428 15.053418267916863
138.437 10.471125032990525
139.627 10.20812243074738
140.647 12.418349672390114
141.747 11.743715992051527
142.807 11.558829940050586
143.817 12.716114919262571
144.827 11.826431716515565
145.837 13.943127654854402
146.847 9.244475218051655
147.907 10.56837088090829
148.908 13.10521631009598
149.927 8.03844731680316
150.937 8.687016808461578
151.948 6.859916310756164
152.956 8.039528864895896
153.957 9.366905398908864
154.967 6.142251984866599
155.987 5.573572952985371
157.027 7.012720290303332
158.057 2.375727847106163
159.177 4.49985221913975
160.187 9.629518440224128
161.216 3.9361946022728125
162.217 10.927863587839488
163.417 9.491383142486143
164.486 11.539962761168944
165.487 13.24596533467363
166.498 16.964588751872725
167.707 10.566574189096874
168.717 13.404421350240263
169.718 15.77839662677575
170.936 13.34110228984502
171.976 13.295577000749082
172.977 15.11438498506028
173.978 15.814135736825342
174.988 14.430786562589617
176.117 14.855518695222816
177.176 12.98639146173519
178.186 15.027103500824264
179.187 10.254706938552504
180.206 7.0245546772531355
181.207 12.13048464100819
182.267 12.329120809858587
183.487 11.41026222027762
184.496 11.185558343760334
185.497 9.25853180343496
186.506 7.0733173312225075
187.526 5.4644328422273
188.536 8.978507862476349
189.546 10.096341675763863
190.586 7.009381574177008
191.596 7.7962918221047985
192.668 5.616615982940233
193.796 5.83113623974601
194.987 4.864156776390172
196.096 6.337212910199455
197.246 5.552878760865796
198.506 4.341082536682316
199.516 8.084032455124381
200.716 9.765393935681912
201.726 10.06362967041696
202.826 7.960764830111883
203.827 15.379800434693266
204.828 11.081751991111839
206.046 10.290668360848512
207.047 11.506732055613288
208.068 8.32331535512557
209.076 10.929520480455343
210.196 8.761362021478012
211.197 9.160354365828145
212.206 12.810787237111303
213.316 8.24423531071281
214.326 10.547954870600897
215.336 7.870258458398753
216.347 9.829393230005705
217.366 8.605851334964619
218.375 9.216825826752126
219.495 6.881679295674262
220.497 11.528326480253352
221.596 10.62177732555996
222.606 9.650354112419608
223.616 9.686920717122675
224.635 7.898635662464557
225.636 9.79072919808518
226.735 4.715087971455147
227.736 3.209056737364508
228.766 6.301767261450162
229.825 5.057919433762741
230.845 3.2457319895008645
231.855 3.0829502364042347
232.875 5.64475128608846
233.915 3.3699786500521345
234.975 3.7643995690372143
235.976 5.895691777827658
236.985 3.1935200275893503
237.995 6.555735899585904
239.015 4.4749508550898645
240.025 9.431683732728043
241.045 7.349833413423186
242.096 5.3286845059914265
243.145 5.900352512102952
245.175 2.460129912581822
248.535 1.0930055674185053
249.565 2.51547654399476
250.585 2.6812568608920184
251.695 2.8609452106176
252.715 5.503632503936248
253.745 5.299009067986363
254.815 3.9894168651935633
255.855 5.67460333615912
256.875 3.938224960690774
257.887 5.54713948025195
258.895 7.1827362589717545
259.905 7.806188766397653
260.935 4.736745305066157
261.955 5.362513721784037
262.965 2.0211643813225613
263.985 2.1167817322831723
264.995 2.2802559650733585
266.005 3.749170854854716
267.025 4.593684567266177
268.285 4.467179694084407
269.295 8.978507862476349
270.305 3.6973942094489467
271.315 4.900029208572067
272.325 4.845543925780886
273.334 2.1738544440676466
276.294 0.3890301562033939
277.354 7.4321787114352045
278.875 2.3658967421968398
279.974 3.7526922540845504
281.055 2.5299555949212387
282.095 2.3528843101147574
283.125 1.304321170960246
284.166 2.212352089072134
285.186 4.426887182278094
286.205 4.661489899159411
287.255 2.7094688279505186
288.534 3.4885537382479797
289.546 1.6816508088468107
290.584 4.992178883072453
291.585 1.5360459269254665
292.595 3.705415943244207
293.615 2.8911813650438827
295.464 0.23354433390252416
296.485 3.665494713689176
297.494 3.450261351646462
298.514 4.233563464566345
299.534 3.9732983422198327
300.544 9.519401912671016
301.765 6.526837453634779
302.794 6.154918311944852
303.815 5.2271018154810145
304.825 7.032039365974582
305.845 3.9378123326727845
306.854 10.64277256320905
307.886 8.494385567821059
308.894 13.14510673384761
309.925 12.128382136508153
311.114 11.472004578266159
312.124 14.30681431302651
313.134 10.363454993309919
314.294 7.165945381492613
315.314 10.421230065323732
316.347 8.211449347569912
317.354 8.357008107330959
318.374 10.200267761690663
319.434 4.592958575517546
320.454 3.386850771653076
321.464 2.856987371444251
322.474 9.976119847195942
323.485 4.864792500928123
324.494 2.8892262893283225
325.554 2.1726967214378226
326.604 2.093981086946299
327.625 1.832747356844588
328.694 1.2118525913538836
329.704 1.4251599781708488
330.714 2.565287960707528
331.764 2.056302254217939
332.784 1.0463214966154104
333.844 2.0369031763479586
334.864 3.2457319895008645
335.914 2.739331307080974
337.125 1.2960063391100791
339.974 1.424405242695042
340.985 12.156517298224536
341.994 6.620526580184335
343.274 5.508767788566376
344.285 6.122126394852618
345.304 5.593085722972458
346.324 5.515598716457927
347.504 4.811592374511845
348.665 5.415892007222227
349.666 3.0197445691312392
350.854 2.9996598121872484
351.889 4.728501801969753
352.894 4.039301888873441
354.164 4.139377058160983
355.173 3.1384593374584995
356.184 5.313044887413745
357.3 2.966529237715844
358.423 0.7700840323793351
359.425 1.8675000512358526
360.433 2.284780282464377
361.494 0.9496589109960323
362.844 0.9631929976357865
363.877 0.9753999076154792
365.033 0.6225828624362272
366.384 0.5327207912481707
367.834 0.5960296389037505
368.973 0.7582501727581513
370.003 1.5079170429624211
371.033 3.4937174222149454
372.134 2.7910575137769777
373.163 4.756073241048294
374.183 4.043754576291441
375.213 3.7644294446965123
376.223 3.4203839476100373
377.333 2.335792416912239
378.343 1.8527079716221035
379.393 1.370868169478626
380.453 1.9011096312580946
381.813 1.3704923832479576
382.843 2.2381521134344915
383.854 2.4203755514533607
384.863 1.2839151835057498
385.893 1.2503711642487647
386.903 2.422771962890443
387.913 2.9928359541587826
388.943 2.9664929889970697
389.944 5.895691777827658
390.983 2.3858338655719553
392.003 4.798038593175191
393.023 3.3571415543578738
394.033 3.705415943244207
395.043 2.3940187352606803
396.083 3.044909107207333
397.144 3.2559734091292536
398.153 1.4454473975449316
399.204 3.1499967928552635
400.423 2.476946077993093
401.904 3.3701706810514818
402.906 6.183286498697299
403.913 12.974782754685103
404.921 7.877836400644374
405.924 13.653966020681748
406.926 10.658212589984556
407.936 14.81124593687909
408.944 12.34071543008891
410.023 12.146929444126329
411.133 12.354930418841507
412.243 13.034406091274725
413.393 12.776104443108522
414.484 13.70899858143357
415.503 12.522333046492559
416.505 13.305937865055451
417.553 11.879434644613145
418.693 12.589590299855518
419.745 12.672126101484166
420.923 13.280247111393221
422.103 13.600238705576741
423.113 14.440813084526699
424.123 11.573903369506345
425.124 14.162673507445612
426.313 13.258977143151633
427.483 13.807401058767685
428.493 13.356499304190658
429.494 13.817160405289721
430.693 14.753724710709333
431.703 8.106326624373544
432.723 9.412664032354305
433.725 12.72911725206408
434.732 12.904566332477971
435.744 13.531497744365534
436.823 15.613148201634342
437.824 16.32993518686457
438.825 14.982886083083702
439.833 14.359940109547555
440.843 17.719489061924218
441.845 15.563340507960149
443.064 14.519344151770916
444.083 15.604694710939828
445.092 15.564238870094231
446.093 16.380600631111342
447.103 17.717509673065653
448.107 16.701601934397594
449.333 13.42131863852499
450.334 15.505307779985062
451.335 13.371367564935866
452.533 11.046095095405066
453.542 13.652940070570436
454.552 12.583808400821272
455.554 13.061579305719764
456.623 13.773602369323077
457.625 14.743959620899238
458.632 11.10955455108464
459.642 9.02976361607723
460.783 9.705889761437506
461.785 10.803861632442054
462.803 15.880179778363068
463.804 17.794502893690858
464.813 15.928807378990925
466.032 14.758959509747946
467.043 17.032029556711983
468.262 14.134026083323706
469.283 15.559390234840077
470.293 15.889700329717146
471.304 15.154198628139874
472.313 18.114341363389357
473.322 17.30407325294104
474.543 13.224560694916052
475.544 17.55442016618126
476.713 14.467724876397593
477.714 18.551120876446593
478.892 14.365229366317175
479.893 17.75508475760675
480.903 12.800916105098176
482.152 12.42709720466979
483.153 14.322763697461863
484.332 11.861317859752077
485.504 13.440077905404348
486.583 17.939888377584296
487.803 14.965323171001689
488.963 11.429810326845498
490.033 13.103644791284918
491.034 15.342905059318541
492.035 15.825908620135793
493.052 15.225158345289612
494.282 13.889572354505118
495.283 14.56337200011925
496.292 12.457898268545394
497.302 11.186359866670411
498.312 13.340560014961115
499.322 13.40890101976229
500.332 12.885404755850848
501.333 13.833978810018943
502.342 13.81147356759548
503.343 15.763049832460338
504.352 15.849449073707634
505.443 14.292676230417607
506.552 14.756437409957949
507.763 12.770041544517676
508.902 12.214128056964487
509.921 10.408636913323297
510.931 6.587510299684013
514.071 0.8251403950046508
515.121 3.2340664059637207
516.131 5.987547118815158
517.511 5.096009843209017
518.632 6.246284533311999
519.641 8.628260419368562
520.661 8.417714723978518
521.668 12.607922846397544
522.671 9.31014695096972
523.672 9.09581373767977
524.681 5.82464933192931
525.682 5.545868959459907
526.691 7.149651469813005
527.711 6.068107632545095
528.712 8.716979171154115
529.841 10.550532939004217
530.891 11.765716567737934
532.012 12.06887260572613
533.182 13.910481150872187
534.191 12.301997261451413
535.302 6.048690345948804
536.311 13.763608308561272
537.312 10.7507447630349
538.322 11.659329625507814
539.331 14.601823890515401
540.342 14.027375180617277
541.351 13.071386980741979
542.352 15.77272041517964
543.361 8.391645446060037
544.491 6.426809185315783
545.51 9.049758500401582
546.521 5.656181204628301
547.541 3.386850771653076
548.551 3.8063647750313088
549.59 4.9488912663003655
550.601 6.887543979298927
551.611 7.134238338093414
552.631 6.285356284016262
553.761 9.41506129159156
554.823 5.483039568360514
555.831 7.408103612308769
556.841 13.151684646509086
558.121 6.516250672988579
559.221 13.712289242600677
560.222 17.15361655847806
561.231 14.96253397983853
562.441 14.883954684037604
563.442 14.169085524248628
564.461 15.348614280541208
565.621 12.252069473985793
566.641 13.41123584067596
567.741 11.68058390529922
568.742 16.543739156984763
569.744 15.952823059131637
570.756 18.831806569232153
571.761 15.824900352588594
572.771 12.667359446325149
573.971 10.914660964935335
574.981 12.516092466185961
576.122 8.189188869215533
577.16 8.780509560829595
578.381 3.6781377651677425
579.701 2.944250954902958
580.731 4.851057287389505
581.751 6.341061066444767
582.812 6.0020109243214135
583.826 6.2521332112450665
584.83 5.634098578691774
585.841 5.90221525191226
586.85 5.473324587514847
587.876 4.349099309603243
589.1 2.844382470670306
590.102 15.955343302115764
591.103 18.38398797944998
592.104 15.862068190303614
593.31 12.884843609389067
594.311 19.2026238296447
595.891 6.536901375020592
596.897 5.905506763102474
597.92 4.502558210604285
598.93 3.6473885961797943
599.95 6.632582761153941
600.98 3.9426907576136196
602.0 5.64475128608846
603.04 3.263847946521417
604.05 7.099338587165985
605.062 13.365039868893454
606.23 14.639022872911442
607.441 15.741315932996317
608.442 18.010514279431764
609.68 17.078300366193048
610.901 16.861765152402462
612.11 17.083956941417142
613.141 16.52221874267124
614.16 15.002492666550815
615.161 19.286820968320356
616.169 20.04005337116575
617.34 19.654691705131974
618.441 18.846840989101036
619.641 22.111838018087234
620.661 22.297893702245716
621.67 10.277231483462637
622.681 16.756854420917236
623.701 14.092278384366677
624.71 16.361784624110797
625.711 17.55883499742268
626.89 10.270075130329403
627.9 14.774575153815041
629.09 10.2297854016918
630.1 14.285874462470055
631.28 10.541453434581936
632.29 13.514225342710443
633.48 12.32888307606116
634.639 14.805264175389594
635.64 16.608174670103583
636.641 14.853384366668715
637.65 16.156141289000878
638.72 21.917356117508604
639.79 21.650765639026517
640.98 14.552476518143749
642.1 12.593817894950538
643.101 16.692056463690562
644.179 13.781301163777782
645.189 16.29484997555826
646.29 19.224322493198535
647.301 20.39928233413381
648.429 15.012619937947314
649.439 18.77012783238131
650.44 15.732251128799955
651.442 16.666051823638718
652.6 12.511020473409465
653.81 13.839538603894143
655.04 12.863376537864667
656.22 15.342150174708479
657.44 14.849667257975948
658.64 14.943803351539742
659.641 17.00193557082642
660.76 11.927018391176482
661.899 17.343217493109474
662.999 19.44860456146278
664.196 18.511713190394662
665.289 18.136660585616863
666.579 16.30537037484859
667.59 11.830657483484233
668.591 12.825715446502272
669.62 13.76911425596315
670.629 14.56542960859179
671.669 13.522306177691254
672.81 12.374571412803204
673.823 13.295272281418836
674.839 15.727201158615177
675.84 13.657490675391701
676.849 15.984389477172257
677.949 12.031923533543488
678.959 15.589458293380277
679.96 16.297139297642595
680.97 14.958449960940156
682.119 11.523483128173877
683.129 11.842475184106085
684.149 14.145094770669258
685.159 10.871845394879639
686.169 12.55026296858655
687.189 12.510778348419633
688.349 11.896679364940491
689.369 13.502736103665006
690.379 11.188964325694846
691.589 7.441064274648419
692.599 9.735467833338145
693.648 7.153364948883688
694.649 5.032907615218732
695.77 2.6181137314630503
696.78 5.558123914866311
697.799 4.8385777774391014
698.808 4.284409950806833
699.829 7.275339203992383
700.83 9.245497539769817
701.839 8.587694873041098
702.849 9.998101481362173
703.869 10.639613443844368
704.878 6.895517186008301
705.879 9.691921070301017
706.898 7.624794815118934
707.899 8.943396944821224
708.901 10.246467892453303
710.029 11.616378586640167
711.03 12.035881114406333
712.049 10.599664653741621
713.069 7.07027793123569
714.089 5.926988850392884
715.099 5.173184871054813
716.118 5.074935884367506
717.128 5.848260650188373
718.138 5.985671908317565
719.139 4.8040721958717985
720.159 4.3312531478252225
721.178 4.378975359816416
722.198 3.280289586007437
723.218 3.4711300443273134
724.228 6.09609436301
725.248 7.749669962854451
726.268 7.389033075132133
727.269 9.08477665957622
728.429 8.47384992011544
729.438 7.020521869399859
730.44 13.023775660957906
731.459 11.036447000752172
732.46 11.722007636147286
733.498 10.059268832474311
734.5 14.16708833868703
735.519 10.31384585078058
736.529 13.090323591893398
737.54 12.37934255001597
740.278 1.336541785462881
741.299 10.474768550657792
742.308 12.050470017899118
743.328 8.489718313117585
744.428 6.4620473524829185
745.606 9.086179293828863
746.608 14.008035556382652
747.638 2.9286954613298324
748.658 9.659725058125174
749.676 6.9057696663093715
750.678 5.84570360167552
751.679 8.657063604306272
752.698 8.63879071290702
753.708 6.057659155752949
754.758 3.7013440575922902
756.263 1.1454663447948699
757.298 1.4978875462294108
758.648 0.5331153992416879
759.708 3.8022192625161892
761.088 1.8838980669999463
762.118 2.655225240883358
763.128 2.565287960707528
764.138 1.700190851151188
765.398 1.3618492999425824
773.075 0.15101153485235078
774.175 0.6542779899784351
775.555 0.31314247526161515
776.875 0.32713899498921756
782.829 0.02417553876305941
783.97 0.5046140501148316
784.971 1.58177096478303
786.628 1.1610411126324154
787.871 1.5054183840211781
788.891 2.963494425196442
790.409 1.1335772362178287
791.449 1.5239198611624762
792.467 2.545128526831634
793.59 1.7944578888099558
794.608 2.5461621235368126
795.628 2.3990192965875954
796.831 2.1537330343429786
797.849 2.1702430018633776
798.887 2.7734327128180296
799.931 1.9302454110474907
801.028 2.4930556044757144
802.03 1.718595694923862
803.051 2.6786307523113213
804.29 2.3235053719976713
805.531 1.3218227672151992
806.654 2.819862396701359
808.127 1.9708954577764783
809.191 1.7586795595285005
810.252 1.4923211458509078
811.306 2.0484984505966186
812.506 1.327230581097947
813.573 1.4839294618067602
814.61 2.0820803924096776
815.669 2.3106701440220467
817.169 1.023160685965692
818.192 1.9698692171393748
819.287 2.3661560185521493
820.547 1.487027868780817
821.567 2.257900514435384
822.586 2.118859045072459
824.049 1.579524822572483
825.208 1.2419426902092816
826.246 1.802731263331719
827.248 2.29846160152105
828.527 0.9637638732124769
829.771 1.2727915882217147
830.848 2.0047515013266817
831.87 1.4084262015191362
832.891 1.4098056591112218
833.948 0.6905507502376865
835.213 1.8205996242878195
836.266 2.8706213805321656
837.428 1.4272632693485854
838.569 2.1446097129880344
839.612 2.48412352858543
840.668 1.8433453360442633
841.697 2.2381521134344915
842.973 1.804904799940511
843.987 2.3538597236839083
844.989 2.585769301711181
851.996 0.12325488037270363
853.196 0.5997548241468988
854.536 0.6445126468444285
855.935 0.3086658137139151
857.196 0.3424452604169446
858.456 0.3427170423696565
859.736 0.33736208858263056
860.776 0.27680991883703027
862.175 0.12710653634905372
863.396 0.5899227778494087
864.449 0.41008876864745225
882.389 0.07221128317487745
883.45 4.369462366174309
884.91 4.557906044021446
885.911 9.309512592770405
886.92 17.43035828276767
887.93 18.72564367224396
888.99 13.66769972472468
890.12 18.17375373433799
891.28 15.530039805961085
892.43 15.15673308833784
893.51 16.590457088615498
894.649 17.734536661214197
895.657 18.002143765237754
896.716 17.404345880119276
897.72 18.72635611111495
898.73 18.842122720251496
899.731 18.08083623420581
900.739 18.913634144736974
901.75 14.728945031706939
902.751 17.864719733435344
903.759 16.844722174778823
904.77 20.486497449033962
905.771 14.519959492911953
906.83 15.738509294520993
907.879 16.47006505583396
908.99 15.55733347515888
909.999 19.045471859939294
911.0 19.570946893214593
912.011 19.968410525438554
913.09 18.99647805932855
914.159 20.605824910230087
915.199 22.79165551526073
916.209 21.88099786952749
917.211 21.15785989221798
918.212 17.119454173871837
919.239 16.25113350951621
920.24 16.160699989276807
921.25 11.641306769058723
922.279 6.956288839767682
923.319 4.013743823136938
924.329 2.5909158375079686
925.379 5.072212227070916
929.309 0.21975749281718435
930.349 8.216488172219323
931.459 7.086434548561675
932.469 8.095596253192873
933.54 15.929111655397604
934.57 11.613239298018696
935.589 17.449403133952472
936.769 14.868319787080317
937.779 22.391471838316754
938.979 14.582985939059553
939.999 16.439100236678673
941.05 10.308170282848632
942.189 12.420965549265352
943.209 16.909805648199537
944.229 19.29242298107207
945.23 13.177745680490734
946.389 16.350520500685807
947.479 16.30304087971951
948.49 12.765253822151722
949.499 9.434357265413027
950.509 10.661509284066266
951.519 8.875683820191652
952.689 7.177992359290581
953.699 7.947767158965941
954.719 8.7647348871072
955.77 9.57433235723113
956.779 8.955808956681068
957.783 10.074304839517911
958.959 12.280067707861578
959.969 12.615582800919379
960.979 19.857541564263425
961.989 16.152021442658242
962.999 9.95090868383941
964.039 4.144257271711417
965.05 1.9932504541380613
966.069 2.8318571789041034
967.079 8.818594078376035
968.099 4.205195288329607
969.109 7.271232882778697
970.21 8.789179162028459
972.09 2.6031911516163273
973.189 4.925241035485037
974.198 6.511135171193308
975.218 4.092341525409636
976.229 3.7841784937583505
977.309 4.798720575593811
978.328 8.258077589165202
979.33 13.73196393949674
980.338 14.207224760806447
981.339 15.366976401087236
982.408 11.532383761044327
983.409 11.231646023261002
984.418 12.36477479072939
985.469 14.963686137837048
986.47 19.99729345310029
987.559 15.424268339268039
988.569 20.230916810006434
989.588 19.49019895104858
990.658 13.167071887788403
991.679 16.97640981179763
992.689 16.238593660630464
993.698 14.693591707400154
994.829 13.426592826671722
995.842 17.096975122457106
996.938 14.101803465438865
997.949 10.104880591748783
998.958 15.635046083349623
999.998 12.60729561264663
1001.0 15.580254796059645
1002.008 14.539795574948053
1003.108 13.352149384081846
1004.118 15.137740920182264
1005.119 17.362269892149936
1006.12 17.462024055200114
1007.138 13.83334822309801
1008.139 13.68324385763332
1009.148 13.555670778029233
1010.149 15.397039299540715
1011.158 19.28740519536273
1012.258 11.473682839170078
1013.278 11.818698005247715
1014.327 6.953657315067611
1015.928 1.4385125076352852
1016.931 9.075998034999056
1017.937 12.008588926925798
1018.938 15.340907873756947
1019.948 13.677264477640074
1020.949 15.149598519962083
1022.028 14.501656813307536
1023.048 14.35481296081213
1024.278 11.202523605214255
1025.548 5.528448667726795
1026.628 17.207780386634482
1027.638 13.543291105423135
1028.647 10.677081212930734
1029.688 7.722309574067989
1030.868 10.824656128826739
1031.878 12.9234298576076
1032.891 5.1153817182914185
1033.908 1.2618140446265382
1034.928 9.096075185552305
1035.929 10.53588964261913
1036.938 12.83091358785989
1038.065 10.569162793248601
1039.078 14.873849007354131
1040.089 13.605766075055804
1041.237 10.301492099939873
1042.258 11.833298611241736
1043.287 12.127311883279297
1044.318 13.628100880163382
1045.468 13.236145214399235
1046.577 13.697404719351951
1047.578 16.165955740754686
1048.588 16.112642022208785
1049.59 15.34292425697364
1050.598 14.530192149053196
1051.628 15.553682635068316
1052.657 13.564706997430825
1053.669 15.364948366549575
1054.787 15.717329683673915
1055.788 15.903378396919758
1056.798 15.584353553692383
1057.808 8.525227813863674
1058.927 7.998611598894973
1059.928 9.830988254405748
1060.929 11.749022198743594
1061.938 14.524759780654227
1062.957 11.83215498327305
1063.968 17.67698429064544
1064.969 13.220317267461569
1065.977 13.968496119267888
1066.978 14.485691993276168
1068.037 13.090916100173065
1069.177 14.399376786754932
1070.178 19.123261982328703
1071.388 10.650191725760084
1072.397 15.548909473410072
1073.437 15.677093330977469
1074.448 17.114561282387186
1075.457 15.140959814713314
1076.526 13.452823649763108
1077.528 18.8603692934051
1078.577 13.961780348448697
1079.587 16.54362790157229
1080.747 17.350439014340417
1081.757 19.20528084618392
1082.768 11.643634140434624
1083.917 9.861755762047782
1084.937 13.540904195328979
1085.938 11.751544959452977
1086.987 13.338283285766256
1087.988 19.460260767090425
1089.027 12.467827604143881
1090.037 14.864897792782449
1091.048 16.07339182002309
1092.049 13.612291212681923
1093.168 12.113951051980148
1094.177 14.321410640966427
1095.187 14.804891056859466
1096.188 18.37684015744006
1097.197 13.880507993479236
1098.397 15.292608130846228
1099.497 13.065089698712653
1100.507 18.520203944396528
1101.637 10.147784581641545
1102.656 14.609904845431638
1103.768 14.928391880602035
1104.792 17.7800466002362
1105.887 8.750280188490732
1106.907 12.23483336138954
1108.087 7.2802531396778996
1109.089 9.436944843927822
1110.316 10.999235407884296
1111.317 14.128721352898502
1112.327 13.527455994554572
1113.337 7.090066713038996
1114.357 13.231948966859774
1115.446 7.166950821761534
1116.467 12.710511021355382
1117.476 13.270773419246119
1118.507 12.308103450395656
1119.516 16.188155743300445
1120.517 15.71532760904118
1121.669 14.981905465702924
1122.676 17.265507697413767
1123.687 14.50528903219424
1124.707 12.662728616044054
1125.708 14.426091771517
1126.716 15.011824834693298
1127.787 13.346060262786947
1128.897 14.232114674030543
1129.907 15.548099484072248
1130.916 11.236343487877237
1131.927 12.07523447634265
1132.936 15.009356422771774
1133.986 11.082487095551878
1135.187 12.555540500360259
1136.207 12.306940107533107
1137.276 13.919473514578634
1138.287 16.13229844894133
1139.296 13.375785000613101
1140.297 10.92901985316462
1141.516 12.767804222350932
1142.526 18.34455922778863
1143.547 14.004790938956102
1144.606 12.913661390122526
1145.616 13.72476981024577
1146.626 15.575498393009305
1147.636 16.367566471520487
1148.666 13.067116091964984
1149.671 18.744994932370588
1150.676 11.917306863606365
1151.686 8.493245057043612
1152.706 11.309927659067371
1153.716 12.401079555666911
1154.717 12.106833759357725
1155.756 12.750068742704476
1156.766 13.202732043388014
1157.767 12.50542995144021
1158.876 12.776135464219877
1160.026 12.222737978357884
1161.036 13.86468134903842
1162.046 9.50044145097313
1163.056 10.261464377913043
1164.066 11.94373655097612
1165.176 11.793945900222674
1166.185 14.478771590601758
1167.186 8.410358629934544
1168.196 14.276706766704041
1169.206 10.170308312057818
1170.215 11.526350645555071
1171.385 9.639244425155377
1172.387 14.526785570614832
1173.426 9.481054048504268
1174.436 16.538627340245377
1175.446 12.256479990630279
1176.476 14.072428172433325
1177.486 17.56551344439962
1178.576 12.437117622446856
1179.586 14.559030124952798
1180.606 16.237325135882088
1181.668 17.982340680115943
1182.675 14.925691711574029
1183.676 11.723689476620208
1184.686 16.658015741925478
1185.887 12.265637537463537
1186.895 16.848688807213662
1187.916 19.169028613204816
1188.926 17.71261329009971
1189.936 16.47476600496623
1190.945 15.04679352079635
1191.946 15.818130107948532
1192.956 14.714672596253036
1193.966 9.641498951736528
1194.975 17.079867791233976
1196.056 14.122373319156955
1197.066 16.94263102411574
1198.075 13.086924940646329
1199.086 14.401942243297043
1200.095 12.937593674988413
1201.106 11.547260397716796
1202.246 12.458711207728664
1203.255 11.985919701249502
1204.265 10.010290349596529
1205.355 10.950617616485468
1206.425 12.018402253281119
1207.545 15.059727140597122
1208.725 14.753558493789052
1209.735 18.94983550506733
1210.835 12.347775276658812
1211.858 14.40415437787524
1212.865 7.514202063398332
1214.015 4.76171476934814
1215.095 10.597617081124607
1216.105 14.342964204285671
1217.115 14.053348360768494
1218.135 10.491995770408831
1219.167 4.684641456731533
1220.175 4.9979568678908235
1221.195 2.915216947091738
1222.205 4.132963936695462
1223.246 4.148160167010252
1224.264 2.364662542107461
1225.275 3.7017508433992576
1226.305 3.959342100883241
1227.315 6.12818790613465
1227.986 5.947995982617204
