0.0 27.369411063557347
1.219 19.83119467813128
2.227 30.963811567157443
3.24 27.97212496275221
4.247 34.266208153366684
5.26 27.80095285537207
6.272 19.190219975218525
7.279 22.28426302371521
8.28 35.68416885501781
9.287 27.6222150476065
10.288 30.660669356010448
11.299 20.480988543145795
12.359 12.92300965784005
13.467 16.96652402940749
14.479 21.417656222342107
15.487 20.126477518652337
16.5 15.476561124002004
17.507 20.318656090941047
18.527 20.56968501755479
19.54 17.1882821978034
20.547 21.868384097877236
21.559 21.831480410404197
22.56 19.05465327209689
23.567 17.73577607938075
24.579 20.80343291173178
25.58 32.566134683220135
26.587 22.973031026797955
27.607 22.099661589108447
28.619 23.716234157970305
29.627 20.814562220144726
30.747 19.261844768750723
31.76 20.71182499299692
32.767 25.82880011560303
33.78 22.66578963396788
34.787 25.82880011560303
35.8 13.936012157580743
36.807 19.285504086316926
37.827 21.589669398590562
38.828 20.339145581986248
39.84 25.35850496725305
40.847 19.184807009842842
41.859 24.501798718359368
42.867 20.197901515444677
43.888 26.663450665861724
44.9 24.230257907306513
45.907 26.861952120227155
46.999 20.708470887964555
48.007 23.91094337686047
49.039 26.952703774810765
50.047 29.415620988799574
51.048 26.57559380303917
52.052 29.36010817921702
53.06 25.01449442589139
54.067 30.65017613718226
55.068 22.93750739181764
56.08 27.07191746504042
57.088 20.885986216937066
58.1 32.21215495840252
59.107 22.80083902602727
60.127 25.669606922733664
61.128 20.858817943952527
62.132 21.07019528155574
63.139 19.45769608708762
64.14 13.23695663511377
65.159 23.142334533412274
66.179 21.4902557162284
67.187 24.42700690297976
68.199 26.971717903766304
69.2 33.08580704518642
70.207 23.83399103065139
71.22 26.87402085868196
72.227 23.14522302756864
73.239 29.299353712164002
74.24 19.12657673739826
75.26 22.77965117646563
76.267 25.31222411329097
77.28 21.296412774926758
78.287 25.656608114832345
79.307 20.81026612887122
80.327 29.239552256358873
81.34 13.080151620680045
82.347 12.053440053948082
83.36 16.261350201113288
84.368 14.793821082086334
85.38 10.522957925007567
86.427 6.790153902406255
87.439 14.56400623119263
88.892 7.523438513011809
89.899 7.920832035451595
90.907 4.027911030373567
91.92 20.027136563476365
92.927 28.06729612562196
93.939 25.0869641562002
95.047 26.51276774000404
96.051 33.67777114674894
97.072 29.28142868780874
98.079 29.100448130246082
99.087 27.25076970574165
100.092 35.582868199663764
101.099 35.12716815722012
102.111 24.230257907306513
103.119 36.29646800372344
104.124 32.508155429522425
105.127 32.5729772748455
106.139 29.84286645997845
107.14 23.283955633128492
108.147 35.988128161073554
109.152 28.022253972628764
110.259 28.41636386019644
111.267 23.39487985074118
112.28 16.774866523253706
113.287 15.052198991346359
114.3 24.30643924797986
115.507 19.453717426294702
116.52 21.9100297446579
117.524 21.588314837659574
118.527 16.66813607903342
119.54 19.855964456096228
120.559 21.7810207373292
121.56 15.142421962323459
122.567 15.84166407090319
123.568 14.724050255711232
124.591 11.257302193536724
125.707 5.127340840152954
126.727 24.649622541697884
127.739 19.090020413944412
128.747 25.287112779845245
129.759 21.07497372278463
130.767 20.713965041563966
131.779 26.215211216146738
132.78 21.72493854722966
133.788 23.73892220148737
134.8 21.488797910846728
135.807 21.868384097877236
136.831 20.89843315299779
137.848 23.869840972125306
138.859 23.839991022626464
139.867 18.6497109370868
140.872 20.359091227440437
141.887 11.616767925885275
142.92 6.784016630987361
143.939 4.4242698372699945
144.94 7.275413067527903
145.947 15.669472070132505
148.8 0.7279046824649856
149.807 21.77171490446211
150.82 12.15321962398993
151.827 13.77536006165495
153.927 1.155982298507211
154.939 15.1078874656388
156.088 23.453945891261387
157.091 18.843779242864308
158.119 17.106154874660433
159.12 16.97596382423177
160.139 23.482662982433045
161.147 18.6497109370868
162.159 20.903632473005896
163.167 18.30566858634061
164.179 10.28047498672421
165.208 4.549784556806808
166.259 3.1346808284924372
167.267 9.117122294774136
168.28 14.207284912551607
169.407 7.602897322799183
170.419 9.423768737830526
171.467 7.114585711232358
172.479 10.965839985839157
173.48 18.881429151441463
174.487 14.707814989804985
175.5 13.69376859041119
176.507 14.808512066279071
177.528 6.793235838436109
178.56 7.63069370512631
179.567 8.609600038534344
180.568 14.377602014400379
181.739 23.30946073322929
182.747 29.75966333954576
183.759 25.429646655757672
184.78 25.644465290096313
185.783 12.620145731459585
186.787 9.570567083118695
187.799 16.808051224585565
188.808 18.044322300781545
189.927 14.630335833528468
190.947 15.809757906054507
191.967 16.659744890250987
192.98 17.630727060154406
193.988 16.58545683260964
195.007 22.46167763537074
196.019 19.43270291350188
197.027 25.45913395521834
198.028 21.551714426574232
199.04 25.701187466810527
200.047 23.418112104813417
201.059 21.31745666106799
202.06 25.810393977658514
203.068 24.326409724399
204.08 29.81337746150021
205.087 26.072487040670318
206.107 27.4400403385008
207.119 31.012766209951366
208.127 22.973031026797955
209.151 29.294668599865364
210.159 28.62693910872643
211.16 32.91258292453099
212.168 28.282896757980232
213.347 27.857585709453875
214.36 32.180356187466295
215.379 19.129046127269703
216.387 29.93168451491886
217.539 18.72679352517431
218.54 22.17268744389456
219.547 24.451264109437535
220.559 20.289409162395568
221.56 26.33006633962479
222.567 23.83399103065139
223.579 31.012766209951366
224.667 14.409702590637893
225.68 24.477611355359997
226.699 18.278225004717775
227.708 21.996888138095596
228.72 25.52984621703179
229.727 17.29069500136529
230.74 26.531676643921678
231.747 24.522759033734136
232.767 27.879573081644505
233.779 26.338405088620966
234.795 25.429335011452924
235.799 13.024697457144226
236.807 20.986583395517826
237.811 24.351619136879997
238.827 13.212195803666306
239.847 7.139890667250422
240.867 7.819880254607605
241.868 18.53498091013061
242.879 11.73394147729004
243.939 2.9444832131787457
244.96 5.774250462670692
245.979 12.932481062789213
246.987 14.44977873134014
248.319 7.86474179829698
249.859 2.5897006037986228
250.867 22.23484838579974
251.871 25.45956680363614
252.895 30.818668700436394
253.899 29.086403696362943
254.9 29.274876390767037
255.911 25.969331800153324
256.92 31.964228075670164
257.927 25.55603690970385
258.931 26.942216917399147
259.939 23.98236737365281
260.948 27.32425948404062
261.952 24.59603421012976
262.96 28.89955746268028
263.98 24.040216668817838
264.987 31.62530145148819
265.988 26.460364307573936
266.999 29.571057062564517
268.0 31.87323820059843
269.007 25.211527036816882
270.012 37.094954355082145
271.019 32.78797507072711
272.027 31.20725673932288
273.032 34.67946895521634
274.039 31.41043906456161
275.04 33.50417875179864
276.047 29.444832131787454
277.067 26.080185430889387
278.079 37.86641620110084
279.08 35.582868199663764
280.099 33.76316943516276
281.112 32.00918408008616
282.119 27.966599049147874
283.2 28.297805799590243
284.207 32.19990414411845
285.212 30.265204701075593
286.219 35.4715521587615
287.227 32.927468493053844
288.24 33.10728818415641
289.252 32.040813708623794
290.26 27.766833231860943
291.267 30.82236813795295
292.28 22.66578963396788
293.287 26.345376117915094
294.3 23.350352937678945
295.307 22.901536102501357
296.319 19.775385413059357
297.34 15.454611532442147
298.359 12.762316838278828
300.367 1.0342191529246036
301.379 28.71751537548239
302.391 22.27436247123579
303.4 20.177883773605778
304.407 34.438400154137376
305.412 27.677184629790794
306.419 29.617024132558143
307.432 23.008133848728153
308.439 27.206336121768523
309.44 22.417835029851364
310.459 23.652827206943428
311.471 15.663195418369673
312.479 8.257016417908652
313.48 20.96011859930658
314.487 16.60192699828254
315.5 19.684792348716083
316.507 20.83523209325311
317.52 11.197258439498507
318.547 9.454967193243013
319.579 14.6177994142627
320.58 22.519135685205413
321.687 13.535832917352938
322.78 6.663026972182462
323.8 7.139890667250422
324.807 14.291936063967011
325.827 11.630406699549246
326.847 13.25979695346507
327.859 14.22132373163516
328.86 15.590170858988362
329.867 15.052198991346359
330.879 17.81948997698863
331.888 15.982114037835082
332.899 11.390920023727071
333.907 11.525418749997492
334.919 12.679252483626525
335.927 13.589672854474655
337.039 11.91564171919864
338.059 12.40980996926859
339.067 13.073609328355364
340.079 10.965839985839157
341.108 7.58297426134468
342.119 11.390543903712198
343.127 6.0207411380583915
344.14 14.207284912551607
345.147 13.430976060113577
346.168 13.317696903659238
347.179 19.209201399526357
348.319 12.016131787114432
349.327 18.40626576492137
350.339 14.12112417036104
351.347 14.44977873134014
352.359 11.993887484511577
353.379 8.499869841964788
354.38 8.733129498072689
355.387 15.32508806859113
356.4 17.801899167534547
357.419 14.534612065489322
358.427 19.43839281715995
359.439 20.56094997344842
360.44 17.047887289533147
361.447 19.802080088628987
362.467 19.719698033358306
363.479 14.806614418927582
364.48 19.40110151340774
365.499 20.24954271673574
366.5 15.66209432428974
367.507 18.4245440824635
368.52 17.28838284539413
369.527 15.396582992887732
370.551 16.764001106281334
371.559 16.702624074756628
372.56 18.433680254776558
373.567 19.285504086316926
374.587 16.900326001567418
375.6 18.486587597055106
376.607 19.11331208554624
377.62 17.53062641256368
378.627 22.901536102501357
379.632 24.786850518015267
380.639 21.309137709409278
381.647 26.147218656710727
382.659 23.544892908191567
383.672 30.297463006284755
384.679 26.761255043753067
385.68 28.48067925279128
386.687 33.74963215105463
387.691 30.295349327271882
388.692 35.68416885501781
389.707 24.500311026351092
390.708 28.696829526152985
391.719 24.312021641290418
392.807 25.247036639143
393.811 23.488086543373612
394.919 25.573792948797827
395.927 30.103705690291957
396.94 23.692822278248716
397.947 31.33894414026501
398.948 27.44133452885872
399.952 32.98694507194382
400.959 28.827559053001313
401.999 30.91394631955941
403.003 27.633042992204253
404.008 24.74409521566802
405.019 27.61322701181914
406.027 23.294282672160417
407.031 26.078684323892762
408.039 27.078622783895327
409.04 26.33006633962479
410.107 22.331238634573445
411.119 28.271306213491577
412.159 22.41080729688618
413.167 27.17934570894931
414.18 26.77392021109123
415.187 28.928256129475393
416.199 24.401599157085254
417.207 20.470519869398533
418.347 23.48700568796777
419.367 24.81961993853718
420.379 16.962783728094948
421.4 11.958677299796664
422.427 12.494063791071124
423.44 10.441498550188532
424.447 9.29836804161709
425.459 5.482919992919578
427.147 2.1571944551526747
428.547 5.129490374704305
429.559 13.53595873252021
430.56 14.377602014400379
431.568 15.309884608205625
432.607 3.671551092467562
433.847 3.6938115749554847
434.859 13.707299982298949
435.86 20.78689447865115
436.867 17.80727100367735
437.879 17.99083122676737
438.88 20.267222116684874
439.888 17.789605060221323
440.899 21.267330120904184
441.9 18.708205030786036
442.907 14.191238987492925
443.919 18.33351372632484
444.92 18.53498091013061
445.927 15.740966994429106
446.939 23.131068720129473
447.947 19.509816813952288
448.959 19.361561224997264
449.968 11.857697511942156
450.98 17.134124977873682
451.987 17.462887002135975
453.0 20.540652885616783
454.007 18.84042300830147
455.011 21.4156083189583
456.031 19.549700636519013
457.039 15.037266254251769
458.048 13.232503020573132
459.067 6.636404755904991
460.099 3.6964550242963146
461.107 3.268402332088841
462.127 1.529976571553662
463.139 2.3987774969023157
464.411 0.6815933363839688
465.519 12.271650073376398
466.52 15.24372261767751
467.524 16.925238832725103
468.527 17.633628282313392
469.631 11.059610075264851
470.639 10.149249347012718
471.652 13.009080160890628
472.659 13.603168060884261
473.66 12.717284273147492
474.667 16.53043207398594
475.68 18.14424338229482
476.687 14.707814989804985
477.688 19.227877392752315
478.699 20.58128721377824
479.72 13.147617716914768
480.723 17.28787086501313
481.739 20.650668029434925
482.759 15.370349430013754
483.771 18.162172476546104
484.779 21.330625746264015
485.792 19.7558638085055
486.8 24.943070429099052
487.807 22.456455024485894
488.811 23.488086543373612
489.819 19.1657744632061
490.839 20.56968501755479
491.859 15.809757906054507
492.86 17.221111410188577
493.867 21.351808095565175
494.88 20.198308670856502
495.919 9.748836752434471
497.052 3.3669387335161494
498.079 8.779612393725655
501.929 0.5395458714140307
502.948 32.23567186426545
503.967 7.657390102967297
504.999 5.880723902289592
506.039 2.667651458093564
507.107 1.463112492607606
508.167 0.9795811599399075
541.119 0.005262118984464726
542.14 0.6793235838436109
543.539 0.7436626652298
544.615 0.6445997947066233
545.899 0.809478231383486
546.955 1.3158225381694288
548.319 0.5084966122465738
549.523 1.1521418257546954
550.539 1.1946667455044997
551.599 1.3086592058572202
552.739 0.9126176040846404
553.795 1.149414217265693
554.879 0.9597639009746217
555.999 0.6203840600217592
557.08 1.2832365940875612
558.159 1.767720845724651
563.259 0.2719958349428732
564.323 4.88902287902486
565.855 3.4408490098883107
566.859 1.8719972655720243
567.999 1.6486712759950106
569.099 1.7086229587584658
570.119 2.010144657362901
571.219 1.0873055192099328
572.259 1.6429066911139094
573.295 1.1544749721340983
574.419 1.976165343759791
575.439 2.3451687669233845
576.459 2.512680821703626
577.479 2.3451687669233845
578.635 1.773657050614324
583.939 0.32213856688508025
585.055 4.593072469780821
586.099 3.6005464648166905
587.139 6.900208102678419
588.283 2.0909721523267937
589.319 2.638799936306511
590.335 2.3544017148246574
591.439 1.8571988682157234
592.539 1.065181456080608
593.575 1.814174956210726
594.58 1.700122347023349
595.6 1.6751205478024171
596.62 1.6751205478024171
597.679 1.6134305559570026
598.775 1.558962553611739
599.779 2.3825419743643943
600.835 2.427021248236457
601.84 2.380171285832689
605.979 0.08256211446042357
607.039 9.026687329290008
608.096 1.6164834046910743
609.175 1.7418769737111328
610.239 1.6058486454496859
611.275 1.6492499601915693
612.319 1.636612029462132
613.355 1.6492499601915693
614.395 1.6429066911139094
615.523 1.8176839986792188
618.715 0.3211697290899372
619.895 3.7647624515017037
621.115 3.7614307534472133
622.24 1.3668983670067727
623.419 1.4492137054779182
624.52 2.0174476352279793
625.539 2.0121173214034926
626.659 2.135778698448082
627.835 1.743492815059659
628.839 2.2123604047669376
629.855 1.681715510589041
630.92 1.7647748869805748
631.959 1.8089367224584332
633.116 1.4767700594282331
641.936 0.10795514364266534
643.359 1.8196057250176696
644.9 4.354493471072253
645.979 0.7917622607777876
647.299 0.2588822664785554
649.479 0.15675439988609777
651.279 0.09492349770880365
655.5 0.04047910350055593
663.707 0.04163818590857721
664.767 1.128335916161251
665.847 1.2656466361173822
666.903 1.4562127489418741
667.908 1.530110112321014
669.103 1.000867005130482
670.128 1.6669492280570397
675.167 0.06781595390984187
676.187 1.5076084930221758
678.243 3.7278535238185015
679.247 1.7018156959745674
680.287 1.6429066911139094
681.387 2.1746110384198656
682.427 1.8071973602253002
683.687 1.898469954176073
684.763 2.223115373849305
685.888 2.1262863486772017
686.984 2.0266513196952602
688.083 1.8656483626116094
692.988 0.41801173302959405
694.024 1.4138525623125946
695.144 3.879077504663335
696.227 5.679633103906257
697.547 1.0355290659142216
698.611 1.927018374539623
699.647 1.979099952229883
700.663 1.8517096104771547
701.707 1.8002732324083452
702.768 1.9324670598587737
705.947 0.48372465016754296
706.967 1.8426326025826592
708.043 3.7884373899424353
709.227 0.7215468575838115
710.283 1.9416169985891656
711.327 1.636612029462132
712.443 1.8372289879123287
713.548 1.7008916331532238
714.647 2.0211190594959105
715.827 2.316776893231818
717.047 0.980357435353218
719.463 0.9193749364180486
720.703 1.2401295668408219
722.007 0.6551468400147492
723.103 1.8741750918740026
726.391 0.4676887660835216
727.427 3.958199904459766
728.432 7.99057503100974
729.543 2.6144545723576886
730.607 2.890527561809434
731.823 2.24818810362956
732.887 2.5693578327194975
734.727 0.3714397736431447
735.903 4.047455625069258
737.127 1.6751205478024171
738.188 1.9324670598587737
739.307 1.221535627351897
740.463 1.4780475421786037
741.464 2.0482992512589
742.503 1.4800391365569
743.708 1.843327673349382
744.783 2.0662417175683774
745.831 2.2825115861277214
751.367 0.46772018545884103
752.527 8.373091686517938
754.727 0.4659880796613997
756.507 0.1919801077256703
757.667 1.9148360744706943
759.028 2.0086676958218552
760.083 2.267366959489907
761.103 2.6801928764838676
762.267 2.055044795757605
763.567 2.3657856352040296
764.571 3.7439945311440486
766.683 0.6356827166498654
767.727 2.618579247139411
768.787 3.062626058151967
770.028 3.028985100135878
771.063 4.127108596034941
772.307 2.6096331363674317
773.327 3.6852652051653183
777.828 0.28746699815152216
778.832 9.773068001245045
780.128 2.636763825244546
782.627 1.1045062995502162
783.783 7.663040551022125
784.863 3.322322419808128
786.103 0.9449190336198944
787.107 2.042178835169481
788.223 2.449638650549771
789.224 3.9259068982462244
790.443 2.8033190463633564
791.503 3.062626058151967
792.647 2.9871030747525626
795.707 0.8933976254946225
796.783 4.44623074769861
797.883 7.145150554808128
799.184 1.1819835994485928
800.247 1.768095253654104
801.387 1.6486712759950106
802.427 2.300069367559473
803.503 1.5879395527495035
806.107 0.06561532099686888
807.963 4.405740157649989
809.008 1.962055072258525
810.243 1.798550482903648
811.248 3.060220224642028
812.283 2.1460964699381693
813.327 2.1275956383007717
814.347 2.3451687669233845
815.367 2.6801928764838676
816.423 2.588822664785554
819.771 0.5613755240843226
820.928 4.134956166399053
821.988 5.96406127113804
823.007 2.179793764853783
824.087 1.7402641246614003
825.128 1.641328490642138
826.367 1.3790338650189393
827.487 1.2204449705417613
828.523 1.979099952229883
829.587 1.2846789163597487
830.683 0.7794812768058695
831.763 1.5820582951467275
835.908 0.28854911245619447
837.108 1.7086229587584658
839.171 0.6507813366769343
840.272 1.3966945166962934
841.351 1.7418769737111328
842.631 1.7353201924890669
843.691 2.095480987156609
844.831 2.24818810362956
845.891 1.9342901419907157
847.011 1.5255562131772016
848.132 1.8290343893935403
849.171 2.4667318942615
850.231 2.095480987156609
854.191 0.42481273994849006
855.431 3.1904817046023517
856.432 8.022505400764025
857.491 2.258802778339804
858.511 2.512680821703626
859.547 2.4738749402873537
861.775 0.7668864267318067
862.991 1.8266528341990174
864.032 3.6362488163602977
865.067 2.097110017759713
866.152 2.2046747854947943
867.211 1.936116667148403
868.247 1.979099952229883
869.327 2.0566757836907454
870.347 2.512680821703626
871.351 2.2123604047669376
872.411 2.417862677488395
873.431 2.3451687669233845
874.591 1.9148360744706943
878.115 0.09697065600218308
879.211 4.0533026393905205
880.307 5.924057703724608
881.387 1.5820582951467275
882.407 1.6751205478024171
883.487 1.5820582951467275
884.491 1.5316341263771107
885.519 2.3269184263247586
886.532 2.361374276665204
889.876 0.10219036834679819
891.691 4.3169857525326085
892.727 1.814174956210726
893.772 1.962055072258525
894.935 1.7629815567585199
895.991 2.588822664785554
897.011 2.1776567121431425
898.068 2.2630767665675044
902.016 0.6991289874812538
903.075 7.2355418374415965
904.091 2.525058559741575
905.132 1.969594188770566
906.351 2.242655237090685
907.631 2.5362372044070973
908.731 2.019281678532732
909.871 1.4987920690863734
911.087 1.68614107772217
912.347 1.3560499672686235
913.391 1.636612029462132
914.431 1.4786160220025184
915.527 1.7148588089729127
916.551 2.6697233730601027
919.052 0.8100804002670539
