0.0 31.18760671799734
1.28 36.61347886431722
2.43 18.960771463277897
3.441 21.97531705523323
4.45 21.00462794526112
5.451 23.11687231858245
6.46 18.258186487116244
7.471 21.846538837553606
8.66 19.477807320332715
9.671 25.666178608403833
10.672 25.814620737177236
11.82 21.608896888591197
12.821 26.760372900173856
14.06 20.635844442008928
15.061 26.91098830101437
16.269 19.245205837682043
17.332 22.08249348072943
18.53 24.160730333148496
19.532 27.44071869077356
20.71 20.363289795085354
21.711 24.49906851921624
22.712 21.530893628709173
23.72 17.25196221300659
24.809 13.791082879731153
25.81 17.89257646799232
26.82 18.61932451226577
27.83 18.2977928509367
28.839 18.588911342531862
29.86 17.94674847425385
30.889 19.30221306403139
32.129 15.791529128436535
33.13 22.320402676772897
34.132 19.292671802779232
35.14 21.868172859968364
36.16 14.501930997130057
37.35 16.90351355672694
38.36 20.707254730085104
39.361 20.05524775459419
40.52 10.786515474749686
41.529 15.362764574332791
42.53 17.59075327535419
43.539 15.788989721183391
44.55 17.22496387123407
45.739 8.600128763319846
46.749 10.187277785807437
47.93 10.915086162059096
49.039 14.170911795904752
50.04 28.092660162672686
51.05 11.81123020234453
52.06 18.18007684966566
53.062 22.5486060693725
54.07 22.531749463737047
55.08 13.051358001270948
56.179 14.49585294161695
57.389 18.481967772692023
58.59 18.735138540834004
59.8 18.45293119139295
60.85 18.41326244900096
61.89 21.82506572189212
62.95 19.000081540682164
63.951 26.971412178637706
65.01 21.847012798207462
66.16 20.804949675709082
67.17 21.41315709903863
68.39 18.394270548679284
69.391 21.49061104362695
70.393 18.87086653199914
71.4 19.231916241900382
72.41 20.871399292690256
73.411 22.28086058038704
74.419 23.94479113240051
75.42 21.002480894983535
76.421 24.940103586770878
77.422 24.454935392912923
78.43 22.88853954368892
79.65 17.188740262615703
80.75 24.833468771562224
81.77 24.215812136879343
82.889 25.837566887080648
83.958 23.057982755704153
85.06 19.881219606342217
86.28 16.967520447721608
87.29 22.502690612049737
88.31 18.9759031547233
89.34 19.531748846343945
90.359 17.726070426799613
91.509 18.970697488886533
92.56 17.29454835575369
93.689 20.52724720785941
94.919 19.288350221200783
96.059 16.879088945912706
97.06 16.41204336848133
98.249 10.142808108442951
99.25 18.715999898349537
100.34 17.282608483160875
101.349 16.781311210955526
102.531 8.356324350768814
103.539 14.15983054318464
104.67 10.246133580229905
105.679 16.35200067007395
106.68 15.20519489114663
107.7 14.58927976972251
108.711 14.905671681302096
109.72 13.85003995800263
110.721 17.80608738825696
111.739 17.498105628235095
112.74 5.752708584315766
113.9 15.650926444422728
114.919 20.21133405160689
115.92 15.586842765252845
117.059 16.778591384326354
118.07 18.41840884397583
119.079 18.423328529536125
120.09 19.483550050757508
121.119 13.866676441454581
122.13 21.158977284882997
123.131 15.914879257742276
124.132 17.632072544611322
125.14 14.093502296664322
126.15 16.357386944698415
127.17 17.54998167734464
128.179 24.64098519605477
129.187 16.64353659026921
130.19 16.526972086764662
131.379 18.099457675110383
132.4 19.243790650580554
133.54 14.899226780553029
134.555 16.121114041271376
135.559 13.457296399688895
136.779 11.477144096288445
137.791 14.854760225350214
138.799 12.27249043765194
139.809 13.763818687267971
140.859 11.626850403607463
141.87 9.05091423301203
142.871 10.740788540765651
143.889 7.213659903962697
144.959 4.169725897867071
146.199 1.9207400140623023
147.2 18.484819327344567
148.319 15.058809474081714
149.33 16.168923920219598
150.339 16.089154483339815
151.4 17.758202545614168
152.529 18.167008662370655
153.65 18.894136905831736
154.679 19.03727225327789
155.68 23.02890226145436
156.682 19.34519403046318
157.689 14.72845209091847
158.889 15.400518778007545
159.89 20.19964305038525
160.899 18.51442111521257
161.92 18.900400440459357
162.93 18.91484780024273
164.07 17.18572375615363
165.079 21.049145773422353
166.149 22.72303876871612
167.16 19.871394006145387
168.22 19.535584663247768
169.23 20.47583243056377
170.239 20.552838105011002
171.24 21.9184654123863
172.25 15.237323595946197
173.339 16.468084151396894
174.559 17.340023924156792
175.62 9.696339633489538
176.621 13.268965047892994
177.639 13.718710531991073
178.689 8.518770540764088
179.729 7.349002281729399
180.749 6.924243300914713
181.919 6.7398639386217685
182.929 7.630110486376017
184.169 8.307385868115722
185.209 11.115016718134294
186.258 4.945814640528435
187.261 7.0838429901615765
189.167 3.5855892372824063
190.369 21.419673458609576
191.379 16.777465742251664
192.39 9.769855221014588
193.63 2.2618249922846196
194.649 7.960757803047132
195.659 10.429755135058999
196.671 14.794260689099207
197.679 15.14431232191416
198.69 13.00135052870384
199.699 11.53922675232657
200.769 13.924856163311663
201.799 16.732205374767833
202.819 11.531491372763005
203.821 15.286187505085506
204.83 17.360189900576817
205.839 17.530474266381663
206.841 15.592295925023775
207.879 15.47069561512957
209.099 19.141818408760244
210.11 21.22305585142534
211.111 17.33735804345829
212.119 15.140782659128156
213.12 12.970103810040321
214.259 13.518224205086282
215.4 15.163691181146724
216.529 16.18282545325582
217.539 14.592527593971552
218.54 16.29356517706303
219.541 13.92133558939003
220.559 11.548612827516507
221.71 4.566383931736648
223.099 0.29200907852069935
224.129 16.359287934283863
225.149 12.390009175930446
226.15 5.4890946084100385
227.209 6.551654073505948
228.23 7.150647386067116
229.238 6.565319851249538
230.239 6.756366963368078
231.26 8.28710200535617
232.299 8.01814127901413
233.319 7.632044503119798
234.329 13.595757812635382
235.439 14.116075444143732
236.489 10.605083620315124
237.67 9.739663623717178
238.728 11.019934162093403
239.729 12.978841576657421
240.739 13.4366503994461
241.758 11.275557995708482
242.899 8.159497642594424
243.918 10.54800408903745
244.919 6.949042122162095
246.049 5.209219526967357
247.058 5.582359343188072
248.07 6.212262308311656
249.199 3.753285212715137
250.208 6.066325435475517
251.219 6.2184069792397585
252.238 5.036575934603285
253.289 4.0521469131162124
254.309 5.279150527247494
255.318 8.462501209341928
256.319 5.470138097783112
257.859 1.3168850976144526
258.876 7.765778728439004
259.879 5.661424268109192
260.909 3.6193573430530277
262.468 2.3384615932026134
263.499 10.28998822460863
264.678 3.7291560933896877
265.689 6.224563817833066
266.698 4.42181041696508
267.699 2.563275671335014
268.819 6.397866765910216
269.978 7.758411984304719
270.99 9.017800124968534
272.009 7.1178369201733185
273.018 7.199693509520859
274.03 9.956055644793476
275.049 9.649945647549696
276.059 7.466599731493305
277.079 7.952953138534342
278.089 5.251865637754313
279.368 4.248709461702495
280.519 7.737891742846347
281.528 10.350883189238454
282.738 6.884610181176801
283.748 9.236449536139387
284.759 5.484656070823523
285.879 5.0526681573794
286.898 8.912062541243865
287.918 3.543802199869935
288.949 4.3606707071460455
290.27 2.1221262512489165
292.398 0.9530089522209855
293.499 5.32500123719949
294.508 5.024784564733046
295.529 5.9999634895721945
296.539 8.433280011257702
297.57 5.674177711128607
298.579 9.954656532132244
299.589 8.301473316567689
300.598 10.924645646061121
301.599 8.186694929265556
302.609 6.904733331411599
304.129 7.834207305156728
305.228 11.787230187109182
306.249 10.910021569759117
307.27 10.496995873451148
308.409 9.602269421781052
309.442 11.67425203220198
310.448 13.18724821906619
311.478 9.980255174851196
312.561 6.750044981295755
313.979 10.94246250176038
314.998 9.387496687814735
316.109 4.974708636802069
317.139 6.748495927986255
318.188 5.026508990322468
319.219 3.1472404272764414
320.229 3.0118857183063223
321.278 2.013401753967729
322.32 2.5301381625951382
323.389 1.8971029469843377
324.589 3.3800050838770948
325.618 5.912545336228155
326.648 1.5906922239401147
327.698 4.442292395952753
328.959 4.655096822106178
329.994 3.5269618266543605
331.169 3.0003695744561854
332.469 9.891760492265549
333.748 8.71880246421282
334.759 11.445165729564026
335.962 10.229332444205191
336.979 13.050298226179017
338.158 11.60051965810369
339.169 13.079212585532183
340.179 11.349172880647243
342.249 2.05739439888171
343.298 2.1879333161317036
344.509 2.679442510753106
345.878 2.5195295031130542
346.898 3.3800050838770948
348.203 1.8611952441433866
349.238 4.909730242611198
350.298 2.8698156372541375
351.498 2.33054809602856
352.549 3.859187536301155
353.578 4.138781735359708
354.608 3.4158431551547905
355.629 4.369840069263238
356.878 2.541899796198779
357.908 5.518375647146278
358.928 5.952215695093849
359.988 4.976724632148562
360.998 6.425356199053488
362.008 4.407157922897936
363.028 6.958833996217548
364.058 3.531993048813827
365.098 6.045009092318651
366.108 2.856741312641128
367.158 7.532582758354669
368.159 4.096827761505691
369.218 7.468566474289331
370.248 4.487099237563972
371.469 6.942421752952437
372.518 8.313072560917927
373.528 4.042414452625459
374.588 3.635099807188574
375.619 6.884588434667217
376.658 4.616595093710522
377.689 6.687885907962438
378.718 7.281766361459938
379.738 5.134247488520908
380.758 6.561186339290832
381.768 3.1119883528036376
382.798 5.316124500855237
383.839 3.4421230801352136
384.878 4.098947454942387
385.988 2.5578416850961805
386.999 4.441656428224665
388.079 7.394447444300646
389.419 9.657995018898486
390.429 17.67254931533186
391.44 15.730628238206522
392.449 19.969992480207026
393.459 16.156594563477995
394.519 16.670244372016636
395.688 17.75180436817705
396.878 17.38116981385974
397.948 18.849804544873358
398.969 16.80889783133977
399.979 19.859804927652874
400.98 19.257593330870456
401.989 19.295760422676032
403.03 18.711586699531104
404.258 17.04163158128715
405.271 23.204428667895396
406.289 15.764299208326749
407.378 16.384227920359717
408.539 18.691744269475517
409.676 21.196155876333982
410.739 18.669771112409205
411.749 19.373629891076867
412.759 18.91361233341081
413.77 20.877442164147748
414.799 6.677257583906006
415.809 17.947433630196095
416.819 17.659308305389306
417.889 18.932517409075466
418.949 22.375471423973035
419.959 25.39744744131081
420.968 20.87724524883938
421.979 24.684471507715045
422.989 23.12458923721854
424.208 18.466153302111078
425.209 21.36339508559154
426.21 23.973173447058244
427.212 25.76710900186989
428.408 18.204613575366174
429.409 25.186834420399496
430.411 25.601996872024017
431.419 23.519319697404317
432.599 18.25911310141723
433.609 23.891798138270545
434.828 13.797564756533104
435.868 14.743903755302947
436.869 19.1044602684623
437.918 16.418120458268753
438.928 21.598978118501392
439.948 18.77548059664511
440.989 12.379310629807371
442.008 18.0756629158479
443.028 14.011702361598688
444.058 12.130971235504214
445.098 5.381181339467114
446.099 10.825648545369011
447.118 20.720956394152104
448.119 25.41327586374773
449.12 27.45480319962439
450.289 18.687218388600424
451.29 25.963014671928665
452.458 20.517706149143528
453.459 26.675068602352674
454.47 22.404476928385694
455.479 24.709010788261537
456.629 20.945589856735396
457.63 25.26340095160358
458.779 20.39638219675044
459.78 26.044764624007296
460.933 20.04301716766135
461.938 26.321527763468303
462.95 21.097492033759227
463.953 13.918998214302603
465.138 21.599067871299418
466.139 15.60609547135832
467.14 21.31289375649949
468.27 17.944437019787028
469.51 21.862435260272942
470.579 23.3351983106034
471.58 23.721111094815804
472.59 19.871840728281583
473.61 19.322536803031134
474.619 16.857858367628797
475.629 24.222342321390716
476.631 24.156525986186953
477.639 23.531232309307082
478.879 16.14696047798261
479.889 19.595043643680746
480.89 21.395828490492306
481.899 23.332484279870197
482.9 18.925410101681386
483.91 16.907657878320755
485.098 10.55240821641055
486.099 19.57289341778242
487.189 13.131181025400355
488.198 15.382893097296778
489.209 13.857979786690983
490.619 5.6133512393700515
491.629 5.4708584979742465
492.63 13.830995968433575
493.638 14.369698409669109
494.648 11.93437699170413
495.738 17.982220029574194
496.748 19.05692895888408
497.828 19.266880019015623
498.958 18.39599646314617
499.959 19.47618559403723
500.969 20.722566343452314
501.978 14.64710008267154
503.069 14.886409416926174
504.079 20.594722656286386
505.108 11.970455152092132
506.109 16.831604263841403
507.248 17.458648011533114
508.298 16.540846934281745
509.299 15.559000390269542
510.3 15.35107116433042
511.349 15.35708161719416
512.35 25.261179485514486
513.358 15.933339023868726
514.359 14.404430414898169
515.518 14.220472322260713
516.538 18.8289653692142
517.539 19.22782568527661
518.549 20.867583063222618
519.568 21.598210954685257
520.578 14.237177919311728
521.579 16.626340797209192
522.59 19.946176772590686
523.698 17.774247710935484
524.708 18.892684313719133
526.148 10.53646991714087
527.275 7.37782831085861
528.358 3.722298287969976
529.378 15.96200715264387
530.938 7.792979557704258
531.939 16.098964747658464
534.458 2.1195211671269156
535.478 13.059440867379445
536.668 14.665873452178786
537.678 19.16246238146996
538.688 14.37602996071123
539.768 13.820904478777491
540.778 14.949785383365198
541.998 15.040512268732211
543.078 18.386189935432313
544.079 17.943522090302192
545.209 10.993281555991503
546.218 15.001332702132691
547.378 16.55765421476861
548.388 19.724035225438772
549.398 13.499618185662154
550.408 7.262284676918139
551.608 15.630793978166423
552.61 17.06071146649655
553.648 13.61262399708707
554.708 6.3593268441317194
555.757 5.799818065756693
556.929 0.47689331172056487
557.951 10.120171777557644
558.978 4.309233663411696
559.987 6.230732860268976
560.998 3.6133273151864307
562.018 4.970595711583964
563.077 4.002637599328139
564.098 3.575323693033558
565.128 1.9689350003167543
566.148 1.653958456076769
567.188 3.705005572711431
568.448 3.895100539781228
569.488 10.083995430529578
570.498 10.2373373947798
571.507 9.696071127631361
572.929 0.28523249652971266
574.338 7.820810208283201
575.627 7.866575059450182
576.738 9.10269505697057
577.768 16.969686569981477
578.798 6.694379001076965
579.848 3.476576657702155
580.858 3.2263284587763774
581.859 27.92738308564415
582.908 19.972346197883294
583.909 27.94930155105654
584.918 25.83532653309322
585.967 21.07790118639242
586.977 4.618224768069694
588.028 5.1313371119554
589.178 23.085450721560967
590.258 20.596700082880197
591.268 22.53923834810521
592.269 28.125834056269806
593.27 18.88290605051007
594.428 28.008989799840236
595.538 28.70974288212121
596.648 27.33733367388978
597.768 29.175971985182045
598.848 30.285114590280013
600.058 17.858845188358295
601.068 37.25946285118624
602.069 25.966569017671215
603.288 17.30669816669363
604.289 23.76287465729075
605.298 28.349775744813723
606.299 21.04039391623739
607.308 12.254450473411962
608.318 22.628332628368945
609.329 17.624391823777202
610.338 20.640404526080616
611.398 20.874692106069812
612.408 20.74619761054039
613.438 18.00956634902304
614.598 19.50595719741549
615.689 19.55499829691111
616.698 19.990121003171016
617.716 16.50014028339788
618.718 12.600304346284478
619.728 19.618355024796447
620.858 17.712228938803385
621.859 27.166308803520817
622.869 17.01906242316454
623.888 26.68701481420254
624.898 28.012298516926172
625.968 22.35408674632045
627.068 14.94964928007649
628.078 17.477890627619978
629.088 11.479071460603437
630.257 14.933390312127583
631.258 21.1987103995201
632.278 23.86932382762741
633.288 26.39436400070343
634.289 23.88890583341197
635.368 14.178841871783336
636.377 18.125220696733688
637.378 13.893197018928184
638.389 21.81486613647089
639.397 21.273277611243998
640.398 28.613964204913223
641.408 22.121507999455115
642.438 16.643257872560543
643.518 20.831971716805043
644.698 23.885686120729154
645.708 23.011570133753832
646.858 23.93358138378296
647.909 23.1951840358007
648.917 24.92753013282709
650.088 18.14207487021915
651.089 20.43289698974004
652.098 23.250354029236107
653.108 19.403178394044154
654.329 20.99724410555429
655.469 17.444243689469562
656.477 16.919144426142992
657.547 14.820150180856087
658.638 20.155862725204177
659.648 21.526353383546706
660.649 22.63037124507104
661.777 21.75152814394544
662.779 17.767307950887712
663.798 18.900689551467057
664.988 16.85376872844224
665.998 21.652992443274137
667.008 15.894595732718892
668.009 21.14865336364587
669.01 19.111865155425946
670.018 19.30622595446071
671.028 17.27240134859323
672.137 13.543172886428584
673.138 15.72857230173699
674.157 16.80197076369736
675.167 11.939514223679799
676.187 11.941783527552523
677.217 6.891272501108641
678.257 3.069544090595874
679.278 4.369840069263238
680.407 3.5769396333463837
681.447 5.265007919116245
682.467 5.854111832365218
683.607 10.394373898294244
684.697 11.290484550058627
685.718 16.388933013623692
686.727 14.243060388138915
687.747 8.288395679538311
688.817 6.882209072655797
689.907 11.001745181272572
690.918 15.122688336868848
691.928 12.098474858812631
693.028 11.179488106971956
694.128 17.22657056764043
695.264 18.96072085271198
696.277 15.494250976800338
697.299 12.766548539250133
698.407 8.3096608297056
699.427 7.960757803047132
700.457 6.296274161100639
701.477 6.997494185085424
702.517 6.825010265521057
703.527 4.683981337358253
704.546 5.7715494072091715
705.547 3.8009284784384754
706.557 6.626148580273909
707.599 6.228032400234187
708.607 5.084332173955507
709.617 4.819017149290116
710.637 5.36824336851068
711.737 4.553842575127873
712.758 8.739680138526476
713.767 12.469105743852749
714.778 8.645914231204346
715.797 4.636937745915959
716.909 19.507259083456233
717.918 20.72238785318942
718.928 21.25228834917198
719.938 20.61101502055208
720.957 20.805044808080485
722.138 17.764897406696008
723.14 22.712978449532685
724.147 22.976190937597607
725.157 24.80593187382668
726.158 21.08334226062653
727.188 13.888718825383505
728.189 13.543982549722731
729.407 9.149129366341183
730.487 9.656157311383284
731.517 9.450888001520422
732.527 8.07719644631564
733.537 6.520028045462239
734.547 8.03169524881686
735.557 8.0638396431789
736.567 6.391156911901179
737.657 6.6148924539083485
738.697 4.875007332515041
739.797 2.6639776911083946
740.798 3.0389656098795057
752.393 0.10494194309579596
754.752 0.08596876008165566
755.822 2.4470261432791136
756.832 3.4134704807471654
757.837 5.0447837072792465
758.872 3.238204718039383
759.892 5.169419540047321
760.903 4.802813200292848
761.912 8.240646686162194
762.943 4.612875554982435
763.953 6.023771436612645
765.057 2.200054160876014
766.063 4.411825611140789
767.132 4.173626483365544
768.424 2.3063013343221987
769.474 2.3177177718014366
770.492 2.7890022303111586
771.553 1.911407210486576
773.913 1.5642448446087465
775.482 6.741453454950374
776.573 3.5318109950686423
777.613 5.460008212416846
778.64 2.86430588493881
779.643 5.661424268109192
780.662 4.726118018819246
781.683 7.754129310070983
782.693 5.232931268472564
783.793 8.647583979747116
784.794 10.203934235901459
785.803 10.64343401866641
786.813 8.233955410601757
787.834 13.97329541286836
788.835 10.932871308602577
789.874 9.055980053090828
790.883 9.480534316038867
791.893 9.849981812090677
792.942 9.601073093357169
793.943 15.400832004726109
794.963 16.426365436226057
796.093 15.002347514623708
797.312 7.906282490429951
798.342 6.700884714391909
799.373 5.81882883822291
800.393 7.204457000678862
802.174 2.0496381193639883
803.274 14.092518804260768
804.433 17.21212191835843
805.44 17.230376619241753
806.443 19.894502645573137
807.444 20.755009572658555
808.462 21.66908525859079
809.463 16.229142660479326
810.483 17.010337762809225
811.643 18.770095534039648
812.653 23.66952684687305
813.823 16.111661660505458
814.852 18.981229852308278
815.863 18.378378068996287
816.883 12.774576317826678
817.943 18.6045728358988
819.033 22.99972958833783
820.034 21.896695044713187
821.053 19.928081210917327
822.082 13.915515448983367
823.114 8.91083891621889
824.323 6.223995401902307
825.342 5.9705683522853485
826.372 3.7923587955662397
827.382 6.023771436612645
828.412 5.728478212544382
829.438 6.126338683543177
830.463 7.122742420658073
831.512 5.352395453763865
832.532 6.7600101677541895
833.562 5.621251854705493
834.583 6.999497614931316
835.692 6.413470485274202
836.732 6.630009972220456
837.782 4.374805243484364
838.834 5.9760546159804155
839.842 4.724600708348635
840.858 5.38937818492214
841.863 4.671145194690406
842.874 7.0374982211288675
843.892 8.751455619923735
844.893 16.473800125758128
846.053 14.807842145483784
847.063 22.664586808311523
848.103 15.797304462533535
849.134 23.56030395517882
850.142 20.551902779354503
851.183 16.906576148014253
852.193 15.236736483720406
853.222 10.124081345340185
854.223 5.26754039045781
855.272 3.7794915777435913
856.332 11.340526822303287
857.343 15.57373890132427
858.373 7.479362297255881
859.413 12.66005193676384
860.443 15.187570109899456
861.513 13.427193502986752
862.582 18.514088372598245
863.683 19.085338711580974
864.842 23.49677330382447
865.852 24.53152716971775
866.862 25.124293478261688
868.042 15.847479976599187
869.043 16.429370803976262
870.072 9.773564220509698
871.073 7.238573202440575
872.074 6.924754092921342
873.082 11.64362218461229
874.112 19.311682938779303
875.132 22.331636616266053
876.203 23.901662446718355
877.213 22.416416099720767
878.222 16.850904278946924
879.223 12.606227664646855
880.243 11.314790840424655
881.262 11.168047030495545
885.323 0.19975405568345303
886.362 2.732631636628258
890.833 3.2406188504546636
894.212 0.12003569401161628
895.282 5.685989860727823
896.312 5.416442314833364
897.382 5.803755245270189
898.532 6.6053188595675945
899.592 8.042196803346096
900.753 18.562268577201333
901.763 21.743114169933012
902.782 19.419331758482098
903.783 10.78862411055079
904.784 15.33877905197077
905.792 17.128865223344715
906.802 8.935994854590994
907.842 4.568252485159124
908.902 6.441421472741279
909.903 11.86366559993263
910.913 21.82222754235831
911.922 14.558652120450217
913.073 14.823810916660966
914.082 18.85484292329697
915.122 12.182529288695847
916.133 17.280977629630353
917.143 13.829868812669426
918.303 14.844264614060046
919.313 15.81812436530965
920.433 8.559079289780252
921.439 6.249313574564013
922.442 2.421595008581375
923.492 2.451139025112375
924.922 0.4254551853831308
925.923 14.923512991049614
926.942 20.005477467335844
927.952 15.327592100661517
928.972 12.831549227737234
929.993 14.821824963797866
931.012 20.10930022888826
932.013 17.610894567895304
933.014 22.046569956857343
934.082 17.24801447686625
935.153 16.406011047493433
936.163 22.226443981527787
937.402 13.5939877095527
938.422 17.991812407263218
939.423 22.055900114431537
940.432 18.145936913798813
941.44 22.22599242489948
942.682 12.191011923569475
943.772 9.054556512921197
944.962 13.56661188428363
945.972 12.641700445725483
947.032 6.602394075006363
948.037 16.43006398981262
949.242 12.937125085912045
950.243 20.852309787360834
951.342 16.36261739876999
952.533 15.657175140152601
953.693 16.654780797638644
954.822 19.29506888006012
955.912 13.353685786273644
957.063 14.22902440465217
958.223 15.965693251802845
959.332 16.748304026230567
960.342 18.932607945072903
961.343 16.876774074319634
962.502 18.386448949944782
963.503 24.63561463482584
964.512 20.318201235131507
965.513 21.74859730544031
966.514 19.00775244471711
967.562 20.32594710506996
968.572 15.252001401590965
969.582 8.686031824460601
970.622 4.6462240936645545
971.632 9.620861265975853
972.633 20.179205562365595
973.672 14.312357950615107
974.673 11.009289742067384
975.682 19.125622980396475
976.692 25.304390153522984
977.762 18.39883239583171
978.773 20.90207648721208
979.782 15.882139236213824
980.802 12.061252231497612
981.803 17.575351110469807
982.813 20.062945757776458
983.814 21.66329300761913
984.833 22.09168483019578
985.873 23.453489223841004
986.882 23.289141839911238
987.962 20.178866445968165
989.302 5.297022892643209
990.502 11.418635595861108
991.513 15.242634028932093
992.514 17.37838111723688
993.552 12.330397480039755
994.682 15.978146218779811
995.762 17.047173139086425
996.802 17.63084888704058
997.803 19.50343557806344
998.813 20.392902828670834
999.972 17.274924943356677
1000.973 19.235082474500977
1001.993 16.786224938620265
1003.042 9.98037893372001
1004.062 14.68607558094809
1005.103 17.79306062006099
1006.232 14.352271676651366
1007.242 9.423151223940833
1008.252 10.040793285472658
1009.261 8.056992279556454
1010.273 8.338242380008673
1011.292 14.206844172133254
1012.352 13.342824603909891
1013.513 18.88838388101618
1014.593 18.922894771281868
1015.714 18.281449160178475
1016.722 19.762287800268933
1017.802 17.879408796312987
1018.822 19.94982016827079
1019.942 20.671161260736596
1020.943 18.891347621648627
1021.952 22.516177173389007
1022.963 24.28738968117804
1023.964 23.62203370724224
1024.973 23.79044490818227
1026.102 17.062321127575927
1027.103 23.010834337263063
1028.333 16.209055188823953
1029.342 22.632834452464966
1030.542 17.29127089090005
1031.543 20.652229741603172
1032.562 20.861055256804416
1033.563 24.055811985572515
1034.573 19.740327589704467
1035.682 20.12306904084627
1036.893 22.875152838512808
1038.073 14.766416054997848
1039.082 21.103066707201798
1040.083 24.16377523750244
1041.092 28.984485374043164
1042.202 16.108846736088182
1043.213 19.43252181012425
1044.233 20.908185902837594
1045.234 23.786126002356596
1046.381 15.32528498507329
1047.382 21.522600155309892
1048.383 22.354761352284207
1049.553 18.872835404239517
1050.602 18.17135006167464
1051.773 17.37755171930848
1052.782 16.717987171557866
1053.882 9.777621564607939
1054.892 14.990736461114098
1055.922 12.21185876987395
1056.932 11.518848313900758
1057.942 9.554224028348607
1058.972 8.893886652746604
1060.052 14.12920091389721
1061.062 20.830594992997806
1062.282 18.803404756236596
1063.293 24.705293376019423
1064.442 10.528938011500246
1065.453 17.809002613884324
1066.472 24.051614090478147
1067.474 20.290594128774213
1068.482 21.898469132214895
1069.493 11.435018153863266
1070.601 6.406146819622654
1071.632 0.6854392871357272
1072.793 17.78975581757728
1073.862 26.45002501325071
1074.932 23.314220999118792
1075.942 21.00526088017054
1076.943 14.65338271461588
1077.953 20.779516229354012
1079.26 7.049333412628406
1080.402 13.999495662643309
1081.412 21.822521098471203
1082.413 18.935480747951946
1083.602 20.850421634602522
1084.672 22.15998168309239
1085.722 14.541928305312156
1086.732 23.454546308112917
1087.942 17.731304761639574
1088.943 24.3169082999106
1089.952 14.503261951417926
1090.953 25.18342817239622
1091.972 24.32235550625795
1092.982 13.10992244579357
1093.992 7.803455371040723
1095.011 13.292079631454758
1096.232 9.806929560182358
1097.241 11.222606555338272
1098.252 14.449790071736532
1099.259 15.043051250496397
1100.441 9.663446274068866
1101.442 12.641326828854524
1102.452 10.989273086237542
1103.472 11.014956368114778
1104.822 8.247410065776128
1105.942 8.785418915932734
1106.952 6.023771436612645
1107.971 9.200989167648316
1108.981 10.8623100674103
1110.002 11.565646050898158
1111.022 9.462880590219891
1112.052 6.767926207594645
1113.211 7.250999356671232
1114.212 14.427533662224736
1115.213 24.426648724711804
1116.222 15.46708027728485
1117.342 13.70215093526617
1118.351 13.389728553286002
1119.532 13.80192592463784
1120.542 20.366923112679597
1121.561 15.053280910030939
1122.571 12.650507129112345
1123.593 16.67293777091632
1124.602 17.32287132515453
1125.621 16.263688529207695
1126.622 16.259502697030268
1127.631 14.086146063134969
1128.642 13.776012009351918
1129.652 10.809616745145584
1130.682 18.39097554133586
1131.832 18.269688043954286
1132.972 19.017210044293254
1133.981 18.799599677789963
1135.062 18.141532877730548
1136.072 18.30718664654935
1137.471 13.908829216970135
1138.472 15.03177243845809
1139.482 15.505046770906759
1140.512 18.733668102429
1141.631 17.670267864773017
1142.671 17.407482323004
1143.691 17.53054304216337
1144.701 17.25866574460516
1145.702 14.516540403527737
1146.703 21.533115094798266
1147.711 12.914447856856354
1148.731 16.375496766663066
1149.741 19.05898385167435
1150.751 13.643607459037325
1151.941 15.973052920891835
1152.951 19.126208201527383
1153.961 12.286497549122107
1155.091 14.590407755138608
1156.272 12.98500474997646
1157.391 13.335501299055721
1158.412 14.325833015479043
1159.421 14.967540291317237
1160.581 11.771102853171039
1161.582 16.954525387437894
1162.702 12.85622312781557
1163.711 17.21401833805705
1164.802 15.866109219728761
1165.812 18.680883578265135
1166.851 11.160956793649342
1167.861 15.086288975861535
1168.871 9.441938815166136
1169.881 6.839417096292383
1171.061 8.593107632029046
1172.101 6.630009972220456
1173.104 2.421595008581375
1174.111 15.192033164157072
1175.131 16.95205680139562
1176.202 12.898218328948163
1177.391 16.112040818950817
1178.392 20.108562940732426
1179.411 16.188329016379143
1180.421 20.081360512372743
1181.461 12.105127856486618
1182.481 6.950695009087469
1183.491 7.4313729979458625
1184.501 14.09494998261393
1185.531 13.603066789834608
1186.551 7.609080932288504
1187.562 13.104580072973432
1188.572 14.819006135070317
1189.751 10.092284870181063
1190.752 11.909131605889405
1191.871 11.212763992133707
1192.872 11.06201253724853
1193.891 8.198474876332568
1194.961 6.4441218421582
1196.012 10.819971371422708
1197.171 17.042771195145235
1198.181 13.016131267723505
1199.262 12.250509361975627
1200.311 17.625709283119896
1201.381 20.397795887804936
1202.382 21.589688431200504
1203.391 24.382987485655033
1204.581 19.97631340188809
1205.592 28.03078035682914
1206.611 13.198825871371549
1207.827 12.280265758416283
1208.901 9.409469705103797
1209.902 17.047678865440535
1210.921 15.729188818527957
1211.952 14.152085369783864
1212.962 23.887541574633563
1214.141 18.639367797154023
1215.142 22.76617687198427
1216.161 16.242302721513106
1217.441 12.281241059975573
1218.601 13.049339802994796
1219.612 14.559324829647588
1220.621 12.467048814498767
1221.631 10.912801718828302
1222.632 14.90855511938305
1223.641 12.99567965847273
1224.661 7.301543490016232
1225.771 8.282267870695202
1226.791 9.54354376624121
1227.801 4.764268934235132
1228.827 7.511122408615766
1229.841 5.254832465214817
1230.851 6.626148580273909
1231.861 6.804043584688493
1233.081 4.167652227740027
1234.111 10.829142501742147
1235.121 5.423449185741648
1236.361 3.7616185610890254
1237.371 6.819308502559052
1238.393 10.874020715867
1239.401 8.683852869265479
1240.412 7.760691562517532
1241.421 9.807586083322366
1242.422 13.309247632975218
1243.44 10.6582640578777
1244.452 9.6655699779999
1245.501 4.446527183746798
1246.511 6.000580503693912
1247.535 8.467964354018427
1248.581 3.877634895461294
1249.601 7.489176211175732
1250.651 6.48977918485775
1251.691 4.850489751778416
1252.811 5.392309958962601
1253.89 8.157646615548176
1255.06 7.981180494608109
1256.081 6.519622500998734
1257.241 3.8370112159076646
1258.251 7.027733342714752
1259.261 8.68162848276717
1260.291 2.559615500411781
1261.381 1.7982628045639366
1262.391 9.035657154918967
1263.411 6.882530991873058
1264.431 5.169419540047321
1265.471 7.944408879036865
1266.472 11.568210610083236
1267.481 15.286364341184802
1268.501 16.2350992386692
1269.521 14.502948370521313
1270.531 11.711127567847214
1271.711 11.811172983780152
1272.731 11.134134393948077
1273.771 9.699126430594179
1274.851 16.608749802589372
1275.871 17.885860235516294
1276.891 13.791804370030661
1277.901 15.271963217267848
1278.91 12.012320503742954
1279.971 14.641127731378424
1281.071 17.0601309233586
1282.091 12.13130565643865
1283.131 7.7404283090711035
1284.181 5.604963317662356
1285.211 7.313557244597628
1286.331 14.914987189321847
1287.371 17.615881759265314
1287.413 14.485736073758977
