0.0 25.035620459154323
1.01 21.45109854397141
2.1 19.033369624258317
3.12 23.70545982697108
4.129 23.560030067078493
5.13 18.741764706113756
6.14 27.173147377042234
7.149 28.97411091546723
8.16 33.27780804810204
9.36 26.32468440570324
10.38 27.126010008673582
11.39 24.7701170835807
12.399 23.883043078774016
13.41 24.960402545842985
14.419 25.412374937654086
15.42 27.004464211133545
16.499 29.46978940854043
17.63 30.652284652717043
18.649 22.75991192707034
19.65 9.425312152769509
20.869 8.549433293760009
21.879 8.00684933373885
22.89 13.708496944178851
24.209 7.3210146523200255
25.229 12.685361297374492
26.239 9.873163191598154
27.24 13.464731646813583
28.249 9.847991016185071
29.259 14.96093155983711
30.269 10.6757991116518
31.279 5.3378995558259
32.299 6.342680648687246
33.3 9.829450954975771
34.369 11.253028360552443
35.54 17.998660172493697
36.67 19.188102477620816
37.759 19.697365754386528
38.96 19.554512065652474
39.98 17.970928504613866
41.009 11.535926381072194
42.029 18.235206864975833
43.039 14.6524952610085
44.059 20.085155387509612
45.069 17.863624237227015
46.079 17.07035305323622
47.109 19.052597191433474
48.119 23.219863067842667
49.139 16.904735324176947
50.249 12.053403109750594
51.259 16.54748862306029
52.269 13.626471366122228
53.279 18.14885848980806
54.289 9.431069609964329
55.299 16.0136986674777
56.308 12.865252824344578
57.319 18.130907096643067
58.329 14.116169022742222
59.338 11.018571422535109
60.339 15.349794077367488
61.359 12.257647635209727
62.369 16.54748862306029
63.7 4.197853461883346
64.719 9.532712566298121
65.889 18.961397751648974
66.899 22.68607311226008
67.919 12.558244951527874
69.058 12.780028172728034
70.069 9.50106777003848
71.129 3.051667104557071
72.159 6.019388673875518
73.169 7.16148680539844
74.17 13.734026279749859
75.181 12.45583806141607
76.249 7.067219074848149
77.279 4.710825918685187
78.288 6.863733560490225
79.289 15.95531329587039
80.359 14.863805351946981
81.388 7.854000534891977
82.398 18.14885848980806
83.399 14.229504782016376
84.409 15.046984767656163
85.419 15.924733674880603
86.619 17.414427438256624
87.639 12.421082937012525
88.659 14.00713947105621
89.669 17.348173556434176
90.688 13.71225810760215
91.698 15.127755616198263
92.699 19.927802837284105
93.709 12.234052172776854
94.739 12.038777347751036
95.758 4.715075298796548
96.778 16.120979982080083
97.799 12.182146181716107
98.828 14.670145718052135
99.848 7.685902461257983
100.869 11.880878296390165
101.888 7.709519347041257
102.918 10.468502041522639
103.919 9.872561718581796
104.938 12.433272419777012
106.158 6.175406964026159
107.189 12.28855925873208
108.19 19.389213571411563
109.229 12.955208767604786
110.438 18.992555175675754
111.458 21.670825549681425
112.468 17.957856893859464
113.479 24.53005077781121
114.499 19.70960192804787
115.509 20.559302532652687
116.529 20.089985035908043
117.538 26.98310870613479
118.548 21.273753854781138
119.698 24.59231094362791
120.709 32.52898037927139
121.718 28.31539091035901
122.719 21.465420072565696
123.729 37.17663647884842
124.839 12.442886841565858
125.898 26.294499431574426
126.918 27.484949477644733
127.938 11.94584553460723
128.958 15.856701621718116
129.969 15.013780363793344
131.038 19.706071450550706
132.058 18.831488242738967
133.068 14.29546469861225
134.069 15.092704318146163
135.078 15.94813275338056
136.088 13.81825335674273
137.169 10.34574486553898
138.388 13.460802988106856
139.398 18.14885848980806
140.408 20.586811444837316
141.418 22.95296809005137
142.429 14.192642683214599
143.468 14.010059758168651
144.478 16.0136986674777
145.509 12.440885713398147
146.518 23.777194800455412
147.529 20.822944515146187
148.568 11.517448005385317
149.578 9.608219200486621
150.598 6.078402288325277
151.608 16.52797875626268
152.678 21.944517662099248
153.688 17.081278578642884
154.888 8.536191039691586
155.898 9.355371326789603
156.918 11.892526216288587
157.949 11.24272442820169
159.049 3.185755507636094
161.217 1.1702095496744085
162.357 1.6566703186869673
163.368 8.265560588175516
164.378 6.0478636085909026
165.379 13.734026279749859
166.388 13.924321483609885
167.448 9.917918089810481
168.458 5.8716895114084915
169.468 11.000053097828069
170.488 13.742474738822366
171.498 9.875114178277917
172.508 14.332728544195685
173.528 25.767333321227877
174.538 31.1256512915699
175.548 32.38462299601962
176.549 25.858387198739553
177.568 19.311252907313232
178.578 18.21265575423624
179.598 24.351859968616658
180.678 17.369197244377748
181.687 14.693772067697163
182.698 17.64734607468345
183.708 17.432261082331873
184.787 16.688407360297713
185.788 20.735686736092923
186.798 14.841936067613288
187.818 26.9563927569208
188.838 22.834384441830647
189.858 21.142268828957487
190.898 15.980537521767957
191.917 18.782177485195056
192.928 17.59764512321239
193.93 17.754527865907974
194.938 19.55190010884378
195.947 26.051956324173336
196.948 28.237156456343293
197.957 30.216235238249322
199.098 26.232818135468477
200.117 19.575790618372313
201.128 16.551586274015587
202.267 17.162004206773794
203.328 23.774291557163522
204.338 39.027732640605585
205.347 36.10656630430875
206.357 31.591351812028837
207.368 36.189309275846
208.568 31.873274264720987
209.578 35.67964439946786
210.588 30.77349819587305
211.589 35.344920572885655
212.59 31.848224253553063
213.598 37.07798119864131
214.607 35.41074081418109
215.618 28.718769005515416
216.628 27.41214324531295
217.838 26.766834246160947
218.848 32.5545539358268
219.917 27.723356464209925
220.918 38.09396995077677
221.927 36.14640587769804
222.937 34.50319943157202
223.938 42.862532222888056
224.939 39.76072262407458
225.947 48.7895335899431
226.948 34.87089902602122
227.949 48.3647648875092
228.977 30.120036463373136
229.978 44.947203394521914
231.057 35.70872115275538
232.058 45.27830980724034
233.068 30.735844152953664
234.117 38.075854050936364
235.207 35.96499678518732
236.208 50.07049441557412
237.217 34.4608403976835
238.447 38.95399327495079
239.448 51.19452391416045
240.568 38.36433620115313
241.697 39.03415776334609
242.698 45.07417345171775
243.708 32.86983338327617
244.717 44.97790189637694
245.728 41.38530012003038
246.757 26.512849112495253
247.758 31.827161003754682
248.767 16.40257729885546
249.777 28.339837411539275
250.787 22.25100308267339
251.807 28.08711003996071
252.817 21.625906950477987
253.827 22.37528093417416
254.847 27.035212618783135
255.857 21.527382123150062
256.906 12.728393326482985
257.997 5.435752893237924
259.037 10.56394566859339
260.047 10.953539177737886
261.068 11.858683673191905
262.077 21.105599879055923
263.087 16.19396983668761
264.106 16.52432491624339
265.116 24.02054800121655
266.127 6.683705991551471
267.136 24.845832769015203
268.167 18.09817938731985
269.236 17.717879144546924
270.256 25.899279315472924
271.257 18.71892978109869
272.267 20.505065102955335
273.286 19.01693536620802
274.316 19.047431812136672
275.317 22.890043799583093
276.326 17.266549223729093
277.337 24.26341979109587
278.346 19.475106750491282
279.486 17.130356161989813
280.487 22.082159900774283
281.856 10.667597556982681
282.886 24.624887455301796
283.887 16.9844597439631
284.896 20.571280894776027
286.096 13.611369103398648
287.106 18.682648445390655
288.316 12.384977922506062
289.326 14.94611875631252
290.336 12.335503480124423
291.496 13.66352497607207
292.506 17.081278578642884
293.507 16.00157370430608
294.508 22.006568424862344
295.516 18.90816547314762
296.527 12.026265916152468
297.536 18.6861269637622
298.547 21.982048665728147
299.556 18.020181153676507
300.567 22.537724793743813
301.577 30.426027468207632
302.587 18.27274614397288
303.646 24.738570052696005
304.667 24.026548097371744
305.676 17.0982074969567
306.686 16.91993198022665
307.706 17.046340615218853
308.726 18.235206864975833
309.736 15.515611768134736
310.746 17.76022194319968
311.747 16.426972609112575
312.766 16.258820327585404
313.776 23.219863067842667
314.826 11.756733062119308
316.047 8.83092309809035
317.557 4.998536405256837
318.566 11.984681077225407
319.606 8.55347077863833
320.686 4.4927321261534665
321.696 8.906839489112567
322.705 33.097506761258806
323.726 7.656566013229217
324.776 14.568725467227225
325.876 23.905884966798492
326.926 22.639503989255456
327.936 29.17427441447302
328.946 25.599286422479096
329.956 18.769077155304057
330.966 25.41121130655014
331.99 23.16083924289444
333.186 18.955320040264198
334.196 24.79821129176926
335.206 25.70678578853392
336.216 24.37718836627685
337.226 24.561556607514255
338.256 9.683364388408442
339.276 4.228453765791497
341.525 2.157470296240882
342.536 9.7226755418918
343.775 9.536948822512452
344.795 12.421082937012525
345.796 9.587912567100913
346.845 6.424307139399619
347.856 12.304786150082453
348.875 15.643886174684901
349.885 18.932960036403976
351.066 11.39500945361688
352.075 17.948313687954652
353.076 15.699798359063898
354.085 9.120723509804103
355.125 12.207794518395495
356.145 12.816341361939855
357.15 16.898037250607068
358.386 13.01611812679816
359.395 18.0514278779034
360.415 16.95052039099404
361.435 13.502344620452536
362.586 15.932774248654813
363.595 21.734635496148595
364.755 11.355835701503299
365.825 10.983400423672688
366.835 13.801474871296785
367.855 13.59526705563829
368.875 15.942862549146067
369.895 13.062073872451858
370.905 18.50998612423181
371.925 17.892301828687458
372.986 14.920428987504224
374.015 16.308542478380055
375.026 19.916243235760398
376.035 18.345732961715466
377.146 15.574194577255192
378.155 17.716306760569957
379.156 19.334291639694296
380.175 15.87361629218358
381.177 18.947838548993523
382.185 20.1068842056374
383.195 19.83880315181698
384.215 12.567517876452856
385.216 16.15472518414849
386.217 18.915585730150838
387.655 15.791926565479285
388.666 20.129080251471766
389.725 18.065117867396484
390.925 21.905024859817985
391.936 24.921616313126354
392.945 19.29153224565828
394.125 24.513144030420968
395.126 25.810158262285327
396.225 23.459666846975946
397.295 24.31979471420317
398.305 23.204645371740533
399.505 20.933734270410174
400.555 22.52108653012418
401.615 22.229245900087115
402.626 22.255501351665004
403.705 26.72643453158006
404.706 27.60978657683459
405.715 24.94543170248843
406.725 21.677217900155703
407.735 26.699838008532236
408.736 28.32554336437574
409.745 26.756765247516224
410.756 30.993513337353665
411.765 24.618122266211707
412.775 23.012668282452054
413.785 20.466630665364047
414.795 16.250158253064725
415.945 17.708252747581323
417.145 22.671548016429256
418.364 13.361712390646609
419.365 16.39764154163633
420.366 19.381339459337404
421.381 17.19360159107491
422.384 16.148838048909795
423.395 5.3326197343067845
424.405 8.625117012555089
425.415 16.305566274769937
426.625 16.228260443066517
427.827 14.206755509260352
428.835 29.474675602628885
430.225 11.579715101373209
431.425 7.45340318735767
432.434 27.53949568939993
433.435 27.636755410688586
434.436 26.00110548008371
435.445 24.73197751761346
436.446 31.482471747708328
437.455 33.333224237145444
438.456 36.85064765426691
439.515 29.344582471346623
440.524 37.89290246995502
441.705 24.934706681108732
442.765 31.269735338977185
443.766 32.780715975935465
444.775 38.334848325739166
445.974 27.772168466496044
446.975 40.57510266534458
448.035 30.515369774266382
449.04 37.96039053627451
450.044 40.76749314357568
451.045 31.084041676755835
452.047 24.03474814678092
453.224 35.456381572888695
454.225 28.04798091376159
455.234 26.151359965620145
456.244 32.55143235713919
457.254 11.905506015905114
458.255 30.33777270492732
459.264 29.295171006898567
460.475 24.792621577992133
461.476 31.11632553625989
462.484 33.08772569186027
463.494 23.278197569567517
464.495 35.829965876653915
465.496 37.26541650777328
466.505 40.329561083573545
467.525 29.024061829255697
468.534 35.25997536978632
469.555 32.86174510079029
470.556 52.36697920200287
471.594 35.92739151434837
472.595 47.766726075476754
473.605 34.08412749275937
474.606 47.24349132814882
475.615 45.93307519758783
476.624 42.297323541762225
477.754 36.840787070954214
478.774 47.84500845199286
479.775 28.214321531328228
480.795 37.43132057530286
481.796 29.688158458809117
483.004 20.680915866087012
484.005 28.74424927391919
485.014 29.218030656463423
486.134 23.66830258204289
487.144 27.16417283831533
488.145 31.884445169094192
489.153 26.195288465812563
490.164 19.73459113077597
491.184 14.538014423011393
492.193 17.899685973376545
493.214 15.603206101823519
494.224 20.050680305239013
495.374 24.341972208452088
496.394 30.78244021815529
497.404 36.442675289922356
498.414 37.945715428010175
499.534 31.232018388569507
500.774 34.100555115278226
502.004 27.812677638331806
503.024 28.317001303725878
504.025 27.337736004672365
505.033 28.555974606312652
506.123 21.35891710819676
507.133 27.250268198274743
508.134 22.350863975304986
509.144 24.446448393408364
510.145 20.579385611420843
511.154 22.708556831895617
512.173 16.553717995249958
513.214 13.51313909339745
514.223 22.44139733975567
515.224 25.89441126147884
516.225 29.520636724431366
517.404 22.85241168821391
518.405 22.082159900774283
519.407 24.118011577548344
520.413 33.22833048257822
521.424 23.279925669044992
522.454 19.059814555443907
523.633 19.401452172239296
524.654 23.407800601948956
525.674 23.982295273168962
526.683 25.335820463298194
527.684 26.945998928982906
528.693 29.501008802743236
529.723 22.095005597250992
530.725 36.30103463149053
531.734 35.16076702036593
532.743 31.27953328733279
533.754 36.96659317571499
534.853 30.295801681428845
535.854 35.277596914651596
536.863 16.51916663862706
537.873 28.023972668085975
538.904 11.539541221296298
539.989 5.470854618563261
540.993 18.52384512522788
542.003 25.307613913854833
543.004 35.415787581553104
544.013 29.35571153508818
545.023 33.155262734525195
546.133 19.031801239950244
547.153 25.106444234387016
548.174 20.52597352719752
549.263 20.672481079400665
550.273 32.0273973349554
551.283 21.29209312957089
552.293 26.311396560591835
553.303 23.64303207868281
554.313 30.692922445998924
555.333 22.151665344228896
556.344 29.171924739516264
557.353 21.896337294022775
558.373 10.234604514076295
559.383 23.219863067842667
560.393 14.950606025675972
561.453 21.731788470031393
562.463 16.0136986674777
563.493 15.964465613322027
564.513 11.237046335653966
565.523 14.679223778521228
566.713 13.457663473269367
567.733 12.421082937012525
568.752 13.755960975072437
569.822 9.758746027914343
570.842 13.742474738822366
571.862 14.535309819908273
572.873 12.933746818306428
573.883 12.229760002081381
574.893 17.081278578642884
575.952 15.169288051146198
576.963 16.531121176351032
577.973 17.61506853422547
578.992 11.245753352807828
580.002 19.750228356555834
581.003 18.850624305539018
582.012 12.661172656737675
583.023 16.264490189635694
584.033 21.08470324551231
585.043 17.06625598120872
586.053 23.753653023425258
587.063 21.594105867597886
588.132 25.3554426534437
589.133 26.390874027754624
590.142 16.4105842719386
591.162 18.76376358569977
592.182 14.099289162498211
593.212 16.22617816436009
594.262 11.544670100442055
595.283 11.352839260995045
596.322 12.712832002782665
597.344 13.979342623452077
598.352 10.890512163569062
599.362 16.81438360085159
600.492 12.354838966696672
601.502 15.746803689686406
602.512 18.14885848980806
603.522 11.9031648318894
604.532 13.878538845147341
605.552 11.628247855926618
606.572 8.744368204257416
607.582 12.010274000608275
608.602 11.36396949556465
609.632 7.851376531141979
610.662 7.851376531141979
611.663 7.092212745195904
612.692 8.644907298137865
613.702 6.138584489199785
614.782 4.4927321261534665
615.882 2.940697391664087
616.962 2.7455585215382294
617.972 11.318844321301004
619.002 11.253639694636837
620.552 2.4347709586896205
621.562 25.088127912381733
622.574 17.373860262482726
623.582 15.243198285163546
624.632 14.633470353757005
625.662 5.757676122837451
626.672 9.875114178277917
627.682 22.33021314187168
628.692 25.577630470333748
629.712 26.692114396558832
630.722 13.546871109587984
631.742 23.520774072215204
632.762 22.871862513402448
633.772 37.89908684636389
634.781 19.16244421619592
636.252 3.8482953629866534
637.382 27.159894479914936
638.482 9.312208406936275
639.492 18.949543423181947
640.502 20.067263692016983
641.522 19.028041946061737
642.532 25.088127912381733
643.552 17.601750181038046
644.572 25.106444234387016
645.582 21.3246746071229
646.612 25.3861174506924
647.622 22.152283156677484
648.641 16.581370694578503
649.651 22.152283156677484
650.652 22.35145453371055
651.672 22.199382270405362
653.377 1.8935258310155474
654.382 47.04232088817415
655.391 21.105599879055923
656.401 22.44139733975567
657.421 19.865696164285055
658.422 21.543570634901734
659.423 28.00664182537226
660.432 22.578687634327586
661.442 30.159132490416336
662.462 28.277784558730637
663.472 18.759322221905254
664.481 30.72334159609407
665.622 20.21149187847374
666.652 24.33926724654014
667.662 34.16255715728577
668.672 26.19024028777868
669.922 28.121462644592974
670.931 33.6620960096335
671.941 29.62534253483375
672.952 30.662563472264015
673.961 28.661448381171866
674.972 32.52898037927139
676.131 31.169208962948808
677.141 32.0273973349554
678.152 27.46299163167994
679.252 30.553623770688255
680.271 37.866052693906425
681.281 32.561187290537994
682.282 30.052336142239024
683.291 35.79937194675309
684.302 42.394326887738934
685.311 22.541191565255314
686.322 25.063312751241888
687.331 39.539604836712364
688.522 19.691067756944665
689.541 18.309164817527066
690.551 32.561187290537994
691.561 22.68607311226008
692.571 31.49360737937281
693.581 33.093611555444745
694.582 26.121579394818358
695.591 29.387544135394325
696.622 23.53128368693377
697.691 5.799785158177533
698.701 3.73652968907813
699.771 2.0154312341623024
701.121 0.5990309501537955
702.161 7.257490357632522
744.234 0.01922115805166315
745.74 0.7159732471957715
747.054 0.20514758566910804
748.156 0.4892267288007404
752.59 0.06079475136878844
753.593 2.418818891448526
754.67 2.252623350160512
755.948 2.3201902998914616
756.987 2.85390106184917
758.049 1.776786716557868
759.65 0.6901045681794954
760.809 1.8606655915044552
761.829 2.9070619639816546
762.832 2.687576546053918
763.99 3.0261926238339405
765.009 3.7035279548271953
766.029 2.1142268828957484
767.067 3.3760414820806393
768.11 3.3598571988491885
771.088 0.6336291111432021
772.17 3.4878881570877183
778.553 0.7591798695435932
779.59 18.46224151047517
780.672 2.9896184203609018
781.971 2.905230936080763
783.11 4.260009390909344
784.168 4.076581135262124
785.21 4.3978759776166365
786.567 2.9797044314945613
787.689 4.084301932866787
788.751 3.8074001069097165
789.806 4.599194972744781
790.85 3.873044936339195
791.908 3.821794814308242
792.968 3.8145838806963392
793.97 3.766362261446019
795.027 3.829033062062613
796.069 3.8804788037793854
797.289 0.36631853832743966
798.311 2.373850634171107
799.328 4.505985023280762
800.352 3.158952276201656
801.507 3.9676075919277363
802.509 4.304414013081166
803.528 3.7035279548271953
804.53 3.766362261446019
805.568 3.8954324793238144
806.607 3.632237715080762
807.649 3.8804788037793854
808.688 3.3727921640035645
809.708 3.699897045067561
810.769 3.5569227011959583
812.108 2.8184428573330185
813.146 4.41482347656699
814.147 3.7701248611078038
815.168 3.6962732477658293
816.169 3.7701248611078038
817.227 3.821794814308242
818.349 3.12328971336872
828.938 0.5340514629773687
830.006 33.827595396276074
831.008 2.690258758175728
832.129 3.3665432524254344
833.168 2.85390106184917
834.169 2.9622409622989885
836.126 0.49569517111434236
837.17 1.8074209702916244
838.387 2.436485787396292
839.632 2.383603861142514
840.848 2.4384894763661906
841.97 1.6817713841216184
843.127 1.6308967095803422
844.587 1.1077969626131836
845.629 0.7760957607558772
846.649 1.5856701621718114
847.946 0.6235094700906891
848.989 0.7753516612728896
850.208 0.22113529743167185
870.754 0.03936005951073804
872.314 0.518392168402323
873.453 4.970010956060902
874.515 1.2691333689699056
875.534 1.3226885552954266
876.734 1.7970928504613863
877.755 1.8481366238829147
878.896 1.6537664268049566
880.138 2.170401993310853
881.235 2.211554556173994
882.536 1.8647773621236523
883.593 2.0402189409211577
884.613 2.378505243257717
885.655 2.586985869186257
886.693 2.337259487594289
887.733 2.073568673609292
888.812 2.500593020122523
889.814 2.9592846339933008
896.932 0.45356301515615455
897.956 19.768915109129605
899.054 2.7005493654474386
900.092 2.856650484837464
901.438 2.0027037709450815
902.553 2.417613700172269
903.613 3.3059726966034937
904.618 2.6822281350169948
906.013 2.512065274838497
907.076 2.0287031237569746
908.191 3.1428978102239493
909.596 2.686046253358656
910.634 4.155127977945401
911.672 2.5969549862158763
912.775 2.4439159344443153
913.935 2.3238269618035163
915.031 2.4595248865803647
916.153 2.162277493870652
917.233 1.9967698338459847
918.373 2.364595855870245
919.532 2.3258319893805695
920.58 2.3149573932470147
921.613 3.653334933174164
922.676 3.043054685635462
923.733 3.0603284113817364
924.734 4.308714126980347
925.771 3.63924299514842
926.833 3.2997467593217547
927.872 3.8916832661579592
928.933 3.810988608424241
930.116 2.7343762728913745
931.137 3.6962732477658293
932.157 3.4356186847055916
933.297 3.0739746126313188
934.335 3.8954324793238144
935.578 2.819252661624862
936.615 4.419080779823081
937.618 2.956334200659309
938.655 4.163149460528309
943.478 0.33534803346781
944.494 9.02084009581995
946.713 5.2416628956156295
947.734 1.8481366238829147
948.814 3.4943472092304737
950.039 3.960939343874076
951.059 3.699897045067561
952.077 2.9127732841466476
953.194 1.6892994565662094
954.196 3.4973363856284463
955.514 2.6588247787554655
956.794 2.316565002547881
957.855 2.5406590722828275
959.019 2.315841302140962
960.236 2.436485787396292
961.293 3.570383146612026
962.435 2.596500177987117
971.759 0.34628998625780416
972.774 29.751197513990427
973.813 3.8916832661579592
974.995 3.1928045566572862
976.172 3.8934467023589936
977.178 4.823211427679666
978.211 3.9142874284008906
979.232 3.168234212370711
980.293 4.319120422880807
981.294 3.7701248611078038
982.332 3.116345983459052
983.395 4.057406247513949
984.415 3.699897045067561
985.617 3.812468193574489
986.653 3.902952619245289
987.734 2.7430186894183977
989.02 4.401899283789555
990.335 3.279865278408614
1012.254 0.221367338667172
1013.413 65.355878901594
1014.713 2.073568673609292
1015.714 4.0394194940440755
1016.731 2.9156373680051995
1017.732 3.2315355952352602
1018.752 2.9070619639816546
1019.815 2.78946679516584
1020.972 0.5656023363112277
1022.011 1.5566733064631837
1023.09 2.498275510372641
1024.133 2.0676044300610394
1025.213 2.2463660630767333
1026.251 2.0775639889727007
1027.471 2.4304944289026946
1028.492 1.8481366238829147
1029.571 1.4989653062235846
1030.692 1.4428042510394716
1043.662 0.3112685678172037
1045.917 0.4809584475502524
1046.918 8.341834331365096
1048.017 2.7038296562422883
1049.235 1.9918516815458718
1050.54 2.0656239660475704
1051.959 2.469577912896197
1053.195 1.5266565477220515
1054.215 2.1142268828957484
1055.277 2.030613390351849
1061.354 0.7086913365407833
1062.458 10.016690778339235
1063.717 2.569314639261712
1064.775 2.038290567631062
1065.817 2.8456844561048826
1066.915 2.4550448776794895
1067.917 2.4212328823581557
1068.937 2.378505243257717
1069.957 2.378505243257717
1071.019 2.538266737939811
1072.336 1.8421225118624691
1073.414 2.500593020122523
1074.699 1.4684416287816775
1075.718 2.3808393995317685
1076.756 2.337259487594289
1077.836 2.495962292307481
1078.897 2.5406590722828275
1079.978 2.7430186894183977
1081.035 3.3153557789968815
1082.114 2.248447959335377
1083.236 1.6817713841216184
1084.316 1.7471736046152369
1085.335 2.116301688472683
1086.356 2.376175659278033
1087.395 2.335009959694775
1088.497 2.446133644003702
1089.602 2.197532018227239
1090.694 2.468534135249157
1091.714 2.378505243257717
1092.776 2.28444006414583
1093.777 2.4236516964264454
1094.857 2.495962292307481
1095.974 2.4132849379517274
1097.054 2.495962292307481
1098.055 2.4236516964264454
1099.14 1.9875681295425474
1100.156 1.8572317844335193
1101.196 1.2959804210058077
1102.199 1.6125459276323506
1103.877 1.2859340611530492
1105.297 2.088171269902315
1106.499 2.242628349161464
1119.332 0.2515749662496305
1120.454 32.19952930768525
1121.459 3.2186737620203942
1122.476 3.1806953105511266
1123.597 3.126075877252189
1124.655 3.821794814308242
1125.763 2.6761761762285987
1126.796 2.870477447493986
1127.876 3.244750979999725
1128.877 4.0394194940440755
1129.98 2.6875929325862775
1131.374 0.1591663638037958
1132.515 1.181261733432112
1133.739 2.2023196696830714
1134.835 2.7054773752384014
1135.856 2.9042146946731515
1136.954 2.4550448776794895
1137.974 1.2748339912489992
1139.198 3.0832475375563
1140.217 3.174452532709024
1141.315 2.9460538532153877
1142.354 1.176797985697375
1143.415 2.7947249795111104
1144.436 2.376175659278033
1145.8 2.3715301545678122
1146.974 2.5257267489448787
1148.077 1.9397689485523666
1151.659 0.7525514449168285
1152.86 1.7955965200280297
1154.138 1.4764847362945663
1155.818 0.6418188751647809
1156.107 0.0
