0.0 25.942541050917725
1.009 31.473746035630565
2.2 28.047404276839757
3.289 29.79765127118549
4.31 25.87795088748131
5.379 24.647005303454183
6.52 33.56298805115578
7.539 32.682442097244135
8.599 34.46515423991373
9.8 32.04150000606718
10.809 46.49063139903599
11.81 40.21864622512259
12.969 24.06982763092715
13.97 37.2558068362583
15.119 35.00397532675217
16.13 31.336745640519727
17.131 41.05625048474627
18.27 27.356367878116373
19.271 45.42919346160894
20.28 39.123238930331695
21.439 33.84566278177036
22.549 41.94546731074485
23.61 40.8237833540599
24.611 44.36922846205259
25.799 35.34657892205909
26.889 37.13880389476941
28.029 35.916643076040494
29.03 30.895865263773707
30.031 21.496842003729434
31.04 37.2886839211838
32.041 36.4113816950416
33.11 38.92450400482455
34.119 40.60787512748885
35.12 39.00862183051965
36.129 44.8347199432379
37.139 50.45319101223282
38.14 49.41364933796211
39.149 44.90855326368804
40.16 50.47697402837719
41.161 51.38761247098403
42.169 52.79532980303004
43.179 50.96575692737919
44.182 43.095380956730665
45.189 35.054598239714245
46.191 41.63671976139354
47.199 35.9920469470066
48.214 36.00811444972845
49.349 33.96098542476194
50.35 49.97250690315076
51.359 36.96267447365653
52.369 39.780643276107774
53.589 34.88421190019914
54.599 46.03358690214895
55.609 35.88517236589075
56.619 34.04747634010367
57.62 41.470960085602286
58.629 31.60517235349903
59.639 39.251853117457365
60.649 34.9614420574983
61.659 42.62274015437688
62.669 46.44400017301058
63.67 55.14334145125105
64.679 44.43352381500786
65.68 28.039431627760642
66.689 34.86902616280683
67.699 44.80054439584139
68.709 28.07334934316908
69.719 34.319683092227116
70.72 28.687415379098177
71.722 34.38654467856382
72.728 30.80022285303602
73.87 19.81109887907172
74.879 33.80739023128354
75.88 61.73170676952878
76.889 46.87197824356051
77.908 48.408269092271105
78.909 61.16966612626337
79.91 45.12301166565529
80.919 40.180213287651426
81.921 45.779676951581955
82.929 40.27155331949146
83.939 37.20669708908612
84.989 35.36692081197145
85.999 44.3895302270722
87.009 34.85989031112113
88.01 40.112846772857424
89.209 37.28934109917693
90.216 54.003261836992195
91.219 32.99035103971289
92.309 37.158013332924305
93.318 22.422472665906742
94.319 22.209851492920492
95.329 24.866357210535813
96.339 18.921674211071537
97.349 16.646073835152073
98.368 10.591984368870317
99.438 17.052807308313454
100.468 13.90464923374983
101.498 14.710715855996195
102.508 9.658832966075895
103.538 9.083127557443937
104.548 11.713903809921831
105.568 10.785092379516952
106.579 9.303654456733712
107.598 12.221520425619595
108.608 10.686368387998865
109.628 4.08844014193732
110.648 3.4593692538073246
111.668 3.255876944759834
112.688 3.052384635712345
114.049 0.305014188432681
168.133 0.0038377737450713606
169.144 16.424305062586704
170.184 10.465496517453964
171.193 24.852506186220687
172.214 20.642710263291992
173.224 23.717290186809386
174.235 25.869481080669278
175.374 21.783907631929814
176.375 38.40520117225656
177.554 29.96403281656831
178.564 39.94018167056424
179.573 32.390121300036085
180.764 21.812213122482305
181.903 13.120698135599334
182.913 18.395588093005127
183.914 33.293329356149336
184.933 36.561821887315936
186.163 28.58864494698088
187.174 49.92379430925534
188.194 41.906028011871854
189.203 38.589413497341944
190.213 51.17126401176379
191.214 28.69332680981213
192.454 43.368880901331806
193.785 42.18607033116277
194.794 52.57518872158941
195.904 56.47924695671915
196.905 64.25224988087191
198.023 48.92087501164915
199.024 60.79709441613761
200.033 45.38749241976476
201.193 45.593749059395925
202.283 46.39803148308245
203.284 60.132892124123316
204.285 55.127122910574286
205.294 39.5257884188144
206.464 44.62892384473939
207.594 56.588830592545825
208.604 61.85763239976266
209.605 50.27308041868346
210.613 35.93921353500061
211.614 31.73741047720669
212.615 49.97250690315076
213.623 40.47295247978779
214.624 47.484249298014625
215.633 29.797684549404128
216.643 34.73069726099631
217.654 29.480907223086
218.655 42.71508888817036
219.673 38.663188027420915
220.683 34.35844100726456
221.693 34.533302298363736
222.703 34.194696327455205
223.704 48.82629564522925
224.713 47.66985929917845
225.714 49.765152102722745
226.723 35.74374800610302
227.724 42.92244368859838
228.873 35.908789510217865
229.874 42.09302448688632
230.875 33.59890485151693
231.883 34.7996073746094
232.903 30.34088178100619
234.823 2.159577004935274
235.824 101.44515303132785
236.843 39.51624937617002
237.853 34.73069726099631
238.863 19.37565258023107
239.883 42.529892590925336
240.884 44.698146529982985
241.953 54.08880210462385
242.959 44.15338093328633
243.963 30.152058995984973
244.973 35.64977061060518
245.983 43.156487720764645
246.994 34.708500591553495
247.996 53.48048948316901
249.003 44.935970493725286
250.154 40.65682943005382
251.253 46.061416294049636
252.313 44.521200563853654
253.402 44.380971708252034
254.475 44.09421746635894
255.483 43.44547162592514
256.511 40.44210824401372
257.513 34.1793968190544
258.523 25.356089005195013
259.526 23.798253091994557
260.532 22.901987306517675
261.533 20.429752972287037
262.544 33.88518427600753
263.553 39.16519309816386
264.555 48.3746278787844
265.563 62.59811030698968
266.564 38.27272449420533
267.573 59.86183069521891
268.58 55.08252549859875
269.583 53.43382496299932
270.683 47.50839521885394
271.684 56.40050571641912
272.685 48.73171275380595
273.693 42.47068764828762
274.694 44.98007630249475
275.713 55.713337484100094
276.714 60.7114544583585
277.715 61.2372686416076
278.914 62.697556118480435
279.943 58.402401983583914
280.944 57.5671796191197
281.952 56.257498776106054
282.959 32.85689619194191
283.963 35.971927300546284
284.972 23.465612673977155
286.082 19.447401685116542
287.093 21.967508021209714
288.252 23.894144058480794
289.253 36.49444487533002
290.263 28.359376747166348
291.343 43.34523364823705
292.692 37.39416966377222
293.693 25.50464045264541
294.862 31.629375518439375
295.863 35.04296127233393
297.093 12.608613924856005
298.094 23.223737647937284
299.103 22.16683795151728
300.184 39.19911084616703
301.453 42.75513148243087
302.762 41.21113353592596
303.942 50.479094549785934
304.943 66.89602358632906
305.962 58.223156542265826
306.963 60.96231132583537
307.973 72.09482960186244
308.982 41.88319160556945
309.983 42.605500057242395
310.992 42.34258222466347
311.993 44.68207956445275
312.994 59.09611812198327
313.995 41.879909830890874
315.002 44.10953447754325
316.003 35.72126005297381
317.043 25.745690408142977
318.053 31.316395350255778
320.184 9.05832024225475
321.212 11.104979122144135
322.252 11.974739724717661
323.262 13.768974653767767
324.272 16.422539813540762
325.282 31.853598079612
326.392 17.977019392434173
327.412 6.511753889519668
328.432 7.529215434757118
329.452 13.227000088086829
330.462 15.824045497613701
331.472 29.08120535861955
332.482 47.45921718782862
333.483 34.32904233226381
334.488 31.309752588312534
335.492 31.153697154501558
336.501 26.963447433632016
337.502 31.170671004399424
338.512 35.96358954282698
339.522 36.50484833305921
340.532 30.30418282497552
341.533 30.50662028753165
342.622 43.726554434029225
343.632 45.828079817764355
345.032 39.59428015523878
346.082 38.151900913417926
347.083 37.46907306740028
348.092 49.45674595276078
349.093 43.2401451956869
350.094 54.119602911710984
351.103 50.33176854277977
352.112 48.33330656969979
353.293 46.94766506529937
354.302 53.27908642632886
355.303 39.971427161162
356.312 47.42595370697862
357.322 60.419082809070495
358.333 52.57713598968785
359.343 68.33621319009158
360.344 75.75771295198933
361.345 55.56941918809544
362.353 55.01854773843863
363.362 50.702288505283086
364.372 44.616970085082635
365.373 40.61910776220651
366.374 58.15362386097349
367.462 55.88758963079349
368.472 56.37699280940949
369.473 57.22977334298465
370.474 63.86724900873218
371.475 73.40117414917188
372.482 46.91534878808873
373.483 64.05505061526019
374.522 56.935196747132075
375.542 59.95124402273444
376.543 60.87439774085857
377.544 58.95363748426226
378.553 67.48711347873375
380.398 31.04994842441696
381.402 109.07881860470819
382.412 37.28691695974502
383.413 53.066761944040685
384.502 55.09170791346356
385.503 56.193150915991104
386.512 51.27776735938219
387.522 52.404306518071344
388.532 39.39051030962621
389.542 33.734708979220095
390.544 41.76664144520867
391.553 56.10189516663414
392.554 56.485994099051716
393.561 58.75741600628881
394.572 46.410517796872725
395.593 54.29260612237275
396.602 47.42535221353299
397.603 56.44916133844937
398.604 72.10884445001307
399.622 46.13192844885005
400.623 52.96945069998018
401.632 53.209463559998085
402.633 59.85823795864411
403.642 43.06272025243471
404.661 38.90517335488905
405.752 21.34298489408166
406.771 36.66456127685879
407.772 59.92553732369531
408.773 56.15783390685388
409.931 50.055667468507394
410.932 52.81802712861498
411.942 59.06991678212749
412.943 54.04123856096444
413.982 50.23497976626367
414.992 58.281989400842996
416.001 48.25631540866015
417.012 39.828939776772756
418.013 12.06523008718515
419.021 37.88832992265165
420.032 29.56374911265607
421.112 33.65495369166565
422.133 52.246301560929425
423.221 51.502854720519935
424.232 34.08043300486741
425.241 20.571075840281413
426.271 20.7643174351655
427.272 26.126704853929443
428.288 17.817436182127704
429.292 26.46210743948232
430.294 18.021863777319595
431.311 16.255198313660355
432.321 20.139694269690168
433.331 23.222300535459073
434.332 22.44342879369503
435.341 20.776786598684225
436.351 9.247818797306708
437.352 12.103123873813077
438.851 21.41877241052263
439.901 23.919067412039215
441.131 8.547025276629649
442.151 10.581600070469461
443.171 8.953661598089546
444.661 0.4179103796545761
445.856 14.69412989475062
446.881 7.492487554587571
447.911 12.494032644818686
448.931 8.300046681456015
449.932 10.160385220972561
451.102 28.345923310680483
452.103 38.19526959433785
453.111 45.276427818634005
454.132 23.785281255364758
455.352 9.807888893550727
456.368 6.1288037961153385
457.371 20.90107445470826
458.381 17.46810217269045
459.382 14.30748122953279
460.392 24.115685499519874
461.401 29.242957219178997
462.412 26.84602487674248
463.431 25.67680691174947
464.651 23.395514282705147
465.661 24.660850126151225
466.671 20.730977810726543
467.711 15.802775733938748
468.871 30.170858601736246
469.872 41.84156131882341
471.131 38.485199741461216
472.133 51.643869316509836
473.322 38.350747322817725
474.331 49.29494421588839
475.661 38.92155467307155
476.701 37.92000912827259
477.761 39.691996662622614
478.762 44.1736965230525
479.763 66.45069580587767
480.88 48.98287345006799
481.891 47.67130532273887
482.901 48.865768964943356
483.911 47.05030616173588
484.912 49.251767081487614
485.913 67.37212112152231
486.921 65.62316182005036
487.93 51.72858669687607
488.931 47.27689449758661
489.941 33.65073349663896
490.953 33.431453855964065
491.96 26.365644332478887
492.98 26.860984794268635
493.99 22.1947651135361
495.0 18.767393673306206
496.01 30.209541404535248
497.02 17.12634148776724
498.031 15.1924821828927
499.04 21.188208115489857
500.054 17.557953891614126
501.081 15.96631963295688
502.111 8.463699533586851
503.121 11.840993717370198
504.288 7.825822476479294
505.29 12.221723711055816
506.3 6.028358033091633
507.311 12.318228796940028
508.35 10.543619856058568
509.37 14.447953942371765
510.371 9.676708928453712
511.38 15.634017638613875
512.391 10.773797844828552
513.631 9.105316343124583
514.651 18.31430781427407
515.66 11.294242428449243
516.831 12.766682845179915
517.871 15.168003651309036
518.88 12.691361329268355
519.89 16.029552581998296
520.9 14.385495906921548
521.93 8.207826411722463
522.94 9.658832966075895
523.951 9.033367784422685
524.975 7.905199271395643
525.98 9.94889475677092
526.99 20.139694269690168
528.0 13.62385780909268
529.02 17.29684626903662
530.08 4.169765215684424
531.35 2.941825822135362
532.37 7.529215434757118
533.38 10.21646622428906
534.391 20.530381328233375
535.591 21.175613469294195
536.61 21.944835811021775
537.63 19.220056841898458
538.647 16.387530272471405
539.65 19.057965405173164
540.75 18.18679245825372
541.76 26.715920969997157
542.77 13.45350325230019
543.79 12.82001546999185
544.82 7.657632911340484
545.84 7.936200052852096
546.87 12.547505266140952
547.88 12.038538904479658
548.93 5.534990806091719
549.94 14.179988822536954
550.956 11.761359663027674
552.0 12.435632559510122
553.02 16.889861650941643
554.03 14.112988705844314
555.231 13.653130943419416
556.24 14.182162834243137
557.25 15.54928492938313
558.251 17.01461334623183
559.26 25.33595654313958
560.27 14.796510075690735
561.291 11.797086972416725
562.47 7.74617033931411
563.48 9.042311712922116
564.49 9.247818797306708
565.53 21.71544936409661
566.531 31.485037858264704
567.54 28.957247832508415
568.55 24.639067577002272
569.551 26.80166898134606
570.57 26.834039571933626
571.571 26.84395844722283
572.58 31.975842689363745
573.581 37.55289412342125
574.59 39.43902298928339
575.591 38.07234215051685
576.71 29.437017871957416
577.752 34.23563494828672
578.76 38.91308738400992
579.771 52.51290351009366
580.772 55.56547823428614
581.773 44.27297824401765
582.89 14.253346783383993
583.891 40.84889568431825
584.9 40.44035920288305
585.901 43.524803320835886
586.91 39.89886472846161
587.959 31.013578320261843
588.97 29.358445299373734
590.179 18.358556827538283
591.18 29.651736461205633
592.217 31.540283710411423
593.219 39.77238902580876
594.22 32.62139673166295
595.23 40.69040270814951
596.25 26.150992987920922
597.259 21.393918873892673
598.33 9.966221421039997
599.34 16.851580919536673
600.349 28.343423771250894
601.35 35.87238047404598
602.36 30.08710845587045
603.361 26.923686974287985
604.379 32.88326438704212
605.389 40.48489562376493
606.399 21.273588621250777
607.54 12.91578704751902
608.75 19.014367679410658
609.769 18.739664652616714
610.77 22.159528544278604
611.789 30.72369330095971
612.79 34.956866589115286
613.879 48.11980235627612
614.89 44.197048540950824
615.999 45.87578509722695
617.0 47.54866873528209
618.09 47.90889555361297
619.139 39.59474413774386
620.14 40.43418608346224
621.159 35.721443460388585
622.16 29.227477626119374
623.169 35.99938272049248
624.172 23.384370429525084
625.179 15.324097543444745
626.18 25.919350053501432
627.189 30.898567928254273
628.19 37.73857367789808
629.2 33.292147670304146
630.212 25.482742786642284
631.289 21.626904316285394
632.299 25.071864294920413
633.339 11.974739724717661
634.419 8.008080174038545
635.43 19.914469888386378
636.599 42.09722139393704
637.609 46.44460107091815
638.61 40.88527371948106
639.629 46.645469624448126
640.236 43.76928479281755
