0.0 16.465553446145197
1.021 60.54359738271601
2.139 35.20899149594725
3.14 31.13550521384862
4.299 26.27175375640757
5.3 29.224655556689722
6.41 31.702171394948973
7.411 30.583800367271618
8.439 31.685720306818045
9.769 18.37900845621864
10.77 25.7886197156995
11.911 24.70401788234156
13.02 30.625834323828002
14.021 35.19409807132487
15.05 32.30713016441292
16.051 26.715389650077515
17.099 26.178650116396813
18.1 18.304196869962308
19.12 19.872583789568782
20.13 19.480537602265585
21.149 14.636372145640072
22.279 9.272168485995508
23.359 6.967875853369908
24.509 5.514279914884127
25.539 7.827988129306
26.549 11.707229661400692
27.559 13.845949465459784
28.579 7.181480848985434
29.639 12.187913575731093
30.641 7.510285350937625
31.659 9.466103850829635
32.679 17.7962430747488
33.689 18.023990636117837
35.009 4.885222768608179
36.029 9.684838944580543
37.049 9.485679733159035
38.249 8.971140161213759
39.282 10.013700135153627
40.439 11.109904276704556
41.769 6.466428289271321
42.839 7.131594740902096
43.849 4.789798677139711
45.029 11.888655135379723
46.039 23.463477730315972
47.059 19.889918730601604
48.109 19.03161902324168
49.119 14.95936757900542
50.129 24.407082074971783
51.149 18.32727010172085
52.289 15.600169618093364
53.308 22.917880795364418
54.319 19.25431279923057
55.329 22.79103076691149
56.339 23.678614074407772
57.549 14.257019579926947
58.558 24.26996075258406
59.559 22.282320503996164
60.568 19.190644466012788
61.578 21.030647481169353
62.579 28.950471397789666
63.749 16.437040474616197
64.758 12.519091686148116
65.961 4.8859268600378964
66.979 17.79994202800346
68.048 19.339902366706873
69.219 17.447563823507174
70.239 19.73871952270423
71.242 15.989671258657083
72.248 14.910852287305282
73.388 12.217565066007277
74.668 3.7794505186805534
75.688 12.836909055714958
76.698 13.01360912516248
77.708 12.108519243553843
78.718 19.33153720482045
79.738 14.18190786940586
80.758 14.629341958508533
81.778 6.8505760857144935
82.788 13.171168292173656
83.789 17.736005645899546
84.799 12.921991387307836
85.818 10.210081798283097
86.828 20.475300046827492
87.829 15.305442565141968
88.858 13.669142896769033
89.898 4.910055374696102
90.918 5.207608896715011
91.938 10.355123331182913
93.019 10.2022462207292
94.028 16.636629820510663
95.038 13.428709449115377
96.058 20.400721659702032
97.218 20.391808444810824
98.228 26.99299758885642
99.238 25.716768336065908
100.248 23.642239303752103
101.25 16.87382929463482
102.268 17.792608451115967
103.278 10.064723974681728
104.288 6.987068245730119
105.298 17.308360789902885
106.308 18.844854444497045
107.479 12.10736825150503
108.488 17.51126836496408
109.638 15.774072794501237
110.648 17.28365706865545
111.66 16.994991191182184
112.668 18.59651658928114
113.688 10.599931220657513
114.698 15.518799880640158
115.699 14.148452145159258
116.708 14.252207822430378
117.728 8.737195501453057
118.747 6.329992363639003
119.818 4.195055729942409
121.448 5.931967191742933
122.468 19.078836100721553
123.479 16.4645818206999
124.697 16.621418919733344
125.698 18.314010189894304
126.708 16.458902910473498
127.84 3.12153488814904
128.848 11.305958604722791
129.868 16.28290272258363
130.968 17.078856676653217
131.979 19.139078021418594
132.988 20.989377964156315
134.028 20.424183094852005
135.078 14.725905834795165
136.098 11.032534304654328
137.108 25.458449109163634
138.118 22.383308805594886
139.138 22.9208368649622
140.178 27.152462653198842
141.228 26.221029919855145
142.308 24.686079591728365
143.388 22.16462681385764
144.399 15.482851470773953
145.417 14.080467623986344
146.427 10.89881497239027
147.547 10.479353635779027
148.548 16.24575488102614
149.559 27.79762101461941
150.648 16.778524976356568
151.667 17.241046273630317
152.858 16.15398180064444
153.868 12.761514457944603
154.917 3.586895100876788
156.622 1.8878852222831881
157.779 32.80383134902065
158.798 34.57125946359761
159.958 25.968807666411596
160.967 29.87050291731962
162.148 25.580736539923418
163.158 29.903757311270272
164.298 23.862286361322987
165.307 26.606769328243868
166.718 18.51998266438879
167.728 13.304996325388085
168.729 18.66611210905444
169.73 27.53519439719673
170.737 21.334050530922255
171.838 21.294518671856874
172.857 30.811091302411835
174.088 20.28975753995979
175.099 33.94256898084237
176.107 26.134212132638073
177.277 16.43670464100074
178.278 12.10963679608709
179.287 15.163451898129848
180.297 16.422722657307972
181.307 11.531191332826479
182.317 12.146450154130607
183.327 11.127762058281817
184.517 12.030779266129999
185.538 22.79524937688613
186.687 24.496107262048394
187.767 24.820147169629728
188.908 25.70200000904083
189.917 26.87157529895995
191.097 17.709277821608822
192.117 20.73278208570849
193.136 18.362993198173523
194.147 17.48614881388294
195.217 12.155347056903802
196.237 16.019026397972926
197.257 5.006330970278379
198.306 4.920181766663226
199.917 4.841035308951764
200.918 11.423685732840342
201.928 14.795194817329577
202.947 9.94826011121494
204.127 4.099742935517888
205.147 18.50389388979969
206.148 27.650206506799762
207.257 25.710567630645407
208.307 18.563850773149717
209.487 20.054342768277497
210.497 24.72239492648427
211.507 29.839566539524977
212.509 29.354306358211275
213.517 26.82124674996065
214.518 30.522565250895948
215.527 26.558286470370113
216.657 23.91715620888361
217.667 26.854112100898423
218.677 29.70748916372178
219.807 21.162680100735876
220.817 29.32448422564153
222.047 23.075418500378166
223.087 27.322289514612038
224.116 31.052365699268268
225.117 28.745569277609516
226.126 27.46446807898236
227.127 25.231615676359223
228.128 23.696419906197256
229.136 29.112336658223583
230.137 26.818625775762147
231.147 27.522863231990296
232.157 21.90364197690534
233.166 12.713217827915717
234.187 20.39902061319759
235.196 25.296563904017
236.198 26.42364023612312
237.366 24.31696451995203
238.536 31.08089735953369
239.687 33.60825874958752
240.697 27.211635247770694
241.767 22.235717873058533
242.777 27.161449735315284
243.787 24.55394278002541
244.788 23.704663094940138
245.797 21.456098487543414
246.817 22.88058127967487
247.827 26.06573271337214
248.837 25.05551258655633
249.856 21.647910653451344
250.857 19.782279118120034
251.986 22.815423329091434
253.147 23.65183734290585
254.387 26.5519291799702
255.506 22.23469284047061
256.507 28.797383606850477
257.508 24.437914360259125
258.727 20.841965037022128
259.728 28.60680893377105
260.747 27.410301362650983
261.757 28.243161497968543
262.766 26.348194086250516
263.787 21.07345904704713
264.936 24.422412389435994
265.946 29.229559690454554
266.957 24.47563361715621
268.096 23.147062157614883
269.097 29.045464334731417
270.098 26.846691870767664
271.107 24.827506857358877
272.266 21.329336220142512
273.267 29.44172619358555
274.276 24.56055907364435
275.677 19.69548734285507
276.686 24.902080891759066
277.816 20.848165975908557
279.016 26.501176324835225
280.186 24.560183965136307
281.326 23.807828289259646
282.367 24.295316734949456
283.526 22.3780976598267
284.716 23.660284604605437
285.806 23.16547158173331
286.816 23.294831066366974
287.826 17.53594625336347
288.856 22.243579231853747
289.865 18.539922735032523
290.896 10.685777756906873
291.906 14.07917593613435
293.026 17.53025835354026
294.086 21.77251149756357
295.096 25.507629839499526
296.275 28.062667085517216
297.276 34.29971209272246
298.466 22.308748351827155
299.606 20.011101119552674
300.816 27.927898481515513
301.826 29.582025382583254
302.837 18.74887324258817
303.84 21.27966846174597
304.842 29.52586806670309
305.846 27.516513902122988
306.847 26.040233238755963
307.946 15.57292866439927
308.956 18.213061636531247
309.957 10.11772911628988
310.976 10.222228165208941
311.985 11.507571820067186
313.026 7.745271636104879
314.13 2.9156198405732208
322.187 0.15162031168054757
323.278 11.656304590238507
324.288 15.43593542984169
325.338 16.080562687061494
326.588 19.78158998754113
327.589 24.687761485727826
328.59 33.262836708707425
329.598 32.11501901693892
330.817 27.718319480449516
331.838 29.916972879084522
332.938 27.43047449753838
333.948 30.551306035937184
334.968 31.142992007284587
335.978 31.892309612943404
336.979 31.91134628767248
337.987 29.186205061050607
339.008 23.725801235972114
340.009 31.47779381307675
341.268 22.762829129876362
342.27 32.0928233667886
343.327 24.034985942738608
344.328 29.0115102477667
345.329 28.997967866260545
346.348 27.442884473928245
348.259 7.663688835847367
349.397 2.1255257750048804
350.457 6.262340119174595
351.468 10.101795429641834
352.477 15.393988860870913
353.478 24.46833565204832
354.638 22.006020221089393
355.659 28.167858652638778
356.66 32.98060562746312
357.661 30.3019618188246
358.738 30.612969344584076
359.897 19.772382312998623
360.957 20.66657496710557
362.097 21.308271715820858
363.098 28.98324788636254
364.197 24.183678118066698
365.208 31.621938767300072
366.216 21.487129471411944
368.357 2.2595500532046278
369.457 2.1989530290505037
370.557 2.662604918541659
371.737 11.995044663311658
372.747 17.883743525728875
373.769 12.093603444466684
374.787 11.634719732007465
375.808 10.921861770413681
376.837 13.758114327194688
377.937 12.132819783094444
378.957 13.494673762682512
379.996 11.898943778200778
381.007 6.944790032789702
382.307 8.006911476212647
383.397 11.765770503111357
384.407 15.304247089018768
385.427 10.803135251653345
386.497 4.474942123664835
387.578 14.334141400796863
388.597 25.874460744694463
389.705 25.933603723722282
390.707 31.199722130011217
391.717 31.797579595246564
392.721 24.065502387560045
393.727 25.07672110299677
394.857 17.784391565899128
395.867 27.2863299639834
397.087 20.098774773336732
398.257 29.553358159656447
399.266 24.509497077318652
400.267 22.974552091999396
401.276 23.632569914502536
402.297 19.09305380847952
403.328 8.529833438529566
404.346 11.305866705263048
405.546 18.24728860989998
406.556 17.725406288757153
407.586 14.245832100718255
408.596 13.420539714529612
409.617 15.498037186621895
410.646 15.211441641357968
411.659 9.695393693042512
412.666 12.282728527071544
413.676 10.377897133802707
414.686 9.507236847948363
415.756 9.239804385737138
416.757 8.860250300203496
417.786 7.310358582763773
418.806 7.6412420072669995
420.186 4.910712440465463
421.196 9.763416382459125
422.217 4.691820922269148
423.346 5.502172724407698
424.376 4.6967928775836
425.436 3.2992370491472247
431.266 0.39626148854017057
432.297 2.3461186536911285
433.686 3.2893705818130083
434.957 3.171844127924933
436.006 1.9065680935111584
437.046 2.538524319989467
438.076 4.6967928775836
439.317 7.111441882514169
440.376 4.314386910423295
441.407 3.1281582049215055
442.426 5.274993636365836
443.576 2.222248997236902
444.596 3.952366555482931
445.976 4.089840174804077
446.986 4.219473396057285
447.996 7.982997795232851
450.516 0.8532092881677438
451.726 3.7334400990893792
453.736 2.807949970761008
454.805 3.771201016457053
455.816 9.22985490701264
456.826 9.580958976710383
457.945 12.353270397482314
458.955 10.377897133802707
460.145 3.9528618395124404
461.165 8.168224214664725
462.866 3.3932255356671197
464.045 12.402976322438468
465.105 6.085153036366173
466.346 2.8153843956864715
467.796 5.354623808501014
468.935 2.831546189002697
470.356 5.321774034248249
471.625 10.496277198021051
472.655 10.9591833810284
473.665 6.780685188694492
474.696 6.6618183993698725
475.785 4.689125426707022
476.845 4.56386477727463
508.644 0.016903734442771115
509.645 8.194907208813945
510.765 29.39520001712295
511.905 34.681347456463214
513.045 35.77655850013301
514.046 39.77417074998757
515.065 32.396866984396816
516.226 35.444673799875524
517.265 39.07905240250021
518.305 50.30842132413119
519.307 46.115734356444136
520.325 43.15964389381932
521.485 32.58229050710467
522.655 51.78520766887346
523.66 46.69340866513531
524.745 39.978973196558066
525.934 42.1565257521443
526.935 47.163993191580296
528.124 29.606213117149533
529.135 30.59823419813738
530.165 32.18115675468129
531.174 32.712982763306485
532.194 25.673625500973994
533.204 28.379518258554757
534.214 23.9246786994314
535.285 24.744206675747147
536.424 23.95067897624083
537.428 29.21364606734211
538.544 47.041013475175845
539.545 49.27228684577101
540.564 51.52951568682372
541.724 34.47970580737796
542.785 46.15465355783477
543.786 52.05573691128329
544.994 26.44423251044323
545.995 38.182646523415926
546.996 37.13163995869881
548.034 29.177166273308586
549.035 33.36744669918253
550.114 35.24565701778206
551.174 34.51033519326598
552.184 38.442297058335114
553.195 34.7183147363658
554.205 35.909095784277675
555.206 37.17894016077105
556.207 41.74821818750855
557.214 37.66327807650602
558.314 34.63029536393571
559.315 49.18592963036942
560.364 37.22639752564105
561.365 43.19195381590427
562.366 39.906258036272284
563.503 42.24050972560015
564.514 38.25736325830788
565.515 34.79371461809931
566.516 48.70998361366746
567.517 36.48494217518005
568.524 35.795809725215335
569.525 46.249195507519325
570.724 34.81207002789505
571.765 47.19595614556131
572.805 44.783097776328546
573.806 48.29272125015885
574.904 32.70387661909363
576.034 39.511075989984825
577.333 29.31089869885731
578.334 27.75187250129527
579.335 38.77085692013997
580.364 28.618061540626407
581.373 30.934399846726013
582.374 26.47103798377073
583.583 17.499152200177367
584.584 30.18145425005965
585.585 23.142163596437943
586.586 13.98535476788943
587.683 7.362245849656193
588.685 25.61641788885364
589.694 24.993984140419354
590.703 26.843926440252833
591.713 14.932718682856615
592.714 13.865043465523119
593.724 13.528302404065652
594.733 21.01644269204568
596.193 23.376231306743108
597.203 23.516775522613578
598.213 24.61190899208631
599.215 20.105071530000632
600.353 23.735901013616473
601.604 26.13974234240535
602.983 22.98000570756363
604.043 24.95465064477881
605.173 17.83116011182425
606.253 19.32828804230001
607.283 19.64798316792597
608.423 17.22305463271506
609.505 8.310988081467611
610.523 12.13359594922244
611.66 16.89095106260842
612.733 20.745944757564278
613.776 15.386812769904296
615.523 2.2386166786617694
616.543 9.222188629460172
617.544 16.835731675337936
618.554 31.3178994645681
619.683 34.582997519146346
620.684 30.675653041835133
621.885 20.680926251047627
622.893 34.26402431923642
623.983 28.834591034448795
624.985 26.041302714341366
625.992 23.948740339112575
627.003 21.953488286259752
628.004 21.742391641337562
629.013 17.216282301997268
630.033 21.09315624873522
631.043 17.525442308896057
632.044 29.42425848410659
633.053 23.949558238271496
634.093 22.953451000815615
635.113 18.917813759572248
636.223 20.477958452526035
637.232 22.635653318865508
638.243 12.965175616925853
639.252 15.351736731719889
640.373 17.5055069557387
641.563 25.178093829450095
642.573 21.823306253478655
643.583 13.018472062415912
644.673 14.203890200338405
645.683 14.611375789149875
646.692 18.120711518156252
647.703 25.923161205556525
648.723 24.82536905310134
649.732 22.660965654301606
650.733 18.298112611604466
651.753 22.195273277510726
652.776 16.175618133796018
653.993 10.642266238564346
655.003 16.299398568560953
656.004 18.24296175358663
657.084 14.137125938404406
658.103 22.898986446813108
659.112 17.725060244262803
660.122 21.59863855237013
661.162 16.70272684363958
662.192 21.654191236737873
663.312 13.781329713178208
664.322 16.29122883397519
665.332 16.188718116672856
666.342 15.19298308466026
667.352 16.26282928041515
668.453 18.242298975684594
669.523 14.261536992098259
670.623 11.483421373930407
671.702 3.1628850365022787
672.732 6.523323441088333
673.742 16.60537458054685
674.752 14.023738451445233
675.753 18.20900766662191
676.962 15.597738102892873
677.964 20.272711828012632
678.972 17.866603215700135
679.982 23.191736796594228
680.983 19.82055106585483
682.013 18.222961254815704
683.022 21.390481125682154
684.042 15.079665204450006
685.043 17.72344459638659
686.072 14.974884554882891
687.073 20.22505611345184
688.082 20.94459460146168
689.292 7.77894734049631
690.322 14.863640423106709
691.362 11.136977324377069
692.382 16.599939533028312
693.391 14.0338271165091
694.412 14.326188381445375
695.612 6.822493481241326
696.652 10.336958683570744
697.682 8.887932818257106
698.701 14.174231804033024
699.712 14.597895015199374
700.732 15.9263807686753
701.752 26.198874214268436
702.922 14.51624011104625
703.943 20.759619079683766
705.042 23.47648402990218
706.043 22.588692352273185
707.061 11.719248855079094
708.072 6.3800813239843155
709.082 5.123396172725099
710.091 6.6590913224192105
711.101 7.991751082289027
712.102 15.735069711764899
713.112 15.512380803465629
714.121 7.496150784263659
715.131 10.924880316068661
716.172 11.141376974596772
717.201 19.43090218300386
718.211 14.45887407688227
719.212 13.693114100314492
720.231 8.809200812835943
721.242 7.969271902308626
722.662 7.4182642070711315
723.692 12.785713944533132
724.712 12.733862461797639
725.721 11.656330468322398
726.751 13.307579819820198
727.752 13.497436500870425
728.762 15.88624341950943
729.791 16.987051733543794
730.821 12.029428054360173
731.972 9.87690018458736
732.991 9.758738227276796
734.001 8.761845825742412
735.081 9.21646381868699
736.261 11.025717853265153
737.401 11.479451386743742
738.411 13.636259611091827
739.431 15.703337860719685
740.441 11.105003511935756
741.451 11.952127181483492
742.463 15.764575804803915
743.482 14.553082772434298
744.491 12.348914907908513
745.511 13.946152671359508
746.531 14.798646549262408
747.541 13.746940062979922
748.561 14.789786468290076
749.562 19.738904244020596
750.571 14.476124635903538
751.661 10.153514962954931
752.711 13.191064652593408
753.721 19.303915721220957
754.731 18.220064266176184
755.741 17.257008172506648
756.751 13.44543795326718
757.771 9.860114459467944
758.811 7.8620958233101375
759.812 15.633403717269385
760.831 21.224330206846965
761.851 14.007210185886219
762.861 9.847253420708281
763.87 6.612166146726139
764.881 12.109756574888237
765.991 10.498717028915436
767.001 12.240596619357039
768.011 12.646749138763623
769.042 12.75844934529206
770.061 13.042691685179545
771.081 13.922846806193164
772.091 15.884298244608058
773.111 11.120172062098028
774.13 14.547491587658909
775.14 9.447909013456501
776.15 8.515197648248375
777.171 8.36507210061519
778.191 13.717716670638127
779.351 12.025886201493641
780.521 10.420917087433404
781.53 10.388182462973967
782.54 10.631936975921958
783.541 10.473167564226893
784.55 15.808332320932552
785.551 10.729884013647995
786.581 11.481049256315465
787.591 11.281625392980382
788.6 13.09679706490887
789.611 10.914074301908357
790.644 12.660715984144511
791.811 5.531088997295657
792.841 9.3935857551672
793.861 10.026915114294855
794.88 9.37988725887552
795.9 10.03134515478102
797.05 10.171299261799714
798.07 13.839446478779704
799.081 12.91484541885958
800.11 14.426736536101652
801.13 12.702274347026723
802.14 18.15626252941117
803.15 16.4291417344825
804.16 13.737797740943474
805.17 13.985418505888196
806.182 15.426201866896479
807.202 12.72846936903187
808.21 10.66141293678357
809.23 13.558813044503944
810.27 12.716045994625018
811.29 13.850810495679
812.33 16.82476038365396
813.34 19.903868194492947
814.36 13.287810133024195
815.37 12.555714953379388
816.57 16.777092999860933
817.71 18.663091500313968
818.72 17.349987532792255
819.79 18.228981166074533
820.8 16.43400467173593
821.801 17.618442073114196
822.81 9.974423133730085
823.821 12.442246802268148
824.83 12.418037054676315
825.84 11.341731297432792
826.86 13.174555184943106
827.87 7.495731482439033
828.871 13.276636802400443
829.881 24.244854488197316
830.91 24.02973232176514
832.0 17.926587341354704
833.17 23.303998326543184
834.18 27.502827930506164
835.19 31.048492740728
836.39 25.948952517189156
837.4 23.856014025412943
838.41 20.923857379083998
839.42 22.62199506798222
840.421 19.099664583650164
841.53 19.842197709933505
842.56 22.146873822946386
843.75 16.14791030876297
844.779 9.536744527385162
845.84 11.932190513750244
847.0 17.068879575795453
848.03 17.961074614914704
849.04 14.453816622138701
850.041 21.421299813162552
851.189 16.62916129076935
852.21 8.431715318363585
853.219 5.652633923425499
854.349 8.217355221580164
855.37 11.319020380246906
856.38 13.11203497517193
857.41 11.89209492928463
858.44 10.169327171392528
859.45 11.421872503369341
860.459 17.08348989609405
861.479 13.461929985176072
862.489 14.835848972768263
863.499 9.047397501263896
864.509 8.693959221684509
865.53 7.875824564183087
866.54 12.240596619357039
867.559 8.22000561719508
868.589 6.0014575658012665
869.619 5.857448524923439
870.789 10.336958683570744
871.809 6.825921947356705
872.829 5.796804281374967
874.029 4.3400239895907635
875.048 5.802493000002419
876.059 5.848407880318956
877.209 3.609787923709697
878.239 3.1311952517223998
879.249 4.257598824124187
880.25 5.906833533468997
881.269 5.435017200626933
882.309 8.527990913945864
883.329 4.124560303075609
884.36 5.734956709022759
885.38 3.5563594581109568
886.419 6.984162652422196
887.429 5.800706073383013
888.459 7.827988129306
889.479 7.753148682156648
890.509 10.166084583717133
891.529 8.719860560420237
892.669 10.137473515993063
893.699 5.6337099753211985
894.709 7.15960525948186
895.719 7.669824636111874
896.889 5.554352165938159
897.949 5.831604993184249
899.554 2.005510469777468
900.729 6.609672860971825
901.759 4.174927002296533
902.779 5.533313177676104
903.799 6.701880813744083
904.839 7.752719012678057
905.84 3.664097396209885
906.869 6.529662919651101
907.959 5.129838449233315
908.989 4.957725815227133
910.019 5.218658752870666
911.069 4.482903801581355
912.128 6.344686632975433
913.139 3.9914988976164256
914.169 3.3921281893659336
915.229 2.540855353787277
916.349 2.6396162352689574
917.36 11.696815760637913
918.369 11.210443944101929
919.379 8.832650192152371
920.549 9.035939257314958
921.559 10.111797207294945
922.609 8.128315328198054
923.709 7.628645283449818
924.749 7.752719012678057
925.759 7.692583182457933
926.779 13.701537392340827
927.789 10.940830750259915
928.799 16.232095516973466
929.829 8.465633458649808
930.889 11.792393455738237
931.919 11.12131276479814
932.929 14.75687487177254
933.948 14.51548687480669
934.969 18.556004544892055
936.018 15.14185891869191
937.019 17.709705948481787
938.029 17.98178034075805
939.038 15.516072201781933
940.079 10.897355624073292
941.099 9.222188629460172
942.159 3.676817310411554
943.178 5.802493000002419
944.198 3.988577321195933
945.239 4.1308115392559355
946.278 6.208144579930841
947.304 7.728488911914185
948.328 10.610518776656377
949.368 9.561686782302937
950.398 5.392995525536009
951.399 8.860250300203496
952.408 15.597655805995196
953.431 13.05199619161299
954.439 17.804039212250338
955.44 17.95307628279537
956.449 21.818454304824765
957.478 16.93091954353276
958.508 15.51883387398795
959.518 15.739577231945942
960.548 10.376662042166302
961.568 11.885798624380907
962.578 11.069212293750503
963.758 8.497842731840196
964.798 7.494295045588789
965.799 9.606258881434078
966.818 10.573123209733275
967.838 7.952500504034076
968.878 4.910055374696102
970.018 4.636691230582642
971.028 11.176196913325992
972.048 13.612166140793844
973.148 11.854914413276173
974.158 15.965995590465702
975.168 13.394279853361084
976.318 23.13834766564908
977.319 25.01042344509196
978.428 19.385320150749905
979.499 21.24915237417766
980.548 23.65436707058475
981.568 23.349173220969334
982.579 23.29821790254787
983.938 22.751793340035995
984.948 24.372263444237216
985.978 19.69814790666884
986.979 31.109009250032223
987.98 31.757865963936013
988.999 26.566418060517456
990.0 32.23871864060398
991.008 23.89165318032218
992.018 23.80757917036877
993.019 21.41855208358159
994.028 35.83058436115739
995.208 25.417440536264106
996.218 28.991859317506833
997.228 28.54291295027005
998.229 29.377547081230276
999.378 28.42689943487081
1000.388 32.54997324709746
1001.389 28.34930741875539
1002.398 32.92024991682407
1003.407 30.38629042939823
1004.538 26.044070585239716
1005.548 24.257498125056237
1006.557 25.092896958892716
1007.712 29.06201613435006
1008.718 29.39733740649035
1009.738 19.75104659188312
1010.748 17.31925376935057
1011.938 24.282620304097577
1013.098 26.71993863145151
1014.117 24.618564964457363
1015.248 22.8551566994934
1016.249 34.91834378123569
1017.257 25.601930844720926
1018.258 23.681307393501978
1019.267 17.585063558273934
1020.277 14.54582339497362
1021.467 11.687712528356668
1022.497 15.832411176243776
1023.517 19.82577944878017
1024.518 18.85433158535018
1025.528 22.273808760636534
1026.547 9.939198535889311
1027.597 4.432946152471533
1028.757 9.650212233823988
1029.767 10.377897133802707
1030.797 8.6107869422366
1034.597 0.46840835401314335
1039.737 0.6274574142556562
1040.767 8.088921066949533
1041.807 12.593256828975877
1042.847 10.114804746950144
1043.857 9.579597354279421
1054.178 0.22305488895674938
1055.187 20.748521356968233
1056.188 20.825827559688836
1057.407 20.011632264028698
1058.427 22.374978832884292
1059.436 19.762508536595984
1060.568 14.014973135922354
1061.577 18.60398241471311
1062.797 14.726487094358394
1063.807 19.82580614725921
1064.897 12.887410103602518
1065.907 18.266942981299263
1066.917 18.193804405007658
1068.028 18.692069797698327
1069.067 19.89926654796424
1070.097 12.614810499994677
1071.136 15.286648404603097
1072.146 16.41446539949077
1073.148 16.325420039032988
1074.376 19.3328541579255
1075.388 14.367400112824683
1076.607 15.153411940054687
1077.746 19.845833934459264
1079.066 18.71336651563366
1080.077 22.941437039035588
1081.137 17.684605327665533
1082.357 23.468592583663188
1083.427 24.493141962294388
1084.526 23.735693187596453
1085.687 22.64092609317221
1086.746 25.823616664822058
1087.767 27.717784045855876
1088.776 27.668135024106643
1089.777 29.983813986629187
1090.786 29.72154955879182
1091.789 32.10705304334127
1092.792 27.356887450268786
1093.797 26.95467764329938
1094.799 26.602848695050568
1095.986 20.394214931250517
1096.987 24.38335230143721
1097.997 31.02884647422414
1099.156 21.87075274484775
1100.157 28.174826590364443
1101.166 29.78463568710948
1102.167 29.73200419717409
1103.176 29.915870410832007
1104.181 27.823218559485063
1105.296 30.273927584104428
1106.406 21.045399267043006
1107.417 26.316475185811896
1108.486 30.99166379182272
1109.717 32.88108325744341
1110.718 27.862174217330942
1111.776 18.25821506608963
1112.777 30.650923475606497
1113.778 29.106110651911177
1114.908 22.04241557427167
1115.917 29.124615574788496
1116.926 30.456191417256377
1118.126 22.37022135462306
1119.127 26.310295803284586
1120.247 23.118393282232653
1121.426 21.592729939245206
1122.446 22.962440723440963
1123.686 19.945238317514043
1124.926 19.495909190054736
1125.927 29.913550615916073
1126.936 26.184442747006226
1127.956 26.321374464233696
1129.126 21.776794960281393
1130.137 26.85903083446456
1131.147 28.842664402571558
1132.175 19.577275237248763
1133.186 12.228489204303273
1134.187 20.88784774165907
1135.276 24.753574168916224
1136.286 28.74034820275936
1137.296 22.104384026726986
1138.306 30.93683970138922
1139.309 22.085890126052032
1140.315 27.835986504915994
1141.336 20.644743260851186
1142.486 21.577409082642195
1143.647 23.513701810894425
1144.847 20.95569016634496
1145.868 19.136733558688892
1146.885 13.904418133220382
1147.906 9.23085892970904
1148.911 14.091162471621116
1150.016 22.561559099915318
1151.216 28.54422432234939
1152.256 23.89760523145316
1153.267 23.862732286264194
1154.276 24.564647989368645
1155.277 25.54917470935872
1156.286 24.77863457893995
1157.295 23.748617236963412
1158.385 26.95071234180319
1159.595 22.4806869531016
1160.805 25.355536496220523
1161.936 21.811698495349262
1163.156 22.664222901804223
1164.166 25.821029710779474
1165.168 22.37125464628449
1166.175 21.6208431005417
1167.226 26.883794063296865
1168.227 29.378528413223474
1169.276 29.2918529431564
1170.335 27.85688466182237
1171.336 28.409953735935144
1172.375 28.138407745007566
1173.515 31.10882899483979
1174.526 25.167430934206166
1175.535 24.438475732733334
1176.536 31.864046085600247
1177.706 24.03628352503331
1178.746 34.61407689008409
1179.747 44.61998813240881
1180.755 30.655387173214454
1181.756 30.27507332221093
1183.085 13.3136347168613
1184.086 25.12622062028955
1185.09 23.15715608167429
1186.064 25.619820739097523
