0.0 25.78268042627603
2.792 1.1515324136225118
3.804 74.09826523294387
4.811 44.50298708846097
5.816 46.885190334729074
6.823 48.61090717688703
7.835 49.851645544715375
8.836 41.66406009010002
9.843 50.6321409988478
10.855 40.15051656226734
11.868 45.03411553796829
12.879 41.2521466990353
13.899 51.148419308482325
14.9 57.36960471617701
15.907 22.761866772212098
16.92 37.88163836429097
17.924 36.19394143855802
18.927 35.04874924775677
19.931 28.599090797257563
20.939 29.927241286262607
21.94 41.28466881444513
23.011 21.401680522518753
24.024 8.741916545605608
25.031 23.717160783670813
26.036 35.78004630585246
27.044 28.32991779046562
28.055 33.17882632219255
29.063 27.53125604256713
30.067 43.566839251897036
31.068 55.872420136629835
32.075 47.96729147259266
33.08 39.629126088689425
34.088 42.59529322125292
35.099 24.79525481500369
36.1 32.97411859855034
37.219 28.637275824495045
38.228 40.159467236251636
39.232 33.41015280053454
40.239 24.36077648796519
41.251 30.22918931966783
42.271 37.73090194378765
43.284 40.26579742218341
44.291 34.487204687734746
45.303 39.51008077746059
46.331 37.17623505386138
47.336 40.586321182758006
48.343 15.189642299654345
49.363 15.259137395142956
50.375 18.937050373026757
51.388 29.139721818685366
52.395 31.978194315061774
53.396 29.332275898772252
54.407 36.62942425970058
55.416 32.025234880975084
56.419 44.14537118992264
57.427 34.186770608387896
58.44 34.967666182422434
59.56 32.68488174250549
60.572 38.71457579536406
61.619 39.06444789472194
62.623 42.76499558468421
63.691 35.06290402388737
64.704 44.239395852004144
65.712 39.51118226104451
66.724 46.93479394369479
67.736 40.94602154436386
68.755 43.71556197329373
69.763 42.70582925263848
70.775 53.29883380046697
71.776 48.36611671582163
72.788 46.514556419039515
73.795 56.22832500398362
74.799 45.28150300030341
75.927 44.11013702926145
76.939 50.381982199446384
77.94 43.54063594530207
78.951 50.43181600973268
79.959 44.5693733310683
81.039 46.81600519526723
82.043 59.870993818557885
83.051 47.497799740029436
84.064 53.35253014565879
85.071 59.42614443548979
86.075 26.308248448799855
87.076 54.152617535830636
88.084 34.71862795658638
89.095 36.36399364912304
90.103 55.21878045344871
91.119 53.19866154105238
92.12 59.51426283640792
93.127 54.20709118202284
94.147 54.04239364204391
95.16 63.31266831514365
96.176 48.18029874717051
97.179 50.94534642872478
98.18 52.27604168062859
99.192 42.802199835922416
100.211 49.94713940863813
101.219 49.18483645848266
102.231 54.20443791263922
103.243 54.6246754372945
104.251 49.09512323582642
105.264 51.2369569075598
106.276 56.48085372885305
107.283 49.14387708213806
108.295 54.734774567370245
109.383 54.364427136298886
110.396 41.590330232123655
111.416 21.836351789601128
112.428 3.1758171604944967
113.447 23.553364504317415
114.455 13.577249714274368
115.467 15.379762987199424
116.487 16.574580274034595
117.507 11.312808758468055
118.527 10.961062409711797
119.551 5.700398966060445
120.599 6.401487292316158
122.811 0.48526283416617255
123.831 12.365163061581363
124.832 7.774385685837071
125.883 8.425843445003313
126.892 4.255307786622691
127.916 5.2412177205838555
128.923 16.811927888444757
130.107 9.820055531355976
131.127 22.099440365379454
132.128 27.612473297973043
133.139 28.40107533179683
134.147 26.200153129402977
135.148 34.31452992369466
136.176 32.21645237041395
137.299 22.701053422012354
138.307 32.21269049857252
139.319 23.179743610874873
140.331 28.63817935547479
141.351 29.20283191139428
142.352 29.064193633743383
143.363 33.17882632219255
144.364 27.187617778541338
145.371 27.181465167802507
146.384 29.139721818685366
147.396 25.831426884529947
148.403 32.77764917293832
149.416 36.593229176440005
150.435 31.9743006302235
151.447 32.8808725933229
152.455 28.86235895573128
153.468 28.609908694709265
154.475 17.055036968032947
155.479 10.156686451362498
156.499 8.681923000684787
157.599 2.6835034729389338
165.723 0.44312836465500494
166.731 11.181264470578892
167.735 20.580654125129275
168.736 24.12740385259781
169.863 21.528620597650825
170.883 28.150477608280973
171.888 29.90571034519011
172.907 28.02409924709455
173.908 21.446581202309165
174.916 21.03142602799363
175.919 24.07929337632144
176.92 21.825972477964047
177.927 30.912254504559716
178.94 32.31860056254195
179.944 26.839098654408353
180.951 31.17873945718523
181.959 22.805451489456264
182.96 13.873649148379748
183.971 18.04928151927275
184.983 23.59998113553015
186.112 2.849226034060665
187.115 44.797812082575405
188.116 30.561378213290556
189.124 24.758514184853258
190.135 21.344656877495666
191.155 22.362528941157784
192.163 16.239455540602677
193.168 8.55299911693684
194.207 3.6158853340851858
195.567 1.5785314546699611
196.588 9.31733575972835
197.599 22.561601899090938
198.607 24.758514184853258
199.811 14.487352636298231
200.871 11.244184528837694
201.891 4.735594364009883
203.004 3.3785115666497374
204.019 2.1150766289173863
237.639 0.03192841515736856
238.704 1.007888628333872
239.983 1.6785009994926876
241.163 1.8193243884331753
242.244 2.9789122733827202
243.308 2.7742987032263415
244.408 3.6593229176440007
245.587 3.414126555901951
246.727 3.2955305808021995
247.747 3.683240060896576
251.348 1.2651148855567613
252.387 5.16555047726455
253.547 7.870852594050573
254.627 3.4786156130689885
255.668 4.124501015083856
256.816 3.7400745267441584
257.867 3.31927166015282
258.887 3.946328636674903
260.987 1.2012619974239307
262.091 2.6346902741187357
263.115 4.648132557465155
264.18 4.469190365112038
265.236 5.008088950804209
266.271 4.087761879844826
267.315 4.559087872456246
269.484 0.2438239710488356
270.739 5.65635840723155
272.136 2.302239947292572
273.139 15.027262718185789
274.3 5.010677110468707
275.303 5.272723760766943
276.339 5.870485735382848
277.543 4.612100522135968
279.479 2.7122307465968514
280.603 3.2935759363296
281.623 4.666360528278745
282.664 5.593650120436701
283.791 4.692583790638193
284.823 4.8683283289213
287.443 1.2111164729883765
288.483 15.25540941937282
289.487 3.9506040329053116
290.508 5.179766828647644
291.547 5.3445322701171385
292.563 5.205257807135083
293.568 5.262230778158451
295.627 0.5137000419669008
297.487 5.382024980782702
298.507 4.407118276707703
299.551 5.06565319161805
300.552 5.019095739707074
301.571 4.930436541164653
302.588 5.200139559537114
303.591 5.009087572728596
306.115 0.7333556561874942
307.195 9.059076457676946
308.231 11.740971470765697
309.28 5.041508038178497
310.315 5.1097023498060326
312.823 1.2652014191505367
314.139 9.616137864954746
315.199 3.741892876449937
316.219 4.666360528278745
317.22 5.811584540713455
318.319 4.330926059003021
319.423 5.029863250590314
320.599 4.497059466028269
323.823 1.0662382927518637
326.512 6.195205312738981
327.647 3.4946312326316593
328.763 3.7910694853399596
329.783 4.147876025136662
330.787 3.9506040329053116
334.308 1.5886881101512613
336.607 3.5314375732264915
337.871 1.4643905666275596
338.991 0.9443824878659364
340.051 1.2472976254833124
341.312 1.8872671446646785
343.015 1.5527134269081748
344.215 1.1017795691769257
345.435 1.3004611308317813
362.181 0.1919220689370853
363.231 10.630888445009543
364.291 2.6404217389311424
365.332 2.2981731715991733
370.535 0.4573983988895176
371.555 5.687944237733769
372.579 11.37742700515045
373.66 2.4461341036305475
374.795 2.7957049861053274
375.819 2.840525451784262
376.999 2.69136993997417
378.019 3.888633773565621
379.159 3.0153967156421126
381.203 0.3881023922736725
382.68 5.882485430767442
383.759 2.4506681798189267
384.803 3.7992398937135374
385.983 3.3613613974889263
387.103 3.5414343294972617
388.184 3.4245877450827664
389.204 3.3701492704235374
390.403 3.308095453742229
391.547 2.5425682365621367
392.727 3.367068292900622
396.587 0.06850442917162233
397.808 13.654841873733703
398.927 3.0719859301447796
399.931 3.687230430711624
401.011 3.9174384681846255
402.031 3.3701492704235374
403.115 3.9029829756820993
405.371 1.0548953321906736
407.411 4.647898172083774
408.471 2.4945952509666247
409.516 4.554725108941932
410.695 3.812774081630074
411.755 3.741892876449937
412.776 3.8848251214857323
413.799 3.877230155461323
414.855 3.7560667131031567
415.875 3.888633773565621
418.979 0.17037828389333906
420.039 8.481623853286523
421.079 10.170272946248547
422.083 3.687230430711624
423.163 3.672598563923086
424.204 3.81018871185104
425.263 3.99512138398432
428.063 0.3777529951463746
429.143 10.73808244802833
430.203 3.242973826256612
431.228 3.869664828328715
432.263 3.8322767623545246
433.307 3.7992398937135374
434.367 3.991352401546599
435.448 3.6692011554458213
436.487 3.8175230500836697
437.527 3.813852354843205
441.447 0.4047353519425442
442.735 6.774917847733892
443.771 10.720017429829548
444.775 3.9506040329053116
445.831 3.7560667131031567
446.995 3.407565677866781
448.052 4.252848289727395
449.595 0.17137206519926262
450.735 3.247350309153045
452.039 5.851781131007411
453.155 2.1324765855037273
454.2 2.7834431221311813
457.68 0.9235422317300088
458.759 12.24141560825413
459.92 3.40285395888993
463.503 1.634998027475594
464.743 4.904696146658573
465.803 10.189348258028364
466.864 2.7414684850396642
467.888 4.648132557465155
469.027 3.25020136298022
470.107 3.672598563923086
471.143 4.339054673978627
472.363 3.2511528270794536
473.387 4.131673384413472
474.491 2.9005047231396173
475.907 0.13964112630517794
476.908 2.9057922703567276
477.927 3.892449900919463
479.071 3.467138504402913
480.075 2.633736021936875
481.127 4.021704891292201
482.192 3.7243253042600313
483.195 3.954542820575207
484.391 3.3163933520375695
488.091 1.1129307907368045
489.375 4.412740380502278
490.415 10.954109011470015
491.456 3.3021635502709015
492.499 4.056408001571808
493.615 3.0802439568387174
494.659 4.305805212875343
497.875 0.41111177954362904
499.539 7.605070571081999
500.603 1.991917865178623
501.699 3.3777183872577283
502.963 2.9287811332551192
503.979 3.3834175746378037
504.983 3.687230430711624
506.063 2.938078851138469
507.119 3.505662265562946
508.184 3.7243253042600313
513.267 0.2601092825127505
514.987 3.665958436783842
516.067 10.321055430087313
517.127 1.746216675676637
518.311 1.3400021787286935
519.652 1.3823671965774722
520.867 1.741083763637611
521.911 1.5196959574854148
539.044 0.18759788503504732
540.543 14.589048701918436
541.623 1.9587192340923127
542.843 1.9506916962476721
543.883 1.7797977655934956
545.248 1.550892062184529
546.423 1.5753103627380727
547.468 3.0364834059612886
548.527 3.4957312109862806
549.667 3.0153967156421126
550.687 4.147876025136662
553.951 0.4860792216957026
554.971 7.258783043989159
555.991 9.851205559699572
556.992 3.6982810713631076
558.036 3.2926745745517327
559.092 3.505662265562946
560.135 3.5493570013753315
561.176 3.81018871185104
564.096 0.45309646436336903
565.155 7.740547681469621
566.979 4.618530727618214
568.035 3.004853370482525
569.055 3.6293915219945796
570.099 3.5459572341326346
571.139 3.813852354843205
572.18 3.81018871185104
573.219 3.8175230500836697
574.244 3.869664828328715
575.263 3.632953240858166
578.779 0.6016543722467854
580.284 6.325166430357899
581.363 11.02800680918517
582.383 3.888633773565621
583.428 3.289523689791396
584.468 3.305338707530778
585.484 3.3834175746378037
586.507 3.6187481450972347
588.427 0.41316733844134723
589.967 5.126720578854628
591.027 3.492433351353274
592.091 3.4793039026639763
593.111 3.888633773565621
594.175 3.9763473173302586
595.231 3.505662265562946
596.271 3.559595531186991
597.392 3.538275155251501
600.871 0.30402655544979845
602.035 14.08460480184936
603.691 0.31935639686287703
604.895 3.2943575158114062
606.0 3.1109070188524965
607.079 3.1858686337646045
608.26 2.9107131717459853
609.319 3.4957312109862806
610.519 3.084982793695392
611.583 3.7278256099971174
612.619 3.3181006330424796
613.639 3.1109070188524965
616.419 1.2229816723720393
617.424 2.6311153890792256
618.427 3.954542820575207
619.443 3.9039433553513123
620.463 3.6293915219945796
621.483 3.888633773565621
626.547 0.6266044943186307
628.288 7.689932321341205
629.367 1.8201847044767874
