0.0 7.820765874055602
1.405 1.3456016139469618
2.419 15.847975615938452
3.449 5.873616365345185
4.459 8.423332875425412
5.469 9.546443925482134
6.489 9.518157414472435
7.519 6.974919433847407
8.579 5.355723137664254
9.589 5.053999725255248
10.739 4.534869032416926
11.749 4.67962937523634
12.789 3.8174976557216453
13.879 3.8439344525777437
15.549 1.6981170068222886
21.922 0.20765717673259643
22.932 6.953217729006137
23.942 22.977426663069682
24.962 25.453788507756073
25.993 25.10956363242327
27.112 28.504929477166556
28.113 48.541049621715665
29.262 45.1432719982165
30.273 49.51960276934761
31.275 50.82293041510488
32.282 50.50035015477765
33.332 37.01129558744897
34.442 45.43114953390056
35.443 45.17455753156544
36.462 38.02427881832965
37.523 13.906186298718849
38.531 47.13592850756278
39.532 29.969566272033635
40.602 34.09693642764756
41.603 58.41866103041798
42.612 47.22344055992921
43.752 39.62533546592107
44.753 47.45643832495466
45.762 49.20343376352088
46.862 41.57093649807704
48.052 46.720168423652524
49.062 52.31935106528853
50.072 45.94055100052925
51.251 34.734044131472345
52.252 45.16972537838487
53.262 56.69521502493936
54.272 47.22758590998752
55.352 50.76326533979031
56.353 62.5357936017914
57.355 47.97952917180552
58.472 47.84650129867783
59.481 66.18595709731524
60.512 39.50349903798946
61.513 51.81131283281262
62.582 46.94312688715923
63.583 54.746362674696776
64.584 38.75331626217213
65.742 48.862263934373864
66.743 70.43871109786993
67.751 38.81365393997241
68.752 45.96316493063606
69.762 59.537884623493014
70.771 46.76556028325468
71.773 27.96720921250617
72.951 32.820054136457244
73.961 53.29933660872254
75.152 41.69682101005442
76.162 47.760898593333586
77.163 56.167982140423355
78.171 45.19222269473056
79.172 45.46393447632244
80.211 41.89775015129509
81.212 46.143611336550855
82.213 39.8684391547305
83.221 43.73468326493446
84.232 36.56438309937996
85.241 25.977823115606974
86.38 28.519952681710173
87.381 27.763619314339238
88.391 24.57010668901501
89.401 29.93279775551392
90.402 26.063805886930712
91.411 41.95350292148198
92.451 38.593163173846776
93.461 18.58825413354112
94.47 24.331207295630556
95.672 31.5068600419861
96.681 38.19102275389321
97.701 34.84580493215201
98.721 27.585042829886337
99.731 24.146887576219513
100.741 11.923476718072944
101.742 24.363992459522187
102.762 47.66517096446958
103.763 44.84555693072768
104.791 45.69122819098959
105.792 58.410239277731826
106.801 50.474380686617906
107.802 63.444652584298744
108.931 2.0536531176641204
109.932 61.87144157022141
110.933 78.45166362494622
111.935 71.2204154209683
112.936 56.250957113609886
113.941 52.72018362953953
114.951 48.11644182874586
115.952 33.59326697291014
116.961 32.59590672139626
117.972 41.460147681226154
118.991 45.24022278771293
120.001 49.099300828813774
121.002 30.314443947607586
122.111 33.725936367632826
123.121 34.44207220173946
124.122 30.87842525454097
125.14 29.21550002069138
126.161 33.417633248228036
127.182 34.289754853447455
128.191 23.784435514450568
129.192 24.54678591126755
130.27 28.522188471393438
131.28 35.83651965679893
132.321 45.410654810199574
133.323 47.64782259274383
134.324 52.45067572936304
135.332 56.32524092239523
137.18 23.023018178841504
138.211 10.635603833223852
139.212 24.749598283332453
140.26 40.722458204685715
141.261 58.59220436036051
142.262 56.00976363913922
143.27 64.47785851831364
144.271 62.41374721860189
145.272 58.70569092934442
146.47 49.97656766454417
147.471 47.983143021637865
148.48 54.41238323031403
149.531 41.24488255305005
150.54 41.071710154138096
151.551 32.815770726687845
152.61 31.02626267681624
153.615 31.415446237656255
154.62 29.410520973513368
155.75 27.186670487558214
156.751 42.71499156265033
157.78 38.606838625204894
158.781 52.967025812087854
159.811 40.15449203383631
160.82 45.19989188879865
161.821 50.139940078409786
162.822 49.51686844115389
163.83 46.21849620632187
164.84 35.43998264131837
165.861 30.76761229218044
167.06 26.024744609883296
168.07 23.398146876181702
169.25 28.05639041782493
170.251 36.54778348903607
171.26 41.23620737588087
172.411 38.50881494884679
173.42 39.53521570492037
174.421 28.51453591860134
175.43 28.784548401163185
176.44 27.168121979880873
177.45 28.434495367828596
178.46 29.256167133860597
179.47 30.23136358290473
180.48 26.09194405484479
181.49 25.815134399110786
182.491 28.229853065505463
183.67 25.89067756125019
184.68 26.95466520136132
185.69 24.654394750276577
186.7 29.96002717790199
187.71 28.015791686886402
188.72 30.175536425445767
189.73 31.92902912847658
190.74 27.729130179836105
191.75 25.63410663117401
192.76 26.59603044719481
193.761 24.552860618123134
201.149 2.019637114372481
202.15 28.330223790142078
203.151 44.23822430668852
204.152 43.82169270252255
205.159 47.78837208184705
206.179 30.655783323005245
207.189 34.044714198649224
208.299 34.01876063538432
209.3 38.340236195992276
210.309 23.881818965457327
211.311 32.07554346219879
212.319 28.85642897257784
213.329 32.09568961324376
214.34 43.22270494824625
215.35 52.69440557164885
216.37 55.03730567021847
217.58 33.61721939142915
218.589 46.97265420438298
219.59 38.98236032293161
220.592 50.56601294608576
221.599 43.01067395660376
222.609 44.61723478530675
223.616 57.33978840398411
224.619 61.4796612443396
225.75 44.078945746841306
226.751 60.82990546752729
227.92 45.91867274588457
228.939 43.36361081341761
229.941 52.77113759724518
230.942 55.75766330463241
231.949 55.32512122567222
232.969 40.95544581885387
233.979 26.58029485134241
234.981 19.872051522332306
235.989 39.494643343396106
237.0 42.19721211303725
238.2 44.37439856316143
239.209 41.9545986565144
240.219 23.48886600705251
241.229 33.163931324719506
242.279 32.639055701675204
243.28 57.12157305523091
244.459 45.40917054201132
245.501 37.93392816658821
246.509 41.52088501708217
247.51 38.01054528755729
248.518 41.44834622105183
249.519 34.534570412487085
250.529 46.2845448089896
251.619 41.24750337367214
252.62 37.856468631856515
253.622 47.259976782784236
254.629 57.94981535273045
255.75 49.787354481163696
256.819 54.066028956762196
257.988 42.228897620576134
258.989 36.43995744234942
259.998 27.94768077014872
260.999 24.273976348843956
262.0 36.25274602198182
263.139 33.410810371878156
264.149 54.86441265532935
265.15 39.182549526127055
266.169 44.70844598990907
267.179 53.4954158161703
268.181 45.39290747379178
269.183 70.67267273909748
270.199 59.0665825181881
271.218 32.72237870189354
272.219 37.82581897453969
273.22 53.27421269285329
274.229 53.39850832829708
275.359 47.68937327699579
276.361 49.06678196296699
277.458 32.05978319251657
278.459 47.028171491635845
279.518 33.23033742743641
280.52 48.644873262197876
281.529 53.77484031879728
282.53 41.693336318756316
283.531 31.558240176288823
284.578 31.934540838474458
285.579 35.4409442876444
286.588 36.274719149061234
287.589 46.452869140107964
288.729 39.23328507571102
289.878 44.23817900712993
290.879 60.89824591965263
291.88 57.789100501748145
292.889 53.84044745386372
293.89 60.20421066140193
294.891 47.69652730726976
295.898 50.223676515031265
296.899 36.273593311418026
297.9 47.33328744960961
298.908 42.04900484433968
299.918 36.69417804638902
301.079 35.87296874882967
302.08 52.4490189911297
303.088 47.12989598617147
304.089 52.7671127319313
305.098 35.03653856242117
306.099 44.97409220533111
307.148 36.06561133170557
308.158 37.45331792281625
309.159 38.91788559335074
310.279 36.35463369756332
311.298 30.83152633898068
312.299 42.11759936801122
313.308 36.29772958474216
314.318 34.48243742588259
315.32 34.14716978892403
316.321 34.650818211859885
317.328 30.654368820410976
318.338 28.618943917472418
319.347 24.85455774049247
320.358 23.25047332016299
321.368 29.15942742718539
322.369 36.50940238663032
323.447 31.109520515017923
324.457 37.30005320565277
325.458 41.41790358746327
326.468 38.4419460763185
327.469 34.521454568139795
328.478 37.34059540185249
329.479 34.67056100914054
330.487 39.949550297404514
331.623 24.554595327663936
332.628 34.61342579478294
333.639 26.401997889043738
334.647 27.630044794276067
335.659 28.582732306532474
336.667 25.411310847103614
337.668 27.71612615165011
338.677 30.04751999291186
339.678 29.245571664063338
340.688 30.187030251981437
341.698 35.61426485826717
342.708 33.42801567250331
343.718 34.41073784130294
344.738 38.182105404379335
345.739 29.084591932390307
346.747 29.149955904290074
347.758 33.11158071007791
348.768 32.74741694406981
349.918 37.95837760192675
351.048 46.965109632330076
352.058 50.96554249690876
353.068 38.75745674080975
354.198 38.36273606959843
355.199 39.47344514759796
356.207 28.554117389217815
357.208 28.896828265944922
358.217 21.474899999857133
359.219 16.603396962172997
360.228 24.358189770804024
361.237 19.799795069037668
362.247 18.944836418683398
363.248 19.45342033589756
364.397 15.140010664853573
365.398 25.49720141112787
366.407 27.72812286302659
367.417 37.43703500189072
368.437 28.273195449218804
369.438 33.99626854817049
370.447 29.64209803091467
371.457 28.6393317764464
372.467 22.354638264015215
373.477 22.649406176143888
374.478 17.375870591287143
375.5 12.216193879002285
376.507 9.76262700247915
377.517 6.7453448596072665
378.547 6.79136892243037
379.577 6.4242678995962965
380.587 6.73866630034033
381.627 5.817139284909174
382.786 4.594002305397772
383.797 9.546443925482134
384.817 10.564951495386515
385.827 13.102962250661752
386.837 10.29518462551995
387.857 8.643164381267269
388.877 10.379601469151662
389.897 9.082151285507706
390.937 10.361779351244465
391.938 6.232649233831258
392.957 4.113102179583056
393.966 5.059008644705451
395.007 5.085107347999373
396.026 5.1948937676814015
397.037 6.732000952862249
398.067 6.614240003249498
399.087 7.784701101863747
400.116 5.879324447332887
401.326 4.141418847748548
402.366 5.089996874295526
403.396 4.221661762591852
404.436 3.4539264504148215
405.456 4.263050603401576
410.773 0.42585328841897896
416.51 0.3962187044980729
417.64 1.171149723289236
418.652 1.4945219506683647
419.67 1.857141716694972
420.69 1.853500262348511
421.7 1.871851750094536
422.74 1.8178560265341166
423.79 1.980597423195266
424.92 1.8403781365973713
425.96 1.9996416291875285
426.99 2.019055625587407
428.07 1.9255808281065088
429.08 1.871851750094536
430.11 1.6519546027533332
431.18 1.4135104804452197
432.19 1.497481400075629
433.35 0.6820625870881308
434.38 3.1203586940896293
435.41 3.4874597169237034
436.45 4.544640066335292
437.48 5.328137780395428
438.51 4.772313296842963
439.54 3.8545607397577775
440.58 2.908569642454587
441.59 0.935925875047268
442.691 2.2322809699129214
443.71 1.6697872824690219
444.73 1.853500262348511
445.74 2.0590369251039897
465.03 0.009800778992200526
466.109 1.0512902322125013
467.469 0.8346888598655546
468.869 0.4051222001990317
470.229 0.417037559028415
471.509 0.44310240646769095
478.426 0.19132560175174743
479.572 0.49534592164073754
480.71 0.4983928649197227
481.827 0.6770171056742995
482.907 0.7002112102205487
484.67 0.5361798830389908
485.75 0.7002112102205487
487.208 0.7780124558006096
488.375 0.4860077808728744
489.489 0.3397251154708862
490.969 0.5986779683840951
492.087 0.8455144309461007
493.191 1.0274838410845006
494.306 1.186905100732589
499.023 0.040079929353306794
500.134 1.0210100455061106
501.143 0.9368534527232316
512.629 0.04937933834917678
514.346 0.11010892647614919
515.449 0.5142076883759242
516.566 1.1847799349300243
517.587 0.7406739540041063
519.026 0.7882850316589914
520.329 0.43528095186388677
521.75 0.5321802301465113
522.831 1.0493451994054477
524.029 1.104673779062468
525.088 1.0711446275328507
526.108 1.1121001574091067
527.128 1.2974501836439578
528.17 1.4514934875972987
529.193 1.4784518221665541
530.246 1.6158720235858814
531.289 1.6313645645598596
532.388 1.8922905317152225
533.449 1.7818758412775508
534.566 1.692542764185749
535.569 1.1309493126194305
536.63 1.7818758412775508
537.686 1.4322502027238495
538.729 1.993890023350939
539.786 1.7886189854261887
540.807 1.6665163965092393
541.808 1.3220771102066304
552.939 0.20343772996619147
554.679 5.075657598587132
555.787 0.8531454276152893
556.868 1.0493451994054477
558.068 0.6301900891984937
559.929 0.20317789012310386
561.108 1.2828296981139822
562.247 0.9959105887245732
563.348 0.8585696038126619
564.488 0.8291974857874919
565.627 0.8299254906038109
567.289 0.7962690657742703
569.127 0.5143009433067142
570.228 0.6868556830501295
571.369 0.16583949715749835
575.869 0.16805069045293167
576.889 7.599351075628896
578.028 1.3278807849660976
579.127 1.0321584718446668
580.128 2.4552860618123136
581.21 2.4462092187002527
582.228 1.6714275450254747
583.369 1.1598590598745284
584.467 2.4105631827264786
585.606 1.1618956868453352
587.029 1.3285806518590872
588.048 1.4842553621946861
589.166 1.860131748081422
590.268 2.058697206093083
591.325 1.4308951883409509
592.346 0.7406739540041063
593.545 0.7883946070039539
594.865 0.42967506081715484
596.269 0.40396800589647036
598.345 0.364271727860401
599.588 0.15209736666093976
600.95 0.8328503381477891
602.148 0.40848473805975355
603.169 0.9258424425051329
604.191 1.479898448215641
605.887 1.0032507316249606
606.925 2.0034945032322056
608.006 2.623362998513619
609.547 0.9814771019314634
610.608 1.960063425405306
611.628 1.853500262348511
612.889 1.6491889725257967
614.005 1.6940593795658436
615.168 0.32511956450481194
616.188 1.2974501836439578
617.207 1.8553192027433574
619.009 0.5245755459476918
626.027 0.32263635430659887
627.047 5.776877974104787
628.068 0.7077821830203713
629.166 1.8940139292850906
630.205 2.9113690357582005
631.225 3.5216504984621713
632.268 3.262729129119719
633.366 2.4105631827264786
634.405 2.729408471023313
635.447 2.5401136032952727
636.486 1.4556845178791002
637.508 2.219847672323462
638.546 3.6427172786040103
639.547 1.4188582353376713
640.548 3.5884950134179965
641.589 3.450608557571003
642.828 2.7465911877900457
644.064 3.3650927093123455
645.094 4.221661762591852
646.327 2.7599565950299
647.329 4.3396323507680705
648.444 2.220365285560109
649.466 3.6997461205391025
656.449 0.16244338544426304
657.468 17.06893666523889
658.644 1.9291533342811036
662.665 0.7052612288965984
663.767 0.5146743015232708
665.108 1.1278569829055818
672.588 0.05080866947227279
673.885 1.4576486257482508
675.05 1.78508780631333
676.525 0.25652242436845063
677.785 0.9002715559978482
679.508 0.5486274717340341
680.605 1.5510603836243693
681.609 1.1298228690809649
682.626 1.4871742517958555
683.646 1.66815023611366
684.828 1.7594139546150844
686.166 1.1303858102215136
687.828 0.45501089472815437
696.753 0.2536988161931329
697.848 10.881292303600365
699.084 1.0707113165993827
700.686 0.35403937595421003
701.748 1.0681187952516844
702.865 1.1847799349300243
704.826 0.16293596695059334
706.026 0.7877376114981173
707.106 1.0503168153308229
708.125 1.1131915216460144
709.224 1.0321584718446668
710.447 0.6183385993770995
711.546 0.8601320598705556
716.765 0.18112380413829102
718.104 0.42357810327008544
746.249 0.020151752719084898
747.732 0.12756884396730644
748.79 0.714771367710957
750.012 0.9282669071663575
751.23 1.5521923379273246
752.715 1.018489033048071
753.769 1.7937099313050109
754.89 0.6746013443694849
756.012 1.011000143099188
757.068 1.4322502027238495
762.08 0.4517681433606766
763.13 3.6052980207445993
764.39 0.6001810373318988
765.571 0.9604929386598551
766.651 0.8752640127756858
767.81 0.6524832675049116
768.99 0.6408712771510106
777.433 0.06717648706367932
778.549 2.0328712554790123
779.773 0.9267501311742555
781.008 1.3777435148469095
783.469 1.4549422768026632
784.788 0.7166680316889619
785.972 1.27741234296992
787.069 1.5510603836243693
788.374 0.8692277092393018
789.498 1.5138018156903321
790.549 1.798829940623674
791.55 0.9443407930047361
792.612 0.7120791968344562
793.71 0.5165492534413884
795.071 0.41673113907321413
796.671 0.11816064172471757
798.551 0.10056224827635539
799.829 0.29586389164248533
800.849 0.1853500262348511
802.908 0.0918198284407713
806.868 0.047741673424128314
808.35 0.3827065319019193
809.387 0.7292460048584306
810.648 0.5997050809184715
812.651 0.18877386596060722
813.732 0.5246725997027238
814.771 0.7278422589395501
816.27 2.1411254625226497
817.352 1.2271918427982473
818.448 1.2074810103255813
820.995 0.14845467354499267
822.191 2.456393555305254
823.23 0.9098028236744377
824.389 1.468087351886051
825.409 1.2974501836439578
826.61 1.4167470781315015
827.67 1.6052011705999372
828.811 1.4912473626958225
830.011 1.8905702675954812
831.071 1.6052011705999372
832.091 2.038850288583362
833.551 0.8620435505783891
834.589 1.2749510475114036
835.692 1.0284153767518485
836.772 1.0503168153308229
839.379 0.868531620454051
840.588 1.878897032518473
841.668 1.5754752229962345
842.748 1.4004224204410973
843.871 1.011000143099188
844.89 1.4842553621946861
846.371 0.7659298855889864
847.548 0.9637571457581043
848.869 0.55949383724344
849.948 0.8760751935104176
850.992 1.2676237426406485
852.024 1.8337247988316987
853.151 1.845277102355838
854.231 2.4507392357719207
855.27 0.9474452504434239
856.409 1.9918211774491463
857.43 1.6665163965092393
858.527 1.3787203409994395
859.709 0.959680338880955
860.91 0.15741634201461127
861.911 1.1332089516056831
863.01 0.8601320598705556
864.93 0.18181882370652816
866.268 0.4238946788330676
867.469 0.6296653680584451
868.63 0.4885194489910805
869.748 0.6764115447568806
870.911 0.6502391290096239
874.65 0.05056352681453547
876.03 3.908244091828823
877.248 0.9313154027563948
878.269 1.6665163965092393
879.509 0.9147920649655555
880.949 0.13128960191635286
882.131 0.9604929386598551
883.17 0.7278422589395501
884.249 1.0512902322125013
885.311 0.7732409699543749
886.368 1.2520332897983322
887.67 1.452050896770723
888.769 1.5482377077670004
889.789 1.2974501836439578
890.867 1.4030206067498932
891.948 1.286112659115351
901.142 0.10281543765474664
902.222 0.8752640127756858
903.241 1.1131915216460144
904.382 0.6627766056425877
905.662 0.44310240646769095
911.854 0.42674030814644826
923.809 0.04781208422162367
924.817 5.8908942413742
925.819 25.328214111327025
926.827 24.119117344532995
928.757 5.772589336290539
929.767 7.5744316870053465
930.817 8.177335014998585
931.827 16.601190455553336
932.837 25.684734200438264
934.007 21.481766488994616
935.087 28.96458476897691
936.217 32.195732644696605
937.387 31.60636228589987
938.389 34.75705668885887
939.537 19.91470407648856
940.547 22.275035826124977
941.556 21.32976171484607
942.727 24.43524375780772
943.728 32.26221586393957
944.797 22.568547472543504
945.817 28.222793249102306
946.827 26.13285660406104
947.837 41.86626315617143
948.847 41.21084138110178
950.017 30.621011085552393
951.027 38.20602672963424
952.03 38.750224621080996
953.037 40.4255046352236
954.076 36.73076177578965
955.077 35.69608197557902
956.087 14.308856218028941
957.106 15.955745143592877
958.107 8.499067137042623
959.117 21.526295126087163
960.136 17.99659626661057
961.137 19.00692938201199
962.138 41.92873120941027
963.146 37.30648331145689
964.157 28.551814713801384
965.168 29.130995351335446
966.177 31.980944457625473
967.187 32.67728407073145
968.188 34.20515562709099
969.197 35.97517258457209
970.208 28.795680245394674
971.217 31.987655834699076
972.227 33.322672004829684
973.276 34.97042246939997
974.296 8.155401154333449
975.306 14.787628825746836
976.307 30.90369051259943
977.317 34.734937494746234
978.326 42.373580339537845
979.336 42.72816331507827
980.34 37.30315023960522
981.477 38.95099228388817
982.486 43.32556863239645
983.502 31.742648241197614
984.516 30.26652598024324
985.526 28.07777625141804
986.566 20.336599875788103
987.591 22.317951451614952
988.596 16.178014230170287
989.607 26.52871501224272
990.609 32.75840386674533
991.617 36.18320040784298
992.636 38.138608795516255
993.766 44.15219780738725
994.767 42.49533568521312
995.776 31.10969813996868
996.796 12.418451757735026
997.816 8.3407511805683
998.835 9.276596013716787
999.838 2.257489466125335
1000.896 6.80404345261258
1001.936 7.271424106136466
1002.948 4.1099353643380026
1004.126 28.132648145421697
1005.127 38.15136803739133
1006.136 18.349041886107184
1007.156 10.194251442916812
1008.176 16.496152334901748
1009.186 15.969029996091587
1010.196 16.846665750850825
1011.198 15.849092063674695
1012.236 7.285434557208021
1013.247 6.545000926393852
1014.266 7.242852695110391
1015.276 9.172073575463228
1016.286 12.915777075652299
1017.335 3.9208367293488315
1018.368 3.1112966649683624
1019.375 17.272340081309263
1020.407 10.075713635441035
1021.666 7.80855074781295
1022.685 7.977872571796438
1023.696 3.3660004764311244
1024.706 7.105921424408584
1025.726 31.324154433689838
1026.905 18.411372503907458
1027.906 13.97624373647009
1028.907 19.45342033589756
1029.936 13.135681961137456
1030.966 7.158469945264444
1031.985 5.3804256879557375
1032.986 8.876803454244516
1034.005 17.929327383236252
1035.016 26.767480026351866
1036.025 23.33312964797059
1037.026 25.386061887974535
1038.045 25.046809237035326
1039.055 22.31143294348793
1040.076 24.74748025719885
1041.195 25.530612668971713
1042.196 32.10758696216102
1043.205 27.202170047462676
1044.216 17.038873756748973
1045.225 22.484482865357556
1046.235 15.113013581720871
1047.246 24.497003467359846
1048.247 20.716821300340005
1049.266 20.74187194657629
1050.276 20.362044107550663
1051.286 28.826516951455854
1052.287 25.799141954154383
1053.295 17.238752492224883
1054.435 13.265583812466062
1055.445 19.841628551002078
1056.455 19.09699278901272
1057.465 19.798663532761605
1058.466 18.281692220366683
1059.475 21.36025872208968
1060.485 23.0465949369915
1061.487 7.997645610591069
1062.51 22.176777332498315
1063.525 23.478270683377037
1064.526 35.884950134179974
1065.527 31.008203082819396
1066.535 18.005431119956963
1067.555 8.155401154333449
1068.556 13.805737759955347
1069.565 21.922370793723623
1071.737 5.483698289986893
1072.745 25.365381422874314
1073.755 46.234738227335036
1074.756 38.52040647886819
1075.766 35.69476246285902
1076.767 30.407773534752497
1077.775 30.946834737426034
1078.785 18.107292225530717
1079.796 42.82300606126263
1080.805 39.92666704525414
1081.815 42.67821990215542
1082.816 33.22188148560272
1083.825 26.851534837086728
1084.835 30.323998351531483
1085.845 27.047847295061203
1086.847 33.5475686099738
1087.985 35.9971047370637
1088.995 40.806368152060884
1090.005 34.63473062748019
1091.015 34.17757736015081
1092.017 48.5567886349324
1093.025 51.015388173211406
1094.027 42.78683852935488
1095.045 39.90533263748321
1096.046 38.78120468910005
1097.055 40.949029409737655
1098.195 47.16497120145721
1099.196 51.92148592532983
1100.205 44.01006061046433
1101.215 49.15786461163837
1102.216 50.08140199416505
1103.225 71.42206391663636
1104.226 57.417438891401844
1105.227 47.72427767267823
1106.235 42.21476207984183
1107.236 47.96519502411
1108.672 29.22439941088358
1109.694 34.848876917772394
1110.695 45.51722622282827
1111.835 49.201839060550995
1112.836 60.680937088045994
1113.846 57.19451232289951
1114.847 62.53979738585531
1115.887 33.19806414772944
1116.895 42.41081902505946
1117.905 37.779523666399975
1118.906 41.833330699473684
1119.915 38.82586423830434
1120.935 37.138834057882
1121.945 44.69949139721364
1122.954 34.10543771861817
1123.955 35.92457379026072
1124.965 40.93717884453825
1125.974 52.27642266195632
1126.975 48.247806954414195
1127.985 52.08905197141168
1128.986 45.64079128273167
1129.995 49.94182220849617
1130.998 50.08212272209707
1132.005 48.35201227948513
1133.165 37.60686043285299
1134.175 36.126738776824546
1135.184 37.370865082123224
1136.195 29.769775412510015
1137.196 52.50534809106332
1138.205 29.109707772035254
1139.214 38.410991561652494
1140.215 41.71735902313977
1141.224 29.359261425670013
1142.244 19.83245280712907
1143.424 23.679132612939103
1144.425 37.96249987879038
1145.434 30.332958968858527
1146.444 38.477226303368695
1147.445 39.66231330619891
1148.454 27.2264142720938
1149.465 43.197006114199425
1150.485 36.43618403152678
1151.487 57.92465789938252
1152.494 43.14173711432092
1153.495 37.46906800829346
1154.496 51.577574680392
1155.503 62.7168088431026
1156.505 44.339721844804195
1157.506 47.74954293073669
1158.515 51.237117983701374
1159.524 49.57707940957775
1160.674 40.60099393706688
1161.684 33.69333150170165
1162.685 24.10181363409587
1163.694 27.13546717736381
1164.704 37.065127614700884
1165.705 36.26268645138186
1166.714 30.09847167191961
1167.724 28.264961426427494
1168.726 19.042716112811316
1169.734 26.257920383270577
1170.735 35.56050556348389
1171.744 49.5305106706997
1172.754 41.57645452995066
1173.764 50.16562690253357
1174.771 37.07481668164836
1175.774 22.035048242291005
1176.784 37.99859052691909
1177.794 25.643821651222016
1178.795 39.78836347345232
1179.804 51.41531189334946
1180.814 45.66497282620977
1181.824 38.938210846209955
1182.914 29.963570982217213
1183.924 42.67821990215542
1184.934 23.317279596627174
1185.944 27.141850376370773
1186.947 27.236202561584165
1187.964 36.69708460085185
1189.133 32.71381509404462
1190.134 49.10572123624627
1191.135 49.31529862276399
1192.339 44.88536440127328
1193.444 43.4835914111736
1194.455 38.98636151236756
1195.463 49.32737900571544
1196.474 40.68111760020028
1197.484 26.731767065330324
1198.494 28.78108897038631
1199.524 29.02647393047755
1200.525 36.640422768583754
1201.534 32.688378387934755
1202.543 36.349913965661386
1203.544 34.81373080480515
1204.545 51.2041182702929
1205.554 38.38661145718104
1206.555 40.66988627510952
1207.675 43.16552858194015
1209.213 1.3521633903478736
1210.224 103.34444372116752
1211.225 49.10572123624627
1212.234 33.14721743276266
1213.324 33.483349484196815
1214.326 35.84913681069276
1215.333 36.33962784825484
1216.423 32.047088151016276
1217.424 40.79552225780459
1218.435 41.67763089914371
1219.436 43.69081038208856
1220.453 30.80029736744273
1221.504 37.39810438729867
1222.513 32.95272446450725
1223.524 49.74200704059328
1224.533 31.312546087846325
1225.534 43.6285446368188
1226.543 35.1302512195414
1227.544 61.193283386706895
1228.554 47.406561208900065
1229.555 45.51722622282827
1230.563 30.96575491815333
1231.565 41.320847166009024
1232.566 41.173258575006486
1233.578 32.31903718320339
1235.484 0.9407142515396045
1236.643 102.82991636104813
1237.644 32.86305959656481
1238.645 32.67419143796386
1239.653 28.13348612493276
1240.663 27.89059107640859
1241.664 36.72974857166476
1242.673 59.209138212108236
1243.675 41.49601030755096
1244.683 33.76018334991931
1245.685 40.535233580006775
1246.686 59.11573364209647
1247.693 38.67900228432461
1248.703 41.1807385020798
1249.713 21.33910995107771
1250.723 21.90066547610607
1253.263 2.862853288036775
1254.272 94.76094617352719
1255.273 21.719838239108928
1256.283 17.408221275879185
1257.313 15.433226674248829
1258.323 14.60044365073738
1259.325 20.377404081867464
1260.333 11.053772833024263
1261.342 14.989655243571706
1262.349 15.598144354913016
1263.352 23.5614440129048
1264.363 21.768689484697045
1265.372 17.42547422065211
1266.382 18.531332325935907
1267.388 19.920521706274453
1268.393 13.587012733120881
1269.403 21.90066547610607
1270.413 23.79607769917008
1271.423 49.79125655251466
1272.434 41.43362867162464
1273.443 49.09112092269733
1274.453 38.004337440186916
1275.462 26.04452598570584
1276.463 17.942475067089987
1277.473 33.69333150170165
1279.377 6.186228641559092
1280.393 103.59391620749605
1281.402 39.53521570492037
1282.403 28.381168490817334
1283.405 42.07556583570781
1284.412 35.102007370460804
1285.422 26.205924501323505
1286.442 19.83245280712907
1287.464 10.17430183148253
1288.473 16.11387938683958
1290.076 1.4125152429967007
1291.083 63.86331769182584
1292.092 13.490689719214533
1293.174 5.940793816843472
1294.342 18.620973676268882
1295.343 42.49533568521312
1296.353 34.19372344980806
1297.358 27.276884457845256
1298.362 26.5846990737187
1299.372 49.042515852476846
1300.373 35.023170129803425
1301.382 38.78573294274179
1302.403 22.590555597125245
1303.412 19.313151747761985
1304.413 39.09570883039607
1305.414 30.40031821270246
1306.425 33.66000476431124
1307.432 27.67741965773084
1308.442 31.259924226578754
1309.452 26.351786633311864
1310.463 35.90400508193199
1311.472 32.193927954553054
1312.482 41.07469426916143
1313.483 42.530817495710515
1314.602 35.49333277375357
1315.793 35.20387747314917
1315.82 28.008448408821945
