0.0 29.50629144252481
1.25 36.28628998603488
2.31 14.131020449528704
3.32 30.911255722514994
4.4 18.125429530740025
5.54 20.887875673801425
6.541 36.62291212359823
7.55 26.847072755172857
8.551 29.100144190162254
9.56 27.632165075763933
10.75 31.26114144012748
11.751 37.423696382304975
12.87 37.67627536781497
13.88 28.37401002643747
14.89 19.90210427585372
15.891 34.80563860612617
16.93 27.60019625570735
17.941 28.012045134990142
18.942 37.347908139041145
19.97 39.33795647512944
20.971 36.95954944870698
21.98 36.50382693725242
22.99 38.54521556296126
23.991 38.63855053024405
25.001 37.30014883226902
26.011 36.950214560744136
27.021 22.634317584686006
28.121 38.70235466411446
29.21 38.59176212759794
30.311 36.26043217340088
31.411 36.89519371992997
32.42 40.91363147920487
33.5 37.9577859154638
34.57 37.80210057488706
35.661 39.1143374633688
36.67 35.178631437289845
37.671 36.42544413671162
38.681 36.47079571965416
39.683 37.28405323143081
40.77 39.60351631436832
41.771 47.23804965939864
42.791 36.18526821292742
43.798 34.93585985216578
44.841 35.29220207742437
45.851 46.00643054286647
46.871 35.39954722295957
47.872 30.469564498919475
48.882 23.965756745648793
49.883 56.45446807839507
50.891 46.91000764787504
51.892 31.449280763911812
52.901 36.53393153511414
53.902 46.973612968405135
55.011 47.00911096988264
56.012 58.397905850925646
57.071 52.39055314049908
58.181 49.16771648040119
59.211 56.177823066949344
60.331 56.04324398537799
61.332 60.96424226187903
62.341 56.480229648416085
63.343 56.17905253957794
64.35 56.9043016865493
65.461 43.523596918875796
66.462 57.36153525812859
67.463 55.21330479669971
68.471 59.62348545538185
69.661 52.573058361389705
70.662 61.75710388371598
71.831 48.51379649076084
72.882 50.02617950939029
73.891 54.97841062109726
74.892 41.0325322183509
75.893 53.498128656247765
76.894 56.71098213251879
77.896 68.55425563823472
78.911 45.386181486696984
79.912 49.469393066103045
81.031 48.22548270388447
82.032 43.76165639442125
83.041 31.333695926151783
84.214 23.629288868348272
85.221 34.96334956584421
86.231 41.953000539089686
87.232 29.123762617057093
88.241 39.99284602046856
89.242 28.856186768058574
90.261 33.14544210644753
91.271 20.079293686837527
92.272 26.788677512472823
93.281 22.906039808495883
94.285 34.06346104569084
95.291 46.40116552941077
96.302 49.648916797240794
97.331 62.38307013735435
98.343 69.69402782200245
99.346 52.36028127485261
100.401 54.56349753106456
101.402 49.808571614358705
102.403 55.99929016766855
103.411 49.9561120405942
104.412 42.31091694496281
105.472 43.57064638604684
106.473 52.55488641759936
107.623 30.694323012644677
108.641 33.178001479833036
109.642 45.24468432621695
110.652 43.49066684059551
111.662 35.73981532350524
112.663 63.5975473769393
113.671 59.494783091420466
114.672 57.039846304472285
115.772 44.70645475853785
116.773 58.89419178314636
117.781 35.15905132586488
118.782 31.772913005856942
119.783 32.923489156550566
120.802 33.52576593710365
121.811 25.00787461388639
122.821 12.362961511519185
123.831 16.213720015107125
124.841 19.253792517939715
125.842 16.776557281063486
126.851 25.76479021726698
127.852 25.71089993075254
128.862 25.45231071706313
129.88 33.982316667222925
130.882 27.871647191714658
131.911 22.2800778438887
132.912 19.631397261048786
133.923 17.35789501113
134.925 23.6975977665912
135.931 19.940780406253765
136.932 35.97310641656105
137.934 60.265442596072454
138.937 44.15969575741437
139.942 56.234091451962584
140.952 34.154147877217845
141.953 31.351368930898385
142.954 30.52397657100632
143.962 13.603260932748453
144.972 15.60570551454061
146.092 15.727517943460498
147.102 21.280507519828102
148.122 16.830654118375882
149.132 24.11790852247185
150.142 19.211717440415132
151.382 18.323791843686084
152.392 22.843507758857527
153.402 25.73928052398256
154.422 19.707865801766363
155.542 20.76908791555042
156.553 25.713821294977635
157.562 19.943035546045994
158.563 25.766208905126533
159.571 17.56705622974587
160.572 35.377413814181665
161.573 26.718420166646396
162.582 24.03874384035736
163.592 25.73928052398256
164.602 22.76291324416255
165.612 33.23812603096961
166.622 29.28025386171169
167.632 19.659135518317388
168.633 11.234448565074636
169.652 15.467872983008846
170.792 16.334169931257623
172.002 31.06558324758509
173.003 44.67156376473074
174.082 42.078547212247685
175.283 28.122569114462973
176.285 36.47242006533492
177.293 42.18052977496899
178.343 30.8627734375109
179.362 26.918116619781628
180.363 21.67633447574137
181.365 29.047656609010897
182.403 22.094682364225793
183.603 9.723165221559555
184.612 22.52728540978232
185.613 15.899386844234826
186.623 20.469821519072745
187.632 17.64722628743805
188.633 13.292091895501782
189.643 21.077836019639264
190.644 13.747718257371885
191.653 24.750428397689543
192.793 31.343036000570045
193.803 37.899570535312904
194.813 26.43588973004098
195.814 40.37973683702323
196.822 49.75303841441292
197.833 23.654477753637217
198.834 58.427802593830506
199.843 51.320182936106576
200.853 35.87285553342452
201.863 26.057806639045435
202.864 32.514501713612056
203.865 35.14197696380588
204.873 42.53828375091699
205.913 38.19574426544084
206.923 54.113290550420025
207.924 41.34360782827599
208.925 28.63106429398496
209.933 46.79941565116082
210.944 42.316446068112796
211.953 44.20304076576147
212.954 38.72405521495196
213.963 33.679790591291464
214.973 32.21395345728142
216.093 30.702461060421566
217.213 39.89768829433774
218.333 36.806025936797646
219.336 45.51116848208597
220.343 35.07018796657283
221.344 38.25034132362442
222.353 28.402130948168328
223.354 21.34702185264431
224.413 27.549605375838997
225.414 27.811146119819117
226.423 31.242344042985163
227.434 28.867514853902573
228.435 41.512225458259415
229.444 40.77734514701311
230.454 33.48865052425859
231.463 25.967662581182474
232.494 35.97756816471533
233.503 42.603196422252495
234.514 37.41185168310929
235.553 34.87476036488933
236.563 8.512203007931241
237.564 11.860635845216976
238.565 22.90329680455692
239.573 21.171167757564017
240.613 24.99680127809845
241.716 0.7423326026862282
242.725 33.052623974502964
243.726 35.277110241735855
244.734 36.569136395379466
245.736 39.92757306698358
246.743 41.87470936374365
247.744 33.53203735837904
248.745 34.68694853679387
249.754 34.11103045203575
250.755 34.94914297206952
251.765 31.170965620052304
252.766 38.933780866429565
253.774 45.98029264730973
254.775 40.898744293851635
255.794 29.729869789435437
256.904 25.36606241387703
257.914 25.536609023793726
258.915 24.543432120317664
259.92 22.608459588229604
260.924 29.766871930125706
261.925 39.90452810855044
262.926 46.36237405971523
263.934 35.69167425769121
264.935 36.22648131267976
265.944 42.075253720835
267.404 34.756614807631294
268.405 49.896468038499
269.407 39.8287136086661
270.474 28.130199845105984
271.494 33.112946574970614
272.505 33.17268841510065
273.605 33.309982290127465
274.614 31.61042094886107
275.615 43.35266895148274
276.616 33.0466637373186
277.624 27.211865908291152
278.625 11.656142123747717
279.634 18.354165292397937
280.825 37.95519570742823
281.834 54.87415676741848
282.835 43.76165639442125
283.844 48.277987268444065
284.845 58.74515651976562
285.855 75.79914107062581
287.055 62.65441276656536
288.065 72.53491507379782
289.135 71.44719512094456
290.144 60.253092082899954
291.155 50.92605316480055
292.156 53.24131563469499
293.164 74.69442836331619
294.285 41.59776214661717
295.286 61.936633824859676
296.288 53.16070303578218
297.289 59.62023418459094
298.29 46.96449446181915
299.291 76.8787269612808
300.435 84.28809281178579
301.437 89.0702812606359
302.835 17.289698624828578
303.855 111.17394551032002
304.856 42.33020034413645
305.875 41.18070079891966
306.926 43.4874507791191
307.935 49.23154669825151
308.976 55.443052793743796
310.086 66.78062235057696
311.255 54.06699295987432
312.265 75.90995852833142
313.266 85.49765897332358
314.275 73.14052934092902
315.284 67.8309977288923
316.285 61.167689597346616
317.295 63.816040470279276
318.303 66.24119178225418
319.386 54.74295325374319
320.403 56.9612535879802
321.416 62.43175620417908
322.417 71.28594326606822
323.42 74.69546037867023
324.425 61.747590918611664
325.427 61.21851406028489
326.44 79.0342464139031
327.441 64.62360359343417
328.535 73.25830750375518
329.536 87.5233127888425
331.116 6.785676131019511
332.117 115.2144234858986
333.126 59.84734735506898
334.255 46.02645608360648
335.256 50.30545548143753
336.257 46.52979581998246
337.275 35.61108431917238
338.276 41.512225458259415
339.287 40.11146546735891
340.295 38.177841722080124
341.305 20.089960607900096
342.315 22.901879521338817
343.345 15.623013370682182
344.415 8.226189956262878
345.445 6.160820068847137
346.837 1.9082532579998666
347.838 48.38309491265487
348.845 35.23022267809541
349.847 41.06221681969683
350.855 36.770428673962655
351.865 39.318271036634776
352.925 32.24891865175499
353.926 36.80886986446648
354.935 32.14281260562759
355.936 34.3390999330958
357.098 35.93669182350121
358.106 35.75016183716155
359.107 38.035832193282026
360.116 39.154366235689196
361.117 31.75198528582354
362.126 36.71989786870334
363.136 24.86266702499326
364.146 26.378406877648242
365.156 32.42744003021425
366.157 30.188834083042813
367.158 31.639723016215783
368.167 33.75081336727644
369.186 31.347053707202168
370.187 37.0266676365284
371.196 37.11926576053405
372.216 37.54590342240311
373.226 38.50758503587943
374.236 30.211387179465234
375.446 25.8061618251903
376.447 41.921212901197926
377.456 24.59515985600861
378.526 23.10140799052921
379.527 28.833614727165404
380.536 24.256297756924624
381.546 19.051121017750873
382.556 16.759362657793893
383.567 21.259458550965764
384.568 13.998252962914632
385.576 19.901215365765168
386.586 14.346860677475867
387.596 21.483179020016937
388.676 10.281740408614823
389.688 25.688412380654533
390.696 20.172277091939883
391.762 14.017795224130492
392.796 13.263810848915607
393.816 16.368698293616966
394.826 25.131266023416043
395.836 22.091193520583456
396.837 16.037659280169812
397.856 19.887265263868514
398.866 16.546764994949605
399.886 19.065029846195205
400.906 16.401412218329966
401.916 21.88852202039462
402.928 17.855735460195945
404.026 15.287116252859427
405.086 10.827938180103684
406.106 17.058184599227285
407.116 13.778698979212566
408.126 19.45646401812855
409.136 14.700943196080638
410.3 14.469555979866948
411.316 17.32681742756158
412.327 13.735765178786748
413.336 17.85276802456295
414.346 12.822972482342536
415.357 17.632420516429
416.457 9.862732186462322
417.466 12.379475132866546
418.487 14.034157750588562
419.496 15.82404438540807
420.507 13.200134571045552
421.516 11.778270318514078
422.536 5.74899549586445
424.717 2.721801118996376
425.726 2.434468366985857
426.997 1.6105288370631585
439.87 0.07950680307260446
440.871 11.656142123747717
441.951 5.973551242655008
442.961 18.69466807224331
443.97 19.322109677833897
444.971 19.7046442811657
446.071 18.384342826164026
447.083 20.168396382778585
448.091 19.37482715053212
449.092 23.964182726535956
450.101 16.987891104712713
451.142 22.54574138036469
451.918 25.587276898840933
