0.0 28.29787860673653
1.009 34.331264730986426
2.2 30.59384352131512
3.289 32.502996401852556
4.31 28.227424266844338
5.379 26.88472045683591
6.52 36.6101901769948
7.539 35.64969897219347
8.599 37.594264529710856
9.8 34.95056539625153
10.809 50.71154136732861
11.81 43.87011921334123
12.969 26.255140506365848
13.97 40.638282008471336
15.119 38.18200547910154
16.13 34.18182599465601
17.131 44.7837700240323
18.27 29.8400675482709
19.271 49.55373489642171
20.28 42.6752592884427
21.439 36.91852910160333
22.549 45.75371933412252
23.61 44.530197074855984
24.611 48.39753509213528
25.799 38.55571424308427
26.889 40.5106563056556
28.029 39.177534834654224
29.03 33.7009178463876
30.031 23.44855210034259
31.04 40.674144022134264
32.041 39.71719104479921
33.11 42.45848110979242
34.119 44.29468642168614
35.12 42.55023603912732
36.129 48.90528880057879
37.139 55.03386394503543
38.14 53.89994171086402
39.149 48.98582548875854
40.16 55.05980623419693
41.161 56.053122041298046
42.169 57.588646803496545
43.179 55.59296600115124
44.182 47.008034271902794
45.189 38.237224474051644
46.191 45.41694042511373
47.199 39.25978466459317
48.214 39.27731094468789
49.349 37.04432195087214
50.35 54.509538261523474
51.359 40.318535997600414
52.369 43.3923497359837
53.589 38.05136866527102
54.599 50.21300154952035
55.609 39.143206881438104
56.619 37.138665423878685
57.62 45.2361313372789
58.629 34.474623316458164
59.639 42.8155504282693
60.649 38.1356105909219
61.659 46.49248215144852
62.669 50.660676466730514
63.67 60.149835719293726
64.679 48.46766785549808
65.68 30.58514703112521
66.689 38.0348042062724
67.699 48.868010436509195
68.709 30.62214415441715
69.719 37.43558597663841
70.72 31.291961583150588
71.722 37.50851796305498
72.728 33.596592008620235
73.87 21.609759431220215
74.879 36.876781765295824
75.88 67.33636234468008
76.889 51.127510901393215
77.908 52.80328244038047
78.909 66.72329372249155
79.91 49.2197546868595
80.919 43.828196928515005
81.921 49.93603897503891
82.929 43.92782977188512
83.939 40.584713560534105
84.989 38.57790298430546
85.999 48.41968006550547
87.009 38.024838905602934
88.01 43.75471417064239
89.209 40.67486086561216
90.216 58.90624765052757
91.219 35.98556313655051
92.309 40.53160977932323
93.318 24.458221278890715
94.319 24.226296112718146
95.329 27.123987444173476
96.339 20.639583408920643
97.349 18.1573800245749
98.368 11.553636449327934
99.438 18.60104105322759
100.468 15.167059977379328
101.498 16.046309831144644
102.508 10.535763717966788
103.538 9.90778969897766
104.548 12.777415572840573
105.568 11.76427684234626
106.579 10.148338356616255
107.598 13.33111897999377
108.608 11.656589645414025
109.628 4.459631868754144
110.648 3.773447289057193
111.668 3.5514798014595086
112.688 3.3295123138825122
113.699 17.91547674330033
114.739 11.415664696384473
115.748 27.10887887775081
116.769 22.516873269952086
117.779 25.870595993898906
118.79 28.218185481593974
119.929 23.761680574706535
120.93 41.892030487888334
122.109 32.68448381917763
123.119 43.56637270896767
124.128 35.330838209160284
125.319 23.79255593619458
126.458 14.311933528286334
127.468 20.06573364313244
128.469 36.31604902096789
129.488 39.881289784798376
130.718 31.184223729384893
131.729 54.45640302436777
132.749 45.710699319758874
133.758 42.09296755111186
134.768 55.81713118654966
135.769 31.298409716078957
137.009 47.30636542676839
138.34 46.016166835101494
139.349 57.34851899228983
140.459 61.60702881964849
141.46 70.0857469499939
142.578 53.36242813277313
143.579 66.31689602218984
144.588 49.508247793945365
145.748 49.73323058731135
146.838 50.61053425410919
147.839 65.59239043916818
148.84 60.13214468829747
149.849 43.11435646609739
151.019 48.680808361243955
152.149 61.72656161399406
153.159 67.47372083202575
154.16 54.83740101171509
155.168 39.20215447799401
156.169 34.61886741208842
157.17 54.509538261523474
158.178 44.14751407262009
159.179 51.79537038121641
160.188 32.50303270142247
161.198 37.88391634764213
162.209 32.15749498779658
163.21 46.593215277432435
164.228 42.17344011137546
165.238 37.477862743943895
166.248 37.66859978773268
167.258 37.29925159481876
168.259 53.25926185363555
169.268 51.99783201644595
170.269 54.28335760490018
171.278 38.988942526450884
172.279 46.81939593405574
173.428 39.16896823938779
174.429 45.91467330735567
175.43 36.649367883414556
176.438 37.95908284831301
177.458 33.095547108181265
179.378 2.3556461877662835
180.379 110.65541421260569
181.398 43.10395136869825
182.408 37.88391634764213
183.418 21.13477872359858
184.438 46.39120490657129
185.439 48.75631581211702
186.508 58.99955416594453
187.514 48.16209064765641
188.518 32.889580998805954
189.528 38.88643287162028
190.538 47.07468895249431
191.549 37.85970443024699
192.551 58.33601250738378
193.558 49.01573194421357
194.709 44.34808531233472
195.808 50.243357587015204
196.868 48.563304824446035
197.957 48.410344514088685
199.03 48.09755569694197
200.038 47.38990986523644
201.066 44.11386947167527
202.068 37.28256303553803
203.078 27.658182257582173
204.081 25.958909565786513
205.087 24.98127131730808
206.088 22.284581469517335
207.099 36.96163877402621
208.108 42.72102249823612
209.11 52.76658692268952
210.118 68.28142713529108
211.119 41.74752617934646
212.128 65.29671919412361
213.135 60.08349825280381
214.138 58.285111289838056
215.238 51.82170852361752
216.239 61.52113861870758
217.24 53.156091729677904
218.248 46.326624714830515
219.249 49.06384214367772
220.268 60.771582005190616
221.269 66.223480765497
222.27 66.79703390746214
223.469 68.38990168657723
224.498 63.704788148058974
225.499 62.79373548615929
226.507 61.365147999715475
227.514 35.83999184999782
228.518 39.237838344396884
229.527 25.596068541425172
230.637 21.21304196916055
231.648 23.961950144067476
232.807 26.063506525741598
233.808 39.807795576871634
234.818 30.934140143601223
235.898 47.28057122658712
237.247 40.78920687315849
238.248 27.82022077252686
239.417 34.50102390010242
240.418 38.2245309800948
241.648 13.75335691069991
242.649 25.33223354884308
243.658 24.17937734841076
244.739 42.75801965731788
246.008 46.63689336093618
247.317 44.95271499245469
248.497 55.062119278978514
249.498 72.9695503226133
250.517 63.50926891459888
251.518 66.49711306586826
252.528 78.64035879277931
253.537 45.68578958355613
254.538 46.47367681629586
255.547 46.18688852931802
256.548 48.73879011789965
257.549 64.46148715563795
258.55 45.68220985478977
259.557 48.114263348128205
260.558 38.96441287962207
261.598 28.083155785931606
262.608 34.15962809041248
264.739 9.880730114002894
265.767 12.11320627810615
266.807 13.06193292366747
267.817 15.019067427735045
268.827 17.91355122632133
269.837 34.745603750822966
270.947 19.609162860266032
271.967 7.102959602939705
272.987 8.21279704088675
274.007 14.427886693456404
275.017 17.260719282608832
276.027 31.72150397127348
277.037 51.768065592092476
278.038 37.44579494725281
279.043 34.152382228384425
280.047 33.98215843598637
281.056 29.411473640742546
282.057 34.0006733512026
283.067 39.228743597049736
284.077 39.81914357020471
285.087 33.05551623381143
286.088 33.276333104752965
287.177 47.69651233587739
288.187 49.988836363915055
289.587 43.189066604936
290.637 41.615732959286916
291.638 40.870910798023
292.647 53.94695109107389
293.648 47.165941735710035
294.649 59.03315139523068
295.658 54.90141746284354
296.667 52.721514029080936
297.848 51.21006937118505
298.857 58.116323956348666
299.858 43.6004549948357
300.867 51.7317821015382
301.877 65.90456453361617
302.888 57.35064305397682
303.898 74.54049553190724
304.899 82.63579733480795
305.9 60.614597287853535
306.908 60.01371191672746
307.917 55.3055771363163
308.927 48.667769313230984
309.928 44.30693887351019
310.929 63.43342332292134
312.017 60.96165459994125
313.027 61.49549096213093
314.028 62.425695908835635
315.029 69.66579163713367
316.03 80.06530707935521
317.037 51.17481908153016
318.038 69.87064385465962
319.077 62.104374542061024
320.097 65.39425040692348
321.098 66.40121775831965
322.099 64.30607062258595
323.108 73.6143055912507
324.953 33.86899030173622
325.957 118.98214447747489
326.967 40.672216637319536
327.968 57.88472241768995
329.057 60.093514344197914
330.058 61.29495796208429
331.067 55.93330403164252
332.077 57.16212229956082
333.087 42.96679638311662
334.097 36.7975017424328
335.099 45.5586577699611
336.108 61.19541705304754
337.109 61.61438853862154
338.116 64.09203408881787
339.127 50.62415420716147
340.148 59.22186166255479
341.157 51.731125998149004
342.158 61.57421171148949
343.159 78.65564605675642
344.177 50.32027157919387
345.178 57.778576232333
346.187 58.04037999168644
347.188 65.29280027113208
348.197 46.972408284264624
349.216 42.43739541962098
350.307 23.28072621908655
351.326 39.99335693987787
352.327 65.3662097825449
353.328 61.25643450232733
354.486 54.600249020274646
355.487 57.61340483160244
356.497 64.43290698187833
357.498 58.94767230206242
358.537 54.7958411801549
359.547 63.573443240638326
360.556 52.63753279836647
361.567 43.44503110252709
362.568 13.160638955857172
363.576 41.32823221339488
364.587 32.24785813799025
365.667 36.71050542844689
366.688 56.98977198549432
367.776 56.17882719805163
368.787 37.174614242345086
369.796 22.438735118305303
370.826 22.6495212238182
371.827 28.498762742603628
372.843 19.43509100262412
373.847 28.86461671319088
374.849 19.658078691491838
375.866 17.73101669971633
376.876 21.968188177941013
377.886 25.330665960158598
378.887 24.481080025054705
379.896 22.66312246955042
380.906 10.087433346983754
381.907 13.201973140193157
383.406 23.363394525984873
384.456 26.090692684426962
385.686 9.323014397533708
386.706 11.542309354769262
387.726 9.766569454029163
388.921 16.02821802136018
389.946 8.172734616297967
390.976 13.628372733300365
391.996 9.053612479996723
392.997 11.08285217764471
394.167 30.919465262330394
395.168 41.66303910664463
396.176 49.38709957667835
397.197 25.94476000899346
398.417 10.698352514998577
399.433 6.685241260136298
400.436 22.798694488201708
401.446 19.054040766520274
402.447 15.606465311393288
403.457 26.305161836065388
404.466 31.897941372299577
405.477 29.283390225390733
406.496 28.0080183190827
407.716 25.519605878781338
408.726 26.899822258568182
409.736 22.6131546764618
410.776 17.237518425411114
411.936 32.91008743109749
412.937 45.640379660075745
414.196 41.97929217100299
415.198 56.33264458675932
416.387 41.832632743482414
417.396 53.77045928558537
418.726 42.45526400662113
419.766 41.362787591492975
420.826 43.29565484778096
421.827 48.18425070095496
422.828 72.48379098830705
423.945 53.4300554434012
424.956 51.99940932527412
425.966 53.302318977908634
426.976 51.32202930926278
427.977 53.72336207549356
428.978 73.4888730147581
429.986 71.5811247372901
430.995 56.42505350457379
431.996 51.569189724593116
433.006 36.70590207969621
434.018 36.46671391996214
435.025 28.759395667670972
436.045 29.299708362066802
437.055 24.209840032752734
438.065 20.471295656351028
439.075 32.95228226680808
440.085 18.681251441241884
441.096 16.571815987555908
442.105 23.11189717183377
443.119 19.15205017238619
444.146 17.415910564876167
445.176 9.232123464494464
446.186 12.91604404281355
447.353 8.536333198888695
448.355 13.331340721824152
449.365 6.57567597111333
450.376 13.436607557464905
451.415 11.50088089581782
452.435 15.759691619001135
453.436 10.55526264878994
454.445 17.05343868989134
455.456 11.751956870661731
456.696 9.931993016698835
457.716 19.9770738832537
458.725 12.319652903969068
459.896 13.92577699514477
460.936 16.545115036638567
461.945 13.843616997414603
462.955 17.484884468110693
463.965 15.691562984199251
464.995 8.953019481308887
466.005 10.535763717966788
467.016 9.853512208813113
468.04 8.6229166566346
469.045 10.852160378006822
470.055 21.968188177941013
471.065 14.860775344989678
472.085 18.867236445285965
473.145 4.548340490637728
474.415 3.208915804875353
475.435 8.21279704088675
476.445 11.144024806075649
477.456 22.394345929073694
478.656 23.09815905071435
479.675 23.9372195115199
480.695 20.965056362764496
481.712 17.875363149773296
482.715 20.78824855547707
483.815 19.837981337996716
484.825 29.14147411358678
485.835 14.67495420440433
486.855 13.983951718261038
487.885 8.352873610729146
488.905 8.656732016082119
489.935 13.686700163277116
490.945 13.131524465995533
491.995 6.037515662491508
493.005 15.467397798718078
494.021 12.829179968936195
495.065 13.564670472157548
496.085 18.42330147011128
497.095 15.394314704604815
498.296 14.892706203278642
499.305 15.469769190138742
500.315 16.961013051443707
501.316 18.559379440353684
502.325 27.63622195804632
503.335 16.139893355182284
504.356 12.8681509803742
505.535 8.449449400432776
506.545 9.863268161502583
507.555 10.087433346983754
508.595 23.687006943142936
509.596 34.34358174434207
510.605 31.586292273394005
511.615 26.876062059844635
512.616 29.23500723382294
513.635 29.270316768255295
514.636 29.281136183546703
515.645 34.8789470157265
516.646 40.96234201378297
517.655 43.01971355556703
518.656 41.52895101268997
519.775 32.109620898349505
520.817 37.34390705557917
521.825 42.44602796787769
522.836 57.28057887219098
523.837 60.61029853284379
524.838 48.292546263816774
525.955 15.547415969127302
526.956 44.557589367202134
527.965 44.11196163431053
528.966 47.47644412846315
529.975 43.52130457892254
531.024 33.829318135941115
532.035 32.02391467861676
533.244 20.02534028872661
534.245 32.34383390623406
535.282 34.40384339778267
536.284 43.38334607787496
537.285 35.58311126429189
538.295 44.38470672667887
539.315 28.525256009478138
540.324 23.336284523078888
541.395 10.871060139643777
542.405 18.38154521005607
543.414 30.916738788195815
544.415 39.12925360679487
545.425 32.81873356355935
546.426 29.368103307518044
547.444 35.868754028043334
548.454 44.16054154128045
549.464 23.205029420600564
550.605 14.08841844995078
551.815 20.740692568257096
552.834 20.441049102636423
553.835 24.171404315989136
554.854 33.513114296450894
555.855 38.13061971327219
556.944 52.488625650974214
557.955 48.20972286140791
559.064 50.040872831973424
560.065 51.86563849465792
561.155 52.2585705037012
562.204 43.18957271276107
563.205 44.105228053955535
564.224 38.9646129387361
565.225 31.881056378400245
566.234 39.267786456930835
567.237 25.507450269047787
568.244 16.71538077899215
569.245 28.27258208577345
570.254 33.70386588725137
571.255 41.16487951702517
572.265 36.31476004923255
573.277 27.796335005310933
574.354 23.590422841821706
575.364 27.348152629571903
576.404 13.06193292366747
577.484 8.735138172953997
578.495 21.722515551160107
579.664 45.91925125402051
580.674 50.661331920317195
581.675 44.5972701842044
582.694 50.88043744023197
583.301 47.743122207527456
