0.0 54.096420303010426
1.001 51.89325358851622
2.009 51.53288377178696
3.07 52.95212604572749
4.071 59.75754446739398
5.08 53.951966725246024
6.09 51.67760950533989
7.139 54.50825621370076
8.15 56.94772817635613
9.151 55.130120580498165
10.16 52.9639042541391
11.229 53.954759854782644
12.23 59.25956493007839
13.231 54.38315127463866
14.232 53.636181968779155
15.279 53.898227786973216
16.28 60.0065342359379
17.282 48.35854056740708
18.289 53.81215714376027
19.29 60.25552400448183
20.291 53.88517173732307
21.3 54.19898234313663
22.309 52.9639042541391
23.31 59.010575161534476
24.311 49.403355902393784
25.319 49.06045778798853
26.379 50.88590274442925
27.38 57.516636549815466
28.389 49.75270122247227
29.4 51.133440241042194
30.409 51.62626412478765
31.411 50.10027498333568
32.412 48.15840705921869
33.421 48.66207671101142
36.537 3.554499555115537
37.549 44.33100445531575
38.628 96.74584912041077
39.629 103.43413569145565
40.639 116.82516615182159
41.648 99.99943368027026
42.649 86.2538416571425
43.65 85.00889281419515
44.651 100.1972686994737
45.658 87.08021289893254
46.66 100.84349525282445
47.738 104.46535271555922
48.775 74.84158786584162
49.778 140.1504353435831
50.779 100.54964018482275
51.78 100.44625846824535
52.788 102.57124619767474
53.789 119.86746041990928
54.798 103.45765232982768
55.799 107.16898222075316
56.8 93.97252448428148
57.801 97.8107527301564
58.809 92.57815548961808
59.819 92.64160345722355
60.829 88.44649564295909
61.83 89.24171888058052
62.857 78.58918126051122
63.867 81.04336420587443
64.868 68.32676032708036
65.898 71.72636658232733
66.947 70.90241667913317
67.948 74.80031230093374
68.95 78.2861690614596
69.958 86.39663866462568
70.959 97.70737101335126
71.968 78.4065128898109
72.969 77.29020998705619
73.978 79.14755974325496
74.979 86.00485188859858
75.987 70.57195559266334
76.988 45.91749914164018
77.997 50.987779311469794
78.998 77.78818952437176
79.999 96.71141193894783
81.0 79.03313836731911
82.018 83.589294407584
83.031 87.93852106709242
84.098 80.78195111433843
85.1 102.8334254594934
86.101 95.7154528645444
87.177 92.84616500919657
88.187 22.209394311299548
89.227 30.435886840907955
90.247 34.066345601516524
91.317 56.233669036185354
92.327 55.02994368241286
93.328 59.11395687833961
94.337 65.56170076291583
95.338 48.40739682776262
96.357 67.85340644792142
97.358 87.99677003740544
98.367 99.4028404045906
99.378 92.05691590026747
100.388 91.0166666156905
101.448 70.40176778765537
102.457 95.45059051947972
103.458 90.48666772352787
104.459 101.19322777387713
105.467 97.62603273777192
106.468 101.44221754264878
107.469 96.46242217040391
108.47 98.30873226747198
109.471 104.43009476585907
110.477 103.16780177485349
111.478 83.8673256878252
112.479 107.41797198929709
113.487 98.7596723146105
114.488 71.5634453089518
115.497 55.18704481447128
116.498 60.35890572128696
117.507 56.4221229034688
118.508 79.28212813586303
119.517 75.44232547580692
120.607 54.28722094974374
121.608 81.77202582221321
122.647 64.62821087907089
123.648 79.03313836731911
124.649 89.24171888058052
125.65 107.66677974795824
126.657 88.95405929325509
127.658 50.15378339944194
128.667 83.34682524625646
129.677 80.30305106223427
130.678 63.34678294472498
131.679 80.77606674758205
132.687 93.81445885470765
133.688 81.37742800170277
134.689 83.51495420247613
135.697 75.022647706667
136.716 57.58056262836888
137.717 35.60553691180137
138.723 49.65911224793114
139.741 19.58654289842254
140.751 26.404502125746216
141.752 49.90133543948163
142.761 58.15123222824751
143.762 57.37102849784894
144.771 59.28374827734658
145.772 52.64022289437572
146.781 44.565373248136126
147.796 28.975540383312165
148.801 22.071890045809088
149.811 34.40363615221825
150.841 50.43218139999069
151.842 58.01461608690331
152.862 63.14420074612773
153.863 64.09375225058449
154.871 72.79730164977904
155.882 104.13673702847503
156.883 76.29425091265274
157.884 81.37742800170277
158.961 68.59624659199575
159.963 83.76394397102007
161.042 60.615421496455696
162.051 39.522498851564386
163.101 33.09302144147319
164.111 39.23659661657151
165.12 33.34710840589358
166.121 27.990235801467534
167.122 38.34442436646773
168.131 24.310092586800472
169.132 35.107557374485786
170.171 23.608164985597814
171.193 15.607906591458038
172.25 12.497307657777046
173.27 6.841848269325645
174.291 19.28487944388929
175.301 22.805396900641366
176.32 12.229575975578612
177.322 18.65559568731071
178.331 15.808999540602981
179.81 2.8648133147337385
181.223 13.478861100907697
182.231 30.16580210577162
183.24 31.370983463452006
184.25 15.89580755939271
185.26 15.053033922110114
186.261 40.336342515502324
187.262 57.37102849784894
188.271 53.21091987180196
189.341 50.410333559948704
190.342 60.25552400448183
191.351 64.07960705602773
192.352 73.30655569932523
193.361 60.62138840647029
194.37 59.88034155302623
195.381 62.473139854550695
196.421 61.93041474757671
197.423 66.9114031984747
198.424 56.37506942344552
199.431 57.27670137530495
200.441 58.09365675075254
201.442 58.01461608690331
202.451 52.4698730183579
203.461 76.84825639160995
204.471 77.83534058305422
205.481 80.79659315807028
206.491 65.25001714003307
207.492 54.63214104318258
208.5 51.532341533555744
209.54 57.37701435401739
210.542 58.51259562421889
211.55 52.27466579097735
212.551 50.39931497679721
213.56 55.08448277434509
214.561 57.12203872930502
215.563 51.09469460143455
216.57 63.71240573884238
217.571 82.51881311796221
218.591 65.09901453741568
219.593 74.22817873899739
220.594 96.71141193894783
221.601 106.28293192110938
222.602 82.37338707610618
223.603 74.05334299507423
224.605 78.7055217038317
225.61 77.72658355439812
226.622 75.9575322927079
227.66 58.92772726610797
228.661 85.506872351283
229.663 82.6853821171696
230.664 65.33870109353184
231.67 69.96900095657229
232.671 68.63745150759955
233.672 53.968896367203826
234.673 68.07758854842594
235.681 94.55624087367032
236.72 78.16127687332131
237.75 72.6942840905222
238.781 72.2103253363109
239.782 82.27000535930105
240.783 91.98060633524689
241.791 114.08983404044588
242.792 77.78818952437176
243.8 73.29182299567823
244.801 81.37742800170277
245.802 92.9765654096503
246.82 85.54794869735566
247.83 66.97741447534523
248.832 70.24831832565948
249.84 72.05551963081639
250.841 64.34274201912841
251.842 77.78818952437176
252.844 87.90894890959018
253.85 84.09087891662821
254.851 101.94019707973662
255.86 68.5258881769198
256.862 54.826359224259825
257.869 56.0393512263326
258.87 50.54492302853599
259.871 68.07758854842594
260.881 71.91283543347758
261.882 72.55940438335523
262.884 77.95929787647319
263.89 76.65831156914645
264.95 79.90463140449113
265.951 51.789871871711085
266.97 42.415888418694216
267.971 45.067148119203274
268.979 35.460940026988915
269.989 42.93816233522771
271.0 44.72373923409876
272.01 45.01479121189537
273.019 40.26354570500844
274.029 41.06645444543503
275.03 39.589373209642815
276.04 34.40363615221825
277.041 51.04290256585158
278.042 53.88517173732307
279.044 75.223143842218
280.05 72.19877116083958
281.051 64.59173178767233
282.062 61.7340995985743
283.069 72.37458048273113
284.07 65.83504254030834
285.079 59.63495103788491
286.083 76.56277159396025
287.13 68.65735197011361
288.209 68.93107979292705
289.269 70.40176778765537
290.27 72.95400220386567
291.271 61.10587502714646
292.279 58.20892194290629
293.299 50.193559379414395
294.339 52.34378310179701
295.34 60.7535035417974
296.341 63.59577271326891
297.349 50.045885557865866
298.399 46.62642227697288
299.409 50.341293772312376
300.41 58.86496710956795
301.411 56.12607965490159
302.419 55.88091209753959
303.42 54.38315127463866
304.429 47.77657627980296
305.43 61.60385456446205
306.431 62.1018341015499
307.432 63.99037053377935
308.439 58.26672623474484
309.44 82.51899512784497
310.449 90.75729378092477
311.459 74.29738695546374
312.46 52.474957755484816
313.469 51.72882616491384
314.479 44.5212491162871
315.482 73.87615892170214
316.489 44.65388441636461
317.49 63.84476248181282
318.499 71.9841068262495
319.501 106.81328587283132
320.502 95.56984481257788
321.503 117.12857296524291
322.51 111.33582195691785
323.519 107.554355792703
324.619 90.36726912109751
325.621 110.90382874982296
326.622 93.22555517842196
327.669 89.70462593016306
328.671 75.47188511808007
329.673 95.12244590867971
330.679 102.42454504017363
331.68 89.49070864912444
332.681 81.52303605344154
333.683 86.76852107194065
334.685 93.38125697787284
335.688 93.28815502688822
336.699 95.50829336540457
337.7 76.29425091265274
338.709 68.77290379458266
339.718 65.80871638080643
340.719 54.38315127463866
341.72 52.39123312560406
342.738 34.52128185850645
343.748 19.248141736465683
344.749 29.235184644642622
345.758 54.445997961027224
346.76 62.68280150927472
347.779 51.46577464054542
348.78 60.10991595274304
349.788 52.27466579097735
350.789 47.80603557386963
351.799 37.364888727006566
352.828 31.245675249048155
353.848 20.036841360154945
354.859 24.508528366379227
355.868 31.370983463452006
356.878 54.88581351630564
357.898 43.84041455772854
358.899 47.557045805325714
359.908 47.0355294263589
360.909 56.624059192217175
361.988 61.77037403771452
362.989 70.21511474897157
363.998 58.15123222824751
365.008 49.45667007419171
366.009 63.84476248181282
367.08 52.50673433142123
368.088 53.90282671371511
369.098 43.040622828779064
370.099 54.88113081172651
371.1 76.04526114388109
372.178 64.37092757765495
373.21 66.17385639211561
374.218 75.26990837973045
375.248 77.14985319076268
376.249 86.75236722456187
377.258 63.58557582047426
378.268 53.05577529929656
379.269 76.29425091265274
380.279 82.52399049338246
381.288 82.7081598657893
382.289 83.01697466516056
383.29 85.75586211982692
384.308 102.44134194723401
385.309 61.60385456446205
386.311 72.7357310840526
387.318 46.38642792055522
388.319 61.25148307888525
389.327 44.11506358193272
390.348 36.22999151721893
391.398 70.90241667913317
392.438 71.9953005895861
393.488 71.07226081409169
394.498 73.88700381659389
395.499 80.2780872104942
396.568 64.44656914135439
397.577 72.9418985345915
398.578 46.66446844749968
399.579 46.16648891041184
400.588 50.144170417899545
401.59 66.76594046404577
402.607 42.009157110899146
403.608 37.348465292064304
404.627 31.40927004074862
405.708 47.59173850616333
406.727 45.49402262925173
407.729 30.698455468598127
408.747 35.500609003278406
409.748 35.107557374485786
410.749 36.45588793446601
411.757 39.41711079486562
412.758 55.27572863223695
413.759 46.415478678955765
414.767 58.20892194290629
415.768 78.2861690614596
416.777 62.1000513409383
417.778 41.332301589905754
418.917 25.914943140606926
419.939 24.875101130243713
420.948 26.677686724669318
421.949 26.994276727064108
422.957 35.85279758486483
423.967 33.067320418963
424.968 24.00639950362608
425.977 22.72543683962675
426.978 26.641905241715047
428.007 24.07980775345601
429.017 28.87221260469852
430.019 26.46985377939815
431.032 19.92925906117816
432.047 10.55888336004987
433.048 16.682314497111427
434.057 32.95563921046631
435.067 35.53503089814305
436.127 26.66741961869287
437.128 30.625741539556493
438.137 33.34710840589358
439.138 30.729123256361632
440.157 39.134643121888
441.167 35.637491391694404
442.177 41.45753604771968
443.187 35.14394929585839
444.197 44.172017574703865
445.198 39.44376515767629
446.207 37.793389526785674
447.208 28.488215338783117
448.217 29.88888975656389
449.246 19.71994609083944
450.249 24.376645031523786
451.257 35.35827623873791
452.267 38.84551501428685
453.277 37.2624282334552
454.278 20.76953251173524
455.287 19.267218190114864
456.316 14.775086745693352
457.317 21.16413033217736
458.318 32.721041405168485
459.327 41.0045925584525
460.328 28.488215338783117
461.338 30.106067844174678
462.496 21.182110034537445
463.676 11.204117213121402
464.686 12.832094490984714
465.687 29.38079269638141
466.697 40.079370253990746
467.707 47.13327014949219
468.717 52.911464744816044
469.726 44.565373248136126
470.746 26.389986181704153
471.747 21.16413033217736
472.777 27.444140578369968
473.778 30.625741539556493
474.867 22.315849872790725
475.868 62.49643192206034
476.869 54.134161505867
477.876 86.97744716055125
478.877 50.39931497679721
479.887 35.78180194594718
480.906 13.309497596818483
481.936 7.985319443325
482.939 6.460825242208652
483.946 21.038028264657644
485.047 29.749103039500312
486.116 69.57589812588539
487.147 72.62377557058414
488.148 67.47622729430522
489.157 48.76463875113761
490.158 59.86092618419912
491.186 45.681295403159965
492.187 38.59341413523939
493.196 32.606061552449525
494.206 28.481131002413868
495.223 22.30159981592278
496.326 23.820085882628728
497.337 24.159642256642837
498.346 33.100092788230725
499.366 19.405420787056084
500.386 20.28119308406594
501.397 15.5311985935496
502.406 24.454546164337142
503.416 22.065083756978446
504.417 28.633823390521904
505.566 29.807828543888856
506.576 29.11898365250266
507.579 41.249884238720284
508.596 44.70495489093896
509.606 41.55999654127104
510.607 50.54492302853599
511.616 46.04746695502424
512.617 41.332301589905754
513.626 17.393655287685608
514.627 29.87877223369699
515.636 41.60118583413215
516.638 57.45923471685414
517.666 35.740839086406964
518.676 35.28825985011117
519.816 19.767520485014668
520.817 41.083311821361825
521.819 46.120414569997784
523.138 6.99153454142166
524.146 41.642456851981315
525.147 41.332301589905754
526.156 39.13102965590938
527.157 54.52875932637745
528.159 44.62796691505301
529.166 38.218722829663726
530.176 43.96877997222874
531.177 43.42760145551774
532.185 40.798011044767655
533.197 34.58192813445875
534.206 37.29935829123221
535.224 34.62293716147073
536.226 39.549862857061356
537.235 36.41385786002374
538.236 47.80603557386963
539.237 40.9377037693953
540.239 44.27594709775777
541.246 40.44627876346041
542.256 37.364888727006566
