0.0 35.25001990921326
1.001 36.415793035987924
2.009 42.84506025933859
3.01 46.7176736037806
4.011 45.836229277057775
5.02 47.189375617574804
6.031 47.47672809824414
7.039 51.81823939419609
8.06 49.27357959167126
9.061 46.909927404564925
10.069 41.89046673426769
11.079 43.33184050029285
12.08 40.6453766544741
13.081 49.02471921372009
14.09 47.3801051066879
15.099 45.8542691929038
16.1 49.48905149301511
17.109 46.807916638996886
18.139 43.42464968794096
19.14 49.793734417033264
20.141 44.2981988702556
21.149 47.045271769369165
22.159 48.285897352331006
23.16 51.79609710295462
24.169 46.42645766059482
25.179 52.017596947016145
26.18 46.989752082115444
27.189 45.09093296944133
28.19 38.72326025524571
29.199 39.481004271911324
30.219 19.511615813849655
31.439 8.202618722313598
32.449 35.13859262947233
33.45 45.756404599507256
34.459 44.90062174663487
35.469 35.71021457406677
36.479 35.82164185363185
37.489 20.46696272143876
38.499 36.9648857426449
39.5 32.57071701924625
40.509 33.64758188175173
41.51 42.488089985294415
42.518 43.22689766926143
43.529 45.573206291729036
44.53 42.18340706110043
45.531 50.7550034213066
46.539 42.081385439317046
47.549 39.711568185348646
48.55 42.76016846362926
49.551 45.756404599507256
50.559 41.508629324344845
51.56 42.56791466284494
52.569 39.560196048126734
53.579 30.105422408918333
54.588 29.83299209702769
55.609 32.042927804736095
56.619 26.56426346248996
57.628 28.227964406852337
58.639 23.11164897481566
59.648 37.573709379549314
60.659 30.535384020330067
61.66 35.56695315512424
62.669 30.977369032409733
63.709 33.19975796405507
64.71 37.2972373625349
65.719 34.98268830642272
66.729 36.393263798050455
67.739 33.61426744429745
68.749 38.18724299999792
69.769 34.90443147864975
70.779 33.042645499703
71.799 36.8694952518343
72.809 39.63245481683281
73.81 30.26367140913091
74.819 36.23860295487832
75.828 31.16809852169869
76.91 31.37745852010646
77.918 37.61098488487413
78.919 35.07001643014592
79.969 40.39813002180063
80.979 44.05851201343949
81.98 37.37706204008542
82.989 48.715211531358904
83.99 41.9911532603161
84.998 48.30243236482407
85.999 43.52918366694244
87.0 43.913831805126364
88.009 47.57083459597686
89.018 46.04499868201691
90.111 27.995354700414193
91.159 28.53916314051451
92.168 33.98352948981575
93.179 31.29679274286577
94.18 35.9514607566929
95.191 37.95911906566863
96.194 41.13994037382224
97.248 43.34878505852902
98.249 31.9141309391669
99.25 43.3369298661581
100.26 45.61832827814309
101.261 40.56555197692359
102.268 33.90551755052654
103.269 34.49325502761709
104.278 42.723405588944345
105.288 43.33184050029285
106.289 43.91369126868693
107.299 45.046706333724494
108.3 49.4092268154646
109.301 41.02988425604276
110.308 36.38992540588407
111.309 37.489491163495074
112.318 44.32843327894385
113.328 42.188596611279806
114.329 42.76016846362926
115.388 44.59791113196259
116.389 47.67894260787809
117.39 40.645236118034674
118.399 37.462171666475754
119.527 41.187414601246665
120.528 49.4092268154646
121.539 41.38545831743098
122.558 41.627121219620804
123.559 42.18340706110043
124.568 48.254560776741435
125.569 43.91369126868693
126.57 35.07001643014592
127.579 42.99332685427285
128.58 47.87119640866242
129.589 45.8542691929038
130.59 50.258066696328285
131.599 52.33907182696982
132.608 49.287399999049924
133.609 49.873559094583776
134.618 51.3854243807009
135.698 49.43283484929157
136.699 55.17684084057711
137.707 37.11749910926492
138.711 35.34858421898536
139.718 39.941633981786026
140.728 29.80345448109648
141.739 35.101192575642365
142.74 38.25850636680824
150.215 2.0964157578403864
151.226 26.245224346435627
152.235 34.624791669801496
153.236 38.643013968552744
154.246 35.71021457406677
155.255 26.511399003779278
156.266 21.39847934902241
157.275 19.072948923620167
158.276 19.60988768545287
159.285 19.342870189124522
160.295 27.437853334730413
161.315 10.94301095006744
162.325 9.60614577641273
163.535 10.815150178068548
164.536 39.41202917186591
165.537 42.18340706110043
166.545 41.89046673426769
167.546 35.646777832674765
168.555 39.86246325031339
169.556 38.14607724357443
170.565 39.36946655883778
171.575 38.87029222415745
172.576 32.95522462081491
173.577 38.14607724357443
174.585 31.119748914778917
175.605 13.207082181107388
176.615 19.1331781843448
177.635 37.92319312013013
178.795 9.525284152287535
179.8 35.425393142536436
180.805 25.73898091917665
181.815 28.58109722356761
182.816 27.37986439648673
183.835 35.31640060608365
184.845 35.71021457406677
185.846 37.2972373625349
186.855 21.82235354917756
187.856 33.45216134579323
188.865 30.595910054007668
189.875 33.804808092378366
190.876 37.87399876506373
191.885 33.45685239246277
192.895 36.58380444630721
193.905 25.03979899307627
194.913 32.83801725987136
195.915 25.047796013262943
196.945 19.24460546390989
197.955 12.19460148208482
198.965 14.941283924823741
200.005 16.83902978092115
201.025 5.28283287244999
202.055 8.034155679104426
203.067 16.052740209388944
204.075 12.79155323494764
205.105 5.605224892393938
206.114 5.149696209377445
207.124 10.479735648670763
208.135 12.753596103686355
209.155 10.077985684399309
210.165 16.767577037855638
211.175 15.243251852610422
212.204 13.841845358932082
213.545 8.094431566708629
214.795 12.00863380947977
215.805 19.24460546390989
216.814 16.59346556353196
217.825 20.637070626310862
218.835 20.197308704666167
219.845 19.05406481582897
220.854 16.29119836129254
221.855 16.149319270420534
222.954 15.409693183106143
223.965 21.77918371029026
224.974 28.418693896141292
225.995 17.79611521863036
227.005 26.48515009397413
228.006 32.95522462081491
229.015 45.01215945970842
230.017 50.207908945128544
231.025 60.60049982418008
232.026 50.06581289554395
233.035 44.51916276823281
234.045 43.140881999847174
235.054 41.38829916427334
236.056 37.53224270231326
237.067 47.66708027896599
238.074 37.91879177827652
239.075 54.40782563726394
240.076 54.679904115598795
241.084 59.83682500415854
242.085 51.603983838609714
243.095 47.90481605599333
244.104 40.895302472797724
245.105 36.415793035987924
246.124 34.56096957699
247.154 18.014296842367852
248.155 29.79933913001173
249.374 22.799127457112654
250.375 33.83666894753773
251.384 30.023721586316647
252.394 31.439206946012295
253.404 20.276422073181998
254.415 25.887896568675732
255.416 48.33552868795744
256.425 44.32843327894385
257.427 45.134553732787026
258.435 36.92658040439142
259.444 35.17341779571167
260.445 35.56695315512424
261.446 25.8418339898604
262.454 21.764732369822728
263.464 14.671629908121485
264.567 2.0896201210997267
265.574 33.5610991313083
266.575 34.49325502761709
267.584 24.794833600706216
268.586 26.312484516500334
269.594 26.235132924441483
270.604 27.437853334730413
271.605 24.30380358323407
272.606 39.49185384941643
273.614 39.32925322979072
274.615 35.646777832674765
275.616 40.837630455258434
276.617 46.52541980282042
277.624 51.67858913086362
278.634 36.2816972344224
279.635 34.6056841508509
280.654 29.162509240982356
281.655 32.57071701924625
282.664 40.81611069658233
283.665 41.222138057002944
284.666 34.30100122683276
285.674 34.93812301488664
286.684 31.327779666447206
287.694 38.679751575900696
288.704 41.807515315117975
289.714 34.757511333134644
290.724 32.96353213118717
291.989 7.51759777038426
292.994 49.595550399515844
294.004 46.761572167156125
295.013 33.075393414060706
296.033 26.980182169939592
297.044 13.705357006943906
298.053 12.095149598096105
299.325 7.1108212012950895
300.333 17.56452085991524
301.334 17.495095876280118
302.343 9.997125216497887
303.344 17.495095876280118
304.354 17.910820926815926
305.453 12.680637339607166
306.464 25.887896568675732
307.474 36.853458462903966
308.475 44.98738939619409
309.483 35.59014946939768
310.484 38.91509244688759
311.485 46.909927404564925
312.486 42.18340706110043
313.494 35.781068174271184
314.543 35.48331081753482
315.544 43.25710518860759
316.545 46.220736878802285
317.546 42.95256280085303
318.573 39.241606545070006
319.574 37.10498356175057
320.575 38.14607724357443
321.594 39.36082813269155
322.595 44.98738939619409
323.596 57.56371112824297
324.603 60.278462476142636
325.604 57.56371112824297
326.605 60.832025742455805
327.606 65.52594164006116
328.694 51.3688054665462
329.695 56.13810984485045
330.698 49.58223987940088
331.703 47.568682639540256
332.705 44.253989090977306
333.743 29.66413173618987
334.803 3.524886358837199
335.813 36.9648857426449
336.814 49.104543891270616
337.815 50.06581289554395
338.823 55.82753219917731
339.833 48.47643800058777
340.834 47.75876728542861
341.844 64.10077114937761
342.846 59.81100548398573
343.853 60.278462476142636
344.854 46.79749828115527
345.874 47.545495852085075
346.875 41.9911532603161
347.894 45.78199187910834
348.914 44.98241716304906
349.923 48.90594102064786
350.993 46.837269820952756
351.994 57.09937884894794
353.043 55.372804052253066
354.044 66.40738596678399
355.045 51.98835090391479
356.053 47.92059495472537
357.054 42.76016846362926
358.056 41.18099819850081
359.067 44.621445388471486
360.073 47.63326799707335
361.083 42.56967790761749
362.084 42.9524222644136
363.093 41.086031961910834
364.094 41.52682098102108
365.095 35.07001643014592
366.103 36.544742994292726
367.104 42.68034378607875
368.105 36.41312284434211
369.113 27.956052918024664
370.133 38.111865722634725
371.134 38.14607724357443
372.143 38.98800758043571
373.144 42.29583618433424
374.153 34.02904086015379
375.163 36.28183651848537
376.173 35.44056055729418
377.184 26.34763604585617
378.203 26.817801529659324
379.223 11.509028757827428
380.232 15.719009893583937
381.242 21.91217453809781
382.243 21.147918092255043
383.264 11.309268636963612
384.283 6.310720613642662
385.302 10.576034406080169
386.663 6.504422125939065
387.666 2.29795712221206
388.671 81.73946757029806
389.686 27.950221215946257
390.702 17.426217546055703
391.712 13.909467315498878
393.203 6.119965841893955
394.212 11.634498843390718
395.238 4.314092842780956
396.302 1.9895738731510908
397.312 11.051357593142116
398.331 10.387176648824342
399.381 10.33988910668109
400.383 14.98083060065589
401.391 18.710033089912393
402.421 23.058999245386993
403.422 16.726080672931783
404.431 16.784195052768162
405.451 22.26336710539027
406.462 20.25636626504301
407.471 20.408055348291164
408.481 15.814873797081775
409.491 11.321011609826787
410.511 18.67858765622024
411.541 19.991968782830096
412.551 17.037231054557893
413.571 18.67858765622024
414.582 21.890500774923677
415.596 17.15981205102353
416.601 17.2339750423155
417.611 19.625686760247568
418.612 19.305204761434727
419.631 23.607219656363004
420.651 13.77309998888496
421.666 10.553819694789325
422.671 14.888659481600348
423.702 14.372789725716736
424.711 18.310030966640188
425.712 22.38126557486323
426.721 17.928571988238126
427.741 15.848498617332382
428.751 11.130470961675533
429.761 12.19460148208482
430.791 12.331494763273698
431.801 11.813520185764725
432.811 12.004060833915979
433.821 10.749250381257296
434.841 13.584427386292434
435.851 18.291902223153606
436.861 17.72028027873501
437.871 19.514259480682483
438.881 16.577036389704382
439.882 18.648618681355373
440.901 19.153048106722427
441.91 22.887538708344202
442.921 22.15988807155811
443.941 20.37664107946503
444.951 20.00676805658525
445.961 18.561556239750356
446.971 20.00676805658525
447.99 22.851788627445202
449.0 17.037231054557893
450.01 19.24460546390989
451.011 21.724679494783878
452.021 18.942637536088036
453.022 20.955664291294866
454.03 17.946358269890847
455.031 16.229143947953467
456.04 21.170973305271136
457.041 21.532425693823704
458.05 17.435575296709754
459.051 21.147918092255043
460.07 18.885775725055236
461.08 17.22777170270915
462.09 22.293255834435488
463.091 23.26270990141021
464.111 14.040110338736802
465.13 18.319202453410846
466.131 21.340171893039376
467.141 22.181828554870403
468.17 19.824374919079055
469.181 14.086061368246927
470.19 16.10046887205634
471.202 13.311485992826034
472.21 14.127984169941383
473.22 16.195955093384285
474.221 14.114352138727963
475.23 15.258359138878548
476.24 15.243251852610422
477.25 16.6561497582378
478.27 15.282480809572396
479.28 17.910820926815926
480.29 20.38784935292293
481.291 24.30380358323407
482.3 30.135259299214354
483.301 25.457326388115895
484.302 25.185247909781047
485.31 19.743896954346276
486.32 21.72163389001689
487.33 20.578390001003847
488.341 21.77918371029026
489.35 22.124620751364223
490.37 20.64365142922895
491.375 22.97863338980089
492.38 19.91481560451755
493.381 21.035488968845385
494.4 17.18605590987588
495.41 18.86352416757221
496.42 18.371015591669437
497.422 22.279183970190868
498.43 23.292082009865815
499.439 20.105788145928653
500.44 19.994395287197374
501.45 16.95811768602448
502.451 17.574920553830637
503.46 16.40273607429576
504.47 18.101361574896845
505.48 17.418312350860404
506.482 22.47124590099263
507.489 19.68415454609141
508.5 16.830027013315824
509.51 16.767577037855638
510.53 16.791861630277417
511.54 11.43243888944463
512.55 12.083174202449396
513.56 12.004060833915979
514.58 12.641064373347403
515.59 11.813520185764725
516.61 12.075046565587414
517.619 13.430256022749518
518.63 12.753596103686355
519.639 13.732523224988936
520.64 13.842273660357945
521.649 11.3322316411513
522.659 12.95676407470743
523.66 14.419035062869195
524.669 16.784195052768162
525.679 14.179121332183549
526.68 18.840872482139705
527.689 16.974924542004363
528.78 13.302803483186569
529.789 15.639818117350952
530.79 16.5338268720947
531.8 14.48108925997023
532.809 12.47660857656851
533.819 12.575682778404916
534.829 12.004060833915979
535.839 14.862170556290327
536.84 15.18805026621753
537.849 9.04347777031688
538.869 10.754338347474917
539.879 9.145951111559219
540.889 12.766223426556174
541.899 12.385142130236076
542.909 9.60614577641273
543.919 13.718926667347622
544.929 12.004060833915979
545.949 10.754338347474917
546.959 12.19460148208482
547.969 7.510198646678578
549.009 6.846638482355261
550.019 8.002707222616515
551.039 5.848850680209976
552.049 5.33513814841101
553.079 5.231543232916249
554.12 5.176262756864587
555.14 4.528142462097478
556.18 3.885929949450106
557.229 2.7518501616683393
558.239 2.4770284260542494
559.289 1.9089190939105192
560.309 2.452743833632471
561.34 2.986553709246007
562.389 3.3022201940020075
563.409 4.339469859504955
564.469 3.6310576347046237
565.479 3.6202723149969533
566.513 4.28071494845582
567.529 4.545969794617876
568.559 4.671020743664546
569.599 4.811151365977472
570.639 4.256018516061053
571.659 3.5847794491524443
572.7 2.957864432486513
573.749 3.118763516545728
574.789 2.1123183685069753
575.799 3.8108129631482095
576.839 4.4410627993665255
577.859 4.339469859504955
578.878 4.34372841677853
579.879 4.229583618433424
580.919 4.626107082671998
581.939 4.528142462097478
582.959 4.716815064690002
583.968 4.768237230905042
584.989 5.8431221290937625
586.008 6.987737018307365
587.009 5.655184901843528
588.019 6.478382037353715
589.02 5.575360224310595
590.06 5.551328499199365
591.068 5.536642444971563
592.129 4.5345441715237556
593.139 4.382434907619562
594.198 3.634486395451599
595.209 3.6166914323786945
596.268 3.8162107152171454
597.299 5.03980938433835
598.348 6.3136991038504195
599.359 7.994791587381014
600.368 8.964285994083893
601.388 9.810975334547468
602.408 10.56566574489998
603.439 8.959661127720437
604.468 8.416008220362091
605.479 7.502770161374238
606.499 10.56566574489998
607.508 9.5364744617925
608.511 6.523595072503779
609.519 7.445829494972671
610.548 5.610672146919783
611.569 5.654634318481806
613.04 3.8482937367384253
614.079 5.556671452518011
615.088 4.57750774166884
616.118 5.605224892393938
617.158 7.031682765660735
618.168 6.66892268550497
619.178 6.287841389202458
620.198 7.169558898322473
621.238 5.921417065810312
622.268 5.978906551889213
623.278 4.4615482761529766
624.328 3.8489210927819775
625.338 2.4770284260542494
626.348 3.0486503705256016
627.369 3.769756212327066
628.379 2.095947129734153
629.389 3.596872586263667
630.424 13.414735576923531
631.434 3.429731666828113
632.454 2.8300890388175186
633.544 2.089762404570913
634.654 2.2822615720526764
635.674 1.886726025872484
636.704 2.4289307867104877
637.714 10.289195000501923
638.724 21.91217453809781
639.725 43.14467606537377
640.727 64.99667761492992
641.729 74.02316717303927
642.865 62.99094833304993
643.866 70.63696958527017
644.867 84.09473564386602
645.884 74.33496796743088
646.885 70.06020818274132
647.895 73.43726290921119
648.949 70.73674349868153
649.955 58.999293569636876
650.956 69.37101765680283
651.975 77.51009509734884
652.984 77.89682338448017
653.985 69.86795438178115
654.986 59.37382001320415
656.005 69.76678899617504
657.006 75.05880700454067
658.007 75.63556840689367
659.008 75.52313928365984
660.009 77.75036021622468
661.014 67.48349824388195
662.016 73.25534063835062
663.024 73.47132339868415
664.035 80.59800753171243
665.044 75.68726128993148
666.045 75.82782220785384
667.046 76.78909121195133
668.048 74.21565029235943
669.054 68.64363475672164
670.056 65.18873954573169
671.057 65.06160936094199
672.064 62.76287033150017
673.065 61.985548547513474
674.066 69.29119297925232
675.067 66.2151321658238
676.174 55.60081340046646
677.176 68.52217777593916
678.184 69.95551636913628
679.185 70.25246198352566
680.243 74.18275353740249
681.244 65.83062456425515
682.245 60.06301053914264
683.254 72.17493870739412
684.255 75.44331460610934
685.283 69.42105955333234
686.284 78.71162922032217
687.285 75.05880700454067
688.314 74.59022230400127
689.316 68.90668537768366
690.317 64.2927346938924
691.318 62.37005614908214
692.319 54.10314271306996
693.323 64.67552282425287
694.334 72.983920305652
695.335 64.10034035666864
696.337 56.35389073008155
697.343 54.79073173860335
698.344 54.87215791638312
699.345 71.72570510792784
700.346 58.47733829133079
701.348 71.91090712291414
702.352 71.76765830405348
703.354 81.12987980034363
704.355 66.87171824590317
705.356 85.44051224970802
706.357 66.5996397675683
707.363 55.17332826872927
708.373 39.138692684011644
709.374 41.9924180879193
710.383 44.05851201343949
711.395 35.82980511299007
712.403 36.544742994292726
713.414 48.80919336276955
714.423 42.53267609965538
715.433 20.08588142510108
716.434 35.18244555337973
717.443 34.02904086015379
718.454 26.649305291211434
719.455 22.95802697721622
720.463 27.49229351989639
721.464 29.686910006602076
722.473 30.325988788503313
723.483 25.99264151789552
724.484 38.066252566023906
725.493 36.88998319878474
726.494 33.72423982430392
727.495 32.106384739951224
728.503 28.90799479442897
729.514 35.2151534205294
730.515 34.49325502761709
731.523 37.22914747477544
732.524 36.031285434243415
733.535 36.43630162042138
734.602 40.656295028981894
735.604 45.756404599507256
736.623 35.76990772042229
737.633 32.66421060144095
738.634 44.98738939619409
739.635 41.222138057002944
740.643 48.76354011428575
741.644 51.79609710295462
742.663 60.890474405379734
743.673 49.61968188942497
744.674 61.7932947465533
745.683 57.2980385470759
746.684 52.94961990801229
747.713 45.33707456259035
748.723 47.682372309050415
749.724 50.834828098857116
750.733 41.46749094048875
751.743 38.18724299999792
752.803 48.18689526559153
753.804 49.98598821799344
754.813 48.715211531358904
755.814 32.37846321828607
756.815 40.88541283270754
757.822 42.76076075416935
758.823 37.569315841045594
759.824 42.18340706110043
760.825 42.10358238354991
761.832 39.44765815084481
762.833 39.2996000486321
764.033 36.95208089106804
765.042 44.249241502728445
766.043 37.37706204008542
767.053 40.28319012976725
768.062 46.91945435207044
769.063 38.53058484514309
770.072 37.080712688073696
771.073 51.219335700601626
772.074 57.75596492902729
773.114 46.52294636211948
774.302 48.17877334169044
775.304 73.52077659773849
776.305 73.90528419948299
777.306 68.71443157672348
778.307 72.44707847023135
779.312 78.0153718809473
780.315 70.87985908680797
781.317 57.314200383914525
782.323 57.85150397943494
783.333 57.81292976024549
784.334 58.90948773408497
785.342 62.31876816927252
786.343 62.1778023482978
787.372 65.98719167879696
788.374 69.02997816141524
789.383 58.251825415271206
790.384 64.67710175919748
791.393 59.777521907128936
792.394 64.86935555998181
793.395 67.75316257262598
794.402 60.85178736592169
795.413 47.286375917698145
796.414 56.79469592475396
797.415 53.71863511150129
798.422 51.4874808342706
799.432 52.47779161186965
800.433 44.49045267121577
801.442 49.20820822283452
802.443 48.72003628970195
803.444 68.45739049371501
804.445 58.861424283757
805.502 53.604036515617466
806.573 53.80137706743442
807.592 56.35802628518851
808.634 55.48341736466535
809.635 72.36725379268083
810.642 75.75809479883111
811.644 62.883996376462235
812.652 59.07315018431284
813.653 59.870756738182465
814.663 61.05212077902786
815.672 58.633144971746894
816.692 65.2487233872688
817.693 62.75456375082664
818.694 76.596837411167
819.713 89.29769067128743
820.723 82.96429531712566
821.732 88.08467809019668
822.733 85.63276605049235
823.741 86.45379533852287
824.742 86.20952745302118
825.743 69.67570058099682
826.744 50.834828098857116
827.752 46.09067824429827
828.753 40.260869052729596
829.762 47.110183841359394
830.771 42.23040889746872
831.772 44.10594506947127
832.773 49.29679769205494
833.802 40.28746963026759
834.811 48.82674924443245
835.822 63.466311273076506
836.823 51.219335700601626
837.831 45.517922129326074
838.842 45.573206291729036
839.862 41.96365552174452
840.952 42.62330611955044
842.022 53.71950974998086
843.023 47.10218120534926
844.032 27.5468872469091
845.033 55.256665518127626
846.034 47.75876728542861
847.042 49.25702588971911
848.051 35.7456062634027
849.052 39.2996000486321
850.061 41.00684018569544
851.071 36.28183651848537
