0.0 55.09263089506044
1.001 88.42237755259175
2.019 87.47688004552948
3.027 91.94248284053278
4.029 116.93212535460525
5.098 116.03043232838377
6.099 116.23875491632144
7.1 126.14023552056298
8.101 108.06977678007686
9.102 124.34061240082377
10.108 90.7816727762198
11.109 114.34832150329561
12.11 114.88844533544754
13.129 111.64270558642585
14.13 118.39925024542325
15.149 103.15337948419112
16.15 114.88785309450158
17.151 123.53101889354183
18.153 96.53992252924051
19.156 99.29652146665157
20.158 125.29568954639272
21.159 110.94964756436697
22.16 130.0119126399013
23.161 107.97896648654323
24.162 136.2233367116248
25.163 110.13946181589205
26.166 132.44790063146493
27.169 92.4008202423812
28.181 136.8796599532925
29.183 121.90040749767127
30.184 135.14308904682687
31.188 124.61938254111499
32.227 115.73809861999602
33.228 125.15079814929871
34.23 123.78895425063165
35.231 128.39154114319845
36.232 111.21970948044297
37.233 110.5674546769969
38.236 118.43268342362256
39.238 126.75667057660635
40.239 127.42342444944761
41.241 132.04049937853517
42.242 108.31614905436146
43.248 112.10108130728872
44.249 122.18011707172197
45.25 97.98667558901505
46.252 114.23420142194588
47.258 118.45979776721435
48.259 129.74185072382534
49.261 134.04106519537947
50.262 134.33290329835194
51.263 110.679585648044
52.264 114.07825958697262
53.269 96.67803306315396
54.278 104.17571228372118
55.279 117.85912641327131
56.298 106.33668284601644
57.299 121.36993132324702
58.3 121.75212421037007
59.301 128.39154114319845
60.347 108.76091490684823
61.348 127.5813553947235
62.349 74.37915791268892
63.35 125.2629291203458
64.351 125.42086006537468
65.378 110.50981987778263
66.379 126.23104581384963
67.38 108.13689743181912
68.381 118.24131930039438
69.389 124.01350889823205
70.438 85.25647184588773
71.449 89.6870953174198
72.459 135.00946539435802
73.461 115.15559766552882
74.462 124.88073623322275
75.497 95.02897994456285
76.498 120.01962174237315
77.499 122.832371874921
78.5 109.21714509637005
79.501 109.21714509637005
80.508 111.36238840519044
81.509 127.31129347840051
82.578 101.1103325099534
83.58 134.33290329835194
84.581 111.75983331284192
85.582 85.45169647501501
86.588 111.89875583222714
87.67 112.88743836665432
88.671 129.74185072382534
89.672 123.9126195394719
90.678 124.5287762896825
91.679 112.0298952289179
92.689 124.83855928872366
93.699 117.18768378196087
94.7 125.15079814929871
95.701 112.29995714499385
96.708 115.00867614864264
97.718 118.9507269281117
98.738 86.35527360396738
99.862 87.4045828654297
100.918 134.86676541563045
101.919 128.66160305927443
102.92 104.62609252184342
103.927 118.34216142392746
104.928 120.82980749084807
105.929 118.24131930039438
106.93 116.77887874847339
107.977 95.74719970312638
108.978 120.2896836584491
109.979 111.9177642578708
110.98 104.19809966049154
111.982 120.16963407414231
112.983 117.16107163584346
113.988 111.20333337711273
114.997 115.04921872464341
115.999 90.60429266043015
117.002 144.30693057658135
118.003 113.38020480954478
119.005 117.74150253455126
120.007 108.41078783363339
121.029 117.81797782999466
122.037 124.39304766801996
123.038 121.36993132324702
124.047 115.6963020328865
125.048 137.57364629225168
126.049 118.78144313279333
127.051 135.8175928844559
128.053 123.24936946400096
129.217 112.59893779107678
130.268 97.84832766785725
131.297 136.30364513419704
132.299 126.37485911965408
133.301 116.50455963210553
134.304 118.9717302392423
135.305 122.35917128053329
136.307 110.6600438609152
137.308 109.487207012446
138.318 114.24347411978405
139.332 123.5463007370427
140.347 104.08886998985297
141.348 82.21470434101617
142.357 104.33239105097823
143.358 135.14308904682687
144.359 125.2629291203458
145.437 109.79551077881413
146.447 129.38870149397337
147.457 111.03160903388527
148.459 134.8730271307509
149.46 117.70119546799542
150.461 124.61067431689973
151.478 110.79900597859968
152.488 124.30324844103271
153.498 120.13189344389069
154.499 118.12918832934729
155.538 111.83532704062917
156.539 130.55203647230024
157.547 110.06781161698768
158.548 112.29995714499385
159.55 127.9936134792991
160.557 115.12072772300992
161.558 122.99030281994987
162.559 106.08853307351737
163.568 127.90941193289339
164.569 109.5993379834931
165.57 106.51652593486926
166.571 103.81590677336848
167.606 95.55136057858563
168.617 130.06289262414813
169.618 115.00057630649464
170.627 111.56624973072694
171.637 113.59703148795438
172.638 93.12556109816545
173.639 135.68321287922583
174.647 119.02912190171742
175.648 135.14308904682687
176.649 113.92032864194373
177.651 133.6592537381802
178.653 118.93269117144955
179.697 126.05922178644629
180.707 128.05042437462245
181.708 114.1903905580197
182.709 121.91005515539898
183.756 114.59556111564879
184.757 137.84370820832766
185.758 124.99286720426981
186.759 128.39154114319845
187.767 113.93377470702494
188.768 125.42086006537468
189.769 105.27834732504245
190.77 107.59677359942017
191.847 117.42759513629645
192.858 126.58681377654702
193.867 116.76798480030243
194.877 116.5412411501312
195.927 116.32781744050078
196.928 126.23104581384963
197.936 121.44299632002166
198.937 131.09216030469923
199.939 113.26705091256845
200.94 105.43627827031834
201.941 114.34832150329561
202.942 93.55375137324832
203.946 118.96502841827666
204.956 102.35491672344342
205.976 107.02830019476121
206.977 122.7202409038739
207.978 111.64770234179483
208.98 111.91808894623877
210.096 118.89193624231899
211.106 81.21444264095778
212.108 91.57164038617448
213.117 129.24842784676568
214.118 119.32215920613827
215.12 106.68001441010442
216.122 114.77378620832954
217.124 111.91808894623877
218.125 126.23084840011862
219.137 102.79838516003845
220.138 123.80048856842481
221.207 95.79978850673302
222.208 121.36993132324702
223.276 113.35475692921028
224.277 127.04123156232455
225.295 113.61123854521128
226.326 121.50916483753936
227.357 104.7281303113154
228.358 111.75983331284192
229.359 119.47949791022118
230.36 109.5993379834931
231.363 122.47553454126465
232.364 106.24646401854628
233.377 118.97553449588422
234.457 118.85355908153471
235.458 123.80048856842481
236.459 115.42856916784652
237.46 115.5407001388936
238.475 126.35428641001606
239.476 94.47587067903935
240.661 100.69927884375912
241.676 131.25893538270307
242.677 117.85912641327131
243.695 101.66139668565621
244.697 95.98411120494212
245.698 127.04123156232455
246.716 99.00587627244921
247.717 125.42105747910567
248.775 110.84899121675348
249.776 54.552507062661476
250.815 102.98904479378433
251.826 119.36726540091212
252.887 115.3765695481422
253.888 132.98259371772505
254.889 122.29224804276905
255.896 126.5527356226579
256.917 114.71362816590317
257.918 128.39154114319845
258.919 121.21200037797112
259.923 122.35354695703586
260.925 114.07642809251448
261.935 126.97804178850949
262.936 118.78321985587829
263.937 131.09216030469923
264.945 108.5700449835264
265.946 125.69092198169767
266.956 112.90519700068016
267.957 130.28197455622427
268.966 113.82085718997041
269.986 130.50546697206062
270.996 122.8084476823455
271.998 118.28108732118194
272.999 113.65026672586775
274.0 125.15079814929871
275.002 111.64829655292343
276.003 127.5813553947235
277.005 82.6682941913894
278.006 99.60704708596492
279.017 120.70421880381663
280.106 109.18294267746093
281.107 123.53042665234885
282.474 86.9789499456802
283.476 85.90600012729338
284.477 123.53042665234885
285.486 113.55293649830169
286.506 92.34095242124259
287.507 125.42086006537468
288.508 107.16878073806829
289.515 119.57296260392087
290.516 118.12918832934729
291.517 99.60704708596492
292.525 100.1449116282437
293.526 108.4069593478951
294.577 105.15692983424914
295.578 131.63228413685115
296.586 110.71553687302463
297.595 90.40051507531234
298.596 130.55203647230024
299.598 120.01186074471092
300.624 125.10900955975723
301.625 130.0119126399013
302.626 119.86169079734424
303.627 126.5011077299256
304.634 111.89929402209236
305.636 135.8175928844559
306.637 91.39305863041551
307.639 107.6016078703013
308.655 139.53366103310097
309.656 126.07311486882072
310.665 126.41312970655167
311.666 142.1646988667783
312.675 119.71511241063445
313.676 134.8730271307509
314.677 112.84008097739283
315.745 122.21395096693493
316.746 137.3029921349827
317.755 120.7873827232627
318.756 131.09216030469923
319.765 117.3038261841339
320.774 135.4109954561537
321.775 127.15336253337163
322.776 127.15336253337163
323.785 133.80366715355743
324.795 115.314095815166
325.796 129.74185072382534
326.804 84.85828191624822
327.805 94.74593259511532
328.814 107.81536004489472
329.815 97.87454461796797
330.816 101.65541144401966
331.824 96.2334666192822
332.825 102.73565910857054
333.826 103.27578294096952
334.844 85.88356779745708
335.855 101.18469912136155
336.856 104.7382234928905
337.857 101.65541144401966
338.885 105.55969485126865
339.905 117.62897302762296
340.906 128.66160305927443
341.908 112.1878813395541
342.91 130.42174501864315
343.935 106.24189403644891
344.936 127.31129347840051
345.937 116.35088588736853
346.938 119.2094359938982
347.965 97.34857459701036
348.985 125.99993400426256
350.005 112.0633146556081
351.006 134.33290329835194
352.007 110.679585648044
353.149 104.72436321988616
354.15 68.44154661743632
355.165 125.02260178897376
356.166 88.80457043971481
357.168 129.88216023225948
358.254 102.0168188155985
359.255 126.77116964624858
360.256 117.9712573843184
361.264 131.5227305112288
362.276 106.80528206827836
363.278 126.6446515127224
364.326 110.8749091555879
365.345 132.49057915392763
366.346 108.51928773267318
367.348 126.6446515127224
368.354 114.69772252568157
369.355 130.0119126399013
370.383 109.08747580173167
371.384 123.80048856842481
372.423 114.43717476004241
373.425 130.69153741195848
374.437 117.75746695048788
375.444 134.33786706650082
376.445 116.08082397104555
377.447 113.42482424199986
378.454 112.43619963899428
379.455 129.47178880774936
380.463 112.32465579002478
381.464 118.12918832934729
382.504 120.04570008979086
383.505 127.31129347840051
384.506 121.21200037797112
385.514 129.91361159422866
386.516 126.2170857902227
387.517 125.96098389777363
388.518 105.54840924136543
389.523 117.3900353626832
390.643 102.78176507394656
391.645 130.55203647230024
392.646 102.19553527641861
393.647 118.24131930039438
394.648 122.44998157406694
395.673 90.41758312500761
396.684 110.00859158058063
397.685 109.21714509637005
398.687 124.05874664394698
399.691 119.66099737453192
400.693 114.61601287914515
401.694 121.639993239323
402.773 99.92271869778135
403.774 123.53042665234885
404.784 101.01722656783419
405.804 96.16143359284959
406.805 135.9532747953018
407.806 117.16107163584346
408.814 127.49993321848139
409.823 102.83630467304064
410.824 133.7927794662
411.825 124.99286720426981
412.826 118.93937407782222
413.827 124.99286720426981
414.833 107.33071804278137
415.914 108.74057787734172
416.915 118.12918832934729
417.923 102.02221703149289
418.924 112.84008097739283
419.925 125.42086006537468
420.926 126.61323870097266
421.927 133.25265563380103
422.933 87.71418285510663
424.113 69.60599623596583
425.184 75.57563449503236
426.185 134.60296521467492
427.193 107.22911255277528
428.194 114.07825958697262
429.224 107.45439041919057
430.234 95.39646266744955
431.235 111.48977139651893
432.236 129.74185072382534
433.243 113.51001087255113
434.244 114.61838341937158
435.245 100.9573566665918
436.246 111.10757850939588
437.333 118.83425919261752
438.334 118.93937407782222
439.342 111.94511702023688
440.353 77.11934240799418
441.443 87.00979681456849
442.444 95.98411120494212
443.453 101.1173427489775
444.454 95.71404928886616
445.455 97.87454461796797
446.457 119.74206835139556
447.459 132.3102917716035
448.464 117.23273299853963
449.465 109.487207012446
450.474 93.07972199372863
451.475 92.85549918208949
452.477 98.58565096154346
453.515 77.71846377609367
454.516 117.04894066479639
455.522 83.14594863306897
456.523 87.61219180411682
457.542 89.51355968793881
458.543 85.29376552998612
459.544 114.34832150329561
460.553 117.72842564305968
461.554 95.55611834359026
462.555 97.87454461796797
463.563 81.90823056824992
464.564 99.22485419884187
465.565 103.27578294096952
466.573 93.01522878528189
467.574 134.33290329835194
468.575 123.10243379099695
469.576 133.25265563380103
470.635 90.5779097639322
471.636 130.28197455622427
472.637 113.65026672586775
473.64 127.59647929014622
474.642 114.07642809251448
475.643 132.17240796925012
476.644 116.35088588736853
477.646 131.5009145919045
478.652 102.33661816082174
479.653 129.74185072382534
480.654 126.07311486882072
481.655 141.62457503462633
482.672 123.5580373918003
483.742 115.92199267207437
484.743 116.77887874847339
485.832 114.541124877285
486.842 93.90166190876238
487.843 114.88844533544754
488.889 110.05313277509796
489.89 134.062841382276
490.892 118.93209952160777
491.907 117.5657519835812
492.91 120.70077806612285
493.923 130.873556125605
494.926 116.11868311287013
495.932 136.08372167428445
496.933 121.48206229429411
497.944 127.11788137825356
498.945 62.230122545959844
499.946 112.29995714499385
500.966 122.55452644043434
502.052 101.02112092229073
503.053 109.487207012446
504.062 128.9810947003093
505.063 97.4465517566161
506.072 133.26782576972596
507.073 100.41723283443987
508.074 111.37764042547185
509.076 99.39561979133128
510.078 114.61621009575907
511.082 122.62280191511333
512.092 109.69333191453434
513.094 126.23104581384963
514.096 121.09043866788346
515.098 137.4369388939427
516.1 119.74206835139556
517.113 120.46590840144916
518.115 119.59162888102125
519.116 119.2094359938982
520.142 101.92264107042179
521.144 121.91005515539898
522.146 84.28724576764836
523.147 124.99286720426981
524.148 114.88844533544754
525.163 118.47456833004685
526.164 111.64770234179483
527.172 126.42718727373229
528.181 115.16046064930205
529.191 128.31807979859144
530.193 116.23476723879018
531.194 123.26036473627288
532.195 109.05921415109412
533.196 128.39154114319845
534.198 114.88580527221349
535.272 126.81701226445769
536.273 132.98259371772505
537.274 117.9712573843184
538.275 139.46407970527753
539.276 117.16107163584346
540.278 130.9613298052738
541.279 124.99286720426981
542.292 124.57965250117988
543.293 131.90234605317414
544.312 109.25508262014145
545.322 133.4035328512851
546.323 120.67187654581919
547.324 136.76346054377674
548.332 121.7111828062707
549.393 124.29421255711966
550.394 128.39154114319845
551.402 122.5157422647708
552.403 139.4642771190085
553.404 125.80305295274475
554.442 125.2252752183926
555.443 134.8730271307509
556.445 118.39310638506588
557.446 132.17240796925012
558.452 121.14699436823862
559.454 125.83527433302339
560.462 113.12921524852484
561.463 117.04894066479639
562.464 114.73051439041868
563.465 131.63228413685115
564.481 100.53114363748844
565.483 127.18423629935307
566.491 109.79590031845024
567.493 67.83365689404147
568.495 126.2170857902227
569.497 132.58008416491884
570.502 122.88146089859089
571.512 119.59658259619971
572.513 138.92395587312558
573.514 123.37249570731994
574.515 137.84370820832766
575.516 113.1101428934688
576.517 132.4424698853261
577.521 125.69640237416597
578.522 127.42342444944761
579.523 134.60296521467492
580.524 120.94174104816415
581.525 134.062841382276
582.531 122.7593123290014
583.551 121.6044432933126
584.552 130.55203647230024
585.562 127.62624531131719
586.563 135.41315096314986
587.565 119.74206835139556
588.568 125.97933884328701
589.57 116.23476723879018
590.62 126.11126045632611
591.621 122.7202409038739
592.622 119.2094359938982
593.623 95.55611834359026
594.624 114.61838341937158
595.672 109.0692566303555
596.674 115.58316338827557
597.681 54.07047735225995
598.682 121.639993239323
599.711 109.50688929093585
600.713 125.56548193970805
601.791 108.54165188248244
602.792 130.55203647230024
603.793 112.57001906106983
604.801 131.5227305112288
605.802 111.75983331284192
606.811 124.69436363089264
607.83 112.43857990835596
608.832 118.82067210756561
609.891 117.12609269030348
610.892 130.82209838837622
611.93 107.51566586516373
612.931 127.85141731079949
613.933 108.0289763764341
614.934 113.92032864194373
615.941 116.08307609455234
616.942 109.5993379834931
617.943 130.28197455622427
618.951 106.69273958027722
619.952 133.522717549877
620.991 99.86682753043905
621.992 129.74185072382534
622.993 113.65046413959877
623.995 129.07278305231347
625.0 113.19792735578703
626.011 119.63465608134483
627.012 115.42856916784652
628.014 109.75974979996307
629.015 108.67702126397107
630.07 106.80814130840035
631.071 114.88844533544754
632.072 109.21714509637005
633.074 108.41078783363339
634.075 124.88073623322275
635.08 108.08343761037828
636.12 76.27237239113454
637.121 94.09367779191629
638.131 127.78276895090048
639.141 111.56691988132921
640.142 124.61067431689973
641.143 119.05150504886932
642.144 124.88073623322275
643.146 117.31393681180454
644.15 135.00852999408798
645.151 119.32156696494529
646.161 99.14363860103931
647.24 108.44105720978574
648.241 118.93937407782222
649.271 120.16135939903613
650.272 119.47949791022118
651.274 106.68001441010442
652.42 89.12708720377636
653.421 113.26807383849768
654.422 126.61323870097266
655.431 122.28307740439209
656.479 111.6487602379715
657.48 122.99030281994987
658.51 116.22448593194659
659.511 115.15850725177053
660.58 119.31791194938965
661.581 129.20172689167336
662.631 108.3465876120417
663.633 99.76497803099382
664.634 128.39154114319845
665.64 113.8915635454237
666.641 114.88844533544754
667.642 132.01427961049023
668.644 132.8498765582342
669.651 120.22133108283722
670.699 120.93497322509273
671.7 115.69863108392249
672.701 118.93937407782222
673.731 86.56670581393
674.732 128.92988825226544
675.79 107.27350048605561
676.832 99.2121484874336
677.87 134.6009507582792
678.871 125.42086006537468
679.929 110.59347895011459
680.931 120.70921886052598
681.94 113.97753595722749
682.941 117.9712573843184
683.942 127.31129347840051
684.95 98.37895850878041
685.951 129.47178880774936
686.971 102.52218601790358
688.0 118.59277474305588
689.009 114.35669857380188
690.01 126.5011077299256
691.011 105.43627827031834
692.012 123.10243379099695
693.013 124.61067431689973
694.016 114.77126309356467
695.017 128.93166497535037
696.019 110.0295421932784
697.02 123.26036473627288
698.03 117.72299462940484
699.051 120.58109022819269
700.059 113.66578426382694
701.06 118.12918832934729
702.099 109.23347932096894
703.11 126.58681377654702
704.21 97.0320777842332
705.211 137.3029921349827
706.319 95.11211056481031
707.36 77.49392177362724
708.361 131.09216030469923
709.363 122.97957707068562
710.379 116.91730460028369
711.381 121.3608227110406
712.382 134.8730271307509
713.383 120.40181462949617
714.384 125.42086006537468
715.385 113.65026672586775
716.387 99.12582739801594
717.388 117.85912641327131
718.39 102.47535518143695
719.391 126.23104581384963
720.4 114.08877788188614
721.401 130.28197455622427
722.41 108.9982847369693
723.411 124.34061240082377
724.413 96.15811107204122
725.414 120.13175271342021
726.416 122.05818082710266
727.649 74.63513028786208
728.65 98.25673750509104
729.651 116.77887874847339
730.652 111.75983331284192
731.66 122.13620349498288
732.661 121.48206229429411
733.662 124.0705504847478
734.709 108.6570362870289
735.72 103.85860592717053
736.778 130.26792347883907
737.779 122.45017898779793
738.82 115.77542405772725
739.83 117.34420742154416
740.899 116.28313052015153
741.9 125.15079814929871
742.901 112.99801192242171
743.903 114.88580527221349
744.904 130.0119126399013
745.905 118.51138121647034
746.939 121.78806190096681
747.94 133.7927794662
748.942 128.3754249364984
749.943 127.85141731079949
750.949 105.29253442209664
751.95 116.77887874847339
753.001 109.52956887053925
754.004 113.58126208230384
755.099 117.96606369170817
756.1 114.34832150329561
757.101 124.34061240082377
758.102 111.21970948044297
759.109 110.7140199265211
760.149 100.81054011182681
761.15 104.35603060552044
762.151 120.5597455747721
763.152 99.33698516964193
764.153 126.23104581384963
765.159 118.99723708746862
766.189 102.73014225883134
767.228 127.70659813018614
768.229 132.17240796925012
769.279 105.51453831778548
770.289 130.72717426757552
771.29 118.78144313279333
772.291 124.61067431689973
773.292 120.94193846189515
774.319 125.66757219122059
775.32 126.07311486882072
776.321 127.57760453482261
777.322 68.17148470111333
778.323 112.29995714499385
779.326 133.7955176707613
780.332 122.22187300874714
781.339 127.62654685621476
782.34 111.48977139651893
783.341 127.85141731079949
784.342 106.62845949218534
785.482 112.73678305630244
786.485 127.70838667016756
787.489 124.50758662289077
788.492 119.47227595808023
789.498 128.29085153121528
790.499 103.38791391201661
791.502 127.0574324745265
792.504 112.99725851925311
793.506 93.99977192576553
794.509 121.12791750196827
795.518 111.67749165538558
796.528 106.10267962077488
797.538 105.56736877308391
798.549 107.98048799736901
799.55 116.77907616220439
800.552 108.41078783363339
801.553 114.07825958697262
802.568 123.424580243723
803.569 103.11785199594063
804.57 118.12918832934729
805.578 109.91097741452455
806.579 114.61838341937158
807.58 106.24646401854628
808.582 84.28724576764836
809.589 108.14095470427289
810.59 123.53042665234885
811.597 101.96654011088873
812.598 119.74955982629714
813.678 113.84741133970154
814.679 98.14460653404394
815.68 97.87454461796797
816.682 116.39254056822158
817.688 99.11198223954324
818.698 116.00593030244023
819.699 84.91157264261604
820.7 102.19553527641861
821.728 90.15371858286758
822.73 97.06435886949303
823.738 95.8539278494943
824.739 105.9764021024703
825.748 100.84942205706176
826.768 82.11477198734704
827.769 100.03503994706979
828.77 109.21714509637005
829.772 98.85603500494763
830.778 109.05460966362942
831.78 96.1579138554273
832.781 100.03503994706979
833.788 85.47945593608259
834.789 83.29120114566618
835.79 96.52423503709407
836.791 94.74593259511532
837.798 88.43243682854919
838.799 118.39925024542325
839.8 92.20324437889045
840.807 86.01636155273751
841.817 68.89857570835227
842.827 68.63092028463029
843.828 67.3575480927375
844.837 64.94804935023407
845.847 65.41905519848449
846.848 65.35498370866458
847.849 55.474823782183485
848.857 55.62536679434926
849.858 63.19448837956276
850.867 53.160126454612346
851.868 50.88377120765688
852.877 66.28765280956573
853.887 61.56074748075603
854.897 64.88374435104053
855.898 67.89707968419047
856.899 62.767087759156865
857.987 53.52354631116922
858.999 67.04874159583905
860.007 54.2850224917632
861.067 36.8266918236064
862.087 40.81482806111309
863.336 31.47648881719337
864.337 44.02009233273435
865.347 38.385857391696234
866.348 68.86578861864028
867.357 57.44626997881667
868.358 43.862161387705456
869.366 32.450564827487185
870.436 34.970145864822655
871.437 37.808668261257864
872.446 35.90137270682769
873.447 46.56278054920623
874.457 86.56383368116613
875.468 74.17824038259185
876.477 76.73655979131516
877.478 78.43008665506359
878.479 93.8236158755933
879.487 73.05807652425506
880.488 43.862161387705456
881.506 36.115077620010574
882.517 46.90439096338947
883.518 69.13585053496327
884.526 45.70305493401736
885.537 63.48261315935586
886.546 56.642507903316485
887.547 76.42752227099066
888.548 70.05816725423827
889.556 56.43051438126142
890.566 49.35972976874353
891.567 67.5154790380134
892.586 54.49489558970787
893.597 46.637000282709764
894.598 59.14355963718809
895.616 36.75644015250983
896.617 55.744885698259466
897.626 58.1387901296582
898.628 48.674649854469756
899.636 57.77144681201254
900.637 58.60343580503614
901.646 61.197159664401866
902.647 66.00723851211062
903.649 58.38717601258692
904.657 64.63294316897235
905.667 54.98049366912816
906.676 57.714190670485394
907.677 57.635319111285305
908.696 61.54761424120174
909.697 62.76649551821089
910.698 57.635319111285305
911.706 59.64875221526173
912.716 63.7019908715199
913.726 51.23331773553841
914.728 53.26131775695044
915.736 62.93344854278274
916.737 67.17849388367915
917.746 68.16309765248184
918.756 63.27781180796764
919.766 63.01015638399864
920.767 73.83903408053698
921.768 83.29120114566618
922.776 71.71714409350392
923.836 69.47409541186094
924.837 74.80715077404079
925.846 64.68012865831834
926.847 65.73717659578763
927.856 59.58963551340149
928.857 60.60600018910907
929.858 52.39201173331264
930.866 56.698700867510446
931.876 52.57159485464231
932.886 67.71682222883163
933.896 49.09207434502155
934.897 51.693956956131814
935.906 57.335028054158016
936.907 48.72327587830805
937.908 60.065876356710106
938.909 66.00723851211062
939.916 68.99237176102945
940.917 64.11680509908477
942.026 96.97572938310407
943.027 126.5011077299256
944.028 115.69863108392249
945.029 90.69500385298767
946.03 95.98411120494212
947.035 80.00083640613032
948.036 61.95630976973595
949.047 63.63898197830356
950.055 45.166681961766315
951.066 79.25866331353014
952.067 58.9856286921592
953.085 53.641512347572075
954.086 41.9717279744326
955.176 49.45716214444881
956.178 53.68868626308325
957.195 51.67811882702371
958.206 58.93697158952996
959.216 58.8841932425482
960.217 54.39457611763258
961.226 71.37814595448258
962.235 71.64606664639831
963.305 57.45570291899783
964.306 67.5154790380134
965.307 48.99333779438402
966.316 46.99755884547136
967.326 48.713287136913856
968.345 44.14852940264018
969.346 53.20219748178758
970.347 43.862161387705456
971.385 47.50738257269864
972.386 42.129658919708504
973.436 37.43845706837939
974.437 38.6188540097328
975.445 40.49615941298198
976.446 33.32974665777833
977.465 30.773807120477365
978.475 19.11466687605648
979.495 30.21357401943876
980.515 34.45407563605909
981.525 16.973423485416117
982.545 16.431943764916323
983.565 15.901881062807902
984.575 13.918082039150004
985.605 12.335536863291969
986.635 15.485035636889496
987.645 7.605483651392323
988.646 8.101857484551727
989.655 6.162175912357467
990.675 6.360752425128101
991.715 5.978495668814642
992.716 34.02780143520618
993.717 27.92850833477678
994.725 58.464653986973744
995.726 51.96401887220778
996.727 44.13222330378143
997.735 64.63294316897235
998.736 57.36525719520934
999.737 59.25569060823517
1000.738 57.36525719520934
1001.746 65.70568911372146
1002.747 59.52575252431115
1003.756 59.32171482173277
1004.767 58.93697158952996
1005.845 62.546294657524314
1006.856 63.7019908715199
1007.865 60.12547689723296
1008.866 53.314328452834665
1009.966 58.5920489836703
1010.967 64.81485987651263
1011.968 60.065876356710106
1012.975 57.56036386138145
1014.065 54.66539291451412
1016.234 15.703932335883753
1017.315 55.62066811580311
1018.325 41.21893526973434
1019.335 66.48967689386643
1020.345 88.43742164796102
1021.355 88.97273249565198
1022.364 57.44626997881667
1023.505 40.13877948767327
1024.506 57.523188140238226
1025.515 54.49914236848465
1026.516 53.85445228523362
1027.524 42.37346481623116
1028.525 38.73098498077988
1029.534 37.7768175497438
1030.545 37.27832646237827
1031.555 46.03673289870603
1032.557 41.1204628426283
1033.564 42.415543728583124
1034.574 40.5271007824601
1035.576 55.577233016043614
1036.584 59.91693870151076
1037.585 63.84674318276179
1038.605 52.05618706199091
1039.614 54.119979751910265
1040.615 53.044266536758684
1041.616 63.306619350609836
1042.625 56.263345286742094
1043.634 49.6763740668324
1044.644 45.88020925912276
1045.654 56.74294985178433
1046.655 43.3220375553065
1047.665 57.278260699475304
1048.674 45.65775953773559
1049.684 49.09207434502155
1050.694 45.233766627293086
1051.704 39.99178993476914
1052.705 54.82256897873744
1053.706 46.832842465282205
1054.714 56.43051438126142
1055.715 54.552507062661476
1056.724 53.427459601068726
1057.725 46.56278054920623
1058.726 68.05560287016534
1059.734 65.5488549112583
1060.735 62.76649551821089
1061.745 68.63092028463029
1062.754 62.26884243181779
1063.764 58.348882394857235
1064.784 54.4414692216023
1065.785 54.93469994978454
1066.794 65.2159700421498
1067.874 70.4403045731214
1068.994 72.26920048587778
1070.004 64.77261256665481
1071.014 43.73896586835889
1072.016 66.21115541774373
1073.024 62.48745127947413
1074.025 49.53365904051398
1075.034 52.355776833652804
1076.036 72.68617285657083
1077.084 68.2059974351474
1078.086 64.48038199421475
1079.104 58.26615549975834
1080.105 59.52575252431115
1081.204 54.21772363680554
1082.205 77.77783185161755
1083.206 60.33593827278609
1084.215 65.48330318860619
1085.216 66.81801650153153
1086.224 56.43051438126142
1087.234 79.87244808539957
1088.235 62.924426463239776
1089.236 66.81742426058555
1090.238 67.02053259768974
1091.243 61.171743406288826
1092.244 54.552507062661476
1093.254 49.09207434502155
1094.264 48.28910807360861
1095.283 43.77308771455516
1096.294 32.197903531192964
1097.313 40.05900754488922
1098.323 31.85099543575995
1099.333 17.508734333082383
1100.343 43.09252323652922
1101.351 22.90720360890162
1102.354 52.55706452959422
1103.364 45.61255383515377
1104.453 55.46012543632569
1105.454 66.16516945713951
1106.463 43.78231469481949
1107.475 48.08276289739674
1108.483 24.248136039800954
1109.493 25.694920687684345
1110.494 39.541170729254816
1111.504 63.7019908715199
1112.506 50.023611820799445
1113.513 51.11749645979336
1114.514 65.0849217925886
1115.515 57.9053810276083
1116.523 67.69434680075652
1117.524 52.50414270435974
1118.533 59.746314280658574
1119.535 60.54551515886262
1120.543 63.13517653575808
1121.545 49.484027034415774
1122.546 67.78554095408937
1123.553 63.73477845501261
1124.563 62.20719011258571
1125.564 55.20476186610752
1126.573 36.43721409041214
1127.583 33.18927255486386
1128.584 27.118322586301847
1129.593 38.04473824141251
1130.6 36.621044805664354
1131.603 25.874247152958798
1132.633 6.823914009490124
1133.663 5.511622853801844
1134.714 10.802990560283948
1135.722 6.972848640646887
1136.733 3.5871007090860845
1137.763 6.823914009490124
1138.792 4.991552559069851
1139.803 12.299971306746095
1140.823 17.227037818054246
1141.833 29.977407468965065
1142.853 12.566515756074764
1143.893 12.996729714805845
1144.923 16.534868561430237
1145.933 19.003535091893074
1146.955 29.20622376658526
1147.963 53.100924263228215
1148.965 52.72153575370583
1149.994 50.55022400593503
1151.034 41.32960049308951
1152.035 59.25569060823517
1153.043 42.105278329982134
1154.044 27.38838450237782
1157.443 2.783647905966516
1158.613 53.007065025144435
1159.622 8.3055414470905
1160.623 31.05712035738242
1161.632 47.26528368873596
1162.633 55.09263089506044
1163.664 62.51334033176569
1164.673 62.80468381564925
1165.675 59.46634558584828
1166.743 60.74875911646137
1167.763 57.8868767851835
1168.764 46.832842465282205
1169.772 43.98258373323132
1170.773 46.022656716807276
1171.852 51.46459555697136
1172.862 55.93998358037139
1173.872 42.66834417297696
1174.883 50.26944794925858
1175.884 60.876062105185035
1176.886 65.40177823804471
1177.893 69.90919304839674
1178.894 91.66312054649148
1179.895 77.34983899051268
1180.896 83.29120114566618
1181.903 76.08360764178089
1182.904 81.40076773264033
1183.913 65.2159700421498
1184.932 47.752459324946805
1185.934 47.325687888140074
1186.942 61.2578711325089
1187.943 75.99952940963878
1188.945 77.81222832882125
1189.962 68.57979384610763
1190.963 74.91928174508787
1191.964 83.29120114566618
1192.982 80.30697492969766
1193.983 80.59058198416541
1194.992 82.09497362814774
1195.995 59.94610392122312
1197.002 64.27168407166752
1198.003 64.92699084755972
1199.032 61.32127695996851
1200.112 74.69553015390188
1201.113 110.5674546769969
1202.114 120.2896836584491
1203.115 107.97896648654323
1204.122 117.69379294501113
1205.123 93.01343012711837
1206.124 78.42988924133259
1207.133 67.62725626865037
1208.142 56.910428594985206
1209.182 52.614714107401255
1210.183 73.4568411931669
1211.192 47.26528368873596
1212.193 66.27730042818659
1213.195 65.94136302442838
1214.197 65.82934396054443
1215.202 70.31730286332646
1216.203 64.65692893123672
1217.204 58.9856286921592
1218.212 69.83983869025474
1219.214 77.27264354243758
1220.215 74.37915791268892
1221.301 67.06403793954806
1222.312 76.54945121536207
1223.313 66.00723851211062
1224.314 55.474823782183485
1225.322 74.13082246900416
1226.372 47.73681813777321
1227.381 59.53739993172286
1228.382 43.05197563923053
1229.392 46.30438832242801
1230.395 45.39183989776098
1231.402 60.51334475409506
1232.442 64.83183004992652
1233.443 62.924426463239776
1234.444 59.25569060823517
1235.452 47.58036033726655
1236.453 50.23151640421083
1237.454 35.76030390295612
1238.471 42.79591786518756
1239.472 43.05197563923053
1240.591 55.181353084519316
1241.592 78.85807951641546
1242.611 55.290769911885015
1243.612 71.40847683511217
1244.613 59.25569060823517
1245.629 74.34533955020206
1246.632 70.45751682729018
1247.692 69.21906524367196
1248.702 83.61962401898931
1249.711 56.79918667032655
1250.712 48.99333779438402
1251.714 62.97364669845367
1252.732 33.72510924814897
1253.752 29.418479966152628
1254.762 10.28203788969895
1255.763 71.83646969646405
1256.764 72.75878641573905
1257.773 63.3405251992337
1258.774 60.876062105185035
1259.782 53.748649519512156
1260.783 72.10653161254001
1261.893 76.43098679216777
1262.973 75.19614492818401
1264.031 76.2487453367292
1265.041 76.54945121536207
1266.042 73.56897216421399
1267.112 85.85703436354405
1268.114 93.72997953245019
1269.116 63.13142002788508
1270.121 64.66857496352223
1271.122 60.60600018910907
1272.132 57.92470333130498
1273.133 43.47996850033538
1274.143 37.85054654425228
1275.151 57.39190804222464
1276.152 63.306619350609836
1277.161 60.92551785181997
1278.201 40.401398378147896
1279.211 37.451411262895014
1280.221 25.715268760686904
1281.241 25.022989255202656
1282.251 45.233766627293086
1283.261 33.56805976297155
1284.271 40.68362442204337
1285.281 37.85054654425228
1286.301 41.60992211439922
1287.321 34.034055190798746
1288.341 27.298229157718957
1289.35 23.84494157388028
1290.351 24.57563436980526
1291.359 36.58471440402047
1292.501 41.050503772057084
1293.502 51.58182598508473
1294.551 23.193401359498477
1295.552 30.359065579954574
1296.571 24.937395425252742
1297.592 24.888546462752334
1298.6 13.25229406372615
1299.621 16.415849794528246
1300.641 15.371818360724188
1301.651 16.59463627743193
1302.66 12.86019320837349
1303.671 11.60882112653778
1304.7 9.983105118164403
1305.74 5.45862648022636
1306.741 22.41513904060464
1307.75 30.007117486163644
1308.771 20.497360835683338
1309.79 11.672823390572743
1310.811 19.593111045084488
1313.582 7.5119315450175685
1314.631 26.908263890534602
1315.641 31.048029164347007
1316.66 24.14152110322382
1317.681 10.326099064289268
1318.711 7.45780435719125
1319.721 10.973872377022593
1320.75 19.966210236304107
1321.76 46.95083095425768
1325.469 5.029093148202769
1326.47 34.56792526735813
1327.481 10.160845862098894
1328.59 12.289307489095446
1329.609 16.182777882366413
1330.619 15.791670005944882
1331.629 35.062860521658735
1332.63 22.7973319277771
1333.919 24.32778080361651
1334.929 9.367939834023796
1335.969 7.2781686402853465
1336.97 22.145077124429864
1337.989 10.191224993701288
1338.99 24.57563436980526
1339.999 44.74275553757675
1341.011 39.11137539510425
1342.019 41.300718871482054
1343.029 39.724134511047154
1344.069 40.39778817560134
1345.072 47.705643188522515
1346.261 35.33532355136171
1347.279 22.04081942988991
1348.289 7.494351867228916
1349.299 10.973872377022593
1350.38 28.862553727791276
1351.381 61.57411688261289
1352.389 64.2079224805072
1353.391 37.61316173002291
1354.399 70.80123235121796
1355.4 54.93469994978454
1356.409 36.27994777794274
1357.419 55.40467273268043
1358.439 46.491109899282634
1359.449 50.586875103708735
1360.45 54.664638033708556
1361.459 66.55557350123445
1362.461 50.56319660743012
1363.469 61.951078307223085
1364.47 54.1245142013096
1365.479 62.26884243181779
1366.48 69.24798150576333
1367.489 74.59319425648332
1368.49 86.53194413956591
1369.491 70.32822917056126
1370.5 79.41576670973144
1371.589 73.08525679881262
1372.591 69.87622985978051
1373.592 60.60600018910907
1374.598 50.09343044002587
1375.608 44.163144931911155
1376.618 31.15916094848571
1377.619 36.99848251278293
1378.824 2.6868549226224787
1379.838 45.43885890395861
1380.878 3.1192151315543915
1381.879 13.50309580757798
1382.898 24.406812543900127
1384.139 8.49552549931307
1385.538 6.456896624915317
1386.548 9.100284410203013
1387.549 7.291671736101495
1388.558 13.931875975740008
1389.569 17.92143035173254
1390.578 15.26521228426281
1391.603 13.186925759419147
1392.608 12.48508864988046
1393.618 16.862291701252712
1394.619 22.145077124429864
1395.639 31.2736994236556
1396.649 26.341363319514016
1397.668 9.019908983612043
1398.684 11.707290388778627
1399.688 20.194121867618545
1400.698 13.493902975647142
1401.718 15.636849711778396
1402.739 15.621534481883009
1403.749 16.326980853611147
1404.758 16.07524151047304
1405.858 8.847228373123965
1406.869 20.165322905151278
1407.878 34.84535781618688
1409.009 28.289661915414268
1410.018 30.81087956166383
1411.029 27.80863078056179
1412.038 14.735638051264894
1413.288 6.36149637277871
