0.0 44.05709053149258
1.01 43.11713436415114
2.011 42.95872660429519
3.03 45.17946708899079
4.11 34.6643887940818
5.12 42.351842248761194
6.121 34.90991532817072
7.124 39.262702668704314
8.13 25.968638482870787
9.131 43.18482516551409
10.142 42.85062418205214
11.15 44.998911691373564
12.151 50.87217624199381
13.161 41.996715257076076
14.181 46.466495021049255
15.182 49.28948631449544
16.183 42.60040666261173
17.19 45.04359780025869
18.191 44.99361365402457
19.192 43.73089946787908
20.2 57.79703232543886
21.201 62.04488291502994
22.208 56.730670591786314
23.22 44.057270700108305
24.23 29.896188900168983
25.231 53.133161852735306
26.232 52.54874334983295
27.233 60.9143901095558
28.238 47.16002479767112
29.259 42.65260108504902
30.26 52.45486616949218
31.261 47.574575006118934
32.27 48.767514567604614
33.279 53.477938603509834
34.28 55.84634458570782
35.29 48.71922989973329
36.3 44.46163729255851
37.339 51.28033308197937
38.34 39.11505106605533
39.349 33.066101114104654
40.36 44.548572965095836
41.361 43.73089946787908
42.369 44.325326394865584
43.37 45.6719093372677
44.379 32.16887748814901
45.389 34.28482467769661
46.39 35.81744983018044
47.391 39.11505106605533
48.399 34.8951322433402
49.4 49.157264933617306
50.409 37.68339228827581
51.429 35.37214896054065
52.43 39.79334674929846
53.431 41.017716734906564
54.449 43.667587766394675
55.45 40.69774099355369
56.451 37.39997448111816
57.459 39.51700406359401
58.461 37.5886871827987
59.469 46.02832859664239
60.47 39.43502680740819
61.471 41.469913857137584
62.48 48.89868761220435
63.5 46.24460809993422
64.501 39.43502680740819
65.519 40.018112705792724
66.52 33.55646421943895
67.521 41.60213523780893
68.529 40.7328714798806
69.539 36.84278736436531
70.54 50.6460776809817
71.549 40.69250193441742
72.55 38.888952505043214
73.559 30.15012432990391
74.56 34.819178405584445
75.561 29.9388872422112
76.579 36.905592828831765
77.589 28.999853614426208
78.59 32.332094233830844
79.599 26.33692391974753
80.609 26.441890927757512
81.619 22.632465963660913
82.62 17.955663505301967
83.629 23.103508367272113
84.638 21.309061115360826
85.639 11.851002356258572
86.649 21.960214499457226
87.659 21.51204685658584
88.679 11.760006824246663
89.689 7.7118905793587835
90.709 12.647554509099761
91.729 10.206798375758915
92.74 12.31241966370634
93.799 6.411463445798401
94.848 4.962313795647328
95.891 5.424848025795971
96.939 4.751090183205735
97.999 4.7859561976489555
99.0 17.8617863249612
100.009 21.533367021901434
101.019 19.271208642332297
102.029 21.6050875075653
103.039 25.097387999350143
104.049 24.87330417781105
105.069 20.505725239297806
106.089 25.073222096960396
107.099 23.52880124940369
108.109 15.55482432915312
109.119 17.926705713800853
110.129 14.117280749600852
112.059 5.276999836087598
113.068 17.83097139761649
114.069 13.792012225605834
115.079 15.685867499567992
116.08 23.288151790864866
117.099 18.30480191139872
118.108 17.49586070530784
119.109 22.15765898539072
120.119 24.74226100745822
121.149 28.34551562439888
122.15 29.392812939846223
123.151 21.121043360257335
124.159 25.147184404067676
125.168 23.86955894842121
126.179 23.05780409748905
127.189 25.545555642221533
128.208 17.638487898734397
129.218 25.32147182068244
130.228 26.665974749296605
131.229 32.652069975183714
132.239 34.28482467769661
133.249 20.932836043361622
134.258 25.570873338598435
135.259 34.59307984457234
136.26 23.60812753221774
137.279 17.546269000291524
138.288 17.0472488923507
139.308 17.621195263540756
140.318 25.993723285092926
141.328 24.87330417781105
142.329 15.920776455613941
143.348 21.322048405423832
144.358 18.598957178066577
145.478 17.26032779163539
146.508 23.291664001533814
147.528 15.31019756365905
148.538 15.013616035302269
149.608 12.144370707284855
150.638 14.50235683107385
151.648 14.117280749600852
152.668 11.094346060612011
153.669 13.565913664531685
154.678 14.000099063405454
155.68 18.7474518461527
156.708 18.71361485321312
157.718 20.615711570863745
158.738 18.286856027175407
159.748 22.184298320789523
160.749 21.027166180123373
161.758 17.588993567062587
162.768 17.25445424951445
163.778 14.56544839245156
164.798 13.978876036369066
165.825 15.205843734108692
166.838 13.051136541388901
167.85 18.78584131371072
168.858 19.3094451674032
170.148 14.10848358794192
171.158 32.043986463339664
172.288 31.327980496235845
173.308 39.09042207661035
174.328 27.38421979688346
175.329 32.55819279484295
176.338 30.72990918758488
177.348 26.759015400276066
178.358 34.28482467769661
179.367 24.318334727762426
180.368 35.271375527815465
181.37 27.19853314751576
182.378 26.94341186156017
183.387 21.98197883477586
184.397 12.193567007803827
185.398 15.826899275293858
186.407 18.617390237700697
187.408 16.505194958516306
188.417 18.037113481094984
189.418 24.644743157144323
190.428 24.87330417781105
191.437 21.626991782622287
192.447 24.87330417781105
193.448 21.253264741135485
194.458 20.932836043361622
195.468 19.719376285162326
196.478 19.271208642332297
197.487 23.42094713554679
198.497 25.32147182068244
199.498 26.22743308484949
200.508 21.15691986469391
201.518 26.665974749296605
202.527 26.692402870887886
203.537 24.518177186125925
204.538 31.427699989575608
205.547 33.066101114104654
206.558 29.997531544376418
207.567 25.888312106666305
208.568 25.549137401606362
209.577 24.225037899561567
210.597 24.721576742262126
211.598 40.9238395547726
212.607 26.56122982628814
213.617 28.458645320575357
214.647 25.580224830541678
215.657 26.441890927757512
216.667 29.130896784985843
217.668 26.99911011813101
218.677 28.486850122799176
219.687 24.966836240757406
220.688 47.254599264766064
221.689 35.59135126916834
222.697 44.456629571388156
223.698 26.547408826202364
224.707 32.30005053295556
225.717 23.845925721715446
226.737 34.17058586660641
227.747 30.567948952612582
228.748 36.85406545531383
229.757 41.36591155261244
230.758 35.72357264983968
231.767 22.97217135620557
232.787 31.95171665462877
233.797 30.568440364372666
234.817 30.6203951273181
235.818 26.001334523630582
236.837 13.640603822707089
237.85 24.576221678310507
238.867 21.809062580592077
239.877 13.53806993633527
240.887 13.220945463920115
241.897 16.358118963833714
242.898 13.792012225605834
243.926 13.649930834114476
244.937 14.867852219109501
245.938 17.183490641738754
246.947 17.0472488923507
247.957 24.425136534939664
248.967 25.638596293200997
249.976 30.50560328104427
250.977 37.62623831889773
251.987 43.11713436415114
252.997 39.66283639173967
254.066 25.70557050837975
255.086 17.97284061819766
256.096 11.204191071122949
257.127 9.43934079959181
258.137 11.204191071122949
259.156 23.635314012651275
260.157 28.488418695590983
261.158 30.29720718410146
262.159 36.26964695241147
263.197 32.142289040642204
264.207 38.094249641793205
265.237 28.436749660910664
266.246 30.50560328104427
267.266 22.632465963660913
268.267 27.90400019268862
269.277 32.26807028487876
270.286 22.523723509591143
271.297 27.982771962921955
272.306 24.225037899561567
273.316 18.467914007631023
274.317 25.77523596261847
275.326 22.654896554397695
276.346 15.180439130199908
277.368 14.172972814814944
278.386 22.454607684912432
279.406 12.869441430318204
280.626 12.877354567567073
281.686 5.770317101222696
282.836 3.5424729334353846
283.865 8.797848771106917
284.884 11.993652228040565
285.904 10.872459139414248
286.924 13.535102193952858
287.954 5.932782339987577
288.964 15.685867499567992
289.965 26.67963020687371
290.966 23.288151790864866
291.974 27.036637117069052
292.984 28.458645320575357
293.994 16.22707579341884
295.004 27.786393856371678
296.154 30.78314605284283
297.165 34.698637234023224
298.166 21.93156042437861
299.174 17.157386101087827
300.175 40.24554387152947
301.176 41.69601241814969
302.184 41.537759953117956
303.194 41.54854761420468
304.196 49.785824528574615
305.204 48.366838173913486
306.205 48.38509207024021
307.214 44.28139643803319
308.215 51.418250544565595
309.374 50.65751329029498
310.375 61.04661149043393
311.384 29.25290070394827
312.385 46.896279322875806
313.387 53.30600765881912
314.395 51.95929308889847
315.404 56.16960948137676
316.414 63.7328459349942
317.415 62.04488291502994
318.434 61.393108063974346
319.435 63.401474281516194
320.444 70.52518749583986
321.454 66.19776797068344
322.455 70.86272679698381
323.464 54.15085632292487
324.466 59.85632215948543
325.474 62.0632366659454
326.475 56.392418888072804
327.476 50.73995486132247
328.483 38.5258072049797
329.494 51.936024763348584
330.495 46.21798363983948
331.504 40.91680784075123
332.513 29.832685561629237
333.523 28.682729142114454
334.524 31.52157716991637
335.526 47.301222476569215
336.564 58.088950405376245
337.584 66.65820485141069
338.594 80.98730018440526
339.596 59.27248690850767
340.604 59.949091391898996
341.614 52.75273868516219
342.615 57.97510881557117
343.634 60.50468938051842
344.644 57.45849893520837
345.653 41.14111374729184
346.663 36.74974671317904
347.693 29.75514573644967
348.694 21.027166180123373
349.705 18.804422759124915
350.723 14.22866229543203
351.733 17.347494900514594
352.734 39.79334674929846
353.743 36.43068971117982
354.753 24.425136534939664
355.794 29.004478204799998
356.795 45.445810776255584
357.803 31.97773978557168
358.833 24.170594718490886
359.843 14.117280749600852
360.933 16.90483347529652
361.943 29.803148249189523
362.953 35.62932760610397
363.955 31.26424559617667
364.963 35.924549148609024
365.964 39.20892824639609
366.973 35.08485427234975
367.983 47.72985396301105
368.993 24.74226100745822
370.003 28.458645320575357
371.103 26.00988924709582
372.113 36.74974671317904
373.115 27.104749656981106
374.124 25.439700293791883
375.133 32.74866234582998
376.143 32.585194757190514
377.153 54.32132543531545
378.313 51.97959527654315
379.543 55.093531942150996
380.546 67.01737179658863
381.553 49.98812859663445
382.554 50.966053422334575
383.563 45.627231876863256
384.573 49.9706921771612
385.574 41.017716734906564
386.583 43.608478718618166
387.584 49.06338775348334
388.593 43.159866905536944
389.603 53.200906328033575
390.605 38.62426826124461
391.613 49.264951902659725
392.614 48.25287068936206
393.615 54.13126800056385
394.633 36.01630143529617
395.634 25.416916020728216
396.642 42.21134524962595
397.662 30.490636693941678
398.672 19.719376285162326
399.683 21.043044516241395
400.692 16.46746403466973
401.693 29.845010061870436
402.694 41.922110979368604
403.703 54.954947087146444
404.704 48.93116637260519
405.705 40.11332249065132
406.753 52.135700410263254
407.754 45.21971221503668
408.755 53.67923615530709
409.763 46.34608228438953
410.813 54.83850914774883
411.824 35.146361585595415
412.842 25.567127562080195
413.863 8.958822177249518
414.865 29.137605881311558
415.868 35.52038147597113
416.872 43.73205574658531
417.873 47.348476445106826
418.882 49.44043228701965
419.883 44.08921940976933
420.884 43.50480090686697
421.905 40.565536448053734
422.907 63.564072270799244
423.912 39.27807147695614
424.914 43.009637114277645
425.922 42.66040211410247
426.925 52.218312496158816
427.927 66.95216597794773
428.932 30.720522157251846
429.933 89.17671024413467
430.935 91.79818649696772
431.939 79.44248132433705
433.042 70.55058963774417
434.102 63.92928706502097
435.142 65.15869643160828
436.143 64.66418846766169
437.144 50.06165917807934
438.152 41.18192834435712
439.153 55.94022176604859
440.163 60.1475047922299
441.212 62.6578859409862
442.214 73.72521626837535
443.222 61.84166255512409
444.293 62.85004198830889
445.294 83.0720490951533
446.313 86.71304054546684
447.314 92.11599153811929
448.317 81.64620562692912
449.373 60.09947083124017
450.374 105.22970808054403
451.453 88.48065229098589
452.454 96.18576563737125
453.458 94.77124313232255
454.492 76.79068954345925
455.493 76.74128938495305
456.502 58.63697445249628
457.503 83.75034477818964
458.504 109.299482179796
459.511 37.17729880594933
460.752 32.17333694879192
461.762 41.4965926984322
462.771 30.598736142778332
463.772 37.08016401632594
464.782 31.016116595483968
465.783 51.77657048624905
466.792 64.02080810701013
467.802 42.444882899740655
468.811 43.83278462495197
469.812 46.576303581522936
470.813 36.043548391399355
471.872 44.54154887815759
472.874 49.96778199773857
473.882 50.162901502392415
474.884 98.80024682510218
475.886 89.40736793570379
476.892 95.25775555043549
477.893 80.58496492319291
478.894 71.31492391921482
479.902 69.92156766320298
480.903 75.70467375981967
481.904 92.56818866014349
482.913 80.61895328747894
483.922 80.84325919401955
484.923 65.21026277002667
485.931 62.06307253693183
486.942 78.22084794322684
487.943 71.54102248022693
488.944 66.56685413651293
489.952 67.90081177367904
490.962 69.87614976442721
491.972 74.48886936328712
492.982 59.9234209706908
493.983 60.59441436820292
494.991 52.63287838540645
495.992 50.51385630010356
497.071 35.74528563092667
498.072 42.50652948227097
499.082 40.8762961497942
500.092 56.1139960065942
501.101 43.06673404380287
502.103 40.750907976109715
503.121 45.446170553465855
504.122 53.133161852735306
505.131 36.654995617720424
506.141 44.90980493542989
507.143 55.79060971082452
508.151 48.591366606151745
509.152 37.40013975788561
510.153 56.298541707732035
511.163 50.96006811388344
512.164 60.68829154854368
513.172 53.75552054639096
514.173 57.07071457131593
515.182 55.04807994888051
516.183 51.09827480300592
517.184 43.956998028891185
518.191 40.099067003882936
519.201 38.318333463125505
520.203 38.26630592431112
521.211 40.864174656609976
522.221 29.223937435965304
523.222 33.91478416132921
524.227 28.69373416049066
525.231 38.99817342338194
526.241 34.153781507136976
527.242 38.6628539438243
528.251 33.51471292697907
529.261 35.40524378477168
530.282 22.480667659996136
531.291 18.168778424743557
532.31 20.655734392738825
533.381 15.091523708407959
534.39 13.906966201650711
535.401 21.938493218972177
536.411 20.83979539238216
537.421 24.96634482879051
538.43 30.05699146816985
539.431 15.14860359205073
540.441 14.43440522203669
541.461 26.626430545386107
542.531 7.826179819218739
543.562 15.366368743515297
544.71 8.164879880313725
545.72 28.906812963446747
546.721 15.600800714219709
547.742 13.078506286540478
548.75 12.89134588967758
549.76 13.669113106770824
550.85 4.77565795563544
551.851 25.549137401606362
552.861 45.58205639984038
553.862 41.300009382791885
554.863 34.310787196687016
556.001 29.51671413342576
557.003 49.06338775348334
558.01 20.99519801758487
559.021 26.639598908825782
560.023 29.81522462282398
561.03 29.760502611178886
562.031 23.288151790864866
563.06 20.674944612085742
564.07 9.728644972155951
565.09 11.981893745465108
566.11 10.206798375758915
567.12 7.6188499283586415
568.14 9.097363769708053
569.16 9.541137612124261
570.47 7.846244840582548
571.471 11.53102661484366
572.49 5.552616772250959
573.51 4.437738424244804
574.52 5.826179356976489
575.521 16.505194958516306
576.522 31.747675730928478
577.53 43.55851584284872
578.54 23.397758078844056
579.55 10.531939606857225
580.612 8.311357557281864
581.64 6.164484892829227
582.65 13.220945463920115
583.67 13.535102193952858
584.69 13.405343760493714
585.702 28.849684874574734
586.72 31.050441088286806
587.73 22.3526887948356
588.732 36.36553912328348
589.75 30.32837938117608
590.91 39.687824968757006
591.93 51.25587880011641
592.95 32.93139282724116
593.969 20.877839063592464
594.99 12.635167090396378
596.07 14.337081400738612
597.08 17.720166611786414
598.09 17.926705713800853
599.19 28.89038491504772
600.2 28.93546193567359
601.202 33.88093707127808
602.21 36.01777440411791
603.23 26.626430545386107
604.24 19.140165471896747
605.241 37.30626257754485
606.242 48.026772128349954
607.25 38.84341876708603
608.251 38.98282968538398
609.252 39.20892824639609
610.261 39.92645135306152
611.266 32.29691282135348
612.269 36.554930070998125
613.29 30.9041123867754
614.3 22.632465963660913
615.31 24.649220356478757
616.319 42.2626432795813
617.329 36.84278736436531
618.33 35.72357264983968
619.339 32.16887748814901
620.34 42.73262804328307
621.341 49.157264933617306
622.355 46.071845111014895
623.389 53.8451317898034
624.4 49.34262727757411
625.419 51.398397874009476
626.421 40.97678088994719
627.422 54.94195034145258
628.43 49.264951902659725
629.431 47.12237788409471
630.439 46.34608228438953
631.44 47.706796386997084
632.441 44.409195151122205
633.449 42.304570505134826
634.469 38.83021121209034
635.47 41.69601241814969
