0.0 48.451542461585305
1.01 56.33025439285518
2.02 45.409427164789626
3.03 25.045244037253454
4.051 25.166358303213606
5.2 37.359668889479345
6.31 38.30645535221585
7.45 44.48806043363499
8.451 53.833685064809565
9.46 72.15220340372885
10.466 56.404350136195866
11.62 44.56138915084543
12.621 79.1096704447417
13.68 47.538081181366984
14.86 51.63192779904653
16.031 54.38711224512931
17.032 63.827932017837846
18.039 45.10317892527113
19.04 46.40656490003587
20.041 38.086103429255374
21.239 39.96828555076872
22.319 54.381979897417324
23.321 60.88690475938847
24.469 47.48649485890498
25.589 54.57762246222898
26.59 59.84688271224793
27.6 63.47080070641251
28.649 51.31446462795835
29.65 71.62595916807865
30.669 50.82250165909827
31.68 48.242717060920825
32.681 50.27685527854895
33.859 49.445036262701485
34.91 53.53568870689633
35.919 44.495343640766585
36.929 24.751529857575683
37.93 33.93071928771478
38.939 27.817509109405655
39.94 41.357126718080465
40.949 41.96527230072346
41.959 51.540834283679885
42.96 43.48592184576273
43.969 38.22209979414309
44.979 37.11507435494334
45.982 60.70609229159075
46.989 30.564160569288322
48.059 54.11556579437719
49.069 62.1237810831884
50.249 40.760686284742874
51.259 53.14771503415497
52.26 70.57923741743143
53.279 39.50424737658568
54.298 37.067744871036304
55.424 34.147126215585246
56.429 73.734513631442
57.439 48.19088208090489
58.44 46.27071772211797
59.449 58.4909280359414
60.469 49.892617644180035
61.478 55.49416720730688
62.479 54.143724531939235
63.489 56.55220002830975
64.49 52.909268538506325
65.579 56.0276788322521
66.58 60.26568545014766
67.581 69.5992276074814
68.689 58.32700823727706
69.69 72.23050049227894
70.691 71.25818821389979
71.839 60.74356083229662
72.849 64.37186325487085
73.949 59.62135073835923
74.95 75.27957828673362
75.959 77.42478283512196
77.149 60.99517414708813
78.159 82.05320257633093
79.268 61.39119372318062
80.269 74.0710658258238
81.52 55.574336095956305
82.522 109.21950109537156
83.529 28.19271044754861
84.531 64.53108036063631
85.533 75.89525377440123
86.539 78.26274019268324
87.54 75.19561817350517
88.541 97.89207518659029
89.543 78.10466143981171
90.548 96.91977099281578
91.549 65.52894395415073
92.698 69.24936714735334
93.699 84.04678168406534
94.7 60.27808702874009
95.702 71.34571100319612
96.709 67.69515218840942
98.099 75.63866762494476
99.1 80.1466990073329
100.101 69.62060963972183
101.378 13.857635249442444
102.379 119.74322919248343
103.449 70.44830450979968
104.45 92.04195117149165
105.459 73.47091392826546
106.46 80.92671554264372
107.469 65.51961977772243
108.47 89.31189329763626
109.478 75.22917905505848
110.591 99.74580772792832
111.609 34.70633003222491
112.612 67.53150635701473
113.613 58.916479217024374
114.672 67.08720656306174
115.681 73.97427649325107
116.682 64.18501195589647
117.683 76.44162046438359
119.425 17.427932784495905
120.431 101.85840872275202
121.441 21.934614499401093
122.561 22.386442491456396
123.591 29.747836607269708
124.592 29.157394415138896
125.593 35.736645728923115
126.621 33.848763982714665
127.792 30.607430716072276
128.811 37.10387232196288
129.901 36.598005661494796
130.902 34.35451116629225
131.903 37.90720709302206
133.111 27.229348013438024
134.182 34.495535684395946
135.192 31.798692297632385
136.193 36.41588161922603
137.195 32.200105257833805
138.311 25.720792321899864
139.391 33.30490165361711
140.412 25.465101671319164
141.413 31.10743575350511
142.561 25.22097792913682
143.562 30.614223543694028
144.563 26.631606222549173
145.59 16.959757010125184
146.651 18.861632728559616
147.711 26.37614082899125
148.712 23.393226169575485
149.77 23.864739456577723
150.912 27.62439844364667
151.921 26.89405820045506
152.923 32.271449972004724
154.071 23.400817660249167
155.072 29.65759142229121
156.17 30.457175438168655
157.231 28.880689959510324
158.311 30.471591661998627
159.4 31.04969130775876
160.451 28.103294437972682
161.521 24.362819666060588
162.71 27.799716893119072
163.711 33.96849421133956
164.712 30.167481617142816
165.713 20.858314976598848
166.715 31.532085189660968
167.91 27.396489647002912
168.912 35.10017532589304
169.913 25.097374137354993
170.93 29.39065493628607
172.03 23.74663409989411
173.181 28.551522364335764
174.36 30.51363199374872
175.362 42.49536356660976
176.47 27.86551968883703
177.471 34.28195480377038
178.48 36.360490641720915
179.58 20.227004773365366
180.59 23.445850949846243
181.603 14.97788251122431
182.61 15.964495663923815
183.611 19.850080883984422
184.63 20.5195519630944
185.633 33.30630433903376
186.7 27.560857586430885
187.901 31.171165010350883
189.091 29.418603190353664
190.191 30.493638860272355
191.193 34.83872044530313
192.194 27.280907267715474
193.2 28.111519444202465
194.201 28.190641465106598
195.26 29.114706671844363
196.261 28.00019883142776
197.28 23.037411247675966
198.281 33.59131516293924
199.29 26.398675576708385
200.41 25.259850854690434
201.42 33.962768201942254
202.49 32.13886009230446
203.492 42.85809416548617
204.5 37.29120262364062
205.59 40.18828113096075
206.7 41.534707256770744
207.87 37.25730735101723
208.88 47.78412990988456
209.881 28.766388319330108
210.89 31.533656580177617
211.891 29.409987489232286
212.9 33.27972830636822
213.91 39.77955219517888
214.92 35.176408794804914
215.922 51.75112022390317
216.923 51.70118371816996
217.93 59.50956837867046
218.931 49.28943303068422
219.94 45.12337510883618
220.95 38.17733357456543
221.959 45.26917570394158
222.96 34.036774167591695
224.01 36.65242961615639
225.011 44.07093424729043
226.02 34.545407576610415
227.029 44.30188562488367
228.04 31.613682613878968
229.049 41.400015387531546
230.05 33.5839027252029
231.06 40.00615996049509
232.069 34.04804511920931
233.07 37.44079369688098
234.099 31.812254445327653
235.108 101.44553696725667
236.109 51.67609546697217
237.259 41.89225130575056
238.26 55.267136504817486
239.279 56.95688681801251
240.528 65.91410562795649
241.529 46.40813291576917
242.539 41.463287449612736
243.548 38.69160316588399
244.549 26.559620047518052
245.558 27.530433252523174
246.559 35.49075235851477
247.568 27.67184993076053
248.569 35.68575649229788
249.578 28.65865551165849
250.579 38.02580609840868
251.588 34.17079479597356
252.589 40.00036550030358
253.598 40.14366961793672
255.837 7.497599761305757
256.868 21.429294875064002
257.869 40.755863972085706
258.878 36.695789585935486
259.888 28.736944484747337
260.898 33.241833397165124
261.918 20.992709547241613
262.928 26.864039780336643
263.929 25.13700217054763
264.93 33.337154073290904
265.938 33.30778941582339
266.948 18.908541213729347
267.957 17.02430539297112
268.972 25.97988919066042
270.003 9.277165626194432
271.012 10.253274838941422
272.022 9.684091331228231
273.023 14.23530177016253
274.033 13.721919599982005
275.053 11.659404994685183
276.072 15.89943910858871
277.213 8.579498888169086
278.232 12.642927483932638
279.242 13.528653126749102
280.275 10.405554042995389
281.283 9.682496923194519
282.292 7.573711619692103
283.302 8.310458349282364
284.322 11.694937460178776
285.342 7.8462398596459195
286.362 6.704582756631215
287.372 4.789137555801164
288.402 6.6329804165190565
289.432 5.495898059396918
290.452 5.167036005130938
291.482 4.273063511849288
292.502 7.463496451865709
293.532 5.874925511770964
294.562 4.307281267967256
295.623 3.7427396708275067
296.643 4.214309161304935
297.892 3.493549014167017
299.032 2.910864338173771
300.072 3.7538295763861718
301.102 2.730632351499987
302.282 2.8121909707750268
303.312 4.737843154648825
304.322 3.3604066757807587
305.332 4.831661830983096
306.372 4.504595491656271
307.382 4.19732961983326
308.402 4.975664301231915
309.422 5.167036005130938
310.432 2.875121342758152
311.472 3.3784466187332853
312.492 2.46349101284629
313.502 4.445128884499454
314.512 6.734799741075079
315.522 10.022025106083023
316.612 8.69240434067034
317.643 9.355914689947646
318.665 7.257893584067125
319.702 4.459010236115475
320.731 4.363051674783885
321.762 4.354587947000144
322.772 4.0676376443827875
323.773 4.48509507827796
324.792 5.746785219964517
325.812 5.00797926000555
326.852 5.067669928108846
327.882 3.841937125010051
328.892 5.65784774874488
329.902 8.11719187604946
330.912 10.323226948882178
331.922 13.157378059739663
333.082 12.359317533912327
334.092 7.923925402816558
335.102 6.650033744031839
336.111 8.125236664817802
337.131 6.886863291443686
338.151 6.23776628408013
339.182 6.2905972197895945
340.262 3.087904925191834
341.282 4.018805781772471
342.304 3.819943991618031
343.361 1.9288046850893121
344.401 3.190755139915761
345.432 3.218608482558344
346.461 3.35451891255948
347.472 5.406108667865803
348.501 4.127315981693754
349.521 5.3584077090299616
350.581 3.536140182188628
351.872 3.0239990390599982
352.882 9.473023998617673
353.892 11.948191112037707
354.922 6.8224941426971615
355.992 4.560727522694335
357.012 3.6360623739744247
358.022 9.27679071548255
359.024 15.000332957902321
360.232 11.92602494415223
361.233 9.75020669188457
362.242 8.318694680647223
363.262 4.401549189552682
364.282 2.1050887428357474
365.322 2.064606267010611
