0.0 1.3077300309482685
1.098 2.5336530855463897
2.274 2.3656046666186428
3.39 8.91791159973178
4.491 3.067092272472757
5.568 2.8178790457720977
6.646 2.3460542148221033
7.805 2.4003029231552926
8.825 2.4794572976255775
9.886 2.860372980491229
10.966 2.810051603977195
11.986 2.727403027395068
13.125 2.442450472287882
14.327 2.945644776226346
15.328 2.526519923663461
16.445 2.4905560321783557
17.882 5.305576683337156
19.003 2.4816691239296422
20.042 2.434115922595301
21.264 2.690474939980624
22.325 2.622008565450293
23.365 2.431775426524059
24.402 2.438810456690746
25.46 3.1075239854932315
26.697 3.0667499315811337
27.76 2.8549912815529583
28.84 2.3417096699732927
29.897 2.3926645634702886
30.917 2.727403027395068
31.997 2.3417096699732927
33.046 2.652002943707319
34.226 2.571911637532966
35.366 5.122733155462428
36.479 2.499506817544932
