0.0 49.682894829144814
1.009 44.957531579053146
2.019 42.61386698640751
3.02 44.9301952167991
4.099 45.26910558260973
5.1 50.06953214288159
6.109 43.4232443593212
7.11 45.316832530712695
8.111 44.9301952167991
9.199 43.4717547048689
10.2 48.32966423071244
11.201 40.483866107588405
12.21 41.69717123725538
13.248 41.277932254949846
14.249 46.396477661498096
15.25 45.70346984444947
16.259 46.49181879860828
17.261 49.9039412283597
18.338 39.60600684440802
19.339 46.97643363228008
20.34 52.46962283678812
21.348 50.76141729217625
22.35 42.374720288955054
23.359 49.75217914040605
24.36 51.11639223835576
25.419 50.32685586578702
26.42 57.41564110600222
27.421 50.92307358148736
28.429 50.76141729217625
29.43 51.696348209137746
30.438 51.14536962477637
31.439 49.1832056691414
32.44 50.729754924442155
33.448 45.19410847106574
34.538 50.31581299686346
35.539 56.83568513522023
36.54 50.92307358148736
37.548 50.569441126053
38.549 47.05670044288184
39.551 46.23723477153722
40.558 47.352823306989045
41.638 44.1521232131449
42.639 51.61608139835916
43.64 37.39076759681008
44.641 39.903910136806424
45.648 48.89015777044501
46.649 53.290803184258614
47.65 46.92852791245996
48.659 45.7246751887423
49.66 45.123513873667484
50.668 42.31446597727205
51.678 46.74942776371787
52.688 40.69790683204083
53.689 41.257140735238785
54.699 40.35466992003413
55.821 31.562113664056078
56.828 30.24997740172654
57.838 45.79144768662294
58.839 41.257140735238785
59.858 40.33845525065242
60.859 39.710591479938024
61.868 40.08325361359629
62.87 37.93282863390599
63.878 40.586680481101915
64.879 41.370192581505414
65.888 25.587155430777216
66.898 26.24865411332054
67.909 22.856846856153187
68.943 19.650635817968077
69.948 19.832570631587867
70.95 24.414027944780006
71.958 30.524210433753435
72.959 29.851339976821063
73.968 34.329676539866725
74.978 32.650874184231235
75.979 33.911031772294976
76.988 35.863963759598676
77.989 25.598329524478753
79.008 31.334127547178596
80.018 24.987033567294976
81.028 31.613342545193607
82.037 20.025364259558344
83.058 30.325089219156165
84.059 29.27138400603907
85.068 29.53502897851383
86.077 30.381662797796228
87.078 38.27709407072708
88.079 27.531516093693106
89.088 36.82289327179852
90.089 32.17116385994901
91.09 35.26426237072734
92.098 37.819304751210886
93.108 29.202145906548033
94.117 29.151457173492428
95.127 24.029053490200045
97.687 5.591937342564871
98.908 27.646156776719035
99.917 22.438950587563006
100.918 29.771073166042477
101.919 29.65802131995267
102.928 32.028245710445624
103.938 23.83745747467497
104.94 26.67797465526415
105.947 28.904809746224668
106.949 33.60387599883616
107.957 31.371824500997462
108.967 30.160125983642963
109.988 36.3901070629874
110.989 32.944438487599385
112.007 37.25770846127687
113.017 35.90800644656618
114.027 30.35172199916804
115.037 31.996534576066942
116.038 27.724834750738317
117.057 31.90383895719481
118.058 31.011251918385035
119.067 31.452888003090347
120.077 21.72990130496003
121.097 24.283855758959664
122.126 5.077573703249251
123.167 4.647261661375889
124.237 3.0744893316372424
125.286 1.8447280798776429
126.296 9.19660874041192
127.366 11.574548072040889
128.386 14.039104110668449
129.396 10.808928425777237
130.407 9.761731705789161
131.416 13.041441367102676
132.436 15.93628034183938
133.486 12.24013091983429
134.496 12.645337018077441
135.506 16.285661311144267
136.516 17.052045372855577
137.524 15.245826536071046
138.526 20.471326757844615
139.536 17.626833419130215
140.546 17.51478896565393
141.576 13.902802129014733
142.586 15.519277249450642
143.596 17.052045372855577
144.626 15.108063227126323
145.646 16.505433211188894
146.656 15.710873264869628
147.666 14.752893187739334
148.676 12.34169654918217
149.686 15.327681234031656
150.705 14.242785248743262
151.712 29.101471684245226
152.721 15.342872196594504
153.84 10.375977242879145
154.841 12.179075386121147
155.851 17.706384981055233
156.861 20.500773650574143
157.862 22.424964203098668
158.874 16.524087922350464
159.876 17.381315171814244
160.881 20.987866008132
161.891 13.874464672587104
162.901 13.794913110626723
163.919 13.496414799758536
164.921 15.836309378763696
165.922 11.872704883056857
166.933 17.03517885912677
167.951 16.34777003914215
168.961 15.710873264869628
169.971 14.06606068800609
170.981 18.201621465334128
171.992 9.761731705789161
173.011 15.002400462009806
174.02 12.54571406367454
175.03 12.070548971785119
176.051 8.339399535267946
177.06 8.055007903203716
178.071 8.039073169476547
179.09 8.925478755877462
180.091 1.8201347230714964
181.17 3.4075324708246604
182.171 20.491777633884315
183.172 20.878414947621096
184.18 12.942112541089138
185.201 18.1950535314937
186.211 15.327681234031656
187.22 17.068945318713375
188.226 11.04426410099957
189.24 20.992423386318805
190.25 19.734389588827472
191.251 15.159122050738937
192.261 21.65034974301733
193.27 23.589666002273557
194.271 15.159122050738937
195.3 16.73718739221162
196.32 15.36712747248987
197.46 16.705719898569477
198.461 22.81160151683545
199.471 23.75790591273227
200.491 14.876746247830258
201.501 24.52428997447894
202.511 26.823442159542136
203.52 20.408936064402923
204.53 23.183117866510674
205.54 19.430749119896834
206.551 19.14065040347349
207.552 18.365272407624758
208.56 11.710546141227297
209.562 9.350221462479695
210.57 12.478450806215372
211.58 15.519277249450642
212.587 35.4431168184952
213.597 15.519277249450642
214.607 17.81842943463761
215.627 13.548722886008838
216.649 19.123981931003847
217.657 19.38959279117878
218.857 13.612794188556963
219.867 17.81842943463761
220.888 19.90083980013754
221.897 16.877159416255726
222.927 9.581660926757937
223.937 17.43523740369355
224.947 16.477257326580936
225.967 11.272527456016384
226.977 17.43523740369355
227.978 18.751909721538354
228.987 19.370376148275934
230.007 17.153357725228307
231.008 23.198238830749048
232.009 22.11859369996365
233.017 22.845163783695856
234.038 21.796157876290597
235.057 18.689421672511735
236.067 20.117581619700807
237.077 20.117581619700807
238.097 17.153357725228307
239.107 21.84194575854241
240.115 23.613068448719293
241.127 20.15721789858917
242.137 21.65034974301733
243.157 8.916728286505156
244.166 12.929285868589846
245.186 11.572775010148002
246.207 7.012676881925442
247.247 3.1631765238909084
248.266 3.6081722630116593
249.336 2.3510800771291613
250.356 2.2766114773980477
251.393 10.636627394437818
252.412 4.93749888622369
253.982 3.255833402952778
255.042 3.651169350562055
256.062 3.60463483921947
257.092 3.569638384468393
258.153 3.8301145025241903
259.182 2.820874279588811
260.202 3.035481969869958
261.212 3.2336029270066136
262.242 3.2169594305250593
263.273 5.443110855292937
264.312 3.5387175514950058
265.342 4.509016906712738
266.362 3.60463483921947
267.372 4.7450826042538825
268.442 4.925317102656265
269.602 2.0711127452924627
270.632 11.084666562317063
271.642 9.388204755830907
272.652 3.4487282776478394
273.662 13.028529048915415
274.752 16.76190163490921
275.762 22.033541773890665
276.772 16.860449357418908
277.862 7.811492592201832
278.882 4.742940577936176
279.912 6.653244518924972
280.942 13.339175015682272
281.952 12.070548971785119
282.972 11.00362214079849
283.983 9.953138209823896
284.992 6.904292488475485
286.082 2.2045093145923804
287.102 5.3120934472856876
288.122 41.9687405329102
289.341 6.7332650138725985
290.342 31.124303764474842
291.343 32.17116385994901
292.351 41.274875743727954
293.352 32.55780117368579
294.542 26.573424141780016
295.602 11.683741921787966
296.642 4.837799389488534
297.671 3.7611657061066266
298.681 6.8974565553133615
299.682 16.432085838428087
300.691 13.88863596400354
301.701 9.19660874041192
302.711 5.747880462764081
303.721 8.609495804255596
304.722 7.358544666139232
305.741 9.685093969144004
306.751 10.154588817542216
307.771 6.529032148206081
308.802 4.504643466450546
309.811 3.4521462442377424
310.83 3.0384608530661725
311.831 1.9331865692320342
312.89 7.3092342050842305
313.891 26.291337341527374
315.15 4.918493422193607
316.171 5.9541805294281485
317.181 9.19660874041192
318.19 7.863222000746064
319.191 7.53942761998902
320.22 5.265631988552814
321.231 4.21094308878185
322.26 5.077573703249251
323.28 3.60463483921947
324.311 5.443110855292937
325.341 4.02339666480926
326.38 4.469959012415675
327.411 4.504643466450546
328.431 6.829834432211825
329.46 9.026797694677121
330.47 5.3646884319084265
331.51 5.954214633208497
332.511 7.741790424594103
333.53 8.536786760787981
334.531 6.459782489221306
335.54 9.589295122864936
336.56 9.652300123503414
337.571 9.593831263660563
338.59 9.862781738321198
339.62 9.030119385045358
340.621 7.4263757738284815
341.63 7.287864293390789
342.67 6.69849146237282
343.7 5.448395428939401
344.71 7.089052570732346
345.741 22.71530130067237
346.791 3.9467605378640482
347.831 3.7213841457685715
348.852 3.980167960009826
349.861 4.219289854068351
350.871 5.556284447327413
351.891 8.347575417155646
352.911 7.2092696784566215
353.931 9.296163532749954
354.932 9.085976875360501
355.951 8.244712490189597
356.982 9.196980410662496
358.001 9.495190165822947
359.011 9.962992802123228
360.031 9.296163532749954
361.041 9.579800771267575
362.221 5.807852731237775
363.241 8.72701066338276
364.261 8.347575417155646
365.271 9.19660874041192
366.311 8.005328409453634
367.331 6.066526100605445
368.351 4.747378417070647
369.511 2.331587122589217
370.792 6.105250664141365
371.873 2.143956624453131
372.95 3.418063260840049
373.972 3.9762734708166114
375.002 5.260519724501141
376.032 4.696892611150998
377.142 2.6150266970227407
378.151 2.3014308294918284
379.211 4.0162862856217965
380.521 3.8406956985191743
381.541 3.794352462341868
382.981 1.8813664292455408
384.003 15.036979597222697
385.022 18.420668921735775
386.031 20.329305660475786
387.061 16.611068862703128
388.071 18.201621465334128
389.082 14.929707314744686
390.091 16.301801708882767
391.092 19.025495189185325
392.101 23.97323780711813
393.111 15.519277249450642
394.141 8.156662162627796
395.161 6.829834432211825
396.171 12.262144987221788
397.182 21.820341460065872
398.183 13.918943298431746
399.191 6.222946722355062
400.271 3.225199592992356
401.296 12.846700030488782
402.336 4.465660974915213
403.34 2.891115173007879
404.346 11.349111887856992
405.347 13.999210109192644
406.356 23.781451904784255
407.357 20.10514031997072
408.366 18.682862942337096
409.377 25.457065036655106
410.496 22.726019551842338
411.497 25.711381370745386
412.502 24.838850596848204
413.507 16.639181072057603
414.516 18.79501844074384
415.527 18.757837395439385
416.537 12.916484595456811
417.547 15.710873264869628
418.556 16.877159416255726
419.567 15.503926826848891
420.586 8.814423900135084
421.626 4.651730182201873
422.636 3.4487282776478394
423.656 3.035481969869958
424.676 11.20432439567709
425.757 9.666648178808801
426.787 4.321141202256796
427.807 4.553222954813777
428.897 3.3731445284495853
429.926 2.4447577089816845
431.037 2.510814343558724
432.057 3.794352462341868
433.067 3.6403242930845074
434.086 3.0384608530661725
435.116 2.066632748909268
436.127 13.015642274397338
437.147 15.36712747248987
438.307 11.246249518457931
442.438 2.0147735956247836
443.452 8.396969354527522
445.666 6.467879942583133
446.667 13.145668670746005
447.687 8.72701066338276
448.688 11.792438072278276
449.708 14.987692226262755
450.718 21.92149732048511
451.788 18.80864061706865
452.799 13.794913110626723
454.098 16.001638540878442
455.108 24.52428997447894
456.109 25.711381370745386
457.118 23.669296406200694
458.127 28.57609946613715
459.128 26.564922809174345
460.138 33.529302699383464
461.139 31.39788923229863
462.157 32.50544972894137
463.158 24.4384175830916
464.159 30.15771047995608
465.188 25.465951196044717
466.189 31.89757839230204
467.198 27.69680035786444
468.208 29.888978406352003
469.228 19.429969202626356
470.247 9.495190165822947
471.257 6.322668509038721
472.259 11.780669172008217
473.278 11.014420592356034
474.327 17.97045634772598
475.328 15.465492553803228
476.337 28.84751577257499
477.338 33.4441276476028
478.339 29.65802131995267
479.348 26.274668636716054
480.358 27.477781767706432
481.378 35.85663076916071
482.379 30.624614604471436
483.388 36.43932146695395
484.398 26.711397706136577
485.468 24.77676696680895
486.478 24.987033567294976
487.487 26.082882734205352
488.488 22.505231013877246
489.498 28.356210282858658
490.617 24.974147954414576
491.636 28.295666694112423
492.648 28.108952974414727
493.668 16.394487232756397
494.677 22.247164685052308
495.797 17.349719724690726
496.807 14.36970115690136
497.818 11.867203250171245
498.838 18.402609442430556
499.848 24.220649505548305
500.858 24.52428997447894
501.978 19.077378920754004
502.988 24.141097943605605
503.997 17.644303026086334
505.027 6.1998982467278045
506.178 8.139810517281298
507.299 11.22058734403341
508.309 7.472244601588001
509.318 16.301801708882767
510.327 12.46608365972972
511.859 5.736544372485499
512.867 3.8395233249934257
513.917 3.5016452723866487
514.927 3.6403242930845074
515.937 4.789900385633787
516.947 3.4487282776478394
517.967 5.478512414934432
518.977 4.238641674581387
520.007 5.260519724501141
521.087 2.866844082653978
522.096 8.630365610576673
523.106 4.023516323922479
524.117 6.778700517182407
525.127 13.986509126045709
526.146 11.014420592356034
527.466 4.837799389488534
528.506 7.070629876946141
529.546 2.046761280170946
530.547 7.346108963067585
532.127 3.429326149502578
533.148 4.43792606847034
534.268 2.418899694744267
535.348 3.225199592992356
536.378 3.7575140889243346
537.388 3.2571322622288537
538.448 3.103493947972442
539.507 6.395579929448702
540.547 10.233806400837048
541.556 5.753577073729571
542.586 3.1938869755918735
543.656 3.4361939588824417
544.859 1.9265312643633092
545.866 4.893313183880523
546.876 4.406708354778133
547.916 2.791038109317588
548.917 16.432085838428087
549.927 24.141097943605605
550.937 16.173616857685666
551.946 13.233227269560329
552.966 4.742940577936176
553.976 14.9593003916792
555.137 10.903208863259096
556.138 17.205360466113827
557.146 26.300734776212924
558.147 21.92527504309526
559.157 20.6923696659224
561.026 2.5884426910111746
562.036 6.131072493602053
563.046 17.3706717873934
564.067 6.965709569945169
565.1 10.11582447366248
566.41 12.995822332130238
567.416 17.563057181605483
568.417 12.785033281509097
569.418 42.14346720915579
570.427 29.231087577419565
571.477 35.64586510899902
572.478 34.99067690308037
573.536 21.475659943675595
574.553 7.230535960685507
575.561 52.49369345900857
576.57 38.932538198885744
577.579 22.710366894000842
578.58 22.61828285996706
579.594 29.086950064823743
580.599 45.826716604980206
581.6 41.257140735238785
582.601 38.16277039122532
583.61 42.38468444301739
584.612 36.38909340485784
585.63 38.477176959389816
586.631 41.9501485522874
587.64 36.32716596837039
588.65 32.267682153357896
589.651 46.783114975234874
590.659 40.20272814850179
591.66 39.130635509156036
592.67 33.14611066851013
593.674 27.834732630471564
594.68 31.161968234486558
595.689 23.669296406200694
596.7 34.45317072625228
597.701 36.81081162602809
598.72 35.9706677743919
599.82 39.479117824954656
600.821 40.21028063994144
601.829 30.795896002274088
602.849 19.540915180988122
603.859 13.220125064352082
604.869 15.024040765136386
605.889 13.090515995091822
606.89 14.112261955353182
607.891 26.95156012308794
608.899 25.724806277489545
610.32 6.945187019396661
611.329 6.328934781102527
612.339 11.112568894672508
613.349 11.958504518326517
614.35 18.751909721538354
615.37 17.833456572974953
616.38 19.622345135421916
617.389 31.26110210057965
618.4 24.96231840042918
619.409 14.000370879390939
620.419 15.327681234031656
621.459 7.814906706092782
622.479 7.2092696784566215
623.48 10.326155627667692
624.499 11.394228198998146
625.501 10.815040551353835
626.529 10.165025954568998
627.54 12.05860975420598
628.549 21.559651479113473
629.55 33.4441276476028
630.569 28.754323248403942
631.57 33.4441276476028
632.579 25.778941333287914
633.581 32.83137310239045
634.589 21.388923522555036
635.593 29.874856787712716
636.599 23.3551651319849
637.6 23.198238830749048
638.649 23.135694971447037
639.659 26.057058097795466
640.66 11.985756729199712
641.819 16.93274944876089
642.833 5.534366165485657
643.859 13.768395923306596
644.866 68.1113336927386
645.876 27.860973798579767
646.885 22.438950587563006
647.896 24.882845524515535
648.897 21.92527504309526
649.916 17.281246101809437
650.925 20.137519757965087
651.935 16.36521287310465
652.955 15.93628034183938
653.965 14.561297172320348
654.985 15.63561674030217
655.986 20.685096290752707
657.015 27.080393084031368
658.016 21.538637729181662
659.025 20.329305660475786
660.04 18.683914883621185
661.045 15.483885695460422
662.046 20.878414947621096
663.055 25.123953222005504
664.065 20.771921227865104
665.105 25.677550605665225
666.135 12.102051955990392
667.136 23.971513458399425
668.145 31.644673905424227
669.146 19.025495189185325
670.155 30.30217258820298
671.156 21.538637729181662
672.215 7.491965060204263
673.225 19.351197557954137
674.256 18.847278987021678
675.285 27.67145954294623
676.295 12.645337018077441
677.446 14.52856383789574
678.475 15.044662824461872
679.476 31.70425973525683
680.486 23.0710734129283
681.495 34.13789063735602
682.505 28.43576184497818
683.525 21.058656165967307
684.535 19.0475570890235
685.546 33.87895121428953
686.555 26.54608494315389
687.575 14.228821733790845
688.585 16.66885334199992
689.665 18.529704224313356
690.675 22.9915218509856
691.677 27.230727102584428
692.687 20.96351724339018
693.815 16.46910430463918
694.845 19.53907326242776
695.865 6.718888453779329
696.875 18.584813496207463
697.885 20.88396568127066
698.895 16.55680888854132
699.905 22.608329820112264
700.915 21.65034974301733
701.925 20.771921227865104
702.935 21.267157712143995
704.005 26.8412331432799
705.015 45.02506362487627
706.027 28.18834731990104
707.115 38.49166709810488
708.125 31.613342545193607
709.126 41.257140735238785
710.135 47.258962408474254
711.136 38.663731384463865
712.137 31.591207889167023
713.145 35.13163842371725
714.165 27.20839175037944
715.175 25.099078020700535
716.176 28.691428035257083
717.195 37.41104925331094
718.205 39.16513870872431
719.215 30.35172199916804
720.216 41.9501485522874
721.217 37.197448939941694
722.226 34.21752104128316
723.236 44.64187159417975
724.245 33.450377431594006
725.255 30.5433180145163
726.256 34.41072093229838
727.257 36.617492969159706
728.258 48.21661238444582
729.275 32.53741182310247
730.276 36.037678313220916
731.285 39.97109811501273
732.286 49.48957617227642
733.295 39.97109811501273
734.296 52.27630417991973
735.305 43.998602066676476
736.315 44.91301917147071
737.325 39.085587146781606
738.326 18.832176532316932
739.327 33.057490333689195
740.328 41.450459392283996
741.335 44.08598757229982
742.336 49.102938858362826
743.345 33.833949236438585
744.346 33.33107580151299
745.347 39.05036869837746
746.355 37.13110948858485
747.357 52.417257943810135
748.365 48.07375096468262
749.366 53.62953477835209
750.367 59.81530785537915
751.375 59.784718106277865
752.377 57.05227532283801
753.485 45.656112548601726
754.487 54.268328480836395
755.495 46.537941634812555
756.502 41.203485453341976
757.506 47.68691592587647
758.507 44.73687655993071
759.685 46.06426166371746
760.687 50.01956254994297
761.688 51.30971089522414
762.695 54.65516200818388
763.696 42.80368999071636
764.698 53.76645571094186
765.725 35.504660324146435
766.726 32.67085301995242
767.735 52.05360996982715
768.736 63.875423595205845
769.737 57.8825452306944
770.745 53.065131287246565
771.746 45.89678850149468
772.755 43.039672554476624
773.756 48.136345573667235
774.757 45.51015118758109
775.766 46.875390603629675
776.767 47.82997507070904
777.775 41.93051364484874
778.785 42.53431542446481
779.786 19.7987698168357
780.795 28.000741758781878
781.796 32.751119830731
782.797 43.88333512150175
783.798 41.837096706020766
784.805 40.2426514137483
785.815 48.36174744915391
786.835 48.267047916523566
787.836 66.58188479207057
788.837 62.32887433990509
789.845 43.65829914101886
790.846 48.52298288758084
791.847 43.383645961498345
792.855 36.74715715598472
793.856 37.69713809994509
794.857 40.29054745072001
795.865 42.89039447599542
796.866 50.14979895366017
797.894 44.31484566025724
798.986 53.23620856351081
799.988 48.86080820518601
800.99 55.70039525392541
802.075 63.463083397227905
803.076 56.25572916443824
804.077 34.49098774307696
805.078 54.789446719916064
806.079 57.495907916780794
807.085 36.435497477228886
808.095 39.085587146781606
809.105 43.7634430788507
810.106 48.023293727577425
811.215 30.608604872829957
812.216 39.243687355245854
813.225 38.62859679796831
814.386 32.40453948320813
815.395 42.576470345528094
816.396 33.52439445838137
817.415 38.629321020780594
818.416 45.81652169071611
819.417 43.96360193228033
820.425 49.03363179600612
821.426 40.6771847644568
822.435 53.01253948220382
823.436 53.35594931070512
824.445 40.35466992003413
825.446 37.777404910723675
826.535 36.85704868928903
827.545 31.03855449897201
828.555 29.202145906548033
829.556 34.41072093229838
830.565 35.94359416352581
831.635 39.50089509703871
832.645 42.53431542446481
833.655 40.69790683204083
834.656 41.64377804915238
835.765 43.346543752343266
836.775 52.8805002573376
837.787 44.44182352971571
838.795 50.185488793452876
839.796 58.65596117318797
840.806 55.833992050741905
841.807 48.21661238444582
842.815 44.4262038060423
843.825 45.79144768662294
844.835 35.716410431041105
845.836 41.06382207837039
846.875 39.375720813122776
847.876 52.196037369141145
848.886 50.277707603343764
849.887 55.75604000443484
850.895 64.7756774285446
851.896 54.402809406002476
852.897 49.37652432600979
853.898 45.316832530712695
854.905 50.23532542594688
856.005 36.13663824663398
857.006 45.81652169071611
858.015 46.1082469937637
859.026 50.8021964452952
860.027 51.11639223835576
861.035 47.305846299836
862.115 43.43541219236205
863.205 53.15635575767055
864.255 55.36565690605124
865.257 61.555599712077885
866.258 69.0950273320669
867.265 55.23166243186936
868.266 63.48878628146907
869.267 51.11639223835576
870.275 66.50346292471471
871.276 62.52219299677348
872.277 57.495907916780794
873.285 48.45770329728274
874.295 36.978030977066666
875.296 32.55780117368579
876.307 50.03657042905018
877.315 61.12813026972745
878.316 53.4362161214837
879.317 54.209490749134076
880.325 41.73853747854867
881.326 47.36307094601686
882.328 45.850983323225954
883.329 60.58900642755913
884.335 70.09811748371474
885.426 59.74401278635886
886.427 65.808468849577
887.435 49.41758412842943
888.445 57.36409911827989
889.625 49.10433512047017
890.626 54.515861252092286
891.628 58.597281115906235
892.635 55.23166243186936
893.705 58.92718338184506
894.716 70.3256598568028
895.717 73.92799375519121
896.735 73.0736205305376
897.745 68.86252109955123
898.755 57.829503766874474
899.756 66.38856613520218
900.765 70.46505660590323
901.766 47.63665641366383
902.767 57.689226573649194
903.824 44.19747700315853
904.915 53.107633158448785
905.917 73.15471912754083
906.918 65.2287955084814
907.926 72.64670024472541
908.935 65.47862314186281
909.936 67.54847807676616
910.964 58.51109589960859
911.965 50.64948811366358
912.967 27.69716525489528
913.975 34.93966225741719
914.976 40.483866107588405
915.985 33.06680562657261
916.987 42.10140786062301
917.995 55.36884528231689
919.105 56.10634082533005
920.106 65.42197285068342
921.115 50.71110865278272
922.116 65.2286541936382
923.117 59.42909448599515
924.124 59.26716539837498
925.125 56.33599597521682
926.126 66.0019288214654
927.135 63.368978214952406
928.137 65.16355573649042
929.145 64.00777276352115
930.155 59.091124312900035
931.165 37.05758253900937
932.264 35.113039324845545
933.265 58.84913851521316
934.266 56.915951945998806
935.335 54.20058725518076
936.336 63.102148967555465
937.345 59.34147426328867
938.346 56.72263328913042
939.347 64.26206090911944
940.355 62.471963433474265
941.356 66.0019288214654
942.357 77.9876855506651
943.455 63.94538188972291
944.465 73.84401750072777
945.466 66.38856613520218
946.467 71.02821390145807
947.575 70.17959960522148
948.576 66.96838079114097
949.577 60.00905045677714
950.578 64.45537956598783
951.585 69.45200621835083
952.586 64.64869822285623
953.595 68.16362577630531
954.605 60.4322964208683
955.744 57.22626685674275
956.804 54.66078092067854
957.815 57.50142408651093
958.825 61.64290509270977
959.826 56.14267731834843
960.866 53.293050089752676
961.867 66.1952474783338
962.875 64.19974892964439
963.877 44.112428284779945
964.879 58.40457891314957
965.885 68.17453919749343
966.895 57.55835618958351
967.905 53.72643588102697
968.914 53.97160918891438
969.915 50.262850799926795
970.917 41.60221739233253
971.925 52.68117895482325
972.926 49.56984298287818
973.927 48.796568355227805
974.935 52.68117895482325
975.936 55.94935866148004
976.944 51.72129812349976
977.945 46.203159004452885
978.946 28.691428035257083
979.947 43.77028327523512
981.045 45.71944330850934
982.054 56.19326942007446
983.055 55.94935866148004
984.056 60.717178958157824
985.135 54.012509825258626
986.136 62.13555568285988
987.137 55.562721347566445
988.144 56.19249647146303
989.185 54.91487019558969
990.275 53.3314239312752
991.285 54.27541039549793
992.286 30.43398092891652
993.287 65.03533553676982
994.289 71.34357890858651
995.295 50.8623346229162
996.305 40.88950284756591
997.314 37.47788138308093
998.415 48.58279049727326
999.535 51.7325247998016
1000.645 52.24565173658085
1001.647 58.01790394361616
1002.655 56.44099287736623
1003.656 63.37573443520243
1004.657 62.52219299677348
1005.665 48.84165562970606
1006.714 54.49607232934928
1007.716 65.74293290878049
1008.717 59.81573179990875
1009.725 62.27998726717421
1010.734 71.42398611810307
1011.736 48.36161773707234
1012.787 36.716679560370146
1013.794 24.405184606280518
1014.884 30.609547593896846
1015.885 54.32254259522389
1016.886 51.30971089522414
1017.894 48.45770329728274
1018.895 54.209490749134076
1019.896 62.90883031068708
1020.904 53.44908361966988
1021.905 43.383645961498345
1022.906 46.66963918461547
1023.914 50.18590979392691
1024.916 53.302699860235066
1025.917 52.66294149365651
1026.925 59.97627327228071
1027.934 41.50538533474468
1028.944 37.249178554534446
1029.954 40.31457474563743
1031.066 52.32577835408645
1032.067 60.58900642755913
1033.068 69.86830195989411
1034.069 79.53423480596587
1035.075 61.05729953909345
1036.076 55.17608403365285
1037.077 61.94223702599149
1038.085 48.45770329728274
1039.086 42.030415362889165
1040.094 48.265727130982675
1041.095 40.98355526759181
1042.114 23.62692055878847
1043.124 25.865462082447205
1044.127 2.3106850558732526
1045.134 30.446639339747097
1046.144 15.902469280306297
1047.164 14.418539356913243
1048.182 21.369045523123496
1049.184 34.37637889528186
1050.195 36.06389563447917
1051.196 39.130635509156036
1052.204 37.243376252487515
