0.0 27.332252437696514
1.001 27.44674675441408
2.002 48.1692744308709
3.011 43.27580855692164
4.012 41.66645876360825
5.02 44.55432525755218
6.03 42.17598609392055
7.031 43.62166916480132
8.041 47.56388075135444
9.042 45.754625966221084
10.051 40.80708898186403
11.07 30.803262732640878
12.071 31.461112820128715
13.08 30.755873569408188
14.11 36.174778213067576
15.111 36.43801202338732
16.12 38.86738074445812
17.121 38.46702356147859
18.131 35.056341738966054
19.141 30.549259688008615
20.15 35.693312719360826
21.151 43.192375227774875
22.16 37.280346731990754
23.161 31.179421156898673
24.17 35.972770950398136
25.18 28.963796996448536
26.19 23.958102896907484
27.191 27.269000354349956
28.201 41.64749853006719
29.202 46.287865166576026
30.22 47.88921035836009
31.222 43.045038133628644
32.24 40.79625860542751
33.261 40.50174038137096
34.27 38.86738074445812
35.271 46.569556829806075
36.28 44.686505457001005
37.29 41.99982357269028
38.291 44.51040116544708
39.3 42.39412299449396
40.35 40.73873342985973
41.351 46.03631762945113
42.352 34.912095559220695
43.36 34.66965045121346
44.361 41.41491122648335
45.362 41.488712363381545
46.37 42.25966860612714
47.371 41.488712363381545
48.38 37.280346731990754
49.39 41.57435502708693
50.4 38.65273566801472
51.401 41.1332195632533
52.42 35.866854733474675
53.43 40.69354242061047
54.431 38.46702356147859
55.44 33.04825603191523
56.441 37.14899762380638
57.45 33.577267369404346
58.451 35.97857395993058
59.46 39.85218742537254
60.461 36.1563203599947
61.462 36.1563203599947
62.47 40.141524004699164
63.48 38.755754686264716
64.481 31.534913957026916
65.49 32.26969158781173
66.491 29.93519635596209
67.499 32.90452995010476
68.5 38.926461624935335
69.51 37.06727297629207
70.511 39.35575556212436
71.52 39.92540341943635
72.521 42.30364322712911
73.53 37.80935806947988
74.531 39.8889947624793
75.54 46.09720235691779
76.55 47.460861732941865
77.6 46.33063517753854
78.65 50.736375948294125
79.72 49.6217482235951
80.73 51.9679437838993
81.731 43.44405269634888
82.74 43.80481989441075
83.752 40.15867622846955
84.819 30.418059609668134
85.82 44.969839228903815
86.821 44.33265476522038
87.839 42.71843485993674
88.84 45.399133165930266
89.85 46.05156156261205
90.86 47.284699211711605
91.94 43.56097186832728
92.941 45.68082482932289
93.949 40.847572205175155
94.95 41.84420516367237
95.951 40.9554731630266
97.04 39.76991968862494
98.041 39.815193625581095
99.049 36.43477095232215
100.05 38.11153076135035
101.059 43.73160390034694
102.06 42.37744436402731
103.069 45.21551679449012
104.07 45.399133165930266
105.071 45.57687956599439
106.079 37.67035530311448
107.081 45.10252815826121
108.089 40.4944190757085
109.09 39.711248362252604
110.099 30.932210681796175
111.1 39.6374472253544
112.109 34.10627870689347
113.119 37.24343549752233
114.12 41.41491122648335
115.139 38.136740802780324
116.149 38.30041062539162
117.159 37.06727297629207
118.16 39.815193625581095
119.169 35.1643013818717
120.179 39.35738575309834
121.18 44.15490836515626
122.29 46.87182497316887
123.291 49.768992031935724
124.299 45.26037345802817
125.3 42.021951563736486
126.309 40.45441475692547
127.319 39.53354827449118
128.32 44.614346428613004
129.329 37.456683844378745
130.33 40.42223396283424
131.339 39.92540341943635
132.34 38.926461624935335
133.349 35.69086359283375
134.359 25.79531831469602
135.36 38.57096882480709
136.379 35.86698236982584
137.38 34.023363558737515
138.389 29.624634900203556
139.398 19.470298369260966
140.399 28.261677618161638
141.4 35.44533475957564
142.409 40.45441475692547
143.41 45.858571229387
144.429 37.08910107849791
145.439 36.89111045489923
146.459 30.17733073222599
147.468 20.17564681930065
148.469 13.686472808774196
149.473 44.20433206011473
150.474 31.638859220355414
151.484 27.554496825956146
152.524 26.58857466132346
153.533 30.329983350243243
154.534 27.6244931544782
155.535 36.0825192230965
156.544 31.10854779434674
157.554 33.29471652585056
158.564 28.259146911202343
159.584 26.23774207372172
160.604 26.863057414796973
161.704 21.903304288601763
162.723 23.571893797248393
163.733 26.952865759122528
164.734 20.692383550189103
165.743 19.749756600135704
166.755 11.955377433756707
167.763 10.664011635793857
168.764 16.70816161074218
169.773 19.220745262646584
170.783 16.632420505290412
171.793 19.730202385755454
172.794 25.357836758297246
173.804 25.14758623707928
174.813 28.110816881800012
175.833 28.43297635475156
176.843 24.38344266877176
177.863 26.51418653943215
178.893 24.773813484938763
179.914 26.488217698502012
180.923 23.80551018766067
181.933 18.922533282259263
182.934 19.552104012581015
184.063 14.879313295259694
185.083 20.408946217783924
186.093 20.434852471001655
187.103 18.570208239636163
188.113 21.84415264133147
189.116 20.75486056041414
190.123 14.385035556775744
191.134 13.903073763220293
192.143 14.45964322513071
193.153 11.098238841961026
194.173 9.49194004881293
195.193 12.210480643117613
196.203 13.916839182783235
197.213 17.440089608786607
198.223 18.217883197013066
199.243 21.97886515757594
200.253 19.098695803489523
201.263 18.497064736655904
202.273 14.445326746685367
203.294 10.978669177656403
204.303 10.300768519167766
205.314 11.967202732903008
206.334 8.19846557466631
207.343 11.814586537603825
208.373 13.891074426360507
209.393 14.303705896233245
210.423 13.646609295736846
211.433 13.740676661487942
212.453 13.329519679500534
213.463 15.678464395801178
214.483 16.571366587145093
215.493 14.445326746685367
216.503 9.409757131955857
217.513 9.33661362895934
218.522 12.167260762607409
219.523 11.375769607290305
220.543 10.640561703293084
221.546 2.124554127453147
222.562 2.7036408504628593
223.573 13.023132385803345
224.574 11.90900880762899
225.602 13.153925228661759
226.613 17.671898703628482
227.623 24.486590460923416
228.632 22.571150400131863
229.643 20.4873251722662
230.653 20.082527428378555
231.662 17.001965498451742
232.664 20.24286696862105
233.672 21.004933963469792
234.673 17.137455547768628
235.682 22.923824625232996
236.702 20.132501752073498
237.703 24.52900321567704
238.712 25.03986997518947
239.713 23.180833151737115
240.722 28.0376008877362
241.732 23.85508387865748
242.743 26.222253047122596
243.752 18.588741708195226
244.762 20.963340034855012
245.763 18.130132811580314
246.772 14.003847881705404
247.792 12.210480643117613
248.832 10.77809733691415
249.864 8.965170173189046
250.872 9.119144109471138
251.884 8.395521917563673
252.912 11.076989666250894
253.942 11.573706617908547
254.962 8.02403013690261
255.982 6.977417510352923
257.013 6.111755641136804
258.022 7.406158725059019
259.032 9.160451107664048
260.062 6.045966143688908
261.082 6.454111197078079
262.092 10.217426235468311
263.097 9.63361079580286
264.102 21.244674210691837
265.103 25.59548161638693
266.112 24.936748856865297
267.172 31.29034546187108
268.183 36.78154957612597
269.192 36.22232405684994
270.203 33.334855221747695
271.213 35.93715434544251
272.223 24.559733963903675
273.232 23.27649885017155
274.238 28.021920532363545
275.248 11.979051448469999
276.288 4.10594184263551
277.308 2.7909670041379173
278.338 4.145805355672858
279.368 5.009514804766629
280.398 3.8003215760320987
281.408 4.756388075135445
282.448 4.619184572960885
283.458 4.932550596430735
284.478 4.535321381726148
285.518 3.2505372920769617
286.528 3.875575468626472
287.548 5.407498570528392
288.568 5.930804883803235
289.607 7.02106834174478
290.608 5.154645603306467
291.628 4.709756819489848
292.648 5.3054895425979245
293.668 10.989432578804227
294.678 9.677606579552178
295.688 14.80898388130621
296.698 11.802888927174706
297.708 17.51323311176687
298.728 16.396931149300105
299.738 16.55927700231015
300.767 10.619288508636057
301.768 6.932109604451674
302.777 7.935170062564395
303.787 13.388351618881103
304.808 9.410287866564953
305.817 7.935170062564395
306.847 7.154140723406337
307.868 14.46396098009088
308.869 25.59548161638693
309.878 24.584074631764167
310.888 30.299953663798092
311.898 27.02600926210279
312.916 30.309186920326084
313.918 32.49512855500292
314.927 28.463491106901145
315.958 27.957043390107636
316.968 22.974271272181024
317.977 26.626903987819407
318.978 23.358449620189564
319.987 25.921555537779724
320.988 24.0695651522203
321.997 28.566612225225317
323.008 22.702487537454804
324.017 15.061870556716157
325.037 19.01346271567432
326.047 15.326139353194339
327.057 14.342307728386592
328.077 14.129270458469545
329.097 6.80298207260548
330.104 2.4777557294303856
331.144 2.3951327415346717
332.174 2.41838645746906
333.194 2.267660690863074
334.234 2.2240518314262134
335.266 1.7240711871536156
336.296 4.044786706655758
337.306 11.979051448469999
338.316 12.331376491076838
339.326 3.170925383412791
340.486 14.021527819666428
341.488 15.448503739245028
342.548 4.511416624626761
343.549 24.00719799438578
344.558 21.41000660682945
345.559 28.43942401822576
346.568 29.345176669328815
347.569 33.845617158510805
348.578 39.85218742537254
349.579 34.55660275892988
350.588 27.684926662797647
351.598 27.906821868579243
352.608 28.61147195382544
353.618 29.2429785359288
354.628 29.1399595176788
355.638 28.18600340822208
356.648 19.62718336734288
357.649 26.839706417160933
358.658 26.700119981883223
359.659 37.32674402387051
360.668 32.87191891936466
361.678 27.481353322975885
362.688 25.2643840489873
363.689 22.92928561477479
364.708 29.755623008195894
365.709 39.35575556212436
366.788 42.94175443158798
367.789 37.504490424097206
368.798 33.753604481954916
369.868 32.66087637036923
370.878 31.53309131289765
371.888 32.13472237973127
372.89 31.252145495529046
373.898 26.020559995667067
374.908 28.18600340822208
375.918 23.50275883603438
376.938 37.96814272907776
377.939 31.7725588151166
378.948 29.697850894267372
379.958 33.4708790472434
380.959 40.9554731630266
381.968 32.87191891936466
382.969 43.97716196509214
383.978 49.90340283799095
384.988 47.108536690318765
385.989 46.82110436693097
386.99 42.37744436402731
387.998 38.729427603747176
389.007 39.572729194497796
390.008 37.14899762380638
392.658 5.132178128843003
393.659 18.130132811580314
394.66 39.35575556212436
395.668 45.540108929156965
396.669 44.33265476522038
397.67 43.2661763645105
398.672 47.12951473471523
399.678 48.35702478759139
400.679 47.176597167059214
401.68 41.488712363381545
402.688 48.89383788137728
403.689 45.57687956599439
404.698 44.33383123189987
405.699 43.443922764737195
406.708 39.572729194497796
407.738 39.28413222978564
408.739 51.19096323277386
409.747 41.553620405651145
410.748 31.357167556962796
411.759 25.69428822063991
412.767 24.255439494558377
413.768 27.372945617515875
414.777 28.8161653318397
415.787 33.82320408986649
416.788 33.66787075844669
417.789 39.8889947624793
418.798 42.57046010688195
419.898 40.18096661236698
420.9 35.90477282303238
421.908 36.2582589021625
422.909 40.066741162543416
423.911 45.2800971667807
424.917 44.28917650755339
425.918 47.176597167059214
426.928 44.99458643474276
427.929 43.2661763645105
428.937 37.84686735327413
429.938 40.52617922600016
430.947 34.98796426932114
431.948 39.533501962188474
432.949 35.72702642296825
433.957 24.96148769503437
434.967 20.963340034855012
436.408 4.1980714652830295
437.417 5.716003594137424
438.418 12.975487208322617
439.427 26.097892650167708
440.428 30.290689156252913
441.437 36.39866116940051
442.447 33.4708790472434
443.466 24.1682111451396
444.467 35.19378722261331
445.468 39.00026276183353
446.477 27.581805544310896
447.487 33.29471652585056
448.507 24.144516820557318
449.508 32.705337620902725
450.517 28.28715399435058
451.657 34.71318900360841
452.667 32.76622896199721
453.677 26.14519665562633
463.845 1.9073300521302756
464.865 5.233063132764691
465.946 5.596134117923828
466.985 3.938648094157441
467.986 7.461190994257219
469.015 8.902887527812155
470.025 15.326139353194339
471.026 6.221124003983837
472.035 7.053484500055434
473.045 8.000456961544753
474.065 20.23451078010151
475.095 23.320155125629345
476.115 14.899438619341321
477.135 21.106687968838727
478.145 19.02555230050926
479.984 4.490693680080889
480.985 16.530415210678058
481.995 15.50230187448963
483.005 17.337070590536605
484.015 19.02555230050926
485.024 13.225283437618163
486.025 12.975487208322617
487.035 12.228357472778066
488.055 17.443543775882308
489.056 14.041965608999986
490.065 18.059601469181594
491.066 15.463936809919403
492.068 11.719554560807133
493.076 17.474692961252412
494.086 14.621489267996916
495.096 11.523578613792791
496.106 20.434852471001655
497.126 13.780399582958403
498.387 12.192982980364624
499.396 26.45056687526884
500.416 25.88887119819432
501.426 29.2429785359288
502.436 24.031246399887742
503.446 18.320902215263065
504.456 15.678464395801178
505.466 10.393588756763602
506.486 5.581934008292092
507.496 7.2958068763473305
508.536 11.120259157131066
509.566 7.427901262235689
510.577 5.4556365400013345
513.388 2.025461646552909
514.637 13.022395733225983
515.648 13.375108936770124
516.657 21.160453500215073
517.658 26.380268353704192
518.667 28.91928645032645
519.677 24.207408921280578
520.678 24.35125681561292
521.687 18.33905970021891
522.697 15.399282856190858
523.706 16.04667723764684
524.726 16.571366587145093
525.727 20.514637149962404
526.746 18.333695175673768
527.747 17.596893611225365
528.757 16.632420505290412
529.776 18.682908417155428
530.778 16.70816161074218
531.786 15.95937313918496
532.787 17.419147211161246
533.797 17.792414651409707
534.806 12.416813869189275
535.817 20.238651680589804
536.836 23.39728717650756
537.846 10.995219823662254
538.856 6.518013288137131
539.857 7.820841605016149
540.862 46.86256134077508
541.871 19.749756600135704
542.881 15.399282856190858
543.893 23.207497371411034
545.112 20.284901064081033
546.123 18.22200395780159
547.124 19.018864812226074
548.145 18.89293120619593
549.151 25.468267493005612
550.161 22.372640205184826
551.191 17.00042844306231
552.211 11.163868016567926
553.221 11.274401363272574
554.242 8.538964915960399
555.312 8.71582295023921
556.322 16.20695195970331
557.323 20.26308961300008
558.332 19.646635481811533
559.333 30.927873619773774
560.341 29.0212648475681
561.342 33.9495624218393
562.343 33.312377958155864
563.351 38.19989145343083
564.352 40.17068642570934
565.372 33.56403045947198
566.381 36.39866116940051
567.382 35.37153362267744
568.391 21.057332381728322
569.392 25.59548161638693
570.393 24.0695651522203
571.401 35.12589797250189
572.402 28.513225155123965
573.411 28.463491106901145
574.412 30.216888019354712
575.421 23.526051956785928
576.424 27.850539384573498
577.492 3.498508498873426
578.551 9.912676717964919
580.442 2.164069471094084
581.461 4.888985380174252
582.491 2.8355934779212277
583.501 8.103475979843527
584.511 11.098238841961026
585.521 11.098238841961026
586.523 12.784968611794033
587.534 9.400449755957945
588.542 10.414210956671333
589.561 7.6826913117023965
590.582 9.061758686313379
591.61 8.134664286155285
592.63 5.930804883803235
593.642 8.43908995324481
594.651 9.242745844157012
595.69 7.36355948037282
596.691 7.088027499281843
597.711 3.8590015265556037
598.721 10.393588756763602
599.722 20.692383550189103
600.742 26.688621977114558
601.751 26.523782869332656
602.752 39.281954425226154
603.761 27.052794206821773
604.771 19.730202385755454
605.78 13.225283437618163
606.781 14.471259546123978
607.801 18.141285526937107
608.881 20.167241493217247
609.901 9.245078201215996
610.91 7.582495837560811
611.94 36.17881895903932
612.97 3.9730634658443496
615.61 1.6848877510745526
616.72 8.997582591499674
617.74 3.6488629290227426
618.741 4.45821233970462
619.791 5.578028519788312
620.8 1.939708237519715
621.82 6.105240321566935
623.04 7.060847516964592
624.065 5.90187412827447
625.08 8.238852104592777
626.112 11.034055597779888
627.131 10.301790622505965
628.17 6.336086064504955
629.18 7.751150937252944
630.19 6.943481833740489
631.2 8.631963543745659
632.24 5.303508213394717
633.263 5.043793009682604
634.291 6.576962614339008
635.32 8.991307695558248
636.331 7.919472396768789
637.64 4.134247054973154
638.72 9.555185646122016
639.74 5.7563694460395345
640.755 6.814966877107409
641.77 14.395694924078596
642.78 16.10393294138828
643.8 10.814997141056784
644.81 17.440089608786607
645.82 9.51277615025463
646.856 9.102297070694595
648.01 4.843607868246394
649.011 15.463936809919403
650.02 35.26742250035846
651.021 38.11114096651532
652.03 29.3455633735772
653.09 38.00446419832572
654.091 43.01462882754818
655.11 34.81921500919226
656.111 37.40054516076871
657.12 33.68038848772852
658.14 28.156531889041137
659.15 22.02031516256173
660.16 13.461495121877622
661.17 19.377877343132358
662.179 26.097892650167708
663.18 19.448158749252517
664.25 37.150429542673095
665.251 41.41491122648335
666.26 38.16203229441843
667.27 40.942848444820996
668.271 38.64438016687026
669.28 40.381198762861665
670.29 31.78278365848798
671.32 32.71994041665997
672.33 36.46564190929587
673.339 34.28261581944403
674.34 34.912095559220695
675.35 30.828441227651453
676.36 28.78724815367589
677.361 31.638859220355414
678.38 34.295778056185846
679.439 31.151758245121044
680.459 30.875072483280793
681.63 18.75195982864337
682.631 21.50731441377409
683.639 26.829831617274788
684.65 11.864285612725398
685.669 8.73033103601732
686.709 5.987831853844807
687.73 14.638225570208538
688.739 23.349714844235365
689.74 21.50731441377409
690.78 23.16695645899172
691.82 25.49105560637161
692.832 11.955377433756707
693.839 17.035345584367267
694.849 10.569751278058895
695.869 9.94281995225454
696.884 9.816504635265012
697.969 18.27046562304527
698.97 31.461112820128715
699.971 29.224210755543027
700.972 31.105620020000472
701.979 17.38872025459575
702.989 17.792414651409707
703.999 22.372640205184826
705.089 5.713160667888773
706.109 7.049843920186156
707.129 12.384916080881313
708.139 8.808126065057207
709.142 10.643518236141496
710.149 10.24786543974743
711.389 5.7990651601607315
712.39 24.173510415548797
713.399 31.813896244386424
714.4 35.72702642296825
715.419 28.88258990465431
716.429 32.23774139814385
717.439 22.798108750788185
718.44 22.751539214548096
719.441 26.913507554059134
720.449 36.008458223137524
721.459 24.559733963903675
722.469 17.792414651409707
723.599 12.189410813809129
724.609 22.02031516256173
725.619 29.2429785359288
726.62 23.89181875215618
727.632 26.196341729797375
728.639 23.396089650268276
729.649 29.947628621174996
730.659 26.14519665562633
731.669 28.362165929452345
732.679 24.207408921280578
733.689 20.082527428378555
734.69 16.07097714714003
735.699 21.689464837704193
736.7 24.884496015967862
737.709 24.760411744314734
738.719 25.719728110022974
739.729 18.394045718243326
740.73 17.241400811097126
741.749 16.936842209909695
742.759 15.927770420092989
743.778 18.682908417155428
744.789 10.911273079986412
745.813 13.976531862786716
746.853 6.501074584170182
747.873 14.129270458469545
748.893 6.977417510352923
749.905 9.493976197398379
751.103 7.933100753983931
752.113 10.922076320665735
753.123 8.279638501155075
754.134 8.623425498702348
755.143 19.749756600135704
756.169 8.916185585041951
757.243 5.798272931096817
758.253 12.68370153368368
759.254 16.352668810451362
760.263 15.061870556716157
761.293 4.318547245485109
762.323 8.98257827061098
763.333 9.688938671566179
764.335 9.943864475839803
765.344 16.928362800139542
766.365 11.225289240872598
767.374 14.473988109286351
768.375 24.35125681561292
769.383 30.080337148200798
770.473 25.042448949275972
771.484 28.158124077342336
772.493 34.28261581944403
773.494 37.504490424097206
774.495 28.690971555188085
775.543 29.102007625947373
776.544 30.216888019354712
777.553 25.46576019435442
778.554 39.45970082529028
779.555 35.08984195928482
780.563 33.43406610042111
781.564 40.70392562606428
782.565 39.711248362252604
783.573 41.0240842553348
784.583 36.71494793366897
785.593 32.23774139814385
786.603 29.492284560301897
787.604 39.10420802499945
788.613 34.81175605829509
789.623 25.792871613003232
790.653 23.665638905318875
791.673 11.68717432984277
792.793 9.438749627098431
793.794 30.394634419418832
794.803 32.342907581875544
795.813 33.64704156847367
796.814 35.44533475957564
797.823 29.345176669328815
798.843 31.74724967218058
799.863 24.493387696084717
800.864 33.06083042119354
801.873 28.8161653318397
802.883 28.362165929452345
803.902 11.072714591186779
804.913 10.031331702569465
805.933 23.19991322200313
806.934 22.825340351446297
807.943 33.32771426278997
808.944 39.8889947624793
809.953 29.345176669328815
810.954 41.41491122648335
811.962 23.902415394239096
813.053 35.78300918851422
814.063 40.34121737798737
815.065 30.615596944515815
816.073 37.317331202957774
817.075 36.75678475882046
818.083 39.61198785438282
819.084 43.62166916480132
820.103 28.460879177503934
821.104 39.533501962188474
822.112 25.31451179519108
823.113 35.72702642296825
824.114 44.153738980976335
825.115 63.885928161981326
826.124 45.39185390704069
827.125 51.620257169962876
828.133 49.14363856040226
829.134 50.731525169317116
830.135 50.37603236918887
831.142 52.54949995297841
832.143 37.756037961059526
833.153 45.27376797438559
834.154 47.53208996735004
835.155 57.13039557341385
836.163 44.90734935770889
837.164 42.021951563736486
838.173 47.15522503205861
839.174 57.13039557341385
840.175 54.28645317157501
841.184 47.68423636954773
842.193 42.04144876939283
843.202 37.633020956929315
844.203 44.436600028548874
845.204 56.06391717286653
846.213 54.38504664451829
847.223 43.056798700397
848.225 40.73690062695101
849.243 33.280415300303844
850.352 41.61968339511042
851.362 50.734806134637175
852.364 39.13890935247605
853.373 42.57046010688195
854.375 40.9554731630266
855.382 46.188755887077406
856.383 56.7749027732856
857.392 54.2087095321303
858.402 39.885873317114275
859.403 44.25885362832218
860.404 42.021951563736486
861.405 58.9078595745428
862.442 65.3412975424046
863.443 55.88617077263984
864.472 50.907263375273935
865.532 48.579201208144234
866.533 50.12448483206397
867.552 47.56549832180974
868.553 38.82251636176942
869.554 46.287865166576026
870.562 55.1450482643669
871.563 52.86448197073688
872.572 48.38958481958741
873.583 34.56677315009891
874.592 41.4392214378399
875.593 37.756037961059526
876.602 33.40093025685378
877.603 38.393222424580394
878.623 32.34298239520737
879.732 22.848605719672708
880.733 24.70674961590374
881.742 24.510858637700355
882.762 22.574597880765303
883.771 26.97957821275796
884.777 37.39152072807577
885.782 44.687323243298074
886.783 33.49012435838257
887.792 35.44375961274645
888.801 29.52151378187938
889.812 31.149924760690016
890.823 32.454913844330754
891.824 49.665046768769805
892.831 37.001014458210506
893.832 39.6374472253544
894.851 20.50147211006988
895.871 21.281123406521136
896.881 19.45102084611262
897.891 19.90636490698572
898.901 20.963340034855012
899.931 22.182685137754998
900.933 22.55126407921189
901.942 23.349714844235365
902.962 36.63144192940162
903.971 24.40773751937618
904.972 21.329568013709967
905.981 22.291692169257125
906.982 44.614346428613004
907.983 49.487430300154784
908.992 42.57046010688195
909.993 44.33265476522038
911.002 46.62376456787984
912.042 33.09202536919389
913.072 50.388534085134935
914.101 51.59890242873839
915.112 50.508635063862876
916.123 41.430315894048654
917.142 38.66056066500282
918.143 40.59998036289836
919.144 42.555190764091435
920.145 52.33124277038194
921.152 45.408645138097576
922.153 41.66645876360825
923.162 44.33383123189987
924.163 55.17518517222078
925.164 67.97253618574179
926.182 61.49264782611244
927.183 69.92813638160732
928.184 60.3298307755435
929.185 67.61743318012341
930.312 60.91252548585334
931.314 67.26194037999517
932.323 67.25765585713287
933.331 57.26319286563229
934.332 39.35575556212436
935.333 43.62166916480132
936.334 44.6881475655112
937.345 51.036599890345556
938.361 51.208391456824366
939.381 53.69653221170806
940.382 70.81686838225308
941.383 64.06250517786552
942.384 57.13039557341385
943.391 43.71513319466515
944.402 49.173800015252766
945.411 44.86284256955157
946.412 61.574055576317505
947.423 73.46018203199304
948.431 65.2795237497306
949.432 73.30531798380109
950.433 76.32700678586662
951.434 70.0019375185055
952.443 72.54776923218664
953.511 74.6065949137478
954.512 77.2157387863498
955.513 79.88193478812451
956.522 72.97365945135158
957.523 81.65939878925346
958.525 70.28721332255034
959.527 76.60597014537449
960.532 65.40088059866571
961.542 69.20199535602333
962.545 79.54525680594024
963.591 67.50068058848915
964.592 79.70418838789782
965.651 75.57666823503178
966.652 78.6377099873505
967.653 77.74897798670474
968.654 68.22447351737657
969.671 76.70073855578772
970.721 66.90463200246727
971.722 80.05968118818865
972.731 76.25084859477305
973.732 63.9585599146996
974.733 69.03940438112413
975.741 61.85250616864494
976.742 54.46419957180171
977.743 45.932372366285215
978.744 54.81969237192995
979.745 57.48588837370467
980.751 58.96880290983964
981.752 50.73165510092879
982.761 54.56138375706886
983.762 49.84279316883393
984.763 52.33124277038194
985.771 49.673174710881185
986.781 61.37770091582264
987.782 64.77349077844715
