0.0 53.683039442892884
1.001 55.19596950416346
2.02 51.85852815530887
3.021 52.18981905034294
4.022 57.517678685201034
5.024 53.13878350370257
6.03 51.73101235482575
7.031 50.18571874773483
8.032 46.97915826352519
9.04 51.42935316342903
10.041 49.784898687139886
11.121 54.13049307263736
12.13 56.26635738629319
13.131 52.991459171349526
14.14 54.75834040998544
15.141 50.786948838535594
16.142 55.39637953455258
17.149 52.874936515223105
18.15 48.18161844512672
19.151 51.58858895954217
20.17 55.00844674675011
21.172 55.05775556922095
22.18 55.60873733618528
23.19 53.512379041498285
24.2 45.170162712566004
25.209 33.88213007239968
26.21 38.0779057497374
27.211 33.95250629648083
28.22 46.805498376584524
29.33 50.498745256604295
30.34 56.409272319865856
31.341 53.39227923194447
32.35 51.974845698258456
33.361 47.90347230832628
34.38 49.889829035612266
35.399 46.54304053218302
36.45 48.370823774765064
37.459 47.71705220040553
38.469 25.903760669709328
39.479 27.0128909700069
40.489 22.924252501896603
41.491 35.23696356436007
42.499 21.775627366332298
43.509 23.636279598824775
44.51 18.83854284466288
45.519 17.777624954762814
46.52 30.662734630105717
47.521 38.361526962292
48.529 47.5653722518973
49.539 39.012812564889806
50.54 30.94635584247701
51.549 44.933557488678545
52.559 41.79355134138388
53.56 42.169317537119085
54.57 40.8004303496872
55.579 37.57717860776437
56.599 31.35328862728604
57.6 34.27011517472699
58.619 26.068569687814904
59.62 42.48692641554855
60.629 41.87647505432426
61.63 37.960706901697044
62.639 41.75242067535484
63.649 36.0334495903497
64.659 30.074723641086166
65.669 45.88218980949417
66.68 38.18051328337374
67.689 37.65973003821013
68.7 41.66982439296796
69.709 35.67151952985989
70.828 32.70276543921347
71.829 41.88569632474779
72.831 35.91940459102686
73.839 41.87778438517926
74.859 43.85894920117048
75.86 41.768497476707445
76.869 43.02789841077408
77.879 40.32071225668935
78.881 39.563987143710214
79.889 44.86174946348824
80.899 44.97153851433665
81.901 49.65208502247403
82.909 43.66763969971266
83.929 39.81039542387908
85.02 41.4488024372213
86.021 45.29266683916325
87.029 40.52354893009886
88.039 36.827946383633716
89.049 47.86843179252091
90.05 43.17136768851479
91.058 43.66763969971266
92.059 41.36767741611251
93.069 47.07393499923689
94.07 46.97915826352519
95.071 43.57218774892644
96.079 44.2646945815088
97.099 46.80910273486999
98.1 39.563987143710214
99.109 36.06916163163992
100.119 28.00601196152027
101.128 19.68328403261229
102.138 19.54764113071448
103.139 23.24756351047404
104.148 22.946972276381757
105.158 26.417018375135534
106.168 25.423897383622165
107.178 24.91034929183404
108.179 32.46642490250801
109.189 28.684354252930785
110.199 32.17712012616972
111.208 28.911603801432452
112.209 37.67708568932576
113.218 33.28566691991294
114.258 26.89244768656355
115.26 28.429822875673857
116.268 23.882195272945225
117.288 11.09556769578497
118.298 7.150471139134569
119.323 8.611570119861007
120.328 14.172478866417086
121.602 35.38373257148962
122.612 26.218394176906187
123.632 21.91279731933762
124.642 16.0885600630482
125.652 16.883056856277225
126.662 19.26654723594598
127.663 17.719293845208494
128.682 20.080731020392133
129.692 13.10919708841643
130.712 14.160736961812642
131.722 16.568278156046055
132.732 26.417018375135534
133.733 27.138565267466607
134.742 27.23848396441649
135.781 21.89824268177934
136.782 28.45822429729179
137.783 27.45617414589608
138.792 24.33871963224525
139.802 30.588126539601678
140.822 27.616427484575553
141.832 30.985374936243687
142.833 28.541435479273954
143.842 36.18543125190087
144.843 27.940205388656498
145.862 25.39621864351798
146.872 16.369653957725053
147.882 28.601884556574937
148.883 25.334874995247624
149.892 28.829052370986687
150.901 25.250273456066257
151.902 24.332824843851917
152.918 27.248268464965403
153.932 22.833821525592473
154.942 24.828024788567497
155.943 24.450023691892262
156.951 25.357956657292416
157.961 29.595005548088306
158.963 23.707910526826804
159.972 31.016083930226934
160.981 25.134003835622003
161.991 28.601884556574937
162.992 18.520933966233407
164.021 14.23183881568811
165.031 7.349095337437243
166.041 6.157350147584537
167.061 4.720245653937547
168.131 4.6871598199054985
169.151 4.523568751684803
170.181 3.700580937421878
171.241 2.8388269852628616
172.261 2.9501535337178413
173.281 4.8019068238804605
174.291 12.513324493471746
175.311 18.29095190901029
176.321 13.705069683342785
177.341 11.800614134834703
178.381 7.602982273781767
179.411 9.933138305739334
180.421 8.938088923913629
181.431 6.951846940813565
182.441 5.164229156034505
183.471 4.47965060846385
184.472 4.208610635495361
185.481 4.970526270875577
186.491 6.35597434588721
187.511 6.768675846352912
188.541 8.180231545904059
189.581 7.908680819212851
190.591 8.342216328987275
191.621 8.569766381425046
192.641 6.490337774157254
193.651 6.75322274251089
194.747 5.933237666693056
195.781 5.4323910330653105
196.811 6.037789950547797
197.851 5.015261007307499
198.861 3.376611371255445
199.901 4.050787736678491
200.94 4.440847090210712
201.941 5.210660786817747
202.981 6.172628932062308
204.021 5.015261007307499
205.07 4.9722320758755885
206.1 5.258720279505824
207.12 4.015199214887814
208.14 3.9335380449449016
209.15 2.979362974631766
210.201 3.244888187420218
211.25 2.6773557331581386
212.32 1.8748639279695318
213.37 2.2926907461924766
214.44 1.8748639279695318
215.48 1.9289465412763451
216.53 3.0569209949355223
217.54 2.5821145780264176
218.56 1.9690693371171808
219.65 2.0223564424628044
220.69 2.700525157779551
221.79 2.188477530459788
222.818 2.3417561123679684
223.848 5.258720279505824
225.119 3.945917393641056
226.139 8.850460601135193
227.148 12.724547253423145
228.158 15.905684066783511
229.168 16.982340751422722
230.178 18.670674641074612
231.188 16.0885600630482
232.199 12.699375053131657
233.208 11.415351328042076
234.228 10.434105334135388
235.238 12.314700295169073
236.256 15.765064070124648
237.268 16.535534523317722
238.288 16.324182886537837
239.308 11.997291037087448
240.309 13.026651967026037
241.318 15.508041965113467
242.338 21.322766612671046
243.348 19.465171434358634
244.358 23.122876700309266
245.368 27.211515168419556
246.378 15.889935864745523
247.379 15.514783512339571
248.388 27.23848396441649
249.389 22.64633341967328
250.398 17.976446005597836
251.418 28.321473923661948
252.448 13.244184407640224
253.468 15.029105740729872
254.488 11.013906525860389
255.517 7.213397755886418
256.547 6.037789950547797
257.607 5.10988857348415
258.658 2.4837483083782383
259.727 2.8149266645297812
260.777 3.0569209949355223
261.78 14.683805119325504
262.781 49.50127747476859
263.782 47.78079838453178
264.783 40.3656272649001
265.841 34.588274599767416
266.851 42.150062776951565
267.861 42.43158059527211
268.87 28.033768167793244
269.871 26.336925146460025
270.88 34.396041794440656
271.881 16.717243693904436
272.89 18.29153667680379
273.9 27.41013936664891
274.911 22.50472220209963
275.912 34.87134526552776
276.92 35.70690794218646
277.921 40.165217234510976
279.011 45.16775437158215
280.021 49.70526270875576
281.022 47.179568293731016
282.031 39.84676159745037
283.04 42.033793156690614
284.041 46.094306960353144
285.052 44.97153851433665
286.054 35.72051174179958
287.06 39.48396339747988
288.061 33.55168623588588
289.07 41.834972105800595
290.08 50.25192217218966
291.091 31.235542551212422
292.1 35.273441417125554
293.101 46.6955370509706
294.11 39.84719760858798
295.111 46.1775181423353
296.2 42.81443208559766
297.201 42.68733644575438
298.21 42.630256309177355
299.231 46.058900511050965
300.331 8.206790739228786
301.34 55.75230032726744
302.39 40.27813631177042
303.391 48.29881729316707
304.401 47.553653092234754
305.41 38.69218235116713
306.411 47.981208414737594
307.42 53.48286267456621
308.421 52.390229080548764
309.422 49.98530871734571
310.43 49.837206811850464
311.431 49.784898687139886
312.432 42.57013759771403
313.44 41.99286002155564
314.451 39.96636290014191
315.452 49.38407862654495
316.46 43.78402466694404
317.461 30.94635584247701
318.52 36.44995177471918
319.56 50.425595489984644
320.562 53.65628542746496
321.57 44.86174946348824
322.571 40.76644732531174
323.579 50.43426169382991
324.58 50.786948838535594
325.595 39.529150796504176
326.61 28.74069776919793
327.65 47.72507033226008
328.652 33.23486336177295
329.732 40.94221412743432
330.842 42.00442931638393
331.89 53.48626644550797
332.891 57.71808871540686
333.9 45.61257207161105
334.91 44.46371287550195
335.911 35.75619656888312
336.912 38.879545870743975
337.92 30.134395711844796
338.929 41.55359962446482
339.931 37.72261194438669
340.932 47.981208414737594
341.95 46.58876061131755
342.96 51.128888661829535
343.961 53.10865801938987
344.97 46.01021417320777
345.971 50.18571874773483
346.979 48.64309704825819
348.03 39.399662315509836
349.031 48.90004738396783
350.032 47.580388354325954
351.039 45.503947149912946
352.04 43.57218774892644
353.041 43.48897656694427
354.049 30.73145059364093
355.05 28.65863432749761
356.059 20.561119666434806
357.729 5.645922571097693
358.73 15.832392390695722
359.739 24.256168201799486
360.75 17.760023345898762
365.261 2.179098110031135
366.264 10.20053086231692
367.271 34.9950156547776
368.291 14.505209080080954
369.292 32.26601487211888
370.301 22.74815122567505
371.311 22.047286012256738
372.312 24.249613661686446
373.321 17.37998285309277
374.331 22.047286012256738
375.782 6.4980638826511035
376.841 3.0309414963834658
377.862 2.753476631465097
378.867 10.861948426980618
379.871 31.370357695096043
380.872 25.334874995247624
381.881 29.027873421876706
382.891 25.423897383622165
383.902 21.75404597140828
384.911 22.06913664274255
385.921 20.739386320457207
386.922 26.45412399450037
387.941 23.821259347797355
388.942 19.322574087239985
389.951 26.244378710149718
390.961 25.109118683336007
391.962 29.460274448504194
392.981 26.57743811526262
394.001 26.043012266553596
395.011 29.992253944730315
396.012 25.735695055659264
397.021 25.250273456066257
398.031 19.349016932301826
399.032 30.061504539304956
400.04 29.338322536055514
401.041 32.065604841913064
402.051 22.527004105254594
403.061 29.595005548088306
404.191 25.993290863709323
405.192 36.67503553793004
406.193 29.944305691264606
407.201 40.40071366997708
408.202 38.16111693190286
409.21 34.91083476639718
410.221 37.89969742415371
411.231 26.69811226972074
416.07 3.441642526714374
417.084 26.906331242421583
418.09 23.015402611270677
419.091 37.877495719531574
420.1 29.30939124019725
421.114 12.459334414736743
422.12 48.992581996836975
423.122 38.92387206586564
424.13 40.59973196397022
425.131 33.351276205680065
426.2 41.73883268316252
427.22 45.28007975192212
428.221 35.956606599088936
429.23 42.033793156690614
430.231 44.89184677875161
431.25 35.71519537412664
432.251 35.956606599088936
433.252 33.869295114315356
434.26 27.348139596673963
435.28 23.994582074101572
436.31 18.502904687109385
437.32 16.171029759422378
438.331 20.458292425872006
439.34 15.706863015948489
440.341 15.832392390695722
441.352 10.797485825046008
442.37 16.947443875387204
443.379 18.29153667680379
444.381 12.024601815721983
445.4 8.744017434943029
446.431 11.67471039528801
447.439 11.543061048559641
448.46 8.055855094993216
449.47 9.533961518839982
452.469 2.2074506600935653
453.597 1.9563074851140962
454.601 4.795468692246433
455.609 4.461035793419515
456.621 6.938108112868379
457.642 6.091012388887027
458.659 7.89028280402165
459.679 5.9003070674173514
460.681 5.005250506302812
461.704 3.529802468479389
462.706 3.6037803645284927
463.719 4.752863343545116
464.769 3.8211512436602377
465.779 4.965604957731831
466.899 4.014932214086729
467.969 2.62480949914268
468.989 11.210583428094802
470.028 8.109372947328549
471.038 9.335337320537306
472.049 7.540253937793484
473.088 3.668525857117836
474.108 5.703630165164608
475.138 6.622092203820112
476.238 3.3584384714620934
477.268 12.854649572119238
478.288 11.210583428094802
479.468 2.5501327155838127
480.478 5.760101750960858
481.528 2.865863432749761
482.532 2.3954463027278323
483.548 45.57543674507353
484.55 31.232763159369142
485.558 24.287214958763762
486.578 30.87827365285597
487.588 23.520125096951276
488.619 28.630810410618377
489.62 32.148816024078535
490.638 23.253469503466395
491.648 12.314700295169073
492.658 7.431565033811423
493.659 7.4151711196866685
494.693 10.476754135179055
495.698 7.385658000814326
496.704 8.774214088339047
497.738 7.9545725841313475
498.748 7.746343734060922
499.828 6.021137483972102
500.868 10.030522014614998
501.877 7.555199931730876
502.888 8.532392613816532
503.889 15.631982360434911
504.958 16.029169147033418
505.969 23.017617283808
506.978 17.69507352429872
507.988 18.603740609307224
508.997 14.663488510133496
510.008 22.81918954853007
511.018 19.067923037716625
512.037 11.303326290475296
513.078 6.552118126738088
514.118 4.050787736678491
515.137 6.102967270912837
516.157 4.130214947197646
517.172 7.510538651330294
518.177 17.366276920823775
519.178 20.525034268841516
520.179 40.28241608273463
521.197 39.29741847884984
522.198 43.17136768851479
523.207 38.96892596362785
524.218 27.122214343972235
525.228 24.033527995466784
526.229 22.72954460183875
527.237 31.84292703047143
528.247 32.25958982252556
529.257 27.23848396441649
530.267 14.698190674874485
531.277 10.609552206764194
532.311 6.790488791331638
533.317 15.155460698030172
534.318 27.940205388656498
535.328 43.498699429642116
536.348 35.68018047666311
537.358 45.36878691079536
538.367 51.09701006461925
539.368 32.54963608467348
540.387 29.218488279256153
541.388 32.065604841913064
542.397 32.68920376742621
543.407 34.396041794440656
544.437 19.75237753678401
545.457 13.374029352819997
546.488 8.950611303051087
547.502 42.226835125804726
548.522 13.964060059559898
549.528 12.961907175949992
550.983 13.377254536238091
551.992 14.790658407423365
553.003 18.490357727638813
554.012 41.23850895331387
555.091 46.557699556460044
556.103 49.21007833077977
557.104 42.770547627919846
558.112 37.100035999771876
559.113 41.08405620374121
560.114 37.5598868411021
561.122 31.178950792540164
562.123 32.617025422218774
563.124 40.566037295105914
564.132 25.076305036537494
565.142 27.095360666362748
566.143 51.90619783778835
567.162 30.399707751000793
568.172 28.00601196152027
569.182 28.684354252930785
570.204 25.32167005644618
571.232 11.594659893556734
572.252 14.947444570805288
573.261 16.50214721928858
574.312 23.556972929883965
575.341 17.741059345579792
576.342 7.014351059165047
577.361 15.552723045236583
578.362 28.9422555398689
579.372 39.12896706694662
580.382 32.85546241739693
581.392 34.75923470406782
582.402 29.677475244444157
583.422 31.74664243179153
584.431 32.80547338768715
585.442 32.42610896233009
586.452 37.142725083736565
587.453 33.95250629648083
588.462 39.16774701451787
589.463 35.956606599088936
590.472 36.06916163163992
591.491 29.72735670670387
592.501 21.533883113741226
593.503 32.033603240294006
594.528 27.873148209684704
595.531 30.40158217785625
596.551 16.324182886537837
597.662 10.367449266481989
598.672 18.670674641074612
599.691 18.112031900768848
600.711 15.734152179779606
601.721 18.951768535659816
602.741 29.894889141683905
603.755 25.207909576399768
604.761 18.545497959425145
605.771 16.0885600630482
607.031 13.132129068548338
608.041 26.218394176906187
609.071 15.206622296203394
610.072 15.4315723301741
611.081 32.29156166564617
612.082 33.15086617547424
613.101 23.03377969984539
614.111 17.081681054598228
615.191 14.937157052518767
616.206 20.15986690613098
617.221 16.602243334542752
618.273 19.450822157624014
619.291 18.01458198421547
620.301 26.814266771777547
621.312 21.512583526076583
622.321 27.63612606601321
623.331 24.232152193696137
624.341 11.999921594919574
625.353 18.237312753843785
626.361 23.48415868495893
627.366 21.24179210383444
628.371 26.149221570373435
629.381 28.882978451160138
630.391 30.19087814295967
631.392 22.529134571449628
632.401 29.425515523473425
633.411 32.25958982252556
634.421 30.985374936243687
635.431 29.280226847802147
636.45 20.671340756356106
637.452 18.61953188338194
638.461 23.941077530648528
639.471 30.985374936243687
640.481 26.69811226972074
641.491 28.999132953216947
642.501 10.725706708692687
643.521 8.850460601135193
644.531 11.602673198314227
645.541 16.0885600630482
646.551 15.492687468121844
647.571 20.92941280816555
648.582 37.341349282149224
649.591 30.89981430978268
650.593 34.035703442881115
651.601 28.343231066273084
652.621 22.224489953918532
653.631 22.643158607311403
654.641 12.595794189845927
655.651 29.595005548088306
656.66 19.08682088012555
657.661 19.52298411762911
658.662 24.450023691892262
659.67 19.387407838964453
660.671 26.053303934088735
661.701 26.09883397974113
662.71 17.777624954762814
663.72 20.677389286879055
664.741 23.207874465273903
665.746 29.825124375071898
666.751 47.191401295785695
667.811 42.66098439543071
668.822 42.26510759861844
669.831 31.695098513159433
670.84 27.066487975919046
671.85 27.32103539486225
672.852 32.86724496291964
673.861 22.549330174785034
674.87 32.40783128609043
675.871 36.357426659500575
676.872 33.268065023514595
677.88 40.88138358454184
678.961 29.21288947191703
679.97 27.03966291352647
680.972 18.036902723582973
681.991 22.32804136059299
683.0 35.39014704852412
684.002 35.15496647808235
685.01 35.2262380274384
686.011 19.723394147834934
687.02 29.425515523473425
688.03 28.287105856288775
689.04 36.5830733536809
690.041 41.768497476707445
691.051 46.36190790249203
692.06 42.033793156690614
693.071 35.51856460173505
694.08 35.27387742826318
695.17 44.6974947600384
696.172 34.23591346297486
697.18 26.353048126891537
698.192 17.047922791637774
699.2 25.872378212326772
700.201 31.74799596348359
701.29 40.78806400175373
702.3 44.293196222926134
703.311 41.39630294474186
704.32 46.20903522409779
705.321 47.580388354325954
706.322 55.914398443187864
707.33 41.08040187853498
708.341 45.12548401553507
709.389 34.72689321201454
710.391 49.30086744437947
711.392 59.204170109379675
712.411 51.66165824332087
713.422 35.27387742826318
714.439 42.6894292001562
715.46 41.14581160072422
716.462 58.803350048968035
717.463 69.82590171340429
718.471 63.17099606235126
719.54 61.70931069945253
720.541 72.43123210681317
721.542 76.03861265143443
722.543 81.85065002764989
723.63 64.19357089977578
724.632 59.26216599448891
725.633 56.99965977656574
726.71 59.387844753624535
727.711 63.41278074498502
728.789 52.369970422587706
729.89 54.73789871112858
730.901 57.40239331137923
731.909 50.03622510584361
732.92 46.91133363230323
733.921 52.18981905034294
734.922 53.59268926215029
735.93 52.22266219626146
737.079 39.88273371283566
738.08 48.49922732337289
739.081 57.80129989757233
740.082 65.41688104759312
741.083 61.408680442376905
742.089 37.37320748304822
743.099 16.485808459671876
744.1 14.913553421538808
745.109 25.051452405176242
746.119 31.58124753111505
747.121 36.321141802630706
748.129 42.07549334831741
749.13 46.1775181423353
750.131 50.703737656370116
751.139 46.652914108876644
752.14 49.58448865693407
753.141 49.98530871734571
754.142 41.16726738590668
755.15 56.52119547920593
756.159 51.179561495065016
757.179 35.286826672157616
758.18 22.245513359078334
759.181 29.142665570074715
760.182 49.784898687139886
761.189 51.330576190097545
762.19 37.82783270763346
763.199 40.64204580082713
764.239 39.81638951297392
765.241 39.88159602213969
766.249 27.14912130268082
767.33 49.069797068038866
768.34 58.25456789464342
769.35 44.77291431592399
770.351 48.18161844512672
771.359 50.43426169382991
772.36 57.20006980677156
773.361 46.1775181423353
774.369 48.560463721496426
775.379 42.38942393625524
776.38 32.34922605428435
777.389 39.16774701451787
778.399 36.62932218522106
779.4 39.36357711350439
780.401 62.21032056338349
781.409 58.99204833315225
782.489 48.372230434495435
783.49 53.309068049779
784.491 46.97871876773438
785.499 53.81800913435411
786.5 58.20211995816727
787.509 52.173666749148474
788.51 54.394329383156865
789.511 57.60088986736651
790.512 51.58844246094523
791.519 51.281209084831275
792.529 42.10833004148673
793.539 38.615564168431106
794.549 38.81418836666046
795.55 46.094306960353144
796.552 54.540253645641855
797.558 53.72515192050316
798.559 47.981208414737594
799.56 68.22262147120782
800.569 38.45501424158688
801.578 31.21490498111695
802.588 27.095360666362748
803.589 37.075855598524996
804.599 18.554520139201113
805.609 30.786750738014337
806.618 20.08092613439232
807.619 20.725444299230638
808.62 45.77669808192366
809.698 52.92825550685033
810.7 34.836543523805986
811.718 38.3121019745713
812.719 43.68938659715008
813.735 26.14554381092021
814.768 34.842752377155556
815.769 60.80745035157614
816.809 57.176908384479354
817.818 61.518256138412895
818.829 59.21385321513566
819.909 53.94487844734638
820.91 51.90619783778835
821.911 45.77669808192366
822.912 44.37382787011632
823.913 73.23287222781975
824.918 70.54604956861513
825.919 59.00376007917385
826.921 48.333303960647996
827.928 39.328690234427505
828.938 37.142725083736565
829.939 40.566037295105914
830.94 45.375878021328724
831.95 59.669729189174475
832.959 45.811393122501066
834.128 48.80809190451408
835.208 55.6164963339396
836.278 56.13627667354682
837.279 60.406630290981205
838.288 52.488757420299436
839.298 53.11513064485627
840.299 45.576288051717846
841.309 51.128888661829535
842.31 49.38407862654495
843.318 41.59482343356934
844.328 46.163283704079376
845.329 54.59459291494906
846.338 65.49467715511335
847.339 69.42508165280934
848.341 60.74676427331364
849.418 62.55439766435213
850.458 57.81118002004813
851.459 60.406630290981205
852.468 56.067536335403176
853.479 46.514478161930676
854.488 39.647940546560356
855.489 38.56193699249781
856.498 43.14416803121833
857.508 35.23895279706568
858.518 38.218315771789094
859.519 47.09635711156554
860.528 43.82318261415084
861.529 36.357426659500575
862.537 44.97813443053631
863.538 27.338975297855733
864.548 32.77299272104108
865.549 32.750046114879304
866.558 38.45501424158688
867.568 45.08769301621015
868.569 39.16038361068993
869.638 29.168099995176025
870.639 41.685286294541974
871.641 32.9175714582876
872.648 41.237697259715944
873.658 24.910494485106653
874.667 33.6007575910639
875.668 25.936105086048386
876.728 36.41556502788175
877.749 41.105472569632056
878.758 37.65973003821013
879.898 35.26787934364041
880.909 50.64917056883167
881.918 35.47269847896988
882.928 38.218315771789094
883.929 51.30496774717089
884.938 43.62436156326082
885.949 42.54592345783849
886.968 46.149300708207036
888.017 46.93312894662315
889.028 50.00378927170819
890.037 35.87034058074991
891.038 33.55168623588588
892.039 44.09020665756172
893.047 28.542249360266236
894.048 46.82855774363112
895.057 39.118332425764905
896.058 38.361526962292
897.337 33.16035754098292
898.338 48.49922732337289
899.347 42.43143525828734
900.349 37.92282196466373
901.35 49.701687504974416
902.357 33.750207351254375
903.358 32.34922605428435
904.367 25.846736608552995
905.427 27.14220188693176
906.437 28.829052370986687
907.448 23.017617283808
908.467 22.524911272397674
909.468 32.26601487211888
910.477 24.736361734025284
911.488 36.70913101285272
912.497 28.51396169983573
913.507 27.80738776329092
914.527 18.765966883477024
915.547 26.158027998973413
916.548 33.7520962660917
917.549 41.685286294541974
918.557 38.69218235116713
919.567 30.389502341372328
920.577 30.074723641086166
921.637 30.737911057282698
922.647 34.99250494692739
923.648 28.541435479273954
924.657 34.197220743550645
925.667 33.64995921068095
926.681 32.24802935664634
927.687 29.39664922088848
928.688 42.086106354953614
929.697 36.86444583483337
930.698 34.75414641748741
931.707 42.547704878731594
932.708 40.3656272649001
933.71 41.92702236965466
934.727 43.98832663244453
935.748 30.340158862274773
936.756 33.11967012082547
937.757 33.869295114315356
938.758 31.94840599387272
939.759 49.90209753518023
940.767 40.88138358454184
941.776 35.87034058074991
942.777 45.977108112129486
943.786 39.96303121771132
944.787 37.5598868411021
945.788 43.57218774892644
946.797 46.524125895248744
947.807 35.63620119370769
948.816 35.47269847896988
949.817 39.28036593133892
950.827 36.0334495903497
951.936 38.605336497349505
952.937 50.503327625980994
953.938 25.735695055659264
955.156 35.974031508282806
956.158 44.09020665756172
957.167 41.437330004020566
958.206 32.90382025307785
959.207 41.28446623394703
960.208 40.566037295105914
961.306 34.789870718487855
962.317 42.505578438128744
963.326 38.8526563431836
964.327 39.163167083298575
965.336 44.933557488678545
966.337 44.1734178397272
967.346 40.045582648340385
968.347 45.29266683916325
969.349 39.124082086142685
970.356 37.73452592714229
