0.0 80.19240336641786
1.549 12.99229986311616
2.611 7.747573063192033
3.649 12.540687308103161
4.65 15.961296495772569
5.849 24.36983810287368
6.929 27.848382767101914
7.96 35.21082198943895
9.039 46.08638224648932
10.04 56.30135966500422
11.041 63.46527365022112
12.174 49.88060639825365
13.319 50.32062059360148
14.41 60.976661822867925
15.519 73.36945965395446
16.52 64.6479288969592
17.659 66.66335867769683
18.66 86.2636187531156
19.669 64.92339156986633
20.679 50.58001026803852
21.68 49.32577095304743
22.7 52.37892800212838
23.701 60.044174251906796
24.879 57.24761420575735
25.881 60.641101293009434
26.898 49.608814940891065
27.899 36.02832428480831
28.9 69.54112420759735
29.901 83.28989917360906
30.909 80.06478237897923
31.911 64.6242380240296
32.919 81.11886528365484
33.921 77.04592130466446
34.922 82.7252667005448
35.928 55.63240444974603
36.93 45.04184309318917
37.939 45.898364741440496
38.94 31.489290357937563
39.958 38.26616083553382
40.96 51.43185522729569
41.968 55.72033421139895
42.969 74.58161494624355
44.029 68.89690364933854
45.03 77.65868166732662
46.031 83.28646571375174
47.409 101.32717162795765
48.419 69.12783456582099
49.549 48.875968569745936
50.55 65.57547807647
51.551 75.73989262790872
52.559 70.5729218120691
53.569 64.08921285314959
54.57 64.41445362687602
55.708 58.94528743031359
56.798 56.228205235516555
57.799 69.71571564121335
58.8 68.72945429827121
59.848 79.99401982532046
60.859 67.50775762455943
62.018 68.2682959071492
63.019 69.29168334926352
64.02 74.89594819579486
65.028 47.25660114074007
66.03 47.028499846447595
67.048 59.67263814439349
68.049 79.61369370806744
69.05 45.65900750189865
70.058 64.16591166736704
71.078 51.437994219880274
72.079 67.38010457563192
73.538 82.20182239365268
74.539 74.49749517973912
75.54 77.3331896730242
76.548 86.88708379902042
77.549 87.26035214866555
78.638 64.28347580382766
79.639 71.59210145152221
80.649 57.95622986362187
81.65 44.59909844505987
82.798 46.816893685542816
83.799 73.97732601199903
84.808 31.556062474823147
85.938 42.07624243090819
86.948 56.55969420438689
87.949 43.11515709627126
89.308 59.672631405719734
90.318 48.645992134601045
91.398 17.40738728782423
92.399 44.38639560715645
93.403 42.83296756263698
94.407 36.29277182505508
95.408 34.05305483078039
96.418 37.762780213059735
97.428 47.32210763584006
98.438 39.759921486256445
99.439 42.830179928328214
100.44 44.12648269621483
101.447 39.98263931656981
102.449 50.442068933966596
103.458 42.878735482160636
104.468 49.563135322460035
105.469 50.864475986517405
106.47 51.298465311967554
107.478 54.04361303128185
108.485 68.63411100501361
109.488 62.15237394172267
110.658 69.43949188847367
111.668 58.421741750105134
112.827 51.150995545183285
114.068 46.5478872362729
115.069 55.89397965344831
116.217 56.24664517945065
117.228 75.5999130193396
118.232 76.5075044762161
119.233 76.58503877084375
120.248 62.75851843447553
121.417 36.59232968873968
122.418 54.25003907543731
123.419 55.97329257602361
124.427 33.6469468684302
125.428 69.74249662814344
126.438 79.65102340536264
127.439 81.63411315913325
128.448 68.93117023480038
129.45 69.0789805113601
130.477 70.86090923328554
131.478 75.87448425427284
132.487 73.72851467781396
133.497 59.24438428352108
134.498 75.63500042943933
135.499 77.8645175855154
136.501 100.88413786814799
138.208 34.851346516458015
139.217 142.28823474827004
140.218 51.43185522729569
141.227 49.16017746400909
142.228 52.75356559804058
143.229 73.27278004996361
144.232 71.01159564501607
145.237 87.10575267558542
146.238 79.19773004686824
147.239 83.64612063337677
148.247 71.13141697555248
149.248 51.81090919524348
150.25 86.10343859895538
151.327 85.14332640082482
152.328 76.09096389789043
153.531 2.3404014984309356
154.546 142.13977302748563
155.552 52.110955361130586
156.558 55.85822815543781
157.559 64.60707072474298
158.567 60.86983551010856
159.568 45.84510102612263
160.576 45.943898833431184
161.586 43.758117326848996
162.587 37.40720176209172
163.589 71.92419565988277
164.597 70.56507969428323
165.647 58.40116414144495
166.787 54.3315551346971
167.797 64.71993381924264
168.857 57.47912255532985
169.927 59.76163243391538
171.017 58.761258670012424
172.076 54.13934549685773
173.077 56.68436211191681
174.107 57.481373314467334
175.116 56.37033001305352
176.117 66.45925064279993
177.206 61.02284556760268
178.232 72.52431106738828
179.237 59.65950922482334
180.238 69.84155194489834
181.239 82.55565378389373
182.241 78.49631086339637
183.447 79.57676195060537
184.648 3.719056245243989
188.166 39.64429082933459
189.167 42.74245502914545
190.168 53.7278098316969
191.178 56.38650963963502
192.179 59.711128645961224
193.186 55.77647809916325
194.196 43.18031090640124
195.197 55.65913099950812
196.207 41.18975277680087
197.209 51.38052603053237
198.216 39.762500668474814
199.217 48.61367137915408
200.231 25.079661283131166
201.236 46.59523608504854
202.237 52.731248108967975
203.256 63.8177797965254
204.396 51.88638643124835
205.456 45.479987715022155
206.576 44.707998135026294
207.597 55.58695251046064
208.599 80.70662428786346
209.617 74.71647386302276
210.618 73.27758689367795
211.619 66.72946393331353
212.726 48.94390663464452
213.816 55.24506456098606
214.826 51.43906345328581
215.836 37.33350883543393
216.846 36.75212940694963
217.855 40.53967241124554
218.866 31.38213346823923
219.867 51.90155253539089
220.876 21.814564766239158
221.877 56.83337426942393
222.886 49.58868210123902
223.887 54.44128278923247
224.888 52.136401189331096
225.896 43.28576190140669
226.906 46.19541914454022
228.006 40.997606782707464
229.015 32.851113850521706
230.016 29.235395636788564
231.017 38.28033060299282
232.036 33.90652089675055
233.045 34.94799345793326
234.048 32.11010953579785
235.055 30.87862633780358
236.056 47.43942810923827
237.057 50.1134066433723
238.076 49.83124295839782
239.285 41.27153204430573
240.286 55.89397965344831
241.295 53.5622280826565
242.306 49.40457649780311
243.316 70.9905626845088
244.526 49.92698225866567
245.539 49.87108623169933
246.746 38.72342286409681
247.756 50.05528853642475
248.775 38.52693321317888
249.785 11.11392614589571
250.786 25.128805978689943
251.795 34.919551377503474
252.796 29.33359258879394
253.826 33.623327495769864
254.867 26.87313815239784
255.875 40.47504463632534
256.965 30.768393252233864
257.975 40.96504600816423
258.976 38.045481949052615
259.985 41.96675180386826
260.986 46.969730801143065
261.995 38.67577942673651
262.996 33.832798381233815
264.005 44.2674583800488
265.006 35.39176082799087
266.015 34.57960890705103
267.016 49.31821734118948
268.036 33.77185716178705
269.045 44.96641824918598
270.046 29.044323596029244
271.055 48.4612175948719
272.056 37.096130299361896
273.065 42.17057877242243
274.075 35.17541206363353
275.085 44.22362921333226
276.095 31.60087287393634
277.105 26.301421584693284
278.125 19.12934384391773
279.145 16.72014902102884
280.16 22.69771749831141
281.165 19.882684304594893
282.185 19.820765910562518
283.195 11.892501581712276
284.205 17.922207628531574
285.234 21.01815572859854
286.265 10.335848267642014
287.275 5.58614263747694
288.285 12.568820934296264
289.295 9.077481785886603
290.305 12.801576877537896
291.314 8.06903525364307
292.315 8.219702890205408
293.334 13.380611535114602
294.335 14.004911071024368
295.414 9.368480643548466
296.444 5.7059102587363855
297.454 5.120630751015158
298.494 4.972920248585334
299.504 4.961376684599109
300.525 8.51918667818473
301.537 9.596132161386642
302.554 9.246155463521225
303.594 4.068752930647058
304.875 2.3704100255168585
305.905 2.282364103485962
306.927 2.300229967320152
307.965 2.2647736287193125
309.005 9.9906192513894
310.035 11.731818642517421
311.045 12.96882767590604
312.064 8.308748610150666
313.065 12.966117792222212
314.066 11.447498498853145
315.075 12.869956245767336
316.085 12.297782763567712
317.086 11.80234657476384
318.105 11.886962659766656
319.115 18.600058270221915
320.215 11.556397545046487
321.235 13.142659794899364
322.245 13.023783940288205
323.256 15.156495543680325
324.275 20.86437083757661
325.283 16.581305430630987
326.325 10.818125188420396
327.365 7.007296713898122
328.367 28.689141083333585
329.386 9.461743683062876
330.506 3.687448973619219
331.507 6.575762312172918
332.526 2.7684023865776575
333.887 2.7627723217441726
334.896 7.688558560745316
335.897 5.424179877165085
336.916 8.874537475096446
337.917 12.814015520693143
338.936 10.92469998810267
339.947 9.38210683672966
340.967 9.80897446485496
341.987 7.0518648741760215
343.016 6.330864364961613
344.027 4.650514394848063
345.176 4.1826004531023395
346.247 8.859797034852086
347.257 9.746655122655275
348.597 7.289419882325425
349.677 9.87199869744065
350.696 10.774272665436124
351.746 10.902480237531009
352.747 11.507584046291866
353.756 6.297791920498989
354.796 9.537544180901497
355.806 9.542993672348384
356.807 5.095254423177183
357.876 5.717653011375942
358.926 3.358335752289999
359.946 2.689537493161592
360.956 7.680946126522737
361.968 4.272683278675166
362.976 6.296879535541063
363.996 4.101359354393935
365.016 8.06659077755826
366.036 3.759860200145983
367.256 8.439122504368072
368.276 11.104029481147201
369.476 8.781548824384739
370.526 5.597226253802345
371.596 3.5152673295000127
372.826 22.65192115976136
373.836 21.309759404602307
374.846 20.117225482030122
375.847 24.970866825467866
377.015 22.95950665227417
378.016 28.602952331756956
379.025 26.976717211239087
380.176 29.38304902733113
381.186 32.52458048785589
382.345 23.053428951680527
383.346 32.40911425276938
384.356 27.823863236854553
385.365 37.74383293448199
386.366 27.983556174226134
387.566 28.370551877668067
388.576 36.77543903002967
389.578 31.089478349800757
390.586 33.588038211793545
391.596 37.515732238208955
392.597 35.136998106835236
393.605 25.137908223743032
394.625 19.35981786611834
395.635 13.141944284534501
396.725 13.803068046106793
397.726 12.689209255008317
398.735 28.72939655184244
399.745 31.65480827892859
400.746 27.004505096855485
401.755 25.55904129727253
402.765 23.188480987280236
403.776 24.182674853338813
404.785 19.72415700948169
406.148 22.610821474689114
407.155 26.146328001920175
408.185 8.989311249729756
409.205 13.828441332938603
410.215 13.320173452790707
411.225 17.643342869082577
412.235 11.405041218152551
413.245 19.012655611102836
414.246 29.7636334354941
415.256 39.27824599255142
416.32 22.830791298503225
417.335 22.46610813608155
418.345 13.176232277373723
419.355 15.827404139485775
420.357 20.759247219010625
421.365 37.359678147505875
422.375 25.877594790394426
423.385 31.887564222277625
424.387 17.12684201015598
425.418 12.362148559340337
426.567 14.985034320151017
427.597 11.442685821506467
428.697 8.337434511868825
429.767 18.72400205027917
430.777 18.0814616949691
431.787 17.055838284301757
432.807 12.05709347506181
433.817 8.379213956204671
434.887 3.4833508519899956
435.917 9.186682356057544
436.936 8.766607557485173
437.937 10.726643602538415
438.952 8.435964686898807
439.967 13.367144719204159
441.037 10.106393572299112
442.176 4.741041944298334
443.707 3.992273722506159
444.727 7.8169105868194535
445.737 16.77867495716928
446.956 16.85698899825633
447.966 15.892480806676511
448.987 8.434526671489733
450.017 9.665511667245866
451.026 12.283402203515442
452.076 9.489753424009178
453.146 8.129055699470124
454.156 11.570420440972521
455.166 9.352092964522813
456.176 10.008505558788686
457.286 3.406085125936577
458.327 6.7812548844189235
459.387 9.294202531930717
460.427 17.567647126141114
461.428 25.963136723160332
462.556 26.5679775069055
463.597 30.051356546511567
464.607 28.18099388357243
465.728 26.90970959799403
466.736 26.997172037315256
467.737 28.877285774056375
468.738 32.81494920764725
469.739 44.74914064078195
470.827 39.726759193948844
471.828 53.438369165896376
472.836 50.36958089811553
474.897 17.54074616914421
476.046 13.08876058973776
477.047 5.871216350158994
478.057 13.732600650439979
479.217 12.682699752844293
480.218 22.42512801666118
481.227 20.116385220665034
482.237 23.674069775399193
483.247 24.32878093732706
484.457 18.233429131330755
485.466 36.26535568692265
486.526 22.70538174784645
487.527 23.613448472077934
488.547 21.895032110561306
489.557 11.27958410684243
490.566 21.68614962466956
491.567 31.057532781308744
492.627 27.725353514884088
493.636 17.47399672894515
494.637 14.964048081201062
495.646 24.405178452855278
496.666 7.605642733114084
497.697 8.857750794001364
498.916 16.275480182875295
499.936 24.454338303180315
500.945 10.495297996351454
501.955 23.839278854794184
502.965 33.91005683703348
503.966 33.92670350820273
505.025 40.72004585721871
506.036 48.55275364271048
507.085 45.505253798428086
508.096 55.251884454548716
509.276 38.05951577964805
510.277 40.09388409786968
511.285 37.11008593290143
512.286 31.318304057214696
513.295 26.668963682138386
514.385 27.966063956200976
515.546 29.605831206598
516.575 31.221620630539253
517.576 23.015168092583732
518.596 21.701622624052504
519.615 27.222623467959927
520.625 12.52271211806742
521.645 25.582616465899896
522.655 16.455743100271263
523.656 23.015168092583732
524.665 24.255814952699797
525.676 21.15984049660165
526.696 17.746499710606688
527.705 13.600764432547795
528.715 26.99968941452558
529.716 23.560916536432728
530.725 34.94799345793326
531.726 23.921944839914765
532.855 11.4522521225108
533.856 15.030313856382966
534.865 15.247169173082595
535.875 22.34457054990776
537.085 16.514130352160066
538.096 29.29824068762872
539.105 17.38918142317553
540.115 12.568820934296264
541.125 20.01701111759885
542.365 2.4645851085338433
543.385 6.222798599824519
544.415 7.760037951882343
545.455 5.763736181249114
546.725 5.12164759128055
547.726 6.575762312172918
548.755 4.830187818923492
549.785 6.618855900139362
550.845 4.963068486182072
551.855 6.517166410379023
552.865 7.680946126522737
553.875 6.008608285879616
555.135 6.329884622114519
556.146 7.673348751520785
557.175 5.9225454071266705
558.285 6.99527104399843
559.305 4.723875079606875
560.315 9.310237729106753
561.345 5.787494765079796
562.355 6.749922353599174
563.575 4.566278993638485
564.618 5.860183191916876
565.816 4.467530978987704
566.845 5.939913575471166
567.895 2.4627795516678765
569.215 2.405695134269263
570.626 4.331800899477849
572.004 3.3478533345704617
573.033 7.082204647686247
574.176 3.4738782549175435
575.213 6.800872786697102
576.303 4.38866051260617
577.332 7.767579291002407
578.443 4.3852098261803345
579.472 8.681412148778767
580.513 5.008752013714071
581.553 6.555213054939724
582.592 5.142273821820815
583.602 6.517166410379023
584.622 5.468366822434925
585.633 5.795125649791557
586.653 7.836116755336172
587.663 5.963009899345727
588.763 4.9166321077281925
589.782 9.228007955258857
590.812 5.911623339114561
591.972 5.996638122709125
593.163 6.118882101148334
594.182 7.950724836591006
595.192 7.7789486289210465
596.212 5.951722063464037
597.343 4.522507934734972
598.372 9.595245006533649
599.402 5.901446130774805
600.442 6.555213054939724
601.452 7.260181910436584
602.532 5.766502341826976
603.542 7.913702069742888
604.572 6.093645213162995
605.743 6.022634568584763
606.772 7.948776047346554
607.792 7.836116755336172
608.812 5.122824264269497
610.003 6.316265394721292
611.012 7.433431396019535
612.123 7.194274608855219
613.142 6.068865538854286
614.282 6.119177507821005
615.992 4.124271976492722
617.003 3.445222085870844
618.004 2.8181838480771764
619.081 3.0558672583459745
620.082 2.583335194072535
621.14 2.4441574000614534
622.26 2.5187518142121292
623.336 2.403270008602666
624.436 2.3508350266008513
625.459 2.5277795984990035
626.488 12.013929450802339
627.699 16.711645407630442
628.709 20.5444551409835
629.759 27.137545943684596
630.859 31.977948948017506
631.949 35.67085354954922
632.95 48.8552152799879
634.089 48.068076069523556
635.099 50.40357173518263
636.1 42.8425403839005
637.219 43.08110447718034
638.22 61.09498464020958
639.229 36.058937713881534
640.239 53.343987093938914
641.241 66.2612107686941
642.389 58.68989311793268
643.4 77.04250195840955
644.409 83.73569888651562
645.599 61.594038029913065
646.601 73.88719769074427
647.678 66.17391833336738
648.68 84.50349959082176
649.681 75.15345768487931
650.682 72.02471739290056
651.689 69.3525479887127
652.709 67.98090736996281
653.71 67.25169317705394
654.711 75.4262460702859
655.728 61.605721246302295
656.734 55.215945905982466
657.768 44.91378051973521
658.769 42.27275772105024
659.77 43.71223576494428
660.778 45.313801725768265
661.779 40.939716932733226
662.789 44.01945733320152
663.799 35.57201594043842
664.8 14.676839164436679
665.801 47.020030988181745
666.808 62.18421926291051
667.809 62.65720887357333
668.818 58.950554676174924
669.828 54.10177605176603
670.839 32.9486225276944
672.079 11.943758602899736
673.117 12.229777595024142
674.118 26.068200594665548
675.14 32.53850160059457
676.163 103.55950847789812
677.178 29.414389002762526
678.183 31.89778974588361
679.213 44.23865632972401
680.214 29.35608175068756
681.228 27.024397302422162
682.233 47.025079028128296
683.235 41.69239712371622
684.243 50.336507619196695
685.253 37.888005632801644
686.263 36.030836257074284
687.423 35.55510575664424
688.432 37.97681955759933
689.433 24.997304466326298
690.434 55.39784470449468
691.443 57.95184593521475
692.444 54.678019846137154
693.453 46.169501220807625
694.463 55.39591448828614
695.474 31.75845798848205
696.502 28.612889807615872
697.503 15.73485981839689
698.542 14.933119514508425
699.562 12.445597199649038
700.572 5.304895872741851
701.582 29.327248846727088
702.591 21.66775594389714
703.593 14.780699269042252
704.602 16.399328898936066
705.603 36.1666927168866
706.622 23.46986650483299
707.682 28.25693715522205
708.703 20.03160110816061
709.713 13.96535659366013
710.722 26.298535388876513
711.723 31.939416944888983
712.732 15.961797733260072
714.502 2.7891263027551467
715.512 10.25141141430561
716.523 23.717623413682162
717.532 18.630414251261783
718.542 20.249767060819003
719.553 17.488891688647843
720.582 18.73357358418986
721.772 13.99378767094041
722.773 22.78031943864353
723.972 13.432978558415336
724.988 15.039791016640152
725.989 13.151524624345836
727.032 7.0738052508386335
728.052 26.734986577117738
729.062 12.099225610253349
730.072 22.862826838632827
731.092 5.490437068705936
732.102 20.87589415955005
733.103 23.432848483926406
734.112 23.915702170221284
735.122 28.882324291445588
736.132 30.239897150374443
737.133 27.338752413622238
738.152 30.511450426089848
739.163 24.463813406263526
740.171 23.327572405310036
741.192 27.5633121216753
742.212 31.80476764444778
743.282 31.1970339343747
744.423 37.667115726226335
745.692 36.207224182964964
746.802 39.14760817856611
747.803 47.18861386683263
748.812 41.02080341276447
749.822 31.78343656330355
750.922 33.337865143316165
752.083 38.281248558102256
753.084 36.177508115566056
754.591 16.4859128713121
755.592 38.13080342637822
756.762 46.51893850471162
757.763 44.299185726866355
758.764 46.939173008498805
759.772 46.643552115126944
760.782 40.344703779373795
761.783 53.0757958053067
762.792 31.387624046435366
763.802 47.94772430498355
764.803 42.1891529736533
765.812 49.393164087126415
766.961 37.01614861405649
767.963 45.56063887707226
768.971 38.721819892329556
769.972 52.136401189331096
770.973 49.91958783468416
771.974 44.56630890359428
772.982 42.225152476381695
773.992 48.645992134601045
775.111 17.506195411096954
776.122 30.460869286340735
777.123 31.8654258849207
778.131 28.222076722712103
779.151 20.512187977207297
780.162 24.152249338770385
781.171 54.178757011940334
782.172 39.22521875482607
783.181 40.11345481901347
784.183 30.7018845927681
785.201 38.56477892370294
786.202 32.01254963967813
787.211 44.50044500295132
788.213 33.19760830827339
789.223 47.24945647515126
790.231 35.21741617426988
791.401 41.901898277469975
792.412 56.27122417783341
793.413 51.599579741197054
794.421 48.1736174668523
795.422 52.01520005653942
796.551 39.547104551657625
797.552 50.96215791941529
798.561 40.958357758570585
799.562 37.93509621472559
800.563 51.79631699084985
801.571 37.23965965077748
802.572 46.73488214720287
803.581 29.55608913236843
804.701 45.34366996527033
805.702 66.22732042960958
806.703 64.22904679479535
807.704 45.85334132969428
808.705 81.93162245546961
809.722 68.23821565901656
810.723 55.19904737905638
811.724 76.24907472414833
812.725 77.30743872430908
813.731 93.94328948302741
814.732 76.98864197668547
815.733 73.52513934926209
816.741 50.132612559556605
817.751 70.12368291064847
818.761 64.42201301765527
819.771 56.09418231790362
820.772 52.79854392225744
821.781 55.085837972875744
822.782 67.44568365877791
823.783 69.29906528808566
824.851 60.349175595460785
825.853 80.46673680871729
826.862 65.93146746302398
827.871 72.20762977743425
828.881 52.74372176678417
829.882 49.07358332678479
830.891 76.06519338272687
833.23 21.306020181531327
834.231 134.6103386287924
835.251 42.687562758041295
836.38 51.4901767130495
837.49 61.33972119454109
838.591 65.18906321981241
839.592 86.89400198214689
840.602 42.27856122193842
841.611 43.98882817883775
842.613 54.19589731980012
843.62 45.084736451424334
844.622 43.49385058501942
845.631 52.93411794676946
846.632 53.857594614131884
847.633 49.053325913497694
848.642 59.41158887837914
849.651 49.984146237631265
850.66 45.09449276713305
851.661 52.37124984327129
852.671 42.909613022093026
853.681 49.34425996421853
854.8 39.69903560100683
855.801 54.25003907543731
856.81 48.41455214569577
857.811 49.45624242741092
858.812 46.18861868446119
859.92 39.330249934172464
861.071 43.01297363199525
862.073 58.0284449686863
863.08 71.25939237242234
864.081 59.28864141090421
865.221 59.08381384563723
866.28 62.73125423989287
867.44 55.220653757073485
868.441 57.26255675115975
869.59 52.49039433674116
870.601 63.339320969676834
871.611 80.10479540881894
872.612 67.34079146030851
873.621 45.33735747788166
874.67 32.973370976302235
875.68 46.45846058342408
876.681 54.484887729377505
877.682 52.057946631720135
878.691 47.37735292464845
879.701 64.35225429203344
880.88 48.54021499560458
881.881 60.346490391957474
882.882 65.11642449401843
883.89 68.6425674969077
884.891 71.90643470107354
885.893 83.7380876717182
886.901 73.88024970330859
887.91 49.47065598294932
888.911 52.7123640797527
889.921 51.72184150721317
890.96 47.298797030452945
892.05 54.95513580843328
893.052 64.2879126414889
894.151 55.7483484697119
895.16 69.22018945950613
896.161 74.06247581628881
897.35 47.912865405113216
898.351 66.09478887946058
899.52 58.822032160902864
900.639 55.247676093821966
901.7 61.474997385396755
902.73 57.98689694259972
903.731 59.46872638037787
904.74 73.36047075076908
905.75 63.41425464639733
906.77 45.998942075659095
907.772 40.0998326869943
908.774 41.15130937893004
909.98 50.81187429976681
911.17 63.17919676534729
912.18 59.818277409554916
913.19 42.45975431305065
914.2 67.88868139715315
915.201 67.16671504579999
916.202 59.026840097212904
917.209 63.492081743284345
918.23 47.16757375264673
919.32 61.30136332247154
920.329 53.640084932299324
921.33 35.62266100318107
922.419 40.45592683284895
923.42 62.234893311552156
924.421 48.76216851798331
925.43 48.4496363884835
926.44 64.38560236560913
927.45 46.332044160931716
928.451 64.34853119765837
929.459 37.18698107771618
930.46 44.017126999887964
931.659 37.9881337195253
932.66 46.50003349326266
933.669 43.91014409990635
934.681 53.088115208691995
935.689 57.46618595614692
936.76 68.93056977022901
937.761 76.56066120598564
940.049 19.431140294552534
941.051 129.14401029050515
942.149 45.98519431831552
943.15 56.128828307388524
944.16 39.38917938079158
945.368 42.22485186077499
946.4 30.05183546041037
947.409 53.58692330216432
948.41 38.81114349637654
949.411 78.20460178399664
950.412 61.31712949272065
951.419 46.93697279832896
952.479 52.70605590716877
953.48 72.56823408792822
954.481 50.56610832521672
955.501 51.50145843328027
956.509 65.53419072177161
957.519 35.500896068877445
958.529 46.31843270239954
959.539 39.9723636089513
960.541 52.606098497426295
961.549 48.90804883567187
962.55 49.78791464928468
963.559 40.67217503735963
964.56 49.582937096060235
965.569 66.00062624283052
966.57 43.08168086266236
967.579 47.12903823422077
968.58 53.7803417673421
969.589 42.95282114068413
970.59 49.79340818514232
971.599 58.152473305169075
972.6 56.36522201843636
973.601 48.96182420838595
974.609 39.62059477077738
975.698 44.736631391357825
976.849 50.0217277466481
977.852 62.40739691367667
978.859 53.76553714532761
979.86 56.862043659318495
980.869 47.21193516611329
981.989 59.00562775299966
983.003 71.6378721123979
984.009 69.0217092053049
985.02 61.35398484847398
986.029 51.60806981282767
987.03 54.768319840427715
988.249 56.481775023891345
989.459 60.249449891828874
990.46 74.19071554183095
991.461 69.9848988937268
992.469 52.966685696702484
993.47 51.15529003617493
994.471 58.712163501589934
995.479 50.967457130747306
996.481 63.74785390685697
997.489 82.09265172247736
998.499 70.7989814037781
999.5 74.94573336372605
1000.501 65.13616688819803
1001.509 46.44016849786243
1002.609 35.74306557322398
1003.619 48.33735230933366
1004.62 52.217602514870876
1005.63 73.08536617357609
1006.639 67.54687544529406
1007.668 62.008870050812746
1008.669 64.58337985159856
1009.67 58.712163501589934
1010.689 43.73936279590727
1011.698 59.93696446799075
1012.699 51.150139846388946
1013.7 80.78793697819806
1014.701 63.607933907121065
1015.709 65.30097296113476
1016.71 39.92427118100383
1017.718 50.89875336060216
1018.858 44.69830495461815
1019.859 70.454596201822
1020.86 70.83674028355546
1021.861 68.67898243841152
1023.048 54.76690943177827
1024.049 58.457744126291146
1025.058 51.71655846710863
1026.068 45.80000627027098
1027.078 50.27834631544072
1028.178 39.27791034640962
1029.179 58.12950536427471
1030.18 45.498493253783586
1031.181 43.85781446259408
1032.188 43.014579907691015
1033.198 44.77676486497565
1034.199 52.95167623155038
1035.2 41.97250165678506
1036.207 40.84118004469878
1037.218 39.70920584433192
1038.22 44.86775040219832
1039.228 46.023342895181784
1040.239 45.58999886449497
1041.248 36.47194397177504
1042.259 41.98092093507239
1043.268 33.73332927970841
1044.319 31.691197561875757
1045.32 39.92427118100383
1046.328 37.515327135460566
1047.329 53.0757958053067
1048.338 45.91593997912729
1049.339 37.62934661460278
1050.34 57.53792023145933
1051.347 44.455549477790505
1052.348 46.839774345672254
1053.358 54.75185641732137
1054.359 46.26775993400066
1055.367 56.67191581993401
1056.368 46.26518483910766
1058.907 7.23141845635927
1060.339 94.81265422118685
1061.348 34.4820202116986
1062.358 40.31458842702766
1063.359 45.768363198440326
1064.368 45.494725635744466
1065.369 40.93336503212606
1066.378 50.32511057938093
1067.388 41.55595345757809
1068.398 38.82855742691254
1069.399 40.628817143039235
1070.408 34.66505832036738
1071.417 29.194347926779873
1072.418 41.33336310507464
1073.419 42.016964961894445
1074.427 42.13075435176959
1075.447 39.455636426067585
1076.448 36.1666927168866
1077.747 2.3526447533420733
1078.775 19.68566818769557
1079.777 47.86131191884031
1080.968 44.09655321793289
1081.97 53.02282594930769
1082.978 47.138628413943586
1084.077 42.12930689362502
1085.197 45.67477781231538
1086.297 43.32719555971292
1087.387 40.31869996166273
1088.537 38.366637781965224
1089.708 37.994987658738324
1090.717 47.10400239087559
1091.718 40.52186486856953
1092.74 46.642543242375034
1093.747 60.757167685494984
1094.751 50.17727310045506
1095.757 47.73831147208456
1096.758 58.242466193494735
1097.517 40.967632454256616
