0.0 28.238248472949213
1.009 31.203088025874102
2.01 48.171129747942395
3.019 38.52710305957547
4.02 33.113536794342274
5.029 40.28208268535753
6.03 41.78803142321353
7.049 33.61642787687716
8.05 40.31152169921499
9.051 40.419453696528024
10.059 38.198760345803755
11.061 39.71815207898751
12.068 41.72251016271923
13.069 23.99328301624239
14.079 37.3914428829087
15.08 46.32549259285982
16.089 37.42850080455403
17.099 25.684621229033745
18.109 38.41300855162948
19.11 34.95917394942486
20.119 39.99190606621446
21.126 37.24319829467169
22.129 39.49435703284283
23.13 37.91219339759075
24.14 43.244853709846176
25.149 44.31029095382576
26.159 41.41566282649152
27.169 33.915980204467324
28.17 41.71139970506895
29.179 33.949593663427706
30.189 34.28181838117202
31.19 38.2046891103614
32.209 35.610368918756045
33.21 41.23474502176372
34.219 38.52710305957547
35.23 42.760729316155924
36.249 40.32465783886009
37.259 39.952310119672745
38.26 41.60346770775592
39.268 41.78830125327477
40.269 35.881992526881746
41.274 40.15107783164625
42.289 43.32028616299794
43.3 39.181839865447756
44.309 43.65391358306514
45.31 34.95917394942486
46.319 39.18348043033609
47.321 43.95888104325997
48.339 43.26797525089354
49.34 39.20413940613168
50.348 39.22235293070674
51.349 30.714208492718036
52.359 36.293928352794616
53.36 40.60401741198564
54.369 36.51299892525695
55.378 32.850991408406266
56.379 32.48321392965604
57.389 22.574996727297066
58.399 27.620782339600666
59.408 26.442478254001973
60.409 34.69797851582266
61.41 30.34508106163399
62.418 39.22235293070674
63.429 42.65386489548511
64.439 44.89112550493289
65.459 43.54538761159378
66.469 44.70820641649614
67.478 46.262826248334676
68.479 39.63532773559897
69.48 42.15715885429757
70.488 41.8644008067358
71.489 42.15715885429757
72.498 42.52142934546117
73.499 37.91219339759075
74.508 37.794701556171574
75.509 40.78858112761206
76.519 39.40355285470011
77.528 44.38631508646904
78.529 44.74105087137943
79.53 43.07997743175446
80.539 41.9299860678897
81.548 38.52710305957547
82.549 39.388703121589295
83.558 39.91588193357117
84.559 37.54306596650671
85.568 36.33003239479908
86.569 35.98992452436358
87.578 34.681995166831605
88.588 28.245488465797788
89.598 31.462083194746736
90.599 32.74440936325823
91.6 35.251669662364314
92.608 35.26624797722694
93.618 41.96442009146415
94.619 41.418903992298304
95.628 41.56378531627216
96.638 38.12311923631808
97.648 33.18430385105794
98.658 37.86425128665685
99.668 24.952944875624357
100.669 36.54361567090524
101.678 34.86509554272479
102.688 38.48895741302278
103.689 37.09730681744689
104.698 33.21719216019262
105.708 30.257598437589202
106.709 36.54361567090524
107.718 37.42850080455403
108.769 31.713985357068957
109.778 34.97217178580587
110.779 32.190718216716576
111.788 35.155272161699045
112.798 31.35511296770328
113.808 34.46473746943996
114.818 37.31549402168421
115.828 21.660401285619738
116.838 20.48693789428117
117.848 21.21861424769056
118.858 15.624071370262389
119.868 29.084135046250633
120.878 24.586972986170885
121.889 42.577991156618076
122.898 34.49889479093843
123.9 34.92428455426053
124.908 38.48922483852033
125.928 32.85896753874136
126.938 34.28181838117202
127.948 34.022950431510786
128.958 34.83057564614466
129.959 36.62024738904982
130.967 37.57281472324512
131.968 31.267899639259692
132.978 34.205869519778716
133.988 32.635546586085304
134.998 32.635546586085304
136.008 35.303384049892806
137.028 32.49671601083947
138.067 33.1471494568458
139.078 33.98929766154684
140.079 27.02293418255287
141.087 27.492303456061833
142.097 22.574996727297066
143.098 26.39261131786663
144.107 27.724180884916596
145.108 28.422812188406827
146.109 29.05313505309307
147.123 31.52016992687732
148.128 29.121329818360625
149.138 33.84003134324284
150.148 30.074679349321258
151.149 31.006704205657492
152.158 28.82278313993804
153.177 31.577800181865687
154.188 26.204892513026834
155.199 27.227985761178807
156.207 14.374642934246381
157.228 20.085268358393808
158.237 17.94811988234562
159.238 11.5153997148217
160.247 18.126937208360246
161.258 16.263696192892148
162.377 11.790738315302761
163.537 26.89257105361007
164.547 20.66985698254911
165.557 15.258233193591456
166.567 17.37731339237568
167.587 19.923834034097304
168.597 17.819100430304857
169.617 18.112576394587876
170.627 13.718931625615719
171.717 13.290893696698964
172.727 14.084769802286651
173.737 16.828556127419926
174.739 15.856638735876935
175.747 10.523174866737524
176.757 11.523902565505725
177.767 12.072659830545884
178.787 14.308935351736237
179.807 12.678803476211511
180.808 8.197435200541712
181.817 8.239516912897159
182.827 5.487572650249664
183.837 6.585087180296221
184.844 35.67248869586218
185.854 27.986620516305365
186.855 30.714208492718036
187.864 32.77496727576299
188.874 26.965054847415768
189.884 29.81581139966002
190.894 26.416297582443132
191.904 34.38878860821547
192.914 28.428407554234543
193.915 28.499443906551413
194.934 28.102044435662403
195.944 25.8675403174705
196.954 26.523267809486587
198.074 24.811562708536826
199.084 31.279164106309985
200.085 28.13031647563618
201.094 28.746759007294756
202.113 21.2877890276267
203.134 19.904319994909613
204.143 19.042439087657325
205.154 15.608617293742855
206.164 12.255578918881351
207.186 10.123193382191026
208.204 8.529635681300398
209.224 6.520527502048258
210.273 5.811909641972577
211.313 6.395132742404197
212.344 4.375040786860014
213.346 7.190801287191761
214.353 5.687384961237072
215.393 6.217490166227709
216.397 8.096538133353976
217.403 8.81502723935299
218.433 10.223933898845853
219.453 7.2450305578351495
220.474 9.846342240930506
221.493 10.334300211788298
222.523 7.174690455338123
223.543 8.150659377572984
224.573 6.636588671193672
225.583 7.865520798678244
226.593 5.746440599826498
227.603 7.499682622007312
228.643 6.9280604709336595
229.653 7.6826017103427775
230.683 8.60962854639562
231.703 7.063904793901088
232.723 7.607282085737036
233.743 7.2450305578351495
234.753 9.221769565535975
235.773 9.780791253080828
236.793 11.9543004204415
237.803 9.51179259376496
238.823 11.410923128588673
239.833 9.770660543341792
240.853 8.875162433359876
241.863 8.231358975366057
242.873 8.414278063701522
243.893 7.607282085737036
244.913 6.701653265999202
246.013 7.79557199472474
247.033 10.686420072818661
248.053 10.143042780982714
249.103 11.260847495615216
250.113 9.877630770435891
251.133 5.97715021021231
252.143 6.843955129873054
253.144 16.24160696482802
254.153 22.155145476997287
255.154 24.4390421653022
256.163 34.78907141008151
257.173 29.34300299591187
258.174 34.328851084738616
259.193 24.00734171492164
260.203 25.60867236780926
261.213 18.733695872151
262.223 18.108989745785067
263.244 17.190094540958547
264.263 9.865667740920426
265.303 5.862205013874734
266.313 6.768006268631686
267.323 10.243468947123702
268.333 12.987255272240096
269.583 10.70286756323699
270.593 10.609307123811515
271.603 13.901850713951186
272.633 13.990646387907653
273.643 15.18228433235009
274.663 18.550032187038884
275.683 15.576815699359075
276.703 20.904667118316738
277.713 22.49904786607258
278.723 23.779481484454603
279.724 20.563204139679424
280.733 23.436848107743092
281.734 23.88535101892936
282.743 22.52134622861483
283.763 29.05532649585596
284.773 24.51115783769518
285.793 18.655953686356295
286.801 14.738259462418492
287.813 11.683685642685342
288.823 14.267688890638999
289.833 10.060549858788237
290.853 9.961917017031771
291.863 5.3810035615031815
292.903 5.3292772853283905
293.993 2.5424075122666
295.043 2.1114089054225778
296.074 4.838218757584401
297.084 6.768006268631686
298.174 4.915321190389972
299.194 12.147335336674098
300.315 10.451248832308405
301.325 18.47482792248976
302.344 14.322977486526932
303.354 12.621417095569164
304.374 11.486127393154678
305.375 21.22482728353411
306.395 17.3880733387841
307.435 13.396951242039357
308.436 15.318788387286727
309.454 8.892598901793837
310.485 5.5549919068624165
311.494 4.2113086443782874
312.514 3.984766806819461
313.536 3.434654897524576
314.604 2.594779202604653
315.624 2.5357606952456786
316.714 1.6949383415166939
317.784 2.244605261605699
318.793 15.212407912369972
319.803 20.121099717576474
320.873 18.37398224067927
321.883 23.96240057272254
322.893 18.108989745785067
323.903 21.84332037388768
324.92 26.159048385758982
325.923 22.548353355158454
326.933 28.169539604573302
328.003 22.172418776321624
329.013 26.340348721218646
330.014 23.808719300784777
331.023 20.400165851215224
332.033 19.02358518746239
333.058 17.843980139729425
334.063 15.517973935077642
335.073 15.731041597373368
336.082 17.577636080849523
337.085 17.20667828286142
338.103 15.607418480694566
339.113 15.54812250902102
340.122 18.3860617168967
341.133 23.75596073114146
342.144 25.58334232584465
343.145 18.902130700054457
344.152 20.731435503918075
345.153 20.932331570763463
346.154 25.28522902478332
347.163 23.07064735612555
348.172 14.907154575888553
349.182 19.755261540871782
350.193 19.735721222828207
351.203 18.91661496041894
352.212 26.915755248869417
353.232 11.773174656490557
354.252 8.769240933974938
355.262 12.072659830545884
356.263 18.825498981909874
357.272 16.921258710088907
358.282 21.950290600931133
359.303 20.447165085699826
360.312 19.118463220300605
361.323 17.90833962812502
362.332 11.718424053905311
363.342 12.255578918881351
364.343 13.365219234806707
365.352 20.873442846082668
366.362 21.21861424769056
367.372 19.83121040209627
368.382 30.913325929774103
369.393 23.64909631047065
370.402 26.732654872976237
371.412 20.379967667068904
372.432 19.018205214258185
373.442 17.926070657517123
374.443 12.257836941757157
375.452 12.63392593311798
376.485 7.690393036471102
377.512 6.296192573387669
378.552 7.993915927992585
379.562 17.47484288747818
380.572 6.036329915272942
381.592 6.339401738114196
382.612 9.23741396124488
383.642 6.636588671193672
384.672 5.7397523642637465
385.692 6.339401738114196
386.752 5.925888201550771
387.761 5.065107838447324
388.801 1.9099174052720909
389.802 4.060401741198564
390.822 6.158275974163254
391.852 7.174690455338123
392.892 6.9280604709336595
393.922 7.174690455338123
394.937 7.280720363541265
395.951 6.923505533086444
396.973 5.78468193268541
397.993 2.9732164876966896
399.022 6.104413502084941
400.031 7.140914657841954
401.041 7.3167635336549655
402.051 6.950925356984033
403.061 7.133844445319499
404.071 6.957343570596512
405.081 5.298235348284838
406.091 4.207139031850761
407.111 2.9732164876966896
408.121 4.390058120203108
409.182 3.6566577414988632
410.294 2.159827005324247
411.321 1.7989121638202252
412.372 1.9336166236673134
413.422 1.7595074211967356
414.502 2.394885101069115
415.552 2.9911626160293863
416.562 2.5608672367809255
417.572 2.1950290600931135
418.642 3.4532388640243505
419.702 2.788653271316024
420.742 3.5528515235635143
421.753 2.5583342325844654
422.792 2.311576159702968
423.812 3.984766806819461
424.833 3.15125278813257
425.862 4.488539339769331
426.882 4.165892570753523
427.922 3.730494099740002
428.952 3.2286107049004675
429.973 3.618967271794075
430.982 5.493011275276028
432.002 5.614898682327305
433.022 5.252647154425419
434.052 5.036968357676619
435.062 5.472596818453452
436.082 4.890395626540414
437.122 2.738396671365696
438.202 3.7633908730941386
439.262 1.7429082945767354
440.272 3.29254359013967
441.332 3.660107418612832
442.362 3.766712489044918
443.832 7.540746090811802
444.882 4.222817810862037
445.895 3.1004153473070852
446.932 3.206816804287136
447.982 2.639261131786663
448.983 2.214764586115981
450.102 1.7195631296643892
451.112 9.145954417077148
452.122 9.145954417077148
453.132 13.35309344892791
454.142 15.18228433235009
455.143 10.412199786657693
456.152 15.014230819070928
457.154 18.43795201841444
458.172 14.51852881924801
459.182 12.148608691787253
460.192 25.60867236780926
461.202 24.952944875624357
462.212 24.145319661159295
463.213 24.546974162784046
464.232 21.469092540135538
465.234 22.125542422063567
466.242 18.40430185744599
467.253 16.629172511832785
468.255 21.388024341401266
469.261 24.31757575298706
470.262 30.083885628031798
471.272 24.22126852238378
472.281 27.281956000486957
473.282 22.039713863677964
474.294 23.54992887348673
475.302 25.109637156582618
476.311 17.104359085982082
477.333 15.004018762878514
478.351 6.170374748185891
479.372 4.5237090897383725
480.402 8.788995807788357
481.431 5.460793709033718
482.451 7.9695336136220405
483.471 6.158275974163254
484.481 4.572977208538574
485.511 6.636588671193672
486.531 9.780791253080828
487.541 11.345262286262127
488.561 11.844142061083868
489.583 15.365561383677683
490.592 16.112833074126133
491.601 16.295933449968665
492.611 11.416932338411627
493.621 12.255578918881351
494.622 11.812077792596057
495.641 9.065175624378364
496.689 5.361790769662287
497.69 4.060401741198564
498.7 19.755261540871782
499.71 18.47482792248976
500.73 13.65963656051535
502.034 1.696823430611221
503.04 34.529819176402924
504.049 12.450825557275447
505.06 9.943734350146089
506.07 19.389423364167087
507.079 22.887546980232376
508.08 15.58011873591954
509.089 18.126937208360246
510.402 13.78928512113066
511.43 22.718863358148376
512.44 23.047805131045216
513.52 17.690538064819037
514.53 21.950290600931133
515.54 19.57234245260384
516.56 22.353673229924283
517.569 29.66226088642302
518.579 25.13586396406111
519.58 31.92952278311438
520.589 26.442478254001973
521.59 25.46979274024093
522.599 20.217065475322045
523.6 34.144287369281
524.609 31.752389153384822
525.632 33.22940701601237
526.639 28.51309993028515
527.709 31.496163709140102
528.71 36.54361567090524
529.719 35.048195918617964
530.72 30.822140490031064
531.74 31.409961427133815
532.749 33.949593663427706
533.75 34.69797851582266
534.76 21.660401285619738
535.769 15.380431570755995
536.779 27.986620516305365
537.789 23.85543034567909
538.799 16.64563703906758
539.829 14.887482694820697
540.859 5.993593751720577
541.87 23.75596073114146
542.909 30.12431909419756
543.919 36.94965584497952
544.92 29.23769876855068
545.929 33.324268403273706
546.93 32.190718216716576
547.939 32.40876652414544
548.94 28.86857133763545
549.949 28.82278313993804
550.95 31.375831636572723
551.959 29.555184643341935
552.969 38.0471703750936
553.979 35.196413822849344
554.98 34.95917394942486
555.989 35.88767366510295
556.999 33.733061116030576
558.029 33.25741748203246
559.04 37.27858453204635
560.049 28.82278313993804
561.059 34.205869519778716
562.069 26.416297582443132
563.07 26.946302464408287
564.089 20.018664440233646
565.1 19.18750674438349
566.109 19.22553946338169
567.119 15.806990458614736
568.139 17.931450630721336
569.149 19.206504275899146
570.189 19.25915625588033
571.199 15.731041597373368
572.2 16.057043249319758
573.209 12.526849689935608
574.219 13.901850713951186
575.229 17.37731339237568
576.339 20.874093020755318
577.34 27.315429895323515
578.459 24.998836919444948
579.469 32.925435901396696
580.479 31.172193879266526
581.5 18.456733086191985
582.509 19.591740215168045
583.518 23.329771864662007
584.519 31.744959067656765
585.529 17.27034316533222
586.538 13.915628564015721
587.539 16.610734395844535
588.549 16.538666811973478
589.559 19.755261540871782
590.569 22.86488604260846
591.579 20.197048578800963
592.589 22.31612877763583
593.598 19.957940966785586
594.619 10.027290604532872
595.628 7.140914657841954
596.66 6.265687764415783
597.678 9.074080512032118
598.679 17.902680404452987
599.738 6.701740283671047
600.748 17.0114752158398
601.758 21.56412808117934
602.802 15.13490389899585
603.819 14.169484542315658
604.839 14.127809587785293
605.849 10.975145300482447
606.884 13.923058724190042
607.888 6.884855260130923
608.908 12.316551948326508
609.938 10.582668421614448
610.948 8.597197152053868
611.978 8.60962854639562
612.988 9.221903278318514
613.998 12.255578918881351
615.018 9.780791253080828
616.028 8.414278063701522
617.058 6.09848688703234
618.068 3.8413008551629484
619.083 7.826774390814458
620.088 10.738416462591971
621.108 10.867545836752724
622.168 5.579345031865787
623.178 4.938815385226387
624.188 2.5608672367809255
625.258 2.0719433184078575
626.318 19.765191607260846
627.319 36.54361567090524
628.328 34.315794415214064
629.398 36.848683948391354
630.518 34.8052561753807
631.528 12.621417095569164
632.538 17.636181342036917
633.598 9.934577279082328
634.608 33.18430385105794
635.618 36.03506040330219
636.619 32.375281932343
637.739 34.70879195280011
638.758 42.60632543451248
639.76 41.74632680110426
640.768 41.681118783646994
641.769 39.75783055267333
642.77 40.78858112761206
643.778 42.0476828296558
644.779 45.11017830246347
645.788 41.45670907302225
646.798 41.33971396509822
647.808 42.14733917973209
648.81 30.867935110195845
649.878 42.280232659866485
650.888 45.72977208538573
651.889 43.07997743175446
652.898 39.44260493870374
653.988 33.799523729948795
654.989 41.15770855852729
655.998 35.048195918617964
656.999 35.51286509596651
658.0 43.00334571360988
659.008 43.88050306020622
660.009 44.74105087137943
661.069 32.83496532725977
662.078 45.23007588283258
663.088 35.013494734412596
664.123 39.165779227223425
665.128 46.95275577332994
666.129 49.27851204102571
667.139 37.20852379464076
668.159 42.820884555790016
669.16 38.28132082850598
670.168 45.27065969094919
671.179 42.28838857640942
672.19 44.66398464955733
673.198 42.0476828296558
674.208 41.41566282649152
675.217 40.64828343697508
676.22 31.758137962584602
677.228 35.26624797722694
678.239 33.806559502009
679.248 26.076277502215618
680.258 43.71766211359433
681.267 38.71020343546865
682.268 39.01957569067406
683.269 38.28132082850598
684.287 39.562991032417486
685.298 18.715166004805802
686.311 27.721360752402692
687.317 36.80553100882576
688.327 29.084135046250633
689.328 23.88535101892936
690.352 28.506082146029122
691.357 16.620948736406206
692.377 13.584432295949346
693.378 22.701337007701465
694.379 27.76118904455214
695.387 38.30594281543152
696.397 38.671876501290726
697.398 28.86857133763545
698.399 35.805360808737156
699.407 31.417325493374904
700.438 32.866773470399465
701.439 39.496635119071136
702.447 21.703378272200418
703.457 16.279798862396646
704.46 27.44515813015355
705.467 22.642250937960927
706.477 16.0968797740443
707.487 14.267688890638999
708.488 26.653806751468828
709.497 26.549554497083058
710.507 19.648291313828327
711.527 28.980122231306837
712.528 31.083335923633264
713.547 39.41814027648471
714.548 46.69462002394385
715.549 43.26454114738088
716.557 44.980195198401425
717.567 37.02560470620401
718.597 14.349380910676246
719.687 7.288234868513343
720.909 5.745036506168774
721.917 40.398144622362985
722.918 35.51286509596651
723.927 28.929859383019124
724.94 26.338199020864153
725.947 31.55581333338398
726.948 29.422262484177107
727.957 38.634179302656555
728.967 35.56225199955404
729.969 35.84577781417563
730.977 30.974661893905072
731.987 26.23377963242152
732.988 19.932881274993186
733.997 19.957940966785586
735.067 9.913420809038557
736.077 16.0968797740443
737.087 15.731041597373368
738.11 12.0998384243072
739.116 11.095034893982897
740.147 13.977076410803132
741.177 12.376341035457418
742.186 16.662134201653735
743.227 8.414867889936861
744.246 23.5694566234479
746.357 4.200813549399218
747.358 19.640385562053723
748.367 22.887546980232376
749.387 27.893367647601178
750.397 13.794880486857089
751.506 12.827427863221954
752.517 18.09107778766286
753.518 22.96253244130366
754.527 25.450952242061618
755.549 10.665507313372897
756.826 4.2556056753081455
757.84 8.927678187397829
758.848 16.312100050615822
759.87 15.365561383677683
760.877 14.569833573603743
761.886 12.817026308960514
762.897 11.329765887176656
763.906 13.366327436488119
764.916 18.550776783714245
765.917 23.99328301624239
766.937 11.048671600703669
767.938 14.026842378712036
768.957 12.947429857784812
769.966 18.859338711764146
770.967 23.624155585158352
771.976 28.82318467573754
772.977 33.66722794088393
773.986 33.50736877916688
774.987 30.714208492718036
775.988 37.28187053290451
776.996 33.25014572375652
778.244 23.151212469629705
779.246 41.12094597230071
780.247 33.85219640126458
781.266 33.61629534497105
782.267 39.31207140344471
783.286 39.05553325146704
784.287 35.51286509596651
785.296 40.098982309464354
786.297 30.714208492718036
787.306 34.315794415214064
788.307 37.28187053290451
789.316 28.273482012427316
790.326 38.41300855162948
791.327 35.328301380508904
792.336 32.30169028089554
793.337 40.050326265612796
794.346 33.76649328770334
795.356 34.83057564614466
796.357 44.479855437777225
797.358 42.15715885429757
798.366 38.56532439198136
799.367 41.23434027667188
800.376 39.18348043033609
801.377 33.66722794088393
802.428 29.42880207458987
803.436 22.177124787836984
804.456 25.176481188421437
805.457 29.23769876855068
806.466 29.479160510529844
807.467 32.190718216716576
808.476 30.836887274087744
809.477 30.453013059115836
810.486 39.07640418708619
811.596 32.689013630266466
812.615 41.69980787213711
813.617 22.942176568997738
814.628 31.979177907305814
815.646 38.549453384597
816.647 49.5397074746279
817.656 39.25950456297937
818.657 29.345630766032524
819.676 23.644734689903967
820.686 29.99873048792796
821.687 38.28132082850598
822.696 43.837013958958316
823.705 36.803175544231216
824.706 28.499443906551413
825.725 22.48163554839487
826.746 16.36048333015984
827.747 19.932881274993186
828.836 3.901937945066023
829.845 39.44260493870374
830.855 35.12046496162486
831.857 34.739905034052754
833.155 24.113380230260805
834.165 36.76673675671158
835.185 32.49671601083947
836.215 39.355904369115436
837.225 44.99809573197635
838.227 36.03056167533839
839.235 42.2309648527446
840.245 50.19577906672892
841.246 57.29138352604228
842.255 48.41452335510608
843.256 45.40267401523411
844.265 39.99190606621446
845.275 36.47684744123137
846.285 37.985662494450764
847.286 43.14203833030652
848.294 42.78094489996405
849.295 35.14373766488247
850.304 35.155272161699045
851.305 37.727629682133134
852.314 35.23129629434233
853.315 45.58723773086054
854.445 49.67446487160949
855.446 57.10681981058466
856.454 44.17096755275398
857.455 43.07997743175446
858.456 61.16722155166506
859.465 49.696225985851896
860.466 63.93567728437334
861.484 65.84704693438695
862.485 77.5933922321195
863.494 61.0484492881903
864.495 39.388703121589295
865.505 56.59794715880785
866.506 73.34842677541268
867.507 73.90211792195434
868.514 40.62172597666899
869.516 53.54540306968017
870.517 60.24561720914608
871.524 72.07025040303185
872.535 68.23720722132975
873.544 66.17525981167998
874.545 55.07661893987566
875.635 76.75196230219078
876.636 71.5027896203301
877.637 81.83835768882632
878.638 73.97874964009893
879.639 67.81151531016494
880.644 51.180825845100685
881.694 38.25436661114151
882.704 49.38815385226386
883.705 42.080527136152995
884.706 58.95245696566725
885.725 63.66926761149384
886.726 72.79473562887102
887.727 87.19070543861646
888.735 79.87974515149772
889.736 74.45580906849598
890.737 74.34787707101415
891.738 79.6235931026597
892.825 77.30371248185911
893.835 75.80445143453818
894.836 79.06990195611804
895.895 61.90208455646506
896.906 74.81578096232877
897.907 86.82157800753242
898.915 63.017933009838615
899.92 71.03437226925115
900.925 71.76968880356023
901.927 72.98302095171566
902.928 86.82157800753242
903.929 82.46868055351257
904.935 88.22652323834266
905.936 84.49888142405277
906.937 97.8954009380279
907.938 83.02237170005422
908.939 83.49943112845129
909.965 54.709693279665316
910.967 80.83478508025766
912.046 78.90419383049857
913.047 84.97594085244984
914.048 86.15995486367773
915.055 72.7279314031625
916.056 52.49272692279381
917.057 84.97594085244984
918.058 85.23727120108265
919.074 83.97871399833734
920.076 64.42500778379116
921.085 80.09088837567882
922.104 74.6662997656038
923.115 78.2878059921973
924.116 82.20748511974156
925.117 78.59284252772098
926.118 87.19070543861646
927.125 63.814369007739444
928.126 85.52963199899149
929.135 81.26551476351234
930.136 72.42560819778699
931.184 83.35363024220084
932.185 89.77459745569831
933.186 69.84158126567452
934.187 66.41163730414216
935.188 88.66721516261501
936.194 75.63117242656756
937.195 83.6839948439089
938.196 79.51566110534667
939.205 73.49927484538135
940.206 63.38198613783168
941.213 61.720089542660084
942.225 71.45581573792136
943.412 49.03984275173054
944.414 59.95407397993783
945.415 82.94573998190964
946.431 62.08255075344402
947.434 49.80931579318712
948.435 59.13702068112486
949.454 72.67196112817538
950.455 89.5900337402407
951.465 81.18505385772751
952.474 88.51350566457045
953.484 72.770775794026
954.485 53.784672931334725
955.492 55.298848457395145
956.494 91.71317677116608
957.594 64.12955553134329
958.595 64.67393214637262
959.596 92.17392575732255
960.597 87.45190087221866
961.603 86.20641282942663
