0.0 18.470845140029105
1.004 30.48508962232842
2.005 41.58801945067085
3.052 28.216272811656268
4.2 29.539471213644173
5.204 36.05193207526427
6.212 31.156224445628684
7.22 26.77724473870597
8.232 33.662999119645136
9.244 32.489337889142234
10.252 52.80716007748926
11.261 29.652221656300853
12.272 33.69629585473979
13.28 13.201790019360155
14.292 17.88346828236164
15.293 20.317443083768037
16.3 23.52252206985723
17.312 25.510241520319987
18.32 19.64827812824614
19.333 13.662093300201596
20.34 19.822350058874466
21.352 31.033077313419064
22.36 30.737781744584545
23.365 27.806516530224723
24.376 26.588483447939506
25.384 24.13688673481935
26.393 30.59779788669039
27.492 28.703078480993366
28.493 34.03292218691804
29.525 42.552746434495646
30.533 33.64217554887929
31.54 38.05891211313236
32.544 26.883926988690042
33.552 35.380797251964005
34.56 30.473745944127792
35.577 35.852790452692275
36.692 34.71029463251004
37.693 35.628215414471626
38.701 36.70097625376141
39.712 29.067057841351524
40.713 32.96939336863005
41.732 31.711898363601904
42.74 39.07729845738583
43.764 31.55705510977292
44.772 36.70097625376141
45.784 34.188983480938994
46.792 23.080743533259838
47.8 32.74043924812602
48.812 29.71811641042762
49.832 30.376160782880692
50.84 36.70097625376141
51.841 28.0280270167086
52.852 34.486052788882745
53.892 28.768357356920056
54.9 35.380797251964005
55.904 32.87087924501522
56.912 26.776665712920572
57.924 35.2409522035267
58.925 31.750960955994714
59.929 33.40105471664233
60.933 37.1122830185185
61.944 32.489337889142234
62.945 34.564686596183634
63.952 33.93988186685047
64.96 35.90886885263433
65.964 31.12533076219332
67.044 29.626874225161288
68.152 39.013083024243066
69.172 33.659905094147824
70.18 35.380797251964005
71.184 33.24603264894497
72.192 39.869405858512906
73.193 30.68684906255017
74.2 36.73742210900149
75.204 27.679190196252307
76.213 37.98347323875916
77.216 39.537452574092335
78.22 30.330067554631064
79.232 34.45197566158592
80.244 31.142272897257595
81.253 36.13705440074197
82.344 25.715907464601262
83.352 35.11676145150725
84.361 39.56611795699013
85.372 28.27730090745175
86.373 31.90586455034206
87.512 20.426154066318002
88.52 32.21236764721252
89.524 37.90754622608076
90.565 11.35544836652549
91.585 16.69948779860721
92.593 15.050040622071062
93.652 14.073930935085329
94.659 33.94606427630332
95.663 29.424738679074196
96.674 38.43483745935436
97.698 25.839029807636052
98.707 23.21212253474322
100.314 3.643595463218222
101.327 6.568314086637722
102.658 16.27986548520055
103.667 26.904960210656007
104.678 26.325231136477456
105.806 22.512920368670706
106.839 26.53751494607888
107.887 12.443946806049281
108.898 13.425867879627823
109.946 9.650407727133807
111.146 2.6614808679037076
112.178 7.478967555157465
113.258 4.291688339080526
114.266 24.291293635625603
115.278 36.81890528716507
116.286 28.889531141873636
117.298 19.198429185474676
118.318 22.179007232530896
119.339 17.98650145790737
120.346 16.23191581429356
121.366 26.353879182298215
122.378 30.770085132772138
123.387 28.597125177642333
124.426 27.15274032702274
125.458 19.084262037305905
126.506 7.872701040562286
127.518 11.154867169939415
128.526 19.01057762787668
129.534 17.954434426341482
130.538 20.676843396059525
131.546 15.57811222283866
132.554 8.82281031236449
133.574 10.698109370986922
134.579 14.035670248653316
135.598 19.85010264580935
136.618 10.698109370986922
137.626 8.977217213170741
138.638 11.154867169939415
139.654 26.195677833680673
140.659 28.60098843117861
141.667 29.711113854361273
142.678 28.16799731598224
143.679 38.02115525580199
144.686 31.03260385824895
145.698 31.559061674712915
147.438 12.147244130592174
148.446 38.02115525580199
149.458 40.500795815978854
150.466 36.81060515338759
151.467 45.044488110289215
152.479 49.70552213764853
153.486 43.45460989513356
154.506 46.1845209429634
155.527 36.60258382115497
156.543 36.93590574560405
157.546 26.114674412978577
158.558 39.448827093391145
159.562 37.752524158383395
160.566 44.004564150643716
161.575 36.51034876904036
162.578 37.67998835919883
163.706 33.13053021391327
164.727 33.10558963988122
165.746 25.85737055186917
166.758 22.463530936711543
167.775 19.62744002879572
168.787 23.932288436681617
169.806 22.98432937933388
170.835 10.970767860700388
171.854 14.104020300957643
172.878 20.792819280497717
173.938 39.02213149377516
174.946 36.17290465309109
175.966 28.441315156938682
176.979 34.52705360350165
177.986 36.73742210900149
179.066 20.556293642936517
180.078 29.981108591074552
181.094 40.07938708565546
182.098 15.22006661138579
183.106 22.97111463368229
184.126 21.6571482388343
185.127 22.865869594383437
186.146 29.88359943548562
187.158 46.812608150775525
188.166 44.995714965358296
189.167 50.36213220197236
190.178 52.65046227295491
191.179 44.77860590553482
192.246 48.49412817994283
193.247 58.75996721351217
194.258 42.22967340983344
195.259 43.87056375675073
196.267 54.76503957982635
197.278 56.445298223433994
198.286 50.958909474778345
199.29 43.05427887538409
200.298 35.11676145150725
201.306 34.43428295000636
202.318 41.02678017727271
203.326 36.28253355271727
204.338 36.81890528716507
205.346 34.962354550676686
206.358 38.922842732097294
207.386 20.19411553467311
208.395 23.585416902992975
209.398 36.08787617496965
210.406 27.56935213983305
211.426 14.09019283007559
212.431 12.711550413876076
213.458 33.17132922023758
214.486 18.74821807362018
215.498 18.409452643606855
216.506 15.842148023246779
217.518 33.40000693899821
218.526 25.985137337578898
219.538 30.244100771721477
220.539 40.52429627399734
221.546 57.08836816945535
222.555 38.356767606814365
223.559 39.76316037714044
224.567 41.82728536084999
225.679 44.856293309791624
226.686 46.25215013728458
227.718 32.60190394034796
228.726 38.81326265692907
229.739 42.67176307096647
230.746 47.0450441397631
231.758 34.82416342607138
232.766 34.588689850836936
233.858 35.441372266877174
234.866 51.486981075448675
235.878 31.93124943919838
236.879 48.922325643679486
237.886 37.904351878756685
238.898 46.02363160907793
239.899 45.57625251931161
240.906 53.38819615861849
241.919 40.30716999966502
243.006 37.07347473422184
244.018 38.396858371046626
245.019 24.992927231105334
246.046 15.656661283544931
247.07 32.48878012577768
248.086 33.5304676270529
249.099 25.33141388223316
250.106 30.12997208956312
251.126 24.266443207365917
252.138 20.885577852975896
253.139 26.056456049393326
254.146 20.61524406123139
255.158 14.990554295512954
256.186 13.31134081427482
257.214 67.42121449044416
258.226 31.559061674712915
259.234 45.67819346710238
260.246 34.82416342607138
261.254 41.1895848603103
262.267 38.20530949205769
263.294 44.42242334170603
264.306 53.91339702775617
265.314 39.18712036544501
266.326 59.962217181905906
267.334 41.82728536084999
268.347 46.35001895952251
269.374 29.284064077157396
270.394 44.98821260657992
271.415 17.204479655406576
272.426 25.535474202334495
273.558 4.702263017488866
274.574 35.73488753361048
275.634 10.04332402981384
276.746 5.026177898024315
277.766 27.13666767275799
280.106 9.44029538616353
281.154 7.7241875329119365
282.155 7.976466137573356
283.159 16.965615094207678
284.166 40.96619012173388
285.226 5.529044295935065
286.227 12.340976946194681
287.234 52.859600156966145
288.235 41.05625504140526
289.238 49.8861817712172
290.246 42.88342856243383
291.306 43.792710407799945
292.31 53.5477226411477
293.314 51.53708642239066
294.327 50.97011731215307
295.334 36.31856387404284
296.446 40.548140825937544
297.447 14.889403456810081
298.506 4.775083710131264
300.058 3.4297433864725964
301.098 45.296357078633555
302.118 7.936224053416378
303.126 25.61147263749596
304.138 22.880319714191184
305.146 22.443043032914698
306.167 16.530690889887833
307.186 10.447422445162816
308.198 15.516538656758168
310.007 8.382650779895211
311.018 52.027628430515776
312.026 37.22904785467492
313.046 26.201288833113374
314.058 39.71181927403807
315.066 38.13078415542818
316.078 35.766936564820554
317.086 25.61147263749596
318.326 17.045326441288935
319.406 58.7534727656124
320.418 28.666147687839914
321.426 35.11676145150725
322.446 24.896641348932683
323.459 37.04529144852488
324.466 31.825304660416865
325.467 36.15997982373721
326.558 39.37703749231346
327.559 42.27527052919715
328.566 37.904351878756685
329.818 33.16222167672516
330.826 45.259750765815056
331.846 44.87987345878271
332.859 38.73077461895952
333.866 49.15942814588611
334.879 37.67984436515585
335.886 44.930660133396906
336.887 45.842134724066
337.966 43.021569075371474
338.979 46.59565911175965
340.038 30.51409294836447
341.039 37.75527305129079
342.046 38.05891211313236
343.066 21.243628392934916
344.078 28.403155507192988
345.087 33.34505933233523
346.099 35.2409522035267
347.106 29.60137608791077
348.118 27.460382368443813
349.126 41.1895848603103
350.13 36.161997743258866
351.146 46.62830654401483
352.158 38.50605395464197
353.166 41.98169226168057
354.198 35.95454456836853
355.207 30.861572006476617
356.218 32.22550827003827
357.219 34.830568800694834
358.338 37.67871966186251
359.346 44.35801446506179
360.358 35.613139967768966
361.366 43.565907063934716
362.386 41.59612914751557
363.406 33.13804610042691
364.418 24.195280617304224
365.426 19.91231392862994
366.442 29.33915917373208
367.458 20.69458548861503
368.478 13.30740433951854
369.538 8.138910101942571
370.558 17.743205786024717
371.566 19.538649228668593
372.59 7.277486748174201
373.606 9.954357576813248
374.607 12.23058141094419
375.898 9.36279193573571
376.899 26.32233825390452
377.906 32.508654096512295
379.078 17.580126803434243
380.086 12.673718418592559
381.099 14.713023554053903
382.158 19.10033484047642
383.246 29.211514943817487
384.259 31.79064017926334
385.275 32.482640513783494
386.278 30.094954873429923
387.279 37.2235086420252
388.286 36.090105103669224
389.287 44.66821037052752
390.298 38.017636427899774
391.306 45.942229267315945
392.318 39.295030496582754
393.326 47.79047987002686
394.338 16.151718601768962
395.479 36.621603528515486
396.526 32.389028608598345
397.546 30.789680628804394
398.559 31.527907615812424
399.586 26.0227016648327
400.587 35.628215414471626
401.599 33.77219470348368
402.618 44.140359830843295
403.626 42.61939276197707
404.639 50.444652185251236
406.519 15.911098917575918
407.766 55.58559276857648
408.786 33.39897559716578
409.799 48.71461203058077
410.806 57.352666170281516
411.818 41.13597576086805
412.826 37.75711945534524
413.838 39.55802267722968
414.846 55.711553881784006
415.858 45.606842831622615
416.859 45.842134724066
417.862 51.478293955446375
418.866 38.28269963001051
419.867 52.910558712563436
420.87 49.73100514502234
421.878 44.46745035601178
422.886 48.58258727115393
423.898 35.087155606718305
424.906 40.39747745918322
425.918 36.139124329062824
426.919 43.604681551996336
427.923 35.36673453569661
428.926 40.33350866608533
429.946 27.766865814276116
430.966 31.572469119264174
431.979 18.12854687911038
432.986 53.504116334278656
433.998 34.188983480938994
435.019 29.825061532717477
436.026 45.45925613504925
437.027 34.940964335945324
438.038 38.698089770816416
439.046 26.77724473870597
440.047 30.57645352729968
441.058 26.85173575915837
442.158 18.972778818565025
443.159 29.51292470901169
444.166 20.086648059652003
445.186 14.872981320632645
446.195 20.1563533467205
447.198 26.269851039173442
448.206 24.555329435912128
449.226 21.396218741973843
450.246 17.851544933846245
451.286 14.331050827166328
452.306 7.566955408734391
453.318 13.675593392399916
454.319 19.409400934765074
455.326 8.831571792303711
456.338 25.773233700966912
457.346 32.21236764721252
458.526 20.844177894485632
459.53 24.1229839620735
460.538 33.004475048339586
461.566 23.408398581623537
462.578 26.825202423554618
463.586 29.043938042704212
464.598 25.356444923511592
465.606 34.324654050380175
466.618 28.92913986848684
467.626 25.985137337578898
468.638 29.455124229780694
469.746 26.76258444459456
470.766 32.616187106706
471.778 34.45197566158592
472.786 29.681638543000712
473.798 33.662999119645136
474.806 29.41760274254396
475.826 32.09432811298509
476.846 13.829263333215133
477.858 21.03937444983293
478.866 24.13688673481935
479.918 11.890646463056521
480.939 8.602239827703288
481.946 17.179370051026158
482.958 28.77553551746489
484.026 15.948949021143354
485.038 21.565358811078145
486.046 27.72375904066362
487.058 22.463530936711543
488.066 27.72375904066362
489.079 29.688779671656
490.099 25.679429839392455
491.107 24.291293635625603
492.126 18.28298927902277
493.246 16.970553654375543
494.258 22.354335352945967
495.266 27.1956874399933
496.279 24.959593529296296
497.286 15.703319812714174
498.299 24.17139583879763
499.306 20.350946060429536
500.326 20.61343025141679
501.346 19.67805141182081
502.359 25.48505865619813
503.366 30.12997208956312
504.378 22.463530936711543
505.386 35.380797251964005
506.398 29.56431981361923
507.399 34.29880439167243
508.407 37.49308365488848
509.426 29.622413874569343
510.43 34.72649339607489
511.438 31.265853345254865
512.447 28.751379048673197
513.458 26.0619788252586
514.478 25.418500342653598
515.486 27.72375904066362
516.498 24.98425715926932
517.506 21.760564531340847
518.507 27.651749276946905
519.518 28.957754250125205
520.519 21.91273631127298
521.575 13.105777001038772
522.579 21.737194339459666
523.586 20.61524406123139
524.598 15.625734240523746
525.606 24.81936523636888
526.626 25.8320201885773
527.635 22.684574295316686
528.638 17.358057399936975
529.646 31.156224445628684
530.659 31.79064017926334
531.666 28.918219851882753
532.678 34.71496784223285
533.998 14.197630307648954
534.999 30.57645352729968
536.006 37.001720109827666
537.018 32.72022598089597
538.038 36.530129559491265
539.054 32.591406193559074
540.058 40.823511320394665
541.066 27.56935213983305
542.07 22.00228207529754
543.078 30.892188645415114
544.086 24.92899413599507
545.099 30.214244798557836
546.119 31.83339861600303
547.126 26.80383584575975
548.138 37.344889648458924
549.139 34.40919992692292
550.146 38.587508114541514
551.298 33.133404810478396
552.306 40.39747745918322
553.406 35.21563104210797
554.41 38.96789716957817
555.418 39.34133425759939
556.426 30.209710143671032
557.446 36.530129559491265
558.451 31.888832184656128
559.459 35.11676145150725
560.466 25.746643842455054
561.486 33.659905094147824
562.498 43.83106887507893
563.507 37.12678580155207
564.598 38.889139991306365
565.606 43.565907063934716
566.626 40.8133406568126
567.639 45.97819860634245
568.646 33.14698786461514
569.658 34.45197566158592
570.666 27.72375904066362
571.726 17.428984829535572
572.727 14.357639047641767
573.739 31.29606949406599
574.746 29.446815853535103
575.759 35.73162863127029
576.766 34.62303810287849
577.778 30.616288535963744
578.779 30.57645352729968
579.786 22.465330066722775
580.799 15.873041597416476
581.806 22.20103206592092
582.826 16.17762880491061
583.878 12.143638941016142
584.886 6.864930810076036
585.899 4.838273931894288
586.946 19.573450508941647
587.966 12.263686352101027
588.998 12.819363625500266
590.326 3.6660290965676054
591.331 16.68390991820779
592.338 13.853233807222791
593.346 15.57811222283866
594.358 16.831499559871208
595.366 13.465825819743955
596.386 14.612051823796506
597.398 12.995812434297669
598.399 15.952932275146711
599.415 15.455449921878895
600.419 10.338421698041923
601.451 5.673699524591313
602.471 15.133910817493101
603.479 16.74388432397572
604.491 28.896842583174102
605.5 34.05925475581369
606.503 27.972138627872088
607.511 32.74043924812602
608.519 27.72375904066362
609.532 18.237634668620647
610.539 31.187164092624617
611.548 32.882876170854395
612.552 27.238346191093548
613.572 33.39897559716578
614.58 25.457065736665385
615.592 35.50394438417363
616.599 31.451462093450793
617.619 22.548275877188566
618.631 28.666147687839914
619.651 27.919456163217767
620.652 23.508029538777926
621.671 32.12582401896686
622.691 27.2450068205552
623.699 27.1956874399933
624.711 30.244100771721477
625.719 27.305316339376294
626.72 30.842335732054067
627.732 28.403155507192988
628.739 27.332431847168905
629.751 36.55591310651815
630.752 35.20684654045652
631.755 37.945340389863155
632.759 39.60813830919989
633.763 40.5584235847027
634.772 35.98280052946791
635.791 48.84169993122737
636.799 42.091321161063554
637.811 54.70237356945375
638.819 40.243070558352656
639.832 42.82540784493144
640.839 36.31856387404284
641.911 46.033490659553905
642.919 45.15012186618887
643.971 32.488080836514285
644.979 40.13344165896966
646.151 33.24925478009622
647.159 40.39747745918322
648.171 38.7690461352889
649.179 46.99837246889978
650.192 37.154379238010826
651.203 25.535474202334495
652.211 40.39747745918322
653.22 39.93941232528852
654.232 42.078748899617224
655.239 31.561199859901294
656.251 41.8157567189703
657.255 29.5348043470688
658.259 38.70280943364302
659.272 33.738663857051336
660.279 39.11610411619386
661.291 33.24621034218982
662.299 37.22904785467492
663.311 37.45408523229745
664.319 41.45362066076705
665.331 36.665108690356675
666.339 44.62205026551855
667.351 29.981108591074552
668.352 14.46803458286794
669.363 16.321643304640343
670.391 9.320361016006716
671.459 4.485641912191248
672.52 3.7626967972320657
673.619 4.3591133414231775
674.655 4.36729486045947
675.659 4.241403773551919
676.695 4.36729486045947
677.719 5.458115061130651
678.975 4.000102544784728
679.995 4.989704413504841
681.059 5.002783586278216
682.139 4.68223486019286
683.199 5.523828216415851
684.28 3.939287131028513
685.435 5.06948736743216
686.499 4.252366048338915
687.579 5.1751016875905425
688.719 3.501948510399615
689.74 4.170782946768178
690.743 5.307040613967555
691.779 5.651793348841347
692.875 4.128209375409802
693.899 5.458115061130651
695.035 3.2799940273553667
696.055 6.001378427620286
697.1 4.839056123465708
698.136 5.137993953478868
699.176 4.8623208163513185
700.195 5.223711222581408
701.215 5.049214649640723
702.235 4.866106230789146
703.299 4.752644406981329
704.795 2.564558252576429
705.815 3.913942452809584
706.835 4.696730943366637
707.876 4.8576499990673225
708.919 4.848335233953168
709.975 5.040683461945473
710.98 5.031655372148641
711.999 5.191635802778802
713.0 4.552649678526492
714.019 4.701340100311108
715.067 5.079161961646812
716.135 4.485641912191248
717.139 4.771579245251989
718.255 3.5828378029645442
719.335 2.9514364400413995
720.438 9.75762020728775
721.658 3.272312542500173
722.778 3.089218864541512
723.994 2.8453331646996878
725.078 3.6828609795680514
726.338 4.435801446506179
727.339 4.785879682539149
728.499 4.588760117065295
729.618 4.281202468469077
730.658 3.8386743287035294
731.678 4.435801446506179
732.714 3.0827963720775933
733.838 4.0253714194370955
734.978 3.968874978452898
736.194 2.8453331646996878
737.214 3.913942452809584
738.258 2.804242293778337
739.278 3.1311539622282116
740.394 2.861807384846619
741.459 3.2487559889815354
742.478 2.7852156182455423
743.518 9.949125511604338
744.574 3.0244100771721474
745.578 3.18105283015178
746.602 4.418474097105765
747.618 3.929351675064261
748.682 3.0016701517815214
749.718 3.339696069758833
750.862 3.4897039352005024
751.922 3.76624651117715
753.002 2.710767550650772
754.218 3.501948510399615
755.358 3.268485276372974
756.402 4.597567718079821
757.422 3.1311539622282116
758.502 3.696501205421816
759.558 3.7805125964651847
760.722 3.201093827366317
761.742 4.435801446506179
762.778 3.0827963720775933
763.858 3.2036343780241343
764.958 2.903433674074561
766.002 4.5574527868522425
767.042 3.870102071738094
768.118 3.7102428455886813
769.138 3.913942452809584
770.142 3.711228301851849
771.178 3.853495465121311
772.218 3.8386743287035294
773.338 3.8021155255801995
774.358 3.913942452809584
775.502 3.7223508642025203
776.559 4.028731682734309
777.603 3.3141045289997084
778.659 3.7805125964651847
779.679 3.913942452809584
780.739 3.76624651117715
781.759 3.913942452809584
782.799 3.8386743287035294
783.844 3.8203074658927005
784.923 3.699927063813854
786.003 3.9429346191084975
787.059 3.7805125964651847
788.139 3.696501205421816
789.183 3.8239667642210793
790.203 3.6530129559491265
791.259 3.7805125964651847
792.279 3.6530129559491265
793.339 3.515163410428764
794.383 3.3141045289997084
795.444 3.0101574377856526
796.52 3.2155437995085694
797.547 3.1098121143911936
798.572 2.59656670038615
799.648 3.7102428455886813
800.667 3.917783416929977
801.731 3.501948510399615
802.787 3.7805125964651847
803.808 3.910109012601247
804.827 3.656597855794826
805.847 3.913942452809584
806.867 3.6530129559491265
807.911 3.8239667642210793
808.952 3.8349868413676584
809.987 3.8572186491315787
811.007 3.913942452809584
812.067 3.76624651117715
813.087 3.913942452809584
814.107 3.6530129559491265
815.127 3.913942452809584
816.167 3.8386743287035294
817.187 3.913942452809584
818.191 3.711228301851849
819.235 2.804242293778337
820.271 3.853495465121311
821.291 3.6530129559491265
822.491 3.105061012554325
823.571 3.450067791735135
824.591 3.3920834590886693
825.655 2.7515309724603148
826.751 2.671194301718588
827.891 2.801558808319692
828.915 3.6341835452975175
829.975 4.0217345786181316
831.031 3.7805125964651847
832.315 3.3164870628156313
834.774 12.169710181989618
835.794 2.8702244653920737
836.898 2.892913986848684
837.922 3.3788331330808785
838.954 3.3526406281664887
839.978 3.6387433740871007
841.038 3.2640803097046978
842.059 3.910109012601247
843.079 2.838180492090008
844.158 2.990233451565799
845.179 2.8354006874831112
846.198 3.427487714462283
847.254 3.528478423359399
848.258 3.446140566013974
849.274 3.077609167704589
850.354 3.019169600526107
851.454 2.903433674074561
853.794 8.011580210403894
854.918 2.8414386490015455
855.954 3.0827963720775933
856.974 2.8702244653920737
858.118 2.7917631481458103
859.258 2.5680955742930514
860.355 2.6687593023666976
861.499 2.53054554364677
862.503 19.616492452683705
863.603 3.871244898757975
864.787 2.9222340610389788
865.923 3.2799940273553667
866.963 3.8386743287035294
868.003 2.5591162191437924
869.123 3.326851084879635
870.263 3.7354117444262562
871.424 3.897086542162197
872.683 3.5937390591197618
873.699 3.6673948967104306
874.703 3.446140566013974
875.923 2.80921334057409
876.959 4.655743643812755
878.083 3.0782252031032464
879.103 3.913942452809584
880.143 3.8386743287035294
881.263 3.5644833052177574
882.466 22.22073175066066
883.526 3.515163410428764
884.563 3.8497794617591876
885.602 3.8423689141972015
886.647 3.8203074658927005
887.666 3.917783416929977
888.722 3.7805125964651847
889.755 3.8646866426569293
890.807 3.7948871690538657
891.842 3.8572186491315787
892.862 3.913942452809584
893.882 3.913942452809584
894.883 3.87006320008531
895.906 3.75792888917951
896.926 3.913942452809584
897.946 3.6530129559491265
898.966 3.913942452809584
900.003 3.8497794617591876
901.022 3.917783416929977
902.067 3.8203074658927005
903.626 2.4609231211187517
904.71 3.191812848954114
905.726 3.143481340051409
906.766 4.0945859506154765
907.806 3.582762706791582
908.866 4.017329611925536
910.046 3.157689165318964
911.067 4.43145688093511
912.106 2.817737203749478
913.126 4.441905060463846
914.246 3.321292436440006
915.302 3.528478423359399
916.51 3.52514022238644
917.57 4.268412712673922
918.706 3.2799940273553667
919.75 3.5690356466225532
920.762 3.155906167471292
921.842 2.957200964337453
922.982 3.501948510399615
923.986 3.446140566013974
925.046 3.0129972089563117
926.107 3.2610038909344574
927.111 2.9159650943139046
928.131 3.3920834590886693
