0.0 26.084981044089734
1.008 41.77067064517646
2.148 16.935522807522965
3.149 20.83946413217614
4.158 20.077211204957432
5.298 17.78076693506392
6.308 17.470615774203505
7.318 22.849002811090287
8.328 23.444018590932856
9.338 20.137272963666714
10.348 27.45860338068906
11.418 21.669965875097837
12.478 31.76994190761376
13.479 33.96455959177513
14.528 21.599527800824077
15.538 31.263274313856517
16.567 21.668481053145108
17.577 23.073799149100452
18.587 15.99668316478705
19.797 17.934874224713177
20.799 21.779606911373033
21.807 16.819895305248675
22.828 11.723731806802089
23.858 15.971127680577156
24.859 13.310582393202267
25.868 18.807257720987693
26.897 18.447695547369268
27.907 12.013705930735737
28.927 10.367811876669442
29.928 12.677467007927403
30.938 20.934265276625553
31.948 16.797927615315313
32.957 18.449298538830455
34.138 14.826521339392036
35.147 18.826695060750954
36.167 12.509667749663361
37.177 14.521049700371453
38.197 9.838558322053116
39.208 4.455230732812361
40.209 30.20333649870183
41.218 23.91260976683706
42.407 20.15046257697355
43.828 19.909768743180393
44.837 24.400103920642593
45.838 22.438341477431496
46.847 20.03010757887097
47.858 16.433973241807827
48.867 17.34732907080076
49.958 19.47940702637335
50.967 21.839482707772383
51.968 9.391044700738991
52.977 18.98872018394107
54.107 12.422712643724891
55.127 17.05667296381744
56.128 16.59500252839997
57.138 16.314743052811448
58.147 16.513651641359598
59.157 17.860820262490538
60.217 12.315677227905605
61.227 20.1554154172414
62.267 22.58412462541549
63.277 23.30298936248927
64.278 22.554324440464388
65.279 25.7422112833424
66.287 29.14843518019179
67.289 23.65248394818348
68.297 28.308533962454582
69.298 26.19913553372122
70.307 27.946354320382596
71.308 23.615761619107953
72.518 24.201172006513474
73.527 32.082960707716815
74.528 31.53764111697144
75.537 23.350771335856635
76.546 19.667892044902878
77.597 15.578865001323246
78.707 20.548588740177
79.807 21.42800544850799
80.818 30.244140690280627
81.819 32.12999800100688
82.82 31.80779132321732
83.877 27.881965825592207
84.878 31.288227692057905
85.879 23.888915083196736
86.887 25.26690995447773
88.046 11.390542149947498
89.047 14.410918913290125
90.066 17.319683669368075
91.067 11.934089150967987
92.076 14.2243534287813
93.077 16.766760282566814
94.078 22.889974273191868
95.097 15.278842646477305
96.116 15.686392712390916
97.147 18.126935267755947
98.196 7.467548009892835
99.492 7.411269031743118
100.502 15.379475778366706
101.521 11.53109597013523
102.522 9.027793497068322
103.552 13.991692978993395
104.573 12.083933529126467
105.591 9.077423957824465
106.631 11.674865083350081
108.172 2.0733829189168516
109.194 4.40727815152488
110.201 12.057457484294828
111.202 16.590283122993302
112.209 15.871046364616141
113.222 14.692566573060654
114.371 7.915814556170443
115.391 7.871857165622043
116.401 7.755898873633076
117.441 7.908779572585065
118.581 4.810017985668281
119.59 12.16053882821104
120.601 14.527926302626442
121.62 8.647479061232142
122.626 12.688312200967284
123.64 12.733762510421496
124.641 10.078361742012252
125.87 11.768670017780929
126.89 12.671770071494816
127.9 12.79524881064256
129.09 8.667511901442714
130.091 21.788350642592235
131.1 18.259323372434313
132.35 16.060993626859656
133.36 10.869019828858923
134.38 7.7903147855562995
135.42 10.73334370564988
137.17 2.9351744106005557
138.179 11.645378388064412
139.24 7.595326243974921
140.4 4.727086641081007
141.591 16.174385026624726
142.7 11.47824078120106
143.74 10.493833881511888
145.04 8.285388123657988
146.05 11.052155894928028
147.07 4.755562833401141
148.071 10.564603510701186
149.08 19.23800051809058
150.081 21.263066520030797
151.1 20.237438691291874
152.11 20.795503854990645
153.12 20.99237782314528
154.125 21.756044096129436
155.24 25.700202769910685
156.25 21.85414436463223
157.26 28.058438249731644
158.34 22.149305704547313
159.341 26.602287164885222
160.391 18.080650373834693
161.4 24.738342006332694
162.509 22.832689019524118
163.53 26.52256839138814
164.559 20.962025660357146
165.56 32.02073661544294
166.629 18.58380735019714
167.68 23.66121421618381
168.7 21.408874695139627
169.77 19.51006015742675
170.79 22.918320990600265
171.802 6.77299963396224
172.859 8.985195725297087
173.88 20.31389090355525
174.89 24.158944649431618
175.899 22.38571451574458
176.9 25.46004804518806
177.989 18.191896481080708
178.99 21.01722840224353
179.999 13.536475470606897
181.01 23.551030719035747
182.18 20.738186010051102
183.189 26.91390526413023
184.249 20.0750994921796
185.383 26.48852707167638
186.389 35.64951114112445
187.449 26.677799944847173
188.969 21.192163945827467
189.97 32.15917250712142
190.98 29.69664510609221
191.989 36.557947059272024
193.001 25.43779098108327
194.18 24.111286085951306
195.19 27.028570537409365
196.2 23.65662546797269
197.39 21.529834906418543
198.399 29.895195908252372
199.4 22.133582298310742
200.509 22.99017275492797
201.52 25.134586883103548
202.54 20.932001782012314
203.55 23.204764985322633
205.039 15.063513743540044
206.04 19.759721381117675
207.048 24.157705181521685
208.239 21.667654037835458
209.249 24.203875569457487
210.259 18.398432185450034
211.269 19.153186599013036
212.278 14.096753239304395
213.289 15.302749038764611
214.298 11.625373534839701
215.299 17.60767251782338
216.309 8.811704624906973
217.319 7.174206458111489
218.32 11.738448345215588
219.329 7.2155093650421795
220.339 8.919283704676246
221.359 10.175815360429521
222.368 8.159851939972977
223.39 9.01962416518773
224.409 11.338911037295167
225.419 8.452540740676348
226.428 12.421736947269897
227.498 11.283556769069802
228.508 10.6643609512589
229.528 8.48981086516374
230.719 10.16138175428855
231.729 14.542310388075437
232.738 9.795770460178424
233.759 14.523602648768357
234.768 9.258983840212275
235.988 10.611210393775753
236.989 11.957686177983442
237.998 7.736918929019882
239.099 5.770809768666022
240.118 7.303027447743364
241.128 6.3986165707553395
242.168 4.604232245954051
243.198 7.415166423113604
244.208 7.664336178600086
245.219 9.297872833675912
246.228 6.9872270328493835
247.238 6.980308986276926
248.258 5.273027128256043
249.288 7.415166423113604
250.308 9.023836263025782
251.478 8.065638624725862
252.498 9.983818844207494
253.519 9.984380237529468
254.658 12.791346849146578
255.668 15.899592690953174
256.688 5.664177925577617
257.708 11.711787490313105
258.728 9.058400792622875
259.748 14.207742201360505
260.768 7.592283291100698
261.799 11.77677952151973
262.828 6.7488888455794775
263.858 3.422384502978263
264.91 7.446252720891427
265.938 7.580964225539205
267.139 4.402651171615891
268.158 11.146726104455107
269.168 6.565300362335246
270.188 7.295867616920173
271.208 5.759895487036591
272.418 4.430124052376844
273.437 3.0749589253693945
274.458 5.178828655332246
275.548 5.749326871462438
276.557 3.105434236821948
277.579 3.0659326271563008
278.588 1.9189052473070993
279.617 3.2353931890266128
280.618 9.97768109342609
281.628 6.543614460881478
282.649 15.344677497302598
283.658 9.811600175757599
284.688 10.11218442507642
285.698 10.6643609512589
286.708 8.785483110086375
287.908 10.59396917657556
288.917 11.257199108461666
289.927 6.849201412120254
290.938 6.779698941226866
291.998 3.3255245642160776
293.011 5.260427228719417
294.021 7.368103929963947
295.041 6.5307755648645855
296.082 5.772280114934047
297.091 13.630115209103634
298.093 20.73463612730562
299.121 20.401022411159243
300.341 18.209236462426727
301.351 20.373691810945036
302.591 12.93835267068734
303.701 19.66863505310525
304.711 21.374928463828816
305.721 23.105548442632465
306.93 20.85023157324367
307.941 21.765977070833046
309.151 19.160449202938786
310.152 23.059586843118737
311.265 17.903544247899
312.511 19.60745025594185
313.512 23.4877656241666
314.521 23.431783897541163
315.523 22.06377446236976
316.7 18.61164816233253
317.701 21.34629966982289
319.1 18.258900475402488
320.11 10.286750909454808
321.111 14.90531238220905
322.12 16.8636656336071
323.131 16.160972833314492
324.181 17.420594044341655
325.19 10.816382945561505
326.36 15.124295970918572
327.431 18.064434126677533
328.451 24.851899940999157
329.6 22.26581924853179
330.601 28.99159340879217
331.61 29.45054902872244
332.611 27.322640043862016
333.621 27.316156773079523
334.622 19.405479951333614
335.64 31.795522751587715
336.791 16.09794376275322
337.801 24.145763022937757
338.931 24.599780932325647
340.05 25.730725441573362
341.051 29.535469128231245
342.06 24.169267777255918
343.22 25.58863914385761
344.222 31.725328327271885
345.231 23.421568653338262
346.29 23.18858973104271
347.301 20.370106724880422
348.31 18.493280840279475
349.328 13.597081376075302
350.33 20.034598128990208
351.34 14.468890146545554
352.35 17.422141406244865
353.361 25.980774871115056
354.402 17.672184521528497
355.43 7.436827084534826
356.431 9.713966440061176
357.45 15.319864576583145
358.46 17.795620820212637
359.461 16.357888160018682
360.47 11.063109468660295
361.841 4.5736603410910215
362.843 12.968210983131094
364.04 20.97829058962045
365.05 27.358394672654303
366.06 19.190888885149405
367.07 24.865224694874925
368.08 22.97685041321896
369.1 24.957441885494237
370.11 29.14159941919469
371.28 22.47844053307863
372.32 21.977641702748812
373.322 24.26025104830673
374.33 24.92577997055569
375.34 28.451619234338747
376.35 26.34681733269641
377.569 19.136892086886512
378.59 22.581381076154926
379.61 29.163821701393754
380.62 27.645839170443658
381.63 24.73567623781869
382.85 25.07717051546749
383.86 27.716141177754768
384.87 31.34604925807851
386.069 24.045672292046525
387.07 30.52582920131202
388.08 30.009318953285995
389.09 30.02335100706469
390.1 21.18953526706153
391.11 22.848152383626505
392.3 19.78815222337858
393.31 29.271006138370115
394.569 24.455222830607998
395.57 33.423973154820644
396.849 18.275525352376665
397.85 27.09396340028082
398.86 20.6513563922746
399.921 9.141295513754681
400.929 3.6913615918976506
401.934 20.82361168289157
402.943 9.51039235024932
403.973 7.827537070478053
405.173 9.997250179438822
406.203 4.9434442820876665
407.223 12.003150624595875
408.343 8.012223039743203
409.353 12.039360493889955
410.363 12.549475260815287
411.383 13.2772327696092
412.393 16.093490162805633
413.403 13.163058707892848
414.425 13.98131392757014
415.564 9.217114767000956
416.573 14.959728556617126
417.583 6.91369216481518
418.594 7.360815993330491
419.595 7.953628225144726
420.617 11.995349344787527
421.812 14.877009951842332
422.842 8.936226202223008
423.843 8.02127303590209
424.863 8.936960646392352
425.883 4.991909422094801
427.032 2.8974931170611704
428.062 4.131072716941288
429.083 6.521487936352262
430.103 5.764948026934346
431.123 9.023836263025782
432.133 8.568765833447388
433.253 10.849893354903443
434.332 15.133597895795699
435.393 14.39702434648516
436.413 8.831839746785862
437.423 13.564460491698252
438.623 10.08719942451408
439.793 5.690973660703232
441.053 8.706000760300453
442.115 3.1348583724196035
443.123 5.245619104270899
444.262 4.594040757656946
445.263 5.477942561102993
446.283 6.7198780682183035
447.322 5.704029016816679
448.362 4.156596643585898
449.372 5.816924155233754
450.383 8.225694880826214
451.522 12.39744983298656
452.813 10.018874834958634
453.824 9.10416714964137
454.912 12.495694318998849
455.932 12.340548011316194
456.942 11.132521294442643
458.222 11.792864966536605
459.223 7.629991424397289
460.232 8.928123430845206
461.262 8.175696312668306
462.512 4.280686958769262
463.533 8.43957262352627
464.542 6.48426813438756
465.663 7.335016913597466
466.672 9.704481990050693
467.682 6.7078887078613745
468.692 6.996750584762996
469.702 9.005460358842837
470.722 9.539054984592791
471.752 9.270347886152338
472.762 8.376852692445155
473.772 9.408279521832084
474.792 11.388705633312036
475.812 11.753611292826912
476.822 9.23224102764954
477.843 11.191771770036823
478.903 10.467083163788383
479.932 4.745966772041104
480.942 7.370513474563958
481.972 8.175696312668306
482.982 5.225310085443151
484.002 6.516092292216956
485.003 10.217798719793443
486.012 10.135650422334667
487.172 7.899210571298233
488.192 10.55503654966365
489.222 7.571664349948051
490.232 7.393758493118166
491.242 8.919283704676246
492.262 7.805051360271505
493.342 8.843551035261019
494.352 11.246053366780485
495.422 7.229208718215601
496.426 6.372264329505713
497.432 10.15050745927988
498.452 10.248375447343701
499.473 11.12489118554841
500.491 7.887322503871771
501.522 5.578196808358811
502.532 7.5478276099958554
503.642 9.337336501568958
504.682 10.07359049465046
505.871 11.423648236263745
506.883 12.51986436098751
507.891 12.194473803006103
508.902 12.6892798792404
509.912 9.040327886665203
510.921 6.189586714893824
511.952 5.9544827980688
512.982 8.936226202223008
513.992 8.33759128915466
515.021 3.046328029754236
516.072 3.913002262368266
517.111 4.523652278551703
518.141 6.084239116401824
519.151 4.520022205416006
520.171 6.143888519516434
521.201 5.7039741716244725
522.402 3.2215305722113894
523.432 6.844769005956526
524.611 4.4848041196713355
525.621 3.102359549460388
526.641 2.5502695149885204
527.661 4.607916389632852
528.671 5.429129211546732
529.702 5.427543561542468
530.801 7.067104180053835
531.811 11.633848310449613
532.831 8.783138876082361
533.841 10.276566007571878
534.852 7.522378994418416
535.871 6.7330801862298175
536.881 6.216625084022122
537.902 11.892125060414434
538.921 4.694060790087841
539.961 5.837432541666094
540.991 4.377296667511857
542.011 4.749247158533422
543.042 3.419065022366883
544.071 4.377296667511857
545.101 3.8026494477556136
546.112 3.0764215104550856
547.122 5.816924155233754
548.132 4.071846908651102
549.212 3.0786341968376023
550.279 2.7530896892201286
551.282 7.4195263900843695
552.532 7.77230191941342
553.552 9.023836263025782
554.562 7.174206458111489
555.582 6.159607532531669
556.622 3.3894769596742003
557.702 2.7199506466576593
558.742 4.707606888447325
560.242 1.9583644655935146
561.252 5.235231739712169
562.262 3.420986389151165
563.292 6.274371588799447
564.312 7.295867616920173
565.572 6.534357624948319
566.683 8.115744632186923
567.702 14.120394579111586
568.73 17.907223712672177
569.731 12.828630993064852
570.772 6.923985796009434
571.782 6.016778833842524
572.812 4.9434442820876665
574.001 4.475138134016912
575.012 6.779698941226866
576.312 5.191361673501378
577.322 12.409438197823656
578.402 10.49553665463096
579.411 13.974454065680872
580.422 12.000690155952512
581.431 10.092661269653437
582.442 7.225090370688034
583.491 12.50814291655663
584.492 11.371192797581395
585.501 7.747411455388352
586.502 14.281778820014683
587.511 12.099672998192634
588.512 13.535254692802047
589.581 12.984279195972224
590.582 16.62946848906138
591.602 12.181393004438519
592.612 12.97270468400895
593.642 13.84186636697992
594.651 6.780226459406658
595.852 12.77157421172622
597.022 16.535293310421224
598.042 18.06788268571416
599.051 20.897126430234017
600.052 23.191873206611614
601.061 23.42923008649044
602.062 21.1831226527233
603.072 22.89109897278426
604.091 17.408049402373962
605.112 6.32967946764023
606.171 8.506587858097781
607.192 6.902300656410263
608.201 14.376881989483868
609.202 11.670803534458225
610.211 12.527578227451443
611.362 13.940788702361091
612.551 14.770520356840212
613.651 15.528185227645771
614.861 17.308776842371802
615.951 19.295232699437115
617.011 17.612288171857873
618.021 18.614157296762325
619.031 13.540931997310855
620.051 12.714435963982634
621.081 11.02768339848949
622.462 3.565095569188158
623.551 4.675617640529269
624.591 1.883042755382509
625.632 3.3862209779748476
626.672 1.883042755382509
627.753 2.355109903113307
628.808 2.9700314170096207
629.865 1.8527572995271422
630.985 1.9233936715701718
631.995 3.687878888765828
633.237 2.365174475345928
634.294 1.8527572995271422
635.349 2.7844044534577033
636.351 2.540792220828195
637.39 2.07334062767475
638.649 2.3332380447895043
639.65 2.4252023274546564
640.693 2.628677135023771
641.731 2.8300064531637164
642.733 2.7362377762834003
643.753 2.4959547110474003
644.774 2.1098931558860414
645.896 1.9199651623455305
646.938 2.0673713168517494
648.159 2.7266335720711132
649.379 2.5683468401144283
650.438 3.1437389910423605
651.52 2.352933276583855
652.558 2.8300064531637164
653.689 1.9046869249735
654.697 2.7199506466576593
655.775 3.2699963247442514
656.837 2.2128412040577388
657.857 2.4959547110474003
658.917 3.1407731995354187
659.936 2.8827739925293336
661.002 2.755672324947831
662.055 2.7896929709231326
663.093 2.8300064531637164
664.173 2.5409733566572856
665.255 1.8099486743007793
666.298 2.0653891775122863
667.336 2.6413393562885212
668.374 2.6413393562885212
669.536 2.811049472145428
670.616 1.9946304742215817
671.659 1.877626525014423
672.697 1.8866709687877403
673.718 2.1098931558860414
674.738 2.6879512272873214
675.739 2.7389712805514965
676.819 2.1759605173261276
677.9 2.8985968038358925
678.98 2.7199506466576593
680.0 2.111961678585452
681.1 2.314430732061809
682.117 2.3107545316767726
683.181 2.3927385387839557
684.182 2.7389712805514965
685.224 2.255314163825258
686.225 2.347689669046696
687.242 2.5033174093179946
688.298 2.967218887259648
689.42 2.269049737310938
690.842 2.0309528590519688
691.881 2.261826139284799
692.901 2.879947743527243
693.921 1.9199651623455305
695.001 2.1759605173261276
696.159 2.70585763812288
697.264 2.6584133017133253
698.541 2.1675079649298183
699.56 2.114034261186985
700.623 2.947679346138193
701.68 2.7791359492817658
702.903 1.9215350439190702
704.16 2.9601372192824065
705.199 3.2042536973171494
706.218 3.651513723871682
707.238 2.6879512272873214
708.277 2.638797162487002
709.278 2.7389712805514965
710.339 1.8457723521180702
711.438 1.960146416887483
712.519 1.9927853026315838
713.723 3.752594962369162
