0.0 35.307767301342004
1.227 29.9849075111064
2.239 51.28341413021197
3.248 35.506364881706624
4.255 41.94957457073718
5.26 30.363528096145824
6.267 33.55965965658974
7.355 20.725626005075448
8.375 17.749252770083313
9.395 13.489432105257142
10.407 11.210792856369867
11.419 8.348462765365392
13.015 12.918773428658476
14.016 16.15696216192611
15.019 2.647346175868833
16.027 45.50006860908279
17.032 48.85807287313378
18.039 38.93284994328286
19.047 49.0921792885847
20.051 40.01089566094884
21.06 46.75049012496688
22.067 49.14093021146649
23.075 38.89422608439004
24.08 31.945122796515307
25.087 12.465016443901396
26.095 5.028954951523239
27.107 3.3393851061461564
28.108 3.7173563985989357
29.123 31.15474752232885
30.152 12.198514634593883
31.171 13.028892121710808
32.183 16.557435760235578
33.211 13.854086014305492
34.219 17.96055339830358
35.223 23.08110001650981
36.239 14.829130044927146
37.259 9.466268144038553
38.263 15.627828136200113
39.291 18.080756323757615
40.303 20.274838144480864
41.312 20.91292573585276
42.319 38.59360860521054
43.323 25.825636275910174
44.324 38.824938926361845
45.331 26.94725720888105
46.619 10.495210333624263
47.639 17.039282659282627
48.64 12.057434449198919
49.719 3.1320275509049487
50.724 31.324283669079488
51.744 26.03223739617219
52.751 24.930032887714567
53.752 25.420738407148168
54.764 32.43974103126643
55.78 30.747554379635258
56.784 36.785503151484825
57.791 34.3783247043381
58.792 40.51297974943894
59.799 40.8505447808842
60.803 44.719631282166965
61.811 28.835791018826953
62.824 49.56474455669945
63.843 37.52733062404453
64.847 42.17474878755867
65.851 46.40262815827201
66.86 36.22407500360747
67.864 47.12391253380862
68.883 33.97347691580639
69.891 38.31584724963784
70.899 27.39947190932223
71.911 39.11851124351463
72.912 36.03128072256144
73.923 37.24709661425581
74.924 33.378645143597836
76.075 31.667997818136264
77.083 37.45738181236871
78.084 30.384734812079206
79.092 26.20210168289512
80.111 35.29645320238514
81.112 34.584388588621394
82.119 33.79937151131748
83.123 29.332231271086908
84.132 27.15999786416915
85.144 33.39385106146157
86.163 24.26103006140847
87.164 35.69000596956527
88.231 25.20571524993008
89.243 35.77912613728025
90.244 35.448857280648795
91.251 38.45342623404795
92.259 38.175803948269085
93.264 34.587200621862316
94.271 37.494578815137
95.28 27.751458047641368
96.291 27.219032141254804
97.299 25.24420550162109
98.332 22.900487988428132
99.344 10.972265348788
100.372 7.514080550127305
101.383 9.311774153563952
102.531 6.185131953339691
103.599 5.650511181489015
104.6 6.511014602575798
105.623 18.14014969189378
106.624 17.392320358125698
107.639 19.26362251381447
108.659 10.98446933614572
109.664 12.970200233192857
111.211 4.056972061727657
112.212 19.29189511872268
113.224 30.869086215169737
114.231 44.10698126306625
115.251 33.23019947466278
116.259 37.35795106836381
117.264 33.9663614944265
118.271 41.23043900677453
119.283 35.40110885920318
120.284 44.13021008406848
121.304 28.023751995516577
122.311 39.073032314445456
123.32 31.917814271981836
124.324 43.75791878137797
125.331 38.93284994328286
126.444 41.73142409987305
127.451 50.818913194340084
128.455 45.54074253998933
129.544 43.75943453773593
130.551 54.89401472404994
131.564 44.182967580874354
132.683 39.78190913476281
133.684 43.889061395152
134.691 31.501782448046377
135.704 23.352620031598207
136.711 37.39504933179242
137.724 28.693984906850638
138.732 33.2868922981146
139.74 28.836316181343562
140.744 30.77480002216012
141.839 26.9861062886391
142.843 29.091803145834515
143.851 31.61057398094019
144.852 27.349927919141745
145.864 35.3020711220724
146.871 33.17976543069941
147.872 43.16561532818198
148.884 32.061898115218554
149.903 38.13912057450625
150.911 20.454724595361217
151.924 34.552345965146806
152.943 33.025921125025825
153.944 36.895749414588835
155.059 31.697885641389703
156.076 28.24522191058896
157.092 25.184372828088467
158.239 15.660919073853817
159.244 13.210389126382157
160.264 28.16214772853013
161.391 26.862427594441503
162.392 41.71872319424193
163.404 40.688920469272865
164.411 43.62755755361078
165.424 39.17883471702347
166.431 42.668710134920396
167.444 35.12787001767361
168.456 34.10943358427334
169.459 24.166709827667475
170.883 12.892219018373833
172.131 7.543432427284857
173.132 26.526355788312614
174.139 23.111867533898938
175.143 23.561956266794027
176.151 18.20002744361106
177.163 12.263940623761949
178.171 22.510560259167747
179.191 18.22256617727642
180.223 26.665156487187506
181.239 21.006429040499345
182.244 24.9796448936285
183.251 23.491761759568707
184.256 16.19238339702851
185.259 23.34477991465015
186.26 22.667976764546022
187.272 20.37387588154547
188.28 25.38424880298984
189.304 23.101761808559875
190.312 21.89156886722815
191.319 25.888880306625524
192.331 27.430663372025144
193.343 24.428843510525457
194.363 26.978864210602513
195.372 27.512221340267562
196.383 20.632791523050287
197.384 28.455545300085628
198.391 22.532914340878317
199.424 6.873699402167831
200.491 7.691897357911418
201.499 6.465799223390171
202.504 13.210389126382157
203.508 49.39321659242287
204.515 24.21089732375192
205.535 21.062446620501216
206.536 20.115467249529758
207.555 23.688894766646662
208.568 23.829204113848714
209.635 18.418581618443795
210.648 22.399451867097195
211.668 23.66567036009638
212.676 25.064249859356728
213.688 15.445004840364838
214.695 21.094643212754516
215.696 22.185679386492485
216.704 19.017880323494282
217.708 23.561956266794027
218.715 23.491761759568707
219.716 20.115467249529758
220.728 24.568333280998605
221.735 23.731473614296444
222.763 21.935292892530356
223.776 25.020664319474978
224.787 24.592634302988095
225.864 20.48904495651474
226.875 23.398817103816057
227.883 23.22898239506813
228.887 21.63853126552482
229.895 18.778406278186804
230.904 21.770540364972586
231.916 23.614223250582906
232.927 21.349081842553506
233.928 23.632571520432528
234.948 24.375640470808836
235.955 21.673596405642794
236.975 26.268894099669485
237.995 25.55892398895703
239.007 18.227128313308658
240.015 26.10267093889022
241.028 20.49311553789666
242.035 21.913308260348476
243.048 23.352620031598207
244.063 25.209185017983433
245.067 22.219214398227127
246.075 22.2710862137941
247.083 22.750034304541394
248.203 20.564518543625496
249.208 24.25907821392825
250.215 25.409456597170042
251.263 21.28634661816404
252.267 25.00452501786725
253.268 23.391422831516042
254.279 17.907257987624682
255.655 7.616271228083593
256.663 12.452650356143327
257.667 7.693700005517974
258.763 14.976741753439859
259.775 21.467475682390205
260.787 13.218050654089422
261.795 21.552664077959886
262.796 22.426828075629533
263.807 21.24994614530639
264.815 14.228399417278524
265.835 19.87916310248537
266.855 21.2991033241088
267.868 19.877179384775136
268.875 25.169744742442308
269.888 27.165292689822824
270.895 23.111867533898938
271.908 25.973832483975993
272.935 25.38471515937761
273.947 20.850930896709208
275.115 21.080276920077967
276.116 26.7675044772291
277.148 19.277318681304088
278.155 22.77262619560606
279.164 23.923670730763348
280.168 21.978962024627698
281.188 26.268894099669485
282.195 25.409456597170042
283.208 21.545223672740136
284.215 22.05349063151107
285.216 25.07946365437257
286.227 20.155264643381468
287.235 19.876345760785473
288.248 18.586779208784353
289.259 30.905204545700354
290.271 20.7518931596446
291.279 17.721079352996103
292.28 8.922501492402347
293.292 12.61545484545574
294.299 25.056197021805016
295.307 17.96055339830358
296.312 18.734733670155205
297.319 27.18696906360879
298.331 26.47655334160944
299.332 20.497638563658015
300.359 17.960909301923035
301.372 28.595044936574343
302.379 26.847727725315906
303.391 20.135348373963602
304.392 20.73878725264067
305.399 25.169744742442308
306.5 20.042417273538458
307.512 28.14624589461635
308.52 31.131625890413456
309.532 19.419765851218
310.539 22.532914340878317
311.551 24.329805773394682
312.552 20.356615938512412
313.559 27.327151434771384
314.567 27.300041165317335
315.572 21.956916833990856
316.579 23.252049905061533
317.592 22.637743908222447
318.688 16.83015862505384
319.772 9.79811149226619
320.779 5.753084512561392
321.859 3.5761457432980617
322.867 2.634214498426387
323.871 9.376696881733304
324.879 17.242131262359088
325.903 16.265526171332972
326.912 8.951090370471084
327.919 32.84052409262709
328.923 39.088115546321205
329.927 42.79620628058896
330.932 39.73089493136679
331.951 45.2457890044782
332.959 40.33107035619081
334.051 40.32342183735333
335.059 46.21849074498317
336.06 38.68391630130447
337.079 48.56223427176902
338.08 41.57770056918456
339.132 38.414761484237175
340.139 44.10698126306625
341.151 37.547682065168175
342.152 46.541696973895036
343.16 40.33107035619081
344.172 46.035808963366755
345.18 25.48367954699474
346.184 25.485381268372034
347.271 19.85641374683455
348.279 23.22898239506813
349.291 20.7518931596446
350.294 46.79511589668104
351.302 28.25793734659137
352.322 21.39736429459254
353.335 23.160053663893418
354.342 25.649168451897783
355.347 24.358805765972114
356.395 14.511030318135925
357.4 11.288877980735396
358.42 9.939581551253715
359.427 8.389914914169493
360.447 6.863044404421333
361.487 4.1779010366415905
362.647 2.913325627096169
363.667 2.331968102734192
364.723 2.252469190137973
365.923 2.576824753530546
367.003 2.422655751174835
369.139 3.340740821328478
370.263 8.041555485941746
371.419 2.2633808055962485
372.583 2.2478249237720576
373.607 2.5551447375680705
374.683 3.0948424263076886
375.718 6.894514390699107
376.842 4.265051137016671
377.902 3.751700534710467
378.922 4.663936205468384
379.965 3.1927616976978594
381.061 2.604314742477461
382.066 2.6034509564923156
383.121 2.7055250784258615
384.185 2.4590866647379452
385.246 2.6902252193748435
386.269 2.4582897212839927
387.285 2.675301218174822
388.341 2.7029630281611565
389.376 3.2174400489929167
390.396 2.565164913016434
391.44 10.936126274898989
392.496 2.4777161091495645
393.556 2.4683662370410646
394.62 3.129746664195889
395.804 4.591991464147499
396.824 3.497952154101288
397.844 2.57020452972742
398.948 2.5854428965038934
400.028 3.083380046959816
401.384 2.4557894179177624
402.7 2.530433473174493
403.756 11.938086707746697
404.82 2.235533331577945
406.02 2.7750420422483946
407.16 2.503797331365534
408.244 10.313150446980256
409.38 2.5126135191506345
410.436 3.403434159111018
411.516 3.083380046959816
412.58 3.3532999973558892
413.6 2.798361723276619
414.661 3.5869669591664577
415.701 3.6593960996846953
416.776 3.540252970859393
417.844 4.008888985607407
418.925 6.821168492933924
419.944 10.737580312102953
420.98 4.132715672420684
421.984 3.553696411548501
423.025 3.198895725952102
424.481 5.673226325004903
425.68 3.372504328737906
426.804 4.232397624172901
427.805 4.990085590475119
428.86 3.6073667712491866
429.924 3.3532999973558892
430.975 14.937021187087337
432.019 3.1958257684416127
433.059 3.6593960996846953
434.063 3.553696411548501
435.259 3.778724233373901
436.298 9.579835229747667
437.303 2.6034509564923156
438.379 2.8737822529936943
439.498 2.5507854850404073
440.518 3.2647553438411028
441.622 2.8008964712125515
442.703 2.6404523198332943
443.887 2.410750808902875
444.983 2.821340971008059
446.207 10.382563226935615
447.252 3.641887027428746
449.368 5.7169275968666
450.388 2.331968102734192
451.412 2.5551447375680705
452.472 2.9171600983372996
453.528 4.279691461264354
454.572 3.4175394609142056
455.608 3.4472571953385245
456.752 3.118803494052464
457.988 2.6639499061864975
459.072 10.972087769551047
460.088 3.5151834455016706
461.108 2.565164913016434
462.132 2.5551447375680705
463.236 2.3699893217952357
464.276 3.20197158721308
465.317 3.198895725952102
466.392 2.8764555388232567
467.436 2.2783596406021176
468.513 2.4294040958766585
469.532 2.8011079075137486
470.616 3.730288459548866
471.697 2.6404523198332943
472.737 2.2871225622919056
473.797 2.692763167689182
474.897 2.531962518501798
476.137 2.741306966223679
477.221 3.271897278621423
478.225 15.183528208998997
479.441 3.3253558307164033
480.625 4.218813915585546
481.869 3.441714981208251
482.888 3.9682362022946016
484.008 4.035137663487273
485.228 3.314453024707908
486.708 3.7014865825635206
487.768 4.712335543456068
488.769 4.277216220400943
489.794 6.364759006179939
490.813 10.971005971067946
491.857 3.1897034968473763
492.873 3.745838527239428
494.033 2.6656807795113155
495.038 2.566931007818323
497.814 2.5585275513729924
498.849 3.6770743417061897
499.853 3.3167833174364447
501.129 2.609757406503469
502.238 3.43171500782186
503.253 3.5151834455016706
504.398 3.3238182914180143
505.433 2.527988609911977
506.513 12.774003051659156
507.898 2.919590390004332
509.137 3.0716480578376735
510.141 3.553696411548501
511.193 2.9393438253017314
512.197 2.842957129234389
513.216 5.368790156062505
514.296 2.3594869206506166
515.356 6.921679804188177
516.576 2.339613899804197
517.601 2.5526519134268644
519.06 2.4454497581887953
520.216 2.8806664798597965
521.236 2.565164913016434
522.296 2.243969306415004
523.352 2.928209947194805
524.372 2.798361723276619
525.437 3.350151358867513
526.472 3.4472571953385245
527.553 3.3005653998081605
528.572 3.501384884386672
529.636 3.129746664195889
530.997 5.942149434450621
532.016 9.103600699392112
533.105 3.276318822034911
534.117 2.5854428965038934
535.152 2.527988609911977
536.156 3.3167833174364447
538.275 4.92772487937496
539.495 2.924517374733189
540.595 3.2435556338154443
541.671 3.5369627729136197
542.915 2.6768894298188366
543.951 2.9847390967347924
544.975 3.7165741637353755
546.215 2.8773477396611167
