0.0 25.46028517703885
1.193 22.527637445012108
2.2 21.746045277009472
3.212 20.295045200053263
4.22 19.722095505862782
5.452 18.875386720298252
6.46 23.297124891916667
7.472 17.853492997740567
8.48 25.044155636046977
9.492 25.249455283573997
10.5 23.146865317681844
11.502 25.186803372852037
12.504 24.266560763209842
13.52 27.87007559451326
14.54 28.723802617181644
15.56 20.69162500059478
16.572 22.849466284428857
17.58 22.790836262795608
18.6 23.98095514461619
19.616 27.17368927442636
20.62 22.29953507963385
21.64 21.310183259883217
22.652 28.168412351832902
23.68 21.474303351201787
24.693 30.48565588203028
25.7 23.998153441996763
26.72 27.057856871201086
27.732 23.757755734062723
28.832 25.22858216655751
29.992 27.01043928950812
31.22 27.48017573747486
32.232 32.60232911109413
33.24 25.46813647292677
34.245 28.210446411238657
35.252 35.1232305547432
36.256 21.17261458265379
37.26 29.707346197749906
38.268 25.218916134347225
39.273 30.20305720940196
40.3 21.083021423385734
41.312 22.265102900067276
42.32 29.851313530681715
43.324 24.626018629570403
44.333 34.00723423468366
45.353 25.164538945270124
46.36 21.628783902399885
47.368 32.20799617798677
48.372 25.099156123341402
49.46 27.2688783995902
50.465 34.930492250919706
51.48 26.29732774572082
52.493 25.261480783692683
53.496 21.05271836353599
54.5 20.90183849463108
55.513 28.401166590825547
56.536 19.35105985944456
57.552 5.5669126241406826
58.56 27.49463088361783
59.561 21.358466508582467
60.593 5.557819204929246
61.8 4.592309516278249
62.812 8.607014885297014
63.852 20.272930466772134
64.86 26.97092362879514
65.873 17.499310454842195
66.92 24.20157767173104
67.932 25.13506114643771
68.94 22.0458550361218
69.947 22.279661172830586
70.96 18.480795589791175
71.979 26.383257600755567
73.044 8.9222013458948
74.059 4.425171361154464
75.06 6.592119292783383
76.093 6.25156023623827
77.1 14.154137686256357
78.292 14.895272125110624
79.3 20.94829019703182
80.532 10.131793406158334
81.561 10.516896711170496
82.572 14.098137141504065
83.58 12.479966854495121
84.601 12.150418662764595
85.633 8.95174028769738
86.712 3.913971551176823
87.772 6.596379312773702
88.78 18.59160754987147
89.953 13.721449656337676
90.961 14.140095883010346
91.972 16.18675005135295
92.98 16.977609167746255
93.993 17.45759781278451
95.0 10.71696154437738
96.001 29.005324888275826
97.12 28.245287801886242
98.132 37.06389111996231
99.192 31.626925556456392
100.204 24.516951491548575
101.44 8.388570827198958
102.456 15.587507272591981
103.46 16.57499419221091
104.485 24.463515478899044
105.492 18.085842599118745
106.493 19.235495693066408
107.5 25.949252424771167
108.513 17.71111163280252
109.593 22.667438378908255
110.613 22.77202369654652
111.725 20.074238454184346
112.732 25.949252424771167
113.741 20.90630292195938
114.752 35.01422898008053
115.892 32.24818091740695
116.893 42.45324824538317
117.913 28.161236175994365
118.96 30.633254559653523
119.964 40.486117826992114
121.192 31.268838143813102
122.193 37.970607126347396
123.2 28.921215139457807
124.213 30.038625877872946
125.22 26.744023963612143
126.32 31.646276296002036
127.336 31.69459812087432
128.34 26.02679003163779
129.353 15.276350429606582
130.372 24.866586675521756
131.373 13.269627733119998
132.38 26.374420709416796
133.404 32.50271609644457
134.413 39.48503018534428
135.425 37.37980959563505
136.433 38.83721889710916
137.444 37.879964675902436
138.913 33.99190509210833
139.921 49.4903355905121
140.924 41.71897006781801
141.925 41.56832369356876
142.993 40.73465331314649
144.092 38.00977016383685
145.1 19.900875687193494
146.108 16.75863215763028
147.32 19.348285845242614
148.321 34.80638986573805
149.324 34.210667340697746
150.332 27.470129959311233
151.345 39.2123596329127
152.353 21.42548397866541
153.36 33.28843492870056
154.361 26.968706980299782
155.972 14.724405284268942
156.977 28.627245528976434
157.98 37.18871131904913
159.025 31.781420726815032
160.032 44.559322345612934
161.034 30.51127049854947
162.045 38.37826221866614
163.056 29.68410562852892
164.061 36.506303931345236
165.065 26.85833590313759
166.073 34.07477591139363
167.08 26.822964627763465
168.092 31.03741731362269
169.1 20.453486376152348
170.113 20.814798858519108
171.12 25.949252424771167
172.16 10.802124717948875
173.32 11.604630414335292
174.332 24.777770124460478
175.34 10.212291471068388
176.353 7.62522334420018
177.372 17.613832228494573
178.393 16.545250945041662
179.401 24.408280087366766
180.412 23.73239855553672
181.413 32.169542148643984
182.417 24.42846162566194
183.42 30.000123668048435
184.433 24.822069526799982
185.441 32.73170343280946
186.445 35.49107731589164
187.54 24.00620691555281
188.545 32.56677473016083
189.761 17.799155782552596
190.772 17.068647004610042
191.78 25.39980186384471
192.801 27.403071877704903
193.805 28.918655590708653
194.816 24.5648665299804
195.833 24.790842775926123
196.852 23.312425008289583
197.856 16.381665061932107
198.86 21.03174952053731
199.88 11.71363964801329
200.881 17.139510161207856
201.945 11.907449164627598
202.961 15.324297171735509
203.993 16.880424542495764
205.001 15.187510392848674
206.02 12.433293337760878
207.041 8.544751310429923
208.045 12.619049712322386
209.06 9.101670913201785
210.081 8.014105926498148
211.113 8.69597627947263
212.132 7.995184746375707
213.28 10.57633187997914
214.312 15.857368509620887
215.321 10.938572986533867
216.332 14.098137141504065
217.336 14.98512153337379
218.34 11.782891615068891
219.365 19.31330169386132
220.38 14.55887159357301
221.381 20.56741219345425
222.385 17.863534767283486
223.484 19.213718397290037
224.505 16.550164328242296
225.513 19.920638225113155
226.532 14.617602425596887
227.536 20.243058913520176
228.544 19.900875687193494
229.553 16.023977773056664
230.564 22.974742008385928
231.572 17.571373752825743
232.593 18.35488776716426
233.621 17.71638472500306
234.633 13.61709678226427
235.652 16.83675139486643
236.66 19.377168432274335
237.673 16.235931665747685
238.681 19.639022059733914
239.693 17.3722749937853
240.7 23.066002155403066
241.713 15.537482997058053
242.732 21.499236396538816
243.745 19.475994470081787
244.772 19.5326997981413
245.773 14.420164576930905
246.78 24.114456798824996
247.793 21.256495739542967
248.812 27.97491000984138
249.82 19.639022059733914
250.833 9.989892071259142
251.841 11.008773755990566
252.852 12.009524231655185
253.873 12.667457754809957
255.04 7.24162920490989
256.046 14.168207405645237
257.073 11.5654143541496
258.092 8.213123352489184
259.113 9.565223202610124
260.161 9.318790925432388
261.193 4.587860378448883
262.201 18.38507241535658
263.212 16.963491146320436
264.22 17.806046667492726
265.233 15.170640309295978
266.252 13.396502450941627
267.273 16.545250945041662
268.56 6.9729972963609566
269.573 4.55345863249629
270.752 10.522118282171062
271.753 14.23897767240439
272.764 14.959422783163504
273.776 20.08303473238382
274.793 15.903430650509177
275.812 17.915840983270982
276.821 25.11303451171816
277.833 19.991138108803945
279.032 22.99196919514695
280.06 12.067682348925963
281.132 4.431970351392743
282.133 15.02559869092777
283.152 11.397185559614137
284.16 10.212291471068388
285.172 13.955512771565779
286.179 20.863710914250287
287.18 19.24898833490722
288.192 12.61538545390479
289.199 15.59480480321935
290.312 23.693029345409272
291.32 32.36418956965752
292.331 31.67825002679608
293.332 27.45926088674404
294.339 30.198444425531378
295.411 26.684514795560993
296.48 24.313929898880826
297.491 21.66935893973038
298.507 12.365937177913326
299.531 7.990627100551433
300.539 23.256162409267933
301.559 34.506281953256625
302.579 38.167125375865645
303.58 36.59705618835169
304.592 35.439494371180004
305.6 33.66388703348107
306.606 96.4238651797581
307.618 32.24694465798878
308.639 32.448549479339356
309.651 34.17334192905205
310.658 35.728731494609264
311.659 33.706354052768795
312.666 33.84868371841884
313.687 34.920359173685306
314.698 54.303935656119144
315.706 41.227781728554454
316.719 49.24605950166702
317.726 20.962769951279444
318.727 30.75185099667444
319.738 43.89751343877542
320.739 44.01049186434373
321.746 43.850389198505255
322.758 42.123543809600186
323.759 38.3374142320535
324.762 38.66128587194513
325.879 40.17051550846219
326.887 46.08623843356166
327.899 34.547982728535146
328.906 34.34225447178972
329.919 36.21800143242124
330.927 30.898728040568276
331.946 20.757942180258492
332.959 30.776598680710784
333.967 29.515574303672064
335.039 34.16490464998453
336.047 43.20584853143391
337.059 26.121519923146863
338.066 38.00648082413543
339.082 32.31749071184553
340.106 33.25131922487532
341.119 47.13547600075532
342.339 47.159341258601955
343.346 32.23998028535099
345.519 5.344561475020947
346.55 38.30000631722067
347.578 11.040645553262427
348.607 9.747367683532696
349.615 14.925656765389093
350.626 16.447826665084058
351.786 6.14362786641422
352.815 6.412741897054003
354.299 6.554791771865369
355.306 27.259820729018433
356.506 30.579013949431797
357.514 23.043119216756708
358.719 5.476109055665229
359.727 30.778711794797022
360.739 32.60232911109413
361.759 26.79889471314949
362.786 32.128781195079505
363.807 25.806033366419012
364.815 27.462473420676453
365.818 36.05278019751197
366.83 29.924362358321932
367.831 41.13482438695674
368.839 31.542260128124443
369.847 41.11101951166078
370.858 30.246908942714324
371.866 34.04097157022796
372.879 24.613887253898888
373.887 32.20799617798677
374.906 24.12510311196692
375.918 27.385956453338363
376.919 27.686901029608208
377.927 14.79721832678193
378.939 29.733324149304345
380.186 25.386705314480025
381.187 30.587433518580497
382.19 23.041415388758768
383.319 19.07709450236078
384.327 31.94614255045484
385.335 21.129941580416904
386.386 21.86793157123382
387.399 27.880044268084653
388.407 24.6994199757616
389.419 23.83115863876537
390.447 23.52650004779208
391.459 29.47250551639243
392.467 22.947029654611065
393.479 21.768060373800118
394.619 15.74429389546116
395.798 18.385231683046655
396.807 19.357964102795812
397.815 20.424582942112657
398.826 21.93043555346149
399.838 18.62679736543303
400.858 26.912391641390702
401.866 32.469849805518706
402.882 27.061644570381745
403.887 38.08211561201194
404.899 23.07081893998051
405.906 19.134297242540676
406.918 9.451815588772007
408.179 20.09441064420854
409.259 19.570317384762145
410.266 14.940478668828835
411.27 17.614090223446983
412.287 19.72476174306523
413.306 14.492633285682757
414.318 17.474848403505938
415.327 17.526805336312847
416.339 12.51395598555552
417.346 17.037387955696815
418.374 15.148792735868339
419.375 12.656869042123837
420.466 12.272242886171458
421.47 15.773812140390923
422.491 13.184496846831204
423.514 9.804536995450945
424.519 5.323931982429791
425.527 4.975218921804403
426.539 16.431573871954782
427.775 19.711744311406246
428.778 33.94750836118732
429.786 30.651039009908626
430.799 26.451338660381136
431.826 33.52072653193963
432.967 33.920909525878265
433.982 35.448613030390234
434.986 33.87564523926277
435.991 38.492003274870314
437.038 33.36599392421938
438.135 35.8676779531645
439.299 37.395482771773565
440.306 37.08505933661089
441.322 34.59693576284303
442.326 38.96235373751639
443.339 40.96663776855797
444.347 38.08438971825632
445.362 35.88658817204586
446.379 12.11226496578864
447.386 23.852343137951422
448.398 29.47250551639243
449.415 21.414973177032465
450.427 13.195935700353788
451.439 14.866662074628051
452.446 23.716304615145656
453.459 39.221364548040874
454.466 44.559322345612934
455.478 38.63395065348429
456.495 30.00547421317889
457.506 33.67888317145792
458.518 30.712347306979044
459.519 34.23218158017017
460.527 35.69401830033116
461.538 31.068117034146816
462.539 22.676890367153614
463.559 21.995704706894266
464.578 11.156146597322289
465.59 12.25847574575017
466.599 20.404340540786077
467.618 16.83675139486643
468.706 13.782251215060674
469.719 18.239281296919962
470.727 17.544193040033143
471.739 12.112051250071017
472.746 22.017547511957016
473.759 16.47458892833437
474.767 20.94829019703182
475.778 18.797516188688167
476.786 18.504131593913044
477.807 25.33491550957168
478.826 18.3909130620986
479.847 25.85195460154469
480.855 18.714303584369897
481.866 14.098137141504065
482.898 21.22841268224414
483.899 19.180946869696626
485.098 22.861944690771264
486.119 18.35488776716426
487.127 19.6585245642637
488.138 19.804798620899344
489.146 18.07172856436617
490.178 16.624660534271015
491.186 15.999294920684639
492.207 14.477094576908438
493.239 15.345840493171389
494.247 12.814749014169395
495.259 14.605843441740262
496.286 9.54973322020655
497.287 21.622151280291874
498.299 22.04527549968548
499.347 25.424524886161873
500.359 22.95203969414949
501.399 19.50745916431493
502.406 30.667298320206033
503.407 21.470648187791024
504.419 32.080691845270316
505.426 27.024531565612765
506.439 24.729311277201017
507.451 25.964990611964396
508.455 25.238099424596538
509.458 28.39173753652711
510.478 14.51360886947256
511.499 35.45190052746902
512.506 26.155992658789312
513.507 30.12521415985723
514.527 31.311532582769555
515.539 13.649889768259415
516.559 31.829078575887138
517.567 22.929036788397266
518.578 26.107661373111014
519.587 21.712311088273914
520.602 42.504689108695544
521.606 16.562502747432177
522.613 18.347956259968196
523.634 15.418952338143823
524.645 21.66935893973038
525.646 19.9681461442989
526.666 27.688710630946485
527.669 23.230705181060205
528.685 38.96876818160054
529.686 37.46193452947942
530.794 20.638648158193547
531.805 38.396392538836345
532.825 39.59226847240968
533.826 25.7285404443571
534.834 18.45225854343842
535.873 18.0369012610992
536.946 21.414352919673075
537.966 43.473863420670945
538.973 33.2953326567649
539.986 45.33764208086916
540.994 34.390301153549494
542.202 25.483564905608464
543.205 23.157990199884765
544.213 12.045266863309577
545.226 15.064930189009493
546.234 21.733851079434686
547.242 22.51941196181343
548.253 18.79675280677357
549.269 34.55230778760542
550.286 19.662154292922033
551.305 18.90896695115991
552.697 7.207152790003467
553.817 9.435154834047987
554.825 13.616388628067066
555.865 12.689829638596555
557.464 4.632484663665844
558.465 16.87582538949845
559.985 10.055088625046718
560.993 21.210143824515523
561.997 21.15877790534447
563.017 25.359753662037953
564.025 24.73410269007074
565.037 24.72247962476422
566.044 21.70849098056887
567.065 31.28086506786425
568.084 14.4146222468375
569.876 3.0931459744070064
570.897 9.3067036565995
571.924 10.091368853454552
572.945 11.89189911675397
573.964 10.361077781467397
574.997 8.311381159001352
576.004 12.319342060261949
577.02 14.288548333221376
578.025 13.625357063391336
579.037 21.908765162598336
580.044 28.30827537260919
581.057 20.232155150422486
582.065 22.25755833435385
583.073 22.78126558927301
584.076 16.458208811307777
585.084 23.828680099135454
586.097 18.5404122882584
587.256 24.76934832077007
588.265 31.129699030138074
589.273 27.24770750679755
590.276 27.44144122141394
591.297 20.276587521138193
592.324 21.374599121208945
593.337 20.063209426633666
594.356 14.108826548428063
595.364 26.44721637373127
596.377 21.184498576541596
597.38 15.303425657656001
598.456 23.407106517930817
599.625 26.051344474002228
600.645 14.491287806906396
601.836 7.535052494060841
603.078 2.5452554306669475
604.097 23.02234512594637
605.105 16.92056795355447
606.113 23.566826471675874
607.137 19.061210591067347
608.145 28.018338138440523
609.157 21.55871910267189
610.164 37.22013984168354
611.177 30.846784509078585
612.184 28.09655344623412
613.196 30.203293396481403
614.197 30.88388613468809
615.204 28.961643489025406
616.213 29.72248334893549
617.337 28.669637116985513
618.417 26.639242367158218
619.425 20.963603274663154
620.637 23.871503651383215
621.644 27.521934389916122
622.684 22.587896756698974
623.697 11.140703867360177
624.705 21.471997451975103
625.724 15.847033676230348
626.737 20.32377058800411
627.749 16.431573871954782
628.764 11.182052836222782
629.796 3.580696115074128
630.829 8.368979751417006
631.869 5.329728448218272
632.96 2.6612584979862075
634.0 3.8069488915741436
635.024 3.0931459744070064
636.056 3.3249321068493796
637.16 2.8690049617656714
638.32 3.413126592441625
639.64 2.599492374455526
640.796 3.6532658336732733
641.9 3.8253399490208952
642.956 3.4993166579171895
644.016 2.9880957337754146
645.152 3.9499328874978477
646.236 2.921938632652208
647.272 5.095530047926007
648.356 2.921938632652208
649.396 3.3336776136805257
650.496 3.1193908493369835
651.532 2.5477650239630036
652.612 2.932760627585902
653.672 2.9880957337754146
654.772 3.3593439915918193
655.852 2.4439671896468793
656.872 2.8465029620743447
657.972 2.639484564827312
659.032 2.7390877559587867
660.068 3.057318028745957
661.208 3.2414722725949443
662.268 3.2371037115920425
663.296 3.55652782177668
664.316 3.3640489551678083
665.396 3.4215540655249255
666.48 3.408928404764929
667.536 3.249365468057348
668.66 3.5224438142699506
669.68 3.88159494828539
670.716 3.7938977560801335
672.02 3.0362169073898295
673.08 4.73115157846769
674.136 3.749267847777031
675.216 3.9103475034398305
676.236 3.88159494828539
677.26 3.608670303474841
678.28 4.1403679448200625
679.296 2.578806758738496
680.316 3.88159494828539
681.38 3.721077863955169
682.436 3.9992190376127543
683.48 3.0558830521001346
684.516 3.8216475359565645
685.536 3.88159494828539
686.576 3.8069488915741436
687.656 2.5213237534857753
688.7 3.7923628804906953
689.724 3.608670303474841
691.06 2.784412666426527
692.136 3.9248841112781374
693.14 3.9434530351097905
694.16 3.88159494828539
695.24 3.6659507844823778
696.28 4.060745484344145
697.296 3.021978596833305
698.316 3.88159494828539
699.34 3.8664324680087576
700.42 3.9103475034398305
701.476 3.749267847777031
702.58 3.347172455405343
703.64 3.984127645017807
704.836 6.0489398894569675
705.896 2.490079778142159
706.96 3.473006006351726
708.196 3.203257967033505
709.236 4.060745484344145
710.536 2.4729583793852736
711.596 3.7351196672011793
712.776 8.74219708707625
713.9 3.05278463904682
715.076 3.8155814287553325
716.136 3.4861116893845514
717.436 3.248596387470492
718.516 3.6693483292312865
719.536 2.8465029620743447
720.556 4.1403679448200625
721.72 2.9478779504154717
722.796 3.43427359736837
723.836 3.29935570603414
724.896 2.7390877559587867
726.012 4.493746122909992
727.032 3.1083233344402195
728.068 3.5668710335530287
729.072 3.154762428068538
730.128 3.4993166579171895
731.192 2.480718575962073
732.212 3.3640489551678083
733.232 3.3640489551678083
734.252 3.88159494828539
735.272 3.3640489551678083
736.296 3.608670303474841
737.316 3.622821951726599
738.36 3.5395386884740607
739.364 3.154762428068538
740.42 3.4993166579171895
741.48 2.5665295958979555
742.544 2.728790433565516
743.624 2.932760627585902
744.704 2.4439671896468793
745.868 2.494358265721327
746.908 3.29935570603414
748.108 3.079398658965197
749.308 2.4195275177583695
750.372 3.473006006351726
751.408 2.8025415263665394
752.009 3.074274867530448
