0.0 14.292779509893208
1.009 26.784126110811805
2.018 32.82494570322066
3.02 14.241602751652099
4.027 15.207390948564834
5.038 16.483556235545205
6.267 14.19212769680453
7.457 16.788421011596846
8.458 16.070240504132617
9.477 20.37945969122301
10.487 17.180851561424856
11.583 16.492635724169673
12.588 22.800703413467033
13.597 22.56665134201166
14.607 18.57020994029368
15.657 18.296585978361247
16.667 16.895588770297223
17.677 14.42892031732993
18.687 13.504259459291859
19.688 18.054853988626675
20.697 20.960172440436885
21.698 19.345958948083307
22.747 16.348015010464668
23.757 5.112918568289081
24.787 7.050368193397303
25.807 7.087908681921174
26.827 3.279958856071974
27.897 3.7000965215327337
28.927 3.509547017253236
30.067 4.012640471597077
31.077 9.032822803970562
32.117 6.640779377347583
33.127 9.714545279735098
34.427 3.575109983508423
35.446 3.7224082477634775
36.457 9.534674389119694
37.467 9.867907920034257
38.477 9.373684041860693
39.487 9.702834403879077
40.677 11.575902061940761
41.687 11.930143325997372
42.706 6.892104625656885
43.707 11.693481427571577
44.737 8.85168644630876
45.977 9.249897994195292
46.987 14.997894466961384
48.007 11.147517755023998
49.027 12.8824862126701
50.037 12.611865801761908
51.047 9.750735819989702
52.066 9.441296726065016
53.067 10.145814768034723
54.077 9.926462299345824
55.087 17.108094630440817
56.097 16.331039011928834
57.117 19.6265839523095
58.126 11.518710621045491
59.306 9.720338425778708
60.426 11.501164643837367
61.527 16.99705641763427
62.528 18.346989898147637
63.716 17.5612822035717
64.726 19.74266794828064
65.727 12.790248127080368
66.728 12.324012288847474
67.747 11.744139367043147
68.756 12.624614587735433
69.826 12.521576322783517
70.956 13.661199748996614
71.987 15.360245501615463
72.997 9.17572040625901
73.998 14.586557139810395
75.006 13.002519273231906
76.016 15.352833672645085
77.027 10.586258028828418
78.176 12.233837176225258
79.236 12.333439845662411
80.246 20.451674273093413
81.256 11.237208309499207
82.306 11.177625224066707
83.326 12.99449925017309
84.336 11.467314561840212
85.356 11.644421406008863
86.366 10.32450749490195
87.386 9.956824100791783
88.417 6.182738024930947
89.436 8.277341836577415
90.446 7.83980847136296
91.457 5.792020964485465
92.466 8.188777409654408
93.516 5.901768861678929
94.536 4.507291136014205
95.566 9.024549472950374
96.577 7.151005791843701
97.578 2.923370356888962
98.587 11.927376306526913
99.619 9.007060035993877
100.638 5.741238980645233
101.658 4.3877529935612625
102.827 1.7669966651685285
103.828 16.286576950052577
104.837 15.915763841798842
106.017 14.476378293347455
107.027 14.145741372259645
108.037 10.788208345566556
109.068 10.51842898480155
110.088 5.771878853542696
111.099 3.405240853251416
112.117 3.2127343590562765
113.147 8.698752290449766
114.148 11.574691223432248
115.197 11.839020203522013
116.207 14.688802094456976
117.217 12.204103070917986
118.227 15.798096123041805
119.249 9.562435791426969
120.268 10.386932896613452
121.277 10.896421402077566
122.357 12.294020264756748
123.368 17.213492513223656
124.377 14.36951854601496
125.608 16.022475771834795
126.617 16.71875387798216
127.627 13.8213251940849
128.646 12.904636720261795
129.648 13.730749549113957
130.657 25.266812898970844
131.658 17.893198747837413
133.227 12.11324655363822
134.297 7.078445519459397
135.307 7.611446392036849
136.326 10.662547930925045
137.337 12.599391157061696
138.577 4.333206926174786
139.607 8.021821753728423
140.627 10.12558383130248
141.636 9.673292612573478
142.637 11.86544438974059
143.646 13.903986350749408
144.656 18.682833682642233
145.676 18.11440794593262
146.687 19.41373114088636
147.837 15.02569831793938
148.887 18.621585920504156
149.895 19.328703466224674
150.896 20.5177708876426
151.897 23.008594056768786
152.916 25.441786728055707
153.927 21.181071057361535
154.937 17.83628685826012
155.957 24.976440117281992
156.966 12.142371619863946
158.016 13.75976893879304
159.146 16.96528522913485
160.147 20.461832643313507
161.156 17.003335841506896
162.167 18.791677274401458
163.187 19.92660125111053
164.197 18.32390779582208
165.207 19.356707379965584
166.216 17.098986308587243
167.227 14.32752599797676
168.236 16.95183174377565
169.237 21.104682488718062
170.246 18.726540736892147
171.256 16.722507813542272
172.496 13.97682987173498
173.516 14.175817363826619
174.526 11.98159642952775
175.537 18.601128160917316
176.546 15.399226377884357
177.556 16.64227585548637
178.567 18.821672268763365
179.576 19.39883756647021
180.667 18.729353108410333
181.676 18.944723384620033
182.877 20.665708387179066
183.886 19.82758112050141
184.887 22.306789072990412
185.889 24.81669101110768
186.906 18.330419105603053
187.916 16.408432089467876
188.926 17.24177303256387
189.956 16.486123989871007
190.966 23.348994795214594
191.967 17.272347088404974
192.976 14.839290788071219
193.987 14.047738664707753
194.996 16.99136394475825
196.006 10.737128993389769
197.015 8.934027985316835
198.026 13.20775004913519
199.041 8.64914402141544
200.046 8.556539735460643
201.067 12.307394255285125
202.086 8.378104322246482
203.096 6.823981174709386
204.286 4.966886479831507
205.296 7.498947233488556
206.526 6.596643594170544
207.556 9.024549472950374
208.576 6.954800678096482
209.585 5.62978446914822
210.666 7.7945689985722035
211.734 15.380550765340153
212.736 12.496689956845694
213.769 12.907829358858873
214.776 16.23327099822053
215.777 20.451902033677552
216.934 18.893149418417394
217.946 25.061232490704768
218.956 23.077402142105697
219.957 27.87622693997732
220.958 20.876027058873923
221.966 20.183920481575218
223.026 20.08276405367949
224.036 29.464958042640205
225.256 21.27675796627376
226.266 28.3282349613649
227.496 20.18133252231489
228.616 21.29913545353522
229.996 18.58631194325075
231.016 25.09343994859734
232.216 17.400873794367197
233.225 21.29688203780982
234.226 18.10739822705716
235.246 15.726852518690018
236.256 21.603202205058953
237.466 15.163717545072727
238.516 17.61758536167369
239.525 17.401151995486128
240.536 2.0545948832403784
241.745 14.553876823991185
242.756 22.304327588859685
243.835 12.485470643945995
245.046 20.090346316216934
246.066 24.113643658764012
247.095 13.513172224482904
248.105 9.65150588413323
249.115 14.997894466961384
250.135 12.145213574665895
251.146 15.664107924987968
252.165 11.055348748167482
253.166 12.037407351909604
254.175 8.048232329538573
255.216 10.913453466597447
256.225 23.89590600828655
257.235 21.91615667488382
258.246 20.362120588973415
259.445 15.363807540346292
260.446 19.504094479022662
261.455 20.594655466281502
262.465 14.794947479931269
263.466 20.109987372025515
264.545 13.862482873674747
265.555 16.792150149755745
266.566 19.920658991489326
267.576 18.826478787685055
268.585 17.603676583055115
269.595 8.52202928228135
270.635 5.467230538370517
271.656 11.699690166999153
272.665 15.951305410374605
273.745 12.772056325648421
274.765 13.163258980699515
275.769 11.077021384292745
276.785 13.80150337423871
277.794 10.406571291440072
278.805 5.753936033876645
279.813 4.781525698117682
287.285 2.0010143467271586
288.295 4.772057330398948
289.385 7.264409684480573
290.395 6.3693460478521455
291.405 4.090334854634411
292.415 4.431196092508816
293.545 7.59932979199173
294.555 6.4763635198338845
295.625 2.252232665273956
296.635 9.330702635757072
297.636 12.897222162754673
298.645 16.983507387482543
299.665 15.609411536641472
300.675 21.65167418776505
301.686 10.61163159319624
302.835 10.127368237474451
303.847 13.73233888607163
304.855 21.167588571105256
305.856 20.304451335924654
306.895 14.542949494266178
307.905 18.755715197379345
308.906 13.568983909706851
310.095 13.483665413718303
311.266 15.205397858602032
312.406 14.73630458056476
313.586 17.896384809587452
314.775 13.4214384846293
315.776 15.320416623100947
316.785 15.700394406697264
317.786 14.737778955221428
319.007 15.906162914899458
320.186 17.6141195201148
321.395 19.449679549980186
322.406 22.768565468262594
323.407 23.367981563247213
324.545 15.709684768689572
325.555 21.83380679255381
326.686 16.96029794431957
327.706 23.5451898296472
328.715 22.9529944282931
329.886 17.456791773520834
330.905 9.58293222979755
331.915 15.229371140947956
332.975 15.880529453061623
334.003 24.35329547468443
335.005 19.865383225972835
336.125 26.310187866863
337.305 22.230788802768945
338.315 30.827385704066778
339.535 24.718198172682143
340.654 25.919777986020133
341.885 23.76115095143764
342.887 28.512842021431133
343.904 19.39260919293419
345.035 20.60557435310615
346.04 21.171804504441667
347.286 17.189578825564826
348.294 20.331470694988997
349.295 21.550931403837847
350.494 15.888954693546456
351.495 22.30880033573932
352.496 19.917408967081276
353.555 19.66185895208589
354.564 24.99407812497136
355.749 18.662285243150684
356.755 26.885387784649474
357.756 28.19149237056022
358.875 18.208187495121212
359.884 25.552143105993217
360.935 16.97287179237154
361.955 14.561571513928945
362.964 15.039695352166213
363.976 17.871163670664377
365.094 10.872332265408707
366.104 12.152649967387607
367.204 12.267015617581896
368.206 14.723321749918405
369.254 9.690802082832898
370.268 14.922672917053205
371.278 13.123157658589244
372.298 4.048383096879676
373.308 8.180669709253094
374.318 9.714545279735098
375.321 17.212438705854417
376.328 14.409178797844351
377.329 21.618057296844018
378.348 18.434472054521493
379.358 23.05871457426875
380.359 20.762013603672813
381.368 14.628161399744616
382.369 19.27594186482643
383.379 17.558714183588105
384.388 19.40207995506483
385.398 18.90035697260404
386.408 20.891330453139048
387.418 21.060266066661875
388.428 21.397389791031806
389.443 22.330729167725917
390.448 22.25631813618919
391.568 19.783000836503273
392.569 25.47855037532724
393.578 21.500653697927305
394.588 22.79833446208222
395.608 15.863414669012242
396.618 14.62999854756062
397.638 15.404753354669106
398.642 18.488432349179963
399.648 20.615670374905022
400.658 20.410686207636658
401.877 16.61890367152339
402.878 22.2675694500945
403.897 23.116346617924933
405.028 17.861353754915967
406.038 17.808006338919906
407.048 22.583178264057963
408.058 21.734264347738304
409.308 16.80157665729318
410.318 23.733958693190484
411.327 14.217749812648117
412.338 17.722810006634738
413.452 15.896325181838865
414.458 23.274473857006665
415.467 18.24791427950566
416.508 5.887883570480821
417.527 9.121968554600656
418.538 15.605611462960246
419.689 14.245422039060722
420.698 17.704814169537574
421.737 15.498358446007614
422.747 16.65573090427864
423.757 16.552643810024534
424.767 17.07582742990124
425.768 17.377058453569333
426.787 17.632694089646698
427.797 17.206142069904867
428.799 16.131835424854547
429.829 13.204902765338579
430.838 15.306070055916724
431.839 14.489890825547295
432.867 11.799464872333525
433.987 15.132472764489204
434.997 15.67961694274165
436.007 8.042880042193334
437.157 14.54207489492542
438.158 21.839296195606302
439.363 1.7122861741052033
440.367 15.179890283121262
441.377 25.661394442985497
442.378 28.448556886319803
443.387 26.60180409909463
444.397 22.551783149947187
445.597 19.14067805726084
446.607 24.548861235955673
447.619 22.583557678279394
448.787 23.508916643756546
449.788 25.482447196716475
450.867 20.993489041949566
451.868 26.28783221041209
452.877 14.6433756852609
453.878 27.81991158395162
454.879 19.664618384564818
455.887 25.959350409228357
456.907 19.594509734618956
457.908 28.051583907840474
458.917 24.993080466869653
459.936 6.7336153307862325
460.937 14.71024979680778
461.977 18.401009586275908
463.047 28.436789354810664
464.117 5.147960377791511
465.132 16.806072572080403
466.137 25.49708826379369
467.138 17.86592099732636
468.147 23.229345712714668
469.166 27.784638003061524
470.168 27.866044922438768
471.187 26.291723234044127
472.197 24.42913621779448
473.207 24.20214456023977
474.217 25.408240190207405
475.377 20.975331420042963
476.397 18.226050896382215
477.407 12.446169366684074
478.536 16.313827422116805
479.717 18.866133036639233
480.927 19.948986934441812
482.087 21.42976116937711
483.257 20.747476643622154
484.277 21.841061966017794
485.498 21.873932983284863
486.506 18.955334017493016
487.516 15.609600855127397
488.526 16.56353890278193
489.537 19.699243659776542
490.556 20.360072791436
491.557 24.17160672193923
492.567 23.1657320463134
493.577 19.7483988024949
494.587 19.01048903926197
495.596 15.970750216482548
496.687 17.347303264203138
497.877 17.889060131142394
498.886 25.07813081713053
499.887 18.068430012063843
501.077 16.24967989192258
502.086 20.813142582848684
503.097 15.905810327711071
504.317 18.35194119002822
505.336 19.59533985796929
506.346 14.21226911385984
507.356 18.747368083721387
508.367 15.465344414659585
509.368 15.8438477447827
510.376 22.199940741283132
511.386 15.712756229757217
512.396 18.153103425531285
513.397 19.99358554237889
514.517 21.397889238535264
515.556 26.071801131912235
516.596 23.626205697764846
517.597 24.335147521526107
518.606 24.357696985796522
519.616 23.107551418371163
520.626 23.61921702656782
521.636 25.38852718297529
522.646 25.392542633230658
523.647 24.076197446968912
524.656 6.104794416049706
525.797 18.67627015891521
526.806 28.176847863930238
527.816 20.04814739103365
528.829 25.044318407578963
529.836 22.297609687913166
530.856 26.32651796133612
531.857 11.86544438974059
532.86 21.62412818218038
533.868 31.804186359556734
535.097 30.81341214741424
536.317 21.29872658086874
537.318 30.781370228457927
538.338 24.420569250528647
539.348 32.21138698013785
540.358 33.23397069385544
541.367 28.271883702372683
542.377 32.552248218043715
543.378 26.153706128036475
544.379 39.37951833690861
545.398 29.23585794647756
546.407 38.55549363716544
547.408 27.035393420981006
548.417 26.61352658139649
549.428 30.136381551400856
550.437 23.574204954126717
551.438 20.80751842256076
552.447 20.130744465344716
553.457 15.509186323788718
554.557 13.144848828285602
555.577 76.46283804921012
556.578 13.75703697359974
557.587 19.809177892224294
558.597 17.55435375112952
559.607 21.81511922471686
560.627 17.81735134425081
561.637 23.689856033120453
562.656 12.512754872087427
563.657 3.6112222055650167
564.676 8.953043210992863
565.867 13.585795938228815
567.077 11.94986257117016
568.087 12.59130947710981
569.097 19.08822932162725
570.107 20.11081303518755
571.127 20.92620658464775
572.137 23.689856033120453
573.147 19.02917660709892
574.156 24.054533640953217
575.157 21.495370271205356
576.167 20.962966130030846
577.176 20.64254305359066
578.197 17.12293462157004
579.217 21.094966315252822
580.227 23.348994795214594
581.236 20.64254305359066
582.247 23.155637802172542
583.256 15.42199324672496
584.257 20.119666573916163
585.266 16.71875387798216
586.286 16.200934130065093
587.497 66.11094660104672
588.506 11.94196705575322
589.511 21.752373623701487
590.516 20.895980961258147
591.526 19.258659940501538
592.557 21.871653920808285
593.566 17.36473747603205
594.576 21.81511922471686
595.586 18.765948230494065
596.596 17.38392313209794
597.606 10.8507494060303
598.616 18.406506845815525
599.626 20.451674273093413
600.786 18.222496271800196
601.796 23.860286651994745
602.816 22.61380388991202
603.832 21.686289780387234
604.946 18.585058001505814
605.947 22.35518508212907
606.956 21.66614022976797
607.99 13.317982602103717
609.016 8.228889103884828
610.036 10.12558383130248
611.046 19.769951797438978
612.056 14.543661984031239
613.066 15.338755704851517
614.076 15.509186323788718
615.086 16.361339418537643
616.095 16.735339943411887
617.096 18.400036952226024
621.196 2.4142408154226302
622.386 71.70099746158242
623.395 6.482782115988859
624.415 12.99449925017309
625.436 12.138799813435567
626.475 6.62694610710434
627.495 2.531395957833485
628.572 1.9179378844824893
629.611 1.9880838321375935
630.691 1.5938418993673178
631.73 1.822410179456839
632.751 2.1917277440914407
633.795 2.1434425543291584
634.83 1.8294533105800534
635.913 2.543082919769534
636.93 2.2003481088724897
638.055 2.4481411574362535
639.168 2.3198776972074153
640.188 2.1938764967806312
641.293 2.492451404629029
642.39 2.196799409167047
643.512 2.608104926243149
644.569 2.1170804415468916
645.709 2.415928773785776
646.711 2.405078794267213
647.773 2.340407302882658
648.992 1.8357293082221258
650.095 2.1848494577024535
651.152 2.6056374665265105
652.172 2.7001556883441826
653.337 1.9208189070547301
654.534 2.1570792623109756
655.735 2.5820238769835484
656.753 2.8745517949343276
657.914 2.0757010782516616
658.964 2.623008382971908
659.995 2.003510282820092
661.032 2.987877196121528
662.071 2.4851047901641277
663.131 2.435871582055203
664.192 2.4335757558798328
665.232 2.482715266327915
666.235 2.402680909131153
667.273 2.321665656886601
668.495 1.9720858853090013
669.536 2.9763963999839818
670.572 2.4923010395657252
671.61 2.48749891809054
672.644 24.30921239574857
673.647 2.402680909131153
674.65 1.8878207143061
675.732 2.704522853285325
676.747 2.5438658886571512
677.785 2.321665656886601
678.824 2.4851047901641277
679.928 2.1828704274070216
681.129 2.293221317332686
682.185 2.7711114841392432
683.246 2.4335757558798328
684.248 2.405078794267213
685.343 2.3580126730415354
686.387 2.3083227508208566
687.526 2.115793636391563
688.685 1.930762749547326
689.704 2.1960294668541316
690.724 1.8563570357435069
691.763 1.822410179456839
692.838 1.9215061410055259
693.907 1.9322910211212612
695.004 2.0398851656438803
696.067 1.6193313747128601
697.164 1.7260566786290041
698.263 2.192801594043534
701.225 4.766742204190627
702.242 2.0310905620349344
703.263 2.0231333022418827
704.424 2.372229803711691
705.645 2.2556583145861184
706.726 2.547787976052846
707.743 2.708120749369427
708.773 8.192852310128735
709.838 2.4267141701018136
710.891 1.9616515684593427
711.894 2.0594407792530274
712.897 2.0594407792530274
713.974 1.9179378844824893
715.054 2.550147038990854
716.175 2.1497671292209555
717.196 1.8545388603923245
718.237 2.4803303333226063
719.314 1.758109727435728
720.435 1.8426575393300004
721.453 2.0290953846687776
722.491 2.155832395682662
723.656 1.773063606516898
724.873 2.121630137205012
726.113 2.082277320144979
727.215 2.0306297883134903
728.276 1.9468606047038663
729.298 2.3580126730415354
730.353 2.4474159971471403
731.356 2.0594407792530274
732.416 2.435871582055203
733.513 2.3558612016303098
734.535 2.52644214969073
735.554 2.53388015405399
736.556 2.405078794267213
737.715 1.930762749547326
738.716 2.923370356888962
739.774 2.440476254233031
740.815 2.4803303333226063
741.836 2.5289166278062853
742.873 2.157911308306497
743.893 2.3649548104461964
744.913 2.531395957833485
745.977 2.4267141701018136
747.031 2.449738023708302
748.092 2.4335757558798328
749.112 2.531395957833485
750.332 1.8342246120707462
751.333 2.751407394719948
752.396 1.7812645121920103
753.474 1.9161587213163611
754.554 1.9126102792470727
755.614 2.111088704459377
756.634 2.0251167662542047
757.656 2.021153719758875
758.658 2.405078794267213
759.712 2.449738023708302
760.734 2.021153719758875
761.775 2.811041044424947
762.833 2.2777778372935993
763.996 1.628103333157658
764.998 12.884350683555255
766.732 3.378968047824322
767.83 2.821884018567959
768.867 2.4898976634293635
770.012 1.9543703290113312
771.028 3.0496345003817007
772.048 2.1938764967806312
773.092 1.9785623578374603
774.29 2.298963941665668
775.349 2.4381717440834727
776.35 2.4074814703819207
777.41 2.9230458984725347
778.511 2.0324741387115237
779.572 2.4335757558798328
780.59 2.1981866667218877
781.67 2.071994469179086
782.728 1.952381003383279
783.787 16.58337007692817
784.843 2.119085252570592
785.965 2.147851115737979
786.966 2.0635555460438932
788.005 1.9880838321375935
789.008 1.7162006493749014
790.064 2.119085252570592
791.131 1.9359129349505029
792.209 2.075838614764634
793.272 1.7812645121920103
794.412 1.811946580339332
795.472 1.6239143880420448
796.493 1.6859444185270378
797.527 1.831222607791424
798.586 1.6254478293889818
799.626 1.8206578619779987
800.644 2.8745517949343276
801.744 2.034321842469027
802.745 2.751407394719948
803.766 2.0231333022418827
804.827 2.2713373721545107
805.936 2.6434451013919995
806.944 2.5615316239893686
808.025 2.38855122754856
809.045 2.531395957833485
810.106 2.4335757558798328
811.128 2.52644214969073
812.145 1.8618330151973792
813.202 2.9313421498462566
814.247 2.470836245918701
815.267 2.531395957833485
816.279 24.157298336747665
817.299 2.1938764967806312
818.356 1.9542280998870185
819.376 2.531395957833485
820.481 2.0251167662542047
821.559 2.39519840166118
822.599 2.6482296174153945
823.6 2.4074814703819207
824.638 2.48749891809054
825.721 1.9073121898350152
826.779 2.928571505082783
827.88 1.8761299741940425
828.958 2.87423808199027
830.116 1.7837816075899808
831.196 2.390762849058841
832.397 2.436547649664995
833.537 2.415928773785776
834.556 2.1960294668541316
835.618 2.10711301951082
836.619 2.235518508212907
837.676 1.9542280998870185
838.756 2.231378659126828
839.799 1.98045934956186
840.819 2.1938764967806312
841.9 2.0700777305399884
843.039 2.4180498701617865
844.254 2.125122532495
845.297 1.98045934956186
846.498 1.8632423203357562
847.671 2.1975666409053964
848.673 1.8897047669231153
849.772 1.8795442234681334
850.811 1.822410179456839
851.871 1.9486972656535997
852.929 1.626984169488687
