0.0 37.705707674688036
1.219 27.32061817611258
2.227 42.65756485369063
3.24 38.536041730690584
4.247 47.2071402907676
5.26 38.300224985214726
6.272 26.4375737907025
7.279 30.70010916090083
8.28 49.16060620886166
9.287 38.053985286663014
10.288 42.23993834447874
11.299 28.21581235730905
12.359 17.803496878518906
13.467 23.37407969147529
14.479 29.506220748612318
15.487 27.72741715493165
16.5 21.32141930994867
17.507 27.99217363978674
18.527 28.33800582824557
19.54 23.679586764838245
20.547 30.12716993424316
21.559 30.076329247642313
22.56 26.250809140732695
23.567 24.43384648228662
24.579 28.660030651801474
25.58 44.86501925868298
26.587 31.648996402857204
27.607 30.445791385666066
28.619 32.67287667353242
29.627 28.675363040380045
30.747 26.53624831161049
31.76 28.533826204107104
32.767 35.583271576092585
33.78 31.225722620502346
34.787 35.583271576092585
35.8 19.19906860055678
36.807 26.568842776743033
37.827 29.74319619993199
38.828 28.020401165719118
39.84 34.93536536618411
40.847 26.43011657176972
41.859 33.75511653635312
42.867 27.825815046396016
43.888 36.73313518050269
44.9 33.38102597156198
45.907 37.00660243913629
46.999 28.5292053921516
48.007 32.94111952577094
49.039 37.13162724691162
50.047 40.52468661088604
51.048 36.61209840769802
52.052 40.4482089049244
53.06 34.46143624584445
54.067 42.22548227022377
55.068 31.600056957498307
56.08 37.29586302606436
57.088 28.77376093206269
58.1 44.377356005705124
59.107 31.41177459231354
60.127 35.36395768645941
61.128 28.73633232411861
62.132 29.027538155406543
63.139 26.8060645872867
64.14 18.236008667803706
65.159 31.882238854286644
66.179 29.606238073907708
67.187 33.65207893996637
68.199 37.15782222728308
69.2 45.58095041708247
70.207 32.835105455357244
71.22 37.02322904167465
72.227 31.88621821340087
73.239 40.36450998397417
74.24 26.34989512952639
75.26 31.38258496679035
76.267 34.871606144461595
77.28 29.33918865647718
78.287 35.34604976554892
79.307 28.669444492783423
80.327 40.28212398725275
81.34 18.019984873111994
82.347 16.60552673545894
83.36 22.402590821516444
84.368 20.380836541156814
85.38 14.497044692454466
86.427 9.354514699519289
87.439 20.064230109003987
88.892 10.364730633857686
89.899 10.912203283305956
90.907 5.549086734036824
91.92 27.590559222203655
92.927 38.66715511250538
93.939 34.561274801392976
95.047 36.52554553444593
96.051 46.396474920380136
97.072 40.33981541796334
98.079 40.09048597554908
99.087 37.54226037431571
100.092 49.02104847826161
101.099 48.39324934326764
102.111 33.38102597156198
103.119 50.0041454673345
104.124 44.78514363445779
105.127 44.874446014679236
106.139 41.11328505775099
107.14 32.07734439650407
108.147 49.57935839598595
109.152 38.60510239793375
110.259 39.14805131925761
111.267 32.2301601115755
112.28 23.110041057944024
113.287 20.736793119616735
114.3 33.48597785931846
115.507 26.80058335048276
116.52 30.184543422656407
117.524 29.741330077278693
118.527 22.96300293132139
119.54 27.354742476727797
120.559 30.00681303932861
121.56 20.861089581855147
122.567 21.824406566611913
123.568 20.284716154164837
124.591 15.50872047375942
125.707 7.063725792965462
126.727 33.958767314772984
127.739 26.29953299192122
128.747 34.83701129710428
129.759 29.034121216592613
130.767 28.53677446080973
131.779 36.11561419623337
132.78 29.929550921305584
133.788 32.704133054517975
134.8 29.60422971562261
135.807 30.12716993424316
136.831 28.790908562049694
137.848 32.884494439823655
138.859 32.84337139673546
139.867 25.69293680380971
140.872 28.047879457986664
141.887 16.003941572660946
142.92 9.346059634053006
143.939 6.09513389860271
144.94 10.023036217352807
145.947 21.587184756090075
146.954 29.993992777538622
147.967 16.742988929702882
148.974 18.977744840524505
149.986 20.813512831529273
151.135 32.31153295698689
152.138 25.96029669649923
153.166 23.56644334240834
154.167 23.387084507134723
155.186 32.35109530808072
156.194 25.69293680380971
157.206 28.798071450582754
158.214 25.218963861085516
159.226 14.162985959303352
160.255 6.26805034582971
161.306 4.318520361969592
162.314 12.560282984679606
163.327 19.572789875566006
164.454 10.474197755641393
165.466 12.982737129363226
166.514 9.801471008347088
167.526 15.107185023255456
168.527 26.012165421120677
169.534 20.26234949859489
170.547 18.86533963909477
171.554 20.401075703568207
172.575 9.35876055554904
173.607 10.51249168399441
174.614 11.861090525327814
175.615 19.80742871524639
176.786 32.11248171986416
177.794 40.998659553828524
178.806 35.03337433341268
179.827 35.329321097115766
180.83 17.3862537509001
181.834 13.184975149083579
182.846 23.155758250887118
183.855 24.85891787297796
184.974 20.1556096637263
185.994 21.780450760550213
187.014 22.951442736890083
188.027 24.28912478532333
189.035 22.849099146809692
190.054 30.944525946698487
191.066 26.771632523940927
192.074 35.07399776857552
193.075 29.690907201911845
194.087 35.40746489820381
195.094 32.26216622891785
196.106 29.368179949612756
197.107 35.55791419970784
198.115 33.513490360396055
199.127 41.072659282003734
200.134 35.918988991988314
201.154 37.803010710918755
202.166 42.72500764385443
203.174 31.648996402857204
204.198 40.35805549820786
205.206 39.43815214543078
206.207 45.342306697470455
207.215 38.96417920270658
208.394 38.37824573001729
209.407 44.333548151862885
210.426 26.35329710599617
211.434 41.23564602508148
212.586 25.799130302948576
213.587 30.546396090911383
214.594 33.68549709196156
215.606 27.951881353771913
216.607 36.27384535810733
217.614 32.835105455357244
218.626 42.72500764385443
219.714 19.851652353838833
220.727 33.72179460479432
221.746 25.181155971510968
222.755 30.304204645156158
223.767 35.171415132193964
224.774 23.820676656225974
225.787 36.55159555072292
226.794 33.78399269753189
227.814 38.408536825004184
228.826 36.28533330830421
229.842 35.03294499387823
230.846 17.943587961426342
231.854 28.912349511851286
232.858 33.54822032711798
233.874 18.201896692571104
234.894 9.836332601543031
235.914 10.773126182623658
236.915 25.534877982333203
237.926 16.165366736906662
238.986 4.0564929596636405
240.007 7.954946472205769
241.026 17.81654524210136
242.034 19.906863598345307
243.366 10.834930079255367
244.906 3.567723605929557
245.914 30.632032654287922
246.918 35.07459408587775
247.942 42.457607518345846
248.946 40.07113753898281
249.947 40.330788588892275
250.958 35.77687627590816
251.967 44.035797375139204
252.974 35.20749696834764
253.978 37.117179936260456
254.986 33.03951741745358
255.995 37.64350420775212
256.999 33.88494088283026
258.007 39.813727196690614
259.027 33.119214003014626
260.034 43.56887215755938
261.035 36.45335148911046
262.046 40.73882447260478
263.047 43.91044438067147
264.054 34.73287993948828
265.059 51.10418714791926
266.066 45.170639601881525
267.074 42.992949216626236
268.079 47.776472636028736
269.086 43.27286511775049
270.087 46.157323844663644
271.094 40.564929596636404
272.114 35.92959474638747
273.126 52.16699828337545
274.127 49.02104847826161
275.146 46.5141246167405
276.159 44.09773140638702
277.166 38.52842890753206
278.247 38.984718773877674
279.254 44.36047856468019
280.259 41.695123016304905
281.266 48.86769296435496
282.274 45.36281393068378
283.287 45.610544095402965
284.299 44.141306239913554
285.307 38.253219788511146
286.314 42.46270408076744
287.327 31.225722620502346
288.334 36.2949370075053
289.347 32.168817221845366
290.354 31.550500797286862
291.366 27.243732055742356
292.387 21.291180263857694
293.406 17.58211701522615
294.418 39.5629353288471
295.43 30.686469578443305
296.439 27.798237430011245
297.446 47.444362101311256
298.451 38.12971461045845
299.458 40.80215140718007
300.471 31.697356111454067
301.478 37.48104606000533
302.479 30.88412579931709
303.498 32.58552353497776
304.51 21.57853767209523
305.518 11.375350627629008
306.519 28.875890054718656
307.526 22.871789414269596
308.539 27.118925731251935
309.546 28.70383907119945
310.559 15.426000672724733
311.586 13.025717953343067
312.618 20.138338756470166
313.619 31.023683529917136
314.726 18.647758182704823
315.819 9.179377176182163
316.839 9.836332601543031
317.846 19.689410272046356
318.866 16.022731148063993
319.886 18.267474831421467
320.898 19.592130577027937
321.899 21.477934751460946
322.906 20.736793119616735
323.918 24.549175662841954
324.927 22.017898687569602
325.938 15.69280024199149
326.946 15.878093584403825
327.958 17.46768268313571
328.966 18.721931241294705
330.078 16.41568765869212
331.098 17.09648285505977
332.106 18.01097182707744
333.118 15.107185023255456
334.147 10.446750576382849
335.158 15.692282076983942
336.166 8.294526499310544
337.179 19.572789875566006
338.186 18.503301219524488
339.207 18.34724120241369
340.218 26.463723715206015
341.358 16.554128676518726
342.366 25.35755244065583
343.378 19.454089778203
344.386 19.906863598345307
345.398 16.523483619183608
346.418 11.709919763726113
347.419 12.031271961820279
348.426 21.112741135090058
349.439 24.52494153079919
350.458 20.023734980452762
351.466 26.779471269264977
352.478 28.32597191856305
353.479 23.486170495928416
354.486 27.280508208155748
355.506 27.167013851949353
356.518 20.39846139314621
357.519 26.72809657952017
358.538 27.89695899747353
359.539 21.577020740232815
360.546 25.382733724242996
361.559 23.81749129437161
362.566 21.211236740616748
363.59 23.095072221517793
364.598 23.010515619242916
365.599 25.39532025151488
366.606 26.568842776743033
367.626 23.282881401646215
368.639 25.46820851270263
369.646 26.331620966199374
370.659 24.151220255789966
371.666 31.550500797286862
372.671 34.14782063240367
373.678 29.356719273565222
374.686 36.02194365424219
375.698 32.43682690752257
376.711 41.73956395141014
377.718 36.86787623416297
378.719 39.23665598028072
379.726 46.495474859354886
380.73 41.736652023205636
381.731 49.16060620886166
382.746 33.753067004475035
383.747 39.53443728806507
384.758 33.49366849212041
385.846 34.78180005270695
386.85 32.35856712407048
387.958 35.23195873035528
388.966 41.47263249655272
389.979 32.64062309335751
390.986 43.17436951218015
391.987 37.80479366348173
392.991 45.444752358029454
393.998 39.7145379600321
395.038 42.588867560704045
396.042 38.06890249882942
397.047 34.088918417354975
398.058 38.04160284075871
399.066 32.09157153178691
400.07 35.927526733212964
401.078 37.30510066707472
402.079 36.27384535810733
403.146 30.764825520559377
404.158 38.94821138813334
405.198 30.874443981610604
406.206 37.443862482633065
407.219 36.88532451214128
408.226 39.85326416500541
409.238 33.61707573757184
410.246 28.20139009765585
411.386 32.35707807408428
412.406 34.19296571016319
413.418 23.368926832792692
414.439 16.474976001346032
415.466 17.21255586692386
416.479 14.38482147481331
417.486 12.809977767349674
418.498 7.553592511616813
420.186 2.9718777409901653
421.586 7.06668711797835
422.598 18.647931513075836
423.599 19.80742871524639
424.607 21.091795955395906
425.646 5.05814435992886
426.886 5.088811707625251
427.898 18.88398127906386
428.899 28.637246335324914
429.906 24.53234208763869
430.918 24.785225428851806
431.919 27.92131517692542
432.927 24.5080044466718
433.938 29.299122684871676
434.939 25.773521701726942
435.946 19.55068406707304
436.958 25.25732496065324
437.959 25.534877982333203
438.966 21.685680361638592
439.978 31.86671840849257
440.986 26.877869160947622
441.998 26.673623556712354
443.007 16.335860316578263
444.019 23.604976598802544
445.026 24.05789846676964
446.039 28.298009458631242
447.046 25.95567295068239
448.05 29.503399436581883
449.07 26.932815456559148
450.078 20.716220904201556
451.087 18.22987310690871
452.106 9.142700847914979
453.138 5.092453478637844
454.146 4.502742956774818
455.158 3.3046967238323557
456.266 16.906145670410897
457.267 21.0006473125425
458.271 23.317202780429334
459.274 24.293121679284848
460.378 15.23636820414386
461.386 13.982201813114134
462.399 17.92207265714767
463.406 18.740523030024498
464.407 17.520077509404214
465.414 22.773293808699254
466.427 24.99657502175091
467.434 20.26234949859489
468.435 26.489452860126434
469.446 28.35398969491036
470.467 18.11293012854397
471.47 23.816785960143108
472.486 28.449572780308948
473.506 21.175095844094752
474.518 25.021275194861662
475.526 29.38632245479376
476.539 27.21683794719443
477.547 34.36303835438009
478.554 30.937330971444492
479.558 32.35856712407048
480.566 26.403896218005148
481.586 28.33800582824557
482.606 21.780450760550213
483.607 23.72481421532216
484.614 29.415504502830444
485.627 27.826375967679517
486.666 13.43056991262082
487.799 4.638492488936311
488.826 12.095309528098042
489.845 44.40975427603684
490.864 10.549270209122593
491.896 8.101630534217406
492.936 3.675113279689481
494.015 2.4353160287027964
495.079 6.7354049768743955
496.611 4.740315625309192
497.615 2.5789733472730814
498.755 2.2713063514667016
499.855 2.3538993096990763
500.875 2.7692933055219053
501.915 2.2633647208577803
503.039 2.722481408021782
504.059 3.230842189793746
505.079 3.4616166319078387
506.099 3.230842189793746
507.255 2.4434940931088476
508.371 6.327686316389264
509.415 4.96032421584983
510.455 9.506131827637603
511.599 2.880646008372385
512.635 3.6353657292592523
513.651 3.24356204092719
514.755 2.558586206187056
515.791 2.4993139388711927
516.796 2.3421883678583657
517.816 2.3077444212718925
518.836 2.3077444212718925
519.895 2.222756666388218
520.899 3.282329714719132
521.955 3.3436069740083387
522.96 3.2790637150060773
524.02 12.435694466335155
525.077 2.226962450054339
526.156 2.39971199320387
527.22 2.212311381303838
528.256 2.272103580797946
529.3 2.2546928253803338
530.336 2.272103580797946
531.376 2.2633647208577803
532.504 2.504148201800562
533.684 5.186557801031124
534.904 5.181967858181886
536.005 2.7793543166312875
537.024 2.7720109633430354
538.144 2.9423741371238457
539.32 2.401938071131752
540.324 3.047877592229839
541.34 2.3168300292212343
542.405 2.431257502982438
543.444 2.492097440499627
544.867 2.506795684849802
546.408 5.99900587962045
547.433 2.296487131423316
549.489 5.135709895158178
550.493 2.344521224805616
551.533 2.2633647208577803
552.633 2.9958718487098994
553.673 2.4897011929610207
554.933 2.6154436774385674
556.009 3.062694269125355
557.134 2.9292969187390536
558.23 2.7920338527425463
559.329 2.570226725795227
560.449 5.344044930279433
561.532 7.824596043311779
562.596 2.6547736575471435
563.632 2.726524296944439
564.648 2.551023882441421
565.692 2.480162107924915
566.753 2.6622800863777094
567.773 2.5385188634078126
568.849 5.219173786290849
569.905 2.674885579193574
570.949 2.2546928253803338
572.065 2.53107452655134
573.17 2.3432481815988164
574.269 2.7844122862581537
575.449 3.191727877567689
576.545 2.581973648658888
577.581 5.453048593888878
578.586 11.008285328936502
579.697 3.601826126449678
580.761 3.9821604863425426
581.977 3.0972359338122764
583.041 3.5396982100774097
584.217 5.576012515256011
585.441 2.3077444212718925
586.502 2.6622800863777094
587.503 2.821857314330651
588.708 2.539476433706951
589.783 2.8465759094101335
590.831 3.144521978599305
591.991 11.535262733010489
593.151 2.637990605701757
594.512 2.7672585565855026
595.567 3.123657851730268
596.587 3.692391074043759
597.751 2.8311503724913485
599.051 3.259245198046554
600.055 5.157946694567991
601.099 3.607508520604168
602.159 4.219253479659172
603.4 4.172907720665892
604.435 5.685747124867401
605.679 3.5951838331331136
606.699 5.077037726793797
607.703 13.463952303725417
608.999 3.632560663106696
610.155 10.557054598144413
611.235 4.577026435528407
612.239 2.813425469762374
613.355 3.374766035401787
614.356 5.40855985245071
615.575 3.8620169150153916
616.635 4.219253479659172
617.779 4.115208583379767
618.855 6.12538853825071
619.955 9.843578931462911
621.018 2.4358318350525945
622.158 2.2713063514667016
623.198 3.168710609205258
624.274 2.1876387636578496
626.13 6.069606323991122
627.175 2.703042269520405
628.41 2.4777887470585522
629.415 4.215939062153789
630.45 2.9565885049258096
631.494 2.931100672992251
632.514 3.230842189793746
633.534 3.692391074043759
634.59 3.5665141056059837
635.747 5.696558398577627
636.807 8.216440986675984
637.826 3.0030118769385843
638.906 2.3974900376556585
639.947 2.2611904992400147
640.983 2.726524296944439
642.183 2.3538993096990763
643.262 2.39971199320387
644.542 2.3906789864131244
645.602 2.886857643979626
646.742 3.0972359338122764
647.802 2.6647916713590925
648.923 2.519785166483574
649.962 3.3983146915784936
651.022 2.886857643979626
652.262 4.395394925226801
653.263 11.052274481112011
654.322 3.1118593329391393
655.342 3.4616166319078387
656.378 3.4081553711860058
657.594 2.516504196219746
658.635 5.00950987158962
659.67 2.8891018921810177
660.755 3.037289431874705
661.814 2.6673079996527647
662.85 2.726524296944439
663.93 2.8333973172214773
664.95 3.4616166319078387
665.954 3.047877592229839
667.014 3.3309895891988655
668.034 3.230842189793746
669.194 2.637990605701757
670.29 5.584067705485093
671.386 8.161329723409684
672.406 2.3077444212718925
673.434 3.205699449015867
674.447 3.253167851499996
676.262 5.947333044299323
677.298 2.4993139388711927
678.343 2.703042269520405
679.506 2.4287869059712714
680.562 3.5665141056059837
681.582 3.0000677476578255
682.639 3.117747430062978
683.698 9.968107269743456
684.714 3.4786689305880474
685.755 2.7134285990749207
686.974 3.0896135320035825
688.254 3.4940692878345665
689.354 2.7818810023656826
690.57 2.322926950370121
691.614 2.2546928253803338
692.71 2.3624901830848097
693.734 3.677967671404807
