0.0 27.743346635443693
1.019 31.054014363418244
2.029 33.120779723193756
3.349 20.105970406959045
4.359 37.56892894202581
5.36 33.86166329918866
6.361 32.4209611929852
7.37 50.916153792509974
8.499 51.55558245445622
9.5 60.64374743189302
10.501 59.15756410423199
11.669 58.733552274016
12.671 60.6421585683503
13.68 52.34602418679439
14.682 56.48130169212998
15.83 48.562486076532
16.839 60.64683855113586
17.88 41.093755822586
18.881 69.26472293750275
19.94 54.73582091981855
20.941 74.45613627491842
21.95 61.001498425802716
23.072 66.82345731950068
24.161 53.18906203508624
25.162 55.238234718800584
26.17 53.16103273514021
27.179 53.171396528228776
28.29 55.30884476303585
29.301 91.89307354372603
30.302 71.69349962015788
31.534 56.15672203300066
32.59 99.70950015065092
33.591 83.76508973702101
34.6 87.41479258416247
35.601 92.61148527160854
36.61 90.7881990911243
37.611 73.73657965383656
38.613 68.19521454050926
39.62 60.786044410783965
40.621 65.96524898000756
41.622 83.16152016151598
42.631 77.00985999750108
43.632 70.01129024055042
44.64 67.06723625236941
45.642 65.69584700143429
46.65 78.41124129748769
47.7 62.07990538790704
48.701 81.23700907698166
49.82 68.72382224755567
50.821 94.11613913900987
51.832 98.3071801822464
52.833 82.0350158403934
53.841 67.78258486763517
54.851 76.68593731205485
55.852 83.84671760643631
56.871 76.3835948111328
57.872 78.86801338891117
58.873 79.42868364602916
59.881 64.94584399866248
60.901 52.488051172207776
61.912 64.77661465963929
63.001 91.5579984629253
64.002 96.53995062278337
65.021 93.83377125136573
66.031 84.29595110308895
67.042 57.57545313402862
68.051 50.03462697100284
69.161 50.58355383328971
70.181 51.1938594284289
71.192 43.95729128073082
72.211 61.713619221438876
73.231 48.37256040919058
74.232 79.64298162946238
75.242 89.1793095406473
76.391 87.57455054964723
77.392 97.82156775676947
78.402 84.6101048403392
79.411 68.27202585448545
80.423 61.69191602634785
81.442 73.27904559177735
82.443 79.12223157140245
83.461 76.29250678807597
84.462 79.02094151421707
85.463 80.66799728564312
86.631 71.62993657226174
87.632 61.131528569577696
88.641 48.51747084100809
89.642 22.942396537508365
90.652 42.81466647124557
91.653 46.800177139791536
92.662 43.554399962953276
93.676 70.43325979928424
94.682 93.53176879341372
95.732 98.92671377839076
96.783 92.96107873571808
97.832 85.85107969144075
98.842 74.42038271350981
99.843 61.645923173218236
100.844 52.78205013866674
101.862 76.1401795588374
102.922 59.209095748714226
103.923 74.60330476981984
104.924 91.13543094946725
105.932 104.88288740425473
106.933 109.19763281518759
107.944 100.79909821922665
110.035 34.6854226091605
111.053 192.6212963579298
112.062 75.33153065774138
113.072 103.95559466656415
114.073 90.39700657263516
115.083 101.82065121428268
116.177 89.24706469728973
117.183 110.02065865294745
118.362 88.68882288048015
119.363 128.2403621549104
120.393 88.95212289095413
121.442 79.62136516994718
122.714 2.5657299831541738
123.763 153.86566665461905
124.773 97.47741674607977
125.774 77.84498381228308
126.775 85.31244431480442
127.992 55.02367774533605
128.993 70.64087745824493
130.013 80.25704004166843
131.015 62.76335099188893
132.082 77.48816516971274
133.083 98.08214139392867
134.164 96.58920539558979
135.183 91.27855088241014
136.193 76.94935966585115
137.203 83.20586125566457
138.313 71.31513804618267
139.315 105.96131618736739
141.165 40.932014603086856
142.173 161.1717706184004
143.183 58.97114438491377
144.213 79.00131889243214
145.223 61.90678901949436
146.225 77.8988398675635
147.233 70.85245009917539
148.243 89.93772705306775
149.274 74.41140407234603
150.384 80.24173183094827
151.393 96.05197087709372
152.503 83.41977115899496
153.513 77.28181935387026
154.523 49.277257636861954
155.563 54.14879064206095
156.697 2.8723516124680835
157.703 176.46453918242207
158.704 82.59548748950641
159.743 68.74516643850072
160.802 133.2809335943849
161.812 55.47057417044305
162.823 37.77642470149985
163.832 49.43170518431767
164.833 46.5882624519209
165.843 43.011898328982674
166.852 49.595636859746854
167.862 38.97947134858528
168.863 64.9352681249452
169.873 42.00684257563671
170.883 33.09429806226155
171.893 38.506272360917485
172.902 32.842368027754326
173.903 36.145257566495026
174.904 62.49000698235095
175.905 64.14758897530668
176.924 68.64874514012728
177.942 74.66299679424286
178.943 64.7402351130236
179.944 63.30509402971669
180.953 50.286632515224795
181.973 48.57513526487925
182.983 34.35180570839636
184.023 12.552340532961239
185.033 13.733006226642818
186.045 15.049578241098953
187.194 24.10750184445887
188.213 35.30993711214155
189.293 28.322940184925287
190.303 37.69844846530863
191.304 34.24974324323066
192.313 50.40426137373881
193.314 47.05101898719242
194.363 47.18841498594622
195.364 65.47865949010418
196.373 47.33943221835354
197.432 42.85886528599822
198.563 39.11259393466076
199.584 43.685259575919765
200.624 5.981226519246258
201.635 15.06446407514878
202.654 17.996188596368153
203.656 25.71568844981958
204.665 36.772712061436884
205.7 47.09794138973141
206.705 53.76026190338579
207.835 53.072731511410474
208.965 50.86298776647987
209.966 51.12228345815339
211.065 47.27851617696165
212.066 54.76912272910967
213.067 67.21290415384209
214.075 51.13135184209078
215.095 50.41481057333103
216.096 59.77305015680444
217.115 48.8264982019259
218.117 59.44197188513478
219.125 37.31857814136841
220.135 44.96886352653387
221.145 28.955880646824927
222.155 36.37088690697463
223.165 29.51962519793782
224.175 32.04368119554961
225.176 27.76936427738466
226.185 17.520197803672513
227.195 38.346636596111324
228.206 43.44621486399459
229.215 37.0325989359861
230.225 29.596588926717047
231.236 29.32190328922961
232.245 29.236780826627953
233.365 26.82273297471445
234.366 40.21096101455946
235.375 33.884401449437725
236.386 33.64098078687023
237.395 37.916096090323556
238.396 36.735123193136445
239.405 39.50792782745533
240.475 40.69700405430637
241.486 39.62890625125903
242.489 40.467761100618304
243.49 37.78853978682074
244.766 29.60799967915244
245.776 28.812385612865672
246.786 16.15647791369305
247.796 18.102813849515506
248.816 27.463372505806024
249.866 14.763943388763252
250.965 2.9696165046180756
251.966 7.3357834283542935
252.996 18.489203377112467
254.006 26.119639293755302
255.016 24.049688980226076
256.026 26.272582560666056
257.176 25.446029939955174
258.186 20.464872024021133
259.196 12.690551218967627
260.206 21.003421287818355
261.216 20.73414665590732
262.226 19.798574780628822
263.236 18.31067496885709
264.246 19.118498864540502
265.266 16.67265902693087
266.267 16.845132316946984
267.276 16.711573289655714
268.278 10.96392401798061
269.286 22.394139277544763
270.356 22.42500870782155
271.366 29.380024009202565
272.367 31.532786417932673
273.376 37.7358106541174
274.379 41.323024379080266
275.386 40.86629803950816
276.387 44.3974180995744
277.398 52.80447830052794
278.406 41.570689002376305
279.467 24.947506698682115
280.487 29.329815297646114
281.517 33.005556767282144
282.518 66.73743670923477
283.577 48.431080964698445
284.578 43.743004887471706
285.697 35.58584178748748
286.707 37.69844846530863
287.717 21.811245183501768
288.982 2.6037144113064734
289.997 33.008548991939755
291.038 14.107817890052228
292.047 15.934533579573381
293.061 10.314217811544948
294.067 13.801329640707571
295.087 11.998560803564429
296.117 9.769701935854343
297.127 32.07543905592524
298.216 45.19663657208918
299.226 47.779515916053604
300.417 36.688574391121286
301.607 30.42492203763465
302.767 39.51366132548264
303.797 38.462121365852965
304.877 37.10135442313854
305.879 54.509144915716874
306.907 39.532530343654535
307.927 46.927704476184076
308.94 24.049706468319943
309.947 37.55963356671896
310.957 43.021621429154614
311.967 38.29663969803728
313.047 35.46322515983124
314.058 50.388123160528515
315.067 76.08242442549573
316.078 62.98195888689739
317.087 62.38230753750772
318.097 54.45469231723881
319.098 73.53876613059097
320.099 58.2701837609508
321.107 51.733688393198584
322.227 38.53918475934434
323.228 47.27902091948926
324.407 49.37366894446008
325.418 58.1480683534669
326.607 42.423882587221335
327.617 47.62460426735043
328.618 58.142876061824445
329.638 63.21930484147301
330.647 61.5187107429424
331.648 42.58988710039324
332.649 61.01315822843828
333.798 51.16145883389027
334.987 54.638557893095395
336.078 61.7411912769758
337.238 61.50595181983357
338.248 66.78010870996108
339.249 51.67222888573674
340.268 78.86243737674529
341.278 62.6951259353086
342.368 49.0889882369374
343.508 58.096683858395856
344.628 60.88255736097103
345.638 64.356637022886
346.639 55.0006996045019
347.64 60.48545689169555
348.648 53.81681827291375
349.649 72.1626116098488
350.65 72.16161857007246
351.659 79.02216071907307
352.669 72.24453345850496
353.688 57.364461412088026
354.708 54.57045246563079
355.709 66.37636744691007
356.798 64.69282398381371
357.799 71.18426882315543
358.819 46.18510349080789
359.828 51.117521787987656
360.899 55.926458014520605
361.9 70.46947879295024
362.909 68.73308369130388
363.91 57.576247566048494
364.929 63.274724748939484
365.939 64.36825047551095
366.949 66.66062793401838
367.951 76.89448974580692
369.068 61.525914716446685
370.079 80.40771753329169
371.089 80.19718965588959
372.099 76.74327009004818
373.981 18.734930487882703
374.989 151.97775599352556
375.991 52.11350959800127
376.999 56.204074858955344
378.0 59.28586484313467
379.009 60.0427345649513
380.029 66.93816976948241
381.039 75.59294775908009
382.04 66.65918517490988
383.041 65.91778167874882
384.059 56.82915129713605
385.069 67.640291561944
386.179 73.85430979758472
387.18 79.38320242432307
388.199 54.70851959905915
389.21 45.32154091433119
390.211 52.11730931303934
391.219 74.5710006342375
399.286 7.0028854008397765
400.287 39.66756964964896
401.297 44.37559324828625
402.308 64.3264099988905
403.318 60.677378707148
404.32 73.05268188172265
405.427 82.14787754689921
406.648 88.40623379071366
407.655 103.64060550512028
408.658 105.45568270913898
409.659 102.78855410498366
410.757 88.2067421266076
411.758 95.26151121588268
412.767 80.75782673865342
413.768 104.54385121202941
414.769 87.39266403621716
415.817 84.99151300014161
416.818 87.14360966061246
417.819 130.68562329775312
418.828 111.59471469915736
420.809 47.212594629154495
421.837 204.82819721735206
422.848 85.27562699688248
423.858 102.59363475201671
424.859 113.56879529810239
425.878 69.13590901424878
426.887 72.50666475676532
427.987 58.340147385149386
428.997 80.3233683921865
430.198 77.81580216861327
431.217 76.61818247375143
432.218 55.154223553822696
435.227 10.592577533009461
436.379 121.75400581353516
437.398 45.37237909368869
438.408 43.1335369118476
439.428 41.01574303531115
440.437 47.439304822269314
441.438 44.783511964063756
442.457 39.94099939973592
443.468 36.3161187525309
444.498 24.29223184047112
445.508 11.613452691373181
446.557 9.414255399720929
447.588 8.177486638834845
448.618 6.337103958391334
449.648 5.544965963576885
450.683 43.36326494236657
451.743 9.68863154017092
452.744 16.078902826303185
453.753 27.268812589140808
454.773 15.875873507683185
455.775 20.761397153732098
456.793 23.28477928847171
457.884 14.57775090301059
458.913 20.59106614886552
459.934 17.92686095120862
461.053 13.069532793202596
462.074 15.02128956019337
463.093 9.923744679201524
464.114 8.790326622002645
465.153 2.6979523952046707
466.163 8.347513588745135
467.173 6.392563526947049
468.183 8.347513588745135
469.205 8.80934834933554
470.223 11.48781656503545
471.494 10.768714899925193
472.514 20.59441084510911
473.523 17.16435572953111
474.734 14.819051057699468
475.873 10.587191296444537
476.874 7.607479110884093
477.883 11.796381494680933
478.904 14.336465049571228
479.924 16.71319997311525
481.134 14.086841565130264
482.334 10.913983293496171
483.353 3.4696525189305967
484.463 2.9401878725958137
485.473 4.039119478417049
486.503 7.635330116531846
487.523 8.532309904763
488.543 9.185058120001758
489.603 6.690591059127073
490.624 10.921314894004793
491.643 9.703282052881146
492.653 15.31912829082521
493.693 8.264618217003823
494.813 5.340263793320191
495.863 2.849182057469292
496.983 4.1280762764553165
498.127 17.604981527052725
499.144 23.49866207249944
500.154 27.67131467622253
501.513 23.035229315441313
502.524 21.23943026708968
503.553 17.63427738260791
504.554 23.618458016561043
505.564 29.857399516697047
506.565 32.79037198953046
507.585 36.036418265216746
508.594 27.36260042271905
509.604 37.58211710018409
510.614 38.89246887246593
511.624 51.16218006011496
512.644 32.62708061785405
513.874 27.89660157587645
514.884 40.929744047992564
515.885 39.79070658166504
516.894 39.82988018007125
517.904 34.2884238140345
519.014 41.507407363679086
520.034 38.41858867038232
521.044 37.052031878168805
522.045 41.02604806217371
523.064 32.540283644102765
524.074 36.03615002496457
525.134 27.27757332017043
526.344 32.52869698115921
527.434 31.429493700230253
528.634 29.770288779718275
529.804 29.629484456158522
530.814 37.96772309709541
531.824 30.09939245490236
532.834 30.48551015306801
533.844 35.45331217031615
534.864 35.238658204099686
535.865 45.3731789827002
536.884 31.244384220535796
537.885 32.52185403416066
539.094 36.691568254939014
540.105 42.50330935486364
541.124 30.259568509843632
542.125 38.309091236875716
543.135 23.783366921028513
544.155 34.395874303607684
545.156 33.38083343993828
546.224 30.670752206173493
547.365 49.7203099032267
548.375 41.46829331181464
549.385 22.521043664928904
550.395 33.92860361880262
551.405 43.622490367102934
552.415 27.710485474438293
553.435 37.3288558333226
554.436 28.170353738767428
555.445 29.320914030257093
556.455 37.613020694722614
557.465 35.274976778233544
558.475 27.84276073203168
559.485 39.31409625677485
560.495 27.76382862146004
561.505 34.736427514411474
562.515 26.38556767659438
563.516 30.973307808595973
564.527 19.56189721351926
565.535 28.898221915531188
566.536 25.225196372919115
567.565 35.36915657560084
568.575 29.36077678564982
569.585 36.08280067384241
570.596 22.49601464856274
571.597 37.49400418926146
572.615 29.840944157814107
573.625 29.12161839538638
574.635 33.39005435498054
575.645 28.83738406177844
576.656 29.34156763753002
577.675 33.79316329685931
578.676 24.779321513919708
579.685 30.188648523194516
580.686 23.892735602509294
581.687 28.799742348456974
582.706 28.860841359481075
583.756 26.026051174540548
584.766 29.620209508474527
585.772 24.037413008556886
586.785 32.05692045768044
587.865 32.02809444043311
588.886 17.458565374237306
589.896 23.696167606754774
590.907 12.595801768357141
591.976 33.34129262120786
592.996 35.54425141026884
593.997 34.88270679601559
595.446 20.461983705588832
596.456 43.083941103280864
597.466 32.396021539870915
598.476 31.19215922350303
599.477 30.42316377300764
600.486 41.674603228907536
601.496 33.51386557101565
602.696 44.99704911378626
603.886 47.13269241959285
604.887 52.70896241097994
605.889 48.97188971878703
606.898 46.26341030478868
607.906 51.67629483183817
608.907 54.77786147909165
610.087 55.79927391567105
611.106 34.16273249402471
612.136 14.786575902896546
613.137 6.507985471627904
614.138 63.40856877445969
615.146 61.56297676748428
616.147 49.7203099032267
617.157 42.82844514404098
618.158 43.05979352210402
619.176 51.31459966308347
620.177 37.77404140593726
621.178 42.38452647494696
622.187 43.00369199092873
623.188 50.84899891190692
624.207 48.634902666065116
625.337 43.98639190625305
626.347 48.738708373039884
627.348 38.55774839671897
628.358 36.47982328549764
629.517 40.798228629828564
630.857 37.66642553738507
631.858 45.916570347859206
632.867 35.73651412778419
633.877 46.954370260323586
634.887 61.12534144020207
635.888 22.296126251720658
636.897 47.169763317522495
637.907 43.93999035330089
638.908 47.02976793587961
640.027 60.03212012400333
641.028 53.0461987189213
642.038 51.43145469190175
643.047 45.00101818468013
644.057 48.39030479230341
645.058 49.99200558568195
646.059 53.25235377613895
647.067 35.26962543537649
648.068 46.731657395473455
649.147 34.04990774764702
650.148 42.92791783985746
651.167 36.53807096781489
652.168 43.47130920501646
653.177 34.584066568822365
654.178 54.6108321889122
655.187 48.38210898876073
656.198 44.823309187346126
657.208 47.57519788391351
658.209 61.131528569577696
659.217 48.57349240174639
660.238 47.69205584488008
661.239 59.77305015680444
662.241 59.46736833236131
663.248 67.72709817706806
664.249 66.80317594247734
665.268 72.95844436807654
666.269 56.87377122892065
667.427 58.33942538879777
668.458 56.16314329711407
669.468 61.09365049289688
670.499 62.41696914765622
671.508 63.34225359785852
672.509 36.72400114759188
673.517 50.82491759867322
674.729 63.09746317770396
675.828 67.97592555658161
676.829 50.8070926332962
677.858 40.19447520323272
678.868 46.584511317751584
679.869 38.29856501534605
680.879 53.58565174719005
681.888 42.318016233570795
682.899 30.49527496235986
683.9 54.88252787136745
684.918 39.58476925167953
685.939 41.29650828932448
686.94 60.31644152196345
687.948 52.15062993514702
688.949 47.42460055059945
689.958 51.51730228007032
690.978 44.066284939152254
691.98 42.69460225271221
693.069 47.0627529056602
694.07 68.14934066192474
695.079 64.28426963151603
696.099 47.25144732046788
697.118 17.447373226615923
698.12 32.02809444043311
699.138 16.830987060405974
700.149 7.20895014875967
701.169 8.339256898754169
702.209 6.276170266480619
703.221 7.256046651946442
704.229 34.54125972381706
705.239 33.65932898676732
706.26 27.361564390277945
707.269 31.830920775862086
708.279 54.93202490662097
709.289 35.81372288018516
710.29 38.03739555442046
711.339 29.211108838723746
712.539 33.54264331305932
713.549 43.990184089504474
714.729 38.68118643867032
715.889 38.0873956207256
717.009 40.0753204705504
718.01 41.56943942733271
719.019 35.50027124471376
720.022 37.103290660146286
721.029 48.073677579094024
722.04 29.80073017434561
723.229 23.70797524885912
724.239 32.04368119554961
725.24 30.550471472134
726.25 36.62134993766448
727.27 26.21218322225312
728.429 24.478594112197573
729.449 21.330774761870227
730.469 24.53039097616567
731.482 21.812789187635783
732.509 20.92056755491883
733.518 9.703494168201617
734.536 8.833586103403976
735.544 9.207426178687673
736.561 9.312240159960842
737.569 19.965859114926914
738.739 17.107899468526085
739.75 28.514878428012555
740.76 33.40855714412745
741.79 30.321282134090904
742.8 31.774406563514322
743.81 22.196457504129153
744.83 25.78521122394378
746.06 33.18647246577007
747.061 34.23365599905297
748.07 30.63926359722992
749.08 25.850364661968516
750.12 12.856285182177567
751.301 5.066284776211424
752.349 8.823369140542686
753.36 21.54197055161558
754.37 17.56013098390451
755.38 18.041400336970902
756.401 19.40184598047142
757.42 25.622049370518532
758.43 17.371560006302545
759.46 20.06749586821852
760.47 14.153649419881575
761.482 19.30172058951276
762.501 24.816677935623446
763.516 37.652854155222755
764.521 30.008911055032936
765.524 30.616210705376574
766.537 31.427938687978035
767.54 37.049178803940336
768.581 33.24389822012576
769.591 40.12192015238371
770.6 29.527404890397797
771.601 31.057914797340253
772.641 32.277010147217545
773.661 44.380746295513156
774.671 26.59342879606022
775.681 26.253489257130536
776.691 32.58223045937169
777.701 21.749831670957164
778.72 24.822419440162612
779.741 8.507596818367348
780.941 2.7196737821399446
781.951 28.543110980830377
782.961 26.42080171097681
783.981 26.81183883902567
784.991 34.46715288262469
786.192 14.376313393277393
787.201 29.62809475230898
788.211 29.889484140261313
789.221 27.714028561515534
790.223 39.84484310653486
791.381 32.63552227205378
792.501 33.18649555590983
793.502 42.04053749682478
794.511 34.30546153400039
795.513 30.58486196579638
796.531 30.723230348324613
797.533 22.083996504154648
798.541 30.48840648636205
799.571 24.39941253465265
800.581 32.85150509115847
801.603 8.720733862227725
802.611 33.72611336971998
803.621 23.262139417203343
804.871 18.13258995485339
805.891 14.93154233332904
806.901 8.078238956858948
808.152 2.8261997736057634
809.221 4.325019110975502
810.291 2.7959263180889553
811.371 3.0472535373993823
812.382 3.2280994446694136
813.391 5.929913102789877
814.411 11.998560803564429
815.441 13.809335486791005
816.461 17.243155899443316
817.651 21.71268384008145
818.691 29.57247624951146
819.701 26.110781575689433
820.711 17.264086359368125
821.721 17.791219008645093
822.751 9.142978722127012
823.801 9.456944193587915
824.871 6.10020287582141
825.912 4.702605963359027
827.051 20.594544662825562
828.231 25.895228754057367
829.311 28.47701527126728
830.331 24.716918310296528
831.342 23.378157320888757
832.343 30.019989624315762
833.352 27.685340908665903
834.355 18.55481672089521
835.581 32.67919365374025
836.662 37.7151314572092
837.671 33.423146579410826
838.686 22.940318687380024
839.742 22.545425228756503
840.951 20.170397546234494
841.971 22.130678815462723
842.981 17.64083463821358
843.982 32.06009053866547
844.991 22.555382856234637
846.001 33.47626947833322
847.002 33.69026463389397
848.021 18.163193913309094
849.042 23.97361806001173
850.062 21.012809435114402
851.072 35.274976778233544
852.082 18.27425990534951
853.092 23.426892974868586
854.122 11.618023923713304
855.272 2.8723516124680835
856.282 21.293778869084253
857.287 29.276986395360165
858.292 36.29278098652876
859.302 29.830432685991862
860.312 28.29647273990487
861.333 27.22111645183621
862.342 25.824755799869727
863.343 12.72540750500064
864.542 7.224245499205141
865.543 30.863080393423637
866.552 23.63079040923461
867.562 25.028565255434714
868.572 31.970851068484752
869.573 25.969976204419087
870.713 27.156453333668455
871.863 26.369356768770288
872.902 27.79388461813358
873.912 37.429173833521844
874.932 19.858238944946216
875.942 12.06952675724816
876.962 27.996641874867695
877.982 19.197697285698112
879.003 19.445267981988533
880.013 33.59552863938144
881.023 48.16472823670584
882.033 24.97719048995687
883.243 19.151972742676325
884.252 23.719652411134657
885.342 17.497895807413457
886.352 20.464872024021133
887.362 25.850364661968516
888.373 21.38773196886848
889.385 9.405986400671315
890.494 7.942095244596901
891.503 18.043715185198252
892.513 39.044821624739555
893.713 22.455698309734075
894.723 27.92307071000712
895.733 28.075423462280753
896.743 23.040302786961657
897.923 28.30887521328355
898.933 36.3520753058777
899.943 27.362672408090443
900.953 32.33657640909387
901.963 48.20015910921781
902.964 36.20225804950711
903.973 43.126640747562746
904.983 34.51478772239874
905.993 46.853785949786875
907.003 38.67909628413044
908.013 29.499744541635625
909.014 34.25907781722755
910.023 26.158530148473545
911.043 32.88406356991719
912.044 32.30060477229314
913.054 35.72455518414386
914.064 37.65947450547091
915.073 29.11048250445575
916.093 22.435905362215532
917.094 27.712959618138974
918.253 13.107338999297964
919.263 22.34979444729899
920.264 19.29039345974003
921.283 15.019357842108501
922.304 19.711641516007436
923.313 21.563320373756518
924.324 17.962595752534117
925.364 19.48495477771816
926.533 31.46289277389278
927.563 13.981891862866012
928.574 12.374381204590936
929.604 7.393287951460699
930.654 10.4246588065463
931.664 9.693886748225768
933.174 2.5215518509938044
934.184 7.816703635495748
935.194 12.365374543605302
936.214 16.531350440464337
937.224 10.796771077549353
938.234 18.954335821412982
939.244 17.538478783989145
940.245 23.90465207980037
941.254 23.132493285451915
942.264 27.087098954418828
943.274 24.342584193844893
944.284 19.278331467699857
945.304 22.063825235922597
946.514 21.72249231166828
947.524 34.46715288262469
948.545 29.900818626522994
949.555 28.12089308213284
950.694 25.0485796717746
951.705 23.672729260958732
952.727 23.014852562261623
953.744 27.811806621739535
954.754 19.79719691334928
955.764 28.543110980830377
956.785 20.120548256789967
957.804 20.085767929650267
958.814 26.927463189612663
959.975 12.852219283044201
961.005 19.011311875149154
962.015 10.349948406198124
963.034 11.743439294820993
964.064 7.92137994797053
965.094 6.0730579601115675
966.146 3.3608136091024385
967.181 11.29912779054391
968.201 10.132118011898298
969.221 7.010270247262857
970.231 9.693886748225768
971.241 8.03808396789608
972.261 7.604740852391082
973.341 9.337833817060332
974.489 7.21470402617439
975.509 5.5993283749983895
976.529 4.570406957153106
977.619 9.247058659321144
978.639 14.929444987359346
979.649 20.022773469021402
980.73 15.881168489028735
981.74 22.475770883256057
982.759 14.74953499945978
983.939 18.856011698084043
984.94 25.490337992950003
986.08 17.048709129457908
987.099 18.46052580932216
988.109 14.810104754237264
989.13 11.720435496011811
990.141 12.823318280136235
991.149 12.411209720093732
992.16 10.648441339472617
993.17 22.619069079185174
994.19 18.66653733158101
995.21 19.781447929070403
996.28 21.491361063721858
997.29 26.575713359679984
998.3 10.723153597767528
999.35 12.432794432636198
1000.36 5.385492637897682
1001.37 14.907933330289444
1002.38 23.0416806542412
1003.401 26.539215782104844
1004.56 37.864330912990404
1005.561 42.043318008148795
1006.571 36.503640705384655
1007.591 39.82641200827712
1008.601 34.19531935440836
1009.611 48.44364793932515
1010.621 38.37478445584225
1011.63 28.377518763891736
1012.682 32.315515472272644
1013.692 47.93088447743102
1014.71 26.044451813893275
1015.711 35.86383009403296
1016.8 28.900522845534713
1017.801 32.87517758627972
1018.811 26.35446724392632
1019.822 35.320438729122465
1020.931 19.851077327528092
1022.271 6.093569519722453
1023.281 57.94955422446183
1024.29 27.493233476471843
1025.292 31.7566699112432
1026.38 7.376856393152771
1027.463 7.533722388203217
1028.479 7.495163966537386
1029.48 17.116827999476783
1030.532 18.026656192855558
1031.631 6.929105177433892
1032.65 15.541834756514538
1033.68 12.674207916757817
1034.696 17.131803352071255
1035.711 10.924856269953947
1036.733 13.039531832174754
1037.741 14.930412328703513
1039.121 16.357458254911553
1040.131 17.1743281487394
1041.132 17.985539194938156
1042.141 28.840940999957436
1043.142 26.106419869785867
1044.151 28.45731723569178
1045.171 21.86404413093189
1046.191 9.196425848510035
1047.192 21.46395891997843
1048.193 19.496747125037196
1049.201 26.297690364122847
1050.211 22.585016073828495
1051.213 21.355832745371508
1052.231 29.921754773955666
1053.241 20.68729916880054
1054.252 12.105372917535151
1055.261 14.016158242933042
1056.271 11.742972214606294
1057.272 13.584784126564537
1058.321 8.920899645393062
1059.332 8.070248611698384
1060.493 7.439577895824871
1061.602 19.952004374416447
1062.742 16.222615542589146
1063.751 17.560786655976173
1064.752 21.510631789416113
1065.761 18.928000472444186
1066.772 26.900828705578444
1067.842 15.219106900649233
1068.862 17.35639767700533
1069.872 18.502985871914348
1070.882 24.234716870551996
1071.892 19.825541611458256
1072.902 20.566834201887087
1073.903 23.625409294970485
1074.912 26.41940218956217
1075.922 30.124115252302794
1076.923 32.06009053866547
1077.932 33.140206812759764
1079.113 29.005557703657843
1080.122 36.388103130631805
1081.132 27.19280105781462
1082.133 29.03489416719308
1083.332 27.30514460284684
1084.342 33.120779723193756
1085.425 22.459267373995125
1086.444 38.97310994040634
1087.445 30.429916443436966
1088.446 23.645071482541766
1089.452 31.693409612690964
1090.466 25.721726445694497
1091.467 33.96196031634921
1092.483 28.062446478938792
1093.492 37.46626914937058
1094.512 31.200740982403406
1095.533 37.292294759913325
1096.613 32.030299345375646
1097.633 32.12343732478234
1098.643 31.953135632104512
1099.653 34.316571674013936
1100.663 34.736427514411474
1101.683 37.30765227987979
1102.697 24.285770560547864
1103.703 32.74433110846285
1104.753 23.517869707577038
1105.773 35.19577835707593
1106.783 37.15989920148655
1107.793 38.164561278324925
1108.794 37.222308506806215
1109.803 36.92718614012545
1110.813 29.3531000966097
1111.843 41.14241281437542
1112.853 34.401999444599944
1113.863 34.46715288262469
1114.883 38.395394571445934
1115.893 27.329603593629965
1116.913 38.62098816749954
1117.923 32.331655454612836
1118.973 24.208201830221512
1119.974 23.63752438024168
1121.354 29.62347445473276
1122.363 43.66572375680787
1123.375 32.813691153948035
1124.383 19.15643239403773
1125.393 16.206868488100724
1126.417 22.885708929953058
1127.423 21.29127384379096
1128.424 27.984655300842725
1129.444 33.59928369277364
1130.471 18.101656969995133
1131.473 18.185443453437614
1132.513 4.368583062242421
1133.544 7.649906855680201
1134.584 12.552340532961239
1135.623 9.253019994813792
1136.674 7.210946706909245
1137.704 9.467631769705035
1138.964 8.51365438692235
1139.984 14.471168704033795
1141.004 13.929128457228297
1142.014 23.233991557273605
1143.031 25.986187652003
1144.034 21.55633993507139
1145.035 22.608337957074912
1146.044 29.25392272048735
1147.054 27.27350471204914
1148.184 27.0047927237104
1149.194 26.537723590738473
1150.204 23.468622669290234
1151.213 27.291865480994158
1152.234 27.103701801926672
1153.464 29.49982295665977
1154.474 37.69844846530863
1155.604 19.027547431309138
1156.644 22.22810302711679
1157.654 34.1978782505894
1158.655 29.34313371336747
1159.664 20.996061607721668
1160.684 28.79654592858445
1161.694 28.812385612865672
1162.714 20.338691030722998
1163.724 25.850364661968516
1164.734 17.860112372075424
1165.744 20.82311751381908
1166.765 20.866705699978798
1167.974 22.550978698320737
1168.995 28.235594603966327
1170.014 23.671247777115042
1171.015 26.880792286570696
1172.044 30.843031798756446
1173.055 21.76341350547393
1174.064 21.55957674175167
1175.075 23.99758429766979
1176.084 22.41627737208183
1177.275 24.718616517200402
1178.284 28.301857990463795
1179.304 18.073465662655458
1180.654 8.461207322213163
1181.674 11.198656749996779
1182.682 28.928822727177206
1183.692 4.846943374100459
1184.699 38.17895450842916
1185.709 14.394185677325153
1186.719 13.31767766429328
1187.889 10.65110409394173
1189.109 11.729750174491597
1190.139 13.0322527462955
1191.159 10.61821954933324
1192.169 11.538457344336665
1193.179 13.120445806730135
1194.409 12.548411647782292
1195.419 17.942981246356148
1196.429 19.415330841818697
1197.439 18.01777975521342
1198.489 18.232455224944164
1199.499 28.2738363490436
1200.599 16.400818516354693
1201.613 21.04996827641945
1202.619 29.903787584351527
1203.629 28.009285833359804
1204.649 23.101322623147777
1205.66 24.675807676376014
1206.669 21.998369819898574
1207.679 25.796431000309642
1208.68 33.71628227608345
1209.69 35.26926847098584
1210.729 22.792914135877787
1211.73 27.0164415196691
1212.739 25.40093724989133
1213.749 23.120415926733006
1214.77 26.48819979835814
1215.779 31.875056226738455
1216.78 34.89601352911778
1217.8 32.08874363048517
1218.801 29.807081896420286
1219.81 31.241594284289643
1220.819 30.455825628694054
1221.87 24.86670977012392
1222.879 34.501312597901084
1223.88 28.232716636671086
1225.11 29.731440684315608
1226.12 34.46715288262469
1227.13 28.803527894551298
1228.14 36.3520753058777
1229.16 21.938499137858297
1230.26 30.467286516417015
1231.261 39.124178284489965
1232.28 28.514792167335905
1233.37 27.832006866301505
1234.38 36.62134993766448
1235.39 29.242870714991952
1236.406 23.23532137743031
1237.411 29.207337502328517
1238.42 35.21144295912683
1239.45 31.60792732760581
1240.463 40.27157624099531
1241.47 33.55961393084003
1242.471 31.865057526743886
1243.48 44.47434827079982
1244.481 28.899443541851134
1245.49 35.84902012138668
1246.5 10.927471629857916
1247.51 33.39005435498054
1248.52 25.000220557325733
1249.53 30.1587587722966
1250.551 22.585212912007737
1251.56 34.501312597901084
1252.561 25.03314248057502
1253.57 35.30993711214155
1254.571 27.231533935122197
1255.591 29.88370319033802
1256.801 31.166132661111575
1257.822 37.292294759913325
1258.831 28.74380360084101
1259.904 28.549956473546967
1261.101 32.863870870312795
1262.111 39.38023388544729
1263.181 32.36886706882183
1264.331 37.65188853310804
1265.341 50.623630796292886
1266.351 30.92229407707912
1267.361 33.84219165732039
1268.441 42.54718160871333
1269.442 54.92701605329721
1270.461 44.79956646455201
1271.462 45.19006244809455
1272.471 45.655365653191986
1273.481 41.26850255789651
1274.482 48.918330980709676
1275.541 43.731811950737374
1276.542 54.33913650620844
1277.551 39.7020055919827
1278.561 54.3934756427989
1279.571 37.508499620352566
1280.581 53.31637711515475
1281.591 33.42548522749251
1282.592 54.0674408237532
1283.593 42.4268299693191
1284.602 41.019764059330086
1285.611 47.15163625737219
1286.803 46.0991518465387
1287.812 51.48242739222906
1288.822 53.58565174719005
1289.831 41.08399690318708
1290.832 48.36183149070196
1291.841 34.23177109340278
1292.852 25.265344843412393
1294.012 21.80428118440469
1295.022 23.696167606754774
1296.042 13.865003595230558
1297.061 10.142061209151159
1298.091 10.297793932364174
1299.102 5.862532209069898
1300.112 3.7698448465308627
1301.132 3.1996162142705935
1302.152 6.399232428566037
1303.172 10.398752696429131
1304.202 12.410161918502903
1305.212 23.696167606754774
1306.214 22.85640563572726
1307.222 18.105400475037143
1308.223 30.701612126140724
1309.232 29.77684900216399
1310.252 21.36040083793473
1311.262 37.429173833521844
1312.272 31.044136911321818
1313.282 31.86849521428517
1314.292 42.276117207423496
1315.293 29.20430675268661
1316.402 28.249354932880163
1317.422 37.23362916035575
1318.432 33.49260704730966
1319.433 36.55299969830711
1320.622 35.08517473353467
1321.623 42.65622215740221
1322.624 33.73654028737142
1323.752 31.742076241380026
1324.762 36.08280067384241
1325.763 28.231524988889788
1326.782 33.31248813520832
1327.934 35.69872119796625
1328.943 44.204806766301516
1329.945 31.586632761015473
1330.953 36.005133336579085
1331.962 40.970308710085206
1333.003 36.24570042715617
1334.012 46.90022181302418
1335.013 31.069434058894757
1336.023 37.39610501906137
1337.103 50.325488386946176
1338.133 43.30366631975195
1339.393 41.893591884209684
1340.394 57.871180379120695
1341.395 55.546275657218516
1342.413 47.707130511814974
1343.663 64.27828799904127
1344.673 42.00684257563671
1348.295 7.275650565511927
1349.304 163.07261032659736
1350.313 28.426185979805684
1352.024 26.862938000207727
1353.093 51.26007572336728
1354.103 26.38891392579059
1355.113 32.85150509115847
1356.115 30.144193925408935
1357.123 46.453216537099294
1358.124 38.04613430440244
1359.133 55.79509146718415
1360.143 32.57475060846111
1361.145 46.41359448551021
1362.153 32.082211878878844
1363.163 44.430314262711796
1364.164 34.28330798762083
1365.173 46.90022181302418
1366.174 39.24691800074462
1367.194 43.76590049053062
1368.344 39.760275352762804
1369.354 49.81580690068403
1370.364 37.668922738173904
1371.383 45.1194063848616
1372.393 47.66160984539573
1373.414 33.61252352796439
1374.434 36.355288399656665
1375.444 48.20015910921781
1376.454 40.61854288343093
1377.484 44.38964520108021
1378.894 22.567505851795314
1379.994 42.459117664592696
1381.004 21.024237364411984
1382.006 49.399264306350695
1383.014 46.08249350217879
1384.015 49.85635635258354
1385.024 49.70774878668388
1386.025 49.075231265120884
1387.054 42.93614568803599
1388.064 44.701950952798576
1389.074 44.96886352653387
1390.084 32.789501064200394
1391.085 37.235813847664865
1392.104 40.12034544685037
1393.105 48.0901358079982
1394.114 33.25448610573559
1395.125 35.61272500785602
1396.134 34.136801060325155
1397.154 48.835412159386344
1398.155 44.087589689608784
1399.284 34.10545078173365
1400.295 47.345458521917465
1401.296 37.2568662909727
1402.305 45.282972784791774
1403.415 36.64291524524504
1404.424 42.318016233570795
1405.425 27.284363651272514
1406.505 30.71193238382259
1407.514 25.68280410573236
1408.515 23.36582869771188
1409.534 11.333534889599017
1410.535 14.671566856708587
1411.754 8.72302529104195
1412.785 7.649906855680201
1413.795 7.808964324947912
1414.844 5.444532833652065
1415.934 4.491204410883563
1416.944 7.539689693061725
1418.114 3.2543105085473467
1419.185 6.60238266439432
1420.195 6.193316533581092
1421.284 2.9968857103392423
1422.315 2.637898915748366
1423.324 3.234498056067206
1424.367 5.475853252640936
1425.437 2.7959263180889553
1426.497 2.822302981472076
1427.657 6.7858164278483155
1428.677 8.265675220232168
1429.837 6.670474344285693
1430.857 7.199136482133686
1431.917 5.901178961237203
1433.677 7.840031186543321
1434.687 9.963161380111954
1435.688 19.116412891101437
1436.837 25.38650803579919
1437.897 30.01041334825779
1438.908 25.372908829664347
1440.087 35.297017646023356
1441.088 39.4034210693944
1442.097 38.186819794569764
1443.098 39.2653885404849
1444.099 40.45941956639775
1445.158 33.042251511763176
1446.168 41.74524463289005
1447.177 48.98936550727499
1448.178 46.911397594740194
1449.179 39.758730701066106
1450.188 34.87981349750373
1451.198 41.19901868002786
1452.199 21.078858095116303
1453.207 32.1346747218709
1454.408 40.0640746390934
1455.597 36.849774604533174
1456.738 41.5425566831059
1457.907 41.90719901353158
1458.978 46.25733097305317
1460.128 49.44682260435544
1461.138 47.94644018318702
1462.148 29.921371925696043
1463.158 47.66160984539573
1464.168 36.414473009343354
1465.278 35.0578358912671
1466.288 45.916570347859206
1467.289 33.55024602568032
1468.298 44.61069528933809
1469.308 45.919788779842904
1470.309 41.5172055351973
1471.339 42.98029941992136
1472.348 41.72100544463107
1473.349 41.57539766599067
1474.579 32.52216760877042
1475.688 34.39496953493938
1476.758 34.91006086562334
1477.858 35.37383249179815
1478.859 45.916570347859206
1479.86 33.36534201952698
1480.868 37.23362916035575
1481.869 14.969478789308578
1482.879 24.234716870551996
1484.33 13.70628072946106
1485.331 46.85419850372315
1486.348 44.98345471305456
1487.349 56.171890715559215
1488.359 44.262411294228386
1489.369 43.083941103280864
1490.379 29.391089865551212
1491.389 28.462407326595862
1492.399 31.774406563514322
1493.419 24.04916214862431
1494.42 41.841135109787956
1495.429 36.236190484399
1496.439 39.044821624739555
1497.478 7.353546702116444
1498.499 52.53322257674815
1499.508 16.711573289655714
1500.518 26.658188557577375
1501.519 21.705466193357577
1502.528 21.83286187842879
1503.538 17.50285107317368
1504.579 7.206690165403176
1505.909 2.678466603627191
1506.94 30.072047639491608
1507.96 5.6048232998071414
1508.989 6.844046344488035
1510.019 9.24160993931966
1511.149 8.347388344064695
1512.16 11.05745978762514
1513.169 11.121542566672082
1514.179 19.68244025370838
1515.21 14.687774883974685
1516.229 21.570214769980062
1517.33 16.87400046125532
1518.339 23.355534939901126
1519.36 23.121729016696158
1520.38 19.793532249572685
1521.619 21.818087118003334
1522.621 17.371169865967293
1523.659 8.695009969235075
1524.66 12.769697078975138
1525.67 10.336760248064692
1526.695 10.3480270735196
1527.82 4.971224377225878
1528.85 19.312223944808565
1530.1 32.619544679635915
1531.11 26.575319683420904
1532.23 18.655688363426254
1533.24 21.15754558370516
1534.41 14.488580520670158
1535.42 16.69502717749027
1536.64 17.85266640317096
1537.661 14.117797302008015
1538.68 9.341372166328668
1539.7 14.059717081938894
1540.701 24.052019182458245
1541.71 28.665187328788857
1542.741 20.050152877271135
1543.75 34.51195239414109
1544.91 33.73850205462097
1546.15 34.5013763111799
1547.16 30.671325396061192
1548.17 22.49742308319627
1549.27 21.103497398009758
1550.291 13.58505023399505
1551.32 13.215130136735006
1552.34 12.837056719354049
1553.35 25.58109002993323
1554.351 14.180210775853986
1555.39 12.826180493253895
1556.4 8.347513588745135
1557.64 5.509026058068019
1558.69 5.439347564279889
1559.699 10.242577177546151
1560.84 11.246932191360676
1561.86 12.977585672240595
1562.91 15.261149135886512
1564.05 19.23191909653947
1565.21 31.48341864397283
1566.38 38.053615204017646
1567.39 28.083887504087535
1568.391 30.175301045184256
1569.58 33.86399765255157
1570.581 24.128681853116163
1571.59 27.90877662945752
1572.61 28.175567781587425
1573.63 29.086764528854086
1574.64 28.812385612865672
1575.65 8.7169788548841
1576.66 15.348654018009636
1577.67 16.964301809376455
1578.681 14.870966886222638
1579.7 14.67929911852003
1580.71 10.501710643909178
1581.73 7.46577116666452
1582.741 8.877273472865737
1583.84 19.333078989849376
1584.85 20.20130569938265
1585.871 26.660524781958546
1587.04 25.42513155259854
1588.05 14.331591135705102
1589.06 14.51622534967254
1590.071 20.444629816289318
1591.21 27.115365021053012
1592.212 36.83040387290017
1593.221 36.413717454940915
1594.241 39.792692856048134
1595.251 44.29370856502599
1596.261 40.861834875408746
1597.271 44.966698306363405
1598.272 58.142876061824445
1599.281 43.68463895028911
1600.381 56.0038088032765
1601.401 52.28827006711768
1602.411 46.03907271765606
1603.46 48.9633247791704
1604.467 72.54267879801189
1605.471 64.1513532289696
1606.472 53.68512051036419
1607.473 62.10192703806043
1608.474 70.7451466345108
1609.493 69.3482215403939
1610.551 61.63755085305588
1611.701 52.60231494758583
1612.702 55.425919236526454
1613.703 33.718069747631134
1614.711 42.6298072994513
1615.721 33.46347499668253
1616.731 56.00912343426511
1617.732 51.20232246402597
1618.742 73.5918908088321
1619.744 71.80468459509326
1620.753 68.57643051848034
1621.762 79.65700189447827
1622.763 80.43800927379363
1623.764 97.20369840863442
1624.782 70.17157399596512
1625.792 58.37866145968133
1626.793 71.18426882315543
1627.802 54.64261497863679
1628.812 57.317506824754545
1629.832 72.72288741511359
1630.833 68.00475407059088
1632.042 56.67269669106512
1633.052 65.97228481435222
1634.053 60.04375279973187
1635.253 61.34640384030188
1636.262 63.34225359785852
1637.263 43.515797386946225
1638.382 39.42570438501842
1639.412 40.39903773464225
1640.432 23.486878589617135
1641.45 50.31661311997648
1642.452 27.413877444701676
1643.46 19.89308171238145
1644.49 17.16298988729019
1645.54 5.439347564279889
1646.58 4.96863479428266
1647.66 3.77732469741659
1648.832 12.027288172299366
1650.072 3.070599431458746
1651.109 2.628004210124965
1652.119 14.084362380117616
1653.279 24.89195276999583
1654.28 32.538139886591836
1655.289 23.132887351993126
1656.349 31.184872497015395
1657.359 41.68678369300922
1658.36 54.94449355326117
1659.539 50.798870870586555
1660.55 49.12173911919677
1661.559 50.71399766419837
1662.56 48.27623146193284
1663.569 50.9502405472688
1664.57 63.864374031296926
1665.58 87.23828823581346
1666.581 108.6782730126654
1667.59 77.79661381913907
1668.591 81.81158189096826
1669.599 44.787489640051184
1670.61 31.496780229793824
1671.619 53.09967642046148
1672.62 32.60348190382447
1673.626 36.746211479090036
1674.63 66.90830918201625
1675.64 47.999384164403466
1676.65 38.731258402126436
1677.801 32.37144293239749
1678.82 36.05275251586314
1679.83 27.19673782139945
1680.839 28.840940999957436
1681.99 19.718467455377873
1683.01 24.7970256606965
1684.02 20.89968874498879
1685.05 18.219173880359556
1686.06 6.731865797378315
1687.08 13.488440575846461
1688.09 19.767868024368944
1689.091 17.519406324402272
1690.13 24.685307695330827
1691.301 13.013595788871678
1692.36 28.06213772141206
1693.381 25.678424262706045
1694.391 21.703181022004777
1695.551 25.107555059919452
1696.561 36.10346868291126
1697.571 38.86097476353879
1698.951 15.656799540980876
1699.981 10.713335982644397
1701.001 23.197217553536355
1702.01 9.174656888555877
1703.221 19.320517579619555
1704.231 22.34979444729899
1705.232 18.37699547439363
1706.241 19.020606106373933
1707.251 14.104046198215714
1708.261 15.887203281806862
1709.281 11.131218445265443
1710.291 18.849224232654315
1711.301 19.374979014676587
1712.311 19.590910499441627
1713.321 21.680544631168353
1714.322 23.132861566409144
1715.391 26.48144333817871
1716.401 36.62134993766448
1717.411 37.638412820142975
1718.412 39.793685700994025
1719.421 36.388103130631805
1720.422 32.87517758627972
1721.431 38.714474874740965
1722.432 35.584785917382
1723.441 37.7358106541174
1724.451 26.658188557577375
1725.462 30.997109135340224
1726.582 42.317396986166635
1727.583 58.41457174427969
1728.603 44.292248291307786
1729.752 34.564657849231295
1730.762 40.68172793966326
1731.772 32.74245673881497
1732.782 41.19901868002786
1733.862 30.455189015536618
1734.882 24.263756291634838
1735.892 38.2369977291307
1736.902 40.391194784170494
1738.323 14.561846234355947
1739.342 31.56182132794549
1740.362 30.27999372391232
1741.372 47.66160984539573
1742.382 43.083941103280864
1743.383 34.049546424670986
1744.402 46.545660748946766
1745.422 34.78257255943226
1746.478 34.2534671423919
1747.482 48.313566189591064
1748.486 30.454828883908917
1749.502 42.82950838017813
1750.513 35.6679818270921
1751.525 37.818823182168686
1752.532 44.29260181435682
1753.542 33.57094864349269
1754.543 24.724307110360876
1755.552 24.460497482448393
1756.563 34.67768523814463
1757.722 39.24842940900188
1758.723 14.399871174178786
1759.732 17.520197803672513
1760.752 7.999040535701335
1761.861 15.05529086955641
1763.302 5.468905036921151
1764.311 8.953388533479998
1765.312 15.779799245971605
1766.344 11.055532795793544
1767.352 10.48053765121005
1768.381 11.348976014062195
1769.421 8.368227021957592
1770.441 11.646946058764888
1771.461 8.218702296994229
1772.531 3.8718971652557044
1773.571 4.184113510978796
1774.581 2.6927463189612664
1775.724 4.52089255125069
1777.062 9.942705509102067
1778.365 9.279216226628687
1779.374 13.171082575158644
1780.534 6.425051069933631
1781.591 7.461735069256222
1782.644 3.266242678336267
