0.0 14.77323720728943
1.041 47.033282069911635
2.043 6.824440983243903
3.061 17.14776679482403
4.212 17.316903689193257
5.223 13.58800192034384
6.224 21.571559617269745
7.432 16.760063723314683
8.463 21.911071985808363
9.664 15.506238270128973
10.672 23.764865158555427
11.683 21.670439397014043
13.014 15.054692640614517
14.021 21.787587335622927
15.022 21.489323202030786
16.152 15.299631627333513
17.153 21.011019814748895
18.154 20.637369311220827
19.162 21.26605873560948
20.372 16.536636840077968
21.382 21.90922164411355
22.612 17.281225035647825
23.623 21.21449596992259
24.631 22.230396522762444
25.682 13.108676330273918
26.691 21.942516209103367
27.911 14.431303381534281
28.912 21.814041757429294
30.111 16.761068950573474
31.112 22.504725170383427
32.262 16.171160725154408
33.263 21.609987848574477
34.264 21.842478648777515
35.272 20.84195872470252
36.282 23.51963289841695
37.303 21.13782507448626
38.304 22.260321618490345
39.322 17.537723501784146
40.342 23.29646503636332
41.422 14.155612029895751
42.591 17.127261017865475
43.602 21.615396435304582
44.603 21.840301048930385
45.611 22.382533179313295
46.612 17.343557501487464
47.992 16.335879793382738
49.211 12.742593795320738
50.212 6.4836112062854
51.231 5.26063343251966
52.391 15.22074875933287
53.512 16.639489683064486
54.521 18.090767103586085
55.571 18.428949234769302
56.591 20.81963956177048
57.592 22.607328548266782
58.681 23.52989204998967
59.691 21.531173194655405
60.701 19.481395350319133
61.711 16.16539155404028
62.721 13.522617778192163
63.861 12.578935135014897
64.881 14.057049944242014
65.882 13.755001156834192
66.891 15.1148429678938
67.991 15.623408668554928
69.151 15.577339115816645
70.241 14.912241727421609
71.262 19.536617400294297
72.281 16.06376263858271
73.471 15.96754274896819
74.481 15.150912751043688
75.491 7.9839265981222995
76.5 12.065340385107898
77.501 12.756379516157162
78.502 14.702257061501074
79.52 12.577615259103046
80.521 9.077004451173634
81.522 11.921718329570568
82.53 9.6633489888937
83.541 11.081517928189834
84.601 14.115812522422615
85.671 8.619527609164239
86.68 8.752531165992881
87.69 10.153674717648
88.691 12.410141151010025
89.7 10.299965968287891
90.781 11.754571401318156
91.79 16.9281259763761
92.812 7.666984904445868
94.03 13.027712276944829
95.031 13.901797000886283
96.2 10.897790049398512
97.211 18.82596118133784
98.231 13.045728777738013
99.331 15.148170573324066
100.47 13.950327572374084
101.68 14.129238564300048
102.7 12.963012888665085
103.701 17.752177695744862
104.703 13.84287882623739
105.71 14.580277383184038
106.711 15.568557491961803
107.73 16.18669991845899
109.28 4.16515336297043
110.281 12.120264191947458
111.29 13.813050891457676
112.3 9.992317871354546
113.48 11.90423587247258
114.481 13.403126651072187
115.801 9.864075475478694
116.83 9.270128534487155
117.84 17.912514228107522
118.89 13.904293127995793
120.1 12.751538723496964
121.101 18.49230543305575
122.23 14.989958689944903
123.231 19.848693908191198
124.31 15.479116940784946
125.54 16.43297785499139
126.541 16.280248337940503
127.558 16.668759772999504
128.56 15.576693768697478
129.561 18.788587097266316
130.57 18.334122416564604
131.571 16.94941194117806
132.572 19.22974319413203
133.582 16.51882779329807
134.6 11.35207302441875
135.77 16.454305454022148
136.86 17.912170640537624
137.861 15.907238304936849
138.87 12.237404663841117
140.09 11.214502692596707
141.099 13.654965246888318
142.1 13.247620407888025
143.11 12.284448366816186
144.24 11.479858282014364
145.242 13.696357451290401
146.26 14.962321438885626
147.27 12.654769311459848
148.28 12.821585122648758
149.341 11.584954219721407
150.569 13.273190306918861
151.57 15.978074344857214
152.669 10.604174187611262
153.67 14.211144263859067
154.671 11.476975597864286
155.68 12.809003722788681
156.8 14.519217791101257
157.801 15.261259734651127
158.81 15.30355452915398
159.82 17.141911508238643
160.83 11.829703895227146
161.933 12.428718396296762
162.939 15.901974350266585
163.94 15.053106814424012
164.97 15.054157559168981
165.979 19.49511681829046
166.98 13.298345673373756
168.019 14.022991777158579
169.12 16.586315879978073
170.13 16.463349475551265
171.249 7.36825027103501
172.259 10.495177405699843
173.26 9.462567706487912
174.269 4.726303290389141
175.279 8.220185520981838
176.309 6.9822589219964
177.319 6.695737833943058
178.34 6.182922151297584
179.349 4.172241063406878
180.78 1.647623894221057
181.79 9.69080527502717
182.805 8.556778955448152
184.31 3.5814462282196873
185.411 6.531995176797383
186.431 11.755461474704456
187.611 12.901869777322077
188.711 15.421516988173872
189.72 15.61019493138465
190.721 23.057579326450995
191.731 17.639058172298665
192.74 18.36551080422089
193.741 16.565513909259323
194.96 10.78391818829106
195.961 12.23567698033518
196.972 13.927391241955934
197.979 20.604428773652344
198.99 14.471099022883733
199.991 20.49864339585653
201.0 17.823521033988822
202.011 17.067630256584692
203.242 11.952058838664751
204.28 17.040952579094
205.4 15.8449437400245
206.41 17.489254019230604
207.411 12.308562525933679
208.51 14.068973677650499
209.52 13.935975678677176
210.53 7.992178521808931
211.532 9.74117609164123
212.55 7.973959690985917
213.56 7.052474842643444
214.569 8.119553195206827
215.57 6.806024067956286
216.58 12.54787516151419
217.73 10.691947423896183
218.9 9.252272768170018
219.931 5.784549867484929
220.95 4.13129659762016
222.07 2.344634493445147
223.086 14.142555165998361
224.1 12.12407909714638
225.131 8.560541817788945
226.139 6.802899995066745
227.18 5.596203057637902
228.29 5.472777581436266
229.31 5.674963671894541
230.36 3.232298458698451
231.55 6.002415152851415
232.56 10.497700102500511
233.569 16.638641170579916
234.71 11.570227320265383
235.719 15.471382101740822
236.731 12.257510063553784
237.931 10.166738147611861
238.95 13.412620825207922
239.96 15.744289540616222
241.07 12.832731796002045
242.079 14.40400861895627
243.24 9.983108717969072
244.251 14.800722657738337
245.259 16.819623258125663
246.26 19.15749811900987
247.269 16.51725801347464
248.271 17.15311020364601
249.289 13.45778885992727
250.379 6.40816906687341
251.399 9.74752698215676
252.409 9.636596484021112
253.429 6.706775248615754
254.439 2.9846573219766777
255.51 5.7577873107132
256.579 3.9380647642403552
257.629 2.6728833225268263
258.769 1.6925330249524095
260.538 4.109851270528044
261.829 6.532181097463091
262.989 6.502191918748479
263.999 8.395634113869987
265.019 3.5948727654835833
266.036 8.382983286337284
267.119 4.209784602827025
268.158 5.233538988694097
269.159 3.8392365077176955
270.179 4.643152095189357
271.279 3.3816856464788705
272.349 3.606518969058969
273.519 2.9949198721749437
274.539 7.544242198422579
275.559 8.345253817179708
276.589 6.529871086413894
277.599 9.092350378571789
278.729 8.350669274968814
279.749 12.55370751663317
280.799 4.630408891784624
281.808 3.998397685764924
282.839 2.041605835583859
283.878 1.6673822221339345
284.899 5.497605266701751
285.909 5.188047899619278
286.948 6.220689487916455
287.958 5.185127988157232
288.978 5.693241793351502
289.99 5.830942503701152
290.998 3.971708050608548
292.008 5.6297162459805765
293.279 4.692266650963422
294.298 3.564778656324866
295.309 4.857985267200853
296.338 4.9434704306778015
297.358 3.619385832917421
298.378 4.987089287419076
299.388 5.210137664574893
300.398 3.502751176970519
301.589 3.2773637092369974
302.598 4.346084441048831
303.629 3.2793045000409116
304.649 3.611340518484173
305.728 2.6010449385039505
307.248 4.086829518529099
308.258 4.8627951535989595
309.278 5.667421189613372
310.328 3.695730120287984
311.343 3.801946105315843
312.378 4.7453363334571375
313.398 3.955277710713892
314.428 2.1089439523138815
315.438 7.988877752334278
316.448 7.538830529615479
317.468 6.532543907800515
318.518 8.285107908437396
319.519 10.178357563854933
320.538 12.814670001871114
321.548 10.323156534957217
322.669 14.978434578874104
323.678 15.52861053924981
324.738 13.540143235277705
325.758 15.19319919257551
326.828 7.146170660578739
327.838 8.85939222520293
328.858 8.245693051004151
329.868 10.930625071140472
330.888 6.745870448459853
331.939 8.715571517000349
332.958 6.19694489643024
334.038 2.889273547651375
335.048 8.683562774286147
336.068 8.047828599041246
337.078 5.580458609202526
338.128 4.510490606754002
339.158 4.427773950543684
340.217 2.9238051539833267
341.227 11.079159697531896
342.248 3.264203127108172
343.258 3.2997538542313
344.448 1.9162214996022113
345.627 4.009146004048599
346.648 4.93435692008968
347.657 8.543105810464716
348.707 6.411354175757468
349.968 8.876819776593699
351.137 8.541857962715936
352.457 7.2985629799649265
353.467 17.10598390199802
354.477 13.382208122800474
355.557 15.474044917244045
356.689 15.730100000072401
357.726 9.531348311591417
358.746 8.20710068331213
359.776 6.301062929618625
360.792 4.692478147646332
361.797 5.061523455889692
362.806 2.0387202540288087
363.816 2.9524113432553665
364.916 2.870312204305286
365.976 2.4821882269836864
367.046 2.9507882474075124
368.066 2.0502981013722876
369.086 4.299214902959639
370.106 3.201909438402217
371.137 4.253345490793028
372.156 3.2716164576596793
373.166 4.341781387143073
374.176 2.93527273251173
375.217 4.7179856917730865
376.256 2.972457390338654
377.286 3.576278960043418
378.296 3.8207676206871866
379.316 3.1751336262760144
380.336 4.643152095189357
381.406 3.154865261117205
382.436 4.427773950543684
383.466 3.5350735738143513
384.476 4.16811013166312
385.496 3.242764550770576
386.516 4.987089287419076
387.556 4.080301606994239
388.575 3.7870218811437995
389.616 3.369989779833339
390.656 3.879214677822945
391.696 3.7105531700929064
392.715 2.185943119322708
393.766 3.671717694474207
394.846 3.573125274894189
395.946 20.432207388345944
396.947 20.84923696050559
397.956 21.384006234833237
398.966 20.832739734686953
400.096 16.52352953608391
401.105 22.46330807641771
402.186 14.586846761521564
403.196 10.746797601878795
404.206 16.565292471284945
405.207 13.659058672372714
406.286 16.726401648179053
407.336 19.53752173126786
408.338 22.492502666076764
409.356 22.03305776240523
410.556 16.597722531436716
411.557 19.334011795314762
412.566 24.049350534978622
413.567 16.375037975554196
414.576 20.744547260952913
415.616 9.328781419938995
416.756 14.965442692393404
417.865 16.80057664033375
419.036 16.182167086782652
420.046 19.566199735325203
421.055 14.759404424578525
422.068 14.694922188205743
423.086 16.502499285293972
424.087 17.253763534092446
425.206 12.119461400197283
426.236 13.836544620282876
427.356 14.23667101717782
428.517 14.201298781061393
429.518 25.8858971593908
430.526 18.663962207937242
431.536 16.21388747488928
432.767 14.554834066213832
433.815 20.806254054712664
434.816 19.056047588038403
435.826 20.60746555230793
436.835 20.300535008356764
438.046 16.48962888848119
439.047 18.374971233110806
440.165 15.900584858820558
441.255 17.32599521223872
442.275 18.003528092366665
443.446 16.617421775377775
444.615 15.888035694678415
445.625 15.958458698520147
446.815 16.240580607642716
447.816 16.835920564379613
448.835 16.27629187690859
449.836 18.246108563726356
450.846 22.043427226741183
452.068 16.452733863540992
453.076 21.550106523326296
454.246 16.20662838618662
455.466 11.737060703024424
456.756 14.902324153151154
457.765 16.874880088051714
458.845 20.411549367400685
460.015 18.59090373526189
461.017 21.37190207192279
462.034 20.863907702933954
463.187 15.336620507188803
464.195 18.901580330341353
465.347 12.03018067845611
466.395 18.72044103356453
467.495 17.786400597628585
468.505 17.871635467670945
469.595 14.240545621462504
470.615 20.740694913782036
471.635 16.52394448395553
472.636 17.595774793810484
473.805 13.453788253018072
474.875 19.174850919631506
475.895 20.219509387808586
477.075 18.078895387808014
478.265 17.469250972022678
479.595 14.002249746182628
480.605 17.834311382082813
481.634 8.463537384622926
482.635 12.912141947535062
483.844 10.274108595840513
484.944 8.453573005210888
485.994 11.83698493324623
486.995 10.101373006900166
488.054 10.6225856209511
489.144 10.975702587366477
490.154 13.372686672389124
491.325 7.47083192469602
492.514 9.896618512690715
493.696 15.831970230653866
494.715 16.11547934479627
495.724 11.139700646255035
496.734 11.92669573673282
497.765 12.220160075446652
498.774 7.682784416734517
499.935 8.127917937214624
500.945 9.68585412081519
501.964 6.747960606745719
502.994 3.9168769562403187
504.004 1.7367125548636402
505.024 2.9234661340087076
506.044 5.371378759897132
507.064 8.200563865335114
508.174 17.458665287554453
509.194 8.38573180544603
510.214 13.59419294795769
511.226 11.139746982183508
512.244 15.283884576099695
513.415 13.317588995863245
514.434 13.493907911046625
515.544 9.748121547210653
516.584 8.4958302896558
517.594 11.857379577749088
518.614 14.393067530072495
519.624 17.26911808566761
520.625 14.728388258865225
521.626 14.824458837431585
522.634 18.430414631304803
523.644 6.504674062361702
524.833 11.383090160357373
525.904 16.712265698584076
526.914 18.372590711857036
528.054 15.431316681574165
529.064 18.215423303814458
530.069 20.175667302405817
531.074 12.67167043858328
532.084 19.72819134492492
533.226 15.159636467317304
534.515 8.37661997192413
535.524 16.695064021287127
536.734 17.022291664414865
537.744 22.700280352421444
538.754 16.752801568017855
539.755 18.480648869479307
540.763 13.78108787707503
541.764 14.055381832481165
542.765 19.2603576851671
543.804 19.007737741000497
544.805 18.78845900312938
547.744 2.339586129993296
548.803 8.068554400228265
549.813 2.4313975767994798
551.093 4.650258527719031
552.113 2.9234661340087076
553.133 1.8916545573035233
554.143 2.0840550658235464
555.144 1.6193656723167564
556.194 18.501974829990644
557.214 9.521378221627447
558.355 7.8690896169866935
559.366 26.55721441617846
560.564 17.907439512269082
561.565 26.192938728539794
562.574 24.894549588192934
563.575 19.875337482103106
564.584 21.533323463460015
565.593 15.61019493138465
566.706 16.340899688140606
567.753 18.805922499417793
568.794 16.82063392953874
569.804 14.960737648174446
570.894 17.25906087171671
571.964 16.35120636655356
572.973 18.43413319015117
574.034 16.720126391258518
575.035 18.503065337833895
576.044 22.20302711856445
577.264 19.35493071766137
578.273 20.187562228645774
579.274 21.08710771301756
580.325 21.82656585092601
581.333 22.990443782860094
582.493 11.798874095447168
583.565 18.864691007282065
584.566 25.339191520453802
585.574 21.978149875569773
586.583 7.122368265114833
587.744 16.846364812710274
588.913 17.956811479717082
589.984 19.82099493479603
590.985 18.47334750543684
592.133 16.314487735930662
593.333 16.687905478021698
594.473 16.23506741227417
595.643 17.45334268887479
596.843 17.47337329776492
598.066 17.103038039452812
599.073 19.88819255860701
600.074 16.909446580550615
601.083 17.60926669580225
602.093 14.979399690984538
603.104 27.311582011309003
604.193 19.885037699166826
605.194 20.02981897230395
606.204 17.336910812584886
607.213 17.239849518210924
608.373 14.368071136913665
609.374 20.199543661114134
610.375 18.283255853982254
611.412 21.151469627409934
612.413 24.581386796572843
613.503 19.4150759732398
614.593 14.91859401983852
615.823 22.908372103014454
616.824 24.92429471508918
617.833 19.15250790785131
618.904 17.11975868171435
620.153 15.439739024776246
621.162 23.21075956344365
622.227 13.812119340482017
623.244 17.63641501014914
624.253 16.95887897158788
625.463 13.36689930925367
626.503 13.961301516064623
627.613 15.339606663079168
628.623 17.47008416564087
629.624 19.195798256337937
630.633 18.502247262093782
631.643 19.860602981987743
632.733 16.999910867956835
633.742 12.838485933031304
634.743 18.611561044573946
635.752 16.120669235423446
636.782 17.111065706440442
637.792 17.13772207003585
638.793 16.68989328497285
640.072 12.777106524395906
641.153 13.433084200640005
642.232 15.438713282206054
643.352 16.258460331300018
644.364 12.834763361984116
645.512 9.334866475720098
646.513 9.612181620831409
647.552 5.972390099937671
648.722 5.398812121744639
649.752 4.768371946740585
650.782 2.3436030249844424
652.572 2.155852121171119
653.602 7.420330686840332
654.612 7.5248657356756254
655.622 11.224647459806432
656.632 12.681810230611415
657.822 7.217293549617784
658.832 8.005508552394438
659.842 10.941289095589644
660.843 9.573753389414483
661.844 12.165353316818322
662.962 12.633786010574356
663.992 12.728356256928468
665.002 10.92618172761197
666.012 8.239609279817147
667.032 6.436754382773557
668.042 5.904822686510733
669.072 4.373870831979627
670.112 5.397168247393293
671.201 3.46470745974206
672.226 3.9359836731071423
673.272 3.6927993271688937
674.281 2.5840140650364343
675.302 3.436003291688595
676.322 3.7833091146070466
677.362 2.98313877270772
678.372 4.341781387143073
679.382 4.689123898119007
680.412 3.2887126694092355
681.492 7.0052061310583715
682.522 6.9822589219964
683.532 7.7092010156207795
684.552 6.578427341705682
685.561 8.524044036600536
686.571 8.441337075847676
687.582 7.164716575668741
688.622 4.746563878759394
689.651 6.989044402004913
690.662 5.735121495989208
691.701 5.259578338028929
692.711 10.420275329133759
693.772 9.54427556754456
694.782 12.573773506627933
695.801 13.595076358421677
696.811 9.759359717985689
697.831 7.278998238033139
698.841 7.947364228543355
699.972 11.053524462110294
700.991 8.779005269938832
702.011 8.030983721938618
703.012 12.798650570720591
704.031 10.345732058958577
705.051 5.210472471119974
706.061 4.341781387143073
707.062 2.45325829427405
708.072 3.126082598735319
709.255 1.6397917553320516
710.296 1.8534943789131448
711.355 2.318896650212381
712.405 3.174048945490589
713.435 2.453774525950436
714.505 3.934384329876683
715.525 3.611340518484173
716.527 3.3260991943838514
717.565 2.9141521130080075
718.815 4.1532708877150375
719.845 5.449567939118359
720.875 4.7228094954887965
722.015 4.6030644634598294
723.023 4.176380191434142
724.165 3.8952826138766037
725.185 6.362838056370007
726.215 3.265931443775327
727.392 1.7883565135875958
728.551 2.5728519902416735
729.732 2.227874276551122
730.794 2.807848829274443
731.874 2.4362217783405895
732.93 1.6882589516517326
733.931 2.6284910295781945
734.951 2.579528941778989
736.021 9.435955497793426
737.031 20.508442467908072
738.191 22.388922357490298
739.211 18.150229372723402
740.402 18.68222199020585
741.403 29.451524659430234
742.582 28.716117282287623
743.601 20.20210579468759
744.61 11.555247316487725
745.62 16.750770325316005
746.621 9.084049626926191
747.651 10.846851098124327
748.664 17.3779685349883
749.681 12.301380304612064
750.721 8.274770287203005
751.73 10.60444603614312
752.781 7.722367976627693
753.791 17.01318149866308
754.801 19.338065783593624
755.802 15.483503006399385
756.951 17.99675003308969
757.961 17.726782468798834
758.981 15.930225419936633
760.05 15.5956096727569
761.051 14.996745408323413
762.06 12.767576134252712
763.066 14.337943930576172
764.07 9.498404201207528
765.18 17.01034965338071
766.191 20.69729505295925
767.202 24.707694805814697
768.26 15.07519784139059
769.261 19.72328977970271
770.38 14.32158313183079
771.39 19.950942075803443
772.44 8.842080717001767
773.542 14.57602497077997
774.64 15.236954519905446
775.781 15.25799215619787
777.01 15.306120708185892
778.145 27.00348210879256
779.151 32.09990490910703
780.152 22.439653365166784
781.25 29.719523425390353
782.432 28.71689098881943
783.442 28.951176023247502
784.481 15.390859777316752
785.521 20.5414428386026
786.541 21.30939807811885
788.001 11.783356604967857
789.002 23.920165027902165
790.003 28.054914635233185
791.101 22.17391561176137
792.102 29.232868022650763
793.15 17.416807895387016
794.331 17.057135287078275
795.35 20.06973115950608
796.351 19.90889813748638
797.44 26.533399920193318
798.581 29.29455830058991
799.75 28.369792188638897
800.751 30.978022105786685
801.76 25.361435969432513
802.762 21.800844996653755
803.77 27.427720531716524
804.79 26.979710552658762
805.8 39.69416504485598
806.851 22.63481710438557
807.854 29.513499834433304
808.86 30.99918233509905
810.04 27.106716153491288
811.042 31.130582184574557
812.21 29.182845520037127
813.211 32.24525708421181
814.351 25.72980876230829
815.64 18.60037571617053
816.641 25.397602432152397
817.69 33.86373940775548
818.792 29.97674294874141
819.87 26.499056190204108
820.901 19.537033621091794
821.902 19.24626733362993
822.92 21.231606042075125
823.921 21.203929536575025
825.05 19.349854165681048
826.141 17.020762353601008
827.143 17.90529591710937
828.144 18.65741873405808
829.33 17.056687729737043
830.331 20.08284993169361
831.386 18.10436679092127
832.39 24.78596405410925
833.4 26.737629231727013
834.449 16.987546740628755
835.45 24.929290385147574
836.639 17.288428772269747
837.839 13.997162634895863
838.95 14.576128757353837
839.959 16.26947815006256
840.96 18.45579861316399
841.969 20.21272377015354
842.979 18.94375078389925
844.16 17.341482398779718
845.169 18.9846372193961
846.17 22.012203337587703
847.399 18.170827898087555
848.5 21.83352695332213
849.59 25.965112904208464
850.6 25.50085629984279
851.611 29.352483716723352
852.77 30.764587818122365
853.78 27.211162698877153
854.782 24.757761512550555
855.789 25.164275013355958
856.8 13.977995255161119
857.819 14.768328352699328
858.829 21.296056845865746
859.839 7.942159168989638
860.859 3.095434730131581
861.881 5.173050590412688
863.089 2.9041054311323546
864.099 9.833587901084055
865.109 6.581353476335982
866.119 5.700936695059402
867.139 6.706775248615754
868.149 6.380641301688436
869.179 7.320740629473474
870.189 7.2555991180695605
871.199 17.526451152179924
872.259 6.651224155010181
873.269 12.856877965502983
874.278 17.520565908080556
875.639 13.229403092074401
876.649 15.22759216501797
877.65 18.990335312297347
878.784 14.836235588034572
879.789 19.83195525888488
880.972 11.672230427078777
881.979 16.69855394745126
882.989 15.862101620368819
883.999 14.744664200191457
885.008 11.81016677230891
886.029 13.004443598578153
887.039 15.511331387247363
888.128 9.622552067798182
889.139 12.371730024129898
890.141 12.748767249136595
891.149 10.737845927147326
892.159 9.798841999026678
893.179 11.297884216024968
894.189 8.746277394320574
895.359 11.214839552091385
896.36 10.562383689910607
897.379 8.688909985954158
898.399 7.714953714157243
899.418 7.746181120525779
900.428 8.064414592270737
901.664 8.497002946624946
902.799 13.858729731409815
903.808 13.8115259495588
904.809 17.371610110424868
905.81 17.617678885777597
906.909 18.413127774398372
907.922 13.12625712357271
908.932 5.904822686510733
910.072 7.883640668864868
911.088 7.460361282883557
912.102 9.599593911701874
913.104 11.88409918755314
914.143 6.234511322631356
915.383 5.92262472734188
916.385 6.827256241093572
917.395 6.800473788451885
918.423 5.150466203821166
919.435 4.848496920731998
920.453 6.203032268625504
921.463 7.169652159025668
922.614 10.667730462935282
923.633 14.885351556769187
924.643 13.674326221403398
925.644 18.62936612512068
926.663 17.85572763746797
927.664 15.472999289814977
928.695 16.684431705129903
929.703 19.170745184399298
930.704 15.739947404119446
931.713 11.42778758859316
932.714 21.239539697668494
933.715 15.969876322160706
934.723 13.47147197229539
935.733 15.96658366953591
936.734 15.472102631080793
937.735 22.284787592555123
938.743 19.156116659610735
939.784 18.168383497335707
940.785 25.01601009405745
941.833 12.516468669444395
942.943 19.85977035543223
943.953 21.13977810645514
944.964 18.253083167278913
946.066 21.792886934766223
947.152 21.87192071305037
948.154 24.21644669227301
949.162 22.21538638450814
950.273 14.710583178302464
951.293 15.54430174298436
952.303 16.825672401930174
953.314 20.611179451559583
954.423 17.76218532200424
955.443 14.44636773822482
956.463 15.560518079900897
957.503 10.599290803848074
958.513 13.364307796031623
959.523 14.322927423348943
960.524 14.928599344605598
961.553 11.664481839729937
962.563 11.449988452859033
963.572 9.456800171024232
964.583 9.04404055461388
965.593 12.740589317816843
966.603 13.12360552965961
967.613 12.799368405022273
968.723 9.273237349447921
969.752 8.300300182959354
971.352 3.5081593608104487
972.363 8.643826587903417
973.373 15.97597816727639
974.374 12.695278628191906
975.423 14.62698706061544
976.424 18.883889111267486
977.432 15.352064222237168
978.433 16.149079974732263
979.434 15.95066220644423
980.723 8.322506026093208
981.762 11.475578274878822
982.842 9.635898244331331
983.862 15.90043261491399
984.882 12.854652559836175
985.902 7.788618624476741
986.942 8.374265781900288
987.943 13.668153353803406
988.993 11.841014773774962
990.002 15.130473622461464
991.012 6.373024141356149
992.013 4.205585647331522
993.022 10.169710513557348
994.033 16.52049814388262
995.034 16.144212398650527
996.042 17.822758436948877
997.043 17.0552176716835
998.172 16.432202891240923
999.272 15.278490953621445
1000.434 17.930252422505887
1001.442 21.103872918583757
1002.452 10.378507900001097
1003.462 9.133609997020972
1004.542 13.114756458219475
1005.553 14.97825711693069
1006.555 13.205094954856307
1007.962 8.182891030583814
1008.972 11.983824439200921
1009.993 11.50031306405879
1010.994 10.338731383008634
1011.995 16.855134680112123
1013.052 15.59494911906195
1014.143 17.003720906450145
1015.172 16.67735923325934
1016.182 14.553727381296998
1017.193 11.674688278403398
1018.212 13.928655405707048
1019.352 11.370947051011857
1020.353 10.432368173582208
1021.393 10.040414623612167
1022.402 11.125976169068979
1023.412 8.886940955054
1024.433 8.448222859466357
1025.442 8.83195522375228
1026.452 9.403384425310517
1027.472 11.727428582206072
1028.481 9.182437705872163
1029.492 8.744221288436808
1030.501 7.613399559870828
1031.502 7.771853617815228
1032.513 8.619677075489479
1033.532 8.74779908218046
1034.552 8.39578844848759
1035.561 8.5960975418113
1036.672 8.223301632026137
1037.673 12.243106438402387
1038.682 12.465002243795121
1039.692 9.890501828307762
1040.701 12.392440424612722
1041.712 11.830939266523227
1042.713 13.20586172974413
1043.721 15.125258487543945
1044.722 11.906859413420126
1045.732 13.111037215115346
1046.736 12.52043795780905
1047.741 10.770026782855643
1048.766 14.940700800825564
1049.792 9.282862289598748
1050.901 9.587760000427993
1052.081 11.086656360411691
1053.092 12.339896421848117
1054.113 13.480912768491406
1055.121 19.721159325715604
1056.122 17.33830564331547
1057.192 18.104734811391438
1058.202 22.968531348596446
1059.381 20.13164650635172
1060.382 19.816286099719814
1061.392 22.822408823015646
1062.393 25.002304024931092
1063.401 22.018092108278378
1064.402 20.30688652094229
1065.412 15.515901683446735
1066.601 13.718265512856512
1067.611 16.144317410547785
1068.612 16.33289501507962
1069.621 17.225870884111178
1070.641 14.204505472931048
1071.642 12.231706063083797
1072.651 12.769609390139252
1073.841 16.784501330301573
1074.911 15.54005116651382
1076.011 14.201657614459096
1077.021 9.226158494998144
1078.033 14.609601861609983
1079.041 12.663214183045824
1080.042 16.626486703055583
1081.051 15.252468975205034
1082.061 16.178340726725374
1083.072 15.908176901497947
1084.241 14.270395841132157
1085.271 8.980284447926016
1086.272 11.379495984144208
1087.433 12.349421235431576
1088.441 14.707773113884599
1089.451 11.970113550602807
1090.581 11.539657484486316
1091.601 11.546911839497872
1092.611 9.73143013012201
1093.631 17.160278572738818
1094.641 16.34693387530645
1095.642 19.747371471356676
1096.821 16.371549556962563
1097.832 18.316116236328124
1099.011 13.472901324320626
1100.012 14.83188829551482
1101.021 17.142507393019518
1102.031 19.613680034743144
1103.032 23.02235344760807
1104.131 18.523849218163445
1105.311 17.26729233410554
1106.391 17.71650870614628
1107.481 17.985104368400147
1108.482 19.249469686252016
1109.491 16.426293009726873
1110.501 16.238516293230223
1111.511 13.219327844456592
1112.521 12.751761152965521
1113.541 13.667229318091099
1114.551 14.092127465400887
1115.581 16.651208616643174
1116.591 20.302525233738862
1117.64 16.948310014506887
1118.671 18.178201666961826
1119.681 18.923819214316357
1120.691 21.00444655805849
1121.701 19.112216979841516
1122.721 20.763322360705686
1123.722 19.17901792856616
1124.831 16.975393560775853
1125.832 22.59054822049501
1126.911 16.3386453599694
1127.912 21.647391327264533
1128.913 17.125413241095476
1130.021 18.92052784022716
1131.022 23.334006404564917
1132.031 12.065975777568436
1133.04 16.566206429982586
1134.05 16.84674654542267
1135.051 20.18827137994851
1136.061 17.026892387181057
1137.062 16.238361565739808
1138.07 17.148192642704494
1139.072 16.845351333070763
1140.08 17.202890604636814
1141.191 14.154299651296146
1142.192 19.897753950297414
1143.2 15.223842023377138
1144.21 17.371188034040106
1145.211 16.26987271541289
1146.24 13.807001263646423
1147.34 16.135714635744108
1148.41 17.840980549939626
1149.5 12.745992376952067
1150.52 19.052561670260484
1151.67 13.485518895582862
1152.68 16.88787921129715
1153.69 15.4421421809345
1154.691 16.637118513857068
1155.8 14.965923933850526
1156.96 15.907842887013445
1158.15 18.78999807165257
1159.22 18.944410463231
1160.32 17.209167571560645
1161.33 19.577498523224886
1162.34 18.4317506570911
1163.35 14.371423344117806
1164.351 14.962800470561374
1165.37 16.928979360182282
1166.55 16.11340120722935
1167.551 17.017301816766242
1168.57 12.374637588307081
1169.58 15.407864959447227
1170.581 19.651813269241902
1171.6 15.95441515001258
1172.63 16.647722964605762
1173.66 18.55698885194982
1174.666 25.67579430579644
1175.67 19.926419344182335
1176.68 14.898023028140017
1177.8 16.63831859542286
1178.84 17.188925500703768
1179.94 18.850295151290002
1180.951 16.56057550772271
1182.099 6.732335591021721
1183.13 8.846958620852703
1184.15 3.5469780029701043
1185.179 10.420140850605177
1186.19 10.756967377353854
1187.219 4.231207953836339
1188.299 4.5994964870648625
1189.569 5.215917509850494
1190.579 1.9103838103435933
1191.635 5.1950632369602445
1192.659 5.1389053136871805
1193.691 2.638619028289448
1194.699 4.524411874065675
1195.196 3.529335373041356
