0.0 20.962237415210765
1.161 69.19153660099929
2.221 39.210926611582956
3.251 32.39120831001585
4.252 37.194438153247525
5.27 37.218074948352594
6.351 27.80674554269115
7.361 41.36983176265946
8.37 42.396841245587915
9.381 40.58494731781456
10.561 41.59800419264932
11.73 40.204066714666254
12.85 38.74191556531584
13.851 38.68662181709287
15.09 23.98911054281026
16.16 26.06896541571174
17.26 22.88377756601845
18.43 10.401818013877962
19.44 24.025078195519818
20.451 29.859248870982807
21.46 20.879384047901315
22.461 20.071461812083975
23.48 26.265464571254334
24.49 17.952368669291605
25.612 17.688486279952215
26.77 20.870302578815352
27.832 24.216271294779506
28.852 25.36505697847315
29.86 28.449435934807727
30.87 25.676995905487612
31.91 23.450510271932323
33.09 25.666585544597147
34.095 28.590850370089626
35.18 34.43358006834495
36.21 33.864251799617804
37.22 29.564164767130258
38.25 28.42409615033724
39.259 8.890154154482746
40.26 15.992504942347077
41.261 23.775974145124348
42.28 24.35183786673758
43.29 20.70040260987554
44.3 27.092979998185598
45.38 34.39970986779879
46.39 33.6419542253254
47.391 34.82874348381272
48.44 26.321339974666344
49.441 21.243602463843782
50.69 16.839657733079555
51.7 21.654870671371047
52.71 23.003910083325326
53.73 22.29864536572727
54.74 31.474003425213912
55.759 22.27504691261499
56.78 25.953765303902006
57.782 39.51846356990795
58.909 22.611578778934724
59.919 29.77715508283552
61.12 16.66677868858695
62.13 26.31520207632793
63.131 30.840841648024295
64.259 19.145752904613065
65.28 15.97485045517506
66.3 8.834983684266156
67.459 20.817639614369043
68.469 25.630535720019157
69.47 22.161676420668282
70.59 18.87284743966839
71.63 23.53796506335756
72.639 23.227278889179914
73.659 24.444584467510595
74.67 19.31882533759629
75.69 10.300507688371667
76.699 12.45046453371232
77.709 11.563423970329751
78.731 5.131483404596418
79.909 19.85780077219818
80.919 26.886872672821767
82.149 19.736858558028523
83.159 24.795208350060566
84.169 25.641051399781208
85.199 19.59520929645829
86.209 26.592816024846147
87.219 19.10201927006409
88.359 21.54810225566019
89.549 23.102469879466447
90.56 28.07373351888619
91.619 23.248773497978252
92.709 22.091056546205277
93.879 24.288953943384524
94.889 25.27338499274708
95.959 26.18825807551423
97.159 25.753276010094524
98.209 24.12300057063448
99.339 20.33065675468584
100.499 25.02522154097801
101.699 28.15374601819037
102.709 25.622828263817418
103.719 26.864120565410577
104.879 23.797665904917118
105.889 27.476515522048107
106.979 19.23779871079277
107.989 19.17390828150104
108.999 19.331069896968334
110.069 17.74843774120459
111.079 17.48107501706722
112.129 9.659719914094055
113.139 16.57768251939049
114.159 25.417309222975767
115.169 20.200238636560222
116.239 21.71685876830708
117.249 28.386408621952672
118.399 21.244192107253742
119.409 27.795427413339056
120.419 26.520162236675095
121.429 20.480911691918305
122.458 20.42345886294442
123.549 21.09232612060433
124.689 20.867149091431163
125.759 19.86556662697377
126.769 23.87174046365064
127.778 32.88296771646987
128.789 20.04789167252912
129.819 20.31926351011816
130.958 15.250636453127582
131.978 15.247621465846679
132.989 14.601955245618818
134.129 12.475502386044925
135.17 15.965850860115477
136.179 22.957045149695837
137.188 17.96633323446805
138.199 15.950451007913568
139.229 19.52471618814995
140.258 9.446248509826244
141.259 12.193465137417844
142.379 14.799515195651537
143.388 14.504968211671581
144.518 16.302257998032896
145.73 18.29887625377526
146.758 19.591442519771327
147.768 16.957967742211498
148.778 9.482657715878698
149.788 4.707965473629083
150.988 19.028516261059046
151.998 30.62127738491046
153.011 29.969574377216144
154.017 27.173639995107433
155.027 25.69458576996169
156.028 26.96154994858759
157.257 25.73339398803096
158.258 25.886830466960074
159.268 24.332518435944007
160.407 12.22349879377341
161.457 22.168950534689056
162.487 16.083865079066967
163.647 14.977710290006753
164.658 25.979362975804165
165.667 25.410392392234893
166.668 29.485240535475786
167.678 29.003583433027504
168.697 19.97805054849019
169.707 23.486292997964934
170.817 11.498164746243262
171.837 11.083723397570111
172.907 16.048923401641435
173.997 28.26329535705952
175.048 29.379323291743173
176.058 31.760603499977687
177.068 30.945351519138512
178.087 9.780948217251257
179.088 31.763159695428815
180.217 23.54338198806818
181.218 31.481892238236284
182.219 32.452052761173576
183.227 34.74186019774983
184.237 31.816432200432907
185.437 24.266197955023063
186.457 23.06879801380006
187.497 22.930237818470594
188.517 16.78622288443524
189.527 16.601772985995844
190.537 9.39967944202653
191.687 11.133995193173693
192.796 11.667510150562116
194.477 7.390447124118262
195.556 4.161714311701334
196.557 15.031025513729737
197.707 13.338259587041781
198.748 10.65812228582658
199.756 12.908033075585081
200.787 10.465377809813848
201.796 15.881208169580084
202.806 19.192836505265838
203.826 5.04044840272868
204.827 22.094735537501276
205.837 20.441143302589648
206.847 25.741428343929964
207.856 16.745305431446386
208.967 16.22960482514622
209.968 16.884728529299224
211.059 14.209495334337731
212.067 19.466169828515568
213.086 14.599125971391265
214.087 13.153015433953358
215.106 11.212472888043871
216.117 18.72823767515417
217.127 22.604314248384533
218.188 20.587005360082596
219.197 26.159468069528106
220.216 13.243972023704703
221.256 5.922601872941308
222.276 10.618564829162423
223.286 11.009725626785674
224.296 16.960262072365538
225.297 25.61733071527359
226.307 25.96531672813848
227.316 16.494975593456314
228.327 26.673666388920232
229.347 21.140387278005417
230.348 20.186245170856164
231.366 23.090218666816106
232.376 13.249183050148098
233.416 9.144317554573865
234.426 8.345434736788013
235.566 14.90000055508026
236.766 12.278169951061406
237.776 12.539457939434639
238.796 14.032567460112684
239.816 13.805951747273927
240.826 14.79135530122176
241.836 14.935706906676405
242.856 15.00680677351092
243.876 11.753536590513058
244.886 13.663118448545609
245.896 15.347921557452354
246.906 14.294441628947942
247.916 10.026222767943292
248.926 12.381735058201906
249.936 15.893207357114374
251.176 13.102561784763644
252.216 13.586315379010305
253.226 15.480227929604322
254.236 14.426174418543297
255.256 15.745343027244457
256.436 13.066247487111093
257.526 11.651739894557315
258.556 12.310796448858095
259.576 9.67120891692168
260.586 4.159811761280546
261.626 12.599803050242699
262.636 13.860239647519048
263.646 11.746205605846475
264.659 17.52614380732464
265.666 14.38803602132827
266.786 12.942248108556045
267.796 15.27777546381281
268.805 17.910257819677188
269.815 17.102319347666146
270.826 16.910442466993462
271.996 15.522596232934069
273.008 17.98943008187862
274.045 12.464562515425131
275.055 12.414620457044304
276.075 10.9852771397178
277.095 14.681744802843989
278.106 17.51898460561514
279.135 10.26896691151702
280.144 14.705729679601594
281.154 14.0003849810206
282.155 21.749613808400255
283.163 28.06245739832246
284.164 27.81133262990849
285.166 19.086477969124974
286.174 27.673563126492535
287.184 17.662518293317362
288.204 17.98442743448852
289.213 23.87798336100449
290.233 14.979734052608777
291.323 13.816300067753916
292.333 15.440459540299804
293.334 9.973034113455006
294.393 10.314492677585983
295.423 7.349281505770235
296.444 3.1048286832389165
297.454 13.061239171790817
298.483 8.475087987781723
299.503 6.474734651935961
300.514 8.870657250908504
301.535 6.711241532413136
303.504 2.414954356704915
304.523 12.243382897183027
305.533 19.674454643195478
306.714 16.236611206557665
307.723 28.60058745248834
308.784 17.093076793991873
309.793 30.964346442819657
310.803 21.921177445375005
311.933 25.293313179001363
312.943 23.282206001945255
314.133 17.186607060657003
315.183 17.449620843214756
316.193 10.20059185955382
317.202 16.95678438478696
318.205 18.226172854324396
319.653 7.824798725931953
320.843 11.62093164482142
321.845 30.323834250818646
322.853 29.73317017918096
324.073 20.25604069512943
325.093 26.051702348588687
326.133 23.4865319906868
327.143 13.14173192131145
328.153 18.731102562012595
329.263 20.39200639849148
330.264 22.352467583367925
331.273 26.710270266339684
332.283 23.514972124878373
333.303 15.793240918078753
334.307 20.495240199277163
335.393 21.290038769109284
336.454 27.694439044278848
338.013 15.890725023451143
339.093 12.671158787901666
340.103 14.4598245941198
341.173 9.58347780171647
342.194 18.439648664235946
343.217 10.765619065650286
344.294 10.228348922793959
345.475 11.122585282485664
346.544 12.090719274089505
347.563 18.152543909134796
348.564 24.514252992188034
349.573 41.61580449572589
350.784 27.300517411965018
351.794 19.40907712218157
352.913 17.71916917994271
353.914 36.726816537143556
355.073 27.12282938531815
356.075 35.21746359781822
357.076 24.630000916856307
358.083 31.29910802735978
359.084 27.25149850038972
360.214 26.98205184250711
361.223 43.6337457288254
362.284 27.71518748716276
363.353 33.2005112119233
365.623 4.839988002448723
366.693 10.11045899227663
367.873 16.56277747483067
368.893 25.02087371538281
370.021 19.033792440735304
371.023 18.32831481465919
372.033 13.18953046616718
373.063 8.353058372670912
374.084 9.831957496911166
375.103 11.075649905215595
376.143 11.819765727966201
377.153 14.123896420911388
378.183 10.700516376089125
379.203 9.277991844649833
380.353 5.865892288524171
381.403 6.038152543979249
382.413 5.754180023340528
383.423 11.491917347247789
384.433 7.2219777386215736
385.445 6.942470363174373
386.483 8.652940182221649
387.492 8.22988049924898
388.503 13.339235508639876
389.593 13.357628739523589
390.634 19.414863455136473
391.635 24.18900132338501
392.643 33.486287262798406
393.653 26.869282808347688
394.843 21.74926656463518
396.033 25.82770029922064
397.043 29.99110136966963
398.063 37.47337873671486
399.073 22.760876889819617
400.29 20.591269066527236
401.293 32.1453344163865
402.31 26.245913080248652
403.445 26.267026196800963
404.452 30.356972601855443
405.453 29.29579976542653
406.463 24.70094961973638
407.473 18.381790796234927
408.483 16.82260226319552
409.613 17.725262131865883
410.614 28.44948952199774
411.622 14.683919725876262
412.633 19.433619381943974
413.653 18.32103790851701
414.873 13.44002775166467
415.883 16.740962348585796
416.892 14.661520052246813
417.913 10.263940240132317
419.023 9.474377802204886
420.032 7.5925728842117435
421.034 11.39403203339784
422.058 5.417531884542414
423.067 8.023760288613687
424.068 18.23878633618227
425.078 24.92445561544508
426.088 19.403150102606908
427.108 20.94538795953005
428.128 20.10632293094616
429.157 25.249610582013027
430.168 14.696120742907672
431.177 21.950558438717277
432.178 26.727546227399834
433.268 28.554371831577495
434.449 20.7146783879666
435.578 31.667351375621152
436.588 27.828886394641515
437.598 33.32858696523
438.599 31.97324217909156
439.698 27.865266001991163
440.728 31.631345097197634
441.729 41.351717785482485
442.878 26.114703779188932
443.897 21.647025631306292
444.907 14.303236561209122
445.937 13.545550734515894
446.947 16.742874290384854
447.967 23.69809678522591
448.97 30.06005784738766
449.977 36.747116868583454
450.978 36.968922613171536
451.988 40.097434498657876
453.068 36.72270498509465
454.077 34.20332364312969
455.097 28.11814444361003
456.258 32.33787373104909
457.268 38.76098718471376
458.277 35.5696116503274
459.438 23.02919399024651
460.467 36.27429989377366
461.488 32.261015969515384
462.648 25.796813671765378
463.649 24.296646893454433
464.757 23.599206275300244
465.767 23.94879171795228
466.777 31.148590931839966
467.797 25.301445550257068
468.867 36.84248224832903
469.878 40.706999554607464
470.879 31.860387952304645
471.909 21.59357642835984
472.91 37.85805958867207
474.097 35.371119699235564
475.098 39.44901481496216
476.099 40.30651402461037
477.107 40.062623501261875
478.118 44.32368046933357
479.287 45.05418546961104
480.298 42.323317135370104
481.447 44.24281401155396
482.457 51.23526022583553
483.458 45.42353686658903
484.467 55.83905594765824
485.637 41.2636421886056
486.677 45.434528096485245
487.679 55.528224040346146
488.687 55.99387850008334
489.748 40.98490868441839
490.889 41.78877390164511
492.049 51.02912488053213
493.167 45.63280731994291
494.318 48.80098706291465
495.329 49.98086849882028
496.437 51.76481460974761
497.447 52.260634609958984
498.597 43.57145767689265
499.698 54.68533835438811
500.737 49.950550351164786
501.817 42.98756820223397
502.847 41.615119044789786
503.858 25.599262895528607
504.878 29.660910896194675
506.078 27.090421281251302
507.127 29.06532457197624
508.137 36.75841934958102
509.286 31.638143877821737
510.287 42.570929259990606
511.289 47.64614095578257
512.29 59.83974798634722
513.418 48.016658763940185
514.516 45.06618500215355
515.658 39.83126574862993
516.659 51.70633422431264
517.66 51.91911749284167
518.777 40.76579132414563
519.787 53.98099983626542
520.938 39.131252570101545
522.027 36.729174365297204
523.097 36.06265837025524
524.247 40.82733573550926
525.377 38.15879489102283
526.546 38.06205895289257
527.557 46.176811614763245
528.716 34.56849491076473
529.717 41.9455046396897
530.827 31.585724557178906
531.866 37.15369206142371
532.908 41.65050701986182
533.91 54.66272913681682
534.916 37.837090536769026
535.917 23.779253669663454
536.918 25.513929235880735
538.057 32.419957694198324
539.166 33.81657663195259
540.348 38.563063681800564
541.358 44.11423301394346
542.456 40.0865796147179
543.457 57.04424268941917
544.458 44.933923144559124
545.587 48.778879881430356
546.597 49.972805059208355
547.777 46.62423636327323
548.946 40.46737822621406
550.036 54.2736269128671
551.046 51.93732525248917
552.048 46.759433107801904
553.157 45.220786998422334
554.327 47.60701865760727
555.475 41.9418757539769
556.477 47.3115778556105
557.607 37.19736565387264
558.608 49.52120631730241
559.702 33.09634161286387
560.706 44.20745350655182
561.708 34.74811673686837
562.709 38.298287529358916
563.828 35.06748487057794
564.836 37.97083209536232
565.916 36.502778569312824
567.026 37.614984775510955
568.085 40.23992399192389
569.126 30.01288354751739
570.286 33.54736090509405
571.446 36.10202171193941
572.646 32.962732123167605
573.746 34.98766924272295
574.747 41.07083615456149
575.926 40.87216353024468
576.946 41.76715013743835
577.996 40.94658976008732
579.006 33.15785056318492
580.008 31.064839103880477
581.045 27.923480314225984
582.046 24.78298109084868
583.065 22.5964482683989
584.225 26.593376421706456
585.226 33.088087607924535
586.296 17.343997724749894
587.305 17.70394622537902
588.306 12.039906223849199
589.555 11.033950801855628
590.586 16.257250346983817
591.605 13.50965875768141
592.615 18.561895713242624
593.665 15.104025157739756
594.666 7.678910244038766
595.675 16.65305850338281
596.755 21.14565667704989
597.765 20.207886403732314
598.775 6.825058622165666
599.825 8.804167841887235
601.055 10.67107565676152
602.056 19.67406060363784
603.175 28.083911579630186
604.185 32.07473553683134
605.195 25.374144325395644
606.255 24.415718567198095
607.256 28.48614303131108
608.295 23.261574510959466
609.305 29.975232252841252
610.325 24.475822222481238
611.326 28.157226011842244
612.335 28.089763746806693
613.355 16.41193778481801
614.505 21.093233495998454
615.515 25.521172649383455
616.715 13.62588975524659
617.735 18.4234598806449
618.775 17.041615195709024
619.795 15.475373097008509
620.975 15.355700568089356
622.105 24.22268499379755
623.106 19.240198798869304
624.115 26.280231164132225
625.155 19.318039278298635
626.216 21.947848402691907
627.395 20.21570493211286
628.515 23.12756150468474
629.525 26.23891559873626
630.605 24.228560141568014
631.795 23.327219440698585
632.796 25.019492683887638
633.815 20.878201751329392
634.845 29.516926811034043
635.865 18.26632450750291
636.874 20.881106500891313
637.875 13.78191249200156
638.885 21.42349899636708
639.905 26.96480866893528
641.095 13.531059504159845
642.114 14.160231195440478
643.135 14.08974887831254
644.155 11.145630948205035
645.185 7.051185648778095
646.255 13.275955595840124
647.264 11.519765755331608
648.274 9.239841108050213
649.295 11.115233728372298
650.335 12.084543928756895
651.454 11.627093853289432
652.455 13.824932137378037
653.485 10.726576328355561
654.494 7.462049222511426
655.514 6.769316146610847
656.524 12.554574596368361
657.564 8.51022389699231
658.744 6.140120057071811
659.774 8.720147484610834
660.794 5.611815337795178
661.814 12.316952097076685
662.855 17.174943749599407
664.065 22.80024719920712
665.074 28.3106204998453
666.104 26.182940254458135
667.105 30.176255646558833
668.106 28.73307193754363
669.185 23.91634523288521
670.194 30.178907868614992
671.196 31.196274607519506
672.204 32.98340673892617
673.274 30.61562196825042
674.275 29.597323109478246
675.285 24.845110031061818
676.385 23.222239931176865
677.394 27.288248944389633
678.395 24.08039118732294
679.404 22.667290276067646
680.534 21.97616015380299
681.544 24.88965827475535
682.554 29.38253029658193
683.555 27.67204929374537
684.714 23.660914815618455
685.715 25.7768699382959
686.724 23.394548215165706
687.725 26.090160988095036
688.734 26.686730075226954
689.735 25.036661959367628
690.744 26.161573289771432
691.934 20.12814879087097
693.094 20.484730630816944
694.229 22.405244047940446
695.384 24.56811435982576
696.394 26.97099811188371
697.404 18.41639694272303
698.424 20.802640885629714
699.443 21.150900189422256
700.444 24.61958360366271
701.454 20.74170055262413
702.464 22.26303263813394
703.624 17.727807809140383
704.634 18.495360138799587
705.824 20.665113627035804
706.825 23.032293728328096
707.871 14.161546320226833
708.874 16.282138254947828
709.884 20.38034355354378
710.904 19.713484498115335
711.905 11.601028675667909
712.914 10.016638425413934
713.924 14.601690675242915
714.973 15.743579412019185
715.984 24.77927814942117
717.054 18.7224505786818
718.064 18.87277744895822
719.083 19.18989710585189
720.263 17.921720890452768
721.274 24.044672667651472
722.283 26.49572917451383
723.294 21.169855427140284
724.295 23.13473064177659
725.303 21.162361889120234
726.384 16.35328387147077
727.593 11.410830772942077
728.594 15.756379175772764
729.603 18.32690006531455
730.604 10.208966966821137
731.623 12.526314633156874
732.633 15.602018621897685
733.644 12.182303076167377
734.654 20.069270623650695
735.663 15.221891432684824
736.803 14.937436039979561
737.823 26.56345084841591
738.944 22.80323175161158
739.953 29.30141374996135
740.963 23.088035522266583
741.964 28.214328321271235
743.053 22.132550423500422
744.054 24.61360329416077
745.063 25.28120841617469
746.064 24.62807178477448
747.065 21.3896377622933
748.103 15.429513949804289
749.113 17.111114279927325
750.114 21.81867673685727
751.303 26.399669381535688
752.313 26.652277414721986
753.443 24.555066768914244
754.453 30.05496022548295
755.454 23.682989978876808
756.473 26.47733173855122
757.483 26.619009627548742
758.494 29.5400794065404
759.513 28.831179757559656
760.613 15.424965859233623
761.684 24.749317105674134
762.694 31.721268850483778
763.703 27.292842152346868
764.713 20.14632187795234
765.743 14.140617558467687
766.793 16.604919495924833
767.853 12.914791645238797
768.862 16.943770295349502
769.873 17.344023965626906
770.883 21.655035147626993
771.884 23.00760083770484
772.893 21.358417369349187
773.903 21.80837287952031
775.053 18.989552203501656
776.163 19.75927940497174
777.183 17.41726250556435
778.543 10.678058553258236
779.733 14.859434889136608
780.743 17.091421279452554
781.923 21.426269691683803
783.003 25.5479398344737
784.104 19.04313997189368
785.303 19.838392569458605
786.312 20.156336549483022
787.313 24.967791944191212
788.323 13.841120229576758
789.343 14.945088542620645
790.362 11.481760226835023
791.373 15.555834542626878
792.382 16.16330769650024
793.383 20.11158775936185
794.463 17.219165546043318
795.472 15.90206898941259
796.473 8.717940782273162
797.503 8.720147484610834
798.512 4.288716620329014
799.582 3.7033061747554057
800.602 4.789789084612517
801.642 10.414361659365731
802.672 9.34633626597526
803.692 9.768519256426783
804.712 5.588150371958796
805.882 9.895945995532761
806.932 11.573125709263389
807.942 12.64443586068265
808.952 12.903312779613557
810.113 16.89071465440925
811.123 20.77076206789255
812.133 16.656072132934572
813.142 21.993619764046542
814.162 15.482756566349847
815.173 23.603832976524533
816.192 18.494601366217555
817.393 17.535675840109253
818.412 13.361312238519917
819.429 18.613379399003616
820.432 17.388984806038394
821.433 17.778495421916833
822.445 14.29271521351689
823.462 16.946818508397204
824.472 9.939611804670504
825.473 16.70551215909055
826.672 13.857256603732022
827.682 17.901893405926852
828.692 12.088634381162022
829.712 6.769505466355497
830.742 11.550745754375846
831.752 15.693027051276925
832.772 11.820366454026114
833.792 14.179668887729616
834.982 9.74147358119555
835.992 20.13963008166771
837.002 19.82492446237814
838.022 12.290447335336074
839.042 12.431490531703526
840.062 11.873186657762684
841.092 10.00402196808039
842.102 12.554574596368361
843.112 9.542692688214597
844.122 6.952967528187046
845.142 9.582607284849773
846.152 11.311238847707614
847.162 10.19160573311515
848.172 8.10816276015507
849.181 10.072331072854908
850.182 16.098221380334678
851.202 9.373598306622055
852.212 11.198625476030411
853.251 11.851214454463953
854.362 9.060692161954112
855.432 4.8940670977932825
856.511 9.400992993891114
857.591 12.26116588428888
858.592 13.55427490656315
859.602 21.82175647206543
860.612 18.526715984222047
861.821 18.28470590269521
862.832 17.443600957916743
863.872 9.086200039244396
864.881 15.182466397046708
865.892 14.371221126525933
866.902 7.9131446971581765
868.131 9.284334902721119
869.141 9.939038222138027
870.162 7.949692934572995
871.191 8.150804822139627
872.202 7.719087711136662
873.282 9.349375899366274
874.292 10.92349705186787
875.332 13.591957410326446
876.341 18.377425353713114
877.354 13.29058121412875
878.362 10.524666752350994
879.375 7.788486469676625
880.411 6.11974919996951
881.441 4.739536644542367
882.472 6.405654068824232
883.482 5.147138503721042
884.531 7.3030562823195755
885.541 5.492626385900598
886.551 5.617093796702986
887.611 7.2272698492148955
888.651 4.573087172101311
889.691 4.527224468316826
890.722 6.405654068824232
891.742 5.04025908298403
892.766 5.933487302117881
893.891 3.933185476557523
894.901 8.10816276015507
895.931 12.641889079975636
896.932 16.85386241603826
898.163 13.04493812069407
899.281 11.814363765600618
900.321 7.377582224559644
901.371 5.283383475972792
902.381 5.188245252292141
903.391 7.323501847883556
904.401 4.7171427942452455
905.451 7.044511301297056
906.461 6.459304156978868
907.471 9.415930947282305
908.481 6.985852927053581
909.511 10.159819236735185
910.751 9.245111283091635
911.771 7.251702810164414
912.892 5.827636110720235
913.961 5.189478624660695
915.041 4.40281956331066
916.071 4.975763550085585
917.181 5.711765919969934
918.201 3.625851405082207
919.281 3.155675863899923
920.451 24.554351074180204
921.601 26.47837550199871
922.621 20.096099665724733
923.761 16.641004689892398
924.771 21.764589412440184
925.802 23.718151638716243
926.991 16.875266209465767
928.001 18.068423536187797
929.021 24.917315824859436
930.031 25.468785444219648
931.032 23.832883541489984
932.121 25.898917745958528
933.122 31.652813340493104
934.151 24.18011419250971
935.17 14.185624934630203
936.2 3.8471238902787155
937.23 5.898923298409662
938.411 6.991226438659841
939.421 23.823177142060803
940.432 13.50272109380734
941.6 13.985314034357515
942.737 22.166442751208038
943.751 23.625219892814982
944.811 16.659410816209782
945.82 28.977783967159752
946.821 32.81743037718206
947.87 25.018195806833173
948.881 21.897584726621403
949.882 17.771357633238207
950.91 20.51170213821122
951.931 14.074996402843851
952.94 12.51323837689685
953.97 14.70924946682497
955.06 11.99667348903009
956.08 13.939232834859016
957.081 13.313326309784264
958.09 15.059023931065807
959.63 11.910635083185932
960.74 11.828706755508213
961.76 14.231353173094837
962.77 17.860213074823278
963.78 23.974602932155065
964.79 18.309328202241364
965.791 24.228162704549554
966.8 24.59701180233348
967.801 30.541054522797946
968.821 20.75474299477128
969.87 24.59240509336178
970.95 18.05095228290033
971.99 13.670946920901727
973.01 7.847681309693989
974.02 12.366439523833591
975.03 13.89465459980552
976.031 19.916552506082187
977.16 15.52015618366992
978.17 19.011202034838206
979.2 16.480763776723002
980.21 16.410387612395432
981.409 12.932634216903883
982.41 21.69752724223919
983.42 30.13851208191587
984.58 27.588538828885383
985.59 28.263853153021756
986.6 27.047858171863034
987.76 26.799633735491216
988.78 26.812974248112447
989.79 30.310204455089785
990.8 33.0448548031286
991.89 20.840048031988488
992.895 18.126227909762157
993.98 27.075969883908677
995.14 25.359994307810844
996.16 25.20716432644912
997.17 24.448764497162518
998.29 33.64650020845655
999.3 36.42210878794521
1000.48 32.241030724988555
1001.67 28.886241620331553
1002.89 31.23823906162135
1003.9 36.919596042992886
1004.91 29.359013412412494
1006.11 31.968396520846873
1007.12 36.28769927986497
1008.329 21.51016910490682
1009.33 20.986449157601687
1010.53 28.17724059643036
1011.539 39.257957703712364
1012.541 21.609769830252745
1013.55 30.72683931072486
1014.57 34.54176276936644
1015.58 21.08432052211717
1016.589 14.534441296574768
1017.601 17.575904115117314
1018.619 19.710861545853977
1019.709 18.995087347441743
1020.72 22.363446081318937
1021.9 26.72621447224191
1023.04 27.125820114197758
1024.16 27.39813785820046
1025.229 26.956097127766306
1026.24 25.858265764402876
1027.249 19.364008163197678
1028.26 21.552820583421717
1029.269 25.98262955991588
1030.279 19.66508612840182
1031.289 21.155635951021644
1032.319 18.31864659817577
1033.354 14.159249794890684
1034.359 15.976313093775675
1035.459 16.37645238370089
1036.469 15.679452264554312
1037.481 18.85646926558344
1038.489 24.184434371101542
1039.49 22.89127417329133
1040.539 16.330261212076742
1041.549 25.884250396109508
1042.559 13.581669728137513
1043.789 11.386510286266638
1045.079 12.762967359180388
1046.109 8.976622410642289
1047.139 8.207197632572065
1048.169 10.002522114695694
1049.189 5.897498805316357
1051.329 5.18065823840581
1052.339 6.807134309982942
1053.389 3.638671055145529
1054.609 10.390533873785989
1055.619 14.112998352697801
1056.639 13.518185762754703
1057.649 20.44592315707522
1058.659 23.51822242591987
1059.689 7.926725052675113
1060.699 11.21277384530964
1061.728 8.91572275218247
1062.749 10.772333240882611
1063.788 10.144855167913542
1064.839 10.054012323460768
1065.849 9.681499662473703
1066.879 9.667679850176755
1067.898 7.5231794950357544
1068.899 7.955354871075002
1069.919 5.697766493707507
1070.939 5.060516293754649
1071.988 4.281101958594471
1072.999 7.794725717083406
1074.008 7.5925728842117435
1075.029 6.281150132192125
1076.059 6.1711466847994005
1077.138 3.1827611301101992
1078.198 3.239810622070174
1079.214 3.9001354399500485
1080.218 3.8536596058856776
1081.419 6.7270390496918315
1082.438 10.556404790318833
1083.578 9.402066014991853
1084.628 7.547690679968028
1085.639 6.637999040534786
1086.648 13.352455761865478
1087.668 8.701891916401577
1088.768 7.39034680925387
1089.788 5.179787721539113
1090.808 5.43877710762331
1091.828 4.774454186744169
1092.838 5.754180023340528
1093.858 9.24959388565583
1094.898 12.52943072336825
1095.918 9.109686607635586
1096.938 14.890185821886034
1097.949 22.530193503470336
1098.959 13.240388117886916
1100.118 16.42968205798455
1101.128 16.399298350004354
1102.138 20.114010061642418
1103.248 11.125696092644647
1104.258 13.22165108829961
1105.328 11.603692680866477
1106.339 6.893754823222401
1107.358 5.139010593361563
1108.388 5.38597344637089
1109.408 3.625851405082207
1110.438 2.6363672585346873
1111.478 8.128282270716232
1112.488 4.860729622989926
1113.497 5.759882877677874
1114.498 3.958579027951546
1115.598 2.507044106210112
1116.628 4.3600737423174865
1117.688 5.2335402356425345
1118.757 18.96775391768266
1119.937 26.99721763908308
1120.947 25.46935902684867
1122.247 19.946822517547247
1123.257 23.036986676369356
1124.297 17.072994940403674
1125.298 25.596110262614864
1126.317 22.616535853135392
1127.326 27.991966692230132
1128.327 27.958911233926923
1129.336 25.034706251538637
1130.337 26.707483253797104
1131.627 20.55352694482148
1132.667 29.35380153275385
1133.676 27.993114994400475
1134.687 26.259376401845632
1135.688 18.006325920563427
1136.697 18.84631534076318
1137.707 24.04515358434957
1138.717 25.600244991019057
1139.926 24.623027000808033
1140.976 25.344718630713942
1142.157 23.014292688155738
1143.276 21.416487005367646
1144.427 23.44402263929091
1145.44 25.27783908126142
1146.616 14.982637599023008
1147.906 10.40497695520661
1148.976 12.143647331649989
1149.986 24.802091340643383
1150.996 30.407139903947133
1152.006 25.123488756096886
1153.016 21.652167234940475
1154.017 31.454305649562702
1155.027 21.993448845166935
1156.106 21.65938388494861
1157.107 31.304412086949526
1158.116 22.126248646110877
1159.136 27.614932610220865
1160.236 21.361574677917304
1161.266 20.53955447361492
1162.366 19.884663952803372
1163.406 21.980304245343678
1164.566 23.038059671280077
1165.606 24.958594806783513
1166.636 24.80101285695669
1167.866 21.033338516452023
1168.986 24.96517314735634
1169.996 25.879661735801424
1170.997 25.255618450413674
1172.016 25.51615975930675
1173.026 26.079268459082265
1174.156 19.55874494101144
1175.166 25.14490250436219
1176.176 25.975641213771315
1177.186 23.65932373033302
1178.196 26.980366626629092
1179.206 28.853496002248097
1180.216 26.58937452979612
1181.217 18.440380638540145
1182.406 21.53027684511885
1183.416 22.053866205857815
1184.426 29.69298473501403
1185.646 25.269360512006834
1186.866 25.77634322203972
1187.384 33.039786311765035
