0.0 24.983550821012525
1.001 38.07390312129777
2.002 20.59299659661199
3.069 23.160833350624305
4.109 17.2671670695461
5.119 14.978912110716442
6.222 18.547502624702577
7.419 23.505533784925927
8.67 21.94098275520517
9.675 24.91465684325259
10.68 23.838089500377095
11.681 26.402358208219383
12.809 17.271914455344533
13.823 25.30871024367375
14.829 23.628325437319763
15.999 17.050361794017224
17.0 22.999822004035952
18.079 18.712863178863003
19.08 25.262521748764218
20.249 22.808725718164787
21.251 23.801730462431546
22.253 20.861431574401163
23.258 9.540890438395728
24.289 14.48629007633663
25.679 8.32131575030536
26.68 12.961945136052535
27.699 13.381803898313436
28.779 16.013702400799218
29.789 21.353407852393016
30.838 13.585946703346782
31.839 22.315773807856306
32.848 23.701055677094708
34.018 18.605789032436565
35.019 23.482533233741552
36.248 21.19859499556402
37.258 22.74426229325214
38.349 19.976136989739906
39.358 21.92327690598731
40.359 17.61976465061055
41.379 14.543721487258328
42.548 19.545235140099994
43.559 22.36059664494887
44.569 17.964659382483312
45.588 16.731854418801284
46.59 16.584075071004687
47.598 14.821480164678324
48.599 18.5139290414599
49.648 20.72149037910745
50.658 22.183773041378753
51.848 10.712630271510896
52.858 13.391560144291711
53.878 11.682306066349758
54.988 11.4662384436587
56.188 10.18517853840078
57.189 10.708317260478093
58.388 14.307814240993688
59.398 15.218189540340285
60.408 16.25665358487958
61.418 13.160693678867938
62.438 16.847270751186258
63.448 10.176976639853535
64.458 14.687283679835483
65.459 16.398281368862495
66.46 21.279678561177096
67.618 19.996384863108982
68.628 25.545898528837526
69.688 15.684658768864375
70.689 18.54407105830162
71.69 23.3416266214575
72.698 16.868818532368277
73.699 15.96370957361664
74.768 16.092165121615608
75.918 17.307152748213756
77.058 18.409205299246164
78.168 19.233068840960833
79.252 17.59722819367667
80.318 21.216387820423595
81.327 24.8987737012876
82.328 19.157300147072874
83.348 19.00837388190273
84.349 18.21514264214217
85.358 17.514757163648408
86.368 22.39767256185305
87.369 21.176668950567702
88.398 22.502793266417395
89.527 21.570575449009155
90.587 20.231899901225173
91.728 18.261109711450914
92.768 20.050036084299766
93.908 18.00500834999924
94.918 24.242284019318873
95.919 19.629768944066615
96.938 22.135745926515014
98.077 16.735663228472564
99.177 25.29374946332144
100.188 22.196020706609733
101.198 22.53340812199809
102.199 18.508661504505884
103.207 19.81530025133855
104.208 20.43219040019807
105.209 19.356881267834552
106.228 17.273019742938303
107.23 15.604121616085454
108.348 15.780421067008973
109.378 17.581276258530536
110.387 16.008616748355873
111.588 15.028639047653733
112.807 16.16133067229428
113.908 10.090230332024682
114.928 16.772170622465183
115.947 15.758044306990811
117.077 12.630492368168456
118.167 16.1695305241146
119.177 18.356349283974854
120.187 17.223479417159776
121.257 17.02792788793031
122.268 19.557445384347652
123.277 19.567179311643194
124.307 11.327855318633967
125.467 14.678525126196217
126.667 14.968051574052296
127.767 15.114973299033524
128.887 15.06698640356591
129.897 19.613353380855468
130.898 17.133688049986763
131.908 14.229031147966017
133.068 14.46410059520102
134.247 18.219324823984817
135.257 19.41830602149717
136.427 14.000472553934177
137.428 20.954408156967233
138.437 14.575840775724439
139.627 14.209740281098018
140.647 17.286383932164256
141.747 16.347291611554088
142.807 16.089929613953927
143.817 17.70087414340867
144.827 16.462432174362313
145.837 19.40887994103071
146.847 12.868340164874178
147.907 14.711207318558568
148.908 18.24250457000034
149.927 11.189545326271826
150.937 12.092356209788171
151.948 9.54902625700419
152.956 11.191050844805716
153.957 13.038763382691341
154.967 8.550035135066903
155.987 7.758432036532742
157.027 9.761729903342294
158.057 3.3070210428044526
159.177 6.263809213802396
160.187 13.404321607205228
161.216 5.479195941624018
162.217 15.211622358938927
163.417 13.212036814605575
164.486 16.06366643837796
165.487 18.438427678940588
166.498 23.614763809359264
167.707 14.70870631759491
168.717 18.658998978298595
169.718 21.96358043703328
170.936 18.57085863614021
171.976 18.50748728281161
172.977 21.03927402934221
173.978 22.013329396808697
174.988 20.08770275797566
176.117 20.67893129537598
177.176 18.07709998697073
178.186 20.91777791378951
179.187 14.274586070455692
180.206 9.778203409218452
181.207 16.885674853715635
182.267 17.16217705956893
183.487 15.883122855285855
184.496 15.570334313885095
185.497 12.887906978342352
186.506 9.84608118528324
187.526 7.606508640382832
188.536 12.498112723759656
189.546 14.054141099399995
190.586 9.75708239941805
191.596 10.852464074497895
192.668 7.818348077001075
193.796 8.116960985966351
194.987 6.770922365781432
196.096 8.821421389752448
197.246 7.729625652475089
198.506 6.042801289216529
199.516 11.252999990002266
200.716 13.593460747545194
201.726 14.00860587945817
202.826 11.08141104713918
203.827 21.408733215543474
204.828 15.425835526693374
206.046 14.324644489568012
207.047 16.01740918602518
208.068 11.586082580441648
209.076 15.213928758962101
210.196 12.19584499289149
211.197 12.751243659576353
212.206 17.832658323859434
213.316 11.476002896336007
214.326 14.682788164499481
215.336 10.955425877541387
216.347 13.682547977509834
217.366 11.97937360148315
218.375 12.829852120469708
219.495 9.579320404177391
220.497 16.04746869675083
221.596 14.785549266645152
222.606 13.433324932010338
223.616 13.48422576704184
224.635 10.994927039709506
225.636 13.628727516853942
226.735 6.563418094890846
227.736 4.4670176219553825
228.766 8.772080929132237
229.825 7.040640627494399
230.845 4.5180696945666625
231.855 4.291476954358886
232.875 7.857512512293032
233.915 4.691021458148374
234.975 5.240056685566134
235.976 8.206822509102453
236.985 4.445390470419728
237.995 9.125606115759856
239.015 6.2291464324527075
240.025 13.128935038215864
241.045 10.230992488837066
242.096 7.417546506092611
243.145 8.213310266671487
245.175 3.4245089978823047
246.205 3.5015516923725696
247.225 3.7323184433336976
248.335 3.9824452221403885
249.355 7.6610746994985215
250.385 7.376238197962525
251.455 5.553281508125958
252.495 7.899066665003787
253.515 5.482022207265764
254.527 7.721636554813375
255.535 9.99839269561511
256.545 10.866240653769339
257.575 6.593565175107814
258.595 7.464636886685703
259.605 2.813467522443562
260.625 2.946567192119041
261.635 3.174123866359215
262.645 5.218858264918046
263.665 6.39442415360149
264.925 6.218328950543742
265.935 12.498112723759656
266.945 5.146785002772955
267.955 6.820856910367891
268.965 6.7450132159996
269.974 3.0260125962182682
271.034 10.345617416774877
272.555 3.293336112161058
273.654 5.2237600643187525
274.735 3.5217065792859366
275.775 3.2752227635336904
276.816 3.079601445734774
277.836 6.162241640475132
278.855 6.488809400497204
279.905 3.771589595061364
281.184 4.85607837420293
282.196 2.3408635034826117
283.234 6.949129562905788
284.235 2.1381810249113395
285.245 5.157951282819993
286.265 4.024534049379021
287.286 5.102380798872816
288.295 4.802775245052132
289.315 5.893134384219773
290.335 5.53084447068892
291.345 13.251039035638783
292.566 9.085379383147307
293.595 8.56766670436611
294.616 7.276143063992429
295.626 9.78862212075413
296.646 5.4814478276965115
297.655 14.81477470709271
298.687 11.824212883903538
299.695 18.298032172169616
300.726 16.88274816046444
301.915 15.969068422380008
302.925 19.91513297548046
303.935 14.425963723362685
305.095 9.975019738482478
306.115 14.50638681523855
307.148 11.430364726901233
308.155 11.632983003256284
309.175 14.19880655571112
310.235 6.393413570683656
311.255 4.71450750737948
312.265 3.976935896875302
313.275 13.886791915298678
314.286 6.771807296451046
315.295 4.021812577503429
316.355 3.02440104246571
317.405 2.914828618186181
318.426 2.551190399436408
319.436 1.9838274164790861
320.446 3.5708893496403853
321.496 2.862379558053789
322.556 2.8353759773093143
323.576 4.5180696945666625
324.626 3.813158265047736
327.475 1.9827768221845832
328.486 16.921912398905032
329.495 9.215794958045407
330.775 7.668223032727346
331.786 8.522020247016467
332.805 7.7855938770790925
333.825 7.67773170700687
335.005 6.697752544035221
336.166 7.538939637055256
337.167 4.20349445587192
338.355 4.17553640759156
339.39 6.582090191455894
340.395 5.622721626548137
341.665 5.762026594125552
342.674 4.368745807139785
343.685 7.395776105166069
344.801 4.12941853805287
345.803 2.599566265294222
346.811 3.1804217311627396
347.841 2.099025525137165
348.871 4.863266239404312
349.972 3.88516131634131
351.001 6.620469726103581
352.021 5.628919782198437
353.051 5.240098272577607
354.061 4.761185799538822
355.171 3.2514307915161793
356.181 2.5789756414191505
357.231 1.9082530387086287
358.291 2.646350912152919
359.651 1.907729943021314
360.681 3.1155151652273685
361.692 3.369170795324853
362.702 3.3725066079998
363.712 4.166037574580449
364.742 4.129368079712687
365.743 8.206822509102453
366.782 3.321088654023134
367.802 6.678885635452739
368.822 4.673152178374928
369.832 5.157951282819993
370.842 3.3324820197702136
371.882 4.23852357635064
372.943 4.53232578467031
373.952 2.0120675715331218
375.003 4.384805983312761
376.222 3.4479171559095807
377.703 4.69128876593587
378.705 8.607155314421844
379.712 18.060940628247565
380.72 10.965974398272495
381.723 19.00636598716661
382.725 14.836267275567607
383.735 20.617303468987263
384.743 17.17831680939145
385.822 16.908566074196866
386.932 17.198104120886224
388.042 18.143936510539362
389.192 17.784379759570363
390.283 19.082971494344395
391.302 17.43112913380231
392.304 18.52190964025795
393.352 16.536212426061496
394.492 17.52475145355088
395.544 17.63964156316426
396.722 18.486148025886237
397.902 18.93157738642446
398.912 20.10165970987264
399.922 16.110911877759538
400.923 19.714488495935054
402.112 18.456540159514212
403.282 19.2199480690679
404.292 18.592291331188253
405.293 19.233533111758735
406.492 20.537233731300375
407.502 11.284033547541537
408.522 13.102459552216724
409.524 17.71897343380565
410.531 17.963199135644246
411.543 18.83588974037063
412.622 21.73355408113445
413.623 22.731323941901717
414.624 20.85622712160913
415.632 19.98908426036861
416.642 24.66558754482162
417.644 21.66422160633769
418.863 20.21097521580335
419.882 21.721786794020467
420.891 21.665472129357095
421.892 22.801850408297014
422.902 24.662832228956347
423.906 23.248685287223008
425.132 18.682520059639675
426.133 21.583439856600524
427.134 18.612987999491097
428.332 15.376201009605014
429.341 19.004937861263603
430.351 17.516703030925516
431.353 18.181761715163777
432.422 19.17290018136507
433.424 20.523640693902877
434.431 15.464536782401629
435.441 12.569460902773637
436.582 13.510630739644
437.584 15.039011225756422
438.602 22.105262921620493
439.603 24.77000704750023
440.612 22.17295270289136
441.831 20.544520588864817
442.842 23.708641633393025
444.061 19.674611186544222
445.082 21.65872281296855
446.092 22.118515560677107
447.103 21.0946947526258
448.112 25.21522325803102
449.121 24.087327360845965
450.342 18.40863234954064
451.343 24.43581109440507
452.512 20.13912101330775
453.513 25.82322178886805
454.691 19.996446923285013
455.692 24.715136871277345
456.702 17.81891767536327
457.951 17.29856052610625
458.952 19.937334571561703
460.131 16.510993801450418
461.303 18.708633021328883
462.382 24.972384123168972
463.602 20.831779489888252
464.762 15.910333884451786
465.832 18.240317010604223
466.833 21.35737473074532
467.834 22.029717289330748
468.851 21.19347091422613
470.081 19.334330785295762
471.082 20.272262126823414
472.091 17.34143570917333
473.101 15.5714500364321
474.111 18.570103787680125
475.121 18.665234693141944
476.131 17.936526157431878
477.132 19.25694438694717
478.141 19.225617014921195
479.142 21.942217648387217
480.151 22.062485678717362
481.242 19.895452717496408
482.351 20.5410098176177
483.562 17.775940184620715
484.701 17.00210676613578
485.72 14.488857105884149
486.73 9.169836186098635
487.78 4.501831163604504
488.79 8.334685448403611
490.17 7.093662603791419
491.291 8.694848787556598
492.3 12.010567121281035
493.32 11.717486814980258
494.327 17.550270419135604
495.33 12.95975543490916
496.331 12.661402891113982
497.34 8.107931188775542
498.341 7.719867985659098
499.35 9.952338559379214
500.37 8.446825950713178
501.371 12.13406391802551
502.5 14.68637684427013
503.55 16.377916485884324
504.671 16.799910696250198
505.841 19.363435899100825
506.85 17.124420990235464
507.961 8.419797023378017
508.97 19.158988415571386
509.971 14.965072367367076
510.981 16.2298255094495
511.99 20.32578728569558
513.001 19.52615277621434
514.01 18.195414031332962
515.011 21.9556791316938
516.02 11.681198293653958
517.15 8.946139701896678
518.169 12.597293848074546
519.18 7.8734229968065845
520.2 4.71450750737948
521.21 5.298472391491228
522.249 6.88887305677677
523.26 9.58748406324827
524.27 9.930883428896095
525.29 8.749236794117326
526.42 13.105796545029525
527.482 7.632409264863747
528.49 10.312104798942205
529.5 18.307188648395773
530.78 9.070642549382171
531.88 19.08755210553072
532.881 23.877891143193253
533.89 20.827896926425336
535.1 20.718514286159724
536.101 19.72341404463726
537.12 21.365321985646236
538.28 17.05492134446915
539.3 18.668484771627682
540.4 16.259411537403395
541.401 23.02893977751495
542.403 22.206382609353057
543.415 26.21393720418221
544.42 22.028313777538003
545.43 17.63300636337277
546.63 15.19324426406345
547.64 17.422442225308913
548.781 11.399378067204326
549.819 12.222498431170763
551.04 5.11997996847305
552.36 4.098407094490684
553.39 6.752687833644232
554.41 8.826778036021459
555.471 8.354819113652198
556.485 8.702990166630286
557.489 7.842683908277488
558.5 8.21590320665191
559.509 7.618885979309152
560.535 6.053960663720574
561.759 3.959389833185569
562.761 22.209890796010583
563.762 25.590572241866095
564.763 22.08005153094926
565.969 17.935745039695252
566.97 26.730116060674337
568.55 9.099388395108669
569.556 8.22048500116174
570.579 6.267575962880146
571.589 5.077177023248016
572.609 9.232577201946143
573.639 5.488238611396548
574.659 7.857512512293032
575.699 4.543287166831961
576.709 9.882302859862184
577.721 18.604179825612928
578.889 20.377568392727493
580.1 21.911963988333127
581.101 25.07069561283548
582.339 23.77305075372926
583.56 23.471633017942345
584.769 23.78092472525326
585.8 22.998983289424103
586.819 20.883519550883783
587.82 26.847318756939956
588.828 27.89582075997922
589.999 27.359396042571714
591.1 26.23486516661538
592.3 30.779751860024486
593.32 31.038741989458874
594.329 14.305940311686179
595.34 23.325596931779355
596.36 19.616498251147274
597.369 22.775658464208085
598.37 24.44195655421527
599.549 14.295978644386825
600.559 20.566257617186736
601.749 14.239895208492975
602.759 19.885984634016175
603.939 14.673738143998147
604.949 18.811846499979048
606.139 17.16184613334522
607.298 20.608976837087823
608.299 23.11863422550739
609.3 20.675960302951143
610.309 22.48940225963478
611.379 30.50903240931591
612.449 30.137937579035366
613.639 20.25709557967148
614.759 17.530636279937053
615.76 23.235397960253376
616.838 19.18361692865189
617.848 22.682485211528572
618.949 26.760320672295876
619.96 28.395868667893176
621.088 20.897616746197095
622.098 26.128080197994777
623.099 21.899345750771637
624.101 23.199199415124077
625.259 17.41538199454575
626.469 19.264683638500575
627.699 17.905862804939332
628.879 21.3563239287426
630.099 20.670786075229028
631.299 20.80182382970094
632.3 23.666750705343905
633.419 16.602449159098033
634.558 24.141816273028816
635.658 27.07252205517456
636.855 25.768366159177518
637.948 25.246291689404593
639.238 22.697129642105377
640.249 16.468314455997856
641.25 17.85343844084707
642.279 19.1666527125618
643.288 20.27512632463589
644.328 18.823095049140584
645.469 17.225444449616386
646.482 18.50706311242387
647.498 21.892316175489366
648.499 19.011272318158266
649.508 22.250323168033265
650.608 16.74847746521975
651.618 21.700577650318966
652.619 22.685671955394124
653.629 20.82221195856986
654.778 16.040726734587977
655.788 16.484764734456387
656.808 19.69001883615817
657.818 15.133644848545108
658.828 17.4700076779849
659.848 17.41504495575025
661.008 16.56021713395159
662.028 18.795853441095893
663.038 15.575075452032738
664.248 10.357986150246328
665.258 13.551803513832617
666.307 9.957507734564622
667.308 7.00582409312597
668.429 3.6444229977496834
669.439 7.736926924239143
670.458 6.735316314410131
671.467 5.963912861722237
672.488 10.127296302222671
673.489 12.869763240089629
674.498 11.954099746259386
675.508 13.917390422970266
676.528 14.81037720246272
677.537 9.598582793434128
678.538 13.491186275250069
679.557 10.61373967196537
680.558 12.449238209938523
681.56 14.263117290972229
682.688 16.170037520886357
683.689 16.753986430908867
684.708 14.754768354139623
685.728 9.84185033042073
686.748 8.250388137918668
687.758 7.201090498512346
688.777 7.064327583189467
689.787 8.140798222099031
690.797 8.332075149179207
691.798 6.687284430422926
692.818 6.029118747336632
693.837 6.095548224700618
694.857 4.566173983532827
695.877 4.831824534468141
696.887 8.485783572352439
697.907 10.78756629179146
698.927 10.285558547934446
699.928 12.646039241789882
701.088 11.79562719419291
702.097 9.772589727317346
703.099 18.12913891627126
704.118 15.362770829858253
705.119 16.317073508144166
706.157 14.002535578587064
707.159 19.72063395574525
708.178 14.356907632424397
709.188 18.22177385686523
710.199 17.232085888435435
712.937 1.8604705983023717
713.958 14.580912564390369
714.967 16.77429423295939
715.987 11.817716049879055
717.087 8.995191347454371
718.265 12.647991713327796
719.267 19.49923195515657
720.297 4.076753795831792
721.317 13.44636931951316
722.335 9.612854280016919
723.337 8.137238802090609
724.338 12.050661250258264
725.357 12.02522532482584
726.367 8.432281636375734
727.417 5.152283204489496
728.452 2.0850644324226355
729.512 5.292701824324147
730.892 2.6223923576328008
731.922 3.696082341940686
732.932 3.5708893496403853
733.942 2.366671303866254
735.202 1.8956987423961558
736.203 2.201830429274962
737.446 2.0955473836151084
738.466 4.125194068959334
739.506 2.121301501155563
740.524 3.5428273508214896
741.647 2.497891332944821
742.665 3.544266120868933
743.685 3.3394428177263693
744.888 2.998003527128633
745.906 3.02098545669007
746.944 3.860627534941557
747.988 2.686908014268909
749.085 3.470341670198045
750.087 2.3922909074416596
751.108 3.7286628914952473
752.347 3.2343271842450867
753.588 1.8399816760781216
754.711 3.925257808908059
756.184 2.743493014133406
757.248 2.4480877799069565
758.309 2.0773159846405584
759.363 2.851516637532784
760.563 1.8475093709447672
761.63 2.065634732613494
762.667 2.898262811904761
763.726 3.2164605043304006
764.749 2.7420644837623525
765.844 3.2936970257024694
767.104 2.069947725392874
768.124 3.143005004913551
769.143 2.9494588184011623
770.606 2.198703791864928
771.644 2.5094078977129275
772.646 3.1994661726726283
773.723 2.790620739052766
774.745 1.9605339438709533
775.766 1.9624541534069881
777.031 2.534280715422266
778.084 3.9959144827419903
779.246 1.9867552047709287
780.387 2.9853038335447195
781.43 3.457908190935497
782.486 2.5659428216437212
783.515 3.1155151652273685
784.791 2.5124334678747338
785.805 3.276580542462612
786.807 3.5993994442521293
787.868 6.082306106005689
789.328 6.3446203305704065
790.329 12.958872406184051
791.338 24.26311654124526
792.348 26.06615809950218
793.408 19.025483348742547
794.538 25.297925475378705
795.698 21.61786691867368
796.848 21.09822272969294
797.928 23.09397129328043
799.067 24.6865338529526
800.075 25.0590438292492
801.134 24.226907190528514
802.138 26.067149816801713
803.148 26.228297320566032
804.149 25.16858400718049
805.157 26.327841460641864
806.168 20.502740335882585
807.169 24.86774912115561
808.177 23.44790913648648
809.188 28.517272396954755
810.189 20.21183177281651
811.248 21.908057138296304
812.297 22.92638518429781
813.408 21.6558597967769
814.417 26.51135999748131
815.418 27.242822986715115
816.429 27.796093681051524
817.508 26.443160464544825
818.577 28.68337661884975
819.617 31.726060070828304
820.627 30.45842160745629
821.629 29.451811144697334
822.63 23.83033699046675
823.657 22.62163174572266
824.658 22.495747985684293
825.668 16.20473763349015
826.697 9.683177137013491
827.737 5.587144714268739
828.747 3.606563439156529
829.797 7.060536243198126
830.837 11.437378787523974
831.947 9.864340395316995
832.957 11.269096835271297
834.028 22.17337625665391
835.058 16.165667620705857
836.077 24.289627037237896
837.257 20.696750457710696
838.267 31.16900306514486
839.467 20.29956479485904
840.487 22.883282053335623
841.538 14.349007223040582
842.677 17.290025241443864
843.697 23.53850554747864
844.717 26.855116777194453
845.718 18.343465694177215
846.877 22.759978766994834
847.967 22.693886977219304
848.978 17.769275659211864
849.987 13.132656604577367
850.997 14.840856284665358
852.007 12.354981315864016
853.177 9.991789171518937
854.187 11.063318245806874
855.207 12.200540033033604
856.258 13.327502396650166
857.267 12.466515771623786
858.271 14.02346575027037
859.447 17.0938949789015
860.457 17.560933101245986
861.467 27.641763719371315
862.477 22.483667419837218
863.487 13.851697892291087
864.527 5.76881986755963
865.538 2.774611243208703
866.557 3.941954585518697
867.567 12.275512205913396
868.587 5.853645788810717
869.597 10.12158028946772
870.698 12.2345665447958
872.578 3.6236507171014933
873.677 6.855951857049987
874.686 9.063521753923832
875.706 5.696552976519219
876.717 5.267589014371059
877.797 6.679834957244115
878.816 11.495271393862073
879.818 19.11493934880046
880.826 19.776503988427205
881.827 21.390882118322146
882.896 16.053116445069744
883.897 15.634488516608878
884.906 17.211807519197652
885.957 20.8295007343
886.958 27.836298812229217
888.047 21.470632686198563
889.057 28.161503299792464
890.076 27.130421583331778
891.146 18.32860773937033
892.167 23.631218764081318
893.177 22.60417623443028
894.186 20.453528391284205
895.317 18.689861747047047
896.33 23.79904607640496
897.426 19.629757195599208
898.437 14.066027298781604
899.446 21.76403600510406
900.486 17.549397307676863
901.488 21.687766351402654
902.496 20.239443664835214
903.596 18.58623622802255
904.606 21.071785568523683
905.607 24.16833727563356
906.608 24.307195401558328
907.626 19.256066607811523
908.627 19.04712083329055
909.636 18.869538683340064
910.637 21.432729772574998
911.646 26.848132002807816
912.746 15.971404567116956
913.766 16.4516668226204
914.815 9.679514045906863
916.416 2.002414181766759
917.419 12.633819367259226
918.425 16.715995615405912
919.426 21.35459464185331
920.436 19.038797516483825
921.437 21.088291386767988
922.516 20.186354381976667
923.536 19.98194725242802
924.766 15.593950014090879
926.036 7.695618881799815
927.116 23.953287371667432
928.126 18.852306138076315
929.135 14.862532461290419
930.176 10.749480539847184
931.356 15.067957233694194
932.366 17.98945722519754
933.379 7.120628318147059
934.399 12.6617668274187
935.4 14.6659933271278
936.409 17.860674270846456
937.536 14.712309663158502
938.549 20.704447150591946
939.56 18.93927150295487
940.708 14.339711170279697
941.729 16.471990914597487
942.758 16.88125836442646
943.789 18.970361625876993
944.939 18.42475803904562
946.048 19.066832799870028
947.049 22.50306400899759
948.059 22.428851136069806
949.061 21.357401453977367
950.069 20.226075664140595
951.099 21.650777815303954
952.128 18.882117130817896
953.14 21.388059087564237
954.258 21.878575049731165
955.259 22.13755547555761
956.269 21.69347183559378
957.279 11.867145392699195
958.398 11.134093874823202
959.399 13.684768256781325
960.4 16.35467786887897
961.409 20.218513789179603
962.428 16.47039898067566
963.439 24.6064207621943
964.44 18.40272548431485
965.448 19.44419292762388
966.449 20.164131299583463
967.508 18.22259863034689
968.648 20.043980245870774
969.649 26.619644105878926
970.859 14.825102205958741
971.868 21.644133558445557
972.908 21.82256591332759
973.919 23.82352606923081
974.928 21.076266280387962
975.997 18.72637513975184
976.999 26.253696610919313
978.048 19.43484455236674
979.058 23.028784909572693
980.218 24.151868654461477
981.228 26.73381463640009
982.239 16.20797734216376
983.388 13.727596729465224
984.408 18.84898355120606
985.409 16.358189560157232
986.458 18.566934573143115
987.459 27.088747531954485
988.498 17.35525737727581
989.508 20.691987030338453
990.519 22.374214724505833
991.52 18.94835451627244
992.639 16.862660042945652
993.648 19.935451112264328
994.658 20.608457454864585
995.659 25.580622449984247
996.668 19.321713164725626
997.868 21.287361239383518
998.968 18.186648193863597
999.978 25.78018531695602
1001.108 14.125749795012423
1002.127 20.337036001829254
1003.239 20.78037101103133
1004.263 24.749883838973506
1005.358 12.18041904461387
1006.378 17.030928618569458
1007.558 10.13413651699975
1008.56 13.13625852245592
1009.787 15.310972169165998
1010.788 19.667226984221642
1011.798 18.83026361115413
1012.808 9.869396380326108
1013.828 18.418916848613158
1014.917 9.97641931465764
1015.938 17.69307349894531
1016.947 18.472960615082325
1017.978 17.132920825485684
1018.987 22.533966486174467
1019.988 21.875788155076663
1021.14 20.854862099091864
1022.147 24.033643979575878
1023.158 20.191410442855574
1024.178 17.6265602322697
1025.179 20.08116759324431
1026.187 20.896509960010054
1027.258 18.57776015093068
1028.368 19.81115083014397
1029.378 21.643006050503196
1030.387 15.641027402933211
1031.398 16.80876644124195
1032.407 20.893073922344154
1033.457 15.426858794514045
1034.658 17.47735401972239
1035.678 17.1313014483743
1036.747 19.375953299220484
1037.758 22.456212947212258
1038.767 18.619137084537435
1039.768 15.213231884108133
1040.987 17.772825824752758
1041.997 25.535687288791824
1043.018 19.49471543692225
1044.077 17.9758594860513
1045.087 19.1049250970673
1046.097 21.681145422676106
1047.107 22.78370681506472
1048.137 18.189468939995898
1049.142 26.09309511777303
1050.147 16.58893068051026
1051.157 11.822625289133606
1052.177 15.743456813291568
1053.187 17.262343872408874
1054.188 16.85275274801852
1055.227 17.74813797825015
1056.237 18.378246794128014
1057.238 17.407599969416783
1058.347 17.784422941055933
1059.497 17.014091805280362
1060.507 19.299682423070635
1061.517 13.224646010058079
1062.527 14.28399244846584
1063.537 16.625720892995307
1064.647 16.41721181032628
1065.656 20.15449807607881
1066.657 11.707247107685822
1067.667 19.873223171157587
1068.677 14.157102902461794
1069.686 16.044718328295723
1070.856 13.417860210494755
1071.858 20.22133369561779
1072.897 13.197658681524967
1073.907 23.021824111616535
1074.917 17.061060798280455
1075.947 19.58886669028638
1076.957 24.45125297458949
1078.047 17.312508980897167
1079.057 20.26621822214232
1080.077 22.60241044380594
1081.139 25.031477869032834
1082.146 20.776612366894806
1083.147 16.319414635663012
1084.157 23.188013162682438
1085.358 17.073808133849568
1086.366 23.45343070196292
1087.387 26.683351407887326
1088.397 24.65601644758614
1089.407 22.932928921181148
1090.416 20.945186487017914
1091.417 22.018889574592716
1092.427 20.482873058481896
1093.437 13.420998518982811
1094.446 23.77523261457859
1095.527 19.658390500143753
1096.537 23.584198579473366
1097.546 18.217042923058862
1098.557 20.047551369857317
1099.566 18.00917330597423
1100.577 16.073824772660032
1101.717 17.34256732322061
1102.726 16.68443997809129
1103.736 13.934357367974666
1104.826 15.24329604227996
1105.896 16.729655798251475
1107.016 20.963190128668955
1108.196 20.537002356796403
1109.206 26.378233874292377
1110.306 17.188144139236545
1111.329 20.050630668614875
1112.336 10.459794194763743
1113.486 6.628322752217473
1114.566 14.751918126256365
1115.576 19.96545374398511
1116.586 19.56230752923802
1117.606 14.604892911429584
1118.638 6.521036445423088
1119.646 6.957172536929936
1120.666 4.05799165932007
1121.676 5.753099507760057
1122.717 5.7742527107595665
1123.735 3.2916181015302493
1124.746 5.152849451691614
1125.776 5.511417336465309
1126.786 8.530457890819793
1127.457 8.279630135649604
