0.0 19.45266865554075
1.129 53.44455970103019
2.249 29.119372344880645
3.411 22.350789034484297
4.573 23.000962510532272
5.579 23.25073959634235
6.659 25.022040346176375
7.789 26.62970824316901
8.791 36.11305689713192
9.792 30.46113408414785
10.799 35.54477851016692
11.83 27.571301726665933
12.969 27.361771570473877
13.97 21.854961521002906
14.98 20.85023292086699
15.989 17.263891230226022
17.009 8.229121928091864
18.039 5.031204655349402
19.059 2.2354332841277564
20.439 1.9526907343544109
21.459 3.251539322355592
22.519 10.558976386528327
23.52 13.673996308833887
24.529 15.67986613719501
25.649 20.43160205207387
26.669 19.860267888697845
27.779 17.528391253973453
28.839 14.947328484792937
29.859 18.9442869190213
30.939 16.543959233988204
31.948 18.86023051152222
32.949 15.915228077392166
33.958 17.534653198639177
34.959 23.594239720460934
36.058 20.751422849010115
37.189 19.536891318314265
38.198 17.139397790516544
39.379 14.330684574455068
40.389 16.825829967100404
41.439 17.212038343157076
42.449 13.955864319238708
43.468 10.17623645778177
44.479 16.195445195494482
45.488 16.156515326165255
46.489 22.040393705010565
47.498 16.801057959772262
48.518 18.818164985354482
49.588 9.316779391289367
50.679 14.237199974721571
51.918 12.641846521237289
53.049 14.202582863560318
54.051 17.102619187140487
55.068 16.063691857003196
56.069 16.73673049585468
57.198 13.529345383106508
58.208 13.44353119392327
59.218 13.436780098559348
60.228 13.241898479290247
61.558 8.571848289058906
62.598 6.875719421896066
63.638 6.577332547525373
64.649 5.347917692089139
65.688 9.089579198707842
66.698 9.235498446557257
67.718 8.476612083025703
68.728 10.25056313936921
69.748 10.365321464630828
70.768 11.245203930202583
71.778 15.344039548707602
72.808 11.538523565439021
73.928 11.71190336475275
74.938 15.934685380161204
75.948 14.635174536367018
76.958 15.4187516706542
77.968 17.740228326945054
79.158 15.092357957420019
80.238 15.51709957190161
81.248 14.38388376478863
82.257 8.564067406725941
83.478 7.529816296645242
84.498 12.245563295908392
85.638 15.976140790448566
86.658 20.881424746420315
87.678 12.750496691217917
88.688 11.105851908770367
89.689 15.807147604412007
90.698 19.30969838260497
91.708 12.514280424293144
92.717 17.527745239380934
93.908 10.477842332474959
94.918 12.757169832751565
95.938 15.38732157115733
96.953 12.53608420823662
97.958 15.8681671249889
98.968 12.882890230720099
99.978 7.09180063461609
101.008 7.689799115341569
102.037 9.035223969795469
103.047 10.096733324408785
104.049 10.220197134677969
105.247 9.135237605083748
106.258 11.891757313969519
107.287 8.44075871399236
108.307 8.331178192456509
109.318 13.080873094988439
110.517 10.378738981583535
111.528 15.896292800871775
112.537 17.435539000557313
113.547 13.68342011554907
114.567 11.508440757639512
115.568 15.27204330199261
116.688 17.85297831691299
117.697 21.232081779916694
118.707 15.072495491075328
119.708 15.608697324226597
120.727 9.900696658611269
121.738 15.627415347998475
122.948 6.37993637531174
123.977 11.347998631125579
124.988 8.192519135623003
126.017 7.185563806748876
127.067 2.961223311438765
128.197 4.3121483125267375
129.398 12.006777807938764
130.4 13.446672721581814
131.407 7.676894522574648
132.437 6.780210273700446
133.457 6.971467875500964
134.477 6.503078644730125
135.517 2.7061708031552296
136.626 13.63816904053529
137.628 20.792439412147587
138.791 12.242222310775844
140.095 10.743139531589026
141.096 18.117859677014078
142.246 15.877009500582957
143.295 16.62668144963955
144.305 19.32523549209963
145.315 19.120902339370282
146.316 18.588327618179484
147.317 19.239383800638517
148.318 18.61406106411181
149.607 14.6708477408888
150.625 11.073202308865094
151.635 13.574202395141002
152.647 14.656410096432035
153.655 13.505831182946546
154.705 14.206512129350259
155.845 23.70136919774082
156.855 27.84241739279923
157.965 13.810169058780557
158.974 15.928702843590733
159.995 8.729953151241133
161.015 5.788090580101593
162.225 6.124348212279604
163.235 4.515132573875803
164.316 2.459015530527758
165.406 5.32476852330944
166.456 6.140064788249947
167.484 8.252636157533951
168.487 9.241337878536958
169.495 10.556363052585718
170.496 3.6541493241135776
171.518 10.509905315121848
172.526 14.861435056339555
173.545 15.174614660359897
174.646 11.637115625977431
175.666 15.833873435325827
176.675 12.78332878464338
177.685 6.672782649545086
178.698 9.462284008231316
179.706 18.481639988993887
180.716 25.39146972997066
181.725 22.105169287602205
182.726 23.068671930314846
183.936 15.964179421723847
184.946 23.345587788598618
185.955 21.877957497120626
187.106 15.136660940929483
188.305 15.556481898754555
189.306 23.77997465077813
190.385 15.9029194291499
191.386 22.374625755934883
192.596 12.660943476364618
193.775 17.60551168565952
194.785 20.399804388425423
195.805 13.05458573512155
196.815 14.262814121408763
197.825 16.350552854078792
198.865 6.5799550884047955
199.925 7.150959761401034
200.946 10.179305838505636
201.975 9.06393854124144
203.035 3.929918755837384
204.036 16.779720487908197
205.045 17.606586078776722
206.055 17.67376754377869
207.275 14.638144280490302
208.477 13.830715311823047
209.485 8.019979801814111
210.495 11.678494819266133
211.496 20.58327517172797
212.545 21.187874785583773
213.555 20.46091975527224
214.556 17.40761656895616
215.565 22.825849646224636
216.716 19.053920316007996
217.825 21.81707859878299
218.955 21.2579605784964
220.095 18.624896863162128
221.105 19.66129001651957
222.285 9.879916561806333
223.295 15.699147164425652
224.305 14.565413217688562
225.315 19.22771967032362
226.325 10.817805173577627
227.525 15.165464325139324
228.535 21.66906577518175
229.545 17.1825878505745
230.555 17.0022585924114
231.565 15.524668855569114
232.575 17.554498192494606
233.585 18.45929499450139
234.704 14.66917764045868
235.78 14.784912771701626
236.799 11.89475424463378
237.93 9.335709665907459
238.94 15.694046336817776
240.13 16.196068125278646
241.21 14.879714212581485
242.33 16.355726014845057
243.459 15.646490348122637
244.47 17.56261360417636
245.471 13.427409347400918
246.7 15.88320395983527
247.71 23.951386078592925
248.72 14.826305547104814
249.859 12.584123406786626
250.93 16.074070334117113
252.029 9.057006338144356
253.099 7.680313877074704
254.139 5.780080117510244
255.249 2.479542842864583
256.282 3.0099559312825828
257.51 4.32264596859421
259.419 3.7685092875866224
260.72 6.984922302213602
261.736 19.433177119750393
262.75 14.73853035894602
263.759 20.895825897885516
264.82 16.584301524050446
265.839 19.546076622530006
266.87 12.949840666566667
267.889 16.520194607840295
269.499 2.012641765666494
270.539 2.6605677310385407
271.571 9.98696775510282
272.719 20.782098346965014
273.84 21.313331831305092
274.959 20.677892492224995
276.179 19.972927464419634
277.219 21.24156131703318
278.229 25.224642662554345
279.239 16.844282961077447
280.299 17.22362799983941
281.321 18.63114861135974
282.39 21.941128737409993
283.409 20.06146838939696
284.41 22.919417943839182
285.639 15.402985687081479
286.799 8.713969863761413
287.869 9.07037492652072
288.879 11.63303744387128
289.949 9.19952485288026
290.959 12.557337410233266
291.969 12.140719814616995
293.079 12.831538655750391
294.08 25.78642656850211
295.109 14.352131820084894
296.262 15.028794428390603
297.279 20.813399068502175
298.299 21.820728617680896
299.315 21.156470993236017
300.33 21.810135215387607
301.509 17.861779727873465
302.534 22.412764857360763
303.579 17.930650849523026
304.629 20.94661427277437
305.699 28.713059120571664
306.787 14.38954332274834
309.028 3.5148835378984007
310.029 9.611442060268692
311.059 9.86116112449316
312.069 17.88921171634748
313.089 16.657899779494404
314.229 10.147893849833222
315.249 13.33030105777605
316.268 13.849852614575845
317.288 7.81272642734373
318.298 9.78623780324309
319.317 10.528505094733216
320.329 10.078031885551972
321.348 8.853258803596045
322.368 12.054523476434811
323.388 7.317597563966517
324.398 5.958666785256887
325.408 7.140108472503823
326.418 9.717526654961734
327.429 12.231076462991682
328.438 10.464356895479508
329.488 6.122314765479425
330.508 6.909521060017472
331.689 9.282644961389467
332.748 20.444515394059714
333.788 19.092097665837752
334.789 7.614678028181135
336.098 5.725869808775153
337.104 14.217404169212443
338.108 17.259917927149093
339.26 13.013225960844807
340.398 15.994764723722705
341.418 22.024841146448065
342.518 12.765395258232964
343.718 9.487459326860714
344.759 7.765744130859901
345.768 7.908562142119693
346.798 9.530602151951552
347.898 9.553487312534108
348.918 9.144954344145228
349.948 8.807991705558237
350.978 9.560907068881452
351.988 6.079886452976492
353.008 7.2936804481549355
354.048 7.175271870022515
355.068 5.761053840476149
356.078 8.973705971102582
357.089 11.723596498956608
358.208 6.432956606739096
359.219 3.690545373295007
360.228 4.72504413420983
361.248 4.008865138584054
362.458 4.7834182516128
363.518 6.45323193340754
364.527 4.108734029747678
365.698 3.3643374900766103
366.848 8.634134354336572
367.867 8.747087504831015
368.869 5.914449131964942
369.947 5.576329612436093
371.058 2.5142160360967596
372.107 2.568840050909014
373.208 2.2592439433308407
374.277 1.9390611019616486
375.298 2.1841207759840864
376.317 5.288936630821448
377.383 3.8611761889523404
378.457 3.08805410503098
379.487 5.031204655349402
380.508 2.942188923293653
381.517 5.135917537184598
382.877 2.1338226802917144
383.907 5.232452841573984
384.928 3.206355192304911
385.937 5.346653201209408
386.977 2.1924441825084577
387.987 8.461222821428466
389.287 7.319569897549226
390.317 5.836197400209852
392.027 2.8251803113310126
393.098 2.709616101959837
394.348 3.7599916533267006
395.358 7.966442544032709
396.398 5.979393225009292
397.428 6.238693772640077
398.438 3.322889134054168
399.458 3.0483181147213894
400.508 2.1715637617116594
401.778 2.6657588935694427
402.818 3.9862621500188213
403.868 4.737957298305812
404.878 5.43943254023779
405.888 8.56383947083129
407.208 6.930298294731348
408.228 10.290437518654027
409.238 11.657941484513831
410.248 11.140957604609728
411.258 9.813692257680108
412.259 10.239792260932482
413.629 6.033996525653202
415.029 6.326774187073403
416.299 7.945853770464324
417.359 19.93620396059121
418.389 21.10899286533505
419.419 23.737723742236113
420.429 26.369628434904286
421.438 23.187916815246236
422.439 19.684269668893783
423.449 21.583701925075953
424.459 20.907692243440795
425.509 18.13330781782607
426.559 19.392260652617107
427.569 21.32757335180977
428.579 17.919057341710783
429.589 21.192888516273236
430.768 20.116270197664075
431.769 27.43684869287078
432.778 20.317809915503812
433.859 26.124744715851044
434.9 25.475489269871524
435.908 26.576029185101522
436.989 21.41024158902494
437.991 24.60202757222422
438.998 26.202317326748048
440.008 30.22150339609833
441.029 20.97153678435849
442.219 28.528676676915392
443.229 28.5511323807622
444.379 20.57809267939592
445.389 26.22365475093869
446.608 22.249253470225135
447.609 23.37096423355591
448.618 22.874505707116683
449.619 21.46684060690427
450.628 24.383444286332804
451.629 22.97239856789549
452.638 20.93096638630755
453.649 22.14866777400134
454.65 20.095247937980304
455.658 19.140501352684968
456.659 19.787203452774605
457.669 23.627483525843203
458.748 20.030595162844623
459.749 27.806350701830272
460.868 19.661364291219286
462.198 20.546505821863594
463.199 21.661203810357826
464.278 17.703660623725064
465.349 21.39343039964449
466.369 27.329092930200098
467.378 25.6470001389149
468.619 23.61903199344465
469.828 22.770798748208062
470.838 25.576149694042947
471.93 12.340095569633574
472.938 23.411750904351173
473.968 22.044767509119094
475.188 24.40353115975397
476.198 27.54521917278784
477.199 12.695671243316239
478.208 25.308059616077674
479.288 18.111817783471835
480.388 27.2893021962173
481.389 22.492848234034714
482.398 26.727645244195752
483.409 26.51680231366354
484.629 18.764084200213162
485.758 19.064986978445823
486.769 19.311066427620837
487.909 17.967359915577624
489.028 19.61153314997586
490.087 18.22859354084346
491.218 20.885183281732978
492.219 20.267662025942798
493.229 22.798148967368054
494.237 25.228993666190405
495.248 18.596008273950897
496.269 23.764575651207235
497.278 27.243940112360864
498.288 22.902865957527197
499.369 26.48540406484271
500.508 28.616595153104406
501.608 25.311493117519053
502.618 25.182485822747353
503.628 21.530293259599286
504.828 17.114449295193594
505.829 24.56923457520997
506.837 21.118438341429563
507.847 19.58657789449721
508.848 14.92010058538809
509.849 19.17520155896247
510.857 20.957293148381204
511.869 6.442639676753758
512.877 19.36312824731806
514.077 14.500650209989619
515.109 16.563310920276805
516.117 13.845107956319257
517.118 16.62637942471962
518.137 14.127622903211106
519.177 7.261815719327573
520.217 7.9218218428460645
521.577 5.31182801306027
522.597 6.503078644730125
523.598 7.14859991017076
524.607 6.796080355117392
525.617 10.14959675772243
526.627 6.801653558667034
527.658 5.0385231188566895
528.928 5.063715197639334
529.937 6.22031696804634
531.118 10.769407778409976
532.137 23.36902047069126
533.138 16.692680891338973
534.367 8.371825770103916
535.397 9.43630384248874
536.417 15.204897855520844
537.738 15.764177321824134
538.827 19.693743491449965
539.837 18.921369965512515
541.077 14.022500534103054
542.087 13.18398908358359
543.097 13.905306116254922
544.107 15.356041496000197
545.127 10.753343244148766
546.128 18.49598995918569
547.156 11.475923722824174
548.237 9.766817769858646
549.247 9.900706375598775
550.257 10.056431641798794
551.277 6.157246063283641
552.297 9.440724391230834
553.337 6.451159191452716
554.356 5.492357270473526
555.367 8.23958018367616
556.387 7.1127422676706145
557.396 6.984847850571053
558.397 6.847669965815059
559.407 8.825031848927017
560.427 6.311444611199467
561.527 5.613572612393527
562.547 7.519184682957961
563.567 10.050833674718866
564.647 6.4970374684673855
565.687 7.773211192519655
566.746 2.5445828266323787
567.766 3.0483181147213894
568.786 5.690193814136492
569.976 2.8445875807390193
571.177 2.4163187720324677
572.187 7.9775443452868835
573.337 9.673724765545515
574.348 21.272642850871826
575.357 18.480136768896056
576.597 20.52705992186883
577.707 20.48325716330759
578.868 20.21998350602101
579.957 19.00137771240239
580.967 18.70578498715138
582.077 18.72093068777138
583.177 18.984239711577878
584.257 20.544067968201535
585.277 20.146530510870207
586.337 19.279788023950342
587.346 20.69129023463225
588.417 22.835080309703603
589.427 22.72103645594779
590.428 21.23675332547773
591.436 27.110423925525303
592.437 21.490454827950103
593.516 20.124824075070457
594.522 20.684762634128926
595.526 21.118965366853065
596.676 24.049718554618682
598.076 21.38704573228187
599.077 18.98810426958945
600.176 17.892033985418514
601.287 22.89153230062677
602.427 22.021041303828973
603.627 20.231183730940412
604.806 19.783661525075594
605.977 20.28525663871633
607.057 20.506233502217952
608.276 21.078698085778676
609.426 20.354758617821616
610.636 20.593318096190757
611.637 25.780674386348068
612.646 24.301900332556656
613.647 26.35104864716251
614.667 25.387349943948703
616.056 24.018119368099125
617.246 21.099989409750872
618.257 25.663408658909056
619.426 19.153666680055082
620.428 26.329135637517695
621.429 27.81830918569736
622.446 18.964709740629594
623.596 17.714541550603744
624.606 19.213467357859212
625.616 17.861297970324923
626.636 18.839705244937754
627.646 15.475760920322434
628.656 18.902466898516263
629.667 14.539315956739578
630.676 13.657786323207027
631.696 14.431082599203744
632.716 15.932364415348008
633.746 14.497813414768043
634.747 16.986647667942616
635.787 15.848451677323345
636.796 17.95378611811919
637.996 13.224308125285633
638.997 18.118011050225665
640.006 17.097349342836264
641.016 15.10130016458892
642.046 15.526415255408331
643.055 17.092093286890435
644.116 15.592179667722258
645.146 17.271301758839808
646.156 9.037166267436326
647.166 18.61021948179195
648.176 23.936983741826662
649.177 20.15882468684787
650.536 15.73001354110079
651.546 17.669566862228177
652.556 19.536769813212107
653.563 18.82079793781011
654.766 17.262457215250933
655.826 19.10567769932835
656.837 21.13685524081106
658.056 20.520829065407433
659.067 22.13697745001031
660.068 23.982209261310096
661.236 19.547190339591523
662.237 23.447559078468647
663.335 17.810900722399243
664.396 24.80390328598132
665.406 21.553847081241024
666.416 18.27806559028093
667.425 22.522950649910978
668.427 16.73303227607725
669.586 19.459338872308987
670.595 12.308331498966606
671.736 19.796421151810105
672.746 21.895002433249896
673.895 12.515482316427319
674.906 17.363428467674428
676.016 17.0764111640877
677.025 21.760764284233872
678.026 14.051672471370733
679.085 13.094929166315438
680.206 17.603209797943055
681.215 19.959046553107033
682.255 15.891432208541671
683.265 17.321660414893262
684.266 14.698036084213667
685.285 10.210585995618626
686.295 4.377110179935202
687.506 9.37337837312479
688.522 16.52572458252449
689.535 13.792633977781346
690.537 14.019278604128473
691.545 10.495482639115881
692.546 11.410361304998256
693.564 11.667244172647134
694.565 11.788340213958278
695.575 9.653316236910365
696.585 7.267029065190251
697.654 4.594072322800395
698.675 6.496709321864437
699.676 4.1922810907837045
700.684 8.554073898294087
701.695 11.836902716563753
702.715 11.769746389414614
703.724 8.29150336199608
704.725 6.042061734550498
705.735 9.514843769950552
706.925 8.17443301287561
707.935 9.030265147751606
708.954 3.8983007960468234
709.964 5.336065769117341
710.985 3.5855376739772162
712.004 4.882095351536233
713.005 7.984936903350096
714.055 3.5534679737151538
715.075 3.7738534788677853
716.094 4.683270659538096
717.275 4.334295951418505
718.306 2.980228445698288
719.365 4.69769137225896
720.386 4.263465492468803
721.426 2.660276337613807
722.484 4.1143650924485735
723.494 4.309899275051214
724.522 3.2651484427516873
725.565 4.5754026213171155
726.884 2.4392126655450532
727.904 6.3060398290628985
728.974 5.1422062783102
729.976 5.999284752708647
731.024 5.735957368516702
732.034 3.3803484567605557
733.044 7.593632056055242
734.124 4.194004082347461
735.184 4.497707105098208
736.284 2.6405812968247386
737.295 4.510666567379505
738.304 3.9897969920304996
739.364 4.497707105098208
740.565 4.042716291359954
741.594 3.625987728286181
742.604 4.720365872681453
743.624 4.516918157707442
744.664 4.982827687514056
745.734 3.8744977906724998
746.744 2.6680328845681407
747.774 3.6224673518530848
748.804 2.8174746069926346
749.864 3.128839725287357
750.904 2.0250386558037565
751.914 6.73774318929514
752.934 9.257409354518202
753.944 9.327763416423533
754.945 10.749617237054325
755.954 8.52817605318773
757.264 4.581941505136514
758.294 9.458664752062935
759.295 7.548225188350192
760.305 8.38170992057241
761.314 14.317496432596458
762.324 15.434204177798621
763.514 10.392421870037955
764.574 10.510374161260534
765.813 8.877212712304221
766.824 10.056431641798794
767.834 8.395062086941577
769.034 4.727061959109441
770.214 6.667338545907534
771.234 6.909521060017472
772.265 4.625688435752496
773.274 6.163101044621518
774.293 7.394072592442828
775.454 8.206341803271775
776.463 8.217468059476415
777.484 5.155991302535942
778.614 6.267888194924979
779.644 8.251175634772261
780.654 5.552700917875577
781.714 6.387190086132559
782.724 9.235498446557257
783.903 6.85561994822077
784.913 6.58989278849489
785.934 7.829264900276568
786.945 8.420780206256866
788.493 2.410298044182891
789.664 6.641978590991975
790.669 6.39388516001645
791.674 3.2017672434065054
792.705 3.4179008153331107
793.743 4.709232274372002
794.804 3.7119952914396945
795.813 4.108734029747678
796.853 4.631115815072363
798.014 6.64306749237981
799.163 8.340314039672856
800.204 5.9736493314204955
801.233 4.379487533580843
802.245 6.554486381037054
803.265 6.630389006530041
804.274 7.510153100414408
805.484 7.895056994882033
806.494 11.387147548580241
807.533 2.3587667296712604
808.574 6.17277097580686
810.003 2.6090009834119368
811.013 6.567465561989115
812.034 6.386738981780204
813.063 13.739701550342936
814.083 12.545344287884005
815.113 8.641461773685496
816.175 8.924683893049204
817.183 10.658431696414226
818.193 6.485252222998854
819.213 7.759841376225937
820.223 9.559701047967517
821.233 7.866376308424353
822.533 3.9862621500188213
823.553 5.981804362822554
824.593 4.131376079153727
825.623 6.238693772640077
826.633 3.3249894748294255
827.643 3.488966079809677
828.753 2.054181936760927
829.763 3.0831502367681036
830.823 4.693259587931036
832.083 3.5454347655789977
833.303 6.415451553669874
834.553 7.730905528485513
835.903 7.592279614397121
837.133 8.393230082398057
838.143 9.860961671375486
839.153 8.747169215827007
840.163 8.337002666895183
841.164 9.353502107966513
842.353 9.318061043237458
843.393 10.39656988938954
844.413 10.7641876506857
845.433 10.980927228142095
846.472 9.177227201941188
847.493 4.486225924941782
848.494 7.166310575907784
849.603 2.2429464216483783
850.653 2.7638084240069887
851.683 6.106882095119179
853.193 3.8580567589573618
854.203 8.41456525131572
855.813 6.6119305403562665
856.823 6.977932159619354
857.834 2.050302985163893
858.962 3.985042844167985
860.222 9.138616060863418
861.485 7.424704647825792
862.502 10.205635200911626
863.522 10.090051802504933
864.533 9.53046173419472
865.542 13.17843401974278
866.753 12.839925538859063
867.782 16.160119041006265
868.792 8.191929128911186
870.031 14.712560215569809
871.131 14.324583234276382
872.132 16.767762004211573
873.15 22.41073935550595
874.162 16.520821290168676
875.171 17.39934730095369
876.172 19.939484903482054
877.202 11.344189607840251
878.211 23.40694060015175
879.232 19.804456144072486
888.774 2.2822537026172345
889.784 20.7677283055805
890.974 19.743398716628132
891.984 24.343549706491157
892.995 25.071848287301236
894.004 26.30671024824751
895.194 20.371398087610178
896.204 26.759391673404608
897.354 19.36102086347176
898.356 27.731872211587465
899.573 22.63393814199206
900.594 26.730719374400906
901.596 25.916904082832357
902.813 22.877224122563245
903.924 25.938526670987947
904.934 30.46559299942617
906.024 17.41712544524764
907.025 24.337482188607463
908.034 20.975117256502532
909.253 16.415370507641825
910.256 19.29110600260199
911.263 15.378767278573585
912.314 16.890738119687594
913.443 18.377556577558373
914.453 21.253498350133036
915.603 13.420466582150075
916.623 17.20457671234678
917.773 10.83888294124355
918.783 15.148107759060345
919.793 15.449656684943047
920.844 11.507218124062568
921.875 16.84171508566561
922.879 13.565827032257097
923.904 16.196278067098536
925.003 16.082838717188114
926.004 18.98235208762481
927.016 18.774674622889137
928.113 14.900377911628734
929.123 19.607431277947928
930.333 15.524257218522274
931.343 20.101161384908703
932.434 12.715565373961732
933.443 17.21538534237615
934.455 13.380429354943102
935.463 7.592914975428675
936.473 15.92703413875886
937.484 13.253380312536574
938.493 12.857063741097631
939.494 15.530740120333796
940.533 15.992479261460623
941.693 18.287319246857997
942.823 18.317444988390942
943.883 16.563495422577354
945.073 16.78510403165818
946.293 15.983608071894729
947.773 11.569721089794088
948.783 12.716063163265906
949.893 14.739792861898962
950.903 16.301882816691638
951.912 19.006499040131196
953.133 14.422633663709288
954.353 16.307026119784727
955.573 15.829475277182205
957.013 14.419247835898702
958.022 17.059894431826503
959.182 13.570463426425244
960.333 17.288678651847114
961.534 15.78921498345569
962.543 19.41016413783913
963.553 11.668593212748794
964.563 20.373455564372247
965.583 16.07037063019426
966.713 19.554314695238148
967.883 18.9728206209497
968.932 20.422018400710616
969.933 22.32724594078315
970.953 20.73613940928489
971.973 23.821150241997678
972.974 21.896740527439473
973.993 14.938182776546025
975.015 25.31928365403258
976.094 25.608638731603957
977.103 30.826467854068955
978.113 21.143380483591844
979.114 22.20296853403034
980.142 25.086604799146908
981.332 19.860170560479606
982.334 21.37525981389266
983.343 17.74744837847345
984.353 20.51717888324179
985.482 22.28069029834165
986.632 20.855843831158
987.693 19.873141919713667
988.793 18.039001802523686
990.012 20.3536423824215
991.023 22.40420626735039
992.032 21.117931805539207
993.042 19.260875049746403
994.162 12.166612408506285
995.163 17.94968403910867
996.302 15.914741634646644
997.313 17.687760021752762
998.314 20.28173973454485
999.543 15.306448868715265
1000.752 18.560381842719764
1001.812 17.860603046248162
1002.822 22.965576132181194
1003.953 17.601101111837657
1005.042 17.49183664834915
1006.112 11.102928537249909
1007.192 6.525658778899077
1008.232 6.0673940414758984
1009.239 14.884017691346013
1010.242 17.67655892390023
1011.252 16.299994651076062
1012.342 18.647810902038707
1013.343 19.230452781003212
1014.362 17.53804130257631
1015.363 16.84359998314212
1016.372 9.744877921194488
1017.452 18.593048640286582
1018.672 15.236293788420982
1019.673 14.588290505924967
1020.682 10.915777015864318
1021.862 18.413575712195513
1022.962 18.673476563334447
1024.072 20.87681155752257
1025.074 18.65597301301029
1026.082 20.271824789261505
1027.103 20.582410965654258
1028.332 15.10116942734005
1029.342 19.977841376584305
1030.353 19.735365239801006
1031.354 19.051226898708602
1032.442 19.948880059966655
1033.492 20.816880366479726
1034.723 19.38099141090108
1035.812 22.327404959016132
1037.031 19.906651072865113
1038.033 18.65294857019766
1039.073 21.49055700476565
1040.255 24.015621119768113
1041.382 22.647883548986496
1042.383 21.622149521843514
1043.403 23.560587377902834
1044.532 17.281184272861726
1045.542 21.0602669985821
1046.553 23.264793967696097
1048.002 13.041466891232375
1049.015 25.938077123115068
1050.171 21.179624080271008
1051.173 24.688224192355776
1052.372 20.43673618173602
1053.373 26.24024345639268
1054.472 18.656412781865292
1055.473 26.38450212677225
1056.552 19.54596926698297
1057.753 21.24927281017891
1058.971 24.02572818970154
1060.132 15.24564412683135
1061.312 14.55958642484798
1062.313 33.090486766804766
1063.322 25.535721925704724
1064.323 24.743919261346303
1065.332 24.414830449173945
1066.333 25.35122858556128
1067.342 24.448769553334337
1068.352 28.02274665098127
1069.531 20.374466033718218
1070.532 24.345353595496473
1071.731 20.984575276370375
1072.732 28.465732410983538
1073.752 26.671595075636446
1074.931 19.808722843028356
1076.141 20.27486601457726
1077.142 21.914753939580734
1078.353 20.880988654119953
1079.362 24.890428426943664
1080.372 25.921505727640216
1081.373 26.34272312052509
1082.542 19.67214259006115
1083.543 25.89405292179068
1084.551 25.06168527051364
1085.672 19.97380584220894
1086.693 26.418407798927095
1087.702 19.37307140003927
1088.713 25.16761901880819
1089.721 23.7036762451535
1090.722 24.014451755302886
1091.731 23.34830160849393
1092.732 22.74609561675868
1093.741 22.548630237604005
1094.752 21.77622604017377
1095.761 21.442455717804883
1096.772 21.386398696356828
1097.781 25.631231971096355
1098.792 25.65486572972213
1100.001 27.599407245119668
1101.012 24.55432663480835
1102.197 4.085409687392127
1103.266 2.908591652951943
1104.287 6.293687155541968
1105.307 7.214947085544795
1106.327 9.510841650022819
1107.364 16.248929519147147
1108.367 22.701645922089227
1109.368 22.883088373057717
1110.378 23.950936005497955
1111.479 19.04819544748618
1112.031 31.59040538993907
