0.0 21.505069837961457
1.01 26.77208675770286
2.019 26.088479887106057
3.069 16.074899848039767
4.07 16.79131777866642
5.079 20.153860736696245
6.09 18.060662365207264
7.099 16.7282650484182
8.201 13.621297439549787
9.37 23.50872847390819
10.39 19.54145476148965
11.55 18.487186112745665
12.62 21.613490173913146
13.621 23.848834048266838
14.77 29.39673119623056
15.781 24.033449924938537
16.801 26.000726833940824
17.802 29.367625840567214
19.0 20.473921048185215
20.021 27.019401398909164
21.03 29.56633247782717
22.031 25.714768582381623
23.2 23.230782908928784
24.21 30.169916833406486
25.211 27.9236108836932
26.212 20.358884142471883
27.229 32.502360205684276
28.329 16.82398122604375
29.33 28.64587999070605
30.53 20.84078074757339
31.531 30.349953686493496
32.649 21.291184155402153
33.65 27.52384252019935
34.671 28.75917957073085
35.799 21.390325937619586
36.82 27.275904962604496
37.83 30.298355363546836
38.849 30.486276018346757
39.85 29.393091015401815
40.86 31.455512187283382
41.861 31.795712833218392
43.039 24.250404346641204
44.04 31.607863563123004
45.149 22.001448008272135
46.309 23.70813158878652
47.31 28.77215935144868
48.44 25.92109793238146
49.61 22.990969667494106
50.619 23.08042031021544
51.709 19.938409042573138
52.719 16.080400240633875
53.799 18.257137533779133
55.029 21.21863711709186
56.03 20.984350700626567
57.039 22.09480667974324
58.049 22.244066763748396
59.069 24.426818451834784
60.199 20.516581614467572
61.209 22.674845790406902
62.219 17.05674050659397
63.239 20.240684314588425
64.249 23.327064597781174
65.259 14.656167334993281
66.269 16.02854080723919
67.289 14.33463376371585
68.308 13.420563151850008
69.349 7.359280773437304
70.518 10.383006807330073
71.519 22.251504784578785
72.538 17.634964028232787
73.539 17.77504097666983
74.549 23.87141578343087
75.619 23.45447903730655
76.809 20.475407324917477
77.82 23.309344846493314
78.839 29.12968801885825
79.859 19.61283266200825
81.019 21.069061651734508
82.099 19.475249999489005
83.169 20.88235274761276
84.179 26.910551444952215
85.18 21.211269828401257
86.409 24.45444451406642
87.639 26.486816306687018
88.849 21.970201810501212
89.959 22.10919018876691
91.099 21.886204829788863
92.198 22.7608505003619
93.208 23.16906619072982
94.219 22.450538609045623
95.239 23.524238908856347
96.329 21.318658170701088
97.338 26.08052022651384
98.379 26.81225033629963
99.399 22.946711243654324
100.409 26.860593524139784
101.439 29.094045056234492
102.44 27.84198278854553
103.598 21.955952530867428
104.668 18.68557584032805
105.669 26.519014622425022
106.679 24.868672687621103
107.875 19.895037648511376
108.88 28.17069267510363
110.039 10.52682363332666
111.04 27.516691341090535
112.089 10.108110516989605
113.288 21.219435518227414
114.289 26.37895615996172
115.298 22.23565806588802
116.299 25.586745031351626
117.3 30.656407881289258
118.368 25.48393760221749
119.498 29.594976230733515
120.508 27.089639354835356
121.509 22.674645294955237
122.518 21.74752322541947
123.678 17.510667021171535
124.688 28.05595346381739
125.698 16.70340490043137
126.888 20.299640161848284
128.058 21.384710150708887
129.078 21.299883926845027
130.188 16.93855083334787
131.198 24.337459224921723
132.208 17.572223274481253
133.418 20.339989807168653
134.538 18.53652165651047
135.718 18.36900391469526
137.228 14.172476803829943
138.238 19.09187753756457
139.307 18.551695824302403
140.498 21.472792456935885
141.738 19.621062627247415
142.778 18.332813338067545
143.878 20.209347751232333
145.038 19.132880764862783
146.048 24.636861020331157
147.075 15.916562303167074
148.238 16.96228424888155
149.248 22.15054691897522
150.318 16.647891073321
151.408 19.531237952462682
152.458 17.643580208490008
153.468 18.89878758058805
154.478 23.639846024061963
155.488 24.430287610764548
156.489 17.601668483951748
157.498 19.037777886299697
158.508 22.242165251253446
159.528 21.01043591808558
160.658 25.3406134186118
161.688 22.27574801058045
162.868 21.275096690163995
163.888 22.730042243573955
164.938 20.758326923774398
165.939 31.063327423891923
166.948 19.383504015780975
167.957 22.116263156349998
169.028 19.694823104095992
170.047 15.874980054493612
171.048 20.12830221557386
172.158 19.53637517532337
173.218 21.791071351501845
174.238 20.79219413590478
175.247 28.543516085834405
176.257 23.114095191362882
177.287 13.892551443857634
178.298 21.393479895814053
179.299 15.39823317183263
180.308 17.444807542004256
181.348 11.729152765856087
182.357 16.892822380330905
183.377 13.794249994027671
184.457 10.015519535735939
185.567 9.669487250135363
186.587 10.212688385899767
187.837 7.424271161624501
188.887 5.686757295673227
189.891 2.8491421189285804
191.018 15.047567550517316
192.238 15.569154076720979
193.327 19.382275125768153
194.329 21.52696823060702
195.367 19.337315212649358
196.487 20.938116582426026
197.557 25.704231555306254
198.667 23.93628679550199
199.668 23.418542358563325
200.677 23.96100102742609
201.678 19.72888269013748
202.687 21.750637875213577
203.867 19.592637500206965
204.878 29.81951992857085
205.957 26.9357688754258
207.077 24.52492027256749
208.179 22.846231021578756
209.187 21.28844660514699
210.267 20.582624968337985
211.277 26.10396439100214
212.278 19.062253246395134
213.317 22.296034175232904
214.327 20.034163442256922
215.346 20.50693164582537
216.44 10.921753246506167
217.458 11.027169844468727
218.466 14.846157044496504
219.476 10.856080920972035
220.477 11.28595624998559
221.487 19.574343132863348
222.507 15.472572091497494
223.519 12.10905470964094
224.537 11.156657110133652
225.857 6.351761735679478
226.877 16.378061525028677
227.887 12.860275156712614
229.047 7.824193658551615
230.156 13.550590929385697
231.386 10.806623324224745
232.407 9.357250006617587
233.538 12.95356634933054
234.678 14.369498395176652
235.687 20.99222064525211
236.698 17.168698919153027
237.717 16.678212615710457
238.898 11.283968670810273
239.987 10.826876615204844
241.068 10.622419072898284
242.518 16.67728443637893
243.528 19.534065639607444
244.529 19.78068513514679
245.538 18.002848967191618
246.617 18.12276523022373
247.838 18.732401763176163
248.848 23.266561925443728
249.987 18.57787481999333
251.068 18.497697000107994
252.137 17.411651947404813
253.169 10.995829602756517
254.208 4.597570864646564
255.218 15.23301709905554
256.237 11.657970060481937
257.249 7.0913914741158735
258.277 11.384578321502127
259.297 8.001000489788584
260.617 6.016859800851951
262.157 2.32640071186136
263.197 4.363492617254061
264.207 5.740493546654065
265.227 10.537226753769916
266.237 9.320695963098439
267.257 7.961460213955613
268.317 5.650897406086728
269.327 17.499447202943728
270.557 13.552424322269593
271.617 12.389874218263614
272.627 15.984806018414913
273.647 11.72788544933613
274.667 13.217064668930472
275.677 12.695016428972032
276.707 6.668451814357756
277.727 6.322336052257585
278.737 5.250421901135417
279.767 6.492841339547422
280.777 4.616526760325912
281.807 6.956615720923401
282.822 6.192820210493834
283.827 10.934065296456815
284.907 5.31507652929482
285.917 9.021933045626776
286.927 7.044758296408131
287.937 7.886264035550781
288.948 7.242086945627356
290.287 7.30215162700445
291.316 3.0174630548617163
292.377 3.376679638347691
293.387 4.256622292600856
294.417 3.9449638809371637
295.427 7.567328520186574
296.436 3.775301648055428
297.487 7.726631225722673
298.496 3.2994523707545738
299.506 5.202538357637818
300.557 2.551456161754698
301.567 9.275059661713739
303.697 8.274252942891003
304.926 4.66415895364994
305.958 2.2698838784527715
307.046 2.8538322458035923
308.066 2.575766539814304
309.107 3.4448625925735903
310.147 3.0159335514379664
311.157 4.966059341367665
312.176 4.453417391512985
313.187 4.488657093911718
314.226 3.3681911699950704
315.26 5.543763398504138
316.277 7.045540012348361
317.286 9.177488716189487
318.337 6.36310806823193
319.396 2.706445398517078
320.425 3.481688140218342
321.465 3.674520098743708
322.515 4.246610952472048
323.575 5.1824599505851
324.585 4.053851908067801
325.615 6.956615720923401
326.826 4.610938845727937
327.845 5.859759725687614
328.955 8.136840096572191
329.985 6.260954148837608
331.005 4.214890701512331
332.045 4.80601980020081
333.055 5.911975406404627
334.095 5.264663299381892
335.115 7.258978430373862
336.245 4.543600770673329
337.275 10.434923581396015
338.418 5.089787873347726
339.426 4.738964413071935
340.465 4.8274494078832575
341.515 3.798155267478604
342.52 6.654354805703689
343.535 3.945467395369801
344.545 8.749723601471864
345.565 6.207138625283153
346.605 7.073719795360031
347.625 5.344270528048244
348.675 4.094465252882104
349.685 3.284776510888377
350.715 7.884164483719008
351.725 4.102599775446582
352.735 4.729580325119337
353.785 4.321935544712526
354.824 4.7686880667567095
355.825 6.919550835307364
356.865 8.997940801013716
357.875 7.739328974265845
358.885 8.749723601471864
359.915 6.429445280100797
360.955 4.116040011929902
361.965 5.439017373886146
362.995 6.404527577587586
364.015 6.323705412458648
365.025 9.695639666508827
366.035 6.834554726409617
367.115 6.322706920644464
368.155 9.645615259210418
369.165 6.494529708148159
370.175 9.75354936711543
371.185 12.949127652571061
372.215 10.16981278736435
373.365 8.555229681863297
374.385 9.60058437565364
375.404 3.8655567009160743
376.495 3.7216725106432405
377.604 2.5844235140000453
378.615 2.8349413224705593
379.664 2.6636731988787603
380.684 3.51240891793058
381.725 4.7707108504484355
382.744 11.250738673309746
383.754 6.911652417374873
384.764 6.148454422652956
385.806 5.271984210777168
386.844 3.659733870276327
387.874 3.9420822418704162
388.884 3.7836642601041994
389.894 4.3290526345859055
390.924 4.869631004644198
391.945 4.836289193847359
393.175 5.207284409296876
394.217 5.042767505954127
395.234 4.227324007404652
396.275 4.3593009817151795
397.294 3.794965443386007
398.314 6.322336052257585
399.385 6.541466288374984
400.404 6.562930892764018
401.414 6.384933438923109
402.434 8.313556955866696
403.444 8.921724055551136
404.464 12.20733269003336
405.465 7.536819700158993
406.484 8.860744860051707
407.686 8.799537708020877
408.724 10.772649850912641
409.755 12.845402246777772
410.764 9.38080613468349
411.784 7.4650671407647735
412.814 11.29297399024172
413.824 12.694843564195796
414.834 13.462017448792976
415.844 15.849107167716285
417.034 13.224791772912834
418.054 16.040685405268107
419.056 17.98469105611156
420.064 16.25191125416926
421.194 16.394013662509703
422.204 18.73076301640586
423.205 21.249467590871408
424.304 17.639814031835446
425.314 21.911647795684985
426.344 14.919432000336311
427.355 23.3243692065787
428.364 16.62461642403406
429.464 20.72947743866118
430.474 20.9653860011392
431.584 11.030372222701601
432.604 20.86322969638402
433.774 14.355011774658488
434.794 16.586204275721183
435.795 19.246439717498127
437.104 14.031496094981614
438.113 18.81694502583193
439.204 13.09754751296045
440.216 16.378657575591948
441.224 12.224137918578338
442.314 9.574767538822021
443.323 12.128965488170676
444.324 17.56364514048851
445.453 16.564106665124054
446.473 19.78571438749065
447.474 13.599624374364174
448.484 21.21759571219963
449.494 20.699692837423218
450.654 15.179242741182653
451.663 18.3120644793837
452.664 17.352598142342842
453.673 15.248979422360675
454.683 22.568188222465164
455.694 15.871406724069015
456.704 14.308709131266362
457.723 11.234290224946232
458.734 13.874219410797732
459.753 12.606878972391954
460.763 12.530794889910695
461.764 10.07269763910381
462.793 9.516614249919952
463.803 14.452014032206687
464.804 28.59931011577316
465.883 26.164904111495442
466.893 34.16983493072112
467.903 27.53528475242478
468.904 26.479944764920305
469.972 24.697449801273212
470.983 25.524315448631828
472.432 21.899124464380968
473.443 33.716736342533274
474.444 31.52152615470141
475.513 26.279495393918637
476.682 28.428111071903487
477.713 26.13194501167025
478.752 13.938403161928298
479.753 32.81083145257514
480.852 27.182401205742533
481.863 37.20376943117415
482.873 34.488424716467385
483.882 24.950767524028542
485.013 27.20230408850283
486.122 28.402839608256507
487.123 34.204788154378015
488.332 26.82471300162601
489.382 22.04300197841944
490.394 32.44970637840052
491.462 18.954339651646308
492.463 30.348558334307253
493.562 23.985705197749308
494.684 23.163972688332645
495.713 36.949160878551076
496.723 38.929147997767764
497.732 32.65173919195896
498.733 31.36140950644319
499.862 24.611177969051113
501.023 32.05721770263353
502.025 30.899896814764265
503.072 29.504454635867017
504.122 33.27161504298112
505.253 32.41911242587652
506.263 30.671051824778854
507.264 34.84926638426432
508.293 23.08077579923487
509.303 30.73570325178962
510.352 26.39373255919024
511.354 27.458736709433246
512.523 27.168261748647172
513.593 30.628092504134543
514.672 31.276980200108913
515.862 28.713282676851346
516.863 24.792266455738968
517.872 27.646496939063912
518.892 18.32409354198089
519.893 23.994997175972063
520.912 14.08466925407671
521.922 19.584023560441704
522.982 22.343181882821703
524.092 33.009639736163386
525.102 33.818919431469475
526.192 24.86851092419325
527.232 23.332396811293762
528.572 8.113773433886085
529.592 16.176080895240954
530.612 10.409362744902916
531.613 13.410030914046898
532.622 12.848449595454804
533.782 16.866176461650273
534.862 10.740728894880029
535.891 21.645512642470013
536.972 28.176407112253962
538.122 34.1198063608972
539.132 40.11426711269986
540.142 29.814852579481524
541.332 31.674915359257948
542.452 31.18472414286425
543.552 32.53643721521121
544.582 36.868876763656544
545.583 37.11601579573984
546.592 36.720163994685926
547.682 28.72654510075534
548.691 25.94953189819226
549.692 5.566757019048495
550.702 6.857891471419765
551.721 7.470165622217259
552.722 22.111271903064928
553.741 14.94324399050639
554.761 14.113653261132923
555.791 8.021635617965709
556.811 4.9173724850940825
557.851 4.64647046704689
559.051 13.650296002809094
560.061 14.144833321757497
561.062 12.138341935914962
562.082 10.068905564700867
563.112 10.1350636103894
564.131 7.62813926159801
565.151 8.898102592071888
566.211 9.133706828126064
567.232 3.3429254455177055
568.403 8.74578760344454
569.528 18.547408803704663
570.561 25.757685282370055
571.562 29.270474453629753
572.571 25.090753729693144
573.582 21.764771552939184
574.621 15.746512171553757
575.634 7.050092872737196
576.641 17.50823566887262
577.661 9.696781929832868
578.671 11.250039749964838
579.701 17.538502894679898
580.842 15.516474277639409
581.971 19.99257101301898
582.991 6.565500962813314
584.011 4.173467555397442
585.101 26.24635739061075
586.102 35.97147827360334
587.103 35.967466636531654
588.241 35.75590511745284
589.511 27.165637244776214
590.512 28.79849662153609
591.53 26.479545554433443
592.541 17.882096982195158
593.551 16.53117692957789
594.681 19.746207436806806
595.691 16.83063337700712
596.721 9.228872878322521
597.831 7.058450432685127
599.021 16.69201180416469
600.111 23.339617118050594
601.321 22.97966925401654
602.373 27.820931309761217
603.531 23.976743277922314
604.532 29.51361454922188
605.681 32.6928848876017
606.682 33.70333350994157
607.683 41.2607346529817
608.691 38.13515331961962
609.701 23.206232117838873
610.881 29.606458229885284
612.041 26.481608361354656
613.05 27.944638140695073
614.071 26.773670984838834
615.131 29.27256435548647
616.141 29.900074915126304
617.251 25.98327674372672
618.421 30.495651696657816
619.431 37.603793745138276
620.432 27.11762065358068
621.441 25.148893859663307
622.442 33.86275248221579
623.451 25.01236837591941
624.461 28.136016068322576
625.481 27.767372664488324
626.511 30.564019996187277
627.591 26.652115237444665
628.751 30.216854091317696
629.761 31.417309071342313
630.881 25.57793687158985
631.92 31.658543615875313
633.19 27.481830063132957
634.201 29.373183071832834
635.219 33.48763648062848
636.23 25.013487205946753
637.231 32.617575193003574
638.232 25.049883328599282
639.299 27.665285545848143
640.373 34.46464470384708
641.42 30.82916349385912
642.631 32.372795559078206
643.78 35.44869547872806
644.85 28.791924448132765
645.851 35.01060396543998
646.981 35.075819232098304
647.991 37.62332746494028
649.011 38.428868856602904
650.081 29.92498682980198
651.1 33.621656461197986
652.101 28.547507670851143
653.19 20.382539940490325
654.2 35.75517780947262
655.24 27.532543848426325
656.42 33.51350399269997
657.421 37.72072649213743
658.431 42.08652316715139
659.44 29.456281517736947
660.491 34.432484028051
661.671 28.243149903777866
662.77 29.993212381091826
663.88 30.65530244192295
664.98 32.43596663483934
666.072 36.6216105863116
667.222 34.114796288623246
668.231 34.39974988247049
669.35 25.90613818626755
670.351 28.32198389500081
671.373 31.31372382784176
672.453 19.884574586522252
673.46 22.653973784716346
674.48 10.761288316794323
675.49 11.694129364546312
676.5 12.968488507705949
677.51 18.37276006124123
678.52 16.165622576169532
679.524 25.27657192456772
680.53 35.60491020398684
681.61 21.745287855332162
682.69 26.38607810798447
683.71 23.54837388235098
684.711 24.03179958625597
685.731 26.9450718630735
686.74 28.08237487702392
687.75 23.422140225584133
688.76 21.94933231742829
689.77 21.8597883623776
690.771 19.175974438771025
691.78 18.3587842266227
692.799 16.968287855934967
693.972 21.877613034711697
694.999 20.74618706652442
696.009 11.721441999475367
697.039 10.664437657561013
698.05 9.47709002771241
699.18 10.89694737830595
700.199 16.07904361687045
701.2 16.884631947255393
702.201 23.08836717900208
703.221 18.24792288073675
704.379 22.756700099054328
705.39 22.695245715116005
706.4 25.87664720785069
707.409 26.935837672874005
708.48 24.210125350877927
709.62 22.208743211067368
710.669 23.384367706135354
711.679 21.837661670713807
712.689 17.822358608183194
713.739 16.39798082539805
714.799 11.195391648917274
715.8 22.560052007544787
716.81 21.120099977420246
717.84 16.4950105365403
718.841 21.052548532263813
719.842 25.566861264607272
720.96 22.386999959126367
722.12 24.896269953286062
723.129 20.587662241503825
724.309 21.005364643439332
725.489 19.664398357415635
726.509 12.9671564320619
727.529 12.50568204401999
728.549 16.164270163490418
729.589 19.112440135333276
730.619 11.258055305092793
731.669 6.659159537361997
732.68 8.74106907763938
733.688 4.164434261079631
734.75 6.072300163195362
735.778 3.478790991755696
736.788 5.911975406404627
738.028 3.6597034854550823
739.047 8.90683478302597
740.077 4.208718609533356
741.117 4.363492617254061
742.227 3.4427936060271915
743.237 5.223973590109367
744.416 9.876449479741236
745.437 6.556496646792111
746.466 5.030292801799969
747.647 10.095668961972578
748.697 7.969049785174995
750.277 4.260455533471041
751.287 15.477102165545565
752.347 9.66769917365167
753.377 14.942923626737954
754.398 13.100150009242796
755.401 5.10690122083494
756.417 6.3472271390724275
757.46 13.799409055317769
758.476 14.941756979194116
759.477 16.03992069763016
760.607 20.51395498771515
761.806 18.788669833536567
762.807 15.07503475235146
763.977 18.84385351809714
765.106 23.577999335243245
766.137 27.22844591521759
767.187 27.58759034155407
768.347 20.81484760338886
769.363 22.855413599779183
770.367 35.4516820114517
771.447 31.08829938081023
772.537 29.358925692373546
773.637 22.841236554465198
774.799 35.10439726105545
775.827 34.58308533438789
776.877 34.972444611777554
777.887 38.83891258356849
778.897 27.819647312170705
779.986 34.656233874461044
781.107 28.59996200681368
782.177 32.37043699023905
783.178 34.84769661324575
784.377 33.834283779951726
785.378 41.24835090344727
786.386 36.16318293056646
787.387 29.317044328562638
788.398 34.99363425550581
789.587 27.75506843331141
790.607 27.17324150691934
791.616 26.178285623392714
792.617 26.156746345417314
793.756 21.32170477683228
794.758 23.28870690402293
795.766 21.17395627338458
796.866 19.123376643100666
797.886 19.343239872243938
799.116 16.984817515710265
800.126 23.35783452825678
801.146 23.537247830744622
802.336 22.26975824658145
803.338 23.592764317152938
804.406 19.940759811712883
805.516 21.553951636611853
806.706 22.425718592492554
807.886 19.382237626133865
809.046 19.0091602510858
810.156 19.70719360807835
811.166 25.37931524168647
812.176 27.022394956181042
813.186 17.517943734197434
814.196 21.49245070916526
815.199 19.97258273489004
816.206 24.478622456530818
817.216 24.266757530742684
818.256 18.64758513928817
819.266 23.912039006282892
820.276 15.422649760485513
821.286 14.62073005549382
822.295 17.207575047748886
823.296 15.188581525742261
824.297 20.39917493302498
825.306 28.759984248041754
826.307 48.216390222610784
827.466 37.349736662873276
828.646 40.500052272575935
829.906 40.08460669943826
831.056 32.535560797679906
832.167 42.02751341809969
833.168 38.048983062797234
834.185 22.440147944293777
835.186 31.18454863369599
836.187 29.413498039297853
837.198 27.1054998264685
838.238 28.626270933840836
839.366 27.65247205358328
840.456 26.672909952589826
841.916 19.02135581219367
843.046 24.248091194353407
844.206 24.48958768053008
845.208 27.259400502684006
846.266 21.838205100171663
847.275 25.256176242042375
848.546 14.209102569324473
849.576 24.75361859054428
850.657 34.15812969859761
851.686 33.98446609916793
852.766 32.96954354320874
853.826 34.64905360372266
854.88 23.085259574903844
855.905 20.895852198263917
856.916 25.693900754275255
857.946 27.97596909877288
858.973 38.62492787011223
860.126 35.49591857379392
861.145 29.203192022416545
862.245 15.400886084934749
863.317 21.781832797667036
864.318 29.386114255125328
865.325 22.5175239077825
866.515 26.504309048110862
867.516 33.27286740140575
868.635 28.90231115727322
869.645 14.65876030665865
870.805 24.30987686124213
871.836 31.14841547798703
872.837 44.444928039943065
874.026 27.790016486602244
875.136 28.383543119235906
876.275 28.043934884507856
877.276 27.719366226773467
878.316 22.984720864467135
879.465 28.857603716243528
880.466 24.757382654356505
881.486 24.769843182441107
882.487 21.169234847779034
883.685 19.165636254445946
884.765 19.247793564287644
885.775 23.34435107540481
886.785 19.70606609366489
887.855 19.365021657890622
888.875 21.13111078588609
889.885 16.8617490370352
890.886 17.393063351902853
891.995 16.510807506733094
893.135 20.14976600432788
894.175 19.664591844250705
895.176 18.793473557005136
896.196 15.192880270266715
897.225 12.30196476208153
898.235 19.343222924721996
899.395 20.4457932241334
900.398 30.75074628289596
901.545 22.5575619366833
902.668 29.919020956294393
903.685 33.585800825012875
904.686 32.81798263168395
905.725 13.223897631355324
906.745 28.078015352294074
907.895 24.808207594554375
908.905 13.258728469909387
909.926 5.1464875036287605
911.131 2.3738910268793423
912.695 2.247276377031032
913.705 25.7196859894131
914.715 18.97847824321867
915.716 15.555559115914775
916.745 15.429545536387144
917.754 13.62088274958797
918.755 11.98345785792959
919.764 15.675686447034389
920.895 17.983585964229817
921.904 19.44821951748778
922.915 21.107498972927505
923.925 21.319758795981045
924.935 18.640873331846347
926.064 14.85343131031183
927.075 15.897154513849303
928.084 21.03513359826921
929.085 22.378307402473098
930.095 24.09268269941405
931.115 14.220805696920657
932.124 22.892330068456264
933.265 12.56169859742645
934.274 15.322346729131139
935.285 15.923058582946995
936.324 18.94666347078283
937.344 15.977181325916535
938.364 10.068905564700867
939.384 7.047583449198375
940.484 6.3337733221232
941.485 18.037192743797156
942.544 16.873077964499988
943.545 28.145297441304166
944.554 22.510958502275088
945.564 28.79356747135079
946.565 25.850466569672115
947.623 36.69646867973711
948.644 24.507718502217983
952.514 4.258455463270971
953.523 4.2466519867502415
954.543 11.239708537351667
955.553 24.638071073895755
956.554 19.021439198799474
957.576 3.0381306100139147
958.583 10.022217453004943
959.724 6.506627212546745
960.743 12.815568660866257
961.773 8.656782769693448
962.953 8.805427078748599
964.003 6.596638462994911
965.013 10.59436364713131
966.483 3.347918016939497
967.503 11.225330255218681
968.553 12.888819247370355
969.562 18.68409209618255
970.643 19.130589644235666
971.823 26.65760486111628
972.983 18.566957246926613
973.993 24.345238139852356
975.114 19.17895543232181
976.193 23.06396953231732
977.203 24.365117589337775
978.213 28.528911496139454
979.253 22.398993496719086
980.254 35.92682700779014
981.423 24.701011893664596
982.443 22.24576999027149
983.453 24.57233757161091
984.461 29.84335125878206
985.463 21.388043143593013
986.473 29.592375610370226
987.492 21.93983137051668
988.643 23.244457781429666
989.652 21.248833182787227
990.662 19.889475623106705
991.672 23.72586364039947
992.692 22.466408152771415
993.743 20.521621556555814
994.935 23.314227647798358
995.943 32.27917203898288
996.993 26.192006891914072
997.994 37.71427298901262
999.003 39.927388123743874
1000.023 25.043030542749573
1001.203 34.09395315304684
1002.332 33.589362662061376
1003.483 37.17869162175368
1004.623 34.923126560593545
1005.663 36.80429414697024
1006.673 40.07610579944448
1007.674 32.275713939891915
1008.682 35.35811324516414
1009.733 27.458844638505962
1010.735 35.45396559197801
1011.743 28.928987474698918
1012.812 29.014193542164772
1013.963 31.504700483907
1015.042 30.555953040514716
1016.153 29.55217669188167
1017.214 27.07927562221064
1018.215 30.528733168360386
1019.222 38.10557865311776
1020.223 41.2884672750371
1021.224 33.59414721178906
1022.373 27.138565051816325
1023.503 37.1927258924208
1024.513 43.645587858449
1025.563 30.556842535530087
1026.662 34.33088198669041
1027.692 29.162356852966546
1028.702 19.356014918294427
1029.712 25.41890127592472
1030.713 23.025750755564207
1031.722 18.2546164939068
1032.732 16.89044459017415
1033.762 13.588792784696757
1034.782 5.590413024331157
1035.832 15.272934045778774
1036.843 24.516647160469674
1037.853 24.09769577796855
1038.862 11.74482534432199
1040.062 11.89053976581002
1041.133 14.29481635545448
1042.138 10.396734484695957
1043.302 8.88641538508277
1044.331 8.588164079184875
1045.352 10.446364138397527
1046.542 15.644011098208322
1047.566 17.80239137582951
1048.582 15.45048711487349
1049.732 20.714826772931858
1050.772 20.312937815628384
1051.901 9.934195816138338
1052.922 5.385693674141309
1053.932 10.924362508283766
1055.002 14.337220510732756
1056.05 16.37696329292263
1057.061 14.8305976420286
1058.062 17.592075438593394
1059.072 15.048224651403833
1060.075 11.886452718826018
1061.076 14.959220531892623
1062.082 13.571948793901484
1063.152 18.386645788018143
1064.242 19.813227493450114
1065.252 17.17930163416769
1066.273 13.872909745725742
1067.274 15.884862200637874
1068.411 16.805960844867702
1069.412 22.37481902233485
1070.442 19.281216496689776
1071.473 18.880644826923543
1072.493 18.848387329295665
1073.501 17.42608668384188
1074.541 17.04686560614235
1075.542 19.126265021866484
1076.581 13.701130864387503
1077.631 19.732715257120688
1078.762 26.557188327230556
1080.001 21.405831480896442
1081.002 15.614163902193667
1082.131 14.776418444034778
1083.132 12.410784424428295
1084.351 10.185141666581078
1085.352 15.654803530760589
1086.372 17.229290060532726
1087.501 14.7730162692259
1088.571 17.90316885298964
1089.592 18.431662083552176
1090.621 12.86443046311336
1091.632 10.94999539682112
1092.641 11.04022234171156
1093.651 10.169634887684726
1094.751 10.69146650741925
1095.752 16.681433804420777
1096.761 13.582987843508668
1097.872 17.078411463738565
1098.881 16.271795814418912
1099.891 12.296044521424731
1100.901 15.89249622698809
1101.912 11.278458993032245
1102.961 10.844099200167909
1103.981 15.725561388807545
1105.0 18.14298120912653
1106.081 16.995321379113605
1107.112 21.659745418463807
1108.121 20.91608476087961
1109.132 19.573805388320206
1110.141 18.920978518245853
1111.231 17.700890176314346
1112.241 19.84487651037942
1113.351 18.16023293942846
1114.521 20.43623509597615
1115.531 22.678994545080226
1116.532 21.166095305654615
1117.54 17.80593130949985
1118.541 20.74243153830107
1119.561 14.915584829376886
1120.571 21.947603669447684
1121.58 15.615296847837588
1122.711 21.17196139777541
1123.753 18.937689786894456
1124.76 20.046657476063903
1125.811 14.267655144552428
1126.831 15.966911124408561
1127.841 21.552684575871265
1128.912 14.699429691314068
1129.921 23.101357678446796
1130.922 19.95213901876701
1131.941 9.949940549396725
1133.04 6.95450573739633
1134.041 10.274674848911861
1135.05 19.795329935759163
1136.111 18.672939666695893
1137.112 21.494526295343153
1138.12 20.803984490267347
1139.122 18.95819751285207
1140.131 22.289645329291446
1141.21 21.30751759861782
1142.27 22.014089746218595
1143.271 23.606042790994074
1144.291 24.550574380185896
1145.311 25.770263780613533
1146.312 22.118597501442537
1147.313 21.8145851726999
1148.461 20.708027389209434
1149.462 24.29953276164814
1150.84 21.1482305211575
1151.952 19.010272304225673
1153.01 23.53958337944059
1154.08 20.715917893171124
1155.241 20.237498429083445
1156.26 23.424646510500587
1157.321 22.450147484416785
1158.34 22.988933967075205
1159.341 20.92103660118287
1160.35 19.925107011386668
1161.39 20.13515470230138
1162.4 18.340261482981436
1163.401 20.874641145409665
1164.41 23.093051945531556
1165.42 19.13146357171553
1166.55 16.230390266164658
1167.61 18.152774954079906
1168.65 10.722050880242042
1169.651 22.219934944284002
1170.78 18.875111230522737
1171.94 19.397028577091522
1173.08 21.520018092183317
1174.1 22.57527228873409
1175.101 23.870462005080316
1176.11 21.711877788632275
1177.111 24.961278473175117
1178.17 18.87735773482564
1179.18 27.829673469279708
1180.181 22.789587420466813
1181.19 22.498499903011353
1182.2 17.219233397871122
1183.21 16.449466541586755
1184.42 13.526517440493635
1185.45 17.101841750319235
1186.54 15.686178149700085
1187.62 29.6348091114861
1188.631 32.5227314508043
1189.646 35.88539948649495
1190.75 31.95771349119887
1191.751 29.836812968506635
1192.752 31.065246033011608
1193.89 27.211259903670694
1194.892 38.66721645431989
1195.911 27.846537709289557
1197.03 23.386625550935985
1198.034 35.45116031778415
1199.13 26.70642211615634
1200.14 25.584505733174133
1201.18 23.450247373671395
1202.249 24.612283335742912
1203.359 25.557803575703176
1204.36 23.182727861567052
1205.37 22.22505163814416
1206.371 18.545275310408968
1207.39 21.8118418818129
1208.48 23.335292326718623
1209.54 23.68590415322421
1210.96 17.14263822078723
1212.02 23.192101237645552
1213.022 25.408570793963218
1214.03 27.06509873010238
1215.04 29.954873049760653
1216.119 20.490213248810907
1217.12 24.074881081050613
1218.16 23.32064533068122
1219.21 22.393519065512656
1220.219 17.744852140844575
1221.259 10.25702800591806
1222.419 14.366179218874217
1223.499 17.674189484467906
1224.501 18.77889947382305
1225.51 13.407010128952097
1226.669 8.771398965332699
1227.675 8.784513754956407
1228.699 3.8988553383815403
1229.849 5.685976505209098
1230.859 6.627974806472406
1231.869 6.401009863265857
1232.879 6.148454422652956
1233.07 4.98094019309914
