0.0 35.612202323651076
1.28 41.80784466340971
2.43 21.650742093408258
3.441 25.09296221960479
4.45 23.984561139408413
5.451 26.396470288493223
6.46 20.84848116503236
7.471 24.945914195640217
8.66 22.24112999061186
9.671 29.307447465985305
10.672 29.476949126400573
11.82 24.674557908453455
12.821 30.556875447237942
14.06 23.563458204117943
15.061 30.728858702564246
16.269 21.975529262277778
17.332 25.215343798460868
18.53 27.58842076893932
19.532 31.333742109786456
20.71 23.252236143537317
21.711 27.974759100246292
22.712 24.58548830138958
23.72 19.699503535657666
24.809 15.747628159362215
25.81 20.431001937122637
26.82 21.260853955784555
27.83 20.8937064961758
28.839 21.22612606005461
29.86 20.49285934301411
30.889 22.040624121806243
32.129 18.03187834856597
33.13 25.4870052473125
34.132 22.029729238813225
35.14 24.97061744358608
36.16 16.559324523469176
37.35 19.30162035856484
38.36 23.64499949243578
39.361 22.90049208155504
40.52 12.316801828620644
41.529 17.54228483189147
42.53 20.08635899292606
43.539 18.028978674806265
44.55 19.66867493062547
45.739 9.820231744557598
46.749 11.63255009967127
47.93 12.463612879904867
49.039 16.181343523718827
50.04 32.078174723913506
51.05 13.486893157938907
52.06 20.759290088672742
53.062 25.74758392718417
54.07 25.72833586951912
55.08 14.902958278990397
56.179 16.552384172311296
57.389 21.104010372192533
58.59 21.39309855709435
59.8 21.070854361958766
60.85 21.02555780255873
61.89 24.92139468236169
62.95 21.695629104002013
63.951 30.797854934755847
65.01 24.94645539724513
66.16 23.756554450728636
67.17 24.451048453118364
68.39 21.003871515349775
69.391 24.539490813332378
70.393 21.548082321173688
71.4 21.96035426742441
72.41 23.83243129593526
73.411 25.441853301105912
74.419 27.341846205699024
75.42 23.98210948651683
76.421 28.47836395199
77.422 27.924364793423287
78.43 26.135743870818988
79.65 19.627312267220933
80.75 28.356600821784642
81.77 27.651317045469625
82.889 29.503150653913956
83.958 26.32922604478521
85.06 22.70177450491329
86.28 19.37470792739387
87.29 25.69515442952749
88.31 21.668020522692974
89.34 22.302724218096962
90.359 20.240873631335422
91.509 21.66207632753074
92.56 19.748131387921042
93.689 23.439454246227964
94.919 22.02479455320966
96.059 19.27373062051875
97.06 18.740425139635203
98.249 11.581771495127425
99.25 21.371244709410078
100.34 19.734497601837635
101.349 19.162081127438213
102.531 9.541838723084023
103.539 16.16869017018276
104.67 11.699755784202999
105.679 18.671864164659713
106.68 17.362360688022733
107.7 16.659065493986237
108.711 17.02034402590492
109.72 15.814949496941033
110.721 20.33224262436245
111.739 19.98056739487318
112.74 6.568847166327971
113.9 17.871328317407215
114.919 23.07872239068777
115.92 17.79815306646194
117.059 19.158975438153742
118.07 21.031434318219464
119.079 21.037051961111047
120.09 22.24768744416443
121.119 15.833946203535442
122.13 24.160808068478225
123.131 18.172728199639547
124.132 20.133540239933826
125.14 16.09295191440785
126.15 18.678014591768015
127.17 20.039803115438122
128.179 28.13680954084349
129.187 19.004760377853703
130.19 18.871658831461232
131.379 20.667233446386852
132.4 21.97391330224746
133.54 17.012984785037887
134.555 18.40822157698326
135.559 15.366487286074202
136.779 13.105410150596065
137.791 16.962209745626744
138.799 14.013592528372097
139.809 15.716495987322876
140.859 13.276355338970887
141.87 10.33497029106914
142.871 12.264587600065557
143.889 8.237064110666003
144.959 4.7612862266686005
146.199 2.1932360059015843
147.2 21.1072664778001
148.319 17.19520752565566
149.33 18.462814258534568
150.339 18.37172790649105
151.4 20.27756434399334
152.529 20.744367913520623
153.65 21.57465407026264
154.679 21.738096074704362
155.68 26.29601989154514
156.682 22.089702811567566
157.689 16.817982236301837
158.889 17.585395236352685
159.89 23.065372783474153
160.899 21.141067880672196
161.92 21.5818062145775
162.93 21.598303225817617
164.07 19.6238678080396
165.079 24.035394725841133
166.149 25.94676344863767
167.16 22.69055494382685
168.22 22.307104223373027
169.23 23.380745238127833
170.239 23.46867573189647
171.24 25.02804501641109
172.25 17.399047502325146
173.339 18.804416446103005
174.559 19.800058589554375
175.62 11.071962396772955
176.621 15.151437305981014
177.639 15.664988323816239
178.689 9.727331205290767
179.729 8.391607554269314
180.749 7.906587882813732
181.919 7.696050562219894
182.929 8.712596668608414
184.169 9.485957322436317
185.209 12.691907647037196
186.258 5.64747892411887
187.261 8.088830030337505
189.167 4.094277913726202
190.369 24.45848929072289
191.379 19.157690100883652
192.39 11.15590766388871
193.63 2.5827108176085276
194.649 9.090153024420012
195.659 11.909427786951753
196.671 16.89312712108665
197.679 17.292840689493453
198.69 14.84585623051945
199.699 13.176300492636113
200.769 15.900379900896443
201.799 19.106008630772784
202.819 13.167467692326898
203.821 17.454843749672328
204.83 19.82308551941163
205.839 20.01752818192279
206.841 17.80437986773651
207.879 17.665528083497467
209.099 21.8574742262016
210.11 24.233977481613127
211.111 19.797014499513292
212.119 17.288810272323204
213.12 14.810176530012109
214.259 15.436058938453975
215.4 17.31496883360469
216.529 18.47868800646924
217.539 16.66277408809773
218.54 18.605138409829916
219.541 15.896359862046348
220.559 13.187018173275519
221.71 5.214218260956138
222.74 18.680185275355083
223.76 14.147783687123132
224.761 6.267834192477885
225.82 7.48113930414504
226.841 8.165111986972969
227.849 7.496743850102047
228.85 7.714894876281952
229.871 9.462795781676911
230.91 9.155677512221505
231.93 8.714805064899526
232.94 15.5245922633716
234.05 16.11872752143954
235.1 12.109630179736895
236.281 11.121432775165593
237.339 12.583335698779667
238.34 14.820153926346174
239.35 15.34291223126723
240.369 12.87522496631976
241.51 9.31708814771394
242.529 12.044452757340645
243.53 7.934904920657076
244.66 5.948253144912281
245.669 6.374330424609373
246.681 7.093597922132531
247.81 4.285764970116661
248.819 6.926956939099171
249.83 7.100614339477391
250.849 5.751116551629373
251.9 4.627026274252589
252.92 6.0281052782769615
253.929 9.66307892608153
254.93 6.246188315706501
255.947 8.867512206970018
256.95 6.4646123153672335
257.98 4.132836711316104
259.539 2.670219877278765
260.57 11.74983210081235
261.749 4.258212645017668
262.76 7.1076446506979565
263.769 5.049134056035022
264.77 2.926928399621833
265.89 7.305534142698929
267.049 8.859100340522977
268.061 10.297158274084513
269.08 8.127646689919324
270.089 8.221116299435973
271.101 11.368524400549681
272.12 11.018986481414998
273.13 8.525888591321989
274.15 9.081241109680024
275.16 5.99694947289513
276.439 4.851475213627691
277.59 8.83566888593161
278.599 11.819366253291083
279.809 7.86133199987089
280.819 10.54682754619014
281.83 6.262765958167456
282.95 5.769491783123746
283.969 10.176419665984021
284.989 4.04656253613179
286.02 4.979320436293533
287.341 2.4231929721077154
288.442 6.080460842918496
289.451 5.737652336403435
290.472 6.8511802030101405
291.482 9.629712107399278
292.513 6.4791750933736845
293.522 11.36692679532325
294.532 9.47920595534749
295.541 12.474528570913922
296.542 9.348143922015112
297.552 7.884310027779987
299.072 8.945648767466155
300.171 13.459488252972054
301.192 12.457829772278314
302.213 11.986207990132552
303.352 10.964546414445826
304.385 13.33048185158036
305.391 15.05812728485716
306.421 11.396157125572941
307.504 7.707675992632945
308.922 12.494873109542214
309.941 10.719303804944495
311.052 5.6804721207787185
312.082 7.705907174641733
313.131 5.73962140678158
314.162 3.593740419747784
315.172 3.4391828954921855
316.221 2.299043696089208
317.263 2.8890896620536073
318.332 2.166245540655258
319.532 3.8595274716161256
320.561 6.751360008666706
321.611 5.072521819844383
322.872 5.315516877069259
323.907 4.027333013868585
325.082 3.4260329526800315
326.382 11.295107674438237
327.661 9.955741720836913
328.672 13.068895002891464
329.875 11.680571065721498
330.892 14.901748153267405
332.071 13.24628904230746
333.082 14.934764601908654
334.092 12.95928361822731
336.162 2.3492775914286312
337.211 2.4983361060551306
338.422 3.059575865201375
339.791 2.876975948706608
340.811 3.8595274716161256
342.116 2.125243600685764
343.151 5.606275221299126
344.211 3.276957287214851
345.411 2.661183689774532
346.462 4.406691689766386
347.491 4.725952006070926
348.521 3.9004499013840017
349.542 4.9897906586951235
350.791 2.9025199223248648
351.821 6.301269341406741
352.841 6.796658413847669
353.901 5.6827741260152695
354.911 7.336923510390381
355.921 5.032402807999004
356.941 7.946085970980599
357.971 4.033078017104071
359.011 6.902616439613009
360.021 3.2620281040580155
361.071 8.601232651021155
362.072 4.678046008699938
363.131 8.528134356535656
364.161 5.123685422198576
365.382 7.9273453175843205
366.431 9.492450788155043
367.441 4.615913066508293
368.501 4.150812563816763
369.532 7.861307168170506
370.571 5.2715528963173135
371.602 7.636698391945527
372.631 8.314832852777213
373.651 5.862644799728039
374.671 7.492023915483903
375.681 3.553487122330493
376.711 6.070324761181411
377.752 3.930458167597371
378.791 4.680466423710325
379.901 2.9207234920246745
380.912 5.071795627173208
381.992 8.443500036384885
383.332 11.028177819596024
384.342 20.179759462901437
385.353 17.96233742983198
386.362 22.803141614541182
387.372 18.44873573207559
388.432 19.035257201019004
389.601 20.270258455105413
390.791 19.847041859603642
391.861 21.524032263338903
392.882 19.193581470361753
393.892 22.677321719140643
394.893 21.989674172947822
395.902 22.033256042219268
396.943 21.366205408605957
398.171 19.45933323085055
399.184 26.496448284780296
400.202 18.000785311098372
401.291 18.708663505114856
402.452 21.343547926683677
403.589 24.203261198415696
404.652 21.31845743101762
405.662 22.122172876743917
406.672 21.596892483041596
407.683 23.839331471506977
408.712 7.624562224210486
409.722 20.493641702241725
410.732 20.164639946702984
411.802 21.618479627644117
412.862 25.549886614936767
413.872 29.00059132340547
414.881 23.839106619753057
415.892 28.18646526910725
416.902 26.40528200888438
418.121 21.085952297685534
419.122 24.394226687087233
420.123 27.3742551282581
421.125 29.422696886277
422.321 20.787307847393183
423.322 28.760098566737085
424.324 29.234160246487445
425.332 26.8560130039781
426.512 20.849539238386182
427.522 27.281335078635543
428.741 15.755029622063246
429.781 16.835626033192693
430.782 21.814816074736964
431.831 18.747364388076992
432.841 24.663231959196025
433.861 21.439163953156537
434.902 14.135567334890629
435.921 20.640062917108107
436.941 15.999546996729094
437.971 13.851995952356953
439.011 6.144611234009192
440.012 12.361486720310042
441.031 23.660645015952372
442.032 29.018665329106614
443.033 31.349824792288622
444.202 21.338379957824486
445.203 29.64639575554025
446.371 23.428559594510357
447.372 30.459469001629174
448.383 25.58300713956619
449.392 28.214485945114166
450.542 23.917147298668397
451.543 28.847527615842512
452.692 23.290023374547655
453.693 29.73974359908114
454.846 22.886526337386844
455.851 30.055771212543466
456.863 24.09059988541341
457.866 15.893690882802305
459.051 24.663334445308568
460.052 17.820137160058206
461.053 24.33656071861387
462.183 20.49021996177528
463.423 24.964065848940095
464.492 26.645770257903987
465.493 27.086432610620786
466.503 22.691065042591713
467.523 22.063831195996944
468.532 19.24948805338939
469.542 27.658773669472538
470.544 27.583619949903483
471.552 26.86961566182982
472.792 18.437734855836037
473.802 22.3749986681743
474.803 24.431261429369656
475.812 26.642671186629983
476.813 21.6103640043488
477.823 19.306352636370804
479.011 12.049481699672402
480.012 22.3497059827824
481.102 14.994105820731502
482.111 17.565268994756476
483.122 15.82401575162429
484.532 6.409719150875932
485.542 6.247010919289277
486.543 15.793203730562677
487.551 16.408332057096366
488.561 13.627510821151692
489.651 20.533363259080527
490.661 21.76054148320957
491.741 22.00027836665761
492.871 21.00584228584554
493.872 22.239278189542574
494.882 23.66248336919222
495.891 16.7250887929794
496.982 16.998349017992386
497.992 23.516502457810628
499.021 13.668707401535114
500.022 19.219509271617177
501.161 19.935511913641204
502.211 18.887502107961005
503.212 17.766360684944047
504.213 17.528932474129743
505.262 17.53579563183931
506.263 28.844990989655887
507.271 18.193806858607342
508.272 16.447991502881198
509.431 16.237935217583097
510.451 21.500236627290146
511.452 21.955683382216307
512.462 23.82807365666322
513.481 24.662355957759935
514.491 16.257010842965787
515.492 18.985125012205664
516.503 22.775947164973385
517.611 20.29588584197824
518.621 21.572995398551495
520.061 12.031282228837318
521.188 8.424523141248589
522.271 4.250381920571758
523.291 18.226542143867395
524.851 8.898572026474943
525.852 18.38292995609305
528.371 2.4202183038781713
529.391 14.912187863861405
530.581 16.746525546354217
531.591 21.881046965863398
532.601 16.415561867291938
533.681 15.78168055807607
534.691 17.07071615280222
535.911 17.174314490005667
536.991 20.99464450294693
537.992 20.48917523096028
539.122 12.552901879035947
540.131 17.129576505945405
541.291 18.906693842636024
542.301 22.5222903262917
543.311 15.414813277182333
544.321 8.29258729549238
545.521 17.848339651823643
546.523 19.481119985389494
547.561 15.54385125873437
548.621 7.261526550069463
549.67 6.622640084764253
550.692 11.555923740852638
551.719 4.920586002921392
552.728 7.114688897140259
553.739 4.125951201504433
554.759 5.6757756935605945
555.818 4.57049305849278
556.839 4.082555993475904
557.869 2.2482684300577853
558.909 4.230635882338679
560.169 4.44769968238059
561.209 11.514615044052723
562.219 11.68971168116303
563.228 11.071655797899624
564.637 8.930351020214596
565.926 8.982608545262023
567.037 10.394097276874621
568.067 19.37718135809241
569.097 7.644112662226093
570.147 3.9697996850818034
571.157 3.6840486952214824
572.158 31.889449735797786
573.207 22.80582925489679
574.208 31.91447778096612
575.217 29.50059246007842
576.266 24.068229678446773
577.276 5.27341377309507
578.327 5.8593215271066725
579.477 26.36059089956817
580.557 23.51876042251666
581.567 25.736887204265606
582.568 32.11605500825814
583.569 21.56182988989338
584.727 31.98263402043583
585.837 32.78280316346688
586.947 31.215689827855538
588.067 33.31517633649236
589.147 34.58167335306419
590.357 20.392485190206003
591.367 42.54547460221981
592.368 29.65045435739653
593.587 19.762004896365365
594.588 27.134121182802403
595.597 32.371767374986426
596.598 24.025401239932645
597.607 13.992993228704472
598.617 25.838621318349787
599.628 20.124769852817803
600.637 23.568665228898308
601.697 23.836191261775106
602.707 23.689467211497867
603.737 20.564589209490943
604.897 22.273273499772298
605.988 22.329272075356645
606.997 22.826125777321547
608.015 18.84102039167431
609.017 14.387913499646999
610.027 22.40161724238783
611.157 20.225068447081057
612.158 31.020401605148322
613.168 19.43356217914042
614.187 30.473110026442562
615.197 31.986412146156496
616.267 25.525468086279176
617.367 17.07056074048586
618.377 19.9574844857439
619.387 13.107610950706553
620.556 17.05199510762523
621.557 24.20617813279056
622.577 27.25567233057735
623.587 30.138940749593235
624.588 27.27803244162106
625.667 16.19039864197255
626.676 20.696651476016175
627.677 15.864229263703574
628.688 24.909748078525915
629.696 24.291324218285702
630.697 32.67343633528528
631.707 25.259893319403652
632.737 19.004442118361833
633.817 23.787410117459796
634.997 27.274355947373053
636.007 26.27622884935969
637.157 27.329046126428373
638.208 26.48589211362195
639.216 28.46400669811683
640.387 20.71589675640842
641.388 23.331718532858318
642.397 26.54888909144494
643.407 22.155913435096448
644.628 23.97612975196233
645.768 19.91906404586595
646.776 19.319468784364812
647.846 16.922689563209758
648.937 23.01538132985438
649.947 24.58030393017342
650.948 25.840949154045255
652.076 24.837424304999395
653.078 20.287961535988686
654.097 21.582136341925903
655.287 19.24481821579754
656.297 24.724909313370016
657.307 18.149567044515493
658.308 24.149019489258286
659.309 21.823271495359055
660.317 22.045206322309664
661.327 19.722842377861515
662.436 15.464547097080926
663.437 17.959989816999418
664.456 19.185671657448008
665.466 13.633376873853512
666.486 13.635968124584164
667.516 7.868939505244567
668.556 3.5050212792554176
669.577 4.9897906586951235
670.706 4.0844011877493545
671.746 6.011956253861952
672.766 6.684636525160365
673.906 11.869027002960896
674.996 12.892269155655779
676.017 18.714036111452838
677.026 16.263727859498367
678.046 9.464272989832574
679.116 7.858590245321826
680.206 12.562566241517526
681.217 17.268148902863004
682.227 13.814889304453931
683.327 12.765525612169606
684.427 19.6705095695568
685.563 21.65068430269749
686.576 17.69242525175566
687.598 14.577742808729692
688.706 9.488555033558907
689.726 9.090153024420012
690.756 7.189528563002085
691.776 7.990230893045717
692.816 7.793276625385225
693.826 5.348499247627592
694.845 6.590360942709798
695.846 4.340167400979869
696.856 7.566202370103967
697.898 7.111605321974855
698.906 5.80564798372813
699.916 5.502692632808656
700.936 6.129837749036131
702.036 5.19989765812072
703.057 9.979581317411405
704.066 14.238101710104305
705.077 9.872512811220263
706.096 5.294781567018743
707.208 22.274760084802296
708.217 23.66227955651815
709.227 24.267357202924245
710.237 23.535106224918646
711.256 23.756663079499212
712.437 20.28520900711587
713.439 25.935275868759955
714.446 26.235830395579704
715.456 28.325157255705324
716.457 24.074442679540752
717.487 15.859115747423605
718.488 15.465471627567956
719.706 10.447119236352997
720.786 11.026079395948564
721.816 10.791688464315456
722.826 9.22311085474757
723.836 7.445026481518964
724.846 9.171154387993267
725.856 9.207859117739766
726.866 7.297872359588547
727.956 7.553349333524751
728.996 5.566626160986424
730.096 3.041917046707973
731.097 3.470104619834594
732.167 2.794186514342165
733.177 3.8977406148981966
734.182 5.760488763602999
735.217 3.69760984313582
736.237 5.902806721287783
737.248 5.484189824443272
738.257 9.409749831680472
739.288 5.267305665472736
740.298 6.87836579100553
741.402 2.5121765388568558
742.408 5.037732702656157
743.477 4.765740189462727
744.769 2.6334970323195512
745.819 2.646533123387869
746.837 3.184678856738454
747.898 2.182579154546766
749.467 7.697865583727468
750.558 4.032870135336961
751.598 6.234621300299717
752.625 3.27066586460647
753.628 6.4646123153672335
754.647 5.396613873385355
755.668 8.854210081952834
756.678 5.975328878673646
757.778 9.874419447520605
758.779 11.651569605577832
759.788 12.15342136121282
760.798 9.402109262746379
761.819 15.955691242078817
762.82 12.483921210790914
763.859 10.340754800652117
764.868 10.825540710833513
765.878 11.247401839715934
766.927 10.96318036252224
767.928 17.585752900646693
768.948 18.756779083651146
770.078 17.130735290198405
771.297 9.02794928201114
772.327 7.651541343144315
773.358 6.644347921509424
774.378 8.226555588569406
776.159 2.3404209260783153
777.259 16.09182889362824
778.418 19.65401108583501
779.425 19.674855586890224
780.428 22.716942013256705
781.429 23.699529329495938
782.447 24.743285221508962
783.448 18.531576250481233
784.468 19.42359974846268
785.628 21.433014909976603
786.638 27.02753008911414
787.808 18.39742818396805
788.837 21.674102920678223
789.848 20.98572436455687
790.868 14.586909490793444
791.928 21.244009454400736
793.018 26.2627084821775
794.019 25.003186079697514
795.038 22.755284380162667
796.067 15.889714016469927
797.099 10.175022444884753
798.308 7.106995593412903
799.327 6.817614768304429
800.357 4.330381934482274
801.367 6.87836579100553
802.397 6.54117922406872
803.423 6.995484285613999
804.448 8.133248135300903
805.497 6.111741485626264
806.517 7.719054943232251
807.547 6.4187406290100055
808.568 7.992518550108018
809.677 7.323351566654043
810.717 7.570611578947462
811.767 4.995460243759138
812.819 6.823879369968801
813.827 5.394881301583544
814.843 6.153970968515611
815.848 5.333842037352159
816.859 8.035910314291186
817.877 9.993027390065148
818.878 18.810943347559935
820.038 16.908635382963237
821.048 25.880018890164642
822.088 18.03847303113323
823.119 26.902811711317874
824.127 23.46760771135119
825.168 19.305117440647
826.178 17.398377096288176
827.207 11.560387960235223
828.208 6.014848007718939
829.257 4.315689240422232
830.317 12.949410940839764
831.328 17.78319015321445
832.358 8.540461786328507
833.398 14.456137499638656
834.428 17.34223547351788
835.498 15.332113681931785
836.567 21.14068793175434
837.668 21.792981736498554
838.827 26.830267946418246
839.837 28.0118226696441
840.847 28.68868492141802
842.027 18.09576696121771
843.028 18.760210823869727
844.057 11.160142860307669
845.058 8.26551186664215
846.059 7.9071711410377885
847.067 13.295506537837174
848.097 22.051437490690354
849.117 25.499832949288976
850.188 27.292598839775405
851.198 25.596640124755325
852.207 19.241547385944553
853.208 14.394677161065916
854.228 12.92002378709166
855.247 12.752461386563718
856.286 3.120310949133163
860.757 3.7003664692863873
861.827 6.492663036356654
862.857 6.184874695081582
863.927 6.62713583316421
865.077 7.542417530342721
866.137 9.183145801378567
867.298 21.195703477164315
868.308 24.827816637897225
869.327 22.17435848252275
870.328 12.319209617241924
871.329 17.51489647589708
872.337 19.558942737228772
873.347 10.203747264171266
874.387 5.2163519066428385
875.447 7.355267969537901
876.448 13.54676758192935
877.458 24.9181538494164
878.467 16.624092690459406
879.618 16.92686964875038
880.627 21.529785438129306
881.667 13.910868562821928
882.678 19.73263537858416
883.688 15.791916664842145
884.848 16.950225118661887
885.858 18.062246660088633
886.978 9.773358569264548
887.984 7.135905663225793
888.987 2.765147456539691
890.037 2.7988828920042947
891.038 17.040716487897072
892.057 22.843660867933885
893.067 17.502122428271672
894.087 14.65196516541127
895.108 16.924601948132384
896.127 22.962212997394605
897.128 20.109357736996976
898.129 25.174323792961612
899.197 19.694995732941983
900.268 18.73353701137536
901.278 25.37971660222289
902.517 15.52257103520378
903.537 20.544316510422696
904.538 25.184977622860803
905.547 20.720306709332416
906.555 25.37920098310648
907.797 13.920554631781146
908.887 10.339129302383661
910.077 15.49131139295943
911.087 14.435182476782353
912.147 7.539077805681439
913.152 18.761002352204684
914.357 14.772519103882354
915.358 23.810633556343213
916.457 18.683987092014917
917.648 17.878463517571248
918.808 19.017599804456776
919.937 22.032466390304467
921.027 15.248177402246275
922.178 16.24770058660705
923.338 18.230751191077868
924.447 19.124391203008003
925.457 21.61858300796516
926.458 19.271087337348433
927.617 20.9949402639328
928.618 28.130677056390628
929.627 23.20075085536612
930.628 24.83407766746736
931.629 21.70438828149714
932.677 23.20959563438749
933.687 17.415807652889686
934.697 9.918321900083402
935.737 5.305385371855745
936.747 10.985775889443259
937.748 23.042035822641832
938.787 16.342856689039724
939.788 12.57118115152622
940.797 21.838981147336792
941.807 28.89433196879921
942.877 21.00908055319957
943.888 23.867460673659966
944.897 18.135343340936167
945.917 13.772385891263733
946.918 20.068771718053277
947.928 22.90928220276935
948.929 24.73667122207019
949.948 25.225839127681137
950.988 26.780843140200297
951.997 26.593179741142066
953.077 23.04164859565813
954.417 6.048513201793729
955.617 13.038601030755792
956.628 17.405111328111854
957.629 19.84385752971734
958.667 14.079714861126245
959.797 18.244970864413347
960.877 19.4656609712104
961.917 20.132142981678147
962.918 22.270394137389538
963.928 23.286050387548215
965.087 19.725723995803754
966.088 21.963969694383636
967.108 19.1676919671932
968.157 11.396298442150155
969.177 16.76959375749725
970.218 20.317367744460906
971.347 16.388432987964247
972.357 10.760016661354998
973.367 11.465283797033786
974.376 9.200040316461822
975.388 9.52119145742481
976.407 16.222373637498272
977.467 15.235775340512559
978.628 21.568084862079033
979.708 21.607491823141668
980.829 20.875044120852387
981.837 22.565969806059893
982.917 20.41596616371977
983.937 22.78010745035516
985.057 23.60378543120715
986.058 21.5714690694872
987.067 25.710554333477535
988.078 27.733049318611005
989.079 26.973299082739572
990.088 27.165602833784714
991.217 19.48295800959616
992.218 26.275388665354203
993.448 18.508638962889275
994.457 25.843761817487714
995.657 19.744388948081188
996.658 23.58216809151528
997.677 23.82061974829493
998.678 27.468617622315953
999.688 22.540894093399714
1000.797 22.977935195164193
1002.008 26.12045798945611
1003.188 16.86133215994862
1004.197 24.096965439620625
1005.198 27.59189765473208
1006.207 33.09652345957362
1007.317 18.39421390535467
1008.328 22.18941981090652
1009.348 23.874436834101964
1010.349 27.1606712034288
1011.496 17.499488001468478
1012.497 24.576018230250522
1013.498 25.526238398872028
1014.668 21.55033051793198
1015.717 20.74932522850287
1016.888 19.84291046483748
1017.897 19.089773286587015
1018.997 11.164775821109032
1020.007 17.117476972870513
1021.037 13.944359026756656
1022.047 13.153030958722065
1023.057 10.909684805887021
1024.087 10.15566515844496
1025.167 16.133715105721883
1026.177 23.785838077328606
1027.397 21.47104972205675
1028.408 28.21024114242866
1029.557 12.022681769373456
1030.568 20.33557143396688
1031.587 27.46382417044942
1032.589 23.169227120087797
1033.597 25.005211857643058
1034.608 13.05730778742886
1035.716 7.314988890244343
1036.877 20.313594088597814
1037.946 30.202498407573845
1039.016 26.62181688863826
1040.026 23.985283868936587
1041.027 16.73226274389955
1042.037 23.72751275344526
1043.344 8.049424568142676
1044.486 15.985608529538544
1045.496 24.91848905233966
1046.497 21.621863376310205
1047.686 23.80847753077174
1048.756 25.30382527659395
1049.806 16.604996262392923
1050.816 26.78205019345165
1052.026 20.2468505629081
1053.027 27.76675575315453
1054.036 16.56084430066819
1055.037 28.75620907333557
1056.056 27.772975756413153
1057.066 14.9698312797446
1058.076 8.910534046744306
1059.095 15.177831162804656
1060.316 11.198241751250652
1061.325 12.814761288401277
1062.336 16.499786348537075
1063.343 17.17721367791773
1064.525 11.034402446077653
1065.526 14.434755854772291
1066.536 12.548324726409353
1067.556 12.577651703606989
1068.906 9.417472734111312
1070.026 10.031809069589942
1071.036 6.87836579100553
1072.055 10.506336404038192
1073.065 12.40334942405148
1074.086 13.20646790542795
1075.106 10.80538244535826
1076.136 7.7280940341422
1077.295 8.279700923302613
1078.296 16.47437241517979
1079.297 27.892065086604592
1080.306 17.661399836531434
1081.426 15.64607941188647
1082.435 15.28933356798135
1083.616 15.76000951047795
1084.626 23.256384921010046
1085.645 17.188894622491656
1086.655 14.445238567125308
1087.677 19.03833271326334
1088.686 19.780472545916663
1089.705 18.571023152511394
1090.706 18.566243475010634
1091.715 16.084552049694704
1092.726 15.730419179840986
1093.736 12.34318048351886
1094.766 21.000109044266107
1095.916 20.861614451359674
1097.056 21.715187633779347
1098.065 21.466704815839815
1099.146 20.71527787127561
1100.156 20.904432992534566
1101.555 15.882079206611003
1102.556 17.164334737265037
1103.566 17.704752648581714
1104.596 21.39141950712047
1105.715 20.177154342226693
1106.755 19.877087332740984
1107.775 20.01760671494876
1108.785 19.707158099399184
1109.786 16.576006570972645
1110.787 24.588024927576207
1111.795 14.746624649198202
1112.815 18.698693659891276
1113.825 21.762887904307224
1114.835 15.579230354210305
1116.025 18.239154978734074
1117.035 21.839649394048546
1118.045 14.02958683315436
1119.175 16.660353507047255
1120.356 14.827191471006792
1121.475 15.227413076082023
1122.496 16.358243465602676
1123.505 17.090989955136706
1124.665 13.44107292907025
1125.666 19.359869253795715
1126.786 14.680139559478159
1127.795 19.656176551188587
1128.886 18.11703914095559
1129.896 21.331146425935664
1130.935 12.74436525557491
1131.945 17.22658555302281
1132.955 10.781469654072529
1133.965 7.809727357780484
1135.145 9.812214523152605
1136.185 7.570611578947462
1137.188 2.765147456539691
1138.195 17.347331702690763
1139.215 19.35705044866857
1140.286 14.728092633033448
1141.475 18.397861133741113
1142.476 22.96137111003407
1143.495 18.484972361825772
1144.505 22.930309464511375
1145.545 13.822486165001157
1146.565 7.936792303162939
1147.575 8.485664229971327
1148.585 16.094604984006402
1149.615 15.532938167468314
1150.635 8.688583645034534
1151.646 14.963730982798667
1152.656 16.921383211278098
1153.835 11.524080509129282
1154.836 13.59868386448549
1155.955 12.803522357649896
1156.956 12.631383746292004
1157.975 9.361595093900249
1159.045 7.358351441211262
1160.096 12.35500412390092
1161.255 19.46063452208261
1162.265 14.862733917639734
1163.346 13.988492990556834
1164.395 20.126274220535993
1165.465 23.291637626567788
1166.466 24.652624341002
1167.475 27.842209613828782
1168.665 22.810359287242285
1169.676 32.007516010631754
1170.695 15.071347462351506
1171.911 14.022470936340802
1172.985 10.744394141129971
1173.986 19.466238445115778
1175.005 17.960693799232615
1176.036 16.15984618659646
1177.046 27.276474634978598
1178.225 21.283740787799267
1179.226 25.996021568127386
1180.245 18.546603333535902
1181.525 14.023584604241156
1182.685 14.90065375828989
1183.696 16.624860837125222
1184.705 14.235752963535548
1185.715 12.461004341982493
1186.716 17.023636538240453
1187.725 14.839380832129061
1188.745 8.337415768798017
1189.855 9.457275826811186
1190.875 10.89748933162449
1191.885 5.4401772711995395
1192.911 8.576727714695448
1193.925 6.000337205105633
1194.935 7.566202370103967
1195.945 7.769335394925868
1197.165 4.758918364308863
1198.195 12.365476365381296
1199.205 6.19287563298359
1200.445 4.2952805732481565
1201.455 7.786765951506218
1202.477 12.416721465889992
1203.485 9.915833815833969
1204.496 8.861703323222635
1205.505 11.19899141554081
1206.506 15.19743479412285
1207.524 12.170355342757551
1208.536 11.036827440552806
1209.585 5.077357398305154
1210.595 6.851884753105941
1211.619 9.669317128810754
1212.665 4.427756181581078
1213.685 8.551668003310308
1214.735 7.410486205523578
1215.775 5.538630263336315
1216.895 6.157318674273439
1217.974 9.31497451486212
1219.144 9.113473089662994
1220.165 7.444563402336231
1221.325 4.381369207806742
1222.335 8.024760089488819
1223.345 9.913293854922504
1224.375 2.9227489590920483
1225.385 10.317548686497716
1226.405 7.858957835330217
1227.425 5.902806721287783
1228.465 9.071484673388518
1229.466 13.209396299446606
1230.475 17.455045673568982
1231.495 18.53837789030642
1232.515 16.560486231949028
1233.525 13.3725889311006
1234.705 13.48682782174613
1235.725 12.71373755356896
1236.765 11.07514455766407
1237.845 18.965038377613592
1238.865 20.42333287063533
1239.885 15.74845200772724
1240.895 17.43860145763884
1241.904 13.716512203852051
1242.965 16.718269142322242
1244.065 19.48045708042034
1245.085 13.85237781768678
1246.125 8.838565315614593
1247.175 6.400141232076261
1248.205 8.351133918523477
1249.325 17.030981127989953
1250.365 20.115052462777488
1250.407 16.540832021205922
