0.0 36.94375132785139
1.01 49.62245654071146
2.29 15.189915678170534
3.461 25.58529843982237
4.589 24.934041473210232
5.88 22.60662180345999
6.882 26.600300744863773
7.889 26.483458433532448
9.0 27.5558572089322
10.189 34.48341609112975
11.19 38.80485720761754
12.22 13.731399220033657
13.262 16.410629372220683
14.269 25.05603761383808
15.289 11.861385490296236
16.29 19.06567372229151
17.299 19.496575064976845
18.309 20.0998719179644
19.471 19.6044098803233
20.474 28.65694836105358
21.689 20.113183367695488
22.699 25.79028431078774
23.949 22.631213550680563
24.969 27.759343314976146
25.979 27.562986622002132
26.989 27.983997229772307
27.99 30.293779468653444
29.139 20.00429110807962
30.159 30.855394785746203
31.16 33.41627934410465
32.199 25.554489767539916
33.2 33.991169819466165
34.289 28.097688059472507
35.3 32.5777405565587
36.309 35.65957310148274
37.409 26.299560054838814
38.579 27.972068948525816
39.594 29.153227417419593
40.599 26.797109751781054
41.728 32.892626727015674
42.868 30.824918010320392
44.049 32.551612476060654
45.279 32.5514488946943
46.299 41.114968452688224
47.31 27.745030985023092
48.319 31.44959138374754
49.332 24.77363549382155
50.36 13.536208939910768
51.368 20.43140532326005
52.558 16.87836867423056
53.588 10.852234867443265
54.598 14.229167923777855
55.608 11.744710032342116
56.638 8.847634495539102
57.648 14.455027732105355
58.658 10.43066163001137
59.678 13.866020781012745
60.688 12.260654404393689
61.689 18.914912818160854
62.698 15.278495321781913
63.718 18.786221703294814
64.738 7.163685679633323
65.768 8.858967238730047
66.898 8.482426459470089
67.938 11.405920319861288
68.968 9.301915600668634
69.988 6.196843964629293
71.018 9.966338143566093
72.048 5.979802886139654
73.058 14.68088754041201
74.069 14.872704941006534
75.248 16.443649691077365
76.258 18.29464447344356
77.268 17.32565966715772
78.278 23.10390642989893
79.298 20.628354345269774
80.318 26.16652308672834
81.328 12.486514212700344
82.338 17.617065048502752
83.348 11.526114720783987
84.358 20.55324255657265
85.368 18.94630285314103
86.398 19.763092633634866
87.408 20.14362400071551
88.418 15.495666892775398
89.427 23.443784115078493
90.428 18.291045872252845
91.438 27.29997881894495
92.439 27.60540436234131
93.448 27.634099199089835
94.47 29.707200544657173
95.477 36.924826457478126
96.688 23.55351380184574
97.698 30.30038108255733
98.7 35.515440517034456
99.718 28.183260014297737
100.728 33.23061491143712
102.228 23.444502360388565
103.467 16.89967853725868
104.589 31.104974718143232
105.599 30.28981454167302
106.708 36.52391740855764
107.75 42.79108496164059
108.767 38.21026266201715
109.768 39.072895102411096
110.808 29.865822569530565
111.809 31.565835008910106
112.828 31.6634747213363
115.737 8.155487887695434
116.758 2.3449977941692635
117.767 23.286616312112123
118.768 24.44325686794278
119.778 24.42802606625078
120.798 23.29722329982396
121.968 24.163824447285403
122.979 29.3327327710923
124.037 23.26743313578842
125.038 28.030533453463043
126.048 30.716933930663956
127.057 22.51813660337016
128.058 27.802642937437184
129.417 5.111188684955769
130.419 27.68236605753655
131.427 35.7660844685928
132.437 25.20516211729226
133.857 15.093515141988789
134.858 21.6495990086994
135.877 15.51639540096403
136.907 18.247497376529125
137.917 27.329036806064124
138.927 25.27955693909289
139.928 25.710481395838226
140.938 25.518856295495947
141.987 27.82410228147109
143.007 29.525456106064006
144.287 36.22464594030881
145.297 30.039354505785674
146.307 18.80398475753624
147.318 29.3327327710923
148.326 24.464748857463213
149.327 22.153023817866593
150.337 24.166999489687573
151.338 25.138922653168365
152.347 29.5280455947389
153.45 27.83901938700365
154.458 39.817589137330316
155.467 25.702802726214646
156.477 31.39451335575067
157.487 20.23244898381784
158.506 25.296741828192133
159.507 17.16925147609803
160.517 22.811840639722575
161.533 16.618862353057832
162.534 21.6495990086994
163.535 16.541386450980877
164.539 19.55950443685003
165.547 13.714128993160099
166.557 18.515551215786257
167.576 19.82726890649125
168.606 5.27603953477609
169.656 3.2619409875716485
170.666 13.099868882223735
173.037 11.545708890999343
174.047 34.7824104803505
175.067 30.671475791977176
176.068 27.342863826614053
177.087 36.04226048086445
178.097 31.87264932419955
179.098 29.501326848693576
180.167 29.46493538279112
181.168 37.146154088661014
182.176 27.950685240417915
183.257 30.927246335360916
184.336 34.47618981611631
185.338 36.93450709957236
186.339 30.897322845038133
187.357 33.47038547200522
188.366 31.69121002524117
189.407 29.084420832272556
190.496 30.131189230718967
191.507 30.393124915619325
192.526 27.329200126044793
193.656 24.75355646499957
194.667 28.718995149565924
195.857 19.417782011932132
196.957 22.728767216777168
198.136 19.699368431845684
199.146 18.746364090077716
200.171 25.230819804462815
201.172 12.761868889360535
202.181 8.250400695036491
203.182 18.00335075462021
204.191 9.448247420686647
205.251 7.74741757575641
206.411 4.326383569609745
207.421 23.68770780573177
208.431 25.29629853122085
209.441 23.615888349233533
210.461 24.60100461151457
211.481 15.43153925628905
212.881 5.45556984554878
213.91 11.749538910637291
214.94 7.530122152914287
216.371 4.78235652824058
217.372 13.590803982210652
218.381 24.75996117399029
219.391 29.587634889130676
220.402 19.635645360664185
221.411 23.10003119155534
222.421 19.83686411486553
223.491 19.21682820683774
224.501 24.39285929791085
225.511 17.015439180309453
226.521 23.715279873032575
227.522 17.87174731344573
228.531 24.417034579587174
229.541 24.61871910613413
230.55 17.74284049338729
231.562 20.753196328926638
232.771 20.144864930140795
233.782 24.35487697355425
234.79 20.101207476820232
235.802 15.970245985608168
236.815 17.726706925254117
237.821 20.732597047063802
238.83 15.825855746088939
239.85 5.791241276964791
240.87 9.39311085165783
242.018 3.576769438277128
243.079 2.15003210553877
244.119 4.3868924307255
245.689 3.075056850871018
246.71 4.468529018559457
247.779 3.4143072987496605
248.785 14.285745132226115
250.375 4.734428086722291
251.385 10.841270799073806
252.386 10.938744762300097
253.405 9.060967467686137
254.425 12.30050230573644
255.436 15.343275603382278
256.445 9.45651071211629
257.455 6.32407463279479
258.475 7.603946879907526
259.685 5.196223305540706
260.715 5.758328705180784
261.755 5.702960159930644
262.765 4.743055974585671
263.805 3.103373647541126
264.825 24.089628066820424
265.835 5.64649520785398
266.845 11.29299041570796
267.925 11.67612229841628
268.975 7.821202505050719
270.035 5.810563181817308
271.086 3.038684766466155
272.14 7.134282394639123
273.2 2.15206043771243
274.211 3.384546088972188
275.26 2.609552790057319
276.281 2.2342645092693063
277.321 5.922304781464835
278.351 9.523389781627506
279.761 3.4035396798694664
280.791 6.422751248078242
281.82 8.202508296101346
282.821 6.153043928800319
283.89 3.8410957110907624
284.92 4.4294836193650236
285.931 5.189637336444866
286.962 5.531484151235264
288.161 4.946687711699571
289.162 5.46937238116047
290.201 4.830226121984369
291.221 5.8147829081572215
292.251 5.979802886139654
293.271 4.176350769573095
294.291 6.03842840463122
295.301 4.29133635797236
296.331 3.1006385335492634
297.351 9.39311085165783
298.37 18.60566655601132
299.44 6.395843170008857
300.441 12.533978373480586
301.45 12.660684596866982
302.46 10.460214923639395
303.471 15.358466965352822
304.48 13.015179799200732
305.481 19.37069384992075
306.491 19.332972203329035
307.51 20.848243730879936
308.611 26.44630288936334
309.621 30.265214314008958
310.63 20.919513849115436
311.64 19.198083706691026
312.641 15.496555079940771
313.65 8.915176424236847
314.66 22.585980831499295
315.67 18.746364090077716
316.68 14.280349605495745
317.721 9.861026213135899
318.73 8.817262487097464
319.74 11.29299041570796
320.75 7.240887144178292
321.754 8.179544452480119
322.79 6.171319206873314
323.8 6.098214824488135
324.821 6.032514175039633
325.829 3.847235028515708
326.85 5.809087724116872
328.02 3.0019855512826887
329.039 5.820489270187083
330.05 6.9947285838967
331.07 6.9330103905063725
332.1 5.758328705180784
333.112 18.10903729910052
334.121 4.747756723832935
335.122 5.013591349379728
336.192 5.329869308337241
337.212 4.025618936427762
338.242 2.3052418587703887
339.252 6.098214824488135
340.281 4.4337882681595095
341.312 4.2039279549471384
342.762 2.5171686223070275
343.801 2.8542245266347073
344.831 2.2508446915122127
345.832 5.925153412920369
346.881 5.436568312612467
347.901 4.9202009223029135
349.341 5.09651111921629
350.352 5.6409101483078254
351.421 3.2009130925686873
352.461 4.167547809170466
353.501 3.7288585661020845
354.761 2.3536026056797072
356.161 2.2155547605355514
357.181 4.025618936427762
358.191 5.420635399547325
359.381 7.092757173693154
360.501 7.590547067498696
361.531 7.751596333894002
362.541 7.001654057735601
363.781 5.99437486155093
364.821 7.0190278891357885
365.831 5.64649520785398
366.871 6.4046064054378045
367.891 8.945819858709832
368.911 8.274883369308679
369.921 6.984648531235723
370.931 11.067130607380461
372.141 9.366431957610457
373.142 12.078197341720687
374.151 12.660684596866982
375.171 9.833535535476768
376.201 12.181079953259026
377.211 11.970569840648771
378.221 9.486111949192185
379.231 10.163691374132997
380.261 8.461511745838601
381.272 8.574183425417054
382.292 8.730733905291046
383.301 6.789238285625764
384.331 5.979802886139654
385.371 4.3868924307255
386.421 4.779623753087708
387.461 2.412790836896941
389.361 16.39245598324224
390.401 27.960185999976236
391.541 26.808944603282203
392.542 36.234592025182906
393.551 25.22336655747137
394.561 26.752830131270418
395.571 28.64056809522447
396.581 29.423027996729765
397.591 37.04100856341706
398.592 27.644219048115723
399.593 27.814970348563065
400.601 27.754061676005815
401.731 26.93536741472839
402.961 27.38047218123414
404.141 24.999416793794595
405.152 28.848802058384006
406.161 27.787631153802987
407.171 22.225232526408725
408.25 23.9188100296496
409.251 37.829159289825064
410.371 29.287374428163513
411.381 40.41041424199045
412.391 35.48954319902356
413.401 27.35842499749474
414.411 29.49847970169606
415.413 31.84686965392117
416.481 24.298973344940478
417.491 36.322648895445255
418.492 36.057177259560696
419.501 37.643919905281635
420.622 28.82168027772418
421.641 39.09265541913675
422.711 38.06757854794884
423.713 35.40676800858608
424.721 36.79787002384341
425.731 36.721535808304054
426.751 36.299508825686
427.791 28.900417623332743
428.793 34.41390401979535
429.794 33.79409783083812
430.8 22.964206008286315
431.811 30.28397149484183
432.91 19.76761568560549
433.911 23.284313652317696
434.931 25.103880011340472
435.991 27.325661556409695
437.13 25.414187304475295
438.361 23.42076759278071
439.38 16.118277979008475
440.4 8.247418132896666
441.41 13.551588498837047
442.61 26.076868707893393
443.611 37.386038842251764
444.612 38.39855240612029
445.631 31.35926055254543
446.632 32.97399182970427
447.637 30.821775142743782
448.641 32.783450734105294
449.652 34.089405512907
450.653 34.23072139970438
451.67 34.020280547085655
452.672 33.90137962346774
453.673 29.62243533191019
454.691 26.562084544112054
455.7 23.51269996569051
456.701 16.244029308563288
457.71 23.49996236415253
458.711 30.143018564356034
459.72 30.973460531692847
460.731 26.164916387968848
461.741 32.79375449275737
462.752 35.83196515982654
463.771 42.202147376490345
464.772 39.79254936297491
465.841 29.42266211535824
466.94 27.17167112476267
467.941 23.928504167498893
468.95 30.04433604336135
469.97 28.06374968498869
471.096 26.00550543776511
472.1 31.533964198234226
473.102 17.261621104822574
474.111 33.60713677619188
475.131 29.4370115053809
476.14 31.318866113456078
477.141 31.193513881034487
478.21 32.147493981880956
479.211 42.615526469738114
480.22 30.41750628426648
481.23 31.429680124090602
482.24 31.11499533274415
483.26 21.72766650807809
484.27 27.617470347772418
485.28 30.588979726421343
486.29 23.30120355767864
487.3 24.166999489687573
488.497 6.1877007680831335
489.559 18.902466820106632
490.57 22.857726639868734
491.571 24.41910180592828
492.579 20.46283698199115
493.581 27.410664586764177
494.582 30.7325686636859
495.59 25.486443195841318
496.592 28.44623560292547
497.6 31.57889123645806
498.61 32.702471630313696
499.611 30.35325089707443
500.81 20.259890511527857
501.819 23.738783619060456
502.82 21.5892946471055
503.83 26.143933221097914
504.831 24.441424414920682
505.839 29.43872613662181
506.85 25.86010931309274
507.859 27.239113868665378
509.33 10.582250157913228
510.479 17.089009538458328
511.629 13.722630070055558
512.639 33.427251630385506
513.65 26.564068509527676
514.659 26.925108794505714
515.669 28.159831071680404
516.779 26.6692482585774
517.791 27.413273840489918
518.799 37.618401746575934
519.801 31.788955361450434
520.809 26.967205181585985
521.811 39.0390592288394
522.819 21.13630162781561
523.829 18.498710791483788
524.839 15.379472743064236
525.84 17.775460238740262
526.886 8.941543654200377
527.909 6.844706261131682
528.929 14.0896662774659
530.039 14.741435425262464
531.059 17.66799422096651
532.069 14.68088754041201
533.093 29.44415688611396
534.209 38.13628234974549
535.219 44.94610185456688
536.238 37.030179220290144
537.239 42.387635953920686
538.25 38.17477695917378
539.259 38.05344862851054
540.269 38.73182018413295
541.27 35.9493957071107
542.279 36.93393790558671
543.308 30.33741836742648
544.429 29.561433862436076
545.449 24.177416968408487
546.458 10.173764408192588
547.469 12.877933966346465
548.479 19.198083706691026
549.598 19.689248732188997
550.609 12.874009073896236
551.618 9.269429794129172
552.699 4.220507056379042
554.038 2.725836073450589
555.049 10.830547484731847
556.098 7.393732905155456
557.118 4.882763189328474
558.128 6.32407463279479
559.129 8.431949087599811
560.158 7.537440055883674
561.178 6.485719397558374
562.268 6.2784882494584275
563.328 3.658502744104878
565.129 5.445728733661622
566.149 26.83745957604612
567.278 6.263658634463423
568.308 17.33375448372268
569.311 14.55591027857977
570.338 13.993631551139392
571.348 13.551588498837047
572.378 7.323542434422437
573.418 5.702960159930644
574.468 3.476090002249396
575.488 12.747793298663595
576.489 25.739467470213942
577.718 42.14877771585808
578.72 49.17522533108607
579.728 33.42839620802791
580.738 34.39243908619348
581.819 42.0054603251666
582.829 44.720242046135155
583.838 30.135893312404292
584.84 38.019734399537626
585.848 27.664491716197467
586.858 41.78406453819032
587.86 35.23457245869965
588.861 36.23409226515409
590.069 28.492300158043452
591.078 39.62016868366248
592.079 52.9785478235663
593.08 44.24524351431892
594.081 43.77880093790403
595.095 38.18188299510965
596.129 41.169338274961135
597.289 41.04156151990806
598.29 46.68773674815363
599.298 44.124755103580114
600.299 43.70516964554351
601.308 41.59327741113706
602.309 31.796890670951345
603.398 35.99708526507237
604.399 41.73778149299692
605.408 14.42919422865534
606.418 23.25596555513001
607.428 29.3617750809074
608.438 37.87182148288241
609.439 35.80046725583539
610.449 31.17096497812437
611.468 33.286495767814145
612.478 28.89321503999162
613.488 33.46038072022133
614.517 7.348971643750029
615.518 35.55092047752221
616.527 33.88379177312541
617.538 32.86423941405611
618.549 26.516899088838436
619.578 33.44042194048211
620.587 28.71262399653431
621.597 25.35903736686159
622.638 35.813497979311954
623.648 37.422298429076505
624.649 40.99014067790658
625.657 34.36125475308841
626.817 28.433149222434757
627.818 38.05771615213912
628.838 26.296606578483658
630.057 36.16889676144656
631.068 40.09433579850946
632.077 42.23731834513547
633.078 31.52418835047285
634.079 43.610215263831336
635.095 39.84991665151957
636.097 39.64582793539513
637.108 27.584710380782294
638.117 33.91254802737811
639.127 24.903190195271367
640.147 33.32317897368787
641.148 16.769776726764576
642.353 22.663354161606417
643.357 32.49096824180356
644.358 26.87508855699744
645.36 35.28777743676899
646.368 25.36766461197468
647.377 34.36471533432644
648.387 23.263560256377577
649.407 19.739392086372643
650.447 19.52167131668887
651.487 7.457717132225013
652.517 6.201277067119371
653.547 3.765061076467566
654.577 4.650957800323895
655.618 6.135749643730858
656.627 7.23467691250733
657.642 8.449541785083081
658.647 16.796778182489764
659.657 17.408441320699918
660.667 18.171148028551837
661.669 21.8556557027744
662.677 15.78928018844492
663.678 19.142803334040803
664.877 9.965662449363293
665.887 10.841270799073806
666.9 15.988555630998917
667.917 19.400654029808337
668.927 21.90840140641258
669.937 16.05569355199374
671.157 16.75350476279611
672.207 14.121615634119932
673.237 5.758328705180784
674.256 5.820489270187083
675.287 6.859040347544234
676.297 3.595925895523783
677.307 6.098214824488135
678.321 38.21099080600687
679.332 14.440729979656359
680.452 15.747310652561785
681.462 21.230821981534298
682.463 18.167938349421238
683.472 24.63502020753908
684.621 23.696372869224742
685.632 26.173823088134966
686.641 22.93972333789114
687.643 25.87820271480325
688.792 23.668217843085223
689.981 26.411522367340506
690.991 21.45668178975758
692.002 14.666366385587839
693.012 11.329312899492287
694.031 12.984168371968625
695.051 9.39311085165783
696.061 8.808532524251376
697.072 7.626939361622717
698.102 11.959605772279309
699.121 9.626193793013739
700.152 8.850374641997266
701.173 5.518535343861139
702.201 6.4352468730791665
703.441 2.207597481256079
704.812 4.991650030569398
705.871 4.092775941036397
706.941 3.4111163573450054
707.964 2.675875734866591
708.981 4.037493918529805
710.052 5.560931879589756
711.062 17.39120524017525
712.071 17.634524974215772
713.072 18.316866800592333
714.082 32.07209278062895
715.092 24.465999572071734
716.112 12.971438795137592
717.138 8.004154610428975
718.142 18.826837269891058
719.151 44.31239608906571
720.153 40.852375692353434
721.161 47.29836005650809
722.162 60.08013604874296
723.172 63.67166306756262
724.242 44.656668441576976
725.243 59.407126045653875
726.244 61.16561455868379
727.262 57.38948060380568
728.263 51.72831513227324
729.411 44.42390056934316
730.412 56.98095830213334
731.413 54.60843145461495
732.414 58.882544734019724
733.482 51.100494093570866
734.492 70.25891060552863
735.643 44.81938311951955
736.722 43.14457551475439
737.911 36.73689864436272
739.061 32.911285723343546
740.102 32.30094790129768
741.103 30.888660340164893
742.261 29.51416811758246
743.412 33.504648270925394
744.421 42.27764320748555
745.422 32.676967860535
746.431 33.012345059081625
747.441 34.62622379997576
748.451 31.80958028403893
749.452 28.936431571407027
750.462 28.9100554642524
751.501 27.106305835218322
752.503 35.3230299617048
753.511 30.221209009217073
754.521 33.25339901497138
755.522 42.615526469738114
756.523 40.43357473214073
757.525 40.253994340352314
758.531 40.02939250300397
759.541 29.9064472356208
760.542 32.360453255244614
761.554 25.06472279339743
762.561 28.660357980631282
763.572 45.15251683711392
764.764 67.2289672371566
765.771 70.61891275352966
766.772 67.33848229689524
767.774 63.87114808806613
768.775 71.9912469962064
769.783 53.588000398201864
770.842 56.74490865918263
771.851 57.05984524601689
772.853 65.02009610561625
773.855 69.85728451212968
774.871 76.93182830971381
775.881 47.488345515575176
776.891 43.089692728307305
777.901 43.860228782117375
778.902 39.90116384859782
779.903 66.52120826842423
780.904 75.72961765895974
781.912 64.3841134526563
783.031 62.498600129041805
784.037 96.15196266527617
785.142 83.61873499393175
786.152 102.9400653984858
787.282 80.59035604153873
788.283 93.28218498094091
789.431 76.3660029811362
790.432 96.5987582854726
791.461 75.32610856671923
792.462 100.54086440244573
793.511 80.82953058169676
794.512 80.6909008051847
795.513 94.10995396730726
796.514 113.79982780890101
797.521 79.21473494967576
798.523 96.36688614963514
799.532 69.9842941052322
800.541 59.3305977308243
801.542 66.38993800045638
802.543 60.380158577251336
803.554 55.440910179769645
804.557 55.858834223979855
805.581 40.94817499929642
806.671 44.37242018310151
807.673 51.27195570250028
808.8 45.88658023517106
809.802 45.76027912752106
810.81 41.1880455994991
811.82 24.94793289114439
812.83 23.94113968125585
813.834 31.613617636221715
814.835 44.66654111272019
815.84 41.68648010299781
816.841 51.503256589118664
817.902 23.981502111647544
818.91 50.51678711673647
819.92 29.971497501858504
821.021 29.74114124555686
822.03 34.81688264148321
823.04 26.323069107162627
824.045 36.12632133175766
825.051 37.516822597692006
826.06 41.191681447752316
827.07 42.461643963068596
828.15 9.716154346541556
829.16 25.07043872278913
830.17 25.829083327595736
831.18 30.491074122440676
832.189 21.717252003817755
833.19 23.432242583535377
834.36 35.424797736621336
835.362 40.5240282820408
836.37 32.739546592447816
837.371 43.52708853342466
838.373 39.360084142319
839.4 38.99492412271493
840.402 41.6623436833681
841.51 40.386787342455584
842.52 61.65972766975963
843.709 20.256379082605328
844.71 39.42505924746051
845.719 34.13863168095649
846.729 18.473450155030086
847.781 3.469481466127488
848.8 16.5660079228594
849.803 60.13656490435434
850.812 21.930114391058687
851.821 25.99962015421899
852.831 14.023120379368722
853.892 21.715324265920735
854.893 19.5985843658007
855.894 23.48571689327814
856.902 29.87264845672001
857.912 29.13591527247568
858.922 28.86927522095043
859.932 34.104831055472225
860.933 32.81623428687945
861.941 27.286589637324933
862.942 36.46248254100033
863.952 24.752782091805937
864.962 34.55655067212722
865.971 29.157684872966957
866.972 36.234592025182906
867.981 31.523795740852847
868.992 29.558369177107153
870.001 18.312775934763334
871.011 19.65277516289939
872.013 23.904623424955094
873.022 18.312775934763334
874.041 15.222818091285781
875.043 11.300276662454303
876.061 15.013686865041626
877.074 24.545810757355685
878.081 22.222270205671173
879.092 18.034253646349566
880.101 28.486540342955923
881.102 31.28530311673128
882.111 31.65171149221957
883.112 13.901321468760282
884.253 2.998927340897964
885.283 2.6576901716106764
886.294 8.348547019485576
887.303 11.078099022256003
888.323 13.418729788064747
889.333 20.55324255657265
890.342 14.042967987236766
891.343 111.21057175016561
892.362 18.500443473448215
893.363 35.77881099333963
894.372 28.260456689377534
895.374 22.53864494336234
896.382 32.26351918908887
897.402 28.179332554890113
898.412 27.780756422719122
899.441 23.05569899437943
900.474 9.048904703989791
901.492 27.002555478729448
902.502 25.29629853122085
903.512 26.425597572754125
904.522 32.297952588852226
905.523 26.663190358141662
906.536 22.405239603837863
907.541 27.46500216334141
908.542 19.37069384992075
909.562 16.118277979008475
910.563 17.091788691100415
911.572 21.448695032302258
912.581 29.164791303482637
913.592 17.825276068628547
914.601 14.921521132025523
915.602 15.040774048160028
916.611 16.520479828361584
918.161 72.76432795492487
919.171 20.55324255657265
920.181 17.165345431868595
921.192 22.789276999162777
922.2 23.762333999711014
923.22 19.904449185643966
924.231 14.06054583075999
925.26 17.51346365925299
926.261 25.52373777863769
927.262 36.46248254100033
928.291 27.08791828124276
929.311 20.79903117151912
930.33 14.998953119349896
931.36 11.295183229381852
932.492 16.135696296895507
933.5 28.288492856739275
934.551 15.407458176029444
935.57 11.19324859652324
936.86 3.3598835050666924
937.867 5.442188621809358
938.88 14.877287373736648
939.881 34.18357738220083
940.883 31.645168152938517
941.891 26.256518834836644
942.9 38.019734399537626
943.911 34.2967337017516
944.94 25.43707759833669
945.951 24.368731840641445
946.991 16.889535858257744
948.01 14.103493231627205
949.02 9.93783156582634
950.04 10.734983830460134
951.061 16.53355736865957
952.08 26.192201715810604
953.1 23.654574435340756
954.101 36.234592025182906
955.111 35.00827028878223
956.12 27.356122075480876
957.14 109.78656061800089
958.16 19.904449185643966
959.17 28.68419565582068
960.18 33.20139182216222
961.36 29.34135977420478
962.371 31.13782401858582
963.38 34.85142319957615
964.51 27.876268775299845
965.511 33.27201531872272
966.52 35.04296629485316
967.53 33.878971247040504
968.551 23.614934605019503
969.56 18.76494324179504
970.58 16.326121242164202
971.586 110.32151097050563
972.587 36.46248254100033
973.598 26.490175885271075
974.606 36.209270856642945
975.618 34.97364291937928
976.626 21.747068385836915
977.654 14.867639327436484
978.659 12.711075381335153
979.676 13.906923497176743
980.677 31.67678170758392
983.799 5.309023034188061
984.806 125.2725707424489
985.817 23.88236329839462
986.818 36.69037305681774
987.827 38.88638840464352
988.837 32.20533025531371
989.846 24.869201886743944
990.866 25.74447177210559
991.876 17.842924856809407
992.877 18.231241270500163
993.977 14.077610108776069
994.986 12.660684596866982
995.987 26.89108087395908
996.997 38.170307605158776
998.006 36.851635523063365
999.007 28.371203120767937
1000.046 33.15291565548934
1001.048 30.309438612262536
1002.056 26.704337256758542
1003.057 30.537329128079953
1004.196 29.52322589762594
1005.197 33.044124802696864
1011.266 4.3608660418653455
1012.276 108.41270799073807
1013.286 20.101522939959334
1014.836 2.3547706466884364
1015.837 18.641377564446913
1016.846 20.79969612343773
1017.886 17.547569722860313
1018.906 8.274883369308679
1019.937 13.718080695088467
1020.946 13.791102864446254
1021.956 11.067130607380461
1022.977 8.937058037118915
1023.996 13.20803334390451
1025.016 17.66799422096651
1026.026 24.166999489687573
1027.042 24.84015723071103
1028.046 32.55582047379192
1029.047 32.58834377106203
1030.056 30.973460531692847
1031.057 29.169986032758572
1032.065 24.46739573405069
1033.076 30.942793739095674
1034.096 31.981305994843872
1035.106 27.229810384420805
1036.126 31.310369505526097
1037.136 26.37276486895793
1038.296 27.333859955594082
1039.306 32.07209278062895
1040.307 26.966211446197594
1041.316 36.17338456253665
1042.326 27.257877758188776
1043.336 33.68910862715059
1044.446 35.93772278653589
1045.456 32.749672205507224
1046.465 17.530572768038788
1047.466 23.016942104020785
1048.476 20.78438563525892
1049.486 31.168653547318954
1050.505 25.48951444290949
1051.506 31.67678170758392
1052.515 35.04296629485316
1053.526 18.13911820192099
1054.536 34.3306908636955
1055.556 23.78636608164188
1056.566 30.942793739095674
1057.575 27.130038421902487
1058.576 23.70211293135103
1059.585 25.321369193692277
1060.586 18.68702230226006
1061.596 19.320919742793116
1062.605 21.025779776953584
1063.616 24.594368246656302
1064.625 29.326256018039953
1065.626 34.18357738220083
1066.628 29.525648497384353
1067.635 35.11256503638264
1068.656 28.259852926823843
1069.657 33.72779635035755
1070.675 26.873804956360875
1071.885 27.642447172161557
1072.895 37.71858798850378
1073.896 32.253338049291266
1074.905 35.04296629485316
1075.915 29.712287049425107
1076.916 26.133944620614134
1077.925 29.84304226400936
1078.936 28.369654573650777
1079.945 27.130038421902487
1080.946 34.18357738220083
1081.965 24.855557643774283
1082.975 35.91170952188378
1083.985 27.214125675458515
1084.995 27.554896614287404
1086.005 28.11426286482033
1087.015 32.0200855878198
1088.155 31.390269939426815
1089.165 37.492728180072056
1090.175 33.20139182216222
1091.185 22.406844945434578
1092.195 37.71858798850378
1093.196 29.40720540015431
1094.197 38.5134971839824
1095.265 27.483834958213926
1096.266 36.69037305681774
1097.275 27.39677746918715
1098.285 31.62037316397395
1099.296 27.97891433562849
1100.305 32.78212975969462
1101.315 25.846749262843563
1102.325 33.65311143881723
1103.335 38.170307605158776
1104.336 31.693773544186296
1105.345 33.23429706685139
1106.545 24.895422136749872
1107.555 33.20139182216222
1108.565 31.168653547318954
1109.575 25.58126492682525
1110.585 32.975532013938945
1111.645 21.04567232585691
1112.646 32.360453255244614
1113.715 31.330418797663054
1114.725 33.878971247040504
1115.735 35.45998990522878
1116.755 34.09106120834855
1117.764 31.2420175029999
1118.965 35.344046370413466
1119.966 46.03388420804157
1120.975 34.99173388795185
1121.358 44.07509679747644
