0.0 1.0548347644409368
1.001 21.37791458415871
2.191 53.15155410691825
3.192 26.138462011310224
4.261 26.998314703877657
5.311 25.090251684553795
6.45 30.480183179519656
7.451 20.442388972857287
8.46 21.77053995780991
9.61 16.83694033790866
10.62 24.362163274302024
11.621 20.333130507346453
12.622 23.29416499316068
13.63 20.54971897598652
14.8 19.441684471667305
15.809 22.20523782015141
16.81 17.31080072162508
17.811 24.788014370259358
18.823 26.298854089196503
19.83 17.155293600207006
20.84 23.703269144986585
22.0 19.304486414251887
23.39 16.182109703862615
24.49 19.091414549916824
25.94 16.962460818264336
26.941 24.40544715395881
27.959 17.903893670054128
29.023 16.218769749102865
30.039 16.178206221385434
31.131 4.9778103073860684
32.15 6.336213647413182
33.199 6.206980761793517
34.209 2.865681877343305
35.23 2.6063844609716686
36.32 9.227453778646558
37.399 2.682426965815352
38.4 5.338056459442501
39.419 8.620297922753416
40.429 7.281513308196297
41.54 6.211291931503645
42.559 8.958095156665154
43.56 7.19707624370055
44.609 10.021433957711551
45.67 6.2367912830827
46.679 11.850557310075057
47.689 12.531718376091389
48.699 7.817942400063464
49.701 14.821744782807597
50.81 16.727546606636828
51.829 21.563601864791057
52.84 16.062466884603293
53.849 17.825999614541505
54.85 13.434238825852711
55.889 12.862543335286913
56.89 10.676112918864659
58.049 14.606600111628909
59.069 19.79475819299159
60.079 10.235982337729268
61.089 9.660880076127677
62.1 11.882168828287845
63.119 13.458863975580698
64.129 8.817482699489695
65.139 4.600495816340469
66.289 6.819207791665313
67.329 8.605697514203184
68.349 11.947415438829786
69.369 8.99063834145256
70.379 10.883919068981426
71.489 8.523093356759924
72.599 12.771297501249569
73.609 8.37660856452945
74.629 4.583794315108675
75.959 9.512162838076831
77.479 9.333153585867105
79.429 5.46955465905722
80.439 16.86424135382704
81.459 12.981034889299774
82.47 15.53010991940964
83.539 9.372031775226192
84.549 8.706619612927168
85.559 11.47545742771862
86.579 11.254453216939002
87.589 10.360542171911579
88.609 8.013183455118366
89.64 9.705937194667055
90.649 14.123083537675665
91.889 15.279430192214248
92.899 17.260157928972795
94.029 15.430533406032591
95.038 15.587507245547013
96.039 15.886213407493061
97.189 14.135438676917824
98.209 23.23314210626251
99.219 18.658515291306905
100.229 17.82172458116022
101.234 8.668480363808264
102.379 11.607573855023206
103.389 17.49251922379058
104.478 13.555142790723362
105.488 18.27440779912054
106.619 13.927824932579831
107.629 18.45983188178841
108.639 13.77634988872149
109.649 17.403893209826876
110.729 13.758518752477405
111.738 21.895384538734685
112.749 13.877179372492845
113.898 16.793236342727916
114.909 18.436099618764622
115.918 13.103519460401314
116.929 13.419033644365285
117.948 23.98408275373363
118.959 18.226505192191464
119.968 16.107854297168295
121.069 18.644510171115705
122.07 26.22349501351552
123.078 17.845621633066347
124.088 24.91680098364795
125.108 16.92324479404015
126.118 11.875080181634235
127.168 4.5954284034031
128.198 6.052388610245914
129.218 3.848229994843528
130.229 10.130075326865944
131.238 8.915096680079245
132.438 5.4449231346922895
133.448 12.485955125248818
134.449 14.417402428732565
135.688 13.788003341429958
136.699 15.406317205090996
137.709 9.70277600999477
138.718 3.9717996897177468
139.738 3.352641539577696
140.748 2.6064105019027974
141.758 8.783804814190402
142.888 7.727436915677744
143.928 9.471243647314322
145.138 11.6534086090434
146.158 18.107646952246252
147.168 11.061009958723563
148.189 10.466982401349727
149.208 16.51053856121463
150.378 12.175894915032691
151.599 17.3011743992946
152.608 20.95469513848163
153.779 19.372065546516595
154.788 27.428870574930883
155.958 18.163410574712696
156.969 23.49952749397868
157.978 19.689148230908753
158.989 11.309728136362757
159.998 11.21052721062891
161.058 10.957039330938853
162.068 15.531306103624122
163.078 6.019640007402508
164.109 6.311716371054695
165.117 12.740160558418278
166.118 19.10332242195829
167.458 16.487140670660146
168.469 12.416296560543671
169.477 16.37570867573814
170.478 15.025477817323317
171.577 8.64572022066148
172.788 8.695535701368929
173.798 10.295442336191623
174.877 11.045402849711156
175.888 12.124038711813586
176.908 7.8185221816416295
177.918 11.608718725085584
178.937 9.395075408220713
180.048 5.2645317194095576
181.078 15.062237475748537
182.088 16.4304572999546
183.098 14.655036532735272
184.117 9.995923254104518
185.318 15.183818469511886
186.368 11.858865074048806
187.388 10.415335481509713
188.767 7.157795389011562
189.777 8.527497806844721
190.878 3.8421319937102663
191.888 21.221257338979115
192.898 29.18760802806296
194.024 23.1571273975229
195.158 28.42501300008865
196.168 30.13816231239189
197.169 25.93425273658643
198.178 27.44967800494939
199.377 19.53239399588447
200.388 27.49984644551261
201.577 18.035775344421616
202.617 17.816854798609285
203.637 19.42288701557539
204.647 19.141768774771435
205.648 20.655215358833534
206.828 20.55913498326826
207.829 26.891890180059686
208.837 27.86037240233886
209.998 18.89633474385932
211.017 24.725160373287945
212.018 24.8177677916282
213.019 19.602627106004903
214.027 20.445094239862705
215.028 21.778691544816173
216.197 17.419774903314305
217.198 23.610721886625146
218.297 12.601023933682352
219.307 17.75630246902903
220.317 10.658808993477402
221.327 11.176707191515606
222.517 11.361562505463148
223.527 21.204660103719263
224.567 15.277804715555403
225.588 17.312666889180473
226.617 13.370456055445098
227.648 10.433180024820839
229.527 4.833896662706404
230.529 17.776900499099053
231.748 18.559861695595146
232.937 21.699762734087518
233.938 19.570434879558476
234.945 7.835899789098011
235.947 17.064668014985642
237.027 11.182102337410376
238.037 20.168702569437237
239.057 17.237255766323244
240.087 16.10652100553881
241.097 21.005976694282143
242.117 27.932456718058415
243.287 25.226186341482663
244.297 25.27178845416031
245.307 20.83887637330856
246.317 19.606330226221733
247.337 18.59477881119535
248.417 18.290341344159213
249.437 19.29811233045226
250.456 17.80023722028143
251.667 19.868362258700135
252.707 16.810780654751365
253.777 18.388269952173424
254.787 20.328712809221305
255.808 27.484277117128833
257.027 20.389092313283466
258.037 27.445381731322637
259.048 29.237134676809813
260.115 18.37209492181676
261.286 22.827785983693726
262.288 27.872289803877376
263.396 20.850601941092414
264.417 27.505796406730642
265.427 27.998413488549012
266.437 27.450323196604682
267.447 24.53587026166519
268.647 20.353599262569578
269.896 20.533051550083798
271.077 21.729206173840783
272.146 23.248527627701375
273.287 23.348570027076256
274.306 25.033250616478085
275.308 27.531805523163268
276.316 20.11588152905975
277.326 19.41538145065419
278.336 16.94255452252959
279.516 20.386316987055466
280.556 21.32661228795741
281.597 24.024716030513616
282.606 22.875914522125285
283.646 17.075405227359653
284.664 14.146264645573766
285.674 18.624192853164804
286.675 18.314287699812454
287.676 22.845099692894607
288.774 21.466641184020993
289.786 19.119056248940176
290.794 20.01028804551524
291.804 15.676652766554707
292.954 15.754160244229173
293.975 18.191893798460107
294.986 11.399071382700926
295.994 11.350169274415698
297.004 26.169811683092156
298.014 21.32712514120822
299.019 13.669346102293112
300.024 14.29751093501765
301.034 16.624467701469534
302.064 16.36059997601152
303.165 6.884854560603515
304.214 12.097771187075868
305.304 2.0770729695000147
306.334 3.8908212494365366
307.533 2.4609258165179817
308.904 2.760688875822721
309.914 15.50653569567654
310.915 17.88570836175464
311.924 19.655763084333266
313.034 17.80979019196198
314.234 21.81549744845582
315.334 19.942446947768353
316.414 18.438172221093048
317.604 18.470710741924787
318.835 15.974711718526777
319.846 16.303613160344565
320.857 7.441246058750675
321.858 6.305286536101599
323.594 6.496483606063753
324.595 16.000186896115927
325.614 13.756413028451128
327.274 4.291883145300495
328.484 11.25460486336479
329.494 12.834174791064262
330.554 10.247696781354916
331.584 8.213955971034949
332.754 3.1993033037757317
333.934 10.024960930731856
335.013 15.48989597604012
336.014 15.269520907771918
337.033 18.848925938002107
338.043 24.64737790109087
339.047 22.661907703002555
340.064 28.426928264312654
341.074 29.72677646930354
342.174 21.448916328059834
343.193 28.734645839221034
344.423 21.947906809315807
345.424 26.123991768131955
346.433 14.241476202230636
347.434 26.224795709657265
348.543 24.1509237257095
349.544 31.720236387318465
350.753 20.51156362354847
351.754 26.694834733200015
352.763 25.13376264016818
353.773 11.458376777740206
354.803 9.038922578550899
355.813 9.69923096945087
356.913 3.4794382650650664
357.914 14.75363234949471
358.924 25.621619501970883
359.933 28.17745416648381
361.073 18.148292360502683
362.084 23.140222762669715
363.153 7.681049840370025
364.263 14.13001033016787
365.273 14.532732633451932
366.293 13.101182380225302
367.303 12.84223170142645
368.323 10.615262182867184
369.343 12.769779540041313
370.363 16.03227057182094
371.373 11.592443766155595
372.403 11.218028972743205
373.413 8.52308319489935
374.462 7.640697591850239
375.473 4.449937583599734
376.683 6.437755035259509
377.713 9.0785829153587
378.733 8.964470760423884
379.743 9.807515844703191
380.744 9.491829194124659
381.752 7.21329429717561
382.803 4.0249165795333095
383.813 8.20354612994806
385.024 18.909593899965277
386.033 21.052280372835007
387.043 21.30279327199742
388.083 22.249903227160956
389.093 22.18470267996078
390.094 22.735678640320284
391.095 17.577768579400225
392.143 23.164639778600336
393.203 20.59020512266216
394.332 17.714190019069036
395.473 17.379229169660466
396.482 17.364687597283886
397.642 13.72147399442792
398.652 9.337153417810022
399.662 13.435954449041162
400.722 14.472276922464204
401.732 21.16115278779601
402.752 21.330567495610783
403.763 14.872028494042777
404.772 19.79754394556859
405.773 12.535457877147971
406.779 14.37146820661866
407.783 9.671118772126668
408.792 7.633746097917055
409.812 9.16758863021735
410.822 6.7088281197196356
411.842 6.330001673230782
412.862 4.556669383545131
414.104 5.3778125159971895
415.142 6.486151262201521
416.202 4.620860037339635
417.204 8.443487674822576
418.714 2.6540038986290093
419.784 5.198252302720318
420.825 3.4088300144966164
421.905 5.332008072399475
422.975 2.7049894356098108
424.155 3.77358369767072
425.166 3.30087075033358
426.635 5.791846854599285
427.656 7.6321746676504185
428.686 6.163627164484851
429.735 5.754571035953319
430.746 7.707666009576779
431.755 5.206535176422877
432.795 6.478998554034227
433.796 8.22950370828515
434.826 5.80099579802384
435.866 7.278662401465899
436.876 4.520893541972646
437.916 5.13787934220883
438.936 5.456897994179901
439.975 2.5407106241117416
440.976 3.3362852871464774
442.006 4.971604929831053
443.056 2.0797847516359638
444.068 3.5200227377391755
445.079 8.148104067265718
446.489 4.264154664900449
447.498 18.85137041648969
448.688 22.33662892742378
449.808 20.877866064567705
450.809 27.14438779459553
451.818 21.200029256810563
452.828 20.622790037380074
453.829 21.380028215109316
454.998 23.66718728171982
456.008 23.42788394890308
457.142 16.853193581913665
458.168 9.76497535799329
459.188 3.994225949945994
460.198 7.807951831213538
461.228 8.73175247989511
462.229 17.79709844549522
463.378 21.72444974731461
464.379 32.93346059833363
465.388 29.716881401688834
466.518 25.938971932109677
467.698 26.868853806327508
468.879 25.624784911907316
469.998 25.841551410512526
470.999 28.993002010736816
472.188 28.047133596308054
473.238 30.455098146303847
474.378 27.219868810406297
475.508 26.862611857902245
476.518 29.62638736630951
477.688 19.558883976302038
478.698 30.5569605128979
479.699 32.05093834987491
480.838 26.3102786453084
481.848 28.914639904860262
482.958 25.1404129092071
484.113 28.62532776380466
485.298 28.491212519322293
486.388 32.341478936426455
487.568 36.59590023460418
488.628 34.51043626163235
489.638 36.53808848885297
490.639 22.91371140781074
491.648 31.237920675226682
492.658 30.954166193810646
493.758 17.03825450380529
494.909 25.88397182324047
496.068 25.208899468061567
497.069 30.36556148416295
498.128 20.84793039295378
499.307 26.777069832350847
500.407 29.02905242671419
501.508 28.463883211991806
502.557 27.623213181029563
503.659 27.01052439757544
504.838 28.368951311453348
505.988 30.486960674591582
507.179 28.50618499125475
508.198 31.706782352779225
509.278 26.114226461578546
510.379 26.45331824480382
511.558 28.564358041704512
512.608 27.44283574774714
513.808 27.4478538601517
514.818 32.492391520043704
515.819 31.24759597149223
516.984 22.76538461143605
517.987 29.206655110309033
518.988 26.226421579681865
519.989 26.74182237687032
521.008 30.473622805216383
522.009 35.325115402285036
523.017 31.420519668273915
524.157 26.229523283325936
525.158 28.797735020944895
526.167 31.598098904128552
527.177 26.104711847372204
528.182 29.655890088414424
529.187 29.41848620991971
530.267 25.84975837896623
531.268 26.263328829118265
532.418 22.735410018257838
533.427 30.093981349268276
534.438 27.68803547031335
535.507 11.476589016254922
536.508 28.944713671128206
537.667 21.801704689909787
538.677 31.57277577131515
539.857 25.52479046079925
541.039 33.62963253572567
542.047 36.83727162421434
543.097 29.59996530412333
544.207 30.656157773999244
545.237 31.8670016221344
546.387 15.389601164197424
547.391 14.626065680621396
548.458 15.58598058427465
549.467 17.610183013455437
550.478 20.932398215474066
551.487 21.335842095468408
552.567 25.615730497390903
553.597 24.593043036253842
554.747 22.102526397901205
555.758 19.39134795002133
556.797 19.65902257506719
557.81 22.456069442413273
558.846 20.63982122611046
559.847 31.153458097311916
560.858 26.935298497442144
561.859 33.150514246414524
562.867 24.6275003522433
563.946 27.22141485602952
564.947 32.01614473138912
565.956 18.16085407179715
567.017 11.924436920827043
568.067 20.603633006597395
569.077 20.959246614043124
570.246 15.357212742938003
571.256 10.04664494421789
572.276 11.672655838069367
573.286 11.242290441852411
574.296 8.125394099451128
575.496 8.644173186354841
576.637 3.1220534711718138
577.737 23.077121701039587
578.746 17.39226953958122
579.766 7.337932217959869
580.826 8.2291412619796
581.846 7.203105352302007
582.857 6.3533511779458385
583.866 17.37113951361301
584.876 9.474443170358079
585.906 7.083715376613823
586.947 5.774561796710884
587.976 2.950053779995738
588.979 4.217534720929689
589.996 10.092714943919908
591.076 19.014275628411614
592.097 22.09584703228727
593.106 18.48344988807018
594.116 17.107237770317216
595.277 18.014459062310262
596.596 14.78341698070129
597.626 19.068721540100846
598.627 24.927676605331964
599.716 20.52139311772615
600.906 22.30298489473075
601.916 26.623738012707317
602.936 17.2401278179075
603.937 23.708274088101255
604.938 22.80786726937191
605.946 21.74079409514231
606.957 21.880402499771066
607.966 19.954002916443006
608.967 26.258613806087606
609.977 24.735359362333824
610.981 23.44631533500881
612.127 21.152760102530966
613.136 25.555399052326305
614.316 22.63860579497452
615.326 25.964199330528732
616.536 20.936187869769586
617.546 22.054180732191007
618.556 20.521434104989595
619.566 19.4492204741591
620.567 21.301661280045575
621.576 18.733784241473316
622.676 21.384408309046737
623.686 24.24002051334636
624.687 19.95771711903209
625.806 24.84789171976081
626.946 23.592837173745203
628.056 21.5333834981577
629.066 15.966218124935878
630.095 18.539060359368825
631.096 16.794912163327528
632.097 15.691921939756588
633.116 21.698561043199994
634.245 13.709742861259105
635.246 11.844625704386363
636.256 10.808667526205928
637.275 10.619770060580452
638.426 15.172475395873832
639.436 22.0559532524121
640.445 17.773577794390274
641.455 17.929526041795693
642.475 15.798357926821533
643.505 12.362964433012888
644.585 11.61188180841492
645.595 17.1413990702537
646.615 16.866441996200887
647.635 14.815956729437993
648.636 15.0936017712931
649.675 22.585695651638133
650.685 25.121607644979857
651.775 18.40384300727867
652.776 25.543068409033427
653.785 20.881627186012107
654.935 12.884531181424222
655.936 19.65319166372933
656.965 13.218303378181053
657.985 13.022520078723572
659.006 14.732264977744318
660.015 12.482522514114889
661.025 14.222058169911254
662.026 18.580930383582675
663.027 21.81153411919107
664.035 23.958418707321155
665.036 19.434837319649095
666.045 18.721364302546366
667.055 19.889288918111607
668.075 16.945104297702613
669.136 17.916873730998823
670.145 16.18737416588557
671.155 16.20792543578112
672.205 19.379136096575465
673.215 18.701861469044886
674.216 17.770434177112094
675.225 22.10007158400095
676.465 10.459154856221549
677.475 17.428063940913432
678.525 17.656625443336562
679.565 20.5433798894517
680.575 24.545377416040676
681.585 17.273371261975733
682.605 16.40755197774555
683.616 18.65647962642183
684.625 17.006122347520247
685.645 19.78332948835197
686.655 22.053697317492784
687.675 20.041495013330664
688.735 19.83579711398858
689.745 18.900383740357764
690.746 15.165302639317007
691.755 23.408520214749522
692.765 22.108323169847683
693.766 21.277598403762845
694.775 21.96764600148252
695.935 17.978357864209194
696.936 24.640385372106895
697.995 18.573124518652786
699.005 19.382831532794214
700.015 24.81544505125747
701.025 25.65416941983086
702.035 20.776354748837775
703.045 18.129337418773844
704.055 9.516016827834283
705.065 13.446661116735006
706.215 10.756615681664838
707.245 16.20480279635538
708.255 13.674671679960465
709.265 11.043284755922686
710.284 9.090658610178977
711.285 10.752853983944487
712.414 15.84826381543443
713.425 17.435315160227194
714.434 17.802450119957502
715.436 17.45351284213383
716.445 12.204606218414417
717.455 17.33750426844165
718.677 10.50014535221749
719.684 15.494989200126541
720.695 15.448654635363498
721.715 16.78873704523403
722.725 20.032379646122877
723.735 16.50538656631886
724.736 12.124600522337978
725.754 18.066003771766677
726.775 25.18729221820641
727.904 16.50474001531797
728.905 21.416610290662856
729.915 18.81852553107063
730.964 20.97468300917268
731.965 22.81469592335318
732.976 14.731815939848438
734.065 19.877568296063988
735.074 22.011035138825882
736.075 13.699093052595872
737.084 15.041191230725934
738.094 19.276802592440863
739.114 15.04045542762649
740.214 14.13243456394923
741.224 20.413954920907756
742.234 11.49592198003532
743.244 13.402348109742983
744.415 14.52307287267221
745.465 20.924947195670846
746.624 19.000136910622363
747.625 13.539432616322383
748.634 13.997271169328979
749.654 14.765695826866068
750.834 14.777111014908172
751.835 15.129208324791191
752.844 13.479182288419837
753.864 22.52454315910452
754.874 21.402698960293232
755.884 19.207029748697003
756.901 21.698344948974373
757.915 18.76066197681544
758.924 12.689790326063342
759.935 17.194148005056302
760.944 19.53414446160356
761.954 14.939767744907268
762.964 14.62087523279879
763.975 16.85448269010156
765.124 19.07867117594397
766.134 17.084195006690315
767.144 15.831345445492408
768.154 10.541983793246045
769.174 10.788702186364587
770.184 13.49645282275867
771.204 19.13855390956802
772.215 15.585969570745474
773.544 9.359019836153253
774.553 10.812121377544633
775.723 9.478285696848207
776.913 19.920686494665528
777.923 22.686648195541256
778.933 22.419964462601715
779.943 22.283641539267013
780.944 22.524152950282343
781.963 25.63505675234842
782.973 30.38857108640144
783.974 32.91947811628481
785.192 23.240587903838282
786.203 18.665927648826283
787.343 26.609272324890053
788.473 25.662009577970835
789.523 24.81822737103876
790.533 25.70089950006988
791.613 21.531619970258294
792.623 26.64114093919868
793.753 22.226408955628347
794.763 28.585112271120078
795.773 15.729506098525766
796.793 19.396400317715322
797.803 18.721842606744737
798.833 22.88448836721317
799.993 27.437756838199128
801.013 24.005245304983482
802.014 17.385590742675387
803.153 19.384776367682782
804.163 18.28741400004983
805.263 15.573212291752869
806.273 13.355779167851987
807.283 9.12864057764722
808.313 12.301656820733125
809.333 11.038411115046895
810.352 8.30613850945873
811.355 12.716860231909369
812.363 15.247440689606089
813.402 9.914880417635437
814.426 7.617253505068955
815.443 5.936759354824391
816.452 6.84032168784723
817.453 7.553304365744958
818.462 12.552041912521004
819.482 9.759869488528249
820.502 16.842029557805905
821.526 10.856065133914903
822.532 7.585489804272202
823.552 6.3461170737450745
824.572 8.731036790671567
825.613 5.676849507272605
826.642 6.118214152467323
827.662 9.16758863021735
828.673 10.11252863524006
829.682 13.48579550265261
830.903 9.886271120691735
831.923 12.18563616119541
832.982 8.1812789295318
833.984 7.3325024544543975
834.992 9.630642363654077
836.002 8.78058205003739
837.142 11.423736303668111
838.152 11.683164576833
839.162 9.333447239040161
840.182 6.582423095081649
841.363 12.258034477407863
842.382 11.57997666593747
843.403 8.516059557633376
844.413 14.563265528944727
845.432 12.45856890416317
846.443 10.614782560681954
847.452 8.384910456070799
848.473 9.594733867922564
849.482 5.520582203537952
850.512 7.5654857628023064
851.522 5.436641973644346
852.582 6.721250963380912
853.622 5.2984380716464985
854.662 5.566035954056175
855.702 5.13787934220883
856.772 2.221455842728577
857.792 2.837586956966225
858.802 3.3065560123035493
859.862 2.7305082038862105
860.872 3.8009280320776617
861.882 5.070052552205556
862.901 4.200025465961176
863.902 6.22773253600947
864.992 5.250391337749881
866.052 3.780703666906849
867.122 2.288837214753023
868.161 3.6428339256614315
869.192 4.966782810613091
870.222 6.848755532625813
871.292 4.64399108458297
872.342 5.300986622901925
873.382 4.206920393406138
874.392 9.478793901950404
875.402 8.513898317077505
876.412 11.02185337437229
877.442 6.426554656311238
878.462 8.979947927255047
879.541 9.608409951410088
880.682 9.345763225694999
881.782 10.894457507734513
882.783 13.7320982140546
883.792 16.546423309360165
884.802 17.165892077751494
885.821 12.89459086567117
886.832 14.345812313065485
887.842 13.435864856836657
889.002 10.32014787941561
890.012 10.78449679511937
891.023 17.94897770261515
892.041 9.462657604185408
893.051 9.621401215344825
894.102 10.159914361354236
895.161 8.926023509090601
896.182 5.451553334041825
897.231 4.216129732348847
898.232 5.338056459442501
899.262 3.978200397865093
900.272 4.408741349744847
901.351 2.815763978726183
902.363 3.300021316630477
903.372 16.68755897898089
904.387 10.988723993984372
905.502 9.709217202733111
906.521 10.35128913848807
907.532 10.237609180141979
908.541 10.60791822586726
909.552 11.508536981831526
910.561 15.644445407122529
911.562 16.444699760394492
912.572 17.788207834066544
913.861 15.996554861400245
914.871 20.157100618510807
915.872 20.04730255730627
916.891 20.706890582088434
917.892 18.694903872185197
919.021 18.97611198959857
920.031 13.874160780507042
921.032 18.744655494897327
922.041 13.534830066725462
923.061 16.902183082476515
924.251 13.072894951598235
925.281 16.66508391637598
926.432 13.351829251798074
927.442 8.156171497028984
928.452 5.540576117304342
929.473 15.693141103399327
930.583 5.391263422123139
931.633 7.852939191617076
932.643 6.550751538423306
933.68 6.9513064698862195
934.703 10.664154907092469
935.713 6.16965967833665
936.724 9.64681690246629
937.844 15.15738266173952
939.193 6.827278916596973
940.213 6.330001673230782
941.224 7.5341308391725
942.243 13.2309506645726
943.253 10.526514525344137
944.263 12.94793836536857
945.273 7.686292484752663
946.283 8.411253279082782
947.304 13.560181010921053
948.348 9.164329603604566
949.377 11.3122826778406
950.403 6.868952695382709
951.413 7.2744232270881515
952.433 5.095817287720193
953.443 7.494860294568274
954.466 4.673442751978975
955.473 14.643907435238653
956.493 17.123171495397624
957.513 12.95853715195418
958.523 12.06441757512527
959.533 13.074592996244235
960.543 16.089166577062027
961.563 13.011191430842928
962.574 12.653257386889308
963.676 14.580118379340183
964.683 21.510097655548492
965.723 17.398087586154016
966.743 19.90842329032684
967.873 20.123482625284158
968.892 22.376710951204544
969.893 19.336147009257484
970.903 20.12471183885644
971.953 18.059934425587414
972.963 24.101119378559048
973.993 21.539197101870144
975.373 24.149562427927247
976.383 20.893341087295088
977.384 26.628174062394777
978.553 23.173926550298518
979.583 18.188925702016316
980.593 25.355258045564636
981.793 21.1733146939422
982.803 24.54663825460456
983.813 25.293380973957007
984.816 19.337831559724723
985.823 24.137848968712834
986.904 23.147628682120494
987.912 18.96920733937108
988.913 27.757178206216945
990.033 24.7091657712761
991.043 27.362577134536753
992.053 22.058692602029637
993.103 17.644225474638656
994.123 27.169129232505906
995.124 22.466271977569267
996.133 22.405569822100478
997.143 25.245684064524976
998.153 16.70729273999037
999.162 14.592944344050554
1000.192 13.685660367018817
1001.193 20.032669727084855
1002.203 14.8714451450343
1003.212 17.208873818044417
1004.233 14.665634881443115
1005.346 17.78708247261434
1006.362 22.634687467802138
1007.373 14.933039467671014
1008.393 10.615900416550316
1009.402 15.267814791641413
1010.572 9.538238750684146
1011.573 12.870549688872554
1012.722 16.113625786210203
1013.733 21.025604953480673
1014.742 21.24648305436397
1015.743 26.92180618847167
1016.763 23.93424180765897
1017.764 19.582791491725107
1018.772 19.18765991310203
1019.802 18.95606090206421
1020.816 7.848289671573214
1021.822 6.111198544533713
1022.952 9.732425440133312
1023.972 10.040692309268232
1025.184 2.168651705604811
1026.264 4.9475875147166
1027.624 6.045668567223411
1028.745 4.959579589713361
1030.614 5.541497251925819
1031.624 9.919668036930991
1032.634 22.946886400256147
1033.644 15.81958235636036
1034.794 17.194281827452222
1035.806 19.84692644771623
1037.014 19.323145567329618
1038.074 21.79355184342514
1039.084 19.444708604361157
1040.174 21.112354520970765
1041.175 13.666900826129101
1042.184 22.479444264088254
1043.3 16.910498992860614
1044.304 25.93197489903082
1045.454 22.6332315805689
1046.464 27.831307737638813
1047.474 17.36151386132259
1048.604 15.138592328586821
1049.614 20.629074427439797
1050.634 13.862116489399954
1051.664 20.540104234774407
1052.673 14.076307144314956
1053.684 23.240673547758096
1054.693 18.027783297603087
1055.854 15.950160654018992
1056.894 20.968719681330878
1058.024 18.93445155442788
1059.084 21.884753028414657
1060.104 20.961668426598848
1061.114 24.38923449313036
1062.124 22.697444455439605
1063.134 23.241608181217043
1064.154 23.934401365932267
1065.164 25.493836903615215
1066.294 17.96611439685904
1067.304 24.100635964064264
1068.305 30.255652670459188
1069.306 23.907280578868388
1070.474 19.736313851040276
1071.475 24.198636486951525
1072.644 14.731831087563027
1073.793 19.978822298651156
1074.794 21.00835432785154
1075.803 17.000960814461017
1076.894 19.386892186069243
1077.904 23.29977907401412
1078.994 22.520063812533508
1080.104 20.89631415976689
1081.254 19.58415340529077
1082.393 20.53645476076889
1083.395 30.532602591343156
1084.404 27.07014402720256
1085.414 23.482993215752767
1086.423 17.847774832124323
1087.433 20.843388243147185
1088.584 12.321176118511996
1089.604 18.133814533274926
1090.613 19.187999150766867
1091.624 15.901327083532497
1092.805 13.40155360695576
1093.954 16.00526770454477
1095.184 19.454000907653413
1096.264 24.120091910507625
1097.273 32.050055642689614
1098.353 11.472640493134056
1101.643 5.936649912418663
1102.693 5.725065552740587
1103.713 4.466997551014496
1104.733 10.438790569369829
1105.813 9.02325917417074
1106.833 10.990862705623188
1107.843 12.461139841319449
1108.854 13.134101128975843
1109.864 12.80645901941346
1110.873 11.810716726774768
1111.883 8.29491149344793
1112.884 7.7701954268030535
1113.903 8.904590630264329
1114.923 9.944319023074904
1115.964 9.95492804868474
1116.984 11.510225365600874
1117.993 11.240044727810742
1119.053 9.875829323539895
1120.063 10.558097613970416
1121.133 9.64298921723327
1122.203 19.145076102553173
1123.204 24.541695061735627
1124.234 21.00591568068174
1125.433 22.105551269905416
1126.444 30.823259012473642
1127.454 21.6825960264188
1128.653 26.542435522003665
1129.654 19.845369500433822
1130.655 18.81603118889597
1131.664 17.20177671008035
1132.684 22.346316403054846
1133.693 24.18097589673444
1134.694 19.880163118939958
1135.823 21.50673115710201
1136.903 13.868525419310709
1137.913 14.523708893835705
1138.924 19.39505046293807
1140.063 10.166491026057306
1141.073 11.454348322559113
1142.173 12.13623687409266
1143.183 17.786757590195652
1144.184 12.786654795684477
1145.333 16.56759657270661
1146.523 16.299029457475584
1147.663 16.683403294003202
1148.673 17.106109802877903
1149.723 9.053004085078742
1150.724 19.65351683773425
1151.734 13.39735282532819
1152.743 19.91125897079563
1153.753 14.170010528968275
1154.764 22.184974431494382
1155.773 16.294637274783486
1156.793 20.07340669750751
1157.923 19.69169212199244
1158.924 23.87102367740114
1160.123 16.98961830251248
1161.143 18.21088125055866
1162.273 18.90372486264416
1163.423 18.463162538462466
1164.653 17.54295024240509
1165.773 16.45485535102142
1166.783 20.66130206896991
1167.793 14.887236689347441
1169.233 10.032155933753826
1170.253 11.752754165353052
1171.263 14.69967181613853
1172.273 17.81511791466892
1173.283 5.574898555446443
1174.293 11.035388983766113
1175.363 13.364631227503793
1176.592 14.726917677828247
1177.604 17.48632456746648
1178.823 16.688575195492923
1179.833 21.05824839539214
1180.844 18.287194208173883
1181.853 17.137741440561108
1182.564 22.616470353330072
