0.0 32.42696273515544
1.003 56.38808153711675
2.069 8.390261945151666
3.109 25.97593506455789
4.268 19.69947770822217
5.398 24.488431053727908
6.555 23.256662732246934
7.758 24.83980851398
8.759 29.124241509040473
9.909 23.891002313400904
10.969 31.199692042470172
11.979 30.038169176212634
13.118 21.697536812275967
14.198 24.841965302377588
15.218 29.899206827842203
16.398 21.644962318642612
17.399 26.525518735579737
18.428 30.133929810515824
19.588 23.28759041375529
20.748 21.488800823859922
21.75 31.341559948099906
22.978 22.369737014907916
23.979 27.97115113873528
25.139 22.541312314174533
26.358 24.88371736520895
27.359 23.642109699449833
28.578 24.107367709205143
29.579 30.68719812471279
30.758 22.938401686383475
31.768 29.015694757759153
32.788 16.644673917649218
33.797 16.55522392133882
34.808 19.822064906970727
35.818 20.129933378037038
36.827 22.75697361826245
37.828 30.610689758916628
38.838 17.83736327406214
39.928 23.392795864844484
40.978 26.678041350709655
42.198 24.050755584933473
43.208 23.251857008100988
44.428 16.158965665749324
45.438 18.174351614932906
46.456 20.829505929356987
47.487 18.103615814838424
48.488 14.443344932147886
49.537 18.196632070519513
50.553 21.29199087362121
51.558 20.353913564523307
53.178 10.324437953155028
54.197 14.113390873078965
55.207 16.915934581115362
56.428 12.309963431265512
57.447 15.822874671537337
58.448 15.653987354445354
59.537 18.29131952183569
60.557 21.628321979619727
61.567 25.766321494043275
62.568 20.340807870425646
63.587 19.739756685914582
64.588 30.940973641729595
65.597 27.961665619140035
66.677 16.187387001561603
67.678 25.98295829326487
68.679 20.863045778095945
69.699 23.861544686885992
70.717 17.5134767969128
71.767 19.70985977227955
72.949 21.356832744045118
74.077 21.57544507616558
75.097 23.618529833175195
76.098 22.349835583176926
77.237 26.30158641722542
78.337 27.362774716292602
79.397 22.67210951297755
80.398 25.46498982565492
81.407 24.614194767875322
82.552 23.466808205867526
83.768 25.546098513212282
84.769 31.429739139283946
85.777 21.00613013179738
86.787 20.84639327101012
87.797 23.151657561501654
88.798 28.28469881638343
90.027 23.30141866560558
91.028 27.574776323916158
92.037 18.880562388523185
93.038 23.430345472669696
94.047 26.463114162643066
95.057 27.058251180528874
96.058 23.594975081140728
97.257 23.316132859143906
98.258 28.94338802834008
99.267 28.25053280223426
100.277 24.51264362324807
101.287 23.31854380162627
102.477 17.58814616643066
103.567 20.39304388197182
104.666 19.23161495815273
105.677 18.397664163333697
106.846 18.22084527697197
107.857 21.16225962373988
109.137 10.821433104506754
110.157 13.155986197188344
111.167 19.713564056846558
112.177 20.504157999657203
113.186 14.818293504920923
114.189 18.350618306316807
115.197 18.219061010373057
116.267 17.1528326218673
117.268 25.761801298351944
118.347 21.504007040384067
119.466 23.873040545324983
120.497 19.48579398591356
121.507 23.303310777831935
122.517 16.434909536046533
123.526 22.301224221091648
124.607 23.248030824368442
125.727 24.998758432833174
126.736 23.11649042897984
127.846 22.778024572928338
128.967 24.766775577466387
130.106 24.145595656655374
131.246 22.442223270041797
132.256 20.90038587810423
133.257 11.89670932748764
134.265 19.99943411715205
135.266 13.957994986577718
136.267 18.017207814304882
137.276 18.130524254155574
138.286 17.769491689604987
139.296 21.319124780816562
140.316 25.877059604399363
141.446 19.44605897534661
142.447 23.106892693953302
143.448 23.16068763871383
144.456 23.76606458977209
145.586 19.576615127382304
146.607 21.45444025143648
147.616 16.458821911301
148.665 11.304267173282133
149.666 12.147240069994469
150.686 8.27591274194721
151.699 7.264546747879495
152.756 8.531892933186716
153.986 7.862652595956115
155.056 9.692773137258964
156.086 6.130242095130638
157.145 3.5332560321603985
158.146 10.347585697546783
159.167 10.887787702849321
160.176 18.41261449442925
161.186 16.486024794180345
162.196 19.89026713461299
163.207 17.671936718924464
164.216 23.416031296844412
165.226 18.034715562095943
166.236 19.927164903722517
167.356 21.7380707196032
168.387 22.223289379958825
169.436 20.344323870310237
170.437 26.209580171540527
171.447 20.81237285086089
172.496 19.26827796742076
173.586 22.380279589322544
174.636 11.298385443962372
175.656 20.059954392660703
176.657 21.953631546002953
177.666 23.99139373289395
178.876 18.29854062613435
179.877 20.695000617491154
181.087 25.23452389889997
182.096 27.757573585777035
183.105 27.47287862632272
184.256 20.473853266844763
185.306 20.105808781608843
186.315 19.535553901399997
187.346 19.859028518451392
188.357 21.01160185277478
189.367 22.680618610044164
190.396 18.196117683318747
191.415 20.92253677652936
192.516 17.349009190580052
193.525 16.775643982958375
194.551 15.148758962564193
195.555 13.677913595396763
196.557 10.840891118299607
197.565 10.603208933247922
198.645 7.535657840466696
199.775 10.024836583068915
200.79 13.158646274860617
201.966 14.771044787115692
202.985 9.904269332022958
204.025 4.007917640183945
205.035 4.399297315799913
206.055 7.116312898652492
207.266 10.413170219722419
208.285 18.728829367997474
209.405 9.510072056298725
210.547 9.675947745054991
211.604 11.875332721799444
212.686 13.059539861069007
213.895 11.937400304793245
215.055 14.50939110871429
216.065 16.6517262435654
217.075 14.607285174096875
218.095 13.828885947279943
219.155 5.5361471541013865
220.164 11.637704867796897
221.167 16.934797577126183
222.325 12.131134768758002
223.335 15.602678661104019
224.355 14.836308213209966
225.366 14.382998107275984
226.375 16.01137426891121
227.395 15.798647033879073
228.566 13.621855955101726
229.574 18.342523729155356
230.575 17.502654898743227
231.576 15.805979420444563
232.585 18.056655578621058
233.726 13.542377831634314
234.735 18.28554681862741
236.295 8.318282413923214
237.334 10.713259207475968
238.574 8.883525564922857
239.754 13.861740532877665
240.764 12.823328814118332
241.794 10.498222154133673
242.945 10.906536338496787
243.954 12.05211491447607
245.095 10.039958659270606
246.115 10.624274210973393
247.124 11.070474763029445
248.264 9.399611661287022
249.334 11.076975719477527
250.535 10.415040717492051
251.764 9.739745690456674
252.774 9.261678559563022
253.794 9.665119722873396
254.804 12.224332461378156
255.814 13.050808638378705
256.834 17.44226542714395
258.254 10.580621236817931
259.264 11.25381958015817
260.274 12.038320313408347
261.284 11.787652441560184
262.304 10.593939253376233
263.334 8.173656126840852
264.384 5.7565645853168546
265.394 5.679209838963144
266.404 9.341228795724039
267.444 5.396708852982638
268.474 3.2642842085611337
269.544 3.496932839317117
270.554 6.809330959986344
271.734 8.995071953066631
272.764 9.308886144452888
273.794 7.719564119791762
274.804 5.72321635257413
275.814 9.464616289697476
276.894 9.283446738840823
277.904 8.798594631599826
278.914 3.6692969571036604
279.934 5.731798618367963
280.961 4.798705786337287
282.024 5.822215563440101
283.245 9.08898906450663
284.524 10.730853498290326
285.725 13.055275103626668
286.734 17.15108660907114
287.834 8.806172676329293
288.844 15.113867848232612
289.854 9.261678559563022
290.884 6.451392692228376
291.903 10.556859319856814
292.905 10.521002682964461
294.094 11.286474992666001
295.124 13.395714207873313
296.17 7.022121450128628
297.283 5.880439955773574
298.293 9.956304451529178
299.294 12.287448481427088
300.334 8.114130598757878
301.353 8.593385484999263
302.364 11.029805900824263
303.393 10.626377228818848
304.424 9.79943763071876
305.573 8.654540692450212
306.594 9.390942927323913
307.597 7.535022804566422
308.614 6.670348630699165
309.623 5.794286016585306
310.633 8.986976361070122
311.674 10.861380203057266
312.682 8.968006276049387
313.692 7.394786847003351
314.695 14.22552993402037
315.872 17.064918387081626
316.873 22.0137452619246
317.883 18.75743792044943
319.023 20.29442182735784
320.032 22.401184126060034
321.042 20.554088467051457
322.053 15.844598300534818
323.082 11.74260868089722
324.102 10.349918820950405
325.122 11.091868308783237
326.139 10.305144860572256
327.142 12.107167607902657
328.182 11.675774343470675
329.282 8.822024253373428
330.312 4.767966073983374
331.332 4.356166949945121
332.768 4.296208969536049
333.818 2.227213177429207
335.078 4.769459797698856
336.281 4.082298467341787
337.288 4.644635225999297
338.299 2.490503152076155
339.328 4.088806146527223
340.411 4.1027611163000905
341.448 2.822708879547502
342.507 4.416570040211182
343.538 4.5365156863009615
344.558 3.8114784847592693
345.579 2.5195212731912395
346.599 3.897623060485086
347.608 4.378243837444464
348.628 8.71233389991161
349.648 4.436110456999473
350.658 5.325465171747668
351.717 3.4723990546500483
352.728 5.551510590611097
353.778 5.345311625817276
354.808 3.446518500845593
355.818 7.640884811649108
356.907 3.8068587324496383
357.968 4.85364381118059
359.019 3.4993182150375772
360.038 5.278429659928407
361.057 3.212957184296815
362.101 4.480026506309118
363.102 7.620608944907911
364.132 7.03975386362833
365.135 7.227895206875842
366.142 9.034121082684896
367.151 9.407582445687732
368.171 7.672230326063596
369.172 8.644079115151547
370.201 5.964586668233353
371.231 6.302352260081394
372.259 8.417045908833401
373.261 11.869481719190215
374.262 14.295963861413863
375.271 11.482202437952964
376.281 11.970448728929824
377.291 13.381534513847695
378.311 12.891351401339431
379.332 12.575840166709371
380.342 14.658061920590814
381.363 10.19043216704982
382.411 15.454419290886545
383.432 18.1709253864104
384.442 17.71380652429014
385.611 11.985120658237776
386.631 15.495800247222235
387.643 11.046609980252665
388.651 10.274031547072964
389.671 11.421698124022745
390.681 8.67097574208523
391.691 6.6289042541171925
393.411 4.470498910163452
394.811 3.5078607544365776
395.942 14.553133337818151
397.192 19.073052636159737
398.201 23.700493467128783
399.221 18.602032866884052
400.402 19.611151816275644
401.411 24.080510529571697
402.412 15.389111293378456
403.491 19.95200488183225
404.551 22.09878735246572
405.702 20.90144699886672
406.711 24.133031835394565
407.721 17.00614793403925
408.762 21.41534891038952
409.763 21.098718869192723
410.862 20.483784619430008
412.002 21.584632231006054
413.141 22.180514763323785
414.142 24.918843053860297
415.143 21.70378391396989
416.151 21.544753201707117
417.161 21.712644566165967
418.171 20.732653358858563
419.326 15.84062450336775
420.331 26.35224557144867
421.338 22.27167099682375
422.341 27.51178118287694
423.344 27.805444252037844
424.346 25.100067404933913
425.352 25.680830816149122
426.361 24.152346122264316
427.369 25.824059222152535
428.591 21.75465020442183
429.601 26.746312701307943
430.603 27.354299882837136
431.801 21.90679229615089
432.811 29.69029428073417
433.812 29.054735024986037
435.031 24.268078819254285
436.041 26.843973310394535
437.042 29.643405419739107
438.051 27.123357806080797
439.052 21.03587271156834
440.271 21.84254709016928
441.282 25.14818065057838
442.302 19.260854515093424
443.451 20.03547743424806
444.471 20.892238367482122
445.481 15.622820103868836
446.571 17.554516609665995
447.622 20.42678618737715
448.651 10.915610590650743
449.653 18.81216971265444
450.701 23.54438759403413
451.711 24.79106944982232
452.712 28.426273448742208
453.722 28.480677105638947
454.831 23.988420036037816
455.851 28.981616259564614
456.941 20.584694267462126
457.942 24.211311447570402
458.951 30.443890310139203
459.971 29.85389493167522
461.1 21.253168680520044
462.101 28.850655790314548
463.23 20.45581334988794
464.231 27.145099876626233
465.242 26.924454369950084
466.25 23.530840975793296
467.251 15.878901456611397
468.252 27.235099672970392
469.343 24.997635863543014
470.411 26.16982800688061
471.421 27.59276106531748
472.43 29.861242660580007
473.61 20.4941030563722
474.621 29.516579654805913
475.624 25.064986625490384
476.631 27.434074404191357
477.701 22.747158293513795
478.83 20.93822392403232
479.87 23.76461914707163
480.95 26.35200932420669
482.06 24.66122888712771
483.07 22.166701908366697
484.081 20.949715495684263
485.27 25.654621619982134
486.4 28.594066523438467
487.401 21.905301484605165
488.41 19.656691752324676
489.65 16.28627972024119
490.73 20.684279104740355
491.86 19.376620651146393
492.861 21.384942130604152
493.97 10.864856271473077
495.16 8.897360381618306
496.33 2.7982934793259133
497.342 17.939106761729082
498.35 12.480079686986256
499.353 18.81778631146491
500.36 13.481155599490494
501.369 17.62835279938841
502.37 16.608463373399058
503.679 11.758088143170772
504.87 9.79372023679035
505.88 13.494766658518069
506.89 13.414200887437428
507.9 14.358309860469454
508.91 15.62045052236835
509.94 6.204430372593565
510.97 10.826343461860922
512.099 18.23984387331908
513.11 21.612542052640144
514.13 15.26870705635698
515.57 13.089897330089043
516.571 23.735012715120515
517.59 13.095249835512675
518.669 11.841700421526966
519.739 10.830937864384886
520.74 12.280958932535341
521.743 18.29539669608229
522.759 12.25982554044929
523.769 10.687997368446169
524.999 7.203736930219222
526.209 9.821902739894615
527.21 21.080104110529557
528.219 21.183875791893357
529.269 10.02245929839938
530.28 10.246081132677652
531.449 16.484892995408526
532.48 22.608627919946525
533.539 13.46892437920112
534.549 16.86143420656144
535.579 16.3502997010913
536.609 6.107836239526622
537.629 7.4097742840687575
538.639 11.623474294597301
539.64 12.782191195130043
540.649 15.513438403326756
541.689 8.823895121994203
542.72 8.727155213187823
543.729 2.5109739206337616
544.749 7.336702231510137
545.759 5.662453512618432
546.769 11.893606585909165
547.799 14.573432366504912
548.808 11.35680059248583
549.809 11.229822790721947
550.839 16.133211855616544
551.869 9.03404098230003
552.889 10.88069678074215
553.899 17.11652420125047
554.919 16.65070738989667
555.939 12.456438611426208
556.949 13.399475630953333
557.959 11.037341384279179
558.979 6.190342507827997
559.989 12.677768807519465
561.008 12.685074380425576
562.009 9.95069854992042
563.029 12.380685015655994
564.049 5.092753351354768
565.089 4.72212024636515
566.128 4.501585825386558
567.138 5.460192805763726
568.178 7.1956118039626045
569.188 4.356306337108549
570.199 6.245449414434814
571.279 4.7360615494133675
572.288 8.343771863882841
573.328 5.330795102668476
574.329 10.513069194115362
575.429 12.135159262397966
576.43 22.692415453235522
577.639 27.573733294983974
578.64 37.5534824005898
579.819 19.267723837307276
580.829 29.666991159372706
582.059 21.716003537292124
583.099 27.87937952461649
584.101 29.83570099988674
585.109 24.4886945962977
586.289 24.091697223164655
587.299 28.954593406163582
588.349 16.65004658102801
589.352 26.437175464935443
590.359 28.399839382161602
591.36 34.909332785057785
592.479 19.73835073243945
593.48 27.963636924271782
594.488 27.343939559481857
595.489 23.524273153783916
596.498 27.837647567665137
597.6 18.700232524526584
598.819 21.971003788975132
600.009 22.10793513703958
601.218 20.647283886357318
602.219 26.439959156941086
603.268 18.95864791813135
604.499 23.37937813890414
605.619 25.53877215413709
606.629 29.242328302834363
607.639 25.553140180197822
608.818 34.49836901476553
609.868 35.399990498475944
611.079 23.585088736101348
612.088 29.937652689602782
613.258 20.99085383808336
614.389 27.655397092744614
615.399 34.14109954828992
616.409 30.080313875847054
617.418 32.78142727420397
618.498 20.950673663319208
619.499 31.948390717260803
620.738 24.09351156627194
621.748 27.66503330119984
622.759 24.966748789540176
623.778 24.236252686910195
624.78 18.6570877992002
625.788 25.871714474864103
626.919 20.85509774921103
627.928 28.33507516236817
629.159 17.774604287867305
630.16 27.146295319928612
631.258 20.174555563562887
632.259 27.05578319064899
633.268 25.924686064275313
634.278 22.385097945485327
635.488 22.53933196309558
636.498 31.820940745430253
637.528 14.771433742395807
638.598 21.46472591501003
639.608 32.38565381988599
640.718 26.30987970350149
641.719 31.702983302933255
642.737 23.65787877975471
643.819 27.57672274665648
644.998 30.567398796546602
646.008 31.100587968555878
647.018 19.354572459170303
648.028 19.041279933325768
649.038 30.540520454785845
650.039 24.44954620272476
651.048 23.632215769217154
652.078 17.42129959930088
653.238 25.58036187391636
654.338 25.895105171371085
655.34 28.090128587691407
656.348 29.258459658868983
657.352 24.31144767724518
658.378 24.84416463811744
659.388 35.54659989119261
660.547 20.155684212856002
661.558 27.396211026384442
662.559 20.14065652058832
663.679 24.164774551126172
664.688 28.131936304690996
665.848 20.466942146341715
666.858 29.11894080898914
667.967 20.659473948452334
669.147 23.413408820913663
670.157 24.86825010452559
671.237 11.662320072826745
672.267 10.990985008277004
673.367 10.351856845381457
674.397 8.62774813388994
675.427 3.461289768620339
676.467 5.621571721855133
677.507 3.282373266488807
678.538 4.763341470628831
679.587 4.399028184521585
680.597 4.862381243763107
681.687 5.560213679514523
682.717 7.492518116277903
683.727 11.428999355545171
684.817 13.203017759010235
685.847 13.379449216404453
686.857 14.393515071379609
687.877 9.322384980933439
689.027 7.231265118249567
690.037 9.030136595581425
691.047 10.551407920389439
692.067 14.104246915996594
693.087 12.918837219279617
694.098 12.304225227128397
695.117 12.512448391367448
696.147 8.070091283123027
697.167 8.941605844652312
698.197 5.101896307235215
699.216 5.5079266016699995
700.217 5.606970236870073
701.236 3.8673925422834246
702.276 4.72212024636515
703.286 3.3637901990617034
704.298 3.2351811964465242
705.336 4.956514874596048
706.377 3.688937948956588
707.499 5.006759328371283
708.506 11.013183855500351
709.507 12.902247849499135
710.516 9.843678709033666
711.533 14.523552471795558
712.537 16.730976741828794
713.547 13.893194862645647
714.697 14.524220303992925
715.896 9.938816189054142
716.986 4.50550922588145
718.086 2.551171457770114
719.116 4.41627712554719
720.136 2.751263336802946
721.166 4.313874066934286
722.196 2.9515980458083892
723.255 2.6145900928847468
724.285 4.086828063420426
725.665 3.5066715483140527
726.705 5.396708852982638
727.715 4.630839279781511
728.735 4.632030708019288
729.965 8.20524426775664
731.255 9.880948873205014
732.277 6.178228334633561
733.315 5.632403266599045
734.316 7.884118785176863
735.341 6.174155143313263
736.385 7.1680424100860405
737.425 4.272394508598789
738.555 2.8973481157593923
739.565 4.862381243763107
740.595 2.8075366926916447
741.616 12.58722556322007
742.756 30.24735718654835
743.906 30.452467654713814
744.975 31.880993312689053
745.977 34.81170969465318
746.978 40.96374033974067
748.117 33.632255176509474
749.125 43.83672719847671
750.126 37.99904116481878
751.245 32.47591464201241
752.376 32.70978597182403
753.516 34.60535045070979
754.525 33.22040373816423
755.596 31.4147575903859
756.727 33.995450798498005
757.775 37.606523023230494
758.815 35.244624720963266
759.816 39.414787487338124
761.005 34.68009222120433
762.015 31.480736543937944
763.025 29.320524492628206
764.165 21.792769381264304
765.175 22.632888468266348
766.177 23.558631664356213
767.185 20.297745823642117
768.205 28.56832341183225
769.395 25.119499704308204
770.545 27.385038546721898
771.555 30.122627831258665
772.565 27.05571234322982
773.575 23.10697402478187
774.585 23.16790612038655
775.595 21.265639941182265
776.596 25.135901386144326
777.605 27.02780291392226
778.615 25.766829261588562
779.625 22.46854106544079
780.634 14.06097015712913
781.635 18.058194438841593
782.645 30.421195100661844
783.655 20.071032352122014
784.656 23.808276306299856
785.664 21.183692585852253
786.804 17.750115092926894
787.805 25.585046480066755
788.816 24.775509800728127
789.817 30.437692047970025
790.905 39.60251759205599
791.906 46.625359409297864
793.065 37.48120663761499
794.066 45.757979967532755
795.235 34.42833102121375
796.405 42.2055477768449
797.406 40.91097006063737
798.408 41.296658662947806
799.555 33.924832664053795
800.575 40.58498893636504
801.594 25.944058876177643
802.596 33.68484936638778
803.597 38.747900950551056
804.604 31.852419470920992
805.605 38.04993289025279
806.636 36.792240575402765
807.755 35.49126685056449
808.795 34.86656580404582
809.945 40.33668240696788
811.035 39.03085873727046
812.044 43.116603753127606
813.175 37.17575571479696
814.184 48.85616595737828
815.356 37.035703944881966
816.357 29.034241712696314
817.434 29.137571993184647
818.615 28.547800438930192
819.634 37.292749749279174
820.635 46.698281445400596
821.765 34.43323959004187
822.769 39.68232914189772
823.905 40.104550104894784
825.064 38.57164785593118
826.065 42.83477974991208
827.075 33.30362174303621
828.09 31.83665152101228
829.176 46.35707644520912
830.225 49.63489471202762
831.226 45.82338778917198
832.235 43.50526141766993
833.237 37.8104718428788
834.435 38.53915640830546
835.444 38.12758795406187
836.484 34.44675603268838
837.485 31.71083907268705
838.495 26.723293909625568
839.654 20.36188424306423
840.696 29.902513721467603
841.734 25.31122976734256
842.735 27.74333381737093
843.744 29.70486470753979
844.745 29.070617341925097
845.755 33.04939949879842
846.759 27.254518140911276
847.764 31.35329364680609
848.853 24.231658132733653
849.864 26.235926375141286
850.874 22.01002704470137
851.884 23.80041512581615
853.054 16.9430299788974
854.194 21.190251319647437
855.203 14.537897500298962
856.254 18.07791315850819
857.463 19.928282636135112
858.489 28.294122877044522
859.624 20.09705301143636
860.734 24.516153775565538
861.743 20.886537430519187
862.744 19.446104012274233
863.764 18.96203004327534
864.765 12.589212504594121
865.773 12.975626478553
866.783 12.90558714344108
867.793 18.76082303689091
868.803 19.486084232564817
869.804 26.85204551126781
870.813 22.20821068237863
871.848 21.631659334964308
872.863 19.195229359022115
873.864 25.635425872778995
874.873 27.186722220408
876.023 22.272938735478075
877.033 25.6999732120724
878.074 25.445690972432278
879.083 30.873717901439168
880.254 19.80490265021452
881.264 24.514505437438324
882.273 19.73750679413593
883.274 24.625276355566413
884.414 22.704044209509227
885.423 26.012447472363306
886.424 19.703978191663513
887.563 16.390314345321237
888.573 18.78333406115621
889.613 13.190146866080836
890.614 7.5540056800304125
891.623 5.188596761919181
892.641 23.691631848860677
893.651 24.782945170379868
895.111 7.963384390469111
896.522 5.469378922584275
897.543 16.56725880252054
898.572 21.988879113797505
899.731 23.515948224535364
900.751 22.90306058461026
901.871 14.754524138006959
902.872 23.169568073911165
903.881 21.93476104411888
905.072 22.70484421993411
906.241 34.058795900786734
907.252 34.42961241928469
908.351 24.06110112510023
909.541 25.193337912183086
910.571 17.59274588705188
911.601 26.112282036697476
912.752 21.64672846712791
913.88 22.084924246377632
914.99 20.602975952609803
916.021 21.283819428260017
917.141 20.60492717325146
918.152 25.088999708080795
919.171 20.881873045083378
920.18 14.892331604018471
921.19 12.77966081214722
922.25 13.56249613198442
923.26 13.323310511212421
924.311 13.530783846453385
925.32 19.616030096063813
926.321 14.287937314100388
927.57 15.358117414631492
928.701 19.675992257464255
929.711 28.821389074462854
930.721 21.36854748072964
931.74 22.270597960040337
932.761 11.879154360121413
933.771 12.685723831141978
934.781 17.83905583228288
935.822 16.137789802307566
936.831 12.2920186864002
937.832 16.91552150221957
938.842 19.591530609432617
939.851 16.71668458139829
940.861 17.689941453422602
941.881 14.650778942145756
942.911 10.334908362138473
944.051 5.586263152990295
945.061 9.493220523565986
946.062 18.285157872215237
947.063 27.0928419302447
948.082 27.689275751001002
949.102 27.018056241829264
950.111 25.207346678470874
951.292 22.64117928049199
952.301 17.671386385595863
953.341 21.431338135667428
954.352 26.804367448272856
955.442 34.998622522518744
956.552 35.1785584439872
957.572 35.02346831197591
958.581 23.7879160279625
959.582 33.709449351733795
960.681 23.580921281066495
961.682 34.357721129686745
962.821 27.583624222935732
963.831 30.783233302968757
964.842 23.689793137061844
965.851 29.932400559191443
966.861 24.89076112887637
967.871 21.36414682936854
969.012 22.122907772261726
970.021 21.025464756053985
971.025 24.511852301701964
972.101 25.573146804800665
973.111 32.60256412967739
974.122 27.165912615579547
975.292 28.45691474555826
976.3 27.064113342584232
977.312 21.431386213189775
978.441 15.61929151726872
979.451 21.793548848822375
980.461 19.087486772638673
981.471 23.85982391921235
982.481 22.228197798779735
983.491 24.01046160045206
984.512 24.566002142778043
985.521 30.172134907509804
986.531 26.200631932446235
987.54 24.11846140858895
988.651 22.243600078564945
989.811 26.45599486436559
990.82 24.6751872522773
991.821 26.45874469320667
992.83 24.87849553347477
993.831 22.425319283315865
994.841 20.137042122559862
995.961 22.401258854007427
996.98 16.356354404529206
997.99 17.441812418916232
998.991 11.167830521109634
1000.01 6.809751358891759
1001.09 5.846434590727629
1002.11 5.911126820739341
1003.22 23.35817101156793
1004.221 31.49138985379827
1005.369 20.408377486621664
1006.421 21.365622508456838
1007.432 22.044055668065027
1008.44 24.631660354432405
1009.441 23.27391318902908
1010.451 19.811732433371592
1011.46 18.716729798517125
1012.472 10.296768223199663
1013.48 11.49475221982165
1014.5 19.642136440732067
1015.55 17.536861652476908
1016.551 15.774214786438229
1017.561 16.65341880176477
1018.571 20.917480716088814
1019.591 22.960546167064525
1020.61 13.777533506602825
1021.831 6.088198441929646
1023.14 5.895564293173592
1024.16 16.536406610427765
1025.161 27.72933005388748
1026.26 25.96922102997186
1027.38 24.557497927356106
1028.392 20.682220141489026
1029.4 15.928047455480936
1030.411 24.428709477149535
1031.61 20.857128099165276
1032.631 19.161622314470954
1033.64 11.756301365211947
1034.66 14.29094936219985
1035.67 15.45017916580226
1036.69 13.1313495189265
1037.7 14.3291978591625
1038.72 12.16783752309698
1039.73 13.431803492881823
1040.75 13.976873613360496
1041.76 16.008215609711687
1042.78 17.54215291183986
1043.8 14.097710654412994
1045.04 16.502308842183954
1046.159 16.743469554166943
1047.16 24.629716573271924
1048.329 20.055944694154277
1049.339 25.745503028105553
1050.34 23.171788182870763
1051.349 26.25540086842206
1052.363 24.664661750477368
1053.368 24.678312232039033
1054.38 23.7286834708069
1055.389 23.48803631305733
1056.489 27.53030412854152
1057.5 29.476336613796438
1058.559 21.451358169033817
1059.739 28.754241847716553
1060.749 27.270159469355043
1061.759 23.70140047029827
1062.828 19.6034135081025
1063.829 24.80254350657337
1064.849 24.26226780068047
1065.958 18.036210171879613
1066.999 18.938485881343425
1068.008 15.429912584442842
1069.019 15.360160013421789
1070.039 15.269377442159877
1071.229 13.011182863676897
1072.239 18.920262020852817
1073.249 14.93462593312439
1074.258 11.702932941381585
1075.278 11.515216943580441
1076.279 12.456518307646366
1077.288 18.82617742327188
1078.289 23.095621372151218
1079.309 25.139132431469392
1080.31 24.426149671322204
1081.319 26.070898603319762
1082.328 25.26850858639315
1083.438 19.14283037663729
1084.468 27.379955556483914
1085.478 25.325410078833723
1086.479 24.331026546905612
1087.488 14.391007267087849
1088.489 19.908057426335
1089.499 21.99411699737087
1090.658 20.226777499369046
1091.66 23.641034925403506
1092.709 23.952328760420897
1093.71 27.038876208052706
1094.718 25.507431617760787
1095.769 25.763108210254877
1096.788 24.890855805858635
1097.799 27.841758979837884
1098.819 24.385451192203373
1099.908 23.375148362073187
1100.918 25.32794891613278
1101.939 23.212981714180703
1102.94 23.92252652227233
1103.958 22.537814247693834
1104.988 21.98273228187578
1106.048 21.79414443767884
1107.108 22.983525854091326
1108.278 22.126126411862863
1109.279 26.154419006046155
1110.28 28.92870115448971
1111.448 21.3985512631717
1112.539 21.29458997817326
1113.54 25.669239837971563
1114.558 21.41875726999841
1115.579 11.919170680179692
1116.699 17.845789796052404
1117.708 21.487940000044713
1118.868 19.658474205097175
1119.879 24.895224393201392
1120.948 21.646478523074364
1121.958 20.163615286546392
1122.968 22.41319441176581
1123.978 24.20392100464868
1124.979 23.400459392247182
1125.988 23.005348568680215
1126.997 20.57841999888673
1128.008 24.503784730110823
1129.009 23.09254737539323
1130.218 19.206453455735947
1131.219 23.806226975199092
1132.228 25.09891559513707
1133.238 20.634654238153466
1134.437 17.191646950317303
1135.438 20.987371872525397
1136.608 19.46502996566723
1137.698 22.371496920358382
1138.718 24.028973541101006
1139.728 22.082807047915328
1140.738 23.831388941163777
1141.739 19.76750745969755
1142.848 18.60100265497759
1143.858 25.16410928085251
1144.859 20.599535937826996
1145.868 22.40643625668506
1147.058 19.267031641439967
1148.068 25.13550504681305
1149.218 24.133897663509916
1150.237 22.515144275966847
1151.247 13.559760894036296
1152.267 14.601673182046081
1153.277 15.892783139360763
1154.367 11.523802802110898
1155.377 13.428249120620409
1156.387 13.836832674029681
1157.397 15.848268858289964
1158.407 11.974172357011174
1159.427 16.372162088610906
1160.567 16.624729940007658
1161.578 21.82474800383692
1162.588 19.625381773761912
1163.597 16.930497123888543
1164.598 21.697977475530536
1165.608 20.76548898826824
1166.609 22.080177749221054
1167.618 19.942848158239396
1168.778 22.85653523188275
1169.917 23.51433236809612
1170.997 22.070385551223964
1171.998 26.011648930598692
1173.007 21.09170937103825
1174.058 20.84138887076396
1175.067 24.819874978998016
1176.077 22.044555232224937
1177.087 25.970444014981396
1178.107 23.14976256024768
1179.167 16.97839955981595
1180.177 15.53006791362452
1181.227 19.383755386724996
1182.287 25.397699096291163
1183.288 26.826087315615347
1184.307 24.740709780279406
1185.467 22.290637146890575
1186.607 23.185098948760377
1187.637 24.51997256471223
1188.777 21.54684364183321
1189.539 25.689817418410392
