0.0 0.0
1.0 11.393088
2.0 29.256992
3.0 36.579328000000004
4.0 42.639936000000006
5.001 29.28163036963037
6.001 50.4152
7.0 32.27643643643644
8.001 42.526721278721276
9.0 49.8412012012012
10.0 50.257792
11.0 53.941568000000004
12.0 50.264224000000006
13.001 37.30768431568432
14.0 54.5460980980981
15.0 59.417248
16.0 61.554688000000006
17.0 31.29344
18.001 28.643356643356647
19.0 63.32194594594595
20.0 63.995904
21.0 63.275008
22.001 40.03753046953047
23.0 27.880680680680683
24.0 66.224128
25.0 59.179008
26.0 61.489152000000004
27.0 34.390016
28.0 32.997375999999996
29.0 58.228736
30.0 60.522496000000004
31.001 61.100371628371626
32.0 33.44041641641642
33.001 24.45324275724276
34.0 60.25507107107107
35.0 61.07955200000001
36.0 61.161472
37.001 38.038377622377624
38.0 31.07875875875876
39.001 54.35690709290709
40.0 61.124292292292296
41.0 63.175360000000005
42.0 29.10992
43.001 32.70252947052947
44.0 59.86146146146147
45.0 39.771488
46.001 36.307628371628375
47.0 29.08293893893894
48.0 41.598976
49.001 48.33691108891109
50.0 27.889681681681683
51.0 36.056703999999996
52.0 18.61664
53.0 36.861024
54.0 26.771904
55.0 33.359680000000004
56.0 37.197344
57.0 33.313311999999996
58.0 37.060608
59.001 59.62047552447552
60.0 61.50771571571571
61.0 56.481663999999995
62.0 37.617664
63.0 28.147712
64.0 59.342848
65.0 61.554688000000006
66.0 61.915136
67.0 53.444608
68.0 29.720576
69.001 63.3591048951049
70.001 62.373888
71.0 60.94388788788789
72.0 43.188224000000005
73.001 37.874701298701304
74.0 39.86937337337338
75.0 62.83264
76.001 60.11831368631369
77.0 48.905993993993995
78.0 29.425664
79.0 55.279616000000004
80.0 62.47219200000001
81.0 65.20832
82.001 47.24846353646354
83.001 25.64384
84.001 33.097696000000006
85.001 28.445504
86.0 30.03858258258258
87.0 29.967904
88.0 30.475583999999998
89.0 32.006912
90.001 32.50883516483516
91.0 36.6695015015015
92.0 41.944160000000004
93.0 46.328064
94.0 35.544064
95.0 46.565312
96.001 60.53476123876124
97.0 61.066154154154155
98.001 71.81103696303697
99.0 48.212852852852855
100.001 63.41204395604396
101.001 64.84336
102.0 40.69637637637638
103.001 55.8915004995005
104.001 40.752736
105.0 52.81893093093093
106.0 65.5128
107.001 62.62476723276723
108.0 55.04294694694695
109.0 58.0392
110.001 87.17695104895104
111.0 86.64712712712712
112.0 75.79264
113.001 83.04962237762238
114.0 83.88945745745745
115.001 69.49616783216784
116.0 66.49593593593593
117.0 64.294208
118.001 27.978069930069932
119.0 58.04963363363363
120.001 38.34667732267732
121.001 41.23648000000001
122.0 40.89222022022022
123.0 42.882784
124.001 42.33318681318681
125.0 40.43211211211211
126.0 41.885056
127.001 39.0688991008991
128.0 41.72108108108108
129.0 45.919072
130.0 42.920320000000004
131.0 41.783648
132.001 39.85451348651349
133.0 36.90740340340341
134.0 31.748096
135.001 41.753094905094905
136.0 30.985001001001002
137.001 31.134625374625376
138.001 43.044544
139.001 43.993120000000005
140.0 47.934494494494494
141.0 43.922816
142.001 42.23872127872128
143.0 38.78880480480481
144.0 29.81776
145.0 27.003135999999998
146.0 28.976608000000002
147.0 31.176544000000003
148.001 30.283540459540458
149.001 26.711968000000002
150.0 26.706322322322322
151.0 26.722752
152.0 39.771392
153.0 40.828224000000006
154.0 43.308544000000005
155.0 56.932064
156.001 68.93062137862138
157.0 76.66296696696696
158.0 94.72921600000001
159.0 83.47638400000001
160.0 91.712736
161.0 92.555776
162.0 104.483872
163.0 104.432256
164.0 102.696032
165.0 99.53632
166.001 101.6023016983017
167.0 99.71235235235235
168.0 104.943872
169.0 104.680704
170.001 102.23111288711289
171.0 105.12611811811811
172.001 104.44042357642358
173.0 104.7418938938939
174.001 104.1771028971029
175.001 96.849152
176.001 96.83792
177.0 96.00890490490491
178.0 95.812992
179.0 95.526912
180.0 96.56864
181.001 95.95674725274726
182.0 96.07633233233233
183.0 96.096224
184.0 94.06576
185.0 97.200576
186.001 96.6022137862138
187.001 94.877632
188.001 97.131488
189.001 95.265088
190.0 95.9425025025025
191.0 96.422144
192.0 95.740352
193.0 95.392608
194.0 97.198848
195.0 94.754912
196.0 95.786272
197.0 94.57596799999999
198.0 83.908096
199.0 110.97059200000001
200.0 95.97801600000001
201.0 96.026336
202.001 95.89166033966035
203.0 95.96572572572573
204.0 92.462016
205.0 91.378432
206.0 95.1576
207.0 103.93619199999999
208.0 96.829184
209.0 95.794624
210.0 96.457696
211.0 95.916224
212.0 96.002272
213.0 95.895264
214.0 96.11779200000001
215.0 95.589376
216.0 96.32476799999999
217.001 95.99255144855144
218.0 95.99916716716717
219.001 95.09156443556444
220.0 91.7851931931932
221.0 100.876896
222.0 96.25587200000001
223.0 95.99792
224.001 95.78965034965034
225.001 96.17760000000001
226.001 95.97760000000001
227.0 96.0740900900901
228.0 91.95308800000001
229.0 99.37622400000001
230.0 96.149344
231.0 89.5024
232.0 99.85984
233.0 99.067424
234.0 96.043136
235.0 95.960384
236.0 96.08108800000001
237.001 95.86141858141858
238.001 91.04352
239.001 91.539136
240.001 96.54316800000001
241.0 85.37087487487487
242.001 61.08972627372627
243.0 41.86221421421421
244.0 37.646944000000005
245.0 35.986208
246.0 37.992864000000004
247.001 41.37913286713287
248.0 42.05113913913914
249.0 30.491744
250.0 29.138368
251.0 37.711648000000004
252.0 32.071616000000006
253.001 34.53896503496503
254.001 19.562176
255.001 38.2832
256.0 33.74452852852853
257.0 32.427488000000004
258.0 24.447328000000002
259.0 30.130496
260.0 22.743456
261.0 31.862176
262.0 27.379936
263.0 28.027616000000002
264.0 29.418752
265.0 29.321696
266.001 29.35828971028971
267.001 28.425376
268.001 28.195392000000002
269.0 28.876076076076075
270.0 27.627776
271.0 30.146464
272.0 33.829408
273.0 35.360735999999996
274.001 31.51168831168831
275.001 40.256672
276.0 42.00254654654655
277.001 43.01605594405594
278.0 41.367095095095095
279.0 45.950624000000005
280.001 48.77602397602398
