0.0 3.1331891891891894
1.0 18.052416
2.0 25.111168000000003
3.0 24.107008
4.001 35.36332467532468
5.0 30.129745745745748
6.001 37.225206793206794
7.0 29.96157757757758
8.001 33.364267732267734
9.0 34.262678678678675
10.0 35.145056
11.001 41.77857342657343
12.001 40.127264000000004
13.001 16.758336
14.0 58.572556556556556
15.001 47.76289310689311
16.0 46.85501501501501
17.0 40.26704
18.0 32.254944
19.0 32.815712
20.001 15.567312687312688
21.001 32.6216
22.0 4.836068068068068
23.0 38.272416
24.0 30.669696000000002
25.001 33.8817982017982
26.0 32.23492292292293
27.0 36.340416
28.0 29.893248
29.0 44.397728
30.001 33.71690709290709
31.0 55.87757357357357
32.0 30.733984
33.001 21.751144855144855
34.001 17.761248
35.001 21.869952
36.0 44.684460460460464
37.0 49.291360000000005
38.0 39.585568
39.0 54.84224
40.0 48.121888
41.0 38.05824
42.0 43.265824
43.0 29.650816
44.001 24.896927072927074
45.0 26.09101901901902
46.0 37.485184000000004
47.0 45.335936000000004
48.0 47.358144
49.0 46.435904
50.0 47.521568
51.0 40.412
52.0 47.589792
53.0 41.550752
54.001 43.45401798201799
55.0 37.71140740740741
56.0 44.257536
57.0 45.990496
58.0 45.080384
59.0 39.25376
60.0 47.794688
61.0 36.590112000000005
62.0 38.639072
63.001 35.820979020979024
64.0 28.09926726726727
65.001 45.68883916083916
66.001 29.580512
67.0 21.870254254254256
68.0 30.928511999999998
69.001 41.347644355644356
70.0 37.511911911911916
71.001 37.975080919080916
72.0 40.23274474474474
73.0 40.509888
74.001 35.07244755244755
75.0 26.75469069069069
76.0 30.173632
77.0 25.687488000000002
78.0 24.119040000000002
79.0 28.603936
80.0 1.4666240000000001
81.0 44.742816
82.0 33.1608
83.0 32.905728
84.001 8.679480519480519
85.0 24.687695695695698
86.001 4.201558441558442
87.0 8.074506506506507
88.0 9.960064000000001
89.001 11.882453546453545
90.001 14.0024
91.001 15.302496
92.0 19.22552952952953
93.001 23.99757042957043
94.0 37.65743343343343
95.0 47.266272
96.0 46.818944
97.001 43.18427172827173
98.0 34.79162362362362
99.0 37.344992
100.0 27.023488
101.001 40.37367432567433
102.001 39.092
103.0 28.563027027027026
104.0 28.124672
105.001 34.81389010989011
106.0 32.56747947947948
107.0 35.252896
108.001 35.62789210789211
109.0 30.95863863863864
110.0 24.512032
111.0 23.261088
112.0 27.725664000000002
113.0 25.245344000000003
114.001 20.388539460539462
115.0 35.15304104104104
116.001 35.60551448551448
117.001 30.042816
118.0 22.37901901901902
119.0 35.220544000000004
120.0 29.893248
121.001 13.509626373626373
122.001 19.799424
123.0 19.031223223223225
124.001 4.837178821178821
125.0 45.85234834834835
126.001 30.84768031968032
127.0 65.5351991991992
128.001 47.59944055944056
129.0 48.53525525525526
130.001 44.56883916083916
131.0 51.26448048048048
132.0 48.010368
133.0 46.74864
134.001 49.51375024975025
135.0 47.93865865865866
136.0 48.46432
137.0 48.053504000000004
138.001 48.167096903096905
139.0 41.49519119119119
140.0 52.94944
141.0 48.064288000000005
142.001 42.85017382617383
143.0 53.58548948948949
144.001 38.66511088911089
145.0 31.078214214214217
146.001 22.042021978021978
147.001 19.777856
148.001 21.749888
149.005 24.549864541832672
150.0 32.31948542713568
151.0 27.585472000000003
152.0 24.015968
153.0 23.821856
154.0 30.33312
155.001 31.072255744255745
156.001 35.788224
157.001 51.253248
158.0 48.86422422422422
159.0 46.899616
160.0 47.201568
161.001 47.908539460539465
162.0 46.2992912912913
163.0 42.941472000000005
164.001 46.18482317682318
165.001 26.895296
166.0 44.107531531531535
167.0 38.736128
168.0 40.731168
169.0 42.00368
170.0 38.746911999999995
171.001 46.86353646353646
172.0 37.90219019019019
173.0 48.256736
174.0 32.416704
175.0 33.656864
176.001 33.79561238761239
177.0 32.45232432432432
178.0 37.333952
179.0 44.35168
180.0 46.123168
181.0 34.04508800000001
182.0 44.311456
183.0 45.627104
184.0 48.676288
185.0 36.937888
186.0 47.541472000000006
187.002 43.89454690618763
188.0 42.801026052104206
189.001 43.5777022977023
190.0 43.82167767767768
191.001 47.04626573426573
192.0 47.64822422422422
193.0 46.985888
194.0 46.057055999999996
195.001 48.85428171828172
196.001 41.373216
197.0 40.21932332332333
198.0 28.879552
199.0 38.736128
200.001 36.295000999001005
201.001 34.940160000000006
202.0 29.232304304304304
203.0 22.55536
204.001 26.194893106893105
205.0 22.704304304304305
206.0 21.785184
207.001 22.571796203796204
208.0 25.13358158158158
209.0 23.235392
210.0 23.60512
211.0 19.9448
212.0 17.955360000000002
213.001 12.05524075924076
214.0 24.957565565565567
215.0 24.42576
216.0 20.942528
217.0 21.24448
218.0 29.934112000000002
219.0 31.426848000000003
220.0 42.160256000000004
221.0 38.328416
222.0 41.801888
223.001 36.97371428571428
224.001 42.54288
225.001 39.005728000000005
226.0 33.63658058058058
227.0 29.720704
228.001 25.026205794205794
229.001 32.653952000000004
230.0 31.682722722722723
231.001 36.7367032967033
232.0 33.28035235235235
233.0 53.618048
234.0 40.553856
235.0 32.647936
236.001 41.81648751248751
237.0 42.95767767767767
238.0 41.14096
239.0 35.17740800000001
240.0 47.12608
241.0 43.619839999999996
242.0 43.212928
243.0 41.874272
244.0 31.921056
245.0 23.530272
246.0 12.746688
247.0 14.644672
248.0 20.7592
249.0 32.789376
250.0 36.098816
251.001 33.41854945054945
252.001 34.605856
253.0 35.51093493493494
254.0 22.17584
255.0 13.7552
256.0 18.240928
257.001 16.82778021978022
258.001 17.346272000000003
259.002 18.30371228771229
260.0 21.20019238476954
261.0 24.787232
262.0 25.520128
263.0 33.695232000000004
264.0 32.049216
265.001 27.203644355644357
266.001 24.575488
267.0 26.258546546546548
268.001 23.68505094905095
269.0 36.57244444444444
270.0 30.098144
271.0 28.197696
272.001 31.298685314685315
273.0 27.807391391391395
274.001 28.031936063936065
275.001 25.245344000000003
276.0 25.340572572572572
277.001 19.472815184815186
278.001 21.028384
279.0 22.31284084084084
280.0 24.614687999999997
281.0 26.566176
282.001 23.97042957042957
283.001 22.872864000000003
284.0 23.68377977977978
285.0 21.956224
286.0 17.265184
287.0 23.261088
288.0 21.104288
289.001 19.53186013986014
290.0 22.107739739739742
291.001 28.075028971028974
292.001 23.530687999999998
293.0 9.261933933933934
294.001 35.79943256743257
295.001 10.406559999999999
296.0 29.879991991991993
297.0 38.035168
298.0 27.33744
299.0 33.75392
300.0 32.373568
301.0 30.508352
302.0 28.911488000000002
303.0 22.398367999999998
304.0 36.55776
305.0 29.181504
306.0 25.304864000000002
307.0 25.12112
308.0 31.726528
309.001 36.37041358641359
310.0 30.91879079079079
311.001 26.176447552447552
312.0 28.55223223223223
313.0 30.270688
314.001 28.792071928071927
315.0 24.94074874874875
316.001 30.402045954045953
317.0 22.69065865865866
318.001 27.520415584415584
319.0 21.789085085085084
320.0 24.5336
321.001 27.622553446553447
322.001 28.879552
323.0 28.93005005005005
324.001 41.413946053946056
325.0 28.496880880880884
326.0 53.051392
327.001 50.04163836163836
328.001 48.021152
329.0 43.794482482482486
330.0 30.57264
331.0 2.9509119999999998
332.0 59.639424
333.0 37.043040000000005
334.0 39.372384
335.0 41.02608
336.002 39.60817564870259
337.001 43.24872072072072
338.001 38.272416
339.001 43.622944000000004
340.001 36.610016
341.0 38.108124124124124
342.0 44.071712
343.0 43.427168
344.0 40.741952
345.0 43.583744
346.0 40.51488
347.0 36.541984
348.0 35.648384
349.0 41.063808
350.0 31.488896
351.0 35.862368000000004
352.0 43.17168
353.0 47.1016
354.0 39.134304
355.0 34.02352
356.0 58.136544
357.0 46.975104
358.0 44.61328
359.001 52.336879120879125
360.001 48.311904000000006
361.0 48.14478478478479
362.0 47.994400000000006
363.0 47.702816
364.001 48.39892907092907
365.0 48.37105905905906
366.0 46.479040000000005
367.0 49.3648
368.0 47.816256
369.002 48.03726946107784
370.0 48.14419238476954
371.0 48.129408000000005
372.0 47.341344
373.0 48.080672
374.0 39.798144
375.0 35.26368
376.0 35.739839999999994
377.0 46.5904
378.0 45.961408000000006
379.001 42.88821578421578
380.0 36.65912312312312
381.0 46.241792000000004
382.0 36.568544
383.0 38.973375999999995
384.001 39.38173826173826
385.001 35.772192000000004
386.0 40.630358358358365
387.001 42.634005994005996
388.0 46.709077077077076
389.0 47.007456
390.0 49.1456
391.0 37.896032
392.0 44.728063999999996
393.0 48.44464
394.0 44.966368
395.0 49.369152
396.0 47.472224000000004
397.0 38.438303999999995
398.001 47.70384815184815
399.0 40.89068268268268
400.0 31.343904
401.0 46.856480000000005
402.001 38.8698021978022
403.0 43.38428028028029
404.0 41.928192
405.0 49.218176
406.0 44.489408000000005
407.0 46.797152000000004
408.0 44.581056
409.0 45.61632
410.0 31.489312
411.0 33.561696000000005
412.001 43.57578421578422
413.001 46.883648
414.0 47.54546546546547
415.001 40.71202397602398
416.0 47.15166366366366
417.001 35.92871128871129
418.0 45.85628828828829
419.0 47.924096
420.001 40.20568231768232
421.0 35.77394994994995
422.0 43.987936000000005
423.0 36.751872000000006
424.0 44.52755200000001
425.0 41.649888
426.0 32.888704
427.001 36.021738261738264
428.0 45.23931931931932
429.0 39.960736
430.001 40.386141858141855
431.0 34.7774974974975
432.001 38.76206993006993
433.001 35.548224000000005
434.0 35.51071071071071
435.001 39.26841158841159
436.0 32.962114114114115
437.001 28.64166233766234
438.0 24.9887007007007
439.001 13.638905094905095
440.0 9.801673673673672
441.0 16.693632
442.0 21.266047999999998
443.0 19.211904
444.001 19.45085314685315
445.0 16.81829029029029
446.0 15.291712
447.0 17.049504000000002
448.001 14.037514485514487
449.001 11.096736000000002
450.0 11.679967967967968
451.001 5.752903096903098
452.0 0.0
453.001 7.972187812187813
454.0 13.720184184184184
455.0 15.927968000000002
456.0 9.910496
457.0 11.26928
458.0 12.185920000000001
459.0 10.816352
460.0 16.165216
461.0 15.507392
462.001 15.944375624375626
463.001 11.743776
464.0 11.924980980980981
465.0 12.485952
466.001 10.42288911088911
467.0 11.442482482482482
468.001 13.321302697302697
469.0 13.71457857857858
470.0 14.919456
471.0 14.159392
472.001 13.6413986013986
473.0 13.226314314314315
474.001 11.904415584415585
475.0 11.787915915915915
476.0 11.420256
477.0 7.87232
478.0 0.0
479.0 26.463936
480.0 11.830048000000001
481.0 12.919232000000001
482.0 11.765343999999999
483.0 11.032032
484.001 0.4093826173826174
485.0 25.043923923923927
486.0 13.954495999999999
487.0 13.124128
488.0 11.387904
489.001 10.191472527472529
490.0 11.075459459459461
491.001 10.094513486513486
492.0 11.269765765765765
493.0 10.859487999999999
494.0 14.127040000000001
495.0 4.432224000000001
496.0 0.0
497.0 21.330752
498.0 11.333984000000001
499.0 10.546752000000001
500.001 8.273838161838162
501.001 4.087136
502.0 0.0
503.001 29.31395004995005
504.0 11.183407407407406
505.0 9.047776
506.001 11.225702297702297
507.001 14.073120000000001
508.0 11.647583583583584
509.001 11.818229770229772
510.0 13.342366366366367
511.0 12.304544
512.0 11.150656000000001
513.0 12.854528
514.0 14.278016
515.0 6.157664
516.0 13.458432
517.0 11.290848
518.0 6.729216
519.001 5.084963036963037
520.0 15.004764764764765
521.001 8.273838161838162
522.0 17.26087687687688
523.0 15.917183999999999
524.0 11.695456
525.0 12.568544
526.001 10.256111888111887
527.001 12.983936
528.0 14.540588588588589
529.0 7.149792000000001
530.001 6.959504495504496
531.0 7.297281281281282
532.0 9.716384
533.001 11.624311688311689
534.001 10.46048
535.002 10.291372627372628
536.0 14.001122244488977
537.0 12.746688
538.0 13.393728
539.001 4.201558441558442
540.0 18.05242042042042
541.001 18.763444555444558
542.0 22.423511511511514
543.0 25.307328000000002
544.0 24.738496
545.0 30.227552
