0.0 30.288395061728394
1.0 58.06624
2.001 57.47516483516483
3.0 56.97806606606606
4.001 66.84473926073926
5.0 47.34596996996997
6.0 47.320192000000006
7.0 50.177952
8.0 52.519328
9.0 55.28832
10.0 63.908928
11.001 61.13767832167832
12.0 61.3374974974975
13.0 61.718528
14.001 55.14255344655344
15.0 27.700276276276277
16.0 33.718272
17.0 60.850176
18.0 59.09708800000001
19.0 62.83264
20.0 28.491776
21.0 14.467072
22.0 45.38368
23.0 61.177856
24.0 63.045632
25.0 30.081024000000003
26.001 47.41703096903097
27.003 63.132359281437125
28.0 61.361941825476435
29.001 64.8812947052947
30.0 29.35671671671672
31.0 28.196864
32.001 61.493194805194804
33.0 64.10916516516517
34.001 60.75665134865135
35.001 29.720576
36.0 30.78355155155155
37.0 61.800447999999996
38.0 60.506112
39.0 65.486848
40.001 34.76485114885115
41.0 32.17758558558558
42.0 56.950784
43.0 61.554688000000006
44.0 64.815104
45.001 39.34778821178821
46.0 10.102646646646647
47.001 25.79538861138861
48.0 60.074666666666666
49.0 59.523072
50.001 37.15452547452547
51.001 36.20864
52.0 55.56455655655655
53.0 60.080127999999995
54.001 58.17056543456543
55.0 34.96565365365365
56.001 29.65814985014985
57.001 57.442304
58.0 57.270198198198194
59.001 60.412931068931066
60.0 40.918998998999
61.0 37.257216
62.0 60.653568
63.0 58.277888
64.0 57.622528
65.0 39.829504
66.001 24.502345654345657
67.0 55.30215015015015
68.0 55.45984
69.001 58.03962437562438
70.0 37.98332732732733
71.0 25.72288
72.0 58.966016
73.001 61.01853346653347
74.0 59.56625425425426
75.0 43.614208
76.0 28.672
77.0 48.152576
78.0 58.556416
79.0 59.96544
80.0 36.159487999999996
81.0 7.176192
82.0 32.374784
83.0 59.867136
84.0 55.755168
85.0 32.266208
86.0 34.32448
87.001 44.16556243756244
88.0 54.2253933933934
89.001 32.88513086913087
90.0 41.837421421421425
91.0 30.932992
92.001 59.25082917082917
93.001 59.539456
94.001 56.1728
95.0 33.519055055055055
96.0 34.340864
97.001 47.744383616383615
98.001 60.64432
99.0 47.032664664664665
100.0 30.796288
101.0 28.311552
102.0 50.266112
103.0 63.0784
104.0 51.479392000000004
105.0 42.01232
106.0 24.592384
107.0 49.577984
108.0 59.441152
109.0 45.10032
110.0 37.760288
111.001 27.51399000999001
112.0 48.33646446446446
113.0 38.242528
114.0 38.570879999999995
115.001 29.93876523476524
116.0 26.863855855855856
117.0 62.488576
118.0 57.059552000000004
119.0 41.565376
120.0 38.335167999999996
121.0 25.853952000000003
122.0 46.612480000000005
123.0 30.744512
124.0 33.976672
125.001 30.212667332667333
126.0 22.649881881881885
127.0 26.639680000000002
128.0 23.104928
129.0 20.516351999999998
130.0 20.446464
131.0 25.965184
132.001 23.50427172827173
133.0 21.92422822822823
134.0 13.404512
135.0 18.033344
136.0 19.527328
137.0 15.52896
138.0 11.517312
139.0 25.682304000000002
140.001 26.923124875124877
141.0 8.265801801801802
142.001 48.31725074925075
143.001 58.73664
144.001 62.01344
145.0 52.89580780780781
146.001 24.616919080919082
147.0 48.856792792792795
148.0 46.646464
149.001 28.769886113886116
150.0 25.418154154154156
151.0 22.675456
152.0 60.194816
153.001 61.74372827172827
154.0 54.26581781781782
155.0 56.646752
156.0 25.821184000000002
157.0 32.964608
158.001 54.45204395604396
159.001 26.744320000000002
160.0 26.153833833833833
161.0 20.99664
162.001 25.35116083916084
163.0 38.22292692692693
164.001 43.30981018981019
165.0 32.33021821821822
166.0 16.582048
167.001 24.091652347652346
168.0 52.376344344344346
169.0 39.163104
170.001 19.553406593406596
171.001 17.6808
172.0 16.402258258258257
173.001 17.833014985014987
174.0 18.542126126126128
175.0 8.346816
176.0 0.0
177.0 8.939936
178.0 16.100512000000002
179.0 13.253536
180.0 13.835872
181.0 12.067296
182.0 12.369248
183.0 11.290848
184.001 4.169238761238761
185.001 0.0
186.0 32.386114114114115
187.001 50.62722877122877
188.0 48.74695495495496
189.0 55.582688000000005
190.0 51.314016
191.0 25.64096
192.0 36.683776
193.0 57.606144
194.0 54.198271999999996
195.001 58.21966833166834
196.001 34.406400000000005
197.0 30.898354354354353
198.0 59.539456
199.0 45.843455999999996
200.0 49.539456
201.0 24.929568
202.0 36.37248
203.0 58.753023999999996
204.0 59.932672
205.0 59.22816
206.0 25.837568
207.0 33.226752
208.001 58.82527072927073
209.0 61.2718958958959
210.0 35.035392
211.001 16.50976223776224
212.0 36.7096056056056
213.0 60.12928
214.0 57.606144
215.0 53.854208
216.0 43.696127999999995
217.0 20.905984
218.0 59.834368000000005
219.0 59.719680000000004
220.0 58.638336
221.0 41.779199999999996
222.0 28.803072
223.001 60.13468131868132
224.001 58.589184
225.0 36.190270270270275
226.0 32.630944
227.0 25.133056
228.0 38.488832
229.0 33.861152000000004
230.0 34.04656
231.001 27.850357642357643
232.0 36.91730130130131
233.0 47.637440000000005
234.0 53.223487999999996
235.001 54.831568431568435
236.0 43.78906906906907
237.0 15.040512000000001
238.001 24.19136063936064
239.001 56.26265600000001
240.0 60.64868068068068
241.0 43.941888
242.0 26.148864000000003
243.0 56.410112000000005
244.001 57.679536463536465
245.0 58.54942942942943
246.001 51.001542457542456
247.0 31.029557557557556
248.0 45.678591999999995
249.001 58.645226773226774
250.0 63.86315915915916
251.0 50.282496
252.001 27.23574025974026
253.001 50.364416
254.0 55.351351351351354
255.0 50.790400000000005
256.0 50.921472
257.0 29.360128
258.0 54.493184
259.0 57.737216000000004
260.0 60.325888
261.0 52.183040000000005
262.0 21.561344000000002
263.0 47.677440000000004
264.0 56.098816
265.0 60.178432
266.0 59.06432
267.0 27.557888
268.0 40.763392
269.001 57.057566433566436
270.0 57.204596596596595
271.0 60.686336000000004
272.001 27.23574025974026
273.0 41.57501501501502
274.0 57.42592
275.0 56.721408000000004
276.001 56.04277322677323
277.0 30.143935935935936
278.0 48.857088000000005
279.001 56.20644955044955
280.0 55.892564564564566
281.0 59.817983999999996
282.0 26.755072000000002
283.0 35.569663999999996
284.001 58.465182817182814
285.001 58.064896000000005
286.001 57.966592
287.0 31.01315715715716
288.0 35.438592
289.0 57.737216000000004
290.001 56.13979620379621
291.0 39.39815015015015
292.001 25.97556043956044
293.0 38.885349349349354
294.0 40.799936
295.001 30.36707292707293
296.001 32.720512
297.0 26.2186026026026
298.0 40.907328
299.0 30.145824
300.0 24.247200000000003
301.0 25.91456
302.0 23.329536
303.001 27.554077922077923
304.0 27.63995995995996
305.0 27.448192
306.0 23.31728
307.0 27.499200000000002
308.001 27.126985014985014
309.0 20.466930930930932
310.0 16.230336
311.0 29.69872
312.0 21.598496
313.0 20.804192
314.0 18.97984
315.0 18.354367999999997
316.0 18.925919999999998
317.0 20.338624
318.001 17.851236763236763
319.0 20.840616616616614
320.0 17.45264
321.0 15.58288
322.001 4.180011988011988
323.0 35.266594594594594
324.0 39.583744
325.0 61.833216
326.001 62.88444355644356
327.0 38.07577177177178
328.0 34.759744
329.0 29.861152
330.0 32.564736
331.0 34.878144
332.0 31.736992
333.001 31.690421578421578
334.0 26.61390990990991
335.0 32.72944
336.0 27.704096000000003
337.0 21.62192
