0.0 5.823441210710128
1.0 9.105632
2.001 26.615752247752248
3.001 29.884864
4.0 50.376200200200195
5.0 26.30528
6.001 14.048287712287713
7.0 38.683707707707704
8.0 23.546304
9.0 40.723968
10.0 27.118176
11.0 30.427264
12.0 39.129536
13.001 21.492587412587415
14.001 23.207168000000003
15.001 32.508992
16.0 27.475923923923926
17.0 45.310784
18.0 37.323008
19.0 34.551936000000005
20.0 34.595072
21.0 27.28352
22.0 9.770304
23.0 11.420256
24.0 19.78864
25.001 9.94368831168831
26.0 19.522594594594594
27.0 22.953536
28.0 12.466304000000001
29.001 27.268091908091908
30.0 27.19103103103103
31.0 32.11264
32.001 33.92744855144855
33.0 37.08860860860861
34.0 22.777664
35.0 25.056832
36.001 30.52883116883117
37.0 27.410066066066065
38.0 21.312928
39.0 31.237504
40.0 42.564448
41.0 14.204224
42.0 23.871488000000003
43.0 56.630496
44.001 38.93332267732268
45.0 28.325157157157157
46.001 27.20796003996004
47.0 45.16106506506507
48.0 31.162048
49.0 38.463808
50.0 26.941184000000003
51.0 24.127744
52.0 21.48
53.0 44.436576
54.0 26.845856
55.0 29.915968000000003
56.0 8.20032
57.0 6.772352
58.0 5.963552
59.0 5.359648
60.0 6.63216
61.001 4.858725274725275
62.0 7.432424424424425
63.001 8.976175824175824
64.001 14.464448
65.0 33.75474674674675
66.001 29.336487512487512
67.0 26.59235235235235
68.001 14.822105894105896
69.0 9.418250250250251
70.001 13.657126873126874
71.001 6.657408
72.001 33.798976
73.001 30.868992
74.0 46.94102102102102
75.0 31.165696
76.0 39.480224
77.0 33.063744
78.0 24.069888
79.0 42.727807999999996
80.0 27.980864
81.0 49.111328
82.0 40.505728000000005
83.0 41.529184
84.0 36.235072
85.0 40.158784
86.0 24.226912000000002
87.0 35.484096
88.0 20.262784
89.001 21.866485514485515
90.0 29.138674674674675
91.0 22.117984
92.0 7.421536000000001
93.001 13.916867132867134
94.0 9.143191191191193
95.001 6.700947052947053
96.001 4.238112
97.0 17.94094894894895
98.0 7.850752000000001
99.0 3.030304
100.0 23.638527999999997
101.0 33.022272
102.0 32.52464
103.0 36.802784
104.001 36.79245554445554
105.0 30.56627827827828
106.0 24.997312
107.001 21.873678321678323
108.0 20.001217217217217
109.001 20.230457542457543
110.0 20.27179179179179
111.001 34.06136263736264
112.001 30.60432
113.0 52.385793793793795
114.0 50.005536
115.0 55.81072
116.0 67.51846400000001
117.0 46.034591999999996
118.0 23.445824
119.0 65.519616
120.0 65.257472
121.0 33.013760000000005
122.0 57.344
123.0 51.311872
124.0 37.519552000000004
125.001 24.283076923076923
126.0 28.966470470470473
127.0 46.284800000000004
128.0 71.122944
129.0 46.197248
130.0 35.619552000000006
131.0 28.367872
132.001 43.938045954045954
133.0 29.708012012012013
134.001 54.61878921078921
135.001 69.02579200000001
136.001 63.667296
137.001 42.999168
138.001 30.962367999999998
139.0 43.24785585585586
140.001 58.47467732267732
141.001 58.035104000000004
142.0 43.165565565565565
143.0 41.441120000000005
144.0 33.919936
145.001 8.151080919080918
146.001 14.876672000000001
147.0 39.75457057057057
148.0 54.425152000000004
149.001 36.10606993006993
150.0 41.03742142142142
151.0 24.74928
152.0 22.06288
153.0 35.103104
154.0 29.495104
155.001 20.270417582417583
156.0 14.264184184184183
157.0 22.538240000000002
158.0 14.784864
159.0 8.896799999999999
160.0 12.563360000000001
161.001 15.244115884115885
162.0 11.723147147147147
163.0 13.771168
164.0 0.05392
165.0 0.355872
166.001 0.8403116883116883
167.0 0.2051011011011011
168.0 1.811712
169.0 16.887743999999998
170.0 1.552896
171.001 0.0
172.0 0.0
173.0 0.0
174.0 0.0
175.0 0.0
176.001 0.0
177.001 0.0
178.001 0.0
179.0 0.0
180.0 0.280384
181.0 0.129408
182.001 0.24691308691308692
183.0 0.3562282282282282
184.0 0.301952
185.0 0.388224
186.001 0.2801038961038961
187.001 0.43136
188.0 0.3994074074074074
189.0 0.474496
190.0 0.0
191.0 0.0
197.181 0.0
198.134 0.0
199.09 0.0
200.049 0.0
201.003 0.0
202.0 0.0
203.0 0.0
204.0 0.0
205.0 0.0
206.0 0.18332800000000002
207.0 0.301952
208.0 0.938208
209.001 0.4417022977022977
210.001 0.744096
211.0 0.6584824824824825
212.0 0.895072
213.0 0.032352
214.0 0.37744
215.0 0.0
216.0 0.0
217.001 0.0
218.0 0.0
219.001 0.0
224.0 1.4322272454490899
225.0 21.514080000000003
226.001 41.25794205794205
227.0 47.81226026026027
228.0 64.045056
229.0 53.706752
230.0 27.328512
231.0 55.263232
232.001 15.963332667332667
233.0 10.443755755755756
234.0 17.674975999999997
235.0 26.927648
236.0 25.223776
237.0 21.26128
238.001 28.992223776223774
239.0 37.37667267267267
240.0 48.245824
241.0 40.687424
242.0 29.225248
243.0 29.321696
244.0 12.520224
245.001 2.2731508491508494
246.0 24.190526526526526
247.0 21.838207999999998
248.001 14.608495504495504
249.0 8.970474474474475
250.0 3.2675520000000002
251.0 17.405376
252.0 10.395776
253.0 4.507712000000001
254.0 1.50976
255.0 0.0
256.0 31.21968
257.0 26.560992
258.001 19.811964035964035
259.0 18.912960960960962
260.0 22.883168
261.001 17.849606393606393
262.001 22.6696
263.0 17.865385385385387
264.0 8.972288
265.0 4.399872
266.0 3.39696
267.0 2.038176
268.001 1.9822737262737262
269.0 0.05397397397397398
270.0 0.097056
271.0 2.458752
272.001 25.311904095904097
273.001 33.683616
274.0 35.71997597597598
275.0 42.8472
276.0 49.539328000000005
277.0 47.397375999999994
278.0 29.87584
279.001 35.12046353646354
280.0 32.929313313313315
281.0 17.297536
282.0 26.881408
283.0 9.945952
284.0 32.751008
285.0 27.272736000000002
286.001 15.050197802197804
287.001 13.124128
288.001 25.622784
289.0 23.457953953953954
290.0 26.279744
291.001 29.988763236763237
292.0 36.9272952952953
293.0 31.3376
294.0 34.387775999999995
295.0 23.633312000000004
296.0 26.299712
297.0 18.855264
298.0 9.528224
299.0 7.020384
300.0 8.249984000000001
301.0 24.70592
302.001 11.538125874125873
303.0 3.994074074074074
304.0 10.773216000000001
305.001 13.886689310689311
306.0 6.368928928928929
307.0 8.379168
308.0 6.95568
309.001 8.198425574425576
310.0 10.499395395395394
311.0 15.441024
312.0 16.01424
313.0 7.9585919999999994
314.0 4.701823999999999
315.001 5.3973866133866135
316.001 7.87232
317.0 9.488624624624626
318.0 7.2144960000000005
319.001 5.763676323676323
320.0 7.545561561561562
321.0 12.164352000000001
322.0 8.422304
323.001 16.235252747252748
324.0 10.60048848848849
325.0 9.975200000000001
326.0 15.787776000000001
327.001 8.338477522477522
328.0 13.547467467467468
329.0 17.03872
330.0 13.070208000000001
331.001 13.444987012987013
332.001 20.953312
333.0 17.347235235235235
334.0 15.475040000000002
335.0 14.865952
336.001 23.660915084915086
337.001 20.35168
338.001 17.502432000000002
339.0 16.418882882882883
340.0 14.299584000000001
341.0 12.509440000000001
342.0 9.76368
343.0 17.708768
344.0 14.33712
345.0 12.747104
346.001 16.83813786213786
347.001 13.356192
348.0 22.140124124124124
349.0 23.098912000000002
350.0 21.309184000000002
351.0 26.658048
352.001 28.166809190809193
353.0 20.21387787787788
354.0 20.305856
355.0 25.749312000000003
356.0 25.835328
357.001 31.73524075924076
358.0 22.701037037037036
359.001 27.097766233766233
360.001 19.750688
361.0 11.442482482482482
362.0 16.887743999999998
363.0 15.205440000000001
364.0 15.658368000000001
365.001 18.249846153846153
366.0 5.699651651651651
367.001 15.287208791208792
368.001 16.855392000000002
369.001 16.645312
370.0 16.650762762762763
371.0 10.62224
372.0 32.01856
373.0 19.388992
374.0 17.556128
375.0 13.477152
376.001 25.309154845154843
377.001 15.52896
378.0 21.330514514514515
379.0 18.451424
380.0 11.779328
381.0 45.327744
382.0 39.679328000000005
383.001 5.149602397602398
384.0 24.478654654654658
385.0 36.345152000000006
386.0 33.571456
387.0 28.663712
388.0 23.811232
389.0 33.031392000000004
390.0 20.780768000000002
391.0 6.9888959999999996
392.0 57.901056
393.0 10.9
394.001 15.147156843156843
395.001 25.349504
396.001 13.827200000000001
397.001 3.78368
398.0 24.993025025025027
399.0 23.821856
400.0 24.317919999999997
401.0 28.887072
402.0 15.262624
403.001 18.346805194805196
404.001 32.904032
405.0 29.154690690690693
406.0 29.300128
407.0 34.774879999999996
408.0 19.882592000000002
409.001 26.862417582417585
410.001 21.605952000000002
411.0 40.9682002002002
412.0 39.657856
413.001 38.51988011988012
414.0 45.63795795795796
415.0 50.04
416.0 29.999104
417.0 47.026848
418.0 29.266527999999997
419.0 26.572832
420.001 31.421410589410588
421.001 27.066368
422.0 34.038166166166164
423.0 31.642592
424.0 26.463936
425.001 26.803788211788213
426.0 26.868244244244245
427.001 20.191104895104896
428.0 29.56486086086086
429.0 14.39664
430.0 0.075488
431.0 6.940384
432.0 22.160032
433.0 2.146016
434.0 0.140192
435.0 30.313824
436.001 17.000151848151848
437.0 11.107843843843845
438.0 14.008416
439.0 12.768256
440.0 23.904832
441.0 16.934176
442.0 13.415296000000001
443.0 13.997632
444.0 12.342495999999999
445.0 16.4344
446.001 9.911368631368632
447.0 17.185313313313312
448.0 19.35728
449.0 18.613184
450.001 21.239624375624377
451.0 18.842106106106105
452.001 32.660139860139864
453.0 34.27776576576577
454.0 30.448416
455.0 15.718335999999999
456.001 24.07509290709291
457.0 41.29790590590591
458.001 18.58423176823177
459.0 17.97852252252252
460.0 22.198656
461.0 18.706304
462.0 23.955616000000003
463.0 21.45456
464.0 14.132224
465.0 29.526592
466.0 19.190752
467.001 14.031504495504496
468.0 9.510214214214216
469.001 16.548507492507493
470.0 21.671239239239238
471.001 18.27526073926074
472.0 13.95766966966967
473.0 12.746688
474.0 30.418560000000003
475.0 20.979872
476.001 27.03331868131868
477.0 20.38057257257257
478.0 20.101376000000002
479.0 25.212992
480.0 21.168992
481.0 20.139168
482.001 23.78185014985015
483.0 9.377633633633634
484.0 7.573408000000001
485.001 4.686353646353647
486.0 6.379723723723724
487.001 20.700963036963035
488.0 17.603683683683684
489.001 43.32694505494506
490.0 14.821253253253253
491.0 22.775808
492.0 24.74928
493.0 34.648992
494.001 43.02539060939061
495.0 46.89588788788789
496.001 19.420643356643357
497.0 32.20394794794795
498.0 36.104832
499.0 33.829408
500.0 21.24448
501.0 4.432224000000001
502.0 15.087232
503.001 17.829274725274725
504.0 24.072392392392395
505.001 26.619268731268733
506.0 25.48651051051051
507.0 27.503616
508.0 25.00672
509.0 16.794207999999998
510.0 11.549664000000002
511.0 16.180704
512.0 19.719232
513.0 9.468352000000001
514.0 24.522816
515.0 22.781824
516.0 22.488032
517.0 40.549216
518.0 34.33648
519.0 9.339680000000001
520.0 33.386303999999996
521.001 11.324131868131868
522.001 13.404704
523.0 11.397637637637638
524.0 7.947808
525.0 7.484096
526.0 8.747136000000001
527.001 11.197250749250749
528.0 10.373797797797797
529.0 11.603584000000001
530.0 24.636672
531.0 22.732256000000003
532.0 36.644864000000005
533.001 11.445514485514487
534.0 10.411787787787787
535.0 11.10192
536.0 8.589920000000001
537.0 5.714848
538.0 1.7470080000000001
539.0 1.423488
540.001 0.3231968031968032
