0.0 0.24194708994708997
1.0 33.948032
2.001 48.436427572427576
3.0 48.44703903903904
4.0 49.261312
5.001 49.19304695304696
6.0 47.456608608608605
7.0 48.355456
8.0 47.93488
9.001 40.65838161838162
10.0 31.421117117117117
11.001 27.153902097902098
12.0 34.99054254254254
13.001 25.778893106893104
14.0 23.882634634634638
15.0 20.683712
16.0 22.419936000000003
17.0 30.346176
18.001 21.201710289710288
19.0 20.726006006006006
20.0 19.89648
21.0 23.280192
22.0 30.297216000000002
23.0 26.715488
24.0 29.81344
25.0 27.3032
26.0 26.4656
27.0 23.178944
28.0 19.351264
29.0 17.89648
30.0 18.979200000000002
31.001 11.985422577422579
32.001 26.532608
33.001 25.806720000000002
34.0 33.827555555555556
35.0 27.211552
36.0 27.003135999999998
37.0 22.660704000000003
38.0 25.802592
39.0 22.672352
40.0 24.513248
41.0 31.45216
42.0 25.921504000000002
43.0 33.610368
44.0 36.21472
45.001 32.73667132867133
46.0 35.86184584584585
47.0 38.486016000000006
48.0 37.19168
49.0 41.808896000000004
50.0 33.202976
51.001 37.482741258741264
52.0 21.14492092092092
53.001 36.55355844155844
54.0 44.80381181181181
55.0 37.226624
56.0 38.43888
57.0 31.726528
58.0 37.981248
59.001 38.374233766233765
60.0 36.033025025025026
61.0 33.693408000000005
62.0 31.182912
63.0 34.781728
64.001 39.394205794205796
65.001 32.985824
66.001 26.108416000000002
67.0 47.167551551551554
68.0 31.064064
69.0 51.150847999999996
70.001 45.20883916083916
71.001 53.562816
72.0 43.97636036036036
73.0 34.127872
74.0 39.56736
75.0 51.724288
76.0 53.82144
77.001 47.20425174825175
78.0 14.432352352352353
79.001 27.072063936063937
80.0 50.34922922922922
81.0 53.346303999999996
82.0 48.758784
83.001 31.000295704295706
84.0 43.625065065065066
85.0 49.381375999999996
86.0 52.363264
87.0 49.922048000000004
88.0 31.1296
89.0 40.189952
90.0 50.069504
91.0 50.577408000000005
92.0 46.596095999999996
93.0 32.407552
94.0 42.02496
95.0 51.429376
96.0 53.41184
97.0 49.053696
98.0 39.354368
99.001 36.008791208791216
100.0 52.05487087087087
101.0 52.494336000000004
102.0 55.427072
103.0 37.224447999999995
104.0 30.3104
105.001 47.04057542457542
106.0 52.18607407407407
107.001 51.75445354645355
108.001 39.141375999999994
109.001 34.144256
110.0 50.31642842842843
111.001 53.21117282717283
112.0 50.43946346346347
113.0 27.328512
114.0 36.995072
115.0 52.166656
116.0 51.44576
117.001 49.03742657342657
118.0 34.60484484484485
119.0 33.734656
120.0 54.591488
121.0 51.855360000000005
122.001 51.688983016983016
123.0 39.590566566566565
124.0 31.490047999999998
125.0 50.62656
126.0 52.297728000000006
127.0 54.345728
128.001 27.808607392607392
129.0 38.80334734734735
130.0 51.347456
131.0 51.789824
132.0 54.771712
133.0 32.735232
134.0 34.701312
135.001 51.77082117882118
136.0 51.251251251251254
137.001 54.52058341658342
138.0 36.19568368368368
139.0 33.42336
140.0 49.086464
141.0 51.412992
142.0 51.6096
143.001 38.62761238761239
144.0 32.21038638638639
145.0 50.315264000000006
146.0 21.394720000000003
147.0 34.472704
148.0 38.780928
149.0 35.127296
150.0 47.891904000000004
151.0 27.352576000000003
152.0 32.494208
153.001 33.492395604395604
154.0 36.04808008008008
155.0 48.955392
156.0 53.116928
157.0 54.525952
158.0 39.387136
159.0 36.765696000000005
160.001 44.07803396603397
161.0 52.02207007007007
162.0 49.758207999999996
163.0 42.02496
164.0 33.91488
165.0 42.139648
166.001 52.60557042957043
167.0 53.038894894894895
168.0 45.285376
169.001 48.90648551448552
170.001 38.125568
171.0 48.200776776776785
172.0 51.478528
173.0 44.728320000000004
174.0 34.930688
175.0 39.780352
176.001 51.230689310689314
177.0 49.46360760760761
178.0 44.826624
179.0 33.931264000000006
180.0 50.62656
181.0 47.88352
182.0 26.30368
183.0 19.727776000000002
184.0 27.559712
185.0 3.1835839999999997
186.001 37.12258941058941
187.0 17.25008208208208
188.001 9.695904095904096
189.0 14.799663663663663
190.001 12.970965034965035
191.0 7.804636636636636
