0.0 17.118538582677168
1.0 34.249984
2.001 40.141042957042956
3.001 39.593664
4.0 36.621133133133135
5.0 32.934336
6.0 30.594208
7.0 40.76352
8.0 39.868448
9.0 31.144192
10.0 33.473536
11.0 52.582784000000004
12.0 32.923552
13.0 39.469440000000006
14.001 40.03455744255744
15.001 39.608384
16.001 41.168127999999996
17.0 36.20013613613614
18.0 37.533504
19.0 34.635104
20.0 34.061887999999996
21.0 37.956768
22.0 40.094912
23.0 39.501792
24.001 33.63401398601398
25.001 36.088864
26.0 27.191671671671674
27.0 29.774624
28.0 32.6552
29.001 31.375568431568432
30.0 18.523867867867867
31.0 38.835264
32.0 37.876512000000005
33.0 34.152928
34.0 36.722848
35.0 34.409248
36.0 35.169760000000004
37.001 18.202373626373625
38.001 14.105472
39.0 14.562178178178177
40.0 19.130816
41.001 24.185894105894107
42.001 30.400096
43.0 24.152824824824823
44.0 24.884608
45.0 18.397504
46.001 20.73846153846154
47.0 19.786858858858857
48.0 21.255264
49.0 26.997952
50.0 22.32288
51.0 21.15904
52.0 19.340063999999998
53.0 29.850112000000003
54.0 26.059744
55.0 27.029888
56.001 24.832287712287712
57.0 26.101813813813813
58.0 31.715744
59.0 26.96
60.0 22.258176
61.0 23.778720000000003
62.0 28.965824
63.0 27.186464
64.0 33.937248
65.001 14.15601998001998
66.001 42.607584
67.0 26.45804204204204
68.0 35.792096
69.0 23.584608
70.0 14.385856
71.0 12.487872
72.0 11.873184
73.0 13.58784
74.0 17.491648
75.0 26.873728
76.0 0.38512
77.001 34.99454145854146
78.0 41.031015015015015
79.0 33.53824
80.0 34.217632
81.0 27.991328000000003
82.0 25.777696
83.0 25.838464000000002
84.0 30.960864
85.0 35.673472000000004
86.0 35.609408
87.001 30.61687112887113
88.0 32.666714714714715
89.001 35.76586613386613
90.0 34.841241241241235
91.001 39.25079720279721
92.0 31.79067067067067
93.0 27.585472000000003
94.0 34.120576
95.0 32.67552
96.001 36.02567032967033
97.001 29.54816
98.001 33.829408
99.0 30.106682682682685
100.0 32.279072
101.001 33.70127472527473
102.0 30.09588788788789
103.0 31.068704000000004
104.0 33.614144
105.0 35.12992
106.0 37.300192
107.0 29.666784
108.001 30.294313686313686
109.0 26.913089089089087
110.0 23.280991999999998
111.0 22.594624
112.0 28.864352
113.001 24.81818981018981
114.001 25.575295999999998
115.001 24.435295999999997
116.0 30.79754954954955
117.0 27.650176
118.0 22.635616000000002
119.0 26.776671999999998
120.0 21.586464
121.0 27.523872
122.0 25.607648
123.0 29.789759999999998
124.0 31.359872
125.001 22.419084915084913
126.001 28.394272
127.0 29.987939939939942
128.0 30.546304
129.0 30.938464
130.001 30.61751048951049
131.001 32.287296
132.0 30.68655855855856
133.0 34.61968
134.0 38.833184
135.0 32.624288
136.0 32.813024
137.0 29.542976
138.009 28.573653121902872
139.0 18.281654894046415
140.0 32.587776000000005
141.0 7.207104
142.0 46.121248
143.0 30.853248
144.001 33.05018181818182
145.0 32.252540540540544
146.0 33.240448
147.001 34.38813986013986
148.001 32.482687999999996
149.0 33.09555955955956
150.001 29.98077122877123
151.0 35.621669669669664
152.0 34.991584
153.0 26.069696
154.0 24.296352
155.001 34.69468131868132
156.0 32.72491691691692
157.0 28.318784
158.0 30.330208
159.001 31.998593406593407
160.0 29.71887087087087
161.0 8.159232
162.001 35.68143856143856
163.0 49.867179179179175
164.0 26.334528
165.001 36.53687112887113
166.0 30.799951951951954
167.0 37.577824
168.0 29.391488000000003
169.0 27.593919999999997
170.0 31.597344000000003
171.0 28.688384
172.001 55.76452347652348
173.0 32.967015015015015
174.0 29.067968
175.0 26.994112
