0.0 16.82335238095238
1.0 22.485584
2.0 25.822816
3.0 33.059536
4.0 23.543264
5.0 29.7864
6.0 32.0976
7.0 31.4848
8.0 33.3044
9.0 35.2836
10.0 31.287599999999998
11.001 27.19160839160839
12.0 31.08908908908909
13.0 32.9508
14.001 36.95304695304696
15.0 43.635235235235236
16.001 45.894505494505495
17.0 43.624424424424426
18.0 38.5856
19.0 35.561696000000005
20.0 42.198304
21.0 38.040383999999996
22.0 42.603376
23.001 38.87857742257742
24.0 25.08108108108108
25.001 31.882117882117885
26.001 33.6312
27.0 43.45945945945946
28.0 42.954384
29.0 18.238416
30.0 25.272000000000002
31.0 32.454
32.0 27.864
33.0 19.5832
34.0 29.557904
35.001 17.38626173826174
36.001 16.140048
37.0 24.562162162162164
38.0 22.917968000000002
39.0 19.558416
40.0 19.839616000000003
41.0 30.949424
42.0 28.450576
43.001 16.885114885114888
44.0 19.88108108108108
45.0 26.5032
46.001 34.881518481518484
47.0 12.335135135135134
48.0 16.081200000000003
49.0 11.599200000000002
50.0 7.938
51.0 27.8208
52.0 21.480207999999998
53.0 26.291504
54.0 24.352896
55.001 21.73129270729271
56.0 45.133789789789795
57.001 38.69925274725275
58.0 32.7351991991992
59.0 31.405296
60.0 25.446272
61.0 38.134064
62.001 46.77533666333666
63.0 26.060236236236236
64.0 24.023824
65.001 13.564835164835166
66.001 13.751184
67.001 17.879216
68.0 13.535231231231231
69.0 24.820975999999998
70.0 25.050704000000003
71.0 48.346048
72.0 39.838576
73.001 7.2385374625374626
74.001 29.229056
75.0 57.138994994994995
76.0 48.760656000000004
77.001 46.6194925074925
78.0 23.514106106106105
79.001 43.55426973026973
80.001 52.1704
81.0 37.86072472472472
82.0 33.61528
83.0 27.2312
84.0 44.302336000000004
85.001 40.758265734265734
86.0 41.99702102102102
87.0 42.811392
88.001 33.938541458541465
89.0 39.032952952952954
90.0 53.706752
91.0 52.1532
92.001 44.4187012987013
93.001 28.818144
94.0 36.37608808808809
95.0 51.465952
96.0 35.74448
97.001 39.9785974025974
98.0 27.537953953953956
99.0 38.17472
100.0 51.331072
101.0 43.894591999999996
102.001 40.84964635364636
103.0 35.327391391391394
104.0 29.786112000000003
105.0 51.594752
106.0 38.794048000000004
107.0 43.22496
108.0 20.677216
109.0 35.913728000000006
110.0 38.991808
111.001 37.23601198801199
112.001 41.653392000000004
113.001 29.841616000000002
114.0 35.408464464464465
115.0 43.604608
116.001 30.08059140859141
117.0 29.35746946946947
118.0 27.629584
119.0 38.068752
120.0 33.42288
121.0 20.64872
122.001 39.52851948051948
123.0 32.54838838838839
124.0 33.514832000000006
125.001 29.673814185814187
126.0 29.78312712712713
127.001 49.20110289710289
128.0 37.05864264264264
129.0 30.507008000000003
130.0 52.559872000000006
131.001 51.377998001998
132.0 48.856792792792795
133.001 40.72223776223776
134.001 24.150016
135.0 52.02207007007007
136.001 53.25536863136863
137.001 31.267536
138.0 23.579643643643646
139.0 23.830688
140.0 22.606527999999997
141.001 16.895904095904097
142.0 10.621789789789789
143.0 12.680688
144.001 9.055888111888112
145.001 7.884304
146.0 13.978074074074074
147.0 24.7968
148.0 28.660112
149.0 35.04
150.0 33.74448
151.0 26.263824
152.0 23.737232
153.001 20.910129870129868
154.0 25.574374374374372
155.0 33.867744
156.0 25.660896
157.001 28.321582417582416
158.0 28.776472472472474
159.0 27.344896000000002
160.0 48.234496
161.0 44.580864000000005
162.0 47.677440000000004
163.0 40.137536000000004
164.0 18.577759999999998
165.001 37.16955044955045
166.0 27.780932932932934
167.0 28.828208
168.001 21.060539460539463
169.0 17.3612972972973
170.0 29.7128
171.0 21.447664
172.0 18.197984
173.001 22.26925074925075
174.0 29.97057857857858
175.0 17.995072
176.001 21.022593406593405
177.0 19.167567567567566
178.0 29.300400000000003
179.001 25.346637362637363
180.0 14.71610810810811
181.0 35.34824
182.001 18.60565034965035
183.0 15.876388388388389
184.001 23.501890109890113
185.0 23.14258258258258
186.001 11.798169830169831
187.001 29.402832
188.0 27.274890890890894
189.0 26.12064
190.001 24.75588411588412
191.0 16.74725925925926
192.001 20.632935064935065
193.0 23.518942942942946
194.001 21.98841158841159
195.0 19.779763763763764
196.0 21.118016
197.0 23.9328
198.0 18.212096000000003
199.0 21.008288
200.001 27.53568031968032
201.0 31.99043843843844
202.0 31.19536
203.001 38.1494985014985
204.0 30.522346346346346
205.0 40.867024
206.0 30.65768
207.0 42.021616
208.0 36.526064
209.0 22.13904
210.0 47.497216
211.0 42.115663999999995
212.001 31.899124875124876
213.0 21.3078998998999
214.001 12.823160839160838
215.001 11.388416
216.001 15.220816000000001
217.001 13.529152
218.0 14.356388388388389
219.0 13.9564
220.0 8.961184
221.0 26.50184
222.001 30.14085114885115
223.0 32.56812012012012
224.0 27.32544
225.0 26.474192
226.001 22.61978021978022
227.0 19.875475475475476
228.001 25.01608791208791
229.0 27.316308308308308
230.0 26.770528
231.0 17.993599999999997
232.001 21.906621378621377
233.0 22.754258258258258
234.0 26.412544
235.0 20.584912
236.0 22.678
237.0 26.505104
238.0 27.054000000000002
239.001 26.455144855144855
240.001 38.479568
241.0 39.827187187187185
242.0 47.742976000000006
243.0 45.760512000000006
244.001 29.30925074925075
245.0 23.22296696696697
246.0 37.077951999999996
247.0 24.80848
248.0 16.166864
249.0 24.6564
250.001 28.35096103896104
251.0 20.857145145145147
252.001 19.8571988011988
253.0 22.178722722722725
254.0 20.424048
255.001 27.550081918081922
256.0 29.259115115115115
257.001 24.94041958041958
258.001 28.033856
259.0 26.20108108108108
260.0 27.119856
261.0 22.662831999999998
262.0 30.875536
263.0 30.287872
264.002 31.929149700598803
265.0 35.230525050100205
266.001 43.60142257742258
267.001 44.404288
268.0 45.73142742742743
269.001 33.04155044955045
270.002 27.628563436563436
271.001 54.154122122122125
272.0 47.167551551551554
273.0 46.923776
274.0 45.54752
275.0 29.458432000000002
276.0 41.467904000000004
277.0 54.247424
278.001 48.644603396603394
279.001 43.718416
280.0 24.01018618618619
281.001 45.060091908091906
282.0 50.693637637637636
283.0 49.226704
284.0 38.5024
285.001 21.801686313686314
286.001 53.41184
287.0 52.62888488488489
288.0 47.579136
289.0 42.985312
290.001 25.468035964035966
291.0 52.15327327327328
292.001 52.27821778221779
293.0 47.53380580580581
294.0 47.734848
295.0 21.95456
296.0 46.612480000000005
297.0 47.366144
298.0 51.544064
299.001 45.79663536463537
300.001 21.823488
301.0 51.366054054054054
302.0 53.149696000000006
303.0 47.300608000000004
304.0 42.471376
305.0 31.850496
306.0 49.381375999999996
307.0 52.734048
308.0 32.679056
309.0 27.775968000000002
310.0 28.09112
311.0 31.23032
312.001 32.72367632367633
313.0 36.2888968968969
314.0 31.171792000000003
315.0 21.567616
316.001 14.75964035964036
317.0 25.589173173173176
318.0 31.234336
319.0 33.333168
320.0 29.911376
321.0 47.477008000000005
322.0 35.509728
323.0 38.217776
324.001 33.33127672327672
325.001 26.653808
326.0 45.72431631631632
327.0 35.35308800000001
328.0 47.05728
329.001 38.37623176823177
330.001 27.326608
331.0 47.889169169169165
332.0 54.28019200000001
333.001 46.89764635364636
334.0 47.91756556556557
335.0 35.578528
336.0 34.422784
337.0 57.278464
338.0 49.429456
339.0 42.469744
340.0 32.97488
341.0 36.274176
342.0 54.788095999999996
343.0 52.275296000000004
344.0 39.577487999999995
345.0 31.473664000000003
346.0 40.648704
347.0 59.129856000000004
348.0 46.066576000000005
349.0 49.80832
350.0 37.681408000000005
351.0 31.981568
352.0 56.967168
353.0 51.755968
354.0 42.986720000000005
355.0 31.42776
356.001 33.65185214785215
357.0 53.06296696696697
358.0 45.096703999999995
359.0 41.190160000000006
360.0 29.494912
361.0 40.96
362.0 58.556416
363.001 51.66013186813187
364.0 47.31898298298299
365.0 31.494704000000002
366.0 30.539776000000003
367.0 59.88352
368.0 47.519024
369.0 47.810192
370.0 28.143024
371.0 38.17472
372.0 57.196544
373.0 45.42728
374.001 48.949290709290715
375.001 30.703200000000002
376.0 35.424864864864865
377.0 57.769984
378.0 50.567519999999995
379.0 46.156
380.0 40.339375999999994
381.0 29.81888
382.0 56.623104
383.0 52.993296
384.0 46.428591999999995
385.0 37.354144
386.0 27.426816
387.0 56.901632
388.0 41.037472
389.001 39.78292107892108
390.0 21.04755955955956
391.0 37.535744
392.001 47.156731268731264
393.0 29.030934934934937
394.0 29.016016
395.0 20.880816
396.0 29.036991999999998
397.0 24.411216
398.0 21.492160000000002
399.001 26.6544015984016
400.001 24.8508
401.0 22.07681281281281
402.0 20.481392
403.0 21.168
404.0 18.457216000000003
405.0 19.494
406.0 20.120400000000004
407.0 21.8268
408.0 18.8676
409.0 17.431184000000002
410.0 10.520608000000001
411.0 14.243808000000001
412.0 11.3832
413.0 10.022784
414.0 1.760016
415.0 10.984335999999999
416.0 16.577264
417.0 16.5132
418.0 21.989904
419.0 20.389295999999998
420.0 14.364
421.001 11.97882117882118
422.0 8.38918918918919
423.0 7.8812
424.001 6.225374625374626
425.0 11.535151151151151
426.0 11.777056
427.001 11.358785214785216
428.0 7.30528928928929
429.0 7.970416
430.001 11.393406593406594
431.001 13.024784
432.0 11.740556556556555
433.0 7.5384
434.0 11.512784
435.0 11.6964
436.0 11.620816000000001
437.0 14.2128
438.0 11.172784
439.0 9.779216
440.0 10.465183999999999
441.0 17.107200000000002
442.0 12.247424
443.0 12.484688
444.001 12.267236763236765
445.0 9.056816816816818
446.0 18.06024
447.0 19.261984
448.0 17.236272
449.0 16.014144
450.001 5.704695304695305
451.0 12.860012012012012
452.0 19.671648
453.0 20.579952000000002
454.001 19.673574425574426
455.0 26.989357357357356
456.001 35.86854745254745
457.0 39.11352952952953
458.001 36.39175224775225
459.001 36.648272
460.0 24.03137537537538
461.0 21.835040000000003
462.0 29.088288000000002
463.0 40.409712
464.0 41.466063999999996
465.0 44.857504
466.0 31.850496
467.0 47.546368
468.001 53.13550449550449
469.0 45.79593993993994
470.0 41.70958400000001
471.0 30.575200000000002
472.001 38.21842157842158
473.0 58.556812812812815
474.0 50.986608000000004
475.001 46.81376223776224
476.0 28.061085085085086
477.0 39.550976000000006
478.0 55.115776
479.001 45.12744855144855
480.0 35.79084684684685
481.0 27.457151999999997
482.0 40.501248000000004
483.0 42.475344
484.0 36.5824
485.0 39.079024
486.0 33.683568
487.0 38.893519999999995
488.001 29.55393406593407
489.001 27.48504
490.001 29.65776
491.0 29.705017017017017
492.0 46.133824000000004
493.0 44.859248
494.0 46.641839999999995
495.0 33.94256
496.0 25.832416000000002
497.0 38.706848
498.0 35.317584000000004
499.001 37.86608591408592
500.0 49.51995195195195
501.0 36.15832
502.0 34.701312
503.0 52.225168
504.001 40.68891108891109
505.0 39.759359359359365
506.001 35.847192807192805
507.001 34.668544000000004
508.0 39.39904704704705
509.0 29.353168000000004
510.0 27.158016
511.001 26.22101098901099
512.001 40.010239999999996
513.0 36.73713713713713
514.0 30.184160000000002
515.0 34.5816
516.0 29.389584
517.0 40.054415999999996
518.0 22.573472000000002
519.0 20.615712
520.0 15.087616
521.0 12.0096
522.001 10.595004995004995
523.001 9.536768
524.0 12.832048048048048
525.0 25.369312
526.0 26.427504000000003
527.0 10.1196
528.0 26.330768
529.0 40.2608
530.001 45.46551048951049
