0.0 0.0
0.999 5.78601001001001
1.999 12.563360000000001
3.0 31.302073926073927
3.999 45.508292292292296
4.999 41.946464
5.999 24.73984
6.999 44.69088
7.999 53.0216
8.999 48.808384
10.0 41.4048991008991
10.999 34.29823423423423
11.999 9.109504000000001
12.999 38.043648000000005
13.999 30.78704
14.999 5.9312
15.999 0.0
16.999 6.76432
17.999 15.137984000000001
19.0 15.86877122877123
19.999 28.81463863863864
20.999 33.018624
22.0 39.56056743256743
22.999 51.152144144144145
24.0 60.4292987012987
24.999 46.34173373373373
26.0 13.698365634365635
26.999 18.6477997997998
28.0 16.429170829170832
28.999 7.545561561561562
29.999 17.701952000000002
30.999 15.620608
32.0 20.021546453546453
33.0 31.473599999999998
33.999 16.623983983983983
34.999 19.022976
35.999 17.265184
36.999 24.345088
38.0 29.630945054945055
38.999 22.648088088088087
40.0 34.69138861138861
40.999 27.685541541541543
41.999 25.647328
42.999 26.688512
44.0 23.71228771228771
44.999 26.749085085085085
45.999 23.606176
46.999 24.921024000000003
47.999 14.516064
48.999 10.535968
49.999 5.806304
51.0 39.21563236763237
51.999 34.46995795795796
52.999 40.363456
53.999 47.771584000000004
54.999 39.814528
56.0 31.82411188811189
57.0 7.308416
57.999 22.271743743743745
58.999 49.866271999999995
59.999 21.611136
60.999 22.117984
61.999 24.792416000000003
62.999 41.06832
64.0 47.251404595404594
64.999 42.47226426426427
65.999 51.319488
66.999 31.334816
67.999 40.402944000000005
68.999 65.912832
70.0 62.360679320679324
70.999 63.37114714714715
71.999 35.586048000000005
73.0 32.34244155844156
73.999 61.763907907907914
75.0 63.113590409590415
75.999 56.55950350350351
76.999 28.51248
77.999 15.647584000000002
78.999 41.515167999999996
80.0 54.594557442557445
80.999 44.94472072072072
81.999 35.424672
83.0 33.357234765234764
83.999 64.19116716716717
85.0 58.52304495504496
85.999 55.853709709709705
86.999 20.863328000000003
87.999 15.72864
88.999 32.27648
89.999 59.588608
90.999 64.538592
91.999 37.199487999999995
93.0 26.550953046953047
93.999 38.301469469469474
94.999 20.552352
95.999 11.291712
96.999 19.740128000000002
98.0 20.217798201798203
99.0 27.690592000000002
99.999 17.604964964964967
100.999 22.493888
101.999 19.457216000000003
102.999 16.893344000000003
103.999 17.02752
104.999 14.752512000000001
105.999 18.166687999999997
107.0 14.372795204795205
107.999 6.982502502502503
109.0 11.87685914085914
109.999 12.38162962962963
111.0 8.629354645354645
111.999 7.4915875875875875
112.999 7.904672
113.999 12.034944
114.999 5.995904
115.999 9.414432000000001
117.0 6.9280159840159845
117.999 6.761897897897898
118.999 6.394912000000001
120.0 10.773642357642359
120.999 10.72960960960961
121.999 7.49488
122.999 4.809664
124.0 5.0203236763236765
125.0 3.089824
125.999 2.579955955955956
126.999 3.6881280000000003
127.999 5.510624
128.999 7.5164480000000005
130.0 11.161062937062939
130.999 2.7202882882882884
131.999 0.0
132.999 0.0
133.999 0.0
134.999 23.692448000000002
135.999 25.164672
136.999 28.921152
137.999 51.77552
138.999 38.525632
140.0 34.50706093906094
140.999 26.090922922922925
141.999 21.114944
142.999 41.893888
143.999 33.54
144.999 19.565568
145.999 39.988256
147.0 24.91665134865135
147.999 24.35549149149149
148.999 22.463072
149.999 3.5587199999999997
150.999 0.0
152.0 0.0
152.999 0.0
154.0 0.0
162.999 0.0
163.999 4.906680000000001
164.999 7.019552
165.999 16.186784
166.999 24.969024
168.0 39.42595004995005
168.999 50.32632632632633
169.999 48.527008
170.999 53.81872
171.999 57.759488
172.999 15.40096
173.999 23.134207999999997
174.999 17.661952000000003
176.0 42.81772627372627
177.0 62.226432
177.999 43.03465065065065
179.0 41.802933066933065
180.0 62.980095999999996
181.0 58.294272
181.999 63.33834634634635
182.999 41.582592
183.999 31.817728
185.0 58.7598001998002
185.999 61.14930930930932
186.999 50.088064
187.999 37.617664
188.999 33.357824
189.999 58.933248
190.999 64.536576
192.0 43.121806193806194
193.0 32.931839999999994
193.999 29.91433033033033
194.999 62.603264
195.999 35.518144
196.999 23.994144000000002
197.999 29.7688
198.999 20.808416
199.999 23.142464
201.0 9.792863136863138
201.999 19.85162762762763
203.0 3.910681318681319
203.999 6.045085085085085
204.999 3.1489279999999997
205.999 0.0
206.999 0.0
208.0 0.0
209.0 22.754240000000003
210.0 17.006368
211.001 12.091108891108892
211.999 13.41701002004008
212.999 15.669152
213.999 13.296672000000001
214.999 8.637984000000001
216.004 3.644624875621891
216.999 23.728530653266333
217.999 14.547616
218.999 17.502432000000002
219.999 12.897664
220.999 22.714464
221.999 40.186112
222.999 37.681792
224.0 42.78163436563437
224.999 44.166278278278284
225.999 61.456384
226.999 60.45696
228.0 62.88444355644356
228.999 48.70918918918919
229.999 28.868608000000002
230.999 37.732352
232.0 42.93795804195805
232.999 46.1243963963964
233.999 27.158240000000003
235.0 37.40003996003996
236.0 39.649408
236.999 24.666778778778777
237.999 41.16816000000001
238.999 38.647904000000004
239.999 35.274752
241.0 49.90017982017982
242.0 54.678976000000006
242.999 40.56975375375376
244.0 26.384175824175827
244.999 25.622902902902904
246.0 16.605474525474524
246.999 25.907507507507507
247.999 11.080352000000001
249.0 25.071728271728272
250.0 41.462048
250.999 22.244548548548547
251.999 17.516736
252.999 20.586655999999998
253.999 15.895616
254.999 12.860959999999999
256.0 29.264431568431572
256.999 26.04783983983984
257.999 21.061152
258.999 19.698944
259.999 22.174336
260.999 20.13392
262.0 15.988267732267731
262.999 12.575935935935936
263.999 20.95456
264.999 14.966944
266.0 8.995644355644355
266.999 13.763363363363364
267.999 0.021568
268.999 0.0
270.0 23.992647352647353
270.999 20.585001001001
271.999 2.760704
272.999 7.699776
273.999 9.975200000000001
275.0 15.438033966033966
275.999 9.596572572572574
277.0 17.021698301698304
277.999 20.05672872872873
278.999 11.80848
279.999 13.329024
281.0 13.229522477522478
281.999 5.0519639639639635
282.999 21.363104
283.999 24.759104
285.0 16.998425574425575
285.999 23.071167167167168
286.999 23.089472
288.0 27.589306693306696
288.999 19.73045045045045
290.0 31.85886113886114
291.0 14.202528000000001
291.999 3.681025025025025
293.023 1.67446875
293.999 5.159967213114754
295.0 6.4854825174825175
295.999 7.2648968968968965
297.0 9.68513086913087
297.999 1.0578898898898899
298.999 0.0
299.999 16.69488
301.0 33.07255944055944
302.0 29.796192
302.999 19.463015015015014
303.999 22.414752
304.999 21.853568
306.0 20.69536863136863
306.999 24.37202002002002
308.0 29.57512887112887
309.0 20.292608
310.0 20.460128
310.999 18.0381021021021
312.0 16.21370629370629
312.999 22.404484484484485
313.999 26.843776000000002
314.999 19.845664000000003
315.999 27.990496
316.999 22.95312
318.0 29.04461938061938
318.999 20.278230230230232
319.999 19.750688
320.999 7.709536
321.999 11.184032
322.999 29.246208
323.999 13.74016
324.999 15.270719999999999
325.999 15.133632
326.999 12.978335999999999
327.999 9.015424000000001
328.999 9.964416
329.999 7.710560000000001
331.0 4.169238761238761
332.0 24.744320000000002
332.999 9.063687687687688
333.999 20.972991999999998
334.999 17.822816
335.999 22.92992
336.999 17.189696
338.0 19.331644355644357
338.999 19.793169169169172
339.999 23.099328000000003
340.999 21.557216
341.999 15.399552
342.999 12.423168
344.0 14.877826173826174
344.999 23.41390990990991
346.0 17.09711088911089
346.999 39.529001001001
347.999 41.31904
348.999 34.475968
350.0 23.335832167832166
350.999 38.856712712712714
351.999 26.259040000000002
352.999 27.229599999999998
353.999 32.216192
354.999 28.422592
355.999 47.11088
356.999 42.126272
358.0 48.263352647352654
358.999 49.329617617617615
359.999 45.039616
361.0 30.869354645354644
361.999 59.992664664664666
363.0 35.3217022977023
364.0 17.430336
364.999 23.349173173173174
365.999 39.55968
366.999 44.529472000000005
367.999 35.385824
368.999 44.532192
370.0 38.196139860139866
370.999 35.424864864864865
371.999 27.23104
373.0 32.68817582417583
373.999 32.2092012012012
374.999 26.963232
375.999 29.222432
376.999 18.728064
377.999 21.880736000000002
378.999 19.29776
379.999 15.604448000000001
380.999 8.78896
381.999 2.91168
383.0 2.5855744255744257
383.999 0.0
384.999 21.590304
386.0 8.079184815184815
386.999 3.7134094094094094
387.999 0.0
388.999 7.624960000000001
390.0 14.381586413586414
390.999 3.898682682682683
392.0 19.745566433566434
392.999 12.651499499499499
394.0 12.05524075924076
395.0 3.535712
396.0 18.38816
397.0 12.800608
397.999 17.228492492492492
398.999 20.246752
399.999 21.35232
400.999 27.466848000000002
401.999 25.320832
402.999 26.895296
403.999 18.591616000000002
404.999 29.354048
405.999 25.460736
406.999 30.201504
408.0 18.75017782217782
408.999 29.695039039039038
410.0 20.13142057942058
410.999 18.680184184184185
411.999 13.286304000000001
412.999 19.044128
413.999 7.095872000000001
415.0 18.055928071928072
415.999 6.4824824824824825
417.0 12.491348651348652
417.999 10.060748748748749
418.999 11.053600000000001
419.999 33.30169600000001
420.999 26.447264
421.999 36.449728
422.999 19.508448
423.999 28.189376
424.999 15.020128000000001
425.999 26.68736
426.999 30.911968
427.999 29.345344
428.999 25.681376
429.999 22.434752
430.999 20.640416000000002
432.0 22.542929070929073
432.999 27.068156156156157
433.999 23.28784
434.999 27.747232
435.999 22.75984
437.0 24.622001998002
437.999 14.151975975975976
438.999 12.099648
439.999 9.673248
441.0 19.542633366633368
441.999 23.046886886886888
442.999 17.599488
443.999 16.01424
444.999 19.6808
445.999 7.179456
446.999 14.776768
447.999 10.611456
448.999 9.177183999999999
449.999 7.052736
450.999 16.117312000000002
451.999 22.478624
452.999 15.58288
453.999 25.730624
455.0 8.909458541458543
455.999 5.1707067067067065
456.999 10.611456
457.999 15.52896
458.999 11.959456000000001
459.999 7.430176
461.0 25.0692987012987
461.999 19.776064064064062
462.999 17.709184
463.999 41.743008
464.999 29.244256000000004
465.999 17.051584
466.999 29.655872
467.999 19.102048
468.999 30.396511999999998
469.999 8.336032
470.999 14.515264
472.0 11.527352647352647
473.0 15.992672
473.999 26.562466466466468
474.999 31.751616000000002
476.0 18.636979020979023
476.999 29.017113113113112
478.0 44.35366233766234
479.0 30.773312
479.999 32.50748348348348
480.999 19.14096
481.999 20.177088
483.0 27.17631168831169
484.0 33.726112
485.0 18.27888
485.999 24.234314314314314
487.0 21.38507892107892
487.999 25.140852852852852
488.999 23.40128
489.999 19.1472
490.999 14.751104
491.999 26.729344
492.999 20.063424
494.0 13.893946053946054
494.999 23.61173973973974
495.999 13.26432
496.999 19.376416000000003
498.0 20.988675324675327
498.999 23.69736136136136
499.999 25.721248
500.999 21.684416000000002
501.999 18.255328000000002
503.0 12.970965034965035
