0.0 5.5558075949367085
1.001 4.07227972027972
2.0 0.0
3.0 14.321152
4.001 22.855000999001
5.0 23.63935135135135
6.0 20.518207999999998
7.0 21.697408
8.0 26.722752
9.0 19.349248
10.0 24.9896
11.0 15.700256
12.0 34.374816
13.0 35.007584
14.0 49.787008
15.0 46.173984
16.0 48.726016
17.0 31.752192
18.001 52.47462937062937
19.0 41.5376016016016
20.0 39.48304
21.0 37.753983999999996
22.001 22.829426573426574
23.0 58.13941941941942
24.0 38.516032
25.0 40.1872
26.0 29.409088
27.0 29.9008
28.0 44.886911999999995
29.0 51.557055999999996
30.0 38.85504
31.001 36.066141858141854
32.0 27.437869869869868
33.0 53.06633600000001
34.0 33.992992
35.0 39.305856
36.0 37.065824
37.0 31.04768
38.0 48.136160000000004
39.0 39.835167999999996
40.0 40.739552
41.0 25.190048
42.0 25.657344000000002
43.001 62.68502697302697
44.0 39.83074274274274
45.0 37.970464
46.001 38.62655744255745
47.001 25.79216
48.001 51.44576
49.0 43.18292692692693
50.0 36.70336
51.001 39.54627772227772
52.001 23.625728
53.0 52.317277277277284
54.0 42.335136
55.0 35.026592
56.0 40.073952
57.0 23.592959999999998
58.001 52.245482517482515
59.001 44.577376
60.0 39.11597997997998
61.001 37.753766233766235
62.001 17.203200000000002
63.001 59.408384
64.0 42.29986786786787
65.0 40.768032
66.0 39.30601600000001
67.0 29.470368
68.0 47.452736
69.0 35.694207999999996
70.0 41.097824
71.0 34.754752
72.001 30.22053146853147
73.001 47.712480000000006
74.002 38.526625374625375
75.0 38.48734268537074
76.0 42.059839999999994
77.0 28.750528
78.0 10.125312000000001
79.0 39.305216
80.0 52.543487999999996
81.001 61.46045954045954
82.0 36.47103103103103
83.0 41.893888
84.0 40.905376
85.0 41.444160000000004
86.0 35.35232
87.0 28.18064
88.0 43.286528
89.001 48.19676323676324
90.0 40.833729729729725
91.0 36.268928
92.0 26.837376
93.0 42.51648
94.0 47.07824
95.0 38.633088
96.001 34.18626173826174
97.0 28.471095095095095
98.0 47.955968
99.0 44.956928
100.001 39.33432967032967
101.0 28.917973973973975
102.001 24.139284715284717
103.0 27.854094094094094
104.0 10.962208
105.001 37.398985014985016
106.0 32.33143543543544
107.001 28.053674325674326
108.0 43.502574574574574
109.0 42.142815999999996
110.001 41.19151248751249
111.001 38.525983999999994
112.0 31.68454854854855
113.0 40.042496
114.001 47.93267532467532
115.001 33.338271999999996
116.001 43.1248
117.0 23.228764764764765
118.0 43.741952
119.0 29.100223999999997
120.001 28.7555004995005
121.001 36.224384
122.0 30.890506506506508
123.0 40.501248000000004
124.001 34.51303896103896
125.0 38.57374174174174
126.0 32.751008
127.0 28.133856
128.0 31.91872
129.001 32.879056943056945
130.0 22.4951031031031
131.0 21.160128
132.001 23.61842957042957
133.0 12.88353953953954
134.0 20.700096000000002
135.0 20.785952
136.0 24.177728
137.001 22.157074925074927
138.001 26.522816
139.001 15.1608
140.001 7.883104
141.0 18.777753753753753
142.0 22.882336
143.0 20.582368
144.001 23.381770229770233
145.0 25.60137737737738
146.0 19.173952
147.001 13.380347652347654
148.0 10.255055055055054
149.001 11.145110889110889
150.0 11.021485485485487
151.0 9.317376000000001
152.0 8.691904000000001
153.001 0.0
154.001 0.0
155.001 13.667936
156.0 14.81664064064064
157.0 3.515584
158.0 0.0
159.0 28.124672
160.0 2.1028800000000003
161.0 24.037536
162.0 15.065248
163.0 12.099648
164.0 13.503232
165.001 7.810589410589411
166.0 12.100964964964966
167.0 19.216288000000002
168.001 23.928135864135864
169.0 20.98508108108108
170.001 19.37026173826174
171.0 23.026962962962966
172.001 29.096535464535464
173.0 34.22193393393393
174.0 36.566720000000004
175.001 35.450437562437564
176.0 39.57086686686687
177.001 23.19657942057942
178.0 33.19441041041041
179.001 35.24376423576423
180.001 23.94048
181.001 29.9256
182.0 30.00952952952953
183.0 33.41024
184.0 34.733856
185.0 32.380352
186.0 36.008256
187.0 28.470560000000003
188.0 31.5392
189.0 26.794176
190.001 23.806785214785215
191.0 27.538034034034034
192.0 20.655168000000003
193.001 20.74591008991009
194.0 33.620820820820825
195.0 36.283392
196.001 21.510073926073925
197.001 24.8504
198.0 28.86528128128128
199.0 27.089408
200.0 33.825888
201.0 13.041376
202.001 31.59685114885115
203.001 26.130656
204.0 19.37146746746747
205.0 27.860256000000003
206.0 21.24448
207.001 18.18360839160839
208.0 21.38609009009009
209.0 20.651776
210.0 23.60576
211.0 18.343584
212.0 17.782816
213.0 26.399232
214.0 22.236608
215.0 35.414656
216.0 26.032416
217.0 27.68112
218.0 28.654495999999998
219.0 25.1624
220.0 29.178176
221.001 23.420995004995007
222.0 21.157797797797798
223.001 7.724691308691309
224.0 38.29964364364364
225.0 39.501824
226.0 30.112448
227.001 25.3674005994006
228.0 26.14617817817818
229.001 41.066357642357644
230.001 28.124672
231.001 19.594528
232.0 34.32744744744745
233.0 25.806112000000002
234.0 17.006368
235.0 22.932000000000002
236.001 29.97667932067932
237.001 31.317632000000003
238.0 33.31308908908909
239.0 29.320448000000003
240.0 30.448832
241.0 28.999616000000003
242.0 34.505184
243.0 29.781024000000002
244.0 43.62224
245.0 50.433792000000004
246.0 55.538816
247.0 50.164
248.0 28.290624
249.001 42.47400599400599
250.0 44.69586386386386
251.0 32.298656
252.001 37.93467332667333
253.0 30.865553553553553
254.0 47.326048
255.0 39.583104
256.001 37.65476123876124
257.0 41.30806006006006
258.0 27.316896
259.0 49.489824
260.0 40.431968000000005
261.001 32.95469330669331
262.0 43.81334934934935
263.001 28.90351248751249
264.0 45.741933933933936
265.0 40.090559999999996
266.0 34.016224
267.0 38.746911999999995
268.0 28.717568
269.0 48.07065600000001
270.0 40.099968000000004
271.001 23.668299700299702
272.0 44.86646646646647
273.001 37.96683316683317
274.0 43.93667267267267
275.0 41.829248
276.0 40.1136
277.0 40.336928
278.0 28.754176
279.001 43.932483516483515
280.0 35.622822822822826
281.0 35.716608
282.0 40.892928
283.003 25.444243270189432
284.001 51.67554308617235
285.0 36.14206206206206
286.0 42.096095999999996
287.0 25.687488000000002
288.0 22.298624
289.001 48.41545654345654
290.001 57.737216000000004
291.0 40.596884884884886
292.001 34.57604795204795
293.001 24.501248
294.0 49.64164164164164
295.0 32.032928
296.0 39.3392
297.0 37.625856
298.0 30.071712
299.0 46.891008
300.001 43.1007072927073
301.0 39.743551551551555
302.0 35.158303999999994
303.001 30.400895104895106
304.001 42.991616
305.0 41.73802602602603
306.0 39.782176
307.0 33.312992
308.0 30.548192
309.001 45.33834165834166
310.0 39.7218978978979
311.0 33.645056
312.001 41.79896903096903
313.0 22.18058058058058
314.0 14.352384
315.0 45.154303999999996
316.0 71.362464
317.0 36.14736
318.0 30.460288000000002
319.0 33.898496
320.0 46.947776
321.0 25.142144000000002
322.0 48.566559999999996
323.0 43.209216
324.0 32.997375999999996
325.0 41.754816
326.0 37.896736
327.0 37.984096
328.001 25.147684315684316
329.001 38.748160000000006
330.001 54.325952
331.0 38.78246246246246
332.001 38.497438561438564
333.001 33.33344
334.0 31.619971971971975
335.0 50.050336
336.0 34.96448
337.001 41.93825374625374
338.0 36.24706306306306
339.0 30.736383999999997
340.0 47.475936000000004
341.001 37.01981218781219
342.0 33.97045045045045
343.001 26.915004995004995
344.001 33.42336
345.0 52.3987027027027
346.001 40.05623176823177
347.0 40.67843843843844
348.0 28.500224
349.0 30.654464
350.0 46.022847999999996
351.0 49.942176
352.0 35.266784
353.0 24.46512
354.0 30.375936000000003
355.0 61.702144000000004
356.0 31.258176
357.0 44.272448
358.001 36.1809070929071
359.0 28.405493493493495
360.0 52.740096
361.0 39.367296
362.0 39.748992
363.0 35.984128
364.001 22.52186213786214
365.0 58.71343343343344
366.0 39.034144
367.0 39.104864
368.001 32.15434165834166
369.001 30.490624
370.0 35.2443003003003
371.001 30.600055944055946
372.0 32.20734334334334
373.0 39.617152000000004
374.0 25.411583999999998
375.0 60.276736
376.0 35.197120000000005
377.0 35.20976
378.001 37.772819180819184
379.0 22.939451451451454
380.0 49.5616
381.0 30.940864
382.001 32.13423376623377
383.001 30.971648000000002
384.0 0.8692212212212213
385.001 13.45496103896104
386.001 14.186912000000001
387.0 5.915547547547548
388.0 0.172544
389.001 23.248623376623378
390.0 8.603451451451452
391.0 11.493088
392.0 11.638592000000001
393.0 11.668288
394.0 9.360512
395.0 9.985984
396.0 3.66656
397.001 10.026517482517482
398.0 32.60364364364364
399.001 28.578525474525474
400.001 34.829983999999996
401.001 29.063295999999998
402.0 35.9910950950951
403.0 29.95632
404.0 23.51744
405.001 39.54669330669331
406.001 33.364352
407.0 32.19007807807808
408.001 27.451012987012987
409.0 22.457081081081082
410.001 25.083844155844154
411.0 17.654294294294296
412.0 27.162368
413.0 18.677888
414.0 21.061152
415.001 16.728967032967034
416.001 23.8992
417.0 15.30701901901902
418.001 16.10638961038961
419.0 20.18584984984985
420.0 14.515264
421.0 20.101376000000002
422.0 18.761056
423.0 18.373856
424.0 15.782176
425.0 0.948992
426.001 29.169966033966034
427.0 15.240584584584585
428.001 13.380347652347654
429.0 9.650546546546545
430.0 7.688992000000001
431.0 9.511488
432.001 8.489302697302698
433.0 11.971427427427427
434.001 14.974785214785216
435.0 12.899779779779779
436.0 12.067296
437.0 8.783776
438.001 7.244787212787212
439.0 5.6352992992993
440.0 5.574912
441.0 2.340128
442.0 2.124448
443.001 7.024143856143857
444.0 2.785057057057057
445.0 0.0
446.0 0.0
447.001 0.0
448.001 0.0
449.001 0.776864
450.0 48.521705705705706
451.0 38.63104
452.0 40.041888
453.0 43.024992
454.0 39.715744
455.0 36.487168
456.0 50.055328
457.001 51.30942657342657
458.0 39.96819219219219
459.0 33.12096
460.0 34.308096
461.001 54.44961438561438
462.0 38.378218218218215
463.0 19.963968
464.001 33.277218781218785
465.001 29.376511999999998
466.0 61.59990390390391
467.0 50.125983999999995
468.001 38.91529270729271
469.0 34.5403003003003
470.0 27.688959999999998
471.0 53.449408000000005
472.0 33.496352
473.0 43.111552
474.001 32.57344255744256
475.001 27.688959999999998
476.0 53.94226226226227
477.001 34.03195204795205
478.0 35.558054054054054
479.0 38.282176
480.0 28.885504
481.0 46.398624000000005
482.0 36.197055999999996
483.0 41.060736
484.0 36.702336
485.0 27.756544
486.0 35.782656
487.0 36.0448
488.001 55.49353046953048
489.0 33.652244244244244
490.0 26.879648000000003
491.0 41.330400000000004
492.0 51.929632
493.0 32.319648
494.0 44.710464
495.001 34.30256143856144
496.0 41.52696696696697
497.0 40.195519999999995
498.0 39.606080000000006
499.0 30.781344
500.0 27.19744
501.001 46.745606393606394
502.0 37.831175175175176
503.001 39.55928871128871
504.0 32.55838238238238
505.0 31.932416000000003
506.001 46.764307692307696
507.0 41.75426626626627
508.0 36.751872000000006
509.0 41.297984
510.0 24.609824
511.0 48.726016
512.001 44.40174225774226
513.0 36.47561161161161
514.0 42.00368
515.001 26.31314285714286
516.0 17.335223223223224
517.0 47.677440000000004
518.0 61.024576
519.0 39.002303999999995
520.0 16.154432
521.0 50.036128
522.0 54.406912
523.0 23.127456
524.0 53.27536
525.0 32.834176
526.0 47.001599999999996
527.0 38.542016000000004
528.0 37.737055999999995
