0.0 0.0
1.0 28.136288
2.001 42.67690709290709
3.0 46.71080680680681
4.0 49.115328000000005
5.0 60.162048000000006
6.0 65.917952
7.0 56.494912
8.001 62.360679320679324
9.001 49.805312
10.0 51.94307907907908
11.0 50.37088
12.001 20.230393606393605
13.0 48.823991991991996
14.0 66.63167999999999
15.0 46.591775999999996
16.0 42.605216
17.001 28.992735264735263
18.0 57.122594594594595
19.0 59.278496
20.0 48.715296
21.0 50.527104
22.001 26.024535464535465
23.0 47.249553553553554
24.0 47.661055999999995
25.001 71.36287712287712
26.0 53.89274074074074
27.001 45.71297502497502
28.001 38.545792
29.0 21.976536536536535
30.001 59.807328671328676
31.0 68.45527127127127
32.0 62.027328000000004
33.0 19.890176
34.0 58.81856
35.001 64.09564835164835
36.0 32.21038638638639
37.0 63.012864
38.0 63.733760000000004
39.0 55.765344
40.0 50.499936000000005
41.0 20.955136
42.0 34.308096
43.001 67.64742457542458
44.001 62.291968000000004
45.0 66.02801201201201
46.0 51.572160000000004
47.0 30.47424
48.0 27.328512
49.0 51.183616
50.0 67.878912
51.0 49.774912
52.0 42.67264
53.001 51.61983616383616
54.0 10.78291091091091
55.0 14.057472
56.0 19.234816
57.0 55.312384
58.0 65.978368
59.0 52.688704
60.0 26.443776000000003
61.0 56.270464000000004
62.001 32.731108891108896
63.0 24.385441441441444
64.0 19.443552
65.0 18.57504
66.0 23.741376
67.001 13.768183816183818
68.0 24.835107107107106
69.001 21.10798001998002
70.0 17.02387187187187
71.0 25.446208
72.0 12.574944
73.001 51.305750249750254
74.0 26.16168168168168
75.0 39.67328
76.0 34.250752
77.0 34.647135999999996
78.0 43.321184
79.0 32.660096
80.001 24.080783216783217
81.0 20.820212212212212
82.0 23.907904
83.0 35.198208
84.001 41.22821178821179
85.0 33.94882882882883
86.0 40.857472
87.0 38.240064
88.0 53.374432
89.001 34.509106893106896
90.001 27.0336
91.0 61.222694694694695
92.001 47.17327472527473
93.0 48.61924324324324
94.001 49.11312687312687
95.0 28.137481481481483
96.0 50.687136
97.0 36.052448
98.0 48.558784
99.001 48.053226773226775
100.0 31.415703703703706
101.0 47.261024
102.0 28.68544
103.0 20.580032
104.0 14.30624
105.001 26.933034965034963
106.0 14.47581981981982
107.0 10.56832
108.0 11.010464
109.001 20.95056943056943
110.0 43.72346746746747
111.001 25.801526473526472
112.0 18.85933933933934
113.0 17.458047999999998
114.001 26.361670329670332
115.0 28.991551551551552
116.0 20.93888
117.0 37.727488
118.0 34.553792
119.001 16.62308891108891
120.001 13.877248
121.0 27.585473473473474
122.0 47.52208
123.0 24.913952000000002
124.0 32.618688
125.0 27.587488
126.0 14.155776
127.0 31.850496
128.0 48.201728
129.001 37.18818781218781
130.0 24.75304104104104
131.001 35.89421778221779
132.0 30.03272072072072
133.001 28.588851148851152
134.0 28.285661661661663
135.0 35.080352
136.001 32.71828971028971
137.0 28.21759359359359
138.001 24.659916083916084
139.001 27.930560000000003
140.001 28.724704000000003
141.0 27.89762562562563
142.001 30.94070729270729
143.0 37.44944944944945
144.0 47.281472
145.0 30.011776
146.0 30.441472
147.0 59.96544
148.0 65.56876799999999
149.0 66.224128
150.0 33.56288
151.001 31.03712287712288
152.0 42.050626626626624
153.001 65.15212787212788
154.001 44.02272
155.0 40.44367567567567
156.0 35.028992
157.0 44.81024
158.0 65.224704
159.001 63.011036963036965
160.0 52.551207207207206
161.001 20.033982017982016
162.0 44.47788588588589
163.0 63.193088
164.0 65.50323200000001
165.0 61.423616
166.0 27.164672
167.001 43.292387612387614
168.0 64.15836636636637
169.001 61.5914005994006
170.0 61.68190590590591
171.0 40.665088000000004
172.0 28.672
173.0 65.1264
174.001 62.00059140859141
175.0 59.549853853853854
176.0 33.816576000000005
177.0 29.81888
178.0 65.437696
179.001 63.19542857142857
180.0 65.12598998998999
181.001 44.19260739260739
182.0 32.439991991991995
183.0 59.031552000000005
184.0 64.96256
185.001 45.100947052947056
186.0 34.943647647647644
187.0 24.90368
188.0 38.764544
189.001 60.969430569430564
190.0 66.56922522522522
191.0 30.769152
192.0 28.737536000000002
193.001 50.34683716283716
194.0 61.107891891891896
195.0 61.833216
196.0 41.549824
197.0 24.73984
198.0 59.719680000000004
199.0 61.210624
200.0 61.177856
201.0 43.794432
202.0 27.328512
203.0 56.836096
204.0 58.343424
205.0 57.442304
206.001 38.169318681318686
207.001 28.033024
208.001 59.588608
209.0 61.73110710710711
210.0 62.537728
211.001 37.809230769230766
212.0 24.256192192192195
213.0 56.999936000000005
214.0 58.605568
215.001 59.840063936063935
216.002 48.85738261738262
217.0 26.26693386773547
218.0 53.280767999999995
219.0 59.572224000000006
220.001 58.07235964035964
221.0 43.93667267267267
222.0 21.79072
223.001 57.66316883116883
224.001 58.24512000000001
225.0 62.09191591591592
226.0 38.5024
227.0 29.229056
228.0 61.341696000000006
229.0 37.429055999999996
230.0 31.447136
231.001 21.385782217782218
232.0 22.991407407407408
233.0 25.164448
234.001 29.35915284715285
235.0 20.48060860860861
236.0 25.573216000000002
237.001 46.489446553446555
238.001 37.877632
239.0 48.08126526526527
240.0 24.905344000000003
241.0 45.19865600000001
242.0 27.426816
243.001 49.57755844155844
244.0 62.02631431431432
245.001 44.75623576423577
246.0 27.236772772772774
247.001 32.60432367632367
248.001 25.023616000000004
249.0 27.019403403403405
250.001 26.690845154845157
251.0 23.127639639639643
252.0 23.994400000000002
253.0 20.08736
254.005 23.94262288557214
255.0 19.629218090452262
256.0 18.636032
257.0 23.937952000000003
258.0 24.134592
259.0 24.14704
260.0 22.828063999999998
261.0 20.813119999999998
262.0 13.851232
263.001 27.572619380619383
264.0 19.65398998998999
265.0 25.064544
266.0 12.19936
267.0 14.74
268.0 35.955584
269.0 27.941344
270.001 22.720735264735264
271.001 20.845472
272.0 19.29632032032032
273.0 23.722944
274.0 24.788256
275.001 17.000151848151848
276.0 20.478142142142143
277.011 22.47077349159248
278.001 24.88830707070707
279.001 22.846048
280.0 29.063751751751752
281.001 18.29134065934066
282.0 24.31811011011011
283.001 21.449494505494506
284.001 23.42016
285.0 22.275715715715716
286.0 26.361248
287.0 23.069248
288.0 20.996448
289.001 17.075564435564438
290.0 21.665153153153156
291.001 21.557226773226773
292.0 23.845701701701703
293.0 18.76416
294.0 18.97984
295.001 15.450053946053947
296.001 21.5344
297.001 25.612000000000002
298.0 28.283067067067066
299.0 28.15632
300.001 24.067388611388612
301.0 10.978306306306306
302.001 22.99652347652348
303.0 26.077565565565564
304.001 36.14286513486513
305.001 27.043776
306.0 18.477581581581582
307.001 11.177462537462537
308.0 19.88791991991992
309.001 19.369014985014985
310.0 20.973677677677678
311.0 20.73824
312.0 20.351328000000002
313.0 20.466112000000003
314.001 22.020475524475525
315.001 21.535648000000002
316.0 22.884964964964965
317.001 16.133754245754247
318.0 15.710974974974976
319.0 17.707328
320.0 19.713151999999997
321.001 13.784551448551449
322.0 15.215055055055055
323.0 10.67616
324.0 15.000544
325.0 14.137824
326.001 39.08507492507493
327.001 43.685663999999996
328.0 51.62846046046046
329.0 43.684416
330.0 63.307776
331.0 62.815104
332.0 49.217536
333.0 32.60416
334.0 44.302336000000004
335.001 44.99574025974026
336.0 27.343215215215217
337.001 25.258965034965037
338.0 32.070694694694694
339.0 29.942944
340.0 34.975296
341.0 36.860448
342.0 32.254944
343.0 22.344448
344.0 18.987104
345.001 16.93902897102897
346.001 38.884896000000005
347.0 45.39396996996997
348.001 36.30340859140859
349.001 61.76768
350.0 62.06113313313313
351.0 52.79088
352.0 50.949376
353.0 23.789568
354.001 42.719520479520476
355.0 56.79458658658659
356.0 57.032704
357.001 62.8517082917083
358.0 24.633401401401404
359.0 39.813120000000005
360.001 60.78938661338661
361.0 62.74793193193194
362.0 64.585728
363.0 32.260096000000004
364.001 34.0283076923077
365.0 66.15921521521521
366.001 61.23131268731269
367.0 61.74750750750751
368.001 38.13658341658342
369.0 39.27895895895896
370.0 56.770559999999996
371.0 60.506112
372.0 62.47219200000001
373.001 34.175616383616386
374.001 23.691264
375.0 58.287023023023025
376.0 60.325888
377.0 57.802752
378.0 35.192832
379.001 3.6663496503496504
380.001 40.96
381.0 52.18607407407407
382.0 44.367872000000006
383.0 24.674304
384.0 25.788416
385.001 53.26027572427572
386.0 64.71597997997998
387.0 59.555839999999996
388.001 38.676715284715286
389.0 28.799103103103104
390.0 61.865984
391.001 66.25617582417583
392.001 60.12928
393.0 49.85721721721721
394.0 33.128448
395.0 50.397184
396.0 60.22758400000001
397.0 60.588032
398.0 39.452672
399.001 22.6037002997003
400.0 60.84548548548549
401.0 63.963136
402.0 38.271232000000005
403.0 25.978656
404.0 26.927648
405.0 30.210144
406.0 21.953312000000004
407.001 21.02499100899101
408.0 13.323883883883884
409.001 10.859412587412589
410.0 30.44631831831832
411.0 36.083168
412.0 41.13296
413.001 32.91904895104895
414.0 39.23369769769769
415.0 37.92336
416.001 38.22340859140859
417.0 38.31822222222222
418.0 30.27504
419.0 41.107456
420.001 39.56043956043956
421.001 34.534912
422.0 39.58512112112112
423.0 33.071328
424.0 39.174144
425.0 32.493312
426.0 31.196064
427.0 36.164415999999996
428.0 34.250944000000004
429.0 28.594592000000002
430.0 27.976192
431.0 29.347424
432.0 31.84976
433.0 26.275232
434.0 33.766304
435.0 32.78464
436.0 33.735136
437.0 57.64
438.0 49.875712
439.0 33.66912000000001
440.0 63.209472000000005
441.0 64.684032
