0.0 0.0
1.0 37.830272
2.001 59.899140859140864
3.001 56.245216
4.0 71.63278478478479
5.0 76.42144
6.0 74.945728
7.001 59.85147652347652
8.0 60.76348348348348
9.002 65.66681037924153
10.0 50.02209218436874
11.0 66.14511999999999
12.0 43.696127999999995
13.0 58.195968
14.001 50.223216783216785
15.0 41.56018418418418
16.001 28.96572227772228
17.001 44.444128
18.001 24.759168000000003
19.0 35.78054854854855
20.0 54.039136
21.001 53.48552247752248
22.001 58.010144000000004
23.001 20.80768
24.0 49.34880480480481
25.0 65.404928
26.001 66.76357242757243
27.0 65.99521121121121
28.0 28.704768
29.001 33.06261738261738
30.001 59.834368000000005
31.0 60.38627427427428
32.001 63.37547252747253
33.0 84.22880480480481
34.001 62.183064935064934
35.001 61.069792
36.0 55.68627827827828
37.0 52.953088
38.0 37.208064
39.0 28.950528
40.001 42.784991008991014
41.001 56.229888
42.0 62.81353353353354
43.0 47.316992
44.001 29.429002997002996
45.0 48.18437637637638
46.001 56.992095904095905
47.001 60.12928
48.001 49.168383999999996
49.001 24.543232
50.0 44.805893893893895
51.0 60.391424
52.001 60.363828171828175
53.0 52.71088688688689
54.001 30.672943056943055
55.0 46.33113113113113
56.0 61.8496
57.0 56.836096
58.001 45.63295904095904
59.001 29.229056
60.0 47.79076676676677
61.001 58.137830169830174
62.0 60.091067067067065
63.001 48.39908891108891
64.0 32.521993993993995
65.0 43.794432
66.001 60.936695304695306
67.0 56.205645645645646
68.001 44.639552447552454
69.001 19.922944
70.0 6.3305545545545545
71.0 49.446912
72.0 47.02176
73.0 21.816032
74.001 19.305622377622377
75.0 16.54364764764765
76.0 36.159392000000004
77.001 29.652875124875127
78.0 29.855135135135136
79.0 31.243328
80.001 34.69596003996004
81.0 27.559303303303302
82.001 19.746493506493504
83.0 27.21367767767768
84.0 25.262976
85.001 32.0663016983017
86.0 30.81788988988989
87.0 28.895136
88.001 25.753990009990012
89.0 28.241681681681683
90.0 31.141536000000002
91.001 28.161374625374627
92.0 24.714890890890892
93.001 30.594333666333668
94.001 25.743552
95.0 30.797069069069067
96.0 26.026944
97.0 23.89216
98.0 22.414752
99.0 22.034976
100.0 23.376032
101.0 24.307136
102.001 26.592063936063937
103.0 26.000912912912916
104.001 24.253794205794208
105.001 24.477248
106.001 24.618624
107.0 22.691491491491494
108.0 22.738688
109.001 22.03518081918082
110.0 0.9607367367367368
111.001 39.22531868131868
112.0 20.377177177177177
113.001 20.45404195804196
114.002 29.64485114885115
115.0 25.96588376753507
116.0 28.73936
117.0 32.821312
118.001 35.19654745254745
119.0 32.39915115115115
120.0 54.329344
121.001 61.14947452547453
122.001 56.632096
123.001 44.732735999999996
124.0 32.571195195195195
125.001 34.388395604395605
126.0 57.4342022022022
127.001 57.05472127872128
128.001 57.637888
129.001 35.995648
130.001 33.09568
131.0 63.44116916916917
132.0 58.31552
133.0 44.596192
134.0 32.900224
135.001 28.381474525474527
136.0 61.763907907907914
137.001 56.97106093906094
138.0 53.84911311311311
139.0 39.97696
140.0 22.052864000000003
141.0 28.34432
142.0 59.047936
143.0 59.768832
144.001 40.03522877122877
145.0 35.539667667667665
146.0 53.444608
147.0 55.377919999999996
148.0 58.73664
149.001 41.295536463536465
150.0 32.88280280280281
151.0 48.218112000000005
152.0 59.719680000000004
153.0 56.26265600000001
154.0 49.086464
155.001 42.146653346653345
156.0 31.718374374374374
157.001 56.68111088911089
158.001 56.590336
159.0 44.59268868868869
160.001 30.509266733266735
161.001 45.54752
162.0 53.46207007007007
163.001 45.069586413586414
164.002 20.541378621378623
165.0 31.027815631262527
166.0 59.998208
167.0 62.881792000000004
168.0 54.525952
169.0 46.432256
170.001 10.982681318681317
171.001 19.98848
172.0 57.122594594594595
173.001 55.94456743256743
174.0 35.449145145145145
175.0 36.978688000000005
176.001 33.601918081918086
177.0 30.300764764764764
178.0 29.637536
179.001 24.348323676323677
180.0 16.261317317317317
181.001 32.446689310689315
182.001 34.490752
183.0 32.89567967967968
184.0 28.547936000000004
185.0 37.626464
186.0 33.674656000000006
187.0 36.914464
188.001 37.09263536463537
189.0 38.043803803803804
190.0 29.653376
191.0 15.755647999999999
192.001 48.710777222777224
193.0 36.05298098098098
194.0 28.504832
195.001 20.299220779220782
196.0 23.21608008008008
197.001 19.45002197802198
198.001 24.538368
199.0 29.343007007007007
200.0 38.490528
201.0 28.358624
202.001 31.62191408591409
203.0 38.905657657657656
204.001 32.395444555444556
205.0 37.4227027027027
206.0 42.325248
207.0 37.214432
208.0 26.539008000000003
209.0 22.862527999999998
210.0 22.117536
211.0 20.403328000000002
212.001 18.546317682317685
213.0 18.37792992992993
214.0 17.782816
215.0 18.075456
216.0 16.5304
217.0 12.336896000000001
218.0 5.898848
219.001 0.0
220.0 6.735951951951952
221.0 27.680544
222.001 36.630953046953046
223.0 24.385441441441444
224.0 23.433632000000003
225.0 19.751103999999998
226.0 22.802560000000003
227.0 31.985344
228.0 24.630656
229.001 25.22571828171828
230.0 19.5446006006006
231.0 23.217952
232.0 25.132352
233.0 27.708416000000003
234.0 23.913952000000002
235.001 21.64533066933067
236.0 25.926534534534536
237.0 26.156384
238.0 12.272191999999999
239.0 22.657216000000002
240.0 21.783648000000003
241.0 21.570336
242.001 18.841702297702298
243.0 12.392008008008007
244.0 40.45472
245.0 16.129792
246.0 17.807456
247.0 10.67056
248.0 13.986848
249.0 24.130656
250.0 29.214272
251.0 26.76464
252.001 28.655344655344656
253.0 30.771379379379383
254.001 36.40711288711289
255.0 36.16381181181182
256.0 37.596384
257.0 35.471360000000004
258.0 32.652704
259.0 40.898368000000005
260.0 46.948352
261.0 48.714784
262.001 34.78121878121878
263.0 24.895807807807806
264.001 56.66474325674326
265.001 60.030976
266.0 57.84421221221221
267.001 39.42962637362637
268.0 22.92775975975976
269.001 61.37862137862138
270.0 61.107891891891896
271.0 57.819136
272.001 44.65278721278721
273.0 20.79570770770771
274.001 43.34149050949051
275.0 61.53430230230231
276.0 57.114624000000006
277.001 48.153574425574426
278.0 24.288992992992995
279.001 48.5955004995005
280.0 56.564980980980984
281.0 59.424768
282.001 51.94578221778222
283.0 22.763755755755756
284.001 2.258733266733267
285.0 50.693637637637636
286.001 52.88382017982018
287.001 46.36672
288.0 8.462606606606608
289.0 42.729472
290.0 59.310080000000006
291.0 38.880288
292.0 45.726432
293.0 23.330816
294.0 45.145728000000005
295.0 36.014656
296.0 43.423968
297.001 41.937998001998
298.001 23.461888
299.001 32.138495999999996
300.0 11.895863863863864
301.0 4.5616319999999995
302.001 0.3555164835164835
303.0 2.202138138138138
304.0 5.143968
305.0 35.241983999999995
306.0 50.536448
307.0 40.876224
308.001 26.97385814185814
309.0 60.45187587587588
310.0 47.945440000000005
311.0 46.12768
312.001 50.16356443556443
313.001 15.892479999999999
314.001 48.267264000000004
315.0 56.38457657657658
316.001 54.89703896103896
317.0 60.84548548548549
318.001 27.399416583416585
319.0 32.7351991991992
320.0 52.75648
321.0 55.721984
322.0 55.7056
323.0 30.932992
324.001 30.427428571428575
325.0 55.05614414414414
326.0 54.263808
327.001 56.23918481518482
328.0 26.043835835835836
329.001 39.020435564435566
330.001 53.510144000000004
331.001 41.701632
332.0 29.264272272272272
333.0 23.319872
334.001 28.520567432567436
335.0 28.02328728728729
336.001 33.49997202797203
337.0 35.082250250250254
338.001 23.704455544455545
339.001 42.884608
340.0 29.94476076076076
341.001 33.97875724275725
342.001 25.137504
343.0 22.7766006006006
344.0 31.802432
345.0 28.825632000000002
346.0 28.572416
347.0 29.33808
348.001 26.101066933066935
349.0 27.370602602602602
350.0 26.634400000000003
351.0 27.191648
352.001 25.34256143856144
353.0 22.75337737737738
354.0 31.007712
355.001 33.28760839160839
356.0 29.16442842842843
357.0 23.88448
358.0 18.310560000000002
359.0 27.239616
360.0 27.484256000000002
361.001 29.397034965034965
362.001 22.886752
363.0 20.097441441441443
364.001 24.614105894105894
365.0 24.239503503503503
366.001 24.983112887112885
367.001 27.974144000000003
368.0 22.930226226226228
369.001 33.222105894105894
370.0 24.97915515515516
371.001 24.52942257742258
372.0 22.780732732732734
373.001 21.39665134865135
374.0 23.39959159159159
375.0 21.0288
376.0 17.297536
377.001 15.58885914085914
378.0 17.481673673673676
379.001 26.78173026973027
380.0 25.565373373373372
381.0 15.375487999999999
382.0 35.975424
383.0 23.058080000000004
384.0 26.971392
385.0 28.641472000000004
386.0 25.928672
387.0 21.961408
388.0 28.007616000000002
389.0 25.567296
390.0 26.205472000000004
391.0 18.35392
392.0 35.704064
393.0 17.080223999999998
394.0 23.046624
395.0 24.681664
396.0 24.377024000000002
397.001 22.419084915084913
398.0 25.22182982982983
399.0 24.015968
400.001 23.84636163836164
401.0 27.679903903903906
402.0 26.478240000000003
403.0 22.838815999999998
404.001 26.212955044955045
405.0 23.241193193193194
406.0 23.972832
407.001 22.990065934065935
408.0 22.846910910910914
409.0 27.166624
410.0 23.922848000000002
411.001 25.683372627372627
412.001 23.045408
413.0 23.3805005005005
414.0 21.029824
415.001 8.327704295704295
416.0 18.101845845845844
417.001 9.324883116883116
418.001 22.83328
419.0 44.70512112112112
420.001 26.527200799200802
421.001 16.343776000000002
422.001 13.376928
423.0 8.247223223223223
424.0 24.335136
425.0 24.343648
426.0 26.559136
427.001 23.525178821178823
428.0 23.015847847847848
429.001 24.25436963036963
430.001 19.562176
431.0 20.26182982982983
432.0 17.064864
433.0 15.937312
434.0 15.62288
435.001 14.845506493506493
436.001 16.990208
437.001 20.311648
438.001 21.902720000000002
439.002 21.007376623376622
440.001 20.554538538538537
441.0 22.711415415415416
442.0 24.339904
443.0 19.535263999999998
444.0 31.871232
445.0 22.074848000000003
446.0 25.946304
447.0 26.631296
448.0 20.872224
449.001 18.508403596403596
450.0 13.623031031031031
451.0 6.028256000000001
452.0 4.939072
453.0 3.968512
454.0 14.677024
455.0 22.469088
456.0 24.476992
457.001 27.26786813186813
458.002 26.712935064935063
459.0 30.71006012024048
460.0 27.178176
461.001 27.718713286713285
462.0 39.45058658658659
463.001 36.69917282717283
464.0 19.926486486486485
465.001 56.992095904095905
466.0 59.07424224224224
467.0 30.762912
468.0 30.638080000000002
469.002 21.51830738522954
470.0 33.96642885771543
471.0 59.47392
472.0 55.14912
473.0 38.042624
474.0 28.377088
475.0 42.095712
476.0 30.421664
477.0 32.201024000000004
478.001 32.19228771228771
479.0 28.037221221221223
480.0 42.465088
481.0 36.695648
482.0 33.932288
483.001 34.59107292707293
484.001 26.804223999999998
485.0 31.10012412412412
486.0 17.554080000000003
487.001 15.614753246753247
488.0 16.945745745745747
489.001 20.935704295704294
490.0 34.19457857857858
491.0 34.137792000000005
492.001 33.04711288711289
493.0 35.73467867867868
494.0 25.427968
