0.0 0.0
0.999 12.748652652652652
2.0 14.398625374625375
2.999 11.274954954954955
3.999 19.401472000000002
5.0 43.86279320679321
5.999 27.4666986986987
6.999 24.734144
7.999 13.130016
8.999 9.633792
9.999 37.77632
10.999 40.271616
11.999 28.551264
12.999 35.346432
13.999 28.597696
15.0 38.897358641358636
15.999 37.78344744744745
16.999 39.337536
17.999 33.581376
18.999 26.9264
19.999 45.48208
21.0 35.07292707292707
21.999 25.010578578578578
22.999 32.482592000000004
23.999 22.149792
24.999 8.519680000000001
25.999 14.224096
26.999 33.194752
28.0 21.987804195804195
28.999 21.415623623623624
29.999 27.035488
30.999 21.718975999999998
31.999 15.561312000000001
33.0 15.642725274725276
33.999 11.086254254254255
34.999 7.139008
36.0 11.893642357642358
36.999 0.949941941941942
37.999 14.590752
38.999 2.124448
39.999 5.074496
40.999 10.299552
41.999 7.153728
42.999 17.324704
44.0 19.149202797202797
45.0 20.392544
45.999 19.441425425425425
46.999 21.854048
47.999 24.539136
49.0 25.09042957042957
49.999 26.242146146146148
51.0 16.579996003996
52.0 24.745824000000002
52.999 22.26902102102102
54.0 9.015016983016984
55.0 27.770880000000002
56.0 15.55472
56.999 25.686422422422424
57.999 16.037504000000002
58.999 22.024832
59.999 15.69632
60.999 22.535040000000002
61.999 16.093056
62.999 17.108383999999997
63.999 12.779040000000002
64.999 2.232288
65.999 5.898848
67.0 15.405714285714286
67.999 23.532652652652654
68.999 22.43072
70.0 19.123308691308694
70.999 7.091347347347348
71.999 2.7714879999999997
73.0 22.568343656343657
73.999 34.790790790790794
75.0 32.28975824175824
76.0 30.982432000000003
76.999 25.96148148148148
77.999 29.438368
79.0 30.58845154845155
79.999 36.36635035035035
81.0 36.17611188811189
81.999 33.34550550550551
82.999 33.30224
84.0 28.842901098901102
84.999 37.6065025025025
85.999 31.503392
86.999 16.704608
87.999 36.892064
88.999 12.550144000000001
90.0 43.62322477522478
91.0 16.49952
92.0 45.583968
92.999 12.953753753753753
93.999 26.338784
94.999 29.215616
95.999 29.712832
97.0 14.766353646353647
97.999 18.602154154154157
98.999 11.497216
99.999 21.020671999999998
100.999 32.646016
101.999 28.158784
102.999 41.204992
103.999 26.203200000000002
104.999 44.79312
105.999 30.244288
107.0 31.9726993006993
107.999 31.62311111111111
109.0 22.496767232767233
109.999 27.844964964964966
110.999 30.637344000000002
111.999 24.522816
113.003 41.70737848605578
113.999 47.24992771084337
114.999 37.02784
116.0 59.12839160839161
116.999 47.315923923923926
117.999 52.460224000000004
119.0 43.48790409590409
119.999 23.534574574574574
120.999 57.901056
121.999 62.357504
123.0 58.645226773226774
123.999 43.80546946946947
124.999 28.34432
125.999 56.786944000000005
126.999 58.523648
127.999 44.31136
128.999 25.752192
129.999 6.641792000000001
131.0 57.02396803196803
131.999 56.5128968968969
132.999 58.32864
133.999 44.054944000000006
135.0 28.41420979020979
136.0 63.012864
136.999 64.51917517517518
137.999 60.178432
139.0 46.140355644355644
139.999 21.878134134134136
141.0 7.74189010989011
141.999 57.81141141141141
142.999 65.536
143.999 49.430528
144.999 33.374207999999996
146.0 56.435596403596406
146.999 59.10704304304304
148.0 59.610917082917084
148.999 44.949237237237234
149.999 30.834688
150.999 47.693824
151.999 64.06144
152.999 58.898976000000005
154.0 37.973418581418585
154.999 36.99930330330331
155.999 47.316992
157.0 62.131532467532466
157.999 64.02716316316317
159.0 54.04592207792208
159.999 26.56864864864865
160.999 44.744704
161.999 62.439424
162.999 61.227008000000005
164.0 43.613218781218784
164.999 31.14436036036036
165.999 44.48256
166.999 26.778784
168.0 10.042117882117882
168.999 37.089441441441444
169.999 23.714016
170.999 26.571776000000003
171.999 42.845728
172.999 46.456576000000005
173.999 31.995552
174.999 29.392896
175.999 35.971584
176.999 31.545536000000002
177.999 31.312991999999998
178.999 23.685119999999998
180.0 30.774985014985013
180.999 36.99376176176177
182.0 46.55942457542458
182.999 34.037941941941945
183.999 33.258368000000004
184.999 22.554208
185.999 22.536672
186.999 26.105919999999998
188.0 18.03355044955045
189.0 22.16112
190.0 12.951584
190.999 17.012596596596595
191.999 17.477152
192.999 20.525664000000003
194.0 17.695648351648355
194.999 17.25322122122122
195.999 30.541919999999998
196.999 20.144512
197.999 20.586655999999998
198.999 23.891136
199.999 22.394208
200.999 22.904799999999998
201.999 13.370111999999999
202.999 17.8672
204.0 32.235828171828175
204.999 30.761161161161162
205.999 25.075295999999998
206.999 31.675296
208.0 23.52505094905095
208.999 24.572636636636638
209.999 30.39232
211.0 33.52327672327672
212.0 35.026432
212.999 26.783423423423425
213.999 46.663968000000004
214.999 21.718784
216.0 43.44548251748252
216.999 37.943703703703704
217.999 40.127264000000004
219.0 21.15967232767233
219.999 22.493341341341342
221.0 41.16481918081919
222.0 15.465472
222.999 14.033233233233235
224.0 6.830225774225775
224.999 20.412956956956958
225.999 30.924
227.0 29.691588411588413
227.999 33.95046246246246
228.999 13.30704
229.999 26.604288
230.999 42.767104
231.999 39.523360000000004
232.999 37.761248
233.999 30.566176
234.999 29.038272000000003
236.0 39.966337662337665
236.999 30.522266266266268
238.0 47.937054945054946
238.999 28.18902102102102
239.999 20.801664000000002
240.999 37.74448
242.0 34.302145854145856
242.999 25.270614614614612
244.0 29.109258741258742
244.999 17.69411011011011
245.999 36.038688
246.999 25.530144
247.999 21.993824
248.999 23.596512
249.999 24.932351999999998
250.999 8.433344
251.999 11.010464
253.0 10.91327872127872
253.999 11.086254254254255
255.0 34.61252347652348
256.0 31.512704000000003
256.999 28.1485005005005
257.999 19.199840000000002
258.999 26.115744
260.0 30.41106093906094
260.999 33.911319319319325
262.0 25.931156843156845
262.999 16.50005205205205
264.0 22.58586213786214
264.999 13.471903903903904
265.999 9.155616
266.999 21.463488
267.999 2.0671999999999997
268.999 8.497792
269.999 4.626336
270.999 20.155296
272.0 10.223792207792208
272.999 7.793841841841841
273.999 8.659552
274.999 6.642944000000001
276.0 7.336567432567433
276.999 6.692772772772773
277.999 5.844928
278.999 1.7793599999999998
279.999 6.599808
280.999 14.730944
281.999 3.7744
282.999 3.677344
284.0 10.568535464535463
285.0 8.78896
285.999 4.782094094094095
286.999 8.219168
288.0 18.01107692307692
288.999 12.349245245245246
289.999 14.321152
290.999 8.681120000000002
291.999 11.280064000000001
293.0 19.723316683316682
293.999 22.89262062062062
294.999 16.305408
295.999 25.363968
296.999 9.48992
297.999 11.663103999999999
298.999 12.795008
299.999 9.511488
300.999 3.61264
301.999 1.736224
302.999 1.45584
303.999 5.273376000000001
304.999 6.95568
305.999 12.768256
307.0 11.969054945054944
307.999 10.632872872872873
308.999 0.0
309.999 27.790368
310.999 14.213312
311.999 13.623936
312.999 1.214848
314.0 17.797370629370633
314.999 16.86146946946947
316.0 13.348027972027973
316.999 16.20397997997998
317.999 11.548672000000002
318.999 16.434815999999998
319.999 8.895712
321.0 19.051924075924074
322.0 19.706688
322.999 16.91252852852853
324.0 17.043244755244757
324.999 17.120544544544543
325.999 13.458432
327.0 16.483036963036966
327.999 17.865385385385387
328.999 16.779904
329.999 17.545568
331.0 17.55355044955045
331.999 18.023335335335336
332.999 17.071072
333.999 17.933792
335.0 14.759320679320679
336.0 19.454336
336.999 14.173565565565566
337.999 16.979200000000002
338.999 12.531008
339.999 18.958272
340.999 17.933792
341.999 14.752512000000001
342.999 19.4112
343.999 20.047456
345.0 12.874005994005994
