0.0 11.201397183098592
0.999 26.619963963963965
1.999 25.652448
3.0 35.76906293706294
3.999 61.66550550550551
4.999 56.518336000000005
5.999 39.112384
6.999 57.67168
7.999 41.176032
9.0 24.011316683316682
9.999 61.025889889889896
10.999 60.342272
11.999 48.643456
13.0 39.076379620379626
14.0 27.60704
14.999 61.206294294294295
15.999 42.268352
16.999 44.753824
18.0 36.58453546453547
18.999 29.225513513513516
19.999 39.431104
20.999 38.129728
21.999 35.112704
22.999 28.489536
23.999 30.455808
24.999 46.322528
26.0 58.85014185814185
26.999 50.187915915915916
28.0 38.844355644355645
29.0 30.96576
29.999 50.93964364364364
30.999 55.476224
32.0 49.29288311688312
33.0 29.50064
33.999 12.562706706706708
34.999 35.192832
36.0 30.3367032967033
36.999 22.665321321321322
37.999 24.796256000000003
39.0 40.97646353646354
39.999 39.485309309309315
40.999 47.150528
41.999 47.686432
42.999 39.17088
43.999 20.15232
44.999 56.983552
45.999 58.343424
46.999 57.655296
48.0 57.445466533466536
48.999 49.15388988988989
49.999 57.10128
50.999 54.87708800000001
51.999 42.30832
53.0 44.9459020979021
53.999 48.92201001001001
54.999 55.05232
55.999 55.77776
56.999 62.620192
57.999 58.70768
59.0 61.90296103896104
59.999 66.86295895895896
60.999 73.74464
61.999 61.170272
62.999 57.294848
63.999 22.528
64.999 26.05056
65.999 54.263808
66.999 59.47392
67.999 55.312384
68.999 27.0336
69.999 45.531136
70.999 48.627712
72.0 57.270345654345654
72.999 58.844636636636636
74.0 31.52405994005994
75.0 44.40064
75.999 60.18946946946947
77.0 64.22658941058941
77.999 57.99181581581582
78.999 30.703616000000004
79.999 30.638080000000002
80.999 58.032128
82.0 59.69275524475525
82.999 63.026738738738736
83.999 27.131904
85.0 40.01886113886114
85.999 56.84378778778779
86.999 61.177856
87.999 61.702144000000004
88.999 32.3584
90.0 39.364155844155846
90.999 57.82781181181181
91.999 61.40723200000001
92.999 57.769984
93.999 30.47424
94.999 34.504704
95.999 53.706752
96.999 58.195968
97.999 55.427072
98.999 36.962303999999996
99.999 13.664256
100.999 11.223040000000001
101.999 52.740096
102.999 59.703296
104.0 18.26627772227772
104.999 31.816776776776777
105.999 56.311808
107.0 56.27192007992008
108.0 56.819712
109.0 34.553856
109.999 32.35798998998999
110.999 54.755328000000006
111.999 54.64064
112.999 56.377344
113.999 29.294592
115.0 35.0922037962038
115.999 55.00694294294294
116.999 56.557568
118.0 58.00688911088911
119.0 37.076992
119.999 26.89665665665666
121.0 54.50421578421579
122.0 57.114624000000006
122.999 55.74496096096096
123.999 39.387136
124.999 26.558464
125.999 53.035008000000005
127.0 52.93292307692308
127.999 55.958166166166166
128.999 43.49952
129.999 26.411008000000002
130.999 58.49088
131.999 51.66272
133.0 35.76586613386613
134.0 28.384288
135.0 32.538624
136.0 38.89523200000001
137.0 39.5696
137.999 40.31855855855856
138.999 33.093696
139.999 36.470784
140.999 58.310656
141.999 60.194816
142.999 57.802752
143.999 43.352064
144.999 25.493504
145.999 53.641216
146.999 55.508992
147.999 56.60672
148.999 38.797312
150.0 32.964411588411586
151.0 49.184768
151.999 56.67978378378379
152.999 58.589184
154.0 44.24171028971029
154.999 27.060660660660663
155.999 48.90624
156.999 55.771136
157.999 57.212928
158.999 46.85824
160.0 28.11959240759241
160.999 46.150726726726724
162.0 57.25397802197802
162.999 54.54773173173173
164.0 49.90491108891109
165.0 25.88672
165.999 42.08342742742743
167.0 54.70062737262737
167.999 56.28617417417417
169.0 36.7617022977023
169.999 28.881105105105103
171.0 53.91498101898102
171.999 54.35092692692693
172.999 53.41184
173.999 44.859392
175.0 36.27067332667333
175.999 38.59014214214214
176.999 55.541760000000004
177.999 56.950784
178.999 47.497216
180.0 27.64493106893107
180.999 46.87234434434435
182.0 52.77442557442557
182.999 41.98054054054054
183.999 34.902144
184.999 25.165824
186.0 58.21966833166834
187.0 37.726624
187.999 7.281521521521522
189.0 51.67261538461538
190.0 23.642112
191.0 48.764480000000006
191.999 17.547691691691693
192.999 43.59708800000001
193.999 30.452768
195.0 28.856295704295707
195.999 32.22745945945946
196.999 30.897184000000003
197.999 32.264896
198.999 27.779072
199.999 29.9008
200.999 56.475648
201.999 53.73952
202.999 55.803904
203.999 53.836096
204.999 32.768
206.0 35.877850149850154
207.0 55.803904
208.0 58.146816
208.999 58.155819819819826
210.0 31.851412587412586
210.999 34.70324724724725
211.999 35.807008
212.999 32.124512
213.999 24.30928
214.999 21.551360000000003
215.999 31.484096
216.999 31.608096000000003
217.999 22.019872
219.0 10.622401598401598
220.0 27.590656
220.999 38.53677677677678
221.999 51.580928
222.999 40.928000000000004
223.999 45.241472
224.999 16.384
226.0 16.9404995004995
226.999 57.3522002002002
227.999 60.882944
228.999 60.162048000000006
229.999 23.953408
230.999 52.199424
231.999 56.557568
232.999 60.473344
233.999 57.790016
235.0 24.808343656343656
235.999 39.26255855855856
236.999 42.112032
237.999 34.903264
239.0 32.93084515484516
240.0 22.119936000000003
240.999 50.882626626626624
241.999 39.368864
242.999 38.752512
243.999 38.689664
244.999 28.528288
245.999 43.58144
246.999 60.414848
247.999 50.215488
248.999 47.88352
249.999 28.409856
250.999 32.210944
251.999 55.62368
252.999 65.732608
254.0 40.19558041958042
254.999 36.39248848848849
255.999 33.554432
256.999 53.841568
257.999 39.059648
259.0 37.441726273726275
259.999 26.965109109109108
261.0 41.704727272727276
262.0 40.567136
262.999 37.02406406406406
264.0 42.08537062937063
264.999 30.849153153153154
265.999 39.288832000000006
267.0 59.74777222777223
268.0 40.088352
268.999 47.90624224224224
269.999 35.4832
271.0 18.675468531468532
272.0 23.166976
273.0 41.730048000000004
273.999 54.318126126126124
274.999 27.295744
276.0 44.92915084915085
276.999 33.86682682682683
277.999 56.410112000000005
278.999 52.363264
279.999 25.346048
280.999 36.470784
281.999 58.277888
282.999 51.205856000000004
283.999 33.940768
284.999 29.977856
286.0 19.095752247752248
286.999 35.91687687687688
287.999 45.408832000000004
288.999 24.565952000000003
289.999 13.778304
291.0 47.858957042957044
292.0 47.844448
292.999 33.82880480480481
294.0 32.65365034965035
294.999 29.76467667667668
295.999 30.736383999999997
296.999 39.4856
297.999 38.078303999999996
298.999 31.713472000000003
299.999 29.266656
300.999 37.158912
301.999 56.983552
302.999 50.498272
303.999 38.34848
304.999 37.017504
305.999 27.295744
307.0 53.964083916083915
308.0 56.281792
308.999 46.98826826826827
310.0 35.31655544455545
311.0 25.47712
311.999 42.69024224224224
313.0 60.969430569430564
313.999 46.72887287287288
315.0 19.63793006993007
315.999 21.008912912912916
316.999 61.865984
317.999 48.425343999999996
318.999 29.76512
320.0 33.90455944055944
320.999 28.20868868868869
321.999 25.863776
322.999 46.221184
323.999 45.327072
324.999 28.563712
325.999 29.944448
327.0 39.45488111888112
327.999 37.816024024024024
328.999 35.600480000000005
330.0 20.999224775224775
330.999 38.01612812812813
332.0 32.19260739260739
332.999 30.66673073073073
333.999 17.551168
334.999 22.348224
335.999 31.167168000000004
336.999 23.91872
337.999 32.168864
338.999 30.223616000000003
340.0 28.65301098901099
340.999 31.62006806806807
341.999 25.860032
342.999 22.516992
343.999 9.802656
344.999 36.030144
346.0 34.08364435564435
346.999 34.36130530530531
348.0 32.1802037962038
348.999 33.20402002002002
349.999 39.719488
350.999 27.918336
351.999 48.889856
352.999 61.063168
354.0 62.704399600399604
355.0 43.835936000000004
355.999 28.602298298298297
356.999 41.28768
357.999 52.330496000000004
358.999 57.18016000000001
360.0 57.71227172827173
360.999 27.81507907907908
361.999 38.731775999999996
362.999 56.901632
363.999 58.867712
364.999 55.345216
365.999 20.054016
366.999 47.316992
367.999 58.654720000000005
368.999 59.080704
369.999 55.391136
371.0 18.544527472527474
371.999 11.234274274274274
372.999 36.83123200000001
373.999 52.789248
374.999 60.29312
375.999 33.521664
376.999 49.463296
377.999 52.248576
378.999 30.998528
380.0 24.649654345654344
380.999 32.538394394394395
382.0 40.98455144855145
382.999 58.61503103103103
383.999 38.13968
384.999 34.322784
385.999 24.03248
387.0 46.9751048951049
387.999 39.8531011011011
389.0 35.660627372627374
389.999 35.53172372372372
390.999 26.802752
391.999 42.561792000000004
392.999 35.955072
393.999 30.216768000000002
394.999 17.674975999999997
395.999 25.088511999999998
396.999 57.229312
397.999 47.305856
398.999 28.189376
399.999 41.065472
401.0 34.430337662337664
401.999 42.01782582582583
