0.0 7.618399999999999
1.0 32.8536
2.0 36.239951999999995
3.0 26.367648000000003
4.001 21.815784215784216
5.001 27.313200000000002
6.0 28.57334134134134
7.001 31.07777022977023
8.0 30.691891891891895
9.0 37.0332
10.0 32.238
11.0 38.221199999999996
12.0 22.2696
13.001 14.47621178821179
14.001 14.129312
15.0 9.04064064064064
16.0 13.432384
17.0 15.292816
18.0 10.638
19.0 9.633600000000001
20.0 13.986
21.0 19.3104
22.0 13.467600000000001
23.0 33.2344
24.0 38.2832
25.0 46.16552
26.0 40.466496
27.0 40.77
28.001 36.91530869130869
29.001 31.854576
30.0 39.87533133133133
31.0 48.616544000000005
32.0 46.419968000000004
33.0 40.088032
34.0 46.975504
35.0 45.88608
36.0 46.679472000000004
37.0 45.916544
38.0 44.1396
39.0 44.398592
40.001 44.93463336663337
41.0 44.56526926926927
42.0 45.420224000000005
43.001 40.9757922077922
44.001 33.799040000000005
45.0 40.43232032032032
46.0 45.694816
47.0 45.989184
48.0 39.741216
49.0 34.5168
50.0 44.701184000000005
51.0 37.008544
52.001 42.480175824175824
53.0 46.69190790790791
54.003 40.40039880358923
55.0 47.51133400200602
56.0 39.17792
57.0 40.76368
58.0 42.154176
59.0 47.137584000000004
60.0 46.53984
61.0 39.9384
62.0 47.195983999999996
63.0 46.2564
64.0 46.657856
65.0 40.69256
66.001 48.23856143856144
67.0 40.35675675675676
68.0 41.0076
69.0 52.5204
70.0 45.905456
71.0 44.1284
72.0 48.332800000000006
73.0 42.490144
74.001 28.09508891108891
75.0 14.389077077077078
76.001 41.48995004995005
77.0 43.20211411411411
78.0 34.710032
79.0 37.607312
80.0 40.680848
81.0 36.2772
82.0 48.664784
83.001 41.19322277722278
84.0 50.832432432432434
85.0 7.214384
86.0 40.538368000000006
87.0 46.498832
88.0 44.139616000000004
89.0 42.49
90.0 44.504
91.001 44.09548851148851
92.0 47.718918918918924
93.0 42.811312
94.0 46.634288
95.0 47.412016
96.0 39.228384
97.0 43.47912
98.0 38.792592
99.0 39.744
100.0 32.972288
101.0 33.760816
102.0 42.5304
103.0 29.6568
104.0 33.069584000000006
105.001 33.77024575424576
106.001 27.9288
107.0 25.405405405405407
108.0 21.524400000000004
109.0 32.5836
110.0 35.056784
111.0 38.3292
112.0 44.323216
113.001 46.41475324675324
114.0 44.0652972972973
115.0 47.163888
116.0 43.480512000000004
117.0 39.0852
118.0 45.1036
119.0 47.483728000000006
120.001 43.900835164835165
121.001 49.357536
122.0 45.12432432432433
123.0 43.956095999999995
124.0 46.461504000000005
125.0 40.446
126.0 43.945184000000005
127.001 46.45603996003996
128.0 0.769873873873874
129.001 38.70091508491508
130.0 41.77297297297297
131.0 43.526784
132.0 40.767199999999995
133.001 47.41706293706294
134.0 46.62893293293293
135.001 38.67895304695305
136.0 45.55675675675676
137.0 42.9516
138.001 45.43335064935065
139.0 42.81588788788789
140.0 43.518944000000005
141.0 40.435184
142.0 38.68384
143.001 45.62376823176823
144.0 42.972972972972975
145.0 38.329184000000005
146.0 37.476016
147.001 26.78387212787213
148.0 33.29539139139139
149.0 38.061104
150.0 41.639728000000005
151.0 42.34632
152.001 43.42706893106894
153.003 39.60697804391218
154.0 47.49889669007021
155.001 47.42917882117882
156.0 43.65946746746747
157.0 46.056608000000004
158.001 38.50669330669331
159.0 29.007967967967968
160.0 41.35064
161.001 48.48223776223776
162.0 38.091707707707705
163.0 42.853663999999995
164.001 29.055328671328674
165.0 39.016216216216215
166.0 36.234112
167.0 38.815104
168.0 37.106512
169.001 43.725218781218786
170.0 40.751695695695695
171.001 41.60711288711289
172.001 42.52648000000001
173.0 33.64830430430431
174.0 45.484544
175.0 37.674064
176.0 47.203136
177.001 34.95713886113886
178.0 42.19955955955956
179.001 39.87187212787213
180.0 45.94594594594595
181.0 41.132288
182.0 45.516208
183.0 44.895504
184.0 39.3768
185.0 37.519296000000004
186.001 40.96652147852148
187.0 38.4615015015015
188.0 36.183375999999996
189.001 30.50108291708292
190.001 34.08987200000001
191.0 39.44864864864865
192.001 45.44989410589411
193.001 40.719888
194.001 35.371328000000005
195.001 46.6696
196.0 47.721177177177175
197.0 43.858336
198.0 46.742864000000004
199.0 44.307344
200.0 38.51758400000001
201.001 33.813914085914085
202.0 38.069829829829835
203.0 34.308016
204.001 40.716995004995006
205.0 44.94335935935936
206.0 36.4796
207.001 28.993406593406597
208.001 26.003696
209.0 34.394314314314315
210.0 31.741200000000003
211.0 29.7864
212.0 19.6128
213.001 9.626757242757243
214.0 8.072888888888889
215.001 12.456343656343657
216.001 10.2384
217.001 9.098799999999999
218.001 7.959600000000001
219.0 8.1165005005005
220.0 7.692016
221.0 6.296399999999999
222.001 7.876123876123876
223.0 6.378378378378378
224.001 6.141858141858142
225.0 4.0188188188188185
226.0 3.3156
227.0 4.7412
228.001 10.951048951048952
229.0 13.416216216216217
230.001 6.012387612387613
231.0 8.81081081081081
232.0 7.2172
233.0 5.6968000000000005
234.0 5.586399999999999
235.0 4.752
236.0 4.2472
237.0 3.5368000000000004
238.0 3.448
239.001 3.4497502497502497
240.001 2.6244
241.0 3.332532532532533
242.0 2.3328
243.001 0.8279560439560439
244.001 4.989616
245.001 2.0304
246.0 0.4216056056056056
247.0 4.247216000000001
248.0 4.3712
249.001 5.291764235764236
250.0 4.654398398398398
251.0 4.0392
252.0 3.5964
253.001 4.579676323676324
254.0 3.7895175175175178
255.001 2.816
256.0 3.9675675675675675
257.0 3.8016
258.0 3.061456
259.0 2.597744
260.001 0.7012987012987013
261.0 0.518918918918919
262.0 7.0848
263.001 2.762037962037962
264.001 6.3504
265.0 5.243227227227227
266.0 7.192816
267.0 7.1712
268.0 7.246784
269.0 8.402415999999999
270.0 9.9144
271.0 12.031296000000001
272.0 9.320288000000001
273.0 6.544816
274.0 5.351056
275.0 6.337344
276.001 10.300883116883117
277.0 6.259475475475476
278.001 4.132267732267732
279.0 2.9513513513513514
280.0 10.619296
281.0 16.148688
282.0 23.922
283.0 36.396
284.0 30.531599999999997
285.0 14.472
286.0 8.888384
287.001 5.567248751248751
288.001 5.389296000000001
289.001 6.609504
290.001 7.594624
291.0 9.522098098098098
292.0 8.534799999999999
293.0 9.382384
294.001 9.095304695304696
295.0 8.838278278278278
296.0 7.354816
297.0 4.4172
298.001 4.944255744255744
299.001 8.2808
300.0 6.85965965965966
301.001 6.726873126873127
302.0 7.6676676676676685
303.0 7.7948
304.0 9.028799999999999
305.001 7.358241758241759
306.0 7.718902902902903
307.001 8.189026973026973
308.0 9.556756756756757
309.0 8.877600000000001
310.0 7.954016
311.001 8.286113886113887
312.0 9.794594594594596
313.0 8.0352
314.0 5.724
315.001 5.739844155844156
316.0 13.362178178178178
317.001 6.926673326673327
318.001 7.7112
319.0 5.308108108108108
320.0 7.203600000000001
321.0 6.2236
322.0 11.1564
323.0 11.2292
324.0 10.724384
325.0 8.769616000000001
326.0 15.951584
327.0 10.32776
328.001 12.944111888111888
329.0 17.17836236236236
330.001 10.73528071928072
331.001 6.3748000000000005
332.0 5.921521521521521
333.0 5.2812
334.0 3.618
335.0 2.5380000000000003
336.001 0.17262737262737263
337.001 10.3788
338.0 4.7891731731731735
339.0 4.2336160000000005
340.0 5.994
341.0 10.0008
342.0 11.566896000000002
343.0 12.681904000000001
344.001 12.383216783216783
345.0 11.91147947947948
346.0 8.912032
347.001 15.77381018981019
348.0 11.567583583583584
349.0 14.347984
350.0 12.171232
351.001 13.124731268731269
352.0 13.21656056056056
353.001 13.745454545454546
354.0 12.540636636636636
355.001 14.68401998001998
356.0 17.307963963963964
357.0 17.085744
358.0 16.848
359.001 18.125874125874127
360.0 19.021805805805805
361.0 15.654416
362.0 19.0296
363.0 14.8716
364.0 14.256
365.0 16.077824
366.0 15.87936
367.0 16.988416
368.0 17.7012
369.001 21.51127272727273
370.0 24.175375375375378
371.0 24.807616000000003
372.0 28.918816
373.0 32.792384
374.0 30.51
375.001 35.24835164835165
376.0 32.03241641641642
377.001 33.986029970029975
378.0 37.70865265265265
379.0 38.77155200000001
380.0 31.751904
381.0 33.3936
382.0 41.957983999999996
383.0 37.578272
384.0 39.372784
385.0 39.300160000000005
386.0 34.3332
387.0 36.7956
388.001 33.02577422577423
389.001 31.711728
390.0 38.11598798798799
391.0 38.324160000000006
392.001 33.64577822177822
393.0 36.27028628628629
394.0 38.285984
395.001 45.74857142857143
396.001 44.560176
397.001 3.82672
398.001 29.908016
399.001 43.748
400.0 46.35675675675676
401.001 39.47772227772228
402.0 35.66922122122122
403.001 38.448399600399604
404.0 35.17837837837838
405.0 32.8888
406.0 24.086256000000002
407.0 19.763216
408.001 18.148395604395606
409.0 15.794594594594596
410.0 14.958
411.001 14.47912087912088
412.0 24.552664664664665
413.0 34.02896
414.0 15.309328
415.0 20.2016
416.0 12.587216
417.0 10.473360000000001
418.0 10.868176
419.0 6.8356639999999995
420.0 8.843152
421.0 11.482448
422.001 14.360439560439561
423.001 9.277184
424.001 14.871712
425.0 9.329633633633634
426.0 10.7352
427.001 7.8089910089910095
428.0 9.461845845845847
429.0 7.0120000000000005
430.0 5.4836160000000005
431.0 6.134399999999999
432.0 6.906784
433.0 9.066416
434.0 7.241600000000001
435.001 3.6303696303696302
436.0 4.508108108108108
437.001 6.408775224775225
438.001 4.952
439.0 5.561977977977978
440.0 6.317984000000001
441.0 6.310016
442.001 4.474725274725275
443.001 5.421600000000001
444.001 6.215584
445.0 6.945761761761761
446.0 7.066384
447.001 8.315300699300698
448.0 10.64864864864865
449.0 10.206
450.0 10.0332
451.001 12.806793206793207
452.0 11.221621621621622
453.0 10.8756
454.001 9.321878121878122
455.0 7.51911911911912
456.0 7.8352
457.0 7.001296000000001
458.0 8.823504000000002
459.0 7.0928
460.0 4.5252
461.0 5.6592
462.0 7.678800000000001
463.0 7.3116
464.0 7.5412
465.0 6.490784
466.0 5.5808159999999996
467.001 5.3434565434565435
468.0 7.3520720720720725
469.0 7.40528
470.001 7.717082917082918
471.0 9.39179179179179
472.0 7.4224
473.0 7.2223999999999995
474.0 8.110800000000001
475.0 7.4736
476.001 7.336663336663337
477.0 6.761817817817818
478.0 5.924128
479.0 5.3784160000000005
480.001 4.337262737262738
481.0 5.6000000000000005
482.0 6.588
483.001 7.911288711288711
484.001 9.28
485.001 8.2672
486.0 9.318902902902902
487.0 8.845216
488.001 7.358241758241759
489.0 9.762162162162161
490.0 7.057984
491.0 7.792015999999999
492.0 6.8472
493.001 8.116283716283716
494.0 6.508108108108108
495.0 7.622
496.0 7.9272
497.0 7.5600000000000005
498.001 7.002197802197802
499.001 6.8688
500.0 5.189557557557558
501.001 6.7348971028971025
502.0 7.51071071071071
503.001 10.853946053946055
504.0 9.621621621621621
505.001 5.915284715284716
506.001 6.3152
507.0 6.908092092092092
508.0 7.992016
509.0 7.2792
510.0 10.646384
511.0 12.87152
512.001 14.294617382617382
513.0 13.783783783783784
514.0 13.084752
515.001 14.020027972027973
516.0 13.664864864864866
517.0 12.2904
518.0 12.193200000000001
519.001 9.861338661338662
520.0 9.870254254254254
521.0 15.8708
522.001 9.8314005994006
523.0 9.532332332332333
524.0 12.663184
525.0 14.525472
526.0 12.727968
527.001 13.642789210789212
528.0 15.494694694694696
529.0 12.417200000000001
530.0 15.902656
531.0 14.107040000000001
532.0 18.233904
533.0 10.2332
534.0 8.9692
535.0 13.824
536.001 14.384815184815185
537.0 15.932316316316317
538.0 13.608016
539.0 10.087200000000001
540.0 8.413200000000002
541.0 9.658
542.001 9.351448551448552
543.0 12.951351351351352
544.001 15.38527072927073
545.0 14.80024024024024
546.0 14.920288000000001
547.0 14.6232
548.0 15.476384
549.0 14.374816000000001
550.0 4.644
551.0 6.3288
552.0 7.411600000000001
553.0 5.805184000000001
554.001 9.885330669330669
555.0 4.2594594594594595
556.001 6.160639360639361
557.001 4.5388
558.0 3.4184744744744746
559.001 5.324771228771229
560.001 3.318448
561.001 7.4168
562.0 7.47027027027027
563.0 6.9876000000000005
564.001 5.73986013986014
565.001 5.259600000000001
566.0 3.8054054054054056
567.0 3.8584
568.001 0.9682157842157842
569.001 5.497216000000001
570.001 1.9548
571.001 0.2376
