0.0 13.19920792079208
1.0 64.941248
2.0 62.784448
3.0 58.204192000000006
4.0 56.472864
5.0 55.095456
6.0 47.212352
7.001 44.59038561438562
8.0 33.82278278278279
9.001 61.42772427572428
10.0 52.36913713713714
11.001 37.25954045954046
12.0 27.46195795795796
13.0 25.240416000000003
14.0 53.612384
15.0 39.695552000000006
16.0 38.435199999999995
17.0 39.986624000000006
18.0 23.10144
19.001 51.88075924075924
20.0 40.333933933933935
21.0 39.352000000000004
22.001 36.91984815184815
23.001 32.92976
24.0 20.00848848848849
25.001 58.503480519480526
26.0 36.34005205205205
27.0 39.491008
28.0 31.065888
29.0 31.096832
30.0 48.045216
31.0 34.98224
32.0 35.76784
33.0 31.200448
34.0 27.784704
35.0 39.254176
36.0 28.663872
37.001 29.546197802197803
38.0 21.845685685685687
39.001 36.80773626373626
40.001 57.595839999999995
41.0 46.316908908908914
42.001 39.60877522477522
43.0 48.68209009009009
44.0 56.941952
45.0 57.198336000000005
46.0 50.296576
47.0 34.104928
48.0 46.769408000000006
49.0 30.572544
50.001 33.55364635364636
51.0 64.19116716716717
52.0 62.75072
53.001 60.592975024975026
54.001 34.209792
55.0 35.260860860860866
56.0 57.032704
57.0 62.83264
58.001 59.66001998001998
59.0 27.51987187187187
60.001 33.38997002997003
61.0 56.90938938938939
62.001 65.63420579420578
63.001 58.851328
64.0 30.143935935935936
65.001 30.88572227772228
66.0 63.22354354354354
67.001 56.992095904095905
68.0 59.927063063063066
69.0 36.962303999999996
70.0 36.24140800000001
71.001 59.283564435564436
72.0 62.14111711711712
73.001 61.967856143856146
74.0 30.980356356356356
75.0 32.636928
76.0 52.396032
77.0 66.19136
78.0 63.045632
79.001 36.336143856143856
80.0 32.636796796796794
81.0 54.55872
82.0 61.095936
83.0 60.899328000000004
84.001 48.890117882117885
85.0 7.445781781781783
86.001 27.072063936063937
87.001 59.244544000000005
88.0 64.61757757757758
89.0 45.252608
90.0 41.320448
91.0 53.346303999999996
92.0 64.454656
93.001 61.6896063936064
94.0 47.47915915915916
95.0 30.654464
96.0 37.715968000000004
97.0 57.409536
98.0 60.915712
99.0 49.23392
100.001 22.75100899100899
101.001 54.755328000000006
102.001 55.771136
103.0 57.155395395395395
104.0 49.512448
105.0 38.567936
106.0 36.061184000000004
107.0 58.212352
108.0 57.704448
109.001 40.72266933066933
110.0 26.60144944944945
111.0 49.430528
112.0 59.129856000000004
113.001 56.69747852147852
114.001 45.21984
115.0 29.947131131131133
116.001 55.748155844155846
117.0 57.073393393393395
118.0 58.556416
119.001 51.19795404595404
120.001 33.390592
121.0 31.37396596596597
122.001 60.60934265734266
123.001 57.491456
124.0 52.02207007007007
125.0 38.125568
126.0 43.548671999999996
127.0 59.572224000000006
128.0 58.5728
129.001 31.069314685314687
130.0 35.73647247247247
131.0 49.102848
132.0 60.473344
133.0 65.142784
134.0 52.542432000000005
135.001 45.09282717282717
136.0 32.407191191191195
137.0 56.131584000000004
138.0 59.621376
139.001 53.305894105894104
140.0 38.913537537537536
141.0 33.972896
142.0 31.154975999999998
143.001 27.697966033966033
144.0 35.51461861861862
145.0 39.862272
146.0 53.592064
147.0 61.587456
148.0 62.226432
149.0 53.248000000000005
150.001 36.53255544455544
151.001 31.424512
152.001 61.046784
153.001 67.403776
154.0 60.96028828828829
155.0 27.754496
156.001 37.10542257742258
157.001 60.686336000000004
158.001 62.226432
159.0 60.550278278278284
160.001 38.9877002997003
161.0 37.42571371371371
162.0 59.932672
163.0 60.604416
164.001 58.43244755244755
165.0 29.717525525525527
166.0 45.973504
167.0 63.275008
168.0 50.937856000000004
169.0 63.291392
170.001 39.31505294705295
171.0 36.47449049049049
172.0 14.352384
173.0 59.8016
174.001 63.2608991008991
175.0 29.422318318318318
176.0 47.9232
177.0 62.193664
178.001 58.39971228771229
179.001 58.916864000000004
180.0 42.608240240240235
181.0 38.420480000000005
182.0 52.59264
183.001 46.025782217782215
184.0 62.419923923923925
185.001 55.07347052947053
186.0 26.18496896896897
187.0 24.788416
188.0 51.216384
189.0 61.865984
190.0 51.1328
191.0 41.12064
192.0 26.87248
193.0 14.628704
194.0 26.255936000000002
195.0 50.89065600000001
196.001 53.39636363636364
197.0 44.70912512512513
198.0 46.03904
199.0 40.730624000000006
200.0 55.721984
201.001 57.54859540459541
202.0 56.07296896896897
203.0 43.663360000000004
204.0 32.489472
205.0 47.808512
206.0 47.5136
207.0 49.020928
208.001 32.99714685314686
209.0 55.498954954954954
210.0 59.16262400000001
211.0 59.539456
212.0 32.342016
213.001 22.554597402597402
214.0 57.41780180180181
215.0 55.853055999999995
216.001 61.81814985014985
217.0 27.279087087087085
218.001 44.781842157842156
219.001 38.942208
220.0 31.85543943943944
221.0 20.764864000000003
222.001 25.533506493506497
223.0 35.35570770770771
224.001 47.67376623376624
225.0 43.77206006006006
226.001 47.238553446553446
227.0 32.902086086086086
228.0 48.398336
229.0 57.03792
230.001 47.341266733266735
231.001 47.06256
232.0 25.945433433433436
233.0 45.907968000000004
234.001 58.890741258741265
235.0 21.450634634634635
236.0 53.357568
237.0 26.31184
238.0 29.589504
239.001 57.221242757242756
240.0 60.48467667667668
241.001 63.833766233766234
242.0 40.08257857857858
243.0 32.161792000000005
244.001 59.98737262737263
245.001 48.338592
246.0 57.69183583583584
247.0 37.467072
248.0 29.556736
249.001 60.200151848151854
250.0 53.61236436436437
251.001 35.5215984015984
252.001 27.683904
253.0 27.642842842842843
254.0 22.096416
255.0 28.8472
256.0 23.24512
257.001 27.294209790209788
258.0 27.780004004004006
259.0 30.416224
260.0 26.841376
261.0 22.193472000000003
262.0 23.109856
263.0 44.954816
264.0 31.342720000000003
265.0 27.962432
266.0 21.118976
267.0 23.26432
268.001 48.41545654345654
269.0 59.17264464464464
270.001 50.55402197802198
271.001 33.834592
272.001 25.561888
273.0 3.1160760760760757
274.0 27.295744
275.0 50.38784
276.001 13.897462537462538
277.0 34.2983943943944
278.001 27.85147652347652
279.001 21.211712
280.001 19.481088
281.0 13.920096096096097
282.001 19.51673926073926
283.0 14.172316316316317
284.0 22.732672
285.001 23.27016983016983
286.0 31.398342342342342
287.0 26.406688
288.0 32.434528
289.001 34.27484515484516
290.0 28.47705305305305
291.0 19.610496
292.0 21.207776000000003
293.0 17.636192
294.0 35.274464
295.001 33.526281718281716
296.0 34.98592992992993
297.0 34.89558400000001
298.0 35.38944
299.001 39.806817182817184
300.0 36.92819219219219
301.0 37.81568
302.0 24.605952000000002
303.001 30.174593406593406
304.0 33.75884684684685
305.001 26.773354645354644
306.0 30.13717717717718
307.0 28.97776
308.0 36.575904
309.0 30.402784
310.001 25.973834165834166
311.0 24.612132132132135
312.0 23.571552
313.0 17.450784
314.001 39.94383216783217
315.0 38.83758958958959
316.0 41.15632
317.001 44.42984215784215
318.001 30.244864000000003
319.0 62.84633433433434
320.0 59.06432
321.001 65.37232367632367
322.0 47.93837037037037
323.0 55.771136
324.0 29.130752
325.0 46.219264
326.0 59.703296
327.0 62.734336000000006
328.0 57.294848
329.001 53.12933466533467
330.0 34.834450450450454
331.0 31.195135999999998
332.0 62.242816
333.0 42.497375999999996
334.0 36.892064
335.001 25.90407992007992
336.001 43.74528
337.001 27.905408
338.0 26.344296296296296
339.0 20.296512
340.0 34.963456
341.0 52.363264
342.001 55.564403596403594
343.0 54.73716916916917
344.001 48.08391608391609
345.0 33.400952952952956
346.001 25.15705094905095
347.001 38.692288
348.0 20.01624024024024
349.0 33.7384
350.0 29.215328000000003
351.0 38.624928000000004
352.0 26.542944
353.0 27.931392
354.0 31.650208
355.0 28.96048
356.0 21.65712
357.001 15.809918081918083
358.001 19.763968000000002
359.001 18.190112000000003
360.0 23.136160160160163
361.001 35.10703696303696
362.0 31.98186986986987
363.0 28.747648
364.0 22.142048
365.001 18.680359640359644
366.0 14.236252252252253
367.0 28.254080000000002
368.0 28.453792000000004
369.0 27.353408
370.001 20.66304895104895
371.0 21.661629629629633
372.0 20.396064
373.0 13.145696000000001
374.0 45.042112
375.0 28.773408
376.0 29.594752
377.0 24.288672
378.0 24.573216000000002
379.001 15.462681318681318
380.0 20.43685285285285
381.0 31.821312000000002
382.0 30.222752
383.0 31.797888
384.0 30.771712
385.0 27.848959999999998
386.0 32.525056
387.0 24.841984
388.0 26.050624
389.0 29.883712
390.0 26.546848
391.0 33.100063999999996
392.0 34.212447999999995
393.001 34.65564835164835
394.001 35.625728
395.0 24.18034034034034
396.001 37.596451548451554
397.0 31.91754954954955
398.0 31.861952000000002
399.0 32.064768
400.0 29.384128
401.0 32.86672
402.0 30.193151999999998
403.0 31.226912000000002
404.0 31.640256
405.0 30.120383999999998
406.001 32.4051948051948
407.0 29.081177177177178
408.0 27.779584
409.0 27.079872
410.0 27.330848000000003
411.0 26.372224
412.0 26.302176
413.0 27.16928
414.0 24.48608
415.001 22.10666133866134
416.0 24.418242242242243
417.0 24.123392
418.0 23.923072
