0.0 7.55869330199765
1.0 28.308
2.001 32.01802997002997
3.0 31.01344544544545
4.0 28.032608
5.0 25.617792
6.001 23.679552447552446
7.0 26.749501501501502
8.0 24.361056
9.0 27.186464
10.0 23.261088
11.001 19.425374625374626
12.0 13.664960960960961
13.0 18.904352
14.0 9.306592
15.0 29.850112000000003
16.0 27.186464
17.0 26.711968000000002
18.0 22.894432000000002
19.001 28.20472327672328
20.001 26.113664
21.0 25.453293293293292
22.0 22.124
23.001 23.924235764235764
24.001 19.482367999999997
25.0 34.70315115115115
26.001 33.14714085914086
27.0 33.269973973973975
28.0 32.351744
29.0 47.546368
30.0 44.662304
31.0 37.428096
32.001 44.24356443556444
33.0 41.96285885885886
34.001 44.49208391608392
35.0 46.86619419419419
36.0 30.539776000000003
37.0 46.20288
38.001 44.579644355644355
39.0 39.23497897897898
40.001 33.259028971028975
41.0 37.950526526526524
42.0 36.602304
43.0 35.725311999999995
44.001 34.156947052947054
45.001 34.89792
46.0 41.70621821821822
47.0 53.624832000000005
48.0 43.432896
49.001 37.33127672327672
50.001 24.936928
51.0 41.06016416416416
52.001 44.63514085914086
53.0 31.32245845845846
54.001 31.47936863136863
55.0 33.161609609609606
56.0 33.602336
57.0 33.980992
58.0 32.51376
59.0 34.941024
60.0 31.035392
61.001 38.061906093906096
62.0 32.24997797797798
63.0 34.714656000000005
64.0 30.678784
65.001 28.447296703296704
66.0 36.639167167167166
67.0 31.007168000000004
68.0 40.015456
69.001 51.57981218781219
70.001 29.911392
71.0 37.57331731731732
72.0 50.561023999999996
73.0 53.723136
74.0 55.083008
75.001 41.73746253746254
76.0 30.17673673673674
77.0 47.710208
78.001 52.261850149850154
79.001 54.55872
80.0 43.32985785785786
81.0 35.520512000000004
82.001 42.85046153846154
83.0 54.64613413413414
84.0 54.247424
85.0 44.384256
86.0 36.339712
87.0 43.08992
88.0 52.4288
89.0 55.21408
90.0 46.956544
91.0 24.946368
92.001 18.19598001998002
93.001 17.804384
94.0 16.09503903903904
95.0 15.340448
96.0 17.917408
97.0 18.516128000000002
98.0 18.839648
99.001 10.48234965034965
100.0 17.994922922922925
101.0 33.12576
102.0 27.717568
103.001 25.801878121878122
104.0 16.105833833833834
105.001 17.01651948051948
106.0 24.96172972972973
107.001 30.158225774225777
108.0 29.75666866866867
109.0 26.117792
110.001 28.18276123876124
111.001 10.223616
112.0 53.3308988988989
113.001 30.22634965034965
114.0 30.669485485485485
115.0 19.811135999999998
116.001 24.387772227772228
117.0 26.108028028028027
118.0 31.17136
119.001 23.738597402597403
120.0 16.149013013013015
121.0 35.435616
122.0 37.030752
123.0 28.304928
124.001 21.088383616383616
125.001 18.537696
126.0 29.888288288288287
127.0 28.725472000000003
128.001 32.93391408591408
129.001 37.132064
130.0 34.455735735735736
131.0 30.834688
132.0 28.917792000000002
133.0 25.570528
134.001 27.25492107892108
135.0 24.498066066066066
136.0 22.02672
137.0 22.139552000000002
138.0 19.055328000000003
139.001 20.151528471528472
140.001 19.793824
141.001 19.825568
142.0 19.166974974974977
143.0 10.601504
144.001 7.168543456543456
145.0 5.986338338338338
146.0 41.714688
147.0 30.025248
148.0 19.605312
149.001 22.318193806193804
150.0 30.067443443443445
151.0 27.524672
152.0 36.502848
153.001 30.457990009990013
154.001 27.83536
155.0 26.062574574574572
156.001 15.533554445554445
157.0 29.20136136136136
158.0 25.71984
159.0 26.280608
160.0 23.394240000000003
161.0 22.411008000000002
162.001 13.2347012987013
163.001 20.131872
164.0 25.53756956956957
165.0 23.61696
166.0 26.643392
167.001 29.277634365634366
168.001 19.779712
169.0 33.48577377377378
170.0 33.33968
171.001 28.608735264735266
172.0 50.84124124124124
173.001 40.63875324675325
174.001 45.976192000000005
175.0 44.0032992992993
176.0 34.449504000000005
177.001 37.97290709290709
178.0 50.97244444444445
179.001 54.078657342657344
180.0 49.06932532532533
181.0 35.995648
182.0 36.306944
183.0 50.069504
184.0 55.181312
185.0 49.37648
186.0 38.422048000000004
187.0 37.502976000000004
188.0 45.596672
189.0 44.89568
190.001 34.27964035964036
191.001 32.257728
192.0 32.25574374374374
193.0 44.408864
194.0 39.6368
195.001 31.27812987012987
196.0 27.243755755755757
197.0 28.278784
198.0 39.22528
199.0 52.979808
200.001 54.193230769230766
201.0 30.778874874874873
202.001 38.791288711288715
203.001 53.805056
204.001 53.133312
205.001 55.377919999999996
206.0 43.690666666666665
207.001 36.46708491508492
208.001 43.74528
209.0 53.30130130130131
210.0 56.03328
211.0 46.44864
212.0 26.689536
213.0 43.532288
214.0 52.854784
215.0 54.116352
216.001 40.886345654345654
217.001 29.261824
218.001 53.346303999999996
219.0 55.03974374374374
220.001 52.80198201798202
221.0 48.72558958958959
222.0 32.3584
223.0 41.517056
224.0 53.21523200000001
225.0 54.788095999999996
226.001 47.28608991008991
227.0 36.32688688688689
228.0 43.876352
229.0 46.268415999999995
230.0 54.755328000000006
231.0 45.809664
232.0 52.232192000000005
233.0 14.024704
234.0 19.365887999999998
235.0 37.502976000000004
236.001 25.533506493506497
237.001 26.2144
238.0 31.11155955955956
239.001 51.50893906093906
240.0 53.92451651651652
241.001 53.7022017982018
242.001 41.353216
243.001 32.636928
244.001 53.231616
245.0 38.40605405405405
246.0 19.867872
247.0 29.189376
248.0 44.498944
249.0 44.875776
250.0 52.297728000000006
251.0 52.4288
252.0 48.300032
253.0 45.891584
254.0 47.382528
255.001 46.729590409590415
256.0 37.884924924924924
257.0 32.882688
258.0 50.167808
259.0 56.803328
260.0 50.528256
261.001 38.169318681318686
262.0 43.46106106106106
263.0 40.648704
264.0 51.93728
265.0 51.920896
266.0 51.347456
267.0 40.501248000000004
268.0 41.123839999999994
269.0 46.727168
270.0 40.697856
271.0 52.658176
272.001 41.37737462537463
273.0 41.32900900900901
274.001 13.454193806193805
275.0 41.59141541541542
276.0 57.704448
277.0 55.95136
278.0 18.832288000000002
279.0 51.101696000000004
280.0 52.8384
281.0 53.69036800000001
282.001 53.456687312687315
283.001 40.124416
284.0 31.63637237237237
285.0 48.332800000000006
286.0 54.198271999999996
287.001 54.16049550449551
288.0 36.40888888888889
289.0 35.356671999999996
290.0 54.116352
291.0 54.165504
292.0 48.299488
293.0 31.666048
294.0 32.079872
295.001 43.77232367632368
296.001 39.879456
297.0 30.40912912912913
298.001 25.778285714285715
299.0 28.09487887887888
300.0 26.826240000000002
301.001 22.662937062937065
302.001 22.897536
303.0 31.46512912912913
304.0 32.633376
305.0 26.050304
306.0 27.649952000000003
307.0 31.537408
308.001 26.63534865134865
309.0 21.720152152152153
310.0 27.189792
311.001 24.51136063936064
312.0 29.890786786786787
313.0 23.781024000000002
314.001 18.031504495504496
315.0 32.22307107107107
316.001 37.99499700299701
317.001 28.239232
318.0 28.10070870870871
319.0 31.320896
320.0 26.08752
321.0 28.720992
322.001 36.00923876123876
323.001 34.14896
324.0 35.97350950950951
325.0 35.476
326.001 36.40455544455545
327.0 37.30034034034034
328.0 30.895168
329.0 40.419328
330.0 37.848672
331.0 33.034752000000005
332.001 31.590809190809193
333.0 33.5122002002002
334.0 31.45728
335.0 31.104256000000003
336.0 26.911872
337.0 25.414784
338.0 23.555552
339.0 25.641056000000003
340.0 23.61552
341.0 25.382656
342.0 26.446687999999998
343.001 4.901818181818182
344.0 33.647375375375375
345.0 8.30944
346.001 34.199240759240766
347.0 22.351247247247247
348.001 26.938213786213787
349.001 40.543552000000005
350.0 23.407023023023022
351.0 40.277216
352.001 30.083196803196802
353.0 23.22706706706707
354.001 17.680015984015984
355.001 32.231008
356.0 31.41407007007007
357.001 41.28684115884116
358.001 48.379328
359.0 17.05641641641642
360.001 26.67924075924076
361.0 55.20374774774775
362.0 47.644672
363.0 45.318144000000004
364.0 30.867456
365.0 48.480256000000004
366.0 54.362112
367.0 50.987008
368.001 52.57283516483517
369.001 34.553856
370.0 35.621669669669664
371.0 57.01632
372.0 55.738368
373.001 58.17056543456543
374.001 32.735232
375.0 34.99845445445445
376.0 55.443456
377.0 53.968896
378.0 50.593792
379.001 34.20835164835165
380.001 33.980416
381.001 55.836672
382.0 57.1717957957958
383.0 34.988096
384.001 32.506117882117884
385.0 43.28065665665665
386.0 41.091232000000005
387.0 35.180544000000005
388.001 33.14627772227772
389.0 28.66158958958959
390.0 42.003776
391.0 56.75408
392.0 42.410752
393.0 41.93152
394.0 32.53712
395.0 32.964608
396.0 56.049664
397.0 54.853632
398.001 58.00688911088911
399.0 38.967351351351354
400.0 30.162944
401.001 54.73336263736264
402.0 53.0552952952953
403.0 53.182464
404.0 37.257216
405.0 31.227904
406.001 55.28986213786214
407.0 54.170522522522525
408.001 54.24233366633367
409.0 45.31430630630631
410.0 30.670848000000003
411.0 53.149696000000006
412.0 52.985856
413.0 53.673984
414.0 43.614208
415.0 35.356671999999996
416.001 45.43654745254745
417.0 54.64613413413414
418.0 54.329344
419.0 41.648128
420.0 36.012032
421.0 46.661632
422.001 55.748155844155846
423.0 53.2356996996997
424.0 43.401216
425.0 38.912
426.0 49.332224000000004
427.0 57.212928
428.001 55.96093506493507
429.0 48.61078678678679
430.0 29.884416
431.0 32.915456
432.001 50.85423376623377
433.001 56.967168
434.001 54.525952
435.0 37.884924924924924
436.0 33.390592
437.0 55.902208
438.001 55.48627372627373
439.001 56.426496
440.0 43.100252252252254
441.0 31.784959999999998
442.001 46.320399600399604
443.001 54.919168
444.0 54.64613413413414
445.0 48.103424
446.0 13.533184
447.0 30.703616000000004
448.0 53.21523200000001
449.0 55.67283200000001
450.0 52.527104
451.001 32.17876523476524
452.001 46.956544
453.0 59.13984384384385
