0.0 36.01433379310345
1.0 33.80992
2.0 34.028016
3.001 31.50694105894106
4.0 26.694166166166166
5.0 26.039296
6.0 17.679584
7.0 17.971216000000002
8.0 22.604400000000002
9.001 10.47912087912088
10.001 20.98896
11.0 29.21942742742743
12.0 41.969088000000006
13.0 35.193216
14.0 29.061328000000003
15.0 33.406288
16.0 34.097408
17.0 38.233807999999996
18.0 37.060096
19.0 41.2828
20.0 43.968608
21.001 32.53623176823177
22.001 36.612544
23.0 30.577473473473475
24.001 27.624775224775227
25.001 22.053088
26.0 21.113753753753755
27.001 36.76310889110889
28.003 24.132534930139723
29.001 28.667366733466935
30.0 24.72908108108108
31.0 23.761168
32.0 33.743344
33.0 30.852928000000002
34.0 36.163104
35.0 31.686784
36.0 28.31496
37.0 24.236224
38.001 19.555532467532466
39.0 19.140356356356357
40.0 17.026384
41.0 22.803296
42.0 27.335520000000002
43.001 22.063936063936065
44.001 27.043200000000002
45.0 17.75091891891892
46.0 14.094432000000001
47.001 13.49209190809191
48.0 29.36083283283283
49.001 36.19185614385614
50.0 45.62773973973974
51.0 40.346303999999996
52.0 34.947072
53.0 52.297728000000006
54.0 49.556976000000006
55.001 32.35078521478521
56.001 36.716464
57.0 25.584624624624624
58.001 51.467796203796205
59.001 26.802224
60.001 28.439776000000002
61.0 22.408472472472475
62.0 22.315232
63.0 29.116704000000002
64.002 30.182195608782436
65.001 48.25468668668668
66.0 41.94847647647648
67.001 34.96126273726274
68.0 55.990966966966965
69.0 47.158496
70.001 47.27149650349651
71.0 38.59135935935936
72.001 28.807032967032967
73.0 49.34880480480481
74.0 37.564944000000004
75.001 28.01742257742258
76.0 19.64948948948949
77.0 24.428944
78.0 15.103616
79.0 21.183936000000003
80.001 21.249614385614386
81.0 24.44716716716717
82.0 35.325088
83.001 29.037154845154845
84.0 26.98898898898899
85.0 17.776799999999998
86.0 18.2844
87.001 10.83347052947053
88.0 38.13716116116116
89.0 40.786592
90.001 47.03574825174825
91.0 35.536832832832836
92.0 24.969664
93.0 53.968896
94.0 48.345184
95.0 46.43232
96.001 49.11988811188811
97.0 18.79485885885886
98.0 50.62656
99.0 41.809776
100.0 33.043040000000005
101.0 41.428688
102.0 21.62688
103.0 48.740592
104.0 42.199984
105.0 47.629424
106.0 33.129632
107.0 25.903104
108.0 46.628864
109.0 52.854784
110.0 49.247456
111.0 37.997631999999996
112.0 28.852224
113.001 37.28546653346653
114.0 52.57968368368368
115.0 35.913584
116.001 35.28258941058941
117.001 22.94104
118.001 42.205184
119.0 50.92723123123123
120.0 24.516000000000002
121.001 16.370029970029968
122.0 7.420924924924925
123.0 7.066496
124.001 14.943056943056943
125.0 21.511607607607605
126.0 15.905296
127.0 9.120208
128.001 19.35621178821179
129.0 21.48108108108108
130.0 21.750832
131.0 25.891583999999998
132.0 25.970592
133.0 16.361792
134.0 21.027232
135.0 8.472256
136.001 13.222505494505494
137.001 3.456016
138.0 26.610466466466466
139.0 21.9456
140.0 30.611520000000002
141.001 41.42225774225775
142.0 28.648392392392395
143.0 47.218688
144.0 51.176528
145.001 35.267116883116884
146.0 29.157605605605603
147.0 28.020688
148.001 45.55112087912088
149.0 37.073393393393395
150.001 38.067676323676324
151.0 41.88425225225226
152.0 27.596
153.0 36.670464
154.0 32.951216
155.001 26.84325274725275
156.001 20.795056000000002
157.007 24.81537972166998
158.0 33.34293655589124
159.0 32.662736
160.0 22.107599999999998
161.0 12.625183999999999
162.0 20.785248
163.001 29.219548451548455
164.001 30.004896000000002
165.001 28.648560000000003
166.0 34.28481281281282
167.0 23.650496
168.0 45.645824000000005
169.0 45.053168
170.0 30.971584
171.0 32.206704
172.0 24.590656
173.0 31.26136
174.0 32.173136
175.0 33.947104
176.0 26.711712
177.0 24.678976
178.0 25.140912
179.0 20.0096
180.0 18.62856
181.0 27.21744
182.0 22.176304000000002
183.0 41.838912
184.0 29.790096000000002
185.0 32.598991999999996
186.001 21.798313686313687
187.0 31.59341741741742
188.0 35.720800000000004
189.0 31.175743999999998
190.0 34.678816
191.0 22.029216
192.0 27.307984
193.0 18.394816
194.001 13.357778221778222
195.0 17.01547947947948
196.0 17.474400000000003
197.0 21.120608
198.0 30.578992
199.0 26.314752000000002
200.001 25.46738061938062
201.0 31.096232232232232
202.001 27.89237962037962
203.0 28.954586586586586
204.001 24.600359640359642
205.0 23.612892892892894
206.001 19.925594405594406
207.0 18.821717717717718
208.001 21.051044955044958
209.0 22.60233033033033
210.001 17.4801998001998
211.0 24.335503503503503
212.001 18.480863136863135
213.0 24.91485085085085
214.0 26.021952000000002
215.0 25.004288000000003
216.001 37.74916283716284
217.001 38.35080000000001
218.0 35.86452052052052
219.0 34.360544000000004
220.0 32.9616
221.001 33.84575424575424
222.0 32.57297297297298
223.0 24.896192
224.0 25.707008000000002
225.0 23.252416
226.001 16.896271728271728
227.001 17.938416
228.0 11.470286286286287
229.0 14.741984
230.0 15.087616
231.0 13.2516
232.0 9.828
233.0 14.442152
234.0 11.169864
235.001 9.542713286713287
236.001 16.1244
237.0 13.520096096096097
238.0 13.077952
239.001 10.088615384615386
240.001 9.665312
241.001 10.162784
242.0 9.00542142142142
243.0 7.0848
244.001 18.62507092907093
245.0 18.148452452452453
246.0 11.178
247.0 18.306
248.001 22.409286713286715
249.0 25.94584984984985
250.001 30.370093906093906
251.0 31.082618618618618
252.0 18.214016
253.0 26.130416
254.001 24.772027972027974
255.0 24.394250250250252
256.0 20.256112
257.0 24.953152
258.0 26.65968
259.0 37.4868
260.0 31.509888
261.0 33.394672
262.0 34.531040000000004
263.001 36.8991008991009
264.0 39.75135135135135
265.0 31.557696
266.001 35.658245754245755
267.0 30.724324324324325
268.001 32.08991008991009
269.0 30.52611011011011
270.001 35.99024975024975
271.001 30.259392000000002
272.0 29.55675675675676
273.0 28.6956
274.001 25.030969030969032
275.0 26.908108108108106
276.0 31.395599999999998
277.0 34.703199999999995
278.0 38.315599999999996
279.001 42.98699700299701
280.0 39.347763763763766
281.0 33.9776
282.0 41.0076
283.0 37.152
284.0 35.521184000000005
285.001 40.20061538461538
286.001 26.546400000000002
287.0 35.58928528528529
288.001 41.09968431568432
289.001 30.830096
290.002 32.61071728271728
291.0 33.97444488977956
292.0 32.6484
293.0 30.8556
294.001 34.2773066933067
295.0 35.192152152152154
296.0 32.634656
297.0 28.706400000000002
298.0 25.1316
299.0 25.941599999999998
300.001 18.654545454545456
301.0 24.189357357357355
302.001 21.11971228771229
303.0 18.400096096096096
304.0 11.113104
305.0 25.147456
306.0 25.671599999999998
307.0 28.491168000000002
308.0 29.299792000000004
309.0 17.744495999999998
310.0 14.153488
311.0 22.361312
312.005 14.762348258706469
313.0 18.775606030150755
314.001 18.627484515484518
315.0 22.280984984984986
316.0 22.712400000000002
317.001 24.124771228771227
318.001 21.772704
319.0 21.394594594594594
320.0 24.915599999999998
321.0 21.06
322.0 20.9952
323.0 24.192
324.0 17.4528
325.0 22.679984
326.0 17.258416
327.0 18.6624
328.0 27.626383999999998
329.001 23.498917082917085
330.0 23.043427427427428
331.0 20.22376
332.0 15.896656000000002
333.001 12.914685314685316
334.0 13.087247247247248
335.0 17.962624
336.0 14.8476
337.0 12.3684
338.0 14.418000000000001
339.0 16.740000000000002
340.0 12.8412
341.001 16.636963036963035
342.0 23.676764764764766
343.001 26.756155844155845
344.0 24.64864864864865
345.0 33.598800000000004
346.0 35.02064
347.001 34.20555444555445
348.0 31.416216216216217
349.0 27.482192
350.001 30.429378621378625
351.001 32.6376
352.001 28.933200000000003
353.0 27.89187587587588
354.0 31.1148
355.0 23.695216000000002
356.0 5.878
357.0 16.115856
358.001 22.012355644355644
359.0 27.96013613613614
360.001 23.941258741258743
361.001 25.2396
362.0 24.02162162162162
363.0 31.622400000000003
364.001 31.321062937062937
365.0 28.06488088088088
366.0 29.8216
367.0 25.636400000000002
368.002 25.205668662674654
369.0 29.354533066132266
370.008 20.929079365079364
371.0 25.704532258064514
372.001 26.109890109890113
373.0 24.82162162162162
374.001 18.81628771228771
375.0 24.06992592592593
376.0 25.785344000000002
377.0 25.5096
378.0 29.7864
379.0 29.987887999999998
380.0 15.960368
381.001 6.080063936063937
382.0 17.75135135135135
383.0 13.9104
384.0 18.1008
385.0 18.9756
386.001 13.66993006993007
387.0 4.302702702702702
388.0 6.9336
389.001 10.627468531468532
390.001 7.0847039999999994
391.0 10.36756756756757
392.0 14.839568
393.0 12.522048000000002
394.0 10.9296
395.001 10.994205794205795
396.001 9.331184
397.0 9.189205205205207
398.0 8.985696
399.001 22.641982017982016
400.0 25.36664664664665
401.0 28.555296
402.01 29.437924752475247
403.002 34.343
404.001 28.53547947947948
405.001 29.1384
406.0 27.47027027027027
407.0 15.541184
408.001 22.46315284715285
409.0 20.294694694694694
410.001 22.643740259740262
411.0 30.653725725725728
412.0 33.939344
413.0 32.33792
414.0 34.37368
415.0 36.532656
416.0 34.8172
417.001 32.4222017982018
418.0 26.405125125125128
419.001 26.99366233766234
420.0 29.63337737737738
421.0 30.218400000000003
422.0 34.1604
423.0 18.036
424.0 22.7448
425.001 26.196187812187812
426.0 23.243355355355355
427.001 28.051836163836164
428.0 20.225073073073073
429.0 25.095568
430.0 19.688416
431.001 21.11446953046953
432.0 19.583455455455457
433.0 18.570944
434.0 21.6028
435.0 21.2192
436.0 22.567520000000002
437.0 25.77328
438.0 25.150784
439.0 26.030416000000002
440.001 29.61448151848152
441.0 30.628932932932933
442.0 26.020367999999998
443.0 21.455904
444.001 19.130165834165833
445.001 16.151184
446.0 10.627043043043043
447.0 18.94688
448.0 21.33712
449.0 18.3168
450.0 21.7728
451.0 20.0772
452.0 13.932
453.0 16.0488
454.0 12.8952
455.0 21.778384
456.0 19.645200000000003
457.0 26.3736
458.001 21.589194805194808
459.0 17.79718918918919
460.0 16.038224
461.001 14.10949050949051
462.0 30.227027027027027
463.0 36.9792
464.0 38.2644
465.001 30.550201798201797
466.0 31.893365365365366
467.0 37.176608
468.0 37.730816
469.0 30.903184000000003
470.0 34.009184000000005
471.0 29.612816
472.0 32.3144
473.0 33.161055999999995
474.001 29.309234765234763
475.0 11.956740740740742
476.0 16.896272
477.001 12.456487512487513
478.0 10.72442042042042
479.0 11.534288
480.0 8.564416
481.0 9.627856
482.001 8.302641358641358
483.0 9.32972972972973
484.0 10.9404
485.0 25.919984
486.0 24.451216000000002
487.001 32.47550849150849
488.0 28.529745745745746
489.0 23.381552
490.001 26.06718081918082
491.001 25.595984
492.0 35.3248928928929
493.0 32.005248
494.0 29.754
495.0 36.0936
496.0 34.869023999999996
497.0 42.393648
498.0 39.285343999999995
499.0 43.615984
500.0 37.427216
501.001 35.35624375624376
502.0 39.67567567567568
503.0 40.046400000000006
504.001 43.25424975024975
505.0 28.16184184184184
506.001 40.82638961038961
507.0 44.76756756756757
508.0 41.785199999999996
509.0 41.2776
510.002 42.67883433133733
511.0 46.883174348697395
512.0 40.9536
513.0 32.994
514.0 35.126656000000004
515.001 32.60421178821179
516.0 26.85258058058058
517.0 26.0576
518.0 23.264608
519.001 21.80358841158841
520.001 12.686976000000001
521.0 16.170410410410412
522.0 16.750784
523.0 21.794400000000003
524.001 26.390425574425574
525.0 26.338450450450452
526.0 22.871088
527.0 18.522000000000002
528.0 24.6564
529.0 22.70344
530.0 25.18376
531.0 47.590384
532.001 46.53907692307692
533.0 44.84324324324324
534.0 46.342896
535.0 40.707888
536.0 45.346416
537.0 46.3348
538.0 44.919984
539.0 39.773616000000004
540.0 49.008911999999995
541.0 37.388272
542.0 25.212784
543.0 19.623248
544.0 9.625584000000002
545.0 17.255616000000003
546.001 15.406993006993007
547.001 23.6196
548.0 32.35675675675676
549.0 38.0808
550.0 40.629968
551.001 32.58825974025974
552.001 28.458000000000002
553.0 24.554154154154155
554.001 26.13946053946054
555.001 28.2636
556.0 24.162162162162165
557.0 27.523456
558.0 24.154544
559.0 29.127599999999997
560.0 35.761744
561.001 31.879176823176824
562.001 34.398095999999995
563.0 32.767471471471474
564.0 29.905184000000002
565.0 32.276368
566.001 30.290157842157843
567.0 27.794594594594592
568.0 27.583568
569.0 27.107632000000002
570.001 34.978621378621376
571.0 31.050122122122122
572.001 28.97313886113886
573.001 32.383616
574.0 24.227027027027027
575.0 21.1032
576.0 19.151200000000003
577.0 17.331200000000003
578.0 21.319200000000002
579.0 20.25
580.0 18.692
581.0 13.986
582.001 10.433166833166833
583.001 10.23824
584.0 8.632776776776776
585.0 24.780784
586.0 40.716
587.0 44.1612
588.0 46.818
589.0 30.056336
590.0 46.183808
591.0 41.918544000000004
592.0 38.116944000000004
593.0 44.2368
594.0 39.281792
595.0 42.811808
596.0 41.21
597.0 46.245599999999996
598.0 46.984415999999996
599.0 45.552192000000005
600.0 42.987008
601.001 48.58602197802198
602.0 43.25463063063063
603.0 45.119184000000004
604.0 45.490032
605.0 46.5372
606.001 43.512887112887114
