0.0 31.86940139211137
1.0 46.722848
2.0 28.085088
3.0 56.85248000000001
4.001 52.31750649350649
5.0 46.225361361361365
6.001 42.54986613386613
7.0 28.298058058058057
8.001 37.90743656343656
9.0 55.195995995996
10.0 35.05472
11.0 27.644064
12.0 24.603712
13.0 23.16464
14.0 8.00048
15.0 9.554624
16.0 15.183872
17.001 1.8853146853146852
18.0 42.39115915915916
19.0 32.934336
20.001 30.545038961038962
21.001 33.174879999999995
22.0 27.00835235235235
23.0 29.332064
24.001 23.840735264735265
25.001 22.441504000000002
26.001 17.069216
27.0 11.898138138138139
28.0 16.617728
29.0 12.062528
30.001 20.516987012987016
31.001 14.871136
32.0 2.9793633633633636
33.0 0.010784
34.001 2.3377902097902097
35.0 6.282570570570571
36.0 11.409472
37.001 9.976007992007991
38.001 9.414432000000001
39.001 12.418816000000001
40.001 9.343296
41.0 5.7536256256256255
42.001 0.9480439560439561
43.0 11.053869869869871
44.0 1.7470080000000001
45.0 33.064608
46.0 34.797056
47.001 37.84171028971029
48.0 47.14452052052052
49.0 35.935744
50.0 26.258624
51.001 23.264575424575426
52.0 20.69724124124124
53.0 21.548000000000002
54.001 14.608495504495504
55.0 16.54178978978979
56.0 16.770560000000003
57.001 14.856279720279721
58.001 14.304768000000001
59.001 18.909952
60.001 20.220416
61.0 19.505777777777777
62.001 16.905686313686314
63.0 17.047671671671672
64.001 15.421058941058941
65.0 13.726398398398398
66.001 15.050197802197804
67.0 13.061701701701702
68.001 13.9098981018981
69.001 14.29792
70.0 0.04317917917917918
71.001 27.214833166833166
72.0 19.40176976976977
73.0 17.178912
74.001 17.247936063936063
75.001 19.670016
76.001 20.139328000000003
77.0 23.041281281281282
78.0 20.589568
79.001 22.33516883116883
80.0 22.917349349349347
81.0 26.923296
82.0 30.467840000000002
83.001 32.170165834165836
84.0 28.16294694694695
85.0 57.769984
86.0 46.096576
87.0 32.800768
88.0 34.963456
89.0 60.080127999999995
90.0 64.14336
91.001 57.80072727272727
92.0 46.58190990990991
93.0 43.153248
94.0 47.415296000000005
95.001 51.264607392607395
96.0 51.72093693693694
97.0 43.220928
98.001 38.05474525474526
99.001 50.806784
100.001 49.056416
101.0 38.856424424424425
102.0 24.47472
103.0 13.403872
104.0 31.883264
105.0 23.602176
106.0 14.247200000000001
107.0 13.316704
108.001 10.320751248751248
109.0 5.942742742742743
110.0 2.161984
111.001 0.0
112.0 14.7241001001001
113.001 6.399296703296704
114.001 5.672384
115.0 7.459203203203203
116.001 14.705454545454547
117.0 12.635931931931932
118.0 10.648575999999998
119.001 9.124923076923077
120.001 10.708512
121.0 12.575935935935936
122.0 6.589024
123.001 2.1761918081918084
124.0 0.0
125.0 7.300768000000001
126.0 5.22224
127.0 11.97824
128.0 7.236064000000001
129.0 7.699776
130.0 8.077216
131.0 3.903808
132.001 4.619252747252747
133.001 20.643040000000003
134.0 14.076412412412413
135.001 8.640127872127872
136.001 15.534624
137.001 13.064544
138.001 12.423168
139.0 11.410098098098098
140.0 9.727168
141.0 12.930016
142.0 11.323200000000002
143.0 9.953632
144.0 11.474176
145.0 11.463392
146.0 12.272191999999999
147.001 8.31693106893107
148.0 6.789925925925926
149.0 19.163168000000002
150.0 9.781088
151.0 14.040768
152.0 13.873408
153.0 10.719296
154.0 10.62224
155.0 0.0
156.001 22.052379620379618
157.0 13.936496496496497
158.001 5.429706293706294
159.0 0.0
160.0 13.515904
161.0 17.994944
162.001 5.3973866133866135
163.001 0.0
164.001 21.832416000000002
165.0 9.650546546546545
166.0 10.988896
167.001 8.650901098901098
168.001 9.565408
169.001 10.234016
170.001 10.589888
171.0 11.557285285285285
172.001 11.812027972027973
173.001 11.071424
174.0 9.632064064064066
175.0 9.187968000000001
176.001 10.590497502497502
177.0 10.308612612612613
178.001 11.150705294705295
179.001 10.212031999999999
180.0 8.66822022022022
181.0 2.31856
182.0 0.0
183.0 0.64704
184.0 0.0
185.001 29.303176823176823
186.0 7.944968968968969
187.001 7.595124875124875
188.001 8.325248
189.0 9.612972972972974
190.0 12.543904000000001
191.001 16.433486513486514
192.0 8.902694694694695
193.001 23.45507292707293
194.0 20.974286286286286
195.0 18.22496
196.0 12.342912
197.001 17.604315684315683
198.001 26.286848000000003
199.0 28.100932932932935
200.0 29.421184
201.0 26.873728
202.0 30.996672
203.0 19.767552
204.0 15.79856
205.0 24.684576
206.0 28.3416
207.0 31.768416000000002
208.0 35.020928
209.0 38.097888
210.0 38.80912
211.0 36.776192
212.0 30.830720000000003
213.0 27.659456
214.0 24.774335999999998
215.001 30.5373026973027
216.0 25.0978978978979
217.0 35.597984
218.0 29.670112000000003
219.0 38.936928
220.0 49.511776
221.001 35.53921278721279
222.0 39.84214614614614
223.0 35.902624
224.0 36.923168
225.0 42.251712
226.001 45.82441558441558
227.0 36.539675675675674
228.0 29.081184
229.001 48.38272127872128
230.001 62.43168
231.0 33.21327727727728
232.0 30.930816
233.0 25.136736000000003
234.001 29.48708891108891
235.0 27.990902902902906
236.0 25.436832
237.001 23.28915884115884
238.001 21.562815999999998
239.0 25.572868868868866
240.0 26.350496
241.0 22.32288
242.0 24.011616000000004
243.001 20.15028171828172
244.0 20.715211211211212
245.001 20.1998001998002
246.002 8.543168831168831
247.011 7.844852329038652
248.001 26.49008484848485
249.0 27.825297297297297
250.0 22.905856
251.0 20.078752
252.0 16.763936
253.0 21.023200000000003
254.001 11.231584415584415
255.0 30.338274274274273
256.0 16.294624
257.0 18.264992
258.001 20.10594205794206
259.0 20.80156956956957
260.001 18.896239760239762
261.0 24.30987787787788
262.001 17.581906093906095
263.0 23.54344744744745
264.001 16.45631168831169
265.0 13.260204204204205
266.0 12.812384
267.0 13.478144
268.0 18.216448
269.001 14.408567432567432
270.0 17.455183183183184
271.0 20.894208
272.0 18.793824
273.0 19.453088
274.001 23.51629170829171
275.0 21.161961961961964
276.0 23.541472000000002
277.0 20.258976
278.0 18.343584
279.009 21.151175421209118
280.0 1.905630676084763
281.001 27.114933066933066
282.001 30.529504000000003
283.001 19.421984000000002
284.0 20.38057257257257
285.0 20.424896
286.0 16.035808000000003
287.007 16.685092353525324
288.001 15.649191146881288
289.009 12.845714285714287
290.007 11.759615230460922
291.007 11.97024
292.001 9.521963782696178
293.0 15.278158158158158
294.0 10.255584
295.0 4.0440000000000005
296.0 3.1672
297.0 19.328224
298.0 10.730080000000001
299.001 10.794773226773227
300.0 12.370834834834836
301.0 7.473312
302.001 1.7991288711288713
303.0 0.5289449449449449
304.0 0.0
305.0 12.697184
306.001 21.639000999001002
307.0 15.717221221221221
308.001 13.37516883116883
309.001 10.061056
310.0 8.258018018018017
311.0 2.243072
312.0 0.0
313.0 23.336576
314.002 9.395640718562873
315.01 10.890984126984128
316.014 9.097657370517929
317.007 0.0
318.0 10.479919436052366
319.0 2.696
320.0 13.771168
321.001 1.2496943056943057
322.001 14.159392
323.0 7.944968968968969
324.0 2.7714879999999997
325.001 0.0
326.001 5.7694399999999995
327.0 10.427771771771772
328.022 5.0332367906066535
329.019 0.7679679037111334
330.0 10.542156982670743
331.0 3.4940160000000002
332.0 5.888064000000001
333.01 5.509449504950495
334.0 8.763571717171716
335.001 19.489182817182815
336.0 7.075779779779779
337.0 8.173856
338.0 12.811392
339.001 13.203212787212788
340.001 10.044672
341.001 8.939936
342.0 10.676052052052052
343.001 9.264975024975024
344.0 8.689809809809809
345.0 6.864224
346.0 6.604992
347.001 2.316243756243756
348.0 0.0
349.001 22.17938861138861
350.006 8.1792
351.002 3.8545220883534137
352.01 5.2743174603174605
353.01 0.312736
354.007 11.692581745235708
355.001 1.2584949698189134
356.003 13.275720558882236
357.002 9.731299299299298
358.0 11.529587174348697
359.005 12.618889552238807
360.032 10.33269717624148
361.043 11.583778437190901
362.049 9.567522862823061
363.053 7.126470119521913
364.056 4.924299102691925
365.053 4.359029087261785
366.054 12.626221778221778
367.075 14.005469147894223
368.08 13.879912437810944
369.081 15.163108891108893
370.071 23.00651313131313
371.09 29.951811579980376
372.093 28.49489930209372
373.106 19.92431194471866
374.159 23.476968660968662
375.16 24.009814185814186
376.162 34.30454291417166
377.164 11.283417165668663
378.171 28.957235352532273
379.172 28.468875124875126
380.177 21.240103482587063
381.179 28.186922155688624
382.169 27.516185858585857
383.17 17.37162037962038
384.165 18.112964824120603
385.163 36.33109418837675
386.195 33.511906976744186
387.198 22.653670987038886
388.192 24.189360160965798
389.249 25.448870387890256
390.256 25.391316782522342
391.25 24.698173038229378
392.249 25.41613613613614
393.274 26.43968
394.303 24.674674441205056
395.302 23.682370370370368
396.305 30.418089730807576
397.303 33.2336993987976
398.31 31.63509831181728
399.325 31.027420689655173
400.319 16.252136820925553
401.328 30.930521308225966
402.336 34.758793650793656
403.338 29.117413173652693
404.346 32.94822222222222
405.35 33.45689243027889
406.349 29.86548148148148
407.36 31.237507418397627
408.366 30.67088667992048
409.363 28.291851554663996
410.358 26.836196984924623
411.362 28.353051792828687
412.372 27.549687128712872
413.376 23.952446215139446
414.382 17.97140357852883
415.39 18.8724126984127
416.396 15.853996023856858
417.399 17.374819541375874
418.403 20.998725099601593
419.398 20.08316783919598
420.385 23.27226747720365
421.389 21.812557768924304
422.392 21.9641555333998
423.402 17.58273267326733
424.417 17.197588177339902
425.426 20.809165510406345
426.439 13.440979269496546
427.441 26.926690618762475
428.448 35.66334856007945
429.486 25.948793834296726
430.488 27.742530938123753
431.5 25.179604743083004
432.515 20.324918226600985
433.519 21.39368924302789
434.543 23.38425
435.544 21.403876123876127
436.551 19.608246276067526
437.558 22.713866931479643
438.552 19.01324748490946
439.558 4.250147117296223
440.566 21.022380952380953
441.576 26.08180594059406
442.586 15.420578217821781
443.588 19.90540518962076
444.603 21.82809852216749
445.601 20.75238476953908
446.616 22.316831527093598
447.637 24.766934378060725
448.637 23.629184000000002
449.651 24.832978303747534
450.655 23.03993625498008
451.685 22.956271844660193
452.7 23.70336157635468
453.701 23.193446553446552
454.717 25.067464566929136
455.729 25.972458498023716
456.746 26.069081612586036
457.751 27.158511442786068
458.783 26.23395348837209
459.809 26.754838206627678
460.818 26.930013875123887
461.822 26.883155378486055
462.831 27.258830525272547
463.849 26.31424754420432
464.897 24.387053435114503
465.917 24.80087843137255
466.928 29.303675568743817
467.963 33.370311111111114
468.977 26.693712031558185
469.979 27.479888223552894
470.989 26.96
471.992 27.562305084745763
473.009 29.186580137659785
474.0 26.380754793138244
474.991 27.740351160443996
475.988 26.430619859578737
476.99 25.849996007984032
478.018 29.536186770428017
479.025 26.665437934458787
480.024 29.891683683683684
481.032 29.95473015873016
482.051 32.68007065750736
483.056 32.76761791044776
484.059 32.83333998005982
485.07 34.54952324431257
486.074 33.807203187251
487.069 33.69593567839196
488.078 33.74696531219029
489.077 30.668044044044045
490.078 36.62334465534466
491.082 15.511649402390438
492.087 42.914388059701494
493.097 28.59716435643564
494.097 28.614336
495.102 42.594292537313436
496.123 28.890233104799215
497.135 28.100205533596835
498.145 28.529552475247524
499.153 27.544476190476193
500.152 22.251915915915916
501.164 33.511620553359684
502.169 38.45011741293533
503.174 33.81524378109453
504.184 33.568601980198025
505.198 33.78874950690336
506.197 33.71172772772773
507.207 33.660166336633665
508.212 33.714754228855725
509.262 30.621226666666665
510.267 28.3710407960199
511.27 25.026360917248255
512.311 25.58822670509126
513.323 26.001549407114624
514.329 28.9468310139165
515.339 28.709607920792077
516.347 26.52136507936508
517.351 25.955123505976097
518.366 23.034987192118226
519.379 21.895360315893388
520.378 23.14673073073073
521.389 20.645127596439167
522.422 19.214900290416264
523.437 19.161726108374385
524.444 14.18782125124131
525.488 15.000030651340996
526.497 5.411520317145689
527.523 21.078830409356723
528.532 4.569466798810704
529.53 20.552272545090183
530.549 10.889829244357214
531.556 6.511094339622641
532.561 0.0
533.569 11.383111111111111
534.582 25.721018756169794
535.591 22.656919722497523
536.616 21.226271219512196
537.618 20.982067864271457
538.612 20.145931589537224
539.648 23.32117374517375
540.664 21.873196850393704
541.669 23.623641791044776
542.687 22.228652259332023
543.705 24.276023575638508
544.724 23.86204514229637
545.748 29.90996875
546.762 34.35016962524655
547.775 27.508248766041465
548.787 28.691415019762843
549.802 27.135495566502463
550.809 30.394121151936446
551.822 21.488394866732477
552.823 29.703832167832168
553.83 28.645020854021848
554.852 27.9439530332681
555.86 27.293714285714287
556.872 25.178371541501978
557.878 16.736731610337973
558.881 18.992781655034896
559.878 26.675610832497494
560.878 13.571871999999999
561.897 4.598076545632973
562.905 0.11768253968253968
563.92 22.72816551724138
564.926 17.647363817097414
565.95 40.73146875
566.984 34.02837911025145
567.996 39.57274308300395
569.005 42.7813042616452
570.028 33.87307917888563
571.121 45.68932479414456
572.138 53.84004719764012
573.141 43.02465403788634
574.148 28.341608738828203
575.153 22.2272
576.166 20.738211253701877
577.18 17.345861932938856
578.197 13.956153392330384
579.203 17.929924453280318
580.215 20.984347826086957
581.228 20.58860414610069
582.254 23.32329044834308
583.257 21.862444666001995
584.262 26.536597014925373
585.268 28.391856858846918
586.286 25.026923379174853
587.306 22.73606274509804
588.323 23.2327866273353
589.342 17.95922276741904
590.349 7.896468718967229
591.361 19.396205533596838
592.377 29.51209448818898
593.395 26.05956777996071
594.399 18.312637450199205
595.396 26.263590772316952
596.402 22.446600397614315
597.413 25.493333333333332
598.427 29.65068244575937
599.435 21.11888888888889
600.45 27.40826798029557
601.653 19.721017456359103
602.672 24.88717566241413
603.688 22.880440944881894
604.7 20.70592885375494
605.716 27.420692913385828
606.751 23.42823574879227
607.77 21.102351324828263
608.785 19.814935960591136
609.809 17.82940625
610.819 14.233378217821782
611.821 20.426538922155686
612.81 10.06433973710819
613.811 11.301114885114885
614.818 11.458669314796426
615.822 10.719553784860558
616.817 0.0
617.816 22.296856856856856
618.816 3.2511680000000003
619.815 22.377609609609607
620.81 10.448016080402011
621.819 9.65664222001982
622.832 3.0284698914116484
623.826 9.086132796780685
624.822 10.594506024096384
625.814 13.67567741935484
626.831 8.631441494591938
627.839 9.329015873015873
628.835 8.044690763052209
629.829 5.9778511066398385
630.83 12.384031968031968
631.828 15.143855711422846
632.852 11.95296875
633.866 9.507786982248522
634.879 12.774728529121422
635.895 14.43527559055118
636.893 14.71724248496994
637.911 10.621642436149312
638.922 11.470148367952524
639.932 16.667152475247523
640.962 11.119036893203884
641.974 4.635415019762846
642.986 10.78896442687747
643.997 17.472981206726015
645.019 13.606418786692759
646.038 9.820545632973504
647.072 8.917137330754352
648.083 9.184000000000001
649.094 8.064
650.105 6.848
651.12 3.5698758620689657
652.134 0.0
653.141 0.4497795431976167
654.149 0.0
655.176 16.758777020447905
656.186 5.968982178217821
657.196 5.840031683168317
658.203 11.255197616683217
659.213 14.179358415841584
660.254 11.825306436119115
661.276 10.68295890410959
662.302 13.754479532163744
663.309 12.53430784508441
664.324 12.332547783251231
665.362 13.415460500963391
666.367 16.54145273631841
667.381 14.138351084812623
668.427 21.563043977055447
669.453 22.80190253411306
670.502 25.55802478551001
671.516 20.23861143984221
672.533 6.107343166175025
673.548 26.048126108374387
674.573 4.799188292682927
675.586 34.408434353405724
676.609 22.441540566959922
677.617 20.70574603174603
678.633 20.461070866141736
679.651 20.60793713163065
680.67 21.802802747791954
681.692 24.58805479452055
682.715 19.103906158357773
683.757 17.951508637236085
684.783 18.230237816764134
685.847 15.486796992481203
686.853 31.28982902584493
687.885 21.031658914728684
688.89 22.55961791044776
689.886 18.904481927710844
690.889 20.836881355932206
691.909 15.448125490196079
692.92 18.51055984174085
693.935 12.297804926108375
694.953 11.303072691552062
695.978 14.287484878048781
696.997 16.075462217860647
697.999 20.212982035928146
699.036 19.118565091610414
700.054 19.39086836935167
701.062 18.733746031746033
702.073 19.220098911968346
703.082 17.757589692765116
704.11 17.3347859922179
705.129 19.097782139352304
706.132 17.476658025922234
707.164 18.051503875968994
708.175 15.338666666666667
709.186 19.72266666666667
710.197 19.75466666666667
711.212 21.137907389162564
712.242 5.120932038834952
713.26 17.172777996070728
714.276 33.416346456692914
715.29 18.887952662721894
716.311 19.265441723800194
717.326 17.764382266009854
718.342 16.611181102362202
719.362 15.649003921568628
720.374 15.961233201581027
721.392 15.964133595284874
722.412 0.0
723.474 33.60861770244821
724.483 7.815452923686818
725.485 7.814035928143713
726.514 21.82953547133139
727.554 20.50156923076923
728.569 11.239219704433497
729.582 12.775549851924977
730.605 13.639945259042033
731.61 19.822073631840794
732.623 23.395948667324777
733.646 25.689743890518084
734.671 25.767929756097562
735.737 25.404007504690433
736.756 27.32611579980373
737.768 25.59130434782609
738.816 22.189954198473284
739.847 20.412803103782736
740.886 21.03330125120308
741.904 15.889540275049116
742.924 8.74004705882353
743.936 3.3921264822134387
744.95 0.04847337278106509
745.966 12.274677165354332
746.979 18.012367226061205
747.997 6.747944990176817
749.014 1.8980688298918387
750.024 0.11744950495049505
751.056 10.146573643410854
752.063 5.836425024826216
753.083 15.573364705882353
754.103 10.366588235294117
755.122 11.1916467124632
756.138 12.694141732283464
757.168 12.998586407766991
758.169 14.231432567432568
759.177 23.24209523809524
760.175 21.963350701402806
761.212 22.99358919961427
762.237 20.425459512195122
