0.0 0.0
1.0 20.936928
2.0 42.100736
3.001 47.56379620379621
4.0 48.61975575575576
5.0 55.18172800000001
6.0 47.983616000000005
7.001 40.206513486513494
8.001 40.228671999999996
9.0 40.52055255255255
10.0 40.064832
11.001 40.465070929070926
12.0 40.14500900900901
13.001 40.50733266733267
14.0 36.82104504504505
15.0 38.8224
16.001 40.92911888111888
17.0 44.429741741741736
18.0 40.601760000000006
19.001 39.96867132867133
20.0 40.4701021021021
21.0 40.279072
22.001 40.33972427572428
23.0 40.182998998999
24.0 40.44768
25.001 40.24007992007992
26.0 27.114794794794793
27.0 40.042496
28.0 53.763232
29.001 40.063584415584415
30.0 40.47090290290291
31.0 31.841728
32.0 38.764544
33.0 49.947648
34.0 40.531040000000004
35.001 40.29228371628372
36.001 30.382528
37.001 42.942464
38.001 47.69865600000001
39.0 40.34533733733734
40.0 31.299936000000002
41.0 17.85856
42.001 40.788139860139864
43.0 58.17222022022022
44.0 53.26256
45.0 40.504288
46.0 20.349439999999998
47.001 7.856463536463537
48.0 40.41058658658659
49.0 58.376192
50.002 58.76819161676647
51.0 39.27839679358718
52.001 27.10543856143856
53.0 27.084556556556556
54.001 26.06001998001998
55.0 30.61403803803804
56.0 22.991488
57.0 21.319968000000003
58.001 20.953926073926077
59.0 15.954706706706707
60.0 13.178048
61.0 12.218272
62.0 11.258496
63.0 8.907584000000002
64.0 7.085088
65.0 4.831232
66.0 0.204896
67.0 0.0
68.0 0.0
69.001 0.0
70.001 37.561088000000005
71.0 40.817617617617614
72.0 39.374272
73.0 40.321760000000005
74.0 39.676832000000005
75.0 40.75296
76.0 40.736576
77.0 35.627392
78.0 45.152608
79.0 39.185536
80.0 40.9112
81.001 40.28230969030969
82.0 40.81454254254254
83.0 27.458432000000002
84.0 42.074112
85.0 51.174624
86.0 39.819072
87.001 30.503960039960038
88.0 37.40069669669669
89.0 38.780928
90.001 55.0329030969031
91.0 39.82677077077077
92.0 40.347296
93.0 35.541792
94.0 28.147712
95.0 41.109408
96.0 21.8376
97.0 33.42336
98.0 51.01536
99.0 37.485184000000004
100.001 38.50351248751249
101.0 39.2558958958959
102.0 19.236928
103.0 57.021504
104.001 34.0058981018981
105.001 24.664128
106.0 38.65503903903904
107.0 23.535232
108.0 29.33312
109.001 25.16625774225774
110.0 22.901365365365365
111.0 19.632064
112.0 22.05328
113.001 23.614913086913088
114.0 24.70826026026026
115.0 24.739520000000002
116.001 23.01161238761239
117.0 23.888880880880883
118.0 23.715264
119.0 23.36768
120.0 23.530687999999998
121.001 22.09134865134865
122.001 21.12208
123.0 25.667555555555555
124.0 24.393408
125.0 27.33744
126.0 25.390112000000002
127.0 23.166656
128.0 29.788992
129.0 27.435744
130.0 18.040384
131.0 27.98448
132.0 25.001984
133.0 31.915968000000003
134.0 23.614272
135.001 22.264327672327674
136.0 22.441545545545544
137.0 23.312928
138.001 23.818357642357643
139.0 23.92812012012012
140.0 24.871840000000002
141.0 24.382624
142.001 20.706557442557443
143.001 30.648128
144.0 27.948972972972975
145.001 27.43774625374625
146.0 26.015455455455456
147.0 31.425984
148.0 35.25523200000001
149.0 32.095872
150.0 30.994880000000002
151.0 34.964416
152.001 33.09525674325675
153.0 38.57374174174174
154.0 41.212608
155.0 40.28384
156.0 28.528192
157.0 16.392416
158.001 10.704431568431568
159.001 43.466752
160.001 63.0784
161.0 35.6767007007007
162.0 28.224671999999998
163.001 31.39311888111888
164.0 34.10485685685686
165.0 29.20624
166.0 24.8032
167.001 24.969814185814187
168.0 27.33495095095095
169.0 19.445632000000003
170.001 19.459548451548454
171.001 13.336288000000001
172.001 32.929568
173.001 35.7896
174.0 32.8385985985986
175.0 31.650208
176.0 31.909856
177.0 32.894847999999996
178.001 29.248959040959043
179.0 42.949189189189184
180.0 49.192672
181.0 57.519776
182.001 47.526105894105896
183.001 24.854528
184.001 56.016896
185.0 48.9527927927928
186.0 38.024192000000006
187.0 30.910784
188.001 25.776687312687315
189.001 18.052128
190.0 46.43513913913914
191.001 40.188483516483515
192.0 39.81914714714715
193.001 36.27067332667333
194.0 44.91198398398399
195.0 40.310592
196.01 40.013940594059406
197.001 37.767459132189714
198.0 24.518598598598597
199.001 58.852987012987015
200.001 40.310592
201.001 40.321376
202.0 37.73325325325326
203.0 32.079872
204.001 45.68206193806194
205.0 45.89296496496497
206.001 40.15181618381619
207.0 40.35094294294294
208.001 26.934537462537463
209.0 53.70263063063063
210.0 40.168928
211.0 40.473824
212.001 40.24877522477522
213.0 25.486222222222224
214.0 49.758207999999996
215.0 45.685663999999996
216.001 40.2552007992008
217.0 39.34058858858859
218.0 26.522047999999998
219.0 35.210752
220.0 23.660096000000003
221.001 7.767496503496504
222.001 37.58224
223.0 29.884892892892896
224.0 34.736384
225.001 34.295944055944055
226.0 21.184576576576575
227.0 7.92624
228.0 6.890976
229.001 16.41321878121878
230.0 13.08329129129129
231.0 6.3086400000000005
