0.0 46.82978958111034
1.01 27.783037444242336
2.011 59.7657401744973
3.02 52.991598211127005
4.03 49.0440526708176
5.04 36.41840211414411
6.05 46.072549400490324
7.06 44.613999844000695
8.062 51.44506208323101
9.07 50.25107295274378
10.079 45.23132232256146
11.08 43.89765384970158
12.09 58.347163607582836
13.11 45.05393187599185
14.111 51.85064827239055
15.119 38.26619789420276
16.12 40.45244541953238
17.13 65.87825341325335
18.131 66.470565382097
19.14 69.26937657471817
20.141 51.27296157808169
21.15 51.30988094659719
22.151 49.26151401574046
23.16 43.23582280818952
24.17 33.53886777654959
25.179 43.32788288972267
26.18 56.54402591785343
27.19 56.796645118156036
28.2 48.158042105576875
29.209 40.667054793269656
30.211 45.10076735310283
31.229 41.84601718762198
32.23 48.59103149496005
33.239 40.35343462099051
34.24 34.95788690623531
35.241 35.982561947594824
36.249 35.82483445629881
37.25 40.0054570722773
38.259 33.79382965509417
39.26 38.08680533640762
40.27 46.51555468300848
41.29 42.641290360747284
42.309 40.48767369037513
43.31 41.34642211383813
44.311 37.19282864210188
45.319 42.61288909742089
46.329 36.19689947268061
47.339 35.66192525702087
48.34 33.61692186467449
49.349 35.47554691962399
50.35 31.828968475858577
51.359 38.94854591172095
52.36 35.480026802959436
53.361 35.404875253285965
54.369 36.62045156815038
55.379 36.860921645383314
56.389 44.96503619358168
57.399 41.51344861642605
58.409 41.73446550640617
59.419 44.30052826960002
60.42 36.29885194779613
61.429 42.57065630346701
62.43 42.1097004610901
63.439 41.99754988027766
64.579 46.39510679861793
65.58 54.97956670256286
66.589 47.540604086571115
67.59 50.82597323103103
68.591 55.96633922354458
69.669 54.04404660507988
70.67 54.97956670256286
71.679 49.09265926432511
72.69 49.21682578178587
73.699 56.40949081647712
74.7 51.85064827239055
75.709 47.76232625467568
76.729 44.17660768866736
77.739 45.057005126723276
78.74 46.93377645340234
79.749 31.133163636204138
80.759 43.414517704154875
81.769 45.27850776798235
82.77 79.43322745024574
83.83 82.90858774266837
84.831 62.131380257417646
85.839 59.12875818146683
86.849 56.353639835433455
87.85 62.000681910363866
88.859 57.51810165761316
89.869 48.379544746835954
90.878 43.679267144807476
91.879 47.9203856014091
92.88 40.76873541952927
93.888 38.39598861393588
94.889 37.19282864210188
95.898 40.79687895760847
96.899 37.86331116288229
97.909 38.63342852755257
98.919 45.18653883504518
99.92 46.13259558556815
100.929 46.21027107692168
101.93 55.650049223343274
102.931 44.791630544007326
103.949 30.857919556828566
104.958 39.466545947959034
105.969 35.275962212060804
106.978 39.909990284576985
107.979 36.96933446857654
108.988 38.35793510682299
109.989 37.41632281562721
111.009 36.50002104968026
112.018 42.79237847177599
113.03 38.557077878367814
114.038 41.72512057452815
115.048 34.86788362451289
116.049 31.06569012881103
117.058 29.359386290141178
118.068 34.77591469157572
119.069 31.828968475858577
120.088 33.81012839583921
121.098 27.336793818842374
122.108 28.79534337533201
123.128 28.823434410897576
124.138 28.573840733868508
125.148 22.593269417420377
126.158 17.147672316754647
127.159 25.478335789042404
128.168 20.39843947876335
129.178 16.040159110029975
130.188 15.062179611668098
131.208 13.159862809499431
132.238 10.208476101743704
133.268 9.122468005818307
134.678 6.5712599551839235
135.698 9.869897107134795
136.839 5.298576341722413
137.859 6.79926245158084
138.878 6.366842360250922
141.459 2.2577007692505133
145.49 3.242002816297953
146.499 16.185718282058
147.519 12.036272183665728
148.529 13.538863200997074
149.54 12.170595179903462
150.569 11.74028577173716
151.57 12.515673720934545
152.579 13.746774431333852
153.619 7.31384683067598
154.659 18.929956502910436
156.529 7.108144930606422
157.539 17.05570338379703
158.55 18.587818092953132
159.569 14.709601315045559
160.579 11.075132067410228
161.589 10.72409571766571
162.599 21.042750927993577
163.609 19.049227155946408
164.7 18.74536790887941
165.71 21.264253569457072
166.719 19.08702324156035
167.729 21.264253569457072
168.739 25.564772687952075
169.741 15.405707660231448
170.749 13.760412104387848
171.764 27.86852012024912
172.774 15.726687535711077
173.775 11.621697026567476
174.794 14.27050873846666
175.824 10.950264087740333
176.844 13.159862809499431
177.874 13.032097151166091
178.894 11.6359532790546
179.896 7.144676016340408
180.924 8.052095045898211
181.934 9.746116219324271
182.944 5.186529683960594
183.954 9.746116219324271
184.994 7.0987336885990775
185.995 8.269284422747184
187.034 6.459605421405718
188.064 5.435121219270961
189.094 5.207758120826549
190.124 5.647242098844772
191.134 5.316063392364268
192.174 3.6569234153277694
193.203 3.69601589110471
194.254 3.707030422683633
195.283 7.826857181158106
196.294 5.089521620698795
197.303 5.099609869695948
198.304 4.693377645340234
199.314 5.072540020571903
200.344 4.582827146334723
201.414 3.763474784770786
202.463 3.412280919145024
203.554 2.870804169254776
204.654 3.254075167432352
205.664 20.91321721967167
206.665 81.22118083885724
207.666 97.08926716365296
208.684 84.79084413840509
209.686 94.98293155776703
210.687 88.59648856723734
211.695 92.95611346120585
212.697 107.48611458650585
215.984 4.996738171247763
217.036 63.67345178996541
218.037 97.53625551090803
219.039 95.42947380884452
220.044 92.12057117432009
221.045 95.97179629582187
222.053 83.0985082987533
223.064 67.58336032601386
224.084 66.54837446482865
225.085 69.02179711796046
226.095 77.39639076342704
227.157 72.55345229028963
228.164 112.3765635195734
229.175 102.54616102462778
230.176 100.53447559402656
231.177 111.83988262041318
232.178 87.34831935235249
233.179 99.10071472599418
234.204 95.99788623592681
235.205 107.36999914868005
236.214 101.73287322036731
237.224 103.53370244262801
238.235 92.68027929663619
239.245 110.1787816830578
240.246 107.01580662789651
241.294 105.20502841908795
242.306 103.99228504959518
243.344 92.42479676939129
244.345 99.7711972467746
245.405 95.14974314829963
246.424 65.5157900676684
247.425 99.10071472599418
248.504 94.51095095103784
249.506 101.78264480891141
250.543 95.53422024616012
251.545 104.68806906555841
252.584 92.76648159964739
253.594 83.45959534260862
254.595 99.99469142029993
255.596 90.25374360879505
256.597 101.55915063538609
257.655 87.50583556720972
258.656 94.4073370805313
259.664 93.75173057305743
260.665 89.58326108821906
261.673 101.07582088676926
262.703 85.32340097775281
263.704 96.64227881639786
264.705 94.85432542778639
265.706 84.21940092197578
266.708 98.33199844043939
267.733 92.28744686822309
268.734 104.46457489203307
269.814 89.24479109454485
270.815 96.64227881639786
271.816 89.49046526174752
272.823 81.05164678235812
273.824 92.84287786544516
274.825 106.02903410711923
275.865 73.96243969877449
276.866 102.67678487639655
277.894 87.66564171657924
278.903 97.8710500459147
279.904 99.9951815390204
280.905 88.23919196095173
281.913 56.24659301179577
282.914 81.22118083885724
283.915 79.43322745024574
284.923 85.53987173665726
285.933 80.14639139249523
286.934 82.33865170689272
287.935 99.9942013015795
288.954 85.1472083191333
289.955 98.20673803168846
291.023 92.76076384479533
292.024 94.40782719945618
293.04 97.63745266170082
294.043 85.61280558049023
295.044 90.60793612957859
296.052 97.67205926215158
297.054 88.22930643098817
298.055 89.04347691449243
299.056 88.59648856723734
300.057 77.51457571437606
301.063 96.16194939889978
302.064 82.33865170689272
303.065 86.230848484317
304.074 90.33298255814269
305.075 84.79708761628461
306.142 80.26797219264044
307.143 92.61938369191981
308.144 94.18384290700598
309.145 68.25851877070849
310.153 78.659665684494
311.154 83.7724125749251
312.163 95.87603676443614
313.175 86.84101087667243
314.183 95.08338335749875
315.194 85.72861132143494
316.195 91.59470865035587
317.2 94.92200506349535
318.203 90.87335932325732
319.204 80.41999997102305
320.205 101.33565646186075
321.263 89.19746254463446
322.265 106.4760224543743
323.267 98.64797278183912
324.273 108.615580542968
325.274 97.18206299012452
326.276 110.16536809256195
327.277 95.84109794856369
328.279 109.04901246507264
329.294 86.80474943332162
330.295 104.68806906555841
331.303 88.29532871617225
332.304 106.92301080162937
333.382 82.56186581263621
334.383 87.92600604645693
335.384 99.7711972467746
336.385 83.1019300541447
337.393 91.75425139670206
338.403 86.69804444594655
339.404 83.457592931294
340.405 80.19650579749771
341.412 82.51454157088538
342.413 84.35009926923397
343.414 83.9031109219789
344.423 81.55615590997427
345.424 92.61938369191981
346.425 83.23262840119847
347.532 72.9215335489494
348.543 87.49887971127697
349.544 79.20973327672041
350.553 74.59070861270264
351.554 81.22118083885724
352.555 74.51635563125753
353.562 80.82948425227215
354.577 89.35817149332404
355.583 89.93521510727204
356.584 76.62043564709536
357.593 88.77784790587428
358.602 49.317460906944085
359.603 77.86876823515959
360.604 68.48201294443824
361.613 77.69481896821063
362.614 85.46757013706504
363.623 67.93904356527314
364.632 65.72182188279665
365.633 42.1097004610901
366.634 67.5880362501325
367.642 75.3305337236973
368.652 84.92748056930196
369.661 79.7823785639113
370.682 65.45171923057083
371.732 64.00779900063684
372.733 100.88866811460568
373.742 88.55920521228414
374.752 74.51685642583251
375.811 65.24156649205204
376.852 64.77608704940529
377.912 62.770788629638254
378.913 63.919333646233554
379.921 38.71008215554692
380.922 54.401880008254004
381.932 64.32773492382654
382.933 50.15549071025062
383.934 38.887986204241805
384.952 39.428635708871965
385.953 44.922328891265515
386.961 38.488140024772626
387.971 32.92941167849231
388.972 25.86977733871275
389.973 30.618701781555952
390.982 35.789329169466114
391.983 38.887986204241805
393.002 25.558526086937917
394.003 46.13259558556815
395.011 57.26106972464016
396.021 31.102338721677633
397.041 41.544635126693876
398.042 42.463892981669204
399.051 33.350385318680644
400.052 44.475340544010436
401.076 38.54218569172937
402.083 44.74691146219918
403.091 61.699912339103896
404.092 45.2386188912624
405.093 42.55668880814075
406.351 37.06385298323366
407.372 47.548221257776184
408.382 47.27203154013172
409.391 44.879938067476665
410.392 43.581363849704694
411.393 41.66271211383501
412.411 49.31792357650427
413.412 55.650049223343274
414.421 52.861936124351175
415.422 49.26151401574046
416.423 55.96633922354458
417.431 53.80214704431477
418.433 58.58973809965318
419.441 56.59524333252171
420.442 50.15549071025062
421.452 53.69560813930243
422.461 56.852935152890645
423.462 49.70850236299553
424.463 60.79041521585682
425.471 64.2334271878446
426.551 67.49446228438805
427.552 65.70728703484504
428.561 50.866436610183655
429.571 51.48058172568956
430.581 64.32773492382654
431.582 66.24707120857167
432.592 53.91694886346853
433.593 54.401880008254004
434.632 57.36457001631971
435.633 65.93078120837036
436.641 54.02408917488464
437.643 66.18095636694844
438.651 72.2233438936749
439.652 60.65971686880304
440.653 59.7657401744973
441.671 56.350306060122115
442.672 76.7512973671241
443.77 80.6505063847334
444.772 83.8193752822607
445.773 105.3585515863388
446.774 81.53747083905854
447.781 89.84590506249579
448.783 69.97656550069827
449.791 70.00392258654524
450.797 69.03117855707035
451.801 76.7447871836055
452.811 68.09327982686622
453.812 76.97479154064942
454.851 73.60298551608652
455.852 93.28986621270023
456.861 87.22887220283913
457.9 83.07707346766146
458.901 78.53925075594
459.902 82.1151575333674
460.921 61.125024789051835
461.922 93.51336038622556
