0.0 43.11596501520303
1.001 63.107991542610435
2.01 37.295963706424054
3.02 29.24246803474798
4.021 36.7288747249993
5.031 33.57931069719023
6.032 24.562339136134682
7.041 38.27137855723817
8.141 41.815534472170725
9.142 49.060202432228536
10.151 53.907890771976625
11.152 64.68903520698883
12.272 54.67929267394173
13.282 56.462934846849535
14.392 40.793398126413194
15.393 67.36690713012494
16.394 57.55604900853484
17.402 48.923882781375234
18.403 41.98688871605492
19.412 42.634169822189776
20.413 39.42596007894607
21.414 39.00030868793238
22.423 42.292536360641066
23.553 35.59168403823594
24.563 28.304065894881045
25.633 21.58850492653938
26.643 27.051673598686236
27.743 20.016071910921454
28.744 29.822200572465004
29.754 23.110666027919283
30.764 37.822247346377665
31.774 35.235251622112685
32.784 28.120601409457624
33.785 35.88773289244511
34.786 42.86294726448588
35.795 43.744661851810235
36.796 44.07690355338224
37.805 46.904771370789135
38.995 34.33468345738537
40.005 50.84712722708105
41.006 46.32672240650886
42.016 34.8165058354639
43.156 24.035452119817588
44.165 36.35537200860209
45.166 27.513448215121656
46.186 26.786461112476736
47.316 16.52776727335266
48.317 30.07493108572045
49.326 37.07822735858022
50.337 38.391389995105285
51.347 43.052266871174005
52.356 31.090111235087548
53.367 34.50293652314221
54.377 46.86547183625595
55.577 46.57644050653162
56.578 63.94081987165963
57.579 60.80016290767328
58.58 77.34588277148167
59.588 60.389130710504304
60.598 59.03162074194296
61.609 58.71385483890249
62.619 44.86640471780866
63.62 55.600712931686985
64.628 27.457410324658834
65.629 38.16230751220649
66.64 35.782259299654164
67.828 41.724589120616535
68.829 64.9517419249126
69.83 39.482676648740686
70.831 36.01539136074201
71.84 61.428042359441854
72.85 43.98533575139716
73.851 43.05249514948526
74.861 48.34234263469144
75.862 49.100661483698254
76.87 48.6892354216234
77.871 44.820315531182146
78.881 40.50500347557793
80.0 42.92210051391494
81.01 56.85861024913975
82.011 40.0967674575427
83.012 46.755144965434596
84.021 37.26114055296957
85.022 55.347982418431535
86.024 56.636896494529125
87.025 52.460240712505495
88.031 52.570281604771175
89.042 60.533697890420235
90.102 61.009213540474676
91.104 47.97087458041583
92.112 37.00640205941901
93.113 42.56107470687716
94.122 55.91205488234957
95.283 42.14619339693022
96.343 47.04844921127374
97.422 49.49711656189929
98.423 49.02971958519597
99.424 53.85007379118352
100.425 49.512087546004274
101.433 53.97824928774365
102.443 51.107859190720816
103.444 47.82038190971753
104.445 68.48996911141356
105.454 55.232453554462104
106.455 55.74167300605419
107.464 52.29154662117986
108.574 55.887958383020944
109.575 60.29396290286758
110.576 49.53518061193804
111.577 41.408268856619635
112.585 56.97142495195677
113.586 43.698546761447126
114.595 45.13080663151159
115.596 35.5400436918851
116.605 46.13371344559141
117.675 28.712775499675438
118.676 36.89865494569808
119.686 43.39594235942142
120.706 50.84467155590388
121.707 47.408955847411505
122.716 41.45604756331479
123.726 53.351911819701826
124.747 42.115513429163606
125.757 58.111002545334564
126.768 45.27474650128652
127.777 33.848104973518105
128.797 31.062859871508163
129.817 31.74691687394376
130.827 27.051673598686236
131.828 17.725128925859785
132.829 25.27305133271108
133.838 27.830664089501493
134.857 19.954031761605783
135.868 29.52722331658028
136.878 21.76489360431335
137.908 25.298324383967277
138.918 24.43721313112623
139.928 30.05741510960001
140.938 21.60742907584198
141.998 20.575998412808474
142.999 19.965710552774716
144.169 16.84436965562227
145.179 27.552630517210392
146.199 21.062174936999533
147.209 34.065070457562086
148.219 39.89217350253074
149.309 47.48440788513758
150.31 51.80975523193058
151.32 41.42360759107455
152.321 60.14986217167206
153.33 42.89699298938252
154.34 68.76128071711177
155.341 61.69857554397436
156.351 67.01433994244104
157.36 45.8336844881155
158.371 54.04072758258585
159.372 54.337060365178566
160.381 38.63793806529003
161.382 38.153994008470335
162.391 50.145340701679544
163.399 43.911345515070686
164.422 53.00474242943479
165.432 53.351911819701826
166.442 38.892456845066235
167.443 53.82347057927406
168.452 50.897520812181625
169.462 35.62012422541821
170.463 35.129541352447596
171.552 30.107810013477444
172.553 32.602236219199604
173.562 29.58575101385223
174.733 20.49335338626016
175.753 18.10566352971295
176.763 23.29449671010182
177.773 16.28109985106416
178.783 9.518181451404157
179.813 7.122829195487055
180.833 7.936729218509056
181.89 7.693022716059319
182.894 7.0553095891429844
183.934 6.567834215066649
184.974 5.108315500617668
185.984 5.00956918494104
186.994 3.005741510960001
188.204 2.508924732292365
189.234 4.1754515973632484
190.742 7.796215866179452
191.743 23.584671097826334
192.744 23.555111973431117
193.753 25.54314947945346
194.763 28.913664155856253
195.764 29.904781376105433
196.765 31.354102192721285
197.773 33.61603207611048
198.804 42.562610899774924
199.993 39.27204054123988
201.004 45.1551186635949
202.154 47.973869269333626
203.324 41.731423983755924
204.355 36.737607891043595
205.356 52.062485745186024
206.364 36.63434197673353
207.365 39.44018540742257
208.375 41.10648135468669
209.385 42.93783044058544
210.394 45.0967165970991
211.405 46.84326134365379
212.406 61.41351473841164
213.407 39.17563124445526
214.415 45.03890038052621
215.576 45.952295851662335
216.746 48.945878413440624
217.926 49.92134348642173
219.086 49.71265496432096
220.126 47.188082218623244
221.266 48.221929811769606
222.296 49.462655291451256
223.297 60.14986217167206
224.298 48.90982038714528
225.299 49.80028900862644
226.307 47.783118682020664
227.308 47.39380679629766
228.318 59.613873300907024
229.319 47.658915192754904
230.338 60.82521564344151
231.339 61.16078422492503
232.348 51.207446876146534
233.349 45.79669035770574
234.388 59.41088690739089
235.389 47.20407416672458
236.53 43.904251292095005
237.539 54.72201943933114
238.549 49.07455269221739
239.638 52.854110446430475
240.649 60.61578713772417
241.658 49.34055930170591
242.659 61.41351473841164
243.669 48.221269843812685
244.67 61.16078422492503
245.679 46.42897712917878
246.68 47.1425542391695
247.69 50.252607082974265
248.82 50.01575136350832
249.88 47.352535740275314
250.95 48.249084002413824
252.1 46.85705727583876
253.101 52.062485745186024
254.11 34.20458409514709
255.12 38.82416118342598
256.24 12.422623834013171
257.571 2.4709107212019297
258.651 68.76235387647044
259.652 58.63865193858489
260.653 59.679317860575615
261.661 64.9318228726557
262.662 65.39586776844213
263.671 62.21834465874065
264.672 46.602915474845474
265.673 51.55702471867513
266.682 52.62749841032651
267.683 46.74904839588938
268.692 44.12789981743176
269.702 32.71655155971912
270.703 45.99695342543708
271.723 40.38782775102428
272.732 38.36118563676173
273.733 36.85172983576691
274.753 53.07687664878365
275.754 45.39099137579752
276.865 40.86703872875469
277.874 48.39025377709764
278.884 40.78679174223332
279.885 53.44899342246205
281.003 55.88536128440922
282.004 68.742699624669
283.005 50.867373398184085
284.006 54.337060365178566
285.014 44.268545209677534
286.024 59.86435176005352
287.025 41.42563484215558
288.027 54.53531004921265
289.035 39.87849308132984
290.215 56.70025505617258
291.216 66.72085551816308
292.217 55.98553578208355
293.218 52.430681588110275
294.226 57.19726615593004
295.236 64.57821720840457
296.386 49.89359591900208
297.388 69.14822916536309
298.396 64.55646048161104
299.397 73.4309614937466
300.407 72.05320485361737
301.408 68.2372385981581
303.157 10.695974961281477
304.158 136.49018048115119
305.277 48.765468872208466
306.417 57.56896897121252
307.567 60.39307593218063
308.568 80.6210337511426
309.573 59.57629898125937
310.588 50.08759223047796
311.598 68.41211228025159
312.788 63.09025280785517
313.789 72.53365732465657
314.79 49.16439834567543
315.908 44.375747159995825
316.909 30.833122625717966
317.91 49.78791112519348
318.919 44.25949468073084
319.928 41.45843020014348
320.929 50.546102665191
321.939 36.098376956065515
323.109 43.650262752853855
324.139 50.889124286067016
325.14 58.247732518643126
326.209 47.35607899113344
327.211 57.285256306745005
328.22 70.8189303962604
329.221 57.72176484953681
330.222 60.54392224844213
331.23 60.81916465202694
332.241 63.55841642526727
333.251 62.62199508964545
334.252 80.11261681191479
335.261 48.08142739158013
336.262 46.968524894431376
337.271 50.87626036065728
338.281 32.781734550571265
339.296 51.12647568648569
340.421 45.33726027758346
341.532 56.3749644416264
342.542 70.96377003455295
343.602 71.13827824994185
344.603 95.27940352411966
345.604 56.86344177578921
346.612 56.83052645926824
347.613 41.4282212657251
348.693 52.71545877666412
349.694 65.20447243816805
350.703 53.472784635925535
351.704 57.62255703842408
352.713 45.80142725142358
353.715 52.04928480836993
354.716 53.737379629657916
355.723 52.93862098008743
356.724 44.572757864603396
357.725 60.66733159269968
358.726 61.17722648782364
359.734 58.993721939384784
360.874 50.61124844734901
361.894 63.3807005464712
362.895 62.23100927154213
363.904 54.09575251995722
364.905 43.86500158051275
365.985 43.96573575784407
366.995 55.97021735124454
368.115 49.84256663906734
369.117 41.911395685981816
370.135 32.47416144043762
371.136 34.624080325705535
372.566 13.504751046757047
373.585 16.13730210949014
374.586 7.834645913115008
375.596 13.525836799343118
376.612 25.64692334199951
377.656 22.822822890264376
378.657 47.260605991945496
379.658 44.08281537812259
380.677 41.12362413429016
381.897 50.49766613317569
382.977 58.73028334236979
384.177 59.75357576954031
385.187 37.822247346377665
386.278 7.420223467338045
387.293 12.46222876058401
388.294 25.682999438658648
389.303 49.66129887113571
390.333 54.42163246387056
391.334 48.40325089319216
392.483 57.03160801424784
393.484 63.182628331662116
394.494 44.75141899226636
395.504 19.28684136202416
396.505 58.71033281515083
397.515 47.10002074428671
398.516 54.084329851923115
399.524 42.468787117863606
400.525 58.2913322271723
401.585 53.27847213238072
402.605 55.80512731760207
403.615 24.889832101349437
404.635 28.770643417156005
405.645 18.03444906580624
406.655 19.76637578072734
407.656 41.95326521219406
408.685 16.736728110163117
409.696 6.5059983579035
410.706 8.015310695901041
411.786 7.027312328879799
412.806 5.2084785496444015
413.826 5.704524125791104
414.836 11.021052206884157
415.846 15.790945731617153
416.886 12.405909072908809
417.897 7.757151888265112
418.917 5.651946195568054
419.949 8.089580471615294
420.966 10.447685586301215
421.996 10.271833562779307
423.006 11.52200912536208
424.007 14.648947802029843
425.017 16.633747155540913
426.038 26.311215151714226
427.047 26.260323156798353
428.058 23.93635962435739
429.068 24.296410546918967
430.088 21.548067533523653
431.248 14.746196365617228
432.398 18.605010400783307
433.458 19.875884103574297
434.528 20.148130579538826
435.628 20.559763970050575
436.728 24.646700877086502
437.939 27.255459423876133
438.961 31.01727116220621
439.969 30.90832262911852
440.97 30.18115918901575
441.979 22.886326165026997
443.17 25.67147469960645
444.349 23.950458210401646
445.47 24.81285617615051
446.48 33.06315662074494
447.491 28.411062667096907
448.5 31.25249709699456
449.51 29.36310639810321
450.58 22.877824896359808
451.591 25.023070607232242
452.611 13.92009767767947
453.622 23.021224958699896
454.632 26.67412492686441
455.641 27.98626860055901
456.642 29.0824834852145
457.652 28.554544354258702
458.672 9.194792176440217
459.692 29.01866620512534
460.701 20.462634697794563
461.702 30.07493108572045
462.712 25.237352653810717
463.713 25.82377476845215
464.714 35.382271865703046
465.722 28.541301334475186
466.733 36.78391379281633
467.743 25.101859919975368
468.744 29.822200572465004
469.753 24.019361604414375
470.773 28.27459784098619
471.794 21.424445559600475
472.803 30.588657827932053
473.813 20.859472565602967
474.963 20.654669964717993
475.964 22.745746199370625
476.994 24.475299352797702
478.095 26.271210240534923
479.104 29.83647771742998
480.114 24.741888683899337
481.115 17.26308286311943
482.305 22.270146408716663
483.315 24.296410546918967
484.325 18.943715168591794
485.335 26.8189556735264
486.336 34.11861929896347
487.346 22.867511500210252
488.355 24.36191146470779
489.365 40.327031938767284
490.376 29.472348161747966
491.377 37.90957699895104
492.396 38.80084714712346
493.397 39.82279132362818
494.406 39.61481915418814
495.426 38.44353215212073
496.427 28.915659177232634
497.466 25.809647590955507
498.476 13.823188420563177
499.477 19.965710552774716
500.487 13.024879880865198
501.497 26.379336681871692
502.498 51.17441880246951
503.499 58.82265748776018
504.5 56.19817673301668
505.508 45.2043827249752
506.509 65.98132317548627
507.51 68.88994101292397
508.678 37.20260793542318
509.839 71.74315967948242
510.841 78.65639905070952
511.928 68.08527560197659
512.94 63.99576128757468
513.949 48.42984220397834
514.951 63.76793162860117
515.96 57.41641510335373
517.04 40.4626959034698
518.05 51.59856260498287
519.061 40.09233687812791
520.07 39.61481915418814
521.08 43.08229499053455
522.098 27.58389032331161
523.1 35.34696021718501
524.102 26.762698450012365
528.931 4.856375180455002
529.942 114.8558940873347
531.981 5.382267143909505
533.001 16.121481225079904
534.012 44.04060426882121
535.102 28.97994383207555
536.104 28.277014493242813
537.112 41.5795488435417
538.123 35.835305282766605
539.132 29.0842976069279
540.133 22.049628820556826
541.162 21.635107344900533
542.172 8.634915305616886
543.183 9.758997536843692
544.212 9.834139702227514
545.272 6.68257625237264
546.301 37.16107889127741
547.312 29.959639536631148
548.332 24.937349697621585
549.343 27.775608374120253
550.363 26.202846086871432
551.382 30.83818107237318
552.392 29.943161777483468
553.422 28.33134398466996
554.453 12.268828508236423
555.472 6.703187030097328
556.643 4.673925472727695
557.733 32.972549844405265
558.756 43.81937961468636
559.764 44.754901856088914
560.765 46.42352853885695
561.775 41.070044795277916
562.794 41.83593757078639
563.806 36.771321788332514
564.824 53.92922683992439
565.835 46.21512373801894
567.084 44.373401213596985
568.094 42.08038115348624
569.114 19.841823046237966
570.115 22.347621743065567
571.116 38.579645399484015
572.117 61.01021743526807
573.125 54.92436065160377
574.127 57.88766064128344
575.128 64.82981053678235
576.177 26.73224021914633
577.178 50.48938609539638
578.326 58.519965971102394
579.336 65.87583478211222
580.337 59.44025844230672
581.356 55.25610419694472
582.359 25.727109542962715
583.387 44.202953054952005
584.426 51.64688328320144
585.437 59.382417141927405
586.568 54.48660575116983
587.577 61.70589446664872
588.578 68.07798881561759
589.589 92.82406817041856
590.598 88.09176425493867
591.607 72.51115236524515
592.627 53.63365879951032
593.628 47.31565986127028
594.638 43.58325190905871
595.648 29.72381002714268
596.658 20.5392336582652
597.659 19.965710552774716
598.828 11.902547828218784
599.829 10.867412073035714
600.838 30.588657827932053
601.839 27.726273910397335
602.84 32.09677519245754
603.849 28.582844200003574
604.871 18.31776912341859
605.879 14.8075509787011
606.909 12.77196959190065
607.91 14.328600791720342
608.919 25.32339705441752
609.92 20.218441066099516
610.97 17.731899196972467
611.99 21.82600535087101
613.152 10.885681748699419
614.171 13.902906432806445
615.192 8.784593225193008
616.201 21.06104309468229
617.211 23.737594569257517
618.221 27.04599755183261
619.241 25.750313280743843
620.252 30.397177438052438
621.261 19.241991535963372
622.262 24.08791519014629
623.272 26.451111211012936
624.281 24.821943647262025
625.332 15.366901069917576
626.333 22.240285172721027
627.356 19.289044984844306
628.372 10.78541732408112
629.382 13.024879880865198
630.383 11.312461639271943
631.562 8.582976890242634
632.573 12.716402548377353
633.593 24.51527583017682
634.613 14.884449439224095
635.643 10.561436393302014
636.708 5.701030847098705
637.793 4.663285600731082
638.964 3.240605173003456
640.205 6.781733408699472
641.434 19.020028270895708
642.694 12.439135376132693
644.314 13.744582742795012
645.315 20.471171579424315
646.325 15.532227849366569
647.334 15.068344977281182
648.335 22.240285172721027
649.352 14.956541263652973
650.495 13.688649143472421
651.496 16.427483366204413
652.506 13.645399982016503
653.515 11.784155064871575
654.525 9.768659910643118
655.786 4.322006795869478
656.806 13.39323055621525
657.816 9.01722453290312
658.836 8.724129049373087
659.856 5.952546913876013
660.866 6.512439940421041
661.87 12.346791781011781
662.877 11.053885530227422
663.947 7.037336532402936
665.107 16.306616807432476
666.117 19.912671313570495
667.127 19.704854755640156
668.147 13.924448954660575
669.159 17.94416966816144
670.358 22.442763479720302
671.548 24.234903369774866
672.698 23.44951409013891
673.839 23.59541914896242
674.848 25.32339705441752
675.849 16.067601027062544
676.939 14.200701816502272
677.96 20.565728931142726
678.969 17.84081781643282
679.979 17.68930879116962
681.04 16.092681184906024
682.049 7.772527808760329
683.06 4.25813380720104
684.069 20.193065635525016
685.07 22.129068967299613
686.1 12.035125192375475
687.13 7.370059882170907
688.139 10.530521547329588
689.15 17.110535099891475
690.151 25.211531405156006
691.17 31.35177267127804
692.37 14.595696885545745
693.52 17.323048526973732
694.681 17.831737338629768
695.881 19.82996581646792
696.911 21.47280205919691
697.921 21.475049012956546
698.931 31.547285886603984
699.932 31.002533357269336
700.942 41.07846731643793
701.952 31.327751038253496
702.972 32.326543228971495
703.982 25.904379720253356
704.992 36.3193765908052
706.002 34.332760155972665
707.122 25.21642713508773
708.132 9.267702992142079
709.143 14.012919540073174
710.144 29.822200572465004
711.153 27.712631927901395
712.173 17.89118183504141
713.323 19.77520003463223
714.333 25.298324383967277
715.353 20.218208505357996
716.364 18.01661083725345
717.404 18.065633873402067
718.414 26.300238221015587
719.434 14.193321611619067
720.842 7.546375171364383
721.854 12.499172126475457
722.865 18.108801097390224
723.944 29.247618382698306
724.945 31.973920081689933
725.955 31.754919346293462
726.956 36.54062005178468
727.965 43.021073382790114
729.115 40.215523488716094
730.116 39.43150241477017
731.126 42.774323668501324
732.129 60.9873875796292
733.206 42.98978836273849
734.207 55.67978358958288
735.387 50.188707331827054
736.696 58.60576741255653
737.697 77.58826759115256
738.698 50.787194273308295
739.707 49.0687554265377
740.708 92.75209839087167
741.709 76.2540426150581
742.71 80.39084207009981
743.729 81.15818000522272
744.898 75.05201838904107
745.899 78.75696147081875
746.9 64.87063907739947
747.928 40.120297584392816
748.929 42.96418726544702
749.938 35.750365540521344
750.948 45.13080663151159
751.95 28.301191873006598
752.958 40.90899677159405
753.969 32.972834288972635
754.979 32.06124278369663
755.989 23.04401825074728
756.999 17.5334921473052
758.01 10.978872228946264
759.019 19.30595617012351
760.059 9.730124763062559
