0.0 56.47921853218709
1.008 63.14496028359863
2.009 39.00773913678001
3.209 27.646237739121453
4.269 37.728099692302095
5.27 30.96889282864357
6.28 47.70623089509962
7.289 52.407231851354176
8.29 54.94631173117196
9.3 65.919253134658
10.479 49.75724509562577
11.48 55.96264538328366
12.519 44.31382898071752
13.689 51.15210001803831
14.699 43.225394556814884
15.779 22.004841751432018
16.799 15.130194085888856
17.821 4.951011506724287
18.869 3.138317694580483
19.889 3.4725035606988346
20.93 7.777035557924795
22.0 2.8373460335697684
23.01 35.319339610885685
24.011 36.38182563037435
25.03 28.314375759657104
26.031 36.39512794309366
27.04 29.917244362902508
28.061 31.142585075182737
29.071 25.04917702916745
30.08 23.06240057812411
31.09 24.04720994794527
32.211 21.510182514231012
33.221 13.526555595690317
34.24 3.9724700764470042
35.28 3.8922567383573434
36.3 4.960719372420302
37.691 2.364455027982513
38.701 11.02163789279669
39.711 24.05526670075654
40.851 30.314925166241704
41.861 54.3706303624576
42.892 46.25414771661514
43.918 50.85735107533223
45.071 44.12088726271305
46.072 62.555604187064034
47.073 74.4149855966531
48.082 58.8258466404419
49.083 68.02858215100113
50.092 48.112759007875425
51.093 39.02972490381855
52.102 34.32132432382836
53.103 36.87142464482503
54.112 38.6399913806713
55.113 55.6687012204067
56.122 71.63210029425713
57.132 54.75076261043724
58.133 60.658546571976885
59.134 50.55913505320687
60.142 53.86663171578578
61.143 67.4006021320043
62.153 66.7908473062059
63.164 55.33465659285651
64.295 59.81610710695518
65.973 41.61284036351057
67.973 32.12262699390925
69.973 34.309439374888804
71.984 29.753859415268035
72.985 62.68049812426823
73.993 59.887243369790916
74.994 48.615149834472405
76.243 47.455757889986565
77.244 69.7573285577503
80.004 3.8815098592561275
81.104 59.96263607535175
82.184 60.403849706015734
84.014 41.70356479782119
85.015 60.658546571976885
88.044 12.329313998127851
89.045 63.9442178446237
90.054 14.624118854977846
91.064 48.845895206691594
92.065 37.04564799207231
93.975 22.1270433903059
94.985 57.86359893722886
95.995 47.07029674437956
97.975 18.863414525533244
99.985 29.635892618694786
101.965 24.5831698946111
102.975 52.10228822054808
103.976 14.56529354758052
106.035 14.047377587315912
107.966 16.458813657583978
109.975 16.00537899312531
112.006 16.809152079261953
114.056 12.25244087144335
115.987 13.731943622153217
117.966 13.187587584950291
118.977 39.28830862026805
120.236 4.10699942846097
121.986 23.598017725743933
123.976 21.11595604696689
125.987 21.137040053499614
128.057 14.6695123133404
129.987 16.012947131287767
131.967 26.29254891388105
137.498 6.177520971672726
138.518 8.681258901747086
139.578 15.513947848670849
140.618 21.407412061000066
141.619 28.095038991050853
142.62 76.39241135192408
143.639 77.857182962523
144.649 62.709003341784154
145.65 84.15652794904337
146.66 75.6314855819416
150.019 22.387981892223337
151.02 79.86708631966938
153.949 24.661177450399716
154.95 62.906267934025266
155.97 39.752478105382544
158.02 38.879972404614435
159.97 28.24864129027532
161.96 27.789469508994316
163.95 29.42288137388862
165.96 40.49586617223182
167.14 90.0310179699536
168.141 116.51495820674168
169.142 94.67717937452147
170.17 38.68357469821963
171.96 34.73052968990756
174.021 31.686322098426192
175.962 33.43900911617601
177.951 35.463211328529496
183.531 13.182578321521515
184.571 9.487375799759027
185.581 16.28196506888949
186.591 18.035407460935836
187.601 29.834522003233737
188.721 58.498053509731434
189.733 92.48946903515284
190.782 89.07647257729494
191.951 32.73865027476927
195.511 18.759266379184588
196.512 48.7795812015139
197.961 27.44041864527813
203.475 2.3855936386859176
204.485 9.017703730467918
205.486 11.309552478841113
208.226 2.329490196341308
209.246 23.890686699779064
210.266 5.381365167149314
211.955 4.569605349727629
212.976 16.889413817069798
213.977 12.312953326877762
216.036 7.665406810059669
221.591 2.957394264571914
222.651 8.353664226202046
223.682 10.005007961890458
224.821 11.45144851987302
225.832 16.068299201001842
227.312 7.546764844456982
229.302 6.408000393237175
230.342 10.946972076634363
231.362 4.662278433580805
232.372 7.514753108727118
233.392 8.185186964491185
234.493 2.734780633507152
235.504 6.50634410271204
236.532 3.937691641918834
237.552 2.4790904963072493
238.553 36.647871887072284
239.554 40.05030790600971
240.563 53.65836593730012
241.564 45.70342135610339
242.573 45.81504191153629
243.574 44.230190208742776
244.576 44.177927223965625
245.614 48.27320282601364
246.623 47.91938859156039
247.654 45.99171716125144
248.664 48.0603618042404
249.674 47.39311618213101
250.678 47.496192136214034
251.683 47.52640424452449
252.775 37.84341725407667
253.855 45.62396210490296
255.024 41.53077213066233
256.034 44.7915174451091
257.043 51.48070345941285
258.045 46.3182004744296
259.046 47.55096480698713
260.054 47.700160355620504
261.056 46.30435772735699
262.057 48.66004514027572
263.075 57.65739844255612
264.084 51.79687783651295
265.104 59.03256053183395
266.115 61.059536963834745
267.124 39.67612689005972
268.274 41.62512759567795
269.275 51.55976458620347
270.286 41.98501703123149
271.364 46.707244499997685
272.365 60.15305868378846
273.366 47.83271518303133
274.385 47.650584385925946
275.396 46.424652978393375
282.268 8.607122739953537
283.291 46.49401499792631
284.378 45.927336993728254
287.119 6.238000546114251
289.108 11.55808933701137
291.118 5.2021252445591895
293.109 5.385248230755319
295.119 5.345016001481632
297.119 5.398557250892121
299.119 5.611052276114793
301.109 5.950578158422279
303.119 6.07262714481849
305.119 5.302943736496888
307.11 6.2844925408316765
309.11 5.3518601282909675
311.11 10.36130551402338
313.13 5.68632798282094
317.11 3.0822099002489862
319.181 6.334007880831646
321.17 6.408339703615127
323.111 7.2186275371122655
329.321 2.4501303682299835
330.331 8.767211960162372
331.382 12.169555828870553
332.392 16.95250663526562
333.402 20.530986654850242
335.112 5.552607194628777
337.122 9.03984158108834
339.152 9.055820866789611
345.679 2.6075081296780507
346.698 8.689778292222043
347.709 12.933115002402443
348.739 15.360538849966119
349.74 22.615964133812973
350.741 29.4842069115538
351.749 32.3720481925705
353.16 12.45514372763741
355.169 5.339851836484563
357.18 6.021878253859063
359.139 9.246482946277695
361.17 8.322441589777416
363.17 6.693593294514199
365.18 6.447657875759163
367.17 6.167672498235824
369.17 7.114514684772512
371.171 6.558637337076106
373.421 6.620984149204181
379.152 2.641521525107941
380.172 8.433222933119136
381.221 11.315134737139731
382.222 16.095983296452648
383.291 7.247398271762559
385.131 7.119351244256583
387.182 6.323817123288542
389.142 5.825015491328859
391.212 5.108250216370346
392.222 8.266228419597518
393.232 10.908294028901235
394.233 13.69824140617669
396.293 4.877993187609898
398.243 5.191667302979374
399.253 19.340601421910318
400.254 2.462775419711556
402.323 12.602227553695169
403.393 16.141899413215256
404.394 13.802627611150582
405.504 10.743628781332399
408.914 3.4082486288248264
410.904 5.844168475604342
412.974 5.738830005568328
414.894 7.139516139274071
416.854 7.39624298285638
418.904 5.694229763740828
420.934 6.119115512371593
422.885 6.288687715567993
424.915 8.18414731845556
426.865 7.396994933028602
428.915 5.623682263382023
430.905 5.992956163107951
432.961 5.167590623568033
434.856 5.2196742970350405
436.946 4.535520803533366
438.856 10.718237491761332
440.916 5.446636030156408
442.876 5.875496316924293
444.917 5.40419050855161
446.916 5.785290997210715
448.897 10.570562517951489
450.897 4.917623122875096
451.932 7.333237333139034
452.989 3.6748116413602863
454.008 11.17257208998986
455.137 11.29373446310914
456.157 22.330852315285647
457.857 4.195833014811789
459.907 7.1204259698873456
461.977 5.826207029349461
462.978 21.077145193749832
465.233 5.757059849800172
466.958 7.156660697367112
469.228 5.258217803977556
471.268 5.559233065721766
472.269 9.604269873892488
473.278 13.837623636377215
474.318 18.32568649100825
475.319 11.260777331741295
476.998 3.3133728703872327
478.958 14.100851476589394
481.009 5.98603951899612
483.039 12.364317583156286
484.048 9.277381026534549
485.049 14.685938134913311
486.089 14.720796660971025
487.769 6.006227501741426
488.779 8.015736649291972
489.789 13.372561751541898
490.79 19.96677157990579
491.809 35.5039513082162
492.83 59.17960613500229
493.841 98.00674707331598
494.842 111.53065548576018
496.08 67.09330596049794
501.414 12.76873768943027
502.415 9.098781985773416
503.424 15.044401664627504
504.425 21.988723132312725
505.426 30.01556040807725
506.446 55.07595168142286
507.447 102.03982477973571
508.449 51.34293305141553
510.125 11.716377467972798
512.075 29.587031326500114
513.086 65.61258759114786
514.155 34.86768081453539
519.813 10.199401138376645
520.822 9.026640998790372
521.843 16.106547227809322
522.863 20.83502136416989
523.873 18.330211371865207
524.915 48.263425434497535
525.916 79.52141094012238
526.917 83.25344871024639
528.163 48.46799611243894
530.144 23.375611327794022
532.083 24.4605088279459
534.104 24.358428527949453
536.094 29.497786355975926
537.096 54.03322478117208
538.104 6.073634867938231
539.174 41.089838243041235
540.324 42.227868243188226
541.334 57.36261539661776
542.336 5.93964586640768
543.344 46.68391266551396
544.355 39.016113387720154
545.365 40.32917501676541
546.375 22.967788174605413
547.384 37.61100416162655
548.454 16.31473969303773
549.455 37.77579716390004
550.456 65.71342545293643
551.457 70.26281644570754
552.467 77.38053338150131
553.636 18.03274871370212
555.707 31.681023232828014
556.708 73.74451207847989
557.727 42.1127563778464
558.728 45.493909928867076
559.737 14.1184231411297
561.658 22.692634013190094
563.657 24.145793143659628
565.637 26.332805859225093
567.648 25.608777352769994
569.947 23.518879833969592
571.667 33.066465838130156
573.698 20.574224399520368
575.638 27.488051256191
577.689 30.750295649065077
578.698 43.879504855115385
579.708 25.69298482472763
580.718 26.552127650769542
581.732 27.694903715283843
582.738 30.430019132483967
583.749 21.87458204411323
585.689 21.93339587236377
586.69 52.065252474160715
587.693 42.960449301987424
588.699 45.893023574463946
589.705 14.020075027283944
591.631 20.93383855789415
593.659 17.945111370916113
594.66 17.94482002752197
595.67 20.10654226631613
597.699 21.331253078335504
598.709 49.597370517492635
599.73 5.843604589701784
600.731 33.36220061442546
601.74 26.536469646681237
602.749 21.06216233048775
603.76 29.52879246609596
604.77 39.32574307154284
607.72 5.683021796834936
608.73 43.58556803062191
609.74 24.244234176688277
611.7 6.000990705819902
613.651 7.7885807806508325
615.7 6.040080298947062
617.7 7.293350793902474
619.721 8.50088447200855
621.651 9.870765093417862
622.652 19.90968248729283
623.681 6.3666498129329785
625.931 4.967957381090283
627.001 8.27559259791568
628.002 12.776686732993408
629.041 14.391786278862385
631.911 6.023086279408434
633.851 6.551610590766013
635.841 7.2059336131156995
637.831 7.07526809864702
639.892 5.687617601674697
641.902 5.455059366083452
643.852 12.40144696307693
645.852 6.411191289714354
647.852 6.766089421483117
649.903 6.313898400249265
651.853 6.377553712750275
652.864 8.258052130359058
653.884 11.885056829767567
655.924 6.8860804475622635
656.925 19.298515113806232
657.926 30.957622813537075
659.904 17.774068623384235
661.944 5.89429919877003
663.954 4.952135427103306
665.934 12.108373814187523
667.964 5.905843378508901
669.894 10.056662426499402
671.945 7.879343405070412
673.945 10.337448370199425
676.195 4.70641239696416
677.207 7.749898545249206
678.285 7.853907208725931
679.305 9.032461877767267
680.376 11.02900119453944
681.386 23.30745355030324
682.395 13.58230137127237
684.966 3.2722207826524037
686.406 7.60305186465676
688.436 9.274194768907918
689.466 18.176461079148858
690.476 3.5266604501554513
691.486 18.285899231218263
693.436 7.7077874605996834
695.437 6.825833207326028
697.356 8.120551534406161
699.357 7.091088187500063
701.416 5.338174140916021
703.367 5.664672291989299
705.357 5.817310485772565
707.387 6.256681049365605
709.357 6.2314149952587785
711.381 5.914579004379246
713.428 5.068343203635725
715.388 5.425698007289897
717.377 5.188429706489919
719.368 6.143675024657567
721.658 4.712474379380502
722.749 3.4784145920309877
723.75 4.802134936934685
724.789 11.934534818449855
725.799 19.259667677416044
726.819 15.93069028577919
727.829 18.591872731323843
729.848 6.990221641056126
730.888 11.676770215095148
731.899 9.259028146157354
732.9 7.582318321485552
733.901 11.373477482228328
734.921 8.624326669184367
735.941 11.90572649381797
736.951 11.897992872773528
737.961 14.814537402868575
738.981 13.64197827416739
740.021 6.5681832459852405
741.048 20.446665144566136
742.052 20.411087377959895
743.061 21.743815958537066
744.081 24.059488956333244
745.101 27.28395654838101
746.111 24.576209015540254
747.122 23.022448363407037
748.131 26.076962885440643
749.142 32.1890984234095
750.152 23.546226407334178
751.167 32.15425886812719
752.172 23.374093937390615
753.182 27.303602961570594
754.183 29.571041453821394
755.193 26.870003172144
756.202 32.84694363455654
757.222 31.252532046197043
758.223 29.75949088574542
759.233 35.068847840695724
760.242 33.0976836621389
761.442 9.52143541722609
762.453 28.778060454201004
763.472 25.076217357485024
764.473 17.081093464332646
765.483 26.051144110158454
766.493 21.32897140259935
767.503 32.814421908061405
768.513 35.09210255904261
769.523 39.84650227812421
770.533 27.103832112797953
771.534 33.86768850261389
772.543 37.34505110591246
773.544 47.78726561428472
774.553 47.25954641333491
775.554 47.494060468511364
776.555 40.67773366183208
777.563 58.621841615149386
778.643 55.49508653593879
779.644 49.53781303368095
780.654 37.83249717472356
781.663 45.38394502153422
782.674 20.78360599181081
783.716 7.526772867381855
784.717 13.900916922731218
785.722 48.15556522034382
786.724 44.18604830229445
787.736 32.48184816844042
788.744 43.49921734059014
789.755 27.526840434453135
790.795 9.24410975361314
791.804 20.309942247255222
792.806 43.17608148382948
793.815 42.06292268049051
794.824 41.1118334962997
795.825 42.71372654440868
796.865 31.336863438678808
797.875 37.573765543520004
798.884 45.634685049347745
799.885 31.19706444479639
801.015 45.85147629445936
802.016 56.109155578974594
