0.0 25.285704855723704
1.001 40.582961915450404
2.019 40.14900966962396
3.027 42.19857441980676
4.029 53.66799809399066
5.098 53.254150663561546
6.099 53.349763876940415
7.1 57.89421768366489
8.101 49.600471698111825
9.102 57.06824988510506
10.108 41.66580079467928
11.109 52.48211714171333
12.11 52.730016208856284
13.129 51.24032845935344
14.13 54.34136014573897
15.149 47.34400710461587
16.15 52.72974438974872
17.151 56.6966731034982
18.153 44.30864796634122
19.156 45.57383617762388
20.158 57.5065988698051
21.159 50.92223763107093
22.16 59.67119009078631
23.161 49.558792761331205
24.162 62.522029363837255
25.163 50.55038903024313
26.166 60.7892284270584
27.169 42.40893620647753
28.181 62.82326013661289
29.183 55.94827612516367
30.184 62.0262312293246
31.188 57.1961962070627
32.227 53.11997911013271
33.228 57.44009848593287
34.23 56.8150569454979
35.231 58.92749288924408
36.232 51.04618716464242
37.233 50.74682367114579
38.236 54.35670487447314
39.238 58.17714109168881
40.239 58.48315918097172
41.241 60.60224465677783
42.242 49.71354846556662
43.248 51.450707833191025
44.249 56.07665361630651
45.25 44.97266001793947
46.252 52.42973977929227
47.258 54.36914946603248
48.259 59.547240557214835
49.261 61.52043854164656
50.262 61.654382628496805
51.263 50.798288097386084
52.264 52.35816760802849
53.269 44.37203615712582
54.278 47.81322422155629
55.279 54.093461078596015
56.298 48.80503860675394
57.299 55.7048050154787
58.3 55.88021897529047
59.301 58.92749288924408
60.347 49.91768135762811
61.348 58.55564428841627
62.349 34.13758616791966
63.35 57.49156291217316
64.351 57.56404801950435
65.378 50.720371194677085
66.379 57.93589662033215
67.38 49.63127786877576
68.381 54.268875038407785
69.389 56.91812014017489
70.438 39.12991536457409
71.449 41.16342575621608
72.459 61.964902369490204
73.461 52.85263033819094
74.462 57.316148952361395
75.497 43.61517503485467
76.498 55.08505734739458
77.499 56.37601710968975
78.5 50.12707600317504
79.501 50.12707600317504
80.508 51.11167209650505
81.509 58.431694754731424
82.578 46.406315766270545
83.58 61.654382628496805
84.581 51.29408623189874
85.582 39.21951704582404
86.588 51.35784709729795
87.67 51.811619849758316
88.671 59.547240557214835
89.672 56.871815244089035
90.678 57.15461091889286
91.679 51.418035765470215
92.689 57.29679112259372
93.699 53.78529100345102
94.7 57.44009848593287
95.701 51.541985299041684
96.708 52.785198196131596
97.718 54.594469797732806
98.738 39.63422921741358
99.862 40.11582764276838
100.918 61.89940777454344
101.919 59.051442422815555
102.92 48.01993393189308
103.927 54.315158255078615
104.928 55.45690594822238
105.929 54.268875038407785
106.93 53.59766294408336
107.977 43.94481427229059
108.978 55.20900688096606
109.979 51.36657133922992
110.98 47.82349929087704
111.982 55.153908071787455
112.983 53.7730769040085
113.988 51.03867107204041
114.997 52.803805904534535
115.999 41.5843891579093
117.002 66.23213297156234
118.003 52.03778343344097
119.005 54.0394755884682
120.007 49.7569845513316
121.029 54.07457523279303
122.037 57.092315947458836
123.038 55.7048050154787
124.047 53.10079585189186
125.048 63.14177703180801
126.049 54.516774105664105
127.051 62.33580629744628
128.053 56.56740528251288
129.217 51.67920757816694
130.268 44.90916287422051
131.297 62.558888287391994
132.299 58.00190219577515
133.301 53.47175949565352
134.304 54.604109626465124
135.305 56.15883360669038
136.307 50.78931906008174
137.308 50.25102553674652
138.318 52.43399564249835
139.332 56.7036869668432
140.347 47.77336646606212
141.348 37.733844163791964
142.357 47.88513462049089
143.358 62.0262312293246
144.359 57.49156291217316
145.437 50.39252682132197
146.447 59.385156680460575
147.457 50.95985524878334
148.459 61.902281695753125
149.46 54.02097597115146
150.461 57.19219941867654
151.478 50.85309809979741
152.488 57.05110105695566
153.498 55.136586364290324
154.499 54.21741061216749
155.538 51.328735368966136
156.539 59.91908915804263
157.547 50.51750394646849
158.548 51.541985299041684
159.55 58.74485718461686
160.557 52.83662618190826
161.558 56.44850221702093
162.559 48.691146026104114
163.568 58.706211445318885
164.569 50.30248996298681
165.57 48.887580667120154
166.571 47.64808533106527
167.606 43.85493055786474
168.617 59.694588226149826
169.618 52.78148063509657
170.627 51.20523773723169
171.637 52.137299744534474
172.638 42.741568412972654
173.639 62.27413029658093
174.647 54.630450511170544
175.648 62.0262312293246
176.649 52.28568250069729
177.651 61.345199645619545
178.653 54.5861919788594
179.697 57.85703504531828
180.707 58.770931516308735
181.708 52.40963203426877
182.709 55.95270408262166
183.756 52.59559198880339
184.757 63.26572656537949
185.758 57.367613378601675
186.759 58.92749288924408
187.767 52.2918538021507
188.768 57.56404801950435
189.769 48.31929742527632
190.77 49.38337880151944
191.847 53.8954024212343
192.858 58.09918240929772
193.867 53.5926629803189
194.877 53.48859510548714
195.927 53.39064064509465
196.928 57.93589662033215
197.936 55.73833944492439
198.937 60.166988225298965
199.939 51.98584951785672
200.94 48.391782532720875
201.941 52.48211714171333
202.942 42.93809366039567
203.946 54.6010337111534
204.956 46.977538969430796
205.976 49.12246821338807
206.977 56.32455268344946
207.978 51.242621805658445
208.98 51.36672036050753
210.096 54.567486807356985
211.106 37.27475695529874
212.108 42.0283699351682
213.117 59.320775691847324
214.118 54.764944992028
215.12 48.962616497955366
216.122 52.67739144216392
217.124 51.36672036050753
218.125 57.935806013925166
219.137 47.18107639028714
220.138 56.82035081784874
221.207 43.968950802804926
222.208 55.7048050154787
223.276 52.02610369368471
224.277 58.30774522115995
225.295 52.14382031635742
226.326 55.768708617307546
227.357 48.066765919888596
228.358 51.29408623189874
229.359 54.83715828025162
230.36 50.30248996298681
231.363 56.21224051463979
232.364 48.76363113343531
233.377 54.60585565509146
234.457 54.549872953289274
235.458 56.82035081784874
236.459 52.97791527611262
237.46 53.0293797023529
238.475 57.99245999895975
239.476 43.361316081056785
240.661 46.21765565847773
241.676 60.24353249866519
242.677 54.093461078596015
243.695 46.659236091130786
244.697 44.0535488564721
245.698 58.30774522115995
246.716 45.44043959664858
247.717 57.56413862591132
248.775 50.87603967943456
249.776 25.037805788467377
250.815 47.26858288886009
251.826 54.78564725129002
252.887 52.95404916162341
253.888 61.03463496052604
254.889 56.128118042546795
255.896 58.0835416579437
256.917 52.649780880083696
257.918 58.92749288924408
258.919 55.63231990803415
259.923 56.15625222726343
260.925 52.35732701233427
261.935 58.278743194126044
262.936 54.51758956310019
263.937 60.166988225298965
264.945 49.830078343059
265.946 57.68799755318919
266.956 51.81977047845988
267.957 59.795139624471155
268.966 52.240028377172884
269.986 59.89771528971928
270.996 56.365036692480636
271.998 54.28712725145323
272.999 52.161732967125815
274.0 57.44009848593287
275.002 51.24289452901501
276.003 58.55564428841627
277.005 37.94202698054537
278.006 45.71635721959507
279.017 55.3992648731475
280.106 50.11137821826558
281.107 56.696401284277265
282.474 39.920476137298145
283.476 39.428027474165525
284.477 56.696401284277265
285.486 52.117061595151156
286.506 42.38145884641917
287.507 57.56404801950435
288.508 49.1869441605034
289.515 54.88005549937014
290.516 54.21741061216749
291.517 45.71635721959507
292.525 45.963219347024165
293.526 49.75522740234724
294.577 48.263570792028936
295.578 60.41488729244192
296.586 50.814788526741026
297.595 41.49086195127951
298.596 59.91908915804263
299.598 55.08149530482945
300.624 57.4209188983126
301.625 59.67119009078631
302.626 55.012572240063385
303.627 58.05984615390363
304.634 51.3580941087379
305.636 62.33580629744628
306.637 41.94640678519013
307.639 49.385597572790786
308.655 64.04135930705613
309.656 57.863411513000955
310.665 58.01946713593551
311.666 65.24891910308997
312.675 54.94529758346491
313.676 61.902281695753125
314.677 51.78988436629802
315.745 56.09218226096507
316.746 63.01755567901559
317.755 55.43743437581227
318.756 60.166988225298965
319.765 53.8385965445891
320.774 62.14919145622134
321.775 58.35920964740024
322.776 58.35920964740024
323.785 61.41148065161091
324.795 52.92537577377448
325.796 59.547240557214835
326.804 38.947159288601526
327.805 43.48526561462826
328.814 49.48370278779374
329.815 44.92119559169918
330.816 46.65648906215335
331.824 44.16799478705743
332.825 47.15228719655262
333.826 47.40018626380895
334.844 39.41773177286661
335.855 46.4404475940057
336.856 48.07139835813336
337.857 46.65648906215335
338.885 48.4484266825738
339.905 53.98782824737155
340.906 59.051442422815555
341.908 51.49054619200003
342.91 59.85928966782274
343.935 48.761533662019765
344.936 58.431694754731424
345.937 53.4012283031807
346.938 54.71320874656677
347.965 44.67979265818842
348.985 57.829823904055054
350.005 51.433374182714175
351.006 61.654382628496805
352.007 50.798288097386084
353.149 48.06503694887203
354.15 31.412417949946065
355.165 57.38126057461712
356.166 40.75837587526216
357.168 59.61163800495109
358.254 46.82236315424076
359.255 58.18379568758847
360.256 54.14492550483631
361.264 60.3646057829486
362.276 49.020110231347545
363.278 58.125728027154295
364.326 50.88793516057585
365.345 60.80881646460784
366.346 49.8067824349945
367.348 58.125728027154295
368.354 52.642480714568805
369.355 59.67119009078631
370.383 50.06756206347372
371.384 56.82035081784874
372.423 52.52289786300161
373.425 59.98311549931526
374.437 54.04680273010237
375.444 61.65666083475317
376.445 53.27727876949586
377.447 52.058262284814724
378.454 51.60451612097075
379.455 59.42329102364336
380.463 51.553321164445855
381.464 54.21741061216749
382.504 55.097026450797635
383.505 58.431694754731424
384.506 55.63231990803415
385.514 59.62607314524377
386.516 57.929489428817156
387.517 57.81194708676067
388.518 48.44324695896117
389.523 53.87816372098342
390.643 47.17344831762536
391.645 59.91908915804263
392.646 46.90438812940967
393.647 54.268875038407785
394.648 56.20051254347101
395.673 41.498695624495795
396.684 50.4903238982877
397.685 50.12707600317504
398.687 56.93888277699041
399.691 54.92046056245294
400.693 52.60497867531929
401.694 55.82875454905019
402.773 45.86124010280543
403.774 56.696401284277265
404.784 46.36358320232338
405.804 44.134933998043586
406.805 62.398079830152405
407.806 53.7730769040085
408.814 58.51827418857315
409.823 47.19848019908096
410.824 61.40648356135384
411.825 57.367613378601675
412.826 54.5892592129953
413.827 57.367613378601675
414.833 49.261268055107486
415.914 49.908347330238435
416.915 54.21741061216749
417.923 46.82484075771759
418.924 51.78988436629802
419.925 57.56404801950435
420.926 58.11131058014391
421.927 61.15858449409752
422.933 40.25792385119264
424.113 31.94686201070587
425.184 34.686729551279726
426.185 61.77833216218165
427.193 49.21463447834277
428.194 52.35816760802849
429.224 49.31802960665956
430.234 43.78383751329376
431.235 51.17013669821389
432.236 59.547240557214835
433.243 52.09736014532308
434.244 52.60606667528481
435.245 46.33610488756583
436.246 50.994722738402125
437.333 54.54101493930482
438.334 54.5892592129953
439.342 51.37912535716192
440.353 35.395240690363806
441.443 39.93463383515647
442.444 44.0535488564721
443.453 46.40953323532315
444.454 43.92959932290062
445.455 44.92119559169918
446.457 54.957669473336935
447.459 60.726070488156964
448.464 53.80596711159626
449.465 50.25102553674652
450.474 42.72052977229042
451.475 42.61761887940118
452.477 45.247570005709875
453.515 35.670217685297615
454.516 53.72161247776822
455.522 38.161254652905775
456.523 40.2111133146226
457.542 41.08377861216578
458.543 39.14703193849285
459.544 52.48211714171333
460.553 54.03347372554544
461.554 43.85711421545606
462.555 44.92119559169918
463.563 37.59318278606709
464.564 45.540943259783305
465.565 47.40018626380895
466.573 42.690929511647774
467.574 61.654382628496805
468.575 56.499966643261224
469.576 61.15858449409752
470.635 41.572280276499065
471.636 59.795139624471155
472.637 52.161732967125815
473.64 58.562585658790404
474.642 52.35732701233427
475.643 60.66278635969824
476.644 53.4012283031807
477.646 60.35459299379279
478.652 46.969140531269126
479.653 59.547240557214835
480.654 57.863411513000955
481.655 65.00102003594702
482.672 56.70907370520317
483.742 53.204380429329696
484.743 53.59766294408336
485.832 52.57060754652209
486.842 43.09777314881875
487.843 52.730016208856284
488.889 50.51076684102231
489.89 61.53043309492533
490.892 54.5859204310492
491.907 53.958811868332475
492.91 55.397685687757416
493.923 60.066656099876724
494.926 53.294654869905564
495.932 62.45795065548271
496.933 55.75626944171899
497.944 58.34292496464539
498.945 28.561578677008498
499.946 51.541985299041684
500.966 56.248495197270614
502.052 46.36537058288213
503.053 50.25102553674652
504.062 59.198078573745924
505.063 44.72476095068315
506.072 61.1655470873407
507.073 46.08820582042288
508.074 51.1186722719736
509.076 45.619319047997614
510.078 52.60506919125602
511.082 56.27983139366511
512.092 50.34563008463149
513.094 57.93589662033215
514.096 55.57652708287594
515.098 63.07903283409818
516.1 54.957669473336935
517.113 55.289888239641094
518.115 54.88862270637854
519.116 54.71320874656677
520.142 46.77913866795598
521.144 55.95270408262166
522.146 38.685072485323815
523.147 57.367613378601675
524.148 52.730016208856284
525.163 54.375928668373476
526.164 51.242621805658445
527.172 58.02591909673214
528.181 52.854862287735024
529.191 58.89377654918445
530.193 53.347933664161005
531.194 56.57245175070579
532.195 50.05459089573048
533.196 58.92749288924408
534.198 52.72880450669844
535.272 58.20483594097657
536.273 61.03463496052604
537.274 54.14492550483631
538.275 64.00942376703509
539.276 53.7730769040085
540.278 60.10694133080777
541.279 57.367613378601675
542.292 57.177961425978836
543.293 60.53883682612676
544.312 50.14448807831933
545.322 61.227832172576
546.323 55.384420840891195
547.324 62.7699284309802
548.332 55.86142821791299
549.393 57.04695388354928
550.394 58.92749288924408
551.402 56.23069453676541
552.403 64.00951437344206
553.404 57.739461979429485
554.442 57.47428101011137
555.443 61.902281695753125
556.445 54.33854031598774
557.446 60.66278635969824
558.452 55.60248428847415
559.454 57.754250532790124
560.462 51.92258748329827
561.463 53.72161247776822
562.464 52.6575311015251
563.465 60.41488729244192
564.481 46.14048713098965
565.483 58.37337969013932
566.491 50.39270560719783
567.493 31.13341656843884
568.495 57.929489428817156
569.497 60.84989631964948
570.502 56.39854735636715
571.512 54.89089629865226
572.513 63.76152469989214
573.514 56.62391617694607
574.515 63.26572656537949
575.516 51.913833899869495
576.517 60.786735893269714
577.521 57.69051287300957
578.522 58.48315918097172
579.523 61.77833216218165
580.524 55.50827976805569
581.525 61.53043309492533
582.531 56.342485182007174
583.551 55.8124382935392
584.552 59.91908915804263
585.562 58.57624728310985
586.563 62.150180763009445
587.565 54.957669473336935
588.568 57.820371402814445
589.57 53.347933664161005
590.62 57.88091908255316
591.621 56.32455268344946
592.622 54.71320874656677
593.623 43.85711421545606
594.624 52.60606667528481
595.672 50.059200063281516
596.674 53.04886893664146
597.681 24.816570011724036
598.682 55.82875454905019
599.711 50.26005905496296
600.713 57.630424701297606
601.791 49.81704684390435
602.792 59.91908915804263
603.793 51.66593483261316
604.801 60.3646057829486
605.802 51.29408623189874
606.811 57.230610060151136
607.83 51.60560858628922
608.832 54.53477891432489
609.891 53.75702271892568
610.892 60.04303869161411
611.93 49.346153020201584
612.931 58.67959382198776
613.933 49.581745655304566
614.934 52.28568250069729
615.941 53.27831242008335
616.942 50.30248996298681
617.943 59.795139624471155
618.951 48.96845693236558
619.952 61.282534027668994
620.991 45.835587895994856
621.992 59.547240557214835
622.993 52.1618235735328
623.995 59.24016051047355
625.0 51.95412407968184
626.011 54.908370775593504
627.012 52.97791527611262
628.014 50.37611370868079
629.015 49.879176935918714
630.07 49.021422528485324
631.071 52.730016208856284
632.072 50.12707600317504
633.074 49.7569845513316
634.075 57.316148952361395
635.08 49.60674156973483
636.12 35.0065093206684
637.121 43.185902121245014
638.131 58.648086483546386
639.141 51.205545314308026
640.142 57.19219941867654
641.143 54.64072363923559
642.144 57.316148952361395
643.146 53.843236990017694
644.15 61.96447305154395
645.151 54.764673172807065
646.161 45.503667972646845
647.24 49.77087719902549
648.241 54.5892592129953
649.271 55.150110268177194
650.272 54.83715828025162
651.274 48.962616497955366
652.42 40.90640045812547
653.421 51.98631900720068
654.422 58.11131058014391
655.431 56.123909021275324
656.479 51.24310734519534
657.48 56.44850221702093
658.51 53.343214882607924
659.511 52.85396574254113
660.58 54.76299564092882
661.581 59.299341490071875
662.631 49.7275187620152
663.633 45.788842326926265
664.634 58.92749288924408
665.64 52.27248026785898
666.641 52.730016208856284
667.642 60.59021064596007
668.644 60.973722151142
669.651 55.17763529778022
670.699 55.5051735599491
671.7 53.10186480968409
672.701 54.5892592129953
673.731 39.73126964498532
674.732 59.174576498950955
675.79 49.23500707921238
676.832 45.53511175630576
677.87 61.777407592978115
678.871 57.56404801950435
679.929 50.758767956224354
680.931 55.40155973465911
681.94 52.311938776107496
682.941 54.14492550483631
683.942 58.431694754731424
684.95 45.15270497073946
685.951 59.42329102364336
686.971 47.05431007188914
688.0 54.43018152257268
689.009 52.485961941443094
690.01 58.05984615390363
691.011 48.391782532720875
692.012 56.499966643261224
693.013 57.19219941867654
694.016 52.67623341550545
695.017 59.17539195638703
696.019 50.4999395401733
697.02 56.57245175070579
698.03 54.03098106897572
699.051 55.342752908263066
700.059 52.16885500647207
701.06 54.21741061216749
702.099 50.13457287481731
703.11 58.09918240929772
704.21 44.53453103488885
705.211 63.01755567901559
706.319 43.65332925428294
707.36 35.56716029432105
708.361 60.166988225298965
709.363 56.44357945102036
710.379 53.66119585540765
711.381 55.700624462178645
712.382 61.902281695753125
713.383 55.26047130720634
714.384 57.56404801950435
715.385 52.161732967125815
716.387 45.495493216505096
717.388 54.093461078596015
718.39 47.032816258836405
719.391 57.93589662033215
720.4 52.36299515930799
721.401 59.795139624471155
722.41 50.026626299421274
723.411 57.06824988510506
724.413 44.13340907031419
725.414 55.13652177363486
726.416 56.020688892121676
727.649 34.255069065808044
728.65 45.096609551510944
729.651 53.59766294408336
730.652 51.29408623189874
731.66 56.05649872948147
732.661 55.75626944171899
733.662 56.944300351533585
734.709 49.870004489072414
735.72 47.66768283772065
736.778 59.78869064227707
737.779 56.200603149877985
738.82 53.13711025792414
739.83 53.85713020388756
740.899 53.37013081899804
741.9 57.44009848593287
742.901 51.8623694736292
743.903 52.72880450669844
744.904 59.67119009078631
745.905 54.39282457197926
746.939 55.89671319280853
747.94 61.40648356135384
748.942 58.920096080643894
749.943 58.67959382198776
750.949 48.32580883602298
751.95 53.59766294408336
753.001 50.27046823576966
754.004 52.13006210620514
755.099 54.14254177081744
756.1 52.48211714171333
757.101 57.06824988510506
758.102 51.04618716464242
759.109 50.81409229820834
760.149 46.268720919666514
761.15 47.895984398208235
762.151 55.3329564146509
763.152 45.592407685910224
764.153 57.93589662033215
765.159 54.6158164305435
766.189 47.14975514404445
767.228 58.61312658310399
768.229 60.66278635969824
769.279 48.427701319500514
770.289 59.99947164347608
771.29 54.516774105664105
772.291 57.19219941867654
773.292 55.50837037446267
774.319 57.677280767643566
775.32 57.863411513000955
776.321 58.55392276713714
777.322 31.288468416261217
778.323 51.541985299041684
779.326 61.40774030715174
780.332 56.09581821749616
781.339 58.57638568229603
782.34 51.17013669821389
783.341 58.67959382198776
784.342 48.93895448695346
785.482 51.74247401935204
786.485 58.61394746410674
787.489 57.144885559043786
788.492 54.833843641844425
789.498 58.88127967035654
790.499 47.45165069004924
791.502 58.31518090679842
792.504 51.8620236863642
793.506 43.14280241848745
794.509 55.59372863454644
795.518 51.25629412043217
796.528 48.697638825828314
797.538 48.45194876019025
798.549 49.55949108473763
799.55 53.597753550490346
800.552 49.7569845513316
801.553 52.35816760802849
802.568 56.647821265405966
803.569 47.32770115647776
804.57 54.21741061216749
805.578 50.445522207888615
806.579 52.60606667528481
807.58 48.76363113343531
808.582 38.685072485323815
809.589 49.6331400233347
810.59 56.696401284277265
811.597 46.7992868831104
812.598 54.9611078138231
813.678 52.25221585818237
814.679 45.04514512527066
815.68 44.92119559169918
816.682 53.42034643111901
817.688 45.489138744316456
818.698 53.24290503984908
819.699 38.971617978567714
820.7 46.90438812940967
821.728 41.377590481647346
822.73 44.54934699087138
823.738 43.99379897977349
824.739 48.639681599863835
825.748 46.286566453188044
826.768 37.68797850155433
827.769 45.91279186049774
828.77 50.12707600317504
829.772 45.37166738512596
830.778 50.052477587486656
831.78 44.13331855437746
832.781 45.91279186049774
833.788 39.23225772507833
834.789 38.22792077691211
835.79 44.30144792361505
836.791 43.48526561462826
837.798 40.58757879213226
838.799 54.34136014573897
839.8 42.31825538601793
840.807 39.47867973719781
841.817 31.622179264946485
842.827 31.499334232184136
843.828 30.914898294154284
844.837 29.809017651619175
845.847 30.02519383835575
846.848 29.995787132686914
847.849 25.461118815535464
848.857 25.530213104769285
849.858 29.004190863888354
850.867 24.3987489031822
851.868 23.353976744253504
852.877 30.42385156218132
853.887 28.254357546676857
854.897 29.779503772831053
855.898 31.162525542303037
856.899 28.808028041979888
857.987 24.565546659657294
858.999 30.77316627280686
860.007 24.9150391715295
861.067 16.902239830189238
862.087 18.732663140669626
863.336 14.446672689167208
864.337 20.203773977819317
865.347 17.617845524370402
866.348 31.607131069569597
867.357 26.36594775285665
868.358 20.131288870488127
869.366 14.893741527652077
870.436 16.05014632145282
871.437 17.352934704881747
872.446 16.477548801568876
873.447 21.370784206543014
874.457 39.72995143054913
875.468 34.045371632439355
876.477 35.21955606408986
877.478 35.99682917205867
878.479 43.06195258756017
879.487 33.53125327846377
880.488 20.131288870488127
881.506 16.575632325139445
882.517 21.527572146569547
883.518 31.731080603254448
884.526 20.976198436914785
885.537 29.136430657579563
886.546 25.99704740656471
887.547 35.0777180105913
888.548 32.154393630209164
889.556 25.899749355211522
890.566 22.654491869667297
891.567 30.98738340159884
892.586 25.011364017984803
893.597 21.404848622152706
894.598 27.144947859749344
895.616 16.8699966246623
896.617 25.585068349106944
897.626 26.68379171594809
898.628 22.34006273035269
899.636 26.51519321992776
900.637 26.897048792606387
901.646 28.087482702181227
902.647 30.295150626183528
903.649 26.79779266351633
904.657 29.66439428242893
905.667 25.23423755869692
906.676 26.48891453487838
907.677 26.452715084334024
908.696 28.248329821847346
909.697 28.807756222872317
910.698 26.452715084334024
911.706 27.37681463062119
912.716 29.237117809229115
913.726 23.51440709934384
914.728 24.44519238143542
915.736 28.884382167858234
916.737 30.832718303657035
917.746 31.28461903690029
918.756 29.042433575916863
919.766 28.919588543041144
920.767 33.889687100776705
921.768 38.22792077691211
922.776 32.91580941374753
923.836 31.88632387240393
924.837 34.33402080893569
925.846 29.686050869484074
926.847 30.17120109249868
927.856 27.349682009597352
928.857 27.816159954073758
929.858 24.046209519555447
930.866 26.022838128200117
931.876 24.12863226338231
932.886 31.07979330134454
933.896 22.53164683690495
934.897 23.725825345081304
935.906 26.31489136965616
936.907 22.362380475341574
937.908 27.56826088681743
938.909 30.295150626183528
939.916 31.66522856693289
940.917 29.42750389095644
942.026 44.508668972814576
943.027 58.05984615390363
944.028 53.10186480968409
945.029 41.62602261060262
946.03 44.0535488564721
947.035 36.717751625069276
948.036 28.435907622044517
949.047 29.208198800438467
950.055 20.730020891050966
951.066 36.377118595452416
952.067 27.072462752418154
953.085 24.619689188903426
954.086 19.263642135147677
955.176 22.699210124276856
956.178 24.6413404639492
957.195 23.71855616494618
958.206 27.05013074328682
959.216 27.0259072185999
960.217 24.965320681136188
961.226 32.76022042206803
962.235 32.88318720420314
963.305 26.370277162025666
964.306 30.98738340159884
965.307 22.486330008913047
966.316 21.570333138921555
967.326 22.357795971703418
968.345 20.262722366912566
969.346 24.418058120383247
970.347 20.131288870488127
971.385 21.80432545487519
972.386 19.336127242592237
973.436 17.183019948491893
974.437 17.72478330570955
975.445 18.586404716402978
976.446 15.297257059840069
977.465 14.124164910866988
978.475 8.773003161966933
979.495 13.867036350964813
980.515 15.813287066824063
981.525 7.790242899471361
982.545 7.54172152418984
983.565 7.298440184693261
984.575 6.387941706215554
985.605 5.66160554133323
986.635 7.107121849754635
987.645 3.490666751065984
988.646 3.7184860081873263
989.655 2.828235988325094
990.675 2.919376073879572
991.715 2.7439328002109145
992.716 15.617641234427584
993.717 12.8182663877303
994.725 26.83335250448483
995.726 23.84977487865278
996.727 20.255238404059607
997.735 29.66439428242893
998.736 26.32876555076255
999.737 27.19641228598963
1000.738 26.32876555076255
1001.746 30.156749374269943
1002.747 27.32036181956111
1003.756 27.22671522757562
1004.767 27.05013074328682
1005.845 28.706691273135164
1006.856 29.237117809229115
1007.865 27.59561557386756
1008.866 24.46952254662354
1009.966 26.891822616262587
1010.967 29.747888065543957
1011.968 27.56826088681743
1012.975 26.418313090897442
1014.065 25.08961668015941
1016.234 7.207588232186142
1017.315 25.52805656591827
1018.325 18.918135052997258
1019.335 30.516573969631878
1020.345 40.58986666022567
1021.355 40.83555672586373
1022.364 26.36594775285665
1023.505 18.422379089637584
1024.506 26.40125065809374
1025.515 25.013313149710637
1026.516 24.71742161387986
1027.524 19.4480261270964
1028.525 17.776247731949837
1029.534 17.33831627628785
1030.545 17.10952526915038
1031.555 21.12934564362647
1032.557 18.872939449015796
1033.564 19.46733896333412
1034.574 18.60060578692266
1035.576 25.508121284283423
1036.584 27.499903403609785
1037.585 29.303554357271594
1038.605 23.89207704513275
1039.614 24.839289984375043
1040.615 24.345573013052057
1041.616 29.05565529012864
1042.625 25.823024241229117
1043.634 22.799821183872204
1044.644 21.057506443189933
1045.654 26.043146956047643
1046.655 19.883389803231804
1047.665 26.288837021685712
1048.674 20.95540934038597
1049.684 22.53164683690495
1050.694 20.760810545226057
1051.704 18.354915721284595
1052.705 25.161755322038854
1053.706 21.49473374011449
1054.714 25.899749355211522
1055.715 25.037805788467377
1056.724 24.521446021283595
1057.725 21.370784206543014
1058.726 31.235282468741794
1059.734 30.08476763569006
1060.735 28.807756222872317
1061.745 31.499334232184136
1062.754 28.579349830608265
1063.764 26.78021715296184
1064.784 24.98684307292404
1065.785 25.213219748279144
1066.794 29.931984433754277
1067.874 32.32978208602717
1068.994 33.169185133412654
1070.004 29.728497940391872
1071.014 20.074746180637675
1072.016 30.38874177634574
1073.024 28.679684098746907
1074.025 22.734319682576356
1075.034 24.029578892856556
1076.036 33.36056173182596
1077.084 31.304308625602676
1078.086 29.594373722969518
1079.104 26.74224823009291
1080.105 27.32036181956111
1081.204 24.884151211453155
1082.205 35.697465678562054
1083.206 27.69221042038891
1084.215 30.054681551855676
1085.216 30.6672710461189
1086.224 25.899749355211522
1087.234 36.65882561024338
1088.235 28.880241330203507
1089.236 30.666999227011328
1090.238 30.76021927082328
1091.243 28.075817475984145
1092.244 25.037805788467377
1093.254 22.53164683690495
1094.264 22.16311173850454
1095.283 20.090406985323053
1096.294 14.777778306023956
1097.313 18.38576639265371
1098.323 14.618558904614558
1099.333 8.035932965098088
1100.343 19.7780502826738
1101.351 10.51365273566175
1102.354 24.12196332227976
1103.364 20.934661410314217
1104.453 25.454372758409686
1105.454 30.367635733514717
1106.463 20.094641865666993
1107.475 22.0684060920446
1108.483 11.12909660044601
1109.493 11.79312314994687
1110.494 18.14809633277764
1111.504 29.237117809229115
1112.506 22.95919188770189
1113.513 23.4612489446701
1114.514 29.871837599115434
1115.515 26.576664618018878
1116.523 31.069477819372086
1117.524 24.097673945795737
1118.533 27.421592408531964
1119.535 27.788399315343064
1120.543 28.976968679132817
1121.545 22.711540224830234
1122.546 31.11133293517032
1123.553 29.252166231235105
1124.563 28.551053444640733
1125.564 25.33716928196399
1126.573 16.723482365725705
1127.583 15.232784068653034
1128.584 12.446417786902499
1129.593 17.46128305830958
1130.6 16.807854615403492
1131.603 11.875428097089205
1132.633 3.131952001592937
1133.663 2.5296535397402926
1134.714 4.95821721396501
1135.722 3.200308096864539
1136.733 1.6463611982966717
1137.763 3.131952001592937
1138.792 2.2909583864470875
1139.803 5.645282121100104
1140.823 7.9066435334233685
1141.833 13.758643674938016
1142.853 5.767617253170562
1143.893 5.965071304802391
1144.923 7.588960619232215
1145.933 8.721997329629785
1146.955 13.404695729974865
1147.963 24.371577045279775
1148.965 24.197450202513657
1149.994 23.200889553441066
1151.034 18.96892674927478
1152.035 27.19641228598963
1153.043 19.324937354107806
1154.044 12.570367320473977
1157.443 1.277602797851381
1158.613 24.328498743270742
1159.622 3.811970245133822
1160.623 14.254196364687852
1161.632 21.69321003296984
1162.633 25.285704855723704
1163.664 28.691566321915474
1164.673 28.825283394878465
1165.675 27.293095989486382
1166.743 27.881681604499672
1167.763 26.568171779595108
1168.764 21.49473374011449
1169.772 20.186558764801234
1170.773 21.122885139286687
1171.852 23.620556009595877
1172.862 25.674611857647236
1173.872 19.583366049361548
1174.883 23.072022581863724
1175.884 27.940109487645234
1176.886 30.017264281981568
1177.893 32.08601937145939
1178.894 42.07035631876161
1179.895 35.50103103765939
1180.896 38.22792077691211
1181.903 34.919872511683685
1182.904 37.36027404168503
1183.913 29.931984433754277
1184.932 21.916807620342116
1185.934 21.720933573003496
1186.942 28.115347268439393
1187.943 34.881283369575264
1188.945 35.7132525298436
1189.962 31.475868879126836
1190.963 34.38548523517598
1191.964 38.22792077691211
1192.982 36.85825913444263
1193.983 36.98842544085723
1194.992 37.67889170611168
1195.995 27.513289279828033
1197.002 29.49858824335458
1198.003 29.799352491784248
1199.032 28.144448456987284
1200.112 34.28279061697007
1201.113 50.74682367114579
1202.114 55.20900688096606
1203.115 49.558792761331205
1204.122 54.01757845666853
1205.123 42.69010398673236
1206.124 35.99673856565169
1207.133 31.038685472630085
1208.142 26.120014188586442
1209.182 24.148422581636286
1210.183 33.71427314085156
1211.192 21.69321003296984
1212.193 30.419100159755
1213.195 30.26491594485323
1214.197 30.213502880318714
1215.202 32.27332834838396
1216.203 29.675402958099397
1217.204 27.072462752418154
1218.212 32.05418800305411
1219.214 35.46560086697195
1220.215 34.13758616791966
1221.301 30.780186791270292
1222.312 35.13367938420255
1223.313 30.295150626183528
1224.314 25.461118815535464
1225.322 34.02360837030478
1226.372 21.9096288300749
1227.381 27.32570759632584
1228.382 19.759440269660328
1229.392 21.252190676388818
1230.395 20.833360975250784
1231.402 27.77363415806475
1232.442 29.75567681676754
1233.443 28.880241330203507
1234.444 27.19641228598963
1235.452 21.837819847608213
1236.453 23.054613250756887
1237.454 16.412802862210103
1238.471 19.641918176500596
1239.472 19.759440269660328
1240.591 25.326425421439364
1241.592 36.1932638130747
1242.611 25.376644145033968
1243.612 32.774141298293294
1244.613 27.19641228598963
1245.629 34.122064652271305
1246.632 32.33768194435201
1247.692 31.769273416519635
1248.702 38.37865606959646
1249.711 26.068957805385953
1250.712 22.486330008913047
1251.714 28.90283179866232
1252.732 15.478715480116794
1253.752 13.50211434166326
1254.762 4.719117079188284
1255.763 32.97057593930933
1256.764 33.39388896626405
1257.773 29.0712169590353
1258.774 27.940109487645234
1259.782 24.66886162566568
1260.783 33.094525472880804
1261.893 35.07930811181768
1262.973 34.5125563265261
1264.031 34.995665280102585
1265.041 35.13367938420255
1266.042 33.765737567091854
1267.112 39.40555379973601
1268.114 43.01897658699494
1269.116 28.975244565620322
1270.121 29.680748103726447
1271.122 27.816159954073758
1272.132 26.58553291964959
1273.133 19.95587491056299
1274.143 17.372155458845707
1275.151 26.34099741264382
1276.152 29.05565529012864
1277.161 27.962808048097216
1278.201 18.54291251935757
1279.211 17.18896549753981
1280.221 11.802462245937866
1281.241 11.484728731147406
1282.251 20.760810545226057
1283.261 15.406634933854562
1284.271 18.672444987359196
1285.281 17.372155458845707
1286.301 19.097585149971177
1287.321 15.620511502475855
1288.341 12.52898898367695
1289.35 10.944043606985765
1290.351 11.279407558167467
1291.359 16.791180156436244
1292.501 18.840830537502494
1293.502 23.674360918841014
1294.551 10.645008086357354
1295.552 13.933812190100339
1296.571 11.445443979513254
1297.592 11.423023913013862
1298.6 6.0823669320660985
1299.621 7.534334921325207
1300.641 7.055158845208021
1301.651 7.616392034326517
1302.66 5.902405540841032
1303.671 5.328066929452857
1304.7 4.581916772905512
1305.74 2.5053299480206324
1306.741 10.28781128932356
1307.75 13.772279595276848
1308.771 9.407614194348241
1309.79 5.357441862764151
1310.811 8.992593293195698
1313.582 3.4477294124057716
1314.631 12.350007757153401
1315.641 14.250023806214147
1316.66 11.080163852532117
1317.681 4.739339708570596
1318.711 3.4228868141524122
1319.721 5.0366463452855585
1320.75 9.163833545799687
1321.76 21.548886574352693
1325.469 2.308188281652728
1326.47 15.865540301570539
1327.481 4.663493926128145
1328.59 5.640387779672425
1329.609 7.42736258245998
1330.619 7.247856935892094
1331.629 16.092699298329574
1332.63 10.463225249158
1333.919 11.16565092646794
1334.929 4.299576148405376
1335.969 3.340439930686619
1336.97 10.163861755706735
1337.989 4.677436947962308
1338.99 11.279407558167467
1339.999 20.53545261089354
1341.011 17.950834416054168
1342.019 18.955671035255392
1343.029 18.23207068852225
1344.069 18.541255555176004
1345.072 21.895320554125135
1346.261 16.217750864051467
1347.279 10.116010904327048
1348.289 3.4396609187288356
1349.299 5.0366463452855585
1350.38 13.246962490020282
1351.381 28.26049366223275
1352.389 29.46932377097383
1353.391 17.263203639839862
1354.399 32.495436060486405
1355.4 25.213219748279144
1356.409 16.651302302870764
1357.419 25.428921792009174
1358.439 21.337889736423442
1359.449 23.21771120137996
1360.45 25.089270214707664
1361.459 30.546818344203043
1362.461 23.206843550686916
1363.469 28.433506552883088
1364.47 24.84137114745134
1365.479 28.579349830608265
1366.48 31.782545029381364
1367.489 34.23582180723578
1368.49 39.715315180223314
1369.491 32.278343163894014
1370.5 36.449223885100764
1371.589 33.54372813016707
1372.591 32.07089035247967
1373.592 27.816159954073758
1374.598 22.991236336669235
1375.608 20.26943041394993
1376.618 14.301029638539958
1377.619 16.981086104053944
1378.824 1.2331780032975646
1379.838 20.854941152018657
1380.878 1.4316171131530275
1381.879 6.197476680308432
1382.898 11.201923894859162
1384.139 3.899166674016383
1385.538 2.963503098127877
1386.548 4.176731115597681
1387.549 3.346637407370861
1388.558 6.394272669245397
1389.569 8.22534685862946
1390.578 7.006230163795736
1391.603 6.0523650312170645
1392.608 5.730244890641592
1393.618 7.739237067134211
1394.619 10.163861755706735
1395.639 14.35359902995797
1396.649 12.089819047910746
1397.668 4.139841439402994
1398.684 5.373261080865331
1399.688 9.26843748554583
1400.698 6.193257472925974
1401.718 7.1767995149563095
1402.739 7.1697703283547485
1403.749 7.493547001518822
1404.758 7.378006926054126
1405.858 4.060586720937567
1406.869 9.255219709352032
1407.878 15.992872713057972
1409.009 12.984023998126178
1410.018 14.141179941568783
1411.029 12.763246534703496
1412.038 6.76317301554867
1413.288 2.919717521372926
