0.0 45.885970750579865
1.02 56.0785736320809
2.05 18.520328010216836
3.08 30.695257558634466
4.279 21.245045825141297
5.28 28.07269361124692
6.49 35.170760019399836
7.52 34.13401993915564
8.69 34.149310638254384
9.911 35.89628843373813
11.09 38.94684979855065
12.092 59.8930750094599
13.1 44.95147452034891
14.15 31.40039328167848
15.151 42.4575509742785
16.161 44.2361729248341
17.35 36.85747959740092
18.55 49.08858776306093
19.551 46.454011460051625
20.552 44.51315407435779
21.57 47.989563484272026
22.571 38.048296872143034
23.572 40.559609576735326
24.581 47.21575493287418
25.582 46.68859461638838
26.59 47.17898529973717
27.601 48.84487696723633
28.62 43.99498836196113
29.71 45.0664356572567
30.82 45.46713622533849
31.921 45.29502905470764
33.0 45.60279907960167
34.101 47.15053707780996
35.102 46.370907194418066
36.103 46.799339687702656
37.111 42.72558900236475
38.112 48.884220220545956
39.121 46.966253981206115
40.131 54.24111357415267
41.14 47.21413128242899
42.153 39.5438341901466
43.16 34.61990367143034
44.17 19.92733733939353
45.171 42.53920046028248
46.172 62.28982929138792
47.181 67.43651716600448
48.191 60.91509907630531
49.192 87.01653059536349
50.193 81.61638996718735
51.195 78.21063174874591
52.242 70.46079520170998
53.243 84.59104986730006
54.251 71.05298895350539
55.252 58.62833173136308
56.271 66.86993858081522
57.272 81.62620972718406
58.273 100.60216860008539
59.462 76.42932311282105
60.463 86.87559885401673
61.472 79.09901790505097
62.561 48.84401541184869
63.562 79.19490988219509
64.563 100.82056733713878
65.641 91.02594121439382
66.642 95.24148885957736
67.653 97.69857632182092
68.66 68.64943241919407
69.661 47.595103945302235
70.662 56.9677012012795
71.681 35.32993135266861
72.771 32.90855138877264
73.772 45.02687300203769
74.78 33.57554897977946
75.791 39.65537037266436
76.801 31.96001180331131
77.811 37.47567846934011
78.821 36.353945711237635
79.831 25.14815265699131
80.833 36.38441450408989
82.031 68.88865262905725
83.032 66.70272034168717
84.033 66.9458503260723
85.041 63.013182921436275
86.052 63.77091581398306
87.142 61.93754164661185
88.271 51.65922551875656
89.272 68.4109948923523
90.273 58.532316299930116
91.282 47.76905892334688
92.302 68.98230632032308
93.303 72.94263229988067
94.304 64.07502529585368
95.311 60.793432975052674
96.351 66.54131940146748
97.353 68.34272044640078
98.361 50.056239393468346
99.362 57.71400296376056
100.381 21.368341052802453
101.382 32.837277548256296
102.431 32.344117259068916
103.432 35.324950090011505
104.611 24.6242815738827
105.621 18.491288718454932
106.631 29.83261246582948
107.641 23.507005726556933
108.651 29.339511433308225
109.673 32.649850164985835
110.681 28.402523135879196
111.682 36.320019106577064
112.693 35.221850703635496
113.701 24.193096604395073
114.712 30.542024386466306
115.721 30.849358449928395
116.742 28.838533016497887
117.743 39.05645890218925
118.781 31.699044517347062
119.791 33.5308702093976
120.802 32.26617092435877
121.812 27.45920329301554
122.821 20.455469925214466
123.823 23.857822410440306
124.824 40.19136857560692
125.94 48.749587634575654
126.942 58.626136858552066
127.962 54.91055257657376
128.973 62.62688625029047
129.982 67.27397171593121
130.983 54.3252765155647
131.991 32.60924089865987
133.052 18.306550112957268
134.054 48.73224732906534
135.082 39.901946043206486
136.092 34.763622790586965
137.292 23.89058131813321
138.383 23.737549245060332
139.394 36.45338394501976
140.412 22.882400604604225
141.442 26.593944033931432
142.462 10.00946752720352
143.672 8.191466931094363
144.681 37.019230140050595
145.682 40.562155440632004
146.683 52.70537980509758
147.685 56.36221611899779
148.692 38.010673058761206
149.702 35.55337744151334
150.703 47.92188373745447
151.712 39.80884200975568
152.762 27.27318329714786
153.772 13.684995467527168
154.773 34.081113819133904
155.774 25.040024387739766
156.793 35.67844860226853
157.795 34.41788088142979
158.802 37.912337492905394
159.812 43.39289085936765
160.822 25.757500095173942
161.832 28.84641040078697
162.833 18.89085428605074
163.842 22.211538084007604
165.042 14.726773527308652
166.043 25.12549266958877
167.052 36.68187165878791
168.103 29.486141433711467
169.104 57.46523570967605
170.105 61.89412933157742
171.112 60.46932328790743
172.125 51.79693675414688
173.132 45.40789370447927
174.153 30.974568774552253
175.162 34.10423637495711
176.613 27.465467267597802
177.652 40.837623984837485
178.653 47.880786223158175
180.094 41.77325084905941
181.096 64.36641671128946
182.103 55.33183225688858
183.104 59.20660648872267
184.113 42.88800487536763
185.115 57.159366191485546
186.131 51.233531405329465
187.212 46.094657094407346
188.213 59.20660648872267
189.283 49.386918685489334
190.993 3.4915553085629063
192.003 125.07644661672785
193.013 48.323901184125134
194.193 39.15958348846784
195.195 52.686024489655985
196.203 51.52547552643262
197.213 43.602134389512614
198.222 53.801281136737
199.223 47.38325171498916
200.224 41.55886108382577
201.283 48.48063024680156
202.285 39.0174804002393
203.293 38.540541388984124
204.473 48.6331263984421
205.474 46.519476526772266
206.493 42.004277839540556
207.513 32.31483279770029
208.521 45.949384902781205
209.522 35.53643862541719
210.532 38.202173448102904
211.533 44.526247087610905
212.541 47.99956162565788
213.552 49.10936853617702
214.553 60.69921001368478
215.561 43.608828177033644
216.562 46.28289304912746
217.563 42.6361251287564
218.573 48.20729432458726
219.574 69.90359841731441
220.581 53.55600762407786
221.582 57.71400296376056
222.592 57.44627028542707
223.593 48.07081676448852
224.594 51.29769901962337
225.601 46.98415498278549
226.602 30.54272695408921
227.612 31.065365047018854
228.613 20.65168273777362
229.621 35.82075704793924
230.631 27.922747099699958
231.632 47.01701103516881
232.641 38.234261889487165
233.642 41.67287940862398
234.652 39.694633115571996
235.661 27.095659027345537
236.662 11.940828199401091
237.663 27.11563070271989
238.852 44.6775421428734
239.853 55.972632184713945
240.861 48.66682164437411
241.862 42.832156634693526
242.871 40.359079104892466
243.872 40.549062427151355
244.873 27.022706677317156
246.053 38.66239680202761
247.081 32.94375380508437
248.312 12.219619479923288
249.452 44.79468528630936
250.453 82.09337571832197
251.633 80.70205334024418
252.642 81.82494659605727
253.643 54.48512038731766
254.682 65.94206873585752
255.684 75.97668588659269
256.721 86.66558543955483
257.722 67.76361811988076
258.734 93.72546062114981
259.742 81.76075155245746
260.782 29.36236906739369
261.792 47.33769911931016
262.793 52.20111694273454
263.794 60.69921001368478
264.802 67.14893094473268
265.803 81.49673437268974
266.804 75.95038842837485
267.805 85.1993294470109
268.823 105.17678987606652
269.824 102.06203959157342
270.832 101.8757066141489
271.833 103.4871777282793
272.834 85.46155340948344
273.837 102.94888673762402
274.842 83.25311760523847
275.962 71.56951502418679
277.107 4.132143586695314
278.132 158.29015425616092
279.133 93.28772030785657
280.134 76.71814818493125
281.137 76.66211141632978
282.139 76.03209399326924
283.143 99.2257063418244
284.157 106.97252576578374
285.159 100.38513771140512
286.163 97.32817826696223
287.164 74.06826775543517
288.165 93.53648756194107
289.172 77.8110895713861
290.924 32.5594440826949
292.052 203.67976341522836
293.053 94.53155657873418
294.064 105.66555211090648
295.073 100.9728366964822
296.074 87.08872401627815
297.075 96.02416010346876
298.081 78.21323032990772
299.083 86.39224844359548
300.084 90.8000477663289
301.085 83.95785719257627
302.093 88.1931742488241
303.453 51.00995116911481
304.455 80.27163165173471
305.463 79.54678461658645
307.893 11.14558389084929
308.992 137.25502753487282
309.993 35.57371734409601
311.003 43.39289085936765
312.023 30.02840258163332
313.043 29.29600251853346
314.283 18.073743489318918
315.423 6.116182981961796
316.433 34.1715771430271
317.443 35.99637537200388
318.454 34.506157043726304
319.464 45.11874447307828
320.473 38.13594083477605
321.474 51.99235611822416
322.483 37.846750649978105
323.634 45.45844587837151
324.669 46.19427643523918
325.673 24.275160424480084
326.774 38.944836800952785
327.775 45.5244075102067
328.783 40.13745081912428
329.793 35.77613799566767
330.803 38.681757456842334
331.813 43.146340342993255
332.823 30.191264166920273
333.833 35.74982485562948
334.834 30.696024319101834
335.835 38.69803766105756
336.893 36.32412717353072
338.063 43.84369092393569
339.065 54.17713839026584
340.066 44.28293525577208
341.073 44.261127471776646
342.083 46.35149705426765
343.084 37.50620974896763
344.085 46.23197577483443
345.104 45.921390216983
346.113 46.61374142927336
347.114 39.087736656488836
348.125 39.65537037266436
349.133 22.137682928714476
350.144 23.89174488280924
351.153 22.70512781920828
352.155 24.000975158083218
353.156 40.549062427151355
354.163 28.515144968408173
355.176 34.90649066130747
356.193 24.257501375276863
357.213 19.042401637115006
358.384 8.718750536085873
359.543 6.230771890294171
360.567 8.26811008582726
361.573 10.396295128380203
362.603 8.703472592914741
363.613 7.349836698115464
364.643 9.912288230814509
365.663 10.741867590166857
366.674 7.517934282759848
367.683 12.586538247594449
368.694 13.793172303526527
369.703 11.74765218448236
370.704 12.663489798817528
371.713 19.249999672803554
372.734 13.477118026078527
373.753 17.106105494199685
374.803 11.009649451121383
375.824 13.25123059551398
376.833 15.054486923597823
377.834 12.305068557640338
378.854 13.492829327640493
380.013 14.022534953630124
381.184 11.270579961260093
382.193 9.95893061120825
383.274 10.522334979092754
384.283 14.807692055997485
385.303 10.359606153794246
386.313 13.31372787727754
387.314 9.157289925045111
388.323 12.833333115194787
389.335 10.32458424984264
390.374 8.628081588737484
391.413 7.773297433628058
392.434 6.829038784959466
393.464 6.527604444686055
394.554 5.71137663781003
395.565 4.7889358412887635
396.634 5.433632872124538
397.654 7.812267338313511
398.02 5.35792669013922
