0.0 43.254874711079296
1.318 45.416575797566885
2.549 10.862999761705556
3.559 12.363326461447057
4.739 27.119656638757448
5.839 22.571298206159923
6.849 30.072585973949117
7.859 20.911652299393538
8.86 30.21421119672463
9.979 24.980635223662066
10.989 43.21331765178156
11.999 32.32631736010086
13.019 47.00040495641258
14.02 45.105075005941174
15.149 36.1230004412399
16.15 44.48676172572976
17.16 48.039219066497616
18.169 46.72815698139631
19.18 47.246937284928244
20.189 39.81489276233623
21.359 34.3580555649254
22.379 40.07041456223773
23.389 42.22512053762341
24.4 41.20356522580754
25.44 27.042427978194706
26.46 21.823713806964147
27.49 38.069437444913824
28.492 30.170765357759855
29.649 33.65165795416818
30.66 42.2621525276992
31.67 35.42536927226068
32.679 38.3343606202669
33.719 42.71301623321367
34.909 46.056614385711974
36.012 49.09991506076736
37.17 46.37832799810315
38.339 47.99429306305437
39.34 46.30516756566344
40.37 45.191047725631954
41.372 49.37545015731085
42.38 47.08436758950104
43.39 41.347701709656526
44.469 48.804255019715576
45.47 43.7321864960379
46.479 47.974178474679114
47.48 40.74587751358138
48.481 56.462212262140326
49.489 27.47006476737317
50.67 4.808560436425751
51.809 47.54369126236764
52.81 26.47510431430267
53.82 53.83570267323369
55.009 59.76875484645175
56.013 69.7832906574225
57.02 75.11373310194648
58.03 74.0809237637353
59.2 54.91071308107469
60.29 69.9731347689813
61.34 68.66656839165726
62.35 76.48868785522652
63.359 88.88325835023521
64.36 78.91818151413035
65.369 105.43673225450316
66.53 89.19440834221705
67.54 95.37795140840612
68.541 80.3722347502656
69.542 83.3709850413012
70.551 77.28115255915215
71.552 64.10236051767116
72.56 60.094284395988225
73.561 54.39399284840626
74.57 47.092559493596774
75.58 46.54880095899605
76.581 59.4339076442672
77.59 39.0371089057765
78.6 45.24921117152767
79.61 31.86187058820914
80.62 21.583759427506564
81.64 36.05657063759294
83.022 5.870281037231343
84.041 35.91251165436747
85.042 53.76067100559396
86.06 44.2491238889904
87.07 38.30071167746689
88.071 58.08313701611756
89.08 36.96197373974258
90.081 36.200652837919016
91.092 31.998509259912346
92.22 37.267316811633506
93.231 46.2743821980457
94.232 38.2011362391841
95.24 42.11965468822431
96.25 47.391185664730145
97.27 29.539573406622257
98.42 29.190076688877607
99.43 35.610325951498794
100.431 24.613845078712238
101.44 41.27387421855221
102.451 44.68904310605902
103.461 46.29573324880835
104.61 37.67436927800036
105.621 35.5751030771217
106.631 32.94381823057407
107.64 21.17296144972672
108.65 18.474530004915323
109.66 17.93903638157764
110.67 13.177135849551139
111.691 18.01062784051525
112.7 18.492839747226537
113.73 14.487727837525348
114.751 22.513284800644065
115.76 21.440973619976738
116.911 20.80021628069123
117.92 39.397789026777374
118.921 32.32232178997065
120.023 37.25631092101244
121.031 39.70515219027711
122.041 31.39624948801015
123.051 23.537645700067728
124.052 41.063427099850735
125.071 22.53264075061887
126.08 22.78103447122683
127.081 23.773563057756302
128.11 5.781665845687317
129.121 28.43345158062916
130.651 37.70104959319029
131.652 35.12912046536467
132.671 35.24866861539704
133.921 15.212235523429728
134.922 41.87388947683936
135.941 51.43794188299467
137.231 14.218605585095396
138.241 19.277770439909492
139.243 14.30387907030244
140.261 24.70477212154318
141.262 28.01466686091231
142.271 43.68598375072824
143.282 28.66417433939968
144.291 31.357423919276826
145.302 22.290164835299507
146.331 28.674534460596515
147.362 38.00221857885003
148.363 47.969143196334215
149.371 53.190046664861164
150.491 35.06182384811976
151.492 33.499111581372645
152.503 36.88631224718474
153.512 46.61276285247929
154.521 36.78839275805782
155.541 15.642188732493892
156.551 18.74227681657181
157.571 14.051457674934131
158.591 25.60828935410138
159.592 39.17234822004589
160.593 38.632039968884875
161.601 30.953365073408584
162.617 34.86769749149017
163.621 32.052280173393704
164.622 14.342656314459122
165.632 21.151998121554318
166.641 27.208524994128908
167.652 32.71629167305062
168.713 31.672540708285045
169.714 34.03941983278076
170.715 60.240815361803
171.882 47.25330827290322
172.883 53.70458637716157
173.922 50.678391917231366
174.923 56.51711200400607
175.931 60.899118561970624
176.942 39.392782624576256
178.111 38.624599543815506
179.112 47.81728024109311
180.114 49.175206898111206
181.122 52.582498846489706
182.132 46.749415346362106
183.142 63.72374117641828
184.152 51.10186680681519
185.153 36.74096108932713
186.161 41.62133996693069
187.332 46.317894555354115
188.342 49.26541334637496
189.362 38.99364777909263
190.372 41.23300899643327
191.373 39.563953213641575
192.374 58.893599393106186
193.382 38.775396151925314
194.552 41.8483836972721
195.562 48.72991972301257
196.692 41.772630088725876
197.702 54.620349579751796
198.703 47.77738906182825
199.712 64.85894520040554
200.715 38.715830228980906
201.717 57.48540079205364
202.722 45.10454485278048
203.724 56.45676202065387
204.732 43.203356832888915
205.742 40.53467520690942
206.902 43.70434540834842
207.912 55.95908363803423
208.913 56.66008831036801
209.914 60.44896042636501
210.923 43.68598375072824
211.962 13.79450127857732
212.963 40.79327297402313
214.092 21.5045916135394
215.093 49.43820499507034
216.65 14.763046744683045
217.823 14.301783117023104
218.824 57.00252051354844
219.825 49.29285891582222
220.834 45.78423692579809
221.835 65.91760666017616
222.843 49.28785606170429
223.844 51.05044058130406
224.853 51.20540999814732
225.854 59.73427637618511
226.855 51.983933674898644
227.863 55.76535910831122
228.864 58.13724683368791
229.873 43.28004718876815
230.883 43.374983489882844
231.893 27.967602816495432
232.902 27.337241365403003
233.913 23.775393713277683
234.934 24.632182193648767
235.942 19.852576095113847
236.943 29.815694365111824
237.953 40.89421533340495
238.954 31.65207098393945
239.963 28.8955518933507
241.113 32.52500006290237
242.133 46.77927628473963
243.143 56.531764318447586
244.152 55.6464186787796
245.154 51.070908845546334
246.163 52.65792624808839
250.192 7.059416130638029
251.343 134.2103509406756
252.353 37.21680682158597
253.354 59.21983814711908
254.364 69.8220271104339
255.403 70.53833373372039
256.404 71.38921511003326
257.414 63.16769681089086
258.421 80.97086856005582
259.423 92.5137666830384
260.424 92.75094166455554
261.463 96.34746815322652
262.464 93.88744531442143
263.465 114.17428231757796
264.474 76.81624548332722
265.476 95.01868161945889
266.478 103.74948499952323
267.479 92.12176692435584
268.534 72.17403751632453
269.545 118.26398903333643
270.546 104.9392768117947
271.553 98.04307275344853
272.556 135.75190891256244
273.995 9.776640681985931
275.003 152.88848676092846
276.016 64.0689310440409
277.023 53.28939112068027
278.024 76.99392581194215
279.025 80.28692292117393
280.027 126.84572005733372
281.036 16.34619548594425
282.044 65.99640161352195
283.045 71.5908432988494
284.046 63.098564157338686
285.054 81.28825076768176
286.064 94.3402367919474
287.065 129.94413444079458
288.066 77.56800332914048
289.067 105.52046364789868
290.074 92.37929716493849
291.075 83.82835123650382
292.076 102.66409721981815
293.077 106.71087963419929
294.079 75.7945396118546
295.456 12.372352669763735
296.816 137.33369604192615
297.817 40.79327297402313
298.853 56.90395076497574
299.874 65.68581918314574
300.875 49.72988455924472
301.884 85.49588230968165
302.894 92.2495412932593
303.896 100.39703800293626
304.904 85.75857114173485
305.906 97.79579348757157
306.934 76.5233347234167
307.935 76.72377168636163
308.936 78.885004691747
309.937 63.90606431803426
310.944 51.56053795236866
311.945 48.733987442360394
312.955 48.99766653481732
313.964 40.59737858696112
314.974 34.27159189321636
315.997 20.57113119932539
318.215 3.2919096276424207
319.224 56.02923723195084
320.225 39.98281059703451
321.242 31.841799238313957
322.244 36.43782762225179
323.246 37.75798730249058
324.294 38.05000888690945
325.295 47.006817864104484
326.296 49.85706237846328
327.305 51.09981163566206
328.314 61.10677481685587
329.315 49.153634750048724
330.324 63.78689651935605
331.356 53.47224394745292
332.365 63.518884349279
333.366 45.5750799906114
334.367 45.22889564684253
335.375 44.265879131008774
336.384 30.964025938329627
337.394 38.287794068063654
338.445 39.32033791283982
339.454 47.438154134277916
340.455 42.94305207626042
341.465 54.620349579751796
342.485 50.141362345487266
343.486 63.4862195292103
344.505 46.64574007436568
345.519 57.60517202457285
346.525 45.038487367572
347.535 48.7551677776654
348.544 37.78971600532668
349.545 34.579728083941774
350.555 27.718449533339715
351.556 58.35329114169808
352.564 39.263317059687125
353.575 31.562873406775207
354.595 25.748020968663745
355.605 46.32019841800536
356.615 28.347497963606703
357.624 38.86176468612908
358.635 19.30973516351705
359.655 21.73999111972806
360.724 17.068776853935955
361.735 29.42301758254099
362.755 23.159013147412598
363.854 24.623662530161578
364.865 28.35308967054743
365.887 16.117573031951363
366.955 31.77349799882323
367.965 32.93285783493393
368.974 22.827074573579655
369.985 24.127930267657984
371.225 25.967152224189217
372.235 33.73609826985397
373.245 27.42839048740323
374.495 26.970789265480537
375.496 36.200652837919016
376.505 26.40252933016663
377.535 24.310433412609655
378.545 27.31017478975235
379.555 19.94204871385971
380.615 20.760911775015938
381.625 27.84566841311474
382.645 23.39816545310179
383.655 32.665111023129185
384.656 27.764260843705056
385.665 30.7696779318886
386.766 16.210719768938993
387.796 26.528655624687055
388.797 28.63633731968802
389.942 23.68068382237084
390.957 30.639204113151276
391.965 33.266478862170814
392.966 20.210411822944014
393.976 12.584100148274938
394.995 10.084516812274058
396.006 8.559423296763907
397.022 5.855643853552129
398.755 9.79621062921477
