0.0 66.14552008529483
1.139 9.841880349193115
2.14 24.56897101787969
3.189 29.804677712535423
4.21 26.00559579934568
5.23 32.526567726251976
6.24 45.682452192472894
7.35 48.939232367187884
8.351 62.497174417744766
9.352 83.44308973283493
10.469 47.97195434189842
11.47 60.75829773835645
12.471 79.82018730259863
13.48 60.5124077620902
14.481 59.57350119962049
15.7 80.7717169799588
16.879 62.840547751379916
17.88 80.30146299888311
18.89 64.07592547983796
19.941 64.49123772985158
21.109 70.9565367217913
22.14 72.85448060396922
23.141 62.49947350546771
24.279 70.2574159811355
25.419 65.8397157386949
26.62 68.86288428702983
27.679 65.2657941784413
28.779 68.4970821841398
29.839 66.31829652752009
30.97 66.74904281950487
31.971 63.90758809805139
32.979 59.5022646053174
34.052 67.33247243834262
35.14 67.60239139737233
36.141 73.1882388637665
37.142 84.7098870668305
38.159 60.517798543783066
39.309 66.44123727784118
40.311 80.3613925520409
41.319 63.22786281349396
42.32 82.45034365495312
43.321 60.43734509246464
44.349 61.797459445014944
45.449 69.31846805775851
46.53 74.15972387438859
47.532 62.78115840600795
48.533 61.69893116099325
49.539 61.42369364258328
50.54 82.65067083176326
51.549 64.58495043140195
52.551 61.60091292911069
53.558 85.64495595153615
54.559 58.54320335578915
55.568 51.85882842523683
56.579 32.38818368296007
57.589 42.66649617313496
58.591 43.32333870805369
59.599 56.59996013020457
60.6 78.98500536991868
61.609 61.944900551022315
62.619 58.3930950838144
63.629 73.5459968125499
64.639 54.54514595886523
65.649 61.26656259977586
66.659 91.16517700803149
67.798 67.0694295793122
68.809 77.53136701937183
69.81 56.577483354596204
70.881 64.3285245124352
72.051 66.7185804723582
73.061 77.88500586357927
74.062 63.30461402519626
75.068 59.23989260150053
76.069 74.3316518234896
77.148 63.24768344255855
78.149 81.83985922890808
79.15 62.15016544432635
80.228 71.76654870549852
81.229 81.65853784409431
82.239 67.19198802766769
83.249 84.72566927966669
84.25 65.68830817392045
85.251 57.265830218114644
86.258 61.84811356760282
87.259 81.6120962721677
88.26 64.15941483970188
89.269 81.221695834733
90.28 81.13720162456616
91.379 65.06426059472086
92.382 78.77158593648976
93.388 59.15524915042659
94.428 61.162599977631
95.429 78.10154259524886
96.43 67.96363865475196
97.439 59.23787909689407
98.44 63.52731898902289
99.441 58.868754176935056
100.449 63.25023740733626
101.45 56.13222669930438
102.459 82.70045672491717
103.461 78.37852805644691
104.468 58.46208109960105
105.612 25.51521804650758
106.751 7.186630904270154
107.781 7.539611306925308
109.17 3.865689183198423
110.18 6.442060182761528
111.331 5.470542404572136
112.34 8.528588259468371
113.37 6.92829147121674
114.4 5.579932028556016
115.43 6.92829147121674
116.431 6.290304003664024
117.432 7.548364804389157
118.45 5.360558349693593
119.71 4.749015180562516
120.75 5.2471619230565345
121.76 5.195209824810158
122.832 3.7200028559034415
123.85 6.391434955389147
124.88 5.501878521262044
125.91 6.92829147121674
126.93 6.996215897408712
127.95 5.36614211688141
129.01 5.544171088515821
130.03 8.23084223224103
131.09 6.336195529721408
132.099 7.280502172733274
133.119 5.350047450952834
134.15 5.2929664403335375
135.19 5.2471619230565345
136.459 6.323110577838594
137.46 3.4483250359230637
138.492 5.287837596887152
139.509 5.1594512517846525
140.539 6.92829147121674
141.56 6.989363580170844
142.579 7.003081663740128
143.6 6.783794063111508
144.63 6.92829147121674
145.659 6.9350245047187755
146.66 6.91933440402659
147.679 5.350329096166343
148.68 6.91933440402659
149.699 7.003081663740128
150.729 6.92829147121674
151.849 5.07689906106505
152.971 6.547260866567569
153.999 7.758449536042421
155.009 7.065485361737212
156.019 4.938639374686055
157.029 6.64986857574703
158.039 5.195209824810158
159.069 5.298105242705307
160.119 3.950056481932165
161.132 5.179824208351702
162.15 4.742032386257082
163.169 5.7672437230880025
164.179 5.371573526758363
165.199 6.996215897408712
166.229 6.92829147121674
167.349 4.0700299680351355
168.409 7.7222383018647465
169.429 7.6135290648248715
170.689 4.735864398814169
171.699 7.065485361737212
172.729 6.3169716355273495
173.759 7.539611306925308
174.769 5.381143650120042
175.799 6.92829147121674
176.89 6.3485368821619
177.919 7.546938431598957
178.929 5.437045323085893
179.959 6.92829147121674
180.969 7.065485361737212
182.049 6.024519244984442
183.079 7.743384585482046
184.089 3.3247823811645993
185.109 6.996215897408712
186.119 7.065485361737212
187.129 6.442060182761528
188.139 5.9173743717919045
189.159 6.996215897408712
190.179 6.996215897408712
191.269 5.776692025377358
192.419 6.721383617678439
193.438 5.7672437230880025
194.469 5.2929664403335375
195.478 5.2003586948094815
196.629 4.7411367506240705
