0.0 58.12215248564463
1.01 67.57340363255707
2.02 54.472850932459664
3.03 30.04411044555625
4.051 30.18939832446958
5.2 44.81641371333268
6.31 45.95217254293331
7.45 53.3675854461064
8.451 64.57853544460006
9.46 86.55330987102617
10.466 67.66228840018648
11.62 53.45555009422181
12.621 94.89944169112684
13.68 57.026370326373325
14.86 61.93732187253439
16.031 65.24242305952475
17.032 76.56756852530444
18.039 54.10547755337959
19.04 55.669010818249106
20.041 45.68783982170017
21.239 47.94569314719724
22.319 65.23626632887863
23.321 73.03953151976306
24.469 56.964487712363926
25.589 65.4709578661745
26.59 71.79192789475441
27.6 76.13915614696748
28.649 61.55649513511539
29.65 85.92203073820181
30.669 60.96633958504088
31.68 57.871646904941606
32.681 60.31178576647726
33.859 59.31394113195655
34.91 64.22106096855975
35.919 53.37632233360225
36.929 29.69177284243531
37.93 40.70306826561317
38.939 33.369701439527354
39.94 49.61173790044394
40.949 50.34126535183255
41.959 61.82804668909124
42.96 52.16542657031332
43.969 45.85098016885763
44.979 44.52299971428965
45.982 72.82263006955687
46.989 36.66456651225007
48.059 64.91667771859854
49.069 74.52328024365107
50.249 48.8962518693741
51.259 63.75565029591982
52.26 84.66639019281787
53.279 47.38903599762536
54.298 44.466223575885124
55.424 40.96266859661625
56.429 88.45143883993681
57.439 57.809466002961756
58.44 55.50604943480196
59.449 70.16533356037597
60.469 59.85085682095979
61.478 66.57043892966324
62.479 64.95045675545133
63.489 67.83964816084308
64.49 63.46961144399376
65.579 67.21043597501047
66.58 72.29432091171383
67.581 83.49077685385133
68.689 69.96869644524308
69.69 86.64723454480716
70.691 85.48085511421581
71.839 72.86757708518694
72.849 77.22006486895755
73.949 71.52138121840989
74.95 90.30488826450859
75.959 92.87826156780808
77.149 73.16941076697994
78.159 98.43048352605435
79.268 73.64447325249725
80.269 88.85516464447124
81.52 66.66660900256404
82.522 131.01899701344433
83.529 33.819790503371976
84.531 77.41106066453949
85.533 91.04344854056711
86.539 93.88346971678
87.54 90.20417026347394
88.541 117.43069120332451
89.543 93.6938394818618
90.548 116.26432147097185
91.549 78.60809128514569
92.698 83.07108654103244
93.699 100.82196794543691
94.7 72.30919776403661
95.702 85.58584687808964
96.709 81.2066604722271
98.099 90.73564947893276
99.1 96.14345435170794
100.101 83.51642659945679
101.378 16.623528336525624
102.379 143.64319220109505
103.449 84.50932393576744
104.45 110.41292081273107
105.459 88.1352263652701
106.46 97.07915707041094
107.469 78.59690606427064
108.47 107.13796129694961
109.478 90.24442967681958
110.591 119.6544165990779
111.609 41.63348582657449
112.612 81.0103520064336
113.613 70.67582196550696
114.672 80.47737288829819
115.681 88.7390567960733
116.682 76.99591927648771
117.683 91.69886643760124
119.425 20.906433837749347
120.431 122.18867889340672
121.441 26.31261965826606
122.561 26.8546295534586
123.591 35.685309642651966
124.592 34.97701906238419
125.593 42.86944577726801
126.621 40.60475521937732
127.792 36.716473096471766
128.811 44.50956182901375
129.901 43.9027275016971
130.902 41.2114462229999
131.903 45.47323695034845
133.111 32.66414724725251
134.182 41.380618309769616
135.192 38.14550267481022
136.193 43.68425269535962
137.195 38.62703502852297
138.311 30.854493736093698
139.391 39.952341537231526
140.412 30.547768909036066
141.413 37.31627585924867
142.561 30.254919669411997
143.562 36.72462172792458
144.563 31.94710011620133
145.59 20.344813250135765
146.651 22.62629088530565
147.711 31.64064550599049
148.712 28.062360649039107
149.77 28.62798489491074
150.912 33.13804715172533
151.921 32.26193578716266
152.923 38.712619679607606
154.071 28.07146735144964
155.072 35.577052110777224
156.17 36.53622785080159
157.231 34.64508621264566
158.311 36.55352145833487
159.4 37.247006000945824
160.451 33.71252764487061
161.521 29.2254786467061
162.71 33.34835801359027
163.711 40.74838281618282
164.712 36.1887130435452
165.713 25.021497811440714
166.715 37.8256825370807
167.91 32.86464925439625
168.912 42.105940057159245
169.913 30.10664537165475
170.93 35.25683685331924
172.03 28.48630648382653
173.181 34.25021892487588
174.36 36.60395276450976
175.362 50.977159356890894
176.47 33.42729461565476
177.471 41.12440808650212
178.48 43.61780604211976
179.58 24.26418223315604
180.59 28.125488990223406
181.603 17.96736960272545
182.61 19.150904268335083
183.611 23.81202680814659
184.63 24.615119922790154
185.633 39.95402418945546
186.7 33.061823956249306
187.901 37.39272505768489
189.091 35.2903633955529
190.191 36.57996913275025
191.193 41.792300497597
192.194 32.725997390445286
193.2 33.722394308386264
194.201 33.817308565607455
195.26 34.925811125567726
196.261 33.58885483158598
197.28 27.63552740294156
198.281 40.295921304087614
199.29 31.667678041519764
200.41 30.301551375892377
201.42 40.74151393287352
202.49 38.553565729733826
203.492 51.41228860372177
204.5 44.734282029984186
205.59 48.20959840198302
206.7 49.824762349694915
207.87 44.69362148330456
208.88 57.32152876697686
209.881 34.507970714925825
210.89 37.82756756683585
211.891 35.28002805700832
212.9 39.92214375501367
213.91 47.71928985195814
214.92 42.19738922635996
215.922 62.080304323467594
216.923 62.020400818782946
217.93 71.38728783304063
218.931 59.12728051561525
219.94 54.12970476269344
220.95 45.79727890552712
221.959 54.304606200102434
222.96 40.83029100377347
224.01 43.96801412067773
225.011 52.86720360939407
226.02 41.44044430450106
227.029 53.144251366870236
228.04 37.923566271878094
229.049 49.66318686695968
230.05 40.2870293924061
231.06 47.99112704064171
232.069 40.84381156339439
233.07 44.913730500097614
234.099 38.1617717382152
235.108 121.69340064403123
236.109 61.990305117229745
237.259 50.25366984529459
238.26 66.29809438832127
239.279 68.3251077789487
240.528 79.07012870230972
241.529 55.6708917996363
242.539 49.73908761755559
243.548 46.414193333567184
244.549 31.860745972876902
245.558 33.02532712488299
246.559 42.57447370323313
247.568 33.1949696443764
248.569 42.80839938285539
249.578 34.37873514559053
250.579 45.61550753917835
251.588 40.99106127037971
252.589 47.98417604420873
253.598 48.156082723619356
255.837 8.994071487991338
256.868 25.70644155190349
257.869 48.89046705474584
258.878 44.02002845597514
259.888 34.472650084117454
260.898 39.876685270531404
261.918 25.182716656729994
262.928 32.22592588731512
263.929 30.154182900305248
264.93 39.99103132829025
265.938 39.955805677829915
266.948 22.682561996386735
267.957 20.422245066748165
268.972 31.165304640134444
270.003 11.128827025223481
271.012 12.299761233373907
272.022 11.616972431472517
273.023 17.076574617217705
274.033 16.460724733753185
275.053 13.986545743724623
276.072 19.072862851338385
277.213 10.291910583113898
278.232 15.166372869732513
279.242 16.228883540327573
280.275 12.482434367576696
281.283 11.615059790054895
282.292 9.085374774003427
283.302 9.969171317622154
284.322 14.029170256231051
285.342 9.412297862815278
286.362 8.042773491525141
287.372 5.74501799429184
288.402 7.956879794051476
289.432 6.592843257922864
290.452 6.198342495022607
291.482 5.125938956710405
292.502 8.95316138171121
293.532 7.047522103299068
294.562 5.1669863524745745
295.623 4.489765956045273
296.643 5.055457623237039
297.892 4.1908384790531406
299.032 3.4918537642532113
300.072 4.503069334001573
301.102 3.275648655395226
302.282 3.373485840037611
303.312 5.683485567170456
304.322 4.031121803363882
305.332 5.796029835832805
306.372 5.403683200793329
307.382 5.035089076676619
308.402 5.968774254459875
309.422 6.198342495022607
310.432 3.448976701433438
311.472 4.052762400584299
312.492 2.955187658043907
313.502 5.332347448960189
314.512 8.079021587834873
315.522 12.022355570878911
316.612 10.4273512232533
317.643 11.2232938854931
318.665 8.706521530293687
319.702 5.348999427294478
320.731 5.233888166627397
321.762 5.223735134301673
322.772 4.879511433730095
323.773 5.380290632831103
324.792 6.89380584987258
325.812 6.007539067012493
326.852 6.079143600887146
327.882 4.6087625713286124
328.892 6.787117042844118
329.902 9.737330124196543
330.912 12.38367532555978
331.922 15.78350440557764
333.082 14.826156234223005
334.092 9.505488930770936
335.102 7.97733685386276
336.111 9.746980600027712
337.131 8.261436025291433
338.151 7.482783513457121
339.182 7.546159157353275
340.262 3.7042304910203785
341.282 4.820933051689005
342.304 4.582379752790656
343.361 2.3137814469099713
344.401 3.82760893388636
345.432 3.8610216209972124
346.461 4.024058881228474
347.472 6.485132492877512
348.501 4.951101175667163
349.521 6.42791073558534
350.581 4.241930564805756
351.872 3.6275694092513158
352.882 11.363777443914474
353.892 14.332971675609217
354.922 8.18421921672888
355.992 5.471018816989861
357.012 4.36179657056354
358.022 11.128377284792993
359.024 17.99430101128122
360.232 14.306381286028047
361.233 11.696283984386604
362.242 9.979051566695547
363.262 5.280069532793074
364.282 2.525250646125869
365.322 2.4766881336987256
