0.0 27.68778912560614
1.001 27.8037727791518
2.002 48.79585814654527
3.011 43.83873829262532
4.012 42.20845415090772
5.02 45.133885879942405
6.03 42.72460938939669
7.031 44.1890978394521
8.041 48.18258953377231
9.042 46.349800045256664
10.051 41.33790572640117
11.07 31.20395016349706
12.071 31.87035753479382
13.08 31.155944564199427
14.11 36.645338071281124
15.111 36.911996014949565
16.12 39.372965853080494
17.121 38.967400842200874
18.131 35.51235302674818
19.141 30.946643058893397
20.15 36.15760969648305
21.151 43.754219666554214
22.16 37.76528777486411
23.161 31.58500163930978
24.17 36.44070310739068
25.18 29.340556741254698
26.19 24.269748802124447
27.191 27.623714262056318
28.201 42.189247283517126
29.202 46.88997559670781
30.22 48.51215101340599
31.222 43.604966018235274
32.24 41.32693446892399
33.261 41.028585165297656
34.27 39.372965853080494
35.271 47.17533149219185
36.28 45.267785473371895
37.29 42.5461553541584
38.291 45.089390425258905
39.3 42.94558380478223
40.35 41.26866100850703
41.351 46.63515594074071
42.352 35.36623049930307
43.36 35.120631676434705
44.361 41.95363449494062
45.362 42.02839563364755
46.37 42.80938043988946
47.371 42.02839563364755
48.38 37.76528777486411
49.39 42.11515233320003
50.4 39.15552868331333
51.401 41.66827859945658
52.42 36.333409137168374
53.43 41.222882156679184
54.431 38.967400842200874
55.44 33.478146232789086
56.441 37.63223008349618
57.45 34.014038925527885
58.451 36.44658160220535
59.46 40.370582854196726
60.461 36.62664011930084
61.462 36.62664011930084
62.47 40.663683110495796
63.48 39.25988776823451
64.481 31.945118673500744
65.49 32.689454258054454
66.491 30.324592019147325
67.499 33.332550568688994
68.5 39.43281525494509
69.51 37.54944236550994
70.511 39.86769342800768
71.52 40.44475123855808
72.521 42.85392708074741
73.53 38.30118046760291
74.531 40.40786897945882
75.54 46.69683265395377
76.55 48.078230448686426
77.6 46.93330195801408
78.65 51.3963524029355
79.72 50.26722565184284
80.73 52.6439404165412
81.731 44.00917094411275
82.74 44.374630985364114
83.752 40.68105844960743
84.819 30.813736335942746
85.82 45.554804838003115
86.821 44.909331907998734
87.839 43.27411430411741
88.84 45.98968301090101
89.85 46.650598166286024
90.86 47.89977641344814
91.94 44.12761099532543
92.941 46.27503890654974
93.949 41.378915553627024
94.95 42.3885126680032
95.951 41.488220082196406
97.04 40.28724498249733
98.041 40.333107840751886
99.049 36.90871278418041
100.05 38.60728380800992
101.059 44.300462601002764
102.06 42.928688219454344
103.069 45.803678166110686
104.07 45.98968301090101
105.071 46.16974152799649
106.079 38.16036955961888
107.081 45.68921977887651
108.089 41.02116862442645
109.09 40.22781046219865
110.099 31.334575461669232
111.1 40.153049323491715
112.109 34.549931618266676
113.119 37.727896400748236
114.12 41.95363449494062
115.139 38.6328217805042
116.149 38.79862061267205
117.159 37.54944236550994
118.16 40.333107840751886
119.169 35.62171700374426
120.179 39.86934482443119
121.18 44.729273390903245
122.29 47.48153152571982
123.291 50.41638480089869
124.299 45.84911832307363
125.3 42.56857118509868
126.309 40.98064393129687
127.319 40.047798859834174
128.32 45.19468780364746
129.329 37.94391867233392
130.33 40.948044530909954
131.339 40.44475123855808
132.34 39.43281525494509
133.349 36.15512871183028
134.359 26.130862633924266
135.36 39.07269822075413
136.379 36.333538433807355
137.38 34.465937913660966
138.389 30.0099907941958
139.398 19.723567118720922
140.399 28.62930422625167
141.4 35.90640605075421
142.409 40.98064393129687
143.41 46.45509742364522
144.429 37.57155440666957
145.439 37.370988330106954
146.459 30.569876068288064
147.468 20.438090709094208
148.469 13.864505820238906
149.473 44.77933998702217
150.474 32.05041605205399
151.484 27.9129244586896
152.524 26.934437622777995
153.533 30.72451438456909
154.534 27.98383129624728
155.535 36.551878980593905
156.544 31.513206359303727
157.554 33.7278126735418
158.564 28.62674059997215
159.584 26.579041420944648
160.604 27.212490835337558
161.704 22.188221467630367
162.723 23.878515912185126
163.733 27.303467402492934
164.734 20.96154912771184
165.743 20.00666052946387
166.755 12.110892435866264
167.763 10.802728610747254
168.764 16.92550061175145
169.773 19.470767836725077
170.783 16.848774269468855
171.793 19.98685195475853
172.794 25.68769033747624
173.804 25.474704887107613
174.813 28.476481100340777
175.833 28.802831208961777
176.843 24.70062137426084
177.863 26.859081863604054
178.893 25.09607011612581
179.914 26.832775221180455
180.923 24.1151711739044
181.933 19.168676728554793
182.934 19.80643688610263
184.063 15.072862721141263
185.083 20.674424855467986
186.093 20.700668096041085
187.103 18.81176865791352
188.113 22.12830037844149
189.116 21.02483883602448
190.123 14.572155440472724
191.134 14.083924309980251
192.143 14.647733601960667
193.153 11.242604224524912
194.173 9.615410770243018
195.193 12.369314016090971
196.203 14.097868789490418
197.213 17.666949495672597
198.223 18.454860587272247
199.243 22.26476522892752
200.253 19.34713076379309
201.263 18.737673707596418
202.273 14.633230895419391
203.294 11.121479203503231
204.303 10.434760444296398
205.314 12.12287155796227
206.334 8.305110839377013
207.343 11.96827013818436
208.373 14.071768886296153
209.393 14.489767847430734
210.423 13.82412376444969
211.433 13.91941475418625
212.453 13.502909461007878
213.463 15.882409142597975
214.483 16.786926164752536
215.493 14.633230895419391
216.503 9.532158821767394
217.513 9.458063871433826
218.522 12.325531933354535
219.523 11.52374509733886
220.543 10.778973642598503
221.546 2.152190230239818
222.562 2.7388096868206335
223.573 13.192536695426622
224.574 12.063920648773532
225.602 13.325030885594709
226.613 17.901773952603463
227.623 24.8051109081687
228.632 22.86475489079232
229.643 20.753823359800464
230.653 20.343760025399806
231.662 17.2231262869763
232.664 20.50618525503833
233.672 21.278165182453876
234.673 17.360378784649342
235.682 23.222016686061313
236.702 20.39438441280858
237.703 24.848075366093685
238.712 25.365587457016478
239.713 23.48236836770737
240.722 28.402312715979427
241.732 24.165389717203254
242.743 26.563350913796906
243.752 18.83054320898278
244.762 21.23603020192065
245.763 18.365968748844697
246.772 14.186009293583224
247.792 12.369314016090971
248.832 10.918298333442666
249.864 9.081788696202748
250.872 9.237765518396088
251.884 8.50473048215773
252.912 11.221078640510342
253.942 11.724256863525834
254.962 8.128406353427916
255.982 7.06817943776627
257.013 6.191257078602156
258.022 7.502497698557185
259.032 9.279609836129657
260.062 6.124611794384576
261.082 6.538065979935447
262.092 10.350334047987603
263.097 9.758924363821361
264.102 21.521023959831833
265.103 25.92842646899597
266.112 25.261124943908026
267.172 31.697368842561005
268.183 37.26000228844044
269.192 36.69350238922184
270.203 33.768473491756836
271.213 36.40462320326901
272.223 24.879205858485804
273.232 23.57927848116561
274.238 28.386428391262235
275.248 12.134874401078692
276.288 4.159351746074965
277.308 2.827271775103214
278.338 4.199733801864179
279.368 5.074678343914414
280.398 3.849755985040792
281.408 4.8182589533772315
282.448 4.679270714330218
283.458 4.996712988681399
284.478 4.594316634544782
285.518 3.2928201322997404
286.528 3.925988776823452
287.548 5.4778390642738
288.568 6.007952522104623
289.607 7.112398077173692
290.608 5.221696997234759
291.628 4.771021120493879
292.648 5.3745031075799625
293.668 11.132382614480228
294.678 9.803492442710713
295.688 15.001618465392115
296.698 11.956420365774523
297.708 17.741044445989697
298.728 16.61022167872109
299.738 16.774679319151755
300.767 10.757423727199676
301.768 7.022282168700132
302.777 8.038390391312447
303.787 13.562506683561445
304.808 9.53269646014798
305.817 8.038390391312447
306.847 7.247201458281272
307.868 14.652107522079607
308.869 25.92842646899597
309.878 24.903863148639036
310.888 30.694094073338004
311.898 27.377562352810035
312.916 30.703447435644033
313.918 32.91782369899
314.927 28.833742895609767
315.958 28.320707330111194
316.968 23.273119540682416
317.977 26.973265535397548
318.978 23.662295263046722
319.987 26.258741945024262
320.988 24.382660953349472
321.997 28.93820540871822
323.008 22.9978004555824
324.017 15.257794679093745
325.037 19.260788967875207
326.047 15.52550107197317
327.057 14.528871810448793
328.077 14.313063361481637
329.097 6.891474951833642
330.104 2.5099862624791656
331.144 2.426288518540985
332.174 2.4498447177472427
333.194 2.297158317272391
334.234 2.252982195789234
335.266 1.7464978261947364
336.296 4.097401106887255
337.306 12.134874401078692
338.316 12.491782471703498
339.326 3.212172635573841
340.486 14.203919211367515
341.488 15.649457168353397
342.548 4.570100925459868
343.549 24.319482526382217
344.558 21.688506992206285
345.559 28.80936274334715
346.568 29.726897383452854
347.569 34.28587939640079
348.578 40.370582854196726
349.579 35.00611346494742
350.588 28.04505092087513
351.598 28.269832529330873
352.608 28.983648670613423
353.618 29.62336986141418
354.628 29.51901077649299
355.638 28.552645649655048
356.648 19.882492869672653
357.649 27.188836088993728
358.658 27.047433919758898
359.659 37.81228860059167
360.668 33.299515335154595
361.678 27.8388295083725
362.688 25.593021999603664
363.689 23.227548711904955
364.708 30.14268278949773
365.709 39.86769342800768
366.788 43.500338806528795
367.789 37.99234711785184
368.798 34.192669823162376
369.868 33.08572755434745
370.878 31.94327232050012
371.888 32.55272937669679
372.89 31.658671972806324
373.898 26.35903424836546
374.908 28.552645649655048
375.918 23.80848164656198
376.938 38.46203059078061
377.939 32.185854805020476
378.948 30.084159178557154
379.958 33.906266708944784
380.959 41.488220082196406
381.968 33.299515335154595
382.969 44.54921487380776
383.978 50.552544016563154
384.988 47.72132237804515
385.989 47.43015114815895
386.99 42.928688219454344
387.998 39.233218224233354
389.007 40.08748944345378
390.008 37.63223008349618
392.658 5.19893726689247
393.659 18.365968748844697
394.66 39.86769342800768
395.668 46.13249258039916
396.669 44.909331907998734
397.67 43.82898080509645
398.672 47.74257330388234
399.678 48.98605075130713
400.679 47.79026818234991
401.68 42.02839563364755
402.688 49.529846685231284
403.689 46.16974152799649
404.698 44.910523678102905
405.699 44.00903932235663
406.708 40.08748944345378
407.738 39.795138422642204
408.739 51.85685293799194
409.747 42.09414799675824
410.748 31.765060156405266
411.759 26.02851834503179
412.767 24.570953140619757
413.768 27.72901164044487
414.777 29.191004690714063
415.787 34.26317477958606
416.788 34.105820879305305
417.789 40.40786897945882
418.798 43.12421470225203
419.898 40.703638785797715
420.9 36.37182046349842
421.908 36.72990467335644
422.909 40.5879274965543
423.911 45.86909859692628
424.917 44.865288087147285
425.918 47.79026818234991
426.928 45.5798739543622
427.929 43.82898080509645
428.937 38.33917767044285
429.938 41.05334190929851
430.947 35.44308610610976
431.948 40.04775194510316
432.949 36.191761946402934
433.957 25.286185583750978
434.967 21.23603020192065
436.408 4.252679786634404
437.417 5.790357107100603
438.418 13.144271751659343
439.427 26.43737284249406
440.428 30.684709053502985
441.437 36.87213328685634
442.447 33.906266708944784
443.466 24.482590128826743
444.467 35.6515863949518
445.468 39.507576393652016
446.477 27.940588407601986
447.487 33.7278126735418
448.507 24.458587589555478
449.508 33.130767154791585
450.517 28.655111997975272
451.657 35.16473657632518
452.667 33.192450567662235
453.677 26.485292176289192
463.845 1.9321405140938723
464.865 5.301134578324702
465.946 5.668928374230367
466.985 3.9898818481786416
467.986 7.558245824992674
469.015 9.018695881027298
470.025 15.52550107197317
471.026 6.302048100104102
472.035 7.145235903387011
473.045 8.104526539284644
474.065 20.497720369601232
475.095 23.62350263545513
476.115 15.093249834516818
477.135 21.381242799264378
478.145 19.273035813475982
479.984 4.549108417800442
480.985 16.745442094655964
481.995 15.703955107277338
483.005 17.562590410751405
484.015 19.273035813475982
485.024 13.397317318865056
486.025 13.144271751659343
487.035 12.3874233867329
488.055 17.670448594415674
489.056 14.224622854528686
490.065 18.294519937974346
491.066 15.665090991704277
492.068 11.872001989785902
493.076 17.702002966962464
494.086 14.811684930740029
495.096 11.673476796628371
496.106 20.700668096041085
497.126 13.959654389599912
498.387 12.351588744542273
499.396 26.79463463776305
500.416 26.225632449046454
501.426 29.62336986141418
502.436 24.343843752441547
503.446 18.559219672193436
504.456 15.882409142597975
505.466 10.528788083291772
506.486 5.654543550222897
507.496 7.390710398051501
508.536 11.264910978946169
509.566 7.524523061661656
510.577 5.526603210248958
513.388 2.0518087588864025
514.637 13.191790460506272
515.648 13.549091741248072
516.657 21.435707710210444
517.658 26.723421676249515
518.667 29.295467203987208
519.677 24.52229778784453
520.678 24.668016848998203
521.687 18.577613348881986
522.697 15.599596022306741
523.706 16.255411680226448
524.726 16.786926164752536
525.727 20.78149061045167
526.746 18.57217904284725
527.747 17.82579319739355
528.757 16.848774269468855
529.776 18.92593483418036
530.778 16.92550061175145
531.786 16.16697193405025
532.787 17.645734680298073
533.797 18.023857566313872
534.806 12.57833121531744
535.817 20.501915134733427
536.836 23.70163801651857
537.846 11.138245139554316
538.856 6.602799306468319
539.857 7.922574754424584
540.862 47.47214739242011
541.871 20.00666052946387
542.881 15.599596022306741
543.893 23.5093794343296
545.112 20.548766128086918
546.123 18.45903495072838
547.124 19.266261334651492
548.145 19.13868959004179
549.151 25.799557550124035
550.161 22.663662484321055
551.191 17.22156923764076
552.211 11.309087100429325
553.221 11.42105825984555
554.242 8.650039380508003
555.312 8.829197975996726
556.322 16.41777124852695
557.323 20.526670954649255
558.332 19.902198016355417
559.333 31.330181983342676
560.341 29.398772131549634
561.342 34.39117677495403
562.343 33.74570384494965
563.351 38.69679389192611
564.352 40.69322487494285
565.372 34.00062983047736
566.381 36.87213328685634
567.382 35.83164491204728
568.391 21.3312451969373
569.392 25.92842646899597
570.393 24.382660953349472
571.401 35.58281404458421
572.402 28.88412388205408
573.411 28.833742895609767
574.412 30.609947914796056
575.421 23.83207776316145
576.424 28.212817925350887
577.492 3.544016937197288
578.551 10.041620362717863
580.442 2.1922195876610586
581.461 4.9525810780871105
582.491 2.8724787480136333
583.501 8.20888562425524
584.511 11.242604224524912
585.521 11.242604224524912
586.523 12.951274897952748
587.534 9.522730375848774
588.542 10.549678535831417
589.561 7.782627408422602
590.582 9.179633628282108
591.61 8.240479626627097
592.63 6.007952522104623
593.642 8.548865248851618
594.651 9.362975058785874
595.69 7.459344324847128
596.691 7.18022823636531
597.711 3.909199241673202
598.721 10.528788083291772
599.722 20.96154912771184
600.742 27.035786349470804
601.751 26.868803022124403
602.752 39.792932289300744
603.761 27.40469571486319
604.771 19.98685195475853
605.78 13.397317318865056
606.781 14.659501027525394
607.801 18.377266538212066
608.881 20.42957604691407
609.901 9.365337755038661
610.91 7.681128596142273
611.94 36.6494313790914
612.97 4.024744893444251
615.61 1.7068046937737338
616.72 9.114622733766293
617.74 3.696327170887849
618.741 4.516204561636183
619.791 5.650587259303529
620.8 1.964939873435957
621.82 6.184657008053721
623.04 7.152694698082903
624.065 5.9786454366329504
625.08 8.346022715435087
626.112 11.17758608764302
627.131 10.435795843108009
628.17 6.418505581843289
629.18 7.851977553646904
630.19 7.033802327426695
631.2 8.744247730184213
632.24 5.372496005337223
633.263 5.109402438150015
634.291 6.662515442805589
635.32 9.108266214265846
636.331 8.022488530999116
637.64 4.188025151318336
638.72 9.679479063385292
639.74 5.831248036155525
640.755 6.9036156541236355
641.77 14.582953464337258
642.78 16.313412163539883
643.8 10.9556781285476
644.81 17.666949495672597
645.82 9.636517906737991
646.856 9.220699334110723
648.01 4.906613297562356
649.011 15.665090991704277
650.02 35.72617951701741
651.021 38.60688894274153
652.03 29.72728911793239
653.09 38.49882452803704
654.091 43.57416114929404
655.11 35.27214176333374
656.111 37.8870497392986
657.12 34.11850143863633
658.14 28.522790766302375
659.15 22.30675441367978
660.16 13.636601633895015
661.17 19.629943884117257
662.179 26.43737284249406
663.18 19.701139507549385
664.25 37.63368062869793
665.251 41.95363449494062
666.26 38.658442262707204
667.27 41.47543114223458
668.271 39.14706449419267
669.28 40.906475546935525
670.29 32.196212652686135
671.32 33.14555990304724
672.33 36.93998530914858
673.339 34.728562515901174
674.34 35.36623049930307
675.35 31.22945617921757
676.36 29.16171135922109
677.361 32.05041605205399
678.38 34.7418959664157
679.439 31.556978889642693
680.459 31.27669401208445
681.63 18.995884463266425
682.631 21.78708057464702
683.639 27.178832838162926
684.65 12.018615696598928
685.669 8.843894782290176
686.709 6.065721296360696
687.73 14.828638938004309
688.739 23.65344686552696
689.74 21.78708057464702
690.78 23.468311167578285
691.82 25.822642090225017
692.832 12.110892435866264
693.839 17.256940579520627
694.849 10.70724211859594
695.869 10.072155698818582
696.884 9.944197277970817
697.969 18.50812700309403
698.97 31.87035753479382
699.971 29.6043579506007
700.972 31.51024050060285
701.979 17.614911931275106
702.989 18.023857566313872
703.999 22.663662484321055
705.089 5.787477200197514
706.109 7.1415479670215305
707.129 12.54601850204007
708.139 8.92270176550485
709.142 10.781968633890799
710.149 10.381169204041887
711.389 5.874499134170574
712.39 24.48795833190272
713.399 32.22772994967701
714.4 36.191761946402934
715.419 29.258293311329645
716.429 32.65708846178267
717.439 23.09466550527943
718.44 23.047490194644784
719.441 27.263597227700657
720.449 36.47685459853941
721.459 24.879205858485804
722.469 18.023857566313872
723.599 12.347970111407827
724.609 22.30675441367978
725.619 29.62336986141418
726.62 24.202602436253994
727.632 26.537102543242643
728.639 23.70042491291281
729.649 30.33718600269673
730.659 26.485292176289192
731.669 28.73109968489334
732.679 24.52229778784453
733.689 20.343760025399806
734.69 16.28002768182941
735.699 21.971600402949232
736.7 25.208192400449345
737.709 25.08249404627353
738.719 26.054289155330817
739.729 18.63331462251054
740.73 17.465676163202588
741.749 17.157155877679507
742.759 16.134958128235713
743.778 18.92593483418036
744.789 11.053206420481446
745.813 14.1583379491415
746.853 6.58564026461595
747.873 14.313063361481637
748.893 7.06817943776627
749.905 9.617473404956012
751.103 8.036294165260742
752.113 11.064150189220745
753.123 8.387339659575877
754.134 8.735598622642017
755.143 20.00666052946387
756.169 9.032166918776499
757.243 5.87369659982728
758.253 12.848690542328303
759.254 16.565383577395792
760.263 15.257794679093745
761.293 4.374722710267639
762.323 9.099423237358664
763.333 9.814971942058628
764.335 10.073213809518803
765.344 17.148566168135414
766.365 11.3713072892067
767.374 14.662265083712416
768.375 24.668016848998203
769.383 30.471620796164117
770.473 25.36819997827978
771.484 28.524403665716072
772.493 34.728562515901174
773.494 37.99234711785184
774.495 29.064182399149562
775.543 29.48056520829209
776.544 30.609947914796056
777.553 25.797017636646817
778.554 39.97299080639623
779.555 35.54628901639855
780.563 33.86897490099624
781.564 41.23340042639399
782.565 40.22781046219865
783.573 41.557723664451
784.583 37.192534294868665
785.593 32.65708846178267
786.603 29.875918847134265
787.604 39.61287377204057
788.613 35.26458578674491
789.623 26.12838410564792
790.653 23.973480452327923
791.673 11.83920055826015
792.793 9.561528449958946
793.794 30.790006431891538
794.803 32.763622642415804
795.813 34.08472074418308
796.814 35.90640605075421
797.823 29.726897383452854
798.843 32.16021644191228
799.863 24.81199656145367
800.864 33.49088418914724
801.873 29.191004690714063
802.883 28.73109968489334
803.902 11.21674795546559
804.913 10.16181880592782
805.933 23.501696630653548
806.934 23.122251333351713
807.943 33.76123964353204
808.944 40.40786897945882
809.953 29.726897383452854
810.954 41.95363449494062
811.962 24.2133369189718
813.053 36.24847293319915
814.063 40.86597408603791
815.065 31.013843227395036
816.073 37.8027533381356
817.075 37.23491533152563
818.083 40.127258778188555
819.084 44.1890978394521
820.103 28.83109699035458
821.104 40.04775194510316
822.112 25.643801805234244
823.113 36.191761946402934
824.114 44.72808879542747
825.115 64.71695338957714
826.124 45.982309063745184
827.125 52.291731111054524
828.133 49.78289676004831
829.134 51.39143852524772
830.135 51.03132149105675
831.142 53.233061441632785
832.143 38.24716677365426
833.153 45.86268707468636
834.154 48.15038521670557
835.155 57.87354514249672
836.163 45.491502101425674
837.164 42.56857118509868
838.173 47.76861803959605
839.174 57.87354514249672
840.175 54.99260886814553
841.184 48.30451073233485
842.193 42.58832200951324
843.202 38.12254956996841
844.203 45.01462928655197
845.204 56.79319403975912
846.213 55.09248484046934
847.223 43.616879565917536
848.225 41.26680436458203
849.243 33.71332541830815
850.352 42.16107033055876
851.362 51.394762169214395
852.364 39.64802649279568
853.373 43.12421470225203
854.375 41.488220082196406
855.382 46.78957710824061
856.383 57.513428108305746
857.392 54.91385394299953
858.402 40.40470693047544
859.403 44.8345707692918
860.404 42.56857118509868
861.405 59.67413031394562
862.442 66.19125414824597
863.443 56.61313552249895
864.472 51.56946272573893
865.532 49.21111723256299
866.533 50.776501835089654
867.552 48.18422814551001
868.553 39.327517876556534
869.554 46.88997559670781
870.562 55.86237252658134
871.563 53.55214073105228
872.572 49.01903432270812
873.583 35.016416152098984
874.592 41.9782609324131
875.593 38.24716677365426
876.602 33.835408027893386
877.603 38.892639703493955
878.623 32.76369842891602
879.732 23.145819336422473
880.733 25.02813388335386
881.742 24.829694764277686
882.762 22.86824721609595
883.771 27.330527330501845
884.777 37.877907917198506
885.782 45.26861389739566
886.783 33.92576236220983
887.792 35.90481041448721
888.801 29.90552828108735
889.812 31.555121555330157
890.823 32.877085877203214
891.824 50.311087422510134
892.831 37.48232195965977
893.832 40.153049323491715
894.851 20.768154320323173
895.871 21.557947285131128
896.881 19.704038834434364
897.891 20.165305989996824
898.901 21.23603020192065
899.931 22.47123649007392
900.933 22.8446098895206
901.942 23.65344686552696
902.962 37.10794204832233
903.971 24.725232251169235
904.972 21.607022057551536
905.981 22.581661480049373
906.982 45.19468780364746
907.983 50.13116052700609
908.992 43.12421470225203
909.993 44.909331907998734
911.002 47.2302443620398
912.042 33.52248491960246
913.072 51.04398582875128
914.101 52.27009858833422
915.112 51.16564907550996
916.123 41.96923954571609
917.142 39.16345546750387
918.143 41.128103048005435
919.144 43.108746736549826
920.145 53.01196517960114
921.152 45.99931871436663
922.153 42.20845415090772
923.162 44.910523678102905
924.163 55.89290145395233
925.164 68.85671982334661
926.182 62.292541372710005
927.183 70.8377583769947
928.184 61.114598451203555
929.185 68.49699765409464
930.312 61.70487282761805
931.314 68.13688061990369
932.323 68.13254036416423
933.331 58.008069855810305
934.332 39.86769342800768
935.333 44.1890978394521
936.334 45.26944894235439
937.345 51.70048164427507
938.361 51.87450786758269
939.381 54.39501424345064
940.382 71.7380509628015
941.383 64.89582731119684
942.384 57.87354514249672
943.391 44.283777645135814
944.402 49.813450553722134
945.411 45.44641637100639
946.412 62.375008071201314
947.423 74.41574871543519
948.431 66.12867680490606
949.432 74.25887020279703
950.433 77.31986499440838
951.434 70.91251951570162
952.443 73.49146729171683
953.511 75.57707408345081
954.512 78.22015758005048
955.513 80.92103533730618
956.522 73.92289747134717
957.523 82.7216205087551
958.525 71.20150617434003
959.527 77.60245709652038
960.532 66.25161225817405
961.542 70.10217174220672
962.545 80.5799778633493
963.591 68.3787263500956
964.592 80.74097682004601
965.651 76.55976607406932
966.652 79.66062571730842
967.653 78.76033313150162
968.654 69.11193434425273
969.671 77.69845825007593
970.721 67.77492439136539
971.722 81.10109385440168
972.731 77.24271614105307
973.732 64.79052993280828
974.733 69.9374657913526
975.741 62.65708073608089
976.742 55.1726673854057
977.743 46.52985856235215
978.744 55.532784419596666
979.745 58.23366217685237
980.751 59.73586639735684
981.752 51.391570147003854
982.761 55.27111573810383
983.762 50.491145939605616
984.763 53.01196517960114
985.771 50.31932109252024
986.781 62.176099238275654
987.782 65.61606137990816
