0.0 1.49254782409205
1.204 2.6746624174067777
2.212 55.976777938960524
3.23 44.973980086792814
4.231 43.747605553309654
5.241 41.074231678068024
6.242 50.03201744422355
7.25 54.904437814779634
8.26 55.438157272417094
9.261 60.23084573280952
10.262 63.07170125781798
11.27 54.48204802762457
12.271 52.98430984343479
13.281 56.92370513264288
14.29 50.434118222633515
15.3 50.384183452046784
16.301 56.09355558673189
17.31 49.6353314783462
18.311 54.32626093414156
19.32 58.84395683080168
20.33 51.182179318563165
21.34 53.31016829536738
22.35 55.70415589442557
23.351 65.21882300289973
24.36 58.1557234175745
25.361 67.20899140389561
26.37 67.20863985315798
27.394 61.23926177098077
28.41 62.404952330136325
29.411 51.910748971016645
30.42 49.6353314783462
31.421 51.79931209681388
32.43 41.64746403522763
33.431 46.699897952520885
34.44 52.0311078029328
35.45 38.569800206693834
36.461 27.747411218265533
37.47 48.459729154821176
38.471 55.13143158851653
39.486 57.54725745826088
40.49 64.8674616818606
41.5 69.15964174994224
42.51 62.0881228253292
43.511 62.91474791397759
44.52 59.753296906394596
45.62 51.14654313943827
46.621 69.78145671086091
47.63 55.493100936534965
48.631 55.66821202460285
49.66 58.330824072045736
50.661 65.48721322094289
51.67 61.084608146791616
52.671 61.57279682327082
53.69 52.57567357222201
54.7 56.92370513264288
55.71 44.00021652138864
56.72 42.29378091628534
57.73 38.946242701263806
58.74 46.2837602481308
59.75 38.41424545700138
60.751 44.28438598964146
61.752 51.105578316641676
62.76 57.41383839616639
63.769 34.08156775715864
64.77 23.998166286721382
65.78 24.471873234623274
66.79 34.84581949710233
67.8 26.71030608396444
68.809 34.08156775715864
69.819 18.087906303842377
70.839 23.024360035627762
71.849 19.949896658662677
72.869 25.02212528632128
73.88 34.65595192353897
74.896 22.211932185311912
75.91 31.528968828556497
76.919 40.04989054665301
77.92 61.72975016735669
78.93 59.1621379820086
79.939 60.285821402504304
80.949 38.569800206693834
81.959 30.43428679355595
82.969 36.97380847415204
83.97 39.56479893759441
84.979 42.60195969663241
85.99 26.68388639428141
87.0 53.46572304530533
88.001 61.84118704131397
89.009 63.54394553097045
90.02 58.30641299381703
91.031 60.913684464488334
92.049 35.73719099859409
93.05 44.015995771352806
94.051 55.13143158851653
95.06 58.95451016210728
96.149 49.44285581124948
97.15 41.600483808473385
98.151 45.20099351797372
99.159 58.63580737500976
100.16 41.17533643807356
101.24 50.601153521554835
102.249 52.187400628325605
103.259 44.53221376565106
104.269 46.54975887013927
105.27 44.6642130818874
106.279 49.25851589910849
107.289 43.73421789938016
108.299 47.19219998671771
109.309 52.93372580104291
110.319 46.926201364709236
111.329 53.31016829536738
112.33 56.89872624110686
113.339 49.369069230168606
114.399 47.75411950792691
115.409 50.80573682399321
116.419 40.5422344338056
117.429 40.16579193948112
118.439 34.956263369418345
119.449 32.451831898044155
120.459 36.441811229889616
121.469 30.700285415564416
122.479 30.589841543248404
123.482 25.021733685223055
124.489 21.87686780894213
125.499 19.417899414424802
126.509 24.20587461249206
127.519 21.124335019454445
128.539 28.709596380992526
129.549 35.643815363373236
130.559 36.818253724214095
131.569 40.96378780575201
132.579 36.55225510220563
133.599 24.23195290879002
134.69 23.74223163280052
135.709 15.81895632993459
136.739 14.60668161829866
137.748 18.904619615356086
138.749 20.66604679511692
139.759 17.13435568773173
140.768 14.644423645692843
141.789 11.051578403658144
142.799 7.713960041338767
143.809 6.11796830864968
144.819 15.16192146057087
145.828 16.508259382420512
146.848 7.484303278920536
147.852 11.506294978555692
148.859 20.276121383893393
149.868 19.969668607771894
150.888 20.917233695748987
151.889 26.302241375594424
152.899 27.6638566999278
154.038 22.97738097615393
155.039 33.548777264723675
156.049 41.49578505001444
157.058 37.91979256172319
158.059 30.59648486551244
159.079 15.276665964237722
160.088 18.2163862021289
161.109 27.10268037081397
162.128 23.201135950546185
163.138 18.730347420420816
164.148 24.20587461249206
165.149 28.717753338719334
166.168 22.25600727313775
167.178 18.88590217018692
168.188 21.2798897692451
169.189 20.39765657700011
170.208 21.201410184475446
171.209 40.258532717766606
172.219 48.522193097251034
173.229 52.66772717878895
174.238 46.44018450119697
175.279 45.27070583086989
176.288 44.19953318520703
177.308 36.45729045245621
178.318 24.20587461249206
179.328 25.801866345132048
180.348 19.75430943651387
181.349 24.26655650483819
182.358 21.56724209639561
183.388 16.693350420923274
184.398 13.033932483643905
185.408 17.400354309838395
186.429 24.99761781773389
187.438 25.294913569752755
188.448 17.555909059629048
189.458 15.272365332911432
190.488 8.868342411105516
191.518 5.7383392071931425
192.568 5.884902849284241
193.628 4.815578828678055
194.663 41.426065230682845
195.693 5.999172807508946
196.703 6.915964174994225
197.713 7.447961419232102
198.743 5.999172807508946
199.763 6.057988227191369
200.773 7.447961419232102
201.803 7.825008009793209
202.843 10.074697812621338
203.853 7.447961419232102
204.883 6.78167360850545
206.163 4.704716948803312
207.173 7.713960041338767
208.183 8.777954529814524
209.216 8.322435108189023
210.242 8.617308207493373
211.243 7.54788630955319
212.292 5.634403606676183
213.303 6.1119169057886795
223.338 2.4898107200189736
224.345 20.65368535547913
225.356 30.559584528820654
226.376 29.082348262868226
227.385 35.14661674962355
228.395 36.17581260763566
229.396 37.954457628844466
230.406 47.0817561144017
231.415 34.724645584573956
232.416 27.644192466301202
233.426 20.392449921766023
234.435 19.104705573721933
235.466 17.71948144217676
236.495 7.049351239146374
237.515 7.901723774600638
238.516 14.224681560288989
239.526 15.272365332911432
240.545 25.04668085569908
241.556 31.35679108179551
242.565 30.73090649922919
243.585 24.23195290879002
244.586 21.202827231350533
245.596 27.774300572243813
246.605 37.01045248637576
247.636 29.18502825760181
248.645 29.399400622494905
249.655 21.81188701345843
250.675 17.64718309661055
251.685 10.905943506741488
252.695 9.043953151921189
253.71 14.293167340073138
254.972 44.16019385795002
255.982 34.04782363083144
257.062 42.64089845989422
258.063 52.06770231485704
259.072 40.848677290940316
260.083 51.02121938744479
261.092 49.369069230168606
262.142 44.37094052689625
263.144 44.77643472276151
264.152 33.848852439300565
265.162 22.98632537427475
266.172 22.875881501934185
267.182 17.555909059629048
268.202 14.749884379274166
269.212 15.006366710804766
270.222 18.35390492597359
271.232 17.289910437497834
272.242 19.949896658662677
273.252 16.602358443493852
274.253 17.713754395807488
275.292 13.18728491352656
276.312 8.165114567094692
277.322 9.841949018265732
278.332 17.555909059629048
279.342 10.484390134844173
280.372 11.215844814045933
281.392 13.432930416828452
282.413 16.57736760548722
283.432 16.873553418596895
284.471 14.07036877886242
285.472 17.44536417769068
286.512 10.33302339755846
287.541 7.571525405003613
288.572 6.775095845545392
289.612 6.458139623477105
290.671 5.0738169657536805
291.672 5.3678043623606975
292.681 22.210319923688186
293.692 38.265914540583594
294.711 29.00141993815204
295.713 24.778583111730473
296.721 36.24759001362901
297.732 34.92168744127908
298.741 19.437144111563992
299.742 25.76546093926261
300.751 13.579374653277034
301.761 11.703939373086031
302.771 21.124335019454445
303.772 22.27638810384231
304.781 30.353896283899694
305.793 33.0288693129302
306.802 26.626224810395257
307.811 28.600613878207596
308.812 22.007997885700956
309.822 36.441811229889616
310.833 33.8587453708096
311.841 33.58232604207113
312.842 36.343920128610804
313.852 50.0077409577223
314.862 41.074231678068024
315.872 29.791845676977506
316.931 33.84621644936101
317.941 23.939875990385396
318.951 19.151900792318134
319.957 69.81881659909997
321.047 40.277891256732616
322.048 46.96828817080953
323.057 38.45231705807839
324.058 47.505068606895854
325.067 41.38120178705003
326.068 49.1154099156458
327.077 31.263236359247124
328.087 28.993849810461125
329.088 41.980310900719324
330.089 24.960290285133127
331.097 26.919166113053688
332.098 30.171141303383408
333.108 37.77180434042294
334.539 24.484393707072854
335.547 44.77643472276151
336.557 42.93622203286378
337.567 45.485764381614416
338.577 45.33020963192195
339.587 53.46572304530533
340.589 50.25020765463933
341.667 34.49576647646845
342.677 46.815757492393224
343.687 34.15768417274343
344.688 30.328094647469275
345.697 41.004386208057795
346.707 45.8627902065884
347.727 41.198324717103674
348.738 50.22401283446993
349.747 44.04382426808956
350.748 41.600483808473385
351.757 41.64746403522763
352.767 61.09023910553412
353.787 60.514419648213654
354.788 62.64655388741815
355.789 62.37796747764579
356.797 63.54394553097045
357.798 68.43950562015412
358.799 64.25669900443889
359.817 62.91974174382253
360.827 42.93622203286378
361.837 43.3577754048102
362.857 41.46171550972047
363.867 50.27373957973077
364.868 42.78548155509429
365.869 67.74577183998194
366.877 64.49938811258437
367.878 58.888894642102734
368.887 55.75936318471256
369.888 61.03601638718449
370.889 67.74577183998194
371.897 75.69349679327475
372.898 70.42967402115
373.899 72.30840554794312
374.907 70.20710545998789
375.908 70.16128380310685
376.917 65.87732861276096
377.918 61.03601638718449
378.937 63.53947459193462
379.948 50.06861194681935
380.949 52.98430984343479
381.957 61.567597743797066
382.967 39.47804550189457
383.976 38.07550147884067
384.977 40.90675002830119
385.987 54.64016140590071
386.988 52.06770231485704
387.997 56.558149928999875
389.017 71.2248750606892
390.027 72.46206908783282
391.029 72.2362414706781
392.049 71.488265853306
393.077 70.9319369360775
394.078 79.44350456311507
395.087 68.53995109380048
396.088 65.06186965881386
397.107 63.12164445884507
398.117 55.17215865016315
399.127 70.60007873303707
400.137 70.2236362384671
401.138 57.81533376968461
402.147 70.9363113266624
403.148 69.62450336677503
404.149 69.08772293068871
405.156 72.14436202774925
406.197 65.1426682150887
407.207 43.88977264907262
408.208 37.954457628844466
409.217 60.7077925675539
410.218 53.78967668953896
411.267 41.59603704625746
412.277 64.63766517407984
413.278 67.20899140389561
414.286 66.7422622967417
415.287 68.5509424943569
416.296 66.40985310887066
417.308 64.24444981959299
418.316 47.818888098607125
419.317 70.16128380310685
420.318 69.35611314873188
421.327 67.20863985315798
422.348 70.10258386744663
423.356 67.16465208414226
424.357 65.33025987685703
425.358 52.98430984343479
426.366 63.81047192819988
427.374 69.94057906275845
428.376 70.78430399295668
429.377 61.30440660522765
430.389 58.24879796122099
431.396 48.9335388646653
432.406 51.869731312518056
433.407 51.105578316641676
434.426 56.530412654674976
435.436 61.71168033075924
436.447 61.49523920547096
437.467 69.64453030572489
438.476 70.1375245823751
439.477 70.96645445748182
440.486 62.149657139256526
441.496 74.47961419232102
442.497 38.64819140901666
443.506 46.70644674912908
444.516 43.09177678280172
445.526 42.93622203286378
446.527 52.33609253314568
447.536 53.36300295185064
448.537 44.39582286384423
449.538 53.94643384189562
450.556 50.77996179934681
451.567 49.692541799235194
452.576 44.31008651626715
453.596 39.881370754756155
454.597 39.99014249972344
455.606 45.10887326055446
456.616 32.98382914230658
457.625 40.04989054665301
458.626 47.236678388852695
459.627 38.75962828321944
460.644 34.870143854865674
461.646 35.92839672376466
462.647 34.19699457525826
463.666 30.319666299133356
464.675 26.20425364534567
465.676 29.522923993094306
466.945 4.234178224385753
467.946 10.19882828851233
468.956 17.555909059629048
469.957 19.435532578711108
470.966 25.02865132182064
471.976 15.427920082702084
472.996 15.227376459217204
474.026 13.7204575142592
475.046 22.651608153874804
476.076 29.213363236695518
477.086 22.60988287980297
478.108 23.767928631465395
479.116 15.458531035232077
480.126 19.417899414424802
481.146 11.325804076925127
482.206 6.843190967064941
483.296 3.799474712039278
484.336 12.91627924695421
485.355 11.336918703113652
486.367 10.336367186202937
487.376 21.850632325362845
488.476 20.861390926983553
489.486 21.545888391351763
490.506 21.598044983923142
491.527 22.629422445598586
492.546 16.19207401333563
493.576 23.99669123006033
494.586 17.821907681735713
495.596 13.831928350012998
496.606 10.37394626250361
497.836 8.390711729955681
498.856 13.959712001792008
499.875 18.686720342942564
500.905 15.942881816459797
501.975 7.783567157426776
502.995 5.552770800663549
504.015 9.200194172648317
505.375 5.413373919273177
506.376 19.592485922649686
507.395 24.783031583502815
508.406 21.277489517905938
509.415 25.386781830847152
510.416 20.129266358883303
511.435 19.7736954124121
512.455 25.548906871309384
513.456 22.656215196137346
514.466 36.707809851898084
515.475 33.12707209599934
516.476 39.721752281434796
517.477 35.53894566571955
518.495 33.51634897715016
519.525 30.256697637909628
520.526 30.707921739715214
521.528 41.2908439958914
522.545 35.77233081277421
523.555 44.953767137597474
524.556 31.24470217604702
525.565 39.67307496741529
526.566 35.270555447676394
527.575 39.939337215592886
528.576 47.34811526305547
529.577 57.43550667743867
530.585 49.95109927570614
531.586 48.153285917430445
532.587 59.851018640318095
533.595 49.151520084263325
534.596 43.32226199118061
535.605 48.72599140299877
536.616 39.97066227662283
537.617 44.28438598964146
538.635 35.47328273891023
539.645 42.559779538539296
540.646 36.07572610205136
541.655 39.406812719237685
542.675 29.872520640227645
543.685 36.17581260763566
544.835 37.24180056414606
545.836 41.33209359018473
546.915 35.95772744337399
547.916 43.21082511697784
548.925 32.21773202065191
549.935 32.82827439261413
550.945 37.50580571816898
551.955 29.370292305031096
552.956 38.91658162705982
553.965 31.795760855356836
554.966 42.40565446260287
555.975 31.795760855356836
556.985 33.51582638656901
558.005 23.705171323826466
559.085 20.501439069138197
560.095 46.815757492393224
561.105 33.62627025888502
562.115 36.707809851898084
563.116 39.18497184534847
564.125 34.724645584573956
565.135 33.51582638656901
566.145 33.36027163687655
567.155 50.80573682399321
568.156 46.00616417234869
569.265 40.55684030944236
570.275 49.47574371345988
571.276 39.83318915563757
572.284 47.70822509154881
573.304 27.765394300275222
574.314 33.78182500857748
575.315 37.30624031855537
576.316 31.78148261213335
577.324 40.778538765301946
578.335 39.4391912411426
579.455 29.024724650577053
580.456 24.26655650483819
581.464 51.43959465177893
582.465 42.51709133680564
583.466 45.089556644016426
584.475 52.83047845549544
585.485 51.44817794057164
586.505 56.36562959225433
587.514 35.25717008068367
588.685 50.33969559064448
589.694 50.589827139750994
590.695 41.443530464387514
591.705 47.61375335866413
592.706 39.56479893759441
593.709 58.39239941900946
594.724 44.3128432545531
595.734 53.57616691762134
596.735 61.19296973102488
597.745 50.650182074300744
598.754 47.23897124548428
599.755 57.703896895481826
600.756 45.20099351797372
601.764 45.153624127049255
602.774 50.0077409577223
603.775 43.05387177313745
604.785 40.96378780575201
605.794 26.73677814145538
606.814 27.656033211016318
607.824 23.939875990385396
608.827 3.2079949034464126
609.834 47.33903316625287
610.844 27.13185945566537
611.924 24.232808629368325
612.944 28.972987173609322
613.974 20.605854425807603
614.984 26.59986221164843
615.994 18.730347420420816
617.024 18.780019223523343
618.034 15.959917326915413
619.065 9.902063158872147
620.094 4.17739332690701
621.154 6.336287932462082
622.167 6.365060809548178
623.174 3.045474680016665
624.194 7.901723774600638
625.267 6.259520231507295
626.284 8.717535963728693
627.292 10.128003092042675
628.294 12.333628726038786
629.344 9.72288296838159
630.385 9.293806057691745
631.394 8.517277760974313
632.414 9.59142961879931
633.461 8.980946792523504
634.514 8.674636926358707
635.554 6.458139623477105
636.563 9.585440931742292
637.583 6.5847698121794735
638.593 6.64996555288756
639.843 3.8686839600465937
640.853 11.437940750954818
641.903 5.735273994719967
642.914 6.3776524234305985
643.936 9.726387973057282
645.474 2.969568492665068
646.493 16.346254874253468
647.504 17.272808646773818
648.505 31.24470217604702
649.514 52.71992512443532
650.524 46.128205498192855
651.525 52.06770231485704
652.534 37.121005817435886
653.544 20.481893902876006
654.545 22.007997885700956
655.554 29.93192511860462
656.563 42.868221944564525
657.575 30.374334040746486
658.603 21.6913078715413
659.623 8.9552869445523
660.663 8.266418718036949
661.683 8.9552869445523
662.735 4.596820294739263
663.803 2.5155300405957526
664.806 2.8561414585322424
665.895 2.652588800036762
666.973 5.487919576054986
668.013 10.074697812621338
669.064 3.578706485923696
670.073 9.017103384607188
671.083 6.153745901108405
672.103 9.482068529515857
673.133 5.228874748081562
674.143 4.2435335738736235
675.153 5.585971064411803
676.204 4.601194053348001
677.303 3.6668599863974913
678.313 10.218391512737506
679.324 18.33575071734149
680.354 15.650016019610968
681.393 8.532949061705208
682.403 10.08150333292959
683.41 11.765330205911626
684.413 12.164104209961307
685.428 21.704439294188774
686.433 32.88060579633897
687.434 45.73836252924765
688.443 47.92720465871147
689.446 35.4680803704306
690.453 19.742539242202295
691.463 20.74789252500722
692.483 16.439590223472837
693.503 18.964137059056263
694.513 19.417899414424802
695.533 16.85701071915294
696.585 20.02558912671663
697.593 28.251798098955373
698.603 38.30380158468537
699.613 32.56227577036017
700.633 38.19166491053293
701.663 21.23582095760741
702.673 31.653836031773256
703.693 20.54448181397148
704.703 30.168288171301988
705.706 45.80321238842044
706.713 48.9335388646653
707.723 44.687768515343514
708.733 21.39033364158566
709.743 34.84581949710233
710.763 40.21003163412207
711.773 34.24790592774181
712.774 44.55277620768462
713.783 28.600029969686783
714.793 42.29378091628534
715.803 42.936805363267794
716.812 42.335697448454816
717.813 42.51709133680564
718.833 38.455055703149725
719.843 28.30629781650624
720.845 36.73276381444865
721.853 32.36035706322776
722.862 45.26458217767194
723.863 33.92801578202748
724.893 32.865033641067654
725.993 30.387095371284595
727.003 42.559779538539296
728.022 31.90156193206544
729.023 27.218652712442964
730.032 48.19346690664357
731.033 38.222847846887625
732.043 40.431790561489585
733.052 45.375135508732065
734.123 42.49752859004848
735.124 56.09355558673189
736.133 45.907660004841766
737.142 50.05730264339579
738.152 37.88224821273895
739.163 42.517682822707
740.172 41.11493953911791
741.183 34.54561729344944
742.193 39.478239945526234
743.313 46.15535813539794
744.324 44.909302481631556
745.333 38.45231705807839
746.342 40.20559946377048
747.352 33.24982776431505
748.353 16.21484996128487
749.363 24.20587461249206
750.366 8.839216425827772
751.372 20.830389115554198
752.392 21.44401528071254
753.412 23.441780531332412
754.422 25.801866345132048
755.432 18.88590217018692
756.442 13.676373600222345
757.443 24.155119630659964
758.533 40.52436704438203
759.545 39.82093997079166
760.552 22.1436588797754
761.602 13.304997746202512
762.612 5.6964149367523635
763.622 15.427920082702084
764.632 32.71783052029811
765.652 25.548906871309384
766.662 24.582317106914733
767.663 29.522923993094306
768.672 33.65959659210905
769.682 33.51582638656901
770.683 39.45336206339164
771.692 45.10887326055446
772.702 37.88224821273895
773.703 40.79531315409841
774.712 41.11493953911791
775.722 42.29378091628534
776.782 33.56083453909598
777.792 47.34775473665565
778.793 37.68606741080131
779.812 42.71118209088476
780.862 30.298346756815356
781.872 46.815757492393224
782.882 38.68024407900985
783.892 42.02778229427687
784.903 38.907720205907864
785.912 39.939337215592886
787.051 28.87436218460153
788.052 44.82116642572778
789.062 46.926201364709236
790.063 52.33609253314568
791.072 44.842611012376864
792.082 39.10179745095626
793.161 11.058875883096567
794.162 9.662047852254165
795.171 10.384227676029601
796.202 8.85974072108838
797.222 13.959712001792008
798.242 21.33465419142909
799.251 12.24806341275727
800.271 4.060222976571498
801.282 20.46163485847684
802.292 19.949896658662677
803.302 19.151900792318134
804.311 17.30704612673237
805.322 9.145342229988414
806.351 13.315441229506892
807.391 9.041395472872857
808.392 14.493071778405797
809.401 30.6201585318318
810.423 15.618792762150449
811.432 15.975734886212607
812.441 20.5021931039798
813.472 16.937739613851207
814.502 17.32331695269853
815.511 17.30704612673237
816.522 19.398692787909166
817.532 22.077885635589645
818.542 27.508301950235342
819.551 28.22379829896988
820.553 32.17468363300591
821.571 29.40339276667237
822.58 3.1951469772474312
823.582 32.17468363300591
824.583 33.123433702840124
825.598 28.586334680048083
826.601 32.4104602280679
827.611 20.858336397347784
828.621 27.13185945566537
829.631 17.555909059629048
830.643 14.335538389509548
831.662 12.500984203029832
832.711 11.781025723059127
833.723 7.698715061019722
834.731 11.727161475001951
835.762 10.944385596631367
836.763 10.735608724745944
837.771 18.923374198306416
838.791 15.649417845990678
839.802 32.41973315226499
840.821 32.42886047645796
841.841 19.073498148339716
842.851 28.72785118845265
843.941 32.39066605784285
844.951 47.0817561144017
846.081 29.104334980691682
847.083 38.60962035970528
848.101 39.850147209071885
849.111 17.93254599751155
850.131 21.33465419142909
851.191 16.72780014172248
852.231 8.266418718036949
853.241 12.767933861537239
854.261 10.381601996256919
855.271 24.73787185685268
856.281 31.91983465378173
857.302 20.896746689169078
858.331 15.404137892960396
859.341 9.309951774027855
860.351 19.949896658662677
861.352 20.66604679511692
862.362 25.646311595439588
863.371 52.71992512443532
864.381 37.61624959073048
865.483 47.39684058826343
866.501 49.87866107632219
867.511 43.73421789938016
868.521 48.14575060292655
869.522 48.153285917430445
870.531 54.16178969613795
871.532 53.678043623606975
872.541 44.57634876444475
873.601 53.58350440571249
874.603 52.82010563107435
875.611 39.55656978670407
876.621 51.60373269050958
877.622 38.75962828321944
878.631 43.13448419274212
879.641 34.15826750314745
880.642 34.085557701055485
881.651 33.39333434393146
882.661 50.27373957973077
883.662 41.71192068243067
884.821 52.25171284452334
885.822 57.703896895481826
886.841 40.711456324617636
887.851 48.411749224935015
888.861 38.41424545700138
889.871 44.15577127108109
890.872 38.75962828321944
891.88 50.10696266587726
892.881 41.7101549573588
893.941 37.617726260104185
894.951 51.60373269050958
895.952 45.20099351797372
896.961 57.77890783858225
897.962 59.42567507843455
898.964 51.05457474556881
899.971 42.68657133455116
900.972 74.45552729302486
901.973 65.06186965881386
902.98 51.067867431233296
903.982 46.921413631661295
904.983 49.49523700789173
905.984 79.55494143731785
906.99 72.48313237613691
907.992 58.830123290238504
909.001 75.26248894980014
910.002 62.20002162393572
911.01 49.151520084263325
912.11 44.79643057866646
913.111 67.09755452969283
914.12 44.04382426808956
915.121 52.715919625391614
916.13 74.28716722092912
917.201 76.9679092185605
918.202 69.78145671086091
919.21 73.13889582877519
920.211 64.52508922272754
921.212 72.30840554794312
922.22 44.886902900531474
923.221 38.91658162705982
924.24 36.756717242164676
925.242 42.631455813861706
926.25 34.115378836284506
927.251 53.52109027976659
928.252 87.60664798082207
929.26 73.67194862298857
930.27 40.010237189543176
931.271 54.214824059938785
932.28 49.6353314783462
933.291 45.01963711172109
934.292 64.14526213023612
935.293 78.74977078294287
936.3 96.68914054499956
937.302 98.62355876402204
938.31 85.66563649512176
939.33 55.68481830390834
940.4 75.17801140527462
941.41 91.08197263579034
942.412 89.66419510527409
943.413 104.78362194049413
944.414 100.22098823228747
945.415 100.86920554282206
946.421 93.84763403298338
947.431 84.96400432714064
948.45 74.19491388961517
949.451 65.86704031318882
950.53 69.57117705006397
951.6 75.17801140527462
952.68 74.7306766778733
953.681 87.60664798082207
954.69 86.11325946861226
955.691 88.68020885324022
956.692 89.48537950761518
957.701 71.46883582277212
958.71 64.81227962029605
959.77 68.53714392630042
960.89 71.58197642435958
961.892 103.44167084978736
962.9 100.85764113327168
963.901 99.4158175779125
964.911 84.96400432714064
965.921 78.5800373964825
966.923 75.98995456119135
967.93 70.01022848366617
968.931 66.94060118560697
969.933 68.48252838016482
970.95 53.47157049663681
972.19 63.13806720730194
973.191 69.2446762745291
974.199 63.010892736511586
975.2 88.94859907128337
976.26 94.24098142934668
977.27 113.15985827133086
978.271 84.922745799654
