0.0 53.96647666913763
1.001 55.487394741230965
2.02 52.132332275381316
3.021 52.46537232942991
4.022 57.82136214790646
5.024 53.419347152084136
6.03 52.00414321337712
7.031 50.45069072150112
8.032 47.227200148778195
9.04 51.70089131327076
10.041 50.04775439984165
11.121 54.41629277718073
12.13 56.56343408750031
13.131 53.271244972564574
14.14 55.0474550406144
15.141 51.05509520389818
16.142 55.688862902152835
17.149 53.15410709683081
18.15 48.43600911357233
19.151 51.860967847032846
20.17 55.298881895872334
21.172 55.34845106045523
22.18 55.90234191649799
23.19 53.7949152101408
24.2 45.40865341207069
25.209 34.06102189869429
26.21 38.27895055083133
27.211 34.13176969714891
28.22 47.05262336746688
29.33 50.76536995656373
30.34 56.70710358737141
31.341 53.67418129422405
32.35 52.24926395497591
33.361 48.156394412951286
34.38 50.15323876252836
35.399 46.788779790733614
36.45 48.626213414848266
37.459 47.96899003888515
38.469 26.04052807613274
39.479 27.155514393882427
40.489 23.045288617032817
41.491 35.423008678750314
42.499 21.890598938070855
43.509 23.761075094716226
44.51 18.93800711467807
45.519 17.87148776057055
46.52 30.824628601513226
47.521 38.564069234665965
48.529 47.816509246305344
49.539 39.218793513363515
50.54 31.109747285163586
51.549 45.17079895324667
52.559 42.01421411290449
53.56 42.391964289601674
54.57 41.01584961297629
55.579 37.77557965556678
56.599 31.518828605170906
57.6 34.451055495711344
58.619 26.206207257541973
59.62 42.71125008834838
60.629 42.09757564880404
61.63 38.1611329130065
62.639 41.972866284024505
63.649 36.223700014131744
64.659 30.23351301548392
65.669 46.12443988975411
66.68 38.38209983461871
67.689 37.85856694338408
68.7 41.88983390745554
69.709 35.8598590250972
70.828 32.87543042284361
71.829 42.106845605951314
72.831 36.10905287680385
73.839 42.098891892701026
74.859 44.090516918583596
75.86 41.98902796812648
76.869 43.25507832277709
77.879 40.53359869085643
78.881 39.77287819927582
79.889 45.09861179401899
80.899 45.208980512195616
81.901 49.91423950184194
82.909 43.898197335822445
83.929 40.0205874728344
85.02 41.6676449937511
86.021 45.531804339411835
87.029 40.737506307056975
88.039 37.02239161400059
89.049 48.12116888924195
90.05 43.399305093658214
91.058 43.898197335822445
92.059 41.58609164646702
93.069 47.322477289373104
94.07 47.227200148778195
95.071 43.80224141513341
96.079 44.49840456482858
97.099 47.05624675614491
98.1 39.77287819927582
99.109 36.25960060886514
100.119 28.153878893626352
101.128 19.787208390984844
102.138 19.650849317866616
103.139 23.370306652195122
104.148 23.068128348024302
105.158 26.556495694072925
106.168 25.558131194329004
107.178 25.041871656836793
108.179 32.63784204870442
109.189 28.835802715805567
110.199 32.347009792845675
111.208 29.06425210288495
112.209 37.87601422935614
113.218 33.46140952322665
114.258 27.03443519059301
115.26 28.579927456601737
116.268 24.008289161351072
117.288 11.154150387151573
118.298 7.1882243983958185
119.323 8.657037730743621
120.328 14.247307120193268
121.602 35.570552601024595
122.612 26.356822794197853
123.632 22.02849312486412
124.642 16.173504896385985
125.652 16.97219649619955
126.662 19.368271295621827
127.663 17.812848672778273
128.682 20.186753830584195
129.692 13.17841139706207
130.712 14.23550322034961
131.722 16.65575581850585
132.732 26.556495694072925
133.733 27.281852230043594
134.742 27.3822984805487
135.781 22.01386164131982
136.782 28.608478832846835
137.783 27.601138028790306
138.792 24.46722389084355
139.802 30.749626593107976
140.822 27.762237477568664
141.832 31.148972393042403
142.833 28.69212935557532
143.842 36.37648411274753
144.843 28.087724873362532
145.862 25.530306315231897
146.872 16.456082918538634
147.882 28.752897593620126
148.883 25.468638783036674
149.892 28.981264815067643
150.901 25.383590562261823
151.902 24.46129797898014
152.918 27.39213464157967
153.932 22.954380180708604
154.942 24.959112494335226
155.943 24.579115616804977
156.951 25.491842312291947
157.961 29.75126209336405
158.963 23.83308422171289
159.972 31.179843525238493
160.981 25.266707058195156
161.991 28.752897593620126
162.992 18.61872131593136
164.021 14.306980479799213
165.031 7.387897298344603
166.041 6.189859898615039
167.061 4.745167740116537
168.131 4.711907218564494
169.151 4.547452417606307
170.181 3.7201193690621506
171.241 2.853815504073306
172.261 2.965729837579746
173.281 4.827260067008474
174.291 12.57939269717886
175.311 18.387524992953885
176.321 13.777430096926853
177.341 11.862919350282128
178.381 7.643124714098715
179.411 9.985583569616002
180.421 8.985280497990166
181.431 6.988551498428606
182.441 5.191495398834259
183.471 4.503302394133685
184.472 4.230831376668892
185.481 4.996769795717204
186.491 6.389532798563823
187.511 6.8044132920554965
188.541 8.223421763214263
189.581 7.950437295334836
190.591 8.386261798125382
191.621 8.61501327575003
192.641 6.524605642653328
193.651 6.788878598479821
194.747 5.964564142323917
195.781 5.461073124509236
196.811 6.069668444276755
197.851 5.041740723872669
198.861 3.3944392992399104
199.901 4.07217520005809
200.94 4.464293999970085
201.941 5.238172180651715
202.981 6.2052193524501655
204.021 5.041740723872669
205.07 4.998484607074582
206.1 5.28648541920522
207.12 4.03639877698598
208.14 3.9543064500940432
209.15 2.995093499323913
210.201 3.2620206396222793
211.25 2.6914917114960284
212.32 1.8847628874331686
213.37 2.3047957594793838
214.44 1.8847628874331686
215.48 1.9391310476475867
216.53 3.0730610126514635
217.54 2.595747699426343
218.56 1.9794656849579133
219.65 2.0330341370657643
220.69 2.7147834666992505
221.79 2.200032315870035
222.818 2.3541201823595217
223.848 5.28648541920522
225.119 3.9667511596247103
226.139 8.89718951272081
227.148 12.791730677017613
228.158 15.989663346276622
229.168 17.072004593255798
230.178 18.769252595812326
231.188 16.173504896385985
232.199 12.766425571832828
233.208 11.475622422052531
234.228 10.48919561786269
235.238 12.379719797230077
236.256 15.848300900191997
237.268 16.622839305021618
238.288 16.410371767906863
239.308 12.06063467279236
240.309 13.095430451610861
241.318 15.589921762619246
242.338 21.43534715742557
243.348 19.567944195681175
244.358 23.244961517092168
245.368 27.355187293941775
246.378 15.973831996437198
247.379 15.596698904056598
248.388 27.3822984805487
249.389 22.765902169798057
250.398 18.07135855239924
251.418 28.47100644073608
252.448 13.314111426142386
253.468 15.108456837245614
254.488 11.072058060278064
255.517 7.251483256874183
256.547 6.069668444276755
257.607 5.136867907343008
258.658 2.496862072772404
259.727 2.8297889937525045
260.777 3.0730610126514635
261.78 14.761333087878167
262.781 49.76263571619129
263.782 48.03307279191286
264.783 40.57875084259475
265.841 34.77089474786053
266.851 42.372607867608174
267.861 42.65561205164853
268.87 28.18178164790031
269.871 26.475979586908934
270.88 34.57764698634462
271.881 16.805507868813876
272.89 18.38811284822088
273.9 27.554860193816854
274.911 22.62354326932249
275.912 35.05545997810841
276.92 35.8954342821616
277.921 40.37728268167289
279.011 45.40623235546017
280.021 49.967697957172035
281.022 47.42866830951579
282.031 40.05714565355493
283.04 42.25572436372578
284.041 46.33767698273078
285.052 45.208980512195616
286.054 35.909109907499726
287.06 39.69243194141238
288.061 33.728833375489444
289.07 42.05585357184181
290.08 50.51724368866422
291.091 31.400460850042787
292.1 35.45967912831201
293.101 46.94208146494357
294.11 40.05758396675645
295.111 46.42132750545926
296.2 43.040484932074335
297.201 42.912718249085984
298.21 42.85533673919342
299.231 46.30208359345863
300.331 8.250121184517239
301.34 56.0466628955109
302.39 40.4907979522623
303.391 48.55382675139716
304.401 47.80472821149297
305.41 38.89647042719228
306.411 48.234540952650455
307.42 53.765243001861826
308.421 52.66684049016751
309.422 50.24922256057925
310.43 50.10033870246488
311.431 50.04775439984165
312.432 42.79490061126115
313.44 42.21457510866905
314.451 40.177378430578806
315.452 49.64481807818219
316.46 44.01519679568746
317.461 31.109747285163586
318.52 36.64240125848531
319.56 50.69183397174246
320.562 53.93958139710422
321.57 45.09861179401899
322.571 40.98168716406995
323.579 50.70054593165529
324.58 51.05509520389818
325.595 39.73785792214094
326.61 28.89244371615955
327.65 47.97705050509849
328.652 33.41033773102704
329.732 41.1583819847134
330.842 42.22620548738658
331.89 53.768664744129445
332.891 58.02283030864407
333.9 45.85339861653161
334.91 44.698473641225384
335.911 35.94498314434011
336.912 39.084823193965995
337.92 30.293500144525304
338.929 41.77299549214054
339.931 37.921780855223005
340.932 48.234540952650455
341.95 46.83474126403188
342.96 51.39884041071852
343.961 53.389062610389416
344.97 46.253140200115276
345.971 50.45069072150112
346.979 48.899924244452606
348.03 39.60768576421131
349.031 49.158231233794226
350.032 47.83160463117526
351.039 45.74420017390722
352.04 43.80224141513341
353.041 43.71859089240492
354.049 30.89370737353144
355.05 28.809946993584436
356.059 20.669678846153758
357.729 5.675732072380624
358.73 15.915984702729599
359.739 24.384236603026242
360.75 17.853793218235413
365.261 2.1906033737127757
366.264 10.254387912957926
367.271 35.17978332576861
368.291 14.581794092226769
369.292 32.43637388778255
370.301 22.868257556324608
371.311 22.163691894978527
372.312 24.377647456067383
373.321 17.471746176913175
374.331 22.163691894978527
375.782 6.5323725436727855
376.841 3.0469443468099753
377.862 2.768014515069516
378.867 10.919297648740535
379.871 31.535987794726715
380.872 25.468638783036674
381.881 29.181135606951614
382.891 25.558131194329004
383.902 21.86890359708903
384.911 22.185657893039664
385.921 20.84888671748562
386.922 26.59379722473377
387.941 23.947031504986384
388.942 19.42459395906602
389.951 26.382944521313124
390.961 25.241690516580018
391.962 29.6158196367191
392.981 26.71776242286996
394.001 26.180514897486823
395.011 30.150607893298474
396.012 25.87157510451187
397.021 25.383590562261823
398.031 19.451176417807268
399.032 30.220224119116164
400.04 29.493223839122365
401.041 32.23490572704495
402.051 22.64594281709839
403.061 29.75126209336405
404.191 26.13053097417699
405.192 36.868673425299605
406.193 30.102406481291325
407.201 40.61402249786317
408.202 38.36260107374409
409.21 35.095157976758664
410.221 38.09980131590232
411.231 26.83907371613344
416.07 3.4598138080281977
417.084 27.04839204924097
418.09 23.136919983326038
419.091 38.077482390093735
420.1 29.464139790991972
421.114 12.525117560102894
422.12 49.251254413523135
423.122 39.12938342378326
424.13 40.814091574259976
425.131 33.527365214751846
426.2 41.95920654956765
427.22 45.51915079451237
428.221 36.146451305077704
429.23 42.25572436372578
430.231 45.12886801793664
431.25 35.90376547031876
432.251 36.146451305077704
433.252 34.04811917423615
434.26 27.492533075707154
435.28 24.12126934551101
436.31 18.60059684531075
437.32 16.25641001858985
438.331 20.566308695425104
439.34 15.789792554447933
440.341 15.915984702729599
441.352 10.854494695341508
442.37 17.03692346770962
443.379 18.38811284822088
444.381 12.088089647646465
445.4 8.790184344896636
446.431 11.736350860619174
447.439 11.60400642795564
448.46 8.09838862600879
449.47 9.584299197854948
452.469 2.2191056203689543
453.597 1.9666364525685642
454.601 4.820787943145402
455.609 4.484589296063686
456.621 6.9747401318320135
457.642 6.123171887947527
458.659 7.931942141783953
459.679 5.931459675141064
460.681 5.031677369142345
461.704 3.5484392191410565
462.706 3.6228077057729062
463.719 4.77795764552196
464.769 3.8413262658051157
465.779 4.991822498885473
466.899 4.036130366466532
467.969 2.638668042391694
468.989 11.269773382769866
470.028 8.152189043410814
471.038 9.384626297906163
472.049 7.580065183272286
473.088 3.687895043440729
474.108 5.7337443526308345
475.138 6.657055713071193
476.238 3.376170449657506
477.268 12.922519913606617
478.288 11.269773382769866
479.468 2.5635969782440884
480.478 5.790514098699041
481.528 2.8809946993584434
482.532 2.408093847701244
483.548 45.81606722184931
484.55 31.397666783488038
485.558 24.41544728153388
486.578 31.041305633276938
487.588 23.64430731702659
488.619 28.78197617120385
489.62 32.318556249957716
490.638 23.376243827815905
491.648 12.379719797230077
492.658 7.47080242054847
493.659 7.454321949373387
494.693 10.532069597249384
495.698 7.424653006303351
496.704 8.82054043143521
497.738 7.996571360888522
498.748 7.787243098260601
499.828 6.052928055538207
500.868 10.083481447745338
501.877 7.5950900894901485
502.888 8.577442181068847
503.889 15.71451654193672
504.958 16.113800406537198
505.969 23.139146348953908
506.978 17.788500472734814
507.988 18.701965163855558
508.997 14.74090921047974
510.008 22.939670949320888
511.018 19.16859839574675
512.037 11.36300591153177
513.078 6.586712184882767
514.118 4.07217520005809
515.137 6.135189889696748
516.157 4.152021772604273
517.172 7.550193005201251
518.177 17.457967879676296
519.178 20.633402923860153
520.179 40.49510031968199
521.197 39.50490209765784
522.198 43.399305093658214
523.207 39.17467519838602
524.218 27.265414976482038
525.228 24.160420894650652
526.229 22.849552692710816
527.237 32.011052215011915
528.247 32.42991491503111
529.257 27.3822984805487
530.267 14.775794596689206
531.277 10.665568819839596
532.311 6.826341405636544
533.317 15.235478927014404
534.318 28.087724873362532
535.328 43.728365090147555
536.348 35.868565700211704
537.358 45.608326311945774
538.367 51.366793499991275
539.368 32.72149257161718
540.387 29.372756878032995
541.388 32.23490572704495
542.397 32.86179714775901
543.407 34.57764698634462
544.437 19.85666669698927
545.457 13.444641930327117
546.488 8.997868993138296
547.502 42.449785561274844
548.522 14.037787897839381
549.528 13.030343819160207
550.983 13.447884142159616
551.992 14.868750542981248
553.003 18.58798364004957
554.012 41.45624119637418
555.091 46.8035162121406
556.103 49.46989909074625
557.104 42.99636877199874
558.112 37.29591781657067
559.113 41.30097296281666
560.114 37.75819659134702
561.122 31.343570296606433
562.123 32.789237713288145
563.124 40.78021900333235
564.132 25.208703619363348
565.142 27.238419516067868
566.143 52.180253645595286
567.162 30.560212985671058
568.172 28.153878893626352
569.182 28.835802715805567
570.204 25.455364124426787
571.232 11.65587770599034
572.252 15.026364510372105
573.261 16.58927572176269
574.312 23.681349700187212
575.341 17.834729091252516
576.342 7.051385627787629
577.361 15.634838751169813
578.362 29.095065677234793
579.372 39.335561291237426
580.382 33.02893361484062
581.392 34.94275749214303
582.402 29.834167215549492
583.422 31.914259250191368
584.431 32.978680651641405
585.442 32.59731324728809
586.452 37.338832291565296
587.453 34.13176969714891
588.462 39.374545990269986
589.463 36.146451305077704
590.472 36.25960060886514
591.491 29.884312043360982
592.501 21.64757831735447
593.503 32.20273516246678
594.528 28.020313644005274
595.531 30.562097309178306
596.551 16.410371767906863
597.662 10.422187617622683
598.672 18.769252595812326
599.691 18.207660317804947
600.711 15.817225800376173
601.721 19.05183061787284
602.741 30.052729020817925
603.755 25.341003008588228
604.761 18.643415002787393
605.771 16.173504896385985
607.031 13.201464454109674
608.041 26.356822794197853
609.071 15.286910649637115
610.072 15.51304838114384
611.081 32.46205556399107
612.082 33.32589705401425
613.101 23.15539409977149
614.111 17.171869396166763
615.191 15.016022675756286
616.206 20.266307540205275
617.221 16.68990032731025
618.273 19.553519157230408
619.291 18.109695882432735
620.301 26.955841494007352
621.312 21.626166271525932
622.321 27.782040064132367
623.331 24.360093794525728
624.341 12.063279119517945
625.353 18.333602632262576
626.361 23.60815100855747
627.366 21.353945117092625
628.371 26.28728496818552
629.381 29.035475615680642
630.391 30.350280793173553
631.392 22.648084531788946
632.401 29.580877190535276
633.411 32.42991491503111
634.421 31.148972393042403
635.431 29.43482141561507
636.45 20.780481884495362
637.452 18.71783981314466
638.461 24.06748230725988
639.471 31.148972393042403
640.481 26.83907371613344
641.491 29.152243393554553
642.501 10.782336597584512
643.521 8.89718951272081
644.531 11.663933319620376
645.541 16.173504896385985
646.551 15.574486196521201
647.571 21.039916512405107
648.582 37.53850519162465
649.591 31.06296002117183
650.593 34.21540611019006
651.601 28.49287845732262
652.621 22.341831443011074
653.631 22.7627105949723
654.641 12.662297819382728
655.651 29.75126209336405
656.66 19.187596015517205
657.661 19.626062119987893
658.662 24.579115616804977
659.67 19.48977002186204
660.671 26.190860903258578
661.701 26.236631339730575
662.71 17.87148776057055
663.72 20.786562350220418
664.741 23.330408055654363
665.746 29.98259590822284
666.751 47.44056378778858
667.811 42.886227064463526
668.822 42.48826010617032
669.831 31.862443188523436
670.84 27.209394382778555
671.85 27.46528576836601
672.852 33.040778370179616
673.861 22.668386764440637
674.87 32.578939068057736
675.871 36.54938762655289
676.872 33.443714691839084
677.88 41.0972302670043
678.961 29.36712850995292
679.97 27.182427688664728
680.972 18.132134471469698
681.991 22.445929583324055
683.0 35.57700094539592
684.002 35.34057866194304
685.01 35.4122265128362
686.011 19.82753028072549
687.02 29.580877190535276
688.03 28.43645691587114
689.04 36.77622569651547
690.041 41.98902796812648
691.051 46.60669081187397
692.06 42.25572436372578
693.071 35.70609652122742
694.08 35.46011744151353
695.17 44.933489853951656
696.172 34.41667320479654
697.18 26.492187693907415
698.192 17.137932895377087
699.2 26.008979924766283
700.201 31.915619928298245
701.29 41.0034179728501
702.3 44.52705669001641
703.311 41.61486831297006
704.32 46.45301099199924
705.321 47.83160463117526
706.322 56.20961686163714
707.33 41.2972993434011
708.341 45.36373881919463
709.389 34.910245242567534
710.391 49.56116755526942
711.392 59.51675795708855
712.411 51.93442292407759
713.422 35.46011744151353
714.439 42.914822052871536
715.46 41.363054417687
716.462 59.113821635613355
717.463 70.19457047931385
718.471 63.50452806964525
719.54 62.03512525912802
720.541 72.8136565696397
721.542 76.44008346383782
722.543 82.28280739897097
723.63 64.53250192654697
724.632 59.57506005050826
725.633 57.30060818842216
726.71 59.701402371902226
727.711 63.74758933386801
728.789 52.64647486997258
729.89 55.02690541309918
730.901 57.705468087115335
731.909 50.30040777886168
732.92 47.15901741515473
733.921 52.46537232942991
734.922 53.87564945496164
735.93 52.49838888151688
737.079 40.09330769552994
738.08 48.755294912134765
739.081 58.10648083155682
740.082 65.7622709417968
741.083 61.73290772593921
742.089 37.570531598351586
743.099 16.57285069630198
744.1 14.992294421659535
745.109 25.18371977037785
746.119 31.747991092851905
747.121 36.51291119187199
748.129 42.29764472520084
749.13 46.42132750545926
750.131 50.97144468098542
751.139 46.8992334810374
752.14 49.84628623910405
753.141 50.24922256057925
754.142 41.38462348572941
755.15 56.819617681765926
756.159 51.449780787808585
757.179 35.473135055191236
758.18 22.36296584813859
759.181 29.296533837972387
760.182 50.04775439984165
761.189 51.60159281448862
762.19 38.02755716602422
763.199 40.85662882090654
764.239 40.026613209689955
765.241 40.09216399802253
766.249 27.292463999310353
767.33 49.32887716703648
768.34 58.562142005787194
769.35 45.00930761213627
770.351 48.43600911357233
771.359 50.70054593165529
772.36 57.50207634915976
773.361 46.42132750545926
774.369 48.81685462792082
775.379 42.61323281271399
776.38 32.52002441069531
777.389 39.374545990269986
778.399 36.82271871394124
779.4 39.57141003853822
780.401 62.538780369073876
781.409 59.30351621432227
782.489 48.62762750150037
783.49 53.590530771311286
784.491 47.2267583325251
785.499 54.102158977383816
786.5 58.50941715321629
787.509 52.44913474685988
788.51 54.6815220980963
789.511 57.905012670819225
790.512 51.86082057494848
791.519 51.55196505938714
792.529 42.3306547904692
793.539 38.81944771361337
794.549 39.01912061348845
795.55 46.33767698273078
796.552 54.82821681561941
797.558 54.00881149339534
798.559 48.234540952650455
799.56 68.58282519286026
800.569 38.658050110735694
801.578 31.379714317122463
802.588 27.238419516067868
803.589 37.27160974695907
804.599 18.65248481812269
805.609 30.949299493167327
806.618 20.186949974752785
807.619 20.834871084782023
808.62 46.018391183984065
809.698 53.20770760357435
810.7 35.020474489168805
811.718 38.51438329150064
812.719 43.92005905314251
813.735 26.28358779079417
814.768 35.02671612419747
815.769 61.12850324354214
816.809 57.47879263853666
817.818 61.84306196282666
818.829 59.5264921879795
819.909 54.22969813855427
820.91 52.180253645595286
821.911 46.018391183984065
822.912 44.60811405845234
823.913 73.61952921277437
824.918 70.91852059148863
825.919 59.31528979635095
826.921 48.58849550255805
827.928 39.5363389627329
828.938 37.338832291565296
829.939 40.78021900333235
830.94 45.615454862324604
831.95 59.98477510884797
832.959 46.05326940841558
834.128 49.065790245205655
835.208 55.91014188042755
836.278 56.43266657093673
837.279 60.72556692188268
838.288 52.76588904262625
839.298 53.39556941020637
840.299 45.81692302324647
841.309 51.39884041071852
842.31 49.64481807818219
843.318 41.814436955875436
844.328 46.40701791181462
845.329 54.88284298693381
846.338 65.84047779940042
847.339 69.79163415765439
848.341 61.06749675321146
849.418 62.884674138027876
850.458 58.116413119382024
851.459 60.72556692188268
852.468 56.363563295616345
853.479 46.76006661607296
854.488 39.85727486167096
855.489 38.76553739540356
856.498 43.371961826843744
857.508 35.42500841426289
858.518 38.42010191367894
859.519 47.34501778660303
860.528 44.0545614901287
861.529 36.54938762655289
862.537 45.21561125369972
863.538 27.483320390965467
864.548 32.94602849265518
865.549 32.92296073235478
866.558 38.658050110735694
867.568 45.325748289885254
868.569 39.36714370893477
869.638 29.322102552468944
870.639 41.90537744521372
871.641 33.0913705807977
872.648 41.4554252171735
873.658 25.04201761670494
874.667 33.77816381899301
875.668 26.07304326543374
876.728 36.60783295553174
877.749 41.32250240344037
878.758 37.85856694338408
879.898 35.454087688034356
880.909 50.91658948859865
881.918 35.659988233213234
882.928 38.42010191367894
883.929 51.57584916338249
884.938 43.854690698244724
885.949 42.77055862488672
886.968 46.392961088126164
888.017 47.18092780499012
889.028 50.26780068909406
890.037 36.05972981698117
891.038 33.728833375489444
892.039 44.32299537461771
893.047 28.69294753371943
894.048 47.0758044840102
895.057 39.32487050097716
896.058 38.564069234665965
897.337 33.33543853230233
898.338 48.755294912134765
899.347 42.65546594730945
900.349 38.12304795001376
901.35 49.964103876928895
902.357 33.92840264824385
903.358 32.52002441069531
904.367 25.983202937729455
905.427 27.2855080502348
906.437 28.981264815067643
907.448 23.139146348953908
908.467 22.643838934443504
909.468 32.43637388778255
910.477 24.86696547461149
911.488 36.90294891847274
912.497 28.66451051930128
913.507 27.954205993751277
914.527 18.865047964884713
915.547 26.296137893215683
916.548 33.930301536227034
917.549 41.90537744521372
918.557 38.89647042719228
919.567 30.549953693232904
920.577 30.23351301548392
921.637 30.900201947311416
922.647 35.177259361812254
923.648 28.69212935557532
924.657 34.37777619446065
925.667 33.827625214709464
926.681 32.41829341187798
927.687 29.551858478831523
928.688 42.30831376668892
929.697 37.05908377603247
930.698 34.937642340283574
931.707 42.772349451376115
932.708 40.57875084259475
933.71 42.148389845276036
934.727 44.2205774404695
935.748 30.500349689042253
936.756 33.294536289555985
937.757 34.04811917423615
938.758 32.11708808922012
939.759 50.165572037666486
940.767 41.0972302670043
941.776 36.05972981698117
942.777 46.21985934472167
943.786 40.174029157437324
944.787 37.75819659134702
945.788 43.80224141513341
946.797 46.7697652877656
947.807 35.824354214197314
948.816 35.659988233213234
949.817 39.48775951562546
950.827 36.223700014131744
951.936 38.809166042185424
952.937 50.76997652006355
953.938 25.87157510451187
955.156 36.16396821479875
956.158 44.32299537461771
957.167 41.65611198807387
958.206 33.077546771586725
959.207 41.50244112355425
960.208 40.78021900333235
961.306 34.97355525945635
962.317 42.73000059040363
963.326 39.05779169431935
964.327 39.36994187780063
965.336 45.17079895324667
966.337 44.406645897530474
967.346 40.2570164454389
968.347 45.531804339411835
969.349 39.33065051857402
970.356 37.9337577417609
