0.0 8.464574563461063
1.014 17.152587539524937
2.044 6.357134899852823
3.054 9.116745130210607
4.064 10.332311147569527
5.084 10.30169607925126
6.114 7.549097693582238
7.174 5.7966084869477426
8.184 5.470047078133843
9.334 4.908181331415404
10.344 5.064858405674636
11.384 4.131755645558102
12.474 4.160368730487664
13.484 7.525609495399376
14.494 24.868937952902186
15.514 27.549154931319897
16.545 27.17659332159241
17.664 30.8514670903608
18.665 52.53696895265575
19.814 48.85948486631453
20.825 53.596077001090414
21.827 55.00669511903414
22.834 54.65755991803594
23.884 40.05808078575392
24.994 49.171060600189996
25.995 48.89334583777617
27.014 41.154453216207365
28.075 15.05094932060298
29.083 51.01617768576969
30.084 32.43667339357758
31.154 36.90381037159409
32.155 63.227709428009526
33.164 51.11089376662714
34.304 42.887309510889786
35.305 51.36307200415456
36.314 53.25388083163421
37.414 44.9930732267507
38.604 50.5661920593837
39.614 56.62630173754437
40.624 49.722396206836244
41.803 37.59336504588676
42.804 48.88811589973703
43.814 61.36238863280323
44.824 51.11538036353989
45.904 54.94211839005333
46.905 67.68376605970941
47.907 51.929223906478995
49.024 51.785245123670194
50.033 71.6344125275528
51.064 42.755443457748356
52.065 56.07644158726804
53.134 50.80750455602215
54.135 59.25310594902678
55.136 41.94350532468044
56.294 52.88462576072874
57.295 76.23725500079912
58.303 42.00881002526934
59.304 49.746871724904025
60.314 64.43906797123336
61.323 50.615320595759066
62.325 30.269481470556588
63.503 35.52181460080737
64.513 57.6869600973982
65.704 45.129320603933955
66.714 51.692595568156754
67.715 60.791753718534295
68.723 48.91246520463594
69.724 49.20654441258365
70.763 45.34679031537604
71.764 49.9421725538535
72.765 43.150425596266174
73.773 47.334940524523674
74.784 39.574378276369245
75.793 28.116328285403448
76.932 30.867727011465817
77.933 30.049131967627304
78.943 26.592728058852853
79.953 32.396878077455526
80.954 28.20938919405331
81.963 45.40713267671518
83.003 41.77016836773701
84.013 20.11844692094349
85.022 26.334162368389755
86.224 34.10051782406761
87.233 41.33492358180534
88.253 37.714326041840785
89.273 29.855854992915585
90.283 26.1346693732355
91.293 12.905022265211365
92.294 26.36964642066629
93.314 51.58898760124152
94.315 48.53726177115991
95.343 49.45254904013821
96.344 63.218594393103906
97.353 54.62945263250592
98.354 68.66744269046175
99.483 2.222710693795471
100.484 66.96472429340109
101.485 84.90983710208103
102.487 77.08330954787107
103.488 60.88155922604381
104.493 57.06013100473119
105.503 52.07740727013251
106.504 36.35867863849189
107.513 35.27921527763195
108.524 44.87316422845213
109.543 48.96441668511828
110.553 53.1411756305063
111.554 32.80994154232245
112.663 36.5022694329059
113.673 37.27735786572344
114.674 33.42035002432993
115.692 31.620532095777893
116.713 36.168586672851966
117.734 37.112501690184864
118.743 25.742380107523964
119.744 26.567487505122596
120.822 30.870146852313212
121.832 38.78659681346379
122.873 49.14887874233356
123.875 51.570211104229266
124.876 56.76843710253655
125.884 60.96195810876625
127.732 24.91828258111895
128.763 11.511131150507834
129.764 26.78699547574106
130.812 44.074747848448744
131.813 63.41553891671611
132.814 60.62051060460226
133.822 69.78570256526491
134.823 67.5516727675582
135.824 63.538367747123196
137.022 54.09065943605169
138.023 51.93313524986009
139.032 58.891633178367144
140.083 44.6401783857601
141.092 44.45275036320128
142.103 35.517178578925815
143.162 33.58035748451743
144.167 34.0015787973962
145.172 31.831607254274715
146.302 29.424688474256715
147.303 46.23130737865764
148.332 41.784969588001125
149.333 57.3272933381582
150.363 43.46002646697969
151.372 48.92076572985901
152.373 54.267480734761826
153.374 53.59311758195049
154.382 50.023221977058185
155.392 38.35741670656043
156.413 33.300414893007684
157.612 28.1671123765276
158.622 25.324292028279697
159.802 30.366004109721757
160.803 39.556412179245704
161.812 44.63078906432499
162.963 41.678876562011666
163.972 42.78977105375411
164.973 30.861864338124633
165.982 31.15410436014115
166.992 29.404613045690343
168.002 30.77523481594007
169.012 31.66454694251469
170.022 32.7200219676077
171.032 28.23984370771612
172.042 27.940246966280963
173.043 30.55374627451779
174.222 28.022008872849288
175.232 29.173584416726293
176.242 26.683954748250162
177.252 32.426349037301065
178.262 30.322063274424288
179.272 32.6595990953682
180.282 34.55744004465095
181.292 30.011803673369133
182.302 27.74431691744474
183.312 28.785426700892312
184.313 26.57406228433441
191.701 2.1858944790069392
192.702 30.662379558818635
193.703 47.87993327363868
194.704 47.42911261515079
195.711 51.72233068560358
196.731 33.17938011670962
197.741 36.847289187029276
198.851 36.819199115666386
199.852 41.49642033622052
200.861 25.84778020462398
201.863 34.71601549924088
202.871 31.231902170036488
203.881 34.73782008976561
204.892 46.78081594066207
205.902 57.03223088638996
206.922 59.56799949247998
208.132 36.38460283018419
209.141 50.839462574215176
210.142 42.19140438751139
211.144 54.728628097499055
212.151 46.55133046982107
213.161 48.29014405210058
214.168 62.060023559635034
215.171 66.54069244862467
216.302 47.7075428367473
217.303 65.83744850692361
218.472 49.69871692509719
219.491 46.93332123500282
220.493 57.115279524140405
221.494 60.34765726609673
222.501 59.87950814384789
223.521 44.32691509960224
224.531 28.768395744248387
225.533 21.50792704304824
226.541 42.74585875872271
227.552 45.67090410995378
228.752 48.02731745132024
229.761 45.40831861315167
230.771 25.42247919564551
231.781 35.8939999017998
232.831 35.32591629989943
233.832 61.823844632811586
235.011 49.14727228859912
236.053 41.05666486150704
237.061 44.93890148703836
238.062 41.13958913559866
239.07 44.860391267258706
240.071 37.37747056750703
241.081 50.09470772810242
242.171 44.64301495345688
243.172 40.97282882570019
244.174 51.150437666424935
245.181 62.720268179774344
246.302 53.885870144860604
247.371 58.516766877368475
248.54 45.705197981568375
249.541 39.43970984772186
250.55 30.248345438840445
251.551 26.27222014626235
252.552 39.23708710555498
253.691 36.16120213449861
254.701 59.38087385303624
255.702 42.408073248946
256.721 48.38886380076996
257.731 57.89918062651065
258.733 49.1296704378227
259.735 76.49047646127957
260.751 63.928968081272544
261.77 35.416098483914546
262.771 40.93965607577713
263.772 57.659767970272554
264.781 57.794295674052414
265.911 51.615182258164644
266.913 53.105979798158806
268.01 34.69895783763119
269.011 50.89955006757162
270.07 35.965872582426115
271.072 52.64933939825955
272.081 58.20160747002316
273.082 45.12554905131683
274.083 34.156127592251316
275.13 34.563405480973955
276.131 38.35845751591404
277.14 39.260869069691665
278.141 50.27688858798462
279.281 42.46298537004513
280.43 47.879884244981824
281.431 65.91141477329022
282.432 62.54632321547084
283.441 58.27261541158691
284.442 65.16024624492843
285.443 51.62292521107498
286.45 54.35811038952417
287.451 39.25965055256124
288.452 51.229783297856166
289.46 45.510496357417956
290.47 39.71485799724085
291.631 38.826046409937256
292.632 56.76664398084834
293.64 51.0096485647014
294.641 57.11092333040062
295.65 37.92076094376607
296.651 48.6763781228515
297.7 39.03454740997945
298.71 40.53649058313517
299.711 42.121622071501314
300.831 39.34736221687238
301.85 33.36959037059592
302.851 45.584737610704735
303.86 39.28577373392301
304.87 37.32104597179131
305.872 36.95817896409251
306.873 37.50328793393649
307.88 33.177849171672534
308.89 30.974867246801736
309.899 26.900595238813775
310.91 25.16446192399092
311.92 31.55984358307578
312.921 39.514871528609596
313.999 33.6704691424063
315.009 40.37060905096307
316.01 44.8274425834597
317.02 41.606503016038154
318.021 37.363275021400796
319.03 40.414488697430315
320.031 37.5246559666086
321.039 43.23821384173623
322.175 26.575939795808505
323.18 37.4628173576169
324.191 28.575421302041015
325.199 29.904561537732288
326.211 30.935674680996243
327.219 27.503180492032197
328.22 29.99772914807999
329.229 32.52104429696064
330.23 31.653079249298322
331.24 32.67203909838285
332.25 38.546045907747285
333.26 36.1798237825341
334.27 37.24344404785871
335.29 41.3252721523372
336.291 31.478847599343926
337.299 31.54959236041309
338.31 35.8373397627891
339.32 35.443197884623245
340.47 41.08312698447064
341.6 50.831296929916405
342.61 55.16104708653114
343.62 41.947986649405095
344.75 41.52077240884055
345.751 42.72291551860317
346.759 30.90470417178989
347.76 31.275627150009964
348.769 23.24272267167728
349.771 17.970195484196953
350.78 26.36336605215663
351.789 21.429722408436778
352.799 20.50438320748742
353.8 21.054833963799407
354.949 16.38634262013096
355.95 27.59614160286198
356.959 30.010713433746503
357.969 40.518867245359694
358.989 30.600656621237214
359.99 36.79485547054497
360.999 32.08224783097939
362.009 30.99693344278337
363.019 24.194881354512997
364.029 24.51391468351086
365.03 18.806259462702208
366.052 13.221836024189082
367.059 10.566290505107705
368.069 7.300624445212605
369.099 7.3504372279700165
370.129 6.953116296726878
371.139 7.293396104172224
372.179 6.296008602735617
373.338 4.9721824799470316
374.349 10.332311147569527
375.369 11.434662682920813
376.379 14.181603535885243
377.389 11.142688492487938
378.409 9.354673256766107
379.429 11.234054565689709
380.449 9.829797744978496
381.489 11.214765323630996
382.49 6.74572350293636
383.509 4.4516944563880525
384.518 5.475468333909453
385.559 5.5037154932743615
386.578 5.622539576546159
387.589 7.286182062525734
388.619 7.1587269827064475
389.639 8.425540924267281
390.668 6.363312873525152
391.878 4.482342164408075
392.918 5.509007527398339
393.948 4.569190709268047
394.988 3.7382551078707666
396.008 4.613986696614546
397.026 2.0100223928144514
398.046 2.00608117244192
399.056 2.0259433622773333
400.096 1.9675026883618916
401.146 2.143641024259671
402.276 1.9918788278530646
403.316 2.164252957196211
404.346 2.1852651218279133
405.426 2.0840954402664806
406.436 2.0259433622773333
407.466 3.377227915557329
408.496 3.7745488467817707
409.536 4.91875672089538
410.566 5.766752291620483
411.596 5.165172106142104
412.626 4.1718697780249085
413.666 3.1480043013678083
414.767 2.4160432649066235
415.787 2.00608117244192
416.797 2.228537698497588
417.896 2.0480646728733722
418.957 1.9285605993362924
420.018 1.9285605993362924
421.061 2.1580278767719827
422.118 1.9358588419099847
423.858 5.493487836570728
424.878 8.22493280701748
425.879 2.657406228433441
426.961 2.6475821758266926
428.059 2.6090017434041157
429.177 2.013258564827597
430.279 2.2281700136734344
431.317 2.1684230014321435
432.398 2.839319328245693
433.459 2.1214166592699217
434.479 2.00608117244192
435.498 2.0080498487571368
436.518 6.2524329641365375
437.616 2.0499299412340712
438.655 3.151034141893228
439.675 3.8115542276340384
440.718 3.5313183438222966
441.816 2.6090017434041157
442.855 2.9540945080213956
443.897 2.7492168083051265
444.919 2.4025864531098415
445.957 3.9425872753192714
446.958 3.8839014107787078
447.999 3.734664084729901
449.238 2.9726917131511073
450.474 3.6421085363798555
451.504 4.569190709268047
452.737 2.9871573662717963
453.739 4.696872685174916
454.854 2.403146676474242
455.876 4.0043107551706045
456.895 18.474058608632966
458.071 2.087962036628946
459.236 1.9320369746543982
460.418 1.904249640846168
461.513 11.777044797634534
462.567 1.9413688765615214
463.617 3.9020876486412672
464.733 2.200218060101811
465.784 1.9469103671685464
467.283 2.3173837983550722
468.479 2.6586048912454174
469.679 2.04620279589188
470.699 2.2066892896917207
471.908 2.0335686152619856
472.94 1.9846777845677375
474.067 1.9971810785195216
475.147 2.6524851057920027
476.286 2.1557887226241523
477.666 4.229972365895847
478.674 6.375835097806928
479.676 27.413243198517506
480.684 26.10461308459058
482.614 6.24779128387977
483.624 8.197962043996117
484.674 8.85049662392215
485.684 17.967807337037762
486.694 27.79911216921498
487.864 23.250154413109634
488.944 31.348961396422837
490.074 34.84609870508519
491.244 34.20821113395909
492.246 37.61827200648715
493.394 21.55409077310886
494.404 24.108726011032957
495.413 23.085636542913004
496.584 26.446763155214295
497.585 34.91805485036842
498.654 24.42639965790483
499.674 30.546105291087386
500.684 28.28412419491553
501.694 45.31271129785958
502.704 44.60333493050422
503.874 33.14174541424008
504.884 41.35116269106099
505.887 41.94015917844726
506.894 43.75334893794103
507.933 39.75445331442784
508.934 38.634598244118955
509.944 15.48676719463255
510.963 17.269228699382424
511.964 9.19871386764559
512.974 23.29834866607715
513.993 19.47808353305828
514.994 20.571587689394057
515.995 45.38032174703662
517.003 40.37756848563738
518.014 30.90221193922675
519.025 31.529070966958162
520.034 34.613629065286766
521.044 35.367291644123775
522.045 37.02093822037524
523.054 38.936663707725764
524.065 31.16615258244272
525.074 34.62089292572652
526.084 36.06580818053389
527.133 37.849202146423124
528.153 8.826757158748187
529.163 16.004952561923623
530.164 33.44769512885979
531.174 37.594331951122
532.183 45.861791042020265
533.193 46.24556343507894
534.197 40.3739610340346
535.334 42.157454118480864
536.343 46.89214740585558
537.359 34.35571620550493
538.373 32.75807894807438
539.383 30.38915043397303
540.423 22.010717209506346
541.448 24.155174468604677
542.453 17.50979506931769
543.464 28.71256983131068
544.466 35.455089255309325
545.474 39.16181646773383
546.493 41.278194884530635
547.623 47.78682503720065
548.624 45.99356933822795
549.633 33.67066138955336
550.653 13.440743855362733
551.673 9.027365275997987
552.692 10.040249243823078
553.695 2.4433269349834004
554.753 7.364155130718873
555.793 7.870010753428869
556.805 4.448266947586165
557.983 30.448539405036996
558.984 41.2920044725524
559.993 19.859542622059614
561.013 11.033446448439909
562.033 17.854122434746174
563.043 17.28360716644574
564.053 18.233490260421213
565.055 17.15379589369856
566.093 7.885174550638543
567.104 7.083788116344982
568.123 7.839087331996928
569.133 9.927122475110322
570.143 13.979009199664988
571.192 4.2436016345585665
572.225 3.3674198964377693
573.232 18.694206278261728
574.264 10.905150559492167
575.523 8.451353882962108
576.542 8.634614349691212
577.553 3.643091031253518
578.563 7.690883822313931
579.583 33.902771814375015
580.762 19.927004322165423
581.763 15.126773915685106
582.764 21.054833963799407
583.793 14.21701674648578
584.823 7.747758159194458
585.842 5.823344561427481
586.843 9.607545595094013
587.862 19.40527704729412
588.873 28.970990080393854
589.882 25.253922554900853
590.883 27.475853028148695
591.902 27.108672958324178
592.912 24.148119354130806
593.933 26.784703092723728
595.052 27.632303289297756
596.053 34.750696833302854
597.062 29.441463964239087
598.073 18.441520909059317
599.082 24.33541481737535
600.092 16.35712312593245
601.103 26.513606949753168
602.104 22.422238619374898
603.123 22.44935144529793
604.133 22.038256021047253
605.143 31.199527778928836
606.144 27.922938016608622
607.152 18.657853744918054
608.292 14.357612172085762
609.302 21.47499964002007
610.312 20.6690651534574
611.322 21.428497723717577
612.323 19.786648703942127
613.332 23.118644076543976
614.342 24.943800187791034
615.344 8.656015113231781
616.367 24.002378837457307
617.382 25.411011660606004
618.383 38.83901410778708
619.384 33.560811217194185
620.392 19.48764567524089
621.412 8.826757158748187
622.413 14.942231816490935
623.422 23.727029446959662
625.594 5.935118606861275
626.602 27.453470138533348
627.612 50.040801048122994
628.613 41.691422311492964
629.623 38.633170108619304
630.624 32.91095405972886
631.632 33.49439100420927
632.642 19.597892029219707
633.653 46.34821367550417
634.662 43.213446830824566
635.672 46.191508659676394
636.673 35.956720543857514
637.682 29.06196431802546
638.692 32.820282468840446
639.702 29.274437298903617
640.704 36.309218367471296
641.842 38.96040132419365
642.852 44.165565297473854
643.862 37.48587601299743
644.872 36.99108969909374
645.874 52.55400360794585
646.882 55.214996079568735
647.884 46.30906881741046
648.902 43.19035616575735
649.903 41.97368953858114
650.912 44.31997048905392
652.052 51.04761118631359
653.053 56.19568417429871
654.062 47.63298704727692
655.072 53.204560408216565
656.073 54.20412377112504
657.082 77.3015578312503
658.083 62.14406626734641
659.084 51.652959998137156
660.092 45.68989879736192
661.093 51.91370976590167
662.529 31.630164087441294
663.551 37.71765091459498
664.552 49.26422315785272
665.692 53.252154852097064
666.693 65.6762169887413
667.703 61.9027882912186
668.704 67.68809943690445
669.744 35.93094255301843
670.752 45.90209523161379
671.762 40.889549718841316
672.763 45.27706782761343
673.772 42.02202548043496
674.792 40.19611827608653
675.802 48.379172062378146
676.811 36.91301149248001
677.812 38.88189959978282
678.822 44.30714438043524
679.831 56.579839450341595
680.832 52.21958642749175
681.842 56.37704432680738
682.843 49.397960144666655
683.852 54.05305371958538
684.855 54.204903829662925
685.862 52.33236997795657
687.022 40.70267277623906
688.032 39.10070689178052
689.041 40.44725019031968
690.052 32.22043566767037
691.053 56.82761011562983
692.062 31.50603098523482
693.071 41.57300031292273
694.072 45.151549314861
695.081 31.776127999202487
696.101 21.46506854507432
697.281 25.628408627519423
698.282 41.087588608884275
699.291 32.829980727820946
700.301 41.644687526131484
701.302 42.9273313822713
702.311 29.46770398351875
703.322 46.75300156782827
704.342 39.43562580811546
705.344 62.69303975442459
706.351 46.693182801065966
707.352 40.55353722209869
708.353 55.823462013236465
709.36 67.87968255076937
710.362 47.989786131265085
711.363 51.68030510266703
712.372 55.454978779972414
713.381 53.658285142266166
714.531 43.94328459193564
715.541 36.466980520767635
716.542 26.08588492556694
717.551 29.36927008623885
718.561 40.116344287880274
719.562 39.24784583531029
720.571 32.57619033938754
721.581 30.591744770305464
722.583 20.610320398792776
723.591 28.41948327627611
724.592 38.48786112553294
725.601 53.60788284539825
726.611 44.999045505251274
727.621 54.29528210886052
728.628 40.12683096278341
729.631 23.84898254968662
730.641 41.126650253983065
731.651 27.754831682015563
732.652 43.06375805161755
733.661 55.64784168617826
734.671 49.42413232290033
735.681 42.143620507582064
736.771 32.43018456890597
737.781 46.191508659676394
738.791 25.236767720907824
739.801 29.376178752871756
740.804 29.47829804910522
741.821 39.71800382051946
742.99 35.40682991630296
743.991 53.14812456866882
744.992 53.374954452504696
746.196 48.58034620907409
747.301 47.063178685259594
748.312 42.19573495659973
749.32 53.38802929760255
750.331 44.03000406832873
751.341 28.932337213663697
752.351 31.150360147627858
753.381 31.415945299388202
754.382 39.65667756264653
755.391 35.37929925012251
756.4 39.3422539547942
757.401 37.67961155906916
758.402 55.41926251658531
759.411 41.54661322823926
760.412 44.01784817582325
761.532 46.718932792170065
762.543 111.85180117687051
763.544 53.14812456866882
764.553 35.875910115232294
765.643 36.23971269662085
766.645 38.80025261674365
767.652 39.33112107992399
768.742 34.68521773505907
769.743 44.15382656465396
770.754 45.108550755203154
771.755 47.2874560077654
772.772 33.33579061713187
773.823 40.47673184654823
774.832 35.665406405234855
775.843 53.83678968415455
776.852 33.89020786464529
777.853 47.22006452061061
778.862 38.02218806572216
779.863 66.23073984698094
780.873 51.309088983273035
781.874 49.26422315785272
782.882 33.51486870196078
783.884 44.72239643718808
784.885 44.56265829217717
785.897 34.9795537242564
787.056 111.29491771127846
788.057 35.5683602881623
789.058 35.363944424494186
790.066 30.44944636741198
791.076 30.186556097827562
792.077 39.75335670304487
793.086 64.08325901905103
794.088 44.91197908118876
795.096 36.53933564100656
796.098 43.87211081502119
797.099 63.9821653460707
798.106 41.863073789467485
799.116 44.57075396995175
800.126 23.095754329931683
801.136 23.703537338555055
803.676 3.098524557709913
804.685 102.56170655234922
805.686 23.50782432837776
806.696 18.841273269194158
807.726 16.703696292994174
808.736 15.802358225703369
809.738 22.054880434739268
810.746 11.963723995752028
811.755 16.223609878231535
812.762 16.88219006550635
813.765 25.501031853005532
814.776 23.56069702884111
815.785 18.8599464834472
816.795 20.056839286440898
817.801 21.560387312491475
818.806 14.705501254764414
819.816 23.703537338555055
820.826 25.754980681740943
821.836 53.890093436382614
822.847 44.84446216314877
823.856 53.13232235119472
824.866 41.132870255583875
825.875 28.18852216340369
826.876 19.41950705389354
827.886 36.466980520767635
829.79 6.695481548269569
830.806 112.12181034172806
831.815 42.78977105375411
832.816 30.717518048393902
833.818 45.53924386061385
834.825 37.99161917111798
835.835 28.363207071770486
836.855 21.46506854507432
837.877 11.011854576719163
838.886 17.440380619100303
839.893 69.1205724831957
840.902 14.601248890406513
841.984 6.429842427013024
843.152 20.153859949939797
844.153 45.99356933822795
845.163 37.008564941633075
846.168 29.5223288960111
847.172 28.77316252398553
848.182 53.07971609142681
849.183 37.90629201625348
850.192 41.97859055999117
851.213 24.45021950035149
852.222 20.903018407326247
853.223 42.31408379107997
854.224 32.90288501250586
855.235 36.43091031253518
856.242 29.95583631965469
857.252 33.83325414994172
858.262 28.521076635008104
859.273 38.859637666853764
860.282 34.84414545194876
861.292 44.45598013183743
862.293 46.031972026003174
863.412 38.41515864385936
864.603 38.10187526288316
864.63 30.314115494632194
