0.0 56.995866499292596
1.549 9.234133875915834
2.611 5.506502130700931
3.649 8.913155231875038
4.65 11.344315496717565
5.849 17.320593732229064
6.929 19.79293099824503
7.96 25.025703498005335
9.039 32.7553880378683
10.04 40.015570608762246
11.041 45.10724348515875
12.174 35.45209101900021
13.319 35.76482625679134
14.41 43.33849006805164
15.519 52.14653448475164
16.52 45.947802661939825
17.659 47.38024715667266
18.66 61.31091589477664
19.669 46.14358471948478
20.679 35.94918460789295
21.68 35.05774784387981
22.7 37.22774555271098
23.701 42.67573480850536
24.879 40.68811059029496
25.881 43.09999412131143
26.898 35.25891823742508
27.899 25.60673424074087
28.9 49.425587277095616
29.901 59.19737749157593
30.909 56.90516128960678
31.911 45.93096463521829
32.919 57.65433909189268
33.921 54.759539066696696
34.922 58.79607118692646
35.928 39.54011806535053
36.93 32.01299335164406
37.939 32.621756669216985
38.94 22.380665924149884
39.958 27.197251895007874
40.96 36.554624020327985
41.968 39.60261317394062
42.969 53.00806049364354
44.029 48.967714618424374
45.03 55.19505173822458
46.031 59.19493719783932
47.409 72.0171700113489
48.419 49.13184622109318
49.549 34.73805575942419
50.55 46.60704801421299
51.551 53.83129358483362
52.559 50.15892604797711
53.569 45.550701394149144
54.57 45.78186268800309
55.708 41.89471311627377
56.798 39.96357690459728
57.799 49.54967621351058
58.8 48.848701838433
59.848 56.85486758481462
60.859 47.980394397897236
62.018 48.52093859662916
63.019 49.24829993734471
64.02 53.23146938495528
65.028 33.58710821424097
66.03 33.42498773434457
67.048 42.4116696166101
68.049 56.58455499041463
69.05 32.451636150341514
70.058 45.60521423068077
71.078 36.558987241619555
72.079 47.8896664008617
73.538 58.424038917247266
74.539 52.94827329709662
75.54 54.96371189211619
76.548 61.75403680189049
77.549 62.01933316578141
78.638 45.68877164441979
79.639 50.88329673934602
80.649 41.19175135599706
81.65 31.698317474644206
82.798 33.27459098862978
83.799 52.57856879645837
84.808 22.428123470003655
85.938 29.905225379343033
86.948 40.19917903425778
87.949 30.643622522781037
89.308 42.411664827172025
90.318 34.57460254384205
91.398 12.372108582716383
92.399 31.547141277844485
93.403 30.443059423143943
94.407 25.794687414199228
95.408 24.202833255413225
96.418 26.83947966780863
97.428 33.633666233365254
98.438 28.25892580745401
99.439 30.441078142795163
100.44 31.362411042166393
101.447 28.417220049684794
102.449 35.85114432562863
103.458 30.475588467312893
104.468 35.22645195228411
105.469 36.151365480811364
106.47 36.45981860875232
107.478 38.4109020825318
108.485 48.78093764399574
109.488 44.17411449324386
110.658 49.35335322686621
111.668 41.52260879662772
112.827 36.355006097997254
114.068 33.0833976208493
115.069 39.726029757279996
116.217 39.97668289143147
117.228 53.73180462144423
118.232 54.376865242406915
119.233 54.431971887428176
120.248 44.60492500817963
121.417 26.007594862918126
122.418 38.55761711738245
123.419 39.782400542504064
124.427 23.91419649887845
125.428 49.56871050468666
126.438 56.611086661173694
127.439 58.02054583831762
128.448 48.992069216221445
129.45 49.097123740544994
130.477 50.36360993228631
131.478 53.926953099278165
132.487 52.40172888405513
133.497 42.10729290687912
134.498 53.75674261130236
135.499 55.34134734755109
136.501 71.70228865140993
138.208 24.77021026912461
139.217 101.12979399154109
140.218 36.554624020327985
141.227 34.94005409736299
142.228 37.49401509328906
143.229 52.077820522194756
144.232 50.47070863797054
145.237 61.90945329488799
146.238 56.28891340459086
147.239 59.45055796644377
148.247 50.55587032751132
149.248 36.824032448635876
150.25 61.19706961633757
151.327 60.51468045761699
152.328 54.080813619096546
153.531 1.6634145599778214
154.546 101.0242764604176
155.552 37.037286952761235
156.558 39.700619774261455
157.559 45.91876316653524
158.567 43.26256444411412
159.568 32.583900070835185
160.576 32.65411952304504
161.586 31.100599417449207
162.587 26.58675620435541
163.589 51.11932903630089
164.597 50.153352349227205
165.647 41.507983488159134
166.787 38.61555375771346
167.797 45.99897936653373
168.857 40.85265259716579
169.927 42.47492132664568
171.017 41.76391670397235
172.076 38.4789428769033
173.077 40.28778537495884
174.107 40.85425229940612
175.116 40.06459052317815
176.117 47.235179621344386
177.206 43.37131465540453
178.232 51.5458544453732
179.237 42.402338381783764
180.238 49.63911297889623
181.239 58.67552067655171
182.241 55.79038745371574
183.447 56.55830615100431
184.648 2.6432782203663656
188.166 28.17674259297881
189.167 30.37872863794694
190.168 38.18644844044117
191.178 40.076090014376014
192.179 42.43902631620696
193.186 39.642516823132226
194.196 30.68992987495155
195.197 39.559113665909685
196.207 29.275162632032192
197.209 36.518142359679025
198.216 28.26075893277791
199.217 34.55163092327352
200.231 17.825092731157945
201.236 33.11705029305293
202.237 37.47815318400109
203.256 45.35778334194713
204.396 36.87767706192191
205.456 32.32439981067324
206.576 31.775716728570792
207.597 39.507813600651964
208.599 57.3613433494618
209.617 53.10390998180349
210.618 52.081236933364934
211.619 47.42723073823231
212.726 34.78634198997258
213.816 39.26482051018511
214.826 36.559747187473285
215.836 26.534379769264202
216.846 26.121170750700195
217.855 28.813125179934588
218.866 22.3045053462979
219.867 36.88845620322128
220.876 15.504461382403361
221.877 40.39369412291393
222.886 35.244609043625054
223.887 38.69354147832836
224.888 37.0553722945916
225.896 30.764878006959588
226.906 32.832884810928086
228.006 29.13859698531274
229.015 23.34856695617495
230.016 20.778735102310158
231.017 27.207322900994924
232.036 24.098685877469965
233.045 24.838901017158665
234.048 22.821906309724152
235.055 21.946643204959837
236.056 33.71705046626927
237.057 35.617551226386155
238.076 35.41700649839901
239.285 29.333286344721273
240.286 39.726029757279996
241.295 38.068763037998444
242.306 35.11375801591288
243.316 50.4557596931973
244.526 35.48505215045247
245.539 35.44532466559013
246.746 27.5222458400838
247.756 35.5762444226776
248.775 27.382592987169044
249.785 7.899100467161432
250.786 17.860021781661867
251.795 24.818686122092725
252.796 20.848527503238245
253.826 23.89740929018495
254.867 19.099786641293324
255.875 28.767191701489416
256.965 21.868296254810094
257.975 29.11545477381797
258.976 27.04040680962461
259.985 29.82740612340707
260.986 33.38321828337597
261.995 27.488383792291724
262.996 24.0462884124235
264.005 31.46260795506765
265.006 25.154303782492644
266.015 24.5770757593902
267.016 35.052379197537135
268.036 24.00297511263347
269.045 31.95938597539555
270.046 20.64293275608161
271.055 34.44327607703508
272.056 26.36566559206291
273.065 29.972273893931256
274.075 25.00053628366542
275.085 31.431456858079862
276.095 22.459971967098397
277.105 18.69344539448679
278.125 13.595970218839723
279.145 11.883661562011696
280.16 16.13215244917035
281.165 14.131398645009725
282.185 14.08739082915721
283.195 8.452464373673463
284.205 12.738011463516736
285.234 14.938422440026386
286.265 7.3460901942011905
287.275 3.970289287338814
288.285 8.933150896493247
289.295 6.451720091916031
290.305 9.098579616808573
291.314 5.734977838154166
292.315 5.8420631995946115
293.334 9.510122115303213
294.335 9.95383612698707
295.414 6.658544321475009
296.444 4.055412803603196
297.454 3.6394318467234292
298.494 3.534448235762602
299.504 3.5262437749375715
300.525 6.054917999822734
301.537 6.820345127715711
302.554 6.571603048515803
303.594 2.89182128379605
304.875 1.684742789733134
305.905 1.6221651214351718
306.927 1.634863087168101
307.965 1.6096628854455846
309.005 7.100722477360121
310.035 8.338260746314676
311.045 9.21745127765822
312.064 5.905351463236535
313.065 9.215525257708844
314.066 8.136183339090653
315.075 9.147179498833598
316.085 8.74051350508759
317.086 8.388387696524918
318.105 8.448527645972211
319.115 13.21978633318502
320.215 8.21358213546262
321.235 9.341000539577232
322.245 9.256510836625589
323.256 10.772312093672506
324.275 14.82912152434932
325.283 11.784980011011914
326.325 7.688863198107514
327.365 4.980358877652994
328.367 20.390490701389897
329.386 6.724829998500965
330.506 2.6208137005576644
331.507 4.673650559681796
332.526 1.967611472133279
333.887 1.9636099656294093
334.896 5.464558223774906
335.897 3.8551760412322986
336.916 6.307479660665524
337.917 9.107420245283935
338.936 7.764610061898647
339.947 6.668228988037504
340.967 6.971620448127949
341.987 5.01203520616645
343.016 4.499592043921542
344.027 3.305301830033414
345.176 2.9727371551097885
346.247 6.29700305528846
347.257 6.927327662786333
348.597 5.180874808950967
349.677 7.016414226539366
350.696 7.657695500909958
351.746 7.748817619172578
352.747 8.178888479435509
353.756 4.476086168673184
354.796 6.778704366571086
355.806 6.782577532531415
356.807 3.6213959015094312
357.876 4.0637588355673495
358.926 2.3869001072672598
359.946 1.9115591186942078
360.956 5.459147770085144
361.968 3.0367625301414836
362.976 4.475437701124203
363.996 2.914995939958988
365.016 5.733240453729434
366.036 2.6722791814126476
367.256 5.998013271062088
368.276 7.892066521811061
369.476 6.241389002455706
370.526 3.978166845435255
371.596 2.498437495457461
372.826 16.099603206491736
373.836 15.145676537553207
374.846 14.298096200844336
375.847 17.747768269930525
377.015 16.31821620388845
378.016 20.32923299651533
379.025 19.173404315312435
380.176 20.883678121626826
381.186 23.1164869689843
382.345 16.384970442613675
383.346 23.034420615515675
384.356 19.775504012471597
385.365 26.82601309847029
386.366 19.889004006950152
387.566 20.16405693619573
388.576 26.137737808294773
389.578 22.096503947653712
390.586 23.87232782069488
391.596 26.663893043609605
392.597 24.973233987419462
393.605 17.866491101972912
394.625 13.759777088935373
395.635 9.340491998474551
396.725 9.810378422527833
397.726 9.0187155680498
398.735 20.419101831779813
399.745 22.49830596151028
400.746 19.193154248627852
401.755 18.16580679061301
402.765 16.480957187845984
403.776 17.187569516265356
404.785 14.018727117914057
406.148 16.070392058487634
407.155 18.583214340577076
408.185 6.389053855502032
409.205 9.828412206380229
410.215 9.467166414675733
411.225 12.539811410473204
412.235 8.10600729496242
413.245 13.513035343959277
414.246 21.154174293443177
415.256 27.9165802612088
416.32 16.22673318539832
417.335 15.967538648667054
418.345 9.36486181132906
419.355 11.249152980770406
420.357 14.75440607153601
421.365 26.552979319279128
422.375 18.39221517351056
423.385 22.66373468190194
424.387 12.172714119877742
425.418 8.78626078474218
426.567 10.650447919563288
427.597 8.1327627817306
428.697 5.925739651594845
429.767 13.30787800826904
430.777 12.85119953531786
431.787 12.122249004606806
432.807 8.569446247097952
433.817 5.955433931000588
434.887 2.475753210975093
435.917 6.529333193130503
436.936 6.230769661747749
437.937 7.623843669608678
438.952 5.995768887113586
439.967 9.500550724378625
441.037 7.1830077994306585
442.176 3.3696432876575217
443.707 2.837464529861977
444.727 5.555783011110545
445.737 11.92525822582242
446.956 11.980919067042285
447.966 11.295405504447421
448.987 5.994746833517
450.017 6.869655846533688
451.026 8.730292680589049
452.076 6.744737613045958
453.146 5.777636708246333
454.156 8.223548754127005
455.166 6.64689695929643
456.176 7.1134349731315325
457.286 2.4208374481067647
458.327 4.819702139665173
459.387 6.605751972625696
460.427 12.486011495791221
461.428 18.453013159047167
462.556 18.882897077180285
463.597 21.358670322192708
464.607 20.02933068193967
465.728 19.12577939301773
466.736 19.187942357413213
467.737 20.52421246585665
468.738 23.322863334999653
469.739 31.804958310903487
470.827 28.235356073840485
471.828 37.98073167856717
472.836 35.7996242533933
474.897 12.466891937212923
476.046 9.302692273795847
477.047 4.172902285433446
478.057 9.760294498024075
479.217 9.014089011159838
480.218 15.938412480631708
481.227 14.297498994343737
482.237 16.8260840649483
483.247 17.291412804508987
484.457 12.959208715134206
485.466 25.775201696309193
486.526 16.13759973002213
487.527 16.78299814201712
488.547 15.561652660155465
489.557 8.016840036376266
490.566 15.413191736425228
491.567 22.073798987076646
492.627 19.705489313739392
493.636 12.419450508564067
494.637 10.635532181621771
495.646 17.345711496319332
496.666 5.405626713507599
497.697 6.295548712165455
498.916 11.567618088168034
499.936 17.380651317906278
500.945 7.459417330804723
501.955 16.94350459654957
502.965 24.101199008039135
503.966 24.11303044602815
505.025 28.94132361788051
506.036 34.508334313769076
507.085 32.34235740087271
508.096 39.26966767433931
509.276 27.05038119998471
510.277 28.496286051419887
511.285 26.37558440472772
512.286 22.25913929618889
513.295 18.954671887763627
514.385 19.87657160585621
515.546 21.04201809916681
516.575 22.190422616701078
517.576 16.357776958871018
518.596 15.424189000132916
519.615 19.348179475939073
520.625 8.900379563749773
521.645 18.182562581777468
522.655 11.69573796914639
523.656 16.357776958871018
524.665 17.239553035450783
525.676 15.039123326682569
526.696 12.613128998189486
527.705 9.66659335977011
528.715 19.189731555509102
529.716 16.74566164796914
530.725 24.838901017158665
531.726 17.002258534007165
532.855 8.139561924692353
533.856 10.682629850692525
534.865 10.836757376011834
535.875 15.881157149355255
537.085 11.737236064654377
538.096 20.823401529271578
539.105 12.359168965153357
540.115 8.933150896493247
541.125 14.226869946278333
542.365 1.751676691622445
543.385 4.422785492872629
544.415 5.515361412900957
545.455 4.096511940446302
546.725 3.6401545547304774
547.726 4.673650559681796
548.755 3.433002735133889
549.785 4.704278852183371
550.845 3.5274462042590273
551.855 4.632004168554316
552.865 5.459147770085144
553.875 4.270552088877189
555.135 4.498895702495516
556.146 5.4537480195704005
557.175 4.209383846724194
558.285 4.971811765365616
559.305 3.3574421278581945
560.315 6.61714881221609
561.345 4.113398091944198
562.355 4.797432888854375
563.575 3.2454324473947835
564.618 4.165060589863357
565.816 3.1752483847674373
566.845 4.221728080875363
567.895 1.750393411987848
569.215 1.7098212917288387
570.626 3.078779727302038
572.004 2.379449844451184
573.033 5.033598865665546
574.176 2.4690206670497523
575.213 4.833645347404367
576.303 3.1191920704046057
577.332 5.520721336530495
578.443 3.1167395330743655
579.472 6.170217964365694
580.513 3.5599152677504073
581.553 4.659045401677351
582.592 3.654814420664224
583.602 4.632004168554316
584.622 3.8865814253820146
585.633 4.1188216591157145
586.653 5.569433583618517
587.663 4.238143538411459
588.763 3.4944420602757793
589.782 6.558704907110929
590.812 4.201621107310212
591.972 4.26204442738558
593.163 4.348927987211413
594.182 5.650890013713193
595.192 5.52880196809899
596.212 4.230120833517093
597.343 3.214322649894413
598.372 6.819714592185627
599.402 4.194387768695608
600.442 4.659045401677351
601.452 5.160094242805917
602.532 4.098477958577608
603.542 5.624576490385203
604.572 4.330991147335227
605.743 4.280521114657487
606.772 5.649504933244852
607.792 5.569433583618517
608.812 3.6409908620834943
610.003 4.489215986790013
611.012 5.2832294044525625
612.123 5.113251354894251
613.142 4.313379267038513
614.282 4.349137944246889
615.992 2.93128083348343
617.003 2.4486536108598536
618.004 2.002993097008665
619.081 2.171923960183793
620.082 1.8360770055925484
621.14 1.7371579230595569
622.26 1.7901750804466279
623.336 1.7080976604004972
624.436 1.670830075085555
625.459 1.7965914785890806
626.488 8.53876789277773
627.699 11.877617712548773
628.709 14.60174497035412
629.759 19.28771156361662
630.859 22.727974629148648
631.949 25.35266585709191
632.95 34.72330558755236
634.089 34.163855072632735
635.099 35.82378286605918
636.1 30.449863200308023
637.219 30.619419999222924
638.22 43.42258670586172
639.229 25.628492397914066
640.239 37.91365066157066
641.241 47.094424964391436
642.389 41.71319442470108
643.4 54.75710880404738
644.409 59.51422472218139
645.599 43.77728340008089
646.601 52.514511085872385
647.678 47.032382828460605
648.68 60.05993060707349
649.681 53.41449141504828
650.682 51.190773749700746
651.689 49.29155880874581
652.709 48.31668036254109
653.71 47.7983994151736
654.711 53.608372752238665
655.728 43.785587117311564
656.734 39.24412474720067
657.768 31.921974289566737
658.769 30.044896455053635
659.77 31.06798960321093
660.778 32.206284951161074
661.779 29.097452412731226
662.789 31.286343945455595
663.799 25.282418116189962
664.8 10.431401610768168
665.801 33.41896858670889
666.808 44.1967482041548
667.809 44.53292035479743
668.818 41.898456753193585
669.828 38.4522408080413
670.839 23.417870173354554
672.079 8.48889473632768
673.117 8.692179581363408
674.118 18.5276861472958
675.14 23.126381246370524
676.163 73.60377881392208
677.178 20.905952663613267
678.183 22.671002360059294
679.213 31.44213721536782
680.214 20.864511427090896
681.228 19.207292414404908
682.233 33.422556425441726
683.235 29.632411559496166
684.243 35.776117785064386
685.253 26.928482254167285
686.263 25.608519597332158
687.423 25.27039938950824
688.432 26.99160577196382
689.433 17.76655853167188
690.434 39.37340731264534
691.443 41.18863552721846
692.444 38.86179973128435
693.453 32.81446393240357
694.463 39.372035432757485
695.474 22.571973849744104
696.502 20.336295947912443
697.503 11.183378124940873
698.542 10.61355004386025
699.562 8.845570985745258
700.572 3.7703962503019426
701.582 20.84401875850969
702.591 15.400118630623107
703.593 10.505219034965492
704.602 11.655642197564717
705.603 25.705078078204075
706.622 16.680948841918134
707.682 20.08330652492175
708.703 14.237239621202331
709.713 9.925723218324135
710.722 18.691394062632924
711.723 22.700588432775046
712.732 11.344671745735212
714.502 1.98234076705661
715.512 7.286077631684608
716.523 16.85703933313988
717.532 13.241361512007108
718.542 14.392298666578391
719.553 12.430036936942427
720.582 13.314680870461288
721.772 9.94593029302289
722.773 16.190860867500703
723.972 9.547341399720668
724.988 10.6893656378511
725.989 9.347301119363593
727.032 5.027629086967011
728.052 19.00159693240839
729.062 8.599391197640646
730.072 16.249502092324786
731.092 3.9022676095748157
732.102 14.83731159838695
733.103 16.654638691715764
734.112 16.997821625353573
735.122 20.527793536536848
736.132 21.492673477558473
737.133 19.430716843642465
738.152 21.685676974154042
739.163 17.387385642951138
740.171 16.57981487960265
741.192 19.59032018016838
742.212 22.604887927116128
743.282 22.172947893492566
744.423 26.771487188578817
745.692 25.73388537082339
746.802 27.82373087531816
747.803 33.53878700893212
748.812 29.155083734362048
749.822 22.58972709638723
750.922 23.694520070657724
752.083 27.20797532746768
753.084 25.712765003566
754.591 11.717180801264796
755.592 27.10104810888774
756.762 33.06282262907793
757.763 31.485157816995688
758.764 33.361499669181214
759.772 33.151390378703454
760.782 28.67455337453631
761.783 37.72303666022553
762.792 22.30840771421224
763.802 34.0783163829724
764.803 29.985475302658813
765.812 35.10564677085652
766.961 26.308819491102128
767.963 32.38172173484873
768.971 27.52110654557443
769.972 37.0553722945916
770.973 35.47979664513779
771.974 31.67501266958173
772.982 30.011061552296116
773.992 34.57460254384205
775.111 12.442335366884025
776.122 21.649726986779932
777.123 22.64800010272059
778.131 20.05852985688293
779.151 14.578811439474693
780.162 17.165944917254517
781.171 38.50695417670085
782.172 27.8788917366685
783.181 28.51019572568803
784.183 21.82102595841261
785.201 27.409491408641017
786.202 22.75256668924268
787.211 31.628200628408496
788.213 23.594834071608847
789.223 33.58203022195009
790.231 25.030390242167098
791.401 29.781312194587958
792.412 39.99415214352645
793.413 36.673832369269725
794.421 34.23886745709529
795.422 36.96922992581144
796.551 28.107668517686054
797.552 36.22079183758735
798.561 29.110701174163253
799.562 26.961951366053697
800.563 36.81366120025528
801.571 26.467677496041322
802.572 33.21630219200566
803.581 21.006664468359258
804.701 32.227513473062956
805.702 47.07033777955859
806.703 45.65008682637887
807.704 32.58975677574198
808.705 58.231997290381045
809.722 48.49955939193068
810.723 39.23211430550942
811.724 54.193189145545254
812.725 54.94540968924429
813.731 66.76915719078298
814.732 54.71882841589175
815.733 52.257182111682845
816.741 35.631201619551646
817.751 49.83963445205543
818.761 45.78723544165035
819.771 39.86832159362713
820.772 37.525982941299695
821.781 39.15165196830208
822.782 47.93627601113933
823.783 49.25354656897002
824.851 42.89251115052216
825.853 57.190845968633916
826.862 46.86006354560298
827.871 51.320776710234476
828.881 37.48701869876065
829.882 34.87850826910908
830.891 54.06249750958716
833.23 15.143018925983807
834.231 95.67281398033415
835.251 30.339714561496336
836.38 36.596075373280655
837.49 43.596530513412155
838.591 46.33240791541502
839.592 61.75895382426844
840.602 30.049021229321095
841.611 31.264574611705523
842.613 38.51913646152487
843.62 32.04347933307184
844.622 30.912774744472404
845.631 37.622340684396036
846.632 38.27869154356285
847.633 34.864110535971484
848.642 42.2261317290934
849.651 35.52568081821797
850.66 32.05041352688965
851.661 37.22228838596191
852.671 30.497534338367185
853.681 35.070888704711685
854.8 28.215651835834503
855.801 38.55761711738245
856.81 34.4101091235617
857.811 35.150479005718275
858.812 32.82805145890811
859.92 27.953541489325715
861.071 30.57099675221148
862.073 41.24307744568511
863.08 50.6468274297927
864.081 42.13874817219203
865.221 41.993169238586695
866.28 44.58554728249227
867.44 39.247470800455325
868.441 40.69873083968471
869.59 37.3069690210204
870.601 45.01772400620351
871.611 56.9336001093857
872.612 47.86172503760806
873.621 32.22302694225231
874.67 23.435459860328663
875.68 33.019838613346295
876.681 38.72453320875276
877.682 36.999611582801684
878.691 33.67293121325681
879.701 45.737655196567346
880.88 34.499422608588425
881.881 42.89060267173897
882.882 46.28078074196424
883.89 48.78694800236904
884.891 51.10670563065777
885.893 59.515922524925614
886.901 52.50957288041028
887.91 35.16072328139478
888.911 37.46473156844975
889.921 36.76072857141972
890.96 33.61709847760676
892.05 39.058756846033546
893.052 45.69192507786739
894.151 39.62252399915415
895.16 49.197486443484095
896.161 52.63908808100414
897.35 34.05354080424029
898.351 46.976142441569756
899.52 41.80711079254032
900.639 39.266676628353736
901.7 43.69267657452112
902.73 41.213547644248436
903.731 42.26674157864664
904.74 52.14014572092338
905.75 45.0709822907214
906.77 32.693240900557264
907.772 28.50051394555166
908.774 29.24783941086854
909.98 36.113979411934295
911.17 44.903917493489686
912.18 42.51518111851967
913.19 30.177802221012282
914.2 48.25113176924095
915.201 47.73800214534519
916.202 41.952675775080934
917.209 45.12629704172009
918.23 33.52383297976068
919.32 43.56926807876877
920.329 38.12409893544027
921.33 25.31841353612693
922.419 28.75360393345955
923.42 44.23276422549988
924.421 34.65717362738185
925.43 34.43504486228775
926.44 45.76135697216875
927.45 32.92998953491463
928.451 45.73500904829073
929.459 26.43023678106666
930.46 31.284687686747002
931.659 26.99964718780389
932.66 33.04938610063533
933.669 31.208650770167786
934.681 37.731792540349126
935.689 40.84345805193417
936.76 48.991642442648
937.761 54.41464580198985
940.049 13.810468718551041
941.051 91.78768138508399
942.149 32.68346983360671
943.15 39.892945848650314
944.16 27.995424943760092
945.368 30.010847893068213
946.4 21.359010704965826
947.409 38.08631489297662
948.41 27.584592312277728
949.411 55.583058441887395
950.412 43.58047371043712
951.419 33.359935894062296
952.479 37.460248104338994
953.48 51.57707224793114
954.481 35.93930395531378
955.501 36.604093731543564
956.509 46.57770348209133
957.519 25.231870451638567
958.529 32.92031534084146
959.539 28.409916703793854
960.541 37.389204477484896
961.549 34.760856454717256
962.55 35.38621138043043
963.559 28.907299960484526
964.56 35.240525844538084
965.569 46.90921738581272
966.57 30.619829658849103
967.579 33.49644428492819
968.58 38.223784934489146
969.589 30.528244032247432
970.59 35.390115850470075
971.599 41.33122921831625
972.6 40.06096007232424
973.601 34.79907670795193
974.609 28.15990088062964
975.698 31.796067499801016
976.849 35.55239146138174
977.852 44.35536925870248
978.859 38.21326271262662
979.86 40.41407057567568
980.869 33.555362365257544
981.989 41.93759933531655
983.003 50.915827731900706
984.009 49.05641879123393
985.02 43.60666824817534
986.029 36.67986659407051
987.03 38.9259794565877
988.249 40.14379883584963
989.459 42.82163220623138
990.46 52.73023305197488
991.461 49.74099524224699
992.469 37.645487853572185
993.47 36.35805836011893
994.471 41.72902285433446
995.479 36.22455819361301
996.481 45.30808428686114
997.489 58.34644706641427
998.499 50.31959541027393
999.5 53.26685364413611
1000.501 46.29481243094975
1001.509 33.00683771522005
1002.609 25.403989756716225
1003.619 34.355240191064986
1004.62 37.113085241401336
1005.63 51.9446181759589
1006.639 48.0081969576752
1007.668 44.072120685039124
1008.669 45.90192513966104
1009.67 41.72902285433446
1010.689 31.087269841367952
1011.698 42.599536636671345
1012.699 36.35439791951402
1013.7 57.41913544757155
1014.701 45.20863768979272
1015.709 46.4119465301543
1016.71 28.375735540892475
1017.718 36.17572774650321
1018.858 31.768827407471736
1019.859 50.07482742514029
1020.86 50.346432117750055
1021.861 48.81282952053539
1023.048 38.92497702419113
1024.049 41.54819708854334
1025.058 36.75697370891569
1026.068 32.55184947032388
1027.078 35.73478027970052
1028.178 27.916341704414315
1029.179 41.314905007567795
1030.18 32.337552418307716
1031.181 31.171458057429415
1032.188 30.57213839495161
1033.198 31.82459192366723
1034.199 37.63482004170818
1035.2 29.83149276797039
1036.207 29.02741840601858
1037.218 28.22288022414173
1038.22 31.889258891050847
1039.228 32.71058351399203
1040.239 32.402589022189154
1041.248 25.92203204194634
1042.259 29.837476677182988
1043.268 23.97559184525064
1044.319 22.524169243140395
1045.32 28.375735540892475
1046.328 26.66360512129781
1047.329 37.72303666022553
1048.338 32.634248075620064
1049.339 26.744643208930807
1050.34 40.89444239717755
1051.347 31.596291628914006
1052.348 33.29085316553692
1053.358 38.91427826013891
1054.359 32.88430022941481
1055.367 40.27893931016363
1056.368 32.88247000911235
1058.907 5.139650934963423
1060.339 67.38704859290146
1061.348 24.507715670171613
1062.358 28.653149219905146
1063.359 32.529359505913575
1064.368 32.33487462532779
1065.369 29.092937869410104
1066.378 35.76801746467795
1067.388 29.535435728202657
1068.398 27.596969071401944
1069.399 28.876483815156092
1070.408 24.637807987748143
1071.417 20.74956089500941
1072.418 29.377232089419707
1073.419 29.863094571828942
1074.427 29.94396912605231
1075.447 28.0426585559413
1076.448 25.705078078204075
1077.747 1.672116318413013
1078.775 13.991371612203455
1079.777 34.016899732295386
1080.968 31.34113899547693
1081.97 37.685388919114544
1082.978 33.50326039942581
1084.077 29.942940361135587
1085.197 32.462844724588344
1086.297 30.794326522757384
1087.387 28.656071447813652
1088.537 27.268664776835273
1089.708 27.0045185495287
1090.717 33.4786503353133
1091.718 28.80046866532179
1092.74 33.15067333351877
1093.747 43.182487030034146
1094.751 35.66294360657258
1095.757 33.92947852095432
1096.758 41.39519067144116
1097.517 29.117293061860238
