0.0 23.06340823089854
1.009 25.48492190989762
2.01 39.34346109974376
3.019 31.46676418929063
4.02 27.045268681886945
5.029 32.90013253666157
6.03 34.13010650439017
7.049 27.456001746414348
8.05 32.924176662314764
9.051 33.0123294285032
10.059 31.198592384845597
11.061 32.43954583274227
12.068 34.076592435341915
13.069 19.596359934759402
14.079 30.539221027712074
15.08 37.83604879708057
16.089 30.569487847409256
17.099 20.97774956646737
18.109 31.37357823208856
19.11 28.55268098455014
20.119 32.66313264508651
21.126 30.418143211578872
22.129 32.25676266493241
23.13 30.964540668838822
24.14 35.319956758334435
25.149 36.19014579027258
26.159 33.82597684256665
27.169 27.70065918769814
28.17 34.06751804035364
29.179 27.728112764601057
30.189 27.999455170879276
31.19 31.203434665252214
32.209 29.08454029692852
33.21 33.678213386533876
34.219 31.46676418929063
35.23 34.924551266492024
36.249 32.93490552007318
37.259 32.63079290984212
38.26 33.97936527416521
39.268 34.13032688636114
40.269 29.306387135812802
41.274 32.7931351630721
42.289 35.38156573038395
43.3 32.00151627393542
44.309 35.65405378478302
45.31 28.55268098455014
46.319 32.0028561947802
47.321 35.903134000871894
48.339 35.33884112861022
49.34 32.019729280689276
50.348 32.03460506000684
51.349 25.085632688411007
52.359 29.64283307816868
53.36 33.16307065872815
54.369 29.821757562416188
55.378 26.83083642271968
56.379 26.530456527037675
57.389 18.437983709634565
58.399 22.559096728865615
59.408 21.596724428319735
60.409 28.339351290288658
61.41 24.784150227823215
62.418 32.03460506000684
63.429 34.83727043667531
64.439 36.664538682580584
65.459 35.565415894012396
66.469 36.515140690921086
67.478 37.784866462329674
68.479 32.37189958177681
69.48 34.43158896497796
70.488 34.192480708307365
71.489 34.43158896497796
72.498 34.72910455105349
73.499 30.964540668838822
74.508 30.868579961323757
75.509 33.313811889090985
76.519 32.18259893513937
77.528 36.25223801274989
78.529 36.541966188678856
79.53 35.18529511624062
80.539 34.24604704948364
81.548 31.46676418929063
82.549 32.17047051091423
83.558 32.601040422609195
84.559 30.663058208251037
85.568 29.672320822790386
86.569 29.3945399021391
87.578 28.326296992567936
88.588 23.069321448597414
89.598 25.696454552060683
90.599 26.743786221299153
91.6 28.7915749811014
92.608 28.80348172621406
93.618 34.27417081726941
94.619 33.82862404394026
95.628 33.94695493556914
96.638 31.136812994074337
97.648 27.103067221335877
98.658 30.9253842573858
99.668 20.380157600105107
100.669 29.84676359295185
101.678 28.475843049594125
102.688 31.435608977255473
103.689 30.298987283764593
104.698 27.12992853677206
105.708 24.7126993560247
106.709 29.84676359295185
107.718 30.569487847409256
108.769 25.90219402664066
109.778 28.563296884005123
110.779 26.29156253048641
111.788 28.71284294103131
112.798 25.609087305568096
113.808 28.148853162400897
114.818 30.477190282683036
115.828 17.690993751750675
116.838 16.732575057178238
117.848 17.330167023540504
118.858 12.760860029482604
119.868 23.754280661452267
120.878 20.081252407894468
121.889 34.77530104734965
122.898 28.176750935541747
123.9 28.524185294940533
124.908 31.435827395314483
125.928 26.83735087598676
126.938 27.999455170879276
127.948 27.78802643419073
128.958 28.447649145582034
129.959 29.90935205698838
130.967 30.687355314414575
131.968 25.53785637922375
132.978 27.937424425712354
133.988 26.65487324663312
134.998 26.65487324663312
136.008 28.83381237525575
137.028 26.54148426519922
138.067 27.07272160828884
139.078 27.760540750277922
140.079 22.070808083084618
141.087 22.454162425204935
142.097 18.437983709634565
143.098 21.555995928235344
144.107 22.6435468272273
145.108 23.214149461123494
146.109 23.728961615972768
147.123 25.743896517776435
148.128 23.784659252888265
149.138 27.638628442669102
150.148 24.563301364503072
151.149 25.32452668496227
152.158 23.540823169108677
153.177 25.790965658715567
154.188 21.402677799004206
155.199 22.23828264407839
156.207 11.740397372149781
157.228 16.404514041320258
158.237 14.659011737933444
159.238 9.405128820908338
160.247 14.805059641456346
161.258 13.283269498790085
162.377 9.630009855959154
163.537 21.964334834081754
164.547 16.881973048699866
165.557 12.462064046329047
166.567 14.19280920020756
167.587 16.272663592901118
168.597 14.55363592841773
169.617 14.793330538963414
170.627 11.204849368630631
171.717 10.855252136976112
172.727 11.503645351784188
173.737 13.744615225518586
174.739 12.95080793292609
175.747 8.594735543502042
176.757 9.412073469640355
177.767 9.860267444398264
178.787 11.686731125790747
179.807 10.35533137727439
180.808 6.695202595782158
181.817 6.729572564303353
182.827 4.48193974745501
183.837 5.378327696943255
184.844 29.135276226247353
185.854 22.85789271204675
186.855 25.085632688411007
187.864 26.768744200242374
188.874 22.023535507532394
189.884 24.35187262781453
190.894 21.575341532829633
191.904 28.08682241737186
192.914 23.21871944025692
193.915 23.276737925160024
194.934 22.952164457487754
195.944 21.127147558126875
196.954 21.66270877932222
198.074 20.26468462240847
199.084 25.54705656040118
200.085 22.97525546471011
201.094 23.478730946631366
202.113 17.386665081147658
203.134 16.2567256266193
204.143 15.55278992644941
205.154 12.74823801165657
206.164 10.009665435975043
207.186 8.268053232744213
208.204 6.966525206657894
209.224 5.32559899402407
210.273 4.7468399041220515
211.313 5.2231836287631275
212.344 3.573286487327437
213.346 5.87304080678533
214.353 4.645135170226234
215.393 5.078095194631967
216.397 6.612795563629284
217.403 7.199616930293813
218.433 8.350332403253946
219.453 5.917332215585365
220.474 8.041936839717991
221.493 8.440473381111303
222.523 5.859882388254671
223.543 6.65699874254043
224.573 5.420391209140396
225.583 6.424113638008277
226.593 4.693368484074616
227.603 6.125317654854721
228.643 5.658448931156607
229.653 6.274715646431498
230.683 7.031858865897332
231.703 5.769398910205382
232.723 6.213198826372906
233.743 5.917332215585365
234.753 7.531821115072833
235.773 7.988398491042999
236.793 9.763598155726882
237.803 7.768695562254432
238.823 9.319798239545571
239.833 7.980124298874037
240.853 7.248731964101724
241.863 6.722909621175622
242.873 6.872307612752399
243.893 6.213198826372906
244.913 5.473532299417841
246.013 6.3669834012519795
247.033 8.728065017998064
248.053 8.284265101830542
249.103 9.197224929373979
250.113 8.067491545407988
251.133 4.881799077856547
252.143 5.58975643356286
253.144 13.265228263518837
254.153 18.09507289520523
255.154 19.960430859245843
256.163 28.413750827116818
257.173 23.96570939814081
258.174 28.037868829700866
259.193 19.60784228668875
260.203 20.91571882143833
261.213 15.300625886439498
262.223 14.790401166569822
263.244 14.039899404726102
264.263 8.057720817819916
265.303 4.787918326369646
266.313 5.527725688520032
267.323 8.36628752857533
268.333 10.607257402295943
269.583 8.741498400251043
270.593 8.665083511742676
271.603 11.35424736020741
272.633 11.426770657095231
273.643 12.40003330128622
274.663 15.150619750223589
275.683 12.722264263519564
276.703 17.073752720273667
277.713 18.375952964605524
278.723 19.421738905670548
279.724 16.7948650236945
280.733 19.141895293974915
281.734 19.508207168570973
282.743 18.394165009119728
283.763 23.73075146278652
284.773 20.019330871894937
285.793 15.237130455075784
286.801 12.037378838148602
287.813 9.542575272573098
288.823 11.653043343374753
289.833 8.216889536998552
290.853 8.136331796436771
291.863 4.394900128092305
292.903 4.352653023962379
293.993 2.076495020605779
295.043 1.7244796742533126
296.074 3.9515841226290376
297.084 5.527725688520032
298.174 4.014557039844274
299.194 9.921258184823747
300.315 8.53599041644299
301.325 15.089197149750953
302.344 11.69819994927041
303.354 10.308461419142386
304.374 9.381220840031993
305.375 17.335241480695675
306.395 14.20159731738833
307.435 10.94187395654455
308.436 12.51152211218724
309.454 7.26297308780254
310.485 4.53700399265326
311.494 3.4395593106509827
312.514 3.2545327185802235
313.536 2.8052323468202367
314.604 2.1192692626118226
315.624 2.0710662754576354
316.714 1.384330013741782
317.784 1.8332669434234337
318.793 12.4246365419596
319.803 16.433779073997105
320.873 15.006832086275198
321.883 19.571136897192176
322.893 14.790401166569822
323.903 17.8403917432723
324.92 21.36523490224733
325.923 18.41622290641516
326.933 23.007290703568376
328.003 18.10918075158284
329.013 21.51331078780059
330.014 19.445618704534446
331.023 16.661704547834287
332.033 15.53739112445371
333.058 14.573956271433147
334.063 12.674205630139769
335.073 12.848227276030341
336.082 14.356421470515656
337.085 14.053444069504733
338.103 12.747258888792356
339.113 12.698829284439775
340.122 15.016697920959842
341.133 19.402528481338496
342.144 20.89503067221069
343.145 15.438193951256261
344.152 16.93226691086869
345.153 17.096347484282287
346.154 20.651548546609853
347.163 18.842803180060418
348.172 12.175322838248162
349.182 16.134983090815975
350.193 16.11902366144725
351.203 15.450023877961124
352.212 21.983270376783114
353.232 9.615664850333111
354.252 7.162221259194376
355.262 9.860267444398264
356.263 15.375605487219735
357.272 13.820329465026091
358.282 17.92775898976489
359.303 16.700090870997936
360.312 15.614882148926721
361.323 14.626521470575058
362.332 9.570947647015034
363.342 10.009665435975043
364.343 10.915957043266678
365.352 17.048250496297666
366.362 17.330167023540504
367.372 16.197013835845016
368.382 25.248260577357925
369.393 19.31524765152179
370.402 21.833724319756925
371.412 16.645207810547774
372.432 15.532997065863327
373.442 14.641003175048192
374.443 10.01150966166876
375.452 10.31867793193916
376.485 6.281079162048615
377.512 5.142374880633858
378.552 6.528979535943568
379.562 14.272465789470067
380.572 4.930133722199132
381.592 5.177665688644088
382.612 7.544598574875477
383.642 5.420391209140396
384.672 4.687905910598222
385.692 5.177665688644088
386.752 4.839931161238791
387.761 4.136894323440102
388.801 1.5599127845087697
389.802 3.3163070658728153
390.822 5.029732383250318
391.852 5.859882388254671
392.892 5.658448931156607
393.922 5.859882388254671
394.937 5.946481635368611
395.951 5.654728714899663
396.973 4.724601847286348
397.993 2.428355486717811
399.022 4.9857405548245035
400.031 5.832296222394401
401.041 5.975919663264155
402.051 5.677123680110598
403.061 5.8265216716873764
404.071 5.682365714891881
405.081 4.327299721083161
406.091 3.4361538063761996
407.111 2.428355486717811
408.121 3.5855517979667653
409.182 2.9865517450082755
410.294 1.7640248466412654
411.321 1.4692499658914486
412.372 1.579268969051371
413.422 1.4370663952202853
414.502 1.9560070379352752
415.552 2.4430128718703488
416.562 2.0915718821438327
417.572 1.792775898976489
418.642 2.820410682202625
419.702 2.2776146641107498
420.742 2.9017686826507774
421.753 2.0895030672210693
422.792 1.8879649946813521
423.812 3.2545327185802235
424.833 2.5737654926112383
425.862 3.6659857020776516
426.882 3.4024660239602063
427.922 3.0468571167819376
428.952 2.6369470747132233
429.973 2.9557682957426965
430.982 4.4863817095447605
432.002 4.585932467082794
433.022 4.290065856295254
434.052 4.113911583096203
435.062 4.469708332937775
436.082 3.9941992455214996
437.122 2.236567908606006
438.202 3.073725345315043
439.262 1.4235091650726657
440.272 2.6891638484647333
441.332 2.9893692466539763
442.362 3.0764382538274977
443.832 6.158855979489903
444.882 3.4489593485204124
445.895 2.532244339049059
446.932 2.6191470462422504
447.982 2.1555995928235343
448.983 1.8088947632096208
450.102 1.4044421514401855
451.112 7.4698995790870875
452.122 7.4698995790870875
453.132 10.906053385463288
454.142 12.40003330128622
455.143 8.504097358991778
456.152 12.262776672741891
457.154 15.059078991736044
458.172 11.857915245385993
459.182 9.922298189441092
460.192 20.91571882143833
461.202 20.380157600105107
462.212 19.72053488885168
463.213 20.04858362557215
464.232 17.534743561535446
465.234 18.07089479005568
466.242 15.031595438703558
467.253 13.581769936964523
468.255 17.468531630446904
469.261 19.861223946456956
470.262 24.570820533561733
471.272 19.78256563388072
472.281 22.28236249069761
473.282 18.0007948657699
474.294 19.234253283738568
475.302 20.508135015058194
476.311 13.969875522052277
477.333 12.254436041379144
478.351 5.039613979293528
479.372 3.6947103696749233
480.402 7.1783559256112826
481.431 4.460068219061659
482.451 6.509065437146659
483.471 5.029732383250318
484.481 3.7349497895435437
485.511 5.420391209140396
486.531 7.988398491042999
487.541 9.266170167931552
488.561 9.673627022625448
489.583 12.549723656839712
490.592 13.160053014650842
491.601 13.309599071635667
492.611 9.324706223106404
493.621 10.009665435975043
494.622 9.647438737099595
495.641 7.403924018520864
496.689 4.37920820364783
497.69 3.3163070658728153
498.7 16.134983090815975
499.71 15.089197149750953
500.73 11.156420504715875
502.034 1.385869648162817
503.04 28.202008228923116
504.049 10.169131874954335
505.06 8.121481219938987
506.07 15.836187107634842
507.079 18.69325712303423
508.08 12.724961997434205
509.089 14.805059641456346
510.402 11.26231013462276
511.43 18.55548585716706
512.44 18.824146939308285
513.52 14.448633441412566
514.53 17.92775898976489
515.54 15.985585099294347
516.56 18.25721916342383
517.569 24.226461231486553
518.579 20.52955559176461
519.58 26.078232836224927
520.589 21.596724428319735
521.59 20.802289776834808
522.599 16.512158490808098
523.6 27.88712759947591
524.609 25.933560080838305
525.632 27.13990494187814
526.639 23.28789139491165
527.709 25.724289593491324
528.71 29.84676359295185
529.719 28.625389106620315
530.72 25.173785454599432
531.74 25.6538844328366
532.749 27.728112764601057
533.75 28.339351290288658
534.76 17.690993751750675
535.769 12.56186878671154
536.779 22.85789271204675
537.789 19.48376965069959
538.799 13.595217233928022
539.829 12.159255955623617
540.859 4.895229234862573
541.87 19.402528481338496
542.909 24.603844307584566
543.919 30.178394299501907
544.92 23.879702846197723
545.929 27.21738237118306
546.93 26.29156253048641
547.939 26.469652086327873
548.94 23.578220385747812
549.949 23.540823169108677
550.95 25.626009145412183
551.959 24.139007397075552
552.969 31.0747822490453
553.979 28.746445128763163
554.98 28.55268098455014
555.989 29.31102716899819
556.999 27.551261196038638
558.029 27.162782310252386
559.04 30.447044693875448
560.049 23.540823169108677
561.059 27.937424425712354
562.069 21.575341532829633
563.07 22.00821961904809
564.089 16.350115718571004
565.1 15.671273004158019
566.109 15.702335983337722
567.119 12.910258021073169
568.139 14.64539723363858
569.149 15.686789116113216
570.189 15.729792282886622
571.199 12.848227276030341
572.2 13.114487033252518
573.209 10.231224097445434
574.219 11.35424736020741
575.229 14.19280920020756
576.339 17.048781522289275
577.34 22.309702079498003
578.459 20.41763963239895
579.469 26.891638484647334
580.479 25.45968931390859
581.5 15.07441830832222
582.509 16.0014280973901
583.518 19.054441459563915
584.519 25.927491605999972
585.529 14.10544195371497
586.538 11.365500330832939
587.539 13.566710724051475
588.549 13.507849987394069
589.559 16.134983090815975
590.569 18.67474894764878
591.579 16.49580981902615
592.589 18.226554972946023
593.598 16.300520211304597
594.619 8.189725254515468
595.628 5.832296222394401
596.66 5.117460273660336
597.678 7.41119702836797
598.679 14.621899335957075
599.738 5.473603370542914
600.748 13.894013217164304
601.758 17.61236322982462
602.802 12.361335636392006
603.819 11.572835572074764
604.839 11.538797820396976
605.849 8.963879494896233
606.884 11.371568866474782
607.888 5.6231613524882595
608.908 10.059464766500636
609.938 8.643326522668058
610.948 7.021705604342965
611.978 7.031858865897332
612.988 7.531930324129914
613.998 10.009665435975043
615.018 7.988398491042999
616.028 6.872307612752399
617.058 4.980900030012334
618.068 3.1373578232088555
619.083 6.392467758027461
620.088 8.770532735676218
621.108 8.875998323378047
622.168 4.556894251221843
623.178 4.033745772710888
624.188 2.0915718821438327
625.258 1.6922464093160599
626.318 16.14309340881641
627.319 29.84676359295185
628.328 28.027204878653436
629.398 30.095926150916423
630.518 28.42696963031469
631.528 10.308461419142386
632.538 14.4042379368961
633.598 8.11400224091006
634.608 27.103067221335877
635.618 29.431404341618016
636.619 26.442303760849242
637.739 28.348183095548425
638.758 34.79844288699429
639.76 34.096044521907686
640.768 34.042786292099805
641.769 32.47195297150202
642.77 33.313811889090985
643.778 34.34217512437705
644.779 36.84344864926665
645.788 33.859501101020264
646.798 33.76394609739973
647.808 34.42356880879104
648.81 25.211187916747576
649.878 34.53210870589196
650.888 37.349497895435434
651.889 35.18529511624062
652.898 32.21449447414582
653.988 27.60554410945506
654.989 33.615294349540896
655.998 28.625389106620315
656.999 29.004904675362887
658.0 35.122706652204094
659.008 35.83911928617687
660.009 36.541966188678856
661.069 26.817747223785226
662.078 36.941374228631055
663.088 28.59704713710366
664.123 31.988398850729393
665.128 38.34836197448082
666.129 40.24790848136925
667.139 30.389823036190453
668.159 34.97368267243732
669.16 31.266023129288737
670.168 36.974520793477474
671.179 34.53876999839058
672.19 36.479022846552
673.198 34.34217512437705
674.208 33.82597684256665
675.217 33.19922465057608
676.22 25.938255383861193
677.228 28.80348172621406
678.239 27.611290531135555
679.248 21.297632314267357
680.258 35.706119988008155
681.267 31.616310246316818
682.268 31.868988050464313
683.269 31.266023129288737
684.287 32.3128190436496
685.298 15.285491736194446
686.311 22.641243502093815
687.317 30.060681264445577
688.327 23.754280661452267
689.328 19.508207168570973
690.352 23.28215966465479
691.357 13.575053221158154
692.377 11.094997904229453
693.378 18.541171322908955
694.379 22.67377300412232
695.387 31.286132979106927
696.397 31.5850069687771
697.398 23.578220385747812
698.399 29.243798671776272
699.407 25.65989898668261
700.438 26.8437263205766
701.439 32.25862327724054
702.447 17.72609492975021
703.457 13.296421250774465
704.46 22.415656782808483
705.467 18.492913154613184
706.477 13.147023259183898
707.487 11.653043343374753
708.488 21.76932562249683
709.497 21.684178262730736
710.507 16.04761584432339
711.527 23.669328862313886
712.528 25.387115148860918
713.547 32.194513118272106
714.548 38.13753125766836
715.549 35.33603634660345
716.557 36.73728578314646
717.567 30.240425044530948
718.597 11.719764776509342
719.687 5.952619059082768
720.909 4.6922216995899655
721.917 32.99492537892266
722.918 29.004904675362887
723.927 23.628277003519678
724.94 21.511555033831034
725.947 25.773008041311275
726.948 24.030444076560556
727.957 31.554218023701633
728.967 29.045241111944296
729.969 29.276809001605713
730.977 25.298356332459147
731.987 21.426271168396525
732.988 16.280052868845225
733.997 16.300520211304597
735.067 8.09672282976628
736.077 13.147023259183898
737.087 12.848227276030341
738.11 9.882465386443409
739.116 9.061798551036917
740.147 11.41568746537584
741.177 10.10829711973862
742.186 13.608691185605318
743.227 6.872789349545102
744.246 19.25020244820664
746.357 3.43098750917554
747.358 16.041158872293963
748.367 18.69325712303423
749.387 22.78172902995126
750.397 11.266880113673459
751.506 10.47671939161857
752.517 14.775771689717429
753.518 18.754501017170437
754.527 20.78690192084936
755.549 8.710984655921278
756.826 3.4757386264017716
757.84 7.291623869210182
758.848 13.322803038970553
759.87 12.549723656839712
760.877 11.899818074275176
761.886 10.468223988923986
762.897 9.253513583421379
763.906 10.916862159878463
764.916 15.151227894779993
765.917 19.596359934759402
766.937 9.023931628771818
767.938 11.456333500309215
768.957 10.57473025060568
769.966 15.403243869423221
770.967 19.294877474171614
771.976 23.541151120896203
772.977 27.497492372699693
773.986 27.36692842820925
774.987 25.085632688411007
775.988 30.449728513989555
776.996 27.156843148344556
778.244 18.90860421951564
779.246 33.585268743151765
780.247 27.64856417574322
781.266 27.45589350183051
782.267 32.107882046877705
783.286 31.89835615749653
784.287 29.004904675362887
785.296 32.75058647963539
786.297 25.085632688411007
787.306 28.027204878653436
788.307 30.449728513989555
789.316 23.092184998167987
790.326 31.37357823208856
791.327 28.85416344513793
792.336 26.382198251778995
793.337 32.71084696805328
794.346 27.578566707712746
795.356 28.447649145582034
796.357 36.328636494417374
797.358 34.43158896497796
798.366 31.49798121726071
799.367 33.677882813577426
800.376 32.0028561947802
801.377 27.497492372699693
802.428 24.035785245064577
803.436 18.11302435628878
804.456 20.562729449113643
805.457 23.879702846197723
806.466 24.076915174460364
807.467 26.29156253048641
808.476 25.18582979584524
809.477 24.87230299414952
810.486 31.91540236023132
811.596 26.69854211186146
812.615 34.05805048519322
813.617 18.737875489091483
814.628 26.118788340263364
815.646 31.485018673826335
816.647 40.46123817563074
817.656 32.06494841725751
818.657 23.96785561252403
819.676 19.31168532591317
820.686 24.501270619336157
821.687 31.266023129288737
822.696 35.8035998418092
823.705 30.05875745385338
824.706 23.276737925160024
825.725 18.3617315658799
826.746 13.362319772054844
827.747 16.280052868845225
828.836 3.1868827772692323
829.845 32.21449447414582
830.855 28.684414383734122
831.857 28.373594505003872
833.155 19.694448563625805
834.165 30.02899630798028
835.185 26.54148426519922
836.215 32.14368234030608
837.225 36.751905929073175
838.227 29.42773003442264
839.235 34.4918695405846
840.245 40.9970804383623
841.246 46.79236984687131
842.255 39.54225126649877
843.256 37.082342645680036
844.265 32.66313264508651
845.275 29.792231069828187
846.285 31.02454608223623
847.286 35.235982956878246
848.294 34.941062214840656
849.295 28.703422214775095
850.304 28.71284294103131
851.305 30.81379943861387
852.314 28.774935163508626
853.315 37.23308387604286
854.445 40.57130041485556
855.446 46.641628616646344
856.454 36.07635429650788
857.455 35.18529511624062
858.456 49.95793568242265
859.465 40.589073665268465
860.466 52.21905413648638
861.484 53.7801530325685
862.485 63.37390517630431
863.494 49.86092919841036
864.495 32.17047051091423
865.505 46.22601014382529
866.506 59.90685688016518
867.507 60.35908057097793
868.514 33.177534015294576
869.516 43.732864347696704
870.517 49.205221249753585
871.524 58.862914530286524
872.535 55.732301108886
873.544 54.04821879390275
874.545 44.98347508362033
875.635 62.686672680626245
876.636 58.399444577501995
877.637 66.84095347244345
878.638 60.42166903501446
879.639 55.3846199721756
880.644 41.801611073393815
881.694 31.24400844522586
882.704 40.33745772710888
883.705 34.36900050094143
884.706 48.14904091930954
885.725 52.00146574575577
886.726 59.45463318935244
887.727 71.21244915020807
888.735 65.24126925131202
889.736 60.811304261790674
890.737 60.72315149546437
891.738 65.03205870919247
892.825 63.137311099200694
893.835 61.912799259800636
894.836 64.57983501837973
895.895 50.55813032585894
896.906 61.10530899608105
897.907 70.9109666896203
898.915 51.46949238957278
899.92 58.016867711917754
900.925 58.6174327726702
901.927 59.60841401852859
902.928 70.9109666896203
903.929 67.35576562729273
904.935 72.05844669112503
905.936 69.01391916018089
906.937 79.95544050559946
907.938 67.80798931810547
908.939 68.19762454488169
909.965 44.68379090526451
910.967 66.02129198448186
912.046 64.44449397015572
913.047 69.4035543869571
914.048 70.37059023261911
915.055 59.40007126669846
916.056 42.873097859919426
917.057 69.4035543869571
918.058 69.61699427220407
919.074 68.58907575322586
920.076 52.618711681773355
921.085 65.41371912472191
922.104 60.98322118790081
923.115 63.941063158683065
924.116 67.14243593289338
925.117 64.1901997916035
926.118 71.21244915020807
927.125 52.119976380000374
928.126 69.85577807776984
929.135 66.37308768921847
930.136 59.15315072876466
931.184 68.07854260666437
932.185 73.32282637390898
933.186 57.042663314078276
934.187 54.24127859399885
935.188 72.4183789922835
936.194 61.771274741999896
937.195 68.34836577510664
938.196 64.94390594300404
939.205 60.03006107329576
940.206 51.766830445673634
941.213 50.409487066225005
942.225 58.36107896048361
943.412 40.052976870916645
944.414 48.96710518817755
945.415 67.74540085406895
946.431 50.70552493416089
947.434 40.68143903969403
948.435 48.2997821495345
949.454 59.35435790377299
950.455 73.17208514368403
951.465 66.30737176074926
952.474 72.29283774613417
953.484 59.43506414799687
954.485 43.92828647176987
955.492 45.1649796159718
956.494 74.90614858964197
957.594 52.377402950551186
958.595 52.82201905752409
959.596 75.28246236738492
960.597 71.42577884446956
961.603 70.40853447801628
