0.0 8.520399695175
1.008 13.309821909632758
2.019 14.003335926284231
3.028 8.634518637796345
4.196 8.740451749848539
5.295 9.329428379867469
6.307 11.220547040605005
7.319 12.54571540486921
8.327 13.881317736689232
9.336 14.914168556169566
10.363 11.261865622130346
11.383 10.104289496996808
12.423 4.789987745710939
13.444 6.722997712982125
14.451 11.971168231431244
15.456 28.014109068034976
16.464 13.30733298308703
17.471 38.90529061064582
18.499 27.667992197507203
19.512 37.341087767446695
20.52 37.443028105446515
21.528 34.20742359069343
22.539 32.912487543927696
23.56 23.762606288965817
24.568 35.35615892121655
25.587 35.97692955684849
26.595 33.13201586521571
27.695 25.39575613453807
28.696 33.3465495518434
29.868 27.18835406116997
30.876 36.67701309582619
31.883 38.51299122097757
33.032 30.074814746076715
34.036 37.54991541090909
35.043 32.23811744804257
36.044 33.13486092630375
37.112 26.79418705392505
38.131 27.24419622523174
39.152 30.2251369851836
40.159 32.04877118658375
41.16 32.01356671370957
42.367 27.128259473210896
43.38 35.57943353101902
44.388 30.54774428275176
45.468 29.468124527839045
46.615 31.98007051849457
47.616 39.54875636407287
48.627 25.41206366813767
49.636 33.92755303139749
50.815 24.749055483271267
51.824 24.290417286098968
52.832 22.702647797326232
53.843 26.071260751555677
54.851 23.525908117691273
55.86 28.8186431577698
56.864 25.26541301014033
57.879 29.941968609045396
58.948 24.847190336724925
60.02 36.43251821105957
61.039 39.168894153834025
62.051 47.292816064738396
63.239 29.691977073313282
64.243 37.081478534322784
65.26 22.768544203267435
66.267 37.49055973917457
67.268 30.835398052515526
68.276 30.90212913227399
69.288 25.75105915506863
70.289 25.660401619360663
71.296 24.1818939797041
72.308 32.16598772121386
73.311 27.427704107388685
74.331 21.482918370736957
75.332 16.697374118524642
76.503 27.355282741897213
77.691 23.9133974308528
79.119 10.85909892652662
80.3 12.69158588035849
81.719 16.463373611816124
82.728 27.70145763219768
83.74 20.383450297838362
84.747 20.187224474897477
85.907 6.82776591343091
86.92 8.660244216885978
87.928 28.548370439619354
88.94 25.196124640727607
89.947 24.669441437832784
90.959 20.189890664836838
91.96 14.75034003095277
92.98 25.62420383988217
94.0 12.710121251599068
95.04 6.854026551548448
96.067 10.796778815377827
97.071 3.6813717939506234
98.08 6.802954078263788
99.115 7.669343309477403
100.12 16.54968931850829
101.128 17.124771943028342
102.22 6.690588023263022
103.227 15.46813303921624
104.259 7.418799913680882
105.26 6.097712062767379
106.359 3.8435952488058045
107.608 11.414231567034067
108.66 5.324034464979012
109.907 4.234273434692193
111.1 21.39977795872149
112.107 33.0336400499375
113.12 17.07072865177775
114.187 13.514915306882315
115.192 14.988442303957333
116.3 12.232588095879757
117.416 8.752918548498304
118.523 7.393148516901181
119.547 9.554486523687041
120.567 9.576722647188728
121.599 12.340543080855898
122.608 15.43747271603601
123.616 13.39540269178218
124.64 19.078627148701948
125.648 16.392836081464132
126.66 19.09260777984046
127.667 27.61063280669191
128.68 22.621644568624937
129.684 27.770598817977763
130.688 31.55461537665071
131.692 22.457098374049814
132.72 27.47932247653034
133.728 25.838695250177842
134.739 31.59612548132219
135.747 18.363108629559513
136.752 35.861500738130644
137.759 25.390222094649907
138.764 37.7782711801273
139.767 39.646720504129846
140.848 25.481852822595066
141.86 33.54226345657816
142.867 32.30711001267411
143.888 24.34497122241691
144.892 29.021365644404362
145.9 30.834353747748764
146.907 29.827018952566274
147.912 24.987181184238946
148.92 35.01345288103187
149.928 34.38949814043214
151.008 26.526672839781835
152.18 30.78167658771346
153.288 31.82030042622495
154.347 33.832227540197536
155.359 39.83781435722118
156.36 40.863809291388655
157.368 27.811456724891325
158.48 30.375405058237646
159.487 38.659408775361555
160.492 46.57528538653076
161.5 39.62103029263557
162.507 37.27189163763276
163.688 34.2225238024725
164.692 34.442700757038665
165.707 27.730253372096016
166.728 23.013338325219177
167.76 9.106692836165482
168.768 17.809992567821322
169.785 15.671271029558781
170.79 28.266715181771275
171.807 37.35741513172174
172.86 28.815989771419616
173.867 36.477710557954545
174.979 30.427470040822744
176.199 35.959272589749396
177.287 34.560378151934565
178.3 47.414922817399024
179.307 29.622724302140135
180.347 37.9098034524681
181.352 50.80660911418766
182.36 31.30303776272571
183.367 43.77923202513237
184.38 24.648818092373645
185.387 40.21154983824423
186.562 24.975379262121603
187.659 30.67779873060418
188.66 36.396562351588756
189.667 20.505931795311817
190.848 21.059499276775654
191.86 31.093114326869465
192.867 17.669379149923465
193.871 20.26023129837713
194.887 24.154973373523248
195.888 25.991237394752027
197.684 11.065729064584977
198.688 22.621445329137543
199.792 26.09789322662223
200.999 15.892611493384425
202.008 15.361540058344573
203.02 19.780268899630325
204.027 23.29399799925827
205.147 21.567907892028366
206.16 40.520714587334005
207.168 44.011496726729135
208.18 4.756799493204042
209.328 27.197121475502527
210.34 34.568987657593425
211.347 33.77511847592697
212.528 24.73917186425323
213.54 40.861105973614634
214.547 39.82308336895391
215.552 37.94480598511493
216.56 34.618479383218045
217.58 33.407277626936356
218.587 35.54861068454363
219.6 32.992486102315496
220.619 30.369495844308254
221.688 25.985257150795228
222.692 39.36945725516874
223.7 26.665018864903317
224.84 27.648342354030248
225.848 31.547526932166463
226.871 29.298262168559788
227.879 25.527005063785328
228.899 33.4375501815158
229.907 31.461376155251646
230.911 23.769951828140023
231.919 20.036624550560873
232.92 23.24468351688421
234.119 20.156976692101605
235.139 23.294730763450296
236.168 12.690102642280248
237.248 19.75030865125542
238.26 21.652743812393233
239.279 13.954191972907262
240.308 16.420257253407577
241.427 6.499833994951396
242.44 8.814748551854935
243.507 13.85603479337695
244.587 9.750337850069435
245.62 16.10110141828484
246.768 16.49992996794944
247.784 15.734372547721543
248.811 20.098702864056087
249.92 19.356528003536923
251.139 18.174074760184684
252.239 20.478258285193945
253.248 24.6503801621934
254.271 22.96363024599663
255.288 18.86799475043365
256.3 17.066047957250916
257.307 17.01854928818215
258.32 23.27795459824221
259.34 20.275800256109804
260.36 19.153445294377455
261.368 15.72178319240969
262.568 16.382711894074873
263.587 14.20683708817008
264.74 15.250534532034447
265.759 12.695132957754705
266.88 7.335592230504487
267.92 5.838615210585456
269.04 9.664540084603757
270.088 6.297875683497873
271.108 12.200028706597761
272.12 30.242596136440223
273.121 33.10131464141512
274.128 41.512079307645294
275.14 27.010436314105686
276.207 29.09065533747035
277.215 29.833039451069414
278.236 25.4072532497294
279.268 20.46565493428127
280.3 4.201405970481502
281.301 18.72576758673312
282.309 7.944270635619398
283.321 14.348203731112086
284.336 6.103159511415939
285.368 7.6746206003645225
286.441 2.706501803508036
287.448 20.781902054706404
288.549 13.012197731726761
289.721 22.758532660338588
290.728 20.301062206913425
291.732 17.355038457230258
292.741 10.154893187057148
293.749 14.14322939209482
294.761 10.424378106808295
295.768 19.776527068042398
296.78 23.617135713442675
297.788 20.60084505384603
299.101 10.292423593226927
300.108 20.14027120160675
301.208 14.160372700433205
302.22 13.031807527540012
303.228 15.922620419415525
304.273 17.701615331086796
305.288 11.05885126211193
306.568 10.491586445152313
307.58 17.478720908804007
308.583 15.0653420335275
309.6 16.42084592719531
310.601 16.00813292006603
311.621 14.408979174947403
312.64 15.38786777685486
313.648 15.137268364954611
314.84 12.648778694229891
315.856 17.976143113397022
316.861 15.190519391423
317.868 14.270345455032311
318.873 15.022687445055617
319.881 15.015885331666809
320.888 15.613400717414484
321.893 14.970648020051089
322.901 15.30651537035357
324.128 13.195503083717595
325.141 17.122928636718733
326.208 8.043438326230971
327.221 14.819842439849877
328.229 19.409223604086087
329.349 14.735632202154708
330.361 17.970152607569254
331.608 14.564755380519136
332.633 12.363252229568555
333.66 7.861752215604119
334.84 8.725653387654486
335.848 10.938387864824966
336.869 12.928841755745989
337.88 10.926797735696477
338.881 11.891579614006321
339.901 12.826670586802285
340.909 11.970587969873696
341.92 14.056784501910444
342.921 14.161930481949302
343.931 14.963986000198224
345.02 11.197707446937114
346.029 12.012278675513503
347.041 13.778013285110559
348.061 13.840611962380672
349.069 13.603132330755235
350.1 13.472813637035594
351.109 10.951516661405066
352.121 12.777986964471033
353.14 14.801708382763975
354.161 10.444954189764712
355.248 9.229313752345714
356.269 6.333809333239392
357.281 9.359704775743188
358.308 11.61927778633357
359.309 10.027640059716077
360.4 2.903834448972988
361.408 8.815586384009714
362.421 18.08176996595427
363.429 15.573787790630591
364.441 21.697558111662566
365.649 22.183661600527262
366.709 11.815570833081061
367.88 10.175931155790993
368.892 14.351445616572155
369.901 16.286120580549756
370.933 13.563358483051699
372.069 18.574200881108766
373.229 19.18928304060357
374.429 20.040468984816403
375.44 27.07303976897523
376.461 19.428798046633315
377.473 28.167026633433203
378.481 29.31208797870455
379.5 33.837021642957076
380.501 27.57639575379774
381.508 32.889713893714735
382.52 27.754162982646005
383.521 28.227270798794066
384.528 34.273398111065596
385.533 34.648655688641405
386.54 35.0208175635323
387.56 30.689748241386752
388.561 12.80446271180287
389.789 25.513643688035508
390.98 26.80906362016866
392.288 25.5656844227017
393.293 29.173570500561663
394.301 28.852976758227037
395.308 29.101063853395754
396.32 13.834269533143365
397.321 22.945658873881186
398.332 21.35270596265905
399.341 21.675617881981687
400.36 16.595791723698063
401.368 23.107577001419465
402.381 24.194883530711373
403.389 26.579629538643882
404.393 28.59886902777526
405.401 29.585869899217062
406.42 29.206078345815968
407.633 23.796333641273637
408.641 30.03732288409504
409.648 31.636732257656703
410.66 31.95431166929462
411.781 26.620228946714292
412.793 34.39392584164011
413.86 17.567472684444553
415.001 23.2371538768886
416.025 31.54158880822177
417.033 27.0008324932414
418.233 23.073268106213348
419.24 24.61443903201377
420.528 19.062613528460947
421.541 13.80689601674588
422.548 11.163188638633725
424.041 14.274480872854413
425.089 16.791204633010636
426.113 26.967746522463838
427.12 28.25686316397972
428.261 31.826029473745706
429.401 21.248774102209545
430.452 19.390381320714962
431.46 31.18088890597445
432.461 35.17848517914903
433.473 33.38093197911207
434.481 32.951090050623954
435.62 19.176590243779668
436.621 23.80590900742847
437.622 19.446048738447146
438.629 21.42889899616629
439.633 20.105495276347458
440.728 23.91529739808574
441.868 25.972905828143123
442.873 24.71778204515563
443.888 14.403905166733045
444.893 7.61811095612725
445.905 7.601458651332676
446.956 18.273403985946977
447.961 20.989701116579035
448.968 30.78793206398015
450.041 24.850607468593523
451.052 30.53478947963274
452.061 35.14572707899662
453.069 31.979068504775118
454.24 26.237570131904008
455.241 33.37913186302695
456.48 25.96344336413531
457.481 22.65049012567437
458.521 26.193975524232524
459.533 30.745660483082432
460.54 34.27608115525777
461.549 26.346145762044454
462.553 35.50221001615271
463.561 30.42846726435033
464.781 30.938274748669027
465.785 34.71276797578914
466.788 35.56031045401619
467.793 37.07280956823927
468.888 28.287037872672457
469.893 27.320122049692888
470.901 12.45209952935926
471.905 27.393273586419983
472.909 30.239839735997133
473.929 11.327611523774754
475.013 6.088721140499473
476.021 8.64308462850507
477.08 24.147861520374644
478.081 36.10833421425152
479.092 34.50850018971043
480.093 33.89524338410097
481.252 29.873937666565823
482.421 25.745263630337668
483.428 28.732911861457097
484.593 23.436472580771266
485.6 27.528033374827302
486.601 22.833837924188096
487.62 20.774663139046854
488.621 30.899213111840243
489.641 27.079367698552403
490.653 23.085466494903834
491.66 24.239962721777204
492.661 24.41205567248484
493.68 15.805849612970912
494.713 15.845528379913151
495.721 12.39140801271536
496.74 17.554668948977064
497.869 19.24097695148348
498.872 25.268860489057666
499.892 20.369834378838533
500.9 23.710088682388726
501.905 20.112565671600066
503.16 22.79905505540614
504.161 30.85795503731095
505.3 10.401164043624293
506.433 7.689522776271213
507.593 11.607202052825308
508.601 13.238025951466017
509.613 14.609080162586412
510.86 10.696338027703566
511.868 17.54808091241573
512.912 15.99475323336935
513.921 16.745733115702123
514.933 17.131839162550435
515.94 17.827678757068924
516.949 19.100601835101127
518.041 13.314372668836189
519.06 17.617735533235717
520.08 18.118123927109245
521.081 14.067268264206682
522.1 19.94949464791059
523.12 16.156083982211
524.121 18.198281175842627
525.149 19.00439124540805
526.153 15.53242111436791
527.168 21.84885092295961
528.172 15.091087068896764
529.18 20.69102077730693
530.4 17.49210548785533
531.401 22.945658873881186
532.429 16.47096051345702
533.44 20.36848862006295
534.441 14.98458564104661
535.449 19.90528581109016
536.453 16.175200316494696
537.468 22.108956291069404
538.473 12.153990137800879
539.481 18.071904223226912
540.488 17.041163517784696
541.513 11.648727646676397
542.521 15.19087601371718
543.534 29.58125149882323
544.566 20.977296307648558
545.573 16.44821075210965
546.641 20.208578993993616
547.654 16.077404850776343
548.666 20.609238086495925
549.674 20.95293243271252
550.686 14.29518936856347
551.693 19.66288098205741
552.702 15.613437565127734
553.706 21.562320507466435
554.713 18.771152081378393
555.725 29.218160325172825
556.726 23.45000991587382
557.773 18.91167253956859
558.801 13.879129882447103
559.881 9.5335842568889
560.893 13.04954254811013
561.9 22.284598446330122
562.909 19.03691021038705
563.913 18.143903841646527
565.48 7.212585853733772
566.492 24.00063169566217
567.501 22.667524085586457
568.513 29.73991318816973
569.521 26.714988851756107
570.533 18.013250614527685
571.541 25.929253885563462
572.553 36.354885158067745
573.572 25.085160007993803
574.58 36.92954341274296
575.581 22.707557368967013
576.601 13.718008116237444
577.612 2.872479164361048
578.616 27.084378198476806
579.621 26.33271716608241
580.64 36.27180845065881
581.644 34.18416665819909
582.653 27.461418626025395
583.66 31.72278131759609
584.661 32.44041427003068
585.669 24.018907030479657
586.672 20.794166444193237
587.681 24.595295513771173
588.693 28.435531030677478
589.86 21.880850711808996
590.88 26.659525206933264
591.892 26.08764314743266
592.893 28.484266188231363
593.972 11.989194146407693
595.061 16.749333274874836
596.073 13.30469800521478
597.08 19.66288098205741
598.101 18.61753212826747
599.132 17.41267944554271
600.153 18.358955293158342
601.161 20.42910912190134
602.173 24.00063169566217
603.18 21.56324285161311
604.188 32.77146830346922
605.193 31.260524268333647
606.201 30.11984037200465
607.261 27.69990151966191
608.273 24.522384558683196
609.293 29.76548930881027
610.3 34.34449878203767
611.301 40.352710433388076
612.312 32.131947452161306
613.32 45.35571213201684
614.332 44.08811691913707
615.333 31.632989895473674
616.34 41.947479428411654
617.8 17.359361007273726
618.813 28.43013121410277
619.82 31.460609571369048
620.832 36.78357683790418
621.833 37.979021584308484
622.84 28.990484103664855
623.873 21.2125621860081
624.881 29.334105405812
625.893 35.47919468065316
626.9 33.0336400499375
627.92 18.604566038827272
628.953 32.45777587501374
629.961 32.215133615345856
630.972 30.29159846063118
631.973 32.44041427003068
632.981 22.43365227403931
633.993 28.696407462175927
635.012 30.312868490918053
636.02 32.73895692606054
637.021 29.275495804591227
638.041 23.553561105249255
639.069 8.87630024957517
640.109 4.569351034357591
641.113 7.099788459770532
642.133 8.023740596298474
643.233 4.560120022182808
644.633 2.4514930946320206
645.696 3.228683285501083
646.852 2.9689362737749687
647.932 2.9334105405812
648.997 3.222620030488822
650.132 3.489078616538743
651.233 4.076401568666708
652.297 3.970029303031887
653.376 4.4041937680543475
654.433 4.246090943327231
655.497 4.218156134478918
656.572 3.9294057473719692
657.697 3.989438335190432
658.732 4.846504371392928
659.776 4.804724161294297
660.996 4.977180179500838
662.052 5.000131603269988
663.129 4.657504200922595
664.181 5.521057861547966
665.216 4.336346016508193
666.335 11.56062599104172
667.536 2.8576938655173993
668.579 6.32806684208629
669.696 6.139664336451735
670.74 3.546238392988347
671.781 5.325788589529079
672.801 2.5883034181584637
673.921 4.007248327751355
674.961 3.553939693394599
676.001 3.553939693394599
677.161 3.1862907596043075
678.245 3.1661349930549014
679.424 2.687093624957484
680.521 3.8506027150687903
681.556 2.8058709518539855
682.636 3.1778614189549255
683.641 3.677708737438246
684.66 3.6271808450658805
685.74 2.4445087838096256
686.761 3.3614988564910626
687.765 4.73319230652173
688.801 4.586993316359641
689.865 3.721902471608979
690.921 4.750125023098046
691.945 3.351650715312504
692.98 5.101583548847358
694.221 3.8292708104209323
695.281 3.9850105456906637
696.321 4.8232038695983395
697.342 4.137229361842576
698.382 4.315498199116844
699.462 4.644566689245526
700.582 4.478689307491065
701.626 4.551843942271191
702.662 5.861158126444799
703.682 4.141285469048717
704.746 5.706917123112861
705.918 4.279976130032671
706.942 4.640747144278851
708.062 4.242968817633272
709.082 4.917776494493844
710.086 3.4184166658199087
711.102 4.417439101460465
712.165 4.222124296420782
713.422 3.9905584919711594
714.481 4.238071885831748
715.786 4.0460835042491
716.902 4.9678726896947465
717.982 4.889017567643375
719.041 3.9887735395921617
720.081 4.569351034357591
721.237 7.149052971857884
722.313 2.6989557947680023
723.337 4.640747144278851
724.356 4.663518229373864
725.437 4.64027014282507
726.541 5.978418221304745
727.556 5.207237646009839
728.577 5.171536702303221
729.633 4.0001052826063415
730.8 5.4294488154629486
732.017 4.121719001156557
733.217 5.28013897304616
734.28 5.215565307340481
735.337 5.744711276259159
736.356 5.181686921539917
737.46 3.7149195401408712
738.517 5.494941220766484
739.56 4.809330799990406
740.797 4.268503616048054
741.817 5.694267519963094
742.88 4.9672050545984945
743.897 5.191877062974294
745.04 4.8505213663218285
746.2 5.0070283365176085
747.261 5.225396721686246
748.337 4.41647311870689
749.404 4.948583854780928
750.621 6.730440302813774
751.805 4.905534518868869
752.845 3.553939693394599
753.988 4.619544158392552
755.005 5.451470916125421
756.064 4.7366685782868
757.144 4.4041937680543475
758.205 5.474225137004638
759.209 5.785012819068712
760.369 5.0070283365176085
761.424 5.255114617713148
762.452 5.136321958222304
763.489 4.841826278362199
764.525 5.351492202415561
765.548 5.161426171122076
766.569 5.171536702303221
767.605 5.351492202415561
768.609 4.73319230652173
769.625 5.716685896020432
770.685 5.230326341234073
771.689 4.996147434652444
772.729 5.077056704863211
773.744 5.202107362605985
774.883 4.403978950299475
775.888 4.991176143667913
777.059 4.734539642777425
778.123 4.714409797372982
779.247 4.697632538287423
780.348 4.555978223782683
781.424 4.171113501011674
782.547 3.996543301048112
783.604 5.250138183417808
784.617 5.212378058292126
785.664 11.347003523745977
786.777 22.297082815192333
792.113 3.0523929983197196
793.197 3.1661349930549014
794.317 4.007248327751355
795.376 4.9859669245022635
796.497 5.181224683632606
797.621 4.932514165219887
798.696 4.666169325010244
799.737 5.325788589529079
800.857 4.007248327751355
801.897 5.330909540103959
802.941 4.804724161294297
804.056 4.498773116056627
805.077 4.654383032060837
806.156 4.648871199634365
807.377 4.75688195769468
808.417 4.573748869827743
809.541 4.462750911379083
810.597 3.7500987024585224
811.604 3.932576196421131
812.777 3.826187661623457
813.817 4.8232038695983395
814.881 5.210663460242921
815.897 4.157589742558121
816.925 5.3931380561358315
818.641 12.96592830725947
819.645 3.944326922105462
820.825 3.8034899382071283
822.11 4.314510444908666
823.142 4.860593046892706
824.162 3.623624785426674
825.242 3.911214054100226
826.421 3.1349425624463776
827.562 3.0079669872701174
828.565 3.1586075611503
829.702 3.0185491050848934
830.725 3.354927011222113
831.762 3.31282850625036
832.902 3.010605554807021
834.062 2.5035141682588042
835.142 3.422312297352775
836.246 5.021871305874757
837.691 21.741748712535916
838.791 2.64006948652308
839.835 3.0345626281807934
841.054 3.4652265614816797
842.114 3.9850105456906637
843.17 3.0000789619668176
844.251 3.1749216766621666
845.307 2.750072381794875
846.567 2.5143518919370815
847.627 2.4906315910626957
848.767 3.010605554807021
849.783 3.3780416658269656
850.843 2.7396947501713775
852.019 5.21296093089866
853.056 3.309633878950792
854.096 2.792381187672354
855.14 2.7816824091818098
856.196 2.8811065323672387
857.256 3.4868842274732996
858.276 3.36479444360359
859.316 3.553939693394599
860.48 2.5887520449443726
861.56 3.6667631757265
862.656 3.613233786304414
863.676 2.4462116150228117
864.7 3.354927011222113
865.736 3.8224944303037214
866.8 2.977521977292008
867.82 3.882455127249757
868.9 3.6667631757265
870.124 2.4583837046746186
871.164 4.061645363876095
872.228 2.7293951458449763
873.324 3.273568680365333
874.328 3.6813717939506234
875.416 2.911841345431287
876.592 3.1429398649153213
877.692 3.600094754340883
878.732 3.553939693394599
879.736 3.6813717939506234
880.916 2.6848164269668997
882.156 2.767814784258846
883.18 3.6094700011057737
884.196 2.5984935890958103
885.356 3.0801476150438036
886.456 3.1200821204319813
887.51 2.5048097595144156
