0.0 34.37222135121305
1.219 24.905256877905437
2.227 38.88629472505747
3.24 35.129147231363795
4.247 43.03365128248999
5.26 34.914178573468526
6.272 24.100280683316292
7.279 27.985973813011515
8.28 44.814415179512785
9.287 34.68970843496594
10.288 38.50558974159413
11.299 25.721308729096627
12.359 16.229525270119343
13.467 21.30762398011217
14.479 26.897634691256297
15.487 25.2760915713172
16.5 19.436435204093996
17.507 25.517441464021037
18.527 25.832699319267743
19.54 21.586121783166057
20.547 27.463686999318043
21.559 27.417341036299163
22.56 23.930027523112287
23.567 22.27369890512637
24.579 26.12625457120323
25.58 40.89859249402475
26.587 28.85097182867696
27.607 27.75413976445484
28.619 29.784332889140863
29.627 26.140231453923807
30.747 24.190231586867455
31.76 26.011207606720166
32.767 32.43742558994156
33.78 28.465118836212557
34.787 32.43742558994156
35.8 17.501717282937104
36.807 24.219944440423372
37.827 27.113659616125467
38.828 25.54317345075142
39.84 31.846799474289863
40.847 24.09348274221853
41.859 30.77089408674308
42.867 25.36579030168147
43.888 33.48563204917267
44.9 30.42987612178832
45.907 33.734922613539226
46.999 26.006995311522655
48.007 30.028860926449454
49.039 33.84889422771295
50.047 36.94197998869515
51.048 33.375295895761305
52.052 36.87226352400428
53.06 31.41476948112159
54.067 38.49241169999767
55.068 28.80635902195829
56.08 33.998610249582406
57.088 26.229930184487056
58.1 40.454042575460036
59.107 28.634722324710857
60.127 32.2375008033574
61.128 26.19581056503259
62.132 26.4612714702661
63.139 24.436193944389483
64.14 16.62379955576778
65.159 29.063593780722016
66.179 26.98880968454033
67.187 30.676965838503893
68.199 33.872773362176794
69.2 41.55122960830592
70.207 29.93221934830852
71.22 33.75007929134774
72.227 29.06722133264307
73.239 36.79596425752241
74.24 24.020353517495018
75.26 28.60811329569333
76.267 31.788677078043243
77.28 26.74536957285144
78.287 32.22117608597546
79.307 26.13483615330184
80.327 36.72086184225996
81.34 16.426873993401074
82.347 15.137465275259634
83.36 20.422022501244243
84.368 18.57900747970325
85.38 13.215389919388269
86.427 8.527500734349058
87.439 18.290391590006525
88.892 9.448405495166261
89.899 9.947477180888884
90.907 5.058503056486438
91.92 25.1513329751391
92.927 35.24866914090402
93.939 31.5057815093351
95.047 33.296394989201694
96.051 42.294655218734206
97.072 36.773452888781634
98.079 36.54616616450168
99.087 34.223224100289485
100.092 44.687195469201455
101.099 44.11489880212155
102.111 30.42987612178832
103.119 45.583378816552035
104.124 40.825778514238934
105.127 40.90718584934705
106.139 37.478541622206244
107.14 29.2414504315454
108.147 45.19614632195208
109.152 35.19210238291869
110.259 35.68705027428725
111.267 29.380756014395008
112.28 21.066928474930045
113.287 18.903494647847776
114.3 30.525549422719752
115.507 24.43119729278626
116.52 27.515988212186016
117.524 27.11195847364961
118.527 20.932889695471367
119.54 24.93636431724383
120.559 27.353970617150132
121.56 19.01680230805911
122.567 19.894954361777767
123.568 18.491384904188763
124.591 14.137625465016784
125.707 6.439235900698171
126.727 30.956540506499667
127.739 23.974443795910688
128.747 31.757140692060624
129.759 26.467272536157992
130.767 26.013895213934894
131.779 32.92270486203562
132.78 27.28353908870189
133.788 29.81282595589729
134.8 26.98697888120086
135.807 27.463686999318043
136.831 26.24556182674788
137.848 29.97724195127986
138.859 29.939754514315204
139.867 23.42147556551814
140.872 25.568222442069185
141.887 14.589065055438823
142.92 8.519793164337287
143.939 5.556275281598672
144.94 9.136919599717503
145.947 19.67870485783156
146.954 27.342283769105062
147.967 15.262774711399672
148.974 17.299960314582442
149.986 18.973431723226668
151.135 29.454934849031652
152.138 23.66519870396834
153.166 21.48298114478453
154.167 21.319479065987608
155.186 29.49099957166473
156.194 23.42147556551814
157.206 26.252091458608835
158.214 22.98940562421484
159.226 12.910864651775164
160.255 5.7139045310117975
161.306 3.936728600136733
162.314 11.449853446805895
163.327 17.842398606282163
164.454 9.548194847300755
165.466 11.83495926412889
166.514 8.934942528411007
167.526 13.771588961892183
168.527 23.712481818219242
169.534 18.470995639975254
170.547 17.197492632556564
171.554 18.597457338180103
172.575 8.53137122272549
173.607 9.583103285914707
174.614 10.812475196614024
175.615 18.05629349468125
176.786 29.27348133431063
177.794 37.37404993019744
178.806 31.936143664433406
179.827 32.205926365714106
180.83 15.849169774247995
181.834 12.01931782436155
182.846 21.108603902134693
183.855 22.66119058296375
184.974 18.37369246076565
185.994 19.85488460075753
187.014 20.92235151474594
188.027 22.141771764406382
189.035 20.829055917101382
190.054 28.208782198836584
191.066 24.40480595100899
192.074 31.973175662811766
193.075 27.065993384007825
194.087 32.27716162938817
195.094 29.409932534814025
196.106 26.771797803651705
197.107 32.41431000856852
198.115 30.550629598514984
199.127 37.44150749016987
200.134 32.74346289946995
201.154 34.46092202030863
202.166 38.94777503281495
203.174 28.85097182867696
204.198 36.79008039995416
205.206 35.95150386570168
206.207 41.333683903412876
207.215 35.51943392439838
208.394 34.98530166001758
209.407 40.41410768649897
210.426 24.023454732018283
211.434 37.5900849007496
212.586 23.51828070944894
213.587 27.845850208600332
214.594 30.70742955841169
215.606 25.48071133855577
216.607 33.06694712284969
217.614 29.93221934830852
218.626 38.94777503281495
219.714 18.096607409693
220.727 30.740518080615022
221.746 22.95494025466149
222.755 27.625070424948177
223.767 32.061980551839014
224.774 21.71473819898931
225.787 33.320141975557206
226.794 30.797217364172944
227.814 35.01291477978298
228.826 33.07741944630919
229.842 31.93575228194988
230.846 16.35723118012559
231.854 26.35626642467495
232.858 30.582289158229006
233.874 16.592703352149535
234.894 8.966722077765317
235.914 9.820695608964005
236.915 23.277390408831117
237.926 14.736218943252855
238.986 3.6978665172433893
240.007 7.2516655393067175
241.026 16.24142005393289
242.034 18.146937538320355
243.366 9.877035546506635
244.906 3.252308286081606
245.914 27.923915814410762
246.918 31.97371926089205
247.942 38.70401521844888
248.946 36.528528284576616
249.947 36.76522410364367
250.958 32.61391408484292
251.967 40.14268046138652
252.974 32.09487246490779
253.978 33.83572417494757
254.986 30.118559657012703
255.995 34.31551716857893
256.999 30.889240921985863
258.007 36.29387507664071
259.027 30.191210426585155
260.034 39.71703516992071
261.035 33.230583475254804
262.046 37.13718634965713
263.047 40.028409674850536
264.054 31.662215379838393
265.059 46.58616800875707
266.066 41.17719355295425
267.074 39.19202842617288
268.079 43.55265009196886
269.086 39.44719752142437
270.087 42.076647012076776
271.094 36.97866517243389
272.114 32.75313102030061
273.126 47.55501813398513
274.127 44.687195469201455
275.146 42.40190374036628
276.159 40.1991390286037
277.166 35.12220744269917
278.247 35.538157633096354
279.254 40.43865723529467
280.259 38.0089404486783
281.266 44.54739781005376
282.274 41.35237813308735
283.287 41.57820696861976
284.299 40.23886149810987
285.307 34.871329012343935
286.314 38.70866120396377
287.327 28.465118836212557
288.334 33.08617410164091
289.347 29.32483632705434
290.354 28.761184022915707
291.366 24.835168105908313
292.387 19.408869531685568
293.406 16.02771715848143
294.418 36.06525521704348
295.43 27.973540078803076
296.439 25.34065076729335
297.446 43.249900786456095
298.451 34.75874268046352
299.458 37.1949146764
300.471 28.895056152003093
301.478 34.16742162127246
302.479 28.1537219078761
303.498 29.704702467136087
304.51 19.670822245265903
305.518 10.36967859332876
306.519 26.323030275343925
307.526 20.84974018332386
308.539 24.721395659348563
309.546 26.16618997572038
310.559 14.062218756413852
311.586 11.874140239286252
312.618 18.357948439932894
313.619 28.280941618187434
314.726 16.999147118251976
315.819 8.367846769729583
316.839 8.966722077765317
317.846 17.94870882638127
318.866 14.606193482000153
319.886 16.6524838586928
320.898 17.860029434948014
321.899 19.579113427957548
322.906 18.903494647847776
323.918 22.37883206312205
324.927 20.07134023069326
325.938 14.305431108516222
326.946 14.474343036525953
327.958 15.923399737184727
328.966 17.06676268484322
330.078 14.96440949219262
331.098 15.585016944684494
332.106 16.418657772768878
333.118 13.771588961892183
334.147 9.523174218352995
335.158 14.304958753442303
336.166 7.561223974300148
337.179 17.842398606282163
338.186 16.86746130672982
339.207 16.72519824410582
340.218 24.12411874521151
341.358 15.090611216076926
342.366 23.11574186420375
343.378 17.734192547502612
344.386 18.146937538320355
345.398 15.06267542706771
346.418 10.674669140182592
347.419 10.967611232130292
348.426 19.246205849978935
349.439 22.356740422301648
350.458 18.25347655490846
351.466 24.411951688511614
352.478 25.82172930351053
353.479 21.40980506037034
354.486 24.868692952122714
355.506 24.76523240531912
356.518 18.595074153722173
357.519 24.365118932500412
358.538 25.43064455810689
359.539 19.669439422320384
360.546 23.13869692079182
361.559 21.71183444861585
362.566 19.335993655700396
363.59 21.053283003441972
364.598 20.976201881528706
365.599 23.150170698320803
366.606 24.219944440423372
367.626 21.224488348979023
368.639 23.216615053882713
369.646 24.00369493645727
370.659 22.01605909895659
371.666 28.761184022915707
372.671 31.128879997826743
373.678 26.761350343088466
374.686 32.83731554561735
375.698 29.56915181159171
376.711 38.04945244945206
377.718 33.608460915334376
378.719 35.76782157415812
379.726 42.38490277079065
380.73 38.04679795900548
381.731 44.814415179512785
382.746 30.76902574988576
383.747 36.039276631141135
384.758 30.532560142032604
385.846 31.706810563532756
386.85 29.497810819322815
387.958 32.11717161138242
388.966 37.80611987150074
389.979 29.75493078358416
390.986 39.35740971566312
391.987 34.46254734559578
392.991 41.427072547688844
393.998 36.203454962330724
395.038 38.823670822566726
396.042 34.70330684619191
397.047 31.075185209992554
398.058 34.678420696378346
399.066 29.25441977420712
400.07 32.75124583604138
401.078 34.00703120919707
402.079 33.06694712284969
403.146 28.044968728540486
404.158 35.50487779242648
405.198 28.144896040340058
406.206 34.133525369726236
407.219 33.62436662589795
408.226 36.329916660535574
409.238 30.64505719933747
410.246 25.708161512620503
411.386 29.4964534132725
412.406 31.17003388940878
413.418 21.30292667537629
414.439 15.018456270861487
415.466 15.690828173348232
416.479 13.113088132327615
417.486 11.677473212339166
418.498 6.885794480936141
420.186 2.709139964256144
421.586 6.441935420879944
422.598 16.999305124830997
423.599 18.05629349468125
424.607 19.22711239179749
425.646 4.610963917342868
426.886 4.638920026067028
427.898 17.214486202360252
428.899 26.10548457064986
429.906 22.36348671068865
430.918 22.594013140671205
431.919 25.45284745636869
432.927 22.341300711961413
433.938 26.70884575379048
434.939 23.49493611352518
435.946 17.822247128176425
436.958 23.024375295570533
437.959 23.277390408831117
438.966 19.768492663572918
439.978 29.04944546654884
440.986 24.501650419074863
441.998 24.315461760865443
443.007 14.891639525993087
444.019 21.518107752925445
445.026 21.930987702955417
446.039 25.7962389488249
447.046 23.66098373428631
448.05 26.89506280578878
449.07 24.551739022410015
450.078 18.88474118091815
451.087 16.618206427559812
452.106 8.334412922407957
453.138 4.642239835376411
454.146 4.104664443197194
455.158 3.0125350854095623
456.266 15.411507090458638
457.267 19.144022018450034
458.271 21.25577544319803
459.274 22.145415300953896
460.378 13.88935131571563
461.386 12.74606327095458
462.399 16.337618000935702
463.406 17.08371081065613
464.407 15.971162441486609
465.414 20.759952377562602
466.427 22.78667773809218
467.434 18.470995639975254
468.435 24.14757322780635
469.446 25.847270084197827
470.467 16.51160214439657
471.47 21.71119147157805
472.486 25.934402859879896
473.506 19.303047903672535
474.518 22.80919421822036
475.526 26.78833636617723
476.539 24.81065165179404
477.547 31.32507075075732
478.554 28.20222331697762
479.558 29.497810819322815
480.566 24.069580477572583
481.586 25.832699319267743
482.606 19.85488460075753
483.607 21.627350765064403
484.614 26.8149384876187
485.627 25.366301633034364
486.666 12.24320004526647
487.799 4.22841263028959
488.826 11.025987365045836
489.845 40.48357657940571
490.864 9.61663029507692
491.896 7.385381556299647
492.936 3.350203853223782
494.015 2.220014601527358
495.079 6.139941272355503
496.611 4.321233786499659
497.615 2.350971463422682
498.755 2.070504692355585
499.855 2.1457957720750738
500.875 2.5244656142001167
501.915 2.063265165450679
503.039 2.4817922630823843
504.059 2.945209883250051
505.079 3.1555820177551204
506.099 2.945209883250051
507.255 2.227469659589509
508.371 5.768268204497323
509.415 4.521791856871263
510.455 8.665713694924689
511.599 2.6259738469444636
512.635 3.313970304357824
513.651 2.9568051977442202
514.755 2.3323867087703327
515.791 2.2783545842509785
516.796 2.1351201712176917
517.816 2.1037213451700802
518.836 2.1037213451700802
519.895 2.026247187989221
520.899 2.992145498908831
521.955 3.0480053580648017
522.96 2.989168239708748
524.02 11.33627955058567
525.077 2.0300811467196733
526.156 2.187558247711539
527.22 2.0167253497016495
528.256 2.0712314402335887
529.3 2.0553599349360563
530.336 2.0712314402335887
531.376 2.063265165450679
532.504 2.282761459647983
533.684 4.728024582537624
534.904 4.723840427370332
536.005 2.533637151407489
537.024 2.5269430093199925
538.144 2.682244715093842
539.32 2.189587522534925
540.324 2.7784208204068155
541.34 2.1120037126630726
542.405 2.216314881961734
543.444 2.2717760820902924
544.867 2.2851748840074246
546.408 5.468645748822923
547.433 2.093459289838076
549.489 4.681672038488071
550.493 2.1372467849405643
551.533 2.063265165450679
552.633 2.7310128008246295
553.673 2.2695916820116655
554.933 2.3842175245234376
556.009 2.7919275844844447
557.134 2.670323627473414
558.23 2.545195715050082
559.329 2.342998113284132
560.449 4.871588589164766
561.532 7.132839131543058
562.596 2.4200704196260614
563.632 2.4854777282683678
564.648 2.3254929549663435
565.692 2.2608959284356316
566.753 2.42691322007281
567.773 2.3140934796950474
568.849 4.757757053669249
569.905 2.4384042864399027
570.949 2.0553599349360563
572.065 2.30730728179495
573.17 2.1360862889416214
574.269 2.5382479560395703
575.449 2.9095535892631057
576.545 2.353706514154074
577.581 4.9709554565367355
578.586 10.035064804725142
579.697 3.2833958708596205
580.761 3.6301056294589897
581.977 2.8234154895703707
583.041 3.22676055951468
584.217 5.083048383154356
585.441 2.1037213451700802
586.502 2.42691322007281
587.503 2.5723825439516883
588.708 2.3149663931161477
589.783 2.5949158173991282
590.831 2.866521069560166
591.991 10.515453188791417
593.151 2.4047711238813543
594.512 2.522610753354125
595.567 2.8475014984854203
596.587 3.3659541522800875
597.751 2.5808540213970943
599.051 2.971101838259325
600.055 4.701942926865263
601.099 3.2885758958937106
602.159 3.846237704671878
603.4 3.8039892816864005
604.435 5.183081575051817
605.679 3.2773408094316157
606.699 4.628186959370197
607.703 12.27363116583261
608.999 3.3114132285025635
610.155 9.623726481809456
611.235 4.172380667925966
612.239 2.5646961419246974
613.355 3.076409709059933
614.356 4.930399875892479
615.575 3.5205837113660876
616.635 3.846237704671878
617.779 3.7513912099121347
618.855 5.583855168968889
619.955 8.9733277741267
621.018 2.2204848064677507
622.158 2.070504692355585
623.198 2.8885712316349306
624.274 1.994233988914618
626.13 5.533004548884162
627.175 2.464071699999179
628.41 2.258732391664256
629.415 3.8432163081998043
630.45 2.695202419022169
631.494 2.671967915414884
632.514 2.945209883250051
633.534 3.3659541522800875
634.59 3.251205715266469
635.747 5.192937045641643
636.807 7.490041845913792
637.826 2.7375215934150683
638.906 2.1855327308164676
639.947 2.06128316242458
640.983 2.4854777282683678
642.183 2.1457957720750738
643.262 2.187558247711539
644.542 2.179323831013747
645.602 2.6316363242512746
646.742 2.8234154895703707
647.802 2.429202760841208
648.923 2.2970159915077955
649.962 3.0978764755668178
651.022 2.6316363242512746
652.262 4.006806836762125
653.263 10.075164963795855
654.322 2.83674606318093
655.342 3.1555820177551204
656.378 3.1068471603404344
657.594 2.294025085273439
658.635 4.566629107002694
659.67 2.6336821629505724
660.755 2.7687687381658783
661.814 2.431496625575127
662.85 2.4854777282683678
663.93 2.582902318230408
664.95 3.1555820177551204
665.954 2.7784208204068155
667.014 3.0365034510515096
668.034 2.945209883250051
669.194 2.4047711238813543
670.29 5.090391430100164
671.386 7.439802859384815
672.406 2.1037213451700802
673.434 2.9222899619784615
674.447 2.965561777785495
676.262 5.421541205690456
677.298 2.2783545842509785
678.343 2.464071699999179
679.506 2.2140627054989523
680.562 3.251205715266469
681.582 2.7348377487250835
682.639 2.8421136053956038
683.698 9.086846810682298
684.714 3.171126756759624
685.755 2.4735397948975573
686.974 2.816466969084911
688.254 3.185165599173937
689.354 2.535940457901478
690.57 2.117561617187727
691.614 2.0553599349360563
692.71 2.1536271434993237
693.734 3.352805893867303
