0.0 7.7371868006313695
1.003 20.91150139985306
1.527 5.160289322059005
2.939 12.170973179550195
4.04 23.428765654516646
5.1 13.216629646300548
6.104 14.772657960772468
7.111 20.27531449976598
8.251 17.54653678647184
9.256 17.959696327694342
10.275 14.009149491477825
11.395 4.169531971755504
12.403 13.335330329295344
13.407 22.856469769016954
14.628 30.167127487829116
15.647 28.18017434129416
16.828 25.988428400087827
17.847 34.831458343988366
18.947 28.540543633193344
19.952 30.750606620103667
20.959 28.153870930601926
22.139 28.353561303024193
23.219 30.89390095423024
24.224 38.98960362949151
25.264 22.51238264079534
26.271 36.32452567915874
27.287 35.74917531259879
28.288 36.41474995696652
29.295 24.169393749273375
30.304 25.82436501329448
31.316 26.55249992633552
32.324 29.372570658147737
33.335 21.051603760242166
34.336 18.116529929735663
35.348 22.28580984013685
36.375 24.998730959709018
37.379 30.956715160438876
38.387 31.39133636358105
39.4 31.40731990629996
40.42 33.07970003432236
41.432 29.864019625801653
42.44 38.578556187575664
43.484 27.242184732329
44.5 42.31879330840859
45.691 38.08089687181805
46.844 32.50650603824651
47.851 43.46690395139785
48.863 29.978894934199754
50.036 27.821893580659214
51.044 37.674532961740546
52.048 25.88931588539278
53.068 38.91600359372075
54.075 33.10993755177335
55.235 34.36703866407165
56.236 44.09688768105848
57.247 25.455511102382392
58.252 33.24646108869325
59.263 46.46284506105632
60.499 22.305750562795925
61.631 27.29748794520155
62.64 37.94600573399462
63.651 41.32304605875995
64.663 32.85138173252789
65.671 22.57424074210894
66.676 36.89291560663624
67.692 33.70309279132111
68.704 11.023532046532198
70.067 9.84259893322294
71.084 18.622360647340887
72.096 11.867762494463241
73.107 14.627042591289518
74.115 19.106968311083772
75.128 25.68757146646524
76.147 15.021408390208524
77.18 5.022992157006734
78.328 4.5654125093683025
79.351 13.694650464391875
80.403 5.178886352742493
81.415 35.45711661777565
82.448 16.408624635079764
83.455 15.860505496311609
84.476 18.0527167706866
85.487 18.911271401999613
86.488 19.765571232637495
87.499 23.31893042230634
88.507 7.206598469689164
89.515 8.236112536797776
90.526 6.70649977845276
91.554 9.085361494862523
92.559 16.779542705535718
93.579 14.04766101081066
94.61 8.052377727523266
95.611 8.293707729349201
96.638 12.125610667603622
97.643 7.378507639794171
98.651 10.552519187762519
99.662 10.007976509837155
100.67 5.919705885809326
101.674 5.198189776151865
102.694 16.278434190352517
103.702 18.88966408090432
104.734 16.573559332531907
105.746 15.894395043826648
106.854 11.263990088631354
107.866 18.71436835804975
108.887 14.737882081013066
109.906 10.964742235472773
110.927 13.721476420252726
111.939 12.916444755650064
113.026 5.172992897548595
114.03 7.235310017365646
115.15 15.779335013952684
116.17 19.83934166949583
117.178 7.5192907904961555
118.182 9.04413752171891
119.19 19.30338875810275
120.198 15.10857047591938
121.214 19.40674548529665
122.234 13.366693577071382
123.235 17.312849644012616
124.243 13.85272135350391
125.266 16.823738687118535
126.286 19.584991135264538
127.287 17.370823752304982
128.294 20.157043872075747
129.295 20.512603615161456
130.366 18.552856358136616
131.378 21.021619251505015
132.387 15.218211316441735
133.39 16.377171812247983
134.478 17.836261489209427
135.491 20.488651128031165
136.499 15.084864559900666
137.51 20.52918258428013
138.562 15.882603186298649
139.583 21.85272170633544
140.59 18.80728975009158
141.602 12.216698586376662
142.615 18.95200229344127
143.642 13.640204032229551
144.783 13.455984877309849
145.794 15.379629218921533
146.986 13.170943299948965
148.006 18.840410523307966
149.014 16.43516106203044
150.019 17.551341284787323
151.026 21.29812943440628
152.027 23.940085946424258
153.139 21.48216465922472
154.151 26.537320644272896
155.191 23.093756325832917
156.198 26.337625813716063
157.199 22.328178386039507
158.202 32.473370613849504
159.21 17.970777621890942
160.223 16.577385600201577
161.235 16.407117464594485
162.263 13.065003676611335
163.282 16.294409101249574
164.294 14.130412534062772
165.302 17.501739140680456
166.307 14.116554551462288
167.314 17.003851006934713
168.327 14.67548312569332
169.335 20.39724745439824
170.338 26.19345365497168
171.339 23.75328048633158
172.346 27.56684935976484
173.359 25.23825894170224
174.378 24.113127357210033
175.618 18.559744004529524
176.63 17.43256230613016
177.639 12.852933752538462
178.81 15.555453647685589
179.95 15.241989034859067
180.954 18.34667897264469
181.974 12.786771030931511
183.014 11.155457018808367
184.023 14.656035738152438
185.035 15.38167262305881
186.047 10.371947303470108
187.054 6.183218547969793
188.247 2.82706461342305
189.275 12.88346133432144
190.306 2.843238361981486
191.319 7.683244173020577
192.339 9.929405546068033
193.378 11.804861694668215
194.59 25.722405389875544
195.599 35.18098903980109
196.603 25.794492221317924
197.61 19.436497022532127
198.611 20.47509095683232
199.623 23.068198768023194
200.63 22.029411038381074
201.643 14.239088336044519
202.655 17.17620109574624
203.714 9.644614263306956
204.722 14.155818422607101
205.754 9.552932855168255
206.759 5.032919292625267
207.767 9.008248087111454
208.818 8.145993322543024
209.847 8.044622183104114
210.866 10.69320597268318
211.867 10.885491394779717
212.886 9.062871728724149
213.898 12.561699308835708
214.907 10.628708384083842
215.918 12.830739115169152
216.931 6.949928689921856
217.951 9.91967083475977
218.971 11.191423505868837
220.011 7.287016230945354
221.042 5.787646491672905
222.075 4.520692941287096
223.295 4.455157725233648
224.382 3.3414219215551304
225.513 16.064185085228246
226.533 17.878029430226082
227.754 17.758041502597628
228.766 22.036194977389
229.785 20.667836544018183
230.793 20.75668348759966
231.794 27.46911769618727
233.017 22.462741341864046
234.026 30.974727833797083
235.03 26.017762282867878
236.11 26.44245672423381
237.117 26.97511956334788
238.129 30.352192836965884
239.13 27.474422516465577
240.137 28.480810117922083
241.141 16.0930113708895
242.142 18.408863423560987
243.149 18.507281613311168
244.462 9.286797114032582
245.501 7.740677470807148
246.734 3.8501637617515647
247.754 9.665320300528473
248.785 5.284372883698256
249.953 3.03387014253691
251.045 4.042564861084967
252.046 4.406032231215282
253.118 6.1791062291189505
254.137 10.184005688280983
255.245 9.074830046183779
256.278 12.808630000329241
257.297 11.945176116423891
258.309 12.430332928351406
259.518 8.166766564851159
260.542 9.836103123077494
261.549 9.369368992501867
262.97 5.731993734476014
263.974 10.594561096865306
265.014 9.015542215124507
266.167 3.6001740837224814
267.195 5.552165357982078
268.287 8.552886095889882
269.299 9.91525704782233
270.314 12.334923805384761
271.315 15.214982646396683
272.479 17.017100374514992
273.487 21.53287371699097
274.49 26.45343877572283
275.491 26.233473466079623
276.498 20.47720321454191
277.503 16.715006002838713
278.51 13.115233299246956
279.511 18.38290769535416
280.535 22.30819298595469
281.542 19.442146893275392
282.558 23.305715357731778
283.562 26.511525346421674
284.563 21.958924996874927
285.567 25.772769668822924
286.574 24.247361965615806
287.586 27.14430453340814
288.594 21.298824831854198
289.699 22.611625191305766
290.703 10.852965026072175
291.706 15.979536387426231
292.711 19.20438665252626
293.718 19.322369633390114
294.859 17.22283623388371
295.99 19.52562610645869
297.122 19.07413184789644
298.29 20.20929340595399
299.303 25.850317575955515
300.31 20.576264281686072
301.311 20.430189441578605
302.315 23.017216657716993
303.326 22.562404532661134
304.334 26.376594414662314
305.335 26.75713501953411
306.347 29.010794047712892
307.359 26.29782530295544
308.366 26.570777146574716
309.558 20.48668444339731
310.559 25.84091675884737
311.574 21.24461133525538
312.578 24.0714215763766
313.591 20.047709009998687
314.598 21.61640548661679
315.603 23.0779097420051
316.722 27.17820776065907
317.87 23.585651859392964
319.07 21.876767538710354
320.094 25.363478115335397
321.115 27.190151651954626
322.122 29.787248564144647
323.134 27.145054127510903
324.147 27.513839665820008
325.226 23.40167178792903
326.726 16.986079024601555
327.806 11.01745616924147
328.818 22.07423688214621
329.947 13.905566978638038
330.974 12.348866383020676
332.158 10.826395740683186
333.171 11.623715014973984
334.199 10.599588410665042
335.21 6.8214887123169925
336.37 13.580710564438833
337.591 18.240003549487177
338.602 15.691532592880638
339.61 15.343730651775871
340.622 10.435100613325028
341.63 22.52720519445577
342.634 25.08388141598125
343.642 24.263945756114794
344.795 20.315784986200594
345.802 6.424844687014462
346.803 15.450668237022928
347.834 14.558513514778303
349.055 15.081699888077027
350.247 17.091169948955034
351.254 19.45005671233493
352.318 14.161165621714416
353.487 17.905206125379088
354.498 16.520889698127007
355.499 16.447974466175534
356.511 18.643156910724834
357.514 16.07653447252308
358.538 21.484968011711054
359.763 14.946841298665941
360.771 21.88037234308122
361.79 16.605959275266144
362.823 14.074108251008502
363.915 4.192213236440714
364.922 8.83112463912749
365.935 18.595547690476852
366.954 12.105231761379207
367.966 17.240478796873838
368.987 18.212644635065157
369.994 18.1434299370465
371.006 19.41017915786878
372.019 14.07845910845834
373.027 16.193398347063756
374.299 12.319919826793152
375.318 17.59123204781059
376.331 13.62802330240477
377.51 13.858892704593458
378.53 14.950500017259372
379.542 14.967896634357748
380.543 14.957319942819753
381.551 15.746372502142815
382.562 16.444543048699785
383.583 13.698072342535902
384.591 15.370276263085888
385.595 14.597366406460996
386.614 17.07402898114877
387.635 15.225281286765275
388.646 12.229157531226134
389.654 10.271246612780448
390.658 12.661792530401733
391.719 15.233631657753403
392.887 15.03068734086813
393.891 20.202540525488995
394.938 13.593565459081141
396.138 10.61614135094869
397.23 16.37965911577884
398.239 15.798487888959786
399.25 16.997727985119855
400.271 14.910626464138488
401.283 16.590295743045758
402.331 11.80138406992914
403.682 8.065415903910038
404.755 7.011997666547633
405.822 3.286213167915611
407.107 8.075876884311706
408.127 10.622853378937489
409.134 7.425248467676443
410.194 4.405543215433515
411.206 4.789344629954183
412.238 13.711078751643969
413.258 13.782154751401059
414.279 15.793851777914318
415.479 15.503985155111536
416.498 17.172295702683435
417.528 17.399129677819303
418.582 14.100539995715812
419.583 19.4383774906696
420.59 3.7795752022099447
421.67 15.291018229591204
422.682 23.738898162791926
423.683 20.734269323373002
424.695 19.427045026982654
425.762 20.071512489184546
426.775 17.044857839482187
427.807 13.826613342996701
428.848 10.016694566433742
429.874 12.13742900158175
430.914 5.9997849911291645
431.946 8.547360975680602
432.959 14.695889402863195
433.971 33.36143868242956
434.978 26.49054898196343
436.099 24.281461794088294
437.111 29.153216942173078
438.118 23.488395994861506
439.143 16.08745905880925
440.151 26.113571632056075
441.27 28.097971880197907
442.422 25.482707349226693
443.423 30.064690519003456
444.562 19.70617228140071
445.575 24.21963000536953
446.582 18.80728975009158
447.614 13.072434433386888
448.634 14.877358309748741
449.646 19.227090778817587
450.655 16.181108503885785
451.667 20.25253562035326
452.726 18.20775523605016
453.739 21.513083684448134
454.754 16.895054535250186
455.758 18.175165253560046
456.767 20.32308885118159
457.871 20.811217534433293
458.883 19.537797567412547
459.922 10.737068749836917
460.93 15.606394712312383
462.05 14.102480111564994
463.063 19.720326710748072
464.095 15.130254957258488
465.234 12.299936281885913
466.254 7.855754387827446
467.275 14.671570527478108
468.506 15.883541455929244
469.675 17.39786918770617
470.698 14.70906901730277
471.719 6.863895903153531
472.747 17.683182223573798
473.755 11.267647654334972
474.778 13.288845966520585
475.791 17.159245319741213
476.798 15.703815747529228
477.81 16.94032731013479
478.818 18.276508681660246
479.823 24.337130260128962
480.83 18.246257584701976
481.831 19.730142610907222
482.843 19.700459505017992
483.854 26.85601253866896
484.862 21.316698339964297
485.914 18.629965620694914
486.927 24.142742028505314
487.946 24.441613651874363
488.995 16.26483462757826
489.999 21.189122193754315
491.099 17.420831157177318
492.107 24.4509590936221
493.119 20.74145842583361
494.126 23.225300346978198
495.138 23.46117351815601
496.159 23.067690534353137
497.171 22.65367318514825
498.35 23.10464230148767
499.562 23.03166656575645
500.75 23.041111863341584
501.754 28.941240069415173
502.803 13.497683050203657
503.902 13.971606845899808
504.923 16.262490572141722
505.935 9.525468072970003
506.963 11.10433071594045
508.026 10.2505897329998
509.034 14.315927426829488
510.095 10.51443395954296
511.105 16.856223284650813
512.107 15.39493415606478
513.114 15.458046369936335
514.147 8.428566152321054
515.246 3.541003797665493
516.259 25.612498831992596
517.278 19.428894185341896
518.299 22.807273733114645
519.318 19.93083613237781
520.343 19.634511671471035
521.538 18.1339346870426
522.542 20.930718264547448
523.562 11.843289714202646
524.63 14.332223922866833
525.635 9.551432001622123
526.643 24.688958964769892
527.655 28.680035614723568
528.674 28.14448238675768
529.767 23.14825223767063
530.946 27.49468036741049
532.126 26.97058227022369
533.127 33.69318765052558
534.135 19.321826692765534
535.147 28.199733142231025
536.211 23.539618126642868
537.215 25.065181131667714
538.43 23.11028292882016
539.442 28.456094352638647
540.45 28.05425832846668
541.463 20.10524036351392
542.47 29.627922208937967
543.49 20.25582207641332
544.495 33.817232221859456
545.503 24.84455255633375
546.514 32.84669213481976
547.522 21.983097979154415
548.526 23.823406694150183
549.527 32.13811745123408
550.555 23.050083089164765
551.579 32.93640706850126
552.586 32.46189737696587
553.587 26.221727078252783
554.778 22.654495945024273
555.97 13.711883665493062
557.031 15.160346639351486
558.05 13.761435464231901
559.071 21.111094340628604
560.078 22.671801342587518
561.082 23.773161485751896
562.083 20.86006934924582
563.087 29.974855786290064
564.282 27.361586482231175
565.294 36.91601429537907
566.303 32.53739174489979
567.307 39.53580116649383
568.315 28.86609188086935
569.326 34.38638082873204
570.334 19.8181457916452
571.343 22.883985626251327
572.347 24.58785165129136
573.359 37.1723755057867
574.366 33.78361668296767
575.386 27.72420823038153
576.39 17.304563126616113
577.391 32.13811745123408
578.41 27.242215216240528
579.411 33.43400928405602
580.422 31.7354450804485
581.431 37.79714479847798
582.45 37.17162076228485
583.515 24.84753951241977
584.523 13.724972806067091
585.542 34.371019197918685
586.548 41.00454238625531
587.562 27.112828237476144
588.574 23.5852313553442
589.595 19.05760613923858
590.607 12.818060519219626
591.635 7.823505731697708
592.679 2.4850339550676814
593.748 4.611144390327845
594.872 3.4622448163973587
596.013 3.4106600995961345
597.033 2.7978558764731356
598.193 2.907489727424683
599.233 2.7440509557699055
600.254 6.098433964562036
601.437 2.6316572602738098
602.577 3.186075112915209
603.793 3.2002986625264382
604.957 3.3432673312978745
606.017 3.426533611993309
607.098 3.1228593368574025
608.157 3.429769243375425
609.38 2.757717157652033
610.481 2.8276571652197346
611.576 3.0800804418329326
612.6 3.2936407068501254
613.656 3.6851923992836437
614.696 4.989183555949593
615.735 4.993985465033811
616.739 4.914569644345753
617.759 4.832660150252384
618.799 4.989183555949593
619.859 5.13980041801367
620.9 4.989183555949593
621.919 5.092002844140492
622.924 4.879503095824619
623.928 4.39286679625602
624.943 5.112069850418848
625.968 5.062195998229353
627.004 5.008446812908276
628.044 4.240806022540561
629.064 5.08701068448368
630.128 5.120477860042301
631.207 4.984390872401889
632.243 4.758024472255751
633.307 2.92598734860576
634.368 3.6678257998488366
635.428 4.895048017153619
636.448 4.578309616044795
637.467 4.837402701927541
638.511 3.9760543281035488
639.551 5.488101911539811
640.795 4.7966748656806315
641.796 4.924388964296644
642.851 3.934597837473964
643.856 4.39286679625602
644.972 3.952005612401775
646.031 3.919736278123024
647.115 3.35066939919757
648.212 3.7839568993022836
649.276 3.901316464783974
650.279 3.6212618432046293
651.3 3.815258013374613
652.455 2.8892072607106853
653.491 2.7546457471066637
654.691 3.4591672654507986
655.694 3.362600282962181
656.695 2.591783665430515
657.7 3.097761730262231
658.779 3.1257535531241896
659.799 3.0522064106807254
660.8 2.591783665430515
661.92 2.7796879811624335
662.943 3.2968602969841077
664.063 2.5480473160754418
665.16 3.547459593101818
666.32 2.907489727424683
667.423 3.5281624420881768
668.508 2.391129446164037
669.588 2.402199489888486
670.649 2.689738919889147
672.628 14.587128167581122
673.708 3.1228593368574025
674.773 3.6540499282830807
675.833 9.061564034087214
676.874 3.7382931543132694
677.914 3.492428489155233
678.965 3.7027242375109357
680.013 3.7133236389608877
681.038 3.796646998666089
682.057 3.0552017064842953
683.078 3.5609074791433173
684.137 3.6747527607492247
685.177 3.7418876669503423
686.238 3.6678257998488366
687.277 3.745489098775358
688.317 3.492428489155233
689.357 15.97122268140647
690.477 2.5480473160754418
691.772 2.404054470207351
692.853 2.879972746435067
693.932 3.3661961341300954
694.952 3.0522064106807254
695.992 2.9935101335650147
697.036 2.733537350581561
698.06 4.818488126350447
699.093 4.269543333450982
700.116 4.057674211667277
701.12 3.110140398511877
702.152 4.2736804878284484
703.252 3.541003797665493
704.273 4.8279268886175375
705.376 3.5281624420881768
706.397 3.811521227857199
707.512 3.4901911871242395
708.532 4.3239590818134985
709.576 4.473061119107603
710.777 3.8883229045431524
711.892 4.4209088370192955
712.897 4.904789406228777
714.016 3.7095627511645395
715.037 4.319724058225515
716.077 3.991346844745451
717.112 4.261293008160935
718.156 4.224557723617429
719.273 3.71620476145461
720.332 3.919736278123024
721.357 3.2904273988550066
722.572 3.8435191838263187
723.696 3.923877458594736
724.717 3.5609074791433173
725.737 3.306556944912021
726.892 3.8185612670674676
727.976 4.308003513237086
729.136 3.8021019512604273
730.157 4.0656226430413565
731.252 3.0800804418329326
732.257 3.8722021628159355
733.313 2.9481539194269146
734.332 3.5644019908864912
735.378 3.47239543854351
736.456 4.0913156432747195
737.475 3.309801848697246
738.556 7.452437598763347
739.616 2.6922764094368605
740.716 2.59673611829435
741.733 2.551008307853942
742.754 2.7951155670968597
743.773 3.5644019908864912
744.853 3.1228593368574025
745.873 3.306556944912021
746.99 3.0194163686789066
748.115 3.2285561144207455
749.118 2.5891970549727485
750.274 3.1419771874877642
751.334 3.426533611993309
752.454 3.706250641557814
753.514 2.6922764094368605
754.517 3.1039387227434387
755.634 3.0221219389080254
756.718 2.6326688136620064
757.733 3.5784488952955646
758.753 2.54350534224184
759.849 2.603843972615573
761.353 2.932472249644242
764.133 8.24133612197495
