0.0 26.14191609437443
1.193 23.13075457705803
2.2 22.32823737295492
3.212 20.838390656747332
4.22 20.25010176965612
5.452 19.380724625029337
6.46 23.920842988589055
7.472 18.331472436111873
8.48 25.714645799899856
9.492 25.925441795409604
10.5 23.766560616859547
11.502 25.861112547647572
12.504 24.91623290782995
13.52 28.616222193485076
14.54 29.492805469709506
15.56 21.245587818852563
16.572 23.461199521342078
17.58 23.40099983797286
18.6 24.622980964050054
19.616 27.901191995575125
20.62 22.896545382024172
21.64 21.880706318168656
22.652 28.922546118118547
23.68 22.04922028518896
24.693 31.30182763501541
25.7 24.64063969976188
26.72 27.782258490114796
27.732 24.393805987319443
28.832 25.904009856612422
29.992 27.733571429722655
31.22 28.21588381247202
32.232 33.475169118373906
33.24 26.14997758767299
34.245 28.965705526838843
35.252 36.06356094367419
36.256 21.739454608207875
37.26 30.502680794341142
38.268 25.89408504228887
39.273 31.011663140122256
40.3 21.6474628321563
41.312 22.861191373107275
42.32 30.650502466866175
43.324 25.28531429543103
44.333 34.917686812345224
45.353 25.838252049672455
46.36 22.20783663923025
47.368 33.070278977558125
48.372 25.771118777873305
49.46 27.99892955451552
50.465 35.86566258818877
51.48 27.001368235061285
52.493 25.937789246072846
53.496 21.616348489073086
54.5 21.46142921594572
55.513 29.161531728218584
56.536 19.86913263795784
57.552 5.715951793668217
58.56 28.230725956421857
59.561 21.930282221481708
60.593 5.706614922522298
61.8 4.715256298944009
62.812 8.837444647218021
63.852 20.81568386073681
64.86 27.692997843072334
65.873 17.967807604623985
66.92 24.84951006819248
67.932 25.80798506175911
68.94 22.636073735057312
69.947 22.876139404616392
70.96 18.97556937427028
71.979 27.089598631724158
73.044 9.161069380787815
74.059 4.543643467546702
75.06 6.768605623925419
76.093 6.418929011135133
77.1 14.533076798214063
78.292 15.294053125873285
79.3 21.509124538215566
80.532 10.40304502748434
81.561 10.798458441642536
82.572 14.475576988923871
83.58 12.814084528205191
84.601 12.475713566632395
85.633 9.191399148610529
86.712 4.018757652365511
87.772 6.772979694536682
88.78 19.089348027672195
89.953 14.088804705638474
90.961 14.518659063309745
91.972 16.62010691320522
92.98 17.432139163412305
93.993 17.924978218340044
95.0 11.003879474704888
96.001 29.781864745301558
97.12 29.00147970236701
98.132 38.05617749572176
99.192 32.4736517470567
100.204 25.17332717702312
101.44 8.613152334763326
102.456 16.00482101465383
103.46 17.018745250673433
104.485 25.11846055831133
105.492 18.570042575509508
106.493 19.7504745506675
107.5 26.643974130026102
108.513 18.185279191624193
109.593 23.274298306376675
110.613 23.381683615668837
111.725 20.611672401887297
112.732 26.643974130026102
113.741 21.46601316635375
114.752 35.95164114390871
115.892 33.1115395557053
116.893 43.58982021793408
117.913 28.915177819399773
118.96 31.453377871756174
119.964 41.57002515331919
121.192 32.10597750339918
122.193 38.987168393723245
123.2 29.695503183322568
124.213 30.842829600268814
125.22 27.46002354730895
126.32 32.493520550805314
127.336 32.54313606306507
128.34 26.72358759856234
129.353 15.68533378091104
130.372 25.532322906234786
131.373 13.624886461038153
132.38 27.080525156297355
133.404 33.37288923216018
134.413 40.54213607238013
135.425 38.38055384210879
136.433 39.87698137264787
137.444 38.89409923453498
138.913 34.90194727305034
139.921 50.815306721559345
140.924 42.835883709589325
141.925 42.68120418231139
142.993 41.82521451118945
144.092 39.02737991660805
145.1 20.433668311318407
146.108 17.207299630577403
147.32 19.866284356958328
148.321 35.73823769416376
149.324 35.12656629469424
150.332 28.205569085514718
151.345 40.262165496500586
152.353 21.999093904759537
153.36 34.179643580895046
154.361 27.690721849752798
155.972 15.118611783188623
156.977 29.393663324182633
157.98 38.18433942119594
159.025 32.63228311164738
160.032 45.75227880918325
161.034 31.32812801426011
162.045 39.4057373588679
163.056 30.478818021150033
164.061 37.483662404128395
165.065 27.577395882727817
166.073 34.987036736477954
167.08 27.541077636229332
168.092 31.868361000549314
169.1 21.001073670809234
170.113 21.372059326790822
171.12 26.643974130026102
172.16 11.091322664062579
173.32 11.915313300236248
174.332 25.441128529993883
175.34 10.485698212395874
176.353 7.829368268220249
177.372 18.085395391916304
178.393 16.988205707755274
179.401 25.061746387168466
180.412 24.36776993828042
181.413 33.0307954446134
182.417 25.082468232077087
183.42 30.80329659693906
184.433 25.48661393013522
185.441 33.60800709090765
186.445 36.44125581624389
187.54 24.648908783493912
188.545 33.43866286415551
189.761 18.27568048757836
190.772 17.52561429443137
191.78 26.07981350252849
192.801 28.136715703448782
193.805 29.69287510951371
194.816 25.222525012225418
195.833 25.45455116667566
196.852 23.93655272458273
197.856 16.820240250937424
198.86 21.59481826148703
199.88 12.027240964066669
200.881 17.598374622176372
201.945 12.226239211195173
202.961 15.734564168591984
203.993 17.332352680217188
205.001 15.594115290206904
206.02 12.766161453117393
207.041 8.773514131962866
208.045 12.956890956892217
209.06 9.345343764888748
210.081 8.228662139687383
211.113 8.92878774435956
212.132 8.209234395664566
213.28 10.859484827845462
214.312 16.28190706323808
215.321 11.231423969439492
216.332 14.475576988923871
217.336 15.386308011300223
218.34 12.098346966986488
219.365 19.830363598660327
220.38 14.948646371455222
221.381 21.1180495466166
222.385 18.341783047128388
223.484 19.728114226146797
224.505 16.993250633626186
225.513 20.453959938239127
226.532 15.008949564143169
227.536 20.785012576684363
228.544 20.433668311318407
229.553 16.452976843289544
230.564 23.58982916714437
231.572 18.041800204324666
232.593 18.84629070704991
233.621 18.19069345673968
234.633 13.981658062964808
235.652 17.287510301077894
236.66 19.89594019786983
237.673 16.670605233548176
238.681 20.16480425459412
239.693 17.837371109476063
240.7 23.68353256007548
241.713 15.95345747317751
242.732 22.074820846009295
243.745 19.997412038045127
244.772 20.055635499327195
245.773 14.80622584609406
246.78 24.76005676734601
247.793 21.825581458321615
248.812 28.72386326939031
249.82 20.16480425459412
250.833 10.257344664553614
251.841 11.303504176402475
252.852 12.331047064642522
253.873 13.006594995012902
255.04 7.435504423652469
256.046 14.54752319664118
257.073 11.875047335114584
258.092 8.433007724012105
259.113 9.821306424804144
260.161 9.568276583695535
261.193 4.7106880473702795
262.201 18.87728346832084
263.212 17.417643169790633
264.22 18.282755857499325
265.233 15.57679355536878
266.252 13.75515790948138
267.273 16.988205707755274
268.56 7.159680615524386
269.573 4.675365286845833
270.752 10.80381980621597
271.753 14.62018814767098
272.764 15.359921245910279
273.776 20.620704176866816
274.793 16.32920239452977
275.812 18.395489621899692
276.821 25.7853687229131
277.833 20.526347267418373
279.032 23.6075175656724
280.06 12.390762209674385
281.132 4.550624482531399
282.133 15.427868836293229
283.152 11.702314665357608
284.16 10.485698212395874
285.172 14.329134233628176
286.179 21.422280871759256
287.18 19.76432842184142
288.192 12.953128597773501
289.199 16.01231391711075
290.312 24.32734672303766
291.32 33.23065402878633
292.331 32.52635029257096
293.332 28.19440902265213
294.339 31.006926861323034
295.411 27.398921180732074
296.48 24.964870225187678
297.491 22.249497964468528
298.507 12.697002012563994
299.531 8.204554731085103
300.539 23.87878384522226
301.559 35.430095196434685
302.579 39.18894789282142
303.58 37.57684430965463
304.592 36.388291876398924
305.6 34.565147409794804
306.606 99.00535581187384
307.618 33.11027019875364
308.639 33.31727244901599
309.651 35.08824159516143
310.658 36.68527254882614
311.659 34.608751369737845
312.666 34.754891530827614
313.687 35.85525822496198
314.698 55.75777803136461
315.706 42.33154511863186
316.719 50.56449079494871
317.726 21.523991949086117
318.727 31.575149410611072
319.738 45.07275174211573
320.739 45.188754862314276
321.746 45.02436587657701
322.758 43.25128882929297
323.759 39.36379577686179
324.762 39.69633821212996
325.879 41.245973428335375
326.887 47.320073984168346
327.899 35.47291239823825
328.906 35.261676318646686
329.919 37.187641378273334
330.927 31.72595869381286
331.946 21.313680463311545
332.959 31.600559647578553
333.967 30.305774721632915
335.039 35.07957843055371
336.047 44.36256936012687
337.059 26.820853629097332
338.066 39.02400251364958
339.082 33.18270493418134
340.106 34.141534203547685
341.119 48.397402075896835
342.339 48.42190626207774
343.346 33.10311937369881
345.519 5.4876477882983945
346.55 39.325386365340066
347.578 11.336229255649007
348.607 10.008327336165555
349.615 15.325251233482614
350.626 16.88817315374039
351.786 6.308107041303
352.815 6.584425879049118
354.299 6.730278758650172
355.306 27.98962938908331
356.506 31.39768511452803
357.514 23.660036992059407
358.719 5.622717202945883
359.727 31.60272933463257
360.739 33.475169118373906
361.759 27.516363314144492
362.786 32.988943225732115
363.807 26.496920765127665
364.815 28.19770756357292
365.818 37.01799678749309
366.83 30.725506981139453
367.831 42.236099093282725
368.839 32.38671962873368
369.847 42.2116569062335
370.858 31.056688886097742
371.866 34.95232737465292
372.879 25.27285813468071
373.887 33.070278977558125
374.906 24.770988106996583
375.918 28.119142059453885
376.919 28.42814362040256
377.927 15.193374199819655
378.939 30.529354235943135
380.186 26.066366328145456
381.187 31.406330095081298
382.19 23.658287548632057
383.319 19.587832592500828
384.327 32.80141492075955
385.335 21.695639150674126
386.386 22.45338684612503
387.399 28.62645775158128
388.407 25.360680765994953
389.419 24.469174058119783
390.447 24.156359049675313
391.459 30.261552882972364
392.467 23.561374889349654
393.479 22.350841864974896
394.619 16.165805179256306
395.798 18.877446999976573
396.807 19.876221723925596
397.815 20.971396424766986
398.826 22.517564205003694
399.838 19.125479956257838
400.858 27.63289881853573
401.866 33.33914303435671
402.882 27.78614759479226
403.887 39.10166222031565
404.899 23.688478301153896
405.906 19.646566782780038
406.918 9.704862625969835
408.179 20.63238464825003
409.259 20.094260196037265
410.266 15.340469953673152
411.27 18.08566029399229
412.287 20.252839388215747
413.306 14.88063471035011
414.318 17.94269064740681
415.327 17.996038587876235
416.339 12.848983627179264
417.346 17.493518368238977
418.374 15.554361071700997
419.375 12.995722797916002
420.466 12.600799307205193
421.47 16.19611369610289
422.491 13.537476423368645
423.514 10.067027203230982
424.519 5.4664659963177655
425.527 5.108417077835793
426.539 16.871485235622806
427.775 20.239473449703
428.778 34.8563619386155
429.786 31.471638453015206
430.799 27.159502379304836
431.826 34.418154169408794
432.967 34.82905099075996
433.982 36.397654663276974
434.986 34.78257487415145
435.991 39.5225235270942
437.038 34.25927901070734
438.135 36.82793892651611
439.299 38.39664662554371
440.306 38.077912434653
441.322 35.52317601887498
442.326 40.00546636312075
443.339 42.06340972881551
444.347 39.10399720966149
445.362 36.847355415839985
446.379 12.436538406648912
447.386 24.490925715509807
448.398 30.261552882972364
449.415 21.988301704575502
450.427 13.549221521545036
451.439 15.264677117946801
452.446 24.351245125757487
453.459 40.271411494103546
454.466 45.75227880918325
455.478 39.6682711664368
456.495 30.808790388579133
457.506 34.58054502918534
458.518 31.534588115470253
459.519 35.148656520283296
460.527 36.64963000178177
461.538 31.89988262383365
462.539 23.284003346281647
463.559 22.58458076513749
464.578 11.454822530690112
465.59 12.586663588486795
466.599 20.95061208738237
467.618 17.287510301077894
468.706 14.151234063184603
469.719 18.727589183320756
470.727 18.013891800775035
471.739 12.43631896926558
472.746 22.607008352780188
473.759 16.915651904882427
474.767 21.509124538215566
475.778 19.300769318581672
476.786 18.99953013737603
477.807 26.013189989976276
478.826 18.88328048272995
479.847 26.544071418282492
480.855 19.215328919742607
481.866 14.475576988923871
482.898 21.79674655240935
483.899 19.69446532871009
485.098 23.474012003579666
486.119 18.84629070704991
487.127 20.184828886427685
488.138 20.335019039003086
489.146 18.55555067529357
490.178 17.06974127596622
491.186 16.427633173680483
492.207 14.864679994282769
493.239 15.756684254736141
494.247 13.157829583189537
495.259 14.9968757650008
496.286 9.805401739625566
497.287 22.201026446436742
498.299 22.635478683085722
499.347 26.105198417525337
500.359 23.566519059272824
501.399 20.029719115159867
502.406 31.488333062780633
503.407 22.045467264571517
504.419 32.93956641243238
505.426 27.74804098876116
506.439 25.391372326939663
507.451 26.660133665012538
508.455 25.91378191373491
509.458 29.151850236255513
510.478 14.902171859193912
511.499 36.40103017428153
512.506 26.85624927987037
513.507 30.931736051498607
514.527 32.14981497156323
515.539 14.015328993294458
516.559 32.68121687193397
517.567 23.542900312353062
518.578 26.806624053516863
519.587 22.293600041703343
520.602 43.642638272531016
521.606 17.005919380930322
522.613 18.839173627320946
523.634 15.831753473461859
524.645 22.249497964468528
525.646 20.50273975466837
526.666 28.430001668968025
527.669 23.85264506793936
528.685 40.0120525367584
529.686 38.46487745101132
530.794 21.19119266344217
531.805 39.4243530697823
532.825 40.652245377247475
533.826 26.417353177712055
534.834 18.94626832496358
535.873 18.519790964297894
536.946 21.98766484148723
537.966 44.63775962990423
538.973 34.18672597714654
539.986 46.55143596992133
540.994 35.31100932157431
542.202 26.165819075300803
543.205 23.777983337975446
544.213 12.367746609490665
545.226 15.468253329851285
546.234 22.3157167084132
547.242 23.122308878586065
548.253 19.299985499161714
549.269 35.477353249176566
550.286 20.18855579134535
551.305 19.41520387659746
552.697 7.400104995113023
553.817 9.687755824178899
554.825 13.980930949836402
555.865 13.029565826044667
557.464 4.756507028257631
558.465 17.327630397221338
559.985 10.324286681381228
560.993 21.77798859496462
561.997 21.725247490937587
563.017 26.038693117423495
564.025 25.396292017050865
565.037 25.3843577753136
566.044 22.289677660850096
567.065 32.118326416116865
568.084 14.800535134962521
569.876 3.175956670097459
570.897 9.555865710626271
571.924 10.36153821569545
572.945 12.210272852454521
573.964 10.638467877597826
574.997 8.5338961200217
576.004 12.649159435484446
577.02 14.67108593011173
578.025 13.990139490986458
579.037 22.495313647488818
580.044 29.066153596527187
581.057 20.77381689454527
582.065 22.85344482186178
583.073 23.391172935310355
584.076 16.898833254111327
585.084 24.466629162232277
586.097 19.036782150102002
587.256 25.43248125507504
588.265 31.963113312764797
589.273 27.977191867793625
590.276 28.17611228352882
591.297 20.819438822934814
592.324 21.946846741585542
593.337 20.60034810167512
594.356 14.486552576077063
595.364 27.15526972947517
596.377 21.75165676419006
597.38 15.713133875646125
598.456 24.033769077954997
599.625 26.74879942032992
600.645 14.879253209984586
601.836 7.736783335172175
603.078 2.613397825066501
604.097 23.638706730629714
605.105 17.37357082354675
606.113 24.197765105507987
607.137 19.57152343204186
608.145 28.768454069771384
609.157 22.13589604222114
610.164 38.21660935831431
611.177 31.67262451344501
612.184 28.848763382861087
613.196 31.011905650477914
614.197 31.710719435670132
615.204 29.737013893626134
616.213 30.518223202191244
617.337 29.437189833376646
618.417 27.352436704361743
619.425 21.52484758247062
620.637 24.51059920035006
621.644 28.25876044094428
622.684 23.192627170356534
623.697 11.43896636301051
624.705 22.04685265168891
625.724 16.271295542374656
626.737 20.867885089993766
627.749 16.871485235622806
628.764 11.481422339723999
629.796 3.6765596594392584
630.829 8.593036760419634
631.869 5.472417646946685
632.96 2.7325065636946544
634.0 3.9088697478084478
635.024 3.175956670097459
636.056 3.413948255188291
637.16 2.9458148824060073
638.32 3.5045039118239933
639.64 2.6690868177025693
640.796 3.751072237810616
641.9 3.9277531765413434
642.956 3.593001485365033
644.016 3.0680939907445364
645.152 4.055681757111738
646.236 3.0001657105000703
647.272 5.231949211997711
648.356 3.0001657105000703
649.396 3.422927899532133
650.496 3.2029041812331775
651.532 2.6159746059988556
652.612 3.011277435351665
653.672 3.0680939907445364
654.772 3.449281425941517
655.852 2.5093978627847995
656.872 2.9227104519647957
657.972 2.7101496918164982
659.032 2.812419491513761
660.068 3.139169527188721
661.208 3.3282540074939453
662.268 3.3237684899753117
663.296 3.6517443248452883
664.316 3.454112352310775
665.396 3.513157007918531
666.48 3.500193328920876
667.536 3.3363585221158294
668.66 3.6167478093622445
669.68 3.985514252681518
670.716 3.895469203130794
672.02 3.117503479846621
673.08 4.857815485335197
674.136 3.8496444486142374
675.216 4.015036580460632
676.236 3.985514252681518
677.26 3.7052827817803693
678.28 4.251215202842126
679.296 2.647847400049748
680.316 3.985514252681518
681.38 3.820699753507778
682.436 4.106287411838677
683.48 3.137696132888083
684.516 3.923961909010665
685.536 3.985514252681518
686.576 3.9088697478084478
687.656 2.5888254413513305
688.7 3.893893235359993
689.724 3.7052827817803693
691.06 2.858957855015725
692.136 4.029962367024428
693.14 4.049028424038105
694.16 3.985514252681518
695.24 3.764096794189581
696.28 4.16946106432736
697.296 3.1028839766750695
698.316 3.985514252681518
699.34 3.969945837621824
700.42 4.015036580460632
701.476 3.8496444486142374
702.58 3.4367840294860574
703.64 4.090791987642873
704.836 6.2108840474696505
705.896 2.556744992282986
706.96 3.5659864366006557
708.196 3.2890166162924963
709.236 4.16946106432736
710.536 2.539165213949455
711.596 3.8351174884120973
712.776 8.976245990242749
713.9 3.1345147681271524
715.076 3.9177333980426456
716.136 3.579442989181322
717.436 3.335568851456935
718.516 3.767585299095762
719.536 2.9227104519647957
720.556 4.251215202842126
721.72 3.0267994839946466
722.796 3.526217071146374
723.836 3.3876871147706233
724.896 2.812419491513761
726.012 4.614054134809042
727.032 3.191540363279348
728.068 3.6623644484033506
729.072 3.2392227392106725
730.128 3.593001485365033
731.192 2.5471331689969308
732.212 3.454112352310775
733.232 3.454112352310775
734.252 3.985514252681518
735.272 3.454112352310775
736.296 3.7052827817803693
737.316 3.7198133024961466
738.36 3.6343003530191695
739.364 3.2392227392106725
740.42 3.593001485365033
741.48 2.635241549069578
742.544 2.801846485904053
743.624 3.011277435351665
744.704 2.5093978627847995
745.868 2.561138024903308
746.908 3.3876871147706233
748.108 3.1618413071192477
749.308 2.484303884165124
750.372 3.5659864366006557
751.408 2.8775720666061706
752.009 3.156580339897518
