0.0 27.779015496066307
1.009 19.074154387356803
2.016 25.162905129352804
3.029 40.56272571587682
4.036 33.49243008300604
5.037 43.90225967954462
6.048 46.11818705079249
7.049 36.670831009287156
8.057 35.483627936328354
9.076 32.053354519707796
10.209 35.029237940687395
11.216 40.17014483363065
12.221 34.618294459375
13.228 37.63308305466041
14.229 29.01402418187562
15.309 19.713126631228683
16.476 6.385228677494393
17.485 31.105012536993048
18.489 28.41517615610188
19.516 23.304182846265196
20.528 30.925454387102988
21.636 29.28652210094773
22.641 35.80139176862882
23.649 30.924658613248724
24.656 40.381566648577255
25.669 35.18558045621952
26.808 11.215194079957158
27.816 19.22029846551119
28.817 20.931839197310016
29.836 23.191458494193718
30.849 24.379669342260627
31.856 22.709917522479785
32.868 27.76979577626543
33.876 26.066780979191908
34.889 35.51865619687562
35.896 26.72693200568722
36.909 34.46780838045756
37.916 33.915273712899264
38.929 42.66442134890746
39.948 26.830053057021765
40.956 33.582719296965564
41.977 24.27522316709666
42.988 32.00897000793059
43.996 27.756477547449542
45.008 29.45281370205843
46.016 24.923024383794093
47.028 20.91423509308414
48.036 21.121207104873978
49.049 22.6983128357972
50.057 20.153306174096077
51.068 23.585556847795274
52.088 20.124477942373716
53.089 27.436891131671484
54.108 19.63961349955943
55.116 14.99605704451694
56.129 11.016080677281408
57.136 20.085072416815326
58.141 29.869800232937003
59.276 3.829456530665176
60.376 8.531582673212052
61.381 13.557923510008216
62.396 27.058451253891292
63.516 11.104196724811525
64.536 2.2959994547081766
65.556 7.305452810426264
66.569 18.494921569969353
67.576 32.13611586682671
68.588 20.704319206030675
69.6 23.35187372093721
70.616 12.153841064809056
71.652 5.54859819081432
72.656 14.295633705520077
73.668 19.35470614708642
74.677 19.201249606777665
75.688 15.249579701712799
76.696 17.319389826070587
77.708 14.305652369590693
78.724 15.506624806826018
79.736 10.098107555010916
80.768 8.131363126983386
81.776 2.956968994694029
82.841 2.3988931562522424
83.856 15.312146833603581
84.869 17.250933739796533
86.196 16.27089400101907
87.209 25.01017803211146
88.216 19.45080697205331
89.288 17.559471418223396
90.301 21.016956329528316
91.316 26.219429509572524
92.329 22.78557622170832
93.336 26.639148679187542
94.348 28.400927498510754
95.356 21.420115416045707
96.368 26.928286813271658
97.369 15.526302733380655
98.376 11.715983146909647
99.396 18.15926841446591
100.409 19.54576938654304
101.416 12.473887079904598
102.428 7.66093028083337
103.449 12.094321764784553
104.469 12.523633389285493
105.476 13.319574339554862
106.488 13.72878461821672
107.608 4.4510164867499595
108.616 16.26332947081716
109.628 20.827346832150436
110.748 7.2234528298898555
111.749 14.67554641922814
112.756 11.927404961817349
113.768 13.253766165945748
114.777 14.13718377641359
115.788 16.42565566192343
116.796 14.661329142451017
117.808 15.567915813964625
118.829 13.34545849906389
119.836 17.97085426766049
120.848 16.28639715072191
121.849 20.843529696853324
122.868 22.98252643566293
123.869 22.42066274705746
124.876 30.65616316239498
125.889 28.670323994038505
126.908 36.56311023860772
127.917 34.48105642386353
128.921 36.04910407866865
129.929 27.334053405433764
130.936 32.77038131166653
131.94 27.018846909713734
132.949 31.017403210999415
133.956 24.612713856610196
134.976 30.89162902698981
135.988 29.663190942806875
136.989 23.909486296804907
137.996 36.5759739801219
139.0 33.380453512014824
140.008 38.528293171088954
141.016 37.595748646796295
142.028 34.58921709426066
143.029 35.73176519471686
144.036 30.1096810444439
145.048 29.45281370205843
146.056 25.010720623860664
147.061 33.471123665286584
148.069 28.17890168965985
149.076 32.55895949671993
150.08 34.22866772552528
151.081 42.96319386497432
152.088 33.49243008300604
153.089 38.922101372691515
154.096 34.126695527651336
155.101 39.91435833046589
156.136 38.26060751401325
157.14 29.351435997159285
158.141 47.64235359289096
159.148 38.14386455917773
160.156 39.795565597330814
161.161 48.30010250441886
162.169 44.231019089371856
163.176 40.257928160324866
164.236 43.86885202884767
165.249 45.18645610850533
166.256 36.02949186197628
167.269 36.14916488672645
168.276 31.37821193392902
169.288 34.114823297915784
170.289 26.249066160860497
171.296 37.4216612397138
172.309 34.13473263980146
173.316 31.079006792288194
174.328 20.914696446779118
175.329 30.83991638812591
176.336 21.864230262693344
177.349 25.01017803211146
178.356 24.52493052991598
179.368 21.335450928276
180.376 18.375450181304558
181.381 21.607940594097478
182.388 14.041623110952733
183.389 7.656806827411536
184.396 6.76549807724101
185.409 17.864412880079616
186.508 24.102108275406916
187.528 33.18762848165908
188.536 30.924658613248724
189.541 31.352698116811318
190.581 29.768417417928543
191.588 36.15313035022868
192.608 26.8037490833182
193.609 38.922101372691515
194.621 40.059025353136555
195.636 42.79010895967372
196.649 37.917784779101
197.676 29.108710103695554
198.689 43.5050996020419
199.697 34.72647589216884
200.701 34.14062209817286
201.709 34.93753356844507
202.716 40.592988463329334
203.721 32.49986891089974
204.928 27.23717483274304
205.936 19.470141770311145
206.949 17.864412880079616
208.08 23.043690061401772
209.089 26.797348352362686
210.096 23.679243270324076
211.108 20.704319206030675
212.116 30.203326160061224
213.128 25.12224126135889
214.129 28.28764744578509
215.136 28.330523198371342
216.141 24.23800927206022
217.149 27.668781307577504
218.168 28.710441583604297
219.177 22.366290750735757
220.189 27.559418535516986
221.197 16.351025710844826
222.209 23.141496480188767
223.216 24.31350871496937
224.228 21.335450928276
225.248 21.081449538733683
226.388 19.500159335232414
227.389 21.48159693248716
228.397 19.85393467863212
229.409 21.03772407289888
230.417 20.997691274029933
231.421 32.65624722423776
232.429 23.954660268723963
233.437 31.259386515392464
234.449 24.911864020610448
235.456 24.52493052991598
236.457 24.459244031982056
237.461 25.322418482498286
238.468 27.273414123832833
239.476 25.433144766070978
240.489 29.003399734694607
241.496 24.736352344862592
243.244 4.069883376047182
244.249 28.1750597941957
245.3 29.659425197075834
246.308 23.444539886447078
247.309 21.69428601096693
248.329 13.149815058747823
249.348 7.608303674387728
250.356 8.026058699875456
251.368 9.046221351365972
252.369 6.167983277644637
253.373 25.23437285514587
254.376 21.739160625181086
256.817 5.320363713517076
258.088 32.398457088998136
259.337 19.943560297196807
260.368 37.668938066230226
261.369 50.194622535231794
262.376 40.89219360497016
263.377 44.11494875802439
264.389 43.54808883103686
265.396 28.41830652506556
266.409 30.264417114590806
267.428 11.282331159339588
268.468 6.84053475129262
269.476 4.224241420994249
274.616 2.2781317546716884
285.044 4.132581019250502
286.045 31.361066820351915
287.072 30.17311589569576
288.077 15.976149633123434
289.092 21.39505447973959
290.093 29.22671326035539
291.097 39.44196093329408
292.112 33.85771664680008
293.124 41.02356194225008
294.125 36.458141930612854
295.133 39.795565597330814
296.137 48.56026372960142
297.144 44.063520828780234
298.145 42.41343612979717
299.152 42.9186284275475
300.224 33.44766303145713
301.233 39.96712774005237
302.245 43.12733434953997
303.252 39.835084530431644
304.265 41.91100648168415
305.272 43.97573750208601
306.285 35.60591958278674
307.404 40.794795424738965
308.405 48.70579898548434
309.424 39.36597656731262
310.432 42.330110450009066
311.444 41.65469366430087
312.445 36.67067553477548
313.452 44.11606718621941
314.456 41.085685991907475
315.457 39.86116718726181
316.624 39.84660081463538
317.625 51.04537884953993
318.657 42.58349025120826
319.664 40.89219360497016
320.673 46.20960070201382
321.676 40.843008168060045
322.677 41.349990737009264
323.684 45.03284657662453
324.692 37.049808673741936
325.705 45.273719494416454
326.712 49.472704689725184
327.717 39.91435833046589
328.725 40.85162595266205
329.732 46.93564291075494
330.745 35.816089146070354
331.753 35.571324176394924
332.757 46.22767464215586
333.764 45.12062990331874
334.765 37.30843182138596
335.772 41.650097538062376
336.773 37.3093646682615
337.892 35.467494715633215
338.912 35.692355159391674
339.913 31.140914967256908
340.924 37.905359219733505
341.932 31.558294826369654
342.952 31.517810696374326
343.964 21.335450928276
344.984 26.5083573407146
345.985 28.92571468141893
347.004 17.63719521078878
348.012 10.560603552475897
349.024 9.25659859209496
350.044 17.53308674500358
351.064 25.576460705837047
352.065 28.713025602744626
353.085 12.106178942983759
354.164 11.131507689112082
355.165 33.60487440914103
356.172 30.9553683040358
357.185 40.56272571587682
358.204 32.26228657804405
359.212 37.80696071790145
360.216 30.623757317619503
361.224 40.341505570385166
362.233 28.15097413590843
363.244 32.21955533681239
364.245 25.185620768072585
365.252 31.079006792288194
366.265 29.51100224717295
367.272 42.28436298270767
368.284 37.32412122360133
369.285 38.79772179466844
370.308 22.892663184759346
371.504 29.623822102534145
372.505 31.903361780913823
373.644 27.928675316140907
374.652 32.52665894163432
375.684 29.999180343561452
376.692 32.315446870529165
377.772 28.8897644877407
378.773 34.881008880408714
379.784 31.675235363733496
380.884 11.999917811201751
381.885 31.477983623759748
382.892 22.287073892586562
383.904 27.138664054020097
384.912 28.72484166271421
385.916 26.196725051891747
386.924 33.582719296965564
387.932 32.19193103949058
388.936 38.46973879366116
389.937 43.3885720221284
390.957 37.65756468747457
392.032 39.691716933584466
393.044 48.597142608415865
394.052 35.993748318410695
395.072 41.62338192742859
396.084 43.9688433123392
397.092 38.317081099983795
398.104 37.905359219733505
399.112 28.812537902780782
400.124 33.06189665292319
401.132 27.54526547653892
402.133 37.43327782294408
403.144 30.411723389664562
404.152 26.19029681023049
405.172 19.080841826648562
406.192 13.358542281908417
407.345 37.006722752444475
408.352 40.592988463329334
409.464 20.56554581397575
410.472 31.47059858630308
411.484 31.643935723977
412.492 34.638779652102265
413.493 34.54394022390587
414.504 32.85131132384686
415.512 30.502234471232953
416.513 35.306387037562786
417.525 29.960917798183996
418.532 33.193224941365216
419.545 22.78557622170832
420.552 13.742417969389722
421.564 17.8820654619835
422.572 24.289388170673163
423.573 16.890746705066118
424.584 10.739851778943947
425.593 19.201249606777665
426.604 21.690288886886414
427.612 10.225875650409973
428.632 8.975270595652658
429.644 5.890562740411686
430.652 9.926967339335514
431.665 23.749160652409795
432.672 7.910390478454284
433.684 31.587799349777924
434.704 28.891021314924142
435.712 36.539688291659594
436.717 31.652498691626363
437.725 32.737871012739475
438.732 27.36119745052705
439.745 32.155943184143304
440.752 28.541945013317953
441.753 25.185776242584264
442.757 18.66071269958389
443.765 14.99605704451694
444.772 23.555604782071686
445.773 26.160756660403806
446.792 19.935295126283975
447.812 29.013084018447195
448.825 31.315264931008862
449.832 28.84115015495878
450.952 32.204282622691714
451.965 22.27797370922998
452.972 15.645214303597948
453.984 17.671688221254513
454.985 15.401923155279764
456.004 19.63961349955943
457.024 4.174544463095164
458.032 14.573632902423352
459.052 17.202296818261573
460.053 23.82117679634821
461.064 23.164386189837145
462.068 17.688490559989877
463.072 34.56472920492809
464.236 14.632423891277043
465.248 16.076019909992922
466.264 34.99468030724003
467.272 20.48757089175305
468.293 12.18090140233156
469.304 11.582193094938026
470.324 11.897451719823163
471.332 22.388479531310377
472.345 15.84998063305736
473.364 33.22019730250422
474.385 28.862724526205195
475.392 31.290428607234805
476.405 26.148289234440636
477.425 11.688724496682024
478.444 15.252040270957632
479.453 14.13718377641359
480.532 10.654954079114917
481.544 12.920361299058092
482.549 12.710553290618114
483.552 13.797223225496877
484.604 7.487989925736479
485.613 11.816153604163388
486.664 6.482261240512357
487.672 6.21284630046252
488.692 8.557816149350923
489.704 9.46697583282395
490.712 10.983027694569484
491.864 6.283559113724812
492.873 10.550137146572371
493.884 9.055169146955793
494.892 8.74739115306296
495.904 11.360370999384848
496.912 13.72878461821672
497.944 11.965409420392508
498.953 15.825205719868281
499.965 11.658097854684156
500.985 13.56726950506901
501.992 15.222370673782544
503.004 16.61980201760957
504.012 12.971632574057208
505.013 14.462857340690011
506.024 14.530387700936751
507.025 14.67554641922814
508.044 9.401942632776505
509.544 6.587919413575694
510.552 10.349391481429103
511.572 13.149815058747823
512.605 12.984328518805748
513.612 12.473887079904598
514.632 12.941087835606682
515.652 9.688116784674714
516.672 12.106178942983759
517.692 12.106178942983759
518.704 14.305652369590693
519.713 10.972142632436043
520.732 11.995876903008982
521.733 12.548655633827401
522.744 15.37272901693083
523.745 13.399411947979916
524.753 11.405451836682527
525.765 8.292062003020336
526.792 9.3287045207396
527.824 8.870906984082088
528.844 11.06254282720024
529.864 13.149815058747823
530.885 12.928412920977262
531.892 8.756077738123999
532.912 16.28072340607892
533.932 15.028360067154262
534.945 15.2981318966899
535.952 13.029023892161737
536.964 13.253766165945748
537.972 16.052117399770363
538.985 15.132208557256497
540.004 15.756653956135146
541.005 13.824790105056172
542.012 15.222370673782544
543.025 14.291530304063691
544.032 16.91374519308307
545.045 14.799132816580943
546.052 13.319574339554862
547.064 12.62263444375878
548.065 17.227815361685682
549.072 13.618779481137327
550.104 14.441011369429171
551.132 8.284115471506885
552.144 11.360370999384848
553.152 12.672724262982749
554.264 8.503665094542638
555.304 5.3225441904492525
556.312 4.857877634134633
557.332 6.053089471482152
558.364 6.189004872620838
560.28 2.777945819653944
561.292 19.09265730337546
562.293 13.114582714153386
563.321 8.905424131877197
564.341 8.975270595652658
565.345 21.6294624472401
566.46 20.892099085457357
567.48 18.994177307088833
568.493 19.54576938654304
569.512 23.191458494193718
570.513 16.03999039089415
571.52 24.102086900217298
572.692 20.78429975978398
573.7 17.530601897117382
574.732 11.759109257967921
575.772 10.235661904713092
576.78 13.095148405076337
577.8 17.202296818261573
578.813 27.165507440925737
579.82 27.06199230888622
580.833 17.531337139423517
581.84 20.085072416815326
582.861 14.805118022405994
583.872 16.934262333720408
584.873 21.48159693248716
585.892 17.341360856032043
586.893 17.865882597319523
587.913 13.86266124776988
588.92 20.507916046708544
589.937 14.235319762059428
590.94 7.217009071786694
591.98 4.298977999985724
593.0 3.339635570472241
594.012 1.9807447811312193
595.02 7.392422486735073
596.032 8.625466869888541
597.052 7.5141800335674045
598.072 9.601452265114988
599.081 17.0912221774593
600.22 10.545124492148952
601.233 18.915260696556032
602.24 22.833556010732178
603.34 18.58051790120997
604.404 10.688149900101145
605.412 18.18227608256819
606.433 13.136935710020575
607.44 12.473887079904598
608.452 13.972247502703034
609.461 14.981194748140936
610.472 16.636240990921948
611.492 13.984723951370746
612.512 14.280115694091068
613.532 13.775996728229604
614.54 15.629693257676777
615.552 14.095275128861703
616.6 16.945844009776067
617.601 17.227815361685682
618.613 18.933951665628445
619.621 15.840905328723572
620.652 17.225261418266076
621.653 22.75773140375484
622.661 22.81090367332615
623.672 15.881335688727809
624.676 11.026784777017117
625.68 15.479909398511158
626.693 17.444073753492937
627.7 17.424372149573237
628.72 18.994177307088833
629.733 19.125430259859094
630.74 20.085072416815326
631.744 11.538937511280388
632.752 25.13423645489925
634.392 3.7647263786199363
635.396 14.631695184903435
636.652 6.511675939042427
637.712 4.418715931703263
638.74 12.84037898085026
639.756 16.344820742325396
640.772 17.37295873924138
643.873 3.7423456609349763
644.94 3.1925288489995336
645.961 2.0852278904720456
647.441 2.551489889309708
648.521 5.0504799866525465
649.576 2.585079803587477
650.62 2.2104222753277587
