0.0 40.63429124977687
1.005 58.98966782445227
2.01 21.72070639136316
3.021 39.1784252465038
4.141 30.78181759784764
5.143 60.514873768779154
6.151 48.778785523832276
7.152 56.75572403587378
8.153 52.40703265752293
9.161 71.05636779207315
10.261 54.098267101295605
11.262 54.321816052320784
12.271 35.99730337985706
13.272 51.92384472649613
14.281 41.198925896349806
15.291 29.18572484483497
16.301 29.467482543184847
17.311 30.08706736942587
18.441 28.659406507210313
19.465 34.9667083679228
20.471 33.22701360139416
21.481 30.13784722976868
22.491 25.819090618694382
23.521 31.9303023556425
24.651 11.709925716142497
25.661 35.93944629647344
26.681 23.56864875593944
27.701 23.40627973693248
28.711 19.532085454591794
29.712 45.02400646669469
30.721 28.323533517266117
31.722 39.92100108685511
32.723 47.522493691361966
33.731 35.68974751303302
34.732 42.346903379349854
35.741 30.969350670632323
36.761 38.35749834559589
37.762 40.514667554307835
38.771 42.832728136929816
39.781 31.145510087501894
40.801 31.585778531093474
41.812 43.49572840360561
42.882 39.25829314091521
43.883 53.763018817077445
44.891 34.48839967721855
45.911 46.395783082767124
46.912 48.889509914241344
48.112 56.48839992759794
49.152 60.217622792950905
50.153 66.68420417219991
51.162 50.652634788500926
52.163 50.64186673299101
53.172 39.28449866251253
54.173 45.75412549049578
55.182 34.449806561828666
56.192 41.75777595587864
57.193 34.51573639399446
58.282 31.775480893777814
59.283 32.12523704635728
60.782 21.71544902004068
61.792 93.75584389931525
62.802 34.13764284208386
63.812 32.29669657856407
64.822 44.701264385881565
65.992 37.01871273575433
67.092 37.128671198843925
68.093 42.346903379349854
69.102 35.21826015957373
70.103 34.36113760471427
71.123 32.482184124758966
72.142 29.40662325965269
73.155 33.49684804603039
74.162 35.0671517514914
75.163 43.077022403150934
76.293 28.6204137703564
77.302 36.940838734571585
78.352 24.990522485426556
79.353 42.346903379349854
80.362 39.07853050710382
81.382 44.90847061848133
82.383 32.771207362012795
83.393 41.48714606035114
84.402 36.605853679811936
85.403 43.32039541123303
86.413 35.535146920671075
87.423 45.34641546131921
88.433 37.283878367946464
89.434 34.57070880588333
90.443 44.66702722799237
91.453 34.9892324497714
92.463 50.17050221258495
93.464 37.14569485621843
94.473 37.04955885779895
95.484 48.19315152030821
96.493 42.83325761812351
97.494 49.1613476014191
98.503 36.559082847565286
99.504 35.56483773009417
100.513 39.3819231883509
101.523 49.4468891997504
102.524 39.93096372466103
103.533 39.333210925431715
104.543 40.29893258757103
105.623 46.02566139921727
106.643 47.611534766265365
107.644 38.01849308496874
108.653 47.564347913192115
109.654 44.12096451616873
110.694 42.763517317900366
111.713 55.04909301612394
112.714 47.35063819015604
113.715 44.833293115395904
114.724 44.80469231898644
115.733 48.53012147470277
116.744 45.13911991428844
117.753 33.077744487861196
118.764 15.8810173535369
119.783 22.71202766327343
120.794 29.63878818503407
121.883 33.09371025334463
122.884 30.178252983036128
123.896 34.18332617873066
124.903 29.272673379461025
125.904 19.333921790602126
127.024 40.73009069341266
128.047 48.34225349951413
129.054 33.52736895267221
130.083 50.03571913298351
131.084 45.75412549049578
132.114 28.66075069821198
133.115 36.25563991576498
134.116 53.29868873614351
135.124 32.85244659449139
136.134 40.76353304773919
137.164 27.466552752527353
138.174 19.11350424306661
139.215 26.91247243773045
140.234 30.63152923357888
141.245 15.936150600720055
142.344 36.07456593308461
143.494 30.692381092198403
144.504 37.52226160211904
145.514 49.75192100097073
146.524 42.02103987194367
147.654 30.592622198982163
148.694 39.10050448272934
149.695 48.67460158547751
150.705 44.68645359332795
151.706 36.64969781963197
152.714 44.469656837372234
153.784 34.465553264230174
154.794 43.416780760723874
155.797 45.905778660778466
156.804 37.5422637364285
158.014 45.94013634355363
159.015 56.21916483134785
160.016 43.10815564615528
161.415 18.205112867104592
162.424 26.800216336928983
163.434 24.60284243103234
164.69 14.702978385990507
166.004 6.118219612529239
169.415 17.76592634351657
170.425 21.225981705279885
171.485 21.34314565434409
172.495 44.86400678617038
173.515 23.595535668814513
174.544 15.15203924187786
175.595 9.03999891197093
176.615 9.484794970988496
177.625 13.266238565813838
178.645 10.98662110101094
179.655 9.648173502397924
180.685 4.2573736474190005
181.715 4.305438538338375
182.887 2.4895033638429886
183.925 48.91145595545564
184.926 42.383373749726374
185.927 39.51555731130534
186.935 23.135839295658272
187.936 30.85215426513912
188.946 24.631582421569956
189.955 26.965414445988305
191.195 22.112489264446157
192.246 24.39996557427858
193.263 26.11031024772504
194.265 16.289718086524474
195.275 14.53999876033295
196.317 17.300971390817242
197.325 39.15263265044271
198.326 44.18020662991083
199.327 42.83791909714466
200.355 36.4548344187634
201.516 44.98161836659997
202.517 49.911213996541754
203.696 41.149513346968966
204.816 51.37550663923277
205.826 50.439917583621316
206.827 66.44083116434041
207.828 60.13768374403571
208.846 59.399143628075656
209.847 48.917974593559606
210.868 47.470254247681666
211.876 42.36270473560835
212.886 53.306158600718476
213.906 35.00518917068505
214.932 50.33788767864584
215.936 40.41790784519633
216.946 36.90426364677112
217.956 39.038604660076004
218.957 38.32448838719485
219.958 48.917974593559606
220.967 41.38782159163867
221.976 36.25886705281257
222.996 41.31924892331497
224.006 27.499586628251528
225.016 28.944520507149253
226.036 25.06741981665114
227.096 14.353925280502182
228.116 11.225460690170127
229.126 27.979703157074187
230.136 19.027636909459684
231.166 16.73517827821085
232.168 13.557170129158969
233.186 9.333044063345284
234.376 20.622361894217683
235.379 40.8447301261695
236.386 35.275827954960455
237.406 17.435290008153157
238.407 22.46699345926439
239.676 17.171104689012488
240.677 19.956586650065816
241.697 26.27235480684272
242.717 15.080066281778558
243.753 27.40680820893793
244.808 6.2347320239405075
245.862 4.160431552980617
246.896 10.837866076452691
247.915 5.688143093143299
249.152 17.96524450386597
250.458 21.075872437004872
251.558 21.013531784344135
252.568 21.21769471416635
253.759 22.477525958168858
254.768 24.70117668597136
255.788 17.453098223133836
256.818 18.678224085374637
257.838 14.330375349150511
258.839 13.431058922898838
259.848 31.253505537920613
260.849 32.734914895926536
261.858 41.354063864287156
262.998 26.178544658799694
264.049 36.81539218020103
265.05 53.43549710107238
266.059 46.787246123581326
267.068 46.63175516832991
268.069 38.196219426195015
269.116 40.50918174859742
270.179 47.87511597263232
271.181 60.10859054068752
272.189 52.450669850970506
273.205 62.58255455132328
274.208 48.48095662779778
275.268 25.740598740345632
278.072 3.475269342877716
279.139 6.500582617445519
280.149 34.69304756673982
281.15 43.53388050589739
282.169 48.22898025735994
283.389 56.620712195504346
284.739 49.23839529452605
285.74 65.33711322470975
286.75 65.15831910580707
287.759 66.51994847944243
288.761 69.7630601434131
289.769 57.65515601279857
290.771 54.92305871942616
291.889 47.475617991211955
293.01 47.53872011368465
294.011 44.50755044184823
295.019 43.72146447188926
296.029 39.63421010756829
297.149 42.97010973494276
298.15 53.29868873614351
299.16 42.37050405104744
300.179 49.0101649575666
301.189 34.238144649508556
302.208 36.33924426128201
303.22 29.368773195817113
304.229 36.2165085633273
305.239 18.828925441314887
306.249 22.914412068122722
307.26 22.409815456987836
308.27 28.148616720908457
309.309 37.00501988906735
310.349 8.999484180196637
311.53 4.95071392248474
312.55 26.98887357420898
313.559 16.418150548686114
314.56 27.143918170781347
315.569 20.039801405018846
316.57 22.390316729306303
317.571 33.08663158939664
318.58 32.348472492661834
319.629 11.768907291581273
320.659 11.826037909492277
321.679 9.792423155259527
322.68 10.88507126466374
323.9 27.81596122775726
324.91 42.693167748111925
325.92 32.636110577125706
326.93 41.98260233846917
327.94 36.787716813950155
329.141 35.16494988032391
330.15 41.12162165297798
331.161 41.8931651999605
332.17 31.704270464192277
333.171 38.47001406012042
334.2 36.6292393560465
335.21 26.29127279394196
336.222 26.837437499200462
337.24 26.36507977212782
338.241 34.12185639441774
339.251 18.069734221648666
340.27 12.867527584017907
341.3 14.664287007786449
342.306 12.941580326121867
343.32 12.733400581450185
344.34 17.227851639883784
345.381 14.43183900495638
346.382 27.501149895913887
347.39 33.082999377787
348.401 28.135746657606315
349.433 34.588616612415876
350.441 28.33043200481822
351.58 19.143752929438698
352.591 24.81947303300325
353.601 18.409286316016793
354.602 30.740608303194243
355.61 31.77035019812068
356.631 33.64339834665965
357.64 32.97096579530637
358.651 28.298680375332914
359.652 29.260089171622337
360.662 33.52740292095187
361.671 21.890690904539184
362.691 29.616109054848728
363.701 30.150542194910035
364.721 16.580581075197415
365.731 32.080176895505375
366.742 34.395924307645174
367.751 24.591397600579207
368.841 20.977423734767488
369.891 29.93340455588398
370.931 26.704103294856832
371.951 9.099823264789828
372.991 3.9821908422111973
374.211 2.9952833721561367
375.311 2.6576332465691648
376.335 3.8065059521201916
377.625 2.4437288495139082
378.626 7.787936253685307
379.635 10.276522551687941
380.885 9.881707259918997
381.886 14.971887593687274
382.896 17.028356219701166
383.906 15.95668957956394
384.915 17.191016489237075
385.916 24.800563448265038
386.917 28.571599741279687
387.919 28.939771157275523
389.057 25.73834769025976
390.058 42.41219423762516
391.066 34.80622684718671
392.196 33.87726696616002
393.206 41.61638785809085
394.207 43.70324534748489
395.217 38.705538144196346
396.218 37.249057222814784
397.247 50.58440035093655
398.257 34.498567753708926
399.446 33.26092283769969
400.466 27.227713163479464
401.47 28.056984600143167
402.536 26.69661916701468
403.537 40.3999193160287
404.546 14.968784231324559
406.557 5.209102128416447
407.578 40.2667985001793
408.587 34.769966145168304
409.757 30.20790764400884
411.167 32.94608180999003
412.177 43.33214766000412
413.187 42.35516430152946
414.198 42.15791047302226
415.256 39.40025484575958
416.336 36.19569162081948
417.347 33.79897039495702
418.367 33.3406448409811
419.368 41.13003833982978
420.377 34.14923777953928
421.378 37.23607021296487
422.407 23.432599612869282
423.417 45.82882413646805
424.427 32.163928401655525
425.428 40.3999193160287
426.497 34.02668444638747
427.507 46.793641486765715
428.517 27.305988410012837
429.527 41.004737385202304
430.537 29.368743925567163
431.538 37.966189236765956
432.547 26.087534750165148
433.567 37.38667232191995
434.577 29.84374720432789
435.578 29.045358747371367
436.579 29.691506967094533
437.597 22.163705516922413
438.598 23.79878464135386
439.767 26.342752500660914
440.917 28.39326311119041
441.92 39.180026002016916
442.938 38.04695391949338
444.078 31.56365514165043
445.079 35.197999175736236
446.188 41.44287966705187
447.189 41.13003833982978
448.198 34.6195935073064
449.207 34.34002747621391
450.208 31.26578163626001
451.367 37.74711604533652
452.428 36.39153209878651
453.527 34.71824128410645
454.538 31.587475448518852
455.54 30.162353101715237
456.658 35.86985455905775
457.678 43.707644814906836
458.679 30.119010869294033
459.687 26.870087708953427
460.688 38.45293525248494
461.689 31.81408252104926
462.698 39.890225063064506
463.699 39.66980029222761
464.708 17.335388341112687
465.758 11.832795645454269
466.767 12.796499692353386
467.778 18.31339757776164
468.808 14.19124549140409
470.127 3.3841008983456042
471.167 41.05838073350033
472.177 31.504495490406025
473.178 43.37554572718956
474.207 29.860344147487904
475.217 38.030060207550584
476.227 30.265678475974426
477.23 26.81388078574594
478.257 35.6750902564535
479.258 51.52089161034218
480.268 55.424101950799255
481.277 45.70216281630505
482.287 50.06682666381926
483.298 69.70877500351976
484.308 59.336267039745
485.318 57.26328502473462
486.327 38.50704388558768
487.328 61.81674401367442
488.337 52.972590254015316
489.338 57.805181180554015
490.34 65.60070091326696
491.341 60.119359606813624
492.343 60.98371679397472
493.358 76.13429979222322
494.368 49.603636755407685
495.389 67.07888883574793
496.398 49.0038615742578
497.408 51.135319562660015
498.488 31.361082495287288
499.498 39.07510268482957
500.508 35.10087332171103
501.509 48.43122857761802
502.528 21.17185299572982
503.548 43.67624359410606
504.549 42.87207671241561
505.55 57.679402878950015
506.639 51.57955688305586
507.64 76.59862987315715
508.649 72.72793811013818
509.65 82.54596880220619
510.658 71.49521308993852
511.659 68.07132357475878
512.668 88.12683750398513
513.678 58.015286094593854
514.679 54.968853793495256
515.688 45.61885778703596
516.69 47.754452419651535
517.698 47.450236152314325
518.699 45.7575056711203
519.918 51.62436413610779
520.919 60.84325198201384
521.928 27.171912082590705
522.939 22.8917469721464
523.949 17.125507966759653
524.978 13.494784949794687
526.209 7.9160481213865515
527.23 14.364130622129313
528.248 5.2647940870192835
529.252 6.3087907413684015
530.288 12.933302076704903
531.969 9.561560090997668
532.989 23.962873750280732
533.992 28.17497526270943
534.999 24.097857225057545
536.009 31.838972558042258
537.01 20.856960036861167
538.059 22.728816612826545
539.069 19.537551342370264
540.099 17.029494589676002
541.209 2.409082487827329
542.229 5.49331055050547
543.954 2.542083974990815
544.997 38.7220255728445
545.999 38.54234456432209
547.009 28.94663633478411
548.02 39.33977366335406
549.029 30.76744187044833
550.079 31.98932057493394
551.099 44.44227317346699
552.1 44.53174541909067
553.101 40.433009505780696
554.111 38.803218848107896
555.129 40.83836537775529
556.15 39.32836296256753
557.159 35.45440873879355
558.16 39.2506578896669
559.23 37.4376944149454
560.231 40.156546308169204
561.249 19.539039208514435
562.269 8.359385620348927
563.279 8.442151814592618
564.58 2.6215444528150327
565.588 27.255932366793942
566.628 24.833555790557224
567.648 23.883958915250854
568.649 17.320045730860798
569.668 21.0385098354568
570.788 16.367816592200533
571.794 13.076823628765519
572.799 11.150600520437985
573.808 13.520829863619932
574.819 15.52221088552895
575.82 13.142142428107867
576.828 8.710655154994637
577.879 7.881024692496039
578.9 5.24932456472025
579.938 6.806238003030855
580.959 7.647067281079956
581.969 11.819012540434118
582.979 6.816843639428363
584.069 8.209423727963838
585.129 8.963244204246974
586.189 4.136881940418255
587.199 2.8311535440111193
588.279 7.988798218497888
589.369 12.669973135345263
590.389 12.658498225080725
591.409 18.40182214670932
592.418 13.381223341819762
593.419 18.07649458298675
594.429 23.014384918583055
595.529 24.242646838824413
596.53 36.60219738593057
597.549 29.711029948451866
598.779 30.946265757117967
599.789 24.574102440717326
600.799 21.225981705279885
601.899 8.354805004625499
602.9 31.094815656282783
604.059 18.565180358967716
605.099 14.991777288352006
606.109 7.236130126809573
607.36 8.826668090273632
608.819 12.525192574851944
609.839 20.799435860070325
610.849 5.976683794062229
611.85 18.106916208985883
612.859 15.924144664332392
613.871 22.39119078053864
614.9 18.466547826021948
615.913 10.824511640877734
616.919 22.78725735400067
617.92 23.88115430726464
618.93 29.389902200580153
619.939 26.67402333675834
621.009 30.624970377402203
622.019 44.0797400511422
623.02 59.13964092655218
624.031 48.75258664180531
625.08 45.72925518923443
626.112 29.743860463042466
627.113 38.61927572225103
628.12 42.76730365515861
629.121 44.21667700028735
630.131 43.03064223795262
631.132 42.37269949498203
632.311 41.08681476688403
633.321 61.02469740265462
634.322 51.31541220673609
635.37 43.99716624810488
636.371 58.166148894669
637.392 41.83266532182308
638.4 50.75341269493588
639.41 42.490929900865076
640.411 43.46218509495356
641.412 52.32519670448293
642.44 38.37923732780077
643.451 45.84778670865952
644.52 49.70341102022989
645.521 46.72761752215635
646.522 43.81870520292507
647.54 50.603216550731005
648.651 46.998299712397554
649.66 42.97692349501484
650.67 33.255166446402356
651.715 40.563875868616954
652.72 25.20234902356403
653.741 12.168888763678776
654.806 4.117459959487462
655.812 9.928699421832654
656.82 10.634048374170682
657.861 6.782192847369539
658.881 5.732150139664657
659.92 5.158383426937644
660.931 7.469938485670033
661.96 14.80677793101978
662.981 14.529804031956742
664.47 7.7817952715471215
665.491 16.70239634231599
666.501 13.489282050468436
667.511 20.984777367727727
668.52 17.35339069916062
669.521 20.443332665940623
670.541 10.399997548716687
671.591 32.835465189555556
672.671 26.276515876581133
673.703 44.0515187664926
674.831 32.61022613942531
675.832 41.383551889785444
676.841 40.918124409435514
677.851 28.55326873453867
678.861 37.18637398294884
679.862 38.09214544266022
680.871 36.484955490687824
682.052 38.38226358996419
683.232 42.76024067601856
684.331 41.17278748345242
685.352 36.43253806992619
686.431 39.91713863572782
687.432 42.51057528542986
688.632 40.75691961739729
689.633 48.67460158547751
690.642 36.92036546456838
691.643 28.833474790874135
692.781 34.222600692076384
693.782 43.563768419092526
694.783 34.45791751435184
695.791 35.18482808437149
696.792 42.346903379349854
697.812 34.20485923675462
698.821 31.399465833243745
699.822 36.99269720510537
700.832 35.500235766588
701.841 40.32104620052666
702.862 29.180283896237267
703.871 30.421867193150412
705.042 24.5990606829511
706.052 38.1102853345319
707.073 42.94901916587272
708.082 28.479200966174552
709.092 40.76353304773919
710.112 34.561555109359354
711.122 42.693167748111925
712.322 33.846590195787805
713.332 37.869080996846186
714.333 39.66980029222761
715.352 34.92612133348233
716.362 46.31123281161688
717.372 32.779634210677266
718.373 41.13003833982978
719.382 31.703211502027493
720.392 36.6630593090854
721.402 27.617367693692543
722.412 27.979703157074187
723.432 22.869069408638772
724.442 31.356563882893425
725.443 20.365232702127923
726.632 23.38762309228876
727.642 22.673207730659605
728.662 26.874086336161632
729.672 33.768607258414995
730.673 13.19035447863639
731.683 39.31630702229268
732.693 34.595014225000426
733.713 36.6917924979979
734.714 45.610378860027595
735.715 57.73419738654862
736.723 44.63077878247792
737.842 40.62262315750992
739.043 51.44468578612927
740.423 53.34244325411823
741.544 61.540965295062556
742.623 57.57565898270043
743.753 59.21940657776851
744.754 69.11793425146266
745.756 60.071978841423075
746.763 73.29327216433737
747.766 74.89730408003358
748.853 47.551046749957344
749.983 55.51734659452352
750.994 59.51854212775873
752.003 50.048143843993365
753.004 60.73384087088427
754.193 54.38395206532942
755.194 42.912460976064835
756.203 45.42100834207668
757.204 44.98255477752652
758.205 46.3613126804466
759.234 42.88753463390917
760.244 42.30032910483085
761.245 45.948396926486744
762.334 42.50897774118311
763.504 43.56148136124118
764.514 53.306158600718476
765.523 36.38523654664024
766.533 108.89917411535201
767.558 45.1675341380364
768.573 39.84267904968208
769.574 116.7071420349768
770.584 41.24594172266542
771.593 34.453865917053385
772.594 45.99749849835527
773.604 34.6234015774876
774.613 34.899689019369966
775.624 46.29923259569534
776.625 31.747724237477602
777.784 37.45610000427157
778.794 46.31123281161688
779.994 39.254499880045586
781.004 45.82882413646805
782.014 38.56395401914312
783.025 39.03645273162773
784.034 36.14185172547874
785.044 41.48714606035114
786.054 31.526227770043995
787.055 43.077022403150934
788.065 35.6710888389206
789.204 34.7687026425209
790.214 47.03484582422884
791.364 39.01330825542193
792.365 40.3999193160287
793.554 44.2822862692239
794.555 58.166148894669
795.565 38.060034430930855
796.614 20.436836532256013
797.615 19.71321364213954
798.644 37.993530438540795
799.704 22.98267744679282
800.736 17.940741231696197
801.955 26.79734610611577
802.964 24.868669213462486
803.985 26.106215252029273
804.994 32.35341431661691
805.995 21.87332699174488
807.004 25.351555994217808
808.204 23.24699223764441
809.205 35.7758321653627
810.224 20.79069777616414
811.225 32.855356070158365
812.244 20.35991024008791
813.254 25.567659781330008
814.255 22.87706274524789
815.295 14.09845558109491
816.304 23.17856548048495
817.404 15.485376175746865
818.414 19.05514266724369
819.425 21.927883941784756
820.427 15.754227550219248
821.435 28.276901358702535
822.455 20.098491099473335
823.462 70.25305405877751
824.463 23.585477450979756
825.472 21.716491616277814
826.534 16.96978678009333
827.662 16.13847755653494
828.682 15.285733705764997
829.692 15.437077603850032
830.702 14.01982580171702
831.722 11.941979457625427
832.742 7.054671987497132
833.752 13.507442903365996
834.782 11.352996393109914
835.812 6.755537708145317
836.832 5.49331055050547
837.835 20.295505944428985
838.843 30.99724753189949
839.852 30.230901002818747
840.993 23.50934317305135
842.003 33.80316577467023
843.233 29.9351750357064
844.234 38.94466258721818
845.243 30.42680901688288
846.244 37.922958505140386
847.253 30.920461913833506
848.254 36.1537007830455
849.262 39.63458513521962
850.273 35.677023689901894
851.274 33.35331005349248
852.283 36.62279707556152
853.303 37.752886277846336
854.493 31.63382470689226
855.693 30.78268680836194
856.833 33.847324394210645
857.973 35.76030159280751
858.983 45.34641546131921
859.984 34.14480604207356
860.993 43.94269705674808
861.994 28.00319567681096
863.003 31.629084145372623
864.013 29.90933785744692
865.043 21.031674787466795
866.053 25.567659781330008
867.054 26.54544828860462
868.063 21.204130386450796
869.083 26.27235480684272
870.096 19.540868157871024
871.293 22.686654224065602
872.294 27.74452290377338
873.304 23.4617061207349
874.314 28.462111832000417
875.323 23.289580021921523
876.334 26.12452807546978
877.335 30.559857589701366
878.513 21.70924203990093
879.594 29.42259324902212
880.974 26.020512032520646
881.983 28.007433288928592
882.984 28.144095839302796
883.993 36.699395344082625
884.994 28.089657140062098
886.014 27.410160071829402
887.023 32.35341431661691
888.024 25.769963682362658
889.025 37.966189236765956
890.034 25.56493688544783
891.204 24.579141847457617
892.215 27.952027881867803
893.224 25.652301270164227
894.523 20.82875166029585
895.534 18.42519949771468
900.891 2.364766064707658
901.941 10.78906464553055
902.942 21.829028834600354
903.971 32.86870372952944
905.151 32.97341920748495
906.161 43.35136642651877
907.361 28.905700949398348
908.371 24.916337542346906
909.373 19.27303841253284
910.421 28.518123049158138
911.431 31.59776822035654
912.441 20.579596397177664
913.446 25.210053350652224
914.621 18.593898269700606
915.641 28.66075069821198
916.661 16.63811050225072
917.662 27.74452290377338
918.671 29.93898041239509
919.691 26.779365162802517
920.701 34.97462894617578
921.702 25.020808904178445
922.711 33.56063126861652
923.712 25.20796417056245
924.732 32.0045049464406
925.741 26.1445422174134
926.821 31.698289178513026
927.831 37.869080996846186
928.842 27.173468928165537
930.002 30.918592145644073
931.242 34.20024602645497
932.252 42.83439923533731
933.253 42.669087968205346
934.262 47.20994855059404
935.271 46.52709440032727
936.272 44.0083511287049
937.283 42.89190485311883
938.292 45.37247257281453
939.293 43.2243271185339
940.452 36.98561894918811
941.461 36.33211194095968
942.462 40.64329232388819
943.471 93.19979610844099
944.472 45.99749849835527
945.491 38.29465267566549
946.492 51.10833166474026
947.501 41.33906189921011
948.502 37.98202271459222
949.511 44.711339755030764
950.513 27.86985644476304
951.521 39.63599848553718
952.541 28.256923234986733
953.561 25.79467562852435
954.571 13.025034228239422
955.601 7.568664262073276
956.621 7.484745103087643
957.991 5.512487451821084
959.041 5.805919469391924
960.061 2.627235480684272
961.111 2.320156008920895
962.121 6.030108439004267
963.151 8.514747294838001
964.211 4.661720276273595
965.232 5.487930226747929
966.251 6.454997335880056
967.291 12.53560018407695
968.311 12.442704561198509
969.341 6.107526157212361
970.371 8.987788811220362
971.392 11.930283101651098
972.411 15.545212676595433
973.421 14.692482634894153
974.482 13.006374995928507
975.502 17.19645041899397
976.514 17.103453113122374
977.522 11.672154239514425
978.562 11.712326006527089
979.582 8.598225209485854
980.611 6.947280602237404
981.632 6.442352874880908
982.648 7.050773500133473
983.802 10.117041370298264
984.822 5.732150139664657
985.845 8.811149652614553
986.852 14.572142230606035
987.862 15.361436769921758
989.142 5.039863966211767
990.262 4.571889186458803
991.273 12.22055725944741
992.282 12.083818105723113
993.292 9.494337849133071
994.322 9.404120672119896
995.332 3.9821637162261525
996.333 8.03130926161158
997.402 9.5364740391382
998.494 13.502443001412626
999.553 21.538523129094916
1000.563 26.698216954120962
1001.703 26.985225554914706
1002.704 31.588144129183156
1003.723 32.162440158889865
1004.783 31.944409632659877
1005.833 33.25760468553657
1006.834 43.523384155220704
1008.013 34.5267907512862
1009.014 37.83133781858473
1010.064 44.50069401218005
1011.183 43.323659747193076
1012.353 42.700142142512576
1013.923 32.530391076239034
1014.936 25.06741981665114
1015.943 43.761875661559536
1016.944 44.82350838188025
1017.953 46.00396705441625
1018.954 45.21578724328984
1020.214 37.87949792110324
1021.283 46.800455414457616
1022.403 44.505591271299735
1023.563 43.83476765588571
1024.603 40.39245623282199
1025.613 41.890387522224785
1026.614 42.59027638743195
1027.643 13.455153450945778
1028.654 31.084582730732357
1029.703 30.18602785647756
1030.704 38.69630826056704
1031.834 25.69678143260832
1032.873 28.136636874245806
1034.004 28.877492799865514
1035.014 28.248876679417553
1036.023 26.277265484675
1037.043 21.49556302374803
1038.049 17.526753133566153
1039.054 19.486262700746686
1040.074 19.303581268022235
1041.083 20.762896120330016
1042.133 25.617371652746463
1043.162 30.125881576253374
1044.163 26.792735189959416
1045.164 30.90837200683721
1046.184 23.517493785359697
1047.244 28.693066382649956
1048.255 39.5183842467863
1049.264 19.102090342655845
1050.274 25.326455443866895
1051.294 30.663310583639376
1052.304 18.468882124571067
1053.305 26.771030872112803
1054.444 18.360910678290526
1055.452 62.171163863288214
1056.622 21.099386198870203
1057.632 26.532477131627676
1058.642 20.910018128591656
1059.662 21.25672343458884
1060.702 13.844346051956085
1061.712 14.231055916044728
1062.762 9.525020585991893
1063.769 18.86998779840531
1064.782 17.555770788055447
1065.802 16.481432297102778
1066.812 16.64309929165534
1067.823 15.63899472857316
1068.832 18.832584452907934
1069.862 17.99459610445806
1070.942 20.120644674085632
1071.952 24.12043375610611
1072.962 16.064596783220924
1073.982 30.332627822437587
1074.992 17.23605995481552
1076.01 15.882198802518705
1077.012 25.285532552279555
1078.062 13.918731226842993
1079.082 8.837064798645041
1080.092 13.507442903365996
1081.102 8.901462705940745
1082.113 12.048287880099313
1083.142 7.812770234090489
1084.412 5.277401409542596
1085.452 6.558902563649829
1086.462 6.2713127765564245
1087.502 6.324656043521067
1088.772 6.013467809866539
1089.812 6.090409523392307
1090.842 5.676498196566087
1091.883 6.084558985916828
1092.933 6.264421224057478
1094.153 9.37558728040516
1095.163 11.095399527755385
1096.173 8.214700355932463
1097.183 11.57780820288196
1098.184 8.953564870610588
1099.253 7.168930996067953
1100.273 13.620491014734215
1101.293 14.288124486172412
1102.324 13.37982491594389
1103.333 13.600605018947036
1104.343 12.511417097179311
1105.344 11.114567741444622
1106.353 8.391040285684145
1107.384 12.287150153874729
1108.413 7.167244073948438
1109.423 6.800856097903824
1110.433 4.725877090367564
1111.453 5.49331055050547
1112.473 4.537952193890984
1113.516 3.086131215482992
1114.523 3.639686966179215
1115.533 16.789091390691866
1116.552 5.020553483472159
1117.582 2.794333694338544
1118.602 5.970989728823843
1119.613 8.643941975736082
1120.822 9.263679351888065
1121.853 5.670992378718262
1122.873 6.817578301777463
1123.903 8.987788811220362
1124.942 6.456377768112906
1126.053 7.519041912954213
1127.063 10.816110294801428
1128.068 14.132634847905283
1129.073 17.467643943924582
1130.304 13.536847348522688
1131.313 16.304841589151643
1132.333 14.603260055191074
1133.353 15.26094187707077
1134.373 15.079367920407202
1135.374 22.89947868025554
1136.563 19.57001508849252
1137.593 22.132672001034972
1138.594 26.04091184831172
1139.603 19.629100550112287
1140.604 19.770854617714498
1141.613 23.988671593087158
1142.614 24.69542203898869
1143.623 21.85521566954797
1144.625 30.14813496611098
1145.634 24.25500059611811
1146.804 24.77807635163033
1147.813 32.330470134747465
1148.853 28.746226101233205
1149.864 38.313555458778595
1150.865 30.858380913739992
1151.904 31.657658629254048
1152.906 42.06151088007588
1154.105 31.26789853350078
1155.113 10.507730182604886
1156.168 28.319619372007175
1157.544 25.04577898041628
1158.545 36.50595118916379
1159.546 36.01920517322219
1160.564 27.172747047017193
1161.571 35.07882347129175
1162.574 28.854279654737542
1163.585 34.69906909475547
1164.604 31.318690777898894
1165.605 25.00195105408558
1168.014 11.225163256072422
1169.194 47.073299794017956
1170.204 34.73342460871266
1171.274 27.266374318493728
1172.285 35.42196636760462
1173.305 36.54245714035384
1174.314 26.67790619832602
1175.459 2.548207809977219
1176.464 59.17253427075126
1177.487 24.873184726336532
1178.495 34.07729138094913
1179.505 27.572935315809104
1180.506 26.527657864030704
1181.524 18.211611284670518
1182.534 20.01996001749684
1183.535 19.315241844821777
1184.554 19.322524919920223
1185.585 16.540394437924554
1186.586 12.595976394222967
1187.594 18.367901737218073
1188.614 11.94494749347038
1189.624 20.580573718048335
1190.646 21.962129236291894
1191.654 25.03237885737606
1192.655 21.508979096849554
1193.666 26.430491175545942
1194.904 24.558613967450157
1195.906 26.91350909132173
1196.915 30.75614627328194
1197.945 12.10197879405051
1198.975 25.928242326015226
1200.094 25.527495299101588
1201.195 25.069470159027464
1202.205 19.537551342370264
1203.206 22.94270941188111
1204.214 25.302682120412054
1205.226 23.789276433132617
1206.235 21.46692951536168
1207.245 23.57701872071321
1208.265 26.513638660656955
1209.266 25.919759057141448
1210.275 27.099373169294317
1211.276 28.171848901682623
1212.375 34.92176374096489
1213.385 44.14039377355843
1214.386 24.64294028671825
1215.396 33.07532110678855
1216.436 31.15478717737008
1217.442 23.633236075750432
1218.455 39.19987175971939
1219.456 31.28179301815393
1220.465 40.803932981281974
1221.473 29.485315946550003
1222.505 20.213534270107615
1223.516 16.385671516949312
1224.525 17.383924110374846
1225.535 16.030589373632033
1226.545 18.0903253170128
1227.555 13.266238565813838
1228.575 14.330375349150511
1229.586 12.277451952211969
1230.616 16.512308727460464
1231.636 18.62948795390457
1232.646 15.715308923053342
1233.656 18.652430162134067
1234.657 22.228779674375506
1235.675 24.567354903609097
1236.676 28.23126891971497
1237.696 17.839117471378408
1238.697 28.946088178337966
1239.716 27.378339225596708
1240.736 31.38428737450967
1241.746 27.54736906661248
1242.756 32.36105299906305
1243.757 23.910864316169512
1244.776 28.05606501263731
1245.796 37.66516890581587
1246.806 31.356563882893425
1247.816 29.9386068049489
1248.826 40.76353304773919
1249.836 23.6676466662871
1250.846 37.62787665938306
1251.906 25.499683832009502
1252.907 32.611983062298876
1253.917 22.337143792575482
1254.926 29.214650241150807
1255.927 22.326093296772555
1256.936 14.003716644464296
1257.946 18.572733992117115
1258.947 24.566975173698594
1259.996 27.795245286766725
1261.016 24.385782432707163
1262.017 22.9405745608432
1263.026 35.733621782349374
1264.027 32.41112916912651
1265.036 24.758713634413304
1266.057 29.117495729255637
1267.058 18.441198286395814
1268.064 37.77749048297177
1269.067 22.625843148929622
1270.077 32.56258557065421
1271.097 28.46599084921969
1272.106 31.09607315177406
1273.136 15.846890798731224
1274.156 11.225460690170127
1275.166 16.936670360376624
1276.177 31.60691569023815
1277.186 21.111824177979663
1278.187 24.09392778476796
1279.217 20.98378279185427
1280.228 20.13825521574304
1281.247 16.801020388601085
1282.257 22.432003393196492
1283.267 17.574063401531546
1284.276 13.93611955490038
1285.277 11.560039972330213
1286.487 14.551135461408366
1287.488 21.76409378497235
1288.557 16.927466312727528
1289.558 32.84984103871853
1290.668 23.22528145652877
1291.687 14.567474246533337
1292.708 15.504309871183159
1293.716 15.70938964366427
1294.737 11.232605727294258
1295.832 2.6645643309903
1296.987 25.879730601850145
1297.989 32.57943617313799
1298.998 24.11098173169012
1300.008 29.05066452115504
1301.099 24.9409682182709
1302.108 27.125494237880723
1303.118 26.944358222732085
1304.119 31.859092295132218
1305.127 22.474391310757014
1306.137 18.331529654564957
1307.148 14.311921616183282
1308.157 18.10825428164139
1309.158 24.907305995485917
1310.184 28.72347049233301
1311.188 26.59632075188793
1312.197 29.45609363141716
1313.201 25.84372855903447
1314.208 25.457082054704866
1315.218 30.632950870058867
1316.219 26.24496801781834
1317.238 34.07905148058564
1318.258 21.734402612884956
1319.288 7.332143503893224
1320.31 27.555511828169248
1321.328 19.791983589487817
1322.349 23.855610002686127
1323.358 19.920315165752
1324.359 34.31559411776053
1325.368 29.86802994223458
1326.378 35.03722217709034
1327.418 34.09262712361873
1328.419 46.970990530015854
1329.429 32.65444774884815
1330.438 30.07593952853843
1331.439 22.633689737388394
1332.638 17.62072013411844
1333.668 10.879954876749812
1334.67 15.560327724438633
1335.678 13.534243385316236
1336.698 12.389629096953279
1337.717 19.41166381957796
1338.718 18.739721610434444
1339.748 16.115742976354106
1340.749 23.92456294318047
1341.75 34.0062186346873
1342.769 28.580858712179538
1343.989 26.748084870021188
1345.029 31.906499328975485
1346.03 28.052475152747135
1347.049 33.61016589887612
1348.069 32.45774147665025
1349.079 29.08839677875126
1350.089 27.604143771809426
1351.099 35.698241958787726
1352.109 25.48690569760693
1353.529 19.03836132395762
1354.539 18.331529654564957
1355.54 23.64703232005002
1356.549 31.146197364394695
1357.559 24.808782976584542
1358.56 27.337122181475966
1359.629 28.345547351015803
1360.649 35.506612635718525
1361.659 34.89017216436994
1362.669 29.073585985975043
1363.679 20.261164355048994
1364.689 15.934473390577702
1365.69 44.05051443503412
1366.691 35.656992129298
1367.699 40.95783444271282
1368.71 33.22931888906999
1369.711 27.987895911632876
1370.72 23.260105572961127
1371.721 35.07328829965118
1372.73 37.07267953332543
1373.82 44.2130312860439
1374.821 49.89146662522019
1375.83 32.379182397666646
1376.839 27.283103117684306
1377.939 22.47526244856538
1378.959 21.97324220204414
1379.969 14.95466892872346
1381.72 5.1478047370851545
1382.73 17.899548202064654
1383.731 29.93487997517663
1384.739 13.569400476391
1385.749 18.0903253170128
1386.91 12.922383182408627
1387.929 17.691474179823533
1388.939 25.988004182528652
1389.95 22.60797808656508
1390.97 22.212081791203328
1391.979 15.280472116922963
1392.98 31.3951180227788
1393.99 34.09409205899262
1395.0 40.6402860944084
1396.02 32.05042220667952
1397.03 35.698241958787726
1398.04 20.83543520843629
1399.05 27.25609014423963
1400.07 27.681527504597447
1401.071 26.83383107076968
1402.08 25.834442775195736
1403.09 24.619063775565127
1404.091 23.345662528035046
1405.46 34.424471516019324
1406.58 23.886222354289274
1407.581 23.363808760966876
1408.64 18.912526102289974
1409.67 21.05034747891495
1410.68 13.748647240918153
1412.21 3.502980640897522
1413.23 6.2990449832237
1414.26 5.2034566801837245
1415.35 3.1290177367958556
1416.41 3.447401617007793
1417.48 3.6428617710045423
1418.488 18.317880080727374
1419.528 4.216437362339958
1420.568 4.721060531088445
1421.588 7.881706442030555
1422.778 5.812960526975496
1423.788 5.306495426325536
1424.848 6.664976459567692
1425.849 7.626399198709992
1426.868 8.606663114514161
1427.879 7.084358044597721
1428.899 6.443431196823664
1430.178 8.608371379156042
1431.188 9.416292226442838
1432.199 6.584988217974033
1433.248 8.360524035935056
1434.249 11.623729692238042
1435.259 18.396943988792323
1436.263 23.22127379320968
1437.349 17.528629285087987
1438.35 26.35686978834374
1439.573 20.44741282634708
1440.649 18.81243264778615
1441.819 18.548549661582783
1442.829 29.11219983836347
1443.839 25.202855852708268
1445.049 21.365001190915336
1446.21 25.650118433555434
1447.419 25.98526416538338
1448.549 26.20770384826248
1449.55 29.691506967094533
1450.569 22.77931090931543
1451.58 28.15741243847571
1452.589 30.714317264767768
1453.609 27.896743357638112
1454.62 33.38978658284015
1455.63 38.21061082282008
1456.7 41.58001836501932
1457.701 48.917974593559606
1458.711 34.30902487138083
1459.72 37.18440004939012
1460.73 45.53207932642804
1461.731 39.92527078893093
1462.749 39.00593854157679
1463.75 41.37341134768928
1464.77 31.138536845515354
1465.78 30.002081630433068
1466.789 25.67559843934773
1467.8 32.53037727620804
1468.81 23.72248186276311
1469.98 25.276858577902786
1470.99 35.698241958787726
1472.01 26.104049716101333
1473.02 27.979703157074187
1474.04 17.35480386004329
1475.041 28.386757230223854
1476.07 28.433437125933715
1477.22 25.38677186021536
1478.221 29.204760951375548
1479.23 26.340979712671228
1480.251 32.45037003652126
1481.26 29.080921064622878
1482.42 24.22546665658954
1483.43 29.90933785744692
1484.44 22.432003393196492
1485.451 14.95837215010061
1486.46 7.484745103087643
1487.7 4.1257612900428215
1488.71 18.331529654564957
1489.73 10.98662110101094
1490.74 8.287696405461856
1491.75 14.472260253596886
1492.76 16.884303629207498
1493.78 11.482457674984541
1494.811 14.886354994129873
1495.82 13.032471777871663
1496.84 11.225460690170127
1497.85 10.371786515076655
1498.87 11.7031398684885
1499.911 9.70658910872352
1500.93 11.953698770147426
1501.95 9.832753524483097
1502.951 12.168650396380508
1503.98 10.634048374170682
1505.0 5.232472578137475
1506.02 8.598225209485854
1507.05 8.751268053040311
1508.074 5.902101562639578
1509.11 8.598225209485854
1510.111 9.248174301265214
1511.141 8.507485692618056
1512.211 9.19037038535366
1513.421 9.252324322119243
1514.461 10.306846885732265
1515.481 6.6892543996964
1516.491 10.938299334225741
1517.561 11.830979159978307
1518.571 14.326620792477243
1519.581 13.065763908062367
1520.601 10.757733161410256
1522.121 6.679603688781008
1523.131 10.130582177524497
1524.151 9.31875955483201
1525.291 7.491010010390111
1526.581 5.016532745606492
1527.601 9.075904387804227
1528.622 7.652299861386019
1529.641 8.492368977146825
1530.651 9.648173502397924
1531.691 7.618491355000244
1532.702 8.333046827947403
1533.711 8.990236419078393
1534.821 9.97582651507752
1535.841 11.280631238551681
1536.911 10.869501982925891
1538.031 10.794481310913087
1539.042 11.459612761759505
1540.274 12.870193550732003
1541.279 13.164257784532255
1542.281 15.07069067581887
1543.292 16.014182640639515
1544.297 16.775870100306417
1545.482 11.627036158984392
1546.492 17.394218062118075
1547.502 22.49018864992741
1548.512 20.250937855348084
1549.522 17.088833623047645
1550.652 15.569717591795643
1551.662 15.195873266275616
1552.672 14.864217302130271
1553.692 12.969618216230792
1554.952 10.870925900437877
1555.972 15.046894116605811
1556.992 12.880053370293313
1558.012 10.508941922714827
1559.022 5.146750448374747
1560.032 15.437077603850032
1561.052 10.825474214476198
1562.202 12.69958009187203
1563.253 20.639568666009644
1564.254 29.57604711187696
1565.262 33.19748075974205
1566.264 29.57159950573348
1567.272 25.573338721138743
1568.284 28.389570968036683
1569.293 31.357989812266233
1570.403 26.237918041346465
1571.404 32.611983062298876
1572.405 29.431410960180084
1573.412 23.62921998870045
1574.613 20.087992710312534
1575.622 38.38949907706016
1576.632 23.877304064336528
1577.643 27.952027881867803
1578.652 10.925842897702823
1579.742 9.163551943462448
1580.743 12.898769420181592
1581.752 21.753378800925958
1582.753 25.001595245727664
1583.754 29.289265467879034
1584.953 22.512019554798982
1585.963 25.085251106181175
1586.983 21.214036095734166
1588.153 15.962096694356262
1589.173 15.524573294924183
1590.193 14.772961868541607
1591.203 14.231055916044728
1592.403 16.990356218597846
1593.423 25.078156860935486
1594.433 11.56564219463819
1595.443 11.57780820288196
1596.493 10.208686439216322
1597.683 6.6249552705400845
1598.693 10.371786515076655
1599.774 2.6990730272281627
1600.783 27.828292176957014
1601.793 19.362290295920797
1602.794 25.355980502883853
1603.903 21.297436832026925
1604.904 17.800209289620998
1605.913 19.43795786603455
1606.914 23.708587188897678
1607.923 20.206940945017827
1609.123 17.298158023281722
1610.134 22.480273280911728
1611.233 24.832008306983614
1612.243 33.52740292095187
1613.244 27.924028287457045
1614.246 27.02423282327205
1615.254 27.989461221897493
1616.266 28.796165176534466
1617.474 29.30048905908637
1618.684 27.9905402156329
1619.874 28.465758226740274
1621.474 20.737888947688255
1622.484 31.838972558042258
1623.504 22.173497325397015
1624.513 32.59485770688327
1625.514 22.60896104705257
1626.694 24.583033444177353
1627.704 34.49222027102694
1628.714 26.985087902532765
1629.894 27.708375173286566
1631.024 29.535791316913212
1632.124 13.947879651462424
1633.255 16.5857306207388
1634.264 17.52105972028652
1635.274 24.361638093569226
1636.278 19.64029717725577
1637.294 27.095128981938508
1638.304 20.472747107293586
1639.315 29.63878818503407
1640.324 21.108470797561154
1641.334 29.18572484483497
1642.335 23.265427713162175
1643.485 23.13720717314408
1644.487 33.55195665581524
1645.655 29.0527000390828
1646.664 37.42372551532691
1647.675 28.39221313638652
1648.685 39.07510268482957
1649.686 29.765515133366534
1650.725 30.676921322879945
1651.734 34.52640483034976
1652.914 13.051006907626213
1654.004 9.163551943462448
1655.174 4.789039967101625
1656.279 7.734728233324059
1657.304 10.220004273389458
1658.334 11.116475634929863
1659.364 7.971164499693545
1660.4 9.170886927125713
1663.279 6.109678036754821
1664.289 19.17821330146021
1665.299 12.565194380038232
1666.309 15.817397601014976
1667.319 7.897678865493589
1668.32 17.079874999357823
1669.509 14.34552332351506
1670.62 17.683990258712498
1671.739 18.792361552989515
1672.74 19.231448945167685
1673.749 19.074027843330118
1674.759 11.477482714527003
1675.769 16.401894954080923
1676.819 8.120546031189741
1677.919 5.462427106026148
1678.929 19.05514266724369
1679.94 18.5666934545443
1680.949 17.22755068645986
1682.03 15.269926577151702
1683.089 25.994949051576675
1684.09 40.18429937032643
1685.11 52.855241401520374
1686.141 37.304496741288766
1687.19 46.9669133454289
1688.191 53.51822257511848
1689.192 48.00390257970877
1690.21 54.91473450929914
1691.213 58.19877348263005
1692.221 40.04887346981486
1693.23 38.444544102390815
1694.24 43.6579850984096
1695.241 37.04909285087112
1696.25 49.126670202640526
1697.251 41.86015736363087
1698.26 37.74141418702291
1699.261 45.33818536426933
1700.28 38.91094973278418
1701.29 29.599721763351628
1702.501 49.170378555711736
1703.7 55.386222049967294
1704.94 46.95509277722186
1705.941 40.782413443922636
1707.0 32.984547311043556
1708.02 43.46880522585895
1709.021 41.4420823865891
1710.03 45.87424418021458
1711.035 36.792303738656685
1712.04 41.79685513848273
1713.05 47.9996631745265
1714.053 42.287319824249884
1715.06 41.19285938522832
1716.061 52.56856971234243
1717.072 37.94118585961131
1718.08 49.13335980428296
1719.231 46.25695445197881
1720.232 49.89146662522019
1721.241 44.94871118363703
1722.36 48.44630194807207
1723.371 51.325706369172764
1724.381 40.2954062084022
1725.391 44.86400678617038
1726.401 35.09210649730477
1727.43 48.770626309710885
1728.431 35.41824463187224
1729.45 37.24765546319655
1730.451 47.701109553816934
1731.471 43.938427025220285
1732.472 69.81371775592513
1733.473 72.52515636238599
1734.481 61.94273110569154
1735.621 49.77724133162943
1736.623 70.50773500133474
1737.642 63.353729673495366
1738.661 51.563083548719455
1739.801 45.766487650595714
1740.802 55.24567279968726
1741.813 52.86442447269496
1742.921 53.937836552345445
1743.922 61.7510973470412
1744.926 68.86404805948865
1745.931 62.29114942858634
1747.152 60.25299157208022
1748.156 79.74816654411498
1749.161 85.67877759732939
1750.172 53.11621581800519
1751.173 61.684739063469536
1752.241 57.49985062515753
1753.242 77.698078110712
1754.272 59.26815998968485
1755.282 74.85498032213258
1756.288 70.44972331170331
1757.291 62.65029457919254
1758.301 62.30547832972956
1759.305 58.681438441810954
1760.312 53.58292053692394
1761.332 46.21912689817216
1762.351 62.65803640748765
1763.352 50.030054032383845
1764.362 41.94663327067997
1765.371 42.0100909711168
1766.377 40.45385631110682
1767.422 42.240259247225644
1768.522 46.03536897507988
1769.523 59.149247755777566
1770.532 43.4169223053138
1771.533 45.532278896192636
1772.672 48.91943234621259
1773.701 131.12649486496008
1774.711 55.71820197646265
1775.721 48.24086751198961
1776.911 50.68412527030806
1778.011 58.46793142456614
1779.012 49.91939759166767
1780.021 52.392509746785024
1781.022 39.447064176695775
1782.023 47.27218241774057
1783.191 51.91933238637818
1784.192 65.04250379416642
1785.201 63.942787377804926
1786.203 60.84325198201384
1787.211 41.7521373648104
1788.212 52.19159061611092
1789.301 52.140458420012116
1790.411 49.93856653369063
1791.621 44.6506404438068
1792.622 38.93968126842653
1793.631 37.962384307508664
1794.632 40.86371568409186
1795.633 51.00087750058094
1796.691 62.22287939618446
1797.692 74.47214042592974
1798.702 52.214744237057715
1799.703 51.281076687174874
1800.811 64.81788443051683
1801.812 73.74202140212866
1802.813 63.574260055505995
1803.821 59.4186639684747
1804.832 42.20599793783529
1805.842 65.12517114130841
1806.852 48.98070186913436
1807.861 49.940482682930785
1808.862 41.17451440126457
1809.863 62.546863037475504
1810.872 47.35167299681282
1811.902 53.67131516739066
1812.922 52.19814778273321
1813.923 65.35490364928366
1814.932 63.98249846176693
1815.942 53.94672538328117
1816.953 51.32341789779436
1817.962 47.313726849866335
1818.972 48.72116035972619
1819.982 42.30209229441527
1820.992 61.98951475295229
1822.074 51.38906456442757
1823.083 39.85069047275954
1824.084 56.70591084706684
1825.093 40.28592395298306
1826.193 42.0678605703087
1827.203 54.51218028847926
1828.211 45.03393698271023
1829.212 56.94928385514893
1830.213 42.02845477992201
1831.231 53.60517615881869
1832.252 59.63651743430121
1834.603 4.128309335009027
1835.784 109.33097999545875
1836.792 28.276901358702535
1837.793 41.86015736363087
1838.794 47.21436353787534
1839.803 42.71783073392557
1840.804 54.75892678374568
1841.813 38.529811573800096
1842.815 46.19472293195502
1843.823 32.53479609314598
1844.824 55.48904580754676
1845.833 41.708992708078924
1846.834 42.233756279237845
1848.042 41.96945168804138
1849.043 53.055315728284015
1850.044 42.33836397564342
1851.053 55.531979797101855
1852.063 40.68225000705174
1853.083 61.57337100581492
1854.193 45.62191939628009
1855.253 45.14130494553712
1856.255 49.62715861974371
1857.263 67.67121692658118
1858.283 55.2905364066129
1861.094 10.22657809768247
1862.373 101.0434497880793
1863.374 40.64329232388819
1864.375 47.21436353787534
1865.544 40.96833936003133
1866.545 58.652894910610584
1867.553 64.04597316259358
1868.554 55.324128571880145
1869.556 74.57198909503235
1870.563 55.427759649971385
1871.573 30.632950870058867
1872.713 11.937596321137985
1874.033 8.674219624231478
1875.035 2.433730079285006
1876.193 34.880418589220234
1877.324 63.61721063920102
1878.334 69.77713983194381
1879.544 56.23657680508631
1880.545 74.83808945905898
1881.553 41.92686280744604
1882.554 38.45293525248494
1883.555 33.1024650672229
1884.565 50.60283630282406
1885.574 41.78400253324155
1886.654 41.326930898422134
1887.664 49.205684862287285
1888.674 26.91350240455961
1889.675 31.202091916151836
1890.683 44.227973919936304
1891.685 34.53674028068767
1892.694 36.6986893692319
1893.734 34.72345071967652
1894.764 44.467759425045486
1895.774 39.262529739522805
1896.784 41.060101538642684
1897.795 42.630506326648366
1898.804 35.92141108618668
1899.824 40.36769698203105
1900.834 41.97237583879052
1901.844 35.978765424517555
1902.845 37.27111734924191
1904.085 30.875423566692213
1905.112 52.423778175956144
1906.115 40.88254816994413
1907.125 42.696517808366835
1908.13 46.15552650273472
1909.131 45.763910224011425
1910.147 49.47356955246868
1911.148 47.25955121624857
1912.149 45.015822871346174
1913.154 44.405005549562624
1914.213 45.089256838438445
1915.215 65.88826270822827
1916.216 51.570171086278364
1917.235 55.71070245097002
1918.236 63.033609053194496
1919.245 52.04481714493494
1920.265 50.433609790553284
1921.266 55.08858335078865
1922.295 58.01722609793797
1923.296 64.49384710079666
1924.305 44.84246197227589
1925.325 45.420664984777474
1926.327 47.04606612158421
1927.455 50.59159159240937
1928.456 60.11313295821275
1929.457 42.67371347841648
1930.465 43.020266007025015
1931.475 48.96448052460157
1932.476 45.65627815533925
1933.485 49.829997622687905
1934.486 57.783654766775065
1935.605 55.252440232133274
1936.636 47.35897001017853
1937.835 48.922835133253024
1938.836 63.033609053194496
1939.846 17.044401245075168
1940.945 51.63102227041175
1941.946 56.94928385514893
1942.956 51.95537904656348
1943.965 59.87796082456757
1944.966 37.11384999627565
1945.985 47.607884195721695
1946.995 40.104981731281896
1948.146 41.08096814470044
1949.147 49.89146662522019
1950.166 41.400866739077614
1951.356 41.85933167862
1952.486 43.736818397636775
1953.488 56.89244824251771
1954.489 44.577822618692586
1955.496 41.34052432585172
1956.506 41.21014897379014
1957.516 41.33374856494876
1958.756 39.403978781474315
1959.822 2.737052478831186
1960.826 82.95417735855978
1961.827 38.25421621035049
1962.836 35.10230379440468
1963.837 36.12665933760411
1965.046 45.916766316955794
1966.209 50.052108957921796
1967.396 51.41173154362263
1968.397 56.70591084706684
1969.406 39.832158633651474
1970.476 38.14419789718938
1971.486 39.83815941954873
1972.506 30.695251964775164
1973.526 30.332627822437587
1974.536 27.014885806776512
1975.537 15.604159282420873
1976.544 23.70844620816036
1977.546 41.08899039739863
1978.548 33.275413916253314
1979.556 39.39431556787864
1980.557 35.88221890422566
1981.558 50.62158564902127
1982.577 37.32718345799629
1983.587 54.51218028847926
1984.597 33.06174454685499
1985.606 45.39135739923666
1986.607 28.001238730063307
1987.627 30.877525328285866
1988.787 25.101600129827705
1989.788 31.638491030638296
1990.796 31.6604622050316
1992.016 18.770442465532565
1993.476 16.930860107732403
1994.717 11.9746972095748
1995.718 19.783307914893978
1996.727 31.864173762205063
1997.837 28.062698556467616
1999.086 31.402912194314997
2000.122 24.470137565444492
2001.137 26.641791412591715
2002.146 13.886701317085947
2003.147 16.06261852322316
2004.216 14.129294310593332
2005.237 5.487930226747929
2006.296 2.9905693599247654
2007.304 35.654237084467916
2008.324 29.341827626243536
2009.334 28.496497349460803
2010.484 24.480720852932883
2011.488 27.481765066458927
2012.494 23.48152991022338
2013.504 20.858532992214737
2014.514 20.435367487725554
2015.535 29.30489159419595
2016.544 27.288927409924533
2017.559 32.38621275928014
2018.575 27.604135441794263
2019.625 21.980425347590796
2020.665 22.198967370431387
2021.674 21.9713485283963
2022.804 8.70144054816481
2023.834 8.041705778455638
2025.284 12.167432181737846
2026.294 9.165764827293609
2027.634 6.531760881242338
2028.643 6.459493162328949
2029.674 8.74277991718138
2031.045 3.9101436583845266
2032.434 8.089468195975416
2033.484 3.9442652151588433
2034.543 2.4519507330811443
2035.583 2.810958241567392
2036.623 2.3424652013098703
2037.703 2.2557072308786195
2038.704 2.390677251860655
2039.723 9.562959016126845
2040.724 10.559150686803548
2041.904 11.795075000261134
2043.064 18.48845808912995
2044.174 19.251482565959453
2045.353 19.284982731873384
2046.424 19.96099704748005
2047.604 19.044225834003434
2048.714 20.793417288307396
2049.743 25.021154916682505
2050.744 14.401348678180634
2051.774 12.207444921613336
2052.783 9.174848836042916
2053.784 9.705210308101588
2054.804 17.837159948535
2055.814 19.613897452132306
2056.824 25.27461766959535
2057.954 25.298066530934886
2058.956 32.40365719071643
2059.974 30.542949251648995
2060.984 28.53669475217804
2061.994 38.23811658073764
2063.005 43.61480212596797
2064.024 31.42809158808911
2065.044 34.11113178939416
2066.048 25.836101534736272
2067.054 32.934222472408564
2068.07 21.37406464177223
2069.084 15.954189753055548
2070.094 25.310792824510635
2071.274 19.91788478758683
2072.275 26.04091184831172
2073.285 27.497294481925348
2074.294 21.164242808809504
2075.295 28.71801493543396
2076.394 29.062553135887136
2077.395 37.966189236765956
2078.505 30.263697667554315
2079.515 41.24594172266542
2080.525 32.648276585302696
2081.535 35.184977465689016
2082.536 44.05051443503412
2083.605 28.50014064846509
2084.736 27.293648109496793
2085.885 34.13597678896627
2086.887 24.473143822972215
2087.925 27.920467460299754
2088.935 36.42185497162228
2089.945 29.619645805744565
2090.955 29.95288864053815
2091.965 33.06386037448985
2093.067 34.728766396163344
2094.075 36.735803474525184
2095.085 24.68846913910352
2096.086 27.74452290377338
2097.095 17.709202011371104
2098.115 25.078156860935486
2099.135 18.081274277057094
2100.136 29.691506967094533
2101.145 34.12558762304171
2102.306 2.513090389684203
2103.32 78.05688360412087
2104.405 29.035925231255806
2105.406 29.448133959235044
2106.415 21.45086858807533
2107.426 21.63178493702232
2108.435 25.11011260395145
2109.447 16.995231253310102
2110.448 22.276458012255855
2111.466 27.355624222988318
2112.475 34.76784822083873
2113.487 23.165285026645982
2114.495 23.201560089208947
2115.505 21.213639378077673
2116.506 27.74452290377338
2117.515 6.420488053195413
2119.11 19.925550334237247
2120.115 30.08807892033471
2121.306 31.13148110875374
2122.316 41.54198125704975
2123.326 40.21676795209138
2124.334 41.204464086705414
2125.336 48.66121402479735
2126.337 48.272715894842534
2127.516 33.08083619655029
2128.526 38.6006283628106
2129.527 38.92971863062062
2130.536 41.34647463503142
2131.537 43.07026204190189
2132.756 46.58842328470764
2133.757 50.62158564902127
2134.766 39.62001319846588
2135.846 52.93607326618403
2137.257 52.736422431015775
2138.537 59.03492829434942
2139.686 56.82261974822288
2140.687 43.7336669735508
2141.688 42.51555660422151
2142.689 60.599878973931744
2143.69 55.84698914961774
2144.696 60.07263215471086
2145.697 64.17255203339246
2146.698 62.44990522354768
2147.896 54.16833859447151
2148.897 68.38781522766158
2149.898 60.51786511682408
2150.907 53.82846254240576
2151.908 52.90089484307149
2152.917 52.14471258286214
2153.928 71.08489849267721
2154.93 63.38941754445016
2155.936 54.03855040485715
2156.937 74.71551343378923
2157.957 62.623082652147495
2158.958 69.80713529874375
2160.217 42.16671294413245
2161.247 39.49896661771578
2162.248 33.173626765518556
2163.347 52.05478225118205
2164.348 61.31790050911161
2165.349 74.14960002871632
2166.358 78.29154921848476
2167.368 81.35374455746046
2168.398 81.98846198427857
2169.399 81.20723935435481
2170.577 77.31274778439409
2171.578 95.88896512357546
2172.587 82.65853299714738
2173.588 92.23837000457004
2174.597 100.44045041558319
2175.938 5.714962950743081
2176.967 134.34731979942345
2177.969 82.17798079457467
2178.97 61.77102262265302
2180.208 63.45540635675616
2181.21 92.39513311815173
2182.217 55.787460834265026
2183.218 67.17095018814149
2184.247 60.77533612851821
2185.258 72.92155170599312
2187.258 9.06144306969393
2188.977 85.04474156379246
2190.008 30.954166733868718
2191.009 50.86495865688076
2192.017 47.853217683701295
2193.018 36.02329697100775
2194.138 39.458234339696524
2195.158 57.138680121330076
2196.169 42.34497599535208
2197.357 35.08638073435639
2198.369 38.27569621414038
2199.378 28.725939167932655
2200.388 44.38159811102154
2201.398 32.803789908117324
2202.418 24.78362295258326
2203.567 34.08839522259564
2204.618 45.06003656212362
2205.628 50.17050221258495
2206.629 41.753948529058164
2207.63 52.366292585293195
2208.638 64.25620903401695
2209.639 51.30117986707696
2210.64 87.62780357662473
2211.649 56.26778205916957
2212.748 31.704294071652466
2213.749 53.055315728284015
2214.75 51.4577356031048
2215.759 38.267188938457195
2216.769 49.31306310891312
2217.838 50.16002764580724
2218.968 55.08049374564058
2220.118 56.135244348388206
2221.129 55.18115849088647
2222.161 42.92023520039683
2223.18 110.90341128865461
2224.32 42.10596219766376
2225.331 41.68707606511112
2226.34 40.32104620052666
2227.351 35.09081459545173
2228.371 32.482184124758966
2229.381 27.94003139097963
2230.382 43.32039541123303
2231.383 35.265069076468926
2232.428 38.23261863494447
2233.432 30.007375422627096
2234.439 36.53036099424943
2235.441 33.226716801447
2236.471 32.443202362885344
2237.473 44.780633458612606
2238.491 46.42591149456995
2239.501 26.979093057901235
2240.502 46.240871506214766
2241.511 43.70125366625912
2242.55 107.4414687365022
2243.56 42.93437208579764
2244.58 21.324988258666604
2245.591 24.337541517844684
2246.61 11.503163164467262
2248.92 3.1638491030638294
2249.921 52.794686008498786
2250.931 37.38667232191995
2251.94 25.195359064115678
2252.952 29.128045546649176
2253.96 34.015280632260286
2254.97 34.650907335182566
2255.972 34.06955254621495
2256.98 23.2699309145494
2258.01 15.291551123789379
2259.011 7.787936253685307
2260.04 4.805056823196309
2261.061 4.056296254559593
2262.112 15.834569994047914
2263.152 3.0452047616961533
2264.201 5.109209133064003
2265.212 5.060280909632362
2266.261 4.3284657517892775
2267.301 4.216437362339958
2268.321 2.627235480684272
2269.521 2.233150158577179
2270.524 3.8862034845101108
2271.526 3.6469518104069567
2272.527 12.592596213553922
2273.537 28.38929210162981
2274.546 30.089353050256996
2275.547 25.29727210178994
2276.687 33.35509908368724
2277.688 44.21454214924944
2278.718 48.81562277126274
2279.728 53.973363875341505
2280.729 56.074172871070445
2281.746 35.47392918604189
2282.767 18.906359167928457
2283.777 17.607916641886227
2284.779 37.16176358657486
2285.787 38.669266815125646
2286.807 26.14221225534271
2287.817 45.34641546131921
2288.827 30.79075633942228
2289.837 40.03992003490463
2290.905 46.155791799281786
2291.928 31.756242598774616
2292.939 30.361685457883215
2293.947 27.538249108196986
2294.967 22.980453890587462
2295.977 27.979703157074187
2296.998 26.710039366591264
2297.999 39.427850518244995
2299.0 43.39796166219722
2300.018 35.995335596365386
2301.027 39.35527263879341
2302.047 29.778524978690523
2303.048 38.69630826056704
2304.077 32.62641509036984
2305.078 32.12203477002301
2306.079 34.23020008002835
2307.088 33.62169809108948
2308.097 34.71242919694896
2309.098 34.96120862505813
2310.138 38.383723829757
2311.159 36.53718967627004
2312.178 39.8115695781961
2313.188 42.628987646526866
2314.338 35.502302531477575
2315.348 46.793641486765715
2316.358 36.54933357977758
2317.671 46.00403617678009
2318.678 46.44920073442314
2319.688 34.65602058502189
2320.689 39.9131733000871
2321.698 33.39825705873749
2322.852 33.89568636330829
2323.858 38.98830748583518
2324.868 30.728868384386008
2326.018 38.52923451595665
2327.019 57.148002897283384
2328.028 40.51960162011405
2329.029 45.62727976337282
2330.169 36.84019799791593
2331.179 46.07002847393117
2332.189 39.125529907344536
2333.268 36.825705134311356
2334.269 46.240871506214766
2335.278 39.67666767817746
2336.289 39.88000902771558
2337.408 37.80322783483355
2338.429 42.23320217974516
2339.439 31.410164846749378
2340.44 32.849485230138015
2341.448 39.15263265044271
2342.449 32.26791625130651
2343.459 40.52232871005347
2344.46 44.05051443503412
2345.468 34.86594090155386
2346.469 41.13003833982978
2347.479 35.23893106759542
2348.489 43.6579850984096
2349.509 41.391878506024916
2350.511 54.947407276940616
2351.519 44.08840556839768
2352.529 62.230719090415406
2353.549 48.91600931857762
2354.559 53.06495426325535
2355.561 36.927697527395
2356.569 60.66241231626453
2357.57 45.91157074775231
2358.629 74.01413911436028
2359.63 64.89519907878346
2360.631 66.41841522933277
2361.639 43.320072959665204
2362.64 65.5036315987661
2363.659 62.23058575474478
2364.66 59.14586757493045
2367.161 20.496322665401202
2368.169 129.10461188359056
2369.279 52.53375288993233
2370.28 62.303490029616015
2371.449 51.356972556067014
2372.45 66.19745815625832
2373.459 51.62599757971251
2374.46 58.931137150679476
2375.461 65.95408514839883
2376.469 46.57130887533398
2377.47 53.602904996134825
2378.472 60.442183549987604
2379.49 64.52468589988068
2380.491 72.40133500752962
2381.5 60.9767061104388
2382.501 49.70911477356018
2383.51 44.936709611397305
2384.58 46.09985823907493
2385.581 60.36219890202495
2386.61 47.16511794852364
2387.621 52.28956939971249
2388.63 53.68214925976857
2390.062 48.72995804710463
2391.16 48.765153064357094
2392.161 50.378212640939175
2393.169 56.00948614624865
2394.25 42.3171621014455
2395.26 47.160032286057955
2396.27 48.770705987448956
2397.28 52.942588904939385
2398.44 53.50217208482624
2399.441 61.329997997732825
2400.442 50.36647096089847
2401.45 43.60026967559191
2402.57 53.33099281140614
2403.571 58.409521902751095
2404.58 45.853417922897314
2405.581 53.055315728284015
2406.582 37.75839707783169
2407.59 37.55925674853626
2408.611 36.47753826074086
2409.62 48.77156486519173
2410.64 29.81843521080764
2411.69 36.11824951181234
2412.7 24.803493407831297
2413.71 32.56258557065421
2414.72 32.56258557065421
2415.73 27.605554323343398
2416.731 35.7758321653627
2417.732 38.93968126842653
2418.74 33.65717297579311
2419.751 40.24128151963544
2420.761 46.793641486765715
2421.771 33.53145825686247
2422.78 41.286819762037304
2423.791 29.581717347698017
2427.04 5.698628793817363
2428.042 25.93992224850199
2429.051 32.84406682050761
2430.061 29.815712489668563
2430.866 40.552291981826734
