0.0 17.18970987861279
1.01 21.39980979729698
2.019 20.853380333680818
3.069 12.849196342891485
4.07 13.421852766334922
5.079 16.109643986657893
6.09 14.436481658174559
7.099 13.371452644494441
8.201 10.887951209664502
9.37 18.791300150451974
10.39 15.62012774137012
11.55 14.777416123013237
12.62 17.27637382037137
13.621 19.063157726148102
14.77 23.497774452736696
15.781 19.210727270580378
16.801 20.783236431045818
17.802 23.474509584334193
19.0 16.365478724215546
20.021 21.597496527128712
21.03 23.633342337317117
22.031 20.554660592011764
23.2 18.56912911543356
24.21 24.115807171788976
25.211 22.32026091850448
26.212 16.273525940548932
27.229 25.980205901012035
28.329 13.447961734512301
29.33 22.897594379748078
30.53 16.658721752308665
31.531 24.259716552011547
32.649 17.01874401530304
33.65 22.00071291243492
34.671 22.988158461830576
35.799 17.09799130378001
36.82 21.80252826503871
37.83 24.218472314798685
38.849 24.368683477122246
39.85 23.494864736431502
40.86 25.143425836641043
41.861 25.41535940617619
43.039 19.38414607805469
44.04 25.26520530399565
45.149 17.586481281914867
46.309 18.950689620910683
47.31 22.998533627617466
48.44 20.719586430089215
49.61 18.377438501249415
50.619 18.448939343070485
51.709 15.93742635878048
52.719 12.85359298766519
53.799 14.593530724815588
55.029 16.960754780648003
56.03 16.77348193950479
57.039 17.661105939697105
58.049 17.78041443577913
59.069 19.525159676690844
60.199 16.399578718457676
61.209 18.12475028522517
62.219 13.63401388567296
63.239 16.179044929125663
64.249 18.64609023718142
65.259 11.715156766252935
66.269 12.812140036280198
67.289 11.458144403673355
68.308 10.727497688971528
69.349 5.882515256348134
70.518 8.299478961496106
71.519 17.78635989055369
72.538 14.09620697115718
73.539 14.208175084837222
74.549 19.08120805004615
75.619 18.747936790868078
76.809 16.366666754108934
77.82 18.63192625696398
78.839 23.284318054841634
79.859 15.677182445721428
81.019 16.841194189874532
82.099 15.567208096842167
83.169 16.691951619736905
84.179 21.510489177563294
85.18 16.954865864399988
86.409 19.547242097181847
87.639 21.171783739867163
88.849 17.56150516797806
89.959 17.67260315170415
91.099 17.494363617636477
92.198 18.193496679608458
93.208 18.519796911981352
94.219 17.945454175036147
95.239 18.803698151428435
96.329 17.040704899678108
97.338 20.847017915081697
98.379 21.431913867126447
99.399 18.342061286889127
100.409 21.470556167748626
101.439 23.255827462096146
102.44 22.255012896335522
103.598 17.550115249938752
104.668 14.935995559663953
105.669 21.197520913021524
106.679 19.878348305187895
107.875 15.902758176506708
108.88 22.517761523833173
110.039 8.41443648235848
111.04 21.99499673968604
112.089 8.079745312023451
113.288 16.961392968944544
114.289 21.085567575788513
115.298 17.773693086917397
116.299 20.452327155458548
117.3 24.504675472829557
118.368 20.370149794794404
119.498 23.65623823144835
120.508 21.653640036261
121.509 18.12459002261398
122.518 17.383510848379146
123.678 13.996852283808472
124.688 22.426046697116835
125.698 13.351581110263073
126.888 16.226170277598413
128.058 17.093502420532364
129.078 17.025698028856127
130.188 13.539540991185437
131.198 19.453731906533076
132.208 14.04605622239511
133.418 16.25842307668199
134.538 14.816851646376364
135.718 14.682949203695584
137.228 11.328527010368445
138.238 15.260765874352956
139.307 14.828980857951034
140.498 17.163909505972676
141.738 15.683760927718385
142.778 14.654020885059204
143.878 16.153996583003433
145.038 15.293541103015498
146.048 19.69305361248443
147.075 12.722631933672558
148.238 13.55851189109539
149.248 17.70566094687364
150.318 13.307207081744725
151.408 15.611961109762682
152.458 14.103094167525267
153.468 15.1064227187199
154.478 18.896106722303195
155.488 19.52793268956524
156.489 14.069592747127492
157.498 15.217522243116953
158.508 17.77889449427859
159.528 16.794332712072357
160.658 20.255586059203928
161.688 17.805738298744426
162.868 17.005884775030403
163.888 18.168870626308426
164.938 16.592813698060688
165.939 24.829939651647997
166.948 15.493872513449404
167.957 17.678256807407212
169.028 15.74272010372148
170.047 12.689393874173891
171.048 16.08921421980149
172.158 15.6160674610195
173.218 17.418320298371807
174.238 16.619884875011298
175.247 22.815771542619718
176.257 18.475856783538383
177.287 11.10477346007324
178.298 17.100512366335984
179.299 12.308314404996393
180.308 13.944208635209682
181.348 9.375497716872667
182.357 13.50298873413711
183.377 11.026197876922089
184.457 8.00573429429046
185.567 7.729139303298745
186.587 8.163337843451368
187.837 5.934464211931822
188.887 4.545612211412091
189.891 2.2774130377788624
191.018 12.028015836322453
192.238 12.444937107891983
193.327 15.49289022122937
194.329 17.207213984352574
195.367 15.456952283408054
196.487 16.7365254876379
197.557 20.546237999582466
198.667 19.13306158437256
199.668 18.719211421164484
200.677 19.152816483094075
201.678 15.769945051468698
202.687 17.386000490437393
203.867 15.661039788434966
204.878 23.835723397038517
205.957 21.53064629944159
207.077 19.603575689736385
208.179 18.261744139396367
209.187 17.01655580131355
210.267 16.4523693441565
211.277 20.86575760711418
212.278 15.237086203726486
213.317 17.821953697603995
214.327 16.013966000947065
215.346 16.391865181019895
216.44 8.73011671609782
217.458 8.814379671253075
218.466 11.867021792076628
219.476 8.67762266555571
220.477 9.021236159740797
221.487 15.646416498698214
222.507 12.3677359493744
223.519 9.679165840026352
224.537 8.91788310307294
225.857 5.077172140202371
226.877 13.091523445896472
227.887 10.279641059932356
229.047 6.254135421925863
230.156 10.83143316971355
231.386 8.638089581227911
232.407 7.479557801364076
233.538 10.354211779647066
234.678 11.486012850711738
235.687 16.779772645179925
236.698 13.723505928473163
237.717 13.331444088212232
238.898 9.019647422310882
239.987 8.654278703079562
241.068 8.490849062477329
242.518 13.3307021639337
243.528 15.614221373133702
244.529 15.811352450162238
245.538 14.39026950697143
246.617 14.486122521482951
247.838 14.973425060457133
248.848 18.597728460530703
249.987 14.849906590544851
251.068 14.785817821109855
252.137 13.9177062775651
253.169 8.789328384899775
254.208 3.6749896608161405
255.218 12.176251762107011
256.237 9.318599038422597
257.249 5.668382525340144
258.277 9.100068026355082
259.297 6.395462939409919
260.617 4.8094740047929685
262.157 1.8595686319373448
263.197 3.4878832160619617
264.207 4.588565364844512
265.227 8.422752038810948
266.237 7.4503389516826335
267.257 6.3638570959873935
268.317 4.516948221807979
269.327 13.987883913945923
270.557 10.832898660967713
271.617 9.903634112756961
272.627 12.777181380616378
273.647 9.374484709081173
274.667 10.564834656092197
275.677 10.147544321527224
276.707 5.330312939787456
277.727 5.0536512232830795
278.737 4.196834974305196
279.767 5.189941709357579
280.777 3.690141731917162
281.807 5.56065183143835
282.822 4.950124949647214
283.827 8.739958142712908
284.907 4.248515545851531
285.917 7.211527921887221
286.927 5.631107092079339
287.937 6.303750316493112
288.948 5.788838373882913
290.287 5.836850049948292
291.316 2.411957499944694
292.377 2.699091134024337
293.387 3.4024582493325397
294.417 3.153339426743495
295.427 6.048814665485885
296.436 3.017722821795462
297.487 6.176150559378672
298.496 2.637360838115216
299.506 4.158560082529179
300.557 2.0394628577834806
301.567 7.413860354465935
303.697 6.613882615692872
304.926 3.7282157112295513
305.958 1.8143928674840442
307.046 2.28116201050403
308.066 2.0588949428235552
309.107 2.753592012684169
310.147 2.4107349175345596
311.157 3.9695346242212968
312.176 3.559763046820845
313.187 3.587931300400454
314.226 2.692306021983559
315.26 4.431312484637437
316.277 5.631731943350286
317.286 7.3358686874413
318.337 5.086241637127167
319.396 2.1633508541642206
320.425 2.7830278845462026
321.465 2.9371648135286175
322.515 3.394455855775717
323.575 4.142510751154693
324.585 3.240377209449324
325.615 5.56065183143835
326.826 3.685675127926131
327.845 4.683898745827001
328.955 6.504044006489885
329.985 5.004586648299749
331.005 3.3691008155278683
332.045 3.841609753365572
333.055 4.725636457417935
334.095 4.208218592492315
335.115 5.802340293402322
336.245 3.6318495889860216
337.275 8.34097774716625
338.418 4.068434910733712
339.426 3.788010176185464
340.465 3.8587391438604364
341.515 3.0359904717273474
342.52 5.319044736952237
343.535 3.1537419023960713
344.545 6.993941956972962
345.565 4.961570129691017
346.605 5.654256971079225
347.625 4.271851269592456
348.675 3.272840792214611
349.685 2.625629940460851
350.715 6.302072075634783
351.725 3.2793429837414467
352.735 3.7805091659308596
353.785 3.4546652806738862
354.824 3.8117692705396573
355.825 5.5310246488612
356.865 7.192350131378157
357.875 6.186300287568971
358.885 6.993941956972962
359.915 5.1392671531926375
360.955 3.290086206971552
361.965 4.347585540819615
362.995 5.119349613734682
364.015 5.054745797946309
365.025 7.750043790169601
366.035 5.463084462487839
367.115 5.053947670586978
368.155 7.710057635519162
369.165 5.191291277930642
370.175 7.796332919202218
371.185 10.350663783285768
372.215 8.129065966854403
373.365 6.838476567815108
374.385 7.674062968691706
375.404 3.089866655107488
376.495 2.974855287762699
377.604 2.065814747120905
378.615 2.266061873937129
379.664 2.1291616277077265
380.684 2.807584012942798
381.725 3.8133861480978313
382.744 8.99308559197947
383.754 5.524711183534997
384.764 4.914661915708373
385.806 4.214070437842275
386.844 2.925345694619992
387.874 3.151036037826114
388.884 3.0244073327516654
389.894 3.460354204775284
390.924 3.8924562820051007
391.945 3.86580507562708
393.175 4.162353757774264
394.217 4.030849984017736
395.234 3.3790391660066823
396.275 3.4845327038630636
397.294 3.033440740378939
398.314 5.0536512232830795
399.385 5.228809230807462
400.404 5.245966595321358
401.414 5.103687374016255
402.434 6.645299606440084
403.444 7.131427579056048
404.464 9.757722663283888
405.465 6.024427961840442
406.484 7.082684901763456
407.686 7.033760011315119
408.724 8.610933466218556
409.755 10.267752653674805
410.764 7.498386989567947
411.784 5.967073780322867
412.814 9.026845670424336
413.824 10.147406145024005
414.834 10.760633472442159
415.844 12.668712824506274
417.034 10.57101118454151
418.054 12.821847613064763
419.056 14.37575529121581
420.064 12.990687383818036
421.194 13.104274514240299
422.204 14.972115156245788
423.205 16.9853985927204
424.304 14.100083738611
425.314 17.514701017398544
426.344 11.925592875162858
427.355 18.643935722309855
428.364 13.288602888790061
429.464 16.569753355407524
430.474 16.758322831230355
431.584 8.81693943753886
432.604 16.676665935705522
433.774 11.474433218294584
434.794 13.25789879481186
435.795 15.38431251015945
437.104 11.21583649125625
438.113 15.04100327192979
439.204 10.469300660986772
440.216 13.091999888722876
441.224 9.771155635383426
442.314 7.653426721589842
443.323 9.695081180407126
444.324 14.039199437658015
445.453 13.240235447608741
446.473 15.815372497032516
447.474 10.87062721557715
448.484 16.959922351453468
449.494 16.54594554366878
450.654 12.133268148581985
451.663 14.637435639636843
452.664 13.870502628198127
453.673 12.18901097231518
454.683 18.039495381935318
455.694 12.686537593596237
456.704 11.437421991987451
457.723 8.979937806017714
458.734 11.09012006289019
459.753 10.077093152595147
460.763 10.016276642158866
461.764 8.051438633579236
462.793 7.606942884418147
463.803 11.551970314309061
464.804 22.860369546477994
465.883 20.914468730735567
466.893 27.31307331177977
467.903 22.00985906512361
468.904 21.166291090446418
469.972 19.741484218575938
470.983 20.40242513594026
472.432 17.50469070664616
473.443 26.95089670244789
474.444 25.196192972781606
475.513 21.006065313044537
476.682 22.72352451794334
477.713 20.888123437829098
478.752 11.14142424693464
479.753 26.226777117934454
480.852 21.727787635729975
481.863 29.73819698012705
482.873 27.56773260972822
483.882 19.94396940900245
485.013 21.743696664762453
486.122 22.703324205571754
487.123 27.341012573475336
488.332 21.441875685566885
489.382 17.61969673745716
490.394 25.938117964454456
491.462 15.15082731688409
492.463 24.25860120109938
493.562 19.172563339246956
494.684 18.51572550792951
495.713 29.53467998691653
496.723 31.1173488365961
497.732 26.099609439590193
498.733 25.06820646769079
499.862 19.672524304575735
501.023 25.624388852300363
502.025 24.699304188598706
503.072 23.58388134234131
504.122 26.595096602390278
505.253 25.91366321160361
506.263 24.516380858674
507.264 27.856165227165935
508.293 18.449223497139972
509.303 24.568058871436907
510.352 21.09737883786312
511.354 21.948671695786295
512.523 21.716485502458994
513.593 24.482042060240783
514.672 25.000719345255277
515.862 22.9514715644588
516.863 19.81727429013618
517.872 22.098754624993788
518.892 14.647050865149495
519.893 19.179990723163918
520.912 11.258339546817618
521.922 15.654154382965817
522.982 17.859640411527728
524.092 26.385691120171938
525.102 27.032575007449868
526.192 19.878219002357692
527.232 18.650352450881854
528.572 6.485606064068417
529.592 12.930073682965613
530.612 8.320546129557854
531.613 10.719078924765126
532.622 10.270188499735843
533.782 13.481689774634983
534.862 8.58541799580237
535.891 17.301970433088144
536.972 22.52232926146313
538.122 27.273083829885735
539.132 32.064653537802876
540.142 23.831992631346882
541.332 25.31880201077616
542.452 24.926976043302307
543.552 26.007444775924434
544.582 29.470506252383377
545.583 29.66805261206522
546.592 29.351635243216155
547.682 22.962072656243883
548.691 20.74231463449259
549.692 4.449692042071781
550.702 5.4817382905971295
551.721 5.97114916429744
552.722 17.674267134434857
553.741 11.944626582364938
554.761 11.281507417285841
555.791 6.411957276296313
556.811 3.930617618112939
557.851 3.71407672190335
559.051 10.911130715384784
560.061 11.306430665625536
561.062 9.70257608359185
562.082 8.048407503742604
563.112 8.101289806385232
564.131 6.097422691883488
565.151 7.112546166106635
566.211 7.300872383805977
567.232 2.67211029711908
568.403 6.9907957842480055
569.528 14.825554101336243
570.561 20.588965322352433
571.562 23.396853284292245
572.571 20.055864988998874
573.582 17.397298004067974
574.621 12.586705268505776
575.634 5.635371194456726
576.641 13.994908823919898
577.661 7.750956838827113
578.671 8.992526919553997
579.701 14.019102413356151
580.842 12.402828411221893
581.971 15.980719803788249
582.991 5.248020936871884
584.011 3.3359899319390416
585.101 20.979577016698084
586.102 28.75318611319047
587.103 28.749979479688687
588.241 28.580871396718234
589.511 21.71438765016384
590.512 23.01958587414391
591.53 21.165971988369492
592.541 14.293748472396983
593.551 13.213913626536634
594.681 15.78379329149815
595.691 13.453279017645567
596.721 7.376941738869539
597.831 5.642051667102505
599.021 13.34247423356288
600.111 18.656123879634222
601.321 18.368405708951997
602.373 22.238185756710088
603.531 19.165399781865272
604.532 23.591203162464183
605.681 26.13249854788799
606.682 26.940183377379014
607.683 32.98106276368242
608.691 30.48268276643824
609.701 18.549504860348325
610.881 23.665416171149666
612.041 21.167620857811837
613.05 22.337068696862268
614.071 21.40107612217081
615.131 23.39852381160801
616.141 23.900113648202428
617.251 20.76928799979699
618.421 24.376177765273678
619.431 30.05794957582875
620.432 21.676006408985344
621.441 20.102338307803343
622.442 27.06761220710097
623.451 19.993208996702382
624.461 22.490043371107674
625.481 22.195374569363587
626.511 24.430826796532855
627.591 21.303912613866586
628.751 24.153325666361223
629.761 25.11288882911518
630.881 20.445286503555987
631.92 25.305715537629357
633.19 21.967130973213123
634.201 23.478951662128132
635.219 26.767769645012255
636.23 19.99410331435484
637.231 26.07230103116552
638.232 20.023195932691703
639.299 22.113772976576822
640.373 27.548724463233793
641.42 24.642764717940306
642.631 25.87664061605993
643.78 28.335308624712237
644.85 23.014332519705803
645.851 27.985127664108642
646.981 28.03725637245323
647.991 30.073563520762505
649.011 30.717459258941012
650.081 23.92002656125141
651.1 26.874896224990177
652.101 22.818962147854233
653.19 16.29243479822519
654.2 28.580290035519848
655.24 22.007668170376764
656.42 26.788446398500657
657.421 30.151417767811854
658.431 33.641142693049126
659.44 23.545374984034012
660.491 27.52301737692344
661.671 22.575678970691207
662.77 23.97456148914598
663.88 24.50379185877304
664.98 25.92713533536267
666.072 29.27285826131059
667.222 27.269079114276387
668.231 27.496851897346154
669.35 20.707628612816663
670.351 22.638693573661868
671.373 25.030089735836405
672.453 15.894394706804437
673.46 18.108066604348576
674.48 8.601851818182004
675.49 9.347502359870173
676.5 10.36613955180353
677.51 14.685951615214043
678.52 12.921714004433515
679.524 20.204395585929234
680.53 28.46017619436902
681.61 17.38172404352049
682.69 21.091260383168546
683.71 18.82299002982859
684.711 19.209408100572166
685.731 21.538082483554135
686.74 22.447166202006866
687.75 18.72208731465079
688.76 17.54482349551941
689.77 17.473248066083336
690.771 15.327987294433047
691.78 14.67478027077228
692.799 13.563310771743119
693.972 17.48749591314513
694.999 16.58310991073671
696.009 9.369334247605881
697.039 8.52443589968849
698.05 7.575349873186621
699.18 8.710288569485797
700.199 12.85250859365562
701.2 13.496441851499243
702.201 18.455291536758537
703.221 14.586165149459442
704.379 18.19017912728733
705.39 18.141056616240938
706.4 20.684055503459568
707.409 21.5307012915055
708.48 19.3519497514866
709.62 17.75217915791005
710.669 18.69189449706865
711.679 17.455561473426812
712.689 14.245997624544678
713.739 13.107445598064054
714.799 8.948844894361663
715.8 18.03299183765273
716.81 16.881990802851778
717.84 13.185004638639526
718.841 16.827994710169005
719.842 20.436433406486568
720.96 17.89466564161494
722.12 19.900407707635697
723.129 16.45639580233369
724.309 16.790279075393162
725.489 15.718400602668643
726.509 10.365074779913453
727.529 9.996203118178697
728.549 12.920632976482185
729.589 15.277202235297516
730.619 8.998934016494568
731.669 5.322885317051406
732.68 6.987024111323592
733.688 3.32876932257849
734.75 4.853789310505955
735.778 2.7807120984583915
736.788 4.725636457417935
738.028 2.9253214070326528
739.047 7.11952609364169
740.077 3.3641672593356713
741.117 3.4878832160619617
742.227 2.7519382036640945
743.237 4.175693969103037
744.416 7.894571022868228
745.437 5.2408234908172515
746.466 4.020878542546154
747.647 8.069800367747849
748.697 6.369923689974173
750.277 3.405522284880892
751.287 12.371356986608955
752.347 7.727710034934258
753.377 11.944370505064258
754.398 10.47138092189226
755.401 4.082114172441472
756.417 5.073547487937623
757.46 11.030321684354055
758.476 11.943437965297575
759.477 12.821236357089436
760.607 16.397479169273513
761.806 15.018401980421247
762.807 12.049971274470938
763.977 15.062512115137235
765.106 18.846670629058337
766.137 21.764592686970687
767.187 22.051668643466634
768.347 16.63799253691289
769.363 18.269084076276016
770.367 28.337695858580766
771.447 24.849900558437017
772.537 23.467555269631802
773.637 18.257751897505166
774.799 28.060099731269432
775.827 27.643397956143946
776.877 27.95462563721197
777.887 31.04522070111225
778.897 22.237159415190064
779.986 27.701867990948575
781.107 22.860890624435118
782.177 25.87475533438546
783.178 27.854910457542385
784.377 27.044856236707606
785.378 32.97116402523096
786.386 28.906421952943845
787.387 23.434078117562326
788.398 27.971563216622986
789.587 22.185539392551597
790.607 21.720465987089327
791.616 20.9251650134719
792.617 20.90794795990352
793.756 17.043140152197825
794.758 18.61542967052039
795.766 16.925039912189217
796.866 15.285944145787607
797.886 15.461688058754415
799.116 13.576523472658325
800.126 18.67068565499899
801.146 18.814096610711662
802.336 17.800950483305556
803.338 18.85847276489435
804.406 15.939305405898594
805.516 17.2287827085769
806.706 17.925614719180185
807.886 15.492860246537873
809.046 15.194647225716615
810.156 15.752608254567358
811.166 20.28652169975008
812.176 21.599889375949775
813.186 14.002668799947578
814.196 17.179622993772984
815.199 15.964742515427949
816.206 19.566568322093293
817.216 19.39721771615743
818.256 14.905628342357463
819.266 19.113679528651993
820.276 12.327831387658202
821.286 11.686830582796057
822.295 13.754580897157377
823.296 12.140732946344007
824.297 16.305731695080596
825.306 22.988801666880576
826.307 38.54094711460044
827.466 29.854873391019844
828.646 32.37302430914712
829.906 32.04094499359966
831.056 26.006744226555888
832.167 33.59397425910068
833.168 30.41380404499705
834.185 17.93714857482764
835.186 24.926835753049538
836.187 23.511176742060965
837.198 21.666317833076636
838.238 22.881920215420966
839.366 22.103530730621593
840.456 21.32053451386724
841.916 15.204395538966969
843.046 19.382297099324006
844.206 19.57533318641234
845.208 21.789335707196575
846.266 17.455995854472324
847.275 20.18809264583052
848.546 11.357803189784601
849.576 19.786381779898818
850.657 27.303716934619356
851.686 27.164901905737086
852.766 26.353640913903337
853.826 27.696128564303017
854.88 18.452807526556814
855.905 16.702742174799617
856.916 20.53798025041566
857.946 22.36211256250114
858.973 30.874175679148266
860.126 28.37305559832677
861.145 23.343072223305352
862.245 12.310434965724735
863.317 17.410935618325897
864.318 23.489287982394007
865.325 17.99899772825849
866.515 21.185766263631237
867.516 26.596097653684023
868.635 23.102568248251533
869.645 11.717229413818695
870.805 19.43168441573248
871.836 24.897953332842775
872.837 35.52629330381499
874.026 22.21347452140346
875.136 22.68789988700691
876.275 22.416439851240927
877.276 22.157001444196265
878.316 18.37244362739262
879.465 23.06683211967784
880.466 19.789390519948686
881.486 19.799350630021454
882.487 16.921265921358945
883.685 15.31972364355636
884.765 15.385394684442408
885.775 18.659907887503525
886.785 15.751706995199344
887.855 15.479098956683409
888.875 16.89079210433478
889.885 13.478150788469582
890.886 13.90284780158073
891.995 13.197631676664576
893.135 16.106370932351485
894.175 15.718555263061992
895.176 15.022241754641188
896.196 12.14416907427916
897.225 9.83336519204464
898.235 15.461674512042519
899.395 16.342995228992763
900.398 24.58008326114414
901.545 18.03100144208514
902.668 23.91525784226837
903.685 26.84623563526974
904.686 26.232493290683333
905.725 10.570296467775659
906.745 22.443681490453756
907.895 19.830016566884698
908.905 10.598137903031835
909.926 4.11375679074152
911.131 1.8975292032516495
912.695 1.7963219477684509
913.705 20.558591237243938
914.715 15.170122087332818
915.716 12.434070208419877
916.745 12.333343408220337
917.754 10.887619734333946
918.755 9.578772144081494
919.764 12.530091936598275
920.895 14.374871954915138
921.904 15.545601743225031
922.915 16.87191840536405
923.925 17.041584665677014
924.935 14.90026337383816
926.064 11.872836352079805
927.075 12.707118649118195
928.084 16.814074380443127
929.085 17.88771739508056
930.095 19.258073976088024
931.115 11.367157884727076
932.124 18.29859262431066
933.265 10.040978992366146
934.274 12.247655874538802
935.285 12.727824623840435
936.324 15.144691492959167
937.344 12.77108671303574
938.364 8.048407503742604
939.384 5.633365329657406
940.484 5.062793409394295
941.485 14.417721617586897
942.544 13.487206372935146
943.545 22.49746227790644
944.554 17.99374978362226
945.564 23.01564584222252
946.565 20.663128457971332
947.623 29.332694798357263
948.644 19.589825748725517
952.514 3.4039235629639153
953.523 3.3944886558243823
954.543 8.984268841396018
955.553 19.694020848111645
956.554 15.204462192624565
957.576 2.4284777567791727
958.583 8.011088159937616
959.724 5.200961211227015
960.743 10.243905686874802
961.773 6.919651292204799
962.953 7.0384675791091285
964.003 5.272910165249189
965.013 8.468423437585662
966.483 2.6761010237214813
967.503 8.972775807414674
968.553 10.302457290749205
969.562 14.934809554150489
970.643 15.291709734916077
971.823 21.308300650686224
972.983 14.841179815183992
973.993 19.45994984917802
975.114 15.33037010065847
976.193 18.435789695035073
977.203 19.47584014722289
978.213 22.804097613558152
979.253 17.904252470822676
980.254 28.71749488731559
981.423 19.744331516223895
982.443 17.781775880778383
983.453 19.64147789697986
984.461 23.8547725633718
985.463 17.096166591406362
986.473 23.654159470026684
987.492 17.537229076053986
988.643 18.58005989095247
989.652 16.9848914894655
990.662 15.898312266599687
991.672 18.964863433182668
992.692 17.958139223473925
993.743 16.403607309992353
994.935 18.63582924070042
995.943 25.801804256058336
996.993 20.936132874856487
997.994 30.146259270431834
999.003 31.915275013261134
1000.023 20.017718275492523
1001.203 27.25241851023192
1002.332 26.849082728813727
1003.483 29.718151461950306
1004.623 27.91520409624421
1005.663 29.418883241976804
1006.673 32.034149944539074
1007.674 25.79904008367698
1008.682 28.262903265099222
1009.733 21.94875796704519
1010.735 28.33952119962953
1011.743 23.123891506470766
1012.812 23.191999519635647
1013.963 25.18274366051951
1015.042 24.424378613445803
1016.153 23.62202715185897
1017.214 21.645355963787825
1018.215 24.402620874048004
1019.222 30.45904276244131
1020.223 33.00323036094658
1021.224 26.852907176831717
1022.373 21.69274795560508
1023.503 29.72936951624836
1024.513 34.88735439695566
1025.563 24.425089616077646
1026.662 27.4418035223662
1027.692 23.310431328810306
1028.702 15.471899573385544
1029.712 20.31816411937148
1030.713 18.405240169306875
1031.722 14.591515574698688
1032.732 13.501088088231059
1033.762 10.861969169576367
1034.782 4.468601065421153
1035.832 12.208158690965304
1036.843 19.596962719035698
1037.853 19.262081094716326
1038.862 9.388025324497688
1040.062 9.504499655870823
1041.133 11.426317039182633
1042.138 8.310451945680988
1043.302 7.1032041970292035
1044.331 6.864802115197684
1045.352 8.35012256079334
1046.542 12.504772788103217
1047.566 14.230037158764985
1048.582 12.35008270092168
1049.732 16.558042596255696
1050.772 16.236799529782598
1051.901 7.940729569513201
1052.922 4.304962153163838
1053.932 8.73220238488626
1055.002 11.460212075672798
1056.05 13.090645592840213
1057.061 11.854584649750509
1058.062 14.061924710343378
1059.072 12.028541078680899
1060.075 9.501232744745
1061.076 11.95739715755313
1062.082 10.848505213534818
1063.152 14.697050933493284
1064.242 15.837364627858703
1065.252 13.731981027433594
1066.273 11.089073204507713
1067.274 12.697292998728141
1068.411 13.433557450933948
1069.412 17.88492901806181
1070.442 15.412110733988593
1071.473 15.09192061878524
1072.493 15.066136139599104
1073.501 13.92924443732915
1074.541 13.626120552839234
1075.542 15.288252921968203
1076.581 10.951764692806691
1077.631 15.77300854835702
1078.762 21.228034411259067
1080.001 17.110385394682652
1081.002 12.480914942299975
1082.131 11.81127743419682
1083.132 9.920348328529393
1084.351 8.14131884436121
1085.352 12.513399534533516
1086.372 13.771938421340147
1087.501 11.808557963934152
1088.571 14.310591912027082
1089.592 14.733033939634186
1090.621 10.282962533055844
1091.632 8.752691596064274
1092.641 8.82481296175091
1093.651 8.128923765787247
1094.751 8.54604094868003
1095.752 13.334018890331542
1096.761 10.857329089091277
1097.872 13.651336194733767
1098.881 13.006581767064908
1099.891 9.82863294890064
1100.901 12.703395127163654
1101.912 9.015243355584172
1102.961 8.668045281895886
1103.981 12.569958618536683
1105.0 14.502281818563578
1106.081 13.58491955627342
1107.112 17.313347159225007
1108.121 16.718914727787595
1109.132 15.645986661792078
1110.141 15.124160665313251
1111.231 14.148903910412685
1112.241 15.862662728402315
1113.351 14.516071694208197
1114.521 16.33535510267633
1115.531 18.128066521337367
1116.532 16.918756382042073
1117.54 14.232866744218144
1118.541 16.58010799346386
1119.561 11.92251770483585
1120.571 17.54344173031275
1121.58 12.481820543029198
1122.711 16.923445342479656
1123.753 15.137518532176161
1124.76 16.02395289324613
1125.811 11.404606189653844
1126.831 12.762877403061525
1127.841 17.227769905238276
1128.912 11.7497377910728
1129.921 18.46567527037649
1130.922 15.948401180494209
1131.941 7.953314852837884
1133.04 5.558965252182747
1134.041 8.212885662807821
1135.05 15.823058521133113
1136.111 14.925895050325959
1137.112 17.181282078095652
1138.12 16.629309293178068
1139.122 15.153911032276726
1140.131 17.816846882837975
1141.21 17.031799873866238
1142.27 17.59658623899236
1143.271 18.869086685922262
1144.291 19.62408186202403
1145.311 20.59901972985463
1146.312 17.680122726244008
1147.313 17.43711566930423
1148.461 16.552607625133888
1149.462 19.42341603658673
1150.84 16.904476472008614
1151.952 15.195536126379949
1153.01 18.81596349162828
1154.08 16.558914764562846
1155.241 16.176498346019926
1156.26 18.724090670645985
1157.321 17.945141536251583
1158.34 18.375811298926223
1159.341 16.722872896666825
1160.35 15.92679360759136
1161.39 16.094691637902464
1162.4 14.659974432346813
1163.401 16.685787482369793
1164.41 18.45903622478315
1165.42 15.292408293904584
1166.55 12.97348495002509
1167.61 14.51011028113739
1168.65 8.570488044160514
1169.651 17.761125078499116
1170.78 15.087497433116374
1171.94 15.504683140288357
1173.08 17.20165851003792
1174.1 18.045157909183136
1175.101 19.080445663629458
1176.11 17.355018277953416
1177.111 19.952371156485246
1178.17 15.08929313791989
1179.18 22.245173652446663
1180.181 18.21646704534688
1181.19 17.983791215319478
1182.2 13.763899799991664
1183.21 13.148599824990308
1184.42 10.812190437979192
1185.45 13.67006479369807
1186.54 12.53847829973566
1187.62 23.68807796361037
1188.631 25.99648930748864
1189.646 28.684380506501192
1190.75 25.544851862225464
1191.751 23.849546292832635
1192.752 24.831473259043197
1193.89 21.75085534248924
1194.892 30.907978335879182
1195.911 22.25865379435166
1197.03 18.69369926670512
1198.034 28.33727885166759
1199.13 21.34732188881899
1200.14 20.45053721074817
1201.18 18.744554282894825
1202.249 19.673407860541126
1203.359 20.429193297730574
1204.36 18.530717134976143
1205.37 17.765215020250363
1206.371 14.823848729949065
1207.39 17.434922866638836
1208.48 18.652666931628833
1209.54 18.93292250034141
1210.96 13.70267475482353
1212.02 18.538209582877343
1213.022 20.30990662524742
1214.03 21.634023907479353
1215.04 23.943915600177068
1216.119 16.378501616219616
1217.12 19.2438445568235
1218.16 18.640959105782496
1219.21 17.899876577840324
1220.219 14.18404415509278
1221.259 8.198779960588645
1222.419 11.483359723886077
1223.499 14.127561168916987
1224.501 15.010592210439075
1225.51 10.716664311849357
1226.669 7.011267788467049
1227.675 7.021750871314455
1228.699 3.116483351621259
1229.849 4.544988099904641
1230.859 5.297958335615222
1231.869 5.116537788937926
1232.879 4.914661915708373
1233.07 3.9814293786181945
