0.0 33.61444783716415
1.01 45.15057125999504
2.29 13.821028181018816
3.461 23.27959800756122
4.589 22.6870311310007
5.88 20.56935427707956
6.882 24.20313015606001
7.889 24.096817460725806
9.0 25.07257361435543
10.189 31.375833524752192
11.19 35.3078342493793
12.22 12.493950566008818
13.262 14.931733383330688
14.269 22.798033201934913
15.289 10.792459063015443
16.29 17.347509978912374
17.299 17.73957927848403
18.309 18.28850811938891
19.471 17.837696216943417
20.474 26.074436440046437
21.689 18.300619965548
22.699 23.46611092569378
23.949 20.591729860891686
24.969 25.25772192364597
25.979 25.07906053772231
26.989 25.462130437370384
27.99 27.563759313524734
29.139 18.201540877768167
30.159 28.07476288252978
31.16 30.40486519509712
32.199 23.251565756635202
33.2 30.927947589319324
34.289 25.565575656850303
35.3 29.641893993735867
36.309 32.44599741043805
37.409 23.929491668521372
38.579 25.451277111074713
39.594 26.525991732979456
40.599 24.382203094219314
41.728 29.92840319680888
42.868 28.047032618521005
44.049 29.618120528199224
45.279 29.61797168848727
46.299 37.409762482285444
47.31 25.24469939476509
48.319 28.615411566830513
49.332 22.541080645921912
50.36 12.316350477937473
51.368 18.5901643388586
52.558 15.357320872518596
53.588 9.874251253778715
54.598 12.946861262015153
55.608 10.686298184536401
56.638 8.050301811348032
57.648 13.152366996345197
58.658 9.4906694276279
59.678 12.616440277438791
60.688 11.155746590771509
61.689 17.210335372500296
62.698 13.901625188701804
63.718 17.093241666195766
64.738 6.518107391501843
65.768 8.060613268391561
66.898 7.7180056574136024
67.938 10.378039583050818
68.968 8.463643931813037
69.988 5.638395688502801
71.018 9.068189926935768
72.048 5.4409139561614595
73.058 13.357872730656275
74.069 13.532403896950807
75.248 14.961777971275326
76.258 16.645964479747317
77.268 15.764302816944152
78.278 21.021824519944516
79.298 18.76936467420558
80.318 23.808443749340718
81.328 11.361252325082587
82.338 16.029447276795118
83.348 10.487402283776051
84.358 18.701021822914996
85.368 17.238896594778026
86.398 17.982078769936294
87.408 18.328317344238677
88.418 14.099225653800543
89.427 21.331073048013497
90.428 16.642690177932685
91.438 24.83975451819614
92.439 25.117655668664707
93.448 25.143764579059848
94.47 27.030041812341043
95.477 33.59722844159325
96.688 21.430914095537148
97.698 27.569766002023798
98.7 32.31485379162747
99.718 25.643436023175052
100.728 30.235932502481948
102.228 21.33172656636618
103.467 15.376710329556103
104.589 28.30185112660959
105.599 27.56015169853245
106.708 33.23244858497308
107.75 38.934830428396104
108.767 34.766823479791356
109.768 35.55171705794857
110.808 27.17436910963184
111.809 28.72117952850159
112.828 28.810020128121796
115.737 7.420530193448172
116.758 2.1336708698269633
117.767 21.18806892080371
118.768 22.240475139254166
119.778 22.226616909632316
120.798 21.19772002612826
121.968 21.986224658710285
122.979 26.68932039156573
124.037 21.17061449734352
125.038 25.50447290145609
126.048 27.94877986717902
127.057 20.488843201840204
128.058 25.297119463101804
129.417 4.650577682586995
130.419 25.1876817162537
131.427 32.54291016740237
132.437 22.93371887711497
133.857 13.733315085339953
134.858 19.698576631139623
135.877 14.118086146636408
136.907 16.6030661932187
137.917 24.86619385251285
138.927 23.001409373258145
139.928 23.393499703892875
140.938 23.219143508102576
141.987 25.316644930189486
143.007 26.864675851083636
144.287 32.96014691562372
145.297 27.332262664283718
146.307 17.109403946385683
147.318 26.68932039156573
148.326 22.260030309876672
149.327 20.156633714663982
150.337 21.989113572081898
151.338 22.873448792688656
152.347 26.867031979761926
153.45 25.33021773337766
154.458 36.22930062463331
155.467 23.38651302197121
156.477 28.565297070263977
157.487 18.409137581865153
158.506 23.017045591494014
159.507 15.621989846801418
160.517 20.756079166101635
161.533 15.121200787715544
162.534 19.698576631139623
163.535 15.05070687263119
164.539 17.796837570136237
165.547 12.478236700483214
166.557 16.846963509365576
167.576 18.040471594129226
168.606 4.800572474480795
169.656 2.9679808149848745
170.666 11.9193325904408
173.037 10.505230663107959
174.047 31.647883084930147
175.067 27.90741833304295
176.068 24.8787748071889
177.087 32.794197701145116
178.097 29.000344297273113
179.098 26.842721078379864
180.167 26.80960914501283
181.168 33.798610430317055
182.176 25.43182046374133
183.257 28.14013930153795
184.336 31.369258468463492
185.338 33.60603668187776
186.339 28.11291246158781
187.357 30.454095377431457
188.366 28.835255977023127
189.407 26.46338587179462
190.496 27.41582141129659
191.507 27.654151929998875
192.526 24.86634245439473
193.656 22.52281110255671
194.667 26.130891685140604
195.857 17.66788691167488
196.957 20.680492168520587
198.136 17.92409727699049
199.146 17.05697594838844
200.171 22.957064340312876
201.172 11.611792540481215
202.181 7.506889631696111
203.182 16.380921619595235
204.191 8.596788595094823
205.251 7.049234433771798
206.411 3.9364977728878845
207.421 21.553014780539495
208.431 23.016642243637286
209.441 21.487667562474684
210.461 22.384006943879722
211.481 14.040877082956685
212.881 4.963923841078721
213.91 10.690691893126651
214.94 6.851521278127138
216.371 4.351379280102302
217.372 12.366025514597155
218.381 22.528638630854264
219.391 26.92125119562363
220.402 17.866116812764066
221.411 21.018298511012688
222.421 18.049202099824807
223.491 17.485042696990792
224.501 22.19461930631711
225.511 15.482038834582426
226.521 21.57810210342181
227.522 16.261178040517603
228.531 22.216615955700274
229.541 22.40012504055233
230.55 16.143888067979205
231.562 18.882956125985356
232.771 18.3294464433674
233.782 22.16005987975837
234.79 18.28972332011648
235.802 14.531036544336969
236.815 16.129208427581368
237.821 18.86421321383449
238.83 14.399658489860522
239.85 5.269345175301846
240.87 8.546620833107367
242.018 3.254437499905128
243.079 1.956275133472334
244.119 3.9915536857975296
245.689 2.7979383358395347
246.71 4.0658333332268315
247.779 3.1066161520891824
248.785 12.998339835625046
250.375 4.307770062320497
251.385 9.864275247254158
252.386 9.952965034690056
253.405 8.244409605127423
254.425 11.192003471920897
255.436 13.960567589472314
256.445 8.604307213771632
257.455 5.754160560899838
258.475 6.918693055367212
259.685 4.72794913825318
260.715 5.239398624460206
261.755 5.189019791525409
262.765 4.315620420665396
263.805 2.8237032744386457
264.825 21.918714720731515
265.835 5.137643357947639
266.845 10.275286715895279
267.925 10.62389145209986
268.975 7.116369999808985
270.035 5.286925825328849
271.086 2.7648440373448797
272.14 6.491353876924841
273.2 1.958120676049829
274.211 3.079536968257584
275.26 2.3743846519878997
276.281 2.0329166666039327
277.321 5.3885974758133885
278.351 8.665159263514292
279.761 3.0968188913842067
280.791 5.843944619582935
281.82 7.463313208405593
282.821 5.598542832019083
283.89 3.494943171097959
284.92 4.030306634195781
285.931 4.7219566846805945
286.962 5.032996887991232
288.161 4.500901237019474
289.162 4.97648251735451
290.201 4.394934953363716
291.221 5.290765277627057
292.251 5.4409139561614595
293.271 3.799985655156797
294.291 5.494256249849317
295.301 3.9046089520432403
296.331 2.821214643931357
297.351 8.546620833107367
298.37 16.92895781948427
299.44 5.819461448433507
300.441 11.40443910225969
301.45 11.519726791884624
302.46 9.517559432334236
303.471 13.974389933608476
304.48 11.842275533121667
305.481 17.625042248943345
306.491 17.59072000834475
307.51 18.969438029424555
308.611 24.063010306431966
309.621 27.537768398518935
310.63 19.03428541458898
311.64 17.467987417010594
312.641 14.100033799158469
313.65 8.111756984616271
314.66 20.550573431866418
315.67 17.05697594838844
316.68 12.993430543923116
317.721 8.972368515605293
318.73 8.022666872913891
319.74 10.275286715895279
320.75 6.588351600864067
321.754 7.442418824489452
322.79 5.61517117536307
323.8 5.548654826588761
324.821 5.488874999841998
325.829 3.500529224433616
326.85 5.285583333185398
328.02 2.73145208850076
329.039 5.295957392718199
330.05 6.364376401084639
331.07 6.3082201387193955
332.1 5.239398624460206
333.112 16.47708388544086
334.121 4.319897546963847
335.122 4.561775640892496
336.192 4.849551207024762
337.212 3.662837499905867
338.242 2.0974976668183216
339.252 5.548654826588761
340.281 4.0342233558918394
341.312 3.825077634880923
342.762 2.290325976942606
343.801 2.597007017903638
344.831 2.048002673062478
345.832 5.391189393797559
346.881 4.946634691635135
347.901 4.476801388775945
349.341 4.63722283230263
350.352 5.132561613781607
351.421 2.912452642575311
352.461 3.7919760014905837
353.501 3.392820632914624
354.761 2.141500231417766
356.161 2.015893006302735
357.181 3.662837499905867
358.191 4.932137623636561
359.381 6.453570833155739
360.501 6.906500809613738
361.531 7.053036609847359
362.541 6.370677763852039
363.781 5.45417273172542
364.821 6.386485897253289
365.831 5.137643357947639
366.871 5.827434957068215
367.891 8.139638888662846
368.911 7.529165972015029
369.921 6.355204744385206
370.931 10.069780981565236
372.141 8.52234619233388
373.142 10.989732225816642
374.151 11.519726791884624
375.171 8.947355247678587
376.201 11.083343244043139
377.211 10.89180391884748
378.221 8.631240841349758
379.231 9.247758044301959
380.261 7.698975739629783
381.272 7.801493652938179
382.292 7.9439360890867805
383.301 6.177404513715307
384.331 5.4409139561614595
385.371 3.9915536857975296
386.421 4.348892777662099
387.461 2.1953545271867445
389.361 14.91519774702188
390.401 25.440465032175993
391.541 24.392971410487892
392.542 32.969196677468894
393.551 22.95028276634687
394.561 24.341913872350766
395.571 26.059532333899092
396.581 26.77147837615154
397.591 33.702940428040925
398.592 25.152972445748368
399.593 25.308335950420076
400.601 25.252916256346857
401.731 24.508001228739772
402.961 24.91299396548173
404.141 22.746514946927217
405.152 26.24900063208123
406.161 25.283460514029837
407.171 20.222335106088426
408.25 21.763290493528125
409.251 34.42006444843493
410.371 26.648049659775957
411.381 36.76870141207139
412.391 32.29129029268351
413.401 24.892933633730692
414.411 26.84013051107706
415.413 28.976887843862585
416.481 22.109194184196777
417.491 33.049318023183616
418.492 32.80777020695087
419.501 34.25151849938212
420.622 26.224323016829057
421.641 35.56969661097029
422.711 34.63699779785186
423.713 32.2159746514407
424.721 33.48171309021124
425.731 33.412257974955956
426.751 33.0282632943076
427.791 26.295964696454604
428.793 31.312585754508518
429.794 30.748635368881395
430.8 20.89471364553835
431.811 27.554835216424983
432.91 17.98619421271259
433.911 21.185973772510305
434.931 22.841564129830605
435.991 24.86312277420141
437.13 23.123907095654666
438.361 21.310130732727053
439.38 14.665728164476656
440.4 7.504175852616651
441.41 12.330344059062956
442.61 23.72686885961238
443.611 34.01687720742229
444.612 34.93814489556367
445.631 28.53322118538861
446.632 30.00243582483898
447.637 28.044172980438354
448.641 29.829065945261554
449.652 31.01733046123209
450.653 31.145911218046894
451.67 30.954434911258648
452.672 30.84624912202257
453.673 26.952915485969807
454.691 24.16835792962033
455.7 21.393778327858886
456.701 14.780147013560551
457.71 21.382188615740336
458.711 27.426584706960934
459.72 28.182188758783106
460.731 23.80698184334309
461.741 29.838441147976173
462.752 32.602853810897045
463.771 38.39896682429984
464.772 36.20651738907462
465.841 26.77114546734191
466.94 24.723009679402644
467.941 21.772111013354863
468.95 27.33679527477853
469.97 25.534695746777274
471.096 23.66193671723386
472.1 28.692180857157005
473.102 15.706035293051448
474.111 30.578522903495415
475.131 26.78420171650652
476.14 28.496467019477556
477.141 28.382411301621122
478.21 29.250420455673133
479.211 38.77509294759571
480.22 27.67633609417092
481.23 28.597294673579185
482.24 28.31096870169853
483.26 19.769608829855848
484.27 25.12863428949502
485.28 27.832356662456533
486.29 21.201341590404372
487.3 21.989113572081898
488.497 5.63007646015378
489.559 17.199010985091384
490.57 20.797830003602705
491.571 22.21849688737378
492.579 18.618763433830733
493.581 24.940465486491096
494.582 27.963005626576063
495.59 23.189651417872966
496.592 25.882712731377403
497.6 28.73305915263521
498.61 29.755384530611853
499.611 27.617871285281968
500.81 18.434106129146517
501.819 21.599487734724406
502.82 19.643706788627895
503.83 23.78788964120092
504.831 22.238807823556346
505.839 26.78576182830719
506.85 23.529643426139714
507.859 24.784374606228678
509.33 9.628597073866358
510.479 15.548979166234464
511.629 12.48597167583334
512.639 30.414848678949888
513.65 24.170163103691106
514.659 24.498667096661627
515.669 25.622118454136075
516.779 24.26586424558604
517.791 24.9428395990299
518.799 34.228299990598295
519.801 28.924192681803714
520.809 24.536969834114714
521.811 35.52093041159241
522.819 19.231536674055906
523.829 16.83164071338724
524.839 13.993502708943423
525.84 16.17356818137371
526.886 8.135748047904729
527.909 6.227873816432574
528.929 12.819931249642085
530.039 13.41296415055282
531.059 16.075786805122398
532.069 13.357872730656275
533.093 26.790703168559848
534.209 34.69951013833439
535.219 40.895641129307975
536.238 33.69308700556577
537.239 38.56773950943107
538.25 34.73453568376847
539.259 34.62414124098282
540.269 35.241379189244306
541.27 32.70970173143286
542.279 33.60551878261599
543.308 27.603465554330107
544.429 26.89741135766863
545.449 21.998592246620152
546.458 9.256923314903561
547.469 11.717398044411691
548.479 17.467987417010594
549.598 17.914889546210294
550.609 11.713826856110755
551.618 8.434085686910448
552.699 3.840162657929182
554.038 2.480188697962258
555.049 9.854518298443235
556.098 6.727423180626061
557.118 4.442737476017246
558.128 5.754160560899838
559.129 7.672077214234324
560.158 6.858179705027506
561.178 5.901238194274874
562.268 5.712682339288112
563.328 3.32880514927902
565.129 4.954969592246356
566.149 24.418916665912676
567.278 5.699189142149818
568.308 15.771668143403817
569.311 13.244158191723562
570.338 12.73255099770148
571.348 12.330344059062956
572.378 6.663558147100288
573.418 5.189019791525409
574.468 3.16283111103043
575.488 11.598985416346451
576.489 23.41987360611141
577.718 38.350406740146774
578.72 44.743643711309126
579.728 30.415890109342673
580.738 31.293055201574536
581.819 38.22000485131841
582.829 40.6901353948831
583.838 27.42010156971986
584.84 34.59346527683606
585.848 25.171418177956408
586.858 38.018560848877016
587.86 32.05929705045531
588.861 32.9687419549024
590.069 25.924626032801893
591.078 36.049671342189434
592.079 48.20421771736595
593.08 40.25794286443941
594.081 39.833535242300876
595.095 34.74100133670598
596.129 37.459232595336225
597.289 37.34297084840595
598.29 42.4803230627239
599.298 40.148312649526474
600.299 39.766539467717216
601.308 37.844967109751245
602.309 28.931412875685027
603.398 32.75309359340849
604.399 37.97644874730422
605.408 13.12886156111028
606.418 21.16018035413917
607.428 26.715745461388416
608.438 34.45888200246237
609.439 32.57419444056688
610.449 28.361894464715988
611.468 30.286777477999234
612.478 26.289411196787924
613.488 30.444992235631407
614.517 6.686695722461733
615.518 32.347136362785356
616.527 30.83024625667591
617.538 29.902574096719707
618.549 24.127244505165557
619.578 30.42683210472094
620.587 26.125094688800324
621.597 23.07372716983481
622.638 32.58605085900951
623.648 34.04986914641356
624.649 37.296183958902965
625.657 31.264681143694098
626.817 25.870805671629228
627.818 34.628024183165216
628.838 23.926804354068718
630.057 32.90942175108373
631.068 36.48110738144478
632.077 38.4309682493964
633.078 28.68328599096644
634.079 39.680142201704655
635.095 36.258714842203595
636.097 36.073018228953956
637.108 25.098826590981563
638.117 30.85641104974176
639.127 22.65896011396232
640.147 30.32015486026341
641.148 15.258515033305411
642.353 20.620974018579787
643.357 29.56294144172884
644.358 24.453154591729383
645.36 32.10770729293766
646.368 23.081576943352903
647.377 31.267829863662456
648.387 21.167090634761724
649.407 17.960514072767666
650.447 17.76241390176297
651.487 6.785641265848214
652.517 5.64242928788168
653.547 3.425760639073052
654.577 4.231821965897035
655.618 5.582807076378313
656.627 6.582701023944908
657.642 7.688084489906424
658.647 15.283083167086605
659.657 15.839624338848472
660.667 16.533597309233194
661.669 19.88606387175616
662.677 14.366379054763925
663.678 17.41768881072182
664.877 9.067575125062174
665.887 9.864275247254158
666.9 14.547696157878713
667.917 17.652302472061617
668.927 19.93405622878146
669.937 14.608783731881378
671.157 15.24370946905255
672.207 12.849001388544528
673.237 5.239398624460206
674.256 5.295957392718199
675.287 6.240916141120508
676.297 3.2718676121627617
677.307 5.548654826588761
678.321 34.76748600477272
679.332 13.139357731270291
680.452 14.328191736909442
681.462 19.31753902588616
682.463 16.53067688053195
683.472 22.414957116429036
684.621 21.560898964314053
685.632 23.81508588793451
686.641 20.872437308747056
687.643 23.546106283487294
688.792 21.535281217780355
689.981 24.0313641416202
690.991 19.523044760121376
692.002 13.344660195820797
693.012 10.308335883686857
694.031 11.814058799152267
695.051 8.546620833107367
696.061 8.014723638397559
697.072 6.939613496564519
698.102 10.881827912322919
699.121 8.758698764891038
700.152 8.052795020804938
701.173 5.02121500352129
702.201 5.855314161648623
703.441 2.008652822519235
704.812 4.541811633716203
705.871 3.7239424377418713
706.941 3.1037127725041924
707.964 2.4347306939724795
708.981 3.673642330278776
710.052 5.059790840773953
711.062 15.823941542465073
712.071 16.04533374584675
713.072 16.6661841713031
714.082 29.181814273159283
715.092 22.261168312365758
716.112 11.802476388568712
717.138 7.282834795123381
718.142 17.13019703200609
719.151 40.319043771624635
720.153 37.170834102588486
721.161 43.03591811220019
722.162 54.6658237637518
723.172 57.93368891795623
724.242 40.6322909276205
725.243 54.05346419468788
726.244 55.653480930100834
727.262 52.21764528022458
728.263 47.06665371600518
729.411 40.42049967150427
730.412 51.84593826330531
731.413 49.68721920820884
732.414 53.57615719411311
733.482 46.49541076427425
734.492 63.92730572179487
735.643 40.78034205555017
736.722 39.25646505756859
737.911 33.42623634024815
739.061 29.945380678418452
740.102 29.390045387745296
741.103 28.105030605854846
742.261 26.85440511553672
743.412 30.48527047540233
744.421 38.46765910869703
745.422 29.73217911405117
746.431 30.03733273113447
747.441 31.505771663333434
748.451 28.942958923984804
749.452 26.328733133211614
750.462 26.30473399272833
751.501 24.66353499053711
752.503 32.139782924620725
753.511 27.497728771536874
754.521 30.25666334415994
755.522 38.77509294759571
756.523 36.78977472109002
757.525 36.62637778668617
758.531 36.422016657284956
759.541 27.211332754906348
760.542 29.444188227721945
761.554 22.805935688952633
762.561 26.077538790926354
763.572 41.08345437009291
764.764 61.17041532369067
765.771 64.25486513279938
766.772 61.27006108598209
767.774 58.11519671223796
768.775 65.50352711642513
769.783 48.758747537510885
770.842 51.63116098366381
771.851 51.91771605968215
772.853 59.16060362992787
773.855 63.56187343943689
774.871 69.99887225272052
775.881 43.2087824281966
776.891 39.20652820773945
777.901 39.90762495770394
778.902 36.30534373534712
779.903 60.52643830239116
780.904 68.90500263318921
781.912 58.58193457373089
783.031 56.86634027199208
784.037 87.48692315434272
785.142 76.08316710231183
786.152 93.66329444955457
787.282 73.32770013787182
788.283 84.87576460094424
789.431 69.4840380707873
790.432 87.89345436812457
791.461 68.53785704441098
792.462 91.48030507155218
793.511 73.54532070468358
794.512 73.41918399079417
795.513 85.62893655596595
796.514 103.54439487786154
797.521 72.07604750991385
798.523 87.6824781262743
799.532 63.677437159652406
800.541 53.98383247201642
801.542 60.40699787155844
802.543 54.93880880917993
803.554 50.444676468949034
804.557 50.82493796051581
805.581 37.258000150711055
806.671 40.37365860377944
807.673 46.65142056572311
808.8 41.75136531352114
809.802 41.636446231341296
810.81 37.476254049905734
811.82 22.699670679686164
812.83 21.783607837657023
813.834 28.76465607258708
814.835 40.64127389164632
815.84 37.92977054500701
816.841 46.86187703829204
817.902 21.82033287943587
818.91 45.964306395612134
819.92 27.270520809791087
821.021 27.06092383917759
822.03 31.679248677772808
823.04 23.95088212792619
824.045 32.87068314146821
825.051 34.13587496934909
826.06 37.479562242145526
827.07 38.63507805177232
828.15 8.840552237407337
829.16 22.811136509212414
830.17 23.501413445869698
831.18 27.743274132943803
832.189 19.76013286172521
833.19 21.3205716182433
834.36 32.23237957326852
835.362 36.87207676204465
836.37 29.78911836477673
837.371 39.60450670063353
838.373 35.81302514536285
839.4 35.48077268073711
840.402 37.907809255493696
841.51 36.747203725631245
842.52 56.103065468782916
843.709 18.43091114379425
844.71 35.8721448125323
845.719 31.062120456796936
846.729 16.80865651941974
847.781 3.156818124131008
848.8 15.0731095023693
849.803 54.7171673538119
850.812 19.95381247885197
851.821 23.656581804707187
852.831 12.759382346513277
853.892 19.75837884805161
854.893 17.83239568716487
855.894 21.369226920719885
856.902 27.180579860317003
857.912 26.510239726963544
858.922 26.267628790576662
859.932 31.031365882034844
860.933 29.858895104051204
861.941 24.82757194520418
862.942 33.17655011563352
863.952 22.522106514462966
864.962 31.442377350694937
865.971 26.530047490762517
866.972 32.969196677468894
867.981 28.68292876260934
868.992 26.894622856192097
870.001 16.662461966841587
871.011 17.881702908463613
872.013 21.75038235977479
873.022 16.662461966841587
874.041 13.850965488672397
875.043 10.281916339373689
876.061 13.660680787118372
877.074 22.333787059193646
878.081 20.219639744292984
879.092 16.409039599083442
880.101 25.91938528174515
881.102 28.46592865880453
882.111 28.799316979758977
883.112 12.648559731588835
884.253 2.7286694784582632
885.283 2.4181839805098826
886.294 7.596191188387674
887.303 10.079760942896675
888.323 12.209458332994268
889.333 18.701021822914996
890.342 12.77744132415884
891.343 101.18847785278653
892.362 16.833217249213142
893.363 32.55448980094998
894.372 25.713675874689972
895.374 20.507503367635934
896.382 29.355989682817277
897.402 25.63986249924624
898.412 25.27720532117294
899.441 20.97796145059205
900.474 8.23343391569501
901.492 24.569134426952402
902.502 23.016642243637286
903.512 24.044170915192677
904.522 29.387320007394496
905.523 24.260352272089015
906.536 20.386120274001264
907.541 24.98990625976948
908.542 17.625042248943345
909.562 14.665728164476656
910.563 15.551507866709139
911.572 19.51577775468147
912.581 26.536513502721014
913.592 16.218894699527876
914.601 13.576820861867409
915.602 13.685326922696456
916.611 15.031684316712303
918.161 66.20693942910914
919.171 18.701021822914996
920.181 15.618435808153995
921.192 20.73554891967693
922.2 21.620915798022533
923.22 18.110696527288106
924.231 12.79343508448268
925.26 15.935182255793627
926.261 23.223585080886565
927.262 33.17655011563352
928.291 24.646804489390124
929.311 18.924660416158186
930.33 13.647274819716591
931.36 10.27728191720019
932.492 14.681576775323691
933.5 25.739185473782165
934.551 14.01896614573037
935.57 10.18453344754375
936.86 3.057096931433387
937.867 4.95174850881767
938.88 13.536573369200843
939.881 31.103015733418278
940.883 28.793363314280022
941.891 23.890329244766097
942.9 34.59346527683606
943.911 31.20597461182858
944.94 23.144734557981188
945.951 22.172666171492537
946.991 15.367481690288248
948.01 12.832512143912332
949.02 9.04225230999088
950.04 9.767566666403
951.061 15.043583332929792
952.08 23.831808267203446
953.1 21.522867329058617
954.101 32.969196677468894
955.111 31.853388819355022
956.12 24.890838246848585
957.14 99.89279600670379
958.16 18.110696527288106
959.17 26.099228258303455
960.18 30.20934294471467
961.36 26.697169944891865
962.371 28.331740108007704
963.38 31.710676503766386
964.51 25.36411027473701
965.511 30.27360198057011
966.52 31.884958084638324
967.53 30.825860147609973
968.551 21.486799767949755
969.56 17.07388078083814
970.58 14.854840971826762
971.586 100.37953760909723
972.587 33.17655011563352
973.598 24.10292954796521
974.606 32.946157406456344
975.618 31.821882005328373
976.626 19.7872622457767
977.654 13.52779478723689
978.659 11.565576450760553
979.676 12.65365691542153
980.677 28.822127913038408
983.799 4.8305835610819265
984.806 113.98323514252635
985.817 21.730128275221343
986.818 33.38390355379814
987.827 35.382018003628026
988.837 29.303044629627443
989.846 22.628034769810622
990.866 23.42442692944356
991.876 16.234953011106196
992.877 16.58827505781676
993.977 12.808961560886226
994.986 11.519726791884624
995.987 24.467705710253643
996.997 34.73046909978598
998.006 33.53063334070041
999.007 25.814442039665703
1000.046 30.165235361770243
1001.048 27.578007283671333
1002.056 24.297791087247333
1003.057 27.78536072183596
1004.196 26.862646624962498
1005.197 30.066248542215828
1011.266 3.967872747633844
1012.276 98.64275247254157
1013.286 18.29001035429284
1014.836 2.142563010701092
1015.837 16.961450616970318
1016.846 18.92526544382265
1017.886 15.966214743152188
1018.906 7.529165972015029
1019.937 12.481832282241015
1020.946 12.548273826876018
1021.956 10.069780981565236
1022.977 8.131666666453663
1023.996 12.017749468108073
1025.016 16.075786805122398
1026.026 21.989113572081898
1027.042 22.60160756520699
1028.046 29.621949308849604
1029.047 29.651541665886572
1030.056 28.182188758783106
1031.057 26.541240092468886
1032.065 22.26243865477353
1033.076 28.154285601603892
1034.096 29.099209026929845
1035.106 24.77590953501629
1036.126 28.48873611035789
1037.136 23.996099398304928
1038.296 24.870582348603754
1039.306 29.181814273159283
1040.307 24.536065652347123
1041.316 32.91350511972455
1042.326 24.8014475282503
1043.336 30.65310760074813
1044.446 32.699080753170875
1045.456 29.79833147605458
1046.465 15.950749522899688
1047.466 20.942697260506698
1048.476 18.911334708914847
1049.486 28.35979133583911
1050.505 23.192445889756772
1051.506 28.822127913038408
1052.515 31.884958084638324
1053.526 16.504453952161484
1054.536 31.23687161627006
1055.556 21.64278215256013
1056.566 28.154285601603892
1057.575 24.68512883979341
1058.576 21.566121742510393
1059.585 23.03945358373132
1060.586 17.002981934259807
1061.596 17.579753693570733
1062.605 19.130974850820927
1063.616 22.377968636118908
1064.625 26.68342731168599
1065.626 31.103015733418278
1066.628 26.864850904449085
1067.635 31.948284714517172
1068.656 25.71312652211646
1069.657 30.688308856899365
1070.675 24.45198666684112
1071.885 25.151360248023597
1072.895 34.319457631125886
1073.896 29.346726048769604
1074.905 31.884958084638324
1075.915 27.034669930576193
1076.916 23.77880119517527
1077.925 27.153641723696886
1078.936 25.813033044790462
1079.945 24.68512883979341
1080.946 31.103015733418278
1081.965 22.61562012113266
1082.975 32.67541175648554
1083.985 24.761638303419495
1084.995 25.071699586748068
1086.005 25.580656770969746
1087.015 29.134493873714014
1088.155 28.561436062879974
1089.165 34.11395189670101
1090.175 30.20934294471467
1091.185 20.387580945141146
1092.195 34.319457631125886
1093.196 26.757081683121797
1094.197 35.04273105968413
1095.265 25.007041877515825
1096.266 33.38390355379814
1097.275 24.92782985062242
1098.285 28.770802804499194
1099.296 25.457505604376493
1100.305 29.82786401465554
1101.315 23.517487359252584
1102.325 30.620354413374756
1103.335 34.73046909978598
1104.336 28.837588476316334
1105.345 30.239282828765894
1106.545 22.651892098707194
1107.555 30.20934294471467
1108.565 28.35979133583911
1109.575 23.275927987398973
1110.585 30.003837210479457
1111.645 19.149074719497634
1112.646 29.444188227721945
1113.715 28.506978596853887
1114.725 30.825860147609973
1115.735 32.26440028782545
1116.755 31.018836948420148
1117.764 28.426543865637186
1118.965 32.158905372906844
1119.966 41.885394521013396
1120.975 31.838342648807966
1121.358 40.10312945940075
