0.0 0.13305491357839963
1.011 20.457561311005865
2.11 32.4175158788444
3.111 21.635781274545284
4.14 20.10151818968831
5.141 19.656630663335438
6.52 13.27796107965149
7.631 19.0654177264149
8.632 19.773380557961143
9.861 16.630259293443558
10.87 17.71991667926291
12.011 20.56445863909312
13.031 19.485360114851684
14.032 19.287589044309637
15.041 21.539868423314573
16.071 20.15077923752937
17.14 16.932137815213768
18.15 20.68030803303137
19.151 19.97142889511764
20.16 22.71675362885969
21.36 18.32845200880875
22.37 21.992852213320802
23.371 20.107903657907723
24.381 21.670047360671727
25.55 16.122110840692535
26.56 20.574769300532076
27.648 11.643527109037715
28.87 18.144116665810245
29.95 15.737245948931651
30.951 18.32080395775374
31.96 18.151480920527156
32.98 17.702644154408603
33.99 15.640338223179063
35.04 14.977684052313355
36.05 20.50885712586269
37.06 13.103578075421014
38.061 12.389616102445949
39.079 6.988923299742632
40.08 13.452893110954246
41.2 18.31985186631273
42.21 21.862632432005245
43.211 14.703289813619053
44.4 16.9243695654474
45.53 18.017118124943796
46.65 16.47308444047428
47.77 12.04758455822338
48.79 13.878110229082468
49.799 14.016582478428711
50.8 18.53711112555
51.82 17.322296537842085
52.84 9.98817953343549
53.89 10.363370147495843
54.99 17.33849353436409
56.0 7.674343378543668
57.01 11.116702462674267
58.219 6.490936159545992
59.23 9.115650001367928
60.239 8.692502423168454
61.259 7.436266759719662
62.279 7.872724805231604
63.28 9.245765343642596
64.32 13.152756919901337
65.529 16.61989952349992
66.53 16.098957503921493
67.629 11.510962195000142
68.83 14.914616341198423
69.99 18.40980874825069
71.0 26.641859490913177
72.01 20.868798360123613
73.02 16.607754589862992
74.03 17.20545517138686
75.04 17.040080336501035
76.06 19.695283747697665
77.069 16.864456924247072
78.07 16.499319014772833
79.079 14.098426309706994
80.259 15.308051624939754
81.43 16.05527013303329
82.489 15.969698656039187
83.509 22.494003932971637
84.529 12.760871803944198
85.53 20.743097719399522
86.54 15.497550526232937
87.75 15.445502188674793
88.89 21.724084313360333
89.919 21.069611558140217
90.929 19.70206040716502
91.94 20.110116226316762
92.941 20.29289093384509
93.942 17.457307876264398
94.949 19.65728725009486
95.959 17.478878420946867
97.019 16.86873908769962
98.049 16.6611516972225
99.059 21.78870540310715
100.06 16.279679943570656
101.089 13.510911748610786
102.099 23.05090081460358
103.309 16.333391437746165
104.311 20.14202514173973
105.319 18.733169576117636
106.329 20.72350098113601
107.479 14.612390853566975
108.489 22.375098604685306
109.62 14.284361558386628
110.629 19.56398116223403
111.63 16.43934475381647
112.789 17.162735189163076
113.79 20.98192855407372
114.799 17.422555166301827
115.801 13.185962559312616
116.919 12.328318378486378
117.929 19.615542422464102
118.959 11.505719844023037
120.129 15.479254571906303
121.139 19.663358468943322
122.148 18.207409742242323
123.361 10.976196096833224
124.368 18.05734843607091
125.429 14.48881534969308
126.439 14.962459906153699
127.68 7.6516371373506455
128.691 17.88042401323415
129.899 10.041377424139428
130.909 14.889943305218239
132.119 11.83462761926666
133.129 13.518071870968894
134.299 14.996472137199722
135.439 16.770382215237927
136.538 18.39265422602206
137.539 16.926202476519176
138.549 16.00992191978078
139.558 18.562022271248292
140.559 16.05231085650543
141.568 15.36046083247145
142.578 15.675737948226033
143.579 16.33605574884996
144.606 14.524608691988108
145.608 14.745068556823886
146.718 13.165706092264573
147.919 15.631561869946863
148.929 16.592828586389267
149.958 14.379434244353515
151.079 15.291146355617103
152.188 18.181573539686465
153.318 15.395375195802034
154.329 17.599749613289603
155.338 15.678580797026319
156.516 12.348751127661313
157.678 12.736236018856761
158.908 11.42960729482373
159.919 15.322288649532078
160.948 8.041903771600131
161.959 8.95320985730635
163.068 6.6997027580466035
164.158 6.9390029171250625
165.168 5.963004431690029
166.328 2.0965979077202617
168.368 2.1471067650555846
169.374 12.222742192612202
170.375 13.137295222241892
171.543 15.895137442790235
172.553 19.91168489842209
173.563 13.437629958450778
174.633 14.5301551455832
175.814 15.315761930346019
176.903 15.586604998811662
177.904 19.587060520501318
178.993 13.326485408286684
180.202 14.422671894700116
181.223 12.7827143252411
182.373 13.697898339280181
183.374 9.795929230724267
184.583 13.79093584734699
185.593 21.646271425840375
186.803 18.268268928387368
187.808 18.698689675060788
189.023 23.968236061157537
190.254 15.958951843896989
191.373 15.74433733939461
192.533 13.521503895269896
193.613 15.747622236511324
194.703 14.855443963425088
195.813 14.372039663392712
196.934 13.426389825803598
198.132 16.449669983096236
199.191 13.532929772139838
200.193 14.479181735564744
201.443 8.041492419438535
202.452 10.494521125153401
203.473 9.233995794689731
204.502 7.8712849323109815
205.522 9.02893970551605
206.633 7.6819783333637375
207.642 6.773733958616448
208.683 9.415039222419342
209.692 16.966398109870894
210.713 10.44617905732117
211.742 7.295770473643388
212.772 5.3178545736917195
213.922 3.0539154431638242
214.947 6.766004732837288
215.982 6.873484900545489
216.988 8.138371947077495
218.142 6.658331940632773
219.152 11.132420997314593
220.172 10.146178130670997
221.19 9.652262662575147
222.192 6.602700727815812
223.213 6.734365977476179
224.233 6.083469167679724
225.282 2.161385080711276
226.302 9.483054879023292
227.322 11.57902136965409
228.543 10.595613659107263
229.563 18.444897498177216
230.573 13.264990254557203
231.583 13.704845047169586
232.702 15.179344308607938
233.712 18.320150244966563
234.722 12.990378208372363
235.732 18.084636402511677
236.762 12.51419137655022
237.772 17.814585795906453
238.782 12.283836681141118
239.792 17.10401118312884
240.812 17.87594559586557
241.832 13.253701865507928
242.842 14.650334718488727
243.932 14.543216982761498
244.942 12.125462538096327
245.962 6.262394731439915
247.013 4.331426594735716
248.022 6.692419005086735
249.042 5.794023061986588
250.062 6.126107861964803
251.112 2.2595742622786585
252.121 3.6175237865333703
253.131 8.131369679571248
254.151 8.884020462364724
255.161 5.4811454877145716
256.27 3.347144695739621
257.28 6.143701535674572
258.29 6.823957446166395
259.321 10.058241484862405
260.34 5.853387028432214
261.351 6.79912950666738
262.36 8.830936173326764
263.51 8.147834801528177
265.051 1.8949157692971457
266.2 2.8590716714973485
267.23 1.771884223588265
268.411 1.6682389416507488
269.421 8.477705795558299
270.422 6.462959635714181
271.431 9.781197264469146
272.451 10.438894074876842
273.591 4.4672258490593935
274.611 7.693799241471413
275.621 7.517686386340399
276.671 4.170124092577409
277.691 4.473139093888037
278.721 2.110200129442343
279.761 4.387117188231853
280.771 6.903871004584562
281.791 6.234928087873142
282.811 8.861785560441628
283.851 8.834525168225372
284.871 5.788922113896091
285.881 9.831481101700856
286.891 8.562770806501025
287.921 9.568174807416652
288.931 7.3575950924540905
289.951 10.892355280684876
291.172 8.179056774814553
292.181 12.092657455857347
293.251 8.961247325147394
294.271 8.84177414870584
295.281 5.4209131197197244
296.291 2.7104565598515244
297.311 4.775272173022484
298.441 8.244465512293141
299.461 7.157022550207517
300.491 6.910348472017579
301.591 2.5167079086566546
302.651 4.1757145822012145
303.661 8.723126277437308
304.731 11.32795522277022
305.751 13.253485330959965
306.771 7.886850507641184
307.791 7.872724805231604
308.851 11.672064933190768
309.871 15.922020890482909
311.072 12.71599415510308
312.271 13.10983911563394
313.291 16.417728409949827
314.301 12.418302800929622
315.491 11.092151756587432
316.492 14.409549211123466
317.501 10.877693052548713
318.651 11.996406304907362
319.652 15.317292969571936
320.67 12.17066016962789
321.681 17.731839446023308
322.691 10.843807567330945
323.693 18.541511632322507
324.812 6.219215330343944
325.821 10.066130150447265
326.91 6.703547292202724
327.924 8.242175539776861
328.934 8.763545366483848
329.935 8.873391821227553
330.954 6.831373588239333
332.144 7.879675547688435
333.325 9.707031452819132
334.334 14.456873202452623
335.345 15.451871282723316
336.354 15.588010482921673
337.355 17.04055340077133
338.426 15.18861790961802
339.554 16.55638024018746
340.555 16.905677951674786
341.745 9.341013093775155
342.764 10.338902092091502
343.774 7.394579879817592
344.934 10.796846680132726
345.944 12.26957112030901
346.954 10.406330368185019
347.974 7.776722346317756
349.025 4.862144720116648
350.034 2.2148077832000324
351.044 5.059518911733962
352.074 3.855272947020525
353.124 3.8238949054010662
354.144 10.443733435894327
355.154 6.653827424280945
356.164 6.413294217876519
357.184 6.029582228888255
358.204 4.115287966367655
359.205 4.011078572088642
360.224 4.2613767784623455
361.494 4.885935866956157
362.506 5.992218184782603
363.514 7.611887935731717
364.545 3.5235094831212073
365.553 5.612724529697361
366.594 2.5081225685685467
367.624 5.138464248429315
368.714 7.784133180330378
369.724 17.200699984520647
370.744 16.6107796761196
371.834 16.217688688917296
372.904 16.27021285388812
374.027 14.967870713278176
375.127 13.45191353137115
376.274 6.345495952675828
377.285 8.61077917181892
378.494 6.594110518367563
379.504 12.635588426702702
380.514 9.942171286741385
381.524 11.611241905181977
382.674 12.241299581291425
383.776 10.18600850588009
384.794 16.419710613040415
385.984 6.272260301360354
387.003 7.283054127902188
388.044 5.434799544611905
389.054 3.470626028761514
390.063 6.692419005086735
391.094 5.485313643019342
392.123 4.256654811206659
393.144 2.8724183100702234
394.194 3.12864128622814
395.204 2.7104565598515244
396.254 2.1711428808914577
397.273 3.223820756173141
398.284 4.634888399657866
399.383 8.2463768397661
400.415 8.880257866785012
401.423 10.161614882604857
402.433 9.396249407513078
403.443 7.3597085088705745
404.463 8.359015189769918
405.484 9.029243054304157
406.494 10.447145722823201
407.504 9.695165742545845
408.523 8.356220905780937
409.744 8.260129488470882
410.753 13.764307793328806
411.797 12.433015995113086
412.803 11.827818507059428
413.834 9.469480260175398
414.853 14.753719332143849
415.859 12.431343588637551
416.883 10.054431570948873
417.893 8.39356540429049
418.953 9.258487305152919
419.973 11.735712031491186
421.173 8.014348051169593
422.183 11.246413395513175
423.223 9.232187837331427
424.233 9.024108770270125
425.243 9.288993524138911
426.453 4.750587864797507
427.503 4.692961929350548
428.632 2.9788466397891464
429.845 7.157035489386231
430.853 19.86595841904235
432.084 16.049444824134447
433.254 14.718820925946337
434.384 15.27041904508186
435.553 17.958458865998992
436.664 17.10306254749188
437.845 15.984503434583011
439.074 16.708090496174645
440.183 16.81932991789032
441.274 15.49493454383914
442.303 15.405610622003902
443.473 18.30434139328858
444.593 17.54405231493661
445.723 16.908403271819683
446.833 18.23983090111129
447.973 16.95130410134037
449.122 16.84093532812193
450.324 14.58235901778675
451.333 18.11959216343304
452.383 15.739515320666765
453.413 17.386613944076583
454.483 16.36160453490328
455.563 17.14607404061975
456.703 15.778503285565106
457.773 15.661392146685746
458.843 15.487585866572111
459.863 7.162385085387701
460.864 12.872608817267162
461.873 20.712306969456506
462.874 21.526628119547
463.883 22.731694425185875
464.893 21.68444501009553
465.903 19.864925560042725
467.093 15.065061611446398
468.103 18.737946253572435
469.343 16.760955975817385
470.353 21.747451237115126
471.354 21.711615395484365
472.363 15.605463448557726
473.365 20.591250046532124
474.572 18.654880080306363
475.573 22.623757266456664
476.713 17.554103995355348
477.714 23.779394636848103
478.723 21.699325063949292
479.943 18.416731859567214
481.032 20.668903298684864
482.152 18.526040876614275
483.273 17.49115204895656
484.284 20.876923437541684
485.285 22.044272629566322
486.292 13.339748818864514
487.453 13.597762892649614
488.562 14.832744685502949
489.564 14.440602550677868
490.572 18.444909954613976
491.582 7.093153862776702
492.592 10.630352508815866
493.703 14.732553822086995
494.713 23.436203045929005
495.714 22.982403346974728
496.724 21.071950513456166
497.892 17.937169514837002
498.912 23.78297427701207
499.913 24.466699667214268
501.072 17.92900477746906
502.073 22.308159377827693
503.283 16.404506372015224
504.284 22.229793010179375
505.289 18.799443648496652
506.412 17.70935690276325
507.423 22.665862760428183
508.552 16.82943774566106
509.762 19.374354231647345
510.773 15.245489166317483
511.793 13.448061067076113
512.803 22.938757655854886
513.983 17.704898680244344
514.993 24.043017735760426
516.152 18.58592238906308
517.153 22.71771694203335
518.303 12.958694191000072
519.322 19.098755201823824
520.333 21.323468886343736
521.482 16.476352601997334
522.483 19.517357101665034
523.484 21.158519433536892
524.485 19.03436438689385
525.622 16.451011397403043
526.722 18.562949369936895
527.822 17.7676086753343
528.862 18.747998952572036
529.882 16.6794462849865
530.922 17.35771895004333
531.952 17.572739501798782
533.002 19.424283268249948
534.003 20.703381430899675
535.232 22.738760365285472
536.242 21.72829840082511
537.443 17.395654180707965
538.684 17.971140001561185
539.872 17.42430228811797
540.882 19.383991235758856
541.961 14.005886305880985
542.971 13.476728162230762
543.972 15.463496890158556
544.981 9.563299632892775
546.091 4.226674573650912
547.101 12.927900335419366
548.111 14.605028353967604
549.261 13.036187657883438
550.271 15.008690890366413
551.421 12.283642568446139
552.422 20.574903236410538
553.443 12.998728376684417
554.461 12.753048602857882
555.471 12.123349121679844
556.662 11.860555948675573
557.712 20.201996609486567
558.731 19.20087428039313
559.831 17.607495420591228
560.842 21.392086981428438
561.843 15.964481883265012
562.901 21.073895386041936
563.911 18.18541994814476
565.123 13.362625690261359
566.131 21.353314537333297
567.231 16.33003966410902
568.581 10.879586924584178
569.802 9.412192416912697
570.811 14.053207262379495
571.821 16.408829269246674
572.941 13.960341996635835
573.971 12.770518779942291
574.981 17.317334153152284
575.991 14.531983398915516
577.011 13.593111103763945
578.142 13.155394734195024
579.152 14.223820867033535
580.162 12.52395725817227
581.171 19.94768196732788
582.182 11.04289476497615
583.341 15.595778916709648
584.532 19.011457229325973
585.731 18.46524227518502
586.781 20.38724510672169
587.801 18.295400481131445
588.811 23.927176098245365
589.812 21.78904883028375
591.041 14.704802519473487
592.071 8.204937859081385
593.091 8.370394227812817
594.101 6.151758935782218
595.121 5.546692476415829
596.13 4.646191003596677
597.181 14.51395388062707
598.341 13.674809710459584
599.35 8.265433642808725
600.361 7.144199349664481
601.371 11.650736374536924
602.391 21.267160520522552
603.521 12.282048225870767
604.53 12.563226430865896
605.531 14.553087608982015
606.641 10.160508860783299
607.661 6.799171422703811
608.69 5.471600968476947
609.7 6.274733353780037
610.71 13.006625097112641
611.771 11.93857059426704
612.781 19.89517383263184
613.788 13.091609962968384
614.79 11.50383231400418
615.82 9.924624031352192
616.95 12.339071894718328
618.03 6.105457015150534
619.05 6.44132029518343
620.08 4.590838042472584
621.1 5.5252423357284455
622.13 6.936900830636266
623.14 4.86151821079256
624.16 6.44132029518343
625.171 9.497272175715558
626.321 6.38242225778916
627.331 13.307258582986927
628.741 11.595170197674125
629.743 12.79066062023979
630.75 4.895343760664849
631.761 5.235032814922466
632.801 4.662658934438737
633.82 4.947931198767896
634.84 8.32435490146185
635.86 7.560128242826477
636.89 6.546386873464731
637.91 5.188841348895447
638.98 2.9059562200959426
640.01 8.641821301047173
641.137 7.582081828392377
642.15 6.305668929978542
643.17 3.763453341743339
644.18 3.433244975823048
645.43 3.7246840435588546
646.46 4.252522136635182
647.49 4.07533371426635
648.501 8.695100253911066
649.861 6.088373925457123
650.862 19.207356810629935
651.873 16.11627918308994
652.874 10.729795111727732
653.901 16.38636495941777
654.981 18.71190524522374
655.991 16.22271653567092
656.992 14.786454122131206
658.001 20.74668402303007
659.011 13.568793865081227
660.161 11.66033059593444
661.181 13.098057552012907
662.36 9.90216930166981
663.401 5.610115658959066
664.472 3.546747129487425
665.481 19.18147033190352
666.631 19.67046368310607
667.731 20.10018963506488
668.741 28.351481286908623
669.831 17.020225855590173
670.833 25.146209506950736
672.011 22.545058047996374
673.072 29.881193405858717
674.172 29.458981138164063
675.251 29.441070848783927
676.361 29.238896036124377
677.362 28.240146889865517
678.363 25.25036334369743
679.411 27.320796280694704
680.552 26.80336555592219
681.741 30.600461195519596
682.971 29.503328674685914
684.01 28.501848627766474
685.041 25.905623284319006
686.052 24.053281445424595
687.131 24.001082627953558
688.151 26.4367752189346
689.312 24.624320795293688
690.512 25.55990916306488
691.513 32.455937606105934
692.55 16.508160350528726
693.551 24.549597423605366
694.571 25.162584545002954
695.581 16.05179398263554
696.89 19.014459204069645
697.93 16.223738951665304
698.931 23.06969921560616
700.07 17.44360266654557
701.071 23.666909578460576
702.28 20.110944646732953
703.281 25.04298567688429
704.491 19.687590709488216
705.632 24.1101557521467
706.858 21.6874082749311
707.86 24.597127258035567
708.98 17.439707096719115
710.121 23.448487163086924
711.141 25.522528369074077
712.22 21.77726272378876
713.391 23.185097455768823
714.51 21.00434529013981
715.54 20.618230272813893
716.681 19.59270962980366
717.911 20.294283073561974
719.131 21.964109983736552
720.14 24.314228862498826
721.33 21.967933627212854
722.331 28.27439885677365
723.37 18.748965792923773
724.371 25.607010282015185
725.42 17.28472176039668
726.431 21.343658441334416
727.44 19.22906932910791
728.591 18.120730309640564
729.6 22.431027426400465
730.74 15.684148743077728
731.93 19.6181342434796
732.991 18.40722957478093
733.992 25.666584714681573
735.091 20.347545184888453
736.191 21.807102415546662
737.25 25.341363382841017
738.359 26.241354573082372
739.369 11.772389907268188
740.58 15.499066981058597
741.59 20.887026576638654
742.618 20.880389770757734
743.62 25.551230894183067
744.681 21.96690953854795
745.769 21.61183374769496
746.89 15.963667840714628
748.09 22.280594652061758
749.091 27.95147078052158
750.239 18.594692104760146
751.25 23.48691824618373
752.26 19.249525116087085
753.3 17.544748682714946
754.43 22.61502036714018
755.69 22.17202960860746
756.861 19.966752052261324
757.87 26.094299137876497
758.99 21.17990650142296
759.991 20.868643838839418
761.0 19.650188234800417
762.01 22.75528669277889
763.15 18.07533690686822
764.379 24.15187974689727
765.38 18.91321637986105
766.391 21.747845412231314
767.399 20.08208695980784
768.409 16.209771860088694
769.599 16.13031894654185
770.61 21.656310153872866
771.619 21.195304571514725
772.62 25.58621920499971
773.639 14.508371699874827
774.739 17.270576015624375
775.779 16.49834003164654
776.959 13.737212333083555
777.979 15.817778438502364
778.989 7.196050824776238
780.229 7.248111813048599
781.259 7.618972637763858
782.279 5.367766912655637
783.309 2.760409106227511
784.339 3.5437684471932056
785.509 1.8726348429447612
786.519 3.071850767837286
787.579 2.2382575239655007
788.589 2.9745015239539483
789.818 4.683332508430104
790.939 6.195147483312995
791.959 9.14456119555617
792.969 8.381281171349876
794.019 8.16147957364844
795.099 8.772039392549095
796.109 8.139428519683406
797.119 5.049744360784797
798.139 6.501485323943977
799.15 7.28658189671926
800.159 9.967626670147444
801.169 8.177204398209
802.179 7.484664254759888
803.229 8.456377901500117
804.239 7.35257572845452
805.699 3.239655669779902
806.729 6.384982216801652
807.739 4.329333538296408
808.979 4.048868052971135
810.048 5.292447451773991
811.079 3.9688976447503865
812.099 3.93636240262414
813.129 3.898145291914194
814.138 2.9577487976873833
815.178 4.211632500703914
816.228 1.8280901082850867
817.808 6.926221236492563
819.018 9.054419584390931
820.038 6.991806410786255
821.068 4.720361743040155
822.078 6.0237651537848285
823.079 10.139781660144058
824.1 5.00500891366917
825.128 5.24631213249863
826.168 4.687673199108472
827.488 2.2121706064365707
828.518 6.105358673069841
829.548 3.189391602472218
830.678 2.261112434005296
831.988 2.229057404959369
833.038 3.2954665789874458
834.058 3.93636240262414
835.298 2.6157927609238025
836.308 3.9753362877933527
837.592 2.014024948531807
838.608 4.85000986792878
839.718 3.3849933941582555
840.738 4.830990221391741
841.788 3.895427761311372
842.818 5.847217937871291
843.848 6.008604468764609
845.119 3.0973865665510925
846.148 4.611376045469712
847.299 17.17562141134492
848.489 26.738833558981565
849.579 28.255990976970235
850.58 32.50418356708213
851.749 28.703793815479784
852.759 29.129131867188423
853.769 27.167703914193233
854.799 29.588782726000016
855.809 44.103830580428124
856.849 31.103121525139144
857.858 33.53679900714798
858.859 21.904465963553758
859.979 29.28336584003727
861.049 30.389765408177045
862.079 29.342687694834915
863.109 26.170155446134814
864.198 29.812164485662976
865.199 30.971774561868553
866.2 25.589551108388957
867.209 21.508664636332472
868.21 19.004643808728495
869.218 18.11469519087859
870.428 13.382176793500976
871.438 19.62809083250472
872.468 15.227453855775938
873.469 21.397083715873244
874.598 15.152544070216317
875.609 19.440957842449404
876.618 17.294170093416344
877.619 20.556511129768616
878.638 18.900932217677454
879.649 15.239683019812881
880.798 13.35162319884847
881.808 17.67304855451353
882.87 17.658029516902698
883.918 17.98875702153443
884.928 18.769647499903066
885.929 21.090015499887386
886.938 17.28610470770482
887.948 16.79703744802178
888.968 17.46237641999261
889.973 18.589174486442037
890.978 16.183291724939593
892.148 15.824636715196208
893.158 22.11373272047541
894.168 16.540125264385438
895.268 21.45502285032551
896.278 24.202052321380126
897.287 21.491608328945315
898.289 19.623166382280814
899.358 20.152558643589302
900.36 23.20950588178549
901.369 22.802431823827597
902.528 18.337981170255084
903.529 23.434475998393783
904.53 21.321382870936326
905.548 21.185100036428867
906.55 28.47145906176985
907.628 28.690572629114122
908.771 26.91520288626875
909.917 30.27392490030618
910.918 30.651112179987873
912.008 28.13971671924857
913.129 29.33245717126216
914.13 28.646505826850852
915.168 28.30503015512091
916.268 29.07706637724894
917.458 26.90419396413867
918.488 30.41954774122549
919.489 42.90132144471123
920.497 40.43483091035171
921.699 31.34333146292929
922.708 37.648585937710024
923.817 24.197748546103185
924.857 16.90399867237995
925.858 26.939771636378723
927.007 20.33361462282655
928.127 25.388800564768403
929.129 26.683081799571532
930.258 25.048237394069247
931.259 34.09869925150458
932.438 28.09756098112475
933.439 35.35989132100045
934.558 27.060173702196707
935.75 32.396308117376535
936.868 34.69706725701792
937.869 40.01949156818789
939.007 23.674191749034737
940.058 35.86199844598207
941.128 30.802223878824353
942.137 33.41442532749471
943.138 34.95193307048833
944.148 38.11018161057402
945.217 22.879526887166797
946.218 29.469619239329255
947.22 31.91187742007941
948.228 31.58256057989517
949.418 26.97314084488381
950.428 33.45498567799721
951.517 26.37267629529229
952.688 29.133422783465708
953.697 25.494948431633517
954.698 30.800914556168173
955.707 25.985482541638017
956.797 32.77391905898961
957.808 22.879120274124407
958.867 22.824851196230423
959.877 21.890767288061145
960.897 24.42059933430695
962.007 18.34776031692501
963.137 21.160031351058436
964.167 27.386491245330927
965.168 36.35319835850138
966.177 23.751635159522873
967.327 23.024840322810892
968.342 27.81145914495612
969.347 23.628598856167557
970.357 20.502516876596562
971.497 23.788653470303483
972.507 25.83770454271527
973.597 23.97097859245062
974.727 26.921428948084845
975.787 27.764260559257625
976.857 28.735015753979656
977.887 23.61359537192621
978.897 28.409732327062006
979.908 23.075473592010166
980.927 21.086804185932312
981.937 20.266078414533467
982.938 17.811022739699673
984.017 18.239749587074364
985.018 26.246735732249764
986.026 11.630971318388221
987.036 11.16702819119496
988.056 5.568927378338924
989.057 19.75272275694783
990.066 18.48176507333245
991.076 21.49331291250353
992.196 21.77968201691826
993.206 20.72046294499458
994.216 17.956114266464365
995.217 14.150327127690419
996.228 15.617478415779825
997.426 4.915212527505759
998.427 14.760331999592884
999.436 9.772338562226485
1000.447 5.297976721269653
1001.496 6.437226669329929
1002.507 4.151922577355751
1003.515 2.5027499730346645
1004.527 11.11938443406571
1005.537 9.938340719483381
1006.558 7.815622471858033
1007.697 12.50534612457773
1008.707 13.062234366682882
1009.718 14.60140277869195
1010.727 14.846656101680027
1011.857 16.435213075679886
1012.927 16.007633208316964
1013.928 18.685980568881366
1014.947 17.641725426142315
1015.958 17.35087706104476
1016.978 12.4218549462977
1018.157 10.143871811966452
1019.177 11.590792788323181
1020.467 9.081561292843082
1021.557 16.94177133000212
1022.567 18.73200226994798
1023.578 19.37986134630896
1024.598 17.865089732018724
1025.607 16.81487463554808
1026.618 13.889753959102318
1027.627 14.709676765317775
1028.637 14.22514175230009
1029.717 13.643706405128293
1030.727 15.801750402331926
1031.798 16.385191959617924
1032.947 14.967165890411563
1033.957 12.80400129774663
1034.967 14.957440542154128
1036.037 12.854308509191085
1037.187 13.952188278551764
1038.188 14.93039234841314
1039.207 11.277743005113722
1040.277 10.638216096783262
1041.301 8.96057862216189
1042.316 9.72061718445422
1043.357 12.663000919706166
1044.358 17.73878707432092
1045.366 21.72733735194269
1046.387 19.699774667696015
1047.407 15.215997357477113
1048.418 19.616461816092137
1049.427 18.366866382877042
1051.657 4.601667501661873
1052.677 13.447799479986424
1053.707 12.86416441545071
1054.796 12.358930281923465
1055.826 9.498257435537875
1056.827 16.446541665137236
1057.876 17.026169488014354
1058.877 21.977901114119287
1059.887 12.966073919524437
1060.906 12.533938592975622
1061.926 13.52849909464546
1062.966 9.01591065665233
1063.978 12.26905190275261
1064.997 7.365927687794957
1066.026 8.881773711512757
1067.037 10.251807304678929
1068.186 13.465177946038239
1069.386 17.319654508361307
1070.396 21.849159402356417
1071.466 13.635439316193205
1072.536 16.821181255470023
1073.546 23.9120173361217
1074.556 20.846607487692168
1075.557 25.809856560252307
1076.566 18.07320701410591
1077.577 19.98831910762063
1078.586 22.06398627016139
1079.656 18.46959791937413
1080.666 22.64961587178796
1081.816 15.139532041541887
1082.817 24.997938343128414
1083.836 18.91494086043243
1084.846 25.685538560495
1085.856 21.807287339501656
1086.866 17.483501519321447
1087.876 18.063766415330118
1088.877 19.190430741512632
1089.878 13.057729369390126
1090.886 13.641509385052538
1092.066 17.33203068084816
1093.217 17.297092361206218
1094.757 13.68399392979875
1095.916 19.064538724987646
1096.918 22.232239066070647
1097.926 19.14729462448323
1098.937 16.813676552160697
1099.945 18.837064802388756
1100.946 14.993565236606504
1101.956 15.537441261179525
1102.966 18.92366272167328
1103.986 21.691847147415434
1105.086 16.911462136005206
1106.095 14.367360643845116
1107.106 12.048281814208224
1108.246 14.562573479474525
1109.257 12.158202724044127
1110.286 8.255825568594817
1111.316 5.116704266734897
1112.337 5.3625095503514855
1113.396 3.00114486485632
1114.406 12.670195620599744
1115.417 20.91123248500065
1116.425 16.138700632610597
1117.436 14.497947804729728
1118.446 15.441809168137707
1119.456 18.639672390114242
1120.457 17.378141851769314
1121.465 15.873734717958952
1122.476 16.041063194364472
1123.577 9.403485363349425
1124.645 7.549123950319829
1125.646 17.74331846289694
1126.656 19.951311456252004
1127.658 14.961958707973052
1128.665 12.831812687809027
1129.765 12.07755402960626
1130.936 15.67213106290854
1132.126 19.581474682446785
1133.145 14.867228615590731
1134.156 17.07033461901738
1135.217 10.094855041127138
1136.245 7.037216684729579
1137.275 4.838875929039804
1138.305 2.3034494906780854
1139.309 12.255594470214879
1140.31 10.348492088229516
1141.329 11.005163618576228
1142.489 10.33899938060472
1143.499 15.071829205944349
1144.52 18.06123008279089
1145.529 20.207889818656312
1146.531 17.59712744430116
1147.679 13.306194280839822
1148.699 14.973113752297644
1149.71 14.721352487014578
1150.719 14.168634830566798
1151.729 14.758118955962845
1152.75 11.049461381747596
1153.751 13.046934002425651
1154.779 9.66893794666276
1155.819 4.749246773674997
1156.849 3.5437684471932056
1157.879 4.37284965444131
1158.889 14.138887944615798
1159.899 15.404824380774205
1160.908 10.145329592982703
1163.229 4.739741524431535
1164.25 11.520556656934826
1165.259 18.752682699031872
1166.269 14.581952789513778
1167.27 13.886173827257966
1168.271 17.64122894318391
1169.279 17.38981091785401
1170.289 19.36985776348509
1171.299 18.617481517682798
1172.318 19.16578721242576
1173.319 18.32880052588792
1174.32 20.27476537937425
1175.329 19.98047238760571
1176.33 26.076009002718305
1177.349 19.163037852571943
1178.35 18.603349364828112
1179.369 16.773844180629844
1180.379 15.300606533508114
1181.389 15.475623830868146
1182.398 12.907393624450208
1183.409 11.450380682818505
1184.438 11.554240378894796
1185.569 9.195105093073556
1186.578 12.550543333868506
1187.79 10.964448421353957
1188.839 17.530429084800907
1189.84 21.378958161569166
1190.978 22.94723941067231
1191.979 27.51739040740444
1193.028 19.085685227855432
1194.208 22.700628908387255
1195.338 14.678459054278658
1196.538 21.68681159616823
1197.539 25.259825949356237
1198.618 18.336561050749072
1199.619 22.095583941760683
1200.708 17.45666438147082
1201.729 23.048176165007735
1202.75 16.245633830302907
1203.758 21.445165858430123
1204.819 18.599862202900912
1205.829 25.31265265071855
1207.009 20.138489853201115
1208.018 20.18356144228887
1209.168 17.294732083397545
1210.288 17.99490465679355
1211.289 18.420894335433218
1212.378 20.55215475016012
1213.379 21.222625254612538
1214.389 18.600970451892543
1215.39 17.720928072187927
1216.391 17.10412611733805
1217.439 18.043368316915174
1218.549 16.384238193605306
1219.558 15.93892086777105
1220.579 16.812591163205266
1221.688 17.639635398113327
1222.689 20.790010919020023
1223.698 18.1106251145378
1224.709 19.82455938493763
1225.717 15.288215633839584
1226.718 15.814013126356834
1227.728 16.10185553410626
1228.757 15.563653452613996
1229.869 16.04308160398558
1230.878 16.26747777294368
1232.048 9.301030514469938
1233.058 13.97139969326346
1234.078 11.113134777477757
1235.088 15.444847204245784
1236.278 15.4372626588556
1237.288 18.859467697895443
1238.308 13.931343200174732
1239.318 14.509924615025737
1240.328 20.99771676181259
1241.338 13.0393830516265
1242.339 20.675393442596786
1243.348 16.4151752785642
1244.358 17.848330028940218
1245.368 18.0866177303865
1246.378 17.784663359295685
1247.379 10.241737903754869
1248.388 17.16128955960967
1249.397 18.48983045887722
1250.398 19.392344086734063
1251.418 17.036905031914042
1252.427 17.81233806561261
1253.438 17.387693308262985
1254.498 18.300373103492728
1255.517 14.118355372999309
1256.528 12.195018971145622
1257.53 18.19334235949019
1258.537 19.41749476252713
1259.538 17.71679651195191
1260.548 19.199067298941348
1261.549 19.27706022946622
1262.558 22.28135502400587
1263.559 20.289292478118
1264.567 20.018293967292916
1265.568 22.9302923779336
1266.588 17.145202083709712
1267.717 19.814783515303134
1268.718 22.220596956858415
1269.728 20.383240937298407
1270.738 21.559885529631096
1271.867 18.868864702644583
1272.868 19.6658267166564
1273.869 20.838923260674065
1274.877 17.140594725477797
1275.878 23.303065728855405
1276.887 17.89880957714501
1277.897 20.259209811134035
1278.898 19.74779153986504
1279.952 20.828069727656406
1281.117 22.967833004904307
1282.317 23.06837722739397
1283.328 27.02418104197169
1284.417 20.30028170134789
1285.587 20.36751224199718
1286.588 24.564391074520202
1287.589 20.039266448089297
1288.597 20.130130230030655
1289.617 20.019267049537497
1290.637 17.240419781354493
1291.657 18.311880467198133
1292.677 17.650326737971824
1293.697 15.805483845670574
1294.797 16.037873052766507
1295.817 13.14959020706389
1296.927 16.817398120927734
1297.952 18.399826043999727
1298.957 19.0922806256229
1299.977 17.341653981811962
1301.074 12.348701057808407
1302.077 15.682056863159344
1303.078 17.061477753955725
1304.089 17.790032868986493
1305.107 15.23973188829736
1306.117 19.73574298137047
1307.118 13.866049130820286
1308.228 17.211496733990177
1309.317 19.333696829800214
1310.327 20.814906241361538
1311.337 17.77766266740462
1312.487 17.679531229666313
1313.497 19.919478121429737
1314.508 15.763555783348144
1315.516 15.273921768316404
1316.627 18.32416093294046
1317.637 20.35338893035096
1318.646 14.190979915372939
1319.657 16.391921937881456
1320.668 19.418525003700577
1321.826 17.53262339429759
1322.847 17.081239302370772
1323.857 20.843701540042375
1324.867 19.8094483790475
1325.876 18.54562706119276
1326.947 19.682185708891645
1327.997 19.760729098655506
1328.998 22.984402489008275
1330.047 17.111760082860627
1331.048 22.744771997487305
1332.056 18.157855551733313
1333.207 16.03091997888015
1333.682 22.00974429022032
