0.0 14.502658132319665
1.002 33.00158429642696
2.02 21.28900341493731
3.15 19.924707260000524
4.321 16.93789313293397
5.33 16.6041867697578
6.409 13.732618298892268
7.42 16.228834001460484
8.55 17.354624110198184
9.56 18.752812063060922
10.57 20.076535940023895
11.73 17.739639591966412
12.731 21.782122622844792
13.76 18.425395031228007
14.81 20.386042100533224
15.941 22.931802222950914
16.95 22.0016799792015
17.98 18.014951190367317
19.1 21.53650606515573
20.21 20.79449007186803
21.279 17.76553580881646
22.281 13.512836510331192
23.29 12.849175121539632
24.322 6.033946035220772
25.339 2.1736564297258862
26.359 7.403911062524782
27.57 3.8324531030638043
28.59 7.313721585287498
29.859 3.6084458562262074
30.889 2.9054456979727674
31.909 6.2193396098880545
33.009 6.5247328868611625
34.029 6.037376398606943
35.049 4.029896691919341
36.209 4.082940029385764
37.229 5.263353783395005
38.279 2.9111139284070533
39.309 3.98584072917852
40.509 2.5286605923185546
41.539 6.132062660267986
42.579 6.182642738093
43.589 5.7385367135479965
44.599 10.607390382734286
45.77 6.495507056839872
46.779 7.198640456966479
47.799 5.246719086846948
48.809 7.571270876844834
49.829 6.60917994752941
50.839 7.504187572363585
51.869 6.278416348754845
52.879 4.531265796245478
53.899 6.8113990138044525
54.9 9.74638771726872
55.92 9.040674674562345
56.94 6.66055513279718
57.979 5.6230247349062745
58.989 4.532294330716054
59.998 9.083867934893174
61.009 8.058702738186449
62.029 8.426775158845471
63.049 8.204639721168625
64.059 6.5389651028794615
65.069 5.777621023819446
66.128 6.64992919984426
67.149 6.495421907029538
68.179 3.965893595522635
69.588 2.6895775188388007
70.618 2.9469088409496114
71.619 5.079135939740177
72.649 11.026170345969161
73.77 10.55788554708541
74.78 13.587626181840836
75.789 12.781110173154515
76.799 10.28900182009846
77.809 6.851182458634119
78.828 5.9996913865761
81.089 1.4665691656586488
82.329 8.456421568332566
83.339 12.736913884554003
84.349 9.461717252664469
85.369 9.00582102463083
86.378 3.884735432218396
87.598 8.355120002251669
88.609 9.458523584707423
89.615 10.000046338185495
90.619 12.415943286041811
91.679 10.626996147441057
92.688 12.63891734821845
93.698 10.995947853277517
94.699 13.610280883933477
95.708 11.903815905670731
96.729 17.458029080263614
97.808 12.96091134570884
98.818 15.108942960666765
99.828 13.890129600813516
100.889 9.511146687466372
102.018 11.638646567674133
103.029 13.784256563592805
104.039 10.140550010025885
105.048 12.246542939883264
106.198 8.820132349804192
107.199 10.428902374631438
108.228 9.572599622383986
109.368 9.411039373906156
110.388 11.106771883395034
111.398 11.761063225439596
112.418 9.454721625658532
113.588 12.505989823431307
114.589 15.729662435191331
115.719 13.738673094642664
116.728 17.804417758702808
117.738 11.375934203160472
118.748 12.350642046182035
119.978 12.47803723751611
120.988 16.71265677958345
122.208 11.10420813289738
123.218 14.231945893287758
124.228 17.592853731924315
125.428 8.229665320782715
126.453 15.34795764984403
127.458 11.43011903707229
128.588 12.361343052421836
129.598 15.6725798561117
130.608 12.41955385640318
131.708 10.65105115198123
132.728 12.205906629214107
133.738 8.983448719056467
134.748 15.685836522736773
135.749 11.29879434542652
136.968 12.056123808530137
137.987 15.851205711897407
138.988 10.25259473632773
139.998 13.222610722743863
141.008 9.062188747653002
142.138 13.818244446076433
143.148 14.89992189787535
144.318 10.941840883644035
145.348 9.868676281321221
146.38 5.252594258501065
147.388 9.77168525610688
148.398 7.576870675672366
149.518 6.630927105486607
150.538 8.174538841700025
151.557 4.9586061158607375
152.587 3.413601655852111
153.687 4.295047788311942
154.708 10.432400950332381
155.808 8.402583351530907
156.819 10.414342859410887
157.848 9.882417175397833
158.867 5.3440715903691665
159.888 4.92828346707254
161.059 6.2559841252071795
162.118 8.108484116142185
163.178 9.107640484178466
164.259 9.429460132050389
165.26 12.56846302124549
166.47 8.868888489623366
167.479 8.294085743898357
168.489 10.401112078516645
169.509 14.006980305193915
170.519 18.021066920778203
171.578 12.706278211838034
172.679 16.526030967703285
173.699 14.072726963004516
174.709 16.985104135304184
175.719 14.692615059057276
176.72 14.70491032173998
177.739 11.538591250869626
178.758 17.0158710099686
179.769 11.266953746114167
180.779 17.94049838638406
181.988 11.722596262705656
183.068 8.602219027611522
184.069 5.836486213348226
185.07 10.870997525225553
186.088 13.387079021727452
187.159 12.980559713974891
188.168 15.167615976795068
189.36 16.816622172312716
190.368 17.563406490428005
191.55 12.820411586078341
192.579 16.43065008364122
193.668 14.625196780500763
194.728 12.040183117843533
195.748 11.786304895710705
196.938 8.347028843865148
197.958 7.423601111502978
199.008 4.962590710054026
200.009 14.746075676091758
201.238 15.126328643209398
202.438 16.142875342781164
203.449 19.477044009199176
204.499 13.167288628419767
205.508 19.079119808889505
206.628 12.894866373745767
207.63 17.83146095744305
208.643 9.072040769993148
209.659 16.769714797355388
210.668 11.642766809517452
211.688 11.305482952436005
212.708 7.305800301211497
213.717 10.75037241903148
214.908 10.747167249549884
215.968 15.657323261349395
216.978 16.098850257689993
217.988 14.11057882454782
219.188 17.832111803745768
220.208 16.648162737716248
221.238 14.753931025725157
222.598 11.174102798012179
223.618 12.151249769107018
224.628 13.283979946760882
225.638 15.713949798669839
226.648 13.803389859595915
227.748 12.914629058982818
228.757 12.475904656704119
229.759 13.856696464737915
230.768 13.159070827710295
231.808 9.604754971507827
232.948 13.092673535790354
233.958 11.451245783478472
234.977 5.5513598120498715
236.028 8.017330046896626
237.248 2.059096055175428
238.357 6.095950023989201
239.508 5.963962995683478
240.588 12.654257594524339
241.788 11.689416275378132
242.808 8.823857813335291
243.828 5.727541030121646
244.908 6.5099375741990855
245.978 12.905724818944654
246.988 17.38783252540736
247.998 12.669373453641386
249.057 12.104850470985502
250.208 16.071672879786963
251.218 17.251890530684612
252.219 17.84823682273766
253.418 13.335612453946815
254.427 17.045636577889773
255.438 13.793161712107763
256.447 13.941989326434015
257.531 12.104444459048823
258.537 14.395353371742287
259.768 13.069120402695757
260.777 11.594034594368125
261.838 12.859760474669715
263.048 11.854851591841154
264.147 13.22833229024228
265.347 15.276422658603705
266.568 15.16446285693357
267.747 14.682006449492626
268.748 15.536173738621482
269.828 10.085209140880233
270.837 19.20792843390198
271.888 11.88717825464695
272.987 14.75111549244093
273.997 14.459480576751538
275.068 12.923332478008152
276.073 16.19011504976309
277.087 10.218476542914507
278.088 14.935067317163584
279.097 13.456039913429603
280.167 10.345264685498684
281.187 15.263662539342752
282.197 13.052216843734815
283.207 15.374419138338004
284.397 8.055848907669533
285.398 11.270428302901221
286.577 10.100665146904722
287.578 8.18752377863964
288.628 12.420877346276455
289.647 16.753305929070116
290.658 14.114888744618534
291.717 12.181364112531817
293.127 10.951813268497009
294.147 13.114704234886565
295.157 12.80034017754103
296.177 10.483366826781191
297.187 13.90304342262949
298.237 9.756881615558106
299.246 12.314150308781718
300.346 6.609832167541494
301.368 7.7326451274174905
302.397 4.936329129493537
303.516 4.833384906290849
304.517 5.363257601457466
305.518 3.3559565108502114
306.522 13.590536265115002
307.531 17.226494869311846
308.697 12.70143836402017
309.827 13.412726775685949
310.898 6.427340674681957
312.069 10.319397019558298
313.147 13.247361914176569
314.267 13.777450995469588
315.386 12.463465466775382
316.487 11.878232183657321
317.496 12.886925429052315
318.538 7.514994093956992
319.547 12.208335052898347
320.747 9.327640164303437
321.756 15.230413200259385
322.767 9.685034029162892
323.926 5.3133079608047495
324.936 4.345901026464876
325.956 4.798940214273614
326.966 1.7403946232228478
327.977 14.158272801509582
328.986 18.821159374346955
329.987 18.74165185315409
330.996 18.33990015106281
332.196 17.02000478642229
333.207 20.624666482882784
334.218 15.661187867466692
335.226 14.648825248910113
336.236 16.11416399331393
337.237 19.70321457119899
338.406 13.138340696047793
339.408 20.629063340024484
340.504 15.746587625064661
341.516 19.91151171565835
342.534 12.82503690473238
343.596 3.865740066902732
344.606 9.176813201458133
345.607 18.143658777887897
346.626 17.077944204149127
347.636 8.831568460719781
348.726 9.588592904651646
349.876 8.146655921754814
350.886 8.754885501093254
351.896 5.550543466772606
352.916 4.447122040191287
353.926 6.430511855955499
354.946 9.379139826907076
355.956 7.004434096279333
356.986 6.0223534251750515
358.006 8.795567513082412
359.025 5.338068160998408
360.046 4.427617637650888
361.056 4.221105509460829
362.067 6.403486798789562
363.077 5.112273496313214
364.116 3.5991535356666486
365.526 1.7917800113749591
366.567 11.82008204672494
367.577 16.146391406956162
368.596 14.586860832006302
369.627 20.068848146257157
370.637 16.34695563073843
371.647 17.540169910160984
372.816 13.674289181340347
373.827 16.535490782637137
374.837 17.486914680358446
375.856 14.446743055861647
376.867 17.124828945098095
377.87 11.253018350858271
378.879 12.716934650398825
379.996 13.319069311663169
380.997 10.915391534856257
382.016 7.566926269137336
383.017 12.723899709554267
384.026 13.59926229222148
385.177 12.739707677705477
386.196 9.66563455940017
387.207 9.589246598272938
388.229 6.881757821005882
389.236 11.092894746626623
390.356 6.131510351984521
391.376 6.2475167489579855
392.566 5.5585105275119
393.576 5.002791714904247
394.606 3.1283381071653147
395.748 5.461030745360728
396.756 8.212653959087904
397.776 5.4181583064402785
399.056 1.7971943685420515
400.086 3.066031330133993
401.094 2.349711510442138
402.514 6.286323071823201
403.544 7.971681458342612
404.555 5.110527734534648
405.574 4.311481738570057
406.613 4.103288320068301
407.865 2.0195122430352788
408.925 2.6813311726734717
410.275 1.5131714629384652
411.284 2.5038749415585766
412.385 1.5775719786736628
413.404 2.014433734572031
414.445 2.8819516393297744
415.484 4.193828172274322
416.494 2.3450586163591116
417.534 2.277412694736004
418.564 2.4528250641043092
419.704 1.662111721072107
420.715 1.9420073892321033
421.735 6.192180921637788
422.764 2.589590162550685
423.796 3.978116231642135
424.825 2.9523526413581664
425.855 4.292443862193362
426.865 2.1887213752733135
428.126 3.9982068891789724
429.146 6.656594490759179
430.185 7.405382267051323
431.186 8.484329443110617
432.195 8.761846372376421
433.216 6.683311617576228
434.226 7.897316307278199
435.385 6.772296595258643
436.585 14.367982374300594
437.595 18.661272494342825
438.655 14.820931743438715
439.695 15.856652364717636
440.8 15.586688531713556
441.806 22.178011599526567
442.916 16.38454913225072
444.015 20.812420697072007
445.156 20.052490127913792
446.306 20.083147379529017
447.307 21.65482135872817
448.316 17.235875248723524
449.326 24.3623248401003
450.487 22.543752245167042
451.545 26.431429664331397
452.571 21.081269994857465
453.576 27.617906540563784
454.585 20.418798145922732
455.586 20.387804792665467
456.807 10.864075861801648
457.986 22.859910181256797
458.995 24.844992988887782
459.996 23.020773146468766
461.005 24.921037093005857
462.105 20.90294365578803
463.147 24.15870879293198
464.167 27.10810519589042
465.168 29.592470283167724
466.175 29.456955162596227
467.256 23.01441311795372
468.425 27.974575672310163
469.427 36.17615956790951
470.475 18.67661916214232
471.576 15.013457302824172
472.585 23.583189073976992
473.646 19.57026022619044
474.736 20.825848996498713
475.746 29.14683868187695
476.747 20.803378846533754
477.765 25.260828179552483
478.767 22.568009370831913
479.768 18.02950275297483
480.776 19.903499298775795
481.815 21.57581341695479
482.816 15.36978268432898
483.817 21.312583902567397
484.818 24.050368242852926
486.006 21.868750731502818
487.007 28.993324116596515
488.185 23.614681166363933
489.186 24.46870971547813
490.355 20.495586363751677
491.356 29.843844155920056
492.445 20.19768451987854
493.446 21.590017635581262
494.447 27.231285515575248
495.645 23.55323069965337
496.685 24.39362041922938
497.686 31.033834232647454
498.687 23.067012101898936
499.695 24.354553690709345
500.696 24.609386836943887
501.835 24.387184651947926
502.896 27.224498797155185
503.905 27.835246437747557
504.906 30.068927550265265
505.945 20.18127750949367
506.955 19.80580280827651
507.966 19.562099594390737
509.105 1.7378520330089187
510.134 13.830852318861485
511.305 20.43554453903321
512.315 21.37808918474814
513.515 9.215967033043905
514.614 7.054543410219443
515.625 8.127089712089548
516.685 4.617848130707409
517.814 2.390481760046993
518.825 9.917481239309431
519.955 11.139478474771206
520.96 18.13277520353643
521.964 10.412455780291245
522.994 13.348666666043739
524.045 9.998984020298652
525.065 13.132696865846416
526.074 12.946296367219677
527.075 13.100729900508323
528.076 12.16465049715902
529.245 12.16034332190999
530.335 16.701384838400305
531.344 20.351762751393434
532.374 23.128141158621123
533.484 12.041887114318278
534.624 15.493805325875352
535.744 17.171936182930096
536.764 14.3714725337863
537.765 12.528220139779018
538.964 8.556232611026767
539.984 9.103026496336252
541.074 7.927222441358292
542.084 8.355128432866103
543.134 9.031136801898818
544.144 16.418981473291776
545.154 16.571290429153784
546.169 14.940924225037785
547.214 18.14217917974045
548.224 17.874100771679714
549.404 16.897353292397774
550.414 18.48710732223171
551.434 17.557299827038545
552.444 19.621695136196596
553.464 14.852407638316086
554.564 17.53160606203303
555.584 22.36087965050556
556.594 13.717221526417521
557.794 17.33607533698831
558.934 19.86930228158985
559.944 21.2482652769702
561.124 19.351883036823263
562.194 13.95653896420939
563.204 19.503299389347113
564.284 12.24268401955872
565.444 15.00537426725843
566.464 15.531261683404216
567.474 14.19011882439925
568.484 13.070730464392751
569.49 11.581911694546546
570.504 9.663096099187594
571.683 11.244238267593492
572.684 10.548362618768472
573.694 11.214568571271924
574.704 13.209468337697777
575.705 14.23398789214184
576.874 13.739752306942899
578.053 18.11184470906721
579.054 19.969117392605472
580.064 14.937177702291477
581.074 14.137663565880457
582.263 10.671565705647012
583.273 14.126806813020064
584.284 9.885057365201583
585.483 12.501938124391746
586.504 15.328499310378206
587.523 9.309393325980396
588.623 8.10059108301662
589.633 10.124746868246012
590.634 8.739393207606165
591.644 9.579770154748138
592.743 9.517736350407908
593.753 10.360770670544506
594.763 6.393141769816104
595.765 5.13431342314494
596.773 4.699423020884276
597.783 4.096652837265879
598.793 5.128730048015568
599.803 6.103195170034602
600.806 4.4337709364613636
601.853 4.070502432689223
602.904 2.3772379687568335
603.933 3.375912047663946
604.954 2.938179047688424
606.023 2.5110481099424646
607.033 2.657733098545136
608.043 2.0400410019850557
609.053 3.126744821816958
610.123 2.7726672875620357
611.143 3.5605040299402853
612.222 1.9024170301464238
613.283 1.9346917771234602
614.313 2.817140409656377
615.392 3.3658147456359035
616.393 1.5791583430580673
617.403 2.0323841341875153
618.433 2.299523497604102
619.453 1.6659592019127316
620.512 2.236552599177084
621.543 1.9909873671372709
622.593 1.589889009378542
623.602 1.8779062061689324
624.613 1.7180086533299137
625.622 1.8779062061689324
626.672 2.4061045866989823
627.892 1.5956007613714165
628.912 1.8576542764855652
629.982 1.9184186687096176
631.002 2.1672633225761113
632.072 2.361130669188837
633.082 1.662111721072107
634.122 2.277412694736004
635.203 2.1910353399856537
636.242 1.8270164531095683
637.265 2.6239593641515944
638.282 3.4224763517678647
639.292 3.751979504566737
640.343 2.8491492480614182
641.452 2.278097219144627
642.683 2.1946593733509663
643.69 13.081129182922107
644.7 20.24944401433332
645.701 19.663317617008598
646.88 10.697269427149005
648.09 15.293354754031828
649.24 16.277654269344435
650.26 13.980613745339706
651.46 11.384791980192857
652.47 16.14753422303458
653.471 13.865690575777244
654.48 15.054250659403388
655.609 15.321391155854991
656.719 17.617680664403057
657.721 16.90570010884494
658.731 19.399645969938078
659.9 20.12206147064505
660.91 19.56398292365937
661.911 13.928534043979754
662.912 12.613548885587063
663.93 18.4735771880189
664.931 13.540980105230833
665.95 15.286203717603328
667.18 13.209621642298236
668.181 19.25915916560276
669.34 16.865111896962087
670.35 18.582989592105513
671.351 19.988258705758298
672.359 18.956629684703866
673.36 18.04253268317774
674.361 13.225840291318548
675.37 16.07144985440435
676.44 16.673975124980533
677.451 12.495065062167813
678.459 14.166745060875648
679.521 15.818906587801205
680.619 15.464034654463221
681.71 15.68291024317942
682.779 15.842083322090907
683.849 17.26080584690832
684.85 16.771249679762594
685.919 13.937202398680693
687.069 14.878308761137035
688.12 15.207799488280129
689.121 17.143352196957625
690.129 18.267861910050566
691.13 15.867802756190033
692.279 15.713192098638451
693.28 16.632186885893013
694.289 13.672246220062982
695.32 16.94320845310202
696.329 11.787133137018774
697.55 11.567021009105945
698.56 15.285508046513696
699.58 15.806356563068809
700.59 16.34581281466001
701.711 12.598679054396749
702.72 17.177190679764514
703.839 14.104060177060934
705.059 18.514115657024362
706.06 19.284181243848487
707.08 20.007352991104774
708.089 18.249756992521917
709.09 18.3107416869057
710.289 13.925056786506431
711.29 20.735231159049558
712.479 8.280853076276461
713.489 19.023088068348088
714.649 16.58778343275526
715.659 18.156033501053308
716.669 17.233323790075886
717.819 13.19040219031565
718.82 19.855999149852497
720.039 10.222021172196369
721.049 16.723856377209657
722.059 16.380440142182348
723.069 18.870636402015478
724.211 12.459672505305706
725.219 18.85551880452002
726.229 19.67106479130366
727.379 14.344445702922076
728.408 16.30053119821252
729.509 15.836629496941184
730.519 15.647095057360987
732.11 12.143142846615218
733.119 17.11679018778462
734.129 12.827882045305035
735.149 12.56247757374492
736.168 13.360915245562996
737.389 12.680427134017902
738.489 13.539180129941618
739.49 15.960395976339585
740.499 14.915032101137854
741.509 11.170570151805567
742.519 15.245052356876005
743.638 11.586177946440793
744.639 13.596328480902974
745.759 10.445704354197241
746.769 13.023741695045329
747.778 14.069997187341217
748.779 14.21288632392919
749.788 5.705329807888308
750.818 6.132062660267986
751.878 1.863451119148184
752.908 6.993823659127619
754.028 4.088498028166723
755.048 1.463853296820637
756.068 4.185153859754117
757.079 4.216930330915126
758.088 5.710820761713844
759.178 5.761690796602251
760.258 7.357986475096529
761.288 7.20517362581272
762.298 3.902145538785794
763.318 4.953744737318887
764.328 4.311045135726856
765.348 6.076303851759406
766.358 6.409826884734143
767.368 4.0974528085352
768.378 6.1755495863067
769.398 6.3682597504822285
770.408 6.722501366905738
771.478 3.468450036836542
772.518 3.7956878245648156
773.568 2.470302552637596
774.578 2.6603671254059873
775.588 2.97040758073116
776.613 4.724406175200397
777.617 6.69312211495506
778.678 6.953668264931512
779.688 5.790210802354208
780.808 4.47970438316151
781.819 9.00538852721801
782.828 3.5993202284904537
784.117 1.6178224110328874
785.148 4.135127608678595
786.168 4.942315456008818
787.178 9.350406965515605
788.197 7.48106590190184
789.198 6.656103409592842
790.437 6.263661536965297
791.457 3.718954586895553
792.468 2.3427390727226096
793.518 1.8045784400170226
794.57 3.4521997248476484
795.607 2.6051192563743792
796.637 3.679237596163677
797.657 1.9502201389543061
798.697 2.1255851817545657
799.708 2.3427390727226096
800.917 2.1301486950006763
801.918 3.470343153879999
802.957 2.279604622256961
803.977 2.3220678456213846
804.987 3.283082062902756
806.008 5.876810296835561
807.048 3.215902058608366
808.058 4.533779991632425
809.098 3.4415346126318664
810.118 4.334526645152223
811.687 8.20403561779035
812.697 5.628140679276296
813.698 9.04427051020231
814.708 12.590976269882804
815.887 11.466961394862526
816.888 16.238521563934466
817.898 15.309392902725765
818.917 9.734277544288528
819.927 11.929285753856364
820.938 8.984838184477864
821.957 10.791447474821167
823.167 5.947792006461527
824.477 4.705066384684408
825.587 5.613474539458986
826.607 6.120663042573464
827.832 4.776027149524052
828.837 3.6136458811435452
830.244 1.9199667693199882
831.314 2.951413336489653
832.425 3.891808247779226
833.485 3.2771825443851
834.889 5.76734718614975
835.905 4.95927404308829
837.553 2.5817810419289025
839.094 2.1517929159839295
840.107 4.26101855882261
841.357 4.340974117740045
842.514 6.5654250981565045
843.814 5.739523930835653
844.833 8.122979755586895
845.904 6.288314056255571
846.933 3.5293625952830676
847.998 2.3283219942436357
849.003 3.142300766204251
850.093 2.607533067008987
851.681 1.9863467811358195
852.701 2.938570068950037
853.841 3.6012420623228985
854.861 5.1874226174887506
855.905 6.264760174734575
856.931 7.441387934667565
857.961 5.518856394238303
858.991 3.679237596163677
859.992 2.763267654822417
861.031 5.774998376392958
862.041 4.84645447381845
863.061 3.7036529492807375
864.091 3.5259360296490425
865.301 1.9614520895707364
866.361 3.2771825443851
867.401 3.036550259657624
868.411 2.132494823652459
869.521 5.595692938831219
870.591 6.731401447725741
871.601 7.746693146627775
872.701 6.705424577755687
873.711 7.81686205454961
874.801 8.317547607249749
875.821 8.633860156766376
876.831 8.625061593286455
878.632 3.5584818311075055
881.11 3.0211108901883628
882.231 6.325999846319179
883.241 10.251174607527698
884.251 7.50670176776496
885.521 4.8849070857470505
886.64 6.495537887208791
887.641 3.9435717657851868
888.781 5.023696227118961
889.791 8.442211018907228
890.8 4.5568053007054425
891.941 4.284461590866616
893.161 1.9414009856758838
894.2 2.127630980770278
895.22 2.768715106177677
896.27 5.413735320065496
897.279 2.9285087035809108
898.289 6.56616412581994
899.29 3.337737670539407
900.3 5.159128956004473
901.335 1.9726982175240217
902.49 5.505994912464705
903.599 7.414328015357541
904.71 6.899180734403796
905.73 6.192180921637788
906.731 4.460502532624634
907.759 5.218800853563571
908.78 8.651857664422613
909.79 9.392119752796273
910.811 10.401764300779503
911.85 9.84843895100969
912.879 8.839110491617
913.959 7.285739334948786
914.99 10.796270060194859
915.999 11.16425306315329
917.211 5.231621589966851
918.31 3.4513795300936665
919.319 7.984647617214357
920.359 4.858480415434885
921.381 3.7080378904520637
922.579 4.620156473788549
923.73 12.486796817550706
924.749 6.359454964226276
925.79 5.15717661773283
926.809 3.905060897389028
927.81 9.968703692842588
928.811 11.434167247567311
929.819 16.722113582661216
930.839 11.75258285779623
931.84 16.913656437969458
932.849 13.519185882358334
933.85 16.24278800128691
934.949 16.286291853913575
936.02 17.206322279030967
937.029 16.544587041796607
938.052 15.547320286604803
939.059 17.67094075516098
940.06 18.656669034694264
941.289 15.126422560601346
942.29 18.04806752069157
943.299 14.752019409681234
944.309 15.195225575453
945.42 11.383175501474954
946.629 15.185806369861776
947.631 15.665121897624378
948.639 7.811416671931891
949.839 10.9723420346031
950.849 14.595475691526072
951.869 15.59350034398075
952.87 14.05583530799538
953.879 13.913619398376294
954.881 12.250770640957361
956.052 14.446091280969432
957.249 12.897546472006182
958.259 14.60936900522965
959.469 7.054435605869635
960.479 14.518335605367183
961.488 9.736261885540253
962.499 8.195933360277685
963.509 7.32636538878711
964.649 6.847199644299892
965.899 4.926499141257725
966.918 7.705231689164955
968.044 6.331224481238888
969.048 6.620694437862544
970.068 4.733533040069568
971.079 8.035298181172033
972.09 11.266154566122564
973.099 12.353959723977173
974.149 8.811720466227982
975.159 9.595541016789014
976.169 8.909394236439155
977.179 8.411812110918325
978.19 8.17013126328846
979.328 9.051790326312684
980.338 9.88238785532866
981.418 8.974035300600638
982.438 12.063776160693319
983.449 10.246515060337526
984.458 11.63395840443164
985.679 11.801273036394335
986.689 13.078273050582448
987.709 11.427583888372041
988.718 15.059856008111414
989.719 10.639341511264133
990.72 15.359058936591827
991.729 11.273957744666088
992.738 15.490781488006837
993.868 10.489424456042514
995.048 11.530313161082898
996.055 15.72568959530208
997.218 10.626689136707418
998.228 15.50984284492905
999.239 14.27461057515411
1000.248 9.519881376396835
1001.299 11.249104125555286
1002.518 11.808136467055975
1003.528 12.140155709645171
1004.558 9.991048584409022
1005.799 10.348576334791526
1006.909 11.982407140323485
1008.018 12.720416937549183
1009.028 12.155791902863996
1010.238 9.412432600432448
1011.248 12.609947016972106
1012.288 9.826392064662256
1013.298 14.532163680031465
1014.299 10.840555918610926
1015.308 12.385875893045714
1016.318 13.604882704783655
1017.368 12.772756950709468
1018.418 7.697270160126805
1019.488 12.4319656935855
1020.548 14.113031566629049
1021.549 14.023087519059276
1022.798 10.79093616260987
1023.799 14.991222856604958
1024.808 16.8057505328468
1025.809 16.071208036771086
1026.868 18.377334171224092
1028.108 19.336476810597553
1029.11 18.133038946327797
1030.178 18.06867783747243
1031.358 18.55525886922012
1032.359 17.10368586105709
1033.367 18.222402091853127
1034.368 14.746998149106918
1035.388 14.79401645847918
1036.398 12.928906987647139
1037.408 13.08261575172372
1038.428 15.39739198259484
1039.429 15.772672735429147
1040.438 11.963530028456699
1041.488 12.402629294308868
1042.498 12.313843368096276
1043.648 12.525256394694098
1044.657 13.952513654583992
1045.658 14.200894175871943
1046.838 12.332121646113777
1047.848 17.584168329612915
1048.85 11.70670920420901
1049.857 15.641098507285967
1050.858 11.066331167652583
1051.878 14.209199371468957
1052.898 15.462007028359547
1054.077 12.419237376797973
1055.088 15.104273579099157
1056.097 12.833846208801326
1057.188 12.320896146034626
1058.198 16.793796721872525
1059.298 16.411464482280774
1060.337 16.833302631240294
1061.347 16.073479740518266
1062.358 12.527831441982226
1063.388 11.891181158732211
1064.397 4.737892381878062
1065.398 16.03903679341535
1066.417 7.8520325281232575
1067.468 12.882727648845952
1068.477 17.25246250502491
1069.487 10.991833715351929
1070.488 11.793124525544359
1071.507 14.411402113224277
1072.517 13.904643365153705
1073.728 13.287438687674799
1074.749 16.432662248354596
1075.877 10.74501117357676
1076.887 11.46450245011797
1077.927 9.489663501504596
1078.937 8.972477684602659
1079.987 9.579018072914073
1081.117 13.253481927280898
1082.287 15.0483854289953
1083.288 18.22402923170477
1084.297 14.484106621242427
1085.307 13.694365204618316
1086.317 13.185469199820151
1087.477 10.375063753151743
1088.626 14.999348787349788
1089.697 14.522138589990943
1090.698 15.343492205921864
1091.707 14.880027270530725
1092.708 14.129056596630104
1093.709 17.546472866347653
1094.717 13.105481596990249
1095.728 12.651133498437513
1096.737 13.428013169990487
1097.857 13.386141582968902
1099.017 14.255613023396846
1100.207 13.419883828237474
1101.248 15.267513578328845
1102.249 15.584603567372481
1103.397 11.877052687456837
1104.407 15.990511292388298
1105.597 8.794371237517831
1106.608 15.46949883707945
1107.657 15.203124297545488
1108.777 14.61963706844621
1109.778 20.704213006854562
1110.787 18.65082541101715
1111.788 17.69199297060194
1112.796 17.86742618145171
1113.797 16.669316421182206
1114.808 20.00952622338932
1115.827 18.51163110125911
1116.837 18.261515426014675
1117.838 19.985606596146315
1118.847 17.21985996676244
1119.848 17.699833990581528
1120.857 16.95732373720897
1121.867 15.654294798712735
1122.868 18.05440952207563
1123.877 19.54104629901
1124.956 14.378310448796672
1125.957 20.621190443281424
1127.096 14.564454605963592
1128.106 20.149104761724836
1129.277 14.733223091622401
1130.278 20.59559181959961
1131.328 10.874629762367451
1132.427 12.827235038783382
1133.438 20.297231021809033
1134.447 15.075712408351386
1135.617 14.365802867443309
1136.626 17.05181390093809
1137.627 17.95443651852621
1138.628 20.053177738050138
1139.811 21.56143871472112
