0.0 31.661618915820423
1.003 55.057205437462684
2.069 8.19223429838221
3.109 25.36284892647337
4.268 19.234529028592352
5.398 23.91045310663318
6.555 22.70775708154326
7.758 24.253537327408793
8.759 28.43684878546606
9.909 23.327124928163816
10.969 30.463314366124532
11.979 29.32920585729439
13.118 21.185429778703373
14.198 24.255643211110705
15.218 29.19352330960447
16.398 21.134096152556918
17.399 25.899461278865736
18.428 29.422706341296177
19.588 22.737954805390086
20.748 20.981620394111186
21.75 30.601833893874336
22.978 21.841764657325733
23.979 27.310973748131016
25.139 22.009290422384762
26.358 24.29640983834967
27.359 23.084106697987792
28.578 23.53838365024874
29.579 29.96291637161491
30.758 22.39700765884279
31.768 28.330863963461947
32.788 16.2518249662453
33.797 16.164486176043685
34.808 19.354222914277393
35.818 19.654825048578736
36.827 22.219861670783484
37.828 29.888213762508563
38.838 17.41636437118813
39.928 22.840677188841735
40.978 26.048384042793064
42.198 23.48310768995162
43.208 22.70306478249058
44.428 15.777580440122865
45.438 17.745399085751682
46.456 20.337886231482777
47.487 17.676332797780493
48.488 14.102451927008094
49.537 17.76715367620826
50.553 20.789455568370535
51.558 19.873518836434926
53.178 10.080759726486317
54.197 13.78028547055356
55.207 16.516683313407324
56.428 12.019422670315826
57.447 15.449421892969061
58.448 15.284520668110142
59.537 17.85960630657542
60.557 21.1178485601729
61.567 25.15818267254688
62.568 19.860722463998304
63.587 19.273857338567968
64.588 30.210702258180238
65.597 27.30171210654293
66.677 15.805330973249157
67.678 25.369706392363565
68.679 20.370634469976164
69.699 23.298362562952576
70.717 17.100122289089814
71.767 19.244666054327052
72.949 20.85276703567996
74.077 21.066219661706906
75.097 23.06108336564023
76.098 21.82233294080969
77.237 25.680814229353942
78.337 26.7169562756322
79.397 22.137000535033337
80.398 24.86396305877352
81.407 24.033248535341546
82.552 22.912942684555237
83.768 24.94315741247164
84.769 30.687931872595836
85.777 20.510341735091064
86.787 20.354374996720818
87.797 22.60523025140251
88.798 27.617121047917234
90.027 22.751456681712323
91.028 26.92395420402101
92.037 18.434941815062587
93.038 22.877340547760376
94.047 25.83852958374946
95.057 26.419620129197604
96.058 23.03808455478449
97.257 22.765823589654616
98.258 28.26026382336822
99.267 27.583761422820718
100.277 23.934094209112665
101.287 22.76817762887586
102.477 17.173029306058012
103.567 19.91172559693941
104.666 18.77770881331062
105.677 17.963440993170938
106.846 17.790795400587108
107.857 20.662786246030254
109.137 10.566024757739124
110.157 12.845477537912684
111.167 19.248282910067577
112.177 20.020217190156313
113.186 14.468550932984389
114.189 17.91750551630859
115.197 17.789053246393994
116.267 16.747990067279176
117.268 25.153769162882934
118.347 20.99646771227265
119.466 23.30958709520305
120.497 19.025888686926486
121.507 22.753304136151584
122.517 16.047011460686342
123.526 21.774868908057268
124.607 22.699328904658568
125.727 24.408735697312668
126.736 22.570893136410835
127.846 22.240415779100356
128.967 24.1822281202196
130.106 23.57570933856524
131.246 21.912540085953705
132.256 20.40709326589846
133.257 11.615922223601814
134.265 19.52740584189314
135.266 13.628557250440165
136.267 17.591964205923293
137.276 17.70260614191813
138.286 17.350094697403186
139.296 20.815949058875123
140.316 25.266307132990143
141.446 18.987091505319867
142.447 22.56152192790922
143.448 22.6140471999958
144.456 23.205135994878457
145.586 19.114566260406583
146.607 20.948070802720654
147.616 16.070359454109678
148.665 11.03746293744158
149.666 11.860539919089806
150.686 8.08058397439852
151.699 7.093088323013445
152.756 8.330522500285726
153.986 7.6770776280800925
155.056 9.46400351509589
156.086 5.985555621196739
157.145 3.4498638351042605
158.146 10.103361135926924
159.167 10.63081324943949
160.176 17.97803846533257
161.186 16.096920292328537
162.196 19.420815427380024
163.207 17.254842227097598
164.216 22.863364216280434
165.226 17.609058734422995
166.236 19.456842332333512
167.356 21.22500700144378
168.387 21.69877349140151
169.436 19.864155478966843
170.437 25.590979522584064
171.447 20.321157529302777
172.496 18.81350649924354
173.586 21.852058405039138
174.636 11.03172002917696
175.656 19.58649771292299
176.657 21.435480143636926
177.666 23.4251469011857
178.876 17.866656977781446
179.877 20.206555524958333
181.087 24.63893660761947
182.096 27.102437069997844
183.105 26.824461504197316
184.256 19.990627712119476
185.306 19.63126984284313
186.315 19.074474164829013
187.346 19.390314107585006
188.357 20.515684312063662
189.367 22.145308799696952
190.396 17.76665142961616
191.415 20.428721357012254
192.516 16.939536460616303
193.525 16.379703865390645
194.551 14.791216717942406
195.555 13.35508636309831
196.557 10.585023521903373
197.565 10.352951131169492
198.645 7.357800629480605
199.775 9.788229572373542
200.79 12.84807483221477
201.966 14.42241738327057
202.985 9.670507959420672
204.025 3.913322441140125
205.035 4.2954647417298695
206.055 6.948353101186384
207.266 10.16739772686086
208.285 18.286790009663218
209.405 9.285614559950233
210.547 9.447575237171055
211.604 11.595050150304623
212.686 12.751307536084946
213.895 11.655652809142149
215.055 14.166939276328215
216.065 16.25871084259
217.075 14.262522837995048
218.095 13.502495453218494
219.155 5.405482557422183
220.164 11.363030808294027
221.167 16.535101103447765
222.325 11.844814736486729
223.335 15.234422966733971
224.355 14.486140456659047
225.366 14.043529412818925
226.375 15.633472507471014
227.395 15.425766077990902
228.566 13.300351799801778
229.574 17.909601988017528
230.575 17.089555810243514
231.576 15.432925404970618
232.585 17.630480920888576
233.726 13.222749525486966
234.735 17.8539698511791
236.295 8.121953633920723
237.334 10.46040398984911
238.574 8.673855869967205
239.754 13.534574602207199
240.764 12.520671561530625
241.794 10.250442258578998
242.945 10.649119378259199
243.954 11.767659915250702
245.095 9.802994736099311
246.115 10.373519224491927
247.124 10.809188514724628
248.264 9.177761260191144
249.334 10.81553603506838
250.535 10.169224076989568
251.764 9.509867418261775
252.774 9.043083666784351
253.794 9.43700277885216
254.804 11.935812769564121
255.814 12.74278238842473
256.834 17.030591655878506
258.254 10.330896551392977
259.264 10.988206012525216
260.274 11.754190895482518
261.284 11.50943930719109
262.304 10.343900235038204
263.334 7.980740828262319
264.384 5.620697678448065
265.394 5.545168665127125
266.404 9.120756351783093
267.444 5.269335290459529
268.474 3.187240306423896
269.544 3.4143979452211166
270.554 6.648616575275186
271.734 8.782769531159884
272.764 9.089177054405226
273.794 7.537366337800983
274.804 5.588136533414535
275.814 9.241231644059841
276.894 9.064338071719348
277.904 8.590929483459739
278.914 3.582693911041024
279.934 5.596516239871102
280.961 4.685446340968426
282.024 5.684799156830915
283.245 8.874470003275457
284.524 10.477583018776617
285.725 12.74714343579561
286.734 16.74628526401944
287.834 8.598328670559408
288.844 14.757149106537126
289.854 9.043083666784351
290.884 6.299126395707577
291.903 10.307695465134083
292.905 10.272685119510259
294.094 11.020090689323546
295.124 13.079547468536386
296.17 6.856384766913174
297.283 5.741649332307543
298.293 9.721314941792134
299.294 11.99743912015989
300.334 7.922620226548277
301.353 8.39056369987484
302.364 10.769479522322312
303.393 10.375572606738665
304.424 9.568150504481105
305.573 8.45027551713149
306.594 9.169297126394083
307.597 7.357180581749445
308.614 6.512914518259742
309.623 5.657528805419022
310.633 8.774865011985982
311.674 10.605029021611417
312.682 8.756342660459175
313.692 7.2202544846949275
314.695 13.88977781623216
315.872 16.66215079143352
316.873 21.494175050732302
317.883 18.314723340726783
319.023 19.815431228102398
320.032 21.8724695511955
321.042 20.068969194586618
322.053 15.470632799103088
323.082 11.465458673041224
324.102 10.105639192761675
325.122 10.830077128266604
326.139 10.061921991048296
327.142 11.82141325051674
328.182 11.400201765097869
329.282 8.613806117389235
330.312 4.655432149812731
331.332 4.253352342287849
332.768 4.194809495022781
333.818 2.174646310355994
335.078 4.656890618539247
336.281 3.9859477259486193
337.288 4.535012166562082
338.299 2.4317220935464463
339.328 3.9923018103591312
340.411 4.005927413797202
341.448 2.7560870743421186
342.507 4.312329793890757
343.538 4.429444473058327
344.558 3.721519658684067
345.579 2.4600553266001497
346.599 3.8056310431073417
347.608 4.274908169287763
348.628 8.506704684596563
349.648 4.331409016168224
350.658 5.199773108399959
351.717 3.3904432089408236
352.728 5.420483384850294
353.778 5.219151144841867
354.808 3.3651734900781727
355.818 7.460544025106478
356.907 3.717008942145252
357.968 4.739087714068434
359.019 3.4167270211092626
360.038 5.1538477325670415
361.057 3.1371247067726813
362.101 4.374288555300112
363.102 7.440746711025881
364.132 6.873601018751293
365.135 7.057301834669991
366.142 8.820897020035913
367.151 9.1855439174883
368.171 7.4911497201331025
369.172 8.440060854833513
370.201 5.823810007196537
371.231 6.153603627996402
372.259 8.218386104768534
373.261 11.589337243536207
374.262 13.958549356326468
375.271 11.211198559482611
376.281 11.687921221676707
377.291 13.065702444805707
378.311 12.587088674099965
379.332 12.279024161363877
380.342 14.312101147576703
381.363 9.949916755874758
382.411 15.089662826264938
383.432 17.742053723354218
384.442 17.29572381790198
385.611 11.702246862912439
386.631 15.130067105894014
387.643 10.785886990497442
388.651 10.031543016511929
389.671 11.152122273304723
390.681 8.46632266538452
391.691 6.472448315234211
393.411 4.364985830255781
394.811 3.4250679387966074
395.942 14.209649097772994
397.192 18.622888892174224
398.201 23.141112487219996
399.221 18.16298616991105
400.402 19.148287811551725
401.411 23.512160355959573
402.412 15.025896233440792
403.491 19.48109603525386
404.551 21.57720997091613
405.702 20.408129342002166
406.711 23.56344204963858
407.721 16.604767443417376
408.762 20.90990209869351
409.763 20.60074518555453
410.862 20.000324664110966
412.002 21.0751899805695
413.141 21.657008444757142
414.142 24.33070648763249
415.143 21.19152943579358
416.151 21.036252179372752
417.161 21.20018095815382
418.171 20.2433195832529
419.326 15.466752791820872
420.331 25.730277722087273
421.338 21.74601320139901
422.341 26.862445879438713
423.344 27.14917788888906
424.346 24.507653566790758
425.352 25.074709752605308
426.361 23.58230047913429
427.369 25.214557670088006
428.591 21.241195175909436
429.601 26.115044047406073
430.603 26.708681465887185
431.801 21.38974639758025
432.811 28.98954153347294
433.812 28.368982799117475
435.031 23.695301643570325
436.041 26.21039966283145
437.042 28.943759347199506
438.051 26.48319010286292
439.052 20.539382328068356
440.271 21.327017512190288
441.282 24.554631239687232
442.302 18.806258255843517
443.451 19.562598461679233
444.471 20.399138053486595
445.481 15.254089029523845
446.571 17.14019347683505
447.622 19.944671513700417
448.651 10.657979459173688
449.653 18.368163348708052
450.701 22.98869103767468
451.711 24.205948606618694
452.712 27.755354224255743
453.722 27.80847384160505
454.831 23.42224338976531
455.851 28.29758978876136
456.941 20.098852634399677
457.942 23.639874100023075
458.951 29.72535112792595
459.971 29.149280868506622
461.1 20.751549659837423
462.101 28.169720259188143
463.23 19.973013574754066
464.231 26.504419015285983
465.242 26.288981201855044
466.25 22.97546414782248
467.251 15.504126329292058
468.252 26.59229462909612
469.343 24.407639622994452
470.411 25.552165591756783
471.421 26.941514468088876
472.43 29.15645517571449
473.61 20.01039956446284
474.621 28.81992693431463
475.624 24.473400766764968
476.631 26.78657314248171
477.701 22.210278008130118
478.83 20.44403825518035
479.87 23.20372466763451
480.95 25.73004705077197
482.06 24.079172551475068
483.07 21.643521601929375
484.081 20.45525860182087
485.27 25.04911914802397
486.4 27.919187033117215
487.401 21.388290772290222
488.41 19.19275291031573
489.65 15.901889617916423
490.73 20.196087062225967
491.86 18.919292070111062
492.861 20.88021298220473
493.97 10.608423047576958
495.16 8.68736415619059
496.33 2.7322479283879675
497.342 17.515706500760594
498.35 12.185523828293755
499.353 18.373647384095285
500.36 13.162972265459711
501.369 17.212286978785293
502.37 16.216469066214
503.679 11.480572787783636
504.87 9.562568052950525
505.88 13.17626207516195
506.89 13.09759782398159
507.9 14.019423860027185
508.91 15.251775375079205
509.94 6.0579929008839235
510.97 10.570819220438512
512.099 17.80934559051364
513.11 21.102441072316957
514.13 14.908333787042098
515.57 12.780948505645107
516.571 23.174817009105112
517.59 12.786174680799162
518.669 11.562211642326348
519.739 10.575305185499369
520.74 11.991102738130396
521.743 17.863587251022903
522.759 11.970468138088076
523.769 10.43573838280454
524.999 7.033713743629456
526.209 9.590085390317858
527.21 20.582569773943618
528.219 20.68389222761988
529.269 9.785908396570678
530.28 10.004252290076911
531.449 16.095815206363646
532.48 22.07501723973882
533.539 13.15102972742923
534.549 16.46346926113887
535.579 15.964398593956805
536.609 5.963678590424191
537.629 7.234888187048288
538.639 11.349136106243785
539.64 12.48050487598103
540.649 15.147288964799523
541.689 8.615632829616226
542.72 8.52117618402795
543.729 2.4517097093548865
544.749 7.163540787034175
545.759 5.5288078229635085
546.769 11.612892713183145
547.799 14.229469027129026
548.808 11.088756458600418
549.809 10.964775597270531
550.839 15.752434473517411
551.869 8.820818810186864
552.889 10.623889687854254
553.899 16.712538600967193
554.919 16.257716035988658
555.939 12.162440731327328
556.949 13.083220114202076
557.959 10.776837152682102
558.979 6.0442375390516085
559.989 12.378547074079902
561.008 12.385680220258415
562.009 9.715841351130383
563.029 12.088475078103217
564.049 4.972553771372786
565.089 4.610668379157304
566.128 4.39533902957023
567.138 5.331320889809098
568.178 7.0257803872654625
569.188 4.2534884396240775
570.199 6.098043807953974
571.279 4.624280638433875
572.288 8.146841479803392
573.328 5.204977241856445
574.329 10.26493887751206
575.429 11.848744243699551
576.43 22.156827212833118
577.639 26.922935792742756
578.64 36.66714204597379
579.819 18.812965447754195
580.829 28.966788414282533
582.059 21.20346065056949
583.099 27.22136813513388
584.101 29.131516351380178
585.109 23.910710429049743
586.289 23.52308302029792
587.299 28.27120473095038
588.349 16.257070823584815
589.352 25.813203093300782
590.359 27.72954405667063
591.36 34.08539986533393
592.479 19.27248456852143
593.48 27.30363688477017
594.488 26.698565667728765
595.489 22.96905134008386
596.498 27.1806211392343
597.6 18.258868111224388
598.819 21.452442365513537
600.009 21.58614184873235
601.218 20.15996500800467
602.219 25.815921084380662
603.268 18.511184363632005
604.499 22.827576149163434
605.619 24.9360039707209
606.629 28.552148485121243
607.639 24.95003288145864
608.818 33.684135695467795
609.868 34.564477035380186
611.079 23.028431548067097
612.088 29.23106176899999
613.258 20.49542599370727
614.389 27.002672154887858
615.399 33.33529853208014
616.409 29.370355854290565
617.418 32.00771735390692
618.498 20.45619415470514
619.499 31.194342193726193
620.738 23.524854541131205
621.748 27.012080928765158
622.759 24.37748154823149
623.778 23.664226674197675
624.78 18.216741691224197
625.788 25.261088159638142
626.919 20.362874031117258
627.928 27.666308407275167
629.159 17.355086627704313
630.16 26.50558624363803
631.258 19.698394057642258
632.259 26.417210389016162
633.268 25.312809509275514
634.278 21.856763037966765
635.488 22.0073568117135
636.498 31.069900306526065
637.528 14.42279715839644
638.598 20.9581137032236
639.608 31.621284976938462
640.718 25.688911776810897
641.719 30.954726905207913
642.737 23.099503595173136
643.819 26.925854687133057
644.998 29.845944556963364
646.008 30.366549354646047
647.018 18.897764261360322
648.028 18.591866091264038
649.038 29.819700600017136
650.039 23.872486019055
651.048 23.074446285103452
652.078 17.010120665214234
653.238 24.97661208654173
654.338 25.283926787018338
655.34 27.42714308163265
656.348 28.567899107575002
657.352 23.7376469062376
658.378 24.25779063794904
659.388 34.707626141251964
660.547 19.679968110093974
661.558 26.749603419206068
662.559 19.6652951026449
663.679 23.59443557120444
664.688 27.467964049485627
665.848 19.983879708446235
666.858 28.431673192969683
667.967 20.171867359259853
669.147 22.8608036362405
670.157 24.281307637214525
671.237 11.387065043247057
672.267 10.731574883647324
673.367 10.107531475782034
674.397 8.424115318723654
675.427 3.3795961251861013
676.467 5.48889092756027
677.507 3.204902424930952
678.538 4.650916696723761
679.587 4.295201962509923
680.597 4.747618925054482
681.687 5.428981062739566
682.717 7.315679092580748
683.727 11.15925118056524
684.817 12.891399056976391
685.847 13.063666364722806
686.857 14.053798154677974
687.877 9.102357290246152
689.027 7.060592209120611
690.037 8.817006575122045
691.047 10.302372730041572
692.067 13.771357329892062
693.087 12.613925769523284
694.098 12.013819899740785
695.117 12.217128563874033
696.147 7.8796203304330446
697.167 8.73056533419725
698.197 4.981480934462811
699.216 5.377928068771052
700.217 5.474634068014778
701.236 3.7761140280619854
702.276 4.610668379157304
703.286 3.2843977484206044
704.298 3.158824185974962
705.336 4.8395308062546265
706.377 3.6018713346022486
707.499 4.88858938633374
708.506 10.753249791867887
709.507 12.597727943401448
710.516 9.611347401257163
711.533 14.180766401762988
712.537 16.336090864129424
713.547 13.56528654431847
714.697 14.181418471730362
715.896 9.704239438714438
716.986 4.3991698296466355
718.086 2.4909585009410904
719.116 4.312043792622556
720.136 2.6863277951247757
721.166 4.212057659351395
722.196 2.881934187988252
723.255 2.5528803242570954
724.285 3.9903704141311596
725.665 3.4239068004139823
726.705 5.269335290459529
727.715 4.521541833392176
728.735 4.522705141443508
729.965 8.011583423299772
731.255 9.647737911973849
732.277 6.032409285560982
733.315 5.499466825301677
734.316 7.698037170551993
735.341 6.0284322300344515
736.385 6.998861688471832
737.425 4.171557104934956
738.555 2.828964669213091
739.565 4.747618925054482
740.595 2.741272982677932
741.616 12.290140838817495
742.756 29.533456595148035
743.906 29.73372602931431
744.975 31.12853550819432
745.977 33.99008088307154
746.978 39.9969107990919
748.117 32.83846394666563
749.125 42.8020891876569
750.126 37.102184695908065
751.245 31.709415455779062
752.376 31.93776693538908
753.516 33.788592146835114
754.525 32.43633305956029
755.596 30.67330391943683
756.727 33.19308739596044
757.775 36.718930799512734
758.815 34.412778213620555
759.816 38.484516458249935
761.005 33.86156985596623
762.015 30.737725632345658
763.025 28.62849908206561
764.165 21.278414660830936
765.175 22.098705188618418
766.177 23.002598918287223
767.185 19.818676771155257
768.205 27.894051512530826
769.395 24.526627223450248
770.545 26.738694633319785
771.555 29.411671112275275
772.565 26.41714121374356
773.575 22.561601339160937
774.585 22.62109531047532
775.595 20.76372657278829
776.596 24.542641791453896
777.605 26.389890505062912
778.615 25.158678455721144
779.625 21.93823672659912
780.634 13.729101992617197
781.635 17.631983460804673
782.645 29.703191572633777
783.655 19.59731420948154
784.656 23.246351427029797
785.664 20.6837133456227
786.804 17.331175428740313
787.805 24.981186126235674
788.816 24.190756197631526
789.817 29.71929915764604
790.905 38.667815741724304
791.906 45.52490387358736
793.065 36.59657214145179
794.066 44.67799639215338
795.235 33.61575074435238
796.405 41.20940899577931
797.406 39.94538600842013
798.408 40.32197155688069
799.555 33.12413599648526
800.575 39.62709871723108
801.594 25.331725082491207
802.596 32.889816804184655
803.597 37.833369831897784
804.604 31.100636068570253
805.605 37.15187527068746
806.636 35.92386711243445
807.755 34.653599075561914
808.795 34.04364227409604
809.945 39.38465273879352
811.035 38.109649225855975
812.044 42.098962154600784
813.175 36.298330496227784
814.184 47.70305874356737
815.356 36.16158423960945
816.357 28.348973171655924
817.434 28.44986464243618
818.615 27.874012924509135
819.634 36.41256322796569
820.635 45.596104797846216
821.765 33.62054346073865
822.769 38.74574357285695
823.905 39.1579992422475
825.064 37.661276677192966
826.065 41.82378978449574
827.075 32.517586946293726
828.09 31.085240275101373
829.176 45.26295294589916
830.225 48.463407878633554
831.226 44.74186045305139
832.235 42.47844668924426
833.237 36.9180660024849
834.435 37.629552095364225
835.444 37.2276975133467
836.484 33.63374088720337
837.485 30.962397262443236
838.495 26.09256854712248
839.654 19.88130139037081
840.696 29.1967521536568
841.734 24.713832057898674
842.735 27.088533389767107
843.744 29.003768067876678
844.745 28.38449026031672
845.755 32.26936487619972
846.759 26.61125478077282
847.764 30.61329065286661
848.853 23.659740561063554
849.864 25.616703900938546
850.874 21.490544591175244
851.884 23.238675786769054
853.054 16.54313920340091
854.194 20.690117279647897
855.203 14.194772857733623
856.254 17.65123677764137
857.463 19.45793368393454
858.489 27.626322681129942
859.624 19.622720727072405
860.734 23.937521514528832
861.743 20.393571670502848
862.744 18.98713547928225
863.764 18.51448666358249
864.765 12.292080884239175
865.773 12.669374684067359
866.783 12.600988423055412
867.793 18.318028561373907
868.803 19.026172083152606
869.804 26.218281342961316
870.813 21.684050682471476
871.848 21.121107146984432
872.863 18.742181990058427
873.864 25.030376460411993
874.873 26.54505898511494
876.023 21.747251018782215
877.033 25.093400348138683
878.074 24.84511969865872
879.083 30.145033893357763
880.254 19.33746572250496
881.264 23.935912080612542
882.273 19.271660548918586
883.274 24.044068574496094
884.414 22.16818150625277
885.423 25.398499565451676
886.424 19.238923291256437
887.563 16.003468809289892
888.573 18.340008278608423
889.613 12.878831943911708
890.614 7.375715421838422
891.623 5.0661350779437235
892.641 23.132460021589036
893.651 24.19801607708229
895.111 7.775431942562945
896.522 5.340290195151195
897.543 16.17623700897815
898.572 21.469895795461476
899.731 22.96092289649444
900.751 22.362500680636174
901.871 14.406286655869586
902.872 22.622718038437288
903.881 21.417055024877467
905.072 22.16896263476635
906.241 33.2549374219783
907.252 33.61700189876153
908.351 23.49320905383554
909.541 24.598722695920358
910.571 17.17752046369796
911.601 25.495977826255565
912.752 21.135820616261615
913.88 21.563674062988657
914.99 20.11670283372338
916.021 20.78147698612925
917.141 20.118608001496302
918.152 24.496847090621486
919.171 20.389017374272537
920.18 14.540841578828221
921.19 12.478034215303754
922.25 13.242392992071288
923.26 13.00885264982959
924.311 13.211429182489924
925.32 19.153050953782444
926.321 13.95071225223736
927.57 14.995633874747984
928.701 19.211597883358785
929.711 28.141144298751076
930.721 20.864205280193758
931.74 21.74496549051728
932.761 11.59878159000721
933.771 12.386314342586036
934.781 17.418016981511695
935.822 15.75690437113724
936.831 12.001901458782463
937.832 16.51627998403332
938.842 19.129129706032984
939.851 16.32213602843512
940.861 17.27242201238358
941.881 14.304990062582931
942.911 10.09098301202293
944.051 5.454415714417674
945.061 9.269160758467523
946.062 17.85359008471188
947.063 26.453394465217293
948.082 27.03575120628881
949.102 26.380373874719627
950.111 24.612400826163615
951.292 22.106800320417683
952.301 17.254304882781103
953.341 20.925513944972273
954.352 26.171728581497966
955.442 34.17258217912855
956.552 34.348271238302274
957.572 34.19684155623643
958.581 23.226471693642413
959.582 32.91383617867007
960.681 23.024362453645885
961.682 33.546807393244386
962.821 26.93259327420626
963.831 30.056684919760702
964.842 23.130664707216052
965.851 29.225933599799003
966.861 24.303287354532497
967.871 20.859908493365015
969.012 21.600761098596763
970.021 20.52922002196896
971.025 23.93332156440223
972.101 24.969567308075796
973.111 31.833075751906183
974.122 26.524740530276958
975.292 27.785272322685127
976.3 26.425343932025992
977.312 20.925560887765016
978.441 15.25064372491247
979.451 21.279175731332128
980.461 18.63698235298668
981.471 23.296682408977922
982.481 21.70356606132106
983.491 23.44376472737846
984.512 23.986193356512576
985.521 29.46000971847476
986.531 25.582242480558726
987.54 23.54921551523485
988.651 21.718604815242514
989.811 25.8315783157306
990.82 24.0928014701519
991.821 25.834263242887086
992.83 24.291311252713992
993.831 21.89603506850123
994.841 19.66176601193352
995.961 21.872542515407783
996.98 15.970310393790328
997.99 17.03014933958793
998.991 10.904246474261921
1000.01 6.6490270518913475
1001.09 5.7084465646610125
1002.11 5.771611923383457
1003.22 22.806869554176345
1004.221 30.74812750191774
1005.369 19.926697296601642
1006.421 20.861349343355112
1007.432 21.52377006819478
1008.44 24.05030189770015
1009.441 22.724600391637427
1010.451 19.3441343085629
1011.46 18.274976015208626
1012.472 10.0537430597542
1013.48 11.223452140376025
1014.5 19.178541134374512
1015.55 17.12295521338555
1016.551 15.40191048244694
1017.561 16.260363452892697
1018.571 20.42378463012262
1019.591 22.418629483684622
1020.61 13.452355037034728
1021.831 5.944504285727829
1023.14 5.75641670386265
1024.16 16.146112992839566
1025.161 27.07486014425159
1026.26 25.35629335707926
1027.38 23.977889858276665
1028.392 20.19407669479323
1029.4 15.552112380287753
1030.411 23.852141083576317
1031.61 20.364856460586285
1032.631 18.709368141713878
1033.64 11.47882818150393
1034.66 13.953653209731904
1035.67 15.085522776958733
1036.69 12.821422336540632
1037.7 13.990998962549558
1038.72 11.880651229424188
1039.73 13.114784971296555
1040.75 13.646990302333807
1041.76 15.630388399203547
1042.78 17.128121588013443
1043.8 13.76497533768748
1045.04 16.11282000290298
1046.159 16.34828882009181
1047.16 24.048403993821164
1048.329 19.58258265164776
1049.339 25.137855565740246
1050.34 22.62488574820414
1051.349 25.6357187556405
1052.363 24.08252439210395
1053.368 24.095852693886414
1054.38 23.168637148132024
1055.389 22.93366976422771
1056.489 26.880531645028917
1057.5 28.780633712841432
1058.559 20.945061463878243
1059.739 28.075581886327214
1060.749 26.626526941306896
1061.759 23.1419980832267
1062.828 19.140732143559248
1063.829 24.21715185174644
1064.849 23.689627777130855
1065.958 17.610518068304646
1066.999 18.491498192880837
1068.008 15.065734529105576
1069.019 14.997628263955031
1070.039 14.908988350344597
1071.229 12.704091864489456
1072.239 18.473704453431928
1073.249 14.582137673728903
1074.258 11.426719363565732
1075.278 11.243433854055485
1076.279 12.162518546550796
1077.288 18.381840448196975
1078.289 22.55051663276364
1079.309 24.54579657738366
1080.31 23.84964169449491
1081.319 25.455571128047815
1082.328 24.672119185746524
1083.438 18.6910197327297
1084.468 26.733731612231985
1085.478 24.727677684521424
1086.479 23.756763673819382
1087.488 14.051349539787655
1088.489 19.43818583118577
1089.499 21.475010054079522
1090.658 19.74938344706011
1091.66 23.083057290846174
1092.709 23.387003943379234
1093.71 26.40070244640211
1094.718 24.9054031362404
1095.769 25.155045228944537
1096.788 24.303379796940906
1097.799 27.184635513521606
1098.819 23.809903784199754
1099.908 22.82344620387024
1100.918 24.73015659997547
1101.939 22.66510702642821
1102.94 23.35790510008623
1103.958 22.005874917554454
1104.988 21.463894041568125
1106.048 21.279757263051824
1107.108 22.44106680226391
1108.278 21.60390377160351
1109.279 25.537120275416836
1110.28 28.245923590312376
1111.448 20.893500910915407
1112.539 20.791993328644956
1113.54 25.0633923456401
1114.558 20.913230013920916
1115.579 11.637853441615597
1116.699 17.42459200971908
1117.708 20.980779887529874
1118.868 19.194493293492506
1119.879 24.30764527652888
1120.948 21.135576571408006
1121.958 19.687711993936233
1122.968 21.88419636915845
1123.978 23.632658086937983
1124.979 22.84815984104561
1125.988 22.462374455363133
1126.997 20.092726451622948
1128.008 23.925444404293806
1129.009 22.54751518872786
1130.218 18.753141174726142
1131.219 23.244350464408825
1132.228 24.506528942102683
1133.238 20.147633445787847
1134.437 16.785888296783266
1135.438 20.492026209784406
1136.608 19.005614740779595
1137.698 21.843483025344216
1138.718 23.46183974769431
1139.728 21.561606834817148
1140.738 23.268918555600507
1141.739 19.30095313632466
1142.848 18.161980273150036
1143.858 24.570183921130436
1144.859 20.113344010450053
1145.868 21.87759772060513
1147.058 18.812289589150204
1148.068 24.542254806555842
1149.218 23.564287442408133
1150.237 21.98374000434921
1151.247 13.239722311432311
1152.267 14.25704330063837
1153.277 15.517680375432933
1154.367 11.251817068452613
1155.377 13.111314489619161
1156.387 13.510254620675322
1157.397 15.474216724054713
1158.407 11.691556964384368
1159.427 15.985744983623002
1160.567 16.232351707990745
1161.578 21.309638521345303
1162.588 19.162181912420756
1163.597 16.5309021498582
1164.598 21.18586004138787
1165.608 20.275380223459052
1166.609 21.55903959304511
1167.618 19.4721554293981
1168.778 22.31707342307851
1169.917 22.959345177630674
1170.997 21.549478511303835
1171.998 25.397719870934925
1173.007 20.59390112614722
1174.058 20.349488710737447
1175.067 24.234074265345303
1176.077 21.52425784160064
1177.087 25.357487477096846
1178.107 22.603379976122696
1179.167 16.577673988585754
1180.177 15.163525984038879
1181.227 18.926258411078607
1182.287 24.79826053069268
1183.288 26.19293581475989
1184.307 24.15677753010385
1185.467 21.76453171084501
1186.607 22.637882352311554
1187.637 23.94125017230261
1188.777 21.038293280760485
1189.539 25.08348425234703
