0.0 15.498183063297251
1.129 42.579945438383845
2.249 23.199766123643474
3.411 17.80715161500011
4.573 18.32515290999578
5.579 18.524153420899914
6.659 19.935370759106323
7.789 21.21621976824631
8.791 28.77172159140247
9.792 24.268764389676665
10.799 28.318967132461424
11.83 21.966399007755776
12.969 21.799463726255425
13.97 17.412119668081846
14.98 16.611639895893802
15.989 13.754356865307804
17.009 6.55624379102529
18.039 4.008423325264871
19.059 1.780997500994892
20.439 1.5557329949384129
21.459 2.590541819619331
22.519 8.412467815969174
23.52 10.894242931588526
24.529 12.492344372144888
25.649 16.27811147594331
26.669 15.82292244192893
27.779 13.965087323985337
28.839 11.908722513431348
29.859 15.093149010739573
30.939 13.18077808964503
31.948 15.026180225421124
32.949 12.679860157248717
33.958 13.970076293184377
34.959 18.797824242118516
36.058 16.532916682680625
37.189 15.565284306260667
38.198 13.655171393485794
39.379 11.417434640465823
40.389 13.405348008524227
41.439 13.713045025252063
42.449 11.118810681252889
43.468 8.107534154352626
44.479 12.90311262048246
45.488 12.872096709391888
46.489 17.559855795420816
47.498 13.385611842180408
48.518 14.992666097527117
49.588 7.422794019854438
50.679 11.342954297129685
51.918 10.0719163582955
53.049 11.315374414112103
54.051 13.6258694227368
55.068 12.798143097004925
56.069 13.334361351594975
57.198 10.778997739944355
58.208 10.710628508095468
59.218 10.705249826451288
60.228 10.54998521651079
61.558 6.829298145517264
62.598 5.477971181196339
63.638 5.240242647154565
64.649 4.260752540800403
65.688 7.241780800588919
66.698 7.358036480242658
67.718 6.753422275656289
68.728 8.166751146022376
69.748 8.258180531081859
70.768 8.959193835070476
71.778 12.224787152204376
72.808 9.192885236669456
73.928 9.331019079219462
74.938 12.695362032367875
75.948 11.660025580259767
76.958 12.284311229002236
77.968 14.133860554776568
79.158 12.024269298098744
80.238 12.362666225142538
81.248 11.459819097077327
82.257 6.8230990197867225
83.478 5.999098296735107
84.498 9.756192583845058
85.638 12.72839007335158
86.658 16.636490811265052
87.678 10.158479300071537
88.688 8.848170346384162
89.689 12.593751100158643
90.698 15.384276868635512
91.708 9.970282862238005
92.717 13.964572636124576
93.908 8.347827305988124
94.918 10.163795874929574
95.938 12.259270477816596
96.953 9.987654208093542
97.958 12.642366111141518
98.968 10.26395887965705
99.978 5.650125770912251
101.008 6.126558598200312
102.037 7.198475313663276
103.047 8.044193019162453
104.049 8.142558172403215
105.247 7.278157420831749
106.258 9.474310957520412
107.287 6.724857450615873
108.307 6.637553286184404
109.318 10.421694290060634
110.517 8.268870433720421
111.528 12.664774186934634
112.537 13.891110778825137
113.547 10.901750995608493
114.567 9.168917889536239
115.568 12.167426846982634
116.688 14.223689874128608
117.697 16.915863631200054
118.707 12.008444624119582
119.708 12.435643293680375
120.727 7.888008169286704
121.738 12.450556176027604
122.948 5.082974661608034
123.977 9.04109165182004
124.988 6.527081891012734
126.017 5.724828056343688
127.067 2.3592434428738027
128.197 3.435542193569016
129.398 9.565949215650024
130.4 10.713131402254243
131.407 6.116277348640136
132.437 5.4018778549198085
133.457 5.554255165068837
134.477 5.181083639253752
135.517 2.1560399372712196
136.626 10.865698901328113
137.628 16.565595088681786
138.791 9.753530779435962
140.095 8.559192884195241
141.096 14.434724148222026
142.246 12.649410941755649
143.295 13.24668390772418
144.305 15.396655477014994
145.315 15.233860712811877
146.316 14.809551808462732
147.317 15.328256366634882
148.318 14.830053964900534
149.607 11.688446865992999
150.625 8.82215800405543
151.635 10.814735879347921
152.647 11.676944215083967
153.655 10.76026368421559
154.705 11.31850490903777
155.845 18.883175629106034
156.855 22.18240023100515
157.965 11.002733455139646
158.974 12.690595671073503
159.995 6.955262255670324
161.015 4.61144375539497
162.225 4.879344393204956
163.235 3.5972622792324263
164.316 1.9591282575388524
165.406 4.242309310112425
166.456 4.891865984757754
167.484 6.574977870083488
168.487 7.362688828329681
169.495 8.410385740313373
170.496 2.9113062155410394
171.518 8.373372283050964
172.526 11.840290150670386
173.545 12.089804236410787
174.646 9.271434757553664
175.666 12.615043902054138
176.675 10.184637037257597
177.685 5.316288930608355
178.698 7.538719357907166
179.706 14.724552447347484
180.716 20.229699744007533
181.725 17.611463307727412
182.726 18.379097846882427
183.936 12.718860302117314
184.946 18.599720155358828
185.955 17.43044084827067
187.106 12.05956603608561
188.305 12.394042614769763
189.306 18.945801571207742
190.385 12.67005370410348
191.386 17.82614262745252
192.596 10.087131139966631
193.775 14.02653013110634
194.785 16.252777881826475
195.805 10.400750823501777
196.815 11.363361406375088
197.825 13.026688821250898
198.865 5.242332058091439
199.925 5.697258583022158
200.946 8.109979568151205
201.975 7.221352569875988
203.035 3.1310151517182696
204.036 13.368612012958364
205.045 14.027386113465736
206.055 14.08091042221216
207.275 11.662391612339416
208.477 11.01910291048564
209.485 6.389617657783844
210.495 9.304402075506575
211.496 16.398951336828468
212.545 16.88064336898402
213.555 16.301469254724697
214.556 13.868864630279148
215.565 18.18563831300988
216.716 15.180495301700375
217.825 17.381937872774824
218.955 16.936481591899874
220.095 14.838686980775766
221.105 15.664394296347941
222.285 7.871452407706701
223.295 12.507705806350154
224.305 11.604445870001976
225.315 15.318963408938668
226.325 8.618679929832465
227.525 12.082514050531916
228.535 17.264014215280447
229.545 13.689581451516693
230.555 13.545910888666478
231.565 12.368696767584519
232.575 13.985887046614028
233.585 14.706749912316157
234.704 11.687116276208203
235.78 11.779323894742177
236.799 9.476698649455395
237.93 7.437876005090746
238.94 12.503641913552665
240.13 12.903608916389283
241.21 11.854853381798026
242.33 13.03081034277533
243.459 12.465753465874643
244.47 13.992352696037507
245.471 10.69778403245327
246.7 12.654346144486466
247.71 19.08236718770264
248.72 11.812302033734632
249.859 10.02592763507293
250.93 12.806411758805417
252.029 7.215829597448246
253.099 6.119001590899054
254.139 4.605061720217136
255.249 1.9754826225890678
256.282 2.3980693272225
257.51 3.443905806724112
259.419 3.0024182208088828
260.72 5.564974474172208
261.736 15.482653914304228
262.75 11.742370449611705
263.759 16.64796438775382
264.82 13.212919293900784
265.839 15.57260235237292
266.87 10.317299124601904
267.889 13.161844516416954
269.499 1.6034967272345204
270.539 2.1197074025209357
271.571 7.956741424870975
272.719 16.557356233432312
273.84 16.980596557700657
274.959 16.47433413288529
276.179 15.912679727126521
277.219 16.923416096323898
278.229 20.096786544460763
279.239 13.420049738337564
280.299 13.722278648878941
281.321 14.843667826321843
282.39 17.480770161110804
283.409 15.983221383296739
284.41 18.26018533948885
285.639 12.271750273798112
286.799 6.942528171740743
287.869 7.2264805180814795
288.879 9.268185619146703
289.949 7.3293758707333305
290.959 10.004586898464096
291.969 9.672662478293981
293.079 10.223046441185916
294.08 20.544366769599318
295.109 11.434521927812378
296.262 11.973627443940266
297.279 16.582293907588294
298.299 17.38484588822843
299.315 16.855623577031277
300.33 17.376405992864367
301.509 14.230702067709663
302.534 17.8565285239192
303.579 14.285572546922575
304.629 16.688428117715652
305.699 22.876051324256014
306.787 11.464328137295412
309.028 2.800351431524706
310.029 7.657555433140556
311.059 7.856509717525786
312.069 14.2525574741163
313.089 13.271555939402113
314.229 8.084953246084662
315.249 10.620416650310501
316.268 11.034349837611813
317.288 6.22449631659896
318.298 7.796817375616025
319.317 8.388190958804836
320.329 8.029293350223334
321.348 7.053501402533673
322.368 9.6039887835846
323.388 5.830020992908261
324.398 4.747343939608837
325.408 5.688613226193248
326.418 7.742074349175255
327.429 9.744650743878202
328.438 8.337083290606742
329.488 4.8777243208479595
330.508 5.504901366700509
331.689 7.395598695001194
332.748 16.28839969611502
333.788 15.210911671146144
334.789 6.066708693730022
336.098 4.561871692999199
337.104 11.327182732667321
338.108 13.751191285327874
339.26 10.36779897691722
340.398 12.743227992628995
341.418 17.547464878576836
342.518 10.170349173715545
343.718 7.558776847380934
344.759 6.18706493664107
345.768 6.300849822531768
346.798 7.5931492727260395
347.898 7.611382164799712
348.918 7.285898867695402
349.948 7.017436542510761
350.978 7.617293576965953
351.988 4.843921156568495
353.008 5.810965929268528
354.048 5.716628342346319
355.068 4.589903248661953
356.078 7.149463158965495
357.089 9.340335144674754
358.208 5.125216539433136
359.219 2.9403034006051
360.228 3.7645014301564554
361.248 3.19391271675979
362.458 3.8110088155280737
363.518 5.141370144367245
364.527 3.2734795044838743
365.698 2.68040952278647
366.848 6.87892222841608
367.867 6.968913408286427
368.869 4.712115185267577
369.947 4.442731158647681
371.058 2.0031071868900843
372.107 2.046626818885227
373.208 1.799967749330566
374.277 1.5448740972905413
375.298 1.740116187549962
376.317 4.213761595702808
377.383 3.0762470936851676
378.457 2.460291113605373
379.487 4.008423325264871
380.508 2.3440785090955893
381.517 4.0918493806048435
382.877 1.7000430691218849
383.907 4.168760258283916
384.928 2.554543061223689
385.937 4.25974510518923
386.977 1.7467475490515216
387.987 6.741161459535565
389.287 5.831592375604794
390.317 4.649771057310872
392.027 2.2508562926331304
393.098 2.158784849680261
394.348 2.995632115654674
395.358 6.346963858631883
396.398 4.763856951947721
397.428 4.970444923333872
398.438 2.647387102023365
399.458 2.428632955903497
400.508 1.7301118580994073
401.778 2.123843266275153
402.818 3.1759046346418742
403.868 3.7747895086011023
404.878 4.333663558549819
405.888 6.822917420424468
407.208 5.521454848016968
408.228 8.198519559942048
409.238 9.288026978074292
410.248 8.876139490891637
411.258 7.818690680934814
412.259 8.15816985320745
413.629 4.8073600807073085
415.029 5.040619685026015
416.299 6.33056052665405
417.359 15.88342165487244
418.389 16.81779716201638
419.419 18.912139746870427
420.429 21.009010950220937
421.438 18.474101729833063
422.439 15.682702471207284
423.449 17.196003774175715
424.459 16.65741845284713
425.509 14.447031874145463
426.559 15.450055256034561
427.569 16.99194295421774
428.579 14.276335855052602
429.589 16.88463787058333
430.768 16.0268826655487
431.769 21.85927860345179
432.778 16.18745186543151
433.859 20.813909045473938
434.9 20.29663915645194
435.908 21.173452995042766
436.989 17.057805767005426
437.991 19.60074135812798
438.998 20.875712109396343
440.008 24.07784764006568
441.029 16.708284192672124
442.219 22.729151538111296
443.229 22.747042276662167
444.379 16.39482238072951
445.389 20.892711900636378
446.608 17.726256968091317
447.609 18.61993788467957
448.618 18.224403201889487
449.619 17.1028989085085
450.628 19.426593335596515
451.629 18.302395661628815
452.638 16.675961251944646
453.649 17.646119092860427
454.65 16.010133969791195
455.658 15.249475490485299
456.659 15.764711097079212
457.669 18.824309995341288
458.748 15.958624299712193
459.749 22.15366544972541
460.868 15.664453471925007
462.198 16.369656738467324
463.199 17.257750490120884
464.278 14.104726610805013
465.349 17.044412083334382
466.369 21.773428247103908
467.378 20.43328399901046
468.619 18.817576554362184
469.828 18.141778577856428
470.838 20.376836568368144
471.93 9.831507622080972
472.938 18.652433132592375
473.968 17.56334045955391
475.188 19.442596797484605
476.198 21.945618712675497
477.199 10.1147991838287
478.208 20.16324586884343
479.288 14.429910496489981
480.388 21.741726474436707
481.389 17.920331946164115
482.398 21.294247395070176
483.409 21.1262662099252
484.629 14.949579263367305
485.758 15.189312249307834
486.769 15.385366807114915
487.909 14.314819116422681
489.028 15.62475238191422
490.087 14.522947194803615
491.218 16.639485283095986
492.219 16.147498418096493
493.229 18.16356883763357
494.237 20.10025304317386
495.248 14.8156710824451
496.269 18.93353299672229
497.278 21.705585938030694
498.288 18.24699816612633
499.369 21.101250834569306
500.508 22.799197281590065
501.608 20.165981382146455
502.618 20.063199665854636
503.628 17.15345242611232
504.828 13.63529461696142
505.829 19.574614769539
506.837 16.825322490300376
507.847 15.604870219489719
508.848 11.887029707324503
509.849 15.277121576415507
510.857 16.696936110731702
511.869 5.1329311617484255
512.877 15.426845106394232
514.077 11.552848376268793
515.109 13.196195818800602
516.117 11.030569709366405
517.118 13.246443280713992
518.137 11.255652881376353
519.177 5.785578903489516
520.217 6.311413991019948
521.577 4.231999444647411
522.597 5.181083639253752
523.598 5.695378460196002
524.607 5.414521746171162
525.617 8.086309973980162
526.627 5.418961986756701
527.658 4.014254036165593
528.928 4.034324878661912
529.937 4.955803894549832
531.118 8.580121123152676
532.137 18.618389264629467
533.138 13.299266483803876
534.367 6.66993771685632
535.397 7.518020636727922
536.417 12.11393123464721
537.738 12.559516141571674
538.827 15.690250383469857
539.837 15.074890788846144
541.077 11.171900582433036
542.087 10.503848080694668
543.097 11.078530332110619
544.107 12.234349252888371
545.127 8.567322308901762
546.128 14.735985247079157
547.156 9.143011163463456
548.237 7.781345193479117
549.247 7.888015910931506
550.257 8.012084167368966
551.277 4.905554520271734
552.297 7.521542542891972
553.337 5.139718765071803
554.356 4.375829349387748
555.367 6.564576013325393
556.387 5.666810230431433
557.396 5.564915157622586
558.397 5.455623830667365
559.407 7.031012636671958
560.427 5.028406421263394
561.527 4.472403119929059
562.547 5.990627957878191
563.567 8.00762419737085
564.647 5.176270558987209
565.687 6.193014037538073
566.746 2.027300786601236
567.766 2.428632955903497
568.786 4.533448184345147
569.976 2.2663183055512572
571.177 1.92511121899844
572.187 6.355808801771369
573.337 7.70717683908491
574.348 16.948179140914295
575.357 14.72335481319902
576.597 16.354163948080252
577.707 16.31926574553126
578.868 16.1095123482662
579.957 15.138633955901428
580.967 14.903131555215943
582.077 14.915198323276778
583.177 15.124979897488133
584.257 16.367714470133595
585.277 16.050991433447123
586.337 15.360446913880885
587.346 16.48500828089754
588.417 18.192992497411304
589.427 18.10213234068684
590.428 16.919585509651565
591.436 21.599211931351586
592.437 17.121712652121065
593.516 16.03369764606847
594.522 16.479807660388552
595.526 16.825742378010236
596.676 19.160709894376993
598.076 17.039325339436342
599.077 15.128058838921959
600.176 14.254806010987583
601.287 18.237968500709734
602.427 17.544437496701104
603.627 16.118435706763933
604.806 15.761889199228165
605.977 16.16151626492875
607.057 16.33757128051274
608.276 16.793660934348036
609.426 16.216889356123023
610.636 16.40695265965832
611.637 20.53978393453358
612.646 19.36162625340814
613.647 20.99420820223822
614.667 20.226417459243397
616.056 19.135534429457334
617.246 16.81062399697066
618.257 20.446356870973187
619.426 15.259964470546766
620.428 20.976749834907913
621.429 22.16319292255772
622.446 15.109420126726748
623.596 14.113395580582386
624.606 15.307608414333043
625.616 14.23031824547881
626.636 15.009827490247256
627.646 12.329731207273849
628.656 15.059830480260551
629.667 11.583653857615401
630.676 10.881328234425524
631.696 11.497422995498296
632.716 12.69351289083386
633.746 11.550588266232706
634.747 13.533473470979027
635.787 12.626658568772589
636.796 14.304004703161445
637.996 10.535970762692697
638.997 14.434844749142425
640.006 13.621670872235162
641.016 12.031393665770224
642.046 12.370088146057526
643.055 13.617483307090152
644.116 12.422483471302586
645.146 13.760260925623946
646.156 7.200022766351359
647.166 14.826993328486056
648.176 19.070892666869774
649.177 16.06078635635915
650.536 12.532297432552339
651.546 14.07756368697427
652.556 15.56518750163454
653.563 14.994763803496246
654.766 13.753214367741379
655.826 15.22173105273177
656.837 16.839995463100507
658.056 16.349199747240263
659.067 17.636805266336648
660.068 19.106924400741278
661.236 15.57348966460785
662.237 18.680961950281198
663.335 14.190166131233234
664.396 19.761578250137145
665.406 17.172218048768418
666.416 14.562362191906344
667.425 17.944314915295962
668.427 13.331414933901145
669.586 15.503497307958305
670.595 9.806200791910296
671.736 15.772054952547284
672.746 17.44402076088376
673.895 9.971240424650011
674.906 13.833659420391982
676.016 13.6049891648045
677.025 17.337071557955966
678.026 11.195142227684459
679.085 10.43289293691131
680.206 14.024696188532566
681.215 15.901620632437899
682.255 12.660901692570908
683.265 13.800382293244926
684.266 11.71010815727894
685.285 8.13490085837468
686.295 3.487298121306121
687.506 7.4678871326408816
688.522 13.166250316027726
689.535 10.988763038012424
690.537 11.169333630749062
691.545 8.361881557692856
692.546 9.09077676973933
693.564 9.295438545413647
694.565 9.391917267676064
695.575 7.690917110487209
696.585 5.7897324409800675
697.654 3.660154559025388
698.675 5.176009120507269
699.676 3.340042487140138
700.684 6.815137067323332
701.695 9.430607617505114
702.715 9.377103336398697
703.724 6.60594385529504
704.725 4.8137857329480065
705.735 7.5805943737886485
706.925 6.512672452071073
707.935 7.1945245584648525
708.954 3.105824729900104
709.964 4.251309966358736
710.985 2.8566424605099088
712.004 3.8896260883480185
713.005 6.36169854472636
714.055 2.831092131439509
715.075 3.00667600447175
716.094 3.731219983321749
717.275 3.453187492938603
718.306 2.3743850697175177
719.365 3.7427091445061973
720.386 3.3967559853291225
721.426 2.119475245755202
722.484 3.277965842174848
723.494 3.4337503574395316
724.522 2.6013843751043364
725.565 3.6452801756465005
726.884 1.943351068706085
727.904 5.024100364112417
728.974 4.096859698876752
729.976 4.779704779469599
731.024 4.569908577310799
732.034 2.6931656590823225
733.044 6.049941105974948
734.124 3.3414152159489436
735.184 3.5833791915254847
736.284 2.103783961798584
737.295 3.5937041563102126
738.304 3.1787208872376955
739.364 3.5833791915254847
740.565 3.220882351205042
741.594 2.888869521881362
742.604 3.760774201010231
743.624 3.5986848760795542
744.664 3.9698807932947973
745.734 3.0868605794649993
746.744 2.125654983186913
747.774 2.886064794191914
748.804 2.2447170621459134
749.864 2.4927855245407797
750.904 1.6133734837950222
751.914 5.368043800583491
752.934 7.3754931731352835
753.944 7.431545129294255
754.945 8.56435375270686
755.954 6.79450393201884
757.264 3.650489785713745
758.294 7.535835851502786
759.295 6.013764889719739
760.305 6.677812542470145
761.314 11.406927483817615
762.324 12.29662243363703
763.514 8.279771761134997
764.574 8.373745818600998
765.813 7.072585779531741
766.824 8.012084167368966
767.834 6.688450379485993
769.034 3.766109056350969
770.214 5.311951545528478
771.234 5.504901366700509
772.265 3.6853435094443823
773.274 4.910219256725812
774.293 5.890949599264753
775.454 6.538094582249972
776.463 6.546959008952658
777.484 4.107842399130668
778.614 4.993704482678176
779.644 6.573814253433785
780.654 4.423905883805952
781.714 5.088753783238076
782.724 7.358036480242658
783.903 5.461957680529071
784.913 5.250249547354824
785.934 6.237672723684241
786.945 6.708940325017377
788.493 1.9203144302369943
789.664 5.291746954029082
790.669 5.094087831872338
791.674 2.55088778527304
792.705 2.723084090220061
793.743 3.7519039247613253
794.804 2.957392817177485
795.813 3.2734795044838743
796.853 3.689667570052349
798.014 5.292614495308141
799.163 6.644831929290112
800.204 4.759280720485005
801.233 3.4891921885242887
802.245 5.222040822160765
803.265 5.282513387941098
804.274 5.9834323837341055
805.484 6.29009010375527
806.494 9.072282081276589
807.533 1.8792587910372731
808.574 4.9179234111723655
810.003 2.078623533317811
811.013 5.232381497055744
812.034 5.088394382789878
813.063 10.94659111471739
814.083 9.995031828722215
815.113 6.8847600745472235
816.175 7.110406659661062
817.183 8.491705098345317
818.193 5.166881107341706
819.213 6.182362138607811
820.223 7.616332725103757
821.233 6.2672398441341794
822.533 3.1759046346418742
823.553 4.765777935432428
824.593 3.291518706859493
825.623 4.970444923333872
826.633 2.64906046964231
827.643 2.779702670313222
828.753 1.636592298207444
829.763 2.4563841407677565
830.823 3.73917828681117
832.083 2.8246919746032257
833.303 5.111270045931215
834.553 6.159308588819153
835.903 6.048863598884732
837.133 6.686990798680345
838.143 7.856350810746208
839.153 6.968978508453227
840.163 6.642193717412454
841.164 7.452051464975309
842.353 7.423815127902216
843.393 8.283076539744004
844.413 8.575962182468638
845.433 8.748641299558527
846.472 7.311611054899859
847.493 3.5742319924959927
848.494 5.7094887678676995
849.603 1.7869833111033246
850.653 2.201960546680204
851.683 4.865428920425844
853.193 3.0737618050097986
854.203 6.703988793116348
855.813 5.267807298360563
856.823 5.559405340626444
857.834 1.6335018892250557
858.962 3.1749331985052165
860.222 7.280849078571454
861.485 5.915354538779057
862.502 8.130956498655376
863.522 8.038869767559243
864.533 7.5930374001527055
865.542 10.49942229224077
866.753 10.229728375271687
867.782 12.874967833827453
868.792 6.526611825327134
870.031 11.721679713376398
871.131 11.412573626859148
872.132 13.359084540261863
873.15 17.854914781398996
874.162 13.16234380202243
875.171 13.862276401611341
876.172 15.886035622880783
877.202 9.038056955593332
878.211 18.648600703407826
879.232 15.77845653081912
888.774 1.8182999107413016
889.784 16.545907442731764
890.974 15.729811318963469
891.984 19.39480882764197
892.995 19.975053365294094
894.004 20.958883248357278
895.194 16.23014622865942
896.204 21.319540170071754
897.354 15.425166127472991
898.356 22.094327510211787
899.573 18.032740030660218
900.594 21.29669659283957
901.596 20.648319828099503
902.813 18.226568997286453
903.924 20.665546813017183
904.934 24.27231686293732
906.024 13.876440470288617
907.025 19.389974760678385
908.034 16.71113679936193
909.253 13.07832985202367
910.256 15.369464088241678
911.263 12.252455166519853
912.314 13.457061140995133
913.443 14.64162789890407
914.453 16.932926479063156
915.603 10.692252645026262
916.623 13.707100251180371
917.773 8.635472849489743
918.783 12.06868585846195
919.793 12.308933638271824
920.844 9.167943802158803
921.875 13.418003880058622
922.879 10.808063123568507
923.904 12.903776179648371
925.003 12.813397638656136
926.004 15.123476004007124
927.016 14.958016784833193
928.113 11.871316407836767
929.123 15.62148436945193
930.333 12.368368811229503
931.343 16.014845286508415
932.434 10.13064908515014
933.443 13.715711621158697
934.455 10.660354488141563
935.463 6.049369798920967
936.473 12.689266193179186
937.484 10.559132935865128
938.493 10.243382594154065
939.494 12.373533819734789
940.533 12.741407136419022
941.693 14.569734695195004
942.823 14.593736248167644
943.883 13.196342814078223
945.073 13.372901149222592
946.293 12.73433934935515
947.773 9.217740692346936
948.783 10.131045680080101
949.893 11.74337630141688
950.903 12.987912797123803
951.912 15.142714181400233
953.133 11.490691623504983
954.353 12.992010530668656
955.573 12.611539834758373
957.013 11.487994092376558
958.022 13.591830078782719
959.182 10.811756996468104
960.333 13.774105312410532
961.534 12.579463958003133
962.543 15.464319185388177
963.553 9.296513342441523
964.563 16.23178544598593
965.583 12.803464158674469
966.713 15.579165727361739
967.883 15.115882165958043
968.932 16.270476061704134
969.933 17.788394539427713
970.953 16.520740176161507
971.973 18.97860667685983
972.974 17.445405522142398
973.993 11.901436013919941
975.015 20.172188199482726
976.094 20.402720988680183
977.103 24.559830348065315
978.113 16.845194205182626
979.114 17.68938118374922
980.142 19.986810061817827
981.332 15.822844899326924
982.334 17.029935351666566
983.343 14.139612859629695
984.353 16.34629160170922
985.482 17.75130308005192
986.632 16.61611017790917
987.693 15.83317934256189
988.793 14.371897098809116
990.012 16.216000037496407
991.023 17.849709788809214
992.032 16.824918926856412
993.042 15.34537871209971
994.162 9.693291429888523
995.163 14.300736525793555
996.302 12.679472602263155
997.313 14.092058403447606
998.314 16.15871430363332
999.543 12.194838189914869
1000.752 14.787287061574277
1001.812 14.229764590823633
1002.822 18.29696014224019
1003.953 14.0230161720853
1005.042 13.93596381503117
1006.112 8.84584125993395
1007.192 5.199073512989896
1008.232 4.833968296949767
1009.239 11.858282016854877
1010.242 14.083134349473191
1011.252 12.986408472093538
1012.342 14.856942880545466
1013.343 15.321140912210566
1014.362 13.972775637731132
1015.363 13.41950560132185
1016.372 7.763865443168287
1017.452 14.813313105493862
1018.672 12.138944764880282
1019.673 11.622672490079559
1020.682 8.696735315121472
1021.862 14.670324791462765
1022.962 14.877391032120219
1024.072 16.632815426293
1025.074 14.863445735873983
1026.082 16.15081494340749
1027.103 16.39826281310085
1028.332 12.031289505777986
1029.342 15.916594702065623
1030.353 15.723410948057749
1031.354 15.178349422638174
1032.442 15.893520860905706
1033.492 16.585067500986167
1034.723 15.44107691099655
1035.812 17.78852123123174
1037.031 15.859876501652668
1038.033 14.861036124668209
1039.073 17.121794057660846
1040.255 19.133544043939686
1041.382 18.043850509860736
1042.383 17.22663545271807
1043.403 18.771013002246516
1044.532 13.768134447460433
1045.542 16.778976657939168
1046.553 18.535350713360756
1048.002 10.390298877407721
1049.015 20.665188652635543
1050.171 16.87406992944198
1051.173 19.66941527746993
1052.372 16.282201900901637
1053.373 20.905928328596037
1054.472 14.86379610519045
1055.473 21.020861005525873
1056.552 15.572516820873346
1057.753 16.92955993882593
1058.971 19.141596472263814
1060.132 12.146394295788031
1061.312 11.599803591674293
1062.313 26.3636023749102
1063.322 20.344627262506766
1064.323 19.713788231650298
1065.332 19.45159908190207
1066.333 20.19763912375143
1067.342 19.478638788309254
1068.352 22.326070793870457
1069.531 16.232590499481727
1070.532 19.39624600844864
1071.731 16.718672121426156
1072.732 22.67900305856482
1073.752 21.24959152864676
1074.931 15.781855862944958
1076.141 16.153237925442237
1077.142 17.459757031639803
1078.353 16.636143371105394
1079.362 19.830513906111015
1080.372 20.65198601575156
1081.373 20.987575151616223
1082.542 15.673040676668998
1083.543 20.63011402388292
1084.551 19.9669563634154
1085.672 15.913379541636216
1086.693 21.047874076238422
1087.702 15.434766939836646
1088.713 20.051355098248244
1089.721 18.885013682473957
1090.722 19.132612396726095
1091.731 18.601882289422957
1092.732 18.122097285781877
1093.741 17.964774162204645
1094.752 17.349390131221153
1095.761 17.083471164072375
1096.772 17.03880983786726
1097.781 20.42072130359052
1098.792 20.439550613036022
1100.001 21.988791023874388
1101.012 19.56273742800133
1102.197 3.2548967108292675
1103.266 2.317311145943357
1104.287 5.014258835480099
1105.307 5.74823808001925
1106.327 7.577405835065267
1107.364 12.945724246355681
1108.367 18.086683661189106
1109.368 18.231241118592877
1110.378 19.082008608870026
1111.479 15.175934227745149
1112.031 25.168468884478514
