0.0 22.414106440875415
1.039 19.010072034524438
2.15 15.727251931328947
3.16 14.600297912694446
4.169 18.106072570193223
5.17 11.20015651122856
6.179 17.117374961423405
7.18 23.730435182809327
8.199 14.427186739712587
9.209 15.289527490677328
10.249 13.74608415576889
11.25 20.853267030150388
12.259 16.888093199904393
13.309 21.607364130063857
14.408 15.901689599158647
15.419 11.155889953105268
16.548 18.640892933380083
17.55 23.677742339886258
18.809 18.400982736182502
19.85 11.43954966240199
20.859 23.837427483273114
21.911 18.48660156711027
22.919 22.90864693735042
23.921 24.30036764822531
24.929 25.741297273087774
25.939 24.223154480728468
26.951 24.077716957750365
27.959 24.22233841851106
29.109 23.747972455122486
30.119 23.544743289402494
31.128 12.835742341236893
32.129 12.76059898902463
33.149 13.060075914412456
34.209 17.340448653215724
35.219 20.45029131422246
36.239 15.543290008554163
37.259 17.887438659999418
38.269 26.23557109394466
39.278 18.127140108668257
40.279 14.86087021585757
41.568 12.271219134050709
42.569 14.5253626789948
43.589 13.07244377940817
44.658 14.083223351942237
45.668 10.628769827798763
46.678 7.39977646239783
47.688 5.449713095880534
48.708 9.458787346133937
50.018 11.200203319352875
51.028 4.978031438334715
52.058 4.014381499895846
53.078 7.327229634332429
54.119 11.799665609442089
55.128 13.94887625171532
56.129 15.378966888493009
57.328 18.7419390370109
58.329 16.883243360380426
59.338 14.116924326826657
60.348 13.982469686547814
61.357 13.313306027443058
62.378 12.173431228750768
63.388 13.893758916035676
64.478 15.744285907179702
65.488 20.719374094689094
66.49 16.33741377413362
67.498 14.545701355617519
68.508 18.163087680442327
69.509 15.718741454025443
70.51 16.322079467672417
71.668 19.54164552506875
72.678 21.795705216555625
73.679 17.769495301093805
74.688 18.76359635091145
75.838 14.745169365565916
76.848 20.45029131422246
77.859 16.75358351950993
78.868 18.971023002522283
79.869 19.166302189363602
80.958 26.069734787900302
81.968 17.0870516055309
82.971 16.16088602459019
83.978 19.971446882719167
84.979 19.677353302926015
85.991 21.497764649923734
86.998 18.23041619335162
88.008 22.064787996898094
89.009 18.362116126379107
90.018 17.517067512601507
91.029 18.970336021718058
92.038 15.432168781090352
93.048 18.29762907061356
94.058 15.906273878195515
95.068 18.701253241375593
96.078 15.28548358381908
97.088 13.688406267814234
98.092 17.324214072092396
99.097 12.43367344598015
100.1 16.12216320162557
101.108 11.028760745573088
102.117 14.679545738241936
103.128 11.276936035872014
104.137 14.814220469823033
105.147 10.681583224406149
106.148 14.932615838228235
107.158 11.655139673118981
108.258 14.122818136341495
109.277 15.468959056668202
110.349 6.416858329408794
111.357 14.85656505084936
112.527 12.76872067722051
113.528 13.98235846672494
114.537 9.20060750045056
115.547 12.781432071357997
116.557 10.412581637894302
117.708 10.045868730005454
118.718 13.05051485182463
119.738 13.588680412757896
120.747 12.145140556341039
121.757 19.12381187917643
122.758 13.682971823988414
123.767 11.055732238175931
124.777 13.588680412757896
125.787 11.975855662533997
126.797 11.989398286384242
127.807 12.915973461653394
128.817 9.304304256037305
129.827 14.934094314966895
130.828 11.100427119166849
131.837 15.368150466756312
132.848 11.442097127712428
133.857 13.7368226174226
134.957 6.690582937681583
135.977 10.924233273002905
136.987 10.2068285758117
137.997 12.241889624928099
139.128 15.03152170855252
140.137 14.275521543622817
141.147 11.915174348373753
142.157 18.701253241375593
143.166 12.317520274868563
144.168 13.29032615226005
145.277 10.68016510143643
146.288 13.17201464342101
147.297 14.679545738241936
148.317 10.435751297375777
149.324 11.87491436269352
150.327 6.78897249023764
151.336 11.178002718126782
152.341 8.460869763182957
153.517 7.330498979975371
154.536 6.13424238455925
155.547 3.091391191829886
156.619 1.267600784774601
157.63 17.002062044862736
158.636 15.153729462575974
159.648 15.349711423337526
160.656 16.28480774368239
161.657 16.372886879325733
162.667 17.006405450508577
163.677 20.134689471242876
164.688 18.547757640845973
165.689 14.269043256330846
166.697 18.403308941084894
167.707 17.219527667388896
168.836 19.143626034846033
169.937 22.466564101039875
171.117 21.510696570687973
172.128 25.13435447270224
173.136 18.834340862019065
174.147 18.978886059042587
175.156 18.53628351816154
176.167 21.370921717421357
177.168 15.652552892337338
178.177 14.4783212124276
179.186 17.777064563737973
180.226 12.89048783926556
181.236 13.454139022586661
182.247 9.00535695010181
183.262 13.456856942310099
184.292 7.388020418586696
185.302 11.705100949603212
186.322 8.834551009662245
187.352 5.936802122077487
188.363 4.439865877438698
189.422 3.592852233777934
190.603 1.4957903925976976
191.612 6.868411308723718
192.622 13.248491327410111
193.643 9.549939485130718
194.662 11.375272479372708
195.672 7.39977646239783
196.692 7.094090509606661
197.771 4.911571233523958
198.803 2.010038512194679
199.812 10.773978523495243
200.822 6.679763656958045
202.992 3.5679120721595208
204.072 10.892172044630888
205.092 10.124899131078893
206.112 10.885571521744986
207.113 15.571677813246332
208.132 10.39325560639896
209.312 9.812784264020744
210.332 9.455476264157879
211.542 7.773955276737269
212.552 8.341566193968964
213.563 7.085813671596761
214.572 10.369954328863706
215.582 7.057817095567751
216.591 9.29255647651294
217.712 6.218424608658797
218.731 9.334716672158619
219.741 4.477041787896434
220.851 6.121027212954343
221.852 6.651801600647245
222.862 6.211229166428401
223.873 5.913965758271924
225.092 7.42948123972964
226.112 8.925897918180457
227.132 8.393008490226975
228.182 3.1632185112866607
229.222 4.05047204610575
232.363 1.469905349139387
233.371 10.78565243531793
234.401 6.157455196407713
235.451 3.8346113328451628
236.452 3.6652784330140142
237.711 2.158646610441702
238.721 2.206852525774998
239.761 1.8292454401779925
240.774 2.2567001135777476
242.044 3.9205817698728684
243.054 6.323445340593381
244.064 6.702974013742697
245.074 7.567756502236997
246.274 6.16482074646774
247.284 7.267398749495896
248.294 7.962627614630525
249.309 5.200812686712936
250.324 7.392781573619296
251.354 6.100652460048946
252.374 5.062449565539446
253.384 3.273840495486982
254.404 4.257467107307715
255.414 4.036241706763582
256.574 5.877998270650208
257.604 6.464517866264911
258.754 2.6665150840506198
259.794 3.0051889374397076
260.893 5.476842914154781
262.024 5.970223321093494
263.654 3.9436205088751772
265.004 2.1137947308734506
266.064 2.43570686643961
267.104 1.7740395157634745
268.134 1.84700510464357
269.143 2.9876525971381813
270.302 3.0483666154551945
271.493 1.5938268698770788
272.503 2.959910584959132
273.533 3.5620812732464917
274.575 2.674540762110438
275.853 3.9745419651720977
276.863 5.381655609009831
277.872 3.0040931528195816
278.913 4.1771159770272765
279.923 3.498076145855149
280.943 3.6747166802415943
281.973 4.9463707089269375
282.992 4.717268266485496
284.133 4.803042159665719
285.273 5.051665484315801
286.282 6.257649587600196
287.432 4.570156881758555
288.772 4.498129568414495
289.832 2.051121571734698
290.842 2.152662243608899
291.853 2.1243980533196973
292.933 4.0262756778583295
293.935 4.644238569479251
294.942 6.061746057749328
295.953 5.975373064867734
296.973 5.369893265111974
297.982 6.7644518668345786
298.992 6.145925450712374
300.013 5.243994986344918
301.023 6.389044103227263
302.032 5.364838812480624
303.483 3.782985315678572
304.492 7.593174008744368
305.493 8.299867016929257
306.603 7.657995668841312
307.613 8.29809594946646
308.623 8.241741989968979
309.632 9.118109382728194
310.653 7.789863537992878
311.672 4.909889404169571
312.693 8.917155608763606
313.912 7.406909384778432
315.062 5.080984849992594
316.084 13.588719290489085
317.097 5.634003724935704
318.104 3.1957037530620633
319.114 4.3053244872053815
320.144 4.028558074166258
321.184 3.9198116575224957
322.204 2.797669496746464
323.224 2.995068413135093
324.354 3.9383122435210898
325.364 5.7589222558717035
326.874 3.788842594464731
328.504 2.248935627450392
329.544 4.436053909203025
330.564 3.71591043536502
331.904 1.7060720503866211
332.914 3.498076145855149
333.934 3.241841404795538
334.954 3.150202341995182
335.994 4.311792823284678
337.355 2.1783805352467933
338.384 4.01490409021087
339.413 3.565542965443855
340.414 2.425359274999718
341.475 2.817634015845875
342.504 2.112914349895414
343.564 3.076682357602047
344.584 1.678231635947228
345.624 2.874528548856452
346.653 2.5090857904961474
347.674 1.9963781213701755
348.723 1.6840118719317356
349.744 2.528745620401394
351.124 1.3785617810103625
352.145 3.4603887436967153
353.155 3.2592848480030225
354.164 4.040241946315373
355.174 2.6253273908395127
356.184 3.767158926309365
357.254 2.9516593821612123
358.315 3.9703024768613164
359.404 2.607020561804509
360.424 4.39633778059449
361.444 3.581422076447001
362.624 4.145699108980563
363.714 2.8470140885674984
364.734 4.129893066623959
365.736 4.05706675750888
366.785 5.8292718643809955
367.804 4.758697407949403
368.824 4.3460872424389905
369.854 3.4301523372058442
370.864 3.6027194493727097
371.896 3.423504755157669
372.964 1.654052859229993
374.067 1.4096563764283212
375.334 2.4478748005372357
376.344 3.111564695869292
377.625 4.433593040428079
378.744 5.610819254674154
379.834 5.678262566652822
381.095 4.762837809710946
382.105 6.2429958835701
383.184 9.915570445733831
384.284 10.371211758411441
385.414 12.755870042815074
386.485 13.051413307833595
387.487 15.94890688045359
388.494 16.617817342982434
389.574 12.08664486600087
390.595 14.623469739039017
391.604 16.515276527095004
392.625 15.099895843351478
393.634 20.605233926195986
394.635 17.044596585683156
395.644 15.69265806454326
396.654 16.494892460380907
397.674 16.341845072367626
398.685 20.026838590544195
399.824 17.832138649071574
400.825 27.014459561822417
401.834 21.534547918962414
402.844 20.161243692980662
403.845 16.949630388446096
404.854 16.02826198257366
405.855 16.84672553325073
406.865 17.90346979421568
407.874 17.932905280207727
408.884 17.291715811022655
409.885 17.911994213574825
410.896 15.841709579398911
411.935 18.104129413727314
412.954 21.773889504135735
413.964 18.677354441737084
415.114 15.415447524680843
416.124 22.04974060467107
417.125 21.59612695949746
418.126 19.655224293570793
419.144 20.58953065502686
420.174 20.62508321376974
421.183 29.359091476483872
422.204 24.004565218364238
423.214 22.199329387193494
424.223 21.009258120815105
425.224 18.710523982625894
426.234 20.719374094689094
427.253 18.95474085083593
428.254 14.761636989950848
429.393 16.884163380348788
430.404 20.967696779333373
431.413 14.507559805468235
432.423 15.218244664442155
433.453 12.26939105230175
434.533 8.233097297676299
435.543 7.53431785261873
436.545 8.679396670825192
437.554 13.836282334249422
438.595 13.575626925329336
440.132 10.524910628564522
441.133 15.55659436283997
442.254 14.60302343371015
443.264 18.163087680442327
444.273 14.148033402346934
445.284 19.489205339718833
446.293 15.760487662526083
447.294 19.81965374890531
448.303 14.99388522497006
449.353 15.740789092216772
450.354 17.51188584666528
451.363 15.597657248826692
452.463 16.553122202973967
453.474 18.682755463667032
454.484 13.690766643082572
455.584 15.688117088126143
456.585 16.83313058123483
459.144 2.5537253440895586
460.153 14.14084681204172
461.154 15.975854742447977
462.163 16.226040882917907
463.164 17.289801886981984
464.173 17.88318982742212
465.294 15.61274098245473
466.304 24.307931292501426
467.454 17.15143340651191
468.533 21.897974107973628
469.535 30.625525556465988
470.545 20.830016685345985
471.553 22.068575067142465
472.564 21.742313107762282
473.574 24.10769279059125
474.575 28.64347219875616
475.583 21.8064311083032
476.613 23.12471439392781
477.614 23.484932181882076
478.624 17.7228776930831
479.625 18.78048340697767
480.634 27.338970503388275
481.644 21.09224847071733
482.664 19.05683490458509
483.713 19.844712550642715
484.723 26.23557109394466
485.739 21.04215405727427
486.744 20.991896934034806
487.896 19.011991249756875
488.897 23.484932181882076
489.902 16.736283889675402
490.904 19.343162438420865
491.913 23.70275275169202
492.944 17.318436014443886
493.952 20.760483963935673
494.953 21.44866638571489
495.962 14.37022702009852
497.223 12.396234020824561
498.232 6.46438711409218
499.512 3.0786854060154605
500.513 10.724333192882279
501.533 10.453767478691628
502.552 11.484937853810427
503.572 11.735072387851938
504.633 8.644077242247395
505.673 15.679246630114815
506.704 8.25345791826715
507.752 5.061686113629125
508.873 7.162481718252277
509.896 9.431048966816084
510.943 2.078574441727011
511.952 3.377992736451975
512.972 4.2631154236154325
513.992 6.794340206378948
515.032 3.7613572827768382
516.042 4.01234290717474
517.063 6.654593737884029
518.072 7.49078970990776
519.083 11.136043111605735
520.092 13.753656958870238
521.093 15.060130533553764
522.094 15.56413608804315
523.103 14.237028985094248
524.112 16.9391869028532
525.192 13.164769945862169
526.193 16.32882732699285
527.202 12.18727563317936
528.212 14.634752607503248
529.223 7.859840489842655
530.232 6.060362919460642
531.252 7.779679247315441
532.272 17.03960690555069
533.303 8.575380843002193
534.322 5.070829433684129
535.331 6.868411308723718
536.363 7.070218786258201
537.524 6.086230675830338
538.561 14.392755575894197
539.572 3.632617536088466
541.152 2.9241464179308423
542.161 4.174916677859218
543.172 5.241924194833343
544.202 7.782360637514604
545.543 2.127981272696726
546.552 2.4241451677892236
547.596 6.419217454006972
548.604 2.291741736273292
549.627 2.125306809421769
550.657 2.6347211496909466
551.667 4.3053244872053815
552.687 4.385235917512903
553.707 4.529560137585965
554.797 1.8808464445497917
555.947 6.418172502350658
556.997 6.741741304198819
558.006 9.590455407547246
559.037 8.169155394737132
560.087 5.694304172968761
561.097 5.075101871192441
562.107 4.7608769137591525
563.126 6.8957587446612365
564.136 7.423970308879694
565.146 9.294469359102441
566.157 3.091391191829886
567.206 3.2265531109049865
568.216 3.632617536088466
569.266 3.457810204448994
570.336 3.682913382895143
571.357 4.723496791931747
572.367 10.098963929298
573.526 8.626154168895981
574.527 13.291000581663067
575.546 13.478313179872716
576.556 18.036020811850697
577.557 12.112606023663755
578.666 13.272482534172893
579.706 8.492925257973685
580.716 5.88746435896569
590.244 1.4119220831944588
591.284 2.8695619258985725
592.324 6.1909910289803864
593.344 7.492199424347562
594.384 12.194778577227334
595.574 15.808218302661539
596.575 21.311526067538868
597.584 31.325165353477022
598.594 27.152281838305196
599.634 21.407291092190846
600.644 24.89143572825139
601.714 19.19557997886845
602.715 24.29943850034895
603.744 19.349557605304334
604.749 26.961596886841456
605.755 35.09871960930193
606.756 39.26976296434476
607.769 36.01973434083604
608.774 33.64662196900697
609.775 35.400560252122844
610.788 40.8942507819067
611.794 40.413796094381965
612.795 39.71641171436212
613.805 40.983884205690686
614.806 40.19769286011527
615.994 31.813918842076447
616.995 33.1379434676027
617.996 29.64394158253176
619.034 26.176399692303672
620.044 33.63534755634249
621.064 21.51595654338173
622.255 30.6006526132096
623.264 46.058758187945585
624.374 29.927259147542603
625.375 39.322753507020415
626.376 42.89733277155395
627.384 42.290301765807165
628.445 38.89553894379074
629.467 1.9944247181154426
630.475 78.53541533026652
631.476 50.68257627873402
632.504 39.816662563442414
633.515 61.15578227303499
634.516 49.55508836576305
635.517 51.07375365542494
636.518 52.64322635674016
637.524 53.35683527052926
638.525 39.91080960388347
639.534 34.424554661328536
640.654 31.244936338287825
641.655 39.36780539161361
642.664 39.73396812741933
643.675 43.11883517147527
644.676 42.368518910556844
645.678 43.6377803034855
646.764 49.42475840738742
648.428 2.9348443641921023
649.434 76.63637460037037
650.443 23.88251595325267
651.444 24.690615876915714
652.453 28.147018892626512
653.454 24.99198718417286
654.464 28.26869869388455
655.475 25.7040177745945
656.476 33.93776326866667
657.493 24.27755625678623
658.503 19.23941880218469
659.553 11.831914920795882
660.593 5.618396709117232
661.613 4.129893066623959
662.62 3.7783818426678732
664.303 1.2918531586739772
665.321 14.01582950236294
666.323 16.884832775582773
667.331 20.550486473428684
668.341 21.392081045793592
669.351 21.795705216555625
670.361 12.328830113933108
671.362 16.561628475037818
672.371 18.989137147719504
673.381 17.34344736891468
674.391 21.753120112781854
675.392 18.43237325035931
676.581 17.221023663517542
677.601 11.323900343964914
678.612 10.887073327729835
679.621 5.171391555552565
680.631 7.53431785261873
681.632 7.466307919101702
682.641 4.713615604034602
683.661 4.2631154236154325
684.701 4.05047204610575
685.85 2.9691673714268254
686.851 7.194805812954355
687.853 19.848845945616755
688.857 9.554812991184239
689.863 14.644922144479526
690.873 6.727069511268498
692.123 3.0438644124577685
695.723 1.4183571473698982
696.732 5.117639798666138
697.763 4.085830192005232
699.752 1.7889830829228788
700.764 5.236744427835739
701.803 1.9312945211190204
702.823 3.463781281679003
703.852 3.1044048144357763
704.853 3.936780539161361
705.892 2.043437903787435
707.063 5.5573584365882365
708.073 9.464809774209948
709.085 9.899382577412904
710.253 7.202368693152778
711.262 4.982965067122293
712.303 2.9666149425603203
713.362 2.5663230241288697
714.452 4.689859032683747
715.462 10.360473839104799
716.472 8.81128087212036
717.492 11.918531712210758
718.512 7.993730958320244
719.522 11.820365941815888
720.523 10.27411204683955
721.552 13.554778022439365
722.572 8.259786133247918
723.582 4.843490048113815
724.642 2.5692434270979336
725.652 1.479955292479566
726.682 3.2982234011527796
728.162 2.0199389802738152
729.412 2.0654794227392
730.572 1.6955023201044959
731.602 1.7150761686029221
732.632 1.9789340406966345
733.633 2.4435189553385372
734.662 2.3644793533601542
735.712 2.976568090417182
736.821 1.7154330548066432
737.922 1.7656998711806369
738.972 1.5529920471687833
739.982 5.47233335885431
741.002 3.0641142107169963
742.102 1.830336013333065
743.132 2.9024365930184195
744.152 4.2631154236154325
745.192 3.817750809956353
746.232 2.874528548856452
747.242 2.0628696344807365
748.252 4.843490048113815
749.265 4.89670781140582
750.282 10.118334421269482
751.292 10.052838262621718
752.303 9.382152183402109
753.312 10.652987847281558
754.703 8.983410517295573
755.835 10.969743272267289
756.852 17.89742361454428
757.872 18.59026450081416
759.081 16.183796366803456
760.082 17.65547632453331
761.092 24.135623897912584
762.103 17.069855711439274
763.112 17.76948418777827
764.122 17.61262849832496
765.123 26.23657030373611
766.132 27.637778598992135
767.302 26.952801548133206
768.303 35.72237360384302
769.322 33.17401946829987
770.332 27.874851716999945
771.333 26.711698989549838
772.343 29.464564459295925
773.351 20.204399571991324
774.352 25.02364258312771
775.353 28.688127150345895
776.371 37.9094817015477
777.372 23.132158063714765
778.373 24.015532240898075
779.381 24.788868485708196
780.411 23.96043573796676
781.423 32.93003660861461
782.432 20.896930731458625
783.442 16.81767377810916
784.461 12.692621697333253
785.462 14.253860572797787
786.471 13.198123691222385
787.491 10.39241507745454
788.503 17.455814759452462
789.511 14.921351488811027
790.521 12.512349291015529
791.531 14.934094314966895
792.701 12.552396655082692
793.703 17.63002448759815
794.711 14.246619992941874
795.742 13.180097393541232
796.761 12.135131673811172
797.771 9.59020471027534
798.782 13.97846451959697
799.783 12.78332339776087
800.802 17.73596167706661
801.811 15.897131322876279
802.831 13.61839241821476
803.841 17.355839339042426
804.842 12.789773557452877
805.851 11.178002718126782
806.862 6.762369106270756
807.871 10.515050319394216
808.881 14.780964969604044
809.971 18.174559320808605
810.972 28.567459547715835
812.121 31.54968347245515
813.122 29.418979859318394
814.123 25.825645515214028
815.141 25.85756615356381
816.142 28.60258810958177
817.143 25.249695871852243
818.161 24.11190448611454
819.162 31.62999536630248
820.171 28.28169362420761
821.181 23.229141446422908
822.182 27.285961668019425
823.191 20.83330805855774
824.201 20.315749924051225
825.211 14.22096593746967
826.221 16.683132387937928
827.222 15.549449570640245
828.223 29.322227464062447
829.322 37.58770985217061
830.381 33.130798769023826
831.382 46.83411331072772
832.401 38.32020119930394
833.402 38.53712405735337
834.403 38.91857657781877
835.417 35.87038123251956
836.421 37.74613660652026
837.422 37.40715531360746
838.431 40.02044727127002
839.432 42.29736868756719
840.562 39.177688844941784
841.571 47.540180234965135
842.573 40.19475072368839
843.591 39.25603173738315
844.592 44.398334547032015
845.611 38.91502619025314
846.612 38.479072620125294
847.622 26.180889066874077
848.63 26.55724247338176
849.631 21.98740356931509
850.641 25.293781362373522
851.651 19.566920870573792
852.652 26.337490494535025
853.661 23.43340328865399
854.67 16.919989846733646
855.68 14.395928754157795
856.71 15.69954338955726
857.711 8.949546947095406
858.72 12.120725838933701
859.73 15.337718485728926
860.731 13.749160385676515
861.74 16.430317248299517
862.741 16.968881634271252
863.75 12.840566216870187
864.751 16.425877422001395
865.77 13.750575749550599
866.81 10.060849920985167
867.83 9.192342632163404
868.86 5.277157441849414
869.87 6.592528121035182
871.25 3.4933354404579977
872.26 8.072483413514748
873.38 4.246462628986842
874.39 10.704203487379925
875.51 15.473779894342398
876.63 15.234140336624721
877.631 20.167069272891787
878.64 17.63766440306137
879.66 16.71288102273577
880.67 14.93743817992003
881.8 14.275480858289201
882.801 22.226059477671047
883.81 17.2753814994895
884.82 19.30472251790072
885.83 20.853915484984494
886.84 15.127251691072052
887.99 11.679683299846017
889.0 15.203177095433528
890.139 6.67289123129444
891.141 4.882160627332961
892.211 1.650961171639653
893.22 5.521663993285259
894.229 14.418958008499573
895.259 8.575380843002193
896.27 5.505926487370333
897.289 6.400948575198739
898.29 9.050070204965364
899.299 7.811134429530637
900.309 7.541784966442946
901.419 3.7625524732255595
902.439 11.890095361163159
903.57 5.279199635285249
904.579 9.02320701342525
905.61 8.271404230124553
906.629 7.734479528358934
907.63 7.5229700911032555
908.64 11.840134084678926
909.65 12.978425057258686
910.659 9.571293413290045
911.669 8.552524733468235
912.67 8.416565290617415
913.679 6.733736577179871
914.68 7.769366191089621
915.699 6.941172705926801
916.739 6.788991535498366
917.762 6.485157003598342
918.769 4.722977303347259
920.049 3.2637697146801834
921.07 8.393008490226975
922.091 11.277493308686315
923.099 10.194092165154457
924.141 10.086248408033418
925.149 10.110625307115077
926.186 2.3219082063432217
927.216 9.498883395323979
928.236 5.243682611115477
929.366 1.5632995165149368
930.376 7.7633726024920575
931.566 4.484484904016675
932.596 2.770507656965355
933.626 1.9789340406966345
934.646 3.3633775901287177
935.669 4.300231298838592
936.706 5.275635988971967
937.716 4.574407267659598
938.736 3.563503279891866
939.756 3.597003638670477
941.536 1.8019912576772958
942.566 4.7494416976619895
944.346 1.4690601052432097
945.366 6.261450778425466
946.376 6.1735763268253
947.386 8.166603377293256
948.396 8.463322218163368
949.456 11.087845188661435
950.505 11.866772592156373
951.526 12.401170602008738
952.536 14.628524066846715
953.556 14.97651068281646
954.566 13.71859940146026
955.586 7.766824458478901
956.668 8.079101271094347
957.686 9.877822696896311
958.695 7.74212347426152
959.756 12.575152291833275
960.766 17.370493335494867
961.776 22.85099414251326
962.788 24.28570656340859
963.806 23.026981371872704
964.976 24.457009837209203
965.977 29.729480623295885
966.986 24.303834394383696
967.996 25.01978113348292
968.997 24.67533396013179
970.006 26.29140192275854
971.008 23.200870338248755
972.016 24.84011836895837
973.026 22.572465377354394
974.027 31.35849326022963
975.036 23.62153443773165
976.037 25.878536824638825
977.136 22.02701805158933
978.147 23.790271345825076
979.148 18.04427210370017
980.155 20.241331300095155
981.156 12.028257781624415
982.166 13.857763193224528
983.188 14.354317901777618
984.206 18.42080448879858
985.207 13.640103070417569
986.215 16.17700049141392
987.225 16.81767377810916
988.226 15.473933085605905
989.236 26.50465387441129
990.246 20.268837465639525
991.255 21.817306510053346
992.256 18.450632163924162
993.266 19.00603669769827
994.275 19.344036568158916
995.445 20.890719854844974
996.446 27.421712721055854
997.456 24.102051517091468
998.475 19.67036389152553
999.495 13.189013341845556
1000.506 12.097435903749796
1001.515 14.275521543622817
1002.545 6.301674376875177
1003.555 8.61064897442318
1004.566 6.8548239470859365
1005.575 14.474284908351612
1006.576 13.25755898444099
1007.595 20.95700220822766
1008.646 3.810926182823764
1009.675 5.282285874738535
1010.685 9.82152148644853
1011.695 8.888532281881403
1012.715 8.145554091915
1013.725 9.95606287666943
1014.735 10.628769827798763
1015.745 5.250261385805108
1016.783 8.247464990404271
1017.805 5.45676686506689
1018.865 5.640584322276628
1019.925 3.3330725540719883
1021.455 1.598668283848027
1022.456 12.072019634266788
1023.465 22.78345988389547
1024.505 12.089142327401035
1025.515 16.242824051635054
1026.695 13.431095358954193
1027.706 16.29632015157989
1028.715 16.710102034161437
1029.726 13.952034814821705
1030.746 12.357347458259094
1031.795 9.488096353794385
1032.805 11.97418373005743
1033.815 11.145909178296455
1034.825 11.436018169148996
1035.845 3.6649782038596816
1036.846 6.516050547573571
1037.856 14.79316024172033
1038.866 15.640043217839617
1039.886 7.460451991323904
1041.085 3.73105640585709
1042.195 14.993474411745424
1043.405 12.437573187667121
1044.406 16.851091795171254
1045.486 16.20636663503038
1046.494 17.874619810739258
1047.505 14.529683352531528
1048.506 16.52759147855889
1049.625 9.671732578249479
1050.626 15.339868997461673
1051.634 17.828599713048497
1052.636 15.40040126521635
1053.675 18.283960362384253
1054.695 17.851795836360914
1055.706 11.9381699133546
1056.707 18.190641111971566
1057.725 13.237686189344112
1058.734 19.12381187917643
1059.746 12.976922028391929
1060.754 15.757990951346734
1061.765 17.87630558749107
1062.767 12.241509984153714
1063.775 15.97981373470518
1064.785 20.853915484984494
1065.786 16.397099786452433
1066.804 16.163479233280313
1067.815 14.566957611982573
1068.954 16.017729682711547
1070.004 18.005474558638134
1071.135 16.96494766423301
1072.145 17.2326080803705
1073.154 17.36516465379412
1074.165 17.53065614011973
1075.174 21.413282315434227
1076.185 18.41010702227585
1077.186 17.543739712121862
1078.194 17.233097678638455
1079.205 16.53222246061391
1080.214 15.734596248417754
1081.224 17.271849319191137
1082.225 15.775602092491477
1083.234 15.756254465498685
1084.305 15.531478627958604
1085.324 20.136317392797178
1086.325 14.673220185656659
1087.334 16.22367816824599
1088.345 20.430063528632175
1089.346 17.626797922235216
1090.374 20.23976156861292
1091.375 25.928451137282696
1092.394 20.478960762692687
1093.424 23.067022241335355
1094.425 27.014459561822417
1095.426 23.209857679647282
1096.434 27.09647582311211
1097.444 20.02719404765183
1098.454 23.544743289402494
1099.464 15.064898444410408
1100.465 20.90566217344503
1101.474 13.290171113785302
1102.485 23.3870464077371
1103.493 17.98449648928156
1104.504 23.67928467969789
1105.505 16.78321626859096
1106.506 22.6704258634152
1107.514 17.248766191517635
1108.524 17.894004899975695
1109.533 17.474235106764116
1110.545 19.87277372612105
1111.553 15.510842332787579
1112.564 16.935447398701893
1113.722 12.726392319171412
1114.724 15.611371103534522
1115.726 14.272646848596581
1116.864 16.348045349835388
1117.865 20.769911120408608
1118.874 16.287569908566443
1119.933 16.408539276502484
1120.934 18.597894271205
1121.945 22.79085514934757
1122.946 17.68574245847273
1123.953 9.4459546066821
1124.973 9.468069767478363
1125.979 24.06649728149251
1126.992 18.377583578937724
1128.139 15.605328518208154
1129.148 19.258486610757526
1130.15 17.61267600419772
1131.209 18.730312343518335
1132.218 20.605233926195986
1133.219 14.553346448661012
1134.239 20.64946533311979
1135.248 16.49913131066689
1136.249 21.58441743887548
1137.25 19.308106469212742
1138.26 20.84496572875353
1139.289 26.605943372863443
1140.358 27.451719121971053
1141.359 24.57094060654596
1142.368 19.797185536957745
1143.378 15.923908754831372
1144.388 22.872036338297992
1145.398 21.193514476422063
1146.422 23.488246416583472
1147.428 23.09805517480072
1150.948 3.9991829542727975
1151.958 67.63527474251366
1153.048 16.00282369309594
1154.059 19.623613652456214
1155.068 12.997391397724487
1156.078 19.23941880218469
1157.088 16.484664167510047
1158.098 15.513959838932784
1159.099 19.005147430438438
1160.108 15.436205085166339
1161.118 19.24335276104804
1162.168 17.952402644674414
1163.178 19.282003905958465
1164.278 18.21215487532043
1165.288 18.835794631546825
1166.298 16.91779302906425
1167.299 19.40902666001166
1168.308 21.28077340557364
1169.328 24.00882109497871
1170.338 21.245147685494615
1171.348 26.773736654877926
1172.358 22.796307631823808
1173.368 25.024698581906893
1174.378 18.870410739615114
1175.388 25.697405533011395
1176.398 20.325584821023337
1177.407 20.33588446315796
1178.427 17.16688879203922
1179.429 21.85591954494833
1180.468 17.460810724846283
1181.478 21.66116382626023
1182.479 20.66224307028926
1183.487 24.535117411923977
1184.498 18.566711851080193
1185.518 13.705931668408533
1186.519 18.190641111971566
1187.588 12.852728174245494
1188.598 18.43217046090896
1189.608 17.759463509804462
1190.628 13.576507317233943
1191.638 16.683132387937928
1192.647 14.352408214142168
1193.653 15.399987070093974
1194.658 26.663048220304482
1195.668 22.294924585499192
1196.677 23.99976566478023
1197.703 17.458986703013593
1198.708 18.79429430217233
1199.717 14.950323456023934
1200.888 13.673863722256804
1201.898 14.79955292479566
1202.907 11.582026912758318
1203.908 14.663396096304432
1204.917 17.777064563737973
1205.927 14.24663501846631
1206.928 14.861664081616151
1207.938 11.390777643201444
1208.948 18.43217046090896
1209.967 7.3932008831092455
1210.979 8.190805387140111
1211.998 9.201363576838874
1213.018 9.991676774087418
1214.02 10.248492642427898
1215.1 2.8938856434618385
1216.115 2.0081793713462224
1217.14 3.1817398039682754
1218.171 2.767820452651108
1219.211 1.698585051594737
1220.23 2.667061906332808
1221.33 1.9765353327591408
1222.36 6.728375738358624
1223.5 1.7600143355468016
1224.51 8.341566193968964
1224.588 10.452831086734932
