0.0 14.886160519284717
1.161 49.135800726645996
2.221 27.845317085587823
3.251 23.002350215087326
4.252 26.413324389317502
5.27 26.43010986498625
6.351 19.74673168080056
7.361 29.37844582505699
8.37 30.107768163835914
9.381 28.82106659097901
10.561 29.540480599858252
11.73 28.550587362791592
12.85 27.512252747952576
13.851 27.47298634735534
15.09 17.03566957962289
16.16 18.512661414109118
17.26 16.250726455763314
18.43 7.386765524114154
19.44 17.061211712417737
20.451 21.20430004080516
21.46 14.827322881827335
22.461 14.25358354993954
23.48 18.65220367352406
24.49 12.748726980762784
25.612 12.56133307198718
26.77 14.820873751236604
27.832 17.196985919597264
28.852 18.012786625933643
29.86 20.203132977653883
30.87 18.23430748975046
31.91 16.653187026391176
33.09 18.22691465757279
34.095 20.303557275960074
35.18 24.452723723999096
36.21 24.04841993578377
37.22 20.994748491052604
38.25 20.185138138091666
39.259 6.3132698654002635
40.26 11.356945871841186
41.261 16.88431251951478
42.28 17.29325740585343
43.29 14.700220685451542
44.3 19.23985694895851
45.38 24.428671079609874
46.39 23.89055714144469
47.391 24.733345773901725
48.44 18.691883131770606
49.441 15.08596959479057
50.69 11.958544459692924
51.7 15.378028330337898
52.71 16.336037575029536
53.73 15.835199635510039
54.74 22.351004708699435
55.759 15.818441388092168
56.78 18.430853002045485
57.782 28.06371192753902
58.909 16.05742672551874
59.919 21.14600181224345
61.12 11.835775827902216
62.13 18.68752435374005
63.131 21.90137007937876
64.259 13.596198981785365
65.28 11.34440868295611
66.3 6.274091009665493
67.459 14.783475580104342
68.469 18.201314171101313
69.47 15.737932265528546
70.59 13.402397410069144
71.63 16.715292327344976
72.639 16.494661095653317
73.659 17.359120641698826
74.67 13.719104946822377
75.69 7.314820829572466
76.699 8.841595003308926
77.709 8.211670441723339
78.731 3.644080741468879
79.909 14.101853919487528
80.919 19.093491526756964
82.149 14.015967800652678
83.159 17.608113308566836
84.169 18.20878179460956
85.199 13.915376742388897
86.209 18.88466961634622
87.219 13.565141900850131
88.359 15.302207617921567
89.549 16.406029003761283
90.56 19.93633099654318
91.619 16.509925315332424
92.709 15.687782142415006
93.879 17.248600904804707
94.889 17.947686519126833
95.959 18.597376115475097
97.159 18.288477178754288
98.209 17.130750481849322
99.339 14.437648706961301
100.499 17.771455284603487
101.699 19.99315121494825
102.709 18.19584078446124
103.719 19.077334304778873
104.879 16.899716744351323
105.889 19.512221547258616
106.979 13.66156455411324
107.989 13.616193291149077
108.999 13.727800319968368
110.069 12.603907109189953
111.079 12.414041669277792
112.129 6.859770661131473
113.139 11.772504916021907
114.159 18.04989312767541
115.169 14.345033352856388
116.239 15.422048667623324
117.249 20.158374649729463
118.399 15.08638832520927
119.409 19.738694204314818
120.419 18.833075126138624
121.429 14.544351015028592
122.458 14.503551360991102
123.549 14.978541943646858
124.689 14.818634328103151
125.759 14.107368777394587
126.769 16.952320183090272
127.778 23.351569113640153
128.789 14.236845409161642
129.819 14.429557888022911
130.958 10.83011406491264
131.978 10.827972996488592
132.989 10.369458439773505
134.129 8.859375428246336
135.17 11.338017694531931
136.179 16.302756827802238
137.188 12.758643801886453
138.199 11.327081616130084
139.229 13.865316641217643
140.258 6.708175698854123
141.259 8.659088995442477
142.379 10.509754013672259
143.388 10.300583895180273
144.518 11.576914457109291
145.73 12.994796492409016
146.758 13.912701796900409
147.768 12.042561339765955
148.778 6.734031397124349
149.788 3.3433229655551147
150.988 13.51294434345077
151.998 21.745448323496
153.011 21.282646791804602
154.017 19.297136982472118
155.027 18.246798787358017
156.028 19.14652298004001
157.257 18.274358124283918
158.258 18.383319778023953
159.268 17.279537870947028
160.407 8.680417149524235
161.457 15.743097917782357
162.487 11.421824521640717
163.647 10.636297794556832
164.658 18.449030978246586
165.667 18.04498119720473
166.668 20.9387010969697
167.678 20.596656266531138
168.697 14.187248309257777
169.707 16.678597835027116
170.817 8.165327140391843
171.837 7.871015024753811
172.907 11.397010976756807
173.997 20.070946777076763
175.048 20.863484837334184
176.058 22.554531394962265
177.068 21.975586904922732
178.087 6.945859943708207
179.088 22.556346656141233
180.217 16.71913911188262
181.218 22.356606884394306
182.219 23.045558401727963
183.227 24.67164632278127
184.237 22.5941776874881
185.437 17.232440926801697
186.457 16.38211720525594
187.497 16.283719821980377
188.517 11.920598141344973
189.527 11.789612562775853
190.537 6.675105058312815
191.687 7.9067151269959774
192.796 8.285586386671746
194.477 5.248265250496611
195.556 2.955407194960809
196.557 10.674159162250627
197.707 9.472055359725818
198.748 7.568777895142687
199.756 9.166533540544958
200.787 7.431901990519597
201.796 11.27790938389999
202.806 13.629635013601057
203.826 3.579432983510886
204.827 15.690394747829998
205.837 14.51610982037872
206.847 18.280063656055773
207.856 11.891540948586035
208.967 11.525320403840835
209.968 11.99055111499257
211.059 10.090756261137019
212.067 13.82374042537416
213.086 10.367449253947097
214.087 9.340505747749178
215.106 7.962445416653571
216.117 13.299703974985128
217.127 16.052267878887754
218.188 14.619692561023454
219.197 18.576931129476147
220.216 9.405097821987528
221.256 4.205887016070425
222.276 7.540686492589923
223.286 7.818466116345444
224.296 12.044190639457623
225.297 18.19193674557145
226.307 18.43905615097489
227.316 11.713771272702928
228.327 18.942084837527528
229.347 15.012672179348513
230.348 14.335096008260694
231.366 16.397328905844418
232.376 9.408798389563884
233.416 6.493761913884466
234.426 5.926441850376871
235.566 10.581112865337996
236.766 8.719241422288821
237.776 8.904792938553138
238.796 9.965112386207013
239.816 9.804183101289075
240.826 10.503959331745131
241.836 10.606469437295937
242.856 10.656960423044927
243.876 8.346677355571998
244.886 9.702751208774309
245.896 10.899200281733325
246.906 10.151080173706031
247.916 7.1200396488883255
248.926 8.792787331466041
249.936 11.286430508253195
251.176 9.304676503678277
252.216 9.648210140527143
253.226 10.993156563907158
254.236 10.244629130944091
255.256 11.181425870345468
256.436 9.278888203827771
257.526 8.274387269055259
258.556 8.742410861397987
259.576 6.867929482010702
260.586 2.9540561144249433
261.626 8.947646522750738
262.636 9.842735207216345
263.646 8.341471317096735
264.659 12.446046900059843
265.666 10.217545461789616
266.786 9.190831064844955
267.796 10.849386610175474
268.805 12.718822307203997
269.815 12.145071445316763
270.826 12.008811656389815
271.996 11.023244066104738
273.008 12.775045838140166
274.045 8.851606569088759
275.055 8.816140627023767
276.075 7.80110422430419
277.095 10.426120337694512
278.106 12.440962851838911
279.135 7.292422406261961
280.144 10.443153000686385
281.154 9.942258263329572
282.155 15.445309389987283
283.163 19.92832335225304
284.164 19.749989163066445
285.166 13.55410537379075
286.174 19.652153283151073
287.184 12.542892119823907
288.204 12.771493249234918
289.213 16.95675352530819
290.233 10.637734952926424
291.323 9.811531875979432
292.333 10.964915369274427
293.334 7.082268163295719
294.393 7.324752154658676
295.423 5.219031825148623
296.444 2.204868557114813
297.454 9.27533158988852
298.483 6.018514040377877
299.503 4.597979568657828
300.514 6.299424299658099
301.535 4.765932984935033
303.504 1.7149599772479187
304.523 8.694537682045388
305.533 13.971652173707128
306.714 11.530295927983808
307.723 20.310471984953477
308.784 12.13850792183031
309.793 21.989075993771802
310.803 15.567143895946327
311.933 17.961838356717617
312.943 16.533667133095314
314.133 12.204927671564578
315.183 12.391704746377114
316.193 7.243866425386557
317.202 12.041720988222156
318.205 12.943166771159035
319.653 5.556716468672169
320.843 8.25250904385426
321.845 21.534221527818314
322.853 21.114766294619177
324.073 14.384660725865958
325.093 18.500402188953004
326.133 16.678767553743214
327.143 9.332492854035506
328.153 13.301738450828491
329.263 14.48121565200644
330.264 15.873421040765246
331.273 18.968078780068165
332.283 16.6989640811644
333.303 11.215440163637323
334.307 14.554526286700256
335.393 15.118945955109966
336.454 19.666978144495737
338.013 11.284667699415506
339.093 8.99831921306158
340.103 10.268525526410468
341.173 6.805627951996879
342.194 13.09476486206806
343.217 7.645115849344118
344.294 7.263577875588759
345.475 7.898612472749279
346.544 8.586124865521484
347.563 12.890879781213837
348.564 17.408595171585485
349.573 29.553121338708845
350.784 19.387237936688184
351.794 13.78319650946795
352.913 12.583122281097284
353.914 26.081246744086762
355.073 19.261054245766864
356.075 25.009392166256845
357.076 17.490792608445716
358.083 22.22680418015034
359.084 19.35242755973572
360.214 19.161082231411427
361.223 30.986145711031106
362.284 19.68171248058674
363.353 23.577070015645226
365.623 3.437077678720655
366.693 7.179859310889416
367.873 11.761920221198086
368.893 17.768367712011017
370.021 13.516691179059663
371.023 13.015702044335308
372.033 9.366436597597648
373.063 5.931855712706808
374.084 6.982083764188338
375.103 7.865281700549912
376.143 8.393709432904824
377.153 10.029968896682485
378.183 7.598883709718536
379.203 6.588689611723074
380.353 4.165615171042906
381.403 4.287944374887175
382.413 4.08628362457879
383.423 8.160890601370147
384.433 5.1286281017794035
385.445 4.930138237610047
386.483 6.144814313707413
387.492 5.8443819588386985
388.503 9.472748402423301
389.593 9.485810204080243
390.634 13.787305626232474
391.635 17.177620373663686
392.643 23.780011528119807
393.653 19.08100022914941
394.843 15.445062797683045
396.033 18.34132897565556
397.043 21.297934008470104
398.063 26.611411750823326
399.073 16.163449551223678
400.29 14.6227203970929
401.293 22.827744891448916
402.31 18.63831934296635
403.445 18.65331264906411
404.452 21.557754455296763
405.453 20.80417129196884
406.463 17.541176246355544
407.473 13.053677572896255
408.483 11.946432658008943
409.613 12.587449140800668
410.614 20.2031710321562
411.622 10.42766484140059
412.633 13.800624993417093
413.653 13.01053440927944
414.873 9.544325184951157
415.883 11.88845674400755
416.892 10.411757897374395
417.913 7.2888527569145065
419.023 6.728151484518038
420.032 5.391803196863474
421.034 8.09137815069093
422.058 3.8472157172078547
423.067 5.698007386267582
424.068 12.95212413157454
425.078 17.699897191226057
426.088 13.778987485257334
427.108 14.874195016893081
428.128 14.278339886822158
429.157 17.930803316850838
430.168 10.436329293311449
431.177 15.588008566756312
432.178 18.980347161747677
433.268 20.277652341813756
434.449 14.710358511867295
435.578 22.488309165701164
436.588 19.76245482473975
437.598 23.668021958636213
438.599 22.705535004319387
439.698 19.788289503734582
440.728 22.462739603173187
441.729 29.365582333123466
442.878 18.545142136807012
443.897 15.372457239648911
444.907 10.157325822526952
445.937 9.619261463463927
446.947 11.889814493753464
447.967 16.829008552800566
448.97 21.346902884063997
449.977 26.095662857520804
450.978 26.253176383039875
451.988 28.47486337147395
453.068 26.078326959210216
454.077 24.28920901712607
455.097 19.96786904952646
456.258 22.964475102426334
457.268 27.525796301634212
458.277 25.259467209887514
459.438 16.353992733609616
460.467 25.75989577102869
461.488 22.909895195106255
462.648 18.319395091161688
463.649 17.254063990034552
464.757 16.75878227039432
465.767 17.007037497708332
466.777 22.119915702531124
467.797 17.96761349328901
468.867 26.163385797718252
469.878 28.907740983251593
470.879 22.62539250321353
471.909 15.334500727711339
472.91 26.884589694451375
474.097 25.11850978310085
475.098 28.014393465320033
476.099 28.623339477481913
477.107 28.450142627938376
478.118 31.47609719338494
479.287 31.99485931208797
480.298 30.055555621583828
481.447 31.418670543391002
482.457 36.38429872069278
483.458 32.25715116932296
484.467 39.653646393633444
485.637 29.303036172283324
486.677 32.264956500848335
487.679 39.43291167075479
488.687 39.76359235606841
489.748 29.105095866425383
490.889 29.675954139923586
492.049 36.23791340036157
493.167 32.405762860854935
494.318 34.65561965207711
495.329 35.493502751133626
496.437 36.76035741168375
497.447 37.112459907501425
498.597 30.94191236317141
499.698 38.83434333226845
500.737 35.471972567894724
501.817 30.527268054306614
502.847 29.552634571363317
503.858 18.17910603195869
504.878 21.063451959024366
506.078 19.238039897169006
507.127 20.640501228632726
508.137 26.10368922145626
509.286 22.467567701324217
510.287 30.231395335666416
511.289 33.835515185873284
512.29 42.49470494556712
513.418 34.09863536041561
514.516 32.003380681445925
515.658 28.28584582245706
516.659 36.718828046875444
517.66 36.869934335216726
518.777 28.949491474920144
519.787 38.33416312568987
520.938 27.788737220222316
522.027 26.08292113636068
523.097 25.609600283517658
524.247 28.993196732544934
525.377 27.09815439634529
526.546 27.02945816538162
527.557 32.792083037249824
528.716 24.548532389883082
529.717 29.787255184684422
530.827 22.430342551835412
531.866 26.384388887280746
532.908 29.577765050850797
533.91 38.81828758233513
534.916 26.869698694679595
535.917 16.886641446897343
536.918 18.118507035293643
538.057 23.022766353846464
539.166 24.014563807518893
540.348 27.385242553647032
541.358 31.327359805312504
542.456 28.467154864908164
543.457 40.50949984754714
544.458 31.909456010919072
545.587 34.63992041894251
546.597 35.487776565802214
547.777 33.10981804304588
548.946 28.737575867398064
550.036 38.54196983774536
551.046 36.88286442600048
552.048 33.2058268993943
553.157 32.1131700177402
554.327 33.8077328075429
555.475 29.784678161337304
556.477 33.597927951536505
557.607 26.41540332981238
558.608 35.167077432920486
559.702 23.50309483150276
560.706 31.393559571547755
561.708 24.6760893525862
562.709 27.197213946354143
563.828 24.902886006444117
564.836 26.964674162702604
565.916 25.922148023588413
567.026 26.71197211478949
568.085 28.576051113366916
569.126 21.313402442944856
570.286 23.823382472962297
571.446 25.63755383691367
572.646 23.408213151120922
573.746 24.846205594679734
574.747 29.166116552730465
575.926 29.02503082233884
576.946 29.660598201593288
577.996 29.077883997423996
579.006 23.546774906759783
580.008 22.06044003063153
581.045 19.829629918847832
582.046 17.599430220987312
583.065 16.046681917886154
584.225 18.885067577568194
585.226 23.497233317771183
586.296 12.316697357381777
587.305 12.572311825098517
588.306 8.550040395750008
589.555 7.8356694252077626
590.586 11.544952643833271
591.605 9.593773071269453
592.615 13.181577598632229
593.665 10.725999259138149
594.666 5.453114962956903
595.675 11.826032551206236
596.755 15.016414199747503
597.765 14.350464351822904
598.775 4.846759255257903
599.825 6.252207392611488
601.055 7.57797662499122
602.056 13.971372349755624
603.175 19.94355886268214
604.185 22.777609677696535
605.195 18.019239930621648
606.255 17.338621759968113
607.256 20.22920022037814
608.295 16.51901584943302
609.305 21.286664685652728
610.325 17.38130387651028
611.326 19.995622503822705
612.335 19.94771473107775
613.355 11.6548026557526
614.505 14.979186308821273
615.515 18.123650885827022
616.715 9.676313558374915
617.735 13.083268530527922
618.775 12.1019628909997
619.795 10.989708944462533
620.975 10.904724482167177
622.105 17.201540555212436
623.106 13.663268956923877
624.115 18.66269004802451
625.155 13.718546733276236
626.216 15.58608405695864
627.395 14.356016615457364
628.515 16.423847615071264
629.525 18.633350139013505
630.605 17.205712743087865
631.795 16.565633056461913
632.796 17.767386983851516
633.815 14.826483283639297
634.845 20.96120284498808
635.865 12.971680137480147
636.874 14.82854606765374
637.875 9.78711182184212
638.885 15.213721637998578
639.905 19.14883713349712
641.095 9.608970635393945
642.114 10.055771738018475
643.135 10.005719300115244
644.155 7.914978162745872
645.185 5.00734150367088
646.255 9.427810692725389
647.264 8.180666919361922
648.274 6.5615971798561015
649.295 7.893391827050533
650.335 8.581739494815944
651.454 8.256885085523438
652.455 9.81766186923793
653.485 7.617389970518807
654.494 5.299112891856917
655.514 4.8071741946360245
656.524 8.915527908164114
657.564 6.0434655173666965
658.744 4.360355765788926
659.774 6.192541026825717
660.794 3.985184513862308
661.814 8.746782244359983
662.855 12.196645067129245
664.065 16.19140805267692
665.074 20.104554338051912
666.104 18.593599708582747
667.105 21.42941979560296
668.106 20.404554752540907
669.185 16.983995893158784
670.194 21.431303249285826
671.196 22.15377787269241
672.204 23.422895059485974
673.274 21.741432175861696
674.275 21.018295615196298
675.285 17.643550576967762
676.385 16.491082721064885
677.394 19.378525585328195
678.395 17.10049177868517
679.404 16.09698978706906
680.534 15.606189414190963
681.544 17.675186145888137
682.554 20.865762265447902
683.555 19.651078247274544
684.714 16.802604082846507
685.715 18.305232212843887
686.724 16.613446031977446
687.725 18.52771327553718
688.734 18.951361906930163
689.735 17.779579603643594
690.744 18.57842613431985
691.934 14.293839341764711
693.094 14.54706300308275
694.229 15.910899813078778
695.384 17.446844378889168
696.394 19.153232515508606
697.404 13.07825284324416
698.424 14.772824356230846
699.443 15.02013783693917
700.444 17.483394839147152
701.454 14.729548079884431
702.464 15.809909549867786
703.624 12.589256932582998
704.634 13.134327907590988
705.824 14.67516050448377
706.825 16.356193987117827
707.871 10.056705663070693
708.874 11.562626587010378
709.884 14.47293337857522
710.904 13.999368904219864
711.905 8.238375113980222
712.914 7.113233406857105
713.924 10.36927055729673
714.973 11.180173453496176
715.984 17.59680060758338
717.054 13.295594316014958
718.064 13.402347706741878
719.083 13.627547623279137
720.263 12.726962712649714
721.274 17.075126565668604
722.283 18.81572418796795
723.294 15.03359874312789
724.295 16.42893871882227
725.303 15.028277268725406
726.384 11.613150061524385
727.593 8.103307637435302
728.594 11.189263100468041
729.603 13.014697371722278
730.604 7.24981393894048
731.623 8.895459327682813
732.633 11.079645222504176
733.644 8.651162349435694
734.654 14.252027495492696
735.663 10.80970102502738
736.803 10.607697367091795
737.823 18.863816177786248
738.944 16.193527508023738
739.953 20.808158016920128
740.963 16.395778563695476
741.964 20.03617323928785
743.053 15.717248678154883
744.054 17.4791479715329
745.063 17.95324225893871
746.064 17.489422651161856
747.065 15.189675361075983
748.103 10.957142448194144
749.113 12.151317094137681
750.114 15.494353860698077
751.303 18.747508115923836
752.313 18.926895633391005
753.443 17.437578739499077
754.453 21.343282849788217
755.454 16.818280578501252
756.473 18.802659400108812
757.483 18.903270787904663
758.494 20.977644470293576
759.513 20.474225214144205
760.613 10.953912659076213
761.684 17.575524018748446
762.694 22.526598217089216
763.703 19.38178741418718
764.713 14.306744810110752
765.743 10.041843275013278
766.793 11.791847030926876
767.853 9.171333083206036
768.862 12.032479139628371
769.873 12.316715992124797
770.883 15.378145131798501
771.884 16.33865853390155
772.893 15.16750445576489
773.903 15.487036661143105
775.053 13.485274338393912
776.163 14.031889780733527
777.183 12.368725738990639
778.543 7.582935471515125
779.733 10.55230549125632
780.743 12.137332271794191
781.923 15.215689224493177
783.003 18.14265938220125
784.104 13.523329251443178
785.303 14.088071343913683
786.312 14.31385664674349
787.313 17.730672128712612
788.323 9.82915770979149
789.343 10.613131728912675
790.362 8.153677605835213
791.373 11.046847978400752
792.382 11.478240043121534
793.383 14.282078661426704
794.463 12.228048812219813
795.472 11.292723523556916
796.473 6.190973955307243
797.503 6.192541026825717
798.512 3.0455968400403712
799.582 2.6298724261879056
800.602 3.4014293300256866
801.642 7.395673290805721
802.672 6.637223840502951
803.692 6.937033619387179
804.712 3.96837903298038
805.882 7.027524670280638
806.932 8.218560051845659
807.942 8.979342146050653
808.952 9.16318146117772
810.113 11.994802112513078
811.123 14.75018587596747
812.133 11.828172655450102
813.142 15.618588212827843
814.162 10.994952254497969
815.173 16.762067884221477
816.192 13.133789071481557
817.393 12.452815994755996
818.412 9.488426010601552
819.429 13.218138314703808
820.432 12.348644563211472
821.433 12.625252323971042
822.445 10.149854173984696
823.462 12.034643803057484
824.472 7.058533585557841
825.473 11.863282083459035
826.672 9.84061682320179
827.682 12.712882387563221
828.692 8.584644295953968
829.712 4.807308638495833
830.742 8.202667110921874
831.752 11.144274110227979
832.772 8.394136033576254
833.792 10.069575255353442
834.982 6.917827355529465
835.992 14.301992686008624
837.002 14.07850707842429
838.022 8.72796010576948
839.042 8.82812077181343
840.062 8.43164586689745
841.092 7.104273933432023
842.102 8.915527908164114
843.112 6.77666473903634
844.122 4.937592713021277
845.142 6.805009761602614
846.152 8.032583250715541
847.162 7.237485001592761
848.172 5.757945107356348
849.181 7.152783082453693
850.182 11.432019530928192
851.202 6.6565837544812645
852.212 7.952611790885196
853.251 8.41604248741135
854.362 6.434376029001656
855.432 3.4754815035648803
856.511 6.67603786636757
857.591 8.70716612410177
858.592 9.625456862500819
859.602 15.496540909330218
860.612 13.156595003365693
861.821 12.984733534118163
862.832 12.38742977433673
863.872 6.4524902382975515
864.881 10.781703660177305
865.892 10.205604502521554
866.902 5.6194546336331
868.131 6.593194082250814
869.141 7.058126260639209
870.162 5.6454090638819965
871.191 5.78822701701141
872.202 5.4816466608205845
873.282 6.639382411159421
874.292 7.757231602960715
875.332 9.652216782669548
876.341 13.050577489788227
877.354 9.438196955280562
878.362 7.474005545504914
879.375 5.530929618503114
880.411 4.34588956913569
881.441 3.365742972956418
882.472 4.548922560639171
883.482 3.6551980813738907
884.531 5.186205362844222
885.541 3.9005434598143003
886.551 3.9889329680487426
887.611 5.132386250598043
888.651 3.2475402488850906
889.691 3.214971226940474
890.722 4.548922560639171
891.742 3.579298539651077
892.766 4.213617214084793
893.891 2.793119321970333
894.901 5.757945107356348
895.931 8.977533570674796
896.932 11.968631798485081
898.163 9.263755532502433
899.281 8.389873273753471
900.321 5.239129347868435
901.371 3.75195132801985
902.381 3.6843897008339033
903.391 5.200724613097162
904.401 3.349840164321788
905.451 5.002601770693134
906.461 4.587021729555374
907.471 6.686645931127371
908.481 4.960946008596144
909.511 7.214912082582003
910.751 6.565339751322944
911.771 5.149737116894024
912.892 4.138447860971775
913.961 3.685265570078902
915.041 3.126626106683209
916.071 3.533497567336624
917.181 4.056163597858834
918.201 2.574868558447012
919.281 2.240977264323881
920.451 17.437070494769152
921.601 18.803400620137747
922.621 14.27107991909529
923.761 11.817472634679504
924.771 15.455944192045667
925.802 16.84325034208739
926.991 11.983831526375399
928.001 12.83114239012206
929.021 17.694826927655107
930.031 18.086448542881545
931.032 16.92472625935439
932.121 18.391903459806024
933.122 22.477985099607242
934.151 17.171309250755137
935.17 10.073804893080863
936.2 2.7320033941943707
937.23 4.189071871085464
938.411 4.964761963674726
939.421 16.917833339619484
940.432 9.588846346320555
941.6 9.931555754491395
942.737 15.741317035965851
943.751 16.7772556269517
944.811 11.830543593922622
945.82 20.57833498800481
946.821 23.305028311085497
947.87 17.76646601727604
948.881 15.550389720736119
949.882 12.620183482037897
950.91 14.566216597260961
951.931 9.995242950976849
952.94 8.886173331831207
953.97 10.445652548638403
955.06 8.519339024638834
956.08 9.898831569612252
957.081 9.45434919791802
958.09 10.694042008079299
959.63 8.458239558257915
960.74 8.400058830088025
961.76 10.106278425584351
962.77 12.683283443184576
963.78 17.025367119218174
964.79 13.002218857661536
965.791 17.205430506457496
966.8 17.467365660050433
967.801 21.688478717672492
968.821 14.738810062921846
969.87 17.46409424355705
970.95 12.81873532327329
971.99 9.708310534041248
973.01 5.572966347357852
974.02 8.781925333515872
975.03 9.867174702574232
976.031 14.14357598016551
977.16 11.021511285185335
978.17 13.500648788082065
979.2 11.7036788679194
980.21 11.653701813554415
981.409 9.184003838747168
982.41 15.408320543357325
983.42 21.402616513552662
984.58 19.591773977395235
985.59 20.07134289129236
986.6 19.20781405505094
987.76 19.03153951281345
988.78 19.041013168146876
989.79 21.524542440464895
990.8 23.46653189696654
991.89 14.799388733603129
992.895 12.872191690666678
993.98 19.227777356185943
995.14 18.009191411995236
996.16 17.9006604575152
997.17 17.362089055382032
998.29 23.893785433981783
999.3 25.864861041731096
1000.48 22.89570283805244
1001.67 20.51332694319525
1002.89 22.183578584681815
1003.9 26.218147524860246
1004.91 20.84906194354402
1006.11 22.702093899964773
1007.12 25.769411234872756
1008.329 15.27526970285401
1009.33 14.903354289040482
1010.53 20.00983569647977
1011.539 27.878715828907445
1012.541 15.346000338900561
1013.55 21.820412257033823
1014.57 24.529548779498523
1015.58 14.972856833714541
1016.589 10.321513964054931
1017.601 12.481383773439267
1018.619 13.997506236241081
1019.709 13.489205075345192
1020.72 15.881217330804441
1021.9 18.979401426773848
1023.04 19.263178087286725
1024.16 19.45656229380908
1025.229 19.14265070417457
1026.24 18.363034789402295
1027.249 13.751191158866185
1028.26 15.305558299580658
1029.269 18.451350716091053
1030.279 13.964999199967576
1031.289 15.023500899094856
1032.319 13.008836239905339
1033.354 10.0550748044885
1034.359 11.345447363730456
1035.459 11.629602989960372
1036.469 11.134634087067989
1037.481 13.390766584427197
1038.489 17.174377190055516
1039.49 16.256050109770452
1040.539 11.596800709280544
1041.549 18.381487561926413
1042.559 9.644911069762932
1043.789 8.086036643820137
1045.079 9.063516314975404
1046.109 6.374674586447817
1047.139 5.828273907598659
1048.169 7.103208824884793
1049.189 4.1880602790294486
1051.329 3.6790018453136706
1052.339 4.8340304523603566
1053.389 2.5839723275182083
1054.609 7.3787521848219795
1055.619 10.022229723159917
1056.639 9.599828453801171
1057.649 14.519504194734933
1058.659 16.701272255720454
1059.689 5.629098611426586
1060.699 7.9626591389809604
1061.728 6.331427194795595
1062.749 7.649883865671921
1063.788 7.204285472164026
1064.839 7.139774173214079
1065.849 6.875237370339424
1066.879 6.865423344282765
1067.898 5.342524052190617
1068.899 5.649429841528457
1069.919 4.046222020421631
1070.939 3.5936840312964295
1071.988 3.0401893506280913
1072.999 5.5353603687411335
1074.008 5.391803196863474
1075.029 4.460507113887121
1076.059 4.382389070324913
1077.138 2.2602116433897894
1078.198 2.3007248709636543
1079.214 2.7696491102576224
1080.218 2.7366446788867687
1081.419 4.7771514619209965
1082.438 7.496544052172794
1083.578 6.676799863478365
1084.628 5.359930468604684
1085.639 4.713920431630854
1086.648 9.482136656535864
1087.668 6.1795769851849816
1088.768 5.248194012720593
1089.788 3.6783836549194056
1090.808 3.862302837670518
1091.828 3.3905393784096716
1092.838 4.08628362457879
1093.858 6.5685230346716175
1094.898 8.897672193521528
1095.918 6.4691690317008135
1096.938 10.574143013270715
1097.949 15.999631641412405
1098.959 9.402552740742964
1100.118 11.667403605423338
1101.128 11.64582686505897
1102.138 14.28379883947166
1103.248 7.900821589002204
1104.258 9.389246793263863
1105.328 8.240266935364772
1106.339 4.895543297521138
1107.358 3.6494261126712675
1108.388 3.824804751858405
1109.408 2.574868558447012
1110.438 1.8721945287126858
1111.478 5.77223281233032
1112.488 3.4518071699810866
1113.497 4.090333459689532
1114.498 2.8111523436711483
1115.598 1.7803567555670283
1116.628 3.0962705134214294
1117.688 3.7165555607808485
1118.757 13.46979446497585
1119.937 19.17185209713525
1120.947 18.086855867868742
1122.247 14.16507197988463
1123.257 16.35952664557728
1124.297 12.124246958646017
1125.298 18.176867215620394
1126.317 16.06094695099828
1127.326 19.878264956995732
1128.327 19.85479089511038
1129.336 17.778190773811428
1130.337 18.966099606029807
1131.627 14.595918139732596
1132.667 20.84536077006387
1133.676 19.87908041433904
1134.687 18.647880210084
1135.688 12.787044279040728
1136.697 13.383555858216004
1137.707 17.07546808470698
1138.717 18.179803458995053
1139.926 17.485840139313424
1140.976 17.998343515523064
1142.157 16.34341069646941
1143.276 15.208742130252823
1144.427 16.64857988742136
1145.44 17.950849553457488
1146.616 10.63979688253543
1147.906 7.389008820321416
1148.976 8.623711290348806
1149.986 17.61300120772755
1150.996 21.59338035233075
1152.006 17.841238939328303
1153.016 15.3761085071882
1154.017 22.337016495303665
1155.027 15.618466836191027
1156.106 15.381233351845985
1157.107 22.230570814450527
1158.116 15.712773522763813
1159.136 19.610517304163672
1160.236 15.169746592480687
1161.266 14.585995704206653
1162.366 14.120930586287288
1163.406 15.609132306720008
1164.566 16.36028862408945
1165.606 17.72414085721439
1166.636 17.61223533140626
1167.866 14.936652381637504
1168.986 17.728812411675772
1169.996 18.378228962543073
1170.997 17.935069755190376
1172.016 18.12009102316211
1173.026 18.51997803563252
1174.156 13.889481880229757
1175.166 17.85644573656482
1176.176 18.446387999544545
1177.186 16.801474186715208
1178.196 19.159885489213877
1179.206 20.490072911794012
1180.216 18.882225666937277
1181.217 13.09528466760086
1182.406 15.28954904921134
1183.416 15.661371728048772
1184.426 21.08622893190552
1185.646 17.944828567224118
1186.866 18.304858169625966
1187.384 23.462932549505002
