0.0 22.257672265561624
1.001 33.91977640071279
2.002 18.34615793795478
3.069 20.63382590443935
4.109 15.38319946360128
5.119 13.34460898066477
6.222 16.523841535690206
7.419 20.940917132241506
8.67 19.547069463759435
9.675 22.196295098279148
10.68 21.237188714194783
11.681 23.52167793307659
12.809 15.387428876704993
13.823 22.54735454153201
14.829 21.05031136429078
15.999 15.190049146308993
17.0 20.490382011732706
18.079 16.67116010727847
19.08 22.506205531549362
20.249 20.320135655137584
21.251 21.20479669929342
22.253 18.58530479914553
23.258 8.499913163698013
24.289 12.905735424596902
25.679 7.413402526944984
26.68 11.547707082525731
27.699 11.921756343784773
28.779 14.266496477972666
29.789 19.023603055323097
30.838 12.103625753876116
31.839 19.880968214891233
32.848 21.115106230813314
34.018 16.575768492357586
35.019 20.92042610060806
36.248 18.88568135418136
37.258 20.262705636678618
38.349 17.7966019896436
39.358 19.531295445410407
40.359 15.697326204719348
41.379 12.95690067053019
42.548 17.412714518378188
43.559 19.920900569790117
44.569 16.004590530880957
45.588 14.906293133302297
46.59 14.774637536608305
47.598 13.204353951099522
48.599 16.49393106307766
49.648 18.460632158190155
50.658 19.7633696469331
51.848 9.5438080596968
52.858 11.930448115706323
53.878 10.407685504500167
54.988 10.215192357008425
56.188 9.07390496643459
57.189 9.539965628061136
58.388 12.746732539905087
59.398 13.557779584285864
60.408 14.482940003976298
61.418 11.724770781794717
62.438 15.009116743873992
63.448 9.066597951866171
64.458 13.084799232868267
65.459 14.609115215105144
66.46 18.957918140796224
67.618 17.814640679690193
68.628 22.75866394083348
69.688 13.97335378688185
70.689 16.520784376967764
71.69 20.794893376347297
72.698 15.028313512781478
73.699 14.22195821473577
74.768 14.336398372123224
75.918 15.418822427585734
77.058 16.400633406979228
78.168 17.134607726098324
79.252 15.677248631437038
80.318 18.901532858526767
81.327 22.18214491718852
82.328 17.06710592186602
83.348 16.934428544433214
84.349 16.227744330812683
85.358 15.603775762391196
86.368 19.953931247187036
87.369 18.86614759266346
88.398 20.04758255429228
89.527 19.21707616196078
90.587 18.024459394794235
91.728 16.268696074262294
92.768 17.86243818079269
93.908 16.040537146382384
94.918 21.59728280964962
95.919 17.488025098428636
96.938 19.720582623176714
98.077 14.9096863754396
99.177 22.534026086009238
100.188 19.774281006998866
101.198 20.074857116937693
102.199 16.489238250914603
103.207 17.65331365416054
104.208 18.20289681211664
105.209 17.244911359056747
106.228 15.38841356976154
107.23 13.901603795673752
108.348 14.058667754570813
109.378 15.663037162978137
110.387 14.261965705459525
111.588 13.388910364125028
112.807 14.398017481836733
113.908 8.989316267459715
114.928 14.94221055971504
115.947 14.038732454163856
117.077 11.25241810891545
118.167 14.405322672990318
119.177 16.353544349318824
120.187 15.344278436889224
121.257 15.170062934865465
122.268 17.423592540349276
123.277 17.43226442871107
124.307 10.091907790056709
125.467 13.07699629813654
126.667 13.334933403825014
127.767 13.465824950296973
128.887 13.423073757721834
129.897 17.47340058694002
130.898 15.26428393021835
131.908 12.676545228372
133.068 12.885966969648381
134.247 16.231470207629613
135.257 17.299634246360082
136.427 12.472923961087622
137.428 18.668136992133363
138.437 12.985515522006006
139.627 12.65935912878421
140.647 15.400319633315807
141.747 14.563688793728861
142.807 14.334406773841724
143.817 15.769586089683662
144.827 14.666266723095983
145.837 17.291236616604632
146.847 11.464315062478567
147.907 13.10611263679203
148.908 16.25212088269613
149.927 9.968688376487211
150.937 10.772996335233747
151.948 8.50716130810697
152.956 9.970029632514311
153.957 11.616143926029322
154.967 7.617167041576016
155.987 6.911933327689449
157.027 8.69665751238157
158.057 2.946202126086505
159.177 5.58038421414305
160.187 11.941817214566331
161.216 4.881377688110395
162.217 13.551928927892499
163.417 11.770512025564335
164.486 14.311009092751048
165.487 16.42666742250881
166.498 21.038229403936356
167.707 13.103884512367935
168.717 16.623172864328176
169.718 19.56720158187567
170.936 16.544649244399583
171.976 16.4881921449457
172.977 18.74374340962725
173.978 19.61152258532977
174.988 17.895995159302995
176.117 18.422716565470605
177.176 16.104763086093474
178.186 18.635503362370383
179.187 12.717129793077087
180.206 8.711333644588844
181.207 15.04333069263875
182.267 15.289664591397907
183.487 14.150164065921055
184.496 13.871502922323092
185.497 11.481747000979867
186.506 8.771805484824402
187.526 6.776585827039871
188.536 11.13448200123437
189.546 12.520736896266671
190.586 8.692517083347289
191.596 9.668385025590457
192.668 6.965312112864881
193.796 7.231344283777315
194.987 6.032167806442197
196.096 7.8589431748984575
197.246 6.886269919789405
198.506 5.383489785934433
199.516 10.025219696600672
200.716 12.110319963772676
201.726 12.480169884424901
202.826 9.87235229668614
203.827 19.072892037894
204.828 13.742769954334433
206.046 12.761726491709576
207.047 14.269798827238764
208.068 10.32196066782918
209.076 13.553983683687497
210.196 10.865193774820202
211.197 11.359994597504086
212.206 15.886991702651688
213.316 10.22389144022126
214.326 13.080794209413819
215.336 9.76011298229411
216.347 12.189687159484984
217.366 10.672340912576756
218.375 11.430026330479087
219.495 8.534150153854977
220.497 14.296578637001911
221.596 13.17234336307866
222.606 11.96765607561329
223.616 12.013003276749396
224.635 9.795304293887309
225.636 12.141738884116021
226.735 5.847303689716942
227.736 3.9796350385209927
228.766 7.8149861005104215
229.825 6.272457936386219
230.845 4.025116976168696
231.855 3.823247074430852
232.875 7.0002034368179595
233.915 4.179198503615746
234.975 4.668330182361536
235.976 7.311401291909455
236.985 3.9603675591155674
237.995 8.129939238995489
239.015 5.549503382486195
240.025 11.696477228956779
241.045 9.114720297341991
242.096 6.608240771296416
243.145 7.317181190161088
245.175 3.0508713309568742
246.205 3.1195081334956822
247.225 3.3250966324836373
248.335 3.547932846094939
249.355 6.825198350908928
250.385 6.571439485891021
251.455 4.947380005820246
252.495 7.037223743456326
253.515 4.883895588581794
254.527 6.8791524880549835
255.535 8.907498753708671
256.545 9.680658484577977
257.575 5.874161514532962
258.595 6.650193264983585
259.605 2.5064987156142178
260.625 2.62507628881489
261.635 2.827804952701175
262.645 4.649444656332312
263.665 5.696748158718502
264.925 5.539866162829416
265.935 11.13448200123437
266.945 4.585235086626707
267.955 6.076654146118169
268.965 6.009085524477763
269.974 2.695853648691153
271.034 9.216838851176927
272.555 2.9340103162264968
273.654 4.653811635444052
274.735 3.13746398255337
275.775 2.917873259477913
276.816 2.7435955833013326
277.836 5.489898367030185
278.855 5.780835320994172
279.905 3.3600830293696395
281.184 4.326246566120007
282.196 2.0854590707382386
283.234 6.190931363207003
284.235 1.90489065537044
285.245 4.5951830481271765
286.265 3.585429490564364
287.286 4.54567568913741
288.295 4.27875917780331
289.315 5.250152577613469
290.335 4.927391004678594
291.345 11.805258833958602
292.566 8.094101521722271
293.595 7.632874884460351
294.616 6.482265424795986
295.626 8.720615602483935
296.646 4.883383877804568
297.655 13.198380105411994
298.687 10.534109304703316
299.695 16.301590038607177
300.726 15.040723321906158
301.915 14.226732375956898
302.925 17.74225393615841
303.935 12.851991094854096
305.095 8.886675948197071
306.115 12.923639469994214
307.148 10.183232711389767
308.155 10.36374392944812
309.175 12.649618348618624
310.235 5.69584783740135
311.255 4.200122062094037
312.265 3.5430246264013823
313.275 12.371646668047251
314.286 6.032956185042305
315.295 3.583004950132908
316.355 2.6944179266226707
317.405 2.5968006132780186
318.426 2.272837844568705
319.436 1.7673780954423117
320.446 3.1812805717765884
321.496 2.5500741091302705
322.556 2.526016806206715
323.576 4.025116976168696
324.626 3.3971162693482335
327.475 1.7664421282670033
328.486 15.075614470485721
329.495 8.210287853489225
330.775 6.831566751437423
331.786 7.592208771982945
332.805 6.9361316231735985
333.825 6.840037963448471
335.005 5.966981319388203
336.166 6.716389070295791
337.167 3.744864076335115
338.355 3.7199564448992493
339.39 5.863938531130525
340.395 5.009243726033416
341.665 5.133349556126031
342.674 3.8920853598232834
343.685 6.5888456720015105
344.801 3.6788703545699772
345.803 2.315935568168523
346.811 2.833415676804162
347.841 1.870007292008221
348.871 4.332650185408857
349.972 3.461263288692854
351.001 5.8981305925397685
352.021 5.014765619942881
353.051 4.668367231941819
354.061 4.241707429051762
355.171 2.896677156509564
356.181 2.297591524071743
357.231 1.7000494060922837
358.291 2.357615685790759
359.651 1.699583383770029
360.681 2.775590867079457
361.692 3.001570909847274
362.702 3.0045427622388816
363.712 3.7114940004060197
364.742 3.6788254015844335
365.743 7.311401291909455
366.782 2.9587348634186776
367.802 5.9501729212985275
368.822 4.163278886117482
369.832 4.5951830481271765
370.842 2.968885133995384
371.882 3.7760712769829303
372.943 4.037817628033139
373.952 1.7925370538475642
375.003 3.906393259462779
376.222 3.0717254967015366
377.703 4.1794366462709185
378.705 7.6680550134636265
379.712 16.090366825407447
380.72 9.769510586301704
381.723 16.932639724929512
382.725 13.217527685701384
383.735 18.367812762083087
384.743 15.304043382650255
385.822 15.063724322306534
386.932 15.321671761315184
388.042 16.16430728169712
389.192 15.843980664345066
390.283 17.000887040321775
391.302 15.529272130226808
392.304 16.501040923233347
393.352 14.731997037964193
394.492 15.61267960599493
395.544 15.715034408346659
396.722 16.469181148853178
397.902 16.866011078887787
398.912 17.908429311012444
399.922 14.353099727238167
400.923 17.563501159997394
402.112 16.442803705914333
403.282 17.122918521358923
404.292 16.563743483867974
405.293 17.135021341734316
406.492 18.29647918774083
407.502 10.05286727791896
408.522 11.672890401981618
409.524 15.785710622052232
410.531 16.003289607093
411.543 16.78076361822907
412.622 19.36227269571704
413.623 20.251178949136175
414.624 18.580668188225147
415.632 17.808136623309238
416.642 21.974400986605183
417.644 19.300504874463677
418.863 18.005817737580838
419.882 19.35178930118621
420.891 19.301618956754297
421.892 20.314010489229126
422.902 21.971946294797892
423.906 20.712092585853757
425.132 16.644127632670433
426.133 19.228536973520782
427.134 16.58218200221046
428.332 13.698550907077026
429.341 16.931367417460855
430.351 15.605509322061575
431.353 16.19800549433069
432.422 17.081003884293168
433.424 18.28436924493668
434.431 13.777248634806687
435.441 11.198045599404017
436.582 12.036527283827915
437.584 13.398150865707192
438.602 19.693425525393753
439.603 22.067427597810454
440.612 19.7537298823704
441.831 18.302970998639815
442.842 21.121864506701257
444.061 17.527974741450553
445.082 19.29560603756322
446.092 19.70523220967531
447.103 18.793117347879814
448.112 22.46406763398078
449.121 21.459232996620006
450.342 16.40012297005769
451.343 21.769694739508623
452.512 17.94180332659866
453.513 23.005729311068404
454.691 17.81469596867088
455.692 22.01854413811843
456.702 15.874750254142826
457.951 15.411167676462812
458.952 17.762033184228027
460.131 14.709529940088357
461.303 16.667391489250527
462.382 22.24772393184913
463.602 18.55888796257144
464.762 14.17440618320546
465.832 16.25017200119209
466.833 19.02713711975275
467.834 19.626122445193257
468.851 18.88111634563242
470.081 17.224821290460234
471.082 18.060417821829304
472.091 15.44936487988957
473.101 13.872496911807152
474.111 16.543976755138345
475.121 16.628728219462403
476.131 15.979526835673889
477.132 17.155878284536247
478.141 17.127968945928185
479.142 19.548169621536285
480.151 19.65531557618023
481.242 17.724720930724196
482.351 18.299843276868895
483.562 15.83646190551708
484.701 15.147059076424794
485.72 12.908022373428716
486.73 8.169343502101887
487.78 4.010650181483694
488.79 7.4253134983154006
490.17 6.319694847574155
491.291 7.746180520876311
492.3 10.700131003162545
493.32 10.43902778961747
494.327 15.635414275562525
495.33 11.545756292953907
496.331 11.279956079566922
497.34 7.223299700045507
498.341 6.877576882053384
499.35 8.866469442937124
500.37 7.525218694577675
501.371 10.810153443426454
502.5 13.083991339348367
503.55 14.590972282008801
504.671 14.966923999183782
505.841 17.25075083462175
506.85 15.256027970915868
507.961 7.501138810552154
508.97 17.06860998856996
509.971 13.33227924923802
510.981 14.45903905752091
511.99 18.10810301488588
513.001 17.395714172652237
514.01 16.210168248181677
515.011 19.56016236371264
516.02 10.406698597483446
517.15 7.97005385476569
518.169 11.222841777462579
519.18 7.014377977195587
520.2 4.200122062094037
521.21 4.720372329891207
522.249 6.137249259534235
523.26 8.541423101138939
524.27 8.847355215895126
525.29 7.794634418958235
526.42 11.675863305749862
527.482 6.799660513872806
528.49 9.186982692225602
529.5 16.309747479813563
530.78 8.08097257866184
531.88 17.004967875079476
532.881 21.272647721914687
533.89 18.555429013692358
535.1 18.457980777610313
536.101 17.57145286947325
537.12 19.03421727406159
538.28 15.194111218204391
539.3 16.63162369185907
540.4 14.485397044764408
541.401 20.516322834309985
542.403 19.783512354334594
543.415 23.353814966525
544.42 19.624872066264835
545.43 15.709123154840958
546.63 13.53555601054643
547.64 15.52153302365896
548.781 10.155626911034192
549.819 10.888939138248348
551.04 4.561354667354494
552.36 3.6512424744406013
553.39 6.015922788144625
554.41 7.863715373932627
555.471 7.443250441139022
556.485 7.753433619065198
557.489 6.986992736277499
558.5 7.3194912224179935
559.509 6.787612712502049
560.535 5.393431595334512
561.759 3.527392959871887
562.761 19.786637773512556
563.762 22.79846344213733
564.763 19.670964872184786
565.969 15.978830943296252
566.97 23.813675132140506
568.55 8.10658205338225
569.556 7.323573111390402
570.579 5.583739984789097
571.589 4.523221820120531
572.609 8.225239038262734
573.639 4.889433739936038
574.659 7.0002034368179595
575.699 4.047583047427663
576.709 8.80407512365452
577.721 16.574334861151815
578.889 18.154234444245994
580.1 19.521216845482076
581.101 22.33530895659653
582.339 21.179246145589488
583.56 20.910715173901895
584.769 21.186261012245758
585.8 20.489634806698138
586.819 18.60498282430223
587.82 23.918090201912186
588.828 24.852193369257193
589.999 24.37429630647615
591.1 23.3724595432051
592.3 27.421467597774033
593.32 27.652200109027703
594.329 12.745063069273224
595.34 20.780612636914746
596.36 17.476202330085904
597.369 20.290676267776547
598.37 21.775169687059375
599.549 12.7361882889205
600.559 18.322336366512566
601.749 12.68622394459671
602.759 17.7162858807749
603.939 13.072731608874832
604.949 16.759343662007804
606.139 15.289369771518851
607.298 18.360394623435724
608.299 20.596230996354638
609.3 18.420069728911255
610.309 20.035652599162656
611.379 27.180285515493054
612.449 26.84967970325272
613.639 18.046906050090918
614.759 15.617922357034667
615.76 20.700254998350914
616.838 17.09055136017327
617.848 20.207668862747763
618.949 23.840584211286107
619.96 25.297682584587935
621.088 18.61754191789926
622.098 23.27732555478714
623.099 19.50997534509549
624.101 20.668005965387177
625.259 15.515243113006488
626.469 17.162773130104462
627.699 15.95220906746584
628.879 19.026200967531633
630.099 18.41546004529617
631.299 18.532200672533108
632.3 21.08454416924813
633.419 14.791006884339946
634.558 21.507776790821303
635.658 24.118722259426345
636.855 22.956858810781235
637.948 22.49174628415634
639.238 20.220715484448156
640.249 14.67150720703502
641.25 15.905504564849075
642.279 17.075438057637513
643.288 18.0629695158087
644.328 16.769364916492172
645.469 15.346029070685189
646.482 16.487814254487187
647.498 19.503712745198474
648.499 16.93701074120422
649.508 19.822658693510974
650.608 14.92110249014225
651.618 19.332894222063018
652.619 20.21050791077028
653.629 18.5503643152324
654.778 14.290572269639537
655.788 14.686162646096923
656.808 17.54170130970127
657.818 13.48245930434442
658.828 15.56390875577206
659.848 15.514942847479592
661.008 14.753382665846956
662.028 16.745095556696622
663.038 13.875726769438021
664.248 9.227858070099007
665.258 12.07320782298424
666.307 8.871074625282274
667.308 6.241440127230629
668.429 3.2467911892157777
669.439 6.892774572198919
670.458 6.0004466220608865
671.467 5.313208632655105
672.488 9.02233808340503
673.489 11.465582870324685
674.498 10.64982461013088
675.508 12.39890666645375
676.528 13.19446239901622
677.537 8.55131088293627
678.538 12.019204345268856
679.557 9.455707109971991
680.558 11.090940035620157
681.56 12.70691233692533
682.688 14.405774352900284
683.689 14.926010389492067
684.708 13.144920861469853
685.728 8.768036245551428
686.748 7.350213608668644
687.758 6.415401614398774
688.777 6.293560481040772
689.787 7.252580712232143
690.797 7.42298800082835
691.798 5.957655349525457
692.818 5.371300104207269
693.837 5.430481665168435
694.857 4.067972753798041
695.877 4.304638988403538
696.887 7.559925769680992
697.907 9.610568040783534
698.927 9.163332821194736
699.928 11.266268710869467
701.088 10.508642511867404
702.097 8.706332454291552
703.099 16.151124207525726
704.118 13.686586053025154
705.119 14.536767694842501
706.157 12.474761895452064
707.159 17.568976107548142
708.178 12.79046950206463
709.188 16.23365203404854
710.199 15.351945882497297
712.937 1.657480361114229
713.958 12.99003394337594
714.967 14.944102469585596
715.987 10.52832132030043
717.087 8.013753625816305
718.265 11.268008154230023
719.267 17.37173059975996
720.297 3.6319517007443096
721.317 11.979277230028964
722.335 8.564025251417268
723.337 7.249409649616965
724.338 10.73585058477613
725.357 10.71318989510467
726.367 7.512261265741024
727.417 4.590133396427962
728.452 1.8575694512731176
729.512 4.715231371597829
730.892 2.3362711756254195
731.922 3.2928141409048597
732.932 3.1812805717765884
733.942 2.108451061226277
735.202 1.688864870521273
736.203 1.9615954685642558
737.446 1.8669086398332042
738.466 3.675106804334322
739.506 1.8898528046483223
740.524 3.156280331526422
741.647 2.2253540756469405
742.665 3.1575621217895806
743.685 2.9750864606492637
744.888 2.670900563169929
745.906 2.6913750049285627
746.944 3.439406312887342
747.988 2.3937477269648024
749.085 3.0917033410569217
750.087 2.1312753884822486
751.108 3.3218399266873755
752.347 2.8814396713367723
753.588 1.6392269223132725
754.711 3.496984976011961
756.184 2.4441589111537025
757.248 2.1809844354337096
758.309 1.850666412848522
759.363 2.5403964085289603
760.563 1.6459332934955477
761.63 1.8402596663803152
762.667 2.58204225127943
763.726 2.865522370034657
764.749 2.4428862433472687
765.844 2.9343318515990506
767.104 1.8441020817541314
768.124 2.8000813747239217
769.143 2.6276524186277834
770.606 1.9588099689663665
771.644 2.2356141033775883
772.646 2.850382237748384
773.723 2.4861446746423113
774.745 1.74662610214268
775.766 1.7483368035093698
777.031 2.2577731242814503
778.084 3.5599325170095217
779.246 1.7699864417390268
780.387 2.65958649417754
781.43 3.080626440558307
782.486 2.285980675264229
783.515 2.775590867079457
784.791 2.238309562864528
785.805 2.91908289531493
786.807 3.206680017462854
787.868 5.418684353404188
789.328 5.652378277970183
790.329 11.544969608782976
791.338 21.61584235904372
792.348 23.22215958642187
793.408 16.949671249855164
794.538 22.537746466207135
795.698 19.259207804507945
796.848 18.796260398196537
797.928 20.574258960972312
799.067 21.993061907340305
800.075 22.324928463357974
801.134 21.58358369945702
802.138 23.22304310049044
803.148 23.36660829468145
804.149 22.42251704865448
805.157 23.45529147913502
806.168 18.26574926083669
807.169 22.15450533378016
808.177 20.88957973234298
809.188 25.405840325360195
810.189 18.006580838287064
811.248 19.51773625986263
812.297 20.424957658018265
813.408 19.293055396281638
814.417 23.61878687163913
815.418 24.270442178980836
816.429 24.763347205848447
817.508 23.55802838043667
818.577 25.553821425378832
819.617 28.264527023921197
820.627 27.135196702899563
821.629 26.2384144184402
822.63 21.230282056848267
823.657 20.153454931836375
824.658 20.041305962517967
825.668 14.436688442712681
826.697 8.62667539730811
827.737 4.977548501467119
828.747 3.2130623708695665
829.797 6.2901828025202455
830.837 10.189481489384145
831.947 8.788072488488972
832.957 10.03956026448369
834.028 19.754107223481803
835.058 14.401881239117237
836.077 21.63946037617943
837.257 18.43859153369007
838.267 27.76824879851742
839.467 18.084741579547575
840.487 20.386557377391657
841.538 12.783431082102291
842.677 15.40356365051511
843.697 20.970291446972578
844.717 23.92503740410887
845.718 16.34206644846421
846.877 20.276707334205174
847.967 20.21782661677605
848.978 15.83052452602213
849.987 11.699792746634083
850.997 13.22161600210017
852.007 11.00696722198329
853.177 8.901615719860388
854.187 9.856233545380313
855.207 10.869376553541512
856.258 11.873379512316431
857.267 11.106332495574856
858.271 12.493408440337793
859.447 15.228832558994085
860.457 15.644913585151661
861.467 24.62585571264782
862.477 20.030543470135157
863.487 12.340381646186302
864.527 5.139401636344304
865.538 2.4718819257565787
866.557 3.5118600185690947
867.567 10.936168742728325
868.587 5.214972461658818
869.597 9.017245727259304
870.698 10.899690537032853
872.578 3.228285308358889
873.677 6.10791999087433
874.686 8.074628711342205
875.706 5.075019563997898
876.717 4.692858543267396
877.797 5.95101866550272
878.816 10.241057611117363
879.818 17.029366980287627
880.826 17.618750332429553
881.827 19.056988619105393
882.896 14.301610176834714
883.897 13.928657456877218
884.906 15.333880023892641
885.957 18.55685783501191
886.958 24.79916567855307
888.047 19.128037847275664
889.057 25.088888102532326
890.076 24.17030454776024
891.146 16.328829599507177
892.167 21.052889009049018
893.177 20.137903937810066
894.186 18.22190668048176
895.317 16.65066829109646
896.33 21.2024051983878
897.426 17.48801463180045
898.437 12.531326228912551
899.446 19.389428830511488
900.486 15.634636426615463
901.488 19.321480724653533
902.496 18.03118008150863
903.596 16.558349034425543
904.606 18.772707714546694
905.607 21.53140416822492
906.608 21.65511191018625
907.626 17.155096277188186
908.627 16.968947934869675
909.636 16.810741228299868
910.637 19.094270404233356
911.646 23.918814717019256
912.746 14.228813631111235
913.766 14.656675945843718
914.815 8.623411974830082
916.416 1.7839369158123128
917.419 11.255382109346
918.425 14.892164635274657
919.426 19.024660357827642
920.436 16.961532749615436
921.437 18.787412633618793
922.516 17.98388320737153
923.536 17.801778312401538
924.766 13.892541985956113
926.036 6.855973523495578
927.116 21.339817699291416
928.126 16.795388873163088
929.135 13.240927157617953
930.176 9.576637708348555
931.356 13.423938663554303
932.366 16.026682757081325
933.379 6.34371841559435
934.399 11.280280307898355
935.4 13.065831805204333
936.409 15.911950915644024
937.536 13.107094707955767
938.549 18.445448464032236
939.56 16.872865713976843
940.708 12.77514929312852
941.729 14.674782538519917
942.758 15.039396072941694
943.789 16.90056368900266
944.939 16.414489235070594
946.048 16.986509189271782
947.049 20.047823756980463
948.059 19.981708022858186
949.061 19.027160927294965
950.069 18.019270622343345
951.099 19.288527894210578
952.128 16.82194727997671
953.14 19.054473600569583
954.258 19.49147087150017
955.259 19.722194737876784
956.269 19.32656370097472
957.279 10.57235757922434
958.398 9.919287062725394
959.399 12.19166519089921
960.4 14.570269159185479
961.409 18.01253380035192
962.428 14.673364295622646
963.439 21.921689710047207
964.44 16.39486058476849
965.448 17.32269671160634
966.449 17.96408481729551
967.508 16.234386819026852
968.648 17.857043076309285
969.649 23.7152564332939
970.859 13.207580802571893
971.868 19.282608571826746
972.908 19.4415727200773
973.919 21.22421425432563
974.928 18.776699549690786
975.997 16.683197819582997
976.999 23.38923634641482
978.048 17.3143683088833
979.058 20.51618486353362
980.218 21.516732387766652
981.228 23.816970167619765
982.239 14.43957467671559
983.388 12.229820780369344
984.408 16.792428803549214
985.409 14.573397700605769
986.458 16.541153323873136
987.459 24.133177424230873
988.498 15.46167850820415
989.508 18.434347829259433
990.519 19.933032822480566
991.52 16.88095770758714
992.639 15.022826957239324
993.648 17.760355223394242
994.658 18.359931909412875
995.659 22.789599241511752
996.668 17.21358033974697
997.868 18.964762585561715
998.968 16.202358824336198
999.978 22.96738841652757
1001.108 12.584532586868235
1002.127 18.118124418124573
1003.239 18.513088505069746
1004.263 22.04949997080786
1005.358 10.851450904416852
1006.378 15.172736264993832
1007.558 9.02843198334043
1008.56 11.70300167030721
1009.787 13.640438985230707
1010.788 17.52139620678124
1011.798 16.77575133870477
1012.808 8.792576830490582
1013.828 16.40928535899958
1014.917 8.887922820911069
1015.938 15.762636549597486
1016.947 16.457432575969857
1017.978 15.263600415227968
1018.987 20.07535455971241
1019.988 19.48898804636843
1021.14 18.579452099125476
1022.147 21.41140684432576
1023.158 17.988387616965014
1024.178 15.70338034131934
1025.179 17.890173026339035
1026.187 18.616555889756356
1027.258 16.550797756092045
1028.368 17.64961696357791
1029.378 19.281604082815647
1030.387 13.934482905382575
1031.398 14.974813521017806
1032.407 18.61349474761497
1033.457 13.743681576543604
1034.658 15.570453560708529
1035.678 15.26215772338333
1036.747 17.26190249963031
1037.758 20.006084470760406
1038.767 16.58766017945896
1039.768 13.553362842710133
1040.987 15.833687343896333
1041.997 22.749566817850823
1043.018 17.367706864968966
1044.077 16.014568625521807
1045.087 17.02044535282729
1046.097 19.315582185140677
1047.107 20.297846487771636
1048.137 16.204871807514884
1049.142 23.24615758929902
1050.147 14.778963365462612
1051.157 10.532694927526395
1052.177 14.025736557133055
1053.187 15.378902510701282
1054.188 15.014000616856158
1055.227 15.811693112558512
1056.237 16.373052689342728
1057.238 15.508310160756272
1058.347 15.844019134431269
1059.497 15.157736464730451
1060.507 17.19395330470151
1061.517 11.781745470398693
1062.527 12.725509870050765
1063.537 14.811739510772743
1064.647 14.625980214198421
1065.656 17.955502645243044
1066.657 10.42990530536022
1067.667 17.704916781963828
1068.677 12.612464852986633
1069.686 14.294128352808048
1070.856 11.953878662400975
1071.858 18.015046035452944
1072.897 11.757702646457597
1073.907 20.50998353687974
1074.917 15.199580815052355
1075.947 17.451585564029163
1076.957 21.78345180353732
1078.047 15.42359425815936
1079.057 18.055033349039196
1080.077 20.136330807181526
1081.139 22.30037014046076
1082.146 18.50973995505966
1083.147 14.538853389122695
1084.157 20.658040210618786
1085.358 15.210937327959153
1086.366 20.894498856755995
1087.387 23.772012827098155
1088.397 21.965874162415325
1089.407 20.43078742785302
1090.416 18.65992147029087
1091.417 19.616476109179985
1092.427 18.248049641100422
1093.437 11.956674559681382
1094.446 21.181189950297686
1095.527 17.513523844361877
1096.537 21.01099905247848
1097.546 16.229437277910527
1098.557 17.860224565917456
1099.566 16.04424767679321
1100.577 14.320059082355577
1101.717 15.450373027001083
1102.726 14.86405193670304
1103.736 12.414022400160349
1104.826 13.580146792850869
1105.896 14.904334397493102
1107.016 18.67596078985462
1108.196 18.296273057798896
1109.206 23.50018573118667
1110.306 15.31279848269607
1111.329 17.862967891837958
1112.336 9.318558151328473
1113.486 5.905126799075346
1114.566 13.142381613203574
1115.576 17.78708436004618
1116.586 17.427924191532604
1117.606 13.011397868345497
1118.638 5.809546171953139
1119.646 6.1980967930193
1120.666 3.615236643366301
1121.676 5.125396476756607
1122.717 5.144241718696115
1123.735 2.9324797524630335
1124.746 4.590637862135671
1125.776 4.910083505448159
1126.786 7.599725810366057
1127.457 7.37626510177098
