0.0 3.106910746535184
1.03 5.910425574563389
2.059 4.3233545822638755
3.07 10.653426300021607
4.09 14.920927308315587
5.1 25.96445903586604
6.12 10.884289574072127
7.16 11.256912614263152
8.19 14.321415815265171
9.2 16.459612424487457
10.222 25.296510425890418
11.23 45.99252868102717
12.232 45.663927302660134
13.261 43.783279852160774
14.301 35.796982113362816
15.302 51.32338255175308
16.31 36.46882324711924
17.311 23.72201759630977
20.71 2.4110127635142398
21.88 45.911233981180736
22.889 7.193713829220397
23.89 26.89963533791391
24.899 40.938080567016435
25.9 47.717613990929586
26.931 54.14494451929065
27.94 54.39728708628856
28.942 51.50583804069418
30.01 52.616580309421586
31.03 50.13780603139699
32.031 40.563528416587516
33.039 38.09482173584566
34.04 39.861798799058114
35.119 44.57524836061244
36.129 48.45153516504928
37.139 36.956513853122104
38.15 43.54009009569584
39.151 52.72684178681188
40.153 56.64671949008713
41.16 60.55074579130088
42.161 79.39256725228731
43.162 66.99534400962445
44.163 72.1413612045548
45.17 65.89861768270266
46.171 70.50399209705752
47.18 56.48578464954643
48.199 41.36004006644159
49.201 40.990398712361255
50.209 53.05753965852535
51.21 65.82579464700414
52.212 67.39583524775314
53.229 59.3993076235446
54.23 64.89015515703625
55.231 72.1413612045548
56.249 69.55662069894272
57.25 69.80226247952811
58.259 71.10526759277938
59.262 51.92137316189675
60.269 55.667906238142336
61.27 56.23548987445889
62.299 53.11245761670484
63.379 64.69635624265138
64.38 95.76625832747412
65.381 104.18701373761301
66.382 93.5242800758379
67.389 101.93862390735752
68.39 80.56211661469368
69.391 67.93081251280047
70.4 58.5742822128043
71.409 49.29207082026185
72.449 45.57140541722056
73.45 63.62348532102549
74.459 40.938080567016435
75.46 57.40503923686526
76.462 57.114072348967255
77.464 57.01704880220252
78.469 60.90422367569925
79.47 56.00158000180646
80.471 51.089472679314596
81.479 60.49067560701956
82.481 66.92848238887302
83.482 64.42233541194534
84.568 58.08645953336261
85.579 66.30210075227403
86.58 57.171129364426776
87.581 48.0486443367585
88.589 64.2072435811597
89.639 41.346492698675995
90.648 51.56738064255829
91.649 37.28879020159294
92.659 40.10581618918171
93.662 39.315426752902376
94.669 52.412679869583926
95.709 56.15306784932128
96.71 54.50100029335722
97.711 51.32338255175308
98.719 41.210979240539146
99.72 43.507236285753166
100.721 30.973223643828323
101.738 37.06700979607133
102.739 37.28879020159294
103.858 47.794459317069354
104.859 68.30168277129282
105.878 47.88922897768501
106.879 61.84932681448016
107.88 51.32338255175308
108.896 64.3930441702541
109.899 61.02566779081698
110.959 59.953002469639735
111.969 72.42581950034534
112.978 49.195720380389396
113.979 42.43480739652329
114.981 54.54363162437776
115.999 29.210471868196603
117.019 25.48035278799198
118.029 8.905625073438934
119.03 62.22002608618064
120.031 63.01887617688653
121.04 54.8613976558301
122.041 52.72684178681188
123.049 46.55354570361965
124.05 62.45393595861912
125.16 66.19949465912138
126.24 65.1299558397164
127.298 66.04164909461517
128.308 66.30210075227403
129.309 63.72060579441593
130.379 74.36371720873646
131.381 81.18274458931668
132.383 54.68028450716006
133.388 56.0116670291293
134.389 52.4929319143734
135.399 50.17056889817445
136.4 37.65948947307947
137.41 32.78365436540227
138.418 49.70909665538125
139.419 54.83203063940008
140.428 52.769677102338086
141.468 34.99303447995401
142.478 32.4379496318192
143.488 22.272874764916807
144.508 21.67326778155362
145.518 39.17851408091838
146.528 29.074445931707118
147.538 35.23748011999694
148.548 32.78365436540227
149.568 36.03977826779674
150.588 29.478060527440455
151.608 23.64393096538003
152.617 20.65292034838555
153.618 21.285798397871247
154.626 31.687273806631215
155.768 35.55524688699966
156.769 44.67678564837349
157.818 20.088599059960277
158.819 26.295026193774945
159.838 21.59913203469965
160.859 21.556822275688653
161.867 11.47826564739114
162.888 14.218329586046542
163.908 13.314058213572922
164.918 14.373182680541959
165.927 11.138653671029541
166.938 10.054797463948022
167.967 8.646709164549145
169.007 4.72790329799737
170.008 19.414519417849895
171.017 25.990191899033274
172.038 17.75346604980576
173.057 10.110232016267426
174.078 16.970264344638263
176.849 6.506341119817062
177.898 23.30616869505358
178.908 26.891761144343317
179.927 20.90979803363865
180.948 8.943787965407056
181.978 6.459459709124759
182.988 9.504846611335795
184.017 17.293418329076896
185.027 40.66572228681726
188.736 4.355869771902373
189.737 29.940463680470003
190.748 8.800656508717223
191.857 10.644190002425065
192.876 14.016458022536524
193.886 13.677706099226793
194.896 30.36914405081217
195.897 19.745549763721606
197.186 21.071123937684405
198.196 8.113893448684069
199.236 6.303871063982231
200.237 19.180609545325833
201.256 8.826968914780092
202.257 21.285798397871247
203.266 38.753232563886115
204.278 33.875701403928716
205.286 35.77196675198133
206.296 34.40643305513052
207.336 34.989907559915046
208.339 41.31949100769912
209.528 30.605133609977177
210.546 19.09030838629936
211.556 6.4911147589558125
212.566 9.504846611335795
213.647 24.99884603802236
214.648 53.33145093095085
215.656 55.61268014084029
216.658 32.57804724973771
217.666 61.32337157491684
218.667 47.580824591667586
219.676 31.42330499657028
220.686 47.98788411081065
221.706 40.267542140245794
222.716 43.815024622876855
223.717 47.3469147192291
224.726 57.646061073507255
225.728 43.79451586649779
226.736 53.65795012797201
227.737 46.879094974138184
228.746 53.933176516533074
229.747 59.97804783433044
230.756 64.6077196179141
231.757 74.9482796746724
232.758 60.91368732451227
233.767 68.78471474464378
234.856 63.3016433540186
235.858 60.52219524498016
236.859 52.4929319143734
237.865 43.38763530410657
238.875 38.251211972441105
239.885 26.98801618774023
240.886 32.0456525330582
242.091 2.3271770464464
243.105 39.3561515241018
244.145 2.7016590274240126
245.146 11.695493625197635
246.165 21.139576033992316
247.406 7.358265521907885
248.805 5.592539251101
249.815 7.882067921586145
250.816 6.3155665576148525
251.825 12.066874810283787
252.836 15.522364457747768
253.845 13.221723040555661
254.87 11.421647920818875
255.875 10.813762769331591
256.885 14.60500820763988
257.886 19.180609545325833
258.906 27.08722188288441
259.916 22.815156699806437
260.935 7.8124520125595875
261.951 10.140085063564209
262.955 17.490820396656872
263.965 11.687531398699598
264.985 13.543610941399415
266.006 13.53034589639326
267.016 14.141357153444034
268.025 13.923317088792277
269.125 7.662887423228514
270.136 17.465876629186955
271.145 30.180757510306275
272.276 24.502644823496205
273.285 26.686357753452562
274.296 24.08600728708537
275.305 12.763040664724471
276.555 5.509909826219058
