0.0 40.12989382432397
1.023 51.15829148161652
2.03 40.438619531791176
3.041 70.25221962397701
4.05 59.24149211601234
5.051 62.328075984383254
6.052 64.0655658481004
7.053 63.70301457706231
8.061 70.64132038792738
9.11 67.26021455160881
10.112 77.04044812445483
11.12 67.40101840209181
12.121 69.50383491516398
13.122 66.8599668736858
14.123 68.96000800844104
15.124 69.86638618636788
16.18 64.75235050199265
17.19 66.36924949831236
18.191 70.95364246542535
19.192 74.76122588109692
20.2 66.3956615480601
21.21 68.70483350398308
22.275 47.94810686116809
23.281 46.65793517364954
24.282 65.15321966154627
25.289 61.34130245113936
26.29 60.25877750120563
27.3 54.691329470290356
28.301 58.446021145517776
29.37 62.606947465347545
30.38 64.57264641696341
31.381 67.50980292395708
32.382 51.920098265008306
33.4 52.657299178864164
34.401 60.44005313672468
35.409 62.54056542342135
36.41 51.55754699380442
37.411 50.10734190932045
38.412 46.66310483346377
39.413 53.18902771397323
40.419 56.532161993779624
41.42 56.08943788310697
42.421 56.27071351862602
43.439 35.901945884821906
44.44 45.575451020017894
45.441 48.400594697180914
46.45 39.459271865640744
47.451 46.11927792674083
48.47 50.824888569199345
49.479 39.27943349967853
50.489 44.37609610674888
51.49 44.85034847777591
52.509 40.496624732138244
53.519 36.545638349743776
54.579 38.24550278982037
55.58 35.16747330047715
56.581 29.623195089865234
57.582 32.26706313150921
58.59 42.918868322782245
59.591 47.5694830112248
60.599 38.95836763771932
61.603 40.12294251762382
62.609 45.168558210605624
63.61 46.30055356225988
64.629 44.058095020848604
65.63 45.03162411329495
66.679 37.78164766568886
67.68 41.149569274429474
68.689 28.66896991089259
69.69 35.71130020720009
70.699 29.38832337457563
71.839 24.10117136003154
72.84 31.723236224786277
73.944 1.9702976685005593
74.948 42.00955155795164
75.949 31.90451186030532
76.959 26.125340478417332
77.969 27.308366834845863
78.97 21.46579148918696
79.979 29.313653643715885
80.989 32.7727718789939
82.019 13.565225400790519
83.028 16.080284297069497
84.048 14.054015671799782
85.058 14.372824649945928
86.069 20.400533155867883
87.079 15.765586029812441
88.082 20.624215231742465
89.088 21.900226654456336
90.099 25.30704696338439
91.108 25.611717690364035
92.119 18.84567327055601
93.128 16.365291298018107
94.198 16.35065909736288
95.199 19.033941734805445
96.208 17.62415985932249
97.219 13.281712590710729
98.22 14.214766066418933
99.229 21.580603909496293
100.242 22.10701795932808
101.248 17.496342332984007
102.249 16.133531565721448
103.258 18.883028420726355
104.269 18.561230081681565
105.278 15.8257762002807
106.281 15.920446845547149
107.289 14.11605241317335
108.298 14.566907638893419
109.299 17.583736650321477
110.32 14.291767536627244
111.328 18.901761583902683
112.338 17.786370504276793
113.348 15.884702915375001
114.358 18.684672044868357
115.379 22.21558658245385
116.389 18.938928153518976
117.398 21.580603909496293
118.408 20.66093543426929
119.418 18.3999472291972
120.438 17.434095390309558
121.441 19.719644388195533
122.458 16.13221609336283
123.468 17.966030812494587
124.528 21.640483556917424
125.538 21.199916358591075
126.559 27.191877976845248
127.578 18.059361913826656
128.588 20.481275126217298
129.628 19.61395751288421
130.638 25.33210344544493
131.658 20.992074041494657
132.668 21.094851850971903
133.678 21.559236974860863
134.728 17.69899685850269
135.738 19.762633893677723
136.748 19.762633893677723
137.758 23.071115240372837
138.768 20.66093543426929
139.769 31.979778352276035
140.778 22.83947247090016
141.868 21.87724506999858
142.878 19.58297358545993
143.887 16.00561456619317
144.898 12.204816975250386
145.908 9.596592131035056
146.918 12.935542184949677
147.938 14.943510334562893
148.958 16.72249966007254
149.968 18.3999472291972
150.978 26.410065294254295
151.988 21.45417246724169
152.989 19.759044277047426
153.997 19.62182869188457
154.998 21.64454940757595
156.008 19.942294201729716
157.017 18.523351688967736
158.028 12.28183180543933
159.038 20.66093543426929
160.047 18.703190054929948
161.058 16.22808744894244
162.067 19.242705152650775
163.088 20.082890270619192
164.098 29.179565716627625
165.108 21.559236974860863
166.117 15.00125410159468
167.127 17.606710196224796
168.147 15.477207132224079
169.167 14.661576938536827
170.177 11.498259719953426
171.187 11.498259719953426
172.197 11.857580336206633
173.207 12.037240644324948
174.208 11.133080261732989
175.217 16.00561456619317
176.227 12.216900952443261
177.237 12.037240644324948
178.247 12.291496752892666
179.267 11.029733818375352
180.277 11.857580336206633
181.297 9.250744492832544
182.307 12.216900952443261
183.317 7.799989049785598
184.337 8.183350897493595
185.357 8.36124983005285
186.367 7.905053557471089
187.417 7.77672476595564
188.438 7.286712399047515
189.447 6.654019538761357
190.477 3.948926024242235
191.527 4.32040264774208
192.547 3.2021807859836846
193.557 5.928790168103316
194.577 5.514866909187676
195.607 5.813668028917328
196.617 4.311847394988752
197.637 4.625372246407982
198.667 2.642576376783618
199.717 2.419425482739544
200.747 2.2902328598780306
201.777 2.994919893689206
202.867 2.508795859091779
203.877 27.66768745111565
204.878 27.99171436969642
206.087 25.06476771819715
207.097 28.640584792140043
208.098 29.716483136300514
209.107 30.6598121721321
210.157 39.646642309021175
211.158 43.86870380787837
212.167 38.020564938440465
213.168 39.774630681750416
214.257 37.560281707719085
215.267 43.8371151822613
216.268 40.137181952954315
217.277 38.919756767919914
218.278 40.68100885967725
219.287 43.16120781899259
220.297 38.16258112270911
221.307 37.98292081465713
222.377 38.227116014689464
223.386 41.72250089162651
224.387 35.061464156928814
225.388 38.32442559726645
226.397 39.38460213478099
227.398 37.780598690543506
228.406 37.51823342175555
229.467 38.55150497611936
230.468 43.506152536840276
231.477 39.27943349967853
232.487 37.62360019838734
233.536 39.6844370110353
234.547 41.46048119528954
235.548 40.137181952954315
236.557 38.560080036161295
237.626 39.28146702232004
238.627 43.14360126563638
239.628 39.59335504623137
240.629 39.04952813950843
241.676 39.240309160375396
242.677 43.68742817235932
243.679 35.207170260025606
244.686 39.17764590059889
245.687 43.86870380787837
246.688 39.230803775027475
247.697 39.459271865640744
248.706 38.560080036161295
249.707 42.962325630117334
250.708 35.96784233485565
251.716 35.71819724312921
252.776 37.047202432856324
253.777 41.87467181667146
254.786 36.22218127931578
255.797 37.227420749760334
256.806 37.5862184756563
257.808 36.47523044980466
258.809 35.061464156928814
259.818 35.428158084772996
262.934 2.5878339080911603
263.946 32.27494468077868
265.025 70.4352848942001
266.026 75.30465525343146
267.036 85.0539215431807
268.045 72.80403929022437
269.046 62.79663639913547
270.047 61.890258221374445
271.048 72.94807199102065
272.055 63.398271449869405
273.057 73.41855368925668
274.135 76.0554271525967
275.172 54.48800761161257
276.175 102.03575586157956
277.176 73.20461411851042
278.177 73.12934762670551
279.185 74.67643328960307
280.186 87.2688472010045
281.195 75.32177641303208
282.196 78.02378978704616
283.197 68.41618110188391
284.198 71.21058212730351
285.206 67.40101840209181
286.216 67.44721134695591
287.226 64.39298610891142
288.227 64.97194402602723
289.254 57.21642243065711
290.264 59.0031768651962
291.265 49.74492314957936
292.295 52.21998784014196
293.344 51.62011563169405
294.345 54.45795716293815
295.347 56.995816060868
296.355 62.90059897732939
297.356 71.1353156353328
298.365 57.08343172512903
299.366 56.27071351862602
300.375 57.62294682284986
301.376 62.61536076361644
302.384 51.37952524995085
303.385 33.42998343676
304.394 37.121373108795225
305.395 56.63326478982991
306.396 70.41021309309082
307.397 57.539642967590936
308.415 60.85672738657285
309.428 64.02315800470357
310.495 58.81285649750275
311.497 74.8673114633691
312.498 69.68511055084883
313.574 67.59614126304653
314.584 16.169427731178807
315.624 22.158680502962394
316.644 24.80181609404958
317.714 40.94061435421568
318.724 40.06424871167723
319.725 43.03759212208805
320.734 47.73183669758116
321.735 35.242739792447864
322.754 49.40030045374836
323.755 64.0655658481004
324.764 72.369692827606
325.775 67.02153277756281
326.785 66.26418499069318
327.845 51.25562095183118
328.854 69.49227897303966
329.855 65.87832220378826
330.856 73.67317453326264
331.864 71.07609774985946
332.865 73.8544501689475
333.866 70.22893745757177
334.867 71.57313339850741
335.868 76.02975779567345
336.874 75.11075230603458
337.875 61.05914653541833
338.876 78.2050654225652
339.884 71.90143782685423
340.885 52.101373900527356
341.894 40.17862532932377
342.895 43.94397029984908
343.904 41.07781715880322
344.905 57.72091860310998
345.914 54.92537133407992
347.004 39.52351349927718
348.005 59.53367495896365
349.044 47.05221450694186
350.045 57.539642967590936
351.046 64.97194402602723
352.047 78.38620854678724
353.054 64.76251504101106
354.055 36.514186958708635
355.064 60.680199043378416
356.074 58.464195940874426
357.075 46.11927792674083
358.076 58.80857241655586
359.084 68.30110228711061
360.085 59.24639017973047
361.086 60.80260440792857
362.094 54.61982723578644
363.113 41.92121284758923
364.114 25.9224158865188
365.12 36.1540443396466
366.138 14.259875143850572
367.148 19.223652969355943
368.149 36.33039360589374
369.158 42.33668572020708
370.159 41.768662672957326
371.168 43.16120781899259
372.169 38.32442559726645
373.178 32.44557559510418
374.193 21.095483273105277
375.198 16.069318504767097
376.208 25.047378629773767
377.238 36.71687309626293
378.239 42.23722308770955
379.259 45.971789068020584
380.26 46.66310483346377
381.268 52.99967624295155
382.279 75.81618030375597
383.28 55.54561097638403
384.281 59.24639017973047
385.358 49.94112114687809
386.36 60.98388004344762
387.439 44.13072520321841
388.448 28.774138545995058
389.498 24.093192777076734
390.508 28.565988991707222
391.517 24.278179398100427
392.518 20.378137675741083
393.519 27.9164478777257
394.528 17.69882959034804
395.529 25.559864615314908
396.568 17.1877950496901
397.59 11.363250799557845
398.647 9.09859630453422
399.667 4.981170111526492
400.688 14.040250720111494
401.698 16.603344147848254
402.717 8.903675721560376
403.719 13.582104132150508
404.728 11.509655418381442
406.207 2.0857116230467567
407.62 9.81321090592909
408.628 21.96204679270134
409.637 22.83947247090016
410.647 11.572855520402829
411.657 10.959278795581906
412.658 29.366652962375476
413.659 41.768662672957326
414.668 38.7399184019577
415.738 36.70096689613475
416.739 43.86870380787837
417.748 46.652806502139505
418.749 53.370435860955084
419.758 44.135069379331775
420.767 43.59555428161095
421.778 45.48322686603137
422.818 45.08809882822408
423.82 48.714480153970314
424.821 41.04356013071534
425.828 41.6999883286827
426.838 42.294768209562974
427.839 42.23722308770955
428.848 38.20040330423687
429.858 55.94895162715171
430.868 56.66759285952548
431.878 58.82351655714421
432.888 47.5049171452262
433.889 39.774630681750416
434.897 37.51783864818497
435.937 41.7730206427141
436.939 42.59977435891344
437.947 38.058283752866316
438.948 36.69294487709763
439.957 40.10395559846403
440.958 41.58738703743828
441.96 37.199212199326546
442.967 46.3854675969087
443.968 60.077369354223784
444.988 47.39498052849463
445.99 54.0414184607726
446.991 70.41021309309082
447.998 77.37870572552403
448.999 59.97149272197245
450.0 53.914130256215216
451.002 57.30112345240117
452.007 56.588412901240076
453.019 55.3004648317109
454.057 42.90200867419308
455.058 62.25280949241254
456.06 60.198639000626
457.061 47.5694830112248
458.067 50.9405474337709
459.068 49.97112015971411
460.069 39.29175903266311
461.07 49.56351500259751
462.078 68.84115261805559
463.117 56.90488898820742
464.147 52.924674873886815
465.178 52.572331356931485
466.179 59.896226230001744
467.18 66.96597601723414
468.188 83.06247800015892
469.189 56.63326478982991
470.197 53.35970979685959
471.198 59.24639017973047
472.199 67.69107855947611
473.217 62.282714900906505
474.227 48.76253930208755
475.229 51.143902912547766
476.237 52.45962591200659
477.238 46.84438046898282
478.239 56.63326478982991
479.241 64.0016281576089
480.247 61.221903237673956
481.248 74.21700143998558
482.257 49.88989708863026
483.259 39.916030163383816
484.266 40.79914233839864
485.267 36.798954020645965
486.268 49.56351500259751
487.278 52.35574546461963
488.279 52.82647644276934
489.281 56.75783928721265
490.287 55.81066334082179
491.347 58.17412869400308
492.348 37.7053321985728
493.367 30.880654952885536
494.368 32.81089003823215
495.376 25.817142917505905
496.386 31.260893613647728
497.397 32.56087308269919
498.407 32.7727718789939
499.416 29.313653643715885
500.426 29.8982069490014
501.427 28.822826055652538
502.437 25.047378629773767
503.438 37.161505291849856
504.439 39.230803775027475
505.441 54.7657973477459
506.447 52.56391940284313
507.448 47.02565610450186
508.459 44.945172660592625
509.466 52.69191641550127
510.467 47.93084167959507
511.476 43.41689906279323
512.48 55.741105985832334
513.527 49.98560858231258
514.606 50.18489462257811
515.666 51.25562095183118
516.667 53.113761222002516
517.668 44.48779720657202
518.676 42.37868640059182
519.696 36.54314564279459
520.736 38.10860423196661
521.737 44.23125507908225
522.738 46.30055356225988
523.746 36.43563252686504
524.796 33.946111037677554
525.806 36.650702857362944
526.807 42.8563164864032
527.808 40.86228449519629
528.816 40.6837915995671
529.817 39.59335504623137
530.826 34.78347435194971
531.827 44.85034847777591
532.828 45.212899748814
533.829 46.58783834149306
534.836 42.42077049826394
535.837 60.07750186552078
536.846 66.07535002075248
537.856 54.09180512323043
538.857 38.20410521921723
539.866 37.66088820651604
540.876 32.41345126288992
541.879 53.78513236328086
542.886 32.51001566573432
543.887 46.48182919777892
544.896 52.40763421127219
545.898 77.76482701159394
546.899 69.5791014071347
547.9 85.2748152097976
548.907 81.05743460585332
549.916 78.30435890270091
551.016 65.79139470607531
552.018 80.74292432049505
553.019 67.87235419516097
554.066 65.30896096487594
555.068 54.946892069530676
556.07 69.25337508870423
557.076 74.5696283163991
558.077 65.15321966154627
559.078 59.3523993232788
560.08 63.17134592455779
561.082 67.9857120363766
562.085 67.91792967153687
563.096 69.53428921357064
564.097 55.54561097638403
565.106 50.06973545442667
566.115 47.91167506354336
567.116 39.59335504623137
568.117 38.1431499615816
569.135 25.133029941063366
570.145 14.01350403369272
571.146 21.284515853667912
572.155 39.63911023160295
573.157 45.63586988396071
574.176 37.469374986784175
575.177 43.762694664330034
576.185 38.058283752866316
577.186 34.804922029439055
578.196 27.203302327226695
579.225 22.748242512598445
580.245 14.587712469460964
581.256 17.84329967144099
582.265 22.83947247090016
583.275 39.959315534658174
584.295 31.917773396253967
585.296 34.62364639392001
586.305 34.243959254228876
587.306 41.22483576640019
588.385 44.971582067078245
589.386 51.119729230629815
590.395 42.33668572020708
591.405 36.006657425256186
592.406 46.48182919777892
593.477 38.22723998106378
594.485 39.24365738376914
595.495 31.335489414080552
596.496 39.955906317269466
597.497 55.364335340699185
598.575 46.8649008102974
599.607 48.17751324633531
600.615 54.79984401282336
601.645 56.16852752280654
602.646 63.15958520456198
603.655 46.29312977038089
604.665 38.62696624676388
605.666 55.54561097638403
606.676 60.08113871400557
607.685 60.21522221559454
608.686 60.44005313672468
609.687 62.43408512793158
610.705 74.58185721246954
611.706 44.85034847777591
612.708 52.95485013022974
613.715 33.771384462625846
614.716 44.593806350120346
615.724 32.11773011214013
616.745 26.37704663746025
617.795 51.62011563169405
618.835 52.41578376928238
619.885 51.743769722718895
620.895 53.79302792953298
621.896 58.446021145517776
622.965 46.919971235927555
623.974 53.104949211964446
624.975 33.97381034348294
625.976 33.61125907244485
626.985 36.50718828021465
627.987 48.6085768078925
629.004 30.584536454775293
630.005 27.19134533548372
631.024 22.867346803535913
632.105 34.648904224508755
633.124 33.12167368427689
634.126 22.349842152415885
635.144 25.846023698147295
636.145 25.559864615314908
637.146 26.541509285212452
638.154 28.697411349267632
639.155 40.24319109650264
640.156 33.792534707963895
641.164 42.37868640059182
642.165 56.995816060868
643.174 45.21160181972746
644.175 30.09175550461746
645.314 18.867232234985373
646.336 18.110180961873557
647.345 19.42254351844718
648.346 19.6530351334991
649.354 26.10243266355572
650.364 24.074481288583574
651.365 17.47772750660734
652.374 16.545129663930577
653.375 19.396493006009337
654.404 17.531171980322387
655.414 21.02025605053908
656.416 19.271231882406283
657.429 14.509387766676335
658.444 7.687337124966501
659.445 12.145467583174991
660.454 23.993172397201555
661.464 25.871084369932515
662.524 19.415068608246226
663.525 22.296903175143076
664.534 24.278179398100427
665.535 22.37216966711379
666.554 28.49176230901973
667.564 25.94568017036534
668.574 30.182931764838365
669.584 25.586359554095548
670.594 32.1591951542393
671.595 28.716816911938402
672.604 27.515269984591193
673.605 20.740688946944974
674.614 21.760442275458505
675.643 14.356998606501515
676.646 17.747282732752712
677.654 25.742399109481877
678.664 28.281264175870255
679.674 27.12870652679387
680.675 15.121144244262863
681.684 14.02739254115601
682.713 10.756920878064566
683.714 15.408429023446303
684.715 23.82237475159776
685.724 29.85316874143671
686.725 20.740688946944974
687.735 21.91855759113065
688.893 15.421519047148188
690.073 8.157096093208246
691.083 9.342336022467341
692.084 21.390524997216247
693.094 29.179565716627625
694.104 34.315118851692226
695.114 38.521901738978904
696.123 32.44557559510418
697.143 19.21308471590211
698.144 15.408429023446303
699.174 19.980556043371866
700.175 22.296903175143076
701.264 16.24693211891611
702.265 45.500184528047185
703.266 39.412079410546525
704.273 63.32345341761213
705.274 36.69294487709763
706.284 26.050744677984504
707.303 9.689906735572833
708.333 5.813668028917328
709.336 4.703768386178733
710.343 15.316621104737102
711.444 21.65867132269604
712.513 50.65435107368018
713.544 52.87334153261732
714.545 49.125697239422905
715.554 35.502827815632735
716.555 43.58141902881099
717.583 33.258016600309766
718.584 28.097723513410553
719.593 23.7386643003796
720.603 20.735531234702115
721.62 16.236557443161256
722.723 17.342082896591197
723.734 17.589295052552103
724.743 24.098341032304024
725.763 14.128010183950767
726.783 14.765611402020218
727.794 11.307403962350186
728.803 17.8039982252847
729.813 16.064363223509893
730.814 20.846698090493305
731.963 21.701426104113217
732.973 21.199916358591075
733.976 30.031752004066767
734.993 32.54719724467575
736.003 30.257527565271186
737.004 36.798954020645965
738.013 33.524605790545834
739.014 30.09175550461746
740.023 12.663355344732583
741.024 21.753076268420138
742.033 30.287515204055072
743.035 41.832880726977805
744.063 26.02092189273813
745.073 25.691424061714716
746.213 14.391634883281005
747.214 29.910479869098413
748.216 33.57771490157984
749.535 5.090148381040788
750.543 30.317562342268324
751.544 30.09175550461746
752.553 28.489131544930384
753.554 39.69936418977971
754.556 32.49114657103697
755.563 27.824931563207556
756.573 32.01122913232002
757.574 31.617227081072137
758.582 29.702768203299335
759.594 25.177183129683957
760.603 27.155593252832578
761.621 25.207039526904968
762.623 28.79406076013188
763.632 26.51090952000928
764.633 34.804922029439055
765.634 29.804470725384277
766.636 32.23486047354524
767.643 29.446691444806802
768.653 27.203302327226695
