0.0 44.71344984391008
1.001 42.892420211366584
2.009 42.59455618200334
3.07 43.76763229086123
4.071 49.39265763559874
5.08 44.59405159596755
6.09 42.71417938058274
7.139 45.05385322427106
8.15 47.07020119400438
9.151 45.56785583329329
10.16 43.77736758070322
11.229 44.59636025995573
12.23 48.981052155229925
13.231 44.95044761283419
14.232 44.333039392375085
15.279 44.54963362325019
16.28 49.59846037568902
17.282 39.970799658718235
18.289 44.478491847754164
19.29 49.804263115779314
20.291 44.53884213246537
21.3 44.79822259987775
22.309 43.77736758070322
23.31 48.77524941513963
24.311 40.83439280989899
25.319 40.55097003341674
26.379 42.0597933722891
27.38 47.54043297422143
28.389 41.12314453062358
29.4 42.26439573557475
30.409 42.671739805372795
31.411 41.41043196732223
32.412 39.805379109071076
33.421 40.22168775920335
36.537 2.93797513195184
37.549 36.64183569153109
38.628 79.9653775244579
39.629 85.49358742191521
40.639 96.561956927587
41.648 82.65463106869107
42.649 71.29319835173233
43.65 70.26418465109265
44.651 82.8181517999885
45.658 71.97623632107043
46.66 83.35229099846416
47.738 86.34594087575132
48.775 61.86038866404755
49.778 115.84148130756688
50.779 83.10940480061824
51.78 83.02395454026703
52.788 84.78036525518226
53.789 99.07656827163898
54.798 85.51302512268092
55.799 88.58062852421071
56.8 77.67308329641365
57.801 80.84557465906036
58.809 76.52056622120682
59.819 76.57300920174664
60.829 73.10553867796283
61.83 73.76283123356875
62.857 64.95796570055624
63.867 66.98647304763426
64.868 56.47555150172768
65.898 59.285499423079685
66.947 58.60446281355903
67.948 61.82627230494375
68.95 64.70751066696073
69.958 71.41122735986625
70.959 80.76012439852093
71.968 64.80698097761844
72.969 63.88429970641135
73.978 65.4194939891608
74.979 71.08739561164205
75.987 58.331319874849456
76.988 37.95315444769377
77.997 42.1439995497981
78.998 64.29590518678016
79.999 79.93691343797153
81.0 65.32491888741984
82.018 69.09081418042273
83.031 72.68567178856844
84.098 66.7704017976058
85.1 84.9970697840176
86.101 79.11370247742214
87.177 76.74208975537486
88.187 18.357196891023325
89.227 25.156812448829037
90.247 28.157571737402915
91.317 46.47999490362929
92.327 45.48505451884465
93.328 48.86069967567908
94.337 54.19008877711161
95.338 40.011181849161375
96.357 56.084300383527236
97.358 72.73381753274083
98.367 82.16151630509124
99.378 76.08973512176358
100.388 75.22991604407672
101.448 58.19065097586048
102.457 78.89478024346923
103.458 74.79184493420841
104.459 83.6413627605379
105.467 80.69289416618511
106.468 83.84716550081643
107.469 79.73111069788125
108.47 81.25718013942918
109.471 86.3167983824646
110.477 85.27344885904878
111.478 69.32062121080419
112.479 88.786431264301
113.487 81.6299050825474
114.488 59.15083668301706
115.497 45.614906615330305
116.498 49.88971337631876
117.507 46.63576163450483
118.508 65.53072162751012
119.517 62.35692893126075
120.607 44.87115630766699
121.608 67.58874902916597
122.647 53.4185117879633
123.648 65.32491888741984
124.649 73.76283123356875
125.65 88.99208356394222
126.657 73.52506591641928
127.658 41.45465940171425
128.667 68.89040105469302
129.677 66.37456648465788
130.678 52.35934625815517
131.679 66.76553806842834
132.687 77.54243399355022
133.688 67.2625938093366
134.689 69.02936821017445
135.697 62.0100438550222
136.716 47.59327113783939
137.717 29.42979184119366
138.723 41.045788470913
139.741 16.18927645486873
140.751 21.824667414957744
141.752 41.24599829007958
142.761 48.06495866149975
143.762 47.420080494482356
144.771 49.00104092489485
145.772 43.50982843182569
146.781 36.8355534496388
147.796 23.949761636211637
148.801 18.24354260403182
149.811 28.436359576545517
150.841 41.68476954512957
151.842 47.952038454402015
152.862 52.191901741022434
153.863 52.97675447861427
154.871 60.17068186502995
155.882 86.07432325373387
156.883 63.06108874586195
157.884 67.2625938093366
158.961 56.69829564121831
159.963 69.23517095026475
161.042 50.10173674464764
162.051 32.66736061659657
163.101 27.353069687762826
164.111 32.431047840760186
165.12 27.56308552015923
166.121 23.135357157051804
167.122 31.69362198275154
168.131 20.09353113370836
169.132 29.01818636082485
170.171 19.5133521788971
171.193 12.900730670098621
172.25 10.329662036969026
173.27 5.655136471444318
174.291 15.9399362273923
175.301 18.84982342224489
176.32 10.108368149562963
177.322 15.41980111438931
178.331 13.066944246619803
179.81 2.3679142860656963
181.223 11.14096600870516
182.231 24.933573643183845
183.24 25.92971748944235
184.25 13.138695500630002
185.26 12.442100115032778
186.261 33.34004390403856
187.262 47.420080494482356
188.271 43.98153858442518
189.341 41.666711191278374
190.342 49.804263115779314
191.351 52.96506275402689
192.352 60.59160630466287
193.361 50.10666870003704
194.37 49.49415568849468
195.381 51.63723569565992
196.421 51.188645720319876
197.423 55.30568666359886
198.424 46.59686953393297
199.431 47.34211431780807
200.441 48.01736959348396
201.442 47.952038454402015
202.451 43.36902557288282
203.461 63.51900252385043
204.471 64.33487794108953
205.481 66.78250419337155
206.491 53.93246636954981
207.492 45.156250352924474
208.5 42.594107994455634
209.54 47.42502810983402
210.542 48.36364393477082
211.55 43.20767684552232
212.551 41.65760377044838
213.56 45.530133859362635
214.561 47.21427775439207
215.563 42.23237048873656
216.57 52.661552141187485
217.571 68.20600680898774
218.591 53.807655018620984
219.593 61.353374741992894
220.594 79.93691343797153
221.601 87.84826277042535
222.602 68.08580476988598
223.603 61.20886408448465
224.605 65.05412700934693
225.61 64.24498471120945
226.622 62.78277363665358
227.66 48.7067714050222
228.661 70.67579013127323
229.663 68.34368458045381
230.664 54.00576817925395
231.67 57.83294712249359
232.671 56.73235360506976
233.672 44.60804480831534
234.673 56.269598321000075
235.681 78.15555465688098
236.72 64.6042809050109
237.75 60.08553259927314
238.781 59.68551601108229
239.782 68.00035450934654
240.783 76.02666137512664
241.791 94.3010654585515
242.792 64.29590518678016
243.8 60.57942897385437
244.801 67.2625938093366
245.802 76.84987233567601
246.82 70.70974182585124
247.83 55.36024834995353
248.832 58.063817170886026
249.84 59.557561201699194
250.841 53.18255721870457
251.842 64.29590518678016
252.844 72.66122889246097
253.85 69.50539935374854
254.851 84.258770980997
255.86 56.640140823469295
256.862 45.316781583082225
257.869 46.319381325208354
258.87 41.77795624999922
259.871 56.269598321000075
260.881 59.43962543690198
261.882 59.97404764356644
262.884 64.43733496488206
263.89 63.36200344249238
264.95 66.04525232147407
265.951 42.806969950827146
266.97 35.0588946324167
267.971 37.25029596688346
268.979 29.31027514266846
269.989 35.49058065601859
271.0 36.966451012373234
272.01 37.20702031323057
273.019 33.27987362813893
274.029 33.94351864370945
275.03 32.72263568357946
276.04 28.436359576545517
277.041 42.18956173036804
278.042 44.53884213246537
279.044 62.1757641346755
280.05 59.67596589588927
281.051 53.38835995879485
282.062 51.026381239244216
283.069 59.821281265232706
284.07 54.41601969426335
285.079 49.291327914873364
286.083 63.28303478126399
287.13 56.748802352094216
288.209 56.97505235547143
289.269 58.19065097586048
290.27 60.30020286339581
291.271 50.507121596777864
292.279 48.112642152356564
293.299 41.48753627740267
294.339 43.26480582731761
295.34 50.21586859614813
296.341 52.56514899824546
297.349 41.365476333767155
298.399 38.53911556817705
299.409 41.60964628634714
300.41 48.65489693540056
301.411 46.391066793842676
302.419 46.18842330619495
303.42 44.95044761283419
304.429 39.48977649971845
305.43 50.91872707714668
306.431 51.33033255732726
307.432 52.89130421807483
308.439 48.16042034709493
309.44 68.20615724943683
310.449 75.01553117030485
311.459 61.41057886194059
312.46 43.37322836739714
313.469 42.75651256134046
314.479 36.79908260470514
315.482 61.06241241294176
316.489 36.90871244350647
317.49 52.77095173833575
318.499 59.4985348772709
319.501 88.28662735512447
320.502 78.99334999768307
321.503 96.81273813008109
322.51 92.0247340400103
323.519 88.89915943224547
324.619 74.69315590097297
325.621 91.66766962631799
326.622 77.05567507595454
327.669 74.14544751442364
328.671 62.3813614828932
329.673 78.62355199002158
330.679 84.65910926797964
331.68 73.96863397365904
332.681 67.38294628888744
333.683 71.7186071323941
334.685 77.18437055268585
335.688 77.10741704277885
336.699 78.94247458798702
337.7 63.06108874586195
338.709 56.844311827191255
339.718 54.39425978102181
340.719 44.95044761283419
341.72 43.30402569154717
342.738 28.533599751736485
343.748 15.909570638891902
344.749 24.164370857879717
345.758 45.00239360378795
346.76 51.810531744274286
347.779 42.53908706302967
348.78 49.683910636228475
349.788 43.20767684552232
350.789 39.51412610844134
351.799 30.883985828639297
352.828 25.826143860570184
353.848 16.561471094933317
354.859 20.257548424089737
355.868 25.92971748944235
356.878 45.36592358712806
357.898 36.236338125207396
358.899 39.308323368351054
359.908 38.87726348817609
360.909 46.80267227421149
361.988 51.05636391288559
362.989 58.0363727216497
363.998 48.06495866149975
365.008 40.878459691465345
366.009 52.77095173833575
367.08 43.399493327747294
368.088 44.553434870709026
369.098 35.57526947856413
370.099 45.362053093014765
371.1 62.85528600558343
372.178 53.205854020053714
373.21 54.696066619445254
374.218 62.21441740952853
375.248 63.768287657256
376.249 71.70525515382488
377.258 52.556720746394724
378.268 43.85330368417821
379.269 63.06108874586195
380.279 68.21028617377527
381.288 68.36251155116203
382.289 68.61776272980563
383.29 70.88159287136351
384.308 84.67299276816635
385.309 50.91872707714668
386.311 60.11979065287488
387.318 38.34074799489965
388.319 50.6274740763287
389.327 36.4633495485076
390.348 29.94593541451588
391.398 58.60446281355903
392.438 59.5077870934566
393.488 58.74484765172783
394.498 61.07137627156842
395.499 66.35393258824776
396.568 53.26837562953627
397.577 60.29019856355515
398.578 38.570562668152874
399.579 38.158957187972305
400.588 41.44671378228807
401.59 55.18545429621458
402.607 34.722710466640564
403.608 30.870411022202152
404.627 25.96136329787215
405.708 39.33699865462996
406.727 37.6031295164563
407.729 25.373838808411566
408.747 29.343063574356627
409.748 29.01818636082485
410.749 30.132650322192212
411.757 32.580252013828535
412.758 45.688208312844125
413.759 38.36475992806259
414.767 48.112642152356564
415.768 64.70751066696073
416.777 51.32885901477595
417.778 34.16325486458795
418.917 21.42002195034014
419.939 20.560539505558506
420.948 22.05046841608974
421.949 22.31214619650241
422.957 29.634165395699988
423.967 27.33182648212168
424.968 19.842513314666
425.977 18.7837323545242
426.978 22.020893195872674
428.007 19.903188976355153
429.017 23.864355958337853
430.019 21.878683889086993
431.032 16.472548839034562
432.047 8.727455511525097
433.048 13.788783589908178
434.057 27.239516268494736
435.067 29.371515025690027
436.127 22.041982129463957
437.128 25.31373703825847
438.137 27.56308552015923
439.138 25.39918729879792
440.157 32.3467780786316
441.167 29.45620384823557
442.177 34.266767529877576
443.187 29.048266139521903
444.197 36.51042492770864
445.198 32.60228320384038
446.207 31.238163589601644
447.208 23.546962637420613
448.217 24.704691466357627
449.246 16.29954099584462
450.249 20.148540122888367
451.257 29.225418286687333
452.267 32.10779895459206
453.277 30.79929700609375
454.278 17.1670776928146
455.287 15.925338300572001
456.316 12.21236260075079
457.317 17.493232912587494
458.318 27.0456092198967
459.327 33.89238663968129
460.328 23.546962637420613
461.338 24.884200230027908
462.496 17.50809405340204
463.676 9.260774192600586
464.686 10.60638042593421
465.687 24.284723337430556
466.697 33.127643226470354
467.707 38.95805117980242
468.717 43.734023652272796
469.726 36.8355534496388
470.746 21.81266924701565
471.747 17.493232912587494
472.777 22.68398160888798
473.778 25.31373703825847
474.867 18.44518784093607
475.868 51.65648777715662
476.869 44.74464487255566
477.876 71.89129519810803
478.877 41.65760377044838
479.887 29.575483879952742
480.906 11.000978436457972
481.936 6.600273704188938
482.939 5.34020151055519
483.946 17.38900312363522
485.047 24.589150616755063
486.116 57.50802758798533
487.147 60.027253712201514
488.148 55.77254258009181
489.157 40.30646051517101
490.158 49.47810789613819
491.186 37.75792001343138
492.187 31.899424723030066
493.196 26.950572508616872
494.206 23.541107072169726
495.223 18.433409442301397
496.326 19.688515606480514
497.337 19.969176264128777
498.346 27.358914516437274
499.366 16.039569794116602
500.386 16.763440254633135
501.397 12.837327598363121
502.406 20.212929381462654
503.416 18.237916859249683
504.417 23.667315116971455
505.566 24.637690240640108
506.576 24.06832481260057
507.579 34.09513272123988
508.596 36.95092479490779
509.606 34.35145635242312
510.607 41.77795624999922
511.616 38.060579472723525
512.617 34.16325486458795
513.626 14.376743025728665
514.627 24.69632881779937
515.636 34.38550140328112
516.638 47.49298743226712
517.666 29.541625987780666
518.676 29.16754617123907
519.816 16.33886365852532
520.817 33.957452124497664
521.819 38.12087439621537
523.138 5.778859808075422
524.146 34.41961400400903
525.147 34.16325486458795
526.156 32.343791364743836
527.157 45.07080009238503
528.159 36.88729030709735
529.166 31.589723252859514
530.176 36.34243868585074
531.177 35.89512704622618
532.185 33.72163648469715
533.197 28.583726991262207
534.206 30.82982158196948
535.224 28.61762304320385
536.226 32.68997836247446
537.235 30.097910322484584
538.236 39.51412610844134
539.237 33.83709964475858
540.239 36.59632797804622
541.246 33.43091181880201
542.256 30.883985828639297
