0.0 59.02123533572204
1.05 65.54150965930477
2.051 39.85253046199111
3.052 36.45754477475705
4.061 42.24263740627136
5.062 49.127618461592874
6.18 38.823508256616115
7.181 51.89762633789914
8.19 49.197804267454444
9.201 48.04354931897229
10.21 28.305771609991716
11.22 28.287897252835446
12.231 8.734883478664084
13.241 9.05182634581045
14.261 20.62596144610036
15.262 9.65348882900753
16.271 9.267032562515858
17.351 6.012368734281823
18.491 8.355193969337897
19.502 37.10278474859691
20.511 29.435925069348134
21.512 35.54805506195437
22.522 32.56604694505071
23.532 34.08853285581844
24.533 39.32656279285595
25.542 44.298779073194794
26.622 18.792168299767585
27.643 32.48724666995399
28.652 24.93074123224841
29.653 26.98538486457702
30.663 22.18310283970545
31.673 24.02234251754745
32.864 32.82898397332769
33.874 37.80291723784558
34.883 26.336188483056493
35.893 34.97412751251457
36.894 36.33482530778838
37.895 44.698716523222274
38.896 59.075102922474485
39.904 42.069628972566846
40.905 46.082582413719486
41.914 43.367522085219704
42.924 34.5633815297498
43.935 30.572092175383627
45.015 39.218751573961995
46.025 44.87639542658637
47.035 37.28859183321836
48.036 35.65920437818968
49.045 34.23653696704875
50.048 27.12068261316826
51.085 31.105496552187454
52.095 29.357716652462496
53.101 43.375116626111534
54.106 30.46594286151696
55.126 17.57026345409604
56.146 6.983282521228756
57.187 12.225727316760326
58.196 15.187636699655034
59.207 14.86988462849689
60.217 22.37315509995475
61.257 19.230330151676224
62.276 6.087954217990878
63.277 12.973742723334256
64.287 29.600404553671265
65.308 16.28109410044771
66.358 12.929214713957046
67.367 27.28626254513812
68.378 28.84847761210575
69.379 40.389878607210754
70.388 23.030028595930784
71.389 24.904085465319167
72.398 37.2833975757252
73.418 32.31061849115608
74.419 40.21860244247147
75.428 28.547006497460085
76.429 32.778236860296985
77.43 48.466602476397526
78.439 43.670100633805454
79.449 33.431151298870255
80.45 19.68518881286688
81.47 26.275726641821542
82.48 41.91752047462596
83.49 30.60292552668572
84.491 65.98077580356423
85.5 71.54966551954425
86.511 35.95270678119388
87.61 41.29055630388186
88.71 60.64886343669722
89.711 46.964948658615725
90.712 49.46998111689722
91.72 54.626664500016446
92.721 34.40962810539449
93.731 40.63170696317659
94.741 29.65698786741552
95.751 30.08803616891203
96.761 26.23059563432659
97.771 27.452494439228875
98.772 32.128791025835
99.773 42.82586951062715
100.792 41.0375142500354
101.802 33.408405182458466
103.002 39.31266407022356
104.012 35.74561561957405
105.013 34.626995198418335
106.032 38.48860032140428
107.033 28.128364011523242
108.042 43.50356952951714
109.043 30.099083118255088
110.123 24.871692731664105
111.133 32.74294029494147
112.143 40.79168171440113
113.154 31.110510453095735
114.193 24.233552524991794
115.194 39.78197151040968
116.204 46.885009077062946
117.214 47.855760681423355
118.215 52.4609599033693
119.216 56.306043419412596
120.224 47.55553872775441
121.225 52.299736492409714
122.234 62.865585906834866
123.235 52.56186679117602
124.236 61.714424998458
125.256 81.73992128640036
126.266 56.037219109337286
127.275 49.327453906750264
128.276 62.27396507213734
129.575 37.278878580734194
130.611 32.592145571163684
131.615 21.730760620497676
132.625 17.551918385166093
133.645 26.48271593081486
134.717 34.78961763663548
135.726 51.74093180721408
136.736 45.60615098965209
137.756 57.03243633449946
138.757 54.48971943794217
139.916 44.805184198896
140.917 56.046568564781204
141.927 44.294207642200085
142.937 55.80430639884874
143.938 48.03774820304094
144.939 60.035615103008475
145.948 57.89148058778489
146.957 52.58243135281882
148.138 51.25177934186314
149.238 51.64688030846821
150.428 47.92732746034848
151.429 54.48971943794217
152.43 43.184923530760486
153.448 50.44925077385357
154.458 56.57579450567089
155.468 47.03840437325062
156.478 47.060774520660765
157.489 34.425717239489664
158.499 32.40250048961583
159.508 22.806481757809287
160.519 19.78194199579179
161.529 16.972738351701267
162.549 8.657810977377217
163.559 11.057996198820572
164.579 8.148527978717741
165.619 7.492336422722982
166.629 5.143254045963609
167.649 5.347471486031293
168.65 5.448971943794216
169.69 5.244635495920327
170.7 6.943392962063926
171.72 5.092829986689688
172.911 15.682055869794059
173.921 30.401030247322595
174.922 25.247396493630553
175.931 29.87981984311405
176.932 34.00922502224911
178.131 33.442399007850604
179.132 44.465227089078724
180.133 44.559116016538425
181.284 40.89158539544864
182.291 51.924014275161
183.292 46.34395401412763
184.293 30.60968714462872
185.302 33.112404971320984
186.332 30.76464871571723
187.333 26.064135326392112
188.342 27.80109768740518
189.382 26.673557449216702
190.383 47.483898367403846
191.384 43.98952318907939
192.393 41.11229577622847
193.503 46.16968936361523
194.573 45.38625664007114
195.574 47.50286582754466
196.575 46.97576011075359
197.584 48.77347925054097
198.585 47.41447746347834
199.614 61.3366783528937
200.624 43.39808585725511
201.625 62.53343992653139
202.626 47.426806312569866
203.634 49.21553263915568
204.644 45.26984684168326
205.645 59.93869138187878
206.646 48.80744773474821
207.665 58.370128964204866
208.666 46.76028976374382
209.675 58.69120622912471
210.696 47.134317859794926
211.815 111.46916362779328
212.856 26.70520377490283
213.857 32.69098654388658
214.997 22.57169799037037
216.216 28.64894610452906
217.226 31.381745026548042
218.336 25.379551161360727
219.376 26.213501704070875
220.377 32.453513943066
221.387 31.62725269396385
222.578 26.581955109918045
223.579 33.07431891290522
224.58 36.76405893044272
225.737 23.44799191297919
226.748 25.873186096799945
227.749 27.800606300622253
228.957 21.588888408970977
229.967 29.413736013060277
231.098 23.01470624029522
232.108 29.287974428407182
233.158 20.58833960052277
234.178 27.5984477635235
235.188 11.608414614268007
236.258 6.445980885707976
237.378 25.030722898385896
238.379 28.34364468388414
239.419 33.58607758344578
240.42 42.54154728340116
241.559 36.432937534429264
242.63 30.99840106560337
243.689 16.366515719315945
244.919 22.129839055786746
245.96 22.522535727588203
247.03 33.354717180255285
248.22 33.31862760925362
249.221 39.729621320373575
250.3 32.64996884007793
251.46 36.964119360495005
252.52 33.860681537226824
253.64 31.52747156484778
254.671 31.776760669096888
255.801 30.155319623065168
256.802 40.761071801786734
257.821 23.051833503555457
258.991 29.312934583466912
259.992 37.918797902533846
261.332 20.844263689840687
262.341 33.50643449916738
263.342 29.471449862717705
264.343 24.165871917493106
265.552 18.28821701926898
266.561 24.6356895132578
267.572 28.803405973745868
268.682 22.107898905773634
269.702 27.35497475098784
270.703 25.183476152861083
271.712 29.790062400506375
272.722 24.14490836699186
273.733 28.276067807071232
274.743 23.686978291750474
275.753 29.82448199582505
276.754 24.716876633871735
277.923 32.89962974082389
278.933 30.45592170139009
280.143 18.96006626101909
281.153 24.614305492416623
282.224 23.87911119383497
283.225 34.12435750516145
284.254 26.42231710149844
285.284 33.86754711843935
286.354 34.69547836553354
287.355 35.87524374914607
288.395 23.16599751525917
289.396 22.01363421740354
290.535 22.36764529112047
291.545 31.99401031991162
292.655 21.866891009709573
293.665 33.676470981903904
294.666 35.784768964179456
295.667 42.24868969911181
296.675 44.05246749599014
297.676 43.49048931343912
298.876 36.725288651490935
299.897 43.8010003826874
301.056 52.26411448948024
302.246 56.70480079627602
303.256 47.180520603423474
304.277 45.35264339690789
305.297 55.99339477792948
306.308 54.37442429640609
307.317 45.89935938070529
308.329 49.86920285716121
309.337 40.91405622242565
310.339 46.68103133546969
311.407 43.427897583064585
312.408 51.11654632987004
313.409 40.92020879232069
314.428 36.144270273931006
315.468 46.13774927137766
316.469 65.38766332557806
317.47 59.61377878999892
318.478 57.28834315262366
319.479 65.38766332557806
320.48 46.9144952145937
321.489 64.09697522399682
322.499 65.31932638385886
323.5 42.918620390668266
324.609 51.87352244153172
325.619 52.718353971085456
326.639 36.32717863206505
327.649 41.403195069998745
328.65 36.72005442282111
329.66 33.688314001065194
330.669 17.504394840284
331.67 12.666849218564428
332.691 7.886154954898055
333.708 20.43141233598839
334.758 10.884105228709569
335.768 27.008663196422948
336.779 51.085321500502936
337.989 50.94701862002552
339.219 45.52374197708072
340.229 47.832262627482926
341.249 14.726580570082444
342.259 15.944087542494309
343.279 20.88060294544196
344.299 23.934811805777226
345.309 31.63101238279367
346.32 23.960646250227555
347.33 28.80222265746266
348.34 22.64761236995997
349.36 30.81162141950347
350.361 25.93363920071825
351.362 50.33812176645052
352.37 42.48872422428228
353.45 35.04296810767289
354.451 44.37020011372579
355.461 37.61606071285243
356.481 38.464640866657994
357.482 51.635496038895496
358.491 29.679041664393274
359.501 31.63101238279367
360.513 33.3650818297768
361.532 21.727627999876624
362.542 26.23059563432659
363.793 14.452905773002682
365.262 7.2492222615242525
366.322 5.145680109204848
367.382 3.920518178430488
368.482 6.374779362597799
369.483 67.72293701583662
370.485 96.10694680204055
371.487 101.71286955664839
372.489 105.24165439564328
373.492 99.07299636803937
374.493 99.86538461283061
375.643 103.10175004936505
376.644 129.99690208797395
377.645 97.49255535158818
378.646 118.13294545617336
379.654 107.89527202744611
380.735 107.4902283087268
381.804 113.2171866095639
382.854 108.24596339960524
383.875 52.65916373112332
385.065 59.881597095427566
386.066 73.95033352295542
387.067 64.58837455600366
388.069 113.53656311658035
389.07 113.0092654536517
390.075 111.29333765427766
391.086 109.71676202267469
392.087 112.60715529890378
393.093 101.34713466452594
394.094 113.9149616744262
395.095 118.06105878252448
396.111 88.32930871923513
397.876 51.39599053493004
400.576 58.07526276705677
401.577 80.43720488470561
402.587 64.36662128493231
403.717 45.623713393632606
404.787 44.05614204991602
405.806 55.685384754000374
406.808 36.09372939218869
407.977 52.95118129272659
409.167 50.86017209746371
410.168 58.84351023434502
411.268 42.692708456860466
412.398 43.85579134918827
413.478 41.64901430445384
414.558 43.422135680276774
415.708 47.24384520254543
416.709 61.90618602029176
417.858 42.74210035856186
419.049 50.60448876857857
420.05 56.189583214195466
421.059 41.90487092958343
422.06 50.144274324191144
423.069 37.067001225517366
424.139 43.19518740839363
425.149 31.378173322337705
426.209 31.496692186026042
427.211 41.083635419664496
428.212 35.921334677193315
429.22 42.94925810748187
430.229 49.569253306515385
431.34 33.38603503528565
432.42 40.349147216119405
433.53 45.00450427622577
434.531 55.62966379145572
435.69 40.69697340606207
436.801 46.232036609559074
437.802 52.296701698739724
438.842 40.230049304599994
439.851 42.5064527827625
440.852 45.50160911017597
442.022 39.02992857648612
443.311 34.51994720923082
444.491 29.985039817392664
445.661 26.258878454559326
446.662 40.17933979988506
447.826 30.842668661456166
448.883 49.83964184119469
450.052 45.329811623940046
451.053 47.1314829583198
452.054 41.41810462054238
453.056 45.996231442376164
454.063 35.52158857997758
455.064 36.31965133967573
456.065 39.49271774349961
457.103 36.407663826587246
458.173 28.87072629242146
459.183 30.572848017708427
460.184 30.88433596713543
461.213 26.65425042963443
462.214 36.66391074099416
463.239 24.508606889997083
464.243 25.354823351284544
465.244 22.169357065017216
466.254 21.41631434360018
467.255 21.235399328609162
468.264 15.779433674336682
469.294 13.9753010400658
470.295 19.307926031022102
471.296 30.928909498466346
472.305 30.371698155222706
473.306 38.05858808362924
474.315 39.90085255752926
475.325 21.880635889401344
476.435 27.864207441096553
477.436 28.723373235523493
478.457 26.614471258912342
479.465 25.511881918713502
480.576 30.085370207957546
481.746 33.655471353630304
482.759 33.45828378034585
483.766 13.785051437949772
484.786 11.998677666016448
485.796 14.2234660409322
486.846 21.868024819547387
487.847 34.95873607599636
488.897 20.881996347115958
489.967 24.751381280079414
490.968 37.25285037765442
491.977 78.43012859707261
493.108 48.77161667653658
494.109 62.96475996961136
495.117 33.23981000239648
496.118 32.466222141455276
497.138 35.904451406098225
498.139 47.43420362197732
499.14 67.0943553872922
500.141 71.16989354380904
501.148 61.58804935096676
502.288 46.66547459195843
503.289 40.21860244247147
504.29 46.039526279104905
505.299 46.592580383594154
506.309 23.192955205736336
507.319 26.744921038953805
508.327 22.180404293342093
509.329 32.40198719083416
510.519 18.939519937358895
511.52 32.434356808276306
512.521 39.02422147849618
513.601 39.610434542879865
514.61 32.177196397505845
515.62 20.78562657589604
516.641 44.26422458571607
517.65 15.975883926034314
518.8 10.163517234315481
519.81 11.829484305713926
520.811 25.106278590230367
521.812 45.73339147271698
522.813 28.69549106902156
523.821 26.0249675212488
524.824 10.358298278022579
525.831 16.63848336469418
527.062 12.659674865375823
528.064 43.80748668200398
529.072 42.168516616302036
530.073 44.86714756894043
531.082 37.39385379954153
532.092 43.20333398607533
533.093 35.972357144924636
534.103 30.312113611303147
535.112 30.117855828200273
536.125 27.425922756304814
537.132 34.82039171634528
538.133 28.376458389832816
539.143 49.37523884136456
540.145 39.142926923707016
541.163 42.28191629222124
542.164 39.216172174978816
543.313 42.60527910508321
544.324 44.70205074377243
545.333 29.881701550453506
546.334 38.66175331563244
547.405 32.87293407439175
548.414 45.048074956555645
549.424 30.922687044752642
550.425 44.37020011372579
551.426 35.54805506195437
552.444 30.098523410473817
553.445 45.1486246771453
554.446 46.964948658615725
555.447 42.501905291754326
556.455 41.11785894712947
557.456 28.461242936519852
558.466 37.54575453565064
559.467 41.61252108674839
560.476 43.657305023327574
561.616 37.213897703450094
562.627 49.58330915821182
563.636 26.5772352000757
564.646 39.60305615392216
565.647 35.92550751828189
566.656 46.0777452413271
567.668 35.294493107033375
568.669 48.262322930823366
569.697 27.183836159766845
570.788 8.332448694997899
572.437 3.6227347327991475
573.438 23.612211756481162
574.517 18.651217715945513
575.518 29.32065855483557
576.528 25.443316835368492
577.537 29.860438256948076
578.557 20.645320156587722
579.852 18.994931155703707
580.858 40.27689400996071
581.868 28.857490080294472
582.869 34.620546262017925
583.871 32.042344081422875
584.878 33.37369003966144
586.118 31.34490765800827
587.119 17.38481524926743
588.138 21.155985607139876
589.139 16.53279694059649
590.159 23.936300937398816
591.16 25.287417834337806
592.17 23.802964685896953
593.22 35.20300661437193
594.229 37.062296957168726
595.31 31.469345076039804
596.45 27.977333780097727
597.451 45.667574386170756
598.46 49.986051493833706
599.461 50.820653952148014
600.47 38.81868263651559
601.471 36.279819673380025
602.632 31.56031598775099
603.641 46.0777452413271
604.642 35.71515838560507
605.661 32.853413709069336
606.662 37.929040330962415
607.682 37.823755865010575
608.701 37.72392614274374
609.711 10.23199260679017
610.722 24.40629207267157
611.732 26.76785513974776
612.892 27.153701288045216
613.902 32.40250048961583
614.922 16.1086808131662
615.932 19.80152807696108
616.952 12.764835861378716
617.953 20.498513502874296
618.962 8.803944373412843
619.963 8.043720488470562
620.973 15.172599435600953
621.974 22.077175208827796
623.003 8.650356636514863
624.004 11.676368451007951
625.033 6.3103578552314845
626.043 6.686230259750319
627.064 7.886154954898055
628.073 6.692856850705898
629.083 11.119091139065686
630.093 13.115297817210763
631.103 8.794475659090951
632.113 17.229901053991142
633.124 8.839299440437282
634.133 20.059941648911238
635.174 18.987704286981998
636.204 12.608462588405589
637.224 4.0742639893470045
638.244 8.555247040155919
639.264 18.027426847637386
640.284 14.306459324453405
641.294 19.287202672381333
642.314 17.416324477519943
643.334 10.083840601945141
644.335 12.454793014403734
645.336 13.752167286753773
646.346 7.226497515903083
647.445 5.199413325805335
648.448 30.529153351259833
649.449 49.528211219387124
650.476 40.82969319151872
651.492 18.917657844275656
652.736 5.752857032524291
653.746 17.487063756281017
654.776 11.347616329569776
655.786 13.655753057793152
656.986 18.47648378115399
657.987 16.606390685871645
659.027 9.989781896971886
660.028 29.113344215591418
660.48 28.79538019080174
