0.0 46.27102793759941
1.001 65.13977232246965
2.039 19.488172864910485
3.05 37.30560307817928
4.051 24.669206371701176
5.25 27.656921568837966
6.251 36.843396606203
7.259 36.07452326173925
8.26 33.46593219726433
9.319 37.577911610699275
10.32 46.85015581615992
11.321 49.170770462952994
12.409 36.84090631648176
13.421 47.2380441533136
14.431 50.178958541076625
15.521 38.78027351606074
16.53 61.254395888235614
17.531 33.44287649907143
18.54 49.610540160022076
19.541 46.2784526541448
20.559 48.083363129442894
21.56 45.183306986314925
22.571 45.07338802010974
23.58 48.44130863427123
24.601 46.377610260189876
25.602 50.867708932891176
26.603 49.45720820592819
27.61 47.89619311435199
28.65 51.36884553891407
29.801 46.553431128594575
30.88 48.998259978990504
31.981 50.90425114469221
32.982 49.021689973255896
33.99 53.91620223200314
34.991 49.43532483118161
36.0 49.190686797115966
37.001 48.19363870835877
38.011 57.22012797343198
39.012 46.591072291495706
40.021 44.512791503306666
41.16 44.59078607361241
42.17 55.89558797408999
43.18 46.46327527954073
44.181 48.37945200564874
47.83 6.2324888433801835
48.832 22.22947237226426
49.84 61.54877676086807
50.89 52.48917060185318
51.891 76.78094607479677
52.893 61.987211145191566
53.9 72.77422986960715
54.94 67.15330656095355
55.941 83.26878048998586
56.951 60.69646453332209
57.953 67.93140153154617
59.08 58.6387013297325
60.16 63.15762524023088
61.2 69.77693511858189
62.201 76.04531299023827
63.25 83.3036706221416
64.251 81.08220151272104
65.252 75.1834597270975
66.261 78.58177906478707
67.271 56.42540397387568
68.272 52.04413570636384
69.291 49.324449935652815
70.501 44.14785568324634
71.502 57.73459465847214
72.51 45.81717857971983
73.511 51.8542192765228
74.521 39.027261247941226
75.531 35.762579983456106
76.54 33.411488666354785
77.551 27.675043220370526
78.552 27.79813816894832
79.561 30.507405987446607
80.721 39.19055006641384
81.911 65.34433130441937
82.941 61.16154630070966
83.951 71.10262396118281
84.961 76.55841196450957
85.962 62.39047799758203
86.97 31.09104602155447
87.971 50.27998401433898
89.031 54.28710418817999
90.171 52.78587292943084
91.281 54.49338189261082
92.391 59.065258737441745
93.401 59.86920797211596
94.402 58.59390788715324
95.411 72.20314812675696
96.421 69.55364801749565
97.422 58.68613068016933
98.423 76.77000438766797
99.424 56.28325799136521
100.571 51.28221698623024
101.581 60.39902397190165
102.771 33.70448051948749
103.783 57.371429182980386
104.791 35.03723665034341
105.801 17.64930184560973
106.821 16.525584345263628
107.831 25.69607598801693
108.851 31.47730351469473
110.031 22.320954029602056
111.041 24.636443988690022
112.211 30.01491750565057
113.301 29.701290518338705
114.311 34.70294798388473
115.322 27.67852540413296
116.401 29.9609434584497
117.421 36.46120990455399
118.441 30.120304995186288
119.453 38.33574761075515
120.671 23.658115410816354
121.672 23.52150152755285
122.691 22.843440578222665
123.841 13.29945085761769
124.892 55.327375857687656
125.902 61.75280454740112
127.082 56.10686418213626
128.131 55.160276621786
129.141 42.176916670497896
130.432 17.82332212960388
131.439 42.66673617287532
132.462 23.0156627850293
133.471 25.986713407056175
134.472 24.438844776410193
135.473 33.14393397063154
136.481 29.53317580039353
137.483 48.86521518696255
138.491 28.55817295303772
139.521 17.14443424446243
140.551 11.94915114009914
141.558 27.89820594530876
142.562 42.739291848288765
143.642 56.7544662420913
144.842 44.708729372461846
145.843 28.148858324660964
146.852 44.088867540091364
147.872 43.01553001149254
148.892 46.69133354702536
149.901 32.3647628308961
150.902 32.8408883093961
151.912 28.61006398671599
152.922 29.879608465627758
153.932 38.86517937960263
154.941 41.896946105343645
155.942 32.39638226233149
156.953 34.57266910399787
157.972 32.295898748622015
158.982 27.100979160010535
159.992 22.517179989547255
161.002 20.002103160323013
162.022 35.41196645427605
163.024 44.234083242335544
164.032 54.54447272354711
165.042 47.23689184359648
166.062 45.64209009650293
167.063 48.23818700689764
168.072 57.827919482281786
169.074 62.06938709333657
170.075 75.03144842829566
171.082 60.79746246781238
172.084 36.597771013919285
173.092 43.53111220199367
174.102 32.46497886502533
175.123 49.79024992804353
176.132 45.305007890385454
177.142 51.92196797581954
178.152 44.92746727733404
179.153 58.00188444872743
180.155 51.96955314720664
181.162 52.39245785705578
182.163 52.399349769517116
183.173 55.20465833694972
184.175 54.33177007345926
185.182 45.894529855673476
186.183 53.725247807331954
187.184 48.84916301096529
188.193 57.276837713785994
189.282 55.47201989992954
190.293 64.57361769507479
191.302 53.04360706208714
192.502 52.86501528147063
193.513 73.83622679065873
195.993 20.30534451839056
197.002 140.88038089316828
198.003 48.11216221539344
199.102 44.93293624086012
200.103 53.725247807331954
201.104 39.444391990439236
202.112 43.00024498012249
203.123 41.24472685437361
204.133 47.01381142253115
205.143 55.63067997407491
206.153 27.036301329495632
207.202 14.538373263030252
208.213 3.9696896123931205
209.215 40.36732425141092
210.223 36.62983831644591
211.238 47.45105118454021
212.363 53.619725306352095
213.364 58.80375381875988
214.373 50.617335343175526
215.374 49.27901501250615
216.375 45.3992099234536
217.383 55.19602686511955
218.395 49.70099418119864
219.397 53.75146343653844
220.403 55.15586565459533
221.583 66.10146964156617
222.584 60.95516308676771
223.593 59.50151779029304
224.603 65.30698687904214
225.613 49.80270397692125
226.623 45.03435997909451
227.634 25.823101765222294
228.635 34.48038292117458
229.642 23.381353554208935
230.654 35.1979145632679
231.655 53.78835789662309
232.783 61.24580858483772
233.794 53.45848678042294
234.803 25.397057853187874
235.823 19.935625559388154
236.853 9.351509587893045
237.854 40.36075830287943
238.863 50.12149743814925
239.874 56.966013211350386
240.875 60.11968710556969
241.883 63.576006561731496
242.884 42.76636641371023
243.894 33.587739525439396
245.035 65.5001359790441
246.036 77.78132891490645
247.053 28.150056584812877
248.056 33.125228804831615
249.283 33.58092119068607
250.394 11.447130975544484
251.435 67.50006653963798
252.436 101.89290000839308
253.439 81.75511216553484
254.444 78.5368498966425
255.445 82.17070401305122
256.446 83.66092274781006
257.474 67.8186681183847
258.513 77.54730141058668
259.514 78.50777879775009
260.515 95.89216606607098
261.614 67.32741784034292
262.615 73.47792421716763
263.616 81.51322583795269
264.943 52.952936835769634
265.945 60.08018260685704
266.946 83.6187190966528
267.948 76.31900883090974
268.949 82.21896466974054
269.951 51.928367576897465
270.955 82.83490611833098
271.956 103.8383710900228
272.957 100.76082614589228
273.958 86.40689548894785
274.961 139.24705453165
275.962 95.44375227353338
277.154 85.19183629124278
278.604 26.013303184425748
279.643 150.8224676090832
280.655 62.13034957597558
281.665 72.05497596645343
282.674 65.20501056453908
283.675 101.83741002272541
284.676 75.52382435740451
285.677 88.84532866165404
286.685 103.9108556980317
287.695 96.95632795491406
288.696 75.35989443510559
289.704 69.82630839686585
290.705 88.74021030852818
291.707 65.57952979586692
292.714 65.60953396951558
293.715 70.40799937666056
294.716 88.47292051851736
295.717 69.96075790756926
296.725 67.0648674966456
297.744 103.97703987319495
298.745 86.08821884582042
299.925 11.337164401512597
300.936 170.5999260035078
301.937 68.96076584210468
302.944 103.3562105975496
303.955 84.1935958041905
304.965 62.78319597081502
305.974 64.171271882995
306.984 49.2943827051764
307.985 56.93272528819521
308.986 50.778026174579246
309.996 45.03435997909451
311.004 22.43767746685479
312.006 26.702303380771024
313.024 28.648056686224344
314.236 10.596319995078186
315.294 14.161811411206655
316.304 5.476314500383572
317.324 20.19793642199431
318.325 43.033656203721044
319.375 20.374497710244743
320.378 49.61676655725179
321.514 41.71764379907989
322.515 48.37945200564874
323.525 38.61518213713262
324.536 56.10494652201836
325.545 47.87568900686473
326.546 62.813100670144536
327.555 49.081555936865186
328.556 51.192637968628716
329.565 55.685814444006134
330.566 43.39531804705146
331.575 53.034108994291564
332.585 33.409585022423784
333.59 41.53124821944884
334.595 36.17325636368701
335.605 42.17091363844587
336.615 45.15984271594376
337.625 51.15551632119223
338.677 52.110508688959975
339.865 55.28041833721803
340.935 50.85898607824101
342.146 44.75322119772982
343.155 50.38240354457699
344.165 34.79066971186821
345.255 26.510063343108655
346.256 39.291599142591686
347.265 27.315086027593267
348.276 24.082783648567162
349.284 25.481626654950784
350.295 19.319156113695417
351.296 18.439869319550944
352.305 35.532853026224245
353.306 23.391178216150593
354.316 27.972774346726098
355.325 20.545677444209527
356.345 22.82104504822702
357.375 6.494103880478565
358.565 6.070622820701604
359.585 10.754745367561444
360.596 10.585838966406103
361.605 11.667503978719695
362.625 9.77223011896609
363.635 9.2717799956873
364.645 10.596319995078186
365.685 8.876819953533184
366.695 12.715583994098711
367.715 12.03351082285203
368.716 19.244864886181826
369.725 17.933708808614547
370.726 21.96641421811337
371.735 26.92469605863535
372.736 25.963647058409485
373.745 30.344775806785826
374.755 28.31998198111637
375.766 25.738948988314927
376.775 24.24275186249897
377.776 23.342917559607958
378.805 18.201161896309596
379.806 18.52075965074422
380.825 17.400906792533117
381.846 17.03350655430366
382.847 15.489521490370931
383.856 14.53979720635665
384.886 19.742075796668527
385.895 16.5471847529236
386.896 20.093041040240443
388.085 13.459015040727275
389.576 9.15185182674332
390.596 9.967812779694077
391.606 3.168051811399744
392.776 11.662744507406527
393.806 4.528972855364906
394.538 14.620605457692516
