0.0 21.817102940688006
1.001 21.477334004060484
2.01 20.05355853588232
3.011 27.899208636085238
4.06 15.42492831667753
5.07 18.43589564912197
6.089 13.9428842671896
7.09 18.31055239126672
8.11 11.781332743738526
9.13 14.493027786947305
10.322 14.85359163665013
11.33 19.743935326094086
12.331 19.611837316588222
13.34 21.66836305437983
14.51 16.694226518191282
15.53 19.894751275945257
16.541 20.84859590519696
17.542 22.434531524267594
18.57 26.57724326417054
19.571 19.007558342212892
20.58 18.556380187892533
21.59 19.520226619484493
22.76 21.183331522738538
23.94 23.23350458015976
25.16 23.743938739797322
26.171 27.024140529644843
27.172 21.843335721224634
28.18 25.327220698383826
29.191 17.179442513809924
30.29 18.25029792918668
31.3 22.61632380861372
32.321 17.78608604764465
33.351 18.293909930514708
34.432 18.376704251802504
35.44 22.216860261729426
36.45 17.48317555290388
37.571 19.37801720747887
38.591 17.841239315821266
39.83 16.88415317275122
40.84 21.507680484694166
41.86 20.097133345627928
42.861 25.951778588435854
44.37 8.451597090365281
45.381 8.417355246971768
46.382 13.425950386856458
47.391 33.81744292594319
48.392 35.25505815936124
49.401 44.22224836990468
50.41 38.9556785437836
51.53 42.26553035831689
52.531 55.0636336642658
53.532 30.415102476868697
54.541 52.492098256587646
55.551 40.8930545829615
56.561 44.06419590361079
57.571 25.250162114854547
58.572 56.19009471311609
59.573 50.98250191725004
60.781 30.45963291320236
61.782 54.33866243464043
62.792 59.4462978587232
63.961 35.044103773389566
64.962 51.78466385749289
65.973 46.71612731422694
66.981 41.682760026699334
67.982 60.40500188671426
69.001 39.9268684491127
70.081 27.50365015736987
71.091 45.01091895252539
72.092 31.572308978424754
73.101 40.3946116569723
74.122 31.67327860903162
75.131 35.51174651169596
76.141 24.611233462491743
77.151 26.829168439794508
78.152 17.436269469228368
79.181 31.992278777045893
80.191 8.425689262075093
81.192 26.22570748736967
82.193 49.779340776624615
83.201 59.98600991870536
84.202 57.113112448311774
85.211 34.83519322695148
86.221 45.66362460553047
87.222 52.82036040536683
88.224 49.452084244617076
89.232 57.55709645320697
90.381 59.60476982812823
91.392 72.32264039723253
92.401 47.285720581140794
93.402 41.36882410723611
94.403 54.58822392725137
95.411 30.798934557667664
96.413 39.6599546548568
97.419 48.84180410277473
98.422 70.3319787670272
99.423 52.22098762025392
100.432 59.51170363198531
101.433 42.531918035718824
102.434 42.29985528481941
103.441 35.78434487005512
104.451 30.42331949296078
105.452 45.41561252955812
106.462 32.6031903363809
107.472 34.41559525575485
108.481 34.18005601754829
109.491 25.942253780577012
110.501 16.02864847845831
111.511 24.833610456657457
112.522 23.503238467831213
113.531 20.09914881718055
114.532 30.202500943254815
115.541 29.421469005407634
116.542 37.36161227800985
117.552 28.650974135879906
118.562 28.60299775802487
119.571 22.543339520802718
120.573 23.243891167399628
121.581 21.99469165925742
122.601 13.358500546165455
123.611 19.290393836834596
124.621 12.86026255789655
125.624 8.931044922799703
126.632 6.644270373028559
127.635 10.270701661211474
128.642 42.69873155534136
129.643 39.88977159189823
130.762 20.27403183073011
131.772 32.56218349990207
132.822 30.925869484361737
133.841 11.277847890781802
134.842 33.11088992298626
135.852 33.66418144727956
136.861 27.261203541205226
138.159 18.633407361651567
139.282 26.861315880509707
140.532 20.78218429355002
141.542 40.16903269284214
142.562 38.05617475431154
143.572 37.02868702018181
144.634 17.736515161212168
145.642 29.300595721634743
146.652 20.967135823172047
147.662 30.155098411553173
148.672 14.692765689559321
149.682 20.399037160795075
151.063 9.0810813038409
152.073 9.803389299149476
153.132 17.340479714842246
154.142 13.503729516382176
155.153 22.59395355756521
156.162 16.628446690998157
157.172 23.724967132737905
158.213 10.957262475615693
159.216 40.18970215255774
160.222 27.806921721105343
161.232 41.019802986455915
162.242 20.7321164049766
163.243 32.216001006193046
164.822 17.30577964627367
165.83 30.890692789132334
166.842 24.25265859931548
167.843 22.148500691706555
168.853 20.167259389856525
169.854 26.021446475508064
170.862 31.412659081963206
171.872 29.66560969248036
172.873 30.649945401753744
173.883 32.086795945896434
174.893 26.65249867025872
175.902 27.52160354660529
176.913 17.64043455728763
177.922 25.08017097386481
178.942 17.630993073713505
180.002 34.121302625278084
181.003 48.324001509289566
182.013 28.30509038533343
183.022 33.40145188954728
184.023 46.98166813399742
185.024 43.4724345124214
186.026 43.68767373481857
187.033 35.599670775171106
188.043 45.67610494704082
189.052 33.17009338031907
190.053 42.05977909153238
191.063 29.60839462043326
192.273 32.0295420276984
193.283 43.90227562860583
194.393 32.190092054489774
195.403 48.115120259786615
196.404 36.657410582923994
197.406 50.95776140539007
198.435 42.13328515397048
199.436 51.14865819274757
200.443 52.52579936469915
201.533 47.46821537088125
202.543 45.097795096153526
203.544 37.69098111554159
204.683 45.5623752147819
205.684 59.957557428215345
206.685 40.4394283260668
207.693 36.65781943202749
208.695 48.05227500931164
209.703 35.27592422762022
210.713 46.127504312118944
211.714 58.83894628227497
212.716 46.510328281719055
213.723 49.1480191340095
216.224 9.510428257418374
217.233 119.91477027248952
218.234 38.92766788244915
219.243 32.84836552319598
220.244 35.2504790492793
221.253 45.18240240782404
222.254 42.05977909153238
223.263 43.24635676127405
224.284 36.07530684697564
225.303 11.208286087729398
226.323 21.0772660177631
227.334 27.923293609198094
228.343 25.08017097386481
229.353 19.068665172050682
230.362 31.111716516220053
231.363 36.12786922456562
232.364 37.762775018074755
233.372 40.066353519534935
234.382 34.98012810620449
235.383 35.73619178382463
236.393 35.73445939716392
237.403 38.98307608452528
238.603 30.561064741323825
239.693 44.81772570461517
240.793 43.170463471008304
241.803 45.23264761743207
242.812 25.83249173663703
243.923 24.29481923136493
244.952 20.02237855432341
245.963 20.157350723003262
246.964 39.37511234094808
247.965 38.609092661495296
248.973 43.54504611316157
249.974 43.62583469597167
250.975 26.899490809319055
251.983 28.659749737714858
253.013 30.266969857741433
254.023 42.79363230468628
255.024 34.17945793882229
256.033 42.392147398193806
257.035 43.58589022008419
258.043 43.60140028348132
259.053 34.79438172479139
260.063 37.47214434979056
261.083 36.77928994347447
262.088 44.073945842836736
263.093 19.386365945473322
264.113 7.6844199023286475
265.114 40.94116794538737
266.115 52.64766254441796
267.133 59.435350453442965
268.203 60.59786877084736
269.205 71.88317768266043
270.213 47.145866476684205
271.214 58.25887117476528
272.333 61.854639773332174
273.334 79.73947597165373
274.339 83.56127062390347
275.443 59.347889496776084
276.444 76.32018915284709
277.454 65.12566365873145
278.564 67.56900408809354
279.565 86.6694682689727
280.566 52.55231893356429
281.568 58.99522815829221
282.633 45.97307939494882
283.663 43.48465076489092
284.684 48.65816505358319
285.854 46.284905675408034
286.855 64.879446470885
287.856 66.58025873979604
289.034 54.99926596090779
290.035 63.86958918627024
291.144 58.75748525509026
292.264 83.23415149882096
293.266 85.15310129580881
294.494 68.62416012945852
295.495 109.62389231279705
296.497 67.42136743333135
297.503 94.3867628332148
299.017 24.982900297867545
300.024 148.67922797667657
301.025 79.86883582783652
302.026 70.78420875733863
303.027 75.27713332090559
304.035 75.74633877284606
305.036 83.46294652346225
306.134 72.93438893716758
307.135 78.9739469110433
308.144 62.574689114375914
309.145 68.77545134396004
310.154 58.75889614016295
311.214 64.57704393162408
312.215 54.140779468752456
313.217 67.5816119629762
314.224 76.27950480999756
315.225 79.86883582783652
316.226 74.19401027702598
317.234 83.7575631869921
318.24 82.81102776872919
319.244 59.80889191287613
320.245 69.1301688259086
321.255 56.11534333377467
322.256 66.22177984617716
323.264 40.42883913424531
324.265 49.21889042608278
325.274 43.94578630810097
326.284 31.32614344302445
327.285 58.1677795946289
328.296 44.30186972079634
329.304 28.9920282179854
330.305 25.72805635908408
331.784 13.778959824848226
332.794 19.94617905447488
333.795 23.04338960870441
334.804 27.743551962160154
336.014 22.04770675062747
337.024 26.38571111018576
338.025 29.531334255608744
339.034 25.694585191939126
340.044 33.70275704821852
341.045 26.6229452758773
342.065 33.93149656950095
343.245 37.025913763474094
344.255 53.658336879384386
345.265 41.357906783643145
346.275 45.67610494704082
347.276 33.63732402819898
348.284 35.991313624202206
349.295 28.379266069494044
350.357 27.808576876493266
351.365 37.76866244500141
352.375 35.07543253224628
353.394 36.366203776846504
354.395 37.83293352419394
355.475 39.58282282786422
356.476 52.127279405814235
357.477 41.49033406071361
358.478 35.21221077323289
359.485 38.37530941492498
360.486 31.842640005370573
361.495 42.39198515524531
362.705 44.4207904848088
363.706 53.9170572396053
364.715 38.394480027756224
365.716 34.22950106913127
366.725 25.028739944865286
367.726 27.25927801998727
368.734 40.86018402355206
369.736 32.60323659930908
370.745 45.943322049527104
371.765 18.689767470038188
372.805 21.96392985260389
373.815 17.51656451850192
374.825 18.095684781147167
375.835 12.416805228308267
376.845 13.303719887464373
377.855 5.764945284565849
378.875 8.508553072723458
379.894 11.608788570487164
380.895 15.213111586282835
381.905 12.64809675217977
382.915 17.960021848090204
383.925 20.399037160795075
384.935 18.905934485308233
385.936 12.081000377342853
386.955 15.383922081194005
387.985 12.949239477597558
389.195 14.903077594588572
390.2 20.054861322915436
391.205 17.291942562676052
392.345 20.348736180807848
393.346 25.056889671438
394.355 22.26736418804914
395.356 17.634315974757747
396.395 19.561978660344806
397.405 24.611881791750772
398.406 21.289754035703407
399.415 22.481362697081057
400.525 19.42316119048376
401.526 24.15088005911151
402.535 21.26973201838485
403.536 19.33005851472402
404.545 20.90160266509825
405.555 15.13265720728166
406.576 8.992932428019586
407.615 7.759436238501464
