0.0 19.528343857390762
1.01 16.226001451797437
2.011 21.898514899787777
3.02 21.416734950297997
4.03 16.072076773571617
5.042 20.277903251368087
6.05 15.79550564639024
7.06 13.391446998671537
8.08 13.273171215566732
9.183 1.6880603047022453
10.19 25.849713400984832
11.2 16.46994056163956
12.21 14.930693780091625
13.221 14.518455283999618
14.23 18.64334481292905
15.24 16.84170016441661
16.25 11.082576826491689
17.26 14.622844423782038
18.27 16.46994056163956
19.28 11.454336429254532
20.3 11.431170950523482
21.31 9.543330045028986
22.321 14.762153108829954
23.322 10.15954492428676
24.33 13.41801733001216
25.36 14.037033998279476
26.37 13.301432567012618
27.38 20.01020815898673
28.39 20.77983154968967
29.4 17.14954952058414
30.41 20.01020815898673
31.42 19.30449501475125
32.421 18.171108108379876
33.429 16.811079183606374
34.439 14.532829992165732
35.44 11.648146223309505
36.45 16.623865239723326
37.47 17.438663520271007
38.48 26.16719528475231
39.489 18.245086710020107
40.5 19.22155352704835
41.599 15.33635417746621
42.62 11.87677389257555
43.65 11.471124557729183
44.659 15.561800215757739
45.68 16.50798554461716
46.689 21.10858049063769
47.699 15.456378061094494
48.71 18.14514652956205
49.729 19.375778670987142
50.739 15.148528704784907
51.74 21.277280434576802
52.749 19.169662718665542
53.76 22.14322966324493
54.93 19.720692511203936
55.939 23.111584478784835
57.049 20.786675890180256
58.05 22.830366597675265
59.051 21.277280434576802
60.066 17.065068981078074
61.069 24.334831718412932
62.07 20.72053083345575
63.079 22.18712109966185
64.089 20.381967761763782
65.099 28.168216100693602
66.1 21.80769114761047
67.109 27.7339013745418
68.11 22.584234229088676
69.119 27.57982414464062
70.129 17.765248233203316
71.13 24.849378609717476
72.139 19.63178177870458
73.149 21.549454940392614
74.16 18.055221133004927
75.169 14.175105146973827
76.179 14.776769102007856
77.189 10.376863682242005
78.199 12.006124895363628
79.2 17.394565026759615
80.219 17.608342213459032
81.229 18.624886055664614
82.23 15.220244398450179
83.239 13.468692584347753
84.259 8.840105535071682
87.14 2.534941995328593
88.159 28.444039223229208
89.189 5.886498128302041
90.202 11.817099920427413
91.232 8.452407568852335
92.242 7.696233907285105
93.262 7.988895534459662
94.272 6.772685838413166
95.282 11.852200217208834
96.302 7.4683650210139785
97.322 3.9699364844981355
98.332 9.690053568637428
99.342 10.530788360382594
100.362 12.498080239239764
101.392 9.659894364408757
102.412 6.401455732297696
103.452 5.979381727964599
104.622 5.768801812657753
105.642 8.07802747169682
106.643 6.057036036126625
107.711 6.113749856685299
108.72 30.755823818898733
110.021 7.886717175402144
111.031 11.698275539068245
112.721 3.9555909892734777
113.73 19.497027668443945
114.733 14.569899245394778
115.74 16.673390161048903
116.75 12.531809176281266
117.76 10.159028757619748
118.761 13.045923770112328
119.79 11.784437458026913
120.814 8.86849936669788
121.84 4.242680212440431
122.871 5.27763081711156
123.881 30.784935629112006
124.891 12.839658532576648
125.902 18.298918957835262
126.91 15.268778341095835
127.929 9.674952521450855
128.93 11.49283760699966
129.94 10.312953435760337
130.97 15.30719006466559
132.301 4.088082173134744
133.311 9.235480688733603
134.32 8.012015952631204
135.34 6.096624506942069
136.35 7.696233907285105
137.352 11.080327364043832
138.36 16.502619015019036
139.37 16.162091205329972
140.38 12.070035141845297
141.381 12.890615153802482
142.39 11.401715009519647
143.404 10.118953693484016
144.42 6.885705336341017
145.44 4.483336442969394
146.701 1.60272087553661
147.74 8.678448167247904
148.77 3.320588687765954
150.17 4.108689444498081
151.179 11.247637779661082
152.208 4.834641008425669
153.248 4.185567209573799
154.263 9.036819281473225
155.277 9.352366292454535
156.284 7.256012384877235
157.297 7.519972676631752
158.307 9.697254723169571
159.317 8.683692222638713
160.337 8.687689922393869
161.347 4.155966309937934
162.477 2.476416503266181
163.487 9.081556010593015
164.517 9.810830213846208
165.737 4.640369382231802
166.767 5.735562278864592
167.778 9.687662977646575
168.787 12.634332848388171
169.798 12.151618844988095
170.837 5.744506172417767
171.887 3.1092784985421598
172.897 3.232418241051789
173.907 7.080535194694342
174.917 12.006124895363628
175.937 12.04083340122053
176.947 8.221918188202743
178.047 9.751828018151082
179.057 14.776769102007856
180.067 13.853221033107507
181.077 10.530788360382594
182.087 14.930693780091625
183.097 15.854241849020386
184.117 14.695182492070368
185.137 17.83262668280697
186.138 16.46271332901418
187.147 15.317619342607925
188.157 16.93171459603291
189.167 16.46994056163956
190.187 12.86619514002184
191.188 13.201232386422175
192.197 10.785406090085383
193.217 11.12633972518206
194.227 8.683692222638713
195.237 10.928652148336894
196.247 12.006124895363628
197.257 11.390426182772863
198.258 8.917075993793784
199.266 12.338406740240577
200.287 13.551703544082962
201.288 14.133084084281252
202.297 11.4656885961864
203.318 15.226633195547759
204.327 15.869954675418047
205.337 13.147507888857824
206.346 12.788410078246736
207.366 11.736002175864902
208.376 12.77574828609498
209.396 13.018610752699654
210.406 14.468919745698269
211.407 15.53086163112669
212.427 17.591190547838334
213.437 21.8573042967022
214.438 19.63337051930103
215.44 19.549355829207478
216.446 18.389867859182406
217.456 16.072076773571617
218.466 19.548434124451322
219.467 16.682506809371336
220.477 15.854241849020386
221.486 16.02403190531923
222.487 14.974112029863585
223.496 18.335190353126688
224.507 18.76023624237078
225.517 14.994604026559088
226.526 16.79441805454103
227.646 16.43686829501185
228.647 18.63703395732362
229.656 19.72188542181116
230.666 15.61030273917826
231.667 20.50073735295654
232.676 18.399163939779235
233.686 21.087680905999257
234.696 21.703379618476376
235.697 17.30374127458231
236.706 18.181113123225504
237.726 16.676585456810916
238.727 15.375553014717406
239.736 18.797422042688176
240.746 15.764227417404083
241.756 20.77983154968967
242.766 18.68879630213208
243.776 18.470961377438798
244.786 14.007145711248096
245.796 12.929672964235566
246.806 9.453315613370064
247.816 8.619781976157045
248.826 10.159028757619748
249.836 10.928652148336894
250.846 9.453315613370064
251.856 10.928652148336894
252.857 11.803454839619352
253.866 12.018023928953909
254.876 11.300411751113945
255.886 11.698275539068245
256.906 9.907014823787964
257.916 7.080535194694342
258.946 9.5089585149571
259.956 10.838637716677974
260.976 13.26015830260042
261.986 15.238543136401212
262.996 12.685733854421853
263.997 15.996787480070436
265.006 18.027035893466376
266.016 15.61030273917826
267.026 16.46994056163956
268.036 18.624886055664614
269.046 13.609281923293793
270.056 15.084618458317443
271.066 15.700317170794564
272.096 10.326307033002454
273.097 14.909627165773662
274.106 14.329182376832392
275.107 14.909627165773662
276.116 13.776734414514019
277.136 15.698808105317584
278.146 15.5463924927108
279.156 10.838637716677974
280.176 15.851223718066425
281.186 14.776769102007856
282.196 12.685733854421853
283.216 14.78431442939276
284.225 11.709869469236777
285.235 10.005104079464955
286.246 8.521330583517917
287.255 8.628324872065466
288.265 12.467898929799597
289.266 14.443701316971971
290.267 9.383001842723322
291.276 18.797422042688176
292.286 17.08563927411668
293.295 12.852383664913491
294.316 15.835698523443536
295.335 16.78217050240967
296.336 12.9551000178782
297.355 17.697561620689353
298.366 18.606463814239625
299.376 16.84170016441661
300.385 17.564804203904885
301.395 14.6867546702495
302.397 19.2390485937849
303.416 19.070648298179893
304.417 16.061272344160358
305.437 17.697561620689353
306.445 18.97030036314954
307.455 13.917131279589174
308.465 15.700317170794564
309.475 13.545371676812126
310.485 10.376863682242005
311.486 13.201232386422175
312.495 12.018023928953909
313.505 12.77574828609498
314.515 10.069014325946624
315.535 14.327067591288293
316.545 12.621823607940186
317.555 9.235480688733603
318.565 6.066972694163482
319.575 7.696233907285105
320.585 7.2344598728491345
321.595 4.46381566621911
322.625 3.7733962360925095
323.635 5.695213091386432
324.645 7.850158585425694
325.695 5.09554552044911
326.705 10.928652148336894
327.715 10.466878113900924
328.725 10.774727470196307
329.735 8.465857298016456
330.875 4.4202228218935975
331.885 9.081556010593015
332.895 8.158007941721076
333.915 6.249040119619882
334.955 4.484536295969898
335.985 3.7733962360925095
336.994 5.54678027490836
338.174 5.061457140542671
339.185 9.543330045028986
340.205 8.230443084374633
341.235 9.207086816067996
342.245 6.003062447681814
343.287 3.740410625999792
344.295 5.399856809492681
345.314 5.6957669583961685
346.324 8.773706654297634
347.325 15.220244398450179
348.327 20.117798761806654
349.335 15.84736663962196
350.345 14.930693780091625
351.346 10.405677292816529
352.374 5.053364661027588
353.385 8.004083263580487
354.395 8.773706654297634
355.404 6.009011964469852
356.42 23.93755730368724
357.45 5.886498128302041
358.46 5.541288413245844
359.49 3.471524537203404
360.51 3.8103903168458957
361.54 8.452407568852335
362.55 8.619781976157045
363.58 6.641177375531908
364.6 4.483447857901522
365.61 6.003062447681814
366.62 4.46381566621911
367.64 5.029715218225786
368.66 6.096624506942069
369.69 5.735562278864592
370.7 3.386342919206583
371.72 4.572468380206551
372.81 6.049572656768211
373.819 9.86094271093399
374.82 10.418392618141239
375.83 8.60717995572224
376.84 9.235480688733603
377.91 7.615582659021473
378.94 6.792113224969358
379.95 7.696233907285105
380.951 15.064935782182946
381.96 15.715877445516865
382.961 14.042260332047125
383.973 15.976529834445657
384.98 14.51202476975447
385.99 7.760144153766773
387.0 12.006124895363628
388.01 10.774727470196307
389.011 10.871603141760273
390.03 10.1326480806049
391.05 13.412573915278234
392.06 14.161070389402889
393.08 13.107742689936812
394.091 11.135461863196493
395.1 14.945491296295064
396.11 14.007145711248096
397.117 12.260376780721517
398.12 13.484906748406965
399.13 13.391446998671537
400.16 7.848664171074125
401.17 5.541288413245844
402.19 5.70266134436349
403.2 9.235480688733603
404.219 7.1705637601321195
405.22 5.59111018718288
406.25 5.433690579975487
407.27 7.4683650210139785
408.28 6.9905207630354225
409.29 13.083597642376155
410.31 15.089145654748386
411.46 15.602522361390673
412.47 18.16311202112921
413.471 15.53086163112669
414.519 12.07741151530105
415.52 13.201232386422175
416.53 16.00816652710415
417.539 15.869954675418047
418.54 12.644482785258507
419.55 12.929672964235566
420.559 11.863946699095342
421.58 11.33093025812808
422.61 8.301471719414884
423.62 8.158007941721076
424.639 7.475694132896747
425.679 7.175258073563201
426.748 1.4542930301823205
427.758 6.066972694163482
428.768 15.39246781462703
429.788 15.851223718066425
430.789 12.799791401568354
431.798 11.709869469236777
432.818 12.955327077259
433.848 11.169252858840078
434.858 8.683692222638713
435.878 10.66909288714862
436.888 12.006124895363628
437.889 10.716294525450428
438.89 26.777566869582376
439.898 35.99964668346298
440.899 28.576785401125377
441.909 34.23518879484288
442.918 21.018476847389056
443.928 25.70542125035896
444.929 37.64905648155281
445.933 38.6205843184995
446.938 36.41648926045408
447.978 38.479594283858745
448.979 43.33110395077386
449.98 41.37657680282158
450.988 38.93001828433244
451.989 38.2704044764826
452.998 28.26010665075584
454.058 39.36686908437171
455.059 42.39925225288637
456.069 39.00685381728634
457.07 40.60003372120132
458.082 36.47183750655084
459.088 35.762143148256534
460.098 32.632031766827474
461.108 20.381967761763782
462.118 19.702358802677143
463.119 23.516085926976164
464.129 31.86240837612454
465.138 31.341651247927153
466.139 34.69830630134193
467.148 30.417187868804167
468.158 33.09380580136289
469.159 31.436825358877766
470.167 30.755823818898733
471.168 35.72098175154878
472.169 26.932875485849607
473.188 26.60979973447844
474.198 37.403696789413
475.208 33.46556540413994
476.209 34.38768906880747
477.218 32.574269086852496
478.237 24.25786463533483
479.238 23.98201177591991
480.247 34.82145394800741
481.257 22.690837933872604
482.258 23.29629244661901
483.267 17.320623330755073
484.269 24.203964359977928
485.278 21.634785766851728
486.297 29.13995059968252
487.298 21.9629997638777
488.31 23.657553793286443
489.317 21.98652104134758
490.327 25.551496572133136
491.337 19.612344370918784
492.338 21.898514899787777
493.347 17.166546100995944
494.349 19.549355829207478
495.709 5.76304823183868
496.719 9.697254723169571
497.729 6.926610516553754
498.762 5.718905273215635
499.782 7.620780633677587
500.792 15.186672320133663
501.802 13.199378705111167
502.812 14.007145711248096
503.813 18.79234257359085
504.822 15.933928262070596
505.832 14.161070389402889
506.842 12.929672964235566
507.843 12.799791401568354
508.854 16.146104962720614
509.862 9.099574970925827
510.882 10.211846049129386
511.902 8.29372675981529
512.912 11.236501504632276
513.922 10.466878113900924
514.933 11.99424940090658
515.962 6.710361560485705
516.972 18.932735411974203
517.982 19.394509446367557
518.992 9.915089647806035
519.993 27.334316470703428
521.002 23.175558065437386
522.063 14.652584818794185
523.072 23.021480835536202
524.082 26.013270606668545
525.092 23.30653664649178
526.093 26.091847540281478
527.094 23.516085926976164
528.102 28.22410541835483
529.103 26.156332404229346
530.112 27.57982414464062
531.113 25.53509793901837
532.122 23.329635295338566
533.123 23.45160106288624
534.126 1.8563614317957917
535.132 41.329079411065536
536.212 22.803564340154537
537.222 24.320099147036842
538.302 20.356447003433654
539.312 22.011228974785965
540.332 22.709926288354946
541.333 21.03114806599021
542.341 21.90067196387695
543.342 19.943987751835493
544.352 21.549454940392614
545.361 18.399163939779235
546.372 21.374367522162995
547.391 21.117341500316176
548.402 20.605505381081063
549.442 19.345572754423166
550.452 19.240584768141737
551.461 19.259653732249667
552.471 16.379926129881202
553.481 14.007145711248096
554.491 11.544350860927658
555.501 8.465857298016456
556.511 3.604177843828839
557.521 4.155966309937934
558.522 7.299504966605396
559.531 13.404718997680998
560.533 13.808671974557445
561.552 9.369822148672023
562.561 15.253645755955375
563.572 17.37628438848012
564.592 18.505572808944677
565.601 20.492271571175017
566.631 17.7221636556932
567.632 22.830366597675265
568.651 21.664256466757365
569.661 20.22804308353796
570.672 16.607422247398183
571.681 11.15753413646927
572.691 12.929672964235566
573.692 19.72419427147834
574.711 19.28655926375682
575.721 18.470961377438798
576.722 16.92863917781587
577.731 13.622769814206318
578.751 15.393976880104011
579.761 15.700317170794564
580.781 13.475857590718888
581.801 17.680211070200183
582.811 18.16311202112921
583.821 12.839658532576648
584.831 17.2395639523425
585.841 16.623865239723326
586.851 12.839658532576648
587.871 11.736002175864902
588.881 10.774727470196307
589.981 11.36514849373831
590.991 12.006124895363628
592.001 15.700317170794564
593.011 12.467898929799597
594.031 8.446142372493103
595.061 8.452407568852335
596.071 6.618761160258372
598.962 1.9359049800618906
599.972 1.539246781462703
601.042 1.4529338778266254
602.48 11.072232052511296
603.481 26.091847540281478
604.83 14.942861909675567
605.85 17.947272637143683
606.851 20.656045969365827
607.86 13.776847044064885
608.87 19.702358802677143
609.873 1.8563614317957917
610.899 30.06826809698614
611.909 8.158007941721076
612.929 7.4683650210139785
613.93 6.988887733985703
615.019 10.480638997817795
616.129 10.084146481757204
617.139 9.697254723169571
618.16 4.872522622598011
619.161 13.822466851661561
620.169 10.705912865991813
621.17 7.454813582915243
622.179 13.71287345739813
623.19 11.99424940090658
624.199 12.698306435054924
625.209 12.160049573504216
626.219 16.93171459603291
627.229 14.6867546702495
628.246 9.171912975048356
629.249 5.889959269421257
630.259 7.850158585425694
631.269 16.00816652710415
632.279 11.454336429254532
633.289 11.082576826491689
634.31 7.004251269977539
635.33 4.420052767528738
636.339 6.317166424186983
637.35 10.917842403391873
638.359 5.764831091419475
639.469 4.76195806083571
640.479 3.8481169536425526
641.499 7.011118182980538
642.509 11.544350860927658
643.549 12.917737396807597
644.559 18.470961377438798
645.569 23.550475756333903
646.589 19.11523525965593
647.59 15.996787480070436
648.599 15.163542112848797
649.6 21.43258905084403
650.609 20.492271571175017
651.618 12.236074745479229
652.629 12.916883970204902
653.649 14.022236365975282
654.659 18.227022267738725
655.669 18.16311202112921
656.789 18.241258813591937
657.799 22.62692768740514
658.8 21.43258905084403
659.801 17.459049890849542
660.809 20.975291458399038
661.818 17.474700560656252
662.819 22.20913213246429
663.828 19.4777045488034
664.838 20.471982193380082
665.849 19.22155352704835
666.858 15.163542112848797
667.869 19.22155352704835
668.878 16.242082721730906
669.902 20.19209181182164
670.909 23.157486334790143
671.93 18.030648864143522
672.938 23.75143297497483
673.939 18.856827437680774
674.959 21.643016999681276
675.96 18.856827437680774
676.978 20.46381723003167
678.058 16.901693116164587
679.059 20.034811504154852
680.068 20.492271571175017
681.078 13.763206601448587
682.079 17.394565026759615
683.088 20.030039881613522
684.098 16.226001451797437
685.1 19.859663064488004
686.108 17.800496741639737
687.109 22.830366597675265
688.118 18.7073183995816
689.129 20.91305023748543
690.138 22.80343001898247
691.149 19.746717843299948
692.158 19.259653732249667
693.168 14.84067934847532
694.178 16.777789917807095
695.188 16.00816652710415
696.208 13.475857590718888
697.218 16.777789917807095
698.228 16.777789917807095
699.236 13.79051455105551
700.238 15.825669004562707
701.248 16.777789917807095
702.258 14.224980635856145
703.268 15.700317170794564
704.27 16.446283475265812
705.278 15.332815393651282
706.288 17.393488630426265
707.348 17.07392890609934
708.35 22.36444074873152
709.358 22.67182238520325
710.36 18.37254739559367
711.39 21.432890621027045
712.393 8.899295184235369
713.398 18.87223765278147
714.399 18.481725340914334
715.408 15.163542112848797
716.428 15.851223718066425
717.43 19.859663064488004
718.438 18.41741707867236
719.448 17.393488630426265
720.458 13.609281923293793
721.468 17.547413308652086
722.469 16.773330561548644
723.488 13.946777740255085
724.497 16.79441805454103
725.498 19.56888565521111
726.499 16.216580960427592
727.508 18.797422042688176
728.518 14.468919745698269
729.527 10.541225217035008
730.528 13.511849619041868
731.537 12.634332848388171
732.547 11.544350860927658
733.557 9.453315613370064
734.57 8.44078565745018
735.597 9.385358661619815
736.607 12.006124895363628
737.618 11.750551576076246
738.637 12.66291047002327
739.638 10.871603141760273
740.657 9.001345996762502
741.687 8.452407568852335
742.697 6.374822050458864
743.707 12.31397425165901
744.717 11.236501504632276
745.737 11.12633972518206
746.757 11.494454625964137
747.758 15.686170247393923
748.767 13.558796227539563
749.847 11.143769970678262
750.848 14.599009933239202
751.858 11.082576826491689
752.887 7.554126575661555
753.897 6.003062447681814
754.947 5.922435235314341
756.037 1.8541569027975031
757.057 1.8289873520769384
758.077 5.791793281600647
759.087 10.312953435760337
760.097 8.927631332452426
761.098 10.56098590914058
762.107 9.924916297600744
763.108 24.383452760773732
764.117 21.018476847389056
765.127 21.241605584083025
766.128 10.716294525450428
767.137 17.628777790557432
768.138 14.754318549506433
769.147 17.564804203904885
770.157 11.608261107409326
771.167 8.927631332452426
772.177 8.773706654297634
773.187 16.46994056163956
774.207 17.133832294915383
775.217 11.852200217208834
776.227 9.851179401324366
777.247 9.144936760413103
778.258 12.05809643250902
779.267 20.338194341273834
780.277 17.547413308652086
781.306 6.861444091997232
782.446 3.409296599278684
783.457 12.763111541988517
784.497 23.531249236271417
785.507 28.629990135086956
786.518 24.821207974469125
787.527 23.881970628006634
788.528 26.466949636905863
789.547 21.816821653160986
790.586 6.58365033377917
791.587 9.38266125366633
792.597 11.852200217208834
793.627 4.980883031648931
795.517 1.8918890335051652
796.526 21.02241888181137
798.306 2.0067605001549045
799.317 9.383715137078926
800.336 5.950042269045197
801.356 7.315949408336164
802.376 8.07802747169682
803.767 2.7941036112050486
804.786 12.573691062778746
805.806 10.211846049129386
806.807 11.49283760699966
807.816 12.634332848388171
808.826 6.22089737230407
809.836 7.3883845509897235
810.866 5.584626429427141
811.876 5.849137769541225
813.207 1.5184305214537006
814.228 7.461050265849654
815.236 7.0945838756479205
816.246 5.849137769541225
817.256 2.462794850334643
818.266 3.2963284875334575
819.276 7.3883845509897235
820.296 9.297352373090916
821.306 13.853221033107507
822.307 17.30374127458231
823.326 14.646257893043073
824.346 13.26015830260042
825.356 10.620802792055718
826.366 5.7591233378681
827.387 15.987964855452994
828.607 16.31096917268484
829.626 15.930125163303297
830.636 8.927631332452426
831.646 8.311932619861663
832.656 8.158007941721076
833.687 6.333156980536713
834.746 2.6424463160395235
835.766 4.330920830305786
836.776 16.316015883413737
837.786 15.854241849020386
838.806 4.877299605562178
839.816 11.633465148264733
840.836 6.401455732297696
841.866 5.282754730538036
842.996 3.852203449522014
844.006 7.2344598728491345
845.016 7.696233907285105
846.036 10.275129724570041
847.046 13.237522320530948
848.055 15.099568526054192
849.066 9.995207834093554
850.087 6.699718606072265
851.826 2.4506810766579497
852.836 15.084618458317443
853.837 21.743206283520546
854.855 26.330732186654235
855.856 25.31530445866122
856.866 23.922235359110953
857.886 26.278769055300074
858.896 23.242626400024314
860.087 16.370730449091706
861.106 28.071994294999218
862.108 22.095893971017297
863.116 30.383326597898
864.126 16.688113040362975
865.135 10.015019940792556
866.136 9.47382559495745
867.145 10.785406090085383
868.166 8.526914589532314
869.186 3.869997299867208
870.195 18.492871728740766
871.206 21.83568480684057
872.225 16.235255535968484
873.235 14.930693780091625
874.246 18.670310845813653
875.255 17.872958663565193
876.375 25.459328223776634
877.376 33.701969739506566
878.377 21.186456682399495
879.605 31.069390029351368
880.965 34.2266638986994
882.095 18.02280899597698
883.107 25.872024443364765
884.116 50.29315052051651
885.126 37.86547082380635
886.136 18.38094694582249
887.137 38.89163894183562
888.145 41.86038988505985
889.155 25.39757189404937
890.156 27.24349271852612
891.165 37.350663212368595
892.166 31.21703187852061
893.168 30.16422234008903
894.175 34.64594690431884
895.176 48.365464536693636
896.186 46.2413136902065
897.187 57.21805566648273
898.195 53.42764620410198
899.206 35.43150552148504
900.266 32.18032915853081
901.275 32.35621827029877
902.276 27.24349271852612
903.285 32.760814914148234
904.286 33.39135250683005
905.287 41.99781126803256
906.296 45.36267916509924
907.306 31.926318622592003
908.307 31.527649111055073
909.315 28.596602639355567
910.316 32.834602905709
911.325 33.03650077641399
912.355 44.43780900731511
913.366 48.04084463520035
914.367 43.64172118330832
915.375 33.6861954197682
916.385 33.927339438533295
917.386 31.747442591554282
918.387 36.80814206570349
919.395 27.671222133877652
920.396 25.845715171694888
921.405 41.29269760201034
922.406 33.92176321986372
923.407 34.69830630134193
924.408 34.38768906880747
925.416 37.696177610267185
926.425 36.0540717867907
927.426 40.60003372120132
928.435 41.819015507888885
929.445 35.466586219939174
930.446 38.11509586021536
931.455 40.58628503944109
932.465 38.327244858199705
933.475 25.615406818600597
934.485 33.15771604783035
935.486 31.21703187852061
936.494 25.820461122779772
937.495 41.06595957014507
938.515 34.05196530165547
939.527 49.068716799078146
940.528 61.411388306834375
941.535 46.84222304052327
942.536 43.861514663665474
943.54 45.74343346850044
944.541 47.899538687749896
945.545 55.18895081966585
946.546 52.248179944510824
947.547 40.75534233746855
948.565 42.06004784278517
949.568 36.95410117812234
950.575 46.841207361347436
951.576 57.68500328261165
952.577 54.267191956553035
953.586 46.13306531432104
954.595 38.12104936173245
955.596 56.13089535232801
956.597 54.733117805496775
957.685 47.12934742542808
958.686 51.005711014088874
959.695 50.139073290615336
960.697 50.02388540471909
961.705 49.26343392930932
962.706 58.926450445848424
963.707 64.36225201676407
964.724 46.750831662338506
965.755 45.14865460921414
966.765 53.321848884900845
967.766 61.10077107415787
968.767 59.39237629479217
969.769 38.69767131321554
970.774 40.283637996856214
971.775 47.27830422253892
972.776 44.4827491290185
973.795 48.731640236246584
974.796 40.60003372120132
975.805 31.187574018025973
976.806 36.186907600350466
977.807 24.29047194450725
978.855 30.622401817842334
980.054 37.6556193309127
981.055 44.57357288119581
982.065 48.152320074389436
983.067 54.05787946464438
984.074 52.40001976087291
985.085 39.46862785182175
986.086 35.410364518872264
987.094 30.13890348186611
988.095 28.6412702652153
989.114 37.13668607084979
990.115 38.98246269401293
991.124 35.809890913782944
992.125 31.747442591554282
993.126 38.42571309289188
994.134 34.23907870424538
995.144 29.617448450483177
996.145 38.58102170915911
997.155 45.7795396556711
998.165 41.6235733458468
999.166 35.940775231905924
1000.173 35.19937922873896
1001.174 32.21336844035597
1002.175 36.87262692979341
1003.184 38.12104936173245
1004.185 29.508637099012866
1005.194 26.719334352170186
1006.195 39.04694755810286
1007.264 37.87200171186295
1008.274 32.66437272995908
1009.284 29.001749737864003
1010.294 37.92938107027381
1011.304 39.16077849551216
1012.305 44.41826426492858
1013.306 46.96768699000446
1014.363 44.98164219549644
1015.365 35.410364518872264
1016.373 32.29812466140927
1017.384 47.73329977879599
1018.385 60.32422799267966
1019.386 39.978799255990346
1020.394 52.3480356143304
1021.424 54.91516222300256
1022.425 55.66496950338426
1023.434 44.438215785834196
1024.454 38.31960245649219
1025.463 39.174441400222285
1026.474 25.128752830873484
1027.494 27.65050956932937
1028.495 46.657069757327946
1029.534 44.6513945882784
1030.544 39.28969361386319
1031.564 29.1746656961075
1032.565 27.088184102116834
1033.633 40.23650995209958
1034.714 43.204187629150894
1035.716 46.08062445442858
1036.735 33.3225564111854
1037.736 40.13410787225758
1038.744 45.40734359900503
1039.754 39.007191371458525
1040.755 42.153119884299784
1041.765 39.31470317359593
1042.773 42.014619969353525
1043.783 35.24875129538794
1044.785 32.80183384089683
1045.787 36.05994639604804
1046.833 29.6384994354491
1047.834 36.80814206570349
1048.843 27.79787496119435
1049.853 21.241605584083025
1050.863 21.305515830550487
1051.865 22.497274565295804
1052.873 30.755823818898733
1053.875 36.99098151853342
1054.893 39.61660697943632
1055.903 25.859345928442725
1056.904 16.061272344160358
1057.905 26.557773389083167
1058.913 26.4373814598124
1059.925 26.88358385601378
1060.933 29.213522976388195
1062.013 26.114370148834745
1063.023 24.781873181430196
1064.083 20.153874588622877
1065.085 34.75441036292503
1066.086 32.36867705676526
