0.0 56.24173113466776
1.002 43.889126101886845
2.03 27.734428260049313
3.05 15.055949732452577
4.09 23.828079799804684
5.1 31.66612118607562
6.101 45.56399099979063
7.14 36.52872158903868
8.151 54.42589678326367
9.16 68.41248777724137
10.161 50.07327175519775
11.34 45.118995988626466
12.341 38.89836359573821
13.344 62.833903134803165
14.47 34.768052579037175
15.48 58.27893191357666
16.73 31.37101991794963
17.748 59.25151533843846
18.751 67.74638139805569
19.752 52.09000849424909
20.771 64.34798233529457
21.772 50.18245386417419
22.773 72.4906556909899
23.788 51.328131542210684
24.79 59.833176128932806
25.87 59.46985725917633
26.871 74.1558320060982
27.872 48.891062200243425
29.009 64.13879357454032
30.111 61.405288977271425
31.29 62.19093215569142
32.44 59.48637458018596
33.539 32.98255708257118
34.55 60.44548112034665
35.59 47.925195800577086
36.6 63.20200698387616
37.67 49.8641165893844
38.671 61.3742166389177
39.672 48.87137362334033
40.68 60.42114367097679
41.681 61.21402321687782
42.682 45.142476465126805
43.69 60.97970449857571
44.79 53.17186895212728
45.8 66.95118963793873
46.801 65.41455128764905
47.929 52.28006059743963
48.93 66.05786062539346
49.931 46.04830016269896
50.94 57.87412653207976
51.95 49.018323626920676
52.959 42.33968095445763
54.069 46.68620710110556
55.07 45.08177001925567
56.079 35.489024276182164
57.169 31.18228957814429
58.18 57.210265987954564
59.181 59.48560480612687
60.258 50.563670550076694
61.26 45.727913318805825
62.269 54.23235607220654
63.27 56.70548824090309
64.271 56.78588326367732
65.279 29.03746078945992
66.289 36.00293548689607
67.299 39.49827935105081
68.31 39.36011717238639
69.319 56.037334174230864
70.32 49.92963463678087
71.329 61.42939706610176
72.359 46.68855643871384
73.449 54.23786461529833
74.451 54.479651621269326
75.509 30.736517405120914
76.51 33.23938926836767
77.689 58.413603233601
78.69 68.47567754277314
79.749 59.47684080637644
80.769 67.10002801138063
81.809 59.08144082994638
82.949 60.24510841118643
83.95 69.18207982060964
84.959 44.66736308039322
85.96 52.17681722025385
87.159 58.06210344747465
88.16 63.111882714518295
89.162 42.70601029836002
90.338 58.382715108554876
91.339 51.48354066053937
92.349 50.85433216577178
93.353 59.79741295816977
94.4 50.64307245655191
95.409 73.16731326938455
96.41 43.0134253436323
97.419 60.228825379089145
98.459 54.797965306235696
99.469 51.966876470470496
100.479 36.21342059558473
101.589 28.85098000875609
102.59 51.00862831840449
103.599 34.458834282148004
104.799 51.15675987673752
105.809 66.2166383956253
106.81 66.00088307687089
107.811 71.99307165422238
108.969 62.207339851153485
109.97 49.186390855096306
110.971 59.80807983239336
112.049 44.76949086336777
113.05 64.31512324968995
114.059 54.30693460669344
115.199 56.63493868413061
116.209 64.0523065906368
117.21 53.04714181691893
118.219 50.76060691410731
119.271 51.01676653014592
120.359 56.63944412558879
121.36 61.65776197877614
122.419 66.38195228186555
123.42 61.89327912330071
124.429 50.63926882232488
125.43 38.166455661463296
126.431 38.55754239532297
127.438 51.82486250315692
128.448 29.772668393162487
129.629 35.358114154719125
130.639 43.68103793466622
131.649 38.41825693678362
132.65 42.772687743081015
133.739 35.08174921665306
134.752 49.25680936627334
135.759 36.285425006257036
136.769 45.48334196901386
137.779 49.84260572129879
138.788 39.141916513628104
139.789 48.37006068922423
140.928 39.96682312654911
141.929 45.61932783371124
142.938 44.359430679152325
143.939 52.836533705324186
145.18 36.37268137192064
146.298 38.041535872360036
147.299 49.58762018934845
148.438 41.16218105442603
149.458 51.374986761299716
150.459 52.58446025754989
151.46 74.21788085472367
152.469 75.80049783441662
153.502 56.414613903409
154.505 79.4469546066756
155.669 65.88033680161082
156.67 58.592906826490115
157.671 58.9217955558005
158.678 57.94755537145702
159.679 63.30742608154144
160.68 58.47596861152881
162.298 30.222920912452544
163.299 85.52896833864946
164.301 62.10940749115442
165.388 65.58268619710674
166.389 70.18739049435055
167.508 55.19883464195563
168.51 76.07777333186502
169.588 56.2756742465453
170.589 76.8501839365972
171.602 59.25774158190986
172.603 62.97928313166345
173.608 56.38144655832168
174.622 57.48730029262547
175.628 59.36136951756078
176.629 57.849066421296975
177.638 71.89844237041875
178.648 57.245474933361855
179.65 63.11594996639364
180.655 57.42940453638315
181.829 66.3391298770706
182.83 76.68238356449626
183.832 60.47286330097122
184.839 81.2668679180832
185.84 68.19407122955089
186.957 39.62652059990611
187.958 55.1156356484661
188.969 55.98082535843698
189.97 57.22872709021946
190.978 62.52990058952546
192.048 56.12278860664109
193.05 60.83450335833138
194.058 55.494817878294896
195.097 65.77296656605759
196.098 78.6725705558292
197.267 64.65904546320196
198.388 63.042822075591026
199.507 68.02972836806232
200.937 50.22569415549241
202.017 59.48216110063194
203.028 72.53300976636639
204.03 69.98576999256208
205.037 53.4347474568749
206.218 57.37586703556861
207.617 49.35945720838429
208.618 36.11600969203063
209.627 35.158599935927555
210.728 34.73681479427312
211.738 52.367487029384826
212.739 52.76076251506809
213.747 54.27578960698796
214.751 75.15679740051253
215.757 77.95904897574285
216.837 63.94334046390823
217.838 58.59857475010162
218.839 56.28949247392696
219.84 55.512091994462935
220.978 56.07034092812118
222.087 50.91275013468911
223.088 51.48249656925937
224.097 24.491058014958284
225.098 38.29965186801336
226.099 39.100320665805256
227.107 37.41691004372435
228.108 29.66531592005686
229.109 48.15274056292462
230.247 50.185911711656075
231.249 53.940693200474804
232.387 36.226415062630245
233.388 46.6474593580086
234.389 47.49287492174385
235.397 48.26181805535102
236.398 41.568403116816
237.408 41.70237655838475
238.409 52.19456677070738
239.417 50.54879211468224
240.418 36.76274961527601
241.419 59.095263851699585
242.427 58.824409191649885
243.457 45.670801834328834
244.467 61.49431208517659
245.478 33.247766635992555
246.479 62.98957488779309
247.59 32.87156789902223
248.597 44.56970497509358
249.599 47.44368875868122
250.607 53.49386369654681
251.608 51.282627681565685
252.616 56.69651610003235
253.618 74.4765171616523
254.619 62.11253827623651
255.628 60.01707561171478
256.629 64.00085179717973
257.637 65.14839607397644
258.639 64.03292031277248
259.64 35.91718489561695
260.647 49.049745844657394
261.656 41.868004518792546
262.657 41.34974058738878
263.667 59.513670503928275
264.668 56.342741125287574
265.677 51.77304011415381
266.678 61.46788653555113
267.679 78.66705178795486
268.876 65.1858823439974
269.977 66.88987938959932
270.978 86.86973060085506
271.979 78.80666169773546
272.98 73.251649023128
274.127 68.68253230962506
275.368 4.443780047738361
276.417 115.53619846310666
277.419 40.7403095829165
278.517 42.215660738498435
279.518 45.17872134546627
280.526 43.024588211632334
281.527 45.70613655952936
282.536 30.36692909645127
283.726 22.48207723053382
284.727 38.564552722062075
285.728 54.7942047134796
286.729 41.870145474899395
287.737 73.4136447453384
288.738 78.15708781268432
289.856 66.15162399482183
290.861 77.45737602984369
291.867 76.3152295974612
292.877 56.39473184620758
294.504 33.23152159325684
295.506 50.39917736696521
296.595 48.1070717424171
297.596 63.85721467857622
298.597 58.50788797138438
299.604 60.83550334788801
300.606 59.495150782824126
301.614 61.86398138548617
302.615 24.796569478611392
303.624 49.27584299589269
304.625 53.41555685614594
305.634 56.193648423023916
306.684 56.686289889562765
307.825 59.774489560804426
308.835 59.3571804066426
309.845 58.21019246357546
310.847 54.8423820647373
311.854 59.54157573762861
312.855 56.151672435045384
313.856 59.90115310551821
314.864 59.495541281390366
315.874 54.42198354084578
316.875 54.13538316357883
317.876 54.19250986802519
318.884 47.031680778024665
319.885 45.98565469037826
320.894 44.52471683590025
321.904 45.77323027380004
322.905 49.378951104389905
323.914 36.275798220072
324.924 41.65876765997883
325.925 31.064845601497417
326.934 28.58636658613666
327.935 36.32005494465768
328.943 26.90900904820497
329.944 30.606787874646518
330.954 26.491740599263437
331.964 16.582616252977907
332.984 10.954745151311055
334.004 14.818086307359147
335.024 81.83892409531104
336.025 36.11600969203063
337.034 40.48549013882828
338.044 31.662868996957815
339.244 32.05852982273408
340.245 41.625231509601385
341.253 38.42901456103808
342.263 26.08728654428863
343.273 14.876843102364562
344.283 27.300648709213046
345.303 20.491860632011015
346.323 13.616619850009739
347.333 19.0093405826961
348.343 11.730645861308764
349.353 15.975935170553024
350.504 16.524043428584754
351.534 9.716714164814949
352.543 7.894670577052852
353.553 18.016043111759924
354.555 29.01613859330374
355.563 39.61441957367331
356.684 39.195969904795646
357.893 34.59394123285337
358.963 33.93898961944299
359.964 30.606787874646518
360.983 24.320442058262707
361.984 13.466986664837004
362.993 11.188851795891361
364.004 9.495269034871098
365.014 6.066810824267493
366.033 8.01763681060894
367.043 17.39152436289019
368.054 13.56888949427161
369.063 18.62332546384235
370.073 19.285776650990698
371.083 14.964800033171997
372.093 8.089081099010881
373.113 7.809531972808486
374.193 8.006344643378542
375.213 10.612953706617551
376.214 8.161810099911959
377.243 9.130678033524923
378.253 10.920259483666555
379.273 8.210020791918733
380.284 5.632831770690074
381.293 7.489815675683232
382.313 9.811976068397056
383.363 4.084985955002921
384.403 4.124264666115897
385.414 5.4547290200402765
386.443 4.763832017498566
387.463 4.805865829416299
388.473 6.673491906692376
389.692 6.048997637298809
390.703 11.111485040803428
391.713 17.39152436289019
392.733 16.019552764708557
393.744 12.506180212603411
394.763 12.427337056434524
395.783 11.814420163985623
396.813 10.520129038631003
397.823 7.077945961629856
398.852 4.565339016771793
400.063 3.750749788825484
401.073 5.2579027143552075
402.082 6.680105872906666
403.083 6.733493332418502
404.112 5.35931101967889
405.142 7.733711274026865
406.153 6.26283702300644
407.163 7.684627044073402
408.223 7.514832653079159
409.253 6.742209828642156
410.263 4.792248374783135
411.282 8.218077730860164
412.284 12.650805654851405
413.302 15.449111912330967
414.307 25.901824985310544
415.327 6.40782110589462
416.328 7.1415838374113
417.337 14.169921548571235
418.347 13.751437868322231
419.357 13.144756785897348
420.388 5.250874418698275
421.428 6.4872250488532925
422.45 5.595871171230232
423.457 5.476396265393353
424.477 7.609287563244029
425.497 5.206354648526548
426.527 5.160818018952115
427.547 2.0024440955885696
428.587 1.9639355552941729
429.657 1.9088719415943365
430.697 1.9639355552941729
431.787 2.0612314451803373
432.797 2.022270274762052
433.957 8.300588079701763
434.977 10.212464887507304
435.987 7.280172989117259
436.997 5.86458379678009
438.026 8.336706030617826
439.056 6.147308961415062
440.076 3.8046437816126835
441.096 6.40782110589462
442.176 3.9715141229195066
443.236 4.04644835166088
444.256 5.406599058091004
445.316 3.6610723181658127
446.436 2.370750777465051
449.845 4.016866405688959
450.885 2.749509777404377
451.896 11.313512041544971
452.955 10.163739842560208
453.975 6.007332286765708
455.055 4.16063384305231
456.085 2.5779037580151765
457.145 2.1195681842042067
458.434 2.218378718780724
459.494 3.6610723181658127
460.524 5.155807516030353
461.534 4.044540549505441
462.544 5.055675686886467
463.585 5.297532218299413
464.595 3.437859467080558
465.623 4.569780008021008
466.633 5.86458379678009
467.653 7.609287563244029
468.663 10.920259483666555
469.683 8.009776382354278
470.692 6.078848147320444
471.731 7.2735553578001175
472.732 4.284950302443047
473.771 4.384596196397866
475.071 3.9278711105883457
476.112 17.26603093373665
477.142 3.1728046252422697
478.181 6.683807626094666
479.191 6.4712648792049725
480.202 10.303377037837263
481.222 6.207576696330165
482.943 3.7977789238773263
483.971 4.768466095328703
485.011 7.168508339348603
486.031 9.611731658832598
487.054 5.79005829398847
488.062 7.091989505213405
489.102 4.3206582216434475
490.151 4.287676097803423
491.161 23.856284863971535
492.251 24.375623378290914
493.252 34.07555716706664
494.401 25.19226965989036
495.411 25.076151406944934
496.431 11.614175754421169
497.471 3.7314775550421317
498.482 4.848648017815652
499.522 6.873774443520273
500.531 5.6679686194359595
501.551 7.409043153679574
502.571 4.227528357073847
503.601 6.345609250484539
504.621 3.6043993720668905
505.642 2.4005794054890033
506.671 3.5728740131192596
507.711 3.5350839995145806
508.721 4.651221631930324
509.741 5.60684346765546
510.761 6.814991289008266
511.781 8.009776382354278
512.782 27.342063834666806
513.842 37.93080512090866
514.852 38.42313522036701
515.866 32.081442404068895
516.872 36.748631106153326
517.921 31.49325841842447
518.922 47.1344533269855
519.923 36.76110890048743
521.002 36.265627422489146
522.022 43.25279246480269
523.023 40.713739888231096
524.032 39.72979058418357
525.034 37.11973681279162
526.041 44.21682910579482
527.042 37.55402159210783
528.051 28.256090219123283
529.052 38.564552722062075
530.061 28.81217381534793
531.062 33.259376157118375
532.221 10.736553951064531
533.222 44.889955549394465
534.223 28.538741510684126
535.232 27.857894115531696
536.321 32.99476909489374
537.322 37.95241696455422
538.331 28.656357948838735
539.341 36.17823782316471
540.361 45.8559697890473
541.362 31.22563564704588
542.371 19.43303526660025
543.372 7.95776484741556
544.403 9.356835487480403
545.421 6.18413271610365
546.461 1.9639355552941729
547.501 1.9639355552941729
548.531 1.98300289076942
549.541 2.022270274762052
550.591 2.1397545478506745
551.681 2.0612314451803373
552.791 2.0240921398653033
553.831 1.9639355552941729
554.881 1.9452314071522467
555.981 2.0424929775014604
557.071 2.0612314451803373
558.081 2.022270274762052
559.111 1.98300289076942
560.161 1.9452314071522467
561.171 2.022270274762052
562.221 1.9452314071522467
563.251 1.98300289076942
564.32 1.9106576028936784
565.411 2.0593421404639045
566.431 2.0024440955885696
567.432 6.99720093945005
568.443 22.020943080939972
569.552 20.982810959715902
570.56 29.583727650265452
571.561 24.140880202363977
572.571 35.18750278075519
573.572 43.66568403456537
574.581 47.52087986340432
575.582 54.06423580584087
582.227 4.574927619536034
583.229 24.05331051353719
584.237 52.36592927538306
585.368 51.43142867984965
586.387 49.308466385198315
587.388 33.52412785542992
588.478 32.90751618974775
589.488 36.603091973073695
590.498 25.096255848221155
591.667 28.363232369388683
592.668 39.7888242370778
593.747 28.61620013924871
594.748 34.27960241969368
595.907 22.21385924881887
596.917 29.322918983900447
598.017 29.98479589613482
599.027 18.200432472783817
600.057 5.3541078050998285
601.087 5.3541078050998285
602.117 12.889518790057219
603.137 12.214908983095874
604.167 7.1448985735653565
605.228 2.5025832900631424
606.229 2.0404525249826553
607.328 2.6019018821702002
608.329 2.856633534968253
609.631 1.8824820069137025
610.71 2.4608349126570843
611.732 1.9985254182991774
612.891 2.4672046320032455
613.909 2.6082916215681884
614.911 2.446099374244418
615.93 2.405291043182682
617.027 2.4204565822631876
618.107 2.647676081952559
619.145 1.9677196315124963
620.225 2.836795802085362
621.313 1.8772913396131174
622.405 6.369618592897868
623.605 2.382908473751704
624.642 2.560502286157844
625.644 2.8537826033007065
626.645 3.4687692924574502
627.744 2.230201613291409
628.763 2.6057319634525706
629.883 13.027398165562037
630.884 32.4431951471701
631.885 35.65884690053593
632.893 41.52161374386342
633.904 39.289082824941296
634.913 44.10151324744737
635.914 33.582746118741056
636.923 33.72089152149094
637.995 37.15355696020912
639.003 42.022555859684154
640.013 39.241947724032435
641.023 40.07716899983591
642.183 39.28228531798263
643.188 31.29790234188585
644.364 25.920421793167883
645.365 34.48364767213409
646.493 38.01679637399923
647.503 47.52335145664694
648.504 35.647958520711065
649.513 38.05636073038661
650.514 35.85498689106767
651.523 27.125278393052277
652.543 22.427373870659167
653.549 46.1109180574452
654.551 27.110934731366044
655.559 24.295100138132003
656.56 30.40274262220611
657.569 27.59228207304277
658.578 30.768972505434842
659.579 19.893964650860806
660.581 17.938062077860828
661.588 19.80108082213235
662.599 6.868918025231064
663.609 12.740302730941204
664.619 15.773708143084283
665.624 19.445161861134896
666.659 17.777985297399077
667.669 15.57148111559688
668.689 17.62736314087792
669.699 19.0093405826961
670.708 17.813615661065782
672.008 21.010496144099022
673.028 19.62395213675678
674.039 10.303377037837263
675.108 15.303138321249426
676.128 25.8315288331616
677.138 18.402659500252557
678.148 14.560345978234517
679.218 4.155563983369785
680.228 3.842313522036701
681.238 11.931394621047582
682.24 7.542139737280061
683.258 17.45549008277665
684.278 6.007332286765708
685.288 9.100216236391908
686.299 20.58150070063783
687.308 29.14955289999369
688.309 20.880929150639577
689.318 32.995674463126385
690.328 18.873635603708326
691.338 20.0204757200398
692.388 19.161111764973704
693.389 19.670230821330666
694.408 19.64321018603856
695.418 14.744094658892621
696.419 23.87329454224668
697.428 25.507314885595218
698.429 27.342063834666806
699.438 25.42817281393844
700.448 20.424929775014608
701.464 15.27849077657941
702.468 14.647359998019112
703.478 5.8981404745852215
704.479 9.998217372379553
705.498 8.01763681060894
706.508 4.853448659417727
707.509 14.691258179834062
708.518 18.86230231538711
709.528 15.36925408812814
710.548 7.208798744115118
711.558 20.0204757200398
712.578 17.022384964931877
713.588 14.964800033171997
714.618 8.130311852184482
715.628 4.044540549505441
716.667 5.111147008182353
717.768 10.144877573211936
718.778 11.133509788159115
719.798 18.82297449849896
720.818 20.825418594143517
721.82 9.37671426797737
722.867 5.852415408311448
723.868 10.01402789632754
724.878 10.718032456197818
725.888 13.54921084085349
726.928 14.3367295536232
727.968 4.71344533269855
729.007 3.5384863902887043
730.068 4.2351409524145485
731.288 5.692193543847656
732.298 14.964800033171997
733.308 9.302443263860647
734.337 10.520129038631003
735.368 3.565943122690798
736.387 11.636993388517764
737.388 14.079122422344863
738.408 6.40782110589462
739.597 4.356718620392804
740.607 4.246767576974181
741.659 4.469775307566764
742.667 2.0262827157672603
743.754 2.0669202164228557
744.797 2.154115316628697
745.867 2.0997591357500376
746.887 2.0024440955885696
747.897 2.224497302230792
748.987 2.2486161220250933
749.997 2.022270274762052
751.066 2.1017233631923777
752.106 2.1603291108217237
753.157 2.137718625358829
754.308 15.646026908607801
755.309 27.848746380546807
756.31 41.734861085975965
757.498 32.9326957636007
758.558 38.240965217953836
759.698 30.000752723776397
760.719 32.235850642423
761.738 27.837111928651673
762.747 34.96638264180898
763.749 30.997187032658406
764.757 52.422511146507354
765.758 37.56326925714411
766.759 53.255960057801275
767.76 69.307967388573
768.761 76.59274087687238
769.762 35.7637034886552
770.767 54.27052581722568
771.778 48.19170978810731
772.797 51.268772724583734
773.798 62.82162535976834
774.799 45.70613655952936
775.808 50.54426997494814
776.827 32.004026644527926
778.012 38.58974659877818
779.128 52.62842195014647
780.129 47.54254383186632
781.137 40.153576670581614
782.148 54.54729020040275
783.158 57.95430431695072
784.159 55.049708746754874
785.167 61.67749820283747
786.177 48.75445283451703
787.178 61.22520990836365
788.179 74.03158515273681
789.187 75.26692320581901
790.188 63.375142853965066
791.19 70.1151080929934
792.197 64.85508268128758
793.199 68.28962299101183
794.2 62.36356763291744
795.204 68.33932692716405
796.208 79.60070434913838
797.212 65.86868069768511
798.507 44.39490313153558
799.508 93.02464825020458
800.617 59.79485189761323
801.618 83.53699147660413
802.668 62.04818944371762
803.669 75.44647789040992
804.827 67.03602995146214
805.828 73.74311766851261
806.829 76.77814164350306
808.017 59.262655458695534
809.019 67.78821434135241
810.028 56.71061261036348
811.045 58.138385135372246
812.048 33.10061525630337
813.05 68.24805003015891
814.052 64.8004744197665
815.053 73.34576638734622
816.217 67.63364489610466
817.235 80.22902043479108
818.237 89.35087237907462
819.238 73.80695638785046
820.255 79.66003898849341
821.257 71.53231393791326
822.258 57.343427966696964
823.275 57.35060651542714
824.277 64.16242632520026
825.307 60.323875658133666
826.308 86.24685561944617
827.309 64.45398737985151
828.376 54.85512028495117
829.377 66.49041269580594
830.378 63.31756868193392
831.379 76.38586166262623
832.388 74.49463361487648
833.389 63.977136011267085
834.397 55.86748800353878
835.398 75.6111459888575
836.399 62.317627619956916
837.416 78.24993581193529
838.456 12.765581109384131
839.497 5.205310179747415
840.498 51.12392581857722
841.499 76.24714668820184
842.617 59.145897071952746
843.687 56.02636824760665
844.689 48.31046264143456
846.246 26.137396307969144
847.266 40.863866970974804
848.267 49.378951104389905
849.276 36.07396266247345
850.287 50.71704729737658
851.296 69.36647153057513
852.306 57.67106821694918
853.307 48.15467958937418
854.386 41.15976091468706
855.396 56.42134066571941
856.397 30.00986601763405
857.398 47.54254383186632
858.406 33.62829459751824
859.407 53.86794665938533
860.408 42.49764428863982
861.416 55.678042419235126
862.506 28.636022211283105
863.507 39.99286948951821
864.508 26.206241760257793
865.509 43.053548277057516
866.516 41.212491399352665
867.517 42.253625258698
868.536 40.28273505365341
869.537 50.07207850818058
870.538 71.74890346835674
871.539 67.94378765230235
872.586 50.238508555058075
873.588 72.63160800371146
874.589 81.30770759969514
875.59 87.12478716635894
876.596 75.96999711126666
877.627 58.10138378479948
878.635 50.91020231898287
879.636 55.42468664494959
880.637 62.50094020421424
881.657 39.50494315011851
882.658 61.377647224232035
883.666 71.82684534340653
884.667 79.04396871278577
885.677 60.16801026452913
886.686 56.653790869864245
887.687 78.25881212715025
888.689 85.40308077049949
889.697 80.11000551266869
890.698 84.46817167506416
891.876 72.88950486192812
892.877 79.30707969630875
893.879 72.63384534200863
895.046 67.309706807707
896.047 82.32301171790469
897.048 80.0913413465881
898.056 73.4711153369965
899.067 62.69083910531432
900.077 75.74481314400971
901.097 66.88485309750136
902.098 81.76934506778416
903.099 65.03480040119902
904.1 86.22985184842501
905.102 65.43598939472182
906.106 78.82711388146625
907.107 58.650928466292676
908.108 72.01962140212741
909.126 61.37479580960001
910.127 84.71591960216793
911.137 79.86311925407803
912.207 69.88745766205518
913.208 85.17919778523218
914.209 79.2134097996753
915.227 65.98065545818832
916.228 86.11022882758175
917.236 59.372106360046416
918.345 72.92790650809872
919.506 67.05545360635075
920.666 70.6956800663893
921.667 82.63415089676154
922.668 77.16848259811698
923.676 58.61763355796339
924.677 76.69446519133831
925.678 65.30134197003632
926.828 68.79080515014788
927.83 75.02123445858415
928.836 84.42339332849153
929.846 69.44916647285497
930.856 66.46661347114372
931.866 84.59963693488326
932.868 85.48675722285088
933.876 33.20452304409974
934.886 65.51593948455098
936.026 75.9827766458654
937.027 89.09274993064399
938.028 84.46459193382601
939.03 67.61044895675536
940.032 83.05562345356623
941.036 72.71348879138168
942.037 66.46803931283428
943.065 60.00377931967401
944.066 58.23567847874893
945.073 71.20041654160785
946.075 70.80370261660514
947.076 62.86995186694984
948.086 86.84689956041612
949.087 80.55342628244854
950.088 74.31930685752862
951.095 57.98936671386013
952.096 49.84014110489416
953.215 63.7762230322934
954.216 56.11244443678974
955.218 46.8954919021416
956.226 75.71276465134292
957.227 59.84924685709857
958.228 68.81217322233123
959.229 69.07424011476083
960.245 66.85647603411252
961.387 3.9347500442245256
962.405 114.70660531570861
963.475 39.43132211148018
964.476 53.66390140694492
965.487 53.76487861409673
966.488 70.48629889062819
967.545 59.2534787355768
968.546 67.13566105999992
969.695 68.36793532714468
970.696 68.04551196676825
971.705 53.01305622305298
972.715 50.36413858171506
973.716 45.48434175644879
974.717 68.01016202159835
975.726 79.98355456228472
976.727 68.24030955417238
977.728 75.9289971827925
978.735 48.693904631834464
979.736 39.76003715106223
980.745 41.90248229370594
981.755 51.67033596089966
982.756 43.503849897736906
983.765 70.01563032166713
984.775 63.72383549776376
985.776 58.74638823345186
986.864 40.75835532004701
987.866 43.62210550760451
988.867 25.46941168180376
989.874 33.66969555765611
990.875 36.11600969203063
991.876 53.16199184932023
992.884 39.30988468612001
993.903 114.28678266715049
994.904 57.565968549209934
995.914 52.653384011188244
996.915 70.39561211172432
997.933 30.720465758699433
998.943 34.63108280157686
999.944 36.86566717675909
1000.945 49.041411333738445
1001.954 54.048129335354425
1002.964 33.35075510785249
1003.966 36.932190702165535
1004.973 31.11875886316411
1005.974 38.97264322712953
1007.943 2.1783825559929975
1008.944 17.343846462305915
1009.953 21.659737224291796
1010.954 19.58834423969165
1011.963 17.896184752800462
1012.983 27.032995290548335
1013.993 23.45833518723234
1014.994 24.07733979468709
1016.003 29.95926270262095
1017.014 18.344140275697686
1018.023 33.19810191387652
1019.024 32.85128565205092
1022.903 2.6760975419049133
1023.904 117.53483842696512
1024.914 51.01088072008737
1025.964 50.91785403480147
1026.973 32.793247012376256
1027.983 22.244973022307917
1028.984 26.041722817734012
1029.985 42.32700995473312
1030.993 52.4807223385792
1032.003 37.2999473879009
1033.004 39.60252853509093
1034.005 40.79204672844533
1035.013 28.767586000858937
1036.023 38.17493406604982
1037.033 42.67256367931103
1038.053 37.630432982975286
1039.063 35.36267750843045
1040.064 30.304598048978338
1041.065 33.61347223120619
1042.072 29.967909074073553
1043.073 30.047005833329706
1044.082 23.279156829732944
1045.083 26.194607601187172
1046.084 23.56140958395744
1047.085 33.259376157118375
1048.093 32.56671797297744
1049.104 29.485161427654063
1050.112 27.35481666288601
1051.113 31.172685307346246
1052.222 32.521707766125616
1053.223 40.21004046008065
1054.262 39.029688821798345
1055.263 38.67537554564046
1056.273 39.7955589944866
1057.283 38.359126227026906
1058.284 26.525882824718533
1059.432 15.809687222693091
1060.433 27.954199592174664
1061.434 43.23313196415288
1062.443 48.17773326509368
1063.452 34.458834282148004
1064.463 33.73850912398669
1065.473 25.969025124775204
1066.724 29.79011540139668
1067.733 32.995674463126385
1068.742 39.47335288526426
1069.743 30.200934707876232
1070.744 42.0333220144822
1071.752 48.428156907082005
1072.753 37.97329878866111
1073.754 56.11244443678974
1074.763 39.78646435144155
1075.764 52.03153938686175
1076.773 38.50279612424602
1077.782 28.95243986274672
1078.783 19.03079953667201
1079.784 33.05533090467796
1080.792 30.454377489675124
1081.803 27.18045866925161
1082.813 39.27092543470076
1083.822 27.089024938684133
1084.833 33.3344551223543
1085.843 32.485377170134676
1086.852 40.142340096281174
1087.854 34.669495906536184
1088.912 26.959720765397446
1090.093 12.279170313509798
1091.102 40.49066920376468
1092.133 39.909049523667186
1093.134 30.198697369579065
1094.142 43.3624501176172
1095.143 47.01318959135366
1096.025 52.8590691113282
