0.0 0.8734001542586679
1.098 1.6921634766998057
2.274 1.57992814406927
3.39 5.9560499357982675
4.491 2.0484341572861244
5.568 1.8819908811568586
6.646 1.5668708866760586
7.805 1.603102241088088
8.825 1.6559674665065673
9.886 1.910371516502393
10.966 1.8767631287084718
11.986 1.8215642131618544
13.125 1.6312515341706484
14.327 1.9673224144602537
15.328 1.6873994164263069
16.445 1.6633800335051576
17.882 3.5434618644474427
19.003 1.6574446899314685
20.042 1.6256850970506729
21.264 1.7969008679140086
22.325 1.7511738901271934
23.365 1.62412193830897
24.402 1.628820458865497
25.46 2.075437486378
26.697 2.0482055163736455
27.76 1.9067772144892696
28.84 1.563969273918582
29.897 1.5980007718480431
30.917 1.8215642131618544
31.997 1.563969273918582
33.046 1.7712063845844652
34.226 1.7177154059329052
35.366 3.421345248883306
36.479 1.6693580390069775
