0.0 57.39328012226873
1.001 61.983546358333555
2.011 44.30847688338356
3.012 43.76771015560119
4.02 47.09745160206981
5.021 40.011131588409945
6.03 48.545033390537434
7.031 60.809615555992345
8.04 45.051164015883664
9.041 58.32445210338677
10.042 54.80265969657786
11.07 54.735007817153864
12.071 63.39226332105712
13.072 54.80265969657786
14.08 54.4219152354477
15.101 50.736718952444775
16.12 55.44907652865719
17.13 59.80235968161664
18.132 55.68617379513468
19.14 43.46376772403814
20.15 50.5912150601016
21.151 58.22696779114231
22.16 52.97060126538523
23.17 55.71048320392704
24.18 47.798886981417084
25.19 45.60802528238865
26.191 42.82856551385707
27.2 47.14748564067593
28.201 57.28782314939818
29.202 55.2722320175573
30.21 49.758971650994326
31.22 49.195051020759344
32.221 55.64432002629227
33.23 47.61333489077293
34.24 46.86811095540366
35.241 49.77466601501567
36.25 48.77795801558594
37.26 57.80472926283306
38.27 56.641259230155214
39.271 55.973329580063655
40.28 55.20313612124774
41.29 22.438472129522655
42.3 59.72411462086036
43.301 53.70784908439279
44.309 50.6915944550276
45.31 56.68094898028087
46.311 54.80265969657786
47.33 53.50820374213837
48.331 55.03744585717495
49.34 54.60107364029524
50.349 50.87427964037821
51.35 55.40953386569518
52.351 58.55923826376912
53.359 57.919421186017054
54.36 53.39394273406905
55.361 56.68094898028087
56.38 58.21674223935007
57.396 63.38163323903103
58.399 52.35020228331861
59.4 52.924370413089605
60.41 55.47778919747737
61.679 43.599294128940535
62.68 57.75739547016287
63.7 50.55604814099058
64.71 56.87395323660488
65.711 54.09830121521608
66.72 51.942191371427704
67.729 47.38041026572443
68.73 45.64599943908945
69.839 49.88938904475956
70.84 52.826886100845144
71.849 48.77795801558594
72.85 50.34172264823958
73.93 54.49335041545516
74.931 59.87047091424821
75.939 51.62421725906088
76.94 46.11557176006888
77.949 46.58492499681541
78.97 33.242505492928146
79.971 31.226559339656497
80.989 29.877489105115778
81.999 25.829034726221135
83.207 20.50892482654175
84.209 31.664498794491763
85.309 35.12819730938319
86.31 45.07894280608029
87.319 42.48899314099439
88.339 47.69542739990324
89.34 42.82856551385707
90.349 40.392671516202114
91.359 44.444555249710824
92.369 37.79304470021586
93.449 44.91842296095692
94.45 50.24423833599511
95.451 49.40206312443527
96.463 47.24046378940918
97.469 51.86346933110761
98.471 44.66223717787582
99.489 47.42325722140488
100.49 53.53124458220693
101.509 39.76563750068166
102.519 45.471946916061405
103.53 57.18610570295655
104.539 50.87444990708401
105.549 48.26427499453117
106.569 42.030778509196445
107.579 49.56382339375101
108.58 44.70685479734532
109.589 39.597186247293095
110.609 39.72665158159746
111.649 34.443043924162815
112.659 53.75231551156303
113.669 47.33349896851775
114.679 48.49696900119558
115.68 52.357313779865706
116.689 39.46097301622286
117.699 48.26427499453117
118.7 51.887741459101015
119.709 46.44871176574517
120.71 47.993861043771886
121.719 49.61294512158694
122.739 43.643667358408365
123.749 46.17002893562516
124.75 51.183382977739235
125.758 44.629546228918684
126.759 44.47206863696298
127.819 49.97857998448351
128.82 56.11389234705696
129.829 48.31210876570369
130.838 46.68163639079367
131.839 52.357313779865706
132.84 46.35035792045123
133.849 43.8865408908559
134.859 47.00418932173091
135.869 42.44675473301387
136.878 43.18776701592514
137.879 45.54851512684498
138.88 42.124207032495285
139.889 49.942581140613704
140.89 58.93132627250409
141.899 50.87427964037821
142.919 46.408619671527156
143.968 46.917978682330265
144.969 42.731081201612604
145.978 39.92682226631987
146.989 45.562913486925936
147.999 40.35267877202121
149.006 46.074188955679986
150.009 51.784276371431226
151.018 47.61333489077293
152.128 32.05922949045276
153.138 23.734788667315122
154.158 21.88920581165354
155.362 2.3397787142931827
156.368 48.46164543796078
157.398 39.93074335587898
158.4 31.292782131307856
159.408 23.548725801034905
160.438 20.85872615333103
161.448 32.57716091605325
162.468 33.73592157005483
163.469 36.86142719033601
164.478 25.854633373296977
165.479 24.984817319644925
166.488 44.255678746974645
167.498 42.44692483092722
168.499 42.124207032495285
169.508 48.21539737172542
170.518 38.258432713329945
171.528 40.02336912544913
172.548 24.058588474353815
173.561 22.27246878035452
174.568 22.638561887926016
175.588 22.44586805531706
176.598 20.94246058888831
177.608 22.571318634637286
178.618 18.246748150519487
179.638 16.589713878261758
180.658 13.363936179709071
181.668 15.125110425305838
182.678 14.659722412213226
183.71 9.43162849564781
184.718 11.42462934903182
185.738 12.67269810145085
186.748 21.407848601980923
187.758 20.573688215939587
188.779 25.78094615102485
189.788 28.882653498068503
190.798 23.133322287873785
191.808 28.85405681135532
192.849 26.05666729738394
193.858 36.80209074735532
194.868 35.69879864130985
195.878 46.073413295502746
196.879 40.011131588409945
197.888 43.78982949687764
198.897 32.93908351679755
199.898 32.63527630238006
200.908 20.80638222249663
201.917 20.497366998577306
202.947 13.006013550177881
203.988 9.933642315824832
204.997 9.08406037435753
206.048 7.919424289097093
207.068 19.354666191294648
208.077 16.537648373847997
209.098 18.645148555625056
210.108 18.246748150519487
211.117 25.388784123199972
212.128 22.781456743462968
213.147 22.006449189793855
214.148 26.061263809741682
215.158 26.992504759113725
216.168 21.969852255195946
217.198 23.958446013570338
218.207 17.236422248800228
219.277 16.78427452223583
220.297 16.144716646324117
221.323 16.49269800762488
222.327 16.385922572311934
223.337 16.05588645149106
224.348 12.417103824731779
225.357 14.441326748991303
226.367 15.125110425305838
227.378 18.13217985705072
228.387 15.236812017943274
229.394 20.071302292299016
230.397 21.557255322064172
231.417 17.51136464927988
232.427 16.385196098170518
233.437 20.4770725757957
234.447 20.24437856926013
235.578 19.411609046114375
236.848 30.220299761679616
237.857 24.224160998386964
238.877 24.058588474353815
239.887 22.8040126413017
240.897 14.42702840567766
241.907 12.798170359885733
242.917 11.033233947680657
243.937 6.6819680898437985
244.977 6.779450382935352
245.987 13.728946386049481
246.996 14.907175998959456
248.016 15.207237721745313
249.046 10.81899639528391
250.057 16.040005258165206
251.066 17.469346873784303
252.076 20.4770725757957
253.086 14.194334399142091
254.096 4.517801764470005
255.106 5.817350163582472
256.136 5.24804055533305
257.156 14.976825028985415
258.166 18.615520523468206
259.176 17.452050490747414
260.186 5.913965803726362
261.196 12.100088340257555
262.216 13.133523486949173
263.246 9.811554081716151
264.256 14.194334399142091
265.276 24.058588474353815
266.286 20.709766582352742
267.306 12.903110794210749
268.326 8.294856939120141
269.346 15.43765041448374
270.356 10.102457921495434
271.366 16.288580458026626
272.367 24.887333007615208
273.376 24.087947767316724
274.386 29.78483283758349
275.396 23.269400654415787
276.406 19.87560619631141
277.407 15.730672750019423
278.416 17.469346873784303
279.417 20.661182119444522
280.426 22.22455076735821
281.436 27.690586778677478
282.446 29.55213883091907
283.456 25.92565036634355
284.466 23.036706647751373
285.476 23.366016294538202
286.486 23.036706647751373
287.496 28.155974791791564
288.506 26.623732386122054
289.507 26.061263809741682
290.516 30.280201247930016
291.526 24.762180333665714
292.546 25.806221588464446
293.551 22.683613752188354
294.552 21.69781107343311
295.555 27.883841123144425
296.586 20.838494605181
297.606 20.967555040570993
298.626 16.35930118550186
299.646 10.138158481156385
300.656 8.144290229002577
302.063 8.588237436807391
303.066 9.841355690500087
304.566 2.3517773176220063
305.576 6.748126189746219
306.606 7.273600067918114
307.626 7.631915156467026
308.659 14.105807056866391
309.696 4.985979580888838
310.716 9.216507710138265
311.717 5.0279936816480895
312.736 8.072358323162058
313.746 10.238536287908587
314.806 6.429818350620212
315.824 2.7703844394027657
316.834 13.263558372956869
317.835 17.843748194061817
318.864 9.002331112026047
319.894 12.777837873868389
320.925 10.71385498603052
321.926 16.669817391827973
322.934 22.84925869806364
323.935 19.584735629433666
324.945 30.482914857147243
325.994 23.169436889652985
327.054 12.194483078755807
328.059 57.858463292422826
329.086 23.57074732300277
330.129 8.980324138851213
331.174 20.092420052834598
332.183 3.6872921627606337
333.194 2.6536223632445806
334.243 15.458956449947463
335.244 6.808798652999251
336.245 24.182974526253428
337.253 27.609180055901955
338.254 38.27014415305957
339.263 36.89880214133359
340.274 47.655088085725545
341.275 40.24591774879229
342.283 36.13913365516201
343.293 31.510306523497828
344.303 25.596340719771465
345.345 16.333099762354344
346.353 21.21716879105909
350.225 2.8527852506815763
351.233 42.29798921894287
352.234 37.57127774571779
353.243 36.89335361211655
354.244 32.165703981400625
355.279 17.711723512529748
356.312 5.687825426144719
357.333 4.699315111371922
358.399 4.850338485356486
359.773 3.9301195094689856
361.194 42.11154915563977
362.205 44.16813042091636
363.271 24.122762642487306
364.283 50.8592759952739
365.342 17.846324386433054
366.373 19.604075080848304
367.382 2.3292462498407707
368.403 3.452805288089054
369.672 18.38826965157714
370.703 6.154767757934255
371.772 4.616875471256882
372.862 2.5873865681745847
373.863 6.671496804775472
374.872 13.276703624070917
377.513 3.112546597991397
378.522 14.912624528197972
379.533 15.34261372520337
380.544 30.781747526167536
381.553 43.55690487204389
382.563 37.32765668710177
383.572 40.29596012222385
384.573 27.097892763730275
385.803 13.948397644263958
386.842 7.2383737165323145
388.262 2.482615633193945
389.292 4.791689202692592
390.854 3.611077284645738
391.992 8.140069168963603
393.033 9.030583923473214
394.062 5.253140691938383
395.072 10.936618307536765
396.082 10.000399146707045
397.092 12.332782346793124
398.093 19.819521789880437
399.103 50.49459941997918
400.112 51.34012889047522
401.113 43.76771015560119
402.122 50.54464362156619
403.123 39.7763454280276
404.133 37.46373505342903
405.142 31.774460391769793
406.143 54.56770190884213
407.144 57.38530746164265
408.152 64.58412917721056
409.163 42.86986743079643
410.172 44.58531476600141
411.182 54.77970717769887
412.212 63.661013693096876
413.213 57.38530746164265
414.222 58.32786763999752
415.223 59.263596745130904
416.232 60.424189264789796
417.242 61.52783336753099
418.243 58.55923826376912
419.244 56.11389234705696
420.252 59.085199691112344
421.262 59.898975321739066
422.263 59.967955226492684
423.272 56.93031989013602
424.273 54.47038922395105
425.282 39.46097301622286
426.283 37.19369766296281
427.284 41.791936559868475
429.222 11.331283486662945
430.224 36.12098381015759
431.232 53.256307166065426
432.242 53.150849131906945
433.243 64.0966218024189
434.244 51.515653450366045
435.253 50.64135501554446
436.254 58.79402442436621
437.256 54.278862737635116
438.262 59.80652319257636
439.263 51.750439610748394
440.264 43.298137834621755
441.282 50.328650648971276
442.283 40.480703909389376
443.292 45.28408864093217
444.301 18.86689462368877
445.302 14.321955787338808
446.322 17.51136464927988
447.332 19.642912189775842
448.341 26.32048262317923
449.352 23.71131212065952
450.362 18.712136163612094
451.372 24.43287068709363
452.392 29.031999286888286
453.394 28.71271185904637
454.401 29.873566202433626
455.412 24.97015141815222
456.421 22.8266132483107
457.422 18.782892835848894
458.442 21.5240488541023
459.462 27.419110437676366
460.482 27.188697745023845
461.492 20.80638222249663
462.501 21.196140873529536
463.521 18.202602727538103
464.532 15.575077569523984
465.561 16.53944601784415
466.571 18.382826516911162
467.572 14.556741947785577
468.732 6.685940722477219
469.751 8.072358323162058
470.911 7.783084282479797
471.921 17.684744497282985
472.922 24.887333007615208
473.931 20.03151774860915
474.933 19.79974182801538
475.941 19.351923183056964
476.961 18.43301542027653
477.971 17.917438503818552
478.972 18.176018666753052
479.981 21.66199012349769
480.982 21.600326761188647
481.991 24.786721642247485
482.992 18.782892835848894
484.001 20.03151774860915
485.016 16.99912403840406
486.026 13.030864366421302
487.031 17.77272830074853
488.041 28.388668798241234
489.061 26.593128094605333
490.081 27.64952313032889
491.091 24.994874340330128
492.121 8.898851376435235
493.131 20.709766582352742
494.161 17.892609156279043
495.171 19.313602543096387
496.181 22.571318634637286
497.191 24.20017668042921
498.201 25.227568346779798
499.202 27.70476693284759
500.211 24.786721642247485
501.221 22.571318634637286
502.525 2.158553522463613
503.661 25.03788037474007
504.672 13.113985568569998
505.691 24.44771377878932
506.721 22.133040602965558
507.722 26.628835324811007
508.731 34.93869374761156
509.732 31.55882981228331
510.74 27.745528419077274
511.761 16.343278363580005
512.762 17.843748194061817
513.78 15.56383616829455
514.8 17.28095195651998
515.81 16.288580458026626
516.811 26.061263809741682
517.82 13.606339643054733
518.821 16.435031231381203
519.842 16.803652401980425
520.85 11.890940751026983
521.86 11.169312314072334
522.89 16.06703695063844
523.891 15.495886589572653
524.901 13.263558372956869
525.911 19.313602543096387
526.931 18.989509233786364
527.941 32.11177290293917
528.951 31.743000529947498
529.961 32.80985492250292
530.981 26.82354078747261
531.991 21.17515459542388
533.002 27.198269785468707
534.021 26.849864183613782
535.031 26.759810752449308
536.04 21.894914748546192
537.221 8.955074172214724
538.238 10.032922812891174
539.25 21.36554060078483
540.251 23.243829884294552
541.262 24.737177784665043
542.271 31.211899747909275
543.295 31.67274475780696
544.301 27.43096217357238
545.31 29.115578122902257
546.32 15.919808085077907
547.321 13.617597305998501
548.322 6.808798652999251
549.353 18.920211996616683
550.362 12.112080499150531
551.434 13.464421212384455
552.453 20.757492830991218
553.522 4.177173045423916
554.539 6.470586533959033
555.549 8.382427370204118
556.55 13.846891392511164
557.749 10.470135084914407
558.759 21.407848601980923
559.77 20.22435445593623
560.779 20.73029162356138
561.799 15.532813551475844
562.814 17.829175259975045
563.819 21.748206999629275
564.879 20.712306818838435
565.89 26.96580594127694
566.9 30.250220850697577
567.919 20.39180892950525
568.93 11.158264527410871
569.959 10.50628138385529
570.969 11.169312314072334
571.999 14.375067608099254
573.079 7.6164195660283704
574.105 3.8941092517931613
575.121 4.857716416114127
576.141 17.050539263760083
577.151 24.898258700207712
578.211 20.933538469579574
579.281 9.664412757743081
580.301 20.967555040570993
581.31 12.810854374102762
582.311 9.156660257488415
583.34 10.277883962469465
584.341 5.732352162988397
585.361 9.216507710138265
586.391 9.58337840540666
587.46 5.716131535850035
588.49 5.253140691938383
589.53 6.5534687035056045
590.531 15.266592503059988
591.541 16.37975296350454
592.551 21.640542608623864
593.561 26.29442273933522
594.571 25.460262353444215
595.584 24.59251761150723
596.591 18.670978876553228
597.601 17.684744497282985
598.611 10.567845934588044
599.631 17.9721900347782
600.632 25.826477649359337
601.802 16.75582937184928
602.811 22.593688623476947
603.871 12.194483078755807
604.88 11.879155874166456
605.89 13.496252379513912
606.91 10.233826909146423
608.449 6.261116836237509
609.461 7.663726519839027
610.47 6.056040249586004
611.471 34.513565585868314
612.473 31.058230288355475
613.48 47.94128684341262
614.491 51.839437283539525
615.501 45.70464092251107
616.51 43.8865408908559
617.511 50.47902449637745
618.512 39.07198694666582
619.52 44.06642748912273
620.521 37.66326998394225
621.531 43.843088870269476
622.54 53.57266374633772
623.541 52.220011931727825
624.551 56.408565223705544
625.553 57.56258853853901
626.56 53.77596774238919
627.561 64.33140796280125
628.571 58.03742326949747
629.573 57.56258853853901
630.58 52.60903156263683
631.59 40.954145151677295
632.591 15.12379858092358
633.612 17.26402644040232
634.62 9.093072339034528
635.63 10.703924300979722
636.651 15.422530286757688
637.66 9.18077176835727
638.67 14.42702840567766
639.7 16.901409182744267
640.71 13.263558372956869
641.739 16.21621691856532
642.75 14.044350734976065
643.781 19.604075080848304
644.783 31.195395108801744
645.79 53.07580603440892
646.791 45.64599943908945
647.871 48.182602774966
648.881 49.79651740020068
649.89 43.420691640973644
650.9 47.798886981417084
651.901 57.52260930978053
652.91 49.942581140613704
653.911 51.046081129386614
654.93 54.065243673095985
655.931 56.11389234705696
656.94 45.51701326576591
657.941 45.88078559968654
658.95 50.07879437146919
659.96 41.74884281136347
660.969 39.22804839117436
661.97 35.92228254859188
662.971 31.793615972665652
663.979 26.346594213134733
664.999 10.138158481156385
666.073 9.62841866924639
667.14 52.142257090649984
668.149 18.168120748736534
669.169 20.506729655072668
670.174 4.0725750138332755
671.189 44.45716428455788
672.19 29.21096820781562
673.203 29.46462015735742
674.27 31.369004699164677
675.272 45.07894280608029
676.28 39.03380940493378
677.299 31.366878055736283
678.331 23.32337049479779
679.34 34.47284449751455
680.349 37.597576016479096
681.35 44.84415664569795
682.37 45.71738159314008
683.42 44.858829636473814
684.427 50.461753943890656
685.44 42.78522800842947
686.449 33.07529674765304
687.47 20.582219436551505
688.489 33.211988529603126
689.499 35.69879864130985
690.5 60.574829395609996
691.52 41.56995312367665
692.539 29.06048996334905
693.54 20.289094110773974
694.551 27.89566131847349
695.56 25.95134476727524
696.579 47.050317083497056
697.589 34.535328608632014
698.59 33.809207104506534
699.599 40.392671516202114
700.76 43.2015877899107
701.779 38.05540352342305
702.789 31.743000529947498
703.79 32.165703981400625
704.893 2.5519073375358894
705.899 72.29080702258177
706.909 40.818066785135294
707.91 47.42680441054799
708.919 35.03540514158982
709.929 33.507936942281425
710.939 31.27761251683341
711.949 28.62136280490565
712.959 29.181835576492514
713.979 27.879935823196167
714.989 10.238536287908587
716.029 6.10150534464611
717.039 15.125110425305838
718.04 30.386443655907858
719.049 41.69350787208537
720.059 34.3026346019676
721.06 37.80057183208013
722.068 32.9717611790396
723.069 34.748351746250655
724.07 28.50660972645384
725.079 45.98286251586291
726.08 45.54851512684498
727.081 48.22864720415423
728.089 42.43433758211818
729.098 22.690400017455215
730.108 16.05588645149106
731.118 13.728946386049481
732.218 18.676731046820322
733.219 29.113483895571154
734.228 36.33624149747307
735.229 36.25455302121869
736.23 39.7763454280276
737.239 40.76180937210611
738.24 46.81993024143066
739.248 48.03007440610309
740.259 45.65943356260083
741.26 46.58514408104832
742.269 46.35200037176691
743.271 27.774504487451576
744.278 38.042119460914925
745.279 32.96754677500687
746.289 33.27524293561701
747.29 34.845836058495124
748.298 36.37228935600927
749.299 32.732760614624524
750.3 34.98313790684775
751.309 35.268329766638324
752.332 41.812133218703714
753.338 33.504549862446694
754.408 39.627431949544615
755.41 50.1940943855827
756.411 48.22864720415423
757.428 57.637783385609104
758.429 54.33308737581317
759.438 53.80558837117147
760.439 44.23728247658064
762.218 23.438049098624905
763.229 40.44870891191542
764.238 29.212289516880524
765.239 44.13979816433616
766.249 40.35267877202121
767.258 44.72152799685689
768.26 39.26754479061521
769.269 44.81823939083516
770.278 46.11907574671841
771.28 41.37851137697193
772.288 56.520486980074516
773.299 54.164075726745644
774.3 34.61104989811278
775.308 42.90064898402745
776.31 47.71141113582733
777.318 47.893726042927774
778.32 36.82463933879999
779.328 32.03913837500633
780.329 46.35035792045123
781.338 47.28369887174617
782.339 48.46343336453658
783.34 48.22864720415423
784.348 53.39265552924074
785.371 55.46200384079298
786.378 76.18114239410704
787.379 70.29854628632232
788.388 51.10720426542672
789.389 56.68094898028087
790.39 66.77675387951341
791.398 60.01782249493086
792.399 52.592099940462795
793.4 45.4112132787071
794.419 67.67293341794446
795.42 59.73316906611033
796.429 49.942581140613704
797.438 55.901909996178496
798.439 52.68958425270726
799.448 34.80248051654132
800.449 45.54851512684498
801.458 50.64135501554446
802.459 55.2722320175573
803.46 55.50701817793964
804.468 47.33060730313183
805.469 42.82856551385707
806.478 55.76569676510825
807.48 67.17921409851306
808.489 63.82134724546531
809.498 39.69389764127136
810.518 39.03541350342513
811.519 50.713810656759804
812.528 46.21578714069667
813.529 69.59418780496053
814.53 68.18220992338154
815.537 41.176298490146436
816.538 56.81825082841875
817.548 49.42791512533711
818.549 52.454798092110174
819.551 61.54996986830007
820.638 53.493795408270095
821.639 65.97491108590715
822.649 58.73550528906122
823.65 54.09830121521608
824.658 53.955774269036695
825.659 67.95068468185463
826.668 75.56428988864744
827.669 58.79402442436621
828.67 58.08966594300443
829.678 55.257901137092546
830.688 48.0315809880815
831.689 62.55060299155747
832.69 76.40298645798126
833.692 62.01907355420483
834.698 68.3133029914161
835.699 70.06427500778538
836.708 72.30334513904215
837.709 85.55964671546967
838.711 79.61046177327148
839.718 82.01582329308361
840.719 60.202569759736384
841.72 70.53333244670466
842.728 74.47347595712452
843.729 60.202741386875026
844.738 65.31560638951984
845.739 71.0029047676841
846.748 49.7096565155652
847.758 53.61623714502103
848.787 59.9349560816232
849.788 69.96627581348075
850.789 59.263596745130904
851.79 59.967955226492684
852.797 62.87806994462943
853.798 59.263596745130904
854.799 69.59418780496053
855.8 75.22905565564004
856.807 74.78081897836125
857.809 74.68487307191565
858.817 59.784666794083606
859.827 55.245095190812954
860.828 59.49838290572799
861.857 59.9349560816232
862.858 54.00081690318637
863.859 48.46343336453658
864.867 55.82101987710325
865.868 56.68094898028087
866.917 62.82502082650836
867.918 61.513974037354124
868.919 59.73316906611033
869.927 52.09052866097014
870.928 57.15052130104556
871.929 52.924370413089605
872.937 61.786260765110725
873.938 63.72453379368393
874.947 61.588812389817555
875.957 49.427745027209006
876.958 71.23769092806644
877.959 71.94204940942822
878.967 75.87241016306706
879.968 61.376672189216244
880.977 49.7096565155652
881.978 53.766030742589265
882.979 60.437527547472115
883.987 68.64458343207761
884.988 55.2722320175573
885.989 51.98522577134548
887.017 50.61985505560895
888.096 64.99890999631772
889.097 75.22905565564004
890.207 58.94901347177431
891.217 60.26774769473074
892.218 62.08103067057802
893.219 62.08103067057802
894.227 61.416756701088154
895.228 61.141886028833895
896.229 61.141886028833895
897.23 55.97659049891908
898.277 64.06738450817654
899.365 64.6772470886745
900.377 67.11566558281123
901.378 69.35940164436344
902.387 54.83399826512899
903.388 46.11557176006888
904.389 44.47206863696298
905.397 49.89532001416964
906.398 60.672313707854464
907.407 68.57655113933987
908.417 57.10664724326929
909.426 55.299847515226
910.427 50.94859681735689
911.437 58.502811282396806
912.447 55.71048320392704
913.448 48.69839115227231
914.456 57.453109784107795
915.457 50.713810656759804
916.467 54.08162515813512
917.468 59.49838290572799
918.476 40.19958791002906
919.477 65.74012492552481
920.489 73.86862006710822
921.557 66.05395687209092
922.558 67.61841420901307
923.608 70.02066565244344
924.61 101.75989178636117
925.616 83.03182688138288
926.617 70.768118607087
927.618 83.44657127138433
928.657 78.90201042639112
929.876 57.729375727876054
930.877 61.74876019795121
931.937 74.45960444060476
932.938 93.30759001023452
933.94 81.48687651667582
934.941 73.58555253253414
935.947 84.90078073107706
937.027 81.78520238076298
938.037 88.7530321330944
939.038 101.99467794674351
940.087 85.54637202201661
941.088 90.72494224516974
942.097 100.0213755120829
943.496 63.9764998600649
944.497 95.42066545410512
945.498 107.629545797423
946.508 93.03813989102882
947.517 105.37864188669518
948.519 90.49723357029882
949.52 105.75125651393476
950.616 94.52938713685519
951.617 94.48152081236098
952.627 95.96654633604058
953.677 85.91255823258633
954.678 100.58596098401995
955.687 103.04939563685443
956.688 85.65713102771414
957.69 96.26364262095808
958.696 93.54469228636904
959.707 83.64756026279325
960.708 90.02058376380796
961.71 81.25232467372344
962.716 89.33954612428867
963.776 82.8848836586144
964.777 90.02058376380796
965.778 85.32486055487257
966.785 83.6495339448228
967.786 72.17700719716396
968.787 81.09870966691663
969.796 56.697395265087515
970.797 57.38530746164265
971.798 54.09830121521608
972.807 57.86201838990052
973.808 61.044401716589434
974.826 63.3529677479171
975.827 60.437527547472115
976.828 54.33308737581317
977.836 66.54618212294905
978.846 68.04326555069869
979.847 66.54196771913105
980.848 72.88119405117234
981.849 60.907099868236806
982.85 69.59418780496053
983.855 76.5665983457519
984.856 80.86392350631954
985.857 94.71630697295808
986.866 81.01826765745274
987.867 79.68999270419307
988.868 83.21178511100199
989.876 95.6906447481836
990.916 86.06069548502933
991.946 68.15726325155582
992.947 59.635684753865874
993.948 62.315816830960365
994.95 65.77190304079875
995.955 57.624611604229365
996.956 59.263596745130904
997.957 54.56787353619552
998.966 52.17511599647621
999.967 52.454798092110174
1000.968 63.72453379368393
1001.976 68.41142773101559
1002.987 62.861758042455
1003.988 70.53333244670466
1004.995 67.77920189984707
1005.996 71.70726324883113
1007.006 66.87979551802084
1008.007 63.95931995406628
1009.008 79.22042038321364
1010.009 96.59459625644634
1011.016 85.98323569960732
1012.017 65.13325075640749
1013.018 66.30718155853397
1014.019 58.55923826376912
1015.025 55.2311383660275
1016.026 55.2722320175573
1017.027 60.437527547472115
1018.106 56.721990653183106
1019.115 59.861628620929274
1020.116 54.80265969657786
1021.117 66.30718155853397
1022.118 77.10734493934304
1023.275 80.4048725182092
1024.329 66.7636098979935
1025.356 96.43758551006462
1026.357 98.70767170053168
1027.36 83.8461032228049
1028.373 91.97026323165869
1029.375 73.51211385736846
1030.376 66.07239539815163
1031.39 66.38436324013078
1032.395 70.01875107719411
1033.397 79.3759099303191
1034.411 88.8664737156366
1035.446 89.4284015559347
1036.448 86.88156890393643
1037.449 79.68999270419307
1038.456 74.78081897836125
1039.457 60.437527547472115
1040.465 64.68093651509724
1041.466 71.70726324883113
1042.468 70.46293989941695
1043.469 67.24632620049283
1044.475 59.43628452789312
1045.525 63.436675892266905
1046.526 68.79234501135429
1047.527 51.515653450366045
1048.528 68.42025700261931
1049.535 64.51178059636864
1050.536 51.2808672899837
1051.545 51.10720426542672
1052.546 61.044401716589434
1053.555 56.231546014990506
1054.556 53.39394273406905
1055.565 51.57305351552371
1056.575 54.77970717769887
1057.645 63.56881809947649
1058.655 64.45623981254276
1059.656 64.89846459602515
1060.666 55.01240118436329
1061.674 53.955774269036695
1062.675 56.21137665930142
1063.685 67.11248952468527
1064.686 67.01154003989575
1065.687 70.06376012572522
1066.695 71.20929614311542
1067.696 67.24632620049283
1068.697 74.52469717427826
1069.715 68.6628712567545
1070.735 58.62049238747968
1071.736 62.218332518715904
1072.745 59.25956613997678
1073.746 52.924370413089605
1074.748 56.62438116694422
1075.755 56.810001809874194
1076.874 55.95456085300896
1077.875 58.22696779114231
1078.885 49.195051020759344
1079.886 67.24632620049283
1080.894 79.13658997707614
1081.895 82.27264046904311
1082.896 72.4116217301929
1083.955 78.3026787529023
1084.964 69.50824963910438
1085.965 69.73148965309841
1086.966 64.66367843542807
1087.968 57.56258853853901
1088.974 62.940572996365006
1089.976 59.4388318259594
1090.984 50.6915944550276
1092.075 51.57432450596829
1093.076 58.93132627250409
1094.084 56.520486980074516
1095.095 64.48900495265633
1096.096 60.202741386875026
1097.097 57.15052130104556
1098.104 53.309193270402346
1099.105 58.46175395152465
1100.114 49.942581140613704
1101.115 50.34172264823958
1102.144 49.65707211915373
1103.146 58.16885704489005
1104.147 51.98522577134548
1105.154 53.07580603440892
1106.155 55.03744585717495
1107.156 61.279187876971775
1108.165 58.094943014949024
1109.166 52.220011931727825
