0.0 75.03991867070981
1.059 55.4064209270404
2.06 39.51687438230947
3.139 30.847526407265985
4.141 66.25186548830335
5.15 57.089299805958184
6.151 55.32949712293717
7.152 83.69086933468509
8.21 83.96648144484332
9.229 80.63046273805301
10.23 80.6388998131197
11.233 78.02409071969191
12.234 109.43082551992336
13.239 80.2043162890061
14.24 78.20716541855336
15.289 84.01115129202508
16.3 104.72354269161242
17.31 84.0077717941631
18.35 82.89376997456594
19.37 103.530998283881
20.371 83.5634889919103
21.373 80.7705105637365
22.389 82.11806857970902
23.399 89.83117901964268
24.579 82.57082778184032
25.649 95.00823302847019
26.988 38.448642863113896
27.989 69.40462817831346
29.019 69.1086228913085
30.198 76.95377248422375
31.209 94.45455265414215
32.21 68.58697336120578
33.308 78.20696013384999
34.314 94.49974105184756
35.315 68.70165535208767
36.349 78.96405769311144
37.35 112.15025695043998
38.359 73.12361115254409
39.371 91.53769599998957
40.389 71.80576720841688
41.399 91.2833929169671
42.4 103.03065773573023
43.469 88.46111432648108
44.548 83.75256104557633
45.728 87.42970754269444
46.729 105.42032883938757
47.73 78.97243953394766
48.909 64.90761983102105
49.911 80.97645463247667
51.038 87.09610666186363
52.039 103.2866088918241
53.05 64.94002195534284
54.059 57.91661249719315
55.06 89.27516800771106
56.069 90.1820042849777
57.318 59.95307689392932
58.319 56.41778556552266
59.388 75.77637185571031
60.389 90.3382581583095
61.39 94.91779973467524
62.391 76.40578515023992
63.498 80.01118866749819
64.668 84.02381086304975
65.679 85.49116412796394
66.788 96.32789790031208
67.8 106.20697966428818
68.802 108.1306333293958
69.869 84.69522756206317
70.878 83.09246795566665
72.029 87.82158233210241
73.03 97.13465420531122
74.031 80.20794949446646
75.069 81.36319712381355
76.228 88.33353974346569
77.23 114.87714763315753
78.238 77.84552831532869
79.399 101.19298879597551
80.4 102.31935161569457
81.401 77.10776591772022
82.409 102.91217974211499
83.41 81.49425286255686
84.807 74.34929424179816
85.808 79.28791421477226
86.809 79.18533534063526
87.81 106.18996801336142
88.828 96.76392380142242
89.829 93.10927664334447
90.837 71.18637395066334
91.839 88.18310954358039
92.841 111.82803627019554
93.858 79.42102001429693
94.859 79.13831175599869
95.867 70.5046366928745
96.869 65.03650263706928
97.887 63.91384224912685
98.977 64.32509354536145
100.238 60.36740870351748
101.247 80.056642623622
102.248 95.39458316742079
103.408 86.01874544147846
104.409 101.20169823434122
105.468 71.82035979428998
106.469 72.28080489037272
107.47 113.01771311662202
108.478 72.12267899388324
109.479 94.83387156490421
110.48 89.71405479608015
112.388 30.15681873239508
113.417 153.73449402310303
114.427 59.98892084097457
115.43 61.276481988344415
116.45 59.6075823920889
117.457 73.12285706253476
118.468 82.03464011533656
119.588 83.31465709746215
120.589 99.55686483577169
121.59 104.85941882532049
122.598 107.05619650683349
123.608 93.22033359263668
124.618 86.52028864838253
125.628 67.3080002266664
126.629 68.52943395396606
127.63 86.04264379446248
128.637 91.30959144596955
129.798 77.82319322565007
130.809 76.3283796440044
131.818 85.66672333815744
132.828 83.85478297753261
133.937 72.49611133707096
134.938 88.86465409911607
135.939 92.80094478553721
136.947 91.36461457816421
137.957 34.87161804863136
138.958 66.77110903505891
139.967 60.54362062788077
140.969 66.11181213951956
142.088 64.24674844722655
143.089 92.14182095566446
144.277 92.01200823201778
145.28 111.00621480630704
146.288 104.65553559692813
147.457 89.57131358200996
148.458 99.5899995979711
149.459 106.09929384417057
150.467 97.43128803687077
151.507 83.99739316550065
152.508 99.73781635080415
153.517 83.93828347632075
154.657 88.85121709865732
155.707 87.40473780532196
156.797 97.02024277583767
157.817 63.83914710921935
158.818 123.77083626035142
159.827 106.61861899735854
161.028 88.85348934934237
162.03 105.32225462492596
163.031 106.54393457346224
164.036 108.59094523080171
165.156 89.05005747778142
166.157 110.67943065593258
167.158 114.41929371099059
168.159 108.86793138836528
169.177 89.01598145361945
170.178 93.46681461507809
171.186 76.81740547979358
172.187 102.3798671991708
173.188 73.17147523129907
174.196 63.85237851439811
175.318 53.189608180426966
176.326 58.59649951091802
177.327 70.72287583805901
178.328 82.33234408997107
179.467 69.65619284951538
180.477 76.12629135965592
181.487 64.08750301877694
182.79 17.472054401497676
183.8 45.95858781875686
184.82 35.138421168073904
185.821 50.4854726851172
186.83 49.24410004088893
187.831 51.333881323335774
188.85 51.08997876450466
189.853 54.87501710949401
190.87 64.20127147913648
191.871 73.01393630280965
192.872 65.16139451642808
193.879 67.18171121420198
194.95 57.95188575606493
196.03 62.37057858026148
197.14 78.58342023158818
198.141 89.84242719784872
199.15 72.50806205006083
200.151 69.12566125952233
201.16 60.62826123166254
202.28 41.63471890980035
203.42 44.74024885633108
204.639 41.98397213077824
205.649 59.463685455811635
206.65 65.97448586340572
207.651 73.8196864149712
208.652 38.83830620087569
209.653 61.631847915170376
210.66 62.20304558823975
211.67 48.48467308980615
212.729 46.88812678455926
213.739 58.315407527211406
214.759 35.427379480332014
215.76 26.24491408620742
216.769 48.86085526117471
217.77 67.22209894042115
218.779 54.36007385206199
219.78 68.67109994277554
220.781 56.54814208453399
221.79 57.943776225647774
222.791 82.24246356772697
223.799 64.70845260983084
224.8 67.24352740922491
225.809 53.45723371649108
226.81 55.642590862673224
227.819 40.85523202638371
228.889 44.54714533269048
230.119 15.68342088120944
231.159 63.64596278029009
232.169 45.462455704716426
233.179 41.282793363291546
234.189 24.21077522731207
235.219 22.052669546814684
236.22 45.87120905265855
237.23 36.20781214930588
238.231 46.46088877034548
239.239 58.760234673241165
240.379 40.57959558101902
241.389 47.34551600016189
242.39 63.513981765219526
243.414 44.751679284930574
244.419 45.77084784914837
245.449 45.68979457684509
246.459 63.27967735049597
247.46 57.872342096752604
248.468 52.7349383311718
249.469 55.43167917347665
250.475 64.34257765783452
251.478 12.293632317025484
252.479 30.6712817926633
253.494 35.846688059850116
254.509 48.766433292681285
255.518 22.662049838934525
256.529 24.18682787298096
257.538 27.196797499702697
258.549 19.89853786615787
259.558 28.812448836264622
260.758 26.616575171350743
261.768 38.199223136463225
262.848 28.25155975968068
263.85 32.028418155034316
264.858 26.684693727795032
265.868 21.29203278279235
267.07 32.91624685005428
268.078 40.70089649383687
269.088 28.220144104221422
270.109 36.723232682346236
271.118 33.120852400512504
272.119 27.90998548303644
273.128 28.004623167983656
274.129 25.785590887531836
275.133 66.21116776042186
276.143 28.783921659235883
277.145 20.06557263793816
278.164 22.93041038321404
279.173 21.272742598694272
280.183 15.07941247501656
281.203 13.126573892408585
282.213 21.789697704585826
283.223 16.678534045480543
284.243 20.244216845854353
285.253 33.204508811007656
286.263 41.42732650004856
287.273 27.494528764614582
288.283 43.04137818196536
289.284 51.777133170532686
290.293 49.265210786067335
291.303 49.22857629560736
292.305 42.76897363707349
293.313 52.11467564676469
294.433 34.35441520836685
295.443 28.543173613421548
296.585 28.798473294673002
297.593 39.662074346226035
298.603 16.14051681819977
299.613 18.3448929577257
300.633 22.108815765867906
301.643 15.959801236397622
302.644 30.942709065087854
303.773 25.773758412135862
304.783 24.21077522731207
305.803 20.776959394419013
306.804 25.019324713392017
307.823 26.929900566254247
308.833 25.765440504655142
309.843 38.46823174999189
310.844 42.88550905499545
311.853 45.79244923341977
312.863 49.76659352291296
313.864 22.09374347570695
314.872 15.90299929226938
315.903 11.59528883609678
316.932 9.769535365983733
317.933 21.714181800046408
318.943 21.251680477305054
319.944 17.8336448149989
320.963 26.130002529785234
321.982 15.746781224575942
322.983 10.323561707220547
323.993 14.795473750035073
325.012 9.865409118371076
326.022 11.83637900002806
327.053 7.64315484844101
328.092 6.5375048068545
329.093 5.971399995003452
330.133 7.31496499388978
331.173 8.882457492594634
332.233 5.8953491460122285
333.262 4.7527469348042395
334.302 6.008721244989757
335.505 2.704928405760391
336.533 7.038380522843856
337.562 5.808912920330084
338.572 9.953318704557766
339.582 7.263232568203551
340.602 6.392910582900067
341.639 7.598131430486011
342.777 2.865012651388338
343.815 3.141025430907097
344.894 2.769866262736134
346.121 2.6571999977799354
347.206 9.781000753049964
348.324 2.673243021019709
349.341 2.6715703025872544
350.38 2.6150019227418
351.478 3.464282146481546
352.595 2.918875915190189
353.616 3.1933245810789828
354.896 6.155673666736355
355.933 5.5020951738104875
356.945 10.480958744961725
357.964 9.273866588842301
358.973 19.926366484851293
359.994 19.15994748644907
360.995 21.157041609137803
361.996 26.599872705053745
362.997 43.57062482405029
364.164 50.05588727606406
365.165 55.642590862673224
366.174 38.02272438327812
367.175 55.642590862673224
368.214 37.133027302893844
369.363 36.035903604888496
370.373 35.778145613712155
371.383 37.96780641044655
372.394 45.95497295866878
373.404 45.19344709093949
374.414 36.05777298849716
375.415 48.04262723255147
376.434 52.260005059322204
377.444 47.07650738638496
383.624 4.705164691042016
384.634 130.73818622756463
385.654 17.580504102981394
386.655 36.64268178749297
387.673 28.398131399100752
388.674 13.84279089752493
389.683 27.466072722297504
390.703 22.64155831443257
391.713 16.678534045480543
392.723 15.064482363663048
393.903 28.989845966513343
394.904 57.81400904256615
395.921 40.60786859935606
396.924 43.902746309929576
397.925 62.156845402600254
399.124 47.68681307685318
400.133 45.50751264781828
401.145 37.85525362450892
402.153 38.275015245720084
403.154 38.72521150413557
404.155 54.014027227629406
405.165 34.70211115910095
406.173 26.21890561297774
407.184 33.08805947743242
408.186 46.09658578996529
409.226 111.69625366692372
410.238 16.93077951107674
411.305 15.278277400544214
412.315 28.543173613421548
413.318 14.086074165719166
414.364 12.727759358400855
415.686 10.276047646500261
418.387 3.1242312128231395
419.389 17.354008767951886
420.402 37.81788417367377
421.65 13.497852072057933
422.659 15.348687697785158
424.01 6.435498440234514
425.314 2.4954209142080273
426.419 17.378568957642777
427.54 4.362690986537442
428.589 21.49760922896629
429.599 13.988447909126329
430.601 35.792643083938
431.749 36.02681050928934
432.759 32.81905086365549
433.769 23.941766613684095
434.789 26.6371274287296
435.809 10.654850971491838
436.829 18.645989200110716
437.839 13.335000816186223
438.869 16.882249306305717
439.889 23.707043411586717
440.919 8.441124653140445
441.92 20.628472710050293
443.019 4.944471333446618
444.039 7.458395680054218
445.049 15.602499590943822
446.059 21.520689090957852
447.129 7.319434079456581
448.14 27.901486159573192
449.144 72.79576717018941
450.149 60.82806711336758
451.15 39.63294525528612
452.159 61.12547556849617
453.179 46.348601726044116
454.199 22.108815765867906
455.269 18.001876468012572
456.289 19.997450915598257
457.299 25.286809681873613
458.32 18.62772672294832
459.34 10.122108422927177
460.349 49.546640989471356
461.35 55.91401813509777
462.969 19.336582194520535
463.979 19.099611568206786
464.999 18.91236047440546
466.019 28.235355074498056
467.029 44.65542986363389
468.059 27.433655122768513
469.069 17.75456850004209
470.087 14.145413642411048
471.091 21.378682551884864
472.119 11.62912722764543
473.129 10.760344545466513
474.139 13.450430681845555
475.149 9.684310090929793
476.249 2.9639858157052794
477.26 13.168384064176315
478.27 19.63762879548756
479.288 58.99970401073386
480.317 7.129120402206359
481.336 59.992352746844425
482.367 18.838876867972502
483.397 6.858413780692128
484.406 7.001155791983502
485.417 12.362156468411937
486.425 19.1375076229097
487.437 19.061865300296958
488.447 18.023577113670065
489.456 13.910781628842216
490.457 21.985609072545437
491.466 22.619118712537254
492.477 20.69317495800199
493.484 15.248802950219181
494.486 18.18562725753421
495.496 12.643404840936807
496.506 16.409525431852572
497.516 11.787218069168462
498.526 6.187198113642004
499.576 4.398931329671824
500.617 4.436962436255175
501.627 17.216551272761315
502.817 24.43589263138764
503.837 34.628265657323645
504.847 26.047427603998273
505.867 19.97784557155961
506.947 6.295150597145633
507.949 2.7115638699862754
508.96 14.434302832970772
510.041 28.970075413155765
511.042 44.141257014021996
512.07 30.518730950662547
513.071 34.08118610931155
514.219 30.784747906540918
515.22 27.16356048380686
516.229 25.27368424936654
517.24 37.29058014402501
518.251 40.87888715540669
519.26 29.948404472621945
520.262 46.86763721202279
521.299 27.603939474007166
522.398 12.36117833362896
523.54 20.576847432410677
524.549 28.175479084011364
525.749 28.995924895972696
526.76 27.169869977319085
527.779 20.582561516444827
528.929 26.301339109462354
530.139 31.5906695285067
531.149 34.57507931385111
532.219 30.38995321758197
533.229 28.51491304545895
534.239 8.69735524307988
535.38 22.55783220815637
536.389 37.727466463576796
537.399 36.047154227240824
538.409 27.714179803860112
539.42 19.4944418221879
540.429 27.466072722297504
541.449 18.345737369007473
542.459 32.31302673223155
543.5 12.697885919553084
544.659 28.83428824165564
545.669 17.32529525181679
546.679 30.93599056821002
547.689 23.09265901596251
548.69 43.15693632766826
549.709 23.804373052866904
550.719 29.590947500070147
551.729 27.28608641788905
552.749 29.202710265436792
553.769 29.265596603782956
554.789 45.01674535469453
555.799 37.61656778399073
556.809 31.90033138794396
557.823 36.208612506793436
558.829 23.622763581274974
559.839 18.29258572729804
560.848 10.501733687950425
561.859 9.13724608535443
562.999 7.69923883535889
564.0 27.414154522575657
565.008 22.289655787710306
566.029 31.13491466548905
567.03 23.022905695835036
568.039 27.016493329910883
569.109 30.817429105447335
570.118 26.119696608578657
571.119 13.160056069558621
572.129 20.17564602276833
573.279 21.31558917399044
574.289 22.596723545494573
575.309 29.300840171677034
576.319 29.12096900108218
577.329 28.51491304545895
578.338 22.44196298432409
579.358 15.982276457237756
580.362 21.649298786709423
581.369 21.04518230617697
582.388 19.620695821840886
583.639 15.153319705303499
584.648 10.501733687950425
585.679 9.750583793987088
586.688 7.270431014752098
587.698 5.380172272733256
588.718 6.126539308605325
591.248 16.53818172532142
592.249 8.957099992517591
593.25 13.592792093904137
594.32 37.020191477864536
595.349 45.591165041422926
596.35 37.15438568813021
597.351 41.81110943484713
598.369 38.65484393936027
599.49 36.10204747186608
600.5 47.91440629188446
601.651 46.724981531156125
602.699 57.329477318514975
603.7 52.43705064735221
604.859 42.00013694149544
605.86 58.037023848507616
606.949 39.049532285239586
607.95 50.38547316361924
609.059 33.14139159579762
610.06 46.944616614309616
611.08 41.25016207263588
612.259 42.70978311281341
613.319 46.50625542960752
614.469 35.59992142234324
615.479 42.1903041469796
616.48 32.14964773378555
617.759 27.170925918774508
618.959 36.82844759842041
619.96 48.48528384435211
620.961 51.406500023556916
622.089 43.018996011996414
623.26 45.65167331480394
624.449 47.683810681841074
625.45 50.20333117829078
626.549 30.93421021779247
627.55 36.17105706052199
628.659 29.50157833593101
629.669 43.71252320983617
630.67 36.456571567182465
631.672 36.667162074702524
632.673 37.375813199681645
633.678 31.74778477485005
634.868 21.18653026354017
636.079 20.864563194146143
637.08 17.642772712536154
638.103 23.99451715832602
639.118 28.299893305189013
640.128 13.816188007396281
641.268 22.295732727691675
642.269 24.047305555408155
643.308 10.583740295132104
644.348 23.80380969685923
645.349 35.132768378313095
646.359 34.03332585578827
647.368 29.675192477625423
648.37 25.846304882806827
649.409 40.43064412811961
650.606 36.62391273232531
651.729 38.938026037807596
652.738 42.24530631239611
653.768 13.687518100764972
654.779 19.53687485354261
655.789 32.7004746985274
656.848 36.81602227293621
657.928 36.7566720931676
658.939 36.17221963552441
660.029 27.417859361507436
661.038 35.19946815513035
662.058 23.977503718592025
663.209 36.62485248360934
664.228 47.221076223814876
665.248 51.050405205634036
666.249 47.6096927964072
667.251 38.02532257458741
668.259 35.163850130122
669.268 34.93174420822816
670.278 36.18873770817605
671.428 17.464050482952015
672.609 33.1142502233992
673.678 32.84982330695155
674.679 42.51924096659925
675.708 34.26826274332711
676.71 45.87597390480231
677.928 42.13030262543739
678.947 30.047241988880398
679.948 32.68972451419686
681.118 29.56999738036265
682.128 35.459189494388426
683.318 28.42912515568493
684.328 24.02494690867768
685.348 26.6443319149883
686.358 31.239608477161166
687.552 34.7052126620728
688.558 44.48156866430582
689.578 25.419363809402913
690.586 27.39638013663581
691.589 27.513546741868787
692.59 33.775235192344574
693.599 35.8584838320884
694.659 18.668229831343112
695.669 16.42309384875691
696.677 22.983806180564777
697.728 17.501882625153492
698.832 2.9474899204103506
700.058 28.437540637358428
701.078 12.129434056433437
702.08 37.832658825729396
703.088 31.798117229092853
704.09 36.330000514635465
705.108 39.52790923284542
706.109 29.956404261243097
707.167 35.97678514086342
708.169 41.073255149751304
709.248 26.8467925407563
710.268 31.134673988206792
711.287 30.02190408810138
712.398 25.93641328389442
713.518 29.71225736424794
714.528 33.872078002707816
715.539 29.829831695783195
716.678 20.147335541838004
717.717 24.504747184381134
718.718 32.6968673372142
719.728 33.750748825181475
720.737 32.421878485352856
721.738 30.376243521896953
722.747 31.12175944543008
723.757 25.26380236631474
724.758 32.71214504174613
725.907 24.5659507587667
726.909 39.522034473886436
727.927 40.18207413344244
729.098 31.535256857735234
730.107 38.320147527862446
731.127 26.891426320829403
732.137 32.69516531789923
733.147 34.97839559047231
734.148 36.861331534854884
735.317 35.85499546110161
736.318 41.325199061841474
737.319 28.681211951152083
738.507 33.516634872140216
739.517 34.36408059864739
740.658 30.75098001859532
741.667 35.57877616269112
742.717 28.77880143120078
743.718 39.89544399924932
744.727 31.157387234362186
745.728 34.07880516822301
746.887 36.01081534963354
747.888 40.91964544697403
748.959 26.317608001337714
749.987 36.734185696310284
750.988 50.99221629177862
752.097 41.2716928341133
753.197 43.40895893109018
754.247 42.24475947606164
755.248 35.76709073979632
756.417 30.781346849049473
757.567 33.67271204598429
758.585 33.61779371565443
759.726 26.890353591601894
760.727 25.62170278297184
761.776 28.830470546472274
762.777 40.793852398092746
763.927 34.41534134238185
764.929 57.08079802816987
765.936 32.71426885541759
766.937 33.52483956537453
767.967 34.176566489506655
768.968 43.485506183735005
770.137 36.93792203436567
771.296 41.66529289139685
772.457 35.7226290762815
773.627 32.157191789297705
774.827 38.63778616196849
775.947 36.06086661558309
776.948 32.09409244403687
777.966 28.53626105902447
778.997 33.11646238383537
780.017 33.7921558242069
781.018 35.71510686143218
782.106 30.66738030261184
783.286 39.22348696466024
784.287 43.870821800094696
785.289 42.76461293500781
786.301 40.43816698845195
787.307 40.958113855991044
788.308 38.555569458653
789.32 46.31482968664963
790.326 40.073449711000585
791.328 39.186458623548596
792.338 33.034243410654014
793.377 32.63075096632378
794.386 36.095674360788514
795.387 32.01433092079839
796.407 26.14410691227069
797.409 37.42997960733556
798.417 38.72050887010032
799.456 34.96112292830679
800.646 44.966842465430744
801.651 45.44477146619066
802.656 45.586861720315284
803.686 46.12614927186287
804.688 49.01825621692336
805.697 33.372215309362254
806.698 46.23827078800151
807.736 43.74685364244211
808.737 51.706895411400076
809.867 45.859964900776994
810.868 46.80453791939365
811.869 47.6005658561471
812.871 41.089508675903325
813.966 37.76150498318908
814.967 50.337060696887896
816.096 39.54154140875037
817.097 48.87357563694834
818.098 54.520572422492066
819.277 38.39240532983672
820.336 45.27317674370202
821.346 34.174726335335365
822.347 44.49244580943677
823.457 49.17319185652544
824.458 58.713409500403344
825.546 37.76623317735896
826.547 49.04917003490398
827.548 42.04047341661092
828.587 32.85344667103018
829.656 37.38775892333601
830.766 24.436027955140563
831.776 38.78541807602116
832.786 42.844931102198764
833.906 39.48157197168656
834.946 38.60274929263385
835.957 35.116673083883015
836.958 36.74129242689618
837.959 36.7762128945396
839.136 35.21086472615924
840.226 36.360418503094806
841.307 41.57456335143105
842.377 43.301284212784026
843.446 39.36535208547857
844.477 39.453108964359416
845.585 47.89641765076508
846.587 37.68023246512946
847.595 39.00679911155368
848.596 37.2035918018083
849.597 43.09562709724527
850.605 30.185788910876735
851.766 40.16047988399279
852.966 40.524748196472906
853.967 36.3492308108684
854.976 44.11350158965243
856.005 42.02216554615291
857.095 39.9681994030923
858.306 38.93070758456998
859.485 40.65814465203718
860.487 44.45597072026431
861.685 36.75630828751625
862.686 45.26922780642797
863.725 38.709656061168886
864.727 33.76848444068012
865.745 43.04475280444442
866.746 38.35676088644959
867.845 51.78538558283724
868.905 34.01672552327681
870.115 33.07564979572578
871.215 41.95567421914019
872.216 47.76088254907429
873.217 47.24679770784504
874.237 30.075030366399552
875.297 41.944404881007635
876.366 42.4882551077481
877.376 41.22942222994639
878.436 32.3005700047431
879.438 40.41518555552094
880.605 38.612572287028236
881.606 55.06521267328169
882.607 38.42422088089616
883.608 37.11073510332768
884.785 38.28552550550087
885.786 34.53098554412953
886.787 40.98670861807135
887.996 32.92279644885149
889.015 38.4463662802447
890.065 35.379279103400556
891.276 40.08841949555295
892.278 45.25318635521244
893.325 44.06205301457901
894.366 40.45656538566944
895.564 43.84725469112273
896.567 44.12789062965412
897.685 22.60087698457556
898.686 38.67779109614975
899.755 41.06678455608991
900.756 28.264348866734757
901.805 30.966523770920077
903.006 36.052622592819965
904.165 35.13891845787639
905.305 37.89394755536335
906.326 48.43208947975997
907.335 47.911699468761704
908.386 37.61895650935625
909.387 66.79134703356667
910.388 49.639444987738905
911.389 51.75272852549239
912.526 40.29166074440643
913.527 50.10353006859156
914.605 38.67223556702592
915.607 41.612000076492876
916.645 43.106058432327366
917.655 39.60443918406263
918.665 36.77158970432034
919.675 34.10274109005676
920.685 36.321275577725864
921.775 29.142852380500607
922.915 28.057343800420988
923.916 30.400052931789244
924.925 42.49765341428422
926.065 32.135646651920325
927.066 40.445242955317006
928.144 35.29752099144254
929.224 38.641261839779915
930.294 37.43188992302873
931.304 39.835102271659835
932.405 38.19430329267403
933.555 34.01449422699992
934.556 42.92896122799923
935.565 45.69787296643037
936.585 32.86102465933654
937.715 29.09023689352364
938.804 31.20477491040049
939.915 31.438147130956626
941.1 29.39631501880895
942.164 36.78286332796364
943.294 51.10731564974825
944.295 52.39677306238372
945.305 50.54903889831743
946.314 38.67445703160333
947.324 38.3496555848638
948.395 49.30223708819742
949.504 43.694951701196274
950.664 43.67488797466356
951.794 39.80903392665244
952.974 44.46174579504582
954.064 35.424399791923044
955.085 38.41054368478478
956.086 27.200266657142546
957.095 37.61251271366729
958.156 31.016317953891576
959.254 34.53031188378739
960.255 37.006172111699655
961.284 34.69327690641414
962.295 35.578721647677696
963.404 41.32541965839517
964.405 50.02396695715184
965.494 28.564664088069197
966.504 41.15698562023753
967.554 40.78488021884203
968.596 41.81258514607672
969.685 39.89054984270526
970.696 40.113751873728184
971.697 41.08333513973527
972.734 25.35545028785607
973.914 41.94596098888547
974.915 34.06789252202239
976.004 32.53777919361259
977.105 32.07833700138319
978.114 35.58704338436232
979.244 33.12413228917235
980.394 39.43275211405585
981.565 33.60446604636517
982.694 36.956618733369176
983.804 38.36056842570239
984.817 36.279325175839105
985.864 35.20199114866061
987.034 39.21328456527596
988.035 42.62102619378949
989.204 44.04847160119675
990.234 35.68773913924024
991.235 39.187312467248944
992.316 32.72212735723919
993.324 50.928137564065786
994.334 43.016207785271895
995.504 33.907677239443224
996.644 33.99456806779499
997.645 39.16409829275292
998.693 30.544650794852824
999.695 45.02940305034276
1000.696 32.39369418493327
1001.704 39.39200036570024
1002.804 36.06525796369309
1003.893 35.89007796583764
1004.895 41.42924701462174
1005.896 38.5797756921428
1006.983 38.466969394982605
1008.053 35.26741040583155
1009.073 40.45319012391393
1010.234 36.03482851071049
1011.236 30.421050914559366
1012.243 25.712225237088383
1013.304 24.050548587037085
1014.414 26.31342857945485
1015.415 32.961151786621414
1016.514 30.48421995386341
1017.523 40.47277460114983
1018.673 28.207133129508616
1019.674 38.04882585199158
1020.795 28.41064310585386
1021.803 46.202673791340445
1022.814 41.11309060963422
1023.903 24.490511306800478
1024.904 36.5906979093771
1026.094 35.109603223287344
1027.283 40.518311756062985
1028.284 44.61149285889822
1029.404 26.87975727825896
1030.594 26.713901104405448
1031.615 20.92915356983547
1032.894 5.43840894947729
1033.895 27.048283257528702
1035.034 31.729673295084147
1036.143 31.634533262230175
1037.144 37.50319354270471
1038.173 29.638850981343168
1039.333 34.48899682860495
1040.534 33.078431302972035
1041.535 36.843276065636914
1042.563 26.81140568531356
1043.763 32.48732601194927
1044.764 39.85119817905052
1045.773 43.387167107231875
1046.783 32.91638950676742
1047.834 34.625442184991755
1049.004 27.763833184144325
1050.063 29.561593921306965
1051.083 28.06926245971702
1052.183 32.664329794526566
1053.184 42.62916107555234
1054.193 38.77602575584355
1055.213 30.354058170625017
1056.214 26.864752389857216
1057.373 25.00140345871404
1058.383 33.48862274190363
1059.393 26.29126582108174
1060.504 31.622992231107887
1061.523 31.797311304314224
1062.553 37.23034232877505
1063.554 42.04464006314347
1064.664 31.197898749080984
1065.733 33.72991342022014
1066.883 41.645096599285
1067.884 47.36267016902294
1068.893 34.04087607839418
1069.894 36.188120470746185
1070.913 31.149050858370888
1072.093 31.368118483496918
1073.094 33.09130989408226
1074.272 28.230461723069933
1075.393 33.972967810387985
1076.573 29.230534550928212
1077.583 34.19204813315811
1078.585 33.453324604874865
1079.593 29.689854610818475
1080.673 24.652670089330144
1081.674 35.70459103882906
1082.683 27.839278732821825
1083.783 31.948610997387483
1084.784 41.67857038654602
1085.914 30.31230454572713
1086.923 32.72894672176278
1088.082 11.664020012955003
1089.193 6.1138321281183865
1090.302 23.41952273090796
1091.303 37.55934406760139
1092.352 25.444252507126752
1093.393 30.07064673479082
1094.554 27.871169303159398
1095.682 32.07201948873747
1096.683 38.25576930620611
1097.763 29.585741903677956
1098.932 26.48633841327323
1099.934 36.81879558056198
1100.943 37.28339855255257
1102.122 29.403905794630504
1103.123 42.338289451566794
1104.192 27.01358291722248
1105.193 43.25078508489441
1106.203 30.535230659818737
1107.383 33.553166878019454
1108.392 36.06094542906009
1109.483 30.862853883007652
1110.503 37.49331458269794
1111.522 43.452355844788954
1112.523 30.094498838419774
1113.524 33.479006451282224
1114.533 33.13758368266119
1115.543 33.34723590488847
1116.554 35.5309844872702
1117.562 37.334769524926195
1118.566 43.77316507883827
1119.572 28.872902748555088
1120.672 28.531432905850306
1121.872 32.826618369565836
1122.983 35.69548374309995
1123.153 68.72378876605781
