0.0 32.03238465366846
1.008 51.29442827987616
2.148 20.796840142019793
3.149 25.590884268993637
4.158 24.654836858156564
5.298 21.8348008357187
6.308 21.45393487807548
7.318 28.058599918493318
8.328 28.7892799332767
9.338 24.728592762165068
10.348 33.71919435387293
11.418 26.610741298594107
12.478 39.01352268147289
13.479 41.70851554759684
14.528 26.524243267961573
15.538 38.391334333804615
16.567 26.608917935646225
17.577 28.33465006227938
18.587 19.64394405544037
19.797 22.02404475242447
20.799 26.74538060854253
21.807 20.65484944541424
22.828 14.396755212402987
23.858 19.612561893466076
24.859 16.3454094316855
25.868 23.09533261998875
26.897 22.65378988576989
27.907 14.752843747094783
28.927 12.731684086295147
29.928 15.567943060634603
30.938 25.707300175889596
31.948 20.627873098653296
32.957 22.65575836100069
34.138 18.206984080858188
35.147 23.119201694031332
36.167 15.36188539180866
37.177 17.83186458104506
38.197 12.081760154507098
39.208 5.471028110508287
40.209 37.08972956182428
41.218 29.364710399049617
42.407 24.744789621429163
43.828 24.449217335798714
44.837 29.963353741926475
45.838 27.55430736102844
46.847 24.596993554884317
47.858 20.180936738267548
48.867 21.302538674282786
49.958 23.92073268673282
50.967 26.81890815063531
51.968 11.532212948340424
52.977 23.318168718803612
54.107 15.255104428605595
55.127 20.945612663675735
56.128 20.378680874631186
57.138 20.03452193850955
58.147 20.278781898235923
59.157 21.93310640751886
60.217 15.1236648233671
61.227 24.750871714581532
62.267 27.733329222855865
63.277 28.616095889735345
64.278 27.69673456382618
65.279 31.61146302043644
66.287 35.794309613116596
67.289 29.045275615203
68.297 34.762910018377816
69.298 32.17256648917136
70.307 34.318153030095225
71.308 29.000180555776364
72.518 29.719065138361696
73.527 39.39791010317673
74.528 38.72825706181886
75.537 28.674772204194905
76.546 24.15219249131487
77.597 19.130862903311478
78.707 25.23368897615235
79.807 26.313613635653066
80.818 37.13983715277574
81.819 39.45567194970397
82.82 39.06000180436283
83.877 34.2390838895461
84.878 38.42197710895574
85.879 29.335613302167275
86.887 31.027792479642905
88.046 13.987597957009532
89.047 17.696623856582285
90.066 21.268590091721045
91.067 14.655074256287165
92.076 17.46752124183307
93.077 20.589599580664483
94.078 28.108912917825872
95.097 18.762435130299846
96.116 19.26290704764213
97.147 22.25989591893796
98.196 9.170156952321104
99.492 9.101046306890307
100.502 18.88601272401694
101.521 14.160198198703634
102.522 11.086140081267233
103.552 17.181813960363137
104.573 14.83908331311758
105.591 11.147086340219557
106.631 14.336746823677943
108.172 2.546116444586748
109.194 5.412142289340135
110.201 14.806570701714055
111.202 20.372885439738305
112.209 19.489661930299917
113.222 18.042487484365882
114.371 9.72062875114916
115.391 9.666649028486608
116.401 9.524252121757224
117.441 9.711989783773328
118.581 5.906707236917856
119.59 14.933154702421593
120.601 17.84030905597758
121.62 10.619113546823664
122.626 15.581260969300496
123.64 15.637073997977987
124.641 12.376239010995922
125.87 14.451939383604373
126.89 15.560947216595164
127.9 15.712579240488346
129.09 10.643713896053203
130.091 26.756117919842403
131.1 22.422468653242795
132.35 19.722917371728503
133.36 13.347167988272089
134.38 9.566514898451143
135.42 13.180557563690803
137.17 3.604397319171698
138.179 14.300537130293094
139.24 9.327068760597509
140.4 5.804867456962662
141.591 19.862162132058344
142.7 14.09529197009569
143.74 12.886439243184721
145.04 10.174465487759395
146.05 13.572059273505142
147.07 5.839836251623798
148.071 12.97334442360856
149.08 23.624285236065997
150.081 26.11106845486819
151.1 24.851596382945186
152.11 25.536901001537643
153.12 25.77866244524213
154.125 26.716445446192576
155.24 31.559876520960014
156.25 26.836912680958754
157.26 34.455792215354165
158.34 27.199371122430165
159.341 32.66763712393133
160.391 22.20305801964128
161.4 30.37871047333574
162.509 28.038566564981423
163.53 32.56974238471488
164.559 25.741389956837523
165.56 39.321498851235496
166.629 22.820935325389616
167.68 29.055996393655686
168.7 26.290121050031708
169.77 23.958374764489445
170.79 28.143722717156756
171.802 8.317250802963159
172.859 11.033829971918907
173.88 24.945479781468844
174.89 29.667209898648558
175.899 27.489681395724503
176.9 31.26496626184545
177.989 22.339668358460557
178.99 25.809178982984523
179.999 16.622806372622343
181.01 28.92069094117452
182.18 25.466514626576533
183.189 33.05030448348161
184.249 24.652243672604182
185.383 32.52793960765775
186.389 43.77763785442638
187.449 32.7603668985829
188.969 26.02400001782476
189.97 39.491498274452375
190.98 36.46751198913979
191.989 44.893198134655336
193.001 31.237634563292133
194.18 29.608685131662444
195.19 33.19111356185077
196.2 29.050361405938844
197.39 26.438660319005148
198.399 36.711332586798605
199.4 27.180062762735194
200.509 28.231956760689297
201.52 30.865299606305243
202.54 25.704520602080812
203.55 28.495476249397075
205.039 18.49801100692094
206.04 24.264959014516542
207.048 29.665687830727954
208.239 26.607902359960416
209.249 29.72238511655189
210.259 22.593294424582375
211.269 23.520133652620913
212.278 17.310828072522476
213.289 18.791792205627374
214.298 14.275971149112163
215.299 21.62224070599962
216.309 10.82078271486738
217.319 8.80993321262653
218.32 14.414827137333079
219.329 8.86065322656414
220.339 10.95288994001861
221.359 12.495912158764652
222.368 10.020306919771365
223.39 11.076108132970232
224.409 13.924194895386414
225.419 10.379729080443223
226.428 15.253906272314099
227.498 13.856219794732889
228.508 13.095846667432662
229.528 10.425496833222203
230.719 12.478187674968183
231.729 17.857972728311275
232.738 12.02921661430818
233.759 17.834999604410125
234.768 11.37004207020422
235.988 13.030577725930296
236.989 14.684051430729596
237.998 9.500944729448694
239.099 7.086560575244925
240.118 8.968125525834648
241.128 7.857508000459597
242.168 5.654002128195551
243.198 9.10583230766655
244.208 9.411813034212331
245.219 11.417797795819498
246.228 8.58032227818904
247.238 8.57182690959029
248.258 6.4752829598009995
249.288 9.10583230766655
250.308 11.08128059362563
251.478 9.904612867765266
252.498 12.26014023125613
253.519 12.260829622856647
254.658 15.707787627593097
255.668 19.5247168496089
256.688 6.955616557752095
257.708 14.382087578964665
258.728 11.123725872982197
259.748 17.447122636773205
260.768 9.323332011209601
261.799 14.461897862879193
262.828 8.287642729011546
263.858 4.20269183431102
264.91 9.1440063146246
265.938 9.30943218657975
267.139 5.406460353057375
268.158 13.688191592069192
269.168 8.062195875002992
270.188 8.959333245917097
271.208 7.073157825717084
272.418 5.440197080049501
273.437 3.776052852987636
274.458 6.359607134183831
275.548 7.060179554475261
276.557 3.813476568084018
277.579 3.7649685491166904
278.588 2.3564176984368888
279.617 3.9730663005500397
280.618 12.252603066724328
281.628 8.035565564796727
282.649 18.843280397608577
283.658 12.048655521989701
284.688 12.417773302015698
285.698 13.095846667432662
286.708 10.788582666589962
287.908 13.009405492746742
288.917 13.82385255928259
289.927 8.410826668137272
290.938 8.325477559457669
291.998 4.083747725794441
293.011 6.45981026967818
294.021 9.048039515684744
295.041 8.019799386740228
296.082 7.08836616203649
297.091 16.737796071764794
298.093 25.462155366763902
299.121 25.052477366106054
300.341 22.360961874120942
301.351 25.01891535977769
302.591 15.888310933857458
303.701 24.15310490618299
304.711 26.24843504163276
305.721 28.373638228733505
306.93 25.604106698154226
307.941 26.728643149764732
309.151 23.52905213801845
310.152 28.317197335315445
311.265 21.98557150734885
312.511 24.07796990975029
313.512 28.8430013369316
314.521 28.774255716690913
315.523 27.094338665450167
316.7 22.855123872503526
317.701 26.21327885193807
319.1 22.421949335234885
320.11 12.632141131756336
321.111 18.303739565806108
322.12 20.708599455507198
323.131 19.84569194431174
324.181 21.392508140242377
325.19 13.282529839219833
326.36 18.572651647226753
327.431 22.183144450768093
328.451 30.518159738702813
329.6 27.342449879204597
330.601 35.60170774989332
331.61 36.165305742612595
332.611 33.5522312306612
333.621 33.54426976719808
334.622 23.82995015942368
335.64 39.044935985264615
336.791 19.768292178171624
337.801 29.651022847199354
338.931 30.208557326085334
340.05 31.59735839444514
341.051 36.26958771574097
342.06 29.6798867106707
343.22 31.422876268705668
344.222 38.95873715704131
345.231 28.76171138587138
346.29 28.475613019821036
347.301 25.01451287025147
348.31 22.70976867427588
349.328 16.697230489433718
350.33 24.602507955239176
351.34 17.76781259309495
352.35 21.394408302316418
353.361 31.904419361672666
354.402 21.701461515628285
355.43 9.132431623085822
356.431 11.928761190009306
357.45 18.812810104395673
358.46 21.853041422586713
359.461 20.087504176359364
360.47 13.58551027377734
361.841 5.616459796287675
362.843 15.924976973510356
364.04 25.76136330738918
365.05 33.596137953103806
366.06 23.56643210036759
367.07 30.534522550730266
368.08 28.215596910805207
369.1 30.647765359555986
370.11 35.78591529129249
371.28 27.60354904430077
372.32 26.98856754440558
373.322 29.791614264945036
374.33 30.608884494108203
375.34 34.93861888546579
376.35 32.35391989644903
377.569 23.500123974281546
378.59 27.729960141426123
379.61 35.81320427762833
380.62 33.949120104181716
381.63 30.37543690674607
382.85 30.79479224536731
383.86 34.03545104443842
384.87 38.49298205394377
386.069 29.528111322488808
387.07 37.48575094595142
388.08 36.851475808301664
389.09 36.86870718536728
390.1 26.020771997485426
391.11 28.057555592657167
392.3 24.29987211925638
393.31 35.94482688100728
394.569 30.03103982238475
395.57 41.0446748241624
396.849 22.44236470196092
397.85 33.27141606747892
398.86 25.35988776297074
399.921 11.22552067929486
400.929 4.532995987521895
401.934 25.57141744429755
402.943 11.67877198973533
403.973 9.612223904192293
405.173 12.276633925302335
406.203 6.07055487179235
407.223 14.73988181985252
408.343 9.83901847220971
409.353 14.7843475781188
410.363 15.410769058128693
411.383 16.304456058202785
412.393 19.762823152667114
413.403 16.164250188158707
414.425 17.169068474101596
415.564 11.318626803467753
416.573 18.3705626862475
417.583 8.490021381502668
418.594 9.039089921695012
419.595 9.767063977140063
420.617 14.73030183989434
421.812 18.268984151009832
422.842 10.973695345147881
423.843 9.850131877183463
424.863 10.974597243374271
425.883 6.1300701156170785
427.032 3.558124650356596
428.062 5.07296171991358
429.083 8.008394168981997
430.103 7.079362350121735
431.123 11.08128059362563
432.133 10.522453618818682
433.253 13.323680657774329
434.332 18.58407442093627
435.393 17.679561313667634
436.413 10.845508666095135
437.423 16.657172008488597
438.623 12.387091694571467
439.793 6.988521749178945
441.053 10.690978255943977
442.115 3.8496094381049972
443.123 6.441625876999015
444.262 5.6414869696537675
445.263 6.726919330758367
446.283 8.252017463347586
447.322 7.004553740465798
448.362 5.104305129163915
449.372 7.143189091328905
450.383 10.101162121643075
451.522 15.22408166996777
452.813 12.303189025436119
453.824 11.179927008407049
454.912 15.344726003990033
455.932 15.154206172026683
456.942 13.670748070163524
458.222 14.48165080658404
459.223 9.369637639275291
460.232 10.963745133219577
461.262 10.039763826407215
462.512 5.256688169083706
463.533 10.363804218696805
464.542 7.9626882123147675
465.663 9.007408624157472
466.672 11.917114275240584
467.682 8.237294515991195
468.692 8.592017210136676
469.702 11.058714963612246
470.722 11.713969735400763
471.752 11.383997130787122
472.762 10.286784076169344
473.772 11.553377327097609
474.792 13.985342712614662
475.812 14.433447253236112
476.822 11.337201867741259
477.843 13.74350771763797
478.903 12.853589333175867
479.932 5.828052277998308
480.942 9.050998439033672
481.972 10.039763826407215
482.982 6.416686380131854
484.002 8.001768312206243
485.003 12.54746776901889
486.012 12.446589571775972
487.172 9.70023903994671
488.192 12.961596185210265
489.222 9.298011929395603
490.232 9.079543346708764
491.242 10.95288994001861
492.262 9.584611427981185
493.342 10.859890140882955
494.352 13.810165576563355
495.422 8.877476046930227
496.426 7.82514741998735
497.432 12.464834029053455
498.452 12.585016023191852
499.473 13.661378288271164
500.491 9.685640480417398
501.522 6.850031653739716
502.532 9.268740387210173
503.642 11.466259222249443
504.682 12.37037991412664
505.871 14.028252266455535
506.883 15.37440684143314
507.891 14.974826887807149
508.902 15.582449279256062
509.912 11.101532325113897
510.921 7.600819113634663
511.952 7.312111252026705
512.982 10.973695345147881
513.992 10.238571030887917
515.021 3.740894082514556
516.072 4.8051709681903345
517.111 5.555049841941279
518.141 7.471452149881374
519.151 5.550592108243598
520.171 7.544701680778075
521.201 7.00448639051104
522.402 3.9560429922569997
523.432 8.40538366862204
524.611 5.507344261237983
525.621 3.8097008487116795
526.641 3.131733695207962
527.661 5.658526260578062
528.671 6.666976485234451
529.702 6.665029305331317
530.801 8.678411500487725
531.811 14.286378182635836
532.831 10.785703944722853
533.841 12.61963406133821
534.852 9.237489460030964
535.871 8.268229678402415
536.881 7.634022259876617
537.902 14.603542308152692
538.921 5.764311676579317
539.961 7.168373411827985
540.991 5.375324994868282
542.011 5.83208059612348
543.042 4.19861550856578
544.071 5.375324994868282
545.101 4.669657593681352
546.112 3.7778489090389855
547.122 7.143189091328905
548.132 5.000232363914852
549.212 3.780566090286037
550.279 3.3807970863421084
551.282 9.111186351775256
552.532 9.544395079539697
553.552 11.08128059362563
554.562 8.80993321262653
555.582 7.564004645592539
556.622 4.162281335896576
557.702 3.3401023065904543
558.742 5.780946299869784
560.242 2.4048736607451273
561.252 6.428870182198212
562.262 4.200974949034258
563.292 7.704935029577528
564.312 8.959333245917097
565.572 8.024198160358685
566.683 9.96614309858044
567.702 17.339859663120606
568.73 21.99008989403024
569.731 15.753572596248212
570.772 8.502661971631525
571.782 7.3886108506627854
572.812 6.07055487179235
574.001 5.495474420504113
575.012 8.325477559457669
576.312 6.374997693915751
577.322 15.23880339482474
578.402 12.888530250398253
579.411 17.160644556356107
580.422 14.736860361723824
581.431 12.393798846251086
582.442 8.872418711756492
583.491 15.360012895120818
584.492 13.963836931584872
585.501 9.513829563064464
586.502 17.538039683758175
587.511 14.858411397984492
588.512 16.62130725617079
589.581 15.94470875608494
590.582 20.421005111229185
591.602 14.958763653159371
592.612 15.930495243000173
593.642 16.99782672037781
594.651 8.326125352347315
595.852 15.683506807668564
597.022 20.305357891017273
598.042 22.187379284957757
599.051 25.661693632752904
600.052 28.47964513133556
601.061 28.771119633986032
602.062 26.012897300211517
603.072 28.110294050129646
604.091 21.377103306473376
605.112 7.772853164017111
606.171 10.446098998509836
607.192 8.47603259698352
608.201 17.65482647770182
609.202 14.33175923728968
610.211 15.383879477710776
611.362 17.119303454150895
612.551 18.138214814319277
613.651 19.068628086968165
614.861 21.2551964964907
615.951 23.694566416043166
617.011 21.627908734096373
618.021 22.858205092270072
619.031 16.628278992186807
620.051 15.613340978256401
621.081 13.542007021673724
622.462 4.377941176430295
623.551 5.741663469172657
624.591 2.3123785199523086
625.632 4.158282986883299
626.672 2.3123785199523086
627.753 2.8920774828503184
628.808 3.6472017603665496
629.865 2.2751879477325674
630.985 2.3619294882380997
631.995 4.5287192243467755
633.237 2.904436788329016
634.294 2.2751879477325674
635.349 3.419251650357374
636.351 3.120095567830894
637.39 2.5460645108961617
638.649 2.86521881740853
639.65 2.9781510549957337
640.693 3.2280183365693134
641.731 3.475250954826505
642.733 3.360102919210953
643.753 3.0650350578085392
644.774 2.5909510546796946
645.896 2.3577192752390284
646.938 2.5387341908136416
648.159 3.348308946154183
649.379 3.1539326698195884
650.438 3.860514847283017
651.52 2.8894045831414426
652.558 3.475250954826505
653.689 2.338957583386397
654.697 3.3401023065904543
655.775 4.015558988263978
656.837 2.7173713680702383
657.857 3.0650350578085392
658.917 3.8568728521367532
659.936 3.540049549670415
661.002 3.3839685657811867
662.055 3.4257459554678107
663.093 3.475250954826505
664.173 3.120318002822976
665.255 2.222618910115563
666.298 2.5363001215823266
667.336 3.243567557841001
668.374 3.243567557841001
669.536 3.451971761837109
670.616 2.4494083581736583
671.659 2.305727383260656
672.697 2.316833969898986
673.718 2.5909510546796946
674.738 3.3008069853390345
675.739 3.3634596653791835
676.819 2.6720818452723636
677.9 3.559479978897771
678.98 3.3401023065904543
680.0 2.5934912027695236
681.1 2.842123417240246
682.117 2.837609039230984
683.181 2.9382854877462266
684.182 3.3634596653791835
685.224 2.7695282081443553
686.225 2.8829654274710106
687.242 3.0740764591687304
688.298 3.643747970821955
689.42 2.7863955070926787
690.842 2.4940122856390055
691.881 2.7775249209816266
692.901 3.5365789128695297
693.921 2.3577192752390284
695.001 2.6720818452723636
696.159 3.3227960770190985
697.264 3.2645343811052636
698.541 2.6617021018787907
699.56 2.596036336423506
700.623 3.6197533934020716
701.68 3.4127819215878636
702.903 2.3596470914923477
704.16 3.6350516749629267
705.199 3.9348269713869755
706.218 4.484062762917324
707.238 3.3008069853390345
708.277 3.240445741130581
709.278 3.3634596653791835
710.339 2.266610424834818
711.438 2.407061898842215
712.519 2.4471424854853505
713.723 4.608190632028967
