0.0 0.3569726221034889
1.03 1.8887176588526928
2.089 1.4076654106757251
3.109 1.2179065930570925
4.129 1.3396972523662072
5.179 1.5380420403741786
6.18 4.8399924347534435
7.191 4.9149939660496935
8.244 3.4212418824960382
9.54 2.2063388936761035
11.16 1.380294138798795
12.169 2.2161313229501527
13.172 6.833024560755624
14.213 2.4842886886840954
15.233 3.6537197791712774
16.244 3.0257931603537056
17.254 1.8449476112617826
18.284 1.6885151600810975
19.344 8.600513240725595
20.354 10.087062254162529
21.474 7.552456457646202
22.483 7.613721477365501
23.484 9.131775350025567
24.501 8.280211171485321
25.543 5.269787748699266
26.643 3.448258742683025
28.075 1.388005279239709
29.103 4.040197690082482
30.114 8.419082865968686
31.135 8.4013727737842
32.143 10.520851001556863
33.183 7.134779521100375
34.203 6.77051012393593
35.223 8.457951758786283
36.224 9.262953732473806
37.234 9.401770310064139
38.243 8.572209074398156
39.246 9.560005424777136
40.534 10.76864394275691
41.544 12.19166915888722
42.553 10.341946173756028
43.564 8.482765810451694
44.575 16.33004948806098
45.654 13.700676162124871
46.884 14.746762540666213
47.893 10.71130139424772
48.923 10.17526107825164
49.943 8.28176483279277
50.954 9.901754748235868
51.963 8.741406884958696
53.123 6.130535083806337
54.133 7.994772982149525
55.143 7.1337974302311435
56.173 3.1981457514696667
57.183 6.272821878301412
58.194 10.094869459988002
59.203 13.283288112356542
60.204 14.426084063727295
61.214 9.7636569638355
62.234 13.607346301357822
63.235 13.191954938551158
64.243 10.169687509953548
65.244 12.364787240632467
66.245 14.74740759797573
67.383 14.399183514321042
68.393 18.563481647311548
69.523 17.247087068082944
70.533 19.802437694236286
71.543 12.817094144968983
72.555 16.112285180685337
73.563 16.843685701030328
74.583 17.594922054538657
75.593 18.695469127467863
76.605 14.118212382496116
77.615 15.717838767327393
78.723 16.507700268918885
79.724 18.118946037803674
80.733 13.977629127514602
81.748 16.52648969519303
82.753 21.013433157866285
83.763 15.537569763386626
84.772 15.609848006345786
85.773 16.5859007507165
86.793 18.37400835543148
87.863 17.90105030179413
88.864 24.324064543854178
89.865 18.119218192078986
90.874 23.55080524922298
91.876 23.79789354892574
92.894 22.568669087954817
93.902 28.098844968420256
94.913 19.501531979758912
95.914 19.3418261176328
96.923 25.60862862068921
97.924 20.68218614579023
98.934 27.428221154133453
99.935 23.034960245984493
100.944 22.81677474775497
102.175 22.50406447254937
103.193 16.05594579961473
104.243 16.45092672268353
105.253 18.08048659039952
106.322 14.98056789857673
107.332 17.711497068181217
108.333 15.38869389509605
109.343 9.17906391467954
110.344 17.250229446967957
111.352 12.749270736868532
112.353 16.877922336593574
113.372 11.387016713168336
114.382 14.390591367875956
115.383 12.03792990184013
116.392 10.173108358538459
117.394 13.070936984076264
118.413 10.682022980175203
119.414 8.066654057911055
120.424 8.375540678730395
121.572 13.519915276859935
122.602 11.578389669137254
123.613 7.411473174603135
124.814 13.169094277845598
125.922 16.15520139161413
126.923 23.331245582931498
127.932 16.520186226491653
129.222 15.844309693324725
130.223 23.331245582931498
131.233 15.69976691216075
132.242 16.84535201878978
133.246 19.849107028109994
134.252 19.993557711985336
135.253 23.083040842644074
136.262 18.825596394067183
137.263 20.39007384189706
138.272 23.638734111422888
139.274 25.66355270036497
140.275 4.398376690783194
141.282 19.738069114917636
142.283 15.171786901690806
143.292 17.729050583623923
144.294 12.71858251550534
145.302 19.1022849566229
146.312 9.758981657987983
147.314 15.86924997896197
148.342 11.821665965680038
149.359 13.449716509905986
150.362 13.995604577875996
151.372 9.064698741124241
152.392 10.839368678216069
153.413 12.288808738177723
154.415 12.542040009589051
155.531 14.173988199458826
156.532 17.126127076767485
157.542 13.912181707118757
158.543 14.257439103127341
159.552 14.118700248481076
160.554 17.85290622636059
161.57 13.971152223152023
162.608 14.041478744841845
163.612 18.064805760765385
164.622 13.284728093773829
165.643 13.982513393333475
166.653 16.867221735798623
167.654 13.684009949926464
168.672 17.450280517074916
169.682 14.10821743766924
170.691 15.882274481108706
171.692 14.519977304260332
172.822 8.286666902101759
173.832 12.299650741820889
174.842 12.791636771407457
175.852 11.192682175007066
176.861 5.305251349300939
177.881 6.942067580426563
178.921 5.375183905893914
180.001 5.465934520031137
181.002 15.02155771686065
183.245 4.964431780963533
184.252 12.706381992771503
185.257 11.61359031552134
186.262 16.849238625145293
187.354 19.497536188164133
188.442 8.199753112786015
189.452 18.304271902561823
190.453 19.73046248725006
191.461 18.110054403286444
192.472 17.450563920179903
193.511 13.869365552531574
194.621 2.350230560661396
195.631 3.8751092614807336
196.641 8.117769489574545
197.651 7.3797904450584815
199.402 1.2770282723321495
200.451 5.4474906907818665
201.481 3.1358138687317676
202.491 4.754606217301642
203.541 11.680609422708274
204.673 13.253275249845613
205.733 11.016309824748577
206.741 15.419752876972735
207.922 12.51585508798145
208.923 20.383814292543324
209.932 18.08778594154906
210.943 19.72698217807954
211.951 21.53133093511555
213.161 14.815872553284082
214.813 9.62529568944548
215.881 8.255355449818216
217.102 15.179364986669068
218.103 20.35795963207543
219.111 16.483423309283534
220.121 15.003955529817476
221.122 22.090221881721398
222.131 15.787235710973096
223.141 19.92543420171806
224.142 21.29036033389027
225.143 20.779345238194544
226.152 24.50056295924819
227.172 20.171500626649184
228.182 22.118332458946746
229.183 26.433804835899995
230.191 26.003755650616874
231.201 19.591149834341323
232.221 25.357317250567416
233.222 16.699661256639
234.231 25.60862862068921
235.232 18.438092337509094
236.281 19.995687725825878
237.283 27.79893090731056
238.291 21.502052296120926
239.304 20.854744164334797
240.311 28.663755988681775
241.321 20.764561689764875
242.322 22.09140121706576
243.381 23.27990127601326
244.383 30.134663855543778
245.385 23.78185246910502
246.391 22.766476491982356
247.393 22.66948967754024
248.401 20.944316745382967
249.402 22.58508915431995
250.662 18.762040145091863
251.671 20.21144988953757
252.672 16.0567420336398
253.68 20.108157910766295
254.681 17.439558135896817
255.682 20.85527629360582
256.721 23.00277557475783
257.891 22.565372077873043
258.901 21.053247567946993
259.902 23.951757433479795
260.911 16.69190400437353
261.912 25.06867876460294
262.913 26.061497725525616
263.914 18.892862207037307
264.921 21.588513094387952
265.931 19.704975549513446
266.94 19.083353058680668
267.95 11.288166305775556
268.952 15.140489154808625
269.955 14.74072584320652
270.961 15.312209332994767
271.981 10.473996700300077
272.991 10.23990879116216
274.0 14.17266303229284
275.05 6.616330983742118
276.06 2.0909406261004704
277.07 6.149825370887743
278.08 7.3797904450584815
279.101 5.299051047177478
280.14 1.1956349614220043
281.16 7.672811536258548
282.23 3.1346866890500644
283.251 1.4600564837455738
284.26 11.5846115220451
285.261 11.675329628836465
286.3 6.575992287832375
287.31 7.800747789891847
288.32 10.085713608249996
289.34 10.728095759844095
290.36 7.8434787101581485
291.38 10.108624722384084
292.4 6.341304883793406
293.42 8.890718129326991
294.43 6.735946885398375
295.432 10.538173814183164
296.46 7.584303589553395
297.47 7.9205075471199775
298.49 7.922268720020726
299.509 8.772364188001148
300.52 9.160014613515063
301.53 10.857948258996602
302.54 10.212126685325396
303.56 10.819337319770275
304.57 11.844347881018885
305.58 12.257662898908624
306.59 11.750122486436183
307.95 6.91589327206632
309.1 10.04614081890801
310.12 3.809519233691665
311.13 10.085713608249996
312.159 6.628867720054682
313.18 7.66529653965575
314.31 6.490259404501777
315.339 7.847153267226084
316.57 4.547965616596739
317.58 7.625783459897169
318.59 7.529849780506301
319.61 6.589616419016152
320.78 6.823235398680937
321.8 8.159974173483656
322.939 5.290909612139069
323.949 6.272821878301412
324.97 4.86685494581858
325.98 5.021728018129826
326.99 5.903832356049055
327.999 6.018942114032996
329.011 8.565730847961245
330.14 8.431788411391743
331.141 10.548701460353957
332.16 8.2773268745158
333.179 11.21573647620116
334.181 10.469387488713636
335.28 10.315568236401901
336.29 15.005573904944299
337.291 9.440489067505034
338.52 9.763537279279898
339.529 11.819367055711444
340.639 10.22864380761775
341.64 12.658441752388427
342.67 10.059766359183675
343.671 10.693033968292053
344.679 10.126895652970136
345.709 8.692231311390465
346.719 5.121383728568263
347.748 13.794998925221478
348.752 13.682737276163856
349.76 16.415496866879575
350.83 14.002381330594734
351.899 14.522446296433737
352.9 21.221505290772168
353.91 16.26080361261428
354.911 20.35278869993645
355.919 16.04181134528738
357.009 14.867903965062576
358.019 20.417420231304625
359.039 17.566967180962294
360.04 18.50068783127346
361.041 19.22969853758918
362.119 18.7814214926862
363.139 13.884135160898529
364.141 11.530001937848423
365.179 9.900523995652163
366.209 6.512844188893962
367.229 4.87162637222837
368.239 4.550870774453297
369.24 9.641066801678749
370.389 20.566025439352085
371.399 23.24633990190981
372.409 14.597923199771417
373.439 13.789099654432087
374.44 17.374331817054912
375.449 11.774187640389975
376.45 14.14767019388595
377.459 12.240453035388464
378.619 14.197646642479919
379.849 14.855954615452072
381.079 15.408190396339668
382.239 15.99440884048515
383.5 11.920224561127396
384.51 10.217341449522033
385.519 13.162869670592583
386.649 14.234886019857562
387.741 14.580886953076067
388.839 17.33332054041864
389.889 15.980191071217643
390.899 16.850521516262837
391.909 12.107963202401839
392.949 14.174820989257434
393.959 16.358535486562758
394.96 12.597932775150978
395.969 11.40006248160676
396.999 13.927957809058583
398.009 16.72752500878106
399.019 12.469130578325183
400.028 12.835633905092243
401.038 16.112542471712718
402.049 13.979708714874137
403.051 13.627311133224426
404.258 13.281336099477365
405.268 18.695469127467863
406.269 15.421715285986725
407.278 18.837116245064948
408.288 14.258425494010103
409.289 17.42876268108433
410.298 17.88015862818032
411.469 19.378262026473315
412.47 25.19278113468989
413.478 19.179058284998366
414.559 19.161670111880344
415.569 22.36711267530319
416.579 22.61391487771664
417.588 20.526574383190088
418.601 21.15836647452751
419.609 22.805357127629637
420.61 22.59470527367457
421.619 23.265508941082235
422.629 22.888319366422557
423.879 23.97658339852521
424.881 28.88699410241611
425.888 20.792064691590745
426.889 23.484468465357622
427.891 20.550163958160493
428.899 18.925351888988306
429.979 19.403743829424922
430.999 21.55694669708897
432.008 13.352587215622991
433.128 17.487266221248763
434.139 22.240347696368904
435.141 16.94481797715086
436.239 21.760705626482068
437.24 27.92303327739752
438.249 20.95280886772358
439.259 26.56724560221507
440.26 23.207143212731033
441.278 14.86686757154899
442.288 20.909406261004705
443.308 15.679390018224414
444.318 17.605932176759303
445.328 9.904006048681303
446.329 12.286134642014042
447.338 13.777021723384873
448.358 7.164015031930599
449.368 20.31453712698631
450.378 12.353147029688465
451.387 12.558077496672126
452.388 7.773362418582716
453.398 9.839720593422658
454.408 9.734904028967545
455.409 8.438961168285436
456.718 5.219599684532018
457.727 5.3646505806640725
458.728 5.5846066554795035
459.746 5.741046418007865
460.757 2.826121530483398
461.909 2.264545071466773
462.918 4.859217121040278
463.919 8.563063538406446
464.977 4.141242905115052
465.988 5.160743664351611
466.998 9.347734563745282
468.007 6.274898801920278
469.019 1.96405490105542
470.028 12.041394182685497
471.029 13.440976141778021
472.038 11.821437028913662
473.047 10.024880276635015
474.058 11.597481558948202
475.067 13.576684315799259
476.098 7.361944541408906
477.099 13.016596838176456
478.197 9.314768973765116
479.248 4.964330965426097
480.267 4.02303590994863
481.277 5.657839341210367
482.278 9.352855376325731
483.287 8.502279979290021
484.288 8.369380380357502
485.317 9.774082997201429
486.319 10.012013140438206
487.338 9.044255968995074
488.507 10.917566714883913
489.628 9.087039022596413
490.657 7.002075223061703
491.667 6.353650723451482
492.707 7.644705999501891
493.717 6.3958183857264315
494.727 6.011993758402163
495.757 7.069511102049968
496.767 7.994772982149525
497.787 6.646582786394716
498.798 7.284017464857621
499.887 5.817768684195143
500.897 5.438549515487498
501.917 7.672811536258548
502.927 6.444549458099201
503.937 6.952809148476415
505.097 7.814882219144612
506.317 9.161196198727517
507.347 1.8091233858076623
508.377 6.9952770917775196
509.386 5.984112564733963
510.387 6.257190699402549
511.447 6.676333343153878
512.456 8.495170071297567
513.677 5.352663340197337
514.686 6.514925695940703
515.687 7.694346947548025
516.817 4.673440011748195
517.847 6.874668866050954
518.857 5.665032119429459
519.867 7.748779967310837
520.877 6.558554992758869
521.887 6.702320647266402
522.947 5.9982655608385285
524.027 7.905664949582189
525.236 8.493817334458823
526.357 9.10477955128826
527.367 8.767457181529858
528.376 8.455840580228426
529.377 8.687165908527456
530.412 7.742527114949025
531.416 7.995698944890001
532.547 7.452746902580424
533.557 9.962717100836327
534.576 8.069229364958929
535.947 7.605752411994853
536.956 12.558077496672126
537.977 3.9728193844908266
539.026 3.5527113200775977
