0.0 23.98359764369672
1.163 19.234627024831163
2.18 12.050103065969422
3.184 18.309195445378887
4.191 16.564404338641346
5.203 15.543260839890142
6.216 15.962223150746615
7.223 15.381232600211401
8.235 12.17947218758521
9.247 15.305238368002989
10.479 12.430772772578068
11.507 17.094683949578375
12.508 19.044218831477494
13.52 19.005405885569516
14.528 15.773797297364496
15.539 20.707762427521185
16.548 23.110461541701884
17.551 10.082677645409776
18.58 7.93971805513253
25.372 4.2210758359966105
26.38 27.185953010810913
27.393 31.490140199004998
28.4 37.185397495090065
29.405 22.764680212718687
30.412 27.381974518994422
31.436 9.709685520058288
32.44 3.729650924050022
33.472 6.2673380045138245
34.624 3.841493360223281
35.632 10.300267910932801
36.64 10.131411059936198
37.652 5.718440708918383
38.672 4.672368394700573
39.681 2.937762174890102
40.692 7.407654852125826
41.693 7.6516950662403
42.712 7.68356669981363
43.732 5.3398495939457336
44.733 7.6516950662403
45.872 11.269753267126896
46.88 16.041400844910644
47.893 30.076188883990884
48.912 18.443099778704035
49.92 13.17083437790617
50.921 5.951318384848382
52.04 5.780065076556823
53.052 8.745850496008373
54.06 6.6555273434701325
55.081 14.836910692264798
56.092 15.657088664718728
57.1 12.66426382491636
58.113 13.847683032488543
59.12 13.521962725464675
60.141 11.00265287292211
61.152 11.111482278196515
62.153 17.244404917327586
63.172 18.206712397344575
64.232 17.408587983902343
65.24 20.76939267287776
66.253 20.666878395057687
67.26 16.63458411597191
68.272 16.818943261524655
69.273 22.104896858048267
70.284 20.946020332156515
71.293 22.6043930408046
72.312 20.78157660034993
73.313 22.61500986247673
74.32 18.155804922669116
75.321 23.12512286690519
76.333 24.916657229856572
77.352 20.44714218020538
78.361 23.447840542248237
79.372 18.08434106786063
80.38 26.34166875575013
81.52 13.350137589952642
82.524 23.056023894198105
83.525 26.01576322522946
84.532 21.198246535908
85.533 27.546102238514845
86.552 22.117849069884087
87.553 27.37606457026834
88.572 25.959632419775353
89.68 26.639534422631442
90.681 20.234482508425398
91.693 19.17359531820032
92.706 17.306410363362488
93.714 23.808815990878834
94.726 12.17947218758521
95.733 10.817570180368628
96.734 20.4045201766719
97.746 23.78454303808388
98.749 23.418408176769418
99.753 20.07488079781153
100.766 29.74014208068139
101.773 25.592884421593812
102.788 29.068048474373455
103.793 21.57915390364202
104.798 29.29943592490103
105.806 21.514930231435656
106.814 24.990813947870617
107.826 17.323511559417053
108.845 10.091396844107775
109.846 13.943088787363955
110.853 17.24050247502034
111.865 15.711450272583148
112.866 15.3033901324806
113.893 12.26423586144549
114.905 8.577661063393126
115.906 6.971544393689753
116.913 14.437265173113452
117.934 23.194971673609924
118.953 16.43869107432504
119.965 16.818943261524655
120.973 16.37911454684164
122.093 15.564158060705205
123.098 22.694360774242153
124.105 22.311238497085146
125.113 20.839502827418137
126.126 25.203510237947302
127.134 19.169952127082077
128.157 8.319047204637139
129.165 23.302245437904578
130.173 15.267226744405793
131.194 19.17128909679121
132.205 17.003935001497155
133.214 12.384374191914217
134.225 17.67735816980861
135.233 5.909989784958894
136.25 11.54801543821616
137.255 12.53270669622885
138.35 26.891263109134435
139.362 28.15746828601808
140.438 29.171829836584504
141.442 25.090378943580962
142.462 23.69558257313322
143.47 19.826361721314093
144.491 24.005788086392478
145.503 21.429890981408217
146.51 26.029778246547494
147.531 25.241953587247
148.543 32.12418162952765
149.73 21.28172830253192
150.75 30.43967989473376
151.758 32.25165854070902
152.763 22.934041114037576
153.77 30.255391598294086
154.779 25.71084471589011
155.783 27.633322755503947
156.79 25.93093348978331
157.791 31.456968605696037
158.803 25.97100566197322
159.89 20.35602737342889
160.903 9.98314479600018
161.991 14.236122452584839
163.003 17.49170099204785
164.11 13.748109171233624
165.122 17.49170099204785
166.13 18.23653990785094
167.179 14.18373826590078
168.198 13.195690636645919
169.218 11.013439787506272
170.231 11.257567906280018
171.35 13.296573603019056
172.351 15.473427800618236
173.39 6.716569719032273
174.398 8.61169940093566
175.463 7.83115266152835
176.471 10.300267910932801
177.472 13.092900446675772
178.484 20.687300211721986
179.623 13.361858518482578
180.651 9.437586800579208
181.664 7.729076472961174
182.671 22.480263031024368
183.672 17.244404917327586
184.679 17.409527009115084
185.683 16.444369983353877
186.691 14.422942489407221
187.703 17.65989042467865
188.711 17.898826205919942
189.731 19.426240107243043
190.743 18.66902702030792
191.751 15.872543993867383
192.752 12.823425545702378
193.764 13.959722907081016
194.771 16.564404338641346
195.779 14.760656191400429
196.791 19.509974183461917
197.8 22.098324539907313
198.819 13.43207801794317
199.839 15.018326982961685
200.851 15.977996098526184
201.871 16.255704410832415
202.879 20.93824952392102
203.892 17.642457166516454
204.899 15.282387843447218
205.911 13.959722907081016
206.932 13.003135213454815
207.937 1.835733512051121
208.94 1.8393939976191258
210.039 6.996549374274132
211.143 2.297728293972525
212.203 2.1975140189458884
213.383 2.84269981449663
214.543 6.361766136577546
215.587 1.7671572601638856
216.788 1.8154460930181333
217.828 2.2577596603556063
218.868 1.7739540188608314
220.384 3.081959955635813
221.404 1.6443067554424518
222.443 1.6142376232466114
223.523 8.541260090773969
224.579 1.5882508433229747
225.599 1.9731681065278315
226.655 1.5882508433229747
227.675 1.6443067554424518
228.755 1.7082520181547938
230.215 2.986781859881276
231.231 1.6507804040799254
232.335 1.584111678443389
233.475 1.9680121244997235
234.835 4.29032323459781
235.886 2.0745487704197028
236.89 2.004613016598464
237.911 1.9712355226825218
238.97 2.2172521688161475
240.03 2.215160421480679
241.509 5.090310694634494
242.589 1.7082520181547938
243.669 2.17413893220408
244.694 1.9635428962555
245.969 1.7100790256626381
247.169 2.5157893358288175
248.273 1.8230357505951826
249.449 1.9966582030394846
250.709 2.5291003905177174
251.729 2.302029457628764
252.734 5.3509643566903895
253.753 6.912865692164891
254.793 2.741565301865933
255.813 2.466460133163678
256.849 2.428368084776911
257.87 2.4640444033609286
258.993 2.5389384807994677
260.013 3.6174748619702832
261.134 3.2915471536219467
262.174 3.3866394905411856
263.21 3.399715318693896
264.217 2.8314080575426868
265.876 7.290745712423068
266.912 2.099781780136973
267.916 3.173970609612939
268.917 3.351034746365956
269.983 1.5748290052067937
271.042 3.9368209873199675
272.201 1.591813787402363
273.282 3.4133435330468163
274.377 2.603861108616839
275.397 2.9597521597995238
276.541 3.0787631732164313
277.657 2.8554359247720478
278.677 2.630890808714144
279.698 12.64876127056951
280.858 1.8796127221741734
281.861 2.6754821783451948
282.958 3.36355912416534
284.31 3.0836489834053307
285.538 1.640286445527591
286.629 2.6134078037883786
287.67 3.3833862345456525
288.689 2.633472644643131
289.733 2.7310612202476223
290.753 2.630890808714144
291.882 2.0816223818882578
292.933 2.877928696852302
294.053 12.129698583455927
295.089 1.7808032621707715
296.185 2.4484567745244945
297.205 2.137598782078298
298.345 1.618344017201734
299.426 2.327279681622122
300.505 2.1761538895025647
301.609 1.8230357505951826
302.645 1.7808032621707715
303.785 1.9125883839557887
304.821 1.9426944678184181
305.825 2.3387151860289497
306.861 1.7808032621707715
307.945 2.3208388706919965
308.962 10.770415788623415
310.045 3.2282784265388873
311.141 1.6833140324836462
312.201 1.8987089327021682
313.241 1.7739540188608314
314.261 4.4162078467347206
315.542 1.9669971351244102
316.557 2.478610183081353
317.622 1.7323119057399152
318.658 1.6189120565231248
319.697 2.0985089102237056
320.702 1.6688486473149593
321.757 2.066683182667107
322.841 2.0113936879299525
323.957 1.8034332156430481
324.997 1.9352225660257563
326.077 3.172270540318374
327.081 6.849094473379382
328.201 2.395989843644271
329.321 1.94674174795611
330.521 2.2362571874085773
331.537 1.6540363812213867
332.539 2.178172585133983
333.681 2.202967894771185
334.757 1.558729452184241
335.882 2.0871733749115617
336.997 2.2563133056783014
338.086 2.156170841848859
339.141 1.9077075532287833
340.142 1.9390260401728514
341.187 3.808587322911535
342.602 5.653542171681321
343.726 2.0890302907314484
344.886 1.8796127221741734
345.906 2.466460133163678
346.926 1.6443067554424518
347.99 2.053060977140775
349.009 1.6459204028941807
350.269 1.7318115629253048
351.453 1.9831672692419944
352.529 1.8704753426304206
353.59 1.8969193861156013
354.605 2.1481288253330253
