0.0 9.529955761514305
1.088 8.810843863397233
2.109 3.5009936870490934
3.129 7.486728344944276
4.201 3.940696167594273
5.208 6.937985277723683
6.22 9.057535493034472
7.228 14.50695841916214
8.268 3.7494907914159508
9.3 8.501752375884315
10.304 11.987404923026425
11.321 11.888720487949948
12.328 9.0355157105249
13.329 7.304202840416056
14.333 24.43642238888986
15.34 24.914660853888627
16.361 26.00525454299696
17.368 33.237789935137215
18.388 24.437828966186796
19.392 26.863881566662972
20.4 21.827363817645335
21.401 24.022711563977623
22.441 16.1564315681271
23.449 10.477247747166883
24.46 12.856809835379714
25.588 19.793385280917953
26.6 22.958838541646525
27.708 22.93684056712305
28.709 26.944392700215307
29.712 22.260158122368786
30.728 25.906914720263853
31.748 24.119244781286707
32.752 27.673034625871193
33.76 22.63330595210674
34.768 17.891915383588273
35.781 18.445175166738856
36.789 7.6427822522826006
37.792 16.36118780033825
38.8 24.984206166373564
39.801 19.38295282661389
40.808 25.815759172949498
41.812 22.07615603834197
42.82 27.724409423304802
43.829 22.127788500332812
44.84 31.499184096666944
45.853 26.210626740874673
46.864 25.780347265728498
47.868 28.967679520634032
48.88 29.287001620659247
49.888 33.72183541970518
50.892 26.93107439373974
52.02 22.09803683114847
53.029 28.180018336484157
54.12 18.528294353513292
55.121 18.828611766469177
56.128 19.68451636931275
57.148 17.588618315795486
58.16 21.995530630721
59.161 20.843793394732735
60.168 23.39553175040661
61.24 21.130498568475044
62.248 22.244002909442322
63.26 19.10560689824135
64.268 19.248348987636067
65.269 22.88650223326801
66.288 12.981525295692194
67.308 18.95575900103576
68.361 16.973003582562725
69.368 8.874167215698606
70.38 7.1309196713615774
71.4 14.814164597453354
72.448 13.798221519297533
73.64 2.5898328452977157
74.709 9.942495161451534
75.716 22.91148626598711
76.729 22.294603027555066
77.753 9.903411645229022
78.768 9.124376605712454
80.209 1.6913039655920685
81.216 3.872363875935001
82.236 12.265491118312015
83.256 12.809506217660116
84.276 14.988150955507919
85.296 14.017704135217974
86.316 15.29204087475895
87.396 6.23060824493231
88.408 18.623952942927055
89.428 12.42478321076206
90.477 3.717321661654035
91.497 7.486728344944276
92.508 10.191465340262674
93.516 14.345769992284705
94.528 17.178991076538768
95.529 14.8381155037606
96.537 15.312900553579007
97.556 11.639734252699373
98.689 13.109403017882697
99.696 13.069228081286198
100.716 8.920357176964991
101.728 9.151425152961092
102.768 9.061269412576175
103.948 6.528749584990514
104.949 14.44609006215719
105.957 15.95765426111844
106.968 14.142490818914718
107.969 15.974324834485058
108.976 14.1986675451148
110.088 20.078182191406984
111.109 20.051145662269892
112.116 15.973500988218891
113.136 17.26968480615746
114.14 29.453171356188655
115.153 13.379200537906538
116.189 8.468927077128962
117.197 8.865363478377688
118.208 14.785331310682219
119.22 15.961242187377188
120.229 22.705043345500158
121.236 24.52497121425006
122.256 19.49977410030963
123.268 24.082697770911178
124.276 14.412696181223945
125.288 22.31663326769618
126.3 20.135576467609074
127.308 24.178264031912157
128.376 19.231911347856013
129.388 26.16986491110135
130.396 24.728755501498547
131.401 27.483829681716635
132.408 24.591963864176652
133.416 25.790148300686507
134.428 22.70439756326201
135.436 25.30658302006905
136.449 23.163163017697578
137.461 26.490967548076526
138.596 12.943150383228057
139.608 24.56435172637394
140.668 22.59596032052065
141.669 25.808183369505695
142.7 21.970799675497055
143.708 22.405191336215836
144.716 24.500640885756106
145.728 23.507154155551486
146.908 22.225770355849917
147.917 25.925616869529794
148.928 25.61963714272724
149.929 27.918286412294535
150.936 23.78522139004518
151.956 20.23009574063612
152.969 20.95752714659323
153.976 15.933399754175857
154.996 22.77876921968838
156.008 19.975025149121485
157.012 15.05024690174792
158.02 25.212320782116006
159.028 22.244002909442322
160.26 19.177663020815636
161.261 24.185027182756468
162.296 23.61270699777802
163.297 27.431339556254922
164.301 25.47459888722433
165.309 34.655511779168116
166.316 28.302979245270514
167.388 27.496238531465124
168.396 31.43174324147096
169.416 27.145794537763337
170.42 36.25005705380491
171.421 24.41473700564042
172.468 24.738732713816454
173.469 29.21681136163453
174.476 21.04229697793878
175.489 19.24713930437797
176.496 20.8139558331562
177.516 13.446674587445452
178.529 33.20131530004086
179.536 30.40050967810142
180.54 28.063888676750015
181.541 29.21681136163453
182.556 22.797367752006988
183.568 24.40380040788635
184.576 18.783418050251882
185.588 20.550568764481177
186.597 22.705043345500158
187.608 16.13773988906752
188.609 19.153243003729944
189.668 15.86656169107687
190.669 23.86039594534724
191.716 15.983980164564379
192.757 5.306676048043245
193.768 9.709334971437048
194.796 12.170039825563086
195.828 8.501752375884315
196.836 16.296197977930866
197.849 20.777781741559426
198.868 25.352297892871448
199.869 22.466949581481963
200.876 18.71642540032529
201.896 13.605966679895497
202.908 21.513876675406703
203.916 27.468958758429785
204.92 23.30360810602805
205.988 21.81805939343516
206.996 28.530351557617745
208.008 20.135576467609074
209.009 29.21681136163453
210.017 25.85707448965544
211.029 29.380891280556174
212.036 19.42881202952737
213.037 24.996605276056847
214.048 15.977029766214722
215.068 18.63717481613567
216.076 12.411508869725795
217.169 15.372999845243907
218.176 19.52316787445676
219.188 19.10560689824135
220.208 14.880303419481011
221.228 17.522130169059587
222.229 17.6924024356111
223.236 14.104311700185406
224.256 12.106199025876817
225.268 13.486310751725105
226.556 6.307373225723316
227.568 13.392421091798482
228.569 16.39387748627111
229.576 15.005410019231428
230.596 11.694461570539493
233.056 4.028924386978278
234.597 24.959229429424425
235.609 19.587260853704116
236.624 22.41074955788503
237.628 17.70672951849883
238.648 11.309738563641437
239.656 11.605566735323775
240.728 12.642845284418987
241.808 13.08850026261993
244.256 6.63717051856383
245.26 20.943341755480162
246.276 19.19030720019545
247.288 21.995530630721
248.301 16.9078427436671
249.316 20.489828167183717
250.32 17.5448989065978
251.328 17.56953852989279
252.348 19.115051093411573
253.353 12.677353704908056
254.357 18.286859138729252
255.369 14.770721299507034
256.457 13.352939109072068
257.469 17.178991076538768
258.488 16.901531928630455
259.508 8.283188807179656
260.536 4.174988219949081
261.568 5.825274776062009
262.577 6.280118372132452
263.596 8.769662793134342
264.597 6.167993509691597
265.608 8.517636515934237
266.788 9.00722654881589
267.796 32.237685375932365
268.797 35.28988345684539
269.809 19.908363490679292
270.829 7.008852067608987
271.838 19.551447392007685
272.849 31.405201568694135
273.861 33.55522556078806
274.87 26.15350540548121
276.005 30.694043645317514
277.01 36.8606656907467
278.017 24.591963864176652
279.021 26.216559119207325
280.03 14.881498070857853
281.069 3.9094786885082335
282.129 2.605778191515925
283.13 8.602727789830283
284.137 7.744727751870002
285.138 10.388199595254433
286.337 7.6448923427486415
287.358 6.206306990679963
288.365 7.099333772549977
289.377 18.623952942927055
290.489 14.671991931576496
291.497 16.60240796865787
292.509 10.596387019215765
293.657 7.784221590764498
294.67 17.8701997089825
295.677 32.59239595586173
296.681 23.07011791451031
297.689 21.115683921285434
298.69 9.738937120554741
299.697 9.263856855248095
300.71 13.312604685536757
301.729 21.366087532335595
302.737 21.98855224456731
303.741 26.054728507454758
304.749 21.1826101101059
305.751 22.237239758598015
306.757 17.671527272988342
307.769 24.082697770911178
308.77 22.95389643752158
309.789 27.58457569472402
310.793 25.47459888722433
311.797 30.4241550272979
312.809 25.754872614229246
313.889 29.850085730389477
314.917 25.762551838500723
315.937 31.446681033840328
316.938 29.703758217674142
317.95 22.383294926286837
318.957 31.785653481730254
319.969 25.112667340278897
321.117 22.703669264087
322.129 25.367108318663412
323.137 26.824205050890352
324.149 26.330416229588938
325.15 23.60315891219157
326.157 23.25727886516969
327.161 23.856292768659436
328.169 31.592931668392936
329.17 25.063999480310418
330.177 30.172168533318843
331.181 26.12192133453152
332.249 26.382157520024666
333.257 25.628959873912997
334.297 21.78066775523618
335.301 26.054728507454758
336.317 22.135252491224925
337.321 23.950930553335237
338.337 26.77291006465498
339.35 32.55974398992957
340.357 24.75331235903264
341.378 30.554126723402327
342.389 11.3164362008558
343.397 29.042729069475392
344.41 18.992949501677263
345.418 27.563220996382828
346.429 21.11975370032504
347.437 29.497482119001123
348.449 21.580538333848896
349.45 16.39387748627111
350.457 18.0710314210498
351.469 18.048057241268705
352.478 12.560236744279749
353.49 10.596387019215765
354.529 11.480950060838184
355.541 15.412926573472228
356.569 8.060675728619126
357.617 3.8759049211484906
358.637 6.212391605388454
359.642 13.74191484084347
360.649 5.714189968980531
361.658 25.12612361760034
362.669 8.994127933084464
363.678 7.085261753176977
364.689 13.084247553231275
365.69 30.51533631112299
366.697 27.012191286571074
367.769 26.308257919155686
368.797 30.6621782618777
369.798 24.901802513477882
370.801 25.918713347044037
371.809 18.44240685317466
372.818 24.15430143133576
373.829 23.20898529859911
374.83 27.431339556254922
375.837 23.946569884901166
376.849 30.183647872845647
377.857 26.01826291657741
378.861 33.337106040477174
379.869 26.824205050890352
380.87 25.388630717719646
381.889 30.93299239765134
382.89 24.5770526242708
383.897 34.851274883400166
384.921 24.501038554508796
386.109 22.759931558421187
387.118 25.281502164812945
388.129 21.374446351299106
389.137 17.636464718861717
390.149 26.330416229588938
391.157 20.05429112194901
392.169 22.958838541646525
393.177 25.051132355342492
394.189 30.986404465283584
395.197 25.212320782116006
396.278 24.411551298971453
397.297 31.730234469699123
398.302 29.329321100288848
399.305 31.750423850136368
400.309 26.607413170086144
401.31 29.284205565888097
402.317 32.10835047129377
403.329 26.557629206518722
404.33 28.567548886964534
405.338 21.66617539087182
406.35 25.046005681836704
407.358 19.40953741455804
408.369 18.1602438924616
409.37 13.309880731417886
410.377 5.06867804484358
411.39 13.472997513079426
412.397 24.52497121425006
413.409 17.406204053617014
414.41 25.158920894835695
415.422 26.23652656969201
416.429 27.75194111092442
417.437 20.860233256410417
418.461 27.925894956883038
419.482 24.73216592952186
420.489 24.847668203962037
421.509 16.31393225145719
422.51 16.069246248861873
423.518 11.444378308446339
424.55 8.18687265825292
425.557 8.29576588627548
426.562 18.10699367268657
427.569 16.134849483074877
428.598 8.749998041446347
430.177 2.5724815436199466
431.197 8.283188807179656
432.209 11.39914361157947
433.217 13.217451004127815
434.469 8.878563203263571
435.477 10.154870893412015
436.489 9.633079108379317
437.497 12.25032044284836
438.517 11.150446471191392
439.529 8.094227582198025
440.537 13.70101628476012
441.55 14.756140133361393
442.737 6.433414416040739
443.789 6.641208340937357
444.793 8.644215255040178
445.809 8.955476693399797
446.829 7.805312529844368
447.849 8.283188807179656
448.857 8.542986624622818
450.037 6.666442749659026
451.049 5.4587448280732005
452.069 9.716817639185525
453.081 24.082697770911178
454.089 24.728755501498547
455.09 26.944392700215307
456.121 20.39487402754774
457.13 24.959444812306053
458.137 21.04229697793878
459.157 26.44248734596519
460.169 13.713523728743965
461.177 15.47408898050098
462.19 15.39771144356176
463.197 12.974872236356804
464.209 17.339542395026356
465.217 20.30974178682403
466.218 16.623587309155056
467.221 18.62907521821574
468.229 19.987364933128543
469.237 16.830522584400313
470.241 24.76008361269192
471.249 17.958841572557205
472.257 27.079655715765373
473.261 20.13418869612348
474.265 24.598253000790887
475.278 18.191102610188075
476.281 21.058954594491837
477.289 16.924784822353356
478.297 15.218638315625965
479.298 19.153243003729944
480.317 18.496016072726025
481.33 15.464307295916695
482.337 17.748334431337828
483.357 17.681422261435397
484.369 10.663048677761884
485.381 24.724903044861524
486.389 17.475276291939746
487.39 18.828611766469177
488.409 18.496016072726025
489.421 14.676831639580413
490.429 20.793307067441486
491.437 19.18142279866714
492.441 14.793778505230476
493.449 18.375480664205732
494.45 19.54526844539274
495.462 23.761595133936
496.477 21.996983839214774
497.49 22.936174337666355
498.497 21.45934981243169
499.501 17.383068294845234
500.502 25.483552132096467
501.517 22.20080605238218
502.522 21.340385399851286
503.53 20.699044829488443
504.537 21.78204680214366
505.577 18.031176963731152
506.582 20.087002843951705
507.59 25.95133672760848
508.609 23.983465890723643
509.689 24.584597118941165
510.697 24.017075604990183
511.709 22.637735904671352
512.71 19.22063720798351
513.73 20.54867992553621
514.741 17.744841118486274
515.749 22.56637976313781
516.757 18.92597213379212
517.762 26.513812163433602
518.769 23.13982741076969
519.781 27.454275458853587
520.798 22.295171717843733
521.81 26.00931359261376
522.829 24.302362719602144
523.837 26.43490200822594
524.842 20.43749385025184
525.849 24.52497121425006
526.85 24.739368243049647
527.862 21.513876675406703
528.87 17.891915383588273
529.89 12.331629940324829
530.897 16.134849483074877
531.902 15.196941118134403
532.91 11.994869778032728
533.941 11.189072099816581
534.949 6.6087255020639075
535.957 9.67130561277971
536.969 10.11473306379754
539.889 1.724936973677499
540.897 3.290694726532474
541.917 14.97345668985886
542.949 11.020790116876077
543.989 4.843092272236943
545.001 5.329177097379807
546.009 10.351878970711606
547.029 10.03540182407077
548.037 9.99368246653458
549.049 9.9541817453248
550.069 9.238941361850236
551.11 6.3992269991118444
552.129 7.560279205396094
553.137 20.148553359902053
554.157 16.8849617992594
555.161 12.04265810383346
556.177 13.593134266770466
557.189 13.646862070197846
558.209 9.87610973163557
559.217 5.708521129723691
560.229 10.917489656161246
561.23 9.414305883204896
562.265 5.023472364659202
563.277 6.261501420436906
564.289 7.7064632867064224
565.357 6.148482181860948
566.37 9.944355307274325
567.389 10.839694839997641
568.39 14.93588456055833
569.409 12.343731638009428
570.429 15.451332967283228
571.477 5.581303086459765
572.518 3.745888975090223
573.537 2.232277801882263
574.589 1.5444670560329792
575.597 6.447537075186473
576.609 11.078040974633987
577.61 7.696228282019466
578.621 15.588881925332208
579.629 14.990523699735062
580.63 15.487377978445444
581.637 19.03912239003726
582.641 19.419673421591064
583.649 17.958841572557205
584.657 22.405191336215836
585.67 16.26627143355581
586.677 21.78204680214366
587.681 21.84713259936418
588.689 20.05429112194901
589.697 28.369163130844235
590.698 21.65537148818158
591.702 25.407406059999104
592.71 20.860233256410417
593.717 21.136652822868175
594.729 17.085101416641837
595.737 20.30974178682403
596.749 15.573477891811356
597.77 14.24313504968083
598.777 18.0710314210498
599.789 14.770721299507034
600.798 10.372695137067895
601.81 12.362451522415917
602.817 12.585182596807313
603.849 11.33566983450747
604.909 6.501447961152347
605.917 12.572697296603229
606.922 22.795411677127372
607.93 15.863392023165398
608.937 17.264288946918327
609.949 8.027565923651904
610.95 8.115780933790669
611.957 9.680909689844926
612.97 10.812915297327757
613.977 17.102940452062338
615.081 20.812364432903575
616.11 9.473932028836643
617.126 7.196365200058447
618.53 1.851600390822325
619.909 19.256827804066287
620.961 1.5459365774954505
621.985 1.5866985770956272
623.065 1.6548678493017215
624.085 1.7522130169059584
625.226 1.7087951021283703
627.598 1.5053599920158802
628.942 1.5744150292195624
629.985 1.5607870729530222
631.085 1.624779342945922
632.206 1.5943419065411384
633.286 1.955752912800328
634.39 1.6188924612705184
635.49 2.511022620923174
636.506 2.398788400024431
637.51 2.9129510132535064
638.606 1.8405080383117325
639.63 2.3800478656434407
640.69 2.299216051334087
641.746 2.9233719238596847
642.766 2.0707972017912026
643.786 1.5929209244559133
644.791 3.233391727253794
645.826 2.825703205129152
646.887 2.6033222271568026
647.923 1.8819837949109486
649.003 2.5575230398272337
650.043 1.5622878297591205
651.048 1.940035036358215
652.084 2.666143709467075
653.163 2.2587293924176377
654.183 2.230089294241248
656.178 2.7202295848511135
657.182 2.3919700084491695
658.498 1.824876814956661
659.518 2.668375431636259
660.762 1.9304966949197069
661.782 2.668375431636259
663.078 5.416517663747091
664.098 2.668375431636259
665.118 2.354448910269907
666.149 16.126050869123866
667.313 1.788086629450957
668.453 1.6048592514832039
669.593 1.4848386167365775
670.614 1.7919094482807283
671.826 6.716604433581507
672.846 1.5696326068466047
673.866 2.0405223889035553
675.006 1.8257305584840597
676.086 1.7789169544241725
677.266 2.306561813785513
678.271 2.070977946942682
679.328 1.5146880406721008
680.431 1.886974466621121
681.452 1.8817143102621556
682.592 2.1066121828730746
683.612 2.0405223889035553
684.633 2.1953333619725153
685.796 1.7896241072055228
686.8 4.9434046841193755
687.936 6.483024816310967
688.976 2.155226310168319
689.977 1.9193109997860256
690.981 2.2325053412132863
692.016 2.165638031477424
693.04 1.719851352424997
694.045 1.5930599591878203
695.064 2.042524864253622
696.124 1.9635215440440323
697.181 2.2720320610007283
698.285 2.3203264622898168
699.34 2.428095179504729
700.4 2.2656017815835576
701.404 2.3919700084491695
702.508 5.2207345401669345
703.544 6.799721177159328
704.564 2.1974856495941544
705.584 2.354448910269907
706.649 2.2549651535046307
707.728 2.3784962064780557
708.732 2.3919700084491695
709.828 3.923325071771956
711.112 2.119737492419662
712.132 1.8835591282129565
713.152 2.668375431636259
714.328 1.9059824511729981
715.392 1.9561398840943056
716.408 1.890974715333951
717.532 2.279039514566731
718.672 1.9661713706785673
720.055 9.029643543079265
721.091 1.545391176631169
722.151 2.2656017815835576
723.175 2.188901721268178
724.551 1.745303698022865
726.631 2.3751799914720064
727.747 1.5780714918302896
728.811 2.407556780430613
729.927 2.151915670676318
730.987 2.2656017815835576
732.051 2.2613351115634486
733.108 2.423500865069423
734.111 2.075107514135686
735.207 2.1911842048161607
736.527 7.883836502571796
737.632 1.5937808007978624
738.712 1.6306738748912992
739.732 1.7265958675372037
740.932 2.0012815737309055
742.948 2.5299984663479145
743.969 2.0385238361247584
745.084 1.7230765119105462
746.264 2.3637183941674382
747.284 1.8835591282129565
748.304 1.8835591282129565
749.368 1.9561398840943056
750.448 1.9271600339570458
752.244 5.705212504177159
753.264 1.5696326068466047
754.387 2.9719045383328857
756.563 1.6817804113380599
757.623 3.927043088073218
759.999 3.032244808676892
