0.0 10.749320305383776
1.103 1.6124007107578822
2.12 28.527539439784015
3.121 16.16989023818595
4.141 12.31421643309122
5.15 12.291610828468873
6.16 13.15041776824694
7.161 12.708771168452381
8.17 14.989000489263999
9.26 11.58832582952667
10.48 13.940448376832029
11.491 19.041825953054666
12.523 8.462036713006468
13.7 7.367544492253046
15.186 10.052021931968927
16.189 21.9329880663694
17.2 13.847653897076208
18.21 7.351285370373244
19.232 2.9059875632389898
20.34 3.618583972027077
21.36 2.3236017146096897
22.37 3.5286169777840413
23.4 3.748441821868141
24.44 1.8561995560186335
25.51 2.6368442291055096
26.52 2.205385611106546
27.529 6.417663734849566
28.65 7.423016498704723
29.67 6.988045387365863
30.77 2.0249449701972115
31.8 5.8622097486758316
32.81 12.972976654991188
33.811 19.877496247441677
34.82 18.523266238679177
35.94 18.57876260928329
36.95 16.053315690120094
38.09 16.949951780619134
39.1 20.160470228457644
40.11 19.706711064336375
41.111 18.528595658164587
42.12 17.35009054167483
43.4 20.718255902879033
44.41 17.343982152306033
45.629 16.042022269981786
46.631 20.353173640211196
47.632 20.643416728406798
48.69 15.036798479403732
49.7 19.463495292442225
50.701 23.25012726507115
51.84 18.098253022142444
53.2 15.774024692744993
54.22 24.125592429199646
55.23 15.134834918538225
56.24 20.72611079733013
57.26 15.606677266930843
58.27 18.476230564187926
59.31 12.925448966408302
60.311 23.711110977948923
61.319 16.134057938886972
62.32 24.59957006055077
63.33 16.64679226634672
64.573 20.059579130934917
65.58 24.029040449567308
66.68 8.225894874566785
67.69 17.963897561862087
68.7 16.21463556351336
69.713 17.297654302879952
70.719 14.994099165505274
71.73 17.95278597207431
72.879 15.577304444392093
74.109 20.046891611984375
75.11 19.134890633185464
76.229 11.943375159371987
77.24 18.317409828486777
78.249 14.31876806448892
79.462 12.278294517481761
80.479 18.44490706384244
81.48 13.677910533923267
82.49 10.190235707479793
83.51 11.646742312267394
84.519 8.852016753800719
85.539 8.907778433517588
86.551 6.832301453882757
87.559 7.51986534604448
88.576 12.658686030129664
89.809 7.739425030434464
90.819 9.09667827117017
91.839 4.949865482716356
92.849 6.9102082481519345
93.85 6.843943564011366
94.859 11.18502804815957
95.929 6.383938659949653
96.938 7.833865924229908
98.008 13.542637991562604
99.018 15.29067357032967
100.038 8.312351503355766
101.238 7.102134295404043
102.258 9.7541466865253
103.268 7.3405378771406316
104.269 7.862423693831321
105.298 2.597597046321395
106.318 4.513112646007686
107.328 4.132303672587076
108.348 5.386618319425026
109.368 6.114539713948523
110.417 3.538988667337615
111.419 2.2307934573890558
112.428 3.2377712771027505
113.467 3.4301281497100944
114.478 4.993929567134845
115.828 2.465203473597006
116.858 4.901808536279713
117.868 5.09592391573777
118.877 6.034028289132467
119.879 4.2977873951720715
120.888 4.432786008164112
121.898 9.11559385925848
122.899 7.597610184772108
123.918 9.32653751405381
124.948 6.15634776950527
125.967 5.100450202994784
126.998 5.3291471249380455
128.005 7.602038489536872
129.008 15.811781692012277
130.058 2.2376741514872576
131.147 3.136278405030032
132.167 2.9116855780668485
133.268 6.069317349378693
134.288 5.435891361188125
135.917 6.565423255250873
136.927 8.535942457802774
137.928 7.601188745708825
139.068 8.094949679661045
140.078 10.438825225922407
141.088 8.320064410264195
142.098 11.52152769406818
143.117 10.612196108455834
144.128 11.502937826246946
145.142 10.954097360297247
146.338 10.256855787592897
147.339 13.054590284088583
148.517 9.2529849590256
149.538 10.326359919869036
150.558 12.229079427883475
151.567 9.80959922779379
152.568 14.09302360212104
153.578 10.742868294412842
154.738 8.335211890159842
155.747 10.682667081891358
156.767 10.752271651320834
158.178 9.575912879002141
159.307 11.925466087107466
160.318 14.247387294407092
161.338 10.24464225777441
162.347 12.226524052066722
163.379 11.297686778212217
164.407 10.62804864454494
165.617 10.459614075432834
166.618 12.757895050361148
167.627 8.263653811391611
168.857 10.306130383271828
169.867 14.55554503331677
170.877 11.428024502952605
171.899 12.02628508078911
173.007 13.954218325120639
174.017 16.31985352217487
175.018 12.71104843450302
176.027 11.670973451493081
177.037 11.6517873120344
178.057 9.938361881551627
179.247 12.18520346413388
180.248 15.724847387716917
181.258 12.871412843951154
182.268 13.777748948112873
183.277 16.881680914546568
184.298 15.55322377731855
185.307 16.661461689183856
186.368 13.743658325063606
187.378 17.30765562508537
188.397 16.82541370538003
189.407 17.54001642881567
190.477 15.581850281853834
191.478 16.46658547196766
192.487 9.44339197675491
193.496 11.18502804815957
194.507 9.054825767856695
195.517 12.415181756275663
196.518 16.61493308879067
197.527 8.827810927858746
198.867 7.25930046319341
200.047 13.540560880595587
201.056 6.622713975878422
202.586 5.956184884254521
203.597 15.789093405952254
204.607 23.069386746561687
205.717 18.987881923767496
206.737 20.256115542532108
207.856 17.007474873645144
208.857 22.76062350585874
209.877 14.005888726508305
210.887 23.22501044854493
211.897 16.99608579640658
212.967 20.35367399698359
213.977 22.848740710499435
214.998 25.176828167648903
216.127 20.176299505864275
217.128 19.165687945462192
218.146 16.58091055515746
219.147 23.54487055644233
220.148 19.795839993394512
221.157 18.44881987619638
222.167 14.587250138304125
223.177 15.472413680930032
224.557 8.62545209402758
225.566 15.658479843838352
226.567 14.396875957667632
227.576 12.356159697629375
228.596 9.54268764984986
229.597 8.497130273878486
230.606 11.18502804815957
231.616 5.885112343721016
232.617 7.541329181003478
233.706 5.863477018094316
234.936 1.9316548225267653
235.95 7.805300185032988
236.966 6.673348095301384
238.177 6.809498112894361
239.186 9.12462814454873
240.196 7.756573340138642
241.23 8.89194060392931
242.236 10.923162397241164
243.237 7.962623399950833
244.257 9.821830605663013
245.267 7.645336785191973
246.277 3.5286169777840413
247.367 4.2232797237883775
248.656 4.374998495332181
249.657 6.7117536919559875
250.707 8.765024960033562
251.756 8.81725574171703
252.766 7.498311077775824
253.767 6.8997908028044
255.286 4.594674345385154
256.287 9.02372093724916
257.307 18.76398310504184
258.317 19.6690948379951
259.328 20.215150306134277
260.537 18.220185272313266
261.587 19.25867775494264
262.756 18.80908769263721
264.688 2.305837957790409
265.704 12.715697745958265
266.718 6.091200084058546
267.869 4.448650766784547
268.888 6.667017051064446
269.898 7.322482088515817
270.909 7.954434690520075
272.129 8.598647363303765
273.159 11.149316960754044
274.329 6.024136220919728
275.428 12.197072871868356
276.429 17.29692004976654
277.459 14.665799705618905
278.46 14.944287339283411
279.469 12.820911555593133
280.498 12.393862970204594
281.708 9.184289881909825
282.828 2.507982242646639
283.979 6.152060280041595
285.328 6.012799414939092
286.329 12.72492891327429
287.33 10.591022184716497
288.408 11.295510702975358
289.409 15.538762219116212
290.41 16.187783042869533
291.508 11.491535923483566
292.509 19.14790358204625
293.518 16.021997558777546
294.669 12.638728961863068
295.679 15.865019608605506
296.688 12.208557950146854
297.858 13.405421794830978
298.868 17.583436301471078
299.869 15.084176539401186
300.87 15.384667216464939
301.888 11.391212121576936
302.897 11.778232155743504
303.898 12.268825056165037
305.099 9.782124932334701
306.108 14.739841854325084
307.118 14.438074932331007
308.128 12.482998438566925
309.138 10.791450478850726
310.148 15.442213224871495
311.158 12.922033537067524
312.418 8.846454451380554
313.42 18.837486418827222
314.428 14.875398535151922
315.437 12.105925248180027
316.448 14.862394788454711
317.449 10.664111580750074
318.458 15.663536171999391
319.478 14.749666888319656
320.488 8.340592122334682
321.498 12.696873553866032
322.74 11.453215000261846
323.748 15.145968339566597
324.758 11.686680342987176
325.828 8.738858061703024
326.829 15.683639716324423
327.838 12.04503414827901
328.858 9.9125015162193
329.86 12.796608573181283
330.868 11.126234679770858
331.887 6.448000225301288
333.277 1.709306065968234
334.467 11.389689368691506
335.568 11.503111312885489
336.627 11.996328602989625
337.828 11.231321930992689
338.997 12.315978164627325
340.131 10.615373937089162
341.267 12.036210386045967
342.348 11.357550177353655
343.528 12.690377696096547
344.778 11.900084498667296
345.788 13.335704551551103
347.258 8.105781328883776
348.407 11.392142654536764
349.417 8.424595658510405
350.418 11.722281204554724
351.427 11.762417682803793
352.428 11.320831732606502
353.657 8.970231258651996
354.807 13.032191604440714
355.817 16.529107215417064
356.837 11.892043308525258
358.347 11.211313045897834
359.348 15.32675959419726
360.357 11.671296195843498
361.369 7.233248795750278
362.707 8.323764825192868
363.717 11.628787676518241
364.727 12.64797245966308
365.737 14.22162041861428
366.738 12.891060893567516
367.897 13.399189131680721
369.037 14.663443265981398
370.197 13.651503922345649
371.217 15.868686400433115
372.227 9.65576286907415
373.228 10.524113939391793
374.247 12.678261933163503
375.257 7.750490301571043
376.277 6.551292550657193
377.287 8.68268483189287
378.298 15.59325303065343
379.328 12.975375537214997
380.337 12.67371377218226
381.347 21.2847654954006
382.348 19.410006060133508
383.357 13.28695439093142
384.367 17.324959089259345
385.378 16.684945867344197
386.387 17.183662040748224
387.397 13.520668910075113
388.438 9.375939648620777
389.447 8.019443923073137
390.457 13.967442203652174
391.466 10.573319931414122
392.487 10.71686234950676
393.507 8.104936474418333
394.526 8.45217462210448
395.548 4.4299316260076775
396.557 5.7396854457594895
397.577 10.846986569615126
398.587 20.07277068377832
399.677 18.937935971388008
400.687 16.958147145217303
401.697 15.395354154470661
402.707 13.456506375473168
403.767 9.980938415936405
404.948 10.888240801236133
405.956 24.272441821199685
406.987 17.618950459835244
408.096 20.721635033301247
409.098 22.132314959069305
410.107 15.811030337982022
411.116 23.39390874265684
412.117 10.681028414255529
413.126 9.096656967915225
414.127 10.386393564097718
415.136 15.117345157465694
416.177 8.033302689411439
417.186 7.171809689538724
418.197 13.033584969117884
419.207 18.592840865805176
420.246 19.178921325483046
421.256 9.294284088993063
422.266 11.762056592599905
423.276 6.23053677618837
424.296 8.318417514969557
425.306 7.792362492594553
426.316 5.823276231323154
427.336 6.114539713948523
428.356 6.84246110845845
429.379 7.466053469644547
430.386 11.059778883929194
431.616 10.74527027564865
432.617 15.724847387716917
433.627 10.780273085893153
434.637 15.893285515847435
435.646 10.793001249453777
436.856 10.804640584184124
437.866 12.644210837042522
438.876 8.903760767666512
439.886 7.529478808147681
440.896 7.738839976293979
441.906 10.732876640741138
442.907 8.141443005369755
443.947 8.333379934333955
445.216 2.436593917629088
446.226 7.057233955554515
447.247 5.942058478730275
448.256 8.241599614429797
449.266 6.283736867681654
450.296 6.684552628121735
451.306 7.792362492594553
452.335 6.1081085191836815
453.356 7.853851206661912
454.386 5.34129837745679
455.416 6.920200286510141
456.426 6.142729756482822
457.436 6.859480080090753
458.446 7.783119648412878
459.566 7.426292116028413
460.567 10.968614583793983
461.726 10.307443195034892
462.727 15.693616310369615
463.736 10.733293545481667
464.828 12.782619653169506
465.836 17.790732842053707
466.856 17.45021269347021
467.866 17.7764612798517
468.876 18.40003083723276
469.886 19.061065900264886
470.887 16.730856774865046
471.895 17.142773085603853
472.896 16.31791253134172
473.906 16.84852271426638
474.915 14.646238096122202
475.926 11.981909270165676
476.927 14.268806852873624
477.945 13.297016109704796
478.965 9.407958339106298
480.166 12.435541986581013
481.186 14.188401181526544
482.196 15.22597366109866
483.206 13.67435806322818
484.235 15.053277425162406
485.236 14.353607902868339
486.247 13.848298108907134
487.426 14.135856972298265
488.626 14.548009249284828
489.655 10.823321026348191
491.11 3.8729481944264426
492.15 5.140244924362424
493.152 5.631583483334536
494.308 2.697591050265022
495.487 1.3854585320579096
496.497 5.12730659597211
497.508 7.784654913467325
498.517 5.213504580653064
499.547 7.208541965116427
500.557 6.136281260540542
501.569 8.51063828056398
502.587 6.087107516077711
503.597 5.998713347182117
504.627 6.487687768607499
505.628 3.2636475710153614
506.647 5.100450202994784
507.667 2.566203955521288
508.687 4.513112646007686
509.696 5.150999759027104
510.697 6.269096548655979
511.707 5.560860472925164
512.737 5.628126933705402
513.746 6.570214228966098
514.776 5.911004411394928
515.807 5.905271138449995
516.826 5.252249316174307
517.827 7.565728460090317
519.037 5.948791685236263
520.057 6.551292550657193
521.096 6.7173342931930105
522.106 5.2300526312557905
523.126 7.424798224074534
524.137 8.225295757625084
525.147 6.4890139884001
526.176 8.370034927043143
527.237 5.712414207622586
528.256 7.577811730168719
529.276 7.570382502981946
530.286 5.662424283965198
531.306 6.84246110845845
532.336 6.920200286510141
533.546 6.537113017621557
534.556 7.351285370373244
535.576 8.007135339690619
536.596 7.020929555630136
537.626 9.803617072559426
538.636 10.301999518040638
539.658 7.173200879789378
540.666 9.722950055329884
541.667 7.676121642817445
542.686 9.617991811361204
543.696 7.875715107741333
544.717 10.908126675918568
545.726 7.620101585861943
546.746 9.317393849816629
547.756 7.878127488579391
548.797 7.988255534068619
549.916 8.172656057513242
550.926 9.26261956666106
551.936 9.703266789157407
553.047 6.923437435278512
554.056 9.05011433025714
555.066 8.9685681518559
556.076 6.4632200046445485
557.106 8.073567000935283
558.196 3.641094917487092
559.206 8.821542444439752
560.216 7.647808708624075
561.266 8.485483684650795
562.268 8.891973921042391
563.296 5.8438375787201124
564.306 7.939388199997132
565.346 6.785085725266555
566.356 9.556670981479789
567.376 8.880641013107958
568.406 6.776029447213784
569.536 2.102597727166146
570.655 4.116933412638368
572.714 1.8458190643613377
573.855 1.4775717858846693
574.878 1.7418881464116018
576.135 1.417622572616019
577.196 1.399584962127951
578.236 1.5706303935563157
579.545 3.223486038699216
580.564 4.517541608366422
581.646 1.9213895589074468
582.664 2.042184187369627
584.008 5.563090417841157
585.086 1.7907676607207454
586.106 1.7470113468346815
587.248 1.4303464179481888
588.265 1.6061510415903386
589.325 1.6810863903613624
590.463 1.8268396333340893
591.542 1.3762369275346364
592.623 1.3736906982497439
593.975 11.873455036126538
595.073 1.4876644893369775
596.096 1.4515734553452628
597.199 1.6155499308919468
598.295 1.4903792055570582
599.435 1.5631154155946387
600.512 1.7924303976473697
