0.0 21.514961660020035
1.008 28.34439076632588
2.019 30.328211706479497
3.027 30.05508461612991
4.04 36.521195422910836
5.047 31.72180797706746
6.059 37.643143468342615
7.06 29.716363815928172
8.08 27.54680866638746
9.088 35.61218327060212
10.108 34.549540502732505
11.12 33.48068048878356
12.127 28.99367931121543
13.152 31.016320568210617
14.159 36.92067461230198
15.16 28.984502192997756
16.168 38.70099508486513
17.188 28.98326647902255
18.192 27.438545544225132
19.2 38.88268989751805
20.207 26.083675400939796
21.208 30.73818815772216
22.227 28.11304215212397
23.231 35.57164578248018
24.24 30.206812352915694
25.247 29.17555455563904
26.26 37.60598340570992
27.284 33.87801386674114
28.379 31.68135725983745
29.38 36.044184922879886
30.4 31.67662487762967
31.408 37.42913139662934
32.42 33.3748461898157
33.428 35.324234181558644
34.44 39.09095667879866
35.447 25.719924912092587
36.46 32.48284483763119
37.468 32.29612012272661
38.48 24.507387155146468
39.488 30.524728517658954
40.492 27.256126847843788
41.5 29.797949267214594
42.519 29.011709331355444
43.539 32.67941523661159
44.548 31.11438604529953
45.647 31.39939747814893
46.648 22.687710306826414
47.668 25.49712617360348
48.696 13.435964876917868
49.7 14.228658313008806
50.708 23.620325638688573
51.716 20.06186992272917
52.72 29.004572714927356
53.727 28.448053577944616
54.739 33.48068048878356
55.74 26.788917324708567
56.748 31.97828701854767
57.759 19.277716516067674
58.768 26.31963707662082
59.779 21.813895740014317
60.8 17.75875488690442
61.808 17.80609163530106
62.827 14.093834157786468
63.828 19.394333004308955
64.839 18.47787720349404
65.84 14.713200548448622
66.86 12.56900586020562
67.867 11.458140396896491
68.868 16.649851918721545
69.88 14.915227758107784
70.887 23.46190652696339
71.899 25.5928501842839
72.9 31.287084374668947
73.907 25.901800156516188
74.908 34.76342708300269
75.919 27.429721164682753
76.92 29.640395723493892
77.948 17.711802334555856
78.952 20.066056595253812
80.119 26.901812784615657
81.12 27.444810855037353
82.239 24.291334212803125
83.24 29.09149950637976
84.248 26.602883176561043
85.256 30.706423330311882
86.459 19.245834430523463
87.46 23.053641118291623
88.471 20.108278133317466
89.48 13.507456414626313
90.488 14.172195383196408
91.7 9.520088597096459
92.708 6.177623628576226
94.06 4.199407917376875
95.068 8.721351005047806
96.099 7.001775493353991
97.107 21.258293074869922
98.119 24.250871272963074
99.12 21.11698974791829
100.127 26.00815994855916
101.14 21.951625828522932
102.148 25.800663389854297
103.16 22.516247112232172
104.167 24.55315799333767
105.18 22.59974964281912
106.188 17.33644773377201
107.199 19.927122474392412
108.2 20.126194627072017
109.208 17.154752921119087
110.219 21.376367745290786
111.22 20.385128125155227
112.228 24.165410076480004
113.239 23.00676867511421
114.248 19.31592804531384
115.26 20.812314898464688
116.299 19.287022628541465
117.3 18.479505975729612
118.308 20.71320863691114
119.312 21.236309869267643
120.32 24.165410076480004
121.328 24.28600868022929
122.347 19.36654047830482
123.348 31.10411896902002
124.36 26.67871009195858
125.367 30.00941532520908
126.368 25.142228673366162
127.528 27.064151309973123
128.548 23.701553907809615
129.567 21.747745734891435
130.568 18.921538626136947
131.572 22.437499647374533
132.58 20.349819011772635
133.6 17.132489525117744
134.62 19.930852149726174
135.627 18.444915136319825
136.628 19.21136759849268
137.648 21.367309962361265
138.659 22.357362716622124
139.667 23.25693601338272
140.779 20.162001200984626
141.78 23.23660652394055
142.787 24.18940750449046
143.792 18.846095805373086
144.8 29.434559642076092
145.808 21.515428423617884
146.82 28.956264206443148
147.828 23.15068173715953
148.839 28.6225940996153
149.84 24.776297861900954
150.848 28.34439076632588
151.859 25.98047589378438
152.868 30.675990799695033
153.88 23.783083671381203
154.887 29.463789591938262
155.888 22.763678399260694
156.9 30.766030719345842
157.92 26.110350853752365
158.928 30.524728517658954
159.948 23.59654968180831
160.959 26.811037511034172
162.107 19.210669506319004
163.108 21.589917872598146
164.119 21.195212086365732
165.12 13.615408114237088
166.128 22.348461950452783
167.148 19.751294923230464
168.16 14.191321152946706
169.168 21.621682700008424
170.18 23.526964667735054
171.188 20.425259548035022
172.208 24.24022558763145
173.22 18.715737435287124
174.24 25.13801172044471
175.319 23.324718166869864
176.331 16.106921964850738
177.348 27.913468555972795
178.36 21.611363855864496
179.38 27.29269843939735
180.388 22.968854106626598
181.4 28.775287555136142
182.407 19.536166602694106
183.42 24.588527611451465
184.428 24.710494514271435
185.44 19.43964404034779
186.448 22.530156763105712
187.459 22.357362716622124
188.467 32.34167664368617
189.479 20.344527296882816
190.48 15.917990295925012
191.488 11.628468006724828
192.508 14.36457812594928
193.531 9.562959657018354
194.548 21.07016658745059
