0.0 18.19177023778767
1.004 30.02449221372715
2.005 40.95966853469361
3.052 27.78995482150293
4.2 29.093161097419653
5.204 35.50722557465509
6.212 30.685486900840715
7.22 26.372668938243294
8.232 33.15438686518423
9.244 31.998458412509518
10.252 52.00929983208361
11.261 29.204208000334457
12.272 33.187180521885814
13.28 13.002324958008929
14.292 17.613268022178524
15.293 20.01046804286368
16.3 23.16712168090096
17.312 25.124808796236874
18.32 19.351413460913207
19.333 13.455673543917442
20.34 19.522855349079762
21.352 30.56420039133797
22.36 30.273366425715434
23.365 27.386389523392207
24.376 26.18675963060853
25.384 23.77220394662714
26.393 30.135497575616593
27.492 28.269405372893292
28.493 33.51872078680335
29.525 41.90981951581471
30.533 33.13387791651237
31.54 37.48388227032512
32.544 26.47773933244819
33.552 34.84623088754153
34.56 30.013319926486755
35.577 35.31109277103156
36.692 34.18585885234389
37.693 35.08991082372592
38.701 36.1464633832059
39.712 28.62788539071245
40.713 32.47126076226814
41.732 31.232765174588625
42.74 38.48688187578499
43.764 31.08026143828564
44.772 36.1464633832059
45.784 33.672424160001384
46.792 22.732017949975887
47.8 32.24576589597328
48.812 29.269107154534595
49.832 29.91720917364538
50.84 36.1464633832059
51.841 27.60455322109125
52.852 33.96500506541429
53.892 28.333697954160506
54.9 34.84623088754153
55.904 32.37423508269627
56.912 26.3720986609241
57.924 34.708498749635694
58.925 31.271237572592888
59.929 32.89640016460957
60.933 36.55155573848169
61.944 31.998458412509518
62.945 34.04245079919071
63.952 33.427086207406035
64.96 35.36632388575937
65.964 30.65505998823361
67.044 29.1792435420266
68.152 38.42363666980784
69.172 33.1513395871344
70.18 34.84623088754153
71.184 32.74372031612632
72.192 39.267021373231515
73.193 30.223203282549036
74.2 36.182358580183674
75.204 27.260986955437897
76.213 37.409583197424524
77.216 38.940083551270625
78.22 29.87181236524391
79.232 33.931442807409965
80.244 30.671746145585384
81.253 35.59106179197254
82.344 25.327367345980456
83.352 34.58618438831285
84.361 38.968315830600645
85.372 27.850060847423485
86.373 31.42380073773293
87.512 20.117536517634615
88.52 31.725672897515917
89.524 37.334803361471394
90.565 11.183879571553133
91.585 16.447176229236806
92.593 14.822650452130656
93.652 13.86128874843466
94.659 33.433175207201636
95.663 28.980162049900553
96.674 37.85412778281717
97.698 25.44862944084654
98.707 22.861411953928425
100.314 3.588544595756758
101.327 6.469073819193381
102.658 16.033893964442136
103.667 26.49845476471263
104.678 25.927484782685866
105.806 22.172773991857643
106.839 26.136561208815507
107.887 12.255931952799834
108.898 13.223017239193744
109.946 9.504600289920045
111.146 2.6212687115352895
112.178 7.365968278540761
113.258 4.226845474847745
114.266 23.9242779227393
115.278 36.26261063384764
116.286 28.453040931593705
117.298 18.908361259101653
118.318 21.84390592946075
119.339 17.71474447559405
120.346 15.986668762265163
121.366 25.95569998688372
122.378 30.305181743929392
123.387 28.16505291171005
124.426 26.74249118601678
125.458 18.7959190555942
126.506 7.753752868098342
127.518 10.986328944353806
128.526 18.723347939530942
129.534 17.683161942903638
130.538 20.364438197181453
131.546 15.342743450444308
132.554 8.689506995339658
133.574 10.536472271858946
134.579 13.823606140441655
135.598 19.550188623826866
136.618 10.536472271858946
137.626 8.841580971451819
138.638 10.986328944353806
139.654 25.799888893046898
140.659 28.168857795578088
141.667 29.26221039967197
142.678 27.742408717425974
143.679 37.44669587910978
144.686 30.563734089573902
145.698 31.08223768615512
147.438 11.963712140445104
148.446 37.44669587910978
149.458 39.88887169732821
150.466 36.25443590629847
151.467 44.363913614612684
152.479 48.95452435567037
153.486 42.798056774987316
154.506 45.48672175892428
155.527 36.04955755602021
156.543 36.377843339308704
157.546 25.720109348217417
158.558 38.8527971076939
159.562 37.18212351298815
160.566 43.339701804312625
161.575 35.95871607783018
162.578 37.11068365288557
163.706 32.62996300052585
164.727 32.60539925214564
165.746 25.466693075864292
166.758 22.124130781892724
167.775 19.330890203069814
168.787 23.57069691202492
169.806 22.63706051177558
170.835 10.805011180644456
171.854 13.89092349586501
172.878 20.47866180886945
173.938 38.432548426551165
174.946 35.62637038498805
175.966 28.011597015355687
176.979 34.00538640116015
177.986 36.182358580183674
179.066 20.24570982311896
180.078 29.528125801943176
181.094 39.473830006483915
182.098 14.990107528870631
183.106 22.62404542693122
184.126 21.329931672306827
185.127 22.520390528680654
186.146 29.432089906394996
187.158 46.10531923441553
188.166 44.3158773802319
189.167 49.601213737528255
190.178 51.85496956537173
191.179 44.10204860829924
192.246 47.761433277327235
193.247 57.872166358624206
194.258 41.5916277822949
195.259 43.207726014412714
196.267 53.93759784929791
197.278 55.59246956484946
198.286 50.18897433796188
199.29 42.403774332839674
200.298 34.58618438831285
201.306 33.91401741395889
202.318 40.406908992145375
203.326 35.73434290808062
204.338 36.26261063384764
205.346 34.434110412176736
206.358 38.334759812876754
207.386 19.88900384238363
208.395 23.229066239738163
209.398 35.542626597092735
210.406 27.15280843568982
211.426 13.877304943419302
212.431 12.51949235360889
213.458 32.67014557708666
214.486 18.46495236019823
215.498 18.131305316947774
216.506 15.602789949625084
217.518 32.89536821777565
218.526 25.592529440796774
219.538 29.787144449351754
220.539 39.91201708832219
221.546 56.22582340524816
222.555 37.77723748304265
223.559 39.16238114852721
224.567 41.19531939044581
225.679 44.17856223817897
226.686 45.553329147764956
227.718 32.10932370993285
228.726 38.22683537655631
229.739 42.02703793699347
230.746 46.334243361849815
231.758 34.29800720906596
232.766 34.066091390095
233.858 34.905890678151906
234.866 50.709067336179736
235.878 31.44880208781112
236.879 48.18316113101485
237.886 37.331657277351326
238.898 45.32826329242931
239.899 44.88764362676053
240.906 52.58155707357067
241.919 39.69817136197368
243.006 36.51333380624765
244.018 37.81672251829911
245.019 24.615310577894785
246.046 15.420105718057378
247.07 31.997909076358518
248.086 33.02385778304255
249.099 24.948683054313367
250.106 29.67474013067405
251.126 23.89980295812433
252.138 20.57001889758497
253.139 25.662770602429998
254.146 20.303769563044867
255.158 14.764062900947634
256.186 13.110220556469423
257.214 66.40255136483853
258.226 31.08223768615512
259.234 44.98804435482538
260.246 34.29800720906596
261.254 40.56725386889588
262.267 37.628067739946765
263.294 43.75124758567374
264.306 53.0988227139681
265.314 38.59504449115761
266.326 59.056251603646835
267.334 41.19531939044581
268.347 45.64971927578009
269.374 28.84161289218948
270.394 44.30848837414675
271.415 16.944538194063142
272.426 25.149660239157388
273.558 4.63121680482395
274.574 35.19497124015194
275.634 9.891580043518097
276.746 4.95023767466662
277.766 26.726661372530767
280.106 9.297662523830965
281.154 7.607483242214898
282.155 7.855950184421256
283.159 16.709282623333287
284.166 40.34723438815725
285.226 5.4455062940364565
286.227 12.15451785844242
287.234 52.06094759751409
288.235 40.43593852230625
289.238 49.13245441356479
290.246 42.235505387121016
291.306 43.131048947087535
292.31 52.73867327994958
293.314 50.75841564441052
294.327 50.200012836787344
295.334 35.76982884942112
296.446 39.93550137434325
297.447 14.664440344259399
298.506 4.702937253946019
300.058 3.377923597338056
301.098 44.61197710967275
302.118 7.816316115523839
303.126 25.22451041847553
304.138 22.534622322486417
305.146 22.103952428617575
306.167 16.280929662986463
307.186 10.289572959908877
308.198 15.282100195716886
310.007 8.255997807105484
311.018 51.24154608246805
312.026 36.666556381663256
313.046 25.805415116222406
314.058 39.111815755102484
315.066 37.55466840220235
316.078 35.22653604445285
317.086 25.22451041847553
318.326 16.787789616405533
319.406 57.86577003495206
320.418 28.233032564900284
321.426 34.58618438831285
322.446 24.520479473397486
323.459 36.48557634014049
324.466 31.344458022400183
325.467 35.613640836113284
326.558 38.78209217143534
327.559 41.63653597749014
328.566 37.331657277351326
329.818 32.66117563890827
330.826 44.57592387946058
331.846 44.20178611609936
332.859 38.145593645453495
333.866 48.41668126559709
334.879 37.110541834440035
335.886 44.25180545786302
336.887 45.14950863307397
337.966 42.37155874325282
338.979 45.891648065545596
340.038 30.053057330232626
341.039 37.18483087303586
342.046 37.48388227032512
343.066 20.922659673200286
344.078 27.97401391749171
345.087 32.84125081123842
346.099 34.708498749635694
347.106 29.15413065461747
348.118 27.045485082104815
349.126 40.56725386889588
350.13 35.61562826700873
351.146 45.92380222968576
352.158 37.92426827230701
353.166 41.347393366581926
354.198 35.41130948981722
355.207 30.395286347892455
356.218 31.738614979451814
357.219 34.304315805264636
358.338 37.109434124221956
359.346 43.6878118589215
360.358 35.07506315105217
361.366 42.90767236147497
362.386 40.96765570261034
363.406 32.63736532995653
364.418 23.829715559409546
365.426 19.611459960070032
366.442 28.89587556022211
367.458 20.381912225514235
368.478 13.106343557676448
369.538 8.015939792580326
370.558 17.4751247435686
371.566 19.24344093786854
372.59 7.167531633104308
373.606 9.803957779372194
374.607 12.045790282777663
375.898 9.221330068432747
376.899 25.924635608503916
377.906 32.01748277244961
379.078 17.31450971164086
380.086 12.482231959695277
381.099 14.490725354978801
382.158 18.811749015736176
383.246 28.770159899396532
384.259 31.31031728483369
385.275 31.991862227397316
386.278 29.64025198757975
387.279 36.661100860648496
388.286 35.544821849040964
389.287 43.993321032874
390.298 37.443230216969354
391.306 45.24809085381454
392.318 38.70132421453275
393.326 47.06841634793627
394.338 15.907683244661703
395.479 36.06828989575179
396.526 31.899664698928024
397.546 30.32448117277587
398.559 31.051554332080325
399.586 25.62952621086103
400.587 35.08991082372592
401.599 33.26193261943165
402.618 43.473445755644946
403.626 41.97545888789233
404.639 49.682486931280614
406.519 15.670699068986783
407.766 54.74575334865168
408.786 32.89435245842571
409.799 47.97858585056037
410.806 56.486128143276446
411.818 40.51445474615327
412.826 37.1866493798811
413.838 38.96034286194132
414.846 54.86981132288055
415.858 44.917771751859576
416.859 45.14950863307397
417.862 50.70051146935763
418.866 37.70428859490144
419.867 52.11113622332128
420.87 48.9796223417992
421.878 43.79559428949449
422.886 47.8485558453828
423.898 34.55702585647453
424.906 39.787114371449356
425.918 35.59310044586933
426.919 42.94586100809927
427.923 34.83238064401903
428.926 39.72411207904729
429.946 27.347337887756016
430.966 31.09544255842292
431.979 17.85464374096415
432.986 52.69572581818125
433.998 33.672424160001384
435.019 29.37443644932322
436.026 44.772414933919606
437.027 34.413043380929395
438.038 38.11340263073984
439.046 26.372668938243294
440.047 30.11447570688428
441.058 26.446034478291683
442.158 18.686120230184315
443.159 29.06701568234907
444.166 19.783160087060146
445.186 14.64826632916216
446.195 19.85181220108611
447.198 25.872941419983007
448.206 24.184324421800323
449.226 21.07294454371789
450.246 17.58182700163993
451.286 14.114523831336498
452.306 7.452626728863572
453.318 13.468969664024504
454.319 19.116145448761586
455.326 8.69813609859882
456.338 25.38382744364545
457.346 31.725672897515917
458.526 20.5292444486088
459.53 23.758511230049024
460.538 32.50581239496244
461.566 23.054722477673216
462.578 26.419902033279758
463.586 28.60511490772982
464.598 24.97333590307571
465.606 33.806044890866325
466.618 28.492051212308862
467.626 25.592529440796774
468.638 29.010088507126017
469.746 26.35823014564494
470.766 32.12339107277866
471.778 33.931442807409965
472.786 29.23318042904023
473.798 33.15438686518423
474.806 28.973133929811553
475.826 31.60941681560079
476.846 13.620317814830369
477.858 20.721491790794033
478.866 23.77220394662714
479.918 11.710991391828971
480.939 8.472269097031571
481.946 16.919807969204058
482.958 28.340767660303975
484.026 15.707977297587329
485.038 21.239529085563287
486.046 27.304882411825933
487.058 22.124130781892724
488.066 27.304882411825933
489.079 29.240213662806774
490.099 25.29144085904453
491.107 23.9242779227393
492.126 18.006752679828562
493.246 16.71414656708888
494.258 22.016585027717163
495.266 26.78478941360809
496.279 24.5824805130067
497.286 15.466059286280442
498.299 23.806191654602898
499.306 20.04346482504053
500.326 20.301983157975037
501.346 19.380736901714574
502.359 25.10000641851343
503.366 29.67474013067405
504.378 22.124130781892724
505.386 34.84623088754153
506.398 29.11763426137344
507.399 33.780585793116785
508.407 36.92660288065242
509.426 29.17485058260685
510.43 34.20181286975208
511.438 30.793459423933278
512.447 28.31697617016461
513.458 25.668209935002718
514.478 25.034453730575358
515.486 27.304882411825933
516.498 24.606771501659228
517.506 21.43178545419176
518.507 27.23396063935257
519.518 28.520233260954456
520.519 21.581658079738347
521.575 12.907762594679172
522.579 21.40876836115176
523.586 20.303769563044867
524.598 15.38964594989245
525.606 24.444370921029
526.626 25.441725729705848
527.635 22.341834409520416
528.638 17.095795541572382
529.646 30.685486900840715
530.659 31.31031728483369
531.666 28.48129618558711
532.678 34.19046145481854
533.998 13.983119154524697
534.999 30.11447570688428
536.006 36.44266331821196
537.018 32.22585802979734
538.038 35.978198001492935
539.054 32.09898457297674
540.058 40.206711312353804
541.066 27.15280843568982
542.07 21.669850902132364
543.078 30.425440401851546
544.086 24.55234344412157
545.099 29.757739568313504
546.119 31.352429686892094
547.126 26.39885828183984
548.138 36.7806479286648
549.139 33.88931336878154
550.146 38.00449174614217
551.298 32.6327941649822
552.306 39.787114371449356
553.406 34.68356016414103
554.41 38.379133525537505
555.418 38.74692837477415
556.426 29.753273427258073
557.446 35.978198001492935
558.451 31.407025713048597
559.459 34.58618438831285
560.466 25.357639329726684
561.486 33.1513395871344
562.498 43.1688278585625
563.507 36.56583939982772
564.598 38.30156628479484
565.606 42.90767236147497
566.626 40.19669431672377
567.639 45.283516734233906
568.646 32.64617199356069
569.658 33.931442807409965
570.666 27.304882411825933
571.726 17.165651332849535
572.727 14.140710331967842
573.739 30.823219038746547
574.746 29.00190566164369
575.759 35.191761576373665
576.766 34.0999206764364
577.778 30.15370885076823
578.779 30.11447570688428
579.786 22.125902728955467
580.799 15.633216754617417
581.806 21.86559799095113
582.826 15.933201972082887
583.878 11.960161421464266
584.886 6.761208978173266
585.899 4.7651727384012785
586.946 19.27771640766479
587.966 12.078395043344656
588.998 12.62567662182165
590.326 3.610639280672194
591.331 16.431833714107178
592.338 13.643926120369844
593.346 15.342743450444308
594.358 16.57719343264002
595.366 13.262371457165754
596.386 14.391279200597175
597.398 12.799459476046188
598.399 15.711900368842512
599.415 15.221934446904857
600.419 10.182219098602705
601.451 5.5879759354339775
602.471 14.905253457751096
603.479 16.490901970140225
604.491 28.460241904761787
605.5 33.544655498479436
606.503 27.549509246602472
607.511 32.24576589597328
608.519 27.304882411825933
609.532 17.962083329541404
610.539 30.715959082547684
611.548 32.38605074769544
612.552 26.826803636171455
613.572 32.89435245842571
614.58 25.072436442339413
615.592 34.967517397044276
616.599 30.976263820575973
617.619 22.207595316097063
618.631 28.233032564900284
619.651 27.49762275817782
620.652 23.15284811661302
621.671 31.640436851809618
622.691 26.833363630578148
623.699 26.78478941360809
624.711 29.787144449351754
625.719 26.89276193646114
626.72 30.376340713197717
627.732 27.97401391749171
628.739 26.919467757656896
629.751 36.00359198643907
630.752 34.67490838700331
631.755 37.37202649547779
632.759 39.00970129980445
633.763 39.945628771516915
634.772 35.43913853327846
635.791 48.103753587663824
636.799 41.45536588943497
637.811 53.87587865595431
638.819 39.63504039531325
639.832 42.17836130119353
640.839 35.76982884942112
641.911 45.33797338309717
642.919 44.46795135636802
643.971 31.99722035261507
644.979 39.527067872460194
646.151 32.746893764289375
647.159 39.787114371449356
648.171 38.18328691971559
649.179 46.288276850489744
650.192 36.593015928693795
651.203 25.149660239157388
652.211 39.787114371449356
653.22 39.335970116458284
654.232 41.44298358154016
655.239 31.084343565630476
656.251 41.18396493413159
657.255 29.088564742254203
658.259 38.11805098446109
659.272 33.228908388566666
660.279 38.52510122219875
661.291 32.74389532461449
662.299 36.666556381663256
663.311 36.88819368291222
664.319 40.82730036812456
665.331 36.11113774068649
666.339 43.94785835815018
667.351 29.528125801943176
668.352 14.249437907608648
669.363 16.07504056528919
670.391 9.179540234949977
671.459 4.417868614941197
672.52 3.7058464347883877
673.619 4.293251756834358
674.655 4.30130966178543
675.659 4.177320655833322
676.695 4.30130966178543
677.719 5.375648724828231
678.975 3.9396652330007496
679.995 4.9143152658585985
681.059 4.92719682618731
682.139 4.611491251767062
683.199 5.4403690239529165
684.28 3.8797686757191636
685.435 4.99289278387332
686.499 4.188117302261609
687.579 5.09691138354084
688.719 3.449037778335907
689.74 4.107766834927301
690.743 5.226856852515046
691.779 5.5664007387924155
692.875 4.065836505130145
693.899 5.375648724828231
695.035 3.230436792394148
696.055 5.91070395737786
697.1 4.7659431118867
698.136 5.06036430798004
699.176 4.7888562999091855
700.195 5.144786479954439
701.215 4.972926365371003
702.235 4.792584520745087
703.299 4.680836984894711
704.795 2.525810494246779
705.815 3.85480692873823
706.835 4.6257683144810855
707.876 4.784256053726135
708.919 4.775082024844888
709.975 4.9645240748839745
710.98 4.955632389959707
711.999 5.113195685764678
713.0 4.483863964914456
714.019 4.630307831947019
715.067 5.002421205218556
716.135 4.417868614941197
717.139 4.699485737818475
718.255 3.5287049193834696
719.335 2.9068433621539485
720.438 9.61019290307867
721.658 3.2228713666374307
722.778 3.042544040185155
723.994 2.802343194897925
725.078 3.627216851752028
726.338 4.36878118589215
727.339 4.7135701106479635
728.499 4.5194288129819675
729.618 4.216518034632612
730.658 3.780676026249137
731.678 4.36878118589215
732.714 3.0362185847784433
733.838 3.964552321726707
734.978 3.9089094821140287
736.194 2.802343194897925
737.214 3.85480692873823
738.258 2.761873163504948
739.278 3.083845542971422
740.394 2.818568507031056
741.459 3.1996707276868874
742.478 2.743133960882788
743.518 9.798804765125794
744.574 2.978714444935175
745.578 3.1329904918630156
746.602 4.3517156343847585
747.618 3.869983333969011
748.682 2.956318095726757
749.718 3.2892368001846313
750.862 3.4369782056962754
751.922 3.7093425163162923
753.002 2.669810724719853
754.218 3.449037778335907
755.358 3.2191019264468466
756.402 4.528103340475847
757.422 3.083845542971422
758.502 3.6406509882434577
759.558 3.723393056168969
760.722 3.1527286908408687
761.742 4.36878118589215
762.778 3.0362185847784433
763.858 3.1552308564696796
764.958 2.8595658671272295
766.002 4.488594503361769
767.042 3.811628929380679
768.118 3.6541850067851547
769.138 3.85480692873823
770.142 3.6551555738481682
771.178 3.795273230997006
772.218 3.780676026249137
773.338 3.744669587910978
774.358 3.85480692873823
775.502 3.6661100860648497
776.559 3.9678618150053278
777.603 3.2640319204949604
778.659 3.723393056168969
779.679 3.85480692873823
780.739 3.7093425163162923
781.759 3.85480692873823
782.799 3.780676026249137
783.844 3.7625866672777133
784.923 3.644025085544511
786.003 3.8833610541183714
787.059 3.723393056168969
788.139 3.6406509882434577
789.183 3.7661906774849734
790.203 3.597819800149294
791.259 3.723393056168969
792.279 3.597819800149294
793.339 3.462053015225346
794.383 3.2640319204949604
795.444 2.96467714783071
796.52 3.166960339212204
797.547 3.062826147845886
798.572 2.5573353283195175
799.648 3.6541850067851547
800.667 3.8585898599598414
801.731 3.449037778335907
802.787 3.723393056168969
803.808 3.8510314077503334
804.827 3.601350535956131
805.847 3.85480692873823
806.867 3.597819800149294
807.911 3.7661906774849734
808.952 3.7770442529404247
809.987 3.7989401616411818
811.007 3.85480692873823
812.067 3.7093425163162923
813.087 3.85480692873823
814.107 3.597819800149294
815.127 3.85480692873823
816.167 3.780676026249137
817.187 3.85480692873823
818.191 3.6551555738481682
819.235 2.761873163504948
820.271 3.795273230997006
821.291 3.597819800149294
822.491 3.0581468301245045
823.571 3.397940922368545
824.591 3.3408326715603582
825.655 2.709958254410206
826.751 2.6308353856555398
827.891 2.7592302226687258
828.915 3.579274881944946
829.975 3.9609704297196857
831.031 3.723393056168969
832.315 3.266378456748957
834.774 11.985838753606238
835.794 2.8268584144064386
836.898 2.849205121230886
837.922 3.3277825439412854
838.954 3.30198578002808
839.978 3.583765816552154
841.038 3.2147635141583515
842.059 3.8510314077503334
843.079 2.7952985915939093
844.158 2.945054191935371
845.179 2.792560786889726
846.198 3.3757020061421827
847.254 3.4751668524163875
848.258 3.394073032867568
849.274 3.031109753568244
850.354 2.973553146339549
851.454 2.8595658671272295
853.794 7.890533720810814
854.918 2.7985075212061714
855.954 3.0362185847784433
856.974 2.8268584144064386
858.118 2.7495825645426493
859.258 2.5292943707796653
860.355 2.6284371765642427
861.499 2.4923116813163313
862.503 19.3201080332351
863.603 3.8127544894949885
864.787 2.8780822001615523
865.923 3.230436792394148
866.963 3.780676026249137
868.003 2.520450684174075
869.123 3.276585889419112
870.263 3.678973630224968
871.424 3.838205693043746
872.683 3.5394414691068605
873.699 3.611984445021776
874.703 3.394073032867568
875.923 2.7667691030498927
876.959 4.585400289601937
878.083 3.0317164813246493
879.103 3.85480692873823
880.143 3.780676026249137
881.263 3.5106277386530693
882.466 21.8850000343241
883.526 3.462053015225346
884.563 3.7916133725089884
885.602 3.7843147904700056
886.647 3.7625866672777133
887.666 3.8585898599598414
888.722 3.723393056168969
889.755 3.8062953216958806
890.807 3.7375504441941105
891.842 3.7989401616411818
892.862 3.85480692873823
893.882 3.85480692873823
894.883 3.811590645037388
895.906 3.7011505647754332
896.926 3.85480692873823
897.946 3.597819800149294
898.966 3.85480692873823
900.003 3.7916133725089884
901.022 3.8585898599598414
902.067 3.7625866672777133
903.626 2.423741179835429
904.71 3.1435879381803007
905.726 3.0959866671752088
906.766 4.032721094664149
907.806 3.5286309578341246
908.866 3.9566320174072387
910.046 3.109979827254596
911.067 4.36450226210427
912.106 2.775164179682794
913.126 4.3747925807090215
914.246 3.2711112262686313
915.302 3.4751668524163875
916.51 3.471879088123673
917.57 4.203921518498185
918.706 3.230436792394148
919.75 3.515111299001943
920.762 3.1082237686155123
921.842 2.9125207905947663
922.982 3.449037778335907
923.986 3.394073032867568
925.046 2.967474013067405
926.107 3.2117335768166027
927.111 2.871907950882415
928.131 3.3408326715603582
