0.0 21.38171973130142
1.009 40.06853092170099
2.018 49.105479360095096
3.02 21.30516029786788
4.027 22.749960627425423
5.038 24.659079037748818
6.267 21.231146579562825
7.457 25.115150804123594
8.458 24.040766754719147
9.477 30.487274717382157
10.487 25.70221926233461
11.583 24.67266177586757
12.588 34.10940816136065
13.597 33.75927082166928
14.607 27.78067233318384
15.657 27.37133621617749
16.667 25.27547168357025
17.677 21.58538372727856
18.687 20.202109095539527
19.688 27.009709868341034
20.697 31.356009678240543
21.698 28.941177737672298
22.747 24.456312005296994
23.757 7.648826581313497
24.787 10.547213480020263
25.807 10.603373319583866
26.827 4.9067545568856925
27.897 5.535272320363901
28.927 5.250213973761514
30.067 6.002831981475582
31.077 13.512926960310315
32.117 9.934476589775175
33.127 14.532770504474467
34.427 5.348294894148681
35.446 5.568650228184914
36.457 14.263687155900028
37.467 14.762198026941963
38.477 14.022848732404155
39.487 14.51525126231529
40.677 17.317323992445814
41.687 17.84726202304914
42.706 10.31045426556802
43.707 17.493220433048016
44.737 13.241950497685071
45.977 13.83766721638097
46.987 22.43655797182312
48.007 16.67646941398947
49.027 19.271948430394897
50.037 18.86710556721329
51.047 14.586910847723495
52.066 14.123995990915846
53.067 15.17794125807782
54.077 14.849794237784899
55.087 25.593376310847564
56.097 24.43091624217052
57.117 29.36098727757365
58.126 17.23176671092436
59.306 14.5414369381084
60.426 17.205518270807012
61.527 25.4272653074524
62.528 27.44673949833724
63.716 26.27133609240622
64.726 29.53464667429396
65.727 19.13396205109993
66.728 18.436482319121712
67.747 17.569003723708633
68.756 18.88617750269033
69.826 18.7320342654511
70.956 20.43688871182715
71.987 22.97862806126638
72.997 13.726698989766984
73.998 21.82120534303057
75.006 19.45151555081723
76.016 22.967540109505055
77.027 15.836835796632245
78.176 18.30158210720057
79.236 18.450585760473224
80.246 30.595306325159868
81.256 16.81064473636162
82.306 16.721509601200395
83.326 19.43951775254689
84.336 17.154879207520285
85.356 17.419827596452485
86.366 15.445262096634961
87.386 14.89521490131683
88.417 9.249255648953989
89.436 12.382742149444692
90.446 11.728200757993635
91.457 8.664750537481401
92.466 12.250251491954291
93.516 8.828931253854034
94.536 6.7428197399202014
95.566 13.50055021826406
96.577 10.697765366930902
97.578 4.373305108256122
98.587 17.843122615821354
99.619 13.474386361261772
100.638 8.588781678861583
101.658 6.563993007347995
102.827 2.6433925909670752
103.828 24.364401863700195
104.837 23.809672676988402
106.017 21.656379934945456
107.027 21.161753541623813
108.037 16.13894953659119
109.068 15.735364868040596
110.088 8.634618331868284
111.099 5.094173984241606
112.117 4.806188018846508
113.147 13.013163979593418
114.148 17.31551260162355
115.197 17.710943606854407
116.207 21.974161803506266
117.217 18.257100464864937
118.227 23.63364406183044
119.249 14.305217672974837
120.268 15.538649281582813
121.277 16.300834161200726
122.357 18.391614835310147
123.368 25.75104949039779
124.377 21.496519834505264
125.608 23.969311645632366
126.617 25.01093012931354
127.627 20.676433258523453
128.646 19.305085158272345
129.648 20.540933858010767
130.657 37.798659913215346
131.658 26.767876777075646
133.227 18.121180884849487
134.297 10.589216612878257
135.307 11.386575535689719
136.326 15.950964004083387
137.337 18.848443741741
138.577 6.482393153065276
139.607 12.000489082893544
140.627 15.147676170813924
141.636 14.471057317979993
142.637 17.750473674708754
143.646 20.800092738699604
144.656 27.9491552578886
145.676 27.098801428392328
146.687 29.04256361794055
147.837 22.47815199128245
148.887 27.85752979880282
149.895 28.9153638729391
150.896 30.694185572999686
151.897 34.42040851414446
152.916 38.06041735313216
153.927 31.686469706176027
154.937 26.682737698880384
155.957 37.364267888111215
156.966 18.16475141658287
158.016 20.5843462996889
159.146 25.379736228342576
160.147 30.61050304912965
161.156 25.436659203246116
162.167 28.111983150946983
163.187 29.809807312407703
164.197 27.412209122884892
165.207 28.95725718239463
166.216 25.579750438779726
167.227 21.4336998006319
168.236 25.359610076311725
169.237 31.572193895492774
170.246 28.01454015965705
171.256 25.016545943786863
172.496 20.909065227142218
173.516 21.2067466391442
174.526 17.924234863652373
175.537 27.826925388966835
176.546 23.036942692838576
177.556 24.89652049740974
178.567 28.15685507822637
179.576 29.02028312073265
180.667 28.018747412664798
181.676 28.340937150579755
182.877 30.915497190564956
183.886 29.661675125874247
184.887 33.370521929187845
185.889 37.12528633709933
186.906 27.42194991548049
187.916 24.54669477859426
188.926 25.793356596441757
189.956 24.662920348201776
190.966 34.92964138803987
191.967 25.839094788414226
192.976 22.199289957716033
193.987 21.015143400165126
194.996 25.41874947891612
196.006 16.06253582073246
197.015 13.365131836073171
198.026 19.75853679378569
199.041 12.938950975459916
200.046 12.800416767552194
201.067 18.411622064622605
202.086 12.533480865207707
203.096 10.208542909957988
204.286 7.430365421605883
205.296 11.218278985923323
206.526 9.868450317883152
207.556 13.50055021826406
208.576 10.404246338732971
209.585 8.422047900734752
210.666 11.66052338793876
211.734 23.009004340263125
212.736 18.694804746780868
213.769 19.309861283422727
214.776 24.284657198130137
215.777 30.59564705055709
216.934 28.263783501773162
217.946 37.4911156270428
218.956 34.523344069464756
219.957 41.70229248860796
220.958 31.23012982652819
221.966 30.194751868745527
223.026 30.043423823085202
224.036 44.07900327058189
225.256 31.829615457980253
226.266 42.37848768373565
227.496 30.1908803321041
228.616 31.863091743022235
229.996 27.804760615949437
231.016 37.53929735666649
232.216 26.031368236904036
233.225 31.859720676992335
234.226 27.08831502550012
235.246 23.527065017506473
236.256 32.31796968024833
237.466 22.684626066535156
238.516 26.35556452017218
239.525 26.03178442035875
240.536 3.073633922947152
241.745 21.772316227159642
242.756 33.36683959687664
243.835 18.67802087322897
245.046 30.054766740142902
246.066 36.07354119296969
247.095 20.21544241864956
248.105 14.438464796626892
249.115 22.43655797182312
250.135 18.16900292560687
251.146 23.43320032755845
252.165 16.538586375133782
253.166 18.007726916369496
254.175 12.039998789842011
255.216 16.3263137979472
256.225 35.747809909265314
257.235 32.78614347092506
258.246 30.461335758172957
259.445 22.98395680182114
260.446 29.17774541156424
261.455 30.809203404974095
262.465 22.132953232521967
263.466 30.08414937703556
264.545 20.738004345460862
265.555 25.12072952216774
266.566 29.80091780776634
267.576 28.16404553690487
268.585 26.334757258294168
269.595 12.748789801840655
270.635 8.178870386752648
271.656 17.502508586288833
272.665 23.862842171247497
273.745 19.106747470524045
274.765 19.691979022067514
275.769 16.57100821660612
276.785 20.646780202151724
277.794 15.568027937698286
278.805 8.607776223164148
279.813 7.153069302888275
287.285 2.9934784840428135
288.295 7.138904809219655
289.385 10.867415381270087
290.395 9.528417616222255
291.405 6.119061265055503
292.415 6.628983037125815
293.545 11.368449338046938
294.555 9.68851366966533
295.625 3.3692961949938836
296.635 13.958549386127332
297.636 19.2939931246732
298.645 25.406996222273087
299.665 23.35137559604771
300.675 32.39048282216904
301.686 15.874794154663402
302.835 15.15034560768794
303.847 20.543311475140037
304.855 31.666300169368064
305.856 30.375063678977405
306.895 21.75596915474942
307.905 28.05818458424342
308.906 20.298935612563593
310.095 20.17130080452219
311.266 22.74697900366537
312.406 22.045224597401155
313.586 26.77264306339097
314.775 20.078210530751463
315.776 22.919044834853352
316.785 23.487484197354807
317.786 22.047430233167525
319.007 23.795309877367707
320.186 26.350379688712778
321.395 29.096341737689638
322.406 34.06133042136434
323.407 34.95804522316485
324.545 23.50138239792415
325.555 32.66294965108986
326.686 25.37227534740849
327.706 35.22314533777948
328.715 34.337232552995076
329.886 26.11502044446634
330.905 14.335879945517854
331.915 22.782842567068492
332.975 23.756962717784074
334.003 36.43205564130082
335.005 29.718226339295235
336.125 39.3595285408104
337.305 33.256827005380075
338.315 46.1171685127331
339.535 36.977942969401155
340.654 38.77548296403963
341.885 35.54621896917388
342.887 42.65465624955054
343.904 29.01096559524806
345.035 30.825537846969848
346.04 31.672607123515267
347.286 25.715275079485693
348.294 30.41548411381538
349.295 32.239773579828075
350.494 23.769566713430322
351.495 33.373530739081914
352.496 29.79605583456059
353.555 29.413757990101498
354.564 37.3906540040358
355.749 27.91841519268156
356.755 40.22001641324032
357.756 42.17392343156245
358.875 27.23909380720433
359.884 38.22550834484502
360.935 25.391085579162578
361.955 21.7838273334182
362.964 22.499091281831248
363.976 26.734912730855992
365.094 16.26479728198727
366.104 18.180127624261704
367.204 18.351216409172274
368.206 22.025802535652623
369.254 14.497251144413214
370.268 22.324027998434985
371.278 19.631988225342287
372.298 6.056302252651632
373.308 12.238122530087477
374.318 14.532770504474467
375.321 25.749473015101003
376.328 21.555850798682098
377.329 32.34019260818976
378.348 27.57761110016815
379.358 34.49538783200424
380.359 31.059567918466854
381.368 21.88344450546402
382.369 28.83643354501435
383.379 26.26749438453438
384.388 29.025133670910254
385.398 28.274565862437186
386.408 31.253023406247102
387.418 31.505747793304238
388.428 32.01007831797657
389.443 33.406335844572254
390.448 33.295018390879356
391.568 29.594983889412497
392.569 38.11541505331471
393.578 32.16455911116802
394.588 34.105864256234845
395.608 23.731359334232796
396.618 21.886192842810132
397.638 23.045210942446086
398.642 27.658334649860304
399.648 30.840641298915997
400.658 30.53398897766158
401.877 24.861556165478433
402.878 33.31185013731228
403.897 34.58160424667332
405.028 26.720237287988144
406.038 26.640430592836417
407.048 33.78399477511518
408.058 32.51403609267805
409.308 25.13483139382055
410.318 35.5055398805264
411.327 21.26947676576008
412.338 26.512978539315593
413.452 23.780592820342697
414.458 34.81815951610778
415.467 27.29852430278751
416.508 8.808159128699515
417.527 13.64628726674265
418.538 23.345690759843944
419.689 21.310873877433554
420.698 26.486057117567263
421.737 23.1852423357127
422.747 24.91664898830601
423.757 24.762432703381872
424.767 25.54510520738771
425.768 25.995740950980196
426.787 26.378166882910076
427.797 25.740053370375485
428.799 24.132911556283908
429.829 19.754277312689485
430.838 22.89758264980901
431.839 21.676594419899708
432.867 17.651769601912566
433.987 22.63788448341338
434.997 23.4564015160108
436.007 12.03199187223315
437.157 21.75466077117236
438.158 32.67116169112583
439.363 2.561546762066673
440.367 22.708820167619706
441.377 38.388946216829396
442.378 42.55848693966314
443.387 39.795780743704796
444.397 33.73702829596505
445.597 28.63408152376095
446.607 36.72461821064893
447.619 33.784562371399666
448.787 35.16888135826881
449.788 38.12124462220506
450.867 31.405850665114407
451.868 39.32608491423576
452.877 21.90620478023045
453.878 41.61804581298573
454.879 29.417886047337745
455.887 38.834682538310055
456.907 29.31300487269675
457.908 41.96462309667376
458.917 37.38916152694948
459.936 10.073357367725983
460.937 22.006247148433598
461.977 27.527551899503266
463.047 42.54088294175052
464.117 7.701248445733919
465.132 25.141557194764285
466.137 38.143147373352626
467.138 26.727069793666715
468.147 34.75064869131843
469.166 41.56527722308414
470.168 41.68706038871039
471.187 39.33190580979428
472.197 36.545511915657414
473.207 36.20593681762845
474.217 38.01023238597924
475.377 31.378687216442636
476.397 27.26581710752154
477.407 18.619226928012445
478.536 24.405168039084046
479.717 28.22336752089732
480.927 29.84329585861048
482.087 32.058505269404456
483.257 31.037820909403067
484.277 32.67380324926519
485.498 32.72297765078736
486.506 28.356810450668434
487.516 23.35165881281483
488.526 24.778731549916508
489.537 29.46968478457313
490.556 30.458272292946955
491.557 36.16025280639117
492.567 34.655483885541436
493.577 29.543219920564596
494.587 28.439321288845246
495.596 23.891931222410832
496.687 25.95122776730312
497.877 26.761685487117884
498.886 37.516395194205614
499.887 27.03001933494955
501.077 24.30920458347216
502.086 31.13605587534951
503.097 23.794782413802086
504.317 27.45414653454215
505.336 29.314246721058502
506.346 21.261277747133818
507.356 28.04569746480831
508.367 23.135853987911254
509.368 23.702087596738345
510.376 33.2106789063006
511.386 23.50597724385097
512.396 27.156689112105234
513.397 29.91001450732795
514.517 32.01082548171278
515.556 39.00290662896679
516.596 35.344343498338844
517.597 36.40490665688814
518.606 36.43864021618549
519.616 34.568446799466535
520.626 35.33388858236357
521.636 37.98074211115856
522.646 37.986749146521824
523.647 36.01752238955587
524.656 9.132653528366367
525.797 27.939336354246812
526.806 42.15201553491095
527.816 29.991637970080607
528.829 37.46581248816365
529.836 33.35678974792167
530.856 39.38395804404091
531.857 17.750473674708754
532.86 32.34927453439544
533.868 47.578443265805525
535.097 46.09626434417812
536.317 31.862480077477787
537.318 46.04833025757847
538.338 36.532695899507544
539.348 48.18760746215032
540.358 49.71737277850244
541.367 42.29418729797489
542.377 48.6975292342677
543.378 39.12543490770429
544.379 58.9109923406155
545.398 43.73627398946668
546.407 57.67826744134852
547.408 40.44442192316484
548.417 39.81331734888086
549.428 45.08343976072645
550.437 35.26655139880214
551.438 31.12764224111433
552.447 30.115201584304298
553.457 23.201440629952117
554.557 19.66443779267596
555.577 114.38691626750749
556.578 20.580259332976905
557.587 29.63414425485647
558.597 26.260971262515163
559.607 32.63499341362935
560.627 26.65441053877587
561.637 35.43956316015724
562.656 18.718837547046768
563.657 5.4023180748990836
564.676 13.393578243278352
565.867 20.324086079743363
567.077 17.87676162970756
568.087 18.83635370595967
569.097 28.55561923692568
570.107 30.0853845530425
571.127 31.305197419616228
572.137 35.43956316015724
573.147 28.467277526305757
574.156 35.98511375775544
575.157 32.15665520771023
576.167 31.360188983453572
577.176 30.880842302764684
578.197 25.615576648502
579.217 31.557658689254502
580.227 34.92964138803987
581.236 30.880842302764684
582.247 34.64038309293704
583.256 23.071001485138005
584.257 30.098629274518427
585.266 25.01093012931354
586.286 24.236281873274045
587.497 98.90068831021777
588.506 17.864950092444126
589.511 32.541127216760216
590.516 31.25998047580393
591.526 28.810580122866718
592.557 32.71956821771728
593.566 25.9773090085903
594.576 32.63499341362935
595.586 28.073493002449172
596.596 26.006010376338825
597.606 16.232509744779428
598.616 27.535775692690937
599.626 30.595306325159868
600.786 27.260499458388974
601.796 35.69452404609828
602.816 33.82981011482247
603.832 32.44226707443909
604.946 27.802884743525112
605.947 33.44292141613158
606.956 32.41212373921485
607.99 19.923442545756988
609.016 12.310257805169217
610.036 15.147676170813924
611.046 29.575462781160425
612.056 21.75703502555904
613.066 22.94647974391696
614.076 23.201440629952117
615.086 24.476245060222013
616.095 25.035742560108964
617.096 27.52609685791102
621.196 3.61165723178647
622.386 107.26329550645707
623.395 9.698115764482441
624.415 19.43951775254689
625.436 18.159408063742845
626.475 9.913782286955794
627.495 3.7869190427152466
628.572 2.8691977148086676
629.611 2.97413468609615
630.691 2.3843564342882484
631.73 2.7262901289175487
632.751 3.278782011507491
633.795 3.206548308192107
634.83 2.7368265158815497
635.913 3.804402510115973
636.93 3.2916779092999664
638.055 3.6623714830787972
639.168 3.47049184507825
640.188 3.2819965036739975
641.293 3.7286587497398984
642.39 3.2863691236673467
643.512 3.9016741652075084
644.569 3.167111100989321
645.709 3.6141823846172336
646.711 3.597951026609108
647.773 3.5012037352629646
648.992 2.746215286101101
650.095 3.2684922290548095
651.152 3.8979828935361787
652.172 4.039380312212341
653.337 2.8735076684560017
654.534 3.2269485576973205
655.735 3.8626574235596687
656.753 4.300273490530776
657.914 3.105208379546939
658.964 3.9239694461625767
659.995 2.997212355818377
661.032 4.469806083190223
662.071 3.7176683576084226
663.131 3.6440164373133386
664.192 3.6405819260764187
665.232 3.7140936764960615
666.235 3.5943638371550493
667.273 3.4731665979298394
668.495 2.950202069271798
669.536 4.452631035808061
670.572 3.7284338065342246
671.61 3.721249926350038
672.644 36.36610821392695
673.647 3.5943638371550493
674.65 2.8241430148907316
675.732 4.045913505894314
676.747 3.8055738163200443
677.785 3.4731665979298394
678.824 3.7176683576084226
679.928 3.265531638283267
681.129 3.430614420037302
682.185 4.145528800541801
683.246 3.6405819260764187
684.248 3.597951026609108
685.343 3.527541026077699
686.387 3.453205870367971
687.526 3.165186065543208
688.685 2.8883834631243324
689.704 3.285217304965278
690.724 2.7770739646562785
691.763 2.7262901289175487
692.838 2.8745357570594523
693.907 2.890669727629048
695.004 3.0516284719600146
696.067 2.4224881928841926
697.164 2.5821471685924107
698.263 3.280388470117815
701.225 7.130953483947747
702.242 3.0384719162750824
703.263 3.026568010627729
704.424 3.548809576618351
705.645 3.37442089963511
706.726 3.811441182663895
707.743 4.05129588835109
708.773 12.25634746368706
709.838 3.630317127412426
710.891 2.9345925345194734
711.894 3.080883288986681
712.897 3.080883288986681
713.974 2.8691977148086676
715.054 3.8149702948659034
716.175 3.2160097490309885
717.196 2.7743540097479675
718.237 3.710525863177305
719.314 2.6300979052314744
720.435 2.756579784880343
721.453 3.0354871698002714
722.491 3.2250832695096405
723.656 2.6524686170435494
724.873 3.1739173570682953
726.113 3.1150463093177594
727.215 3.0377826077634205
728.276 2.912465540861135
729.298 3.527541026077699
730.353 3.661286657412008
731.356 3.080883288986681
732.416 3.6440164373133386
733.513 3.524322466755988
734.535 3.7795082422311483
735.554 3.790635351870344
736.556 3.597951026609108
737.715 2.8883834631243324
738.716 4.373305108256122
739.774 3.650904937194883
740.815 3.710525863177305
741.836 3.783210013290544
742.873 3.2281932822988213
743.893 3.537926328406046
744.913 3.7869190427152466
745.977 3.630317127412426
747.031 3.664760363915703
748.092 3.6405819260764187
749.112 3.7869190427152466
750.332 2.743964289969292
751.333 4.116051866595381
752.396 2.6647370121843768
753.474 2.8665361213692617
754.554 2.86122772115531
755.614 3.158147579022149
756.634 3.0295352341533732
757.656 3.02360659379433
758.658 3.597951026609108
759.712 3.664760363915703
760.734 3.02360659379433
761.775 4.205262644923299
762.833 3.407511274729342
763.996 2.435610871844675
764.998 19.274737642520222
766.732 5.054870379102501
767.83 4.221483523026061
768.867 3.7248384026506756
770.012 2.9236999421397956
771.028 4.562193807365055
772.048 3.2819965036739975
773.092 2.959890746016243
774.29 3.439205274176274
775.349 3.647457434901737
776.35 3.601545383273899
777.41 4.372819724785418
778.511 3.0405417200319453
779.572 3.6405819260764187
780.59 3.2884444339463728
781.67 3.0996633645770757
782.728 2.9207239497512005
783.787 24.808398600138897
784.843 3.170110259228159
785.965 3.2131434301833464
786.966 3.0870388999524176
788.005 2.97413468609615
789.008 2.5674027408183124
790.064 3.170110259228159
791.131 2.8960880401647002
792.209 3.10541413149121
793.272 2.6647370121843768
794.412 2.710636788462925
795.472 2.4293442915500694
796.493 2.522140008844676
797.527 2.7394733500448214
798.586 2.431638289934491
799.626 2.7236686961033865
800.644 4.300273490530776
801.744 3.043305848860915
802.745 4.116051866595381
803.766 3.026568010627729
804.827 3.3978764643379913
805.936 3.9545423788229774
806.944 3.8320014122582147
808.025 3.57322610874593
809.045 3.7869190427152466
810.106 3.6405819260764187
811.128 3.7795082422311483
812.145 2.785265923250198
813.202 4.385230755234083
814.247 3.6963228933606738
815.267 3.7869190427152466
816.279 36.13884774086407
817.299 3.2819965036739975
818.356 2.923487170140369
819.376 3.7869190427152466
820.481 3.0295352341533732
821.559 3.583170151735107
822.599 3.9616999215942306
823.6 3.601545383273899
824.638 3.721249926350038
825.721 2.853301882598745
826.779 4.381085924638565
827.88 2.8066538954122935
828.958 4.299804182077422
830.116 2.668502537868104
831.196 3.5765346514441374
832.397 3.645027821288162
833.537 3.6141823846172336
834.556 3.285217304965278
835.618 3.152200031783268
836.619 3.3442921416131584
837.676 2.923487170140369
838.756 3.338099008022372
839.799 2.962728608683588
840.819 3.2819965036739975
841.9 3.0967959609100024
843.039 3.617355503477952
844.254 3.1791419123921743
845.297 2.962728608683588
846.498 2.7873742162847193
847.671 3.287516887402664
848.673 2.8269615209054755
849.772 2.811761545818632
850.811 2.7262901289175487
851.871 2.915213149864789
852.929 2.4339366247965883
