0.0 9.657333012094638
1.077 49.424305262949105
2.178 8.451049079483989
3.239 17.246605821763584
4.268 15.2160202247085
5.278 18.351022409591387
6.289 14.674666519271875
7.328 13.899712383514009
8.357 14.554691047723775
9.458 14.672259216909232
10.547 15.683041608320549
11.558 20.953941449094746
12.567 15.10386996266579
13.578 14.438197919454762
14.579 15.855012372622783
15.748 17.609265344825495
16.977 12.005104964301252
17.997 15.353152781364965
19.088 17.169155398737306
20.208 16.11631803714785
21.227 17.722844968164566
22.338 15.93132316097777
23.528 15.32068696793125
24.667 15.616212633593785
25.757 14.939841037844737
26.938 16.29593356284753
28.057 15.225230862556083
29.177 14.610184956143053
30.197 13.419038125277197
31.237 15.123333278173249
32.257 14.9032540681903
33.297 15.694834290234194
34.427 14.814705685269702
35.447 16.693352961158656
36.457 17.334437189712915
37.458 16.425736802204863
38.468 18.572079540808407
39.478 20.236164672848506
40.487 22.450442427997334
41.497 20.227232192437167
42.507 21.92376996919449
43.509 21.707897701188422
44.627 16.569517056590957
45.807 24.976419575534607
47.027 15.188583915687616
48.028 16.70607032755957
49.127 15.207196507336056
50.407 18.861310148544323
51.496 20.417478497006464
52.498 18.00945571913287
53.577 21.81043633808738
54.607 11.001430171820507
55.847 11.88761158022248
56.867 17.35814432510867
57.887 16.690979890707975
58.907 21.25143610518579
60.097 14.957226921309998
61.107 21.907745850578202
62.117 21.97449198205974
63.118 17.26393658912106
64.119 21.08752291957949
65.127 22.13339131515385
66.216 15.04750038673691
67.217 22.17066444257739
68.447 17.65588176634788
69.457 18.09867408654978
70.466 19.23600122640175
71.717 10.440066675967204
72.726 10.548383745959786
73.727 15.904026181548513
74.737 15.74211927050001
75.747 14.30499557001743
76.757 19.398267950811412
77.767 15.656573188954658
78.777 17.737942158481847
79.787 16.7428065460181
80.797 18.330834543779922
81.917 16.63891902238501
82.937 17.22808474158236
83.946 11.581890183927264
84.957 16.99031931626136
85.977 15.47509144953195
86.986 13.309537081775805
87.996 14.731464236188723
89.237 9.757934489871372
90.246 13.519572668524559
91.417 6.771079813344197
92.441 8.675597347790172
93.456 7.2165131471427175
94.476 7.893404831862706
95.486 6.5326672162102195
96.496 9.013503581344043
97.499 8.732599265306229
98.538 9.787666097839574
99.546 6.218821506541043
100.556 10.989895648460436
101.746 13.635106197831709
102.756 18.001898504528324
103.757 13.235256112749354
104.996 10.49448548150433
106.006 8.795600804294473
107.156 7.05041904819563
108.236 9.10081142805939
109.276 10.276602782682206
110.289 14.728470558034669
111.296 13.826605672522053
112.306 13.098392062760395
113.325 10.4853860964746
114.326 10.741535361553465
115.327 11.174384583227166
116.516 11.754113231748994
117.626 14.255140862333736
118.627 14.265055334536765
119.696 15.311382046296163
121.116 12.673500573609108
122.126 10.249631842420046
123.266 18.45707843320917
124.306 18.092834891906012
125.416 15.74246710197117
126.556 21.8078745153115
127.676 21.628489760899505
128.856 20.538347735323544
129.857 18.731422759277734
130.886 11.356161337291462
131.896 21.41188139555852
132.897 14.361809866440861
133.906 12.831999767588567
135.036 18.267542011294434
136.056 17.798922625676468
137.066 18.081388226330233
138.076 19.63509685206919
139.156 19.00753694766615
140.166 19.21241341083512
141.176 18.303833273278983
142.177 21.407958652276164
143.346 14.905422139385031
144.347 16.9143471884209
145.348 17.106837783407485
146.356 10.577559239432528
147.546 8.593356346708221
148.696 10.347019643342033
149.706 9.253613010849948
150.716 8.788156528755588
151.915 8.149414410465695
152.937 7.866112052545595
153.955 6.819823743261109
154.985 7.103376223913461
155.995 5.68818355270506
157.025 6.293230307238823
158.055 8.63198844147593
159.085 7.836441977783801
160.115 7.640091707511504
161.135 5.657029667809443
162.145 6.299371191441571
163.155 8.112493893455264
164.165 7.01957330578303
165.175 7.0791275100463364
166.185 8.037924963953857
167.195 11.070773286041867
168.235 7.2232875557289775
169.465 5.168717348802761
170.485 7.103677043483454
171.496 7.475861506538137
172.527 6.822579582086256
173.638 6.9855751044138055
174.676 5.542356853782145
175.715 5.4694410313393735
176.735 7.129039286968254
177.744 6.469298150547905
178.745 8.06805487476499
179.765 8.011595385239891
180.775 7.171865518809924
181.785 7.483011001296245
182.795 7.715928503583915
183.815 9.006469990336374
184.845 7.790911480331433
186.075 6.8306680181436565
187.085 6.7316438690356515
188.104 6.791245620781367
189.135 4.847755697038148
190.14 7.458994597075244
191.165 4.829136929017505
192.185 5.605180746404496
193.195 7.249462628191015
194.235 5.416638558761942
195.244 6.184746029712713
196.304 5.456781330672286
197.355 7.435418131555469
198.395 7.95077501468726
199.414 9.751660439848976
200.415 7.173075454660071
201.485 6.734094242009634
202.616 7.175846977388204
203.745 7.56454554916715
204.975 7.574458545869502
206.205 7.908692874107279
207.215 6.386431362926766
208.224 5.790439895120478
209.305 4.149270568971182
210.315 9.578637651099577
211.335 11.769830095298103
212.355 11.12752815572658
213.444 8.726726396250708
214.445 12.170828953225497
215.455 11.289937804710625
216.595 9.476424405515436
217.735 11.579675737771941
218.905 12.492857457831185
219.914 12.282345604307928
220.925 10.09718400210351
221.935 12.549282111525569
222.945 8.203213115637704
223.965 13.544437515995723
224.994 8.271940022039537
226.184 7.511436237409613
227.194 9.47067258436767
228.204 10.783348545935791
229.264 8.541932413702224
230.274 7.503072692979248
231.304 8.459516937528692
232.484 8.568660535587304
233.485 8.003636725892083
234.505 8.130410624396793
235.535 6.346184255371604
236.544 6.198891541273233
237.554 5.005581338507155
238.574 3.4523885423852336
239.602 11.816456935103812
240.613 13.343081077675848
241.662 11.497658363028894
242.663 16.449161583604504
243.773 13.114876546460241
244.953 13.824743563573191
245.983 14.768460215356866
246.993 14.156993278473482
248.002 16.05502931556556
249.003 14.335711604551756
250.012 16.602283793853164
251.052 16.611515051721934
252.143 21.36169148828049
253.312 17.001301245399432
254.422 16.555301511658133
255.423 16.517908224762166
256.424 22.130307618141522
257.443 19.006583482751843
258.454 19.18559497421745
259.463 18.249856992356502
260.472 16.33655025537368
261.493 19.733842777617646
262.494 22.450234116331817
263.502 13.862419337476492
264.512 12.786111012831139
265.632 13.675579144602446
266.642 17.105935783164096
267.742 10.670092324430014
268.751 12.135585921937206
269.752 10.567886438508227
270.782 8.06533170684164
271.791 10.597008941934144
272.802 5.921294746685759
273.862 3.618217870591683
274.881 4.407856569502704
275.882 9.025033580426893
276.922 5.310768731487464
277.952 5.923913636310446
278.971 3.6761318691523237
279.992 5.976132267764721
281.032 4.892313337798183
282.042 7.801881118531514
283.071 4.709060042193532
284.373 3.3473946924488955
285.401 8.295482267100649
286.421 7.767718048905918
287.493 4.728561494153454
288.521 3.5612632560722535
289.533 3.1007724115461968
290.541 4.382884813758496
291.701 2.85544310006439
292.72 7.0143522462038055
293.721 5.678217936762505
294.74 8.723794209790817
295.871 9.574594053707619
296.881 10.85844830727071
297.996 11.54992164498112
299.0 15.341556522334695
300.011 9.037108882486534
301.021 11.286278754029311
302.032 12.194267208439115
303.1 7.957465307819745
304.11 7.913517240629831
305.12 8.778062595833923
306.241 9.570197601432703
307.25 17.86792818027021
308.251 14.757357669904582
309.45 14.601136008682724
310.46 16.979665834207704
311.6 15.367763853443384
312.651 13.996972747975263
313.652 17.138664932091583
314.81 12.13128171465057
315.82 11.234042651128636
316.832 10.92926572218357
317.84 8.765643203008834
319.041 8.703522031876044
320.21 7.236048231699481
321.25 6.36983460782982
322.351 2.2669932789741196
323.48 5.560110855542655
324.491 12.421156056870847
325.62 9.131815271021711
326.631 6.380114417963423
327.64 6.505924921541164
328.65 5.339942866716489
329.7 5.481078880558095
330.72 6.494733325631966
331.85 3.077633449937281
332.88 4.400621558403866
334.831 2.3177527366812622
335.84 9.369254318498774
336.86 3.760108767477007
337.88 2.6015664827585803
338.927 6.12568685427742
340.117 4.804868995745344
341.147 8.63198844147593
342.167 4.637292567851935
343.177 7.939887640392856
344.217 4.132354230418842
345.237 5.298335081436185
346.536 4.397961155211564
347.546 7.083870107910989
348.597 3.483328855602852
349.697 1.8223334158130744
350.727 2.371868239225301
351.746 4.733637264139084
353.058 5.869925161524272
354.077 6.501106959899318
355.087 6.624395831691198
356.327 5.878803202385038
357.336 6.047206189693711
358.346 6.54642019982913
359.356 10.688465576430731
360.387 7.862090683877881
361.397 8.45770639954822
362.427 2.768575928151904
363.506 2.4235261665800643
364.516 2.2438812896838605
365.556 2.4636791055975666
366.576 3.9310228023507405
367.846 3.3997290050708746
369.137 6.280290061607918
370.156 7.021242572590313
371.176 4.208633171888509
372.183 5.193614168301302
373.238 2.4605396665919486
374.257 4.790289338879051
375.276 3.4812887512092976
376.298 3.9233299984301886
377.497 3.013290485172874
378.506 6.73831546849992
379.526 4.645413483259042
380.577 4.644438474126516
381.586 2.7173275098436567
382.658 4.065585717879364
383.686 4.023652282286691
384.986 4.549069633894977
386.026 5.364071248690412
387.046 3.1822744024589285
388.066 4.614678941893462
389.076 1.8996781768735134
390.136 2.6314311786034446
391.436 1.730089427413481
392.456 4.785592976783126
393.466 3.7973375671499503
394.476 2.6909163441794597
395.666 4.316329003800088
396.896 6.979654057816842
397.927 7.737250468330689
399.636 2.142175908271905
400.646 11.539888818817543
401.656 5.038765143007436
402.726 5.61968513333421
404.126 2.736594995650007
405.406 2.8223070187646977
406.437 3.0436291760242558
407.446 10.330896505802388
408.465 9.106226979167163
409.466 7.140484454439409
410.495 4.5582175445254585
411.716 5.754863445329821
412.786 2.6068383638556494
415.116 1.6443060059764565
416.175 1.9256178688027492
417.186 5.173065744297681
418.206 3.2160074356467923
419.225 4.105962290467758
420.246 4.097919269332572
421.286 2.881644361193926
422.296 6.041218856817881
423.315 4.162864484738148
424.335 5.469249116325847
425.356 5.037649842508591
426.366 6.213825109880289
427.385 4.40147852134948
428.636 2.8055253478322664
429.645 3.282769074405157
430.657 3.2730375455209852
431.696 2.6153183484300992
432.735 3.523559795221609
433.875 3.1813143590165662
434.957 1.7723248349471605
436.005 2.994257328712417
437.035 3.0947128609988934
438.075 3.184917303906945
439.115 1.6762722652217272
440.185 5.127687267794468
441.195 2.2438812896838605
442.251 5.5815960179726165
443.481 5.059930602160395
444.611 7.510598479261696
445.991 5.8110771860892445
447.081 2.707253004206846
448.111 4.231366883072063
449.333 2.5709307051418926
450.78 2.650525876171334
451.79 5.05012081754829
452.88 1.5993790420465648
453.901 2.9026928157732566
454.949 3.4321358472536505
456.02 5.534359224853726
457.07 2.3244308744356976
458.13 1.6446444866311352
459.22 1.5993790420465648
460.3 1.6141881072417024
461.33 2.03105610387013
462.62 1.6216959589119602
463.631 2.2416618225220923
464.64 1.9005505167608805
465.67 1.6925467532224536
466.69 3.9310228023507405
467.75 3.124824524597564
468.99 1.639915086633939
470.0 5.868612603771403
471.041 2.714103179570414
472.341 6.971626153797533
473.35 9.341973689064037
474.541 13.63724662899144
475.561 17.270813250284863
476.571 12.763778186230407
477.69 13.46789089622378
478.7 19.094167213271692
479.701 14.536986492622939
480.711 13.998770879847545
481.721 14.656769132526989
482.84 15.48710977851969
483.97 16.429645626778573
484.98 19.742092541204496
485.99 14.488200452642808
487.011 14.313261151601694
488.021 15.1872053078424
489.022 14.57632484836463
490.03 12.364316798923946
491.041 16.079360589802057
492.051 16.898631635613775
493.071 17.090778802629046
494.15 17.006020113424555
495.261 17.66002387859048
496.3 15.348115252552251
497.35 15.309299838211183
498.53 18.51319683966322
499.531 24.512251423270353
500.532 20.665240311252983
501.75 15.45657305442521
502.76 16.678583897743085
503.997 3.046820401986192
505.027 4.569876233719739
506.047 5.856304438006188
507.068 7.000612085105829
508.107 10.79648255967348
509.227 16.75850396358114
510.238 20.466508573013733
511.24 21.388882691800276
512.247 21.447070203969133
513.407 16.769905710390457
514.417 18.820516464911762
515.527 12.92578921981904
516.528 18.760194501560726
517.538 20.196445696967153
518.747 16.807941843717764
519.748 19.239765977518623
520.757 17.765120623190164
522.187 13.145860017614652
523.197 15.983995138298269
524.198 15.763222875897478
525.276 9.390891200922077
526.278 8.185433398984523
527.287 11.231536174530126
528.297 12.715832004828608
529.344 11.290796680787736
530.377 12.124175344584412
531.397 16.08490972758655
532.407 18.211967229199605
533.408 17.189079135479766
534.428 16.85552213035781
535.437 13.650923847250764
536.438 18.08596818460131
537.457 18.398167713209826
538.458 20.534112458833775
539.459 20.636341260343396
540.567 13.020659896920595
541.568 19.3649103259215
542.576 19.43915864343234
543.577 16.619118557418318
544.578 20.545060998012964
545.579 19.606160112787705
546.587 21.725798704070424
547.588 22.556027558430337
548.766 16.406128468844944
549.776 21.709444961180562
550.777 17.748218482988626
551.779 19.24345729146614
552.927 15.790840301937362
553.967 18.91736969251398
555.177 21.053675036344956
556.186 19.24686295847381
557.256 14.519713333908005
558.536 10.061761473028666
559.537 12.830669399091207
560.676 6.765738808273357
561.717 14.509330443150217
562.846 15.374707152688796
563.847 16.580034818929818
564.857 16.783308451928804
565.887 12.89156443709533
567.026 13.279738562822011
568.207 13.257326421262048
569.306 14.028510980080615
570.406 15.152813032718125
571.486 15.113308138927422
572.547 15.393680582665363
573.556 16.35284285340212
574.576 16.868515595085643
575.577 18.710798766866716
576.578 19.34033976720109
577.716 14.882565001479575
578.816 13.60030714236627
580.336 5.376537524053296
581.576 14.089477891631484
582.656 16.54129823208972
583.767 16.79148683165729
584.816 16.462191842900673
585.896 16.49374576072497
586.906 14.473185727420635
588.056 8.27734976148073
589.066 12.333398121041217
590.106 7.91229917468765
591.126 11.852289356552369
592.216 11.981663915612991
593.356 14.533058687459073
594.476 13.8941544750172
595.556 13.56708584671708
596.576 12.445865068089349
597.606 10.532886710235754
598.675 4.767104147060799
599.694 12.175568855852656
600.744 6.026140443687122
601.745 10.44948944551487
602.785 10.460649635196171
603.794 17.04862520300352
604.795 14.279695822931453
605.875 13.855468575823531
606.915 15.626214957750916
607.944 16.927178508962232
608.984 15.075422279960573
609.995 9.353114628612321
611.005 11.098279253263755
612.014 11.027057753040136
613.024 7.594675134299901
614.074 5.011993389235508
615.124 3.4866463116535464
616.134 3.2795188079945867
617.144 1.73779672755033
618.174 6.770187012921673
619.404 5.677424897370394
620.735 7.045261834210994
621.755 11.700365034347637
622.784 8.78453205640481
623.785 15.957113865426159
624.795 16.08707942833603
625.835 18.84507432432583
626.874 21.286701933307576
627.954 21.27412608160986
628.955 20.844363503951538
630.154 22.360377607894993
631.915 8.92275655929012
632.924 16.319760354025302
633.954 10.197225300179477
634.984 7.616460389532899
635.994 2.9710229829069728
637.014 3.418280697697681
638.025 4.574835480584582
639.034 8.6388659852608
640.074 5.220338254020527
641.094 7.673390493110355
642.394 4.304686782605976
643.464 5.3766041254492904
644.474 6.565220149892941
645.484 7.265360572551398
646.494 4.401333278668226
647.584 6.541670726558556
648.594 14.467381715981919
649.614 12.376025195639194
650.744 10.522709575416446
651.934 7.9218012635273665
652.944 10.710293706390159
653.964 8.97361151725604
654.974 13.607252456437028
655.984 19.975388565909427
656.994 18.497889133676473
658.093 11.021408305470306
659.284 11.988283821037642
660.294 18.649215095364344
661.295 17.77278904186833
662.323 13.291267188416622
663.324 8.44272406869194
664.444 4.35364282525095
665.474 12.30399831640496
666.504 9.78435543413845
667.514 13.299766024647951
668.573 7.8391732561899845
669.574 6.618009982166851
670.603 6.450312519396009
671.604 8.331074431219612
672.634 7.616460389532899
673.635 3.356363788269617
674.654 4.473763067027622
676.183 4.238223096014206
677.184 7.105474590918754
678.204 12.76208102005606
679.214 15.413561753729393
680.233 12.156184591862559
681.444 2.945232088244567
682.493 4.819482508954067
683.533 4.183818729793246
684.543 8.686333980352943
685.573 7.985240200941401
686.703 7.378426020359599
687.774 7.278125015176751
688.813 4.530291165287202
689.863 2.9126992771369875
690.864 8.12801722282212
691.874 12.496036615342287
692.883 17.33481921355905
693.884 18.998898116532203
694.893 16.545070251513327
695.894 17.954458406302315
696.895 20.29095304320582
698.023 23.94642634289095
699.024 18.998516190652413
700.244 15.748988522811207
701.253 19.537730039776743
702.254 13.520681981861657
703.273 13.182299985175899
704.293 13.991087863004358
705.504 19.008995969286673
706.523 17.870790673245278
707.583 9.117678206581894
708.603 11.140021871719135
709.623 10.571058045075684
710.803 9.55952868125213
711.954 15.661994293050052
712.963 20.56315332838119
714.054 16.35022495213844
715.133 12.953109590331342
716.154 14.595908654582287
717.163 16.593442849058146
718.403 11.378587363630258
719.413 15.122225614621353
720.422 12.131923244828323
721.435 10.96816790979754
722.453 16.866980512549816
723.463 17.66395495570302
724.653 13.143888981027493
725.663 17.985369689398173
726.673 19.12636263260067
727.674 20.699486323205218
728.682 17.758091971773325
729.833 14.179929132070834
730.963 22.160088590971476
732.013 9.937087629242564
733.093 15.691607547822318
734.314 15.809984125552122
735.363 17.861435630352634
736.383 20.817073738477607
737.583 17.653483277691244
738.762 18.43551115387084
739.852 15.349128429359038
741.063 15.088474078489028
742.074 21.18158659357949
743.234 14.80860124496354
744.242 18.466195636422455
745.243 18.96592519052733
746.253 19.0994875362282
747.356 14.708275301307193
748.363 27.363158623892648
749.364 24.821738616787837
750.483 20.112551493424863
751.503 24.65515800673293
752.723 21.87176139339792
753.724 27.594137881559067
754.733 16.524988677121414
755.831 16.34301624573749
756.833 22.652431292999708
757.834 18.73053159905086
758.842 21.054105297707057
759.853 17.790606704377648
760.913 14.816347308234835
761.934 21.901875724532708
762.942 16.551243626582803
763.943 16.046866424715333
764.954 19.179292506259443
765.962 17.025841226512053
766.963 11.657648008352767
767.972 20.444684669147446
769.102 16.577606604574402
770.114 23.501146920839936
771.273 16.603611733469997
772.482 15.008976947053961
773.483 18.347078112118957
774.552 10.390496500605236
775.553 14.898160975539689
776.772 15.062421960200632
777.802 13.87022268403054
778.812 18.09375329410591
779.822 10.925042129399715
780.832 10.183768930076717
781.842 5.72363849210714
782.882 3.994502892832151
783.922 4.1906806630463524
784.932 1.821576370851118
785.992 4.111611216569873
787.042 3.2292257871820493
788.122 4.828168784522564
789.142 7.520217534938085
790.482 7.997078433130123
791.542 9.942044233246069
792.672 8.614779831706194
793.702 8.12422441549645
794.722 4.733119369582535
795.742 5.674895681682779
796.752 10.728588959812665
797.882 14.695164041552681
798.901 15.40786360973098
800.101 10.499231671787093
801.102 10.267438155217027
802.111 11.404566092649274
803.132 5.864922287599217
804.142 6.386431362926766
805.201 3.944857203796508
806.211 3.801101033521761
807.312 3.387873648300353
808.341 4.066059838665117
809.472 4.1878074397611496
810.482 6.213825109880289
811.501 4.457630357012671
812.511 5.005581338507155
813.522 4.942395415059282
814.551 4.916004059927489
815.561 6.386431362926766
816.572 6.044571020992582
817.592 9.325684434157226
818.631 5.88449694707306
819.652 6.406743302101768
820.741 6.80734743909088
821.806 6.226154127950486
822.811 1.8355842137080687
823.871 2.9603600759328574
824.901 2.7080748051654835
826.021 2.682753326546439
827.212 2.049246362851988
828.262 5.312984855846196
829.311 4.853983744913687
830.341 5.116737099888859
831.351 6.8594582947203415
832.361 6.7316438690356515
833.371 6.494562619409432
834.391 6.248107371787595
835.481 4.958075030336386
836.491 2.7765885999010678
837.501 2.761700048839224
838.531 3.04658415581316
839.571 4.07451793590018
840.592 4.097919269332572
841.621 3.2189640389372447
842.671 2.8225232046787454
843.711 3.184917303906945
844.861 2.1917867212708093
845.962 1.9000797338718802
846.971 2.7644371152885534
847.991 3.3128337346567966
849.08 2.081102022563631
850.09 4.315156326305313
851.1 3.204697530172529
852.13 4.569876233719739
853.17 2.0098112349456274
854.24 2.769765761593641
855.449 1.6028042548544763
856.461 2.414097347331484
857.509 3.613804968810735
858.53 2.9055385930446223
859.719 2.4676906941650305
860.75 1.6909050977930231
861.767 3.428364121585729
862.779 2.8623288723536713
863.821 1.6746620132803207
864.822 3.309004991075461
866.06 5.74027717460387
867.07 8.6870910253149
868.09 9.645523563757797
869.1 8.583375864491437
870.11 9.531953211316967
871.31 14.136889528737038
872.41 15.22499905739684
873.569 7.340923763150241
874.61 7.535979059769407
875.63 5.917148834925774
876.652 6.7587164983856525
877.96 5.197981886647353
879.089 11.058704822479518
880.159 17.12035855098194
881.16 20.39941996582566
882.169 21.416051895582214
883.17 11.558092687364471
884.177 14.212203683504448
885.18 15.58732948837344
886.181 18.42397250330789
887.359 14.829406661354788
888.459 15.726633112720606
889.629 12.836716557325257
890.729 13.589764717643794
891.739 18.63125522251109
892.86 14.383546020301765
893.861 24.835742562049543
894.95 17.74097346659436
895.959 16.030906166300973
896.969 7.4018810153941645
897.989 5.8110771860892445
898.999 4.340643506946056
900.029 4.099600633646076
901.04 4.655759169869506
902.089 3.7510904027059784
903.119 6.770187012921673
904.139 5.345311453600051
905.459 5.490846208114945
906.469 8.285100146501742
907.481 4.991029667473186
908.499 5.293221739746227
909.869 5.872562683918744
910.879 8.630312652610627
911.889 5.711651946764656
913.029 5.008678139418889
914.049 6.323819290742303
915.069 6.438636540781587
916.079 6.199945952101053
917.099 7.548578270261096
918.109 10.261113691137155
919.119 12.756586259012172
920.341 15.38230608040965
921.349 9.280421574514376
922.35 10.389145171673528
923.359 6.824198931517498
924.36 15.016557968517114
925.42 15.468554643020804
926.499 15.077474364125504
927.508 11.779927345694919
928.568 6.064386099336955
929.619 2.656492427931063
930.655 5.794520359289137
931.71 16.135559607429627
932.718 22.36550671025214
933.719 20.39534609073038
934.779 17.6612443527845
935.78 21.096052595490548
936.969 25.74065911937448
937.97 20.74760897211116
939.04 17.104756585299825
940.042 20.04562938140363
941.043 24.997806403085278
942.049 18.1202442185408
943.058 19.115890677415805
944.059 16.707088796413036
945.078 9.361907128680595
946.088 5.619670982963025
947.214 4.9049241642476735
948.218 5.556408464786782
949.429 5.294009428885307
950.629 13.636597412071158
951.63 25.555163430299682
952.631 19.962624177731062
953.649 23.542468699492556
954.659 22.814433375888736
955.801 22.670757907904182
956.809 29.89522393138528
957.989 25.138999834001403
958.99 28.395545484628297
959.991 23.53299371344993
961.008 22.173220628863273
962.434 16.406523560605777
963.438 17.037405224394735
964.448 17.527105134537972
965.529 24.48254718373938
966.559 22.309201408054694
967.649 22.763442808742738
968.698 14.226900499699346
969.728 19.0358308341445
970.763 21.52176933777537
971.789 25.9021546686018
972.829 16.26106631791173
973.948 22.103694774662973
975.078 25.176259591965046
976.129 23.74782000189904
977.218 21.851220173791933
978.219 26.179739395471195
979.228 20.109233966503876
980.651 15.382220996411151
981.658 19.058817606875596
983.288 1.925142135267852
984.318 4.984847126289643
985.359 2.8200094964750377
986.478 5.6200486033889625
987.508 5.416149610330967
988.538 3.8155299212577045
989.608 7.213944012110636
990.758 8.477147094943916
991.759 11.688965922626068
992.768 10.877898385660453
993.918 9.260157609747987
994.948 9.990950018197422
995.958 9.597311427018992
996.959 13.38102445357918
997.968 14.252992182789596
998.978 9.379534824113819
1000.037 5.458203680365605
1001.039 4.523593019108335
1002.246 1.7298341657806457
1003.248 10.273088903477332
1004.256 11.423844890271713
1005.257 13.239711913565129
1006.258 12.365229177196843
1007.268 12.46234811418477
1008.458 12.552222287579413
1009.468 16.52704872978965
1010.478 15.86576994886208
1011.488 22.944140413882742
1012.499 23.451735571584003
1013.5 16.07029120611497
1014.568 17.44487738608906
1015.658 17.042825993285916
1016.768 16.10858700761749
1017.858 15.316509514686087
1018.968 20.43474890371121
1019.969 15.331137505808126
1021.017 9.123218997776679
1022.019 7.644755195286069
1023.028 12.769860556119575
1024.047 9.193643756738561
1025.048 13.241876159675648
1026.058 11.661646884758792
1027.077 12.030749644950019
1028.137 5.756255703201009
1029.147 8.129248671668691
1030.238 5.160628450455692
1031.247 11.633293962531004
1032.248 10.522819196003395
1033.258 12.716967572271543
1034.368 11.082331293927357
1035.387 13.902018947827028
1036.417 7.768764852495284
1037.577 12.614396680564933
1038.687 13.616009625283446
1040.058 12.285062741597956
1041.067 13.552915660045281
1042.077 13.86149339204282
1043.087 11.13865498496634
1044.207 13.607537474863005
1045.217 15.309720418745604
1046.227 11.431126691533246
1047.257 9.467992711326922
1048.267 8.505400232629366
1049.278 10.773186721090669
1050.279 14.855257979145376
1051.417 14.380660152475796
1052.527 14.08396344640789
1053.717 16.053604044866113
1054.718 17.92836014438135
1055.727 12.19734623576985
1056.937 16.04512808366614
1057.938 15.346287228565828
1058.947 18.182539513153586
1059.948 17.016194064050733
1060.958 15.833090841003104
1061.967 12.386795051235746
1062.968 14.863023803424296
1064.157 16.994847764143884
1065.307 16.344707317305698
1066.347 17.556746356696216
1067.597 15.105844170877708
1068.607 13.071390792179809
1069.717 6.488324386983945
1070.867 3.9414262653412537
1071.887 11.973597331149206
1072.907 13.855406107237597
1074.027 13.41217368395808
1075.041 14.31957279194999
1076.057 16.0491472032176
1077.067 10.138220057737042
1078.086 9.787177413854025
1079.087 5.921377352454178
1080.097 8.653654872493966
1081.106 10.718129884622327
1082.118 7.817537852564762
1083.119 8.27149400894669
1084.127 9.415591594239837
1085.361 7.387874456469868
1086.378 8.198752356561737
1087.386 6.053205402176296
1088.387 6.155370549356689
1089.407 7.395905060728529
1090.417 8.122966348857906
1091.426 8.595545356131591
1092.558 7.530313605294364
1093.566 11.229151149269583
1094.567 12.670642495666833
1095.617 9.98308592192883
1096.626 13.072094566385509
1097.707 11.24383124491821
1098.717 15.354007549466086
1099.718 14.232718951521505
1100.737 12.000860360475068
1101.747 13.645987924039446
1102.757 14.038263392427847
1103.936 14.637942856037467
1105.127 13.803630196983775
1106.137 15.092827034978642
1107.156 8.373840739688923
1108.226 14.069876505487617
1109.307 14.533474779350534
1110.596 11.42233329289849
1111.597 12.544861604178765
1112.606 16.906412292189327
1113.626 13.296562190544131
1114.756 13.314006956134845
1115.937 20.147929221261013
1116.946 13.41793864148548
1117.947 15.19708155567812
1118.956 17.005304573890243
1119.958 20.183710417538503
1120.967 19.098966583194045
1121.976 19.096314299723684
1122.977 19.29527252469626
1124.138 16.284244867818494
1125.147 19.827839325870695
1126.256 14.739013637889194
1127.266 21.792296492764763
1128.287 14.670356273116374
1129.516 11.988203375833455
1130.519 13.311652058378483
1131.526 12.781175686067634
1132.536 12.96691858637846
1133.726 13.528445559509322
1134.727 17.53408542689685
1135.756 10.245772310929816
1136.987 8.962750306715419
1138.197 17.295053124305692
1139.198 17.0067732280721
1140.206 20.069764084962962
1141.207 22.0956796803095
1142.376 16.108704859225707
1143.386 19.526208550688285
1144.437 16.80323016355547
1145.546 17.095371285459976
1146.566 15.569793816811274
1147.585 7.38565469626924
1149.396 1.9252602493940312
1150.426 5.516737366940639
1151.427 11.037018609634014
1152.436 16.180949628192018
1153.516 18.699212859566373
1154.606 16.595077438963216
1155.706 13.9798344322639
1156.725 11.313656937416122
1157.836 5.844272460967737
1159.041 16.392804657281967
1160.043 11.789474406362215
1161.206 18.429006720714586
1162.207 22.673151465428543
1163.216 19.82089286933707
1164.226 15.247768905404243
1165.227 16.72058350732766
1166.236 20.094583258068344
1167.416 16.724882330208445
1168.418 19.991030384302963
1169.426 20.764972449875565
1170.496 18.33826466894762
1171.507 22.174351354888813
1173.065 11.654986703073567
1174.066 7.732469419374329
1175.075 11.552039340508443
1176.106 11.050336743274396
1177.116 4.777963151000969
1178.126 12.568965280727594
1179.204 9.746600507740764
1180.306 14.092884438870794
1181.316 17.23778778197922
1182.326 8.915466257798974
1183.336 13.339889408029887
1184.345 9.617179668340706
1185.347 10.878854579073026
1186.375 10.575568422387839
1187.376 14.44099581228726
1188.416 11.557701213445215
1189.446 9.392520962822378
1190.505 8.104875309319802
1191.515 9.191913845829239
1192.666 7.252553292235676
1193.675 6.2199835093992455
1194.685 5.5762670713807525
1195.735 11.339489402116175
1196.855 11.614530974390725
1197.885 12.623330419485464
1198.895 12.276367400016293
1200.085 9.590997417509818
1201.105 9.565688718513597
1202.115 9.210587621748656
1203.125 10.992545305859144
1204.145 11.964107379113756
1205.365 13.246126492765166
1206.366 17.801942710031106
1207.375 12.479498671612008
1208.585 13.416578271995927
1209.605 12.480722535728491
1210.615 6.569762419712469
1211.625 7.767155213186053
1212.635 15.260512495724614
1213.645 17.47840190804678
1214.655 10.256066724660394
1215.676 10.705364757873257
1216.775 9.115319700493865
1217.785 10.400157617202375
1218.845 11.11036697600707
1219.855 8.93855612936166
1221.043 15.713265567640649
1222.045 19.653109032263277
1223.085 11.098074220253224
1224.097 17.758545700934885
1225.105 14.804309786858473
1226.185 13.797296445932812
1227.195 15.151750368440318
1228.414 11.851329915244648
1229.635 13.54580977660905
1230.651 10.20214714052878
1231.654 9.492894823397817
1232.655 10.81702935815251
1233.745 9.614278957848008
1234.755 9.839087380847824
1235.774 11.00963664234072
1236.785 9.858194415087265
1237.794 14.8753946912136
1238.805 8.884841255317996
1239.995 9.89802156412265
1241.003 15.17713565843741
1242.065 9.045669200758754
1243.175 15.654065619577349
1244.184 16.071574512103183
1245.185 13.277777183343527
1246.195 13.450165625269953
1247.204 14.226469348627555
1248.217 11.725109498712296
1249.254 8.2454838932134
1250.265 13.930597145764755
1251.485 14.319237517327764
1252.495 16.34447471794998
1253.514 19.104630340493657
1254.516 17.811011605001507
1255.524 14.868407011984802
1256.534 9.175132682346575
1257.535 12.302720657244983
1258.634 13.262726388296935
1259.635 16.605751154970996
1260.824 13.525032852129957
1261.834 12.552562639725908
1262.884 9.518855131684463
1263.894 10.309312220859606
1264.904 10.356375183123195
1265.934 5.970310203007269
1266.984 3.1545847581581814
1268.074 8.629865834011365
1269.075 16.198490960918956
1270.094 12.961319375793915
1271.175 15.29655231830916
1272.374 13.011535201081516
1273.555 12.91645426358054
1274.695 13.475117119119721
1275.705 14.125808878015425
1276.814 7.11607139558366
1278.034 5.554951911774928
1279.044 7.211484205550554
1280.054 7.484651265396415
1281.064 9.636425417102389
1282.154 6.229160479541394
1283.164 9.189011840125811
1284.171 14.137918802498431
1285.194 10.670608047430983
1286.204 10.829402114916771
1287.214 8.992684844683154
1288.224 8.931868898800658
1289.254 6.9915295671258715
1290.264 11.319967255170896
1291.274 14.847039768194346
1292.284 8.513727727306465
1293.294 17.55814397826492
1294.304 15.489518599010315
1295.305 17.319825062178484
1296.314 13.848834709795684
1297.324 14.365937690060253
1298.334 17.565335905499087
1299.335 18.739188583429222
1300.494 14.522745065617466
1301.504 16.520866195901814
1302.514 13.23617424720642
1303.524 14.344866605078712
1304.584 14.095853564937004
1305.674 13.323365223108052
1306.834 13.67277382838964
1307.835 20.132581151544876
1308.934 9.392107235472244
1309.944 6.213825109880289
1310.953 7.207264436385398
1312.073 10.195441166583631
1313.083 8.551340632522884
1314.123 5.196444022169832
1315.124 7.876328131283108
1316.133 9.2122644000741
1317.174 8.411381695518303
1318.176 11.858533982644202
1319.294 11.165003716197424
1320.304 11.175497840163867
1321.383 11.399194689081803
1322.384 17.62587492357437
1323.404 14.573045154311927
1324.414 4.418366790487473
1325.423 12.361282610760014
1326.435 13.39462156499257
1327.454 14.19678482010155
1328.463 10.644750043429003
1329.474 9.411349433041329
1330.483 8.43123008352101
1331.574 10.731598173088287
1332.575 16.558519666451225
1333.664 17.219410729696502
1334.704 18.9217809353662
1335.714 21.73387785599218
1336.734 13.492463657434834
1337.764 16.0149813073504
1338.944 15.703367536166503
1339.953 15.850677193234585
1340.954 14.738515997899524
1341.964 12.179465643914156
1342.965 17.59926742730632
1343.993 9.728020494172995
1345.003 16.264732647731837
1346.004 17.76133126834205
1347.073 19.797668715058684
1348.074 23.745726375127035
1349.075 17.31091346054694
1350.093 18.189000394612037
1351.184 12.260244978985012
1352.185 18.597621426337202
1353.303 23.378788957823424
1354.493 22.692050800857654
1355.504 15.661633009954693
1355.6 45.399040516322216
