0.0 19.645285383988057
1.001 26.116419034716586
2.002 14.898688203992947
3.02 21.339879881381517
4.05 18.806685811549897
5.15 16.842369832778335
6.19 17.2615327086593
7.23 16.301224098508655
8.231 23.84567598600697
9.232 17.268659033067383
10.41 15.675756848181713
11.411 18.760554762392662
12.421 19.8862396868529
13.43 23.519004785804917
14.432 17.550926647150256
15.441 24.180330484341365
16.45 24.65197710810413
17.65 18.65472755302757
18.66 25.19019638611809
19.661 24.096014365064168
20.74 17.188687069695785
21.741 23.505336800098764
22.969 19.484205544910495
23.97 24.539514139768837
24.98 25.899439437181524
26.049 21.105629502387515
27.201 18.567822729730967
28.419 22.415854994585217
29.461 19.941195390549506
30.54 22.381497625730596
31.541 26.202940818850145
32.61 18.800297436600484
33.811 19.539983199283792
34.82 24.33774610901502
35.83 25.05512388798852
37.07 18.377279287427434
38.071 24.404588560252275
39.072 26.732206068385512
40.077 27.414965382094866
41.08 27.18642990194569
42.082 26.307349997349153
43.09 25.800315360023767
44.299 18.55317963115823
45.39 14.794491519956757
46.391 7.940642624632394
47.4 19.192701202750527
48.49 23.27594749491799
49.67 22.388226556046384
50.68 19.771705404228044
51.689 21.856911879556083
52.91 16.204304270854166
53.919 15.49846111912067
54.921 17.699015329631994
55.929 15.35235928843039
56.949 11.767174709035967
57.969 8.123907787327655
58.989 10.221573307869837
59.99 16.09138797340987
61.029 10.433369659860276
62.039 14.618562171282212
63.04 13.3760863169905
64.079 15.21301122344187
65.081 20.078256457779244
66.089 15.29648063614829
67.339 12.534583914913782
68.349 14.780561835671092
69.499 8.10099703278541
70.5 15.652577316326147
71.539 18.861499124718616
72.759 16.78513747777905
73.801 15.75495677262254
74.869 11.344925909337036
75.87 15.696443255854138
76.919 15.0727505187735
78.139 17.782974775445613
79.159 20.96284989142056
80.169 13.743664169671083
81.171 10.85414487058153
82.399 15.497281026178475
83.409 18.741346602812172
84.41 18.196045499306194
85.469 13.755431780256934
86.689 15.121206551210523
87.698 18.095443769450753
88.739 13.570164728705922
89.749 18.027006476415117
90.75 18.208600233714733
92.009 14.779556333093119
93.01 17.905622727292076
94.029 18.06481878440522
95.039 15.85340364476797
96.049 18.540012124380244
97.05 13.65486192575951
98.059 19.260079291724303
99.069 13.480115388498355
100.249 15.618391879494485
101.419 16.646902197868208
102.559 16.43655851624305
103.758 18.70779212757048
104.819 17.019205985027487
105.829 22.05999243249993
106.839 15.646672262964797
107.859 14.01105780354414
108.868 15.106047526675376
109.969 18.52465976158378
110.978 18.161162833606728
112.039 15.092077989471738
113.059 15.042745254388818
114.169 14.500057194012781
115.318 15.1149565932355
116.508 15.149200979018845
117.708 16.406873575176217
118.838 16.566605486243816
119.849 16.090377466382158
120.949 17.52758303525342
122.148 16.985799354081863
123.319 9.090993852557952
124.418 8.669813429395342
125.419 11.873753519304689
126.428 14.398802684939556
127.639 11.499520310121
128.648 15.244105081194373
129.688 11.094505356069323
130.708 9.448921051519477
131.718 14.728898862364558
132.723 14.97588774227755
133.728 15.925647267504198
134.738 16.75153831367353
135.739 16.87189917318479
136.748 11.132991208034946
137.768 15.393667431899628
138.808 10.163460243568467
139.818 14.297596334835026
140.838 12.789510172917337
141.849 11.026200100594702
142.858 14.452675143709767
143.868 10.02159981323361
144.888 8.447219336665597
145.908 3.2491474710605583
146.948 7.132286007131618
147.949 14.67406434127082
148.973 7.934402482031947
149.978 13.708537309808928
150.988 14.200302160228453
151.998 12.484086889062391
153.238 11.980319085770429
154.248 15.77409914804662
155.258 17.982631937597503
156.268 13.002339526417808
157.278 17.69164889764461
158.288 12.494131125881166
159.298 15.628082929136824
160.308 10.407028662135959
161.328 15.312023101261602
162.343 5.044369192058613
163.558 11.631144808113508
164.607 6.127030238263822
165.609 11.523415048805736
166.618 11.339777414674886
167.637 6.877781345453431
168.649 8.648651712898355
169.667 6.43193424352915
170.698 5.826247708180252
171.708 5.314600592064575
172.722 5.70173437986461
173.898 7.597822924263725
174.918 6.498294942140043
176.368 2.1338807957292523
177.388 10.756417895684194
178.397 9.639118430728606
179.768 4.683535878702252
180.808 3.2229156614836514
181.817 20.179512592196627
182.987 9.602180211123285
183.988 19.139768246448913
184.998 16.136141415692506
186.227 15.62462685682553
187.348 15.168461235747634
188.358 14.861872564798581
189.568 15.293602018584656
190.578 21.557330849353345
191.588 19.104288354268093
192.598 17.06305956920685
193.737 11.621189771566213
194.739 11.52630502591175
195.747 16.99311874742517
196.748 14.491188752009752
197.868 11.815766339721769
198.878 15.928660463965619
200.008 13.049131262362058
201.01 12.26128957584786
202.147 16.026885898432162
203.157 11.243848512205389
204.167 10.547647977674513
205.197 11.098140854103969
206.247 13.019798080494512
207.277 6.300843929328649
208.297 5.595457089466959
209.507 7.016684302194862
210.557 6.3126293723489315
211.697 3.895833072581231
212.72 5.871809762589844
213.737 5.661987256987846
214.777 4.580829307168508
215.947 4.339862440761988
216.957 5.537222856019564
218.567 2.666845905913577
219.577 4.511811216013137
220.587 7.689387988162689
221.627 6.94374755199378
222.637 4.716893544006852
223.647 3.0762349200003545
224.678 3.637586445955475
225.82 4.715816053668655
226.866 4.29457410308352
227.867 4.759303176283148
229.047 3.480192120773928
230.587 2.690040925722789
231.647 5.644138396883482
232.697 6.5098990402377925
233.707 5.831881240054702
234.718 4.097589540653041
235.727 3.3638023280996223
236.827 9.524848929530142
237.838 14.751322346388802
238.857 12.3430669692273
239.866 11.46387915117365
240.892 11.323222267427584
241.897 13.305220963182746
242.927 8.386816944054665
244.146 9.94469959736143
245.217 13.392497734536558
246.306 4.912097517966616
247.697 1.9358238437469133
254.777 1.9122964079351306
255.798 6.87928689164684
256.807 18.740112523994394
257.877 18.081981474950865
258.888 23.966705373366274
259.947 21.714986565272604
261.017 25.78952149555502
262.117 26.833295882301663
263.187 30.948983701920806
264.216 31.47789053236964
265.217 22.194047732163828
266.407 17.69586790543767
268.267 4.596772144613452
269.296 16.972101409264315
270.306 18.681081181861668
271.317 26.44952114105704
272.318 34.69841194745455
273.327 18.68173818843919
274.436 14.831795953793613
275.596 16.22143600988896
276.601 25.36508782814095
277.607 22.66862144431317
278.617 25.27894546371546
279.637 20.434388405763976
280.647 17.737672490271677
281.656 13.544796660262774
282.666 15.925812098289578
283.676 11.670653620249425
284.687 12.161322084843714
285.706 10.366821114136359
286.707 8.85108776250608
287.716 7.5739574903585725
288.726 9.471115669650613
289.756 10.92114920436356
290.836 10.290624619026383
291.996 12.4893636027791
293.036 9.360825105951392
294.056 5.357500976717178
295.086 5.477626953821358
296.326 3.0067715508448556
297.787 2.4101735604144223
298.807 2.639932320237887
299.816 6.9139823547800185
300.916 13.931659029366497
301.936 10.831679124126598
302.956 9.090428217894615
303.976 11.335647310534998
304.996 10.698227754589706
306.016 9.84645471963303
307.026 11.93285317557461
308.056 7.270916933145969
309.076 8.08130429115939
310.086 12.287849486020866
311.106 8.010793278333917
312.136 8.059441193251866
313.146 11.144605455808522
317.236 2.223477637480203
318.266 6.234104553104328
319.276 6.891545773520698
320.286 7.791479410216676
321.336 6.689287539395625
322.386 5.918090036590136
323.416 7.482307292217188
324.424 5.342720171922176
325.445 3.8234408605774526
326.466 5.071820550452624
327.489 4.561338809829022
328.506 8.013133792928285
329.536 6.435204699970114
330.546 4.5843695835157
331.706 5.072731182072715
332.716 10.538653138722438
333.845 13.341252947977928
334.876 6.6298680817288815
336.066 5.374402413478281
337.106 10.132158492324763
338.246 13.209865189323029
339.256 17.33740215710314
340.387 7.218697583123265
341.396 5.1372309345434655
342.426 5.83190425935383
343.457 5.625342614802557
344.507 5.322820161554423
345.607 2.083444562587138
346.726 13.17375350505126
347.737 11.52506964590638
348.757 9.194042295692341
350.076 2.9837224217806755
351.096 6.582462824809779
352.146 3.3535843540727903
353.156 2.0508232800128536
354.207 2.7591475907914043
355.216 2.2581413915637527
356.246 2.0625995327487066
357.256 2.0508232800128536
358.296 9.161658614337016
359.307 5.81525234920383
360.336 9.058301076398022
361.356 6.378203553963078
362.376 6.9044383760155155
363.416 2.5891643910058186
364.476 2.931129499246156
365.536 2.5403122326938816
366.576 2.788330882620195
367.606 2.5328622299938326
368.616 2.871152592006639
369.669 2.5571993985221617
370.686 3.4624027254289773
371.696 2.8885426139680304
372.726 5.228603818737547
373.736 3.987711933343606
375.086 5.168122415996118
376.106 3.0460757541322856
377.136 2.4132017624840607
378.211 2.8902300178634386
379.306 2.4591150380274787
380.326 2.436860603290687
381.416 2.5088737628578537
382.436 3.2491474710605583
383.446 3.2813172480129955
384.466 3.2491474710605583
385.486 5.0767929235475
386.526 5.042348151032728
387.616 2.8504562102786832
388.646 2.4132017624840607
389.715 2.712688604242491
390.775 3.5173553991029576
391.815 2.788330882620195
392.845 2.371011892500455
393.854 3.6951404589225048
395.159 1.9009598432540502
396.165 8.724315738591399
397.225 5.2086114064678455
398.245 4.2645060557776295
399.285 3.1741431653628216
400.295 5.127058200013208
401.355 4.692235522460788
402.375 6.092151508245644
403.415 3.973138564469348
404.435 4.670649489653101
405.485 3.7360106400491033
406.505 5.691588062665697
407.515 7.019422400564318
409.204 5.300535039144147
410.205 8.897827677384939
411.225 4.83096926619933
412.235 8.60836070061059
413.236 10.723558332651686
414.445 8.246316821001678
415.464 7.856840288254129
416.475 10.653732805716833
417.484 9.190731503685155
418.485 13.346438992356266
419.664 12.791904544459017
420.674 21.61129988287652
421.764 13.443123769497252
422.774 21.107888729825145
423.815 12.435220835170764
424.824 6.642519185101028
425.854 7.983146619989105
426.855 16.298919245906298
427.875 20.13096838423321
428.884 19.345915075616865
429.885 19.224323626470746
430.886 18.30344142019867
431.894 16.550445660754185
432.895 18.190297548604462
433.904 12.438235348377477
434.945 9.444048059279108
435.984 10.41544491102586
436.994 6.307930639824378
438.024 7.6418055812216075
439.052 5.411398942220213
440.104 4.134787240389592
441.134 2.854063853484728
442.164 4.826403524987048
443.174 3.8965642320130662
444.204 3.316535390077059
445.224 4.670649489653101
446.294 4.00692894440274
447.324 6.435204699970114
448.344 7.674715524566872
449.364 9.950514130147802
450.414 5.765667493481269
451.424 4.101646560006781
452.444 3.2491474710605583
453.484 3.9644031920402485
454.534 4.537202361387032
455.564 3.8824970607513345
456.574 4.306728888000496
457.584 4.855114235831161
458.605 6.251834472087835
459.614 6.363853012588758
460.814 6.419537851910478
461.834 7.919796960732587
462.844 5.195269062030155
463.904 4.689807198797635
465.124 5.178949327590101
466.165 6.367205418808134
467.174 3.900426039973755
468.294 2.1688577863908796
469.323 2.41554695369983
470.324 2.4831147006686454
471.344 3.8852310288925676
472.354 5.332140528006923
473.365 7.905681984032877
474.383 7.488405174353622
475.394 6.6144021222026845
476.424 8.446206168722604
477.434 6.114991344401768
478.444 7.269928665242346
479.453 8.545912686605353
480.474 7.481973403835563
481.483 9.381611079050922
482.624 4.662356387572795
483.643 7.72429808503684
484.664 6.882846063973162
485.684 6.5025998250210035
486.703 7.521027082812974
487.744 6.219573988341206
488.954 5.928511978760826
489.964 6.972799152013421
490.983 6.606901932393024
491.993 9.84395174402006
492.994 7.542370146144085
494.014 8.039294571940873
495.034 9.153368574606034
496.064 6.198529819510111
497.073 6.712197786836396
498.094 8.765499920345617
499.233 9.090503547796686
500.344 8.775555676693662
501.363 4.878504053713455
502.483 4.344475087166602
503.524 6.964130926818439
504.533 10.197651276250596
505.543 13.055109248244735
506.553 8.862614814869328
507.564 8.630398204328664
508.573 8.155900095117103
509.593 8.674784352804206
510.613 10.460865418770751
511.643 11.864908665573447
512.793 8.550101519826148
513.823 9.58371562524189
514.843 9.228778247262216
515.863 9.507111192632891
517.063 9.337899606269353
518.064 11.613129333785379
519.084 11.209024375929703
520.133 9.64237445924027
521.134 11.724911848653367
522.183 13.501460481446664
523.189 13.07947489001071
524.193 12.87644940897199
525.233 6.064823495050271
526.403 5.55479098092142
527.523 8.58079794411894
528.533 11.400508623876718
529.633 11.805818792540668
530.793 13.479944796727573
531.803 11.968082961440263
532.843 6.55080138175761
533.844 11.051191522328631
534.863 6.808835625398457
535.873 13.623133327770079
536.893 15.955083538238986
537.903 18.810756776695705
538.993 12.970409223513236
540.003 15.550127658263014
541.013 10.774168005172246
542.093 11.420895537396385
543.103 15.298272167737442
544.133 13.359929494306988
545.143 6.947313775004627
546.203 8.207162597900593
547.215 8.440832714039175
548.293 12.573469276761893
549.313 10.910651458481283
550.433 10.871867750633957
551.453 10.760574334351375
552.722 8.03312834570637
553.743 14.31952492913832
554.752 15.131408099184785
555.762 15.640525789688768
556.973 13.058412802761458
558.033 10.524069053944057
559.053 5.279864640475774
560.063 4.101646560006781
561.072 8.58267801362287
562.153 13.545241434038278
563.163 21.417461103719578
564.182 9.24927637156256
565.192 7.480557810588262
566.283 5.773405945825626
567.293 13.102482066700421
568.403 17.11131971636779
569.413 17.120626538481194
570.423 17.858053418172798
571.432 18.384164133456448
572.433 18.85615225817946
573.443 20.90325614373645
574.463 16.152912362050802
575.523 19.24246520334403
576.572 18.14804742638072
577.573 18.62169637452016
578.622 9.84127558650666
579.623 15.851335400909408
580.633 14.050388177775913
581.642 15.528473630970158
582.772 13.826965930349273
583.782 21.465883320023035
584.842 17.392225417640827
585.852 14.488436834505306
586.862 15.060808419516265
587.872 11.827763473863625
589.002 10.339640337010538
590.003 14.08565570423292
591.022 9.274685246845275
592.032 8.869061116107275
593.053 10.42229463348792
594.162 12.141994400993653
595.188 13.648284393689664
596.382 7.675275733719506
597.522 10.50939887159512
598.532 14.909395297235223
599.542 13.858948022162876
600.552 12.11050124478816
601.562 19.15271057076082
602.563 12.826249454360578
603.652 13.1406846647441
604.662 17.483718203993778
605.672 14.642548408462506
606.682 15.878589193833776
607.692 21.402019963416
608.702 14.482890017153103
609.712 21.444745448367375
610.713 18.544704087564778
611.812 18.755938867022053
612.822 17.31371574788476
613.982 13.827281278099441
615.162 16.965583719180753
616.343 16.47043994927137
617.364 19.39289185853449
618.372 16.20691211845101
619.392 17.693217115489507
620.402 21.09349698750183
621.412 27.455246747152323
622.422 19.91022592399534
623.432 20.853784529642
624.462 17.83734782289957
625.632 20.72289168457454
626.633 21.4459065704945
627.642 21.46644910032687
628.643 24.50744662544116
629.663 25.523353756734043
630.711 17.638617398541196
631.712 18.998035883206622
632.722 20.376158581428847
633.732 18.97506250143371
634.742 20.431926583026332
635.751 23.54361504544427
636.752 21.65419415219916
637.762 18.805209959343504
638.882 19.045472548090356
640.032 15.591470023823321
641.043 20.301639172980902
642.121 13.414668895822498
643.282 17.691077907442356
644.392 19.023762936510366
645.522 19.574902838686075
646.523 20.752673464137068
647.562 20.112151112674567
648.564 22.03559595153379
649.571 19.870453759375447
650.582 21.429374890994143
651.601 19.452499990465217
652.732 17.970501894909575
653.742 25.687461065988067
654.743 23.077568258855717
655.752 29.98204914997257
656.861 22.16925674525391
657.972 33.014193501942685
659.032 20.907295335576688
660.061 10.06477897378399
661.081 10.929800765124938
662.091 7.18057993170222
663.111 4.853681234541486
664.282 6.247375248625435
665.292 17.06290965522589
666.302 19.205330378606792
667.331 15.809648866981732
668.342 9.834214897586225
669.351 9.331340121697352
670.361 6.432808987210998
671.541 6.52770199718294
672.542 20.499763633563706
673.621 21.854849388676953
674.651 16.58223594130781
675.701 19.820698721492455
676.702 23.657960017188675
677.721 20.436759580304297
678.731 19.078203321354394
679.741 23.500965631770395
680.751 15.133966442961585
681.881 19.55600969704012
682.961 21.52870283096901
683.963 21.669605350557806
684.971 23.455364713397643
686.171 12.643626598470203
687.172 23.74342296841179
688.181 26.489793271238906
689.301 20.940434811468112
690.311 22.231044286437797
691.341 8.409455410883908
692.351 14.85017927417035
693.481 17.451769278978563
694.491 24.225349995061933
695.492 15.002907625813414
696.511 12.772343230539807
697.551 7.568326681403079
698.581 3.7662176629491713
699.611 3.8209027906013406
700.621 4.101646560006781
701.671 3.7582178979962735
702.691 5.279864640475774
703.711 6.092151508245644
704.721 5.766291421212499
705.791 4.258812456235638
706.811 5.279864640475774
707.831 5.409901792565793
708.87 5.948684938895458
709.882 4.615107875372689
710.921 4.983954554384581
711.931 4.584219669534743
712.951 5.889079791298445
713.981 6.435204699970114
714.991 6.549891807512131
716.181 7.1451725166488345
717.19 8.416708823082333
718.201 6.761022742096444
719.242 3.656314186272482
720.251 5.953281850486258
721.481 6.311218996930311
722.511 6.033004406219615
723.551 5.377495273626012
724.56 2.4572744076862367
725.591 6.428962988332261
726.601 8.756025973329844
727.61 15.7676733503977
728.621 10.459636459060297
729.72 19.16650402116542
730.721 23.555706999593493
731.723 22.65515064353763
732.73 20.871404260810806
733.861 25.521478319354987
734.89 16.389109387428544
736.09 11.643921458609624
737.11 17.02269449457196
738.271 20.147074392237577
739.281 27.756771458899525
740.29 23.09402761796015
741.291 24.891954274522792
742.3 26.328175894947208
743.471 20.859194107143278
744.521 31.74916869781161
745.531 25.04717844692207
746.611 28.053066230620058
747.761 22.9853019437615
748.8 31.082534589208596
749.81 34.25819335699983
750.961 25.535540241880835
752.011 28.358379976449722
753.142 27.541926454983155
754.143 25.66202840597504
755.15 23.75381692640922
756.223 19.29155578764113
757.402 19.942996052558122
758.57 19.673075865607423
759.621 27.163456510898726
760.731 21.254173713556682
761.741 21.852061738716614
762.76 15.160183147167952
763.78 8.453157106163104
764.851 15.235609662792738
765.861 25.426760650415673
766.87 21.903680632767475
767.871 18.322197890890656
768.88 22.25922960086401
769.881 21.38736823037748
770.89 19.795802628324715
771.92 12.882316645486553
772.941 20.73573791360206
774.07 19.398046064367126
775.071 22.65358126412697
776.08 27.44239039729318
777.12 21.413600818596365
778.2 24.295637443270532
779.201 28.13561360937087
780.21 25.426900163980676
781.291 22.983559502369594
782.361 22.871588904714056
783.37 22.788876594677404
784.38 23.718490820372836
785.55 20.546760693537397
786.66 26.322421063351843
787.661 27.836568911323088
788.81 27.59935727094714
789.82 25.658527667398324
790.821 25.115519304183064
791.96 19.276392633502333
793.12 21.52063423255083
794.122 25.485760031376994
795.14 21.373196717683452
796.15 29.985045200979823
797.16 29.271604558563144
798.161 24.949585043438535
799.163 36.607673417593745
800.26 27.946832051210087
801.261 27.604079431926927
802.331 25.818342977892495
803.332 31.356432403424016
804.34 24.99743526222609
805.342 26.232550101580916
806.35 27.48478634540036
807.351 28.58274366888068
808.5 21.643115570306016
809.501 26.086166662602214
810.51 26.548017544201173
811.52 22.75364442931668
812.68 21.449235113740833
813.69 26.685024660853507
814.701 20.880034304764397
815.781 20.227951952818657
816.91 21.518902677194614
817.919 24.20238968062001
818.92 21.86414561440796
819.93 26.62142517662633
820.939 19.147082184642404
821.94 22.547092914322214
822.941 24.068030920858366
823.949 20.048569462074198
824.979 14.824667698603246
825.99 19.057235975131643
827.0 17.96883985121694
828.01 17.348495791807544
829.079 14.165129591280854
830.149 9.918267047370971
831.199 9.509897703039147
832.249 5.720820368701274
833.289 2.987497374234571
834.319 3.0629551610222343
835.35 5.424437521405936
836.459 2.9399267466855292
837.469 3.4863995760067104
838.48 5.081550186934255
839.5 8.696308767246862
840.519 7.024439590486039
841.639 6.303923117817772
842.649 10.664281056032772
843.65 9.995988784039065
844.669 7.314932872203333
845.699 5.9240751600116885
846.729 6.234104553104328
847.749 5.727869349355981
848.769 7.461549599473912
849.779 6.936519968262139
850.789 10.662182260261515
851.799 9.867638153257365
852.819 6.848474898468398
853.879 2.89799002343044
854.889 2.666070264012925
856.195 1.9982822171730013
857.219 4.247847828993921
858.269 3.981732507067898
859.309 3.784163340692076
860.539 3.128835226839288
861.569 2.6143019093687734
862.579 2.0508232800128536
863.649 1.9358238437469133
864.679 2.278252979720357
865.689 5.421339347566091
866.725 6.178853832692402
867.739 7.522126267169092
868.769 8.285531855454778
869.788 9.964885396988151
870.789 9.63265779530501
871.799 11.435138753818544
872.989 9.236836648725822
874.001 11.217138936425728
875.01 12.649823556912576
876.019 9.776125547324167
877.029 6.972799152013421
878.049 3.4865098068795146
879.149 2.0713315128046546
880.168 7.72429808503684
881.189 2.231601042205968
882.22 2.4108611206269637
883.269 2.369492674326682
884.28 2.4814678764363403
885.289 5.132139526281256
886.309 3.2491474710605583
887.349 2.3835919595924375
888.399 2.761775350406206
889.439 1.9916649161626894
890.589 2.8880407280334275
891.631 4.1744684999019555
892.649 4.0694135811541
893.66 2.8882315165166905
894.679 4.47196204922787
895.861 4.662550613190714
896.89 4.831093907418587
897.905 5.784428797601872
898.96 9.640925582209015
899.969 16.698253708704218
900.979 12.528161599899162
901.999 11.308185126594834
903.0 12.529322422360798
904.026 13.38565861023599
905.089 10.857873457422683
906.1 17.718630152267256
907.109 20.370842355416915
908.11 19.8786824345855
909.27 22.280049357902886
910.279 16.426147860387566
911.29 18.228732125065097
912.3 19.709491101562946
913.39 19.15931641337491
914.391 24.57944727092196
915.41 20.37836374416144
916.412 37.49892550863886
917.749 20.919699027768317
918.789 23.072156865721837
919.79 24.12581295148327
920.791 27.855174120097722
921.95 25.68692918821791
922.96 28.14964831387386
924.009 19.295718791884116
925.02 22.57014971469438
926.199 23.629565253747472
927.21 27.107292093659463
928.211 23.68306948608146
929.235 22.358868209336837
930.37 27.12189220409734
931.379 23.421416929908908
932.381 16.51868808598385
933.409 12.515737989008471
934.429 8.529012111555259
935.433 15.775769404841244
936.534 9.243076622727756
937.673 15.365175000635206
938.674 18.518384523863123
939.713 12.978246805574514
940.723 19.679658218936055
941.873 13.297363725881242
942.894 14.852129477418673
943.903 14.267648008162597
944.913 11.102629540724081
946.015 11.828497535430776
947.026 16.322364535026903
948.173 13.406463707607783
949.183 14.924836437444167
950.184 13.58664282669837
951.193 12.359602567318193
952.333 11.58044748393703
953.343 15.848456483358525
954.353 14.395939907327223
955.363 12.082767158027151
956.382 15.267465065013583
957.393 13.298295529011497
958.414 12.73605323664866
959.422 9.470530291246076
960.473 12.780506486120538
961.483 10.254116400026415
962.493 8.133733032168
963.494 15.627165323768997
964.495 15.795822298136306
965.503 17.782479816472087
966.513 21.04567442716005
967.514 26.070737952748175
968.554 19.856375091693874
969.683 24.553736640074725
970.813 22.76998770679385
971.823 23.680112840907082
972.845 16.760928913803088
973.853 17.562719299819914
974.862 14.547664743727399
976.033 15.792737770423033
977.203 16.016920078829024
978.204 20.418384752651736
979.213 21.214644126007336
980.222 9.220744015534642
981.332 12.030249993988473
982.346 18.266335722292748
983.363 16.063488117386022
984.372 23.592385377171297
985.443 23.59641324690605
986.543 26.716157184956124
987.553 33.46724718555758
988.633 27.65013908852892
989.683 26.729607389572433
990.794 31.80479651981562
991.963 29.406785677059847
993.063 30.65633957174264
994.064 34.32736660392597
995.065 32.55245993371674
996.073 30.01059155502444
997.094 28.675954753216462
998.173 34.744329945535405
999.183 35.53001202799245
1000.292 30.6725576186439
1001.442 40.24363294845802
1002.512 32.162128278819225
1003.622 25.26443892242329
1004.752 29.98716787687166
1005.753 31.42616412099624
1006.823 24.44699291443747
1008.042 24.384468499339103
1009.043 31.06192556100412
1010.172 20.708594364609876
1011.173 27.696802952381788
1012.182 25.20330695084962
1013.243 19.135707414455975
1014.252 25.4632409094117
1015.372 20.292332572044227
1016.374 21.83461845399086
1017.403 17.903093464354857
1018.414 32.025524416193065
1019.423 24.02576604844142
1020.443 24.61398435768941
1021.453 28.659955510011418
1022.454 31.576669672076
1023.472 25.518019388212537
1024.482 27.944116243937273
1025.522 20.148136531253545
1026.562 22.93603064525323
1027.573 12.93780949009237
1028.574 21.039163427833095
1029.582 28.888211743860094
1030.742 18.309631811835004
1031.762 18.96226690211529
1032.772 11.687294072306027
1033.785 11.065563937523956
1034.802 14.026780631836226
1035.814 12.19444181659648
1036.822 15.924063994179384
1037.828 14.580812757558741
1038.832 17.661194558973218
1039.842 15.451334343827943
1040.892 15.832044471648448
1041.893 20.41414942044217
1042.992 21.11916842714429
1044.002 12.818245155966313
1045.042 10.146426267311849
1046.062 8.732083828483532
1047.232 3.959906092888135
1048.242 11.839306850510901
1049.243 7.242417876932867
1050.342 12.49578468120275
1051.372 14.80276424692207
1052.522 15.475342742211348
1053.702 16.148466123683136
1054.711 20.432818192256267
1055.732 17.59639963197682
1056.736 10.151918067210865
1057.762 8.277250684690655
1058.782 4.954326427571533
1059.873 4.317008782461538
1060.882 5.542710688383757
1061.895 3.8920496456862947
1062.962 2.523646641649071
1064.012 6.387759121604061
1065.053 5.669628728640656
1066.079 9.779575816102968
1067.093 10.564574360334236
1068.212 13.95801664780388
1069.343 17.694450738288815
1070.383 14.102967624145089
1071.443 18.15286209324542
1072.464 14.592161599497134
1073.473 13.908848429002354
1074.553 11.14835191729051
1075.573 14.551840160874933
1076.593 16.189031656592142
1077.723 16.88805688479582
1078.733 16.10825741495054
1079.742 17.068865801639415
1080.762 16.859554277509687
1081.772 15.575912863252649
1082.783 16.0156443822787
1083.793 18.712563118184462
1084.803 15.343446495404063
1085.823 14.600529870773409
1086.824 14.736989275193016
1087.883 10.987388298326435
1089.063 14.85491045782024
1090.072 12.268664656420302
1091.192 12.36923537777678
1092.203 22.29022813211333
1093.352 25.652730079954758
1094.472 25.242595338620042
1095.513 20.06536587038489
1096.523 18.44751519720216
1097.532 22.06234752318134
1098.563 13.462403582214966
1099.612 16.904719391990643
1100.784 13.843190169498364
1101.803 20.222938694054758
1102.883 17.944978542335186
1103.972 18.319319331848195
1104.982 16.830542982432966
1106.212 11.69771004705845
1107.252 11.549618260153466
1108.272 11.981231299563015
1109.372 13.07727607481903
1110.632 15.201997646154675
1111.692 23.12692600271156
1112.862 24.925576424786893
1113.872 26.66594962946275
1114.942 23.933461867007257
1115.952 13.70498636218663
1116.972 7.607321840722859
1118.202 3.5364196560116397
1119.406 2.060425743723529
1120.412 14.983878703352307
1121.416 13.235527739784985
1122.643 10.599412163991113
1123.652 17.663713786494743
1124.662 11.86119429195779
1125.672 8.415571319168935
1126.712 5.377495273626012
1127.732 5.218111837663855
1128.772 7.369160189788702
1129.792 7.048429286415211
1130.812 8.45048510989869
1131.962 6.915761444298674
1132.982 5.482936357422973
1134.013 4.821722241253927
1135.023 8.621994404133584
1136.033 15.853253730787014
1137.034 21.675673336476073
1138.043 23.457479136517247
1139.053 20.706718912846572
1140.063 21.25720305633493
1141.073 27.485079629589954
1142.243 18.514977770628942
1143.253 19.115681816972263
1144.255 24.263726179146598
1145.273 20.40983444568734
1146.293 22.087018102212554
1147.295 31.82244453211668
1148.303 24.844970660034356
1149.313 26.319948157930718
1150.493 23.26052011995989
1151.494 28.43284316520536
1152.633 21.009999769251777
1153.713 21.38542115415081
1154.855 24.068985248053284
1155.856 24.45344614114129
1157.012 20.62912104926004
1158.013 14.450499311553768
1159.016 23.582556055173033
1160.163 20.379519817607274
1161.333 23.50824606981058
1162.335 25.929723857018832
1163.343 23.765250895151862
1164.353 24.804167881367622
1165.363 19.87034880472001
1166.364 25.72737352962853
1167.373 20.94528183206166
1168.383 19.377731458411127
1169.384 26.525884890792582
1170.503 14.650403552818274
1171.523 20.930637491768834
1172.543 16.32782701867679
1173.583 19.406066642492107
1174.593 28.721270329017887
1175.742 20.29173039278286
1176.743 25.9391401342399
1177.753 24.861884764603992
1178.763 24.42968275307516
1179.873 20.35592559623054
1181.043 25.435592762183802
1182.203 23.412515089748236
1183.213 24.294760168888686
1184.214 22.722254148599482
1185.222 22.54162857959013
1186.223 23.183300299168344
1187.275 21.502246580963877
1188.352 21.6093377775726
1189.522 19.32031440306096
1190.582 20.411345938915026
1191.623 23.652009657500784
1192.632 23.771109885348178
1193.773 21.636284933524795
1194.782 21.372810063456402
1195.792 14.34481923930975
1196.932 17.356194006322845
1197.935 26.149031121858396
1198.943 19.637440775922595
1199.952 22.02993401037481
1200.962 17.69419743535874
1201.972 20.08952304707513
1203.063 15.993444740298022
1204.072 19.691809274737096
1205.073 19.935254370401527
1206.193 19.821735180275084
1207.194 20.027826628957964
1208.202 14.622481945996588
1209.232 9.646044910521027
1210.272 8.364992647860584
1211.275 6.3383676622286735
1212.292 7.128476199433753
1213.598 1.8995042844184902
1215.053 1.9493268773668473
1216.062 15.062079196824582
1217.232 20.839445237959836
1218.233 20.592184630221716
1219.334 17.91433148121857
1220.372 21.04817612567904
1221.373 26.401093856010046
1222.392 19.591580149977176
1223.393 20.497948491161136
1224.413 19.550551415426128
1225.502 8.917940921130475
1226.503 26.29657191031702
1227.513 24.18397373597703
1228.522 26.170760270273558
1229.532 18.301798806254276
1230.535 17.592000789531415
1231.542 15.764707267794822
1232.552 19.343101328469302
1233.614 16.1818140797159
1234.622 29.33899624765283
1235.662 22.8082030284418
1236.732 32.054724017221346
1237.734 33.052487262023035
1238.753 36.805275907366976
1239.754 37.081542558304115
1240.762 23.454613656237463
1241.773 22.174009949330564
1242.792 13.183937292077012
1243.802 9.209515770268183
1244.852 9.612714423209445
1245.912 18.08215502198404
1246.913 24.357243597968985
1247.962 16.133075396075792
1248.982 23.578140468101846
1250.172 19.371464046080234
1251.182 17.28718097299034
1252.192 20.180970576405436
1253.242 13.487880932795223
1254.243 11.677869410053365
1255.272 5.837571804785631
1256.291 6.243302413035473
1257.301 6.35755216801335
1258.312 7.647485917939345
1260.462 2.52162709599811
1261.632 15.188329305422608
1262.633 15.585417050307937
1263.782 10.316517932133626
1264.8 3.2555308649157095
1265.801 5.619831900205966
1266.811 16.55005392124172
1268.001 16.997204498346267
1269.061 24.37851258525009
1270.271 19.149255115306588
1271.361 17.966347703175273
1272.362 21.055953494205163
1273.55 16.66691414199537
1274.551 15.639266272614748
1275.561 15.339798340879012
1276.57 15.634567860347875
1277.581 15.95364138266335
1278.591 18.134045059878545
1279.601 13.943499508274511
1280.611 14.81524931626661
1281.691 13.600964103568995
1282.701 20.996652554894908
1283.71 17.129341013022568
1284.711 21.052020685981702
1285.721 16.243479827117852
1286.822 13.802798223425253
1288.011 20.131832706736578
1289.071 21.088562554598656
1290.201 20.296728050884973
1291.39 21.25055792050148
1292.4 21.109537783767088
1293.411 21.262535901640433
1294.461 20.47440283062245
1295.471 21.501263614166152
1296.481 22.331036912796232
1297.482 19.392829338920702
1298.49 19.55167004875995
1299.491 22.489613407304898
1300.492 27.470666471016088
1301.511 31.093776796260133
1302.621 30.848036520869243
1303.781 27.672053382449544
1304.791 30.370174221882404
1305.87 24.396737522996375
1306.871 31.765595735703158
1307.872 33.47107321194775
1308.88 22.995417312212854
1310.011 23.35283007193741
1311.02 27.327214554557248
1312.19 19.165407131891552
1313.191 26.217461957313635
1314.33 20.616112955062412
1315.331 27.881796207596228
1316.54 19.242616552683533
1317.542 25.72119081439145
1318.544 17.68133535426687
1319.64 23.272721867170873
1320.67 20.454148783858837
1321.671 21.832229361978705
1322.681 23.435303307467578
1323.88 19.103688823411503
1324.881 24.34968050494039
1325.882 25.547069391940408
1327.03 16.817803689188036
1328.031 20.8334472976446
1329.041 21.774406295937204
1330.05 21.575094393273496
1331.17 14.909596074896402
1332.181 20.397189689420795
1333.182 21.499907054605107
1334.38 16.7345624947808
1335.381 16.877495862007024
1336.383 21.152806070945395
1337.39 20.715781041777483
1338.391 21.055650970597576
1339.4 21.935394598022427
1340.401 19.185751852024914
1341.41 22.795253062498883
1342.422 18.159400669463267
1343.423 18.89578286561144
1344.43 18.260091753785527
1345.452 19.122203221976783
1346.63 16.89220318881493
1347.73 20.34524359255901
1348.86 22.615090742694214
1350.01 20.80811290891179
1351.021 26.03016442982548
1352.022 28.814930624479988
1353.061 14.825807502652312
1354.07 14.860094992079803
1355.08 17.449987557937696
1356.11 15.727560317099833
1357.112 21.945987187702855
1358.29 18.809160154600765
1359.3 21.935114085151163
1360.301 19.643772765382337
1361.4 20.88150906762908
1362.581 20.733853978350776
1363.68 21.826084469361042
1364.681 22.703951463621696
1365.701 20.76586438816572
1366.79 22.122305301133036
1367.791 23.145333572316215
1368.8 22.004423375253534
1369.81 18.684978945404414
1370.82 22.796519828211157
1371.96 21.399588463805827
1372.97 13.77319722420358
1374.04 20.129313300263675
1375.07 19.45114710096899
1376.08 20.10991134863674
1377.09 21.019739308189457
1378.102 25.813693083178443
1379.11 21.95580399938116
1380.13 17.652543394403203
1381.17 18.84001450843916
1382.33 18.074810943740477
1383.35 20.037151626021203
1384.351 19.837992994129518
1385.352 20.264702702462117
1386.37 22.025849743794403
1387.38 23.64758150673651
1388.541 18.455185989646495
1389.68 19.104108694460052
1390.88 21.006804230131053
1391.92 18.813662801586457
1392.93 18.550805931103806
1393.94 17.113130839357616
1394.98 16.687181970778834
1395.99 22.45381646437374
1397.06 20.343838808107787
1398.2 19.45220320162964
1399.259 18.305117298773258
1400.27 17.686280761157835
1401.29 19.117094241918906
1402.45 19.98209417024596
1403.451 19.2904250594271
1404.461 23.68416051831722
1405.479 19.614989921591743
1406.62 12.515137215012293
1407.63 13.911268002046931
1408.64 13.404858569319632
1409.71 13.127376194166228
1410.719 23.733294120407226
1411.73 18.77717411694227
1412.75 22.565453879724895
1413.751 21.32504834393542
1414.76 21.388416569601482
1415.77 22.073334776842987
1416.81 23.13024709245768
1417.82 21.518503127869007
1418.821 17.231902400986268
1419.83 21.206240622581976
1420.84 23.075659663517012
1421.85 19.788645684341194
1422.86 19.345949694145343
1423.861 19.580847831535845
1424.87 20.447674385625927
1425.89 10.633951399727154
1426.99 17.956770412766804
1427.999 22.833519015180794
1429.02 12.947082495220505
1430.17 16.10206140486533
1431.36 19.585096510244348
1432.43 24.809818377587217
1433.45 26.277598927585352
1434.46 16.15098289993977
1435.461 20.852960077620523
1436.61 12.816218120589552
1437.629 9.409604888677318
1438.639 10.489031610533466
1439.649 12.296994238953898
1440.669 11.209321264395113
1441.819 10.424859300844506
1442.82 19.645285383988057
1443.821 19.781572320211907
1444.949 20.432180692477335
1445.95 24.309293588281257
1446.959 23.468433703303326
1447.961 20.93868192503123
1448.97 19.786348687089475
1450.059 21.661809193745146
1451.21 19.82064860753431
1452.211 24.03929116734971
1453.221 21.584915022076615
1454.229 23.370495254865066
1455.23 23.214157718687154
1456.231 21.16501329571534
1457.249 20.153413794505255
1458.25 15.72321660513751
1459.269 13.358679030848128
1460.28 20.36588865822219
1461.29 23.310275046175708
1462.3 18.004219551082482
1463.302 25.385875726155504
1464.429 19.723608023769867
1465.43 21.48281446443619
1466.62 18.830957370879677
1467.629 18.595752341991545
1468.63 15.787956681405495
1469.639 19.023880823549845
1470.649 22.315595772492653
1471.65 19.84721996766225
1472.68 20.96667092382742
1473.85 21.65388826722026
1474.86 27.14822291104773
1475.939 19.36165481622476
1476.94 24.87713061226245
1477.95 16.841486703137488
1478.96 26.626200137633056
1479.969 24.107850268267626
1481.03 15.231931768781028
1482.04 22.42654935451386
1483.209 20.050775861094934
1484.21 22.033861421856052
1485.22 22.59638466174045
1486.229 18.019211989367438
1487.23 19.11072596933267
1488.32 17.92814714479884
1489.409 17.62176227538243
1490.42 16.805358916193722
1491.429 13.612474874479204
1492.479 13.94269711152374
1493.489 20.196111888633542
1494.5 18.292532313082777
1495.649 16.28567389380004
1496.65 21.378141257034006
1497.659 14.93332552098574
1498.85 17.77864658722721
1499.969 19.414195956247454
1501.069 18.3854071971289
1502.211 19.033902295613874
1503.219 20.559857101709795
1504.399 16.98277809068889
1505.412 20.918776606725064
1506.419 20.205006090191457
1507.589 21.266167143755034
1508.699 26.75633560574588
1509.779 23.85920313801496
1510.78 30.22378359248379
1511.781 22.385242723699566
1512.789 22.066810246671622
1513.869 20.805564974692516
1514.889 23.039881662935247
1515.89 24.358302431068694
1516.969 18.88047261392718
1517.979 22.244086802894646
1518.989 19.802587684645935
1519.991 21.15809495250451
1520.999 27.664589428109096
1522.009 21.23261716323081
1523.019 14.250523344341254
1524.059 17.410325219217288
1525.069 21.108338471843723
1526.07 20.203139125133657
1527.079 18.916736156210835
1528.259 18.844517913720697
1529.45 18.23034333236972
1529.908 19.00267744262829
