0.0 23.97467092456399
1.001 28.406746559162663
2.06 3.556665303733968
3.061 3.9802637323611765
4.13 3.284948680626835
5.39 5.612447299983284
6.412 7.0676433162084855
7.431 10.589334944391343
8.591 15.153022348685969
9.6 17.824018537792497
10.601 15.293988818670654
11.61 17.761786013099382
12.82 12.642864436283578
13.83 19.560997816177423
14.839 18.569538781922795
15.84 19.567302377863324
16.841 13.97689394553347
17.842 18.959788439741793
19.091 14.555579629123974
20.291 18.1365621495933
21.292 17.97542964880432
22.293 19.387259453970792
23.3 19.499072488346243
24.48 15.406612252934845
25.482 19.726939777112968
26.68 16.386593537519065
27.82 16.953884058802974
28.821 14.766662065004082
29.97 16.02628125652682
30.979 14.881886454377725
32.039 12.508627004607392
33.04 14.906785969610905
34.239 19.191526317284687
35.251 18.73045015702437
36.44 16.489368303904538
37.461 19.60481453573821
38.481 21.580979003264044
39.86 13.143110397298505
40.959 20.65370740961856
42.14 17.6827942049443
43.16 17.97329883171957
44.219 17.725132341414188
45.46 16.24124229576075
46.59 15.395000859109862
47.61 16.181279903301622
48.75 15.960071273721608
49.84 11.230869657946212
50.841 12.390258405674036
51.919 14.136827725704082
52.97 18.647386315930316
54.12 17.810674864431412
55.129 13.857070334200584
56.166 7.896836443891802
57.25 17.444984953352115
58.251 19.955436282709577
59.26 17.700246243879906
60.261 19.155659312878704
61.46 14.880503928700984
62.6 21.049005882352795
63.601 27.16820952278124
64.61 13.07125481895036
65.63 16.90836674187262
66.631 13.74017299723697
67.709 12.873069051690344
68.719 10.176881702714281
69.72 11.468163974340127
70.74 13.46926655369105
71.741 12.409694196418778
72.75 15.475115974910967
73.759 15.63929899915511
74.769 15.884263358968242
75.829 18.52565980461775
76.83 19.413329017594865
77.839 10.792089630697303
78.909 12.222746884435773
80.01 13.831032652523177
81.019 11.971967495885508
82.029 11.345441019608101
83.039 11.675904196286615
84.041 11.897017402145314
85.049 8.70108701991006
86.05 13.77671693911456
87.059 11.1938877489939
88.069 8.153501233150903
89.129 9.927968467909839
90.229 14.921216171356875
91.37 14.815304020919681
92.379 16.022392722197278
93.38 14.490720389349125
94.39 13.732734690700253
95.399 13.182672975311105
96.428 13.674349090849557
97.45 12.190949481283878
98.459 18.429740449173373
99.469 13.40999962322464
100.479 16.076197294744727
101.539 10.218554949361593
102.579 16.686150069145754
103.589 20.227764234424978
104.78 12.403114070642175
105.839 12.447063472255817
106.849 13.434683434677014
107.939 13.328908974528149
109.069 12.857707763183864
110.079 14.953083873625307
111.089 15.449182345944896
112.099 15.28827619186306
113.339 10.182990332109839
114.34 14.548911379588198
115.349 17.9579512438137
116.558 16.298111272106382
117.579 20.50257077064179
118.739 19.087654111132082
119.75 18.86616656131829
120.759 16.587334731731428
121.799 11.271440603189541
122.809 15.468329601481953
123.81 15.929085286105737
125.059 12.870410762392366
126.167 17.183087890905906
127.179 16.663064691314307
128.18 15.465652239756501
129.189 15.756143739350664
130.2 14.148847112973106
131.369 15.6442651287751
132.519 15.563877315645872
133.52 13.338306018651423
134.539 13.824548562550287
135.54 13.373569758742473
136.549 12.437730027253508
137.569 12.205944605491103
138.648 12.292574662667253
139.739 12.99837686869559
140.749 16.068815220336592
141.949 10.075652123149942
142.969 13.409989445723824
144.088 9.980130493318875
145.209 13.210664886161252
146.44 14.562295307342017
147.64 12.64842137607756
148.659 16.186527138082177
149.679 10.574853316991668
150.829 12.70895831501504
151.889 12.191993247765273
152.89 12.900942536013636
153.899 14.80025677918954
154.909 12.325988127782972
155.959 13.22833358177602
156.988 12.266519025577796
158.069 13.106874044620207
159.189 13.586790699448832
160.199 18.524969804621627
161.209 12.547450361366742
162.219 13.106642501168677
163.228 15.1802331030372
164.349 13.941317428876852
165.429 13.466347749400645
166.438 18.983344660121794
167.449 10.701256107639335
168.459 16.16270597974749
169.609 14.178863740461262
170.618 10.69764398105251
171.629 12.194417117267152
172.719 14.444621273334866
173.789 14.404314817687716
174.868 13.115081173522778
175.869 18.083548508747615
177.098 13.689173731586155
178.099 13.069230879793299
179.118 10.409283026009739
180.288 7.564527431073125
181.308 8.54595438491733
182.322 8.840318538221135
183.338 5.305835360293412
184.358 6.1504282533293635
185.368 5.364922608593058
186.428 1.4898601900816506
187.439 6.90670509302536
188.468 7.042886425493527
189.488 5.798877312506567
190.505 7.903904140901246
191.6 12.05625062449552
192.608 14.387316616107503
193.661 6.50133881436181
194.678 11.617845061690135
195.788 8.912859402444603
196.818 14.34004357702506
197.829 15.108143717863648
198.888 14.322478092843268
200.098 16.13511948016974
201.108 10.641491013588599
202.168 10.396269904170303
203.378 11.488279012646196
204.528 10.904246726137703
205.728 11.007930268725978
206.799 7.098894613248637
207.841 7.772184897359353
208.858 12.109300288964846
209.868 11.246590428886433
210.928 9.402406987455354
211.938 13.249900883528007
212.939 11.927523651295742
213.948 10.754219003458434
214.959 9.508040931313177
216.178 6.707591523807223
217.199 7.122830829079473
218.218 5.31753860125261
219.227 5.109417278387761
220.238 7.8378853769354455
221.239 5.156187263109872
222.277 5.2202040796494265
223.278 4.0933870173826685
224.298 4.843590740344931
225.558 3.0807344739152724
226.568 5.337009139570742
227.628 5.876023536653066
228.728 7.230735635004399
229.748 8.861984746602293
230.848 7.02538079426767
231.858 10.10848216911184
232.897 5.061792179826863
233.898 4.444860598428986
234.927 5.110983551834805
235.928 2.4925528759052495
236.947 12.34093791522534
237.948 12.147718358362367
238.958 12.272122053259826
239.959 10.520116361377305
241.347 3.1353838818548607
242.387 7.746581015231623
243.477 4.386323665414293
244.487 5.696885269144369
245.547 8.26072303535974
246.567 13.028057559394227
247.577 10.716926586891786
248.597 14.997222527236508
249.706 13.379558550874254
250.717 16.788670046331383
251.896 12.932503966883123
253.017 13.368707174119393
254.157 12.353220657105249
255.387 13.529437874327973
256.427 7.340853064431111
257.437 7.195907762716701
258.466 5.884129632714852
259.475 7.725146120305104
260.636 4.529889814676609
261.646 9.026777571942736
262.696 7.645843003580321
263.707 12.66501980004231
264.936 6.971607049429521
265.951 9.63871870202256
267.035 9.220780906124602
268.076 9.779035933462975
269.085 6.771683803966785
270.234 2.4754634633883783
271.294 2.555930110697361
272.444 2.0587793219504955
273.594 1.6629887983738205
274.605 3.3103510946659074
275.634 4.253718633912841
276.664 5.106021431884579
277.724 2.468116722394772
278.754 3.5587422100947537
279.764 3.7657807302506026
280.816 1.7911069528643047
281.834 3.1310365391702377
282.864 3.713470132281017
283.874 2.6898433787483502
284.875 3.3434215351734857
285.894 2.5023711064752434
286.924 3.868198054452719
287.944 2.682546116735376
288.964 3.593631839606058
289.974 2.0912032785904
290.984 3.787004194308691
292.124 1.6775764194058003
293.174 2.4702090874038287
294.184 5.5227144500171255
295.194 6.219282381599367
296.224 9.283675330695264
297.234 3.3260859206530027
298.254 3.281142114428621
299.264 9.843650248114516
300.284 3.9061215647980574
301.804 1.825268751283754
302.814 7.258424705740121
303.824 3.9427198272845376
304.864 3.218043227615766
305.884 2.499917801463184
306.894 6.1672618256855385
307.904 8.275305461627802
308.922 11.691835164363043
310.034 8.020053184622002
311.036 12.023887931126167
312.044 10.960669841770818
313.054 9.788400034630746
314.064 7.383112557050446
315.293 7.391911149624574
316.294 12.567624543925518
317.384 8.766982731563091
318.394 11.82469913447389
319.414 11.753885273517442
320.422 9.80423867632782
321.424 16.986437879487713
322.434 9.803971597919592
323.474 4.390644052824309
324.494 2.499917801463184
326.004 4.202742117639943
327.014 2.2090857800097625
328.154 8.038182626556674
329.164 10.835385812886571
330.174 10.43675379242996
331.244 10.603855154155566
332.374 15.915944421540146
333.384 18.066589119106535
334.394 12.316414499985319
335.404 10.219674665552413
336.406 8.510542548525597
337.414 9.110680468872356
338.624 7.275563434649597
339.636 9.247920897360878
340.673 6.642430762970658
341.713 3.52452353500497
342.853 4.016025566894778
343.884 7.3774763190346055
345.123 5.263770239847477
346.125 4.453446382847356
347.153 3.041536527272789
348.164 3.467986861093132
349.214 2.1258177378191547
350.254 3.218043227615766
351.353 1.8851745932388388
353.114 4.6688653779304765
354.173 3.3107976549219647
355.184 3.625622627505794
356.193 2.600372764411741
357.253 4.510464901238347
358.263 3.5100610574022433
359.393 4.479001200903372
360.403 4.891547084306292
361.935 6.365662153906549
362.964 3.871957236238047
363.974 5.4425497352566365
364.975 6.507847584381726
365.983 3.2922344771767844
367.003 2.812407526655184
368.004 2.5473687887070757
369.043 3.1894089702936004
370.123 1.7707751093727893
371.164 3.8273237234311988
372.173 4.89639500015456
373.205 3.228314117830082
374.333 3.814701698389997
375.334 2.755343387825825
376.343 3.3169127420401856
377.353 2.9466011558062575
378.368 4.082378084660095
379.373 3.301018773872798
380.393 4.687345877748931
381.693 3.4559687293997716
382.703 2.8402531457205966
383.729 5.808210552908625
384.748 4.379149436331676
385.878 3.3148423434817986
386.888 5.364922608593058
387.898 5.637482638778718
388.928 5.900133085111292
389.988 5.801508546326786
390.998 4.102587877156827
392.028 3.064133143083381
393.048 4.687345877748931
394.078 3.9121959796876062
395.128 3.642737367858836
396.218 1.8740204471131858
397.228 2.8402531457205966
398.258 2.320918832677456
399.268 6.855870958240536
400.278 5.148650896115277
401.548 1.4908121155013077
402.563 10.315901301548234
403.568 12.30709566392135
404.728 13.639748792215194
405.738 16.510124858646353
406.748 11.353515163547517
407.758 16.345412322404588
408.768 10.345169931247941
409.868 14.806094607661006
410.899 14.61698513026733
411.938 16.00344396254072
413.148 14.005991556685574
414.238 15.27133212991153
415.248 16.64911547926988
416.249 13.289309204864766
417.258 11.38843655052699
418.299 12.831718288077413
419.308 12.354714841321915
420.418 12.926175512417007
421.428 18.2505642557684
422.438 13.081035930418926
423.439 13.19294492503434
424.458 12.632926941447003
425.558 11.089479122447093
426.588 11.911448587982077
427.598 14.61304706913458
428.608 14.721586632624323
429.609 15.272109006231485
430.619 15.351831239023218
431.838 18.467331885203276
432.858 14.743210411369885
433.859 15.371615599639904
434.948 16.687721813647144
436.008 15.503294344419187
437.009 16.62749355095518
438.018 17.01545755429838
439.029 9.265019124755469
440.418 10.924677972424915
441.588 11.33618680849143
442.589 9.91318433317331
443.688 14.986523193266294
444.689 17.300646925957338
445.818 14.637002848899483
446.908 16.21999218973584
447.948 16.22586951974393
448.978 16.405231538376253
450.028 14.577273668250372
451.072 14.361212884780638
452.148 14.300931880789836
453.158 16.27228364733028
454.168 17.02986903810683
455.178 16.483710873584208
456.179 14.563459127147963
457.188 12.449622327886031
458.208 14.656065067767466
459.218 11.29849563988809
460.248 15.706580679229925
461.258 17.68364400690919
462.268 17.148097574248148
463.318 15.937641689345849
464.319 18.800345126472763
465.328 18.47474675462856
466.478 14.940763030985082
467.479 18.248694539036663
468.48 18.788241400520043
469.488 18.632341271941783
470.608 15.384544910169168
471.619 20.500831022104418
472.768 14.89323582518267
473.769 16.412536033029877
474.867 11.842408675623206
475.938 13.247854399826277
476.942 19.49514230425027
477.959 20.939005575748887
478.969 18.162094707316964
479.97 20.590881896173823
480.977 18.930463301127958
482.118 14.758433216423498
483.158 13.973418488651069
484.159 18.757283793652743
485.168 19.565028257744768
486.318 14.520355896856872
487.319 24.710105713233936
488.458 14.965692622163631
489.459 18.25905253528046
490.46 19.057316539421855
491.467 18.999992115203785
492.478 17.913783805932727
493.487 19.67540728101155
494.488 19.493050674302193
495.489 19.450222105501613
496.558 13.986015287996041
497.578 18.322793919095776
498.778 14.790923343667288
499.779 18.727606388601114
500.788 17.798732966499607
501.938 14.035216194404713
502.94 19.21234721014027
504.118 15.390244620220823
505.128 17.451570041201723
506.129 10.33471986646479
507.13 10.10253781541148
508.168 11.386199778225272
509.177 12.309570282629194
510.187 11.205066260096759
511.198 10.055502573296168
512.497 5.604746083029378
513.667 6.620890695157362
514.688 7.024132412305046
515.717 3.1673063052972394
516.807 3.0704265657929177
517.832 5.046595404774175
518.841 6.277749220622011
520.383 3.49857728192685
521.392 7.663837269494323
522.472 5.766992548266589
523.483 10.002611625351246
524.542 8.307356316753086
525.552 11.404958994885924
526.572 8.336942616968946
527.592 9.149118945841396
529.092 4.203882242115834
530.102 8.752372023133198
531.103 10.549793766399812
532.112 13.11743851070792
533.122 14.840391893326498
534.133 17.218826709979336
535.142 13.024955667952048
536.262 14.571552766564094
537.282 11.979914939511552
538.283 14.646206715234253
539.312 15.152598963201598
540.322 17.23402953469005
541.512 11.2379802703603
542.602 14.5005191114674
543.612 20.63185999144217
544.662 13.289023681081499
545.812 7.067702393066893
547.102 4.9500966987939155
548.132 8.51003571980763
549.162 6.971578704111014
550.362 11.188696894469595
551.79 4.464138931195699
553.252 3.4720018119314697
554.344 3.2107460774412195
555.352 6.422896820708908
556.353 13.903922443773443
557.452 10.954238198137475
558.521 2.087162430136963
559.526 8.88030502610636
560.542 3.3369442364871986
561.572 14.4814250848622
562.592 12.845315030044905
563.612 10.530309825454761
564.641 11.90581564094304
565.642 9.346753234187128
566.682 9.124622221919818
567.692 7.816348051508162
568.702 9.646179756495524
569.712 13.339523881173976
570.901 8.31194750416977
571.941 7.694604822738831
572.951 5.838298132879823
574.032 2.7319458726407637
575.041 5.370239677588872
576.052 3.963364170891006
577.062 11.502425446646964
578.092 10.851992120834316
579.101 13.756043508488203
580.201 8.02652535819583
581.211 9.123090574567495
582.241 7.736396108905438
583.252 2.586931985355104
584.272 4.374856152571494
585.289 2.9774094759343575
586.302 2.922004336972211
587.311 4.26460209690881
588.362 2.5222837657045822
589.363 4.298684830947741
590.371 3.6482016958087904
591.372 4.93552702812087
592.391 3.605046970969774
593.422 3.400712625176303
594.461 3.9119454935732128
595.821 8.183410338795797
597.223 5.228965016268547
598.322 3.8759291400722815
599.323 8.119738014001074
600.341 7.9921538677770725
601.443 14.28214951740448
602.462 13.041642982453636
603.479 9.614379606224869
604.482 9.047032851720207
605.671 7.378686862940719
606.842 10.66671342963385
607.851 13.658942296568222
608.891 9.343056651529947
609.902 14.769710789433283
611.081 12.14685640123502
612.28 8.855041502114002
613.291 6.620702189346377
614.292 9.245850057113511
615.382 11.274048867522751
616.391 10.764148497187474
617.411 13.714255757085784
618.571 15.547509907045576
619.582 12.934775157621234
620.591 10.806522034378823
621.621 11.21121425594909
622.681 12.452795713921821
623.721 11.532217706851654
624.991 10.127468668427477
626.001 10.313565424992433
627.231 7.298669765104714
628.241 8.359968628006687
629.281 7.831938469256048
630.301 9.091098192766287
631.311 14.607510513437697
632.481 11.182150084792754
633.491 13.096722838634507
634.501 8.443247655424944
635.531 12.687689618618315
636.661 7.889928919446978
637.811 11.098748339979954
638.821 12.327004626264468
639.851 4.438700714879876
640.911 3.0069766008255643
641.922 10.180528016677556
643.021 12.024136262108227
644.031 13.626613712332107
645.041 15.538805343518057
646.051 9.445479607306591
647.071 10.716935633557561
648.081 9.539370366761174
649.121 12.148650868980424
650.141 16.06146933250418
651.151 18.394630052556625
652.331 17.339695250316215
653.332 25.95376355658678
654.381 15.139456403293591
655.541 15.832830465471776
656.741 14.598215635815334
657.742 16.566509393152714
658.751 14.840436590981339
659.881 13.060394294685832
660.901 18.3577434278334
661.971 14.71646510292619
662.981 18.169822816519865
664.161 14.078037283733737
665.163 16.333861814118777
666.171 15.422279746945883
667.181 19.63412649110611
668.401 14.985795501972476
669.421 15.057670581709628
670.431 8.339437233436191
671.651 13.743751075371641
672.751 15.898001986679592
673.871 15.293322531770587
675.122 12.443719970855103
676.131 18.360557576693623
677.15 11.286507692498137
678.161 12.071926751996328
679.162 11.623883064230133
680.163 20.216131918950328
681.351 12.990548040090749
682.361 14.068619078309101
683.561 15.823972572770131
684.563 21.159175106776708
685.571 18.285388807634334
686.577 14.251941816889175
687.741 10.505570113573768
688.75 14.124358450243092
689.961 14.150366332906302
690.98 16.21133591594454
692.051 17.242519071073815
693.052 19.45452823869624
694.161 16.317964497380707
695.17 15.212215309652994
696.171 17.118509126617973
697.34 14.436229927945393
698.342 15.17955060306003
699.351 16.77564873486094
700.362 19.34679432574825
701.591 20.692441035785937
702.711 16.803328538705294
703.76 12.65101140084465
704.8 12.519765363996264
705.81 16.889724968361584
706.811 12.959831818136273
707.941 12.96997919391794
709.06 13.686839784636422
710.28 11.866790573341572
711.29 12.581131076070472
712.31 5.299190708826118
713.35 4.958909622778159
714.44 3.5090589323285224
715.65 1.9990541320110413
716.77 2.134416426469889
717.81 1.685641690655184
718.86 4.608231415588979
719.9 13.49924774990605
720.96 15.068074046973047
721.961 9.165779254551772
722.97 10.664276263766121
723.99 7.397760230206875
725.15 13.974279865791317
726.151 16.166853672256714
727.16 9.867145744028889
728.2 7.339845336776392
729.211 4.6546338804660135
730.23 5.858334156171552
731.27 6.742566762606174
732.28 5.905082837697296
733.29 9.976642933174038
734.3 9.699699796282152
735.48 9.317696993336448
736.49 11.992641328271034
737.511 14.272589781104564
738.52 19.33191607363023
739.53 22.332736083339718
740.58 17.586038042636122
741.582 20.169098731735065
742.61 13.839506828976472
743.62 17.351104621709645
744.77 14.594408334192083
745.92 13.797964746685032
746.93 8.845109333451498
748.13 12.308537403604197
749.14 12.158507313634518
750.16 10.723788478403792
751.17 13.810246472466222
752.18 6.552052456535883
753.22 4.0734100504310735
754.94 2.0384504166059303
755.98 3.4073530666112126
757.02 2.7583227665173977
758.06 2.7583227665173977
759.08 2.2198648752391352
760.149 2.683494553029077
761.17 2.9657447963117525
762.189 2.0693035922441507
763.25 2.253106878094112
764.279 2.323174341745741
765.29 1.6930864882330976
766.35 7.160582838938044
767.38 5.87966104277221
768.417 2.5445399322052733
769.439 5.457868487793641
770.45 4.585034463140113
771.46 4.891547084306292
772.877 1.6870475636231226
774.1 7.602423825099431
775.14 9.11140413849708
776.57 4.123553226714937
777.6 6.962756498017806
778.746 6.891599900670167
779.762 8.17483686331772
780.769 8.027743663732531
781.77 7.615105746652395
782.826 3.259747740457651
783.87 2.900407506729786
784.881 5.073382692718357
786.029 9.149688026449576
787.03 13.558849871659831
788.041 13.907208076301831
789.109 13.625508849667938
790.11 16.568487886881073
791.12 15.215032171905706
792.121 19.868033415399502
793.23 14.738566048770776
794.24 13.722815028166085
795.249 12.814588952008595
796.25 20.848900746773516
797.32 15.40968479807546
798.321 23.193764889551726
799.34 15.461584923690602
800.43 20.656976610839283
801.51 14.315707106809214
802.95 9.207418527305883
804.09 18.142167355882084
805.12 17.11246597240389
806.13 21.870664360547746
807.189 17.279710368139458
808.35 18.501546832447396
809.36 19.151061994211453
810.45 18.627233123245563
811.58 21.582919631820896
812.78 21.981784766432778
813.87 22.46888618977612
814.923 20.172250165052432
816.15 14.69589783399558
817.179 13.975950436363261
818.289 12.953988184536845
819.3 11.658824250091744
820.429 9.977790661032055
821.439 14.947431972899754
822.449 14.209685907308039
823.474 13.384241134765798
824.59 14.32595812758707
825.601 14.505832203878986
826.669 13.471813912680364
827.67 15.96388349827441
828.681 9.780677059481555
829.7 14.530741285710132
830.71 9.643526823486443
831.841 11.476273256704939
832.849 11.464109193818402
833.859 8.461010772074186
834.929 7.222462964545415
835.93 15.68107528572068
836.939 12.49372775351392
837.949 14.194921758404396
838.96 9.588472046053681
839.969 15.511947469114126
841.149 6.299007221682698
842.161 10.000555574978739
843.18 11.640232847982483
844.199 6.673218269588695
845.22 7.891651559981385
846.229 15.270522220480895
847.249 15.568407145501142
848.259 21.26014373439239
849.37 17.876888680323994
850.58 18.50196183092341
851.779 17.302873131755643
852.98 19.972242577192617
854.089 22.25370838436913
855.09 26.270788071406205
856.099 20.074318918566018
857.1 13.359603921085679
858.109 10.872102876675141
859.119 17.550882011572075
860.219 8.873468453270842
861.229 10.571938030849875
862.249 11.028397432011705
863.263 9.345489445243258
864.289 7.865969433213864
865.339 12.065236121159211
866.349 13.089686798919203
867.359 11.496081476404692
868.449 12.237992657447354
869.479 14.755026578880877
870.669 12.732585732247957
871.729 18.577971880529244
872.749 22.855950787607927
873.763 24.430763594763967
874.789 16.414006121205812
875.799 15.298080509397684
876.839 13.678812052814559
877.849 18.527392047748116
878.859 16.243447418996027
879.879 13.060151716116225
880.889 12.989798103973424
881.901 11.116038907219451
882.929 12.602221691497613
884.109 10.03514919671333
885.119 11.853073983159456
886.239 13.069035939967065
887.338 16.368072927401787
888.459 14.530286836650962
889.539 14.713559631582124
890.559 11.4491621058324
891.719 11.957853899030603
892.809 13.775664162664377
893.811 23.97564203205064
894.84 18.574299651767365
895.849 25.192280179968538
896.859 26.994400755371746
897.909 18.399196612598104
898.924 21.042932784710228
899.928 21.17729047209774
900.979 18.690553469601003
901.988 11.009730278109172
903.088 9.371551906588353
904.098 11.253511123689567
905.099 12.36290864026342
906.178 10.982157030453152
907.179 17.694716311843045
908.188 11.445127032159103
909.189 13.463765793601384
910.268 13.862116373789892
911.279 14.174197894122448
912.288 9.665438470282696
913.298 6.639714590674927
914.307 9.770144413509005
915.317 10.246896065101696
916.329 3.7652454933778268
917.347 6.212177905416153
918.508 6.047679849605891
919.648 11.83817526517705
920.717 13.323859955624279
921.809 11.714699802990403
922.958 10.542594405460394
923.978 13.503873420182718
924.979 12.836234154875827
925.997 10.154697635346329
927.007 12.319528812643089
928.018 10.93344621678244
929.027 13.38299473831389
930.117 8.93435560827494
931.147 4.64183766534035
932.187 1.838881844349786
933.697 4.360433410230234
934.716 9.430651050885283
935.735 8.82735187651114
936.736 11.193618882394055
937.816 10.408049997147868
938.977 13.510298036008658
939.991 15.411791256080736
941.006 15.19976516460654
942.026 13.323986242849017
943.066 10.012586182700169
944.096 7.426940264547472
945.157 10.087923704894472
946.226 12.4105084347975
947.348 14.775875638564907
948.356 17.254701906404545
949.366 11.017284741202154
950.376 11.789749625736269
951.386 9.842612143890406
952.396 6.940995504268109
953.496 9.289367607248531
954.506 12.445024078338617
955.516 5.738409437948607
956.526 4.29382974346028
957.536 4.338237535083381
958.537 6.828014412677209
959.587 12.850767936597341
960.646 12.344096081070443
961.656 11.39019484598228
962.666 14.083844606861433
963.836 11.169504536038147
964.856 14.292293220225774
965.886 8.391501463624996
966.896 6.86440648182864
967.916 6.7098488213001195
968.926 10.63007186716707
970.147 10.70840353302628
971.151 17.776327321081105
972.156 12.379544894304544
973.166 14.54314805173215
974.176 16.540229880985372
975.216 9.766931462634291
976.276 3.4580230909392053
977.445 14.821923079109286
978.455 10.372968055358085
979.465 8.368388806682619
980.476 6.523101681929419
981.505 5.18751697556185
982.545 4.511623121521377
983.575 5.5702051984142456
984.594 6.412325960331889
985.715 7.023884766726538
986.725 15.245252539127774
987.726 15.25395341737522
988.735 12.77752653936762
989.835 12.558523473051757
990.845 12.939738411595643
991.935 9.17932280712404
993.115 13.333138855976786
994.116 16.260424784480055
995.215 18.082051110006194
996.225 21.484537946454758
997.227 15.129091232498139
998.355 19.291839642776523
999.455 18.73886750912966
1000.456 21.709429110533048
1001.475 16.996756671556955
1002.476 16.976988638331388
1003.485 28.94435875753346
1004.495 26.643175494312953
1005.585 19.786445269401945
1006.587 27.424202839215667
1007.625 21.436708793789116
1008.627 22.319319006399166
1009.628 21.32129520554117
1010.665 20.047716755883343
1011.815 20.999488302173397
1012.826 22.1074943928723
1013.835 16.729695961468384
1014.875 16.628685011453847
1015.885 15.97204083797577
1016.975 18.030312614801623
1018.115 13.049553851666348
1019.295 16.09296531718573
1020.445 14.45248293786234
1021.454 13.702008589131273
1022.465 12.792810783196567
1023.645 19.290845366678038
1024.735 22.599399766280914
1025.736 21.544748608137255
1026.775 19.714348489786083
1027.776 22.83402818779582
1028.785 16.162675685950184
1029.815 13.57963727526996
1031.005 12.697734121307375
1032.006 21.776814277122593
1033.015 21.473684778872506
1034.186 15.418573194417089
1035.187 19.801812068470277
1036.195 22.18126509741202
1037.205 12.272814122747423
1038.214 24.028220229248948
1039.355 23.74126356767475
1040.365 19.705542139891808
1041.424 11.863911612583303
1042.435 10.214866802059591
1043.444 8.150959758319127
1044.464 9.012861547398439
1045.494 6.330837710587966
1047.864 2.550675117286053
1048.874 15.63214052689832
1049.885 16.404260019359135
1050.887 14.561946509846836
1052.066 11.570194447614206
1053.205 13.61987571850324
1054.266 13.701788552776367
1055.274 17.25655108680495
1056.325 14.632903734459928
1057.365 13.832836330104874
1058.405 13.498127573342828
1059.524 14.750629121163687
1060.535 15.91326148085374
1061.554 10.314049330298493
1062.555 13.298503381331743
1063.565 9.524606217857531
1064.594 5.87280812033807
1065.604 15.37086314982285
1066.625 13.740759352688329
1067.634 11.409219211809154
1068.654 6.601916514902812
1069.665 5.971837422780578
1070.684 4.583450293753434
1071.705 5.619305929846949
1072.714 6.215054859053261
1073.894 11.286420591463521
1074.914 15.715400667587494
1076.044 10.874658203992263
1077.054 6.54616986595686
1078.065 6.306598480987333
1079.074 14.538741624543913
1080.075 18.78696119870438
1081.084 15.431241467793708
1082.094 16.292469007251633
1083.095 15.31295908144933
1084.164 13.440903212204047
1085.184 13.290521517172335
1086.194 11.203105396560709
1087.195 12.802483380532506
1088.214 12.396386105400094
1089.254 9.825180643863659
1090.304 14.337730844849435
1091.305 14.846965631614385
1092.326 17.067181253482804
1093.334 15.176338759516813
1094.344 12.14351247490653
1095.355 9.302123449895808
1096.364 11.719227242736144
1097.386 13.154853740532701
1098.454 14.195783605222354
1099.484 16.00732742263846
1100.524 18.21552712934049
1101.54 17.849934134559536
1102.544 17.805549320199706
1103.624 8.472127672100632
1104.625 16.362142635490645
1105.634 15.460337193609128
1106.635 16.675210162853357
1107.644 18.66236800243005
1108.654 15.57248605825091
1109.655 14.18638151039995
1110.664 14.16349912901374
1111.674 15.106838643210729
1112.675 14.220597812651087
1113.683 13.857410870199828
1114.684 15.91511944843438
1115.685 18.758331231448974
1116.693 18.51815438494715
1117.694 21.285216791702453
1118.704 15.785643458041793
1119.715 18.060126951737242
1120.823 11.597533006362907
1121.824 16.65996412351196
1122.835 13.337391654590103
1124.024 13.797168551718313
1125.035 19.80817854262842
1126.038 13.673632325121664
1127.183 14.893272751086126
1128.254 15.022958766765274
1129.394 16.771880915260837
1130.395 18.46225547313658
1131.544 16.2528903427374
1132.555 18.837704548004567
1133.764 12.769916448699748
1134.774 17.87280966476442
1135.814 14.40715085348848
1136.904 16.339483170575548
1139.834 1.6330446221492652
1140.835 4.495603141909999
1141.844 6.107100479580158
1142.875 9.060770310836482
1143.884 16.859472135375864
1145.014 13.27906069006862
1146.016 21.426970043862852
1147.024 18.077933886333064
1148.037 18.012854899920175
1149.044 15.894333187483877
1150.045 18.14115758899634
1151.153 14.588581038920061
1152.333 17.913597776541994
1153.334 20.27758160464605
1154.423 14.577486094713807
1155.523 16.4736098048677
1156.713 18.77013784114306
1157.714 13.319568519790247
1158.803 12.275012031195423
1159.894 16.507209307135852
1161.013 15.98088930814424
1162.104 14.175426776458103
1163.115 16.18405391585477
1164.124 15.564827796223712
1165.134 15.026097203816569
1166.143 12.771407200204791
1167.173 12.787900831373234
1168.174 16.0091560886966
1169.183 17.72276079356949
1170.184 13.19271216107315
1171.195 13.642522874958603
1172.203 14.665155964620801
1173.234 14.93099963000532
1174.253 15.22961713429943
1175.373 13.96763357682304
1176.503 15.367877872149318
1177.504 16.044187064739088
1178.653 9.105021276892915
1179.654 10.227066534531247
1180.663 10.42516019968582
1181.664 11.987576753224326
1182.674 16.48001983630733
1183.684 14.790908925538703
1184.813 14.390591786413077
1186.003 17.247337817596097
1187.053 16.46188432041016
1188.063 18.361295372618535
1189.173 15.988718049797615
1190.193 16.8354981582755
1191.253 13.740102619090854
1192.394 15.831627158400252
1193.463 16.011168767413192
1194.473 16.743121583563823
1195.563 13.265208952480748
1196.713 13.689975829830713
1197.893 13.934981243725025
1198.903 12.42645354728961
1199.913 12.772603632183705
1200.914 9.067203717075486
1201.923 12.608378768309924
1202.924 12.618367087406533
1203.943 19.49021033719258
1204.953 13.624425817093105
1205.954 15.930947397824374
1206.964 15.95081737396137
1208.034 15.559826145524895
1209.043 18.121967493516458
1210.213 10.421923591313893
1211.214 11.881203623062762
1212.223 10.444788268691521
1213.292 9.961972225524514
1214.293 9.4442813338235
1215.493 8.106635633664723
1216.503 10.181380154332679
1217.943 7.142158635132961
1218.953 9.809162119025583
1219.954 10.507547107473082
1220.963 10.22368384439201
1222.053 7.783373163015721
1223.063 11.676019541198787
1224.083 10.448760971733645
1225.163 7.598282084811916
1226.173 10.006055886069152
1227.183 9.835114724526411
1228.233 10.1638718950057
1229.243 14.414538473378853
1230.253 10.481392273891966
1231.254 10.729371162268032
1232.263 16.85450738844581
1233.273 14.765417699686564
1234.283 13.208953439299192
1235.293 13.965731415617727
1236.295 15.471377838365507
1237.324 12.669904511912923
1238.343 8.56703119808448
1239.353 10.508267638690171
1240.363 11.057655460855546
1241.373 7.867676537934398
1242.443 7.555735382750822
1243.462 7.69117844558261
1244.503 12.143135748006559
1245.513 16.002145860314794
1246.514 17.53632043651586
1247.634 13.391382748238748
1248.643 17.41737113185029
1249.653 18.579527948574118
1250.655 12.853885189615529
1251.663 15.826325654750647
1252.743 16.18572156195376
1253.753 17.31165666136819
1253.901 17.229163226400683
