0.0 19.551581657091756
1.28 22.95307325884751
2.43 11.886550798763027
3.441 13.7763762936137
4.45 13.167849080628734
5.451 14.492019887287896
6.46 11.4460986776366
7.471 13.695644935807504
8.66 12.210681754681719
9.671 16.09018580441986
10.672 16.183244512907002
11.82 13.546666656989467
12.821 16.77613869714205
14.06 12.936657862783026
15.061 16.870559834863474
16.269 12.064863355667457
17.332 13.843565438800022
18.53 15.146416853188946
19.532 17.202649022211222
20.71 12.765792734150155
21.711 15.358521832352123
22.712 13.49776623572802
23.72 10.815294389299401
24.809 8.645661255799636
25.81 11.216896924247827
26.82 11.672496927828496
27.83 11.470927997283386
28.839 11.653430842474599
29.86 11.25085747831274
30.889 12.100601315649854
32.129 9.899745563575909
33.13 13.992711255507322
34.132 12.09461987724999
35.14 13.70920735368381
36.16 9.091293559002127
37.35 10.59685113335544
38.36 12.981425135036554
39.361 12.57268047763362
40.52 6.762091109051204
41.529 9.630952088433629
42.53 11.027683277622979
43.539 9.898153603388314
44.55 10.798369067377907
45.739 5.391440301847581
46.749 6.386427637554103
47.93 6.842692365644668
49.039 8.883776868113841
50.04 17.611352615182806
51.05 7.404487104769438
52.06 11.397131568085758
53.062 14.135772481861878
54.07 14.125205037373092
55.08 8.1819260453432
56.179 9.087483212167664
57.389 11.586387675047076
58.59 11.74510100599585
59.8 11.568184576131221
60.85 11.543316151206348
61.89 13.682183390753355
62.95 11.91119437584345
63.951 16.908439701305483
65.01 13.695942062822432
66.16 13.042670318821994
67.17 13.423956937231026
68.39 11.531410085657477
69.391 13.472512991472069
70.393 11.830189192662367
71.4 12.05653207785641
72.41 13.084327735048527
73.411 13.967922225185305
74.419 15.011044076634978
75.42 13.166503089968874
76.421 15.63500772031518
77.422 15.3308546750124
78.43 14.348877550877733
79.65 10.775660404662839
80.75 15.56815811181871
81.77 15.180947761312328
82.889 16.197629506569083
83.958 14.455101886264593
85.06 12.463581835232887
86.28 10.636977199053154
87.29 14.10698797717557
88.31 11.896036890580552
89.34 12.244497820235202
90.359 11.112513907939553
91.509 11.892773446886622
92.56 10.841991739148641
93.689 12.868578009522214
94.919 12.091910667983644
96.059 10.581539289233941
97.06 10.288747353399508
98.249 6.358549495558014
99.25 11.733102947475416
100.34 10.834506605837241
101.349 10.520242204569023
102.531 5.238598760551209
103.539 8.876830005556787
104.67 6.423324469067109
105.679 10.251106449067318
106.68 9.532171295295324
107.7 9.146052703407156
108.711 9.3443995131205
109.72 8.68262158240271
110.721 11.16267672325378
111.739 10.969602256708656
112.74 3.6063861088456806
113.9 9.811601420854235
114.919 12.670531332548677
115.92 9.771427216486519
117.059 10.518537139066613
118.07 11.546542437936829
119.079 11.54962660000906
120.09 12.214281885542219
121.119 8.693051031747654
122.13 13.264611033012441
123.131 9.977074040473427
124.132 11.053586421583923
125.14 8.835248676806293
126.15 10.254483116894294
127.17 11.002123470002813
128.179 15.44748972018757
129.187 10.433870981191646
130.19 10.360796428561429
131.379 11.346591224010073
132.4 12.063976171712918
133.54 9.340359190159333
134.555 10.10636309580888
135.559 8.436409751519689
136.779 7.195047764257127
137.791 9.31248300546941
138.799 7.693652196447138
139.809 8.628569271477579
140.859 7.28889898915533
141.87 5.674038739111018
142.871 6.733424790018785
143.889 4.522259817316322
144.959 2.614010658691368
146.199 1.204116287809023
147.2 11.588175321149158
148.319 9.44040194406117
149.33 10.136335217766675
150.339 10.086327576182466
151.4 11.132657606385065
152.529 11.38893909171666
153.65 11.844777442986311
154.679 11.934509318229503
155.68 14.436871258158789
156.682 12.127546181394772
157.689 9.23330014842122
158.889 9.654620284672474
159.89 12.663202217287704
160.899 11.60673274936918
161.92 11.84870406713397
162.93 11.857761149856003
164.07 10.773769349896375
165.079 13.195757408426873
166.149 14.245124738224082
167.16 12.457422144160017
168.22 12.24690250248527
169.23 12.836345968508724
170.239 12.88462100113495
171.24 13.740735869366514
172.25 9.552312853490838
173.339 10.32387944779734
174.559 10.870500476511511
175.62 6.078657392131825
176.621 8.318344398303509
177.639 8.60029086623143
178.689 5.3404366468937
179.729 4.607106262074713
180.749 4.340823889937853
181.919 4.225236047937923
182.929 4.783333635574457
184.169 5.207919114346046
185.209 6.968029286425615
186.258 3.100542458400098
187.261 4.440877298494066
189.167 2.247814056247847
190.369 13.428042057906797
191.379 10.517831471487712
192.39 6.124744481321758
193.63 1.4179432372142695
194.649 4.99061719118601
195.659 6.538437239844154
196.671 9.274555708457372
197.679 9.494003874036364
198.69 8.150576246942064
199.699 7.233967522673041
200.769 8.729524031842724
201.799 10.489457644060586
202.819 7.229118195609892
203.821 9.5829457493801
204.83 10.883142573041365
205.839 10.989894229654986
206.841 9.774845814765724
207.879 9.698614303636191
209.099 12.000049541096338
210.11 13.304782032343152
211.111 10.868829229828455
212.119 9.491791120393664
213.12 8.130987607867457
214.259 8.474605531442531
215.4 9.506152525012197
216.529 10.14505012048817
217.539 9.148088771829572
218.54 10.214473105464208
219.541 8.727316976038423
220.559 7.239851674579501
221.71 2.8626764832029923
222.74 10.255674851598554
223.76 7.767324961027557
224.761 3.4411259071713407
225.82 4.107246854989632
226.841 4.482757126384702
227.849 4.1158139621774295
228.85 4.235581831717532
229.871 5.195203114606799
230.91 5.026591022912199
231.93 4.7845460750642825
232.94 8.523211526538521
234.05 8.849399834352269
235.1 6.648351066428373
236.281 6.10581730024311
237.339 6.908421815572377
238.34 8.136465333658684
239.35 8.423466726964792
240.369 7.068672978847071
241.51 5.115207649075123
242.529 6.6125677783127506
243.53 4.356370327438389
244.66 3.2656715814109774
245.669 3.4995937817433256
246.681 3.8944813846865607
247.81 2.352943045049749
248.819 3.8029932268471622
249.83 3.8983334928884497
250.849 3.1574409202981744
251.9 2.540300125456653
252.92 3.3095114847054634
253.929 5.305161274924376
254.93 3.429242027500299
255.947 4.868384365397411
256.95 3.5491597631804424
257.98 2.26898335863546
259.539 1.4659868968096121
260.57 6.450817045470447
261.749 2.3378164452084933
262.76 3.9021932290163766
263.769 2.772043017643136
264.77 1.6069233542364127
265.89 4.010837241727938
267.049 4.8637661367286755
268.061 5.653279429395334
269.08 4.462188170609534
270.089 4.5135042528420435
271.101 6.241473950920739
272.12 6.049572896723003
273.13 4.680828371060675
274.15 4.985724429228286
275.16 3.292406525358122
276.439 2.66352563468402
277.59 4.850901950638076
278.599 6.488992237439457
279.809 4.315977796939186
280.819 5.790351243052811
281.83 3.4383433778552077
282.95 3.167529171391581
283.969 5.586992297417749
284.989 2.2216176673568246
286.02 2.7337143943598083
287.341 1.3303657784059673
288.442 3.3382553991645896
289.451 3.150048883685382
290.472 3.761390771882768
291.482 5.2868424393136335
292.513 3.5571549256463744
293.522 6.240596844002259
294.532 5.204212522326419
295.541 6.848685227927308
296.542 5.13225769000366
297.552 4.328593045636829
299.072 4.911282395939316
300.171 7.38944144057842
301.192 6.839517361190726
302.213 6.580590611839924
303.352 6.019684562238886
304.385 7.318615178046992
305.391 8.267115932261227
306.421 6.2566446914099165
307.504 4.231618566771043
308.922 6.859854655323342
309.941 5.88504304633693
311.052 3.118656170457583
312.082 4.230647461724592
313.131 3.1511299300058813
314.162 1.9730121892637384
315.172 1.888158014036435
316.221 1.262206143523386
317.263 1.586149374558242
318.332 1.1892981566406515
319.532 2.1189328824231835
320.561 3.706588132523497
321.611 2.7848832169023603
322.872 2.918290796147933
323.907 2.211060399054824
325.082 1.8809385172375197
326.382 6.201167173414564
327.661 5.465837115122341
328.672 7.175000453350068
329.875 6.4127917986484
330.892 8.181261669922849
332.071 7.2723921848583375
333.082 8.19938814763321
334.092 7.114822317824178
336.162 1.2897852327848849
337.211 1.3716203772086637
338.422 1.6797486103470771
339.791 1.5794987817776556
340.811 2.1189328824231835
342.116 1.1667875359795885
343.151 3.077921067200156
344.211 1.799093956770894
345.411 1.4610259074202963
346.462 2.4193334528169657
347.491 2.5946116927687717
348.521 2.1413998509061143
349.542 2.7394626883403985
350.791 1.5935227694407903
351.821 3.4594822570134114
352.841 3.7314575708071116
353.901 3.1199200025269516
354.911 4.028070429948266
355.921 2.762857335746007
356.941 4.362508875580558
357.971 2.2142144836817175
359.011 3.7896299627908405
360.021 1.7908976329122401
361.071 4.72219328082383
362.072 2.568310651037318
363.131 4.682061326595371
364.161 2.8129727279134396
365.382 4.352220002911169
366.431 5.211484115018663
367.441 2.534198823809814
368.501 2.278852345249328
369.532 4.315964163999181
370.571 2.894153974958652
371.602 4.19265090217528
372.631 4.564955910580593
373.651 3.2186714398250524
374.671 4.113222654112175
375.681 1.9509125835086993
376.711 3.3326905529367568
377.752 2.157874795699652
378.791 2.5696394916770955
379.901 1.6035167758827908
380.912 2.7844845272852394
381.992 4.635595937951847
383.332 6.054619065936327
384.342 11.07896140131042
385.353 9.861566656841072
386.362 12.519233752045594
387.372 10.128605915962403
388.432 10.450614150372235
389.601 11.128646574383398
390.791 10.89629492843945
391.861 11.81698538500843
392.882 10.537536319695596
393.892 12.450156924483691
394.893 12.072629103303175
395.902 12.096556140111666
396.943 11.730336303046323
398.171 10.683437637409435
399.184 14.5469091620526
400.202 9.88267506466405
401.291 10.271309785645524
402.452 11.717897038439165
403.589 13.287918376631017
404.652 11.704122016316875
405.662 12.145372687178854
406.672 11.856986632954973
407.683 13.088116024941764
408.712 4.185987981631378
409.722 11.251287004130461
410.732 11.070660582032712
411.802 11.86883826786943
412.862 14.027233978439257
413.872 15.921717623932034
414.881 13.087992578281893
415.892 15.474751387889778
416.902 14.496857641190378
418.121 11.576473547437537
419.122 13.392761017687459
420.123 15.02883701429363
421.125 16.153459297906362
422.321 11.412513697292285
423.322 15.789683841600683
424.324 16.04995012779949
425.332 14.744315065358283
426.512 11.446679574245813
427.522 14.977822647890072
428.741 8.649724759119817
429.781 9.242986832005617
430.782 11.976629637881098
431.831 10.292557094827895
432.841 13.540448557369057
433.861 11.770391532666759
434.902 7.7606180181079685
435.921 11.331674235247853
436.941 8.783968111269427
437.971 7.604933486417563
439.011 3.3734748331761484
440.012 6.786623720114219
441.031 12.990014739459852
442.032 15.931640497983045
443.033 17.211478632841548
444.202 11.715059753504258
445.203 16.276273008478118
446.371 12.862596698095684
447.372 16.72266123854685
448.383 14.045417595277463
449.392 15.490135118726114
450.542 13.13083796853665
451.543 15.83768357431172
452.692 12.786538436030078
453.693 16.32752223953988
454.846 12.565013094835303
455.851 16.501025681824913
456.863 13.226065789117875
457.866 8.72585167026607
459.051 13.540504823633633
460.052 9.783496781777604
461.053 13.361101619563312
462.183 11.249408422246335
463.423 13.705610439442424
464.492 14.628888948761468
465.493 14.870818551824144
466.503 12.457702195294281
467.523 12.113342313859906
468.532 10.568229791368584
469.542 15.185041548934734
470.544 15.143781138482312
471.552 14.751783108848668
472.792 10.122566285833875
473.802 12.284177472719653
474.803 13.413093593058774
475.812 14.627187516636484
476.813 11.864382680705386
477.823 10.59944921799807
479.011 6.615328735800147
480.012 12.270291445698
481.102 8.231967280900564
482.111 9.6435707053052
483.122 8.687599079080751
484.532 3.5190226720167472
485.542 3.4296936480143545
486.543 8.670682861983837
487.551 9.008396648862618
488.561 7.481688107385003
489.651 11.273094677102288
490.661 11.946832151656876
491.741 12.078450949347413
492.871 11.532492065365588
493.872 12.209665090800902
494.882 12.991024020300076
495.891 9.182300389236966
496.982 9.332323955721888
497.992 12.910878521762394
499.021 7.504305588270888
500.022 10.551771033932788
501.161 10.944866186964902
502.211 10.369494602052244
503.212 9.753972768214231
504.213 9.623621463084469
505.262 9.627389429669758
506.263 15.83629093216141
507.271 9.988646509883923
508.272 9.030170222024147
509.431 8.914846474920092
510.451 11.803921258362696
511.452 12.053967698581936
512.462 13.08193533203775
513.481 13.539967620709936
514.491 8.925319251749231
515.492 10.42309089937178
516.503 12.50430363072054
517.611 11.142716357053626
518.621 11.843866809740213
520.061 6.605336979690424
521.188 4.625177365365873
522.271 2.333517271373442
523.291 10.006618625087961
524.851 4.885436627197624
525.852 10.09247765321308
528.371 1.3287326452381805
529.391 8.186993212507605
530.581 9.19406945732946
531.591 12.01299129460516
532.601 9.012365912631239
533.681 8.66435648413803
534.691 9.372054493380451
535.911 9.42893138436753
536.991 11.526344330812952
537.992 11.24883485087174
539.122 6.891713236123996
540.131 9.404369624873453
541.291 10.380031124456272
542.301 12.365042588977241
543.311 8.462941375504172
544.321 4.552742798181389
545.521 9.798980331929153
546.523 10.695398860883904
547.561 8.533784975971573
548.621 3.986676477026912
549.67 3.6359191500157224
550.692 6.34435872819791
551.719 2.7014683945274482
552.728 3.906060615769874
553.739 2.2652031204432217
554.759 3.1160777682734873
555.818 2.509262623922191
556.839 2.2413785631865424
557.869 1.2343298344158582
558.909 2.322676428804666
560.169 2.4418473964619944
561.209 6.32167969388008
562.219 6.417810120390398
563.228 6.07848906519564
564.637 4.902883725398242
565.926 4.931573814791668
567.037 5.706500255548765
568.067 10.638335146024142
569.097 4.196721437030181
570.147 2.1794738219160097
571.157 2.0225926562673897
572.158 17.50774003929256
573.207 12.52070930302107
574.208 17.521480775245337
575.217 16.196225023487255
576.266 13.213784242354231
577.276 2.8951756215264055
578.327 3.216846918122213
579.477 14.472321616565985
580.557 12.912118174983712
581.567 14.129899836028159
582.568 17.632149404604228
583.569 11.837736794182957
584.727 17.558899474300276
585.837 17.998203176926573
586.947 17.13783671970317
588.067 18.290483263113206
589.147 18.985807287528345
590.357 11.195750708249665
591.367 23.358042090886954
592.368 16.27850123589538
593.587 10.849608483284664
594.588 14.897000224180301
595.597 17.7725389590996
596.598 13.190270849241259
597.607 7.682342901788239
598.617 14.18575324326065
599.628 11.048771360209598
600.637 12.939516589947905
601.697 13.086392007245946
602.707 13.005838515384267
603.737 11.290238147020856
604.897 12.228328976787902
605.988 12.25907295362112
606.997 12.531852368870696
608.015 10.34397550993652
609.017 7.899159482105309
610.027 12.298791430671521
611.157 11.103836647607652
612.158 17.030620839083717
613.168 10.669288980796724
614.187 16.730150346019098
615.197 17.56097371651835
616.267 14.013827875310447
617.367 9.371969169912775
618.377 10.956929426799887
619.387 7.1962560333408545
620.556 9.361776385889163
621.557 13.289519813130232
622.577 14.9637334514499
623.587 16.54668688469669
624.588 14.976009455415044
625.667 8.88874825074116
626.676 11.362742120920664
627.677 8.709676842146093
628.688 13.67578924742424
629.696 13.336266167882753
630.697 17.938159306223593
631.707 13.868023729488735
632.737 10.433696252417871
633.817 13.059610497982932
634.997 14.97399101025267
636.007 14.426005707810312
637.157 15.004016659661351
638.208 14.541113681039858
639.216 15.627125393383478
640.387 11.373308040649047
641.388 12.809429642954253
642.397 14.57569987553753
643.407 12.16389671093313
644.628 13.163220134666993
645.768 10.93583608467102
646.776 10.606650160983868
647.846 9.290785889783988
648.937 12.635756231815625
649.947 13.49491994567687
650.948 14.187031256601992
652.076 13.636082515697803
653.078 11.13836580568299
654.097 11.848885311521803
655.287 10.56566598724963
656.297 13.57431026060119
657.307 9.964358252453215
658.308 13.258138943273506
659.309 11.981271778382139
660.317 12.103117005819689
661.327 10.828107729934262
662.436 8.490245916572128
663.437 9.860277785583463
664.456 10.533193725219974
665.466 7.484908649809257
666.486 7.486331281574456
667.516 4.320154420478738
668.556 1.9243041788992263
669.577 2.7394626883403985
670.706 2.242391599846918
671.746 3.300645451465988
672.766 3.669956035907741
673.906 6.516256661961637
674.996 7.078030469758572
676.017 10.274259419329333
677.026 8.929006984847994
678.046 5.196014121901923
679.116 4.314472536538199
680.206 6.897019102088282
681.217 9.480447748577532
682.227 7.584561433886146
683.327 7.008446546881291
684.427 10.799376309012422
685.563 11.886519070879693
686.576 9.71338121349381
687.598 8.003378345171093
688.706 5.209345292953964
689.726 4.99061719118601
690.756 3.9471486064812815
691.776 4.38674503600271
692.816 4.27861447412731
693.826 2.9363985645289814
694.845 3.618197463612761
695.846 2.3828107168016834
696.856 4.153947630891773
697.898 3.904367691218501
698.906 3.1873794154765225
699.916 3.0210528224699122
700.936 3.3653639897302545
702.036 2.8548142781876766
703.057 5.4789253766924135
704.066 7.816910779544901
705.077 5.4201433159067856
706.096 2.9069068299457492
707.208 12.229145132114105
708.217 12.990912124380145
709.227 13.323107951671982
710.237 12.92109224200458
711.256 13.042729957489069
712.437 11.136854630032259
713.439 14.238817901202875
714.446 14.403826409245138
715.456 15.550895167949
716.457 13.217195264147282
717.487 8.706869452415065
718.488 8.490753496337831
719.706 5.735610029803642
720.786 6.053467002918106
721.816 5.924783205217029
722.826 5.063612841749093
723.836 4.087420426002597
724.846 5.035088037438237
725.856 5.055239431455325
726.866 4.006630818975418
727.956 4.146891139638121
728.996 3.0561531958035615
730.096 1.6700536796993246
731.097 1.9051344597210975
732.167 1.5340462604308966
733.177 2.1399124159118315
734.182 3.162586391674659
735.217 2.0300379102396495
736.237 3.2407208789960626
737.248 3.0108945299455243
738.257 5.166080169232409
739.288 2.8918221876706993
740.298 3.7763160280844863
741.402 1.379218962368692
742.408 2.7657835201382546
743.477 2.6164559446210505
744.769 1.4458255572952639
745.819 1.4529825479440066
746.837 1.748431847973165
747.898 1.1982655320040994
749.467 4.22623251934096
750.558 2.214100353774566
751.598 3.4228915792972012
752.625 1.7956398805037448
753.628 3.5491597631804424
754.647 2.9628141460718997
755.668 4.861081318505711
756.678 3.28053652614958
757.778 5.421190085072526
758.779 6.396869604030371
759.788 6.672393018473513
760.798 5.161885393350145
761.819 8.759890707676535
762.82 6.853841914499559
763.859 5.677214513258036
764.868 5.943368547287666
765.878 6.174976023689647
766.927 6.01893458122145
767.928 9.654816647216597
768.948 10.297725890276764
770.078 9.405005813131051
771.297 4.956466493679834
772.327 4.2007998835204345
773.358 3.6478370465519934
774.378 4.516490496284175
776.159 1.2849228034907765
777.259 8.834632123180217
778.418 10.790318417877996
779.425 10.80176233142141
780.428 12.471909002848522
781.429 13.011362754517096
782.447 13.584398883181635
783.448 10.174086483140021
784.468 10.663819471353621
785.628 11.767015624635214
786.638 14.838480269328176
787.808 10.100437376782127
788.837 11.899376209497106
789.848 11.5214470539599
790.868 8.008410977841917
791.928 11.663249068308726
793.018 14.418582843012622
794.019 13.72708797624699
795.038 12.492959481857795
796.067 8.72366831675903
797.099 5.586225204100489
798.308 3.901836887771499
799.327 3.742962893383699
800.357 2.377438363091523
801.367 3.7763160280844863
802.397 3.591196033616714
803.423 3.8406156686987485
804.448 4.465263440029278
805.497 3.3554288958955416
806.517 4.237865764846367
807.547 3.5239755857625186
808.568 4.388000990729982
809.677 4.020619248923435
810.717 4.156368346296097
811.767 2.7425753673691617
812.819 3.7464022445891363
813.827 2.961862940674603
814.843 3.3786134542540536
815.848 2.9283515574677255
816.859 4.411823657268891
817.877 5.48630745278722
818.878 10.32746280514332
820.038 9.283069954380272
821.048 14.208481071166029
822.088 9.90336613366996
823.119 14.7700081898577
824.127 12.884034643382828
825.168 10.598771078807548
826.178 9.551944791491861
827.207 6.346809645133642
828.208 3.3022330635196666
829.257 2.3693718749516757
830.317 7.109402084153638
831.328 9.763212374351019
832.358 4.688829252600805
833.398 7.936615382605021
834.428 9.521122279815122
835.498 8.417538177048353
836.567 11.606524152264583
837.668 11.964642290310817
838.827 14.730180679886322
839.837 15.37887023420042
840.847 15.750476782593298
842.027 9.934821277677118
843.028 10.299609962160321
844.057 6.127069661546968
845.058 4.537878020843131
846.059 4.341144106606599
847.067 7.29941325685106
848.097 12.106538001699331
849.117 13.999753837720759
850.188 14.984006605391228
851.198 14.052902288887054
852.207 10.563870257337284
853.208 7.902872823878756
854.228 7.0932681385202345
855.247 7.001274109990171
856.286 1.7130929944475246
860.757 2.031551335351387
861.827 3.564559989119312
862.857 3.3955800189155645
863.927 3.6383873768092423
865.077 4.140889431554182
866.137 5.041671485882562
867.298 11.636728432211017
868.308 13.630807776265094
869.327 12.174023291919243
870.328 6.763413017632261
871.329 9.615915509852744
872.337 10.738124606220769
873.347 5.601995519139177
874.387 2.863847883598051
875.447 4.0381417866062534
876.448 7.437358974899274
877.458 13.680404129549823
878.467 9.12685216035402
879.618 9.293080813390182
880.627 11.820143955929707
881.667 7.637255347346329
882.678 10.833484220036071
883.688 8.66997624546222
884.848 9.30590328286187
885.858 9.916418178123227
886.978 5.3657062934327024
887.984 3.9177089078594993
888.987 1.5181034241886964
890.037 1.5366246354080795
891.038 9.355584270821684
892.057 12.541479371235106
893.067 9.608902384605114
894.087 8.044127424777379
895.108 9.291835815021264
896.127 12.60656609681046
897.128 11.040309899774186
898.129 13.821044899918313
899.197 10.8128195445232
900.268 10.284965677643742
901.278 13.933808335483329
902.517 8.5221018448847
903.537 11.279108160516786
904.538 13.826893996903154
905.547 11.375729164563648
906.555 13.933525253601259
907.797 7.642573130460984
908.887 5.676322092681506
910.077 8.50493987769274
911.087 7.92511079109513
912.147 4.139055877458487
913.152 10.300044521942224
914.357 8.110313170625961
915.358 13.072360480631044
916.457 10.25776210046327
917.648 9.815518742433477
918.808 10.440920000383965
919.937 12.096122610509857
921.027 8.371456022079414
922.178 8.920207794844883
923.338 10.008929449043363
924.447 10.49954992532019
925.457 11.86889502506659
926.458 10.580088090954272
927.617 11.526506707602056
928.618 15.444122903121574
929.627 12.737526613266372
930.628 13.634245166342387
931.629 11.916003282984
932.677 12.742382516804815
933.687 9.561514403267783
934.697 5.445293126452195
935.737 2.912728462493557
936.747 6.031339831693363
937.748 12.650389909551306
938.787 8.972449784541976
939.788 6.901748804423811
940.797 11.98989659019961
941.807 15.86337979833133
942.877 11.534269918024755
943.888 13.103559338102933
944.897 9.956549246442576
945.917 7.561226484080434
946.918 11.018027625392435
947.928 12.577506373295321
948.929 13.580767707863357
949.948 13.849327516764289
950.988 14.70304579151649
951.997 14.600016042404409
953.077 12.650177316689938
954.417 3.3207157112642003
955.617 7.158368652133583
956.628 9.555641976018721
957.629 10.894546688180975
958.667 7.729954253153738
959.797 10.016736242395513
960.877 10.686911652614285
961.917 11.052819307867289
962.918 12.22674816782149
963.928 12.784357212329388
965.087 10.829689777233394
966.088 12.05851699624972
967.108 10.523322631627071
968.157 6.256722276125791
969.177 9.206734217844609
970.218 11.154510212618144
971.347 8.997471790256547
972.357 5.9073949562067325
973.367 6.294596170778326
974.376 5.050946803601058
975.388 5.227263131912941
976.407 8.906302956578354
977.467 8.364647122127106
978.628 11.841170858674088
979.708 11.862805814301707
980.829 11.460682100336747
981.837 12.389023215271168
982.917 11.208642080899695
983.937 12.506587683771215
985.057 12.958798056929767
986.058 11.84302883440061
987.067 14.11544273312844
988.078 15.225819886822022
989.079 14.80870671194348
990.088 14.914284077177841
991.217 10.696407961080453
992.218 14.425544435405957
993.448 10.16149360142856
994.457 14.188575446946341
995.657 10.83993708896271
996.658 12.946929844502085
997.677 13.077843035335553
998.678 15.080643302238753
999.688 12.375256309219429
1000.797 12.615197796437664
1002.008 14.340485394870342
1003.188 9.257099843938672
1004.197 13.229560564637342
1005.198 15.148325710604494
1006.207 18.1704398707169
1007.317 10.098672694266648
1008.328 12.182292165298186
1009.348 13.10738934471963
1010.349 14.911576545283861
1011.496 9.60745604859101
1012.497 13.492567038343623
1013.498 14.014250787362437
1014.668 11.831423483148013
1015.717 11.39166072481855
1016.888 10.894026736728243
1017.897 10.480544220097242
1018.997 6.129613219808227
1020.007 9.397726817254412
1021.037 7.655642065876198
1022.047 7.221192233228478
1023.057 5.989564795709747
1024.087 5.575597791534207
1025.167 8.857628221220223
1026.177 13.058747426648173
1027.397 11.787897251877437
1028.408 15.487804664530398
1029.557 6.600615210899829
1030.568 11.164504284835353
1031.587 15.078011632207899
1032.589 12.720219655420033
1033.597 13.728200155790436
1034.608 7.168638915042594
1035.716 4.016028026251774
1036.877 11.152438424412448
1037.946 16.58158090019868
1039.016 14.61573822444217
1040.026 13.168245868933418
1041.027 9.18623898550643
1042.037 13.026726033469009
1043.344 4.419243165765185
1044.486 8.776315703901467
1045.496 13.680588160497031
1046.497 11.870695991740334
1047.686 13.071176793375976
1048.756 13.89214296930872
1049.806 9.11636796256958
1050.816 14.703708480108276
1052.026 11.11579532436643
1053.027 15.244325176142741
1054.036 9.092127937278905
1055.037 15.787548457016674
1056.056 15.247740042219068
1057.066 8.218640228954142
1058.076 4.892003938422993
1059.095 8.332834983363178
1060.316 6.147986468953222
1061.325 7.035477600325754
1062.336 9.058606294161837
1063.343 9.430523077818185
1064.525 6.058036470224733
1065.526 7.924876569830444
1066.536 6.889200317306943
1067.556 6.905301225198686
1068.906 5.17032014732009
1070.026 5.507599120377364
1071.036 3.7763160280844863
1072.055 5.768121057315407
1073.065 6.8096069117503015
1074.086 7.250529841094754
1075.106 5.932301386376841
1076.136 4.242828348244765
1077.295 4.545668005225813
1078.296 9.044653700364153
1079.297 15.313121698275198
1080.306 9.696347840109913
1081.426 8.58990961734708
1082.435 8.394051314775696
1083.616 8.65245878534202
1084.626 12.768070469202819
1085.645 9.436936074677899
1086.655 7.9306317209636195
1087.677 10.452302648270681
1088.686 10.85974747314368
1089.705 10.195743366900052
1090.706 10.193119259182662
1091.715 8.830637037252101
1092.726 8.63621329284338
1093.736 6.776573348047814
1094.766 11.52934443804725
1095.916 11.453309029799627
1097.056 11.921932273729093
1098.065 11.785511839486459
1099.146 11.372968264324614
1100.156 11.476816989139238
1101.555 8.719476702687075
1102.556 9.423452364877168
1103.566 9.720149121400024
1104.596 11.744179184807363
1105.715 11.077531154757962
1106.755 10.91279030033844
1107.775 10.989937345350445
1108.785 10.819496848520586
1109.786 9.10045222914017
1110.787 13.499158877878331
1111.795 8.096096764108276
1112.815 10.26583620551628
1113.825 11.948120368635871
1114.835 8.553208578810434
1116.025 10.013543242346453
1117.035 11.990263466699783
1118.045 7.702433286511628
1119.175 9.146759840031537
1120.356 8.140329041043222
1121.475 8.360056125637591
1122.496 8.980897333381442
1123.505 9.383185085592638
1124.665 7.379331178210041
1125.666 10.62883056616871
1126.786 8.059595548911673
1127.795 10.791507287701357
1128.886 9.946499992612793
1129.896 11.711088446475612
1130.935 6.996829224366542
1131.945 9.457628906289784
1132.955 5.919172939918435
1133.965 4.287646149136391
1135.145 5.387038738654771
1136.185 4.156368346296097
1137.188 1.5181034241886964
1138.195 9.523920178690101
1139.215 10.627283003956244
1140.286 8.08592243610624
1141.475 10.100675072074445
1142.476 12.606103889241098
1143.495 10.148500316738284
1144.505 12.589050624932382
1145.545 7.588732213271728
1146.565 4.3574065260100525
1147.575 4.658744651598329
1148.585 8.836156234416666
1149.615 8.52779354098307
1150.635 4.770150160231607
1151.646 8.215291083265623
1152.656 9.290068684871116
1153.835 6.326876362473748
1154.836 7.465861717540801
1155.955 7.029307275044352
1156.956 6.934800844756355
1157.975 5.139642565645602
1159.045 4.039834654339093
1160.096 6.783064686839865
1161.255 10.68415206392965
1162.265 8.159842325880852
1163.346 7.679872210062401
1164.395 11.04959727847259
1165.465 12.78742468226388
1166.466 13.534624831236567
1167.475 15.285750368129131
1168.665 12.523196352165273
1169.676 17.572560024094003
1170.695 8.274373988852417
1171.911 7.6985265627333765
1172.985 5.898817980902222
1173.986 10.687228693613692
1175.005 9.860664281369163
1176.036 8.871974538722975
1177.046 14.975154198458474
1178.225 11.685062108744324
1179.226 14.27216811332134
1180.245 10.182336555369229
1181.525 7.699137981501999
1182.685 8.180660832250032
1183.696 9.127273883282717
1184.705 7.815621285850758
1185.715 6.841260242976954
1186.716 9.346207147009585
1187.725 8.147021165477534
1188.745 4.577354237497396
1189.855 5.192172584584537
1190.875 5.98286931507859
1191.885 2.986731041800046
1192.911 4.708739738714312
1193.925 3.2942664362488907
1194.935 4.153947630891773
1195.945 4.265470414177203
1197.165 2.612710670168939
1198.195 6.78881408932207
1199.205 3.3999726422445775
1200.445 2.3581672401149993
1201.455 4.27504002594151
1202.477 6.816948343924353
1203.485 5.443927134483194
1204.496 4.865195209503839
1205.505 6.148398044807229
1206.506 8.343597642605925
1207.524 6.681690003814171
1208.536 6.059367825052724
1209.585 2.7875380150043094
1210.595 3.76177757943273
1211.619 5.308586132756683
1212.665 2.4308981442684288
1213.685 4.694981617579402
1214.735 4.06845734642541
1215.775 3.0407830686208865
1216.895 3.3804513900799047
1217.974 5.114047235997609
1219.144 5.003420223014909
1220.165 4.087166189256084
1221.325 2.4054310670758463
1222.335 4.405702032755554
1223.345 5.442532661523758
1224.375 1.6046287847499092
1225.385 5.664474042120921
1226.405 4.314674348434023
1227.425 3.2407208789960626
1228.465 4.980368013494657
1229.466 7.252137569093701
1230.475 9.583056608335635
1231.495 10.177820675573157
1232.515 9.091931352699891
1233.525 7.341732535297174
1234.705 7.404451234314233
1235.725 6.980014200928895
1236.765 6.08040444158255
1237.845 10.412063064786492
1238.865 11.212686502822677
1239.885 8.646113559716014
1240.895 9.574028510954207
1241.904 7.530551072546371
1242.965 9.178556308613016
1244.065 10.695034917072805
1245.085 7.605143135658301
1246.125 4.852492129783588
1247.175 3.5137642648052276
1248.205 4.584885687591495
1249.325 9.35023942630869
1250.365 11.043436381396988
1250.407 9.081140924667467
