0.0 4.574717299578059
0.998 11.760865731462925
1.998 11.441824
2.999 12.098333666333668
3.998 11.852684684684684
4.998 12.88688
5.998 6.804704
6.998 0.0
7.998 7.6576
8.998 9.575232
9.998 13.199616
10.998 12.32304
11.998 16.998656
12.999 11.01106893106893
13.998 14.253485485485486
14.998 17.049504000000002
15.999 14.167624375624374
16.999 15.819296000000001
17.998 15.291035035035035
18.998 12.279040000000002
19.999 10.54698901098901
20.999 19.627104
21.998 21.263855855855855
22.998 23.483424
23.998 26.984896000000003
24.999 27.526393606393604
25.998 21.34130930930931
26.999 14.82396003996004
27.998 15.069533533533534
28.999 14.22065934065934
29.999 15.8656
30.998 16.79436236236236
31.998 18.94832
32.999 14.069002997002997
33.998 3.402890890890891
34.998 16.286496
35.999 9.825182817182817
36.998 16.462894894894898
37.998 14.212896
38.999 33.1238041958042
39.998 15.090226226226227
40.998 30.285824
41.998 24.568672
42.998 32.304672
43.999 25.779308691308692
44.998 23.815815815815814
45.998 34.590559999999996
46.998 25.724352
47.998 22.912544
48.998 33.487904
49.998 41.798592
50.998 34.416095999999996
51.998 37.38384
52.998 22.9928
53.999 38.73921278721279
54.999 34.013024
55.998 34.52188188188188
56.998 12.827072000000001
57.998 32.087872
58.999 14.177566433566433
59.999 30.420288
60.998 17.337817817817818
61.999 25.520143856143857
62.998 26.611891891891894
63.998 24.76832
64.998 26.38288
65.999 23.596883116883117
66.999 23.427168
67.998 22.851747747747748
68.998 30.421664
69.998 25.483904
70.999 38.71766633366634
71.999 20.238975999999997
72.998 29.32391591591592
73.999 40.76988611388611
74.998 38.21933933933934
75.998 23.1728
76.998 22.511776
77.998 29.474816
78.999 15.619036963036963
79.998 18.372740740740742
80.998 13.404512
81.998 16.472768000000002
82.999 10.97731068931069
83.998 21.65455055055055
84.998 6.330208
85.998 6.567456
86.999 8.640127872127872
87.998 18.72896896896897
88.998 17.869088
89.998 23.316576
90.998 23.669312
91.998 22.657184
92.998 23.4552
93.999 19.73862937062937
94.998 16.45687287287287
95.999 16.4721038961039
96.999 19.953664
97.999 18.753376
98.998 24.2133973973974
99.998 21.416352
100.999 26.487016983016986
101.999 23.00704
102.998 25.908340340340338
103.999 24.561710289710287
104.998 26.856424424424425
105.999 25.37420979020979
107.0 22.03108891108891
107.998 20.652633266533066
108.998 1.757792
109.998 33.549023999999996
110.999 22.570965034965038
111.998 33.00423623623623
112.998 22.535104
113.998 28.846528
114.998 21.242400000000004
115.998 22.648671999999998
116.998 12.825696
117.999 25.87729070929071
118.998 15.501325325325327
119.998 25.773184
120.999 25.414617382617383
121.998 17.04498098098098
122.998 18.127903999999997
123.998 18.677888
124.999 20.550969030969032
125.998 21.226922922922924
126.999 26.814977022977022
127.998 21.38967767767768
128.999 15.065414585414585
129.998 29.572868868868866
130.998 19.885696
131.998 22.524511999999998
132.999 13.949698301698302
133.998 20.270894894894898
134.998 37.934784
135.998 29.051264
136.998 24.522816
137.998 23.866464
138.998 24.138720000000003
139.998 17.007616000000002
140.998 19.653632
141.998 14.163744000000001
142.998 24.053504
143.998 17.772032
144.998 17.933792
145.998 24.425568
146.998 22.193664000000002
147.998 23.294880000000003
148.999 21.200271728271726
149.998 26.195379379379382
150.998 26.968768
151.998 25.8816
152.999 23.895016983016983
153.998 21.686742742742744
154.998 3.256768
155.998 21.611136
156.999 0.0
157.998 3.757421421421421
158.999 14.849854145854145
159.998 16.181397397397397
160.998 17.97776
161.998 17.760416000000003
162.998 18.893568
163.998 16.035808000000003
164.998 14.515264
165.998 15.125183999999999
166.999 17.18687712287712
167.998 16.307635635635634
168.998 19.350976
169.999 22.39753846153846
170.998 21.655191191191193
171.998 10.858656000000002
172.998 12.983936
173.999 4.212331668331668
174.998 0.0
175.998 28.165536
176.998 44.925536
177.998 47.054848
178.998 45.4656
179.998 43.189152
180.999 35.28663336663337
181.998 38.33231631631632
182.999 32.71052147852148
183.998 25.889345345345344
184.999 40.25491308691309
185.998 56.66338338338338
186.999 53.66946653346653
187.998 44.01867467467467
188.999 27.44851948051948
189.998 51.366054054054054
190.998 54.099968000000004
191.999 45.44505094905095
192.998 49.75881481481482
193.998 34.373632
194.998 39.419904
195.999 61.280415584415586
196.998 47.93837037037037
197.998 50.003968
198.998 26.247168000000002
199.998 46.08819200000001
200.998 57.131008
201.999 55.22439160839161
202.999 53.149696000000006
203.999 31.04768
204.998 38.08172972972973
205.999 56.32102297702298
206.998 54.728136136136136
207.998 51.412992
208.999 27.17026973026973
209.998 40.57459059059059
210.999 55.584479520479526
211.998 54.35092692692693
212.998 54.23104
213.999 32.506117882117884
214.998 35.91687687687688
215.998 52.150272
216.998 56.85248000000001
217.998 54.001664
218.998 36.83123200000001
219.999 34.4374985014985
220.998 50.80844044044044
221.998 53.379072
222.998 52.215807999999996
223.998 34.668544000000004
224.998 32.210944
225.999 55.96093506493507
226.998 56.20417217217217
227.998 54.296576
228.998 34.226176
229.998 12.582912
230.999 31.131236763236764
231.998 55.20374774774775
232.998 55.164928
233.998 30.06464
234.998 40.861696
235.998 55.410688
236.998 53.57568
237.998 55.541760000000004
238.998 27.410432
239.998 35.6352
240.998 55.640064
241.998 56.950784
242.998 56.36096
243.998 39.305216
244.999 33.422705294705295
245.998 47.83996796796797
246.998 59.604992
247.999 56.22281718281719
248.998 38.327735735735736
249.998 31.784959999999998
250.999 50.16679320679321
251.998 53.2521001001001
252.998 51.183616
253.998 31.62112
254.998 28.377088
255.998 54.198271999999996
256.998 53.837824000000005
257.998 54.837248
258.998 37.421056
259.998 30.572544
260.998 57.802752
261.999 55.12618581418582
262.999 55.02432
263.999 30.457856
264.998 30.307939939939942
265.998 53.444608
266.998 52.183040000000005
267.998 53.805056
268.998 39.059456
269.998 37.322752
270.998 47.84128
271.999 53.7513046953047
272.998 53.2356996996997
273.998 40.075264000000004
274.999 28.807032967032967
275.998 48.06957357357357
276.998 53.952512000000006
277.998 54.951936
278.998 40.665088000000004
279.998 26.099712
280.998 50.62656
281.999 54.553318681318686
282.998 55.05614414414414
283.998 39.223296000000005
284.999 35.19040959040959
285.999 50.331648
286.998 54.59693293293294
287.998 54.0672
288.998 44.826624
289.999 33.422705294705295
290.998 46.36393193193194
291.998 52.789248
292.998 58.49088
293.998 42.303488
294.998 38.092800000000004
295.998 47.398911999999996
296.998 53.82144
297.999 52.18001198801199
298.998 45.0354994994995
299.999 33.19355844155844
300.998 44.789493493493495
301.998 49.119232000000004
302.998 52.969472
303.998 44.711936
304.998 32.473088
305.998 49.643519999999995
306.998 57.442304
307.999 44.21114885114885
308.999 32.631136
309.998 28.307091091091092
310.998 56.164352
311.998 39.343552
312.998 39.555936
313.999 38.82242557442557
314.998 24.994210210210213
315.999 56.830689310689316
316.998 42.54452852852853
317.999 43.28768831168831
318.998 32.922618618618614
319.998 29.327360000000002
321.0 54.744143712574854
321.998 37.69558316633267
322.998 39.307232000000006
323.999 23.251628371628374
324.999 9.600416
325.999 14.70288
326.998 11.669173173173172
327.998 16.55344
328.998 18.225312000000002
329.998 23.92416
330.998 21.691808
331.999 16.353758241758243
332.999 30.878144000000002
333.998 27.364900900900903
334.999 27.303608391608392
335.999 35.014464000000004
336.998 34.51880680680681
337.998 40.524384
338.998 37.164288
339.999 31.78594205794206
340.998 54.92494094094094
341.998 41.168032
342.999 43.34069130869131
343.998 41.11628428428429
344.998 30.867456
345.998 53.98528
346.998 50.864992
347.998 31.043680000000002
348.998 36.955744
349.998 28.360704000000002
350.999 46.26848351648352
351.998 40.310390390390396
352.999 39.69646353646354
353.998 28.283099099099097
354.998 36.470784
355.998 48.296096
356.998 40.735744
357.998 39.35456
358.998 35.124544
359.998 24.215552
360.998 25.165824
361.999 47.809854145854146
362.998 56.10576976976977
363.998 27.029472000000002
364.998 33.947648
365.998 47.415296000000005
366.998 48.096288
367.998 40.658688000000005
368.999 25.145126873126873
369.998 24.01018618618619
370.998 44.515328000000004
371.998 52.396032
372.998 38.22387200000001
373.998 54.804480000000005
374.998 37.388288
375.999 39.67514085914086
376.999 56.524800000000006
377.999 53.308384
378.999 46.077536
379.998 27.716676676676677
380.998 38.567936
381.998 53.133312
382.998 53.73952
383.998 53.41184
384.998 31.358976
385.998 29.442048
386.998 55.885824
387.998 55.164928
388.998 56.311808
389.998 31.719424
390.998 32.178176
391.998 53.280767999999995
392.998 54.87001600000001
393.998 46.74528
394.998 29.638656
395.998 36.78208
396.998 55.836672
397.999 53.48942257742258
398.998 53.71131131131131
399.998 29.032448000000002
400.998 27.19744
401.999 52.90018781218781
402.998 53.85891491491492
403.998 54.034432
404.998 35.848192000000004
405.998 28.803072
406.999 53.1457022977023
407.998 55.07254454454454
408.998 57.622528
409.999 44.68363636363636
410.998 31.160760760760763
411.998 46.989312
412.998 53.510144000000004
413.998 60.81740800000001
414.998 33.226752
415.998 26.37824
416.998 57.212928
417.998 56.131584000000004
418.998 42.786048
419.998 20.158496
420.998 30.408704000000004
421.998 40.482624
422.998 43.470304
423.998 57.212928
424.998 47.710208
425.999 34.732115884115885
426.998 39.13135535535536
427.998 56.131584000000004
428.999 55.158921078921075
429.998 47.56116116116116
430.998 31.391744
431.998 9.043968000000001
432.998 53.248000000000005
433.998 54.591488
434.998 41.222144
435.998 32.997375999999996
436.998 47.218688
437.999 50.44504295704296
438.998 53.62930930930931
439.998 47.939584
440.998 35.979264
441.999 41.54105094905095
442.998 53.56370770770771
443.998 53.968896
444.998 48.365568
445.998 35.848192000000004
446.999 31.949618381618382
447.999 50.692096
448.998 54.07212012012012
449.999 54.38964235764236
450.998 33.57161961961962
451.998 33.865728000000004
452.998 52.363264
453.998 54.214656000000005
454.998 52.969472
455.998 32.964608
456.998 30.113792000000004
457.998 53.592064
458.998 57.720832
459.998 54.689792000000004
460.998 35.2256
461.998 33.259519999999995
462.998 54.034432
463.999 57.057566433566436
464.998 52.74368768768769
465.998 41.254912
466.998 25.608192
467.998 51.478528
468.998 52.232192000000005
469.998 53.968896
470.998 34.308096
471.998 31.080448
472.999 52.32732067932068
473.999 57.032704
474.999 53.444608
475.998 43.23145545545546
476.999 36.728967032967034
478.0 41.96660939060939
478.998 55.55456513026052
479.998 49.840128
480.998 50.987008
