0.0 5.544021798365123
1.0 9.665152
2.001 11.967808191808192
3.001 7.128224
4.0 20.99587587587588
5.0 10.956544000000001
6.0 12.29376
7.0 12.531008
8.0 32.371904
9.001 20.71857742257742
10.0 22.50701901901902
11.0 28.308128
12.0 16.262272000000003
13.001 8.11223976023976
14.001 15.001792
15.0 25.30174974974975
16.001 10.897326673326674
17.0 14.293557557557557
18.0 20.526304
19.0 27.137312
20.0 22.061408
21.001 41.50112287712288
22.0 40.8475035035035
23.0 52.596192
24.0 52.455936
25.0 37.4744
26.001 13.893466533466533
27.0 9.184224224224225
28.001 41.34633366633367
29.0 49.79123123123123
30.001 42.866445554445555
31.001 33.599392
32.0 12.500372372372373
33.0 35.425856
34.0 20.327424
35.0 1.876416
36.0 20.254848000000003
37.001 15.812603396603398
38.001 7.095872000000001
39.0 8.117685685685686
40.001 10.24764035964036
41.0 6.798414414414415
42.0 7.92624
43.0 3.332256
44.0 4.022432
45.001 4.901818181818182
46.0 8.700604604604605
47.0 24.85712
48.0 33.063744
49.0 30.14128
50.0 23.760223999999997
51.0 28.624064
52.001 19.838305694305696
53.0 18.642194194194197
54.0 20.00432
55.001 19.39906493506494
56.0 20.952152152152156
57.001 38.79397402597403
58.001 33.984864
59.0 36.82812412412412
60.0 39.052576
61.0 37.353120000000004
62.0 28.049408
63.0 12.713984
64.0 56.68864
65.0 60.555264
66.0 37.135168
67.0 31.686656
68.0 28.042592000000003
69.0 18.526912
70.0 31.65584
71.0 42.3224
72.0 36.432096
73.0 38.636672
74.0 31.532352
75.001 34.02057142857143
76.001 31.335936000000004
77.0 27.847879879879883
78.0 51.658752
79.001 45.0739020979021
80.0 38.878782782782785
81.0 39.244384
82.0 32.5824
83.0 41.579167999999996
84.0 14.711584
85.0 54.575616000000004
86.0 48.547392
87.0 26.505568
88.0 23.545151999999998
89.0 29.185056
90.0 24.681024
91.0 20.40288
92.0 20.770432
93.0 19.142464
94.0 16.121216
95.0 24.548128000000002
96.0 21.898560000000003
97.0 6.847840000000001
98.0 10.115392
99.0 14.61232
100.001 28.021162837162837
101.0 19.97889089089089
102.0 20.809792
103.004 34.295203187251
104.0 33.04067469879518
105.0 17.753504
106.0 27.683712
107.0 39.248064
108.001 45.96523476523477
109.0 46.90504904904905
110.001 46.28523476523477
111.0 54.219723723723725
112.001 25.903440559440558
113.0 33.21081081081081
114.001 48.644603396603394
115.001 33.582271999999996
116.001 43.975392
117.0 28.778186186186186
118.0 43.876352
119.0 38.21792
120.001 37.000855144855144
121.0 36.32493293293293
122.001 25.552143856143857
123.002 43.112343656343654
124.0 38.7904128256513
125.002 41.35993612774451
126.0 38.17574348697394
127.001 26.904999000999002
128.0 39.85297297297297
129.0 37.370912
130.0 53.431328
131.0 35.847456
132.0 35.361632
133.0 29.81888
134.001 46.3984975024975
135.0 45.32711911911912
136.0 32.352416000000005
137.001 39.87155244755245
138.0 31.160760760760763
139.0 40.599936
140.0 18.839424
141.0 19.508256000000003
142.001 12.863232767232766
143.0 6.401313313313313
144.0 0.0
145.001 0.0
146.0 0.0
147.0 28.804064
148.0 5.3113280000000005
149.0 6.108928
150.0 6.244224
151.0 19.119744
152.001 4.352383616383617
153.0 7.189333333333333
154.001 17.978885114885113
155.0 22.692164164164165
156.0 13.512896000000001
157.001 16.848911088911088
158.001 26.571776000000003
159.0 11.204996996996996
160.0 2.7175680000000004
161.0 2.631296
162.001 0.9695904095904095
163.0 0.17271671671671673
164.0 2.4216320000000002
165.0 3.11056
166.0 0.959776
167.0 0.064704
168.0 0.37744
169.001 7.358113886113887
170.0 0.9931211211211212
171.001 0.08618581418581418
172.0 0.6800720720720721
173.0 0.312736
174.0 0.0
175.001 0.0
176.001 0.0
177.0 1.5524324324324326
178.001 41.79615584415585
179.0 30.558974974974976
180.001 38.16023976023976
181.0 28.90846046046046
182.0 38.692032
183.001 39.44599400599401
184.0 32.18581781781782
185.0 33.873599999999996
186.0 34.423392
187.0 17.14464
188.0 17.437728
189.0 24.576736
190.0 6.621376000000001
191.001 17.41516083916084
192.001 15.135744
193.001 6.836416000000001
194.0 18.707379379379383
195.0 14.043808000000002
196.001 18.505366633366634
197.0 12.187323323323325
198.002 3.4224670658682634
199.0 1.6208416833667334
200.0 5.82336
201.0 2.620512
202.001 31.22164235764236
203.001 19.992704000000003
204.0 30.911103103103102
205.001 26.808967032967033
206.0 34.59709309309309
207.001 31.606985014985014
208.0 15.006654654654655
209.0 12.655232
210.0 12.989120000000002
211.0 6.923328000000001
212.0 3.817536
213.0 0.0
214.0 0.0
215.0 0.0
216.0 5.53344
217.0 43.164864
218.0 30.909184000000003
219.0 42.53523200000001
220.0 28.337216
221.0 51.006496
222.0 31.340128
223.0 34.38944
224.0 32.014336
225.0 37.388288
226.0 45.975519999999996
227.0 23.396256
228.0 11.984064
229.0 32.146208
230.0 33.647808
231.0 27.953888
232.0 17.340671999999998
233.0 34.329568
234.001 30.74285714285714
235.0 28.287391391391395
236.001 35.6917002997003
237.0 48.07255255255255
238.0 54.820864
239.001 31.835044955044957
240.001 43.712512000000004
241.001 40.264
242.001 30.745184000000002
243.001 24.393408
244.001 25.299264
245.0 26.015455455455456
246.001 22.912383616383618
247.0 23.689833833833834
248.0 19.752512
249.0 16.262272000000003
250.0 16.575008
251.0 6.9772479999999995
252.0 19.207968
253.001 19.842909090909092
254.001 36.20864
255.0 25.641385385385387
256.001 20.498029970029968
257.001 22.660448000000002
258.0 15.323163163163162
259.0 14.536832
260.0 6.756384
261.0 0.145376
262.0 0.0
263.0 2.683008
264.001 24.532843156843157
265.0 0.0
266.0 1.9734720000000001
267.001 27.24549050949051
268.0 6.563235235235235
269.001 3.9006753246753245
270.0 18.674226226226228
271.0 9.05856
272.0 5.400544
273.001 7.069474525474526
274.001 24.361056
275.0 23.160440440440443
276.0 6.3246080000000005
277.0 4.928287999999999
278.0 2.7067840000000003
279.0 3.3538240000000004
280.0 4.626336
281.001 6.517802197802198
282.0 5.76566966966967
283.0 4.786848
284.0 7.203712
285.001 10.191472527472529
286.001 6.9880320000000005
287.0 11.21579179179179
288.001 13.628131868131868
289.0 17.296592592592592
290.0 12.560032
291.0 17.750464
292.0 27.359008000000003
293.001 31.318953046953048
294.0 36.603707707707706
295.001 30.995244755244755
296.0 21.10340740740741
297.001 11.107196803196803
298.0 12.862206206206206
299.0 22.182272
300.0 9.932064
301.0 9.791872
302.0 16.580608
303.0 25.811296
304.0 19.494367999999998
305.0 26.467584
306.0 15.69536
307.0 6.168448000000001
308.001 3.2427412587412587
309.001 7.009600000000001
310.0 7.167743743743744
311.001 10.600855144855144
312.002 12.716563436563437
313.001 6.6130450450450455
314.001 10.730080000000001
315.0 11.518046046046045
316.0 0.0
317.001 0.5494345654345655
318.001 27.626752
319.0 39.24346746746747
320.001 29.559208791208793
321.0 17.6278998998999
322.001 26.1143016983017
323.0 23.333221221221223
324.0 22.489824000000002
325.0 41.500672
326.0 38.83987200000001
327.001 23.27036163836164
328.0 15.543703703703704
329.0 25.959136
330.001 12.128991008991008
331.0 17.462934934934935
332.0 10.582144000000001
333.0 18.02096
334.0 17.878975999999998
335.0 15.326144000000001
336.001 13.238217782217783
337.001 21.24448
338.001 34.510432
339.0 25.713649649649653
340.0 31.704544000000002
341.0 23.511776
342.001 41.05277122877123
343.0 18.64229029029029
344.0 12.438528
345.0 21.494592
346.0 33.919807999999996
347.001 21.42778821178821
348.0 43.160664664664665
349.0 38.90704
350.001 33.52091108891109
351.0 35.868572572572575
352.0 30.46064
353.001 25.1512007992008
354.0 36.00493293293294
355.001 27.824975024975025
356.0 35.331363363363366
357.0 24.839904
358.001 32.21172427572427
359.0 36.94872472472472
360.0 23.640704000000003
361.0 38.41232
362.0 32.393248
363.0 41.954688000000004
364.0 56.68864
365.001 35.926953046953045
366.001 32.718848
367.0 57.155395395395395
368.0 43.794272
369.0 34.991808
370.001 28.807032967032967
371.0 40.315515515515514
372.0 31.805952
373.001 30.179836163836164
374.001 31.030528
375.0 29.107411411411412
376.001 32.18723676323676
377.0 29.409793793793792
378.001 26.998889110889113
379.0 21.220964964964967
380.001 14.048287712287713
381.0 15.32755155155155
382.001 6.518857142857144
383.001 0.0
384.001 9.080128
385.0 0.9607367367367368
386.001 0.0
387.001 24.678592000000002
388.0 14.535783783783783
389.001 21.789474525474525
390.0 15.894710710710712
391.0 7.009600000000001
392.001 19.025518481518482
393.0 15.900956956956957
394.0 19.065888
395.001 18.767376623376624
396.001 16.186368
397.0 28.03706106106106
398.001 28.62149050949051
399.0 15.627755755755755
400.0 15.262464
401.001 21.552047952047953
402.0 19.185681681681682
403.0 18.981696
404.0 20.640576000000003
405.001 22.591456543456545
406.0 16.591599599599597
407.0 20.904992
408.001 18.034797202797204
409.0 20.23421821821822
410.0 12.07808
411.0 7.786048
412.0 4.162624
413.001 6.205378621378622
414.0 2.4072392392392397
415.0 1.153888
416.0 4.065568000000001
417.001 4.6109410589410595
418.0 10.201081081081082
419.0 15.011328
420.001 17.102705294705295
421.0 11.464072072072073
422.0 9.790432000000001
423.0 7.679232
424.0 19.378848
425.001 14.619268731268733
426.0 19.463431431431435
427.0 23.559520000000003
428.001 26.87638761238761
429.0 22.788548548548548
430.0 16.451616
431.001 20.888455544455546
432.001 18.192608
433.0 16.09503903903904
434.0 15.987904
435.0 21.173759999999998
436.0 17.373024
437.0 20.59744
438.001 19.18276923076923
439.0 27.536784784784786
440.0 21.062528
441.001 8.553302697302698
442.0 9.693725725725725
443.001 11.775136863136863
444.0 1.5895895895895897
445.0 17.359488000000002
446.003 1.8600518444666003
447.0 12.730960882647944
448.0 16.551168
449.001 13.867412587412588
450.001 18.030848000000002
451.0 17.33768968968969
452.003 18.11027716849452
453.0 10.745933801404213
454.0 27.218816
455.001 18.917786213786215
456.0 9.003819819819821
457.0 56.066048
458.0 21.469952000000003
459.0 30.432448
460.0 21.363424
461.0 33.235968
462.0 26.485504000000002
463.0 33.894847999999996
464.0 32.443808000000004
465.0 33.456480000000006
466.001 31.18849150849151
467.001 32.766752000000004
468.0 28.85496696696697
469.0 37.498656000000004
470.0 33.321536
471.001 29.03617982017982
472.0 39.67272872872873
473.0 37.436256
474.0 25.894592
475.0 42.23708800000001
476.0 30.113792000000004
477.001 30.211836163836164
478.0 18.241345345345344
479.0 35.964832
480.0 30.325248000000002
481.0 31.952352
482.0 45.538368000000006
483.0 43.37872
484.001 45.0294985014985
485.0 28.623791791791792
486.0 33.121248
487.0 22.469504
488.0 41.271296
489.001 31.91781018981019
490.0 39.2327047047047
491.001 31.05882917082917
492.0 25.519023023023024
493.0 53.968896
494.0 54.28019200000001
495.0 52.8384
496.0 45.187072
497.0 47.48083200000001
498.001 29.085282717282716
499.0 50.56243443443444
500.0 40.29728
501.0 38.94768
502.0 43.646976
503.001 29.756355644355644
504.0 36.0862942942943
505.0 44.093216
