0.0 1.9341481481481482
1.0 0.0
1.999 5.667267267267267
2.999 5.359648
4.0 3.231968031968032
5.0 3.483232
5.999 8.506298298298297
6.999 11.927104
7.999 12.142784
8.999 16.364928
9.999 20.910176
10.999 21.168992
11.999 22.516992
12.999 25.806112000000002
13.999 23.083776000000004
15.0 24.147564435564437
15.999 25.043923923923927
16.999 25.28848
18.0 25.14471128871129
18.999 22.982118118118116
19.999 23.185599999999997
21.0 25.81265134865135
21.999 24.277493493493495
22.999 24.328704000000002
24.0 23.868291708291707
24.999 25.451019019019018
26.0 9.548723276723276
27.0 23.589248
27.999 33.88486086086086
28.999 21.557216
30.0 20.773274725274725
30.999 19.708796796796797
31.999 19.454336
33.0 11.742817182817184
34.0 11.689856
34.999 15.663247247247247
36.0 9.889822177822177
36.999 9.942006006006006
38.0 19.16039160839161
38.999 8.533077077077078
39.999 7.3566080000000005
40.999 18.163520000000002
42.0 10.443220779220779
42.999 8.32960960960961
43.999 0.0
44.999 0.0
45.999 11.646111999999999
46.999 17.157952
47.999 14.935264
49.0 20.685170829170833
49.999 26.60916916916917
50.999 20.629792000000002
52.0 17.721958041958043
52.999 18.51457857857858
54.0 21.27562037962038
54.999 16.76040840840841
55.999 21.893151999999997
57.0 25.30113086913087
58.0 14.353888000000001
59.0 30.015488
60.0 41.285856
60.999 38.13153953953954
62.0 44.322749250749254
62.999 25.81423023023023
63.999 58.671104
65.0 45.199120879120876
65.999 40.952280280280284
66.999 48.309599999999996
67.999 32.797888
68.999 42.958847999999996
69.999 38.267648
70.999 34.508384
71.999 36.170368
73.0 25.181666333666335
73.999 37.754714714714716
74.999 30.130496
75.999 33.4304
76.999 33.561887999999996
77.999 33.261792
79.0 39.989386613386614
79.999 32.599511511511515
80.999 33.388032
81.999 25.272096
82.999 24.564032
83.999 42.87952
84.999 35.462976000000005
85.999 28.319232
86.999 34.374592
87.999 20.423648
89.0 30.962253746253747
89.999 27.084140140140143
91.0 33.03672327672328
91.999 22.673841841841842
92.999 20.206144000000002
93.999 23.566112
94.999 22.880128000000003
96.0 19.68083116883117
97.0 26.210496
98.0 22.247392
99.0 18.753376
99.999 12.13334934934935
100.999 33.948032
101.999 41.507616000000006
103.0 31.60708091908092
104.0 43.093408000000004
104.999 39.225593593593594
106.0 39.06845154845155
106.999 35.214510510510515
108.0 34.8721998001998
108.999 27.437869869869868
110.0 54.66789210789211
110.999 61.5671031031031
112.0 62.09879720279721
113.001 53.78403996003996
113.999 26.69377154308617
114.999 42.729472
116.0 51.45983616383616
116.999 60.025465465465466
118.001 49.593485029940126
118.999 41.94501002004008
119.999 38.551552
120.999 38.26768
121.999 23.913312
122.999 32.362784
123.999 25.194368
124.999 21.430272000000002
125.999 51.314688000000004
127.0 46.30428771228771
128.0 39.033152
129.0 33.366624
130.0 40.79616000000001
130.999 59.00864064064064
131.999 51.9104
132.999 57.988928
134.0 30.28011988011988
134.999 32.19398598598599
136.0 59.02168231768232
136.999 63.53515115115115
137.999 59.047936
138.999 40.63232
139.999 28.540928
140.999 55.345152000000006
141.999 63.012864
142.999 63.700992
144.0 38.496671328671326
144.999 39.32816016016016
145.999 53.313536
147.0 61.73870929070929
147.999 62.63312912912913
148.999 40.79616000000001
149.999 33.193984
150.999 52.62540800000001
151.999 62.570496
152.999 59.572224000000006
154.0 44.48722477522478
155.0 37.404672
155.999 56.35177577577578
156.999 59.179008
157.999 60.686336000000004
158.999 45.748224
160.0 28.512415584415585
160.999 45.59311311311311
161.999 55.38608
163.0 44.55697902097902
164.0 37.255328
165.0 36.012032
166.0 52.723712
167.0 49.083616000000006
167.999 48.02178178178178
168.999 38.596768
