0.0 14.489522267206478
1.0 38.444736
2.001 36.336847152847156
3.001 36.303584
4.0 41.85093893893894
5.001 40.09647952047953
6.001 36.899519999999995
7.0 35.75819019019019
8.0 24.080672
9.001 20.270865134865137
10.0 18.04764764764765
11.0 21.417024
12.001 21.54645354645355
13.0 17.973333333333333
14.0 18.041632000000003
15.0 14.860352
16.0 3.095008
17.0 28.178592000000002
18.0 3.752832
19.001 22.893106893106896
20.0 25.389357357357355
21.0 23.282656
22.0 31.963776000000003
23.0 44.688896
24.001 43.254505494505494
25.0 37.29601601601602
26.0 34.940160000000006
27.001 31.468595404595405
28.0 32.53032232232232
29.0 38.119808
30.001 46.059732267732265
31.0 52.50066066066066
32.001 48.726441558441564
33.0 50.410026026026024
34.0 31.721344000000002
35.0 22.732672
36.001 32.62257742257742
37.0 38.41223623623623
38.0 25.261472
39.001 44.53632767232767
40.0 57.270198198198194
41.0 39.752064
42.0 42.10032
43.0 48.344672
44.001 49.175432567432566
45.0 43.269893893893894
46.0 49.940704
47.0 51.019104
48.001 38.78361638361638
49.0 56.67267267267267
50.0 44.52944
51.001 45.751592407592405
52.001 54.642528
53.0 56.16896896896897
54.001 34.63391008991009
55.001 59.342848
56.001 61.538304
57.001 57.884672
58.0 43.510262262262266
59.0 36.306944
60.0 44.466176
61.0 58.425343999999996
62.0 56.754176
63.0 49.577984
64.001 32.276971028971026
65.0 37.44211411411411
66.0 60.522496000000004
67.001 41.84497102897103
68.001 39.769216
69.0 32.43140740740741
70.0 42.02496
71.0 41.39168
72.0 37.590911999999996
73.001 27.19657942057942
74.0 26.79264864864865
75.0 40.124416
76.001 40.435628371628376
77.0 30.724484484484485
78.0 37.207072000000004
79.0 33.775456
80.0 37.404672
81.002 41.5633373253493
82.0 40.5671503006012
83.0 34.231519999999996
84.001 27.708259740259738
85.0 36.9009009009009
86.0 28.631872
87.0 31.13568
88.0 31.7848
89.0 27.815584
90.0 9.961472
91.0 51.012800000000006
92.0 31.122624000000002
93.0 25.979072000000002
94.0 27.275584
95.0 23.635264
96.0 34.64656
97.0 34.770048
98.001 26.855000999001
99.001 27.039936
100.0 28.881969969969973
101.0 21.61984
102.0 21.929056
103.0 23.949824
104.0 27.711968000000002
105.001 31.32317282717283
106.0 30.362426426426428
107.0 27.344896000000002
108.0 25.676704
109.0 22.468671999999998
110.0 21.832
111.0 21.050368
112.001 19.456447552447553
113.0 25.46492092092092
114.0 13.066912
115.0 47.481376
116.0 32.625472
117.0 28.20016
118.0 30.270688
119.001 27.76851948051948
120.0 30.500164164164165
121.0 35.608768
122.0 42.614784
123.0 22.701856
124.0 52.8384
125.0 33.803616000000005
126.0 39.268415999999995
127.0 37.890080000000005
128.0 37.565568
129.0 35.574816
130.0 33.406176
131.0 33.979040000000005
132.001 36.28464335664336
133.0 41.686838838838845
134.001 32.10050749250749
135.0 36.92415615615616
136.0 30.872544
137.001 32.06316883116883
138.0 34.19790990990991
139.001 29.58005194805195
140.001 32.047104
141.0 36.681289289289296
142.0 31.669728
143.0 30.30656
144.0 26.917728
145.0 35.51168
146.0 33.573312
147.0 27.85648
148.0 26.344896000000002
149.0 7.760416
150.0 41.811968
151.0 36.303104
152.0 29.351552
153.0 25.806112000000002
154.0 25.531648
155.0 20.43888
156.001 44.767616383616385
157.001 42.74976
158.0 46.46611411411411
159.0 44.2256
160.0 25.985024000000003
161.0 48.611328
162.0 57.802752
163.0 32.951424
164.0 32.969408
165.0 31.565248
166.0 48.398336
167.001 58.645226773226774
168.001 51.457376
169.0 38.35028628628629
170.0 41.48540800000001
171.0 31.719424
172.0 51.904512000000004
173.0 57.475072000000004
174.0 44.459904
175.0 41.77888
176.0 27.490240000000004
177.001 38.20915084915085
178.0 31.3156996996997
179.0 32.114752
180.0 27.085472000000003
181.0 31.272256000000002
182.0 37.908415999999995
183.001 28.85332267732268
184.0 25.42174174174174
185.0 26.637952000000002
186.0 26.868128000000002
187.001 33.28262137862138
188.001 30.648544
189.0 27.549565565565565
190.0 24.615936
191.0 23.591104
192.001 24.74603796203796
193.0 21.072880880880884
194.001 18.344535464535465
195.0 14.466882882882883
196.0 12.110432000000001
197.0 12.088864
198.0 11.312415999999999
199.0 12.153568
200.0 12.9408
201.001 11.301114885114885
202.0 11.093525525525525
203.0 10.334592
204.0 7.856768
205.0 10.55152
206.0 10.223232
207.0 8.066432
208.0 7.074304000000001
209.001 8.758633366633367
210.0 10.082338338338339
211.001 10.428483516483517
212.0 8.15007007007007
213.0 0.0
214.001 0.0
215.001 20.813119999999998
216.0 6.779131131131131
217.001 0.0
218.0 0.15112712712712711
219.0 22.581696
220.001 6.991824175824176
221.0 7.389245245245245
222.001 1.5565234765234766
223.0 0.0
224.0 0.0
225.001 0.0
226.0 9.88217017017017
227.0 6.454688
228.001 2.628667332667333
229.0 2.1805485485485487
230.0 0.0
231.0 0.0
232.001 0.0
233.001 10.859487999999999
234.0 1.6731931931931932
235.0 2.9604160000000004
236.0 4.95504
237.001 2.294697302697303
238.0 0.8311991991991992
239.0 0.938208
240.0 0.959776
241.0 2.598944
242.001 2.197738261738262
243.0 2.148164164164164
244.001 1.7991288711288713
245.0 1.899883883883884
246.001 2.941090909090909
247.01 1.8276154608523292
248.0 2.1676929292929294
249.0 2.404832
250.0 3.095008
251.001 3.5336183816183815
252.0 5.278654654654654
253.001 6.6794005994006
254.0 7.469997997997998
255.001 9.146469530469531
256.0 11.107843843843845
257.0 9.468352000000001
258.001 10.859412587412589
259.0 15.663247247247247
260.0 12.746688
261.0 0.0
262.0 17.160671999999998
263.001 15.822545454545454
264.0 0.0
265.0 20.27392
266.002 9.180391217564871
267.001 6.407335335335335
268.0 8.586634634634635
269.0 8.552128000000002
270.0 5.844512
271.0 4.895936
272.0 4.5616319999999995
273.0 5.057696
274.0 4.992992
275.0 3.418528
276.001 3.1565554445554445
277.0 2.8822102102102103
278.001 3.275060939060939
279.0 11.774878878878878
280.0 35.093376
281.0 11.307232
282.0 25.919135999999998
283.0 16.909312000000003
284.0 19.702368
285.001 15.4544015984016
286.001 9.464832000000001
287.0 27.656680680680683
288.0 26.839712
289.0 34.879232
290.0 41.821760000000005
291.0 25.232896
292.0 27.96416
293.0 25.28848
294.0 22.807744
295.001 24.908115884115883
296.0 23.64767967967968
297.001 28.563116883116884
298.001 23.371424
299.001 30.058656
300.0 33.09671271271271
301.001 31.842621378621377
302.0 30.383375375375376
303.0 34.844096
304.0 40.090144
305.001 39.35817782217782
306.0 35.05133933933934
307.0 35.2888
308.0 37.751776
309.0 33.182368000000004
310.0 26.162752
311.0 43.523455999999996
312.0 35.360352
313.0 25.342496
314.001 16.694985014985015
315.0 57.040592592592596
316.001 35.53783816183816
317.001 29.884416
318.0 36.7368968968969
319.0 47.415296000000005
320.0 36.25936
321.0 40.400608
322.0 26.577056000000002
323.001 44.662793206793204
324.001 34.357184000000004
325.001 37.991616
326.001 42.342176
327.001 38.758688
328.0 30.0726966966967
329.0 36.548576000000004
330.0 31.613504000000002
331.0 32.338112
332.0 26.763392
333.001 31.83207192807193
334.0 14.324372372372373
335.0 33.64896
336.0 47.018496
337.0 29.378112
338.0 28.171392
339.001 31.20437962037962
340.0 29.631295295295295
341.0 30.551072
342.0 29.830688
343.0 29.033568
344.0 29.457952000000002
345.0 29.818208
346.0 29.551648
347.0 30.70288
348.0 30.321759999999998
349.001 33.56061538461538
350.001 32.84848
351.0 33.603779779779785
352.0 31.888288000000003
353.001 31.899524475524476
354.0 32.39517917917918
355.0 32.006912
356.0 35.274464
357.0 32.96192
358.0 32.493024000000005
359.001 31.698765234765236
360.0 38.5913913913914
361.0 35.188192
362.001 41.27929670329671
363.0 43.62548148148148
364.001 48.167096903096905
365.001 48.301536
366.0 48.814062062062064
367.0 46.996672
368.0 44.738464
369.0 42.849184
370.0 46.862496
371.001 53.16628971028971
372.0 54.58927727727728
373.001 54.15659540459541
374.001 51.104127999999996
375.0 55.48614214214214
376.0 61.748288
377.0 63.593248
378.0 66.666688
379.0 72.878688
380.0 73.794496
381.0 68.4952
382.001 69.73986013986014
383.001 78.529088
384.0 78.99153553553555
385.0 76.883904
386.0 73.41747199999999
387.001 67.2788011988012
388.0 69.69119519519519
389.001 67.84978221778222
390.0 69.16225025025025
391.0 79.758464
392.0 80.175104
393.0 87.096352
394.001 86.96065534465535
395.0 84.68337137137136
396.0 72.91408
397.0 78.904864
398.0 75.086304
399.001 77.84257342657342
400.0 84.4593073073073
401.0 86.65046400000001
402.0 89.643488
403.0 81.51728
404.0 58.86880000000001
405.0 64.41283200000001
406.0 61.618528
407.001 64.65489710289711
408.0 79.05028228228228
409.001 53.442461538461544
410.0 54.42008408408408
411.0 29.219040000000003
412.0 32.02848
413.0 52.211168
414.0 68.15286400000001
415.0 50.05552
416.001 60.96569030969031
417.0 62.07529129129129
418.0 99.39216
419.0 85.196128
420.0 81.986976
421.0 81.20352000000001
422.001 78.9031128871129
423.001 77.87168
424.0 77.94921321321321
425.0 71.4664
426.0 82.243136
427.006 89.53886282306163
428.0 103.03330382293763
429.0 88.9712
430.0 90.510752
431.0 86.79696000000001
432.0 83.776928
433.001 69.96251748251748
434.0 66.40957757757758
435.0 45.734944000000006
436.0 78.89056
437.0 63.032064
438.001 43.465430569430566
439.0 43.35644444444445
440.0 35.393504
441.001 42.31915284715284
442.0 63.61657657657658
443.0 46.48464
444.0 36.32569600000001
445.0 53.941568000000004
446.001 34.614377622377624
447.0 35.92113713713714
448.0 47.264608
449.0 48.42016
450.001 56.89472127872128
451.0 64.38963763763763
452.0 71.957696
453.0 63.004064
454.0 61.317824
455.001 66.40223776223777
456.0 70.50474474474476
457.0 67.529408
458.0 61.792320000000004
459.0 60.763072
460.0 60.837312
461.0 55.473728
462.0 49.465792
463.001 51.53684715284716
464.0 54.38084484484485
465.0 49.96144
466.0 60.71392
467.001 88.0819020979021
