0.0 5.9822189239332095
1.0 4.25968
2.0 0.0
3.0 3.677344
4.001 47.70944255744256
5.0 62.37088288288289
6.001 55.21381018981019
7.0 57.704424424424424
8.001 62.78511888111888
9.0 62.35092692692693
10.0 58.460064
11.0 60.239424
12.0 62.60112
13.0 47.600576000000004
14.0 68.284288
15.0 63.594912
16.0 62.591584000000005
17.0 64.151104
18.0 52.678816
19.001 54.18642157842158
20.0 58.05357357357357
21.0 59.747712
22.0 46.522176
23.0 68.684544
24.0 60.771776
25.0 61.188416
26.0 59.227392
27.0 56.37708800000001
28.001 54.6418061938062
29.0 56.89936336336336
30.0 55.462112000000005
31.0 59.657088
32.001 59.8345014985015
33.0 60.089433433433435
34.001 53.39169630369631
35.0 70.1182142142142
36.001 61.16708891108891
37.001 59.735040000000005
38.0 59.63044644644645
39.0 59.553824
40.0 58.859072000000005
41.001 56.958049950049954
42.0 51.4232952952953
43.001 50.35777022977023
44.0 59.285013013013014
45.001 57.436227772227774
46.0 54.531139139139135
47.0 56.272800000000004
48.0 58.630720000000004
49.0 56.443456
50.0 53.197472000000005
51.0 56.531008
52.0 55.79648
53.0 61.338048
54.0 62.407008000000005
55.001 40.599464535464534
56.0 28.20868868868869
57.0 56.03328
58.001 65.15954445554446
59.001 63.602688
60.0 44.740292292292295
61.0 31.260672
62.0 8.290304
63.001 53.7513046953047
64.001 66.633728
65.0 44.166278278278284
66.0 30.867456
67.0 60.981248
68.0 65.339392
69.001 66.79630769230769
70.0 47.31515515515515
71.0 34.996224000000005
72.001 47.08967832167832
73.001 64.50380799999999
74.0 57.4802002002002
75.001 27.66897102897103
76.0 26.73829029029029
77.0 25.30112
78.0 24.376608
79.0 27.693312000000002
80.0 23.887648000000002
81.0 29.849024000000004
82.001 27.586717282717284
83.0 10.05161961961962
84.0 36.014815999999996
85.001 28.325498501498505
86.0 53.2685005005005
87.0 61.947904
88.0 64.63488
89.0 65.650688
90.0 45.694976000000004
91.001 25.107948051948053
92.001 45.940736
93.001 61.374464
94.0 63.99436236236237
95.001 48.57913286713287
96.0 25.617425425425427
97.0 56.967168
98.0 62.767104
99.001 60.494769230769236
100.001 46.727168
101.0 30.40634234234234
102.0 54.001664
103.0 61.669376
104.0 66.97779200000001
105.0 42.795008
106.0 25.378816
107.0 51.265536000000004
108.0 58.474496
109.0 58.392576000000005
110.0 44.138496
111.0 27.52512
112.0 36.503552000000006
113.0 54.657024
114.001 58.82527072927073
115.001 47.5136
116.0 33.768424424424424
117.0 54.575104
118.0 58.753023999999996
119.0 35.930112
120.001 51.230689310689314
121.0 24.288992992992995
122.004 30.10804780876494
123.0 55.15617670682731
124.0 48.10883200000001
125.0 26.998240000000003
126.0 27.262976
127.0 28.128128
128.0 26.760352
129.001 25.064055944055944
130.0 25.92566966966967
131.0 6.586368
132.0 26.803904
133.0 40.993824000000004
134.001 40.12768031968032
135.0 37.40034434434435
136.0 33.161216
137.0 48.30912000000001
138.0 47.833216
139.0 57.054944000000006
140.0 51.506016
141.0 29.032448000000002
142.001 48.039000999001004
143.0 56.72898498498498
144.0 58.359808
145.0 54.902784000000004
146.0 24.461312000000003
147.0 49.381375999999996
148.0 59.539456
149.0 60.70272
150.001 58.33424175824175
151.0 33.88322722722722
152.001 32.964411588411586
153.0 60.91108708708709
154.0 67.9936
155.0 61.538304
156.0 29.655040000000003
157.0 39.665664
158.0 60.719104
159.001 65.40505894105894
160.001 59.277312
161.001 28.737536000000002
162.0 42.32943343343344
163.001 61.5914005994006
164.0 62.255919919919926
165.001 58.92347652347652
166.001 23.953408
167.001 44.630016000000005
168.0 58.97583983983984
169.0 66.84672
170.0 58.523648
171.0 34.373632
172.0 32.096256000000004
173.001 57.908683316683316
174.001 53.688736
175.0 58.246054054054056
176.0 35.258368000000004
177.0 30.244864000000003
178.0 60.014592
179.001 58.57975624375624
180.0 59.73025825825826
181.0 39.256064
182.001 32.89894105894106
183.0 49.44720720720721
184.0 57.163776
185.0 57.475072000000004
186.0 34.947072
187.0 35.897344
188.0 56.180735999999996
189.0 56.492032
190.0 58.884096
191.001 37.350937062937064
192.0 29.832328328328327
193.001 50.264999000999
194.001 59.457536000000005
195.0 57.69660860860861
196.001 29.952767232767233
197.001 36.896767999999994
198.0 56.97499099099099
199.0 60.22758400000001
200.0 58.753023999999996
201.001 37.580083916083915
202.0 32.685997997998
203.001 60.494769230769236
204.001 59.981824
205.0 59.56625425425426
206.0 38.961152000000006
207.0 30.277632
208.0 58.24512000000001
209.0 60.882944
210.0 58.982400000000005
211.001 37.44914285714285
212.001 6.684672
213.0 27.126262262262262
214.0 56.066048
215.0 58.146816
216.0 41.271296
217.0 31.162368
218.0 57.376768
219.001 56.94299300699301
220.0 61.386698698698694
221.0 26.37296
222.0 30.195712
223.0 40.82
224.001 35.55104095904096
225.0 47.083147147147145
226.0 39.963648
227.001 39.26595004995005
228.001 60.833792
229.0 39.16117717717717
230.0 34.622656000000006
231.001 40.389914085914086
232.0 28.487495495495494
233.0 51.6096
234.0 59.588608
235.001 56.61564035964036
236.001 42.582016
237.0 29.159911911911912
238.0 56.983552
239.0 60.145664
240.0 60.801024
241.0 49.020928
242.0 31.424512
243.0 42.074112
244.0 57.638912
245.0 62.128128
246.001 50.33046953046953
247.001 19.775488000000003
248.0 51.923667667667665
249.001 57.40128671328671
250.001 53.395648
251.0 35.26851651651652
252.0 24.330240000000003
253.0 50.684128
254.0 43.619744
255.0 23.330752
256.001 36.37952447552448
257.001 29.753344000000002
258.0 58.61503103103103
259.0 56.557568
260.0 42.823232000000004
261.0 32.63536
262.001 21.212451548451547
263.001 57.704448
264.0 34.060556556556556
265.0 18.17104
266.0 19.706336
267.0 34.832384
268.0 31.647424
269.0 31.47168
270.001 38.58614985014985
271.0 34.874490490490494
272.0 27.426816
273.0 43.502208
274.001 37.60294105894106
275.0 35.014342342342346
276.0 28.272192
277.001 28.954341658341658
278.0 20.252796796796797
279.0 37.883968
280.0 37.765568
281.0 32.6216
282.001 39.200479520479526
283.001 53.411072000000004
284.0 37.94347947947948
285.0 36.078303999999996
286.0 43.501024
287.0 21.7088
288.001 49.95401398601398
289.0 61.763907907907914
290.0 59.408384
291.0 51.77344
292.0 28.606464
293.0 40.861696
294.0 58.90048
295.0 55.771136
296.0 54.919168
297.0 26.198016
298.001 37.84196603396603
299.0 61.189893893893895
300.0 59.392
301.0 60.588032
302.001 33.38997002997003
303.0 29.225513513513516
304.0 57.245696
305.0 65.536
306.001 72.5577142857143
307.0 53.153697697697694
308.0 34.127872
309.0 52.576256
310.0 56.721408000000004
311.0 58.064896000000005
312.0 30.80192
313.0 31.834112
314.0 58.720256
315.0 59.441152
316.0 60.030976
317.0 33.538048
318.0 30.081024000000003
319.0 61.751296
320.001 58.203300699300705
321.0 62.66592992992993
322.0 32.3584
323.0 34.340864
324.0 56.066048
325.0 58.458112
326.0 60.768256
327.0 36.438016000000005
328.0 13.287424000000001
329.0 32.980992
330.0 59.932672
331.001 59.57818181818182
332.0 38.04892892892893
333.001 34.895792207792205
334.0 63.30554554554555
335.0 62.17728
336.001 63.63735464535465
337.0 36.24488488488489
338.0 25.919488
339.0 61.276160000000004
340.0 61.60384
341.0 64.946176
342.0 42.45094400000001
343.0 28.966912
344.001 53.391216783216784
345.0 61.3374974974975
346.0 41.20832
347.001 25.181922077922078
348.001 25.96864
349.001 38.366304
350.0 21.063335335335335
351.0 30.692928000000002
352.0 35.388896
353.001 41.14822777222777
354.001 65.306624
355.0 42.18878078078078
356.0 30.999808
357.001 17.55601198801199
358.001 17.44208
359.0 31.099803803803805
360.0 35.139872000000004
361.0 31.500064
362.0 29.801152
363.0 38.494752
364.0 37.244416
