0.0 0.0
0.999 19.392864864864862
1.999 48.473856
2.999 45.535072
3.999 45.772992
5.0 43.88069530469531
5.999 50.3212012012012
7.0 50.44018381618382
8.0 25.657344000000002
8.999 62.436324324324325
9.999 60.70272
10.999 58.81856
11.999 50.115232000000006
12.999 17.760256000000002
13.999 58.884096
14.999 59.834368000000005
15.999 53.345375999999995
16.999 31.97344
17.999 22.872063999999998
19.0 61.46045954045954
19.999 40.58948548548549
21.0 43.66721278721279
21.999 41.56742342342343
22.999 36.579328000000004
24.0 21.98173026973027
24.999 58.29724124124124
26.0 46.81401798201799
26.999 54.82109309309309
28.002 20.435078763708873
28.999 63.7776369107322
29.999 44.270720000000004
30.999 46.480256000000004
31.999 53.979487999999996
32.999 28.01664
33.999 48.807936000000005
34.999 61.489152000000004
35.999 58.654720000000005
36.999 58.327040000000004
37.999 26.411008000000002
38.999 48.054272
39.999 61.063168
40.999 59.490303999999995
41.999 57.360383999999996
42.999 4.718592
43.999 24.379392
44.999 46.432256
45.999 61.390848
46.999 66.33881600000001
48.001 30.740439121756488
48.999 47.510316633266534
49.999 58.703872000000004
50.999 87.098528
51.999 64.56073599999999
53.0 56.826245754245754
54.0 47.654496
54.999 46.89258858858859
55.999 48.845344
56.999 52.9664
57.999 47.313344
58.999 52.628
59.999 40.061728
61.0 45.64616183816184
61.999 43.988788788788796
62.999 46.435904
64.0 48.12400399600399
64.999 46.2449009009009
65.999 41.635168
66.999 49.46848000000001
68.0 46.86385614385615
68.999 57.21167567567567
69.999 54.177952
70.999 47.529984
72.0 51.81992407592408
72.999 33.096008008008006
73.999 11.927552
74.999 38.567936
75.999 59.113472
76.999 59.719680000000004
77.999 43.450368000000005
78.999 31.080448
79.999 63.963136
80.999 88.58774400000001
82.0 52.681302697302705
82.999 57.379299299299305
83.999 52.450272
85.0 48.068475524475524
85.999 54.711735735735736
87.0 63.113590409590415
87.999 45.34710710710711
88.999 34.144256
90.0 34.86305694305695
90.999 60.96028828828829
91.999 61.587456
93.0 47.171516483516484
93.999 33.620820820820825
94.999 46.03904
95.999 62.881792000000004
96.999 61.571072
98.0 30.442421578421577
98.999 21.64852852852853
99.999 21.659648
100.999 58.916864000000004
101.999 56.793696000000004
102.999 33.332415999999995
104.001 33.30548502994012
104.999 59.64235671342686
106.0 64.5212067932068
106.999 66.70042842842842
107.999 64.290816
108.999 28.377088
109.999 34.619392
111.0 51.38912287712288
112.0 19.387424
113.0 26.575648
114.0 25.692256
114.999 18.51742942942943
115.999 8.560255999999999
117.0 21.08544255744256
117.999 16.92104904904905
118.999 12.805792
120.0 24.132027972027974
120.999 31.298914914914917
121.999 40.98464
122.999 36.5048
123.999 16.574176
124.999 37.6832
125.999 61.210624
127.0 56.84478721278721
127.999 38.80869669669669
129.0 26.0120999000999
129.999 39.817001001001
130.999 45.184416
131.999 44.756608
132.999 32.715104
133.999 22.477984
135.0 57.057566433566436
135.999 55.22014814814815
136.999 56.983552
137.999 57.573375999999996
138.999 28.377088
139.999 39.436288000000005
140.999 61.833216
142.0 60.75665134865135
142.999 34.563715715715716
143.999 18.91248
145.0 30.44987012987013
145.999 36.802562562562564
146.999 41.18064
147.999 42.438911999999995
148.999 33.448832
150.0 26.127792207792208
150.999 30.85693693693694
152.0 27.25086113886114
153.0 43.896896
154.0 28.892224
154.999 42.065553553553556
156.0 41.37584015984016
156.999 30.22340740740741
157.999 36.667392
159.0 15.178133866133868
159.999 55.66295895895896
160.999 35.222368
161.999 33.830048000000005
162.999 34.604800000000004
163.999 21.214527999999998
164.999 33.723104
165.999 29.370016
167.0 25.758785214785213
167.999 25.73479079079079
168.999 21.33952
169.999 34.252512
170.999 13.339296000000001
172.0 10.126833166833167
173.0 0.0
174.0 0.075488
174.999 26.997781781781782
175.999 9.554624
177.001 7.619832335329342
177.999 15.722164328657314
178.999 10.913408
179.999 12.433952
181.0 11.268795204795204
181.999 9.477829829829831
183.0 7.886001998001998
184.0 9.770304
185.002 12.763688622754492
185.999 11.79053961885657
186.999 12.282976000000001
187.999 13.58784
188.999 16.380896
189.999 20.16608
190.999 20.823904
192.0 12.868827172827173
192.999 20.277813813813815
193.999 14.27792
195.0 11.26579020979021
195.999 21.787003003003004
196.999 14.202528000000001
197.999 13.529568
199.0 12.857222777222779
199.999 15.732788788788788
200.999 14.50448
201.999 18.559264
202.999 18.208992
204.0 19.38749250749251
204.999 15.511671671671671
206.0 13.357970029970032
206.999 13.590646646646647
208.0 18.206753246753248
208.999 16.87770970970971
210.0 20.1685994005994
210.999 24.411675675675678
212.0 24.095776223776227
212.999 18.851235235235237
213.999 15.111584
214.999 9.637696
215.999 23.586688
217.0 9.521454545454546
217.999 0.0
219.0 25.81018981018981
219.999 17.895463463463464
220.999 15.177856
221.999 15.183872
222.999 16.76912
223.999 16.564224
224.999 13.070208000000001
225.999 10.072256
226.999 8.84288
227.999 14.159392
228.999 17.993536
229.999 18.479616000000004
231.0 19.240151848151847
231.999 16.407255255255254
232.999 17.437728
233.999 20.900288
234.999 1.239264
236.0 18.379124875124877
236.999 1.32775975975976
237.999 0.0
238.999 32.373696
239.999 15.259232
241.0 19.833510489510488
241.999 16.896384384384387
242.999 16.491392
243.999 15.401248
244.999 23.264576
245.999 21.373888
246.999 19.324928
247.999 10.654592000000001
249.0 22.624415584415583
249.999 14.103831831831833
250.999 16.692352
251.999 14.180959999999999
252.999 15.31328
253.999 19.3032
254.999 22.225984
256.0 18.38471928071928
256.999 22.436772772772773
258.0 15.211796203796204
258.999 18.83691691691692
259.999 10.881056000000001
260.999 20.317056
261.999 11.26928
262.999 8.454656000000002
263.999 21.365184000000003
264.999 18.071904
265.999 0.0
267.0 29.120031968031967
267.999 4.836068068068068
268.999 32.449056
269.999 22.126912
270.999 24.945248
271.999 21.524864
273.0 25.532547452547455
273.999 24.916884884884887
274.999 21.98608
275.999 18.397504
276.999 16.062976000000003
277.999 23.450560000000003
278.999 18.482816
279.999 16.402464000000002
280.999 9.716384
281.999 19.659232
282.999 16.731583999999998
283.999 21.23888
284.999 14.202528000000001
285.999 18.343584
286.999 14.040768
287.999 18.66192
288.999 17.48976
289.999 18.318304
290.999 15.232608
291.999 11.587200000000001
293.0 0.0
293.999 0.0
294.999 33.984128
296.0 14.626301698301699
296.999 14.81045845845846
297.999 18.030848000000002
298.999 3.095008
299.999 0.933888
301.0 38.31391008991009
302.026 14.462752436647174
303.01 13.29369105691057
304.0 10.784
304.999 8.441529529529529
305.999 10.201664000000001
306.999 10.104608
307.999 11.134688
309.0 14.786045954045955
309.999 14.47581981981982
310.999 10.633023999999999
311.999 9.134048000000002
312.999 15.173088
313.999 13.954495999999999
314.999 15.85248
315.999 12.099648
316.999 10.444512000000001
317.999 8.29808
318.999 9.932064
319.999 9.597760000000001
320.999 11.021248
321.999 7.430176
322.999 5.187104000000001
323.999 4.270464
324.999 4.475359999999999
325.999 3.3430400000000002
326.999 5.06848
327.999 5.747872
328.999 4.076352
330.0 2.628667332667333
330.999 1.7487567567567568
332.0 0.0
332.999 0.0
333.999 0.0
334.999 0.0
336.0 19.87701898101898
336.999 3.9828628628628633
337.999 7.6674240000000005
338.999 2.782272
339.999 0.0
340.999 0.0
341.999 21.503296
342.999 8.03408
343.999 7.376256000000001
344.999 10.870272000000002
345.999 6.028256000000001
346.999 7.688992000000001
348.0 10.396163836163836
348.999 12.640704704704705
349.999 10.83792
350.999 9.436
351.999 9.252672
352.999 10.255584
353.999 8.67264
354.999 9.207232
355.999 13.339808000000001
356.999 13.070208000000001
357.999 14.224096
358.999 9.932064
359.999 0.0
361.0 2.907844155844156
362.0 30.584352
363.0 12.617280000000001
363.999 12.554346346346348
364.999 10.428128000000001
365.999 11.894752
366.999 12.550336
367.999 10.4088
368.999 14.305183999999999
369.999 15.58288
370.999 12.962368000000001
371.999 15.96032
372.999 12.142784
373.999 18.322016
374.999 14.892704
376.0 18.30371228771229
376.999 15.652452452452453
377.999 19.021824000000002
378.999 34.197216000000004
379.999 26.12656
380.999 24.277856
381.999 19.46512
382.999 24.312736
383.999 27.946944
384.999 24.074047999999998
386.0 12.492371628371627
386.999 9.391471471471473
387.999 7.257632
388.999 0.0
390.0 0.0
390.999 21.9946026026026
391.999 2.722752
392.999 3.569504
394.0 3.878361638361638
394.999 2.1157797797797797
395.999 0.064704
396.999 0.0
397.999 0.0
398.999 0.0
400.0 17.118657342657343
400.999 0.0
401.999 6.520832
402.999 9.568896
403.999 3.580288
404.999 4.5616319999999995
405.999 5.60768
407.0 4.858725274725275
408.0 2.997952
408.999 0.0
409.999 12.822175999999999
410.999 4.895936
412.0 4.546301698301699
413.0 1.2725119999999999
414.0 11.560448000000001
415.0 5.359648
415.999 5.737641641641641
416.999 6.14688
418.0 5.510713286713287
419.0 4.8148480000000005
419.999 5.8075995995996
420.999 2.9440320000000004
421.999 0.0
422.999 10.2448
423.999 4.194976
424.999 3.5479360000000004
425.999 4.09792
426.999 5.424352
427.999 4.356736
429.0 7.455072927072927
429.999 6.07746946946947
430.999 5.370432
431.999 4.7988800000000005
433.0 4.320063936063936
433.999 8.527887887887887
435.0 7.151184815184815
435.999 7.666546546546547
436.999 3.903808
438.0 3.0272767232767235
438.999 2.104984984984985
439.999 5.909631999999999
440.999 9.231104
441.999 6.5243199999999995
442.999 7.9585919999999994
444.0 11.05333066933067
444.999 15.199071071071073
445.999 17.37552
447.0 16.803740259740263
448.0 13.382944
449.0 14.223904000000001
450.0 14.04096
450.999 12.13334934934935
451.999 14.472128000000001
452.999 10.403167999999999
453.999 14.378464000000001
454.999 11.064384
455.999 14.753344
456.999 15.873216000000001
458.0 17.797370629370633
458.999 20.618058058058057
460.0 16.06288111888112
461.0 17.319104
462.0 16.39168
462.999 15.145097097097098
463.999 14.66624
465.0 2.941090909090909
465.999 11.131675675675675
467.0 21.23179220779221
467.999 3.206054054054054
468.999 32.396
469.999 18.23488
471.0 15.968703296703298
471.999 23.561225225225225
472.999 18.921344
474.0 23.84115084915085
474.999 24.672576576576574
475.999 22.709408
476.999 30.050240000000002
477.999 34.66736
478.999 24.360128
480.0 27.52971828171828
480.999 29.53266866866867
481.999 15.687008
482.999 42.099168
484.0 34.93914085914086
485.0 26.548768
486.0 25.45168
487.0 26.711968000000002
487.999 41.26773173173173
488.999 33.376032
489.999 35.556064
490.999 18.811456
491.999 12.255232
492.999 34.177023999999996
494.0 21.54594205794206
494.999 20.98508108108108
495.999 15.636128000000001
496.999 18.399648000000003
497.999 19.745952000000003
498.999 20.142592
499.999 18.214176
500.999 17.97216
501.999 16.968
502.999 15.755424000000001
504.0 14.630041958041959
504.999 19.41464664664665
505.999 17.574208
506.999 18.880896
507.999 14.774496
508.999 15.981472
509.999 15.377984000000001
510.999 14.914272
511.999 13.630976
512.999 13.53392
513.999 13.231968
514.999 20.717952
515.999 20.783744
516.999 25.289632
517.999 14.988928
518.999 12.439551999999999
519.999 11.252896000000002
520.999 11.085951999999999
521.999 10.374208000000001
523.0 8.650901098901098
523.999 10.093133133133133
524.999 6.944896
525.999 6.251616
527.0 6.2838921078921075
527.999 7.022222222222223
528.999 10.897024
529.999 10.093824000000001
530.999 7.229024000000001
532.0 14.195372627372628
532.999 15.911527527527527
533.999 16.370112
534.999 26.873728
535.999 2.2538560000000003
537.0 36.111856143856144
537.999 13.763363363363364
538.999 11.819263999999999
539.999 13.059424000000002
541.0 12.809366633366633
542.0 11.3288
542.999 12.041385385385386
544.0 10.169926073926074
544.999 2.8714154154154152
546.0 30.402045954045953
546.999 17.519951951951953
547.999 19.777856
548.999 20.512832
549.999 18.805632000000003
551.0 20.453594405594405
551.999 20.784752752752752
552.999 15.992672
553.999 15.778336
554.999 27.010304
556.0 18.2142017982018
556.999 16.00868068068068
557.999 15.74464
558.999 16.370112
559.999 13.825088
560.999 11.560448000000001
561.999 10.266368
562.999 12.811392
563.999 10.767616
564.999 8.875232
565.999 11.355552
567.0 11.021010989010989
567.999 8.993953953953955
568.999 9.493216
569.999 8.001728
570.999 8.03408
571.999 8.681120000000002
572.999 7.883104
574.0 8.683220779220779
574.999 9.046038038038038
576.0 8.58626173826174
577.0 8.206624
578.0 9.085728
578.999 8.727383383383383
579.999 7.538016
580.999 8.735040000000001
581.999 8.756608
582.999 7.322336
584.0 3.8891348651348654
