0.0 28.18549712973594
0.999 49.3866026026026
1.999 37.970048000000006
2.999 37.161663999999995
4.0 24.87538061938062
4.999 37.50111711711712
5.999 28.512896
6.999 28.09232
7.999 26.075712
8.999 22.922432
9.999 19.47424
11.0 23.991976023976026
11.999 19.30109309309309
12.999 34.879839999999994
14.0 33.36107092907093
14.999 33.16237837837838
15.999 29.147616000000003
16.999 23.530687999999998
18.0 18.142113886113886
19.0 13.997632
19.999 11.57202002002002
20.999 11.604000000000001
21.999 17.836736000000002
22.999 13.662912
23.999 12.142784
24.999 4.194976
25.999 15.119168
26.999 7.322336
27.999 4.890752000000001
29.0 10.606033966033968
29.999 10.395387387387387
30.999 11.840832
31.999 12.746688
33.0 14.055960039960041
34.0 13.715584000000002
34.999 10.019235235235236
35.999 7.70288
36.999 11.722208
38.0 12.017326673326673
38.999 12.78311911911912
40.0 14.159536463536464
41.0 14.741728
41.999 15.706426426426425
42.999 17.14096
43.999 20.705696
44.999 18.872832
46.0 22.71514085914086
47.0 23.378880000000002
47.999 21.64916916916917
48.999 21.492096
49.999 13.814304
51.0 8.25229170829171
51.999 11.723147147147147
52.999 8.875232
53.999 13.162272000000002
54.999 15.12416
55.999 21.595584
56.999 20.694080000000003
58.0 23.16803196803197
59.0 23.359392
60.0 22.337184
60.999 25.260652652652656
61.999 34.618944000000006
62.999 38.585792000000005
63.999 46.984064
65.0 42.04646553446553
65.999 38.73774574574574
67.0 36.008375624375624
68.0 28.246208
69.0 30.758656
70.0 23.564288
70.999 26.11055855855856
72.0 33.74094705294706
72.999 33.70173373373373
74.0 32.36421178821179
74.999 39.76863263263263
75.999 29.992160000000002
76.999 43.025056
77.999 43.169184
78.999 41.140128
80.0 42.3711008991009
81.0 39.952672
82.0 30.10128
82.999 27.397221221221223
83.999 40.376896
85.0 45.62148251748252
85.999 28.793145145145147
86.999 39.632896
87.999 30.994176
88.999 36.4912
89.999 53.641216
91.0 42.06481518481518
92.0 34.045952
92.999 55.69575975975977
93.999 55.379168
94.999 25.052576000000002
96.0 36.53741458541458
96.999 32.7844004004004
97.999 52.641792
98.999 51.544064
99.999 54.64064
101.0 41.90113886113886
102.0 39.813120000000005
102.999 46.44593393393394
103.999 53.248000000000005
105.0 55.584479520479526
105.999 42.96904904904905
106.999 37.978112
107.999 41.664512
109.0 52.703776223776224
110.0 52.690944
111.0 41.304064
111.999 37.884924924924924
113.0 46.28766433566433
113.999 53.38330330330331
114.999 51.93728
115.999 41.484288
116.999 40.140800000000006
117.999 6.946816
118.999 41.222144
119.999 54.296576
121.0 33.02988211788212
122.0 20.037632000000002
122.999 19.008064064064065
124.0 54.193230769230766
124.999 56.07296896896897
125.999 36.864000000000004
126.999 34.373632
127.999 41.205760000000005
129.001 52.48766467065868
130.0 61.00948948948949
130.999 42.55903903903904
131.999 39.518208
132.999 37.552127999999996
133.999 51.560448
134.999 52.871168
135.999 43.548671999999996
137.0 36.64712887112887
137.999 42.13262862862863
138.999 51.77344
140.0 42.097550449550454
141.0 35.422208
142.0 34.537472
143.0 40.173568
143.999 51.62846046046046
145.0 50.8214985014985
145.999 47.44635835835836
147.0 38.611244755244755
147.999 37.04850450450451
148.999 49.037312
149.999 51.2
151.0 43.537902097902105
151.999 35.81847447447448
152.999 45.088767999999995
153.999 53.41184
155.0 54.53695104895105
156.0 41.746432
156.999 36.8681001001001
158.0 38.4312007992008
158.999 50.611635635635636
159.999 47.242688
161.0 37.65616783216783
161.999 29.91433033033033
162.999 46.333952
164.0 36.076051948051955
165.0 26.541088000000002
166.0 21.783328
166.999 24.63115915915916
167.999 17.527936
169.0 15.912055944055945
169.999 15.382582582582584
170.999 12.196704
171.999 8.152704
172.999 17.950176
174.0 10.72453946053946
175.0 9.684032
175.999 10.481745745745746
176.999 11.873184
177.999 10.056288
178.999 9.689216
179.999 18.634752000000002
180.999 18.819616000000003
181.999 16.16368
182.999 10.62784
183.999 11.118304
185.0 16.274413586413587
186.0 19.167104
187.0 15.598848
187.999 19.052812812812814
188.999 23.609759999999998
189.999 26.127295999999998
191.0 26.135688311688313
191.999 33.05901101101101
192.999 32.52512
193.999 29.565472000000003
194.999 27.194496
195.999 24.450272000000002
196.999 21.554272
197.999 16.81248
198.999 20.020063999999998
199.999 15.194656000000002
200.999 11.776128000000002
201.999 17.297536
202.999 16.7152
203.999 11.387904
205.0 6.991824175824176
206.0 9.522272000000001
206.999 12.640704704704705
208.0 17.5875004995005
208.999 17.72028028028028
210.0 13.239464535464537
211.0 11.226144
211.999 5.505345345345346
212.999 0.0
213.999 0.0
215.0 0.0
215.999 30.511567567567567
216.999 50.069504
217.999 55.574528
218.999 52.609024
220.0 54.73336263736264
220.999 55.334950950950955
221.999 46.563328000000006
222.999 40.435712
223.999 38.305792000000004
224.999 53.837824000000005
225.999 55.476224
226.999 41.582592
227.999 38.207488
228.999 49.070080000000004
229.999 54.755328000000006
230.999 55.345152000000006
231.999 36.143104
232.999 35.471360000000004
233.999 53.231616
234.999 54.771712
235.999 56.639488
236.999 38.22387200000001
238.0 40.91908091908092
238.999 60.53387787787788
240.0 54.34053946053946
240.999 55.94176576576577
241.999 44.105728000000006
242.999 36.880384
243.999 15.876096
244.999 34.439167999999995
245.999 54.411264
246.999 47.202304
247.999 35.536896
248.999 48.08704
249.999 52.920320000000004
250.999 54.72256
251.999 46.36672
252.999 39.583744
254.0 41.115492507492505
254.999 50.92324324324324
256.0 53.53852547452547
257.0 42.565632
257.999 41.001001001001
258.999 39.534591999999996
260.0 53.66946653346653
260.999 55.59735735735736
262.0 51.4271008991009
262.999 43.23145545545546
263.999 34.291712
264.999 38.158336000000006
265.999 50.823167999999995
266.999 55.377919999999996
268.0 55.748155844155846
268.999 52.382878878878884
269.999 46.792704
270.999 43.515904000000006
271.999 37.814271999999995
273.0 50.47777822177822
274.0 50.413568
274.999 44.39588388388388
275.999 39.288832000000006
276.999 41.371328000000005
277.999 30.996128000000002
278.999 52.723712
279.999 52.0192
281.0 47.59707492507493
281.999 45.412708708708706
282.999 45.842432
283.999 36.78208
284.999 49.545216
285.999 46.874624000000004
287.0 49.54482317682318
287.999 49.31600400400401
288.999 36.864000000000004
289.999 45.236224
290.999 53.854208
292.0 54.56968631368631
292.999 34.178434434434436
293.999 34.373632
294.999 54.362112
296.0 52.63830569430569
297.0 56.377344
297.999 38.426138138138136
298.999 33.128448
299.999 49.020928
301.0 57.450389610389614
301.999 55.416952952952954
303.0 32.391544455544455
303.999 35.68727127127128
305.0 54.7660979020979
306.0 53.018624
307.0 55.640064
308.0 34.504704
309.0 31.62112
309.999 55.94176576576577
310.999 52.445184000000005
311.999 57.704448
312.999 38.33856
313.999 32.374784
314.999 54.263808
315.999 54.509568
316.999 57.458688
317.999 35.782656
319.0 14.403516483516484
320.0 18.448383999999997
320.999 48.47958358358358
321.999 58.359808
322.999 38.81369600000001
323.999 40.910848
324.999 61.44
325.999 55.017472000000005
326.999 37.455712
327.999 31.782112
329.0 29.887104895104894
330.0 25.74208
330.999 21.15923923923924
332.0 17.15657142857143
333.0 8.681536
333.999 22.76538938938939
335.0 23.08561838161838
336.0 29.883872
336.999 31.466826826826825
337.999 25.515616
338.999 24.40352
340.0 19.79291108891109
340.999 28.04237837837838
341.999 25.2568
343.0 18.784735264735264
343.999 23.568144144144146
344.999 27.332256
345.999 30.055296
346.999 32.465888
348.0 34.753278721278726
349.0 39.305216
349.999 35.62974174174174
350.999 35.903040000000004
351.999 35.865632
352.999 33.176767999999996
353.999 27.522432000000002
354.999 27.687712
355.999 22.318336
356.999 24.445024
357.999 24.436544
358.999 22.570912
359.999 23.212768
360.999 24.803616
361.999 25.921632000000002
362.999 22.249664000000003
363.999 18.737408
365.0 20.064927072927073
365.999 19.489185185185185
366.999 21.272256000000002
368.0 20.53377022977023
369.002 19.844151696606787
369.999 22.208032096288864
370.999 23.653472
371.999 26.610752
373.0 30.74164235764236
373.999 36.276116116116114
375.0 34.17782217782218
376.0 27.504383999999998
377.0 29.22464
377.999 27.659595595595594
378.999 18.916992
379.999 17.775360000000003
380.999 18.288448
382.0 18.786397602397603
382.999 17.718678678678682
383.999 18.8568
385.0 20.275212787212787
385.999 21.20828028028028
387.0 24.154597402597403
388.0 23.700096000000002
388.999 23.604692692692694
389.999 21.517599999999998
391.0 21.818693306693305
392.0 22.478848000000003
392.999 23.39709309309309
393.999 21.158016
394.999 22.606976
395.999 23.907904
396.999 25.3424
397.999 26.759488
398.999 23.019455999999998
399.999 21.67296
400.999 20.686592
401.999 22.409152
403.0 22.66686913086913
403.999 21.57760960960961
405.0 23.209622377622377
406.0 23.325376000000002
406.999 23.052076076076077
408.0 22.213786213786214
409.0 24.592064
409.999 22.483699699699702
411.0 29.33651948051948
412.0 21.352128
413.0 17.638464
414.0 26.897504
414.999 21.976024024024024
416.0 19.977878121878124
416.999 19.70568968968969
417.999 17.405184000000002
419.0 14.58714085914086
419.999 7.90178978978979
420.999 7.581152
421.999 8.325248
423.0 13.929782217782218
424.0 7.511264000000001
424.999 16.5751991991992
425.999 12.4016
427.0 5.181922077922078
427.999 14.952040040040039
428.999 16.471936000000003
429.999 12.50384
431.0 13.832407592407593
431.999 20.510942942942943
433.0 22.105222777222778
433.999 17.74206206206206
435.0 14.791224775224775
436.0 16.127264
436.999 15.08032832832833
438.0 17.215840159840162
439.0 14.6824
439.999 10.578898898898899
440.999 10.357824
441.999 15.847712
442.999 20.403328000000002
443.999 21.15904
445.0 21.998513486513488
446.0 23.54128
446.999 18.884036036036036
447.999 14.418816000000001
449.0 22.112735264735264
449.999 19.09551151151151
450.999 15.943936
451.999 19.6808
452.999 20.710880000000003
453.999 20.26832
454.999 23.09456
455.999 23.26112
456.999 23.84816
457.999 23.975360000000002
458.999 22.834048
460.0 22.19677922077922
461.0 21.32288
461.999 21.559703703703704
462.999 21.217504
464.0 22.179804195804195
464.999 23.200288288288288
465.999 23.627744
466.999 25.435776
467.999 24.914944
468.999 23.464448
469.999 21.56336
471.0 20.238065934065933
471.999 21.855743743743744
472.999 22.197184
474.0 20.560943056943056
474.999 18.003411411411413
476.0 18.397346653346652
476.999 18.78918918918919
477.999 19.820768
479.0 16.665766233766234
479.999 15.225849849849851
480.999 13.307456
482.0 17.334121878121877
483.0 16.758144
484.0 18.575936000000002
484.999 18.939163163163165
485.999 20.856256000000002
486.999 20.033151999999998
487.999 19.921568
488.999 20.7912
490.0 21.805362637362638
491.0 18.937344000000003
492.0 19.275776
493.0 22.863136
493.999 20.66556156156156
495.0 22.86638161838162
495.999 19.16594994994995
496.999 20.114240000000002
497.999 26.817728
498.999 21.919968
499.999 23.545792000000002
501.0 25.92163036963037
501.999 22.65206006006006
502.999 23.340704000000002
503.999 25.612000000000002
504.999 22.549344
505.999 19.207552
507.0 20.653106893106894
507.999 24.69640840840841
508.999 25.612000000000002
509.999 21.826816
510.999 19.691584
511.999 18.235744
512.999 20.511072000000002
513.999 19.884128
515.0 3.437202797202797
515.999 19.582078078078077
517.0 20.59048151848152
518.0 25.001984
519.0 16.695296
519.999 17.630430430430433
520.999 25.526272000000002
521.999 42.811392
523.0 37.03876923076923
524.0 27.111392000000002
524.999 23.091763763763765
525.999 22.511616000000004
526.999 21.528576
527.999 21.659648
528.999 19.82464
530.0 15.172795204795204
530.999 21.746930930930933
532.0 20.819628371628372
532.999 20.680904904904907
534.0 29.150753246753247
534.999 17.23682082082082
536.001 20.226554890219564
536.999 23.656657314629257
537.999 33.243136
539.001 25.769644710578845
540.001 21.757952000000003
540.999 22.88506613226453
542.0 23.55302297702298
543.0 19.213919999999998
544.0 14.892704
544.999 9.650546546546545
545.999 7.236064000000001
546.999 0.237248
547.999 0.0
548.999 0.0
549.999 0.0
550.999 9.751648
551.999 15.407424
552.999 11.787744
553.999 15.571264
554.999 12.29376
555.999 12.336896000000001
556.999 11.177824000000001
557.999 10.228416
558.999 10.369024
559.999 8.470624
560.999 15.065248
561.999 18.095552
562.999 21.78368
563.999 9.198752
564.999 23.839072
565.999 16.9568
566.999 13.781952
567.999 17.551168
568.999 24.128512
569.999 29.522304000000002
571.0 29.598817182817186
571.999 22.453173173173173
572.999 23.721568
573.999 32.869344
574.999 24.361439999999998
576.0 29.64628971028971
577.0 26.560576
577.999 30.135991991991993
578.999 31.005664000000003
580.0 30.94428771228771
